================ SETTINGS ================
               files:	['./Data/Ragni/Class0/cv0_train_122.pl']
             verbose:	3
                   l:	3
                   p:	0.8
           beam_size:	100
                seed:	None
                 log:	./Logs/Ragni/Class0/cv0_rno122.log
              target:	rno122/2
   symmetry_breaking:	False
           probfoil1:	False
================= FINAL THEORY =================
rno122(A,B) :- all122(C,A), all122(B,C)
==================== SCORES ====================
            Accuracy:	 0.954545454545
           Precision:	 0.5
              Recall:	 0.2
================== STATISTICS ==================
    Rule evaluations:	828
          Total time:	19.3797s
