================ SETTINGS ================
               files:	['./Data/Ragni/Class0/cv0_train_78.pl']
             verbose:	3
                   l:	3
                   p:	0.8
           beam_size:	100
                seed:	None
                 log:	./Logs/Ragni/Class0/cv0_rsomenot78.log
              target:	rsomenot78/2
   symmetry_breaking:	False
           probfoil1:	False
================= FINAL THEORY =================
rsomenot78(A,B) :- somenot78(B,C), all78(A,C)
rsomenot78(A,B) :- somenot78(C,A), no78(C,B)
==================== SCORES ====================
            Accuracy:	 0.889830508475
           Precision:	 1.0
              Recall:	 0.235294117647
================== STATISTICS ==================
    Rule evaluations:	3206
          Total time:	88.9591s
