================ SETTINGS ================
               files:	['./Data/Ragni/Class0/cv0_train_14.pl']
             verbose:	3
                   l:	3
                   p:	0.8
           beam_size:	100
                seed:	None
                 log:	./Logs/Ragni/Class0/cv0_rnvc14.log
              target:	rnvc14/2
   symmetry_breaking:	False
           probfoil1:	False
================= FINAL THEORY =================
rnvc14(A,B) :- no14(C,A), some14(C,B)
rnvc14(A,B) :- no14(C,A), some14(B,C)
rnvc14(A,B) :- no14(A,C), some14(B,C)
rnvc14(A,B) :- no14(B,C), all14(A,C)
rnvc14(A,B) :- no14(C,A), no14(C,B)
rnvc14(A,B) :- no14(A,C), no14(B,C)
rnvc14(A,B) :- somenot14(B,C), all14(C,A)
rnvc14(A,B) :- no14(C,A), somenot14(C,B)
rnvc14(A,B) :- no14(A,C), somenot14(B,C)
rnvc14(A,B) :- no14(B,C), somenot14(C,A)
rnvc14(A,B) :- no14(C,B), somenot14(A,C)
==================== SCORES ====================
            Accuracy:	 1.0
           Precision:	 1.0
              Recall:	 1.0
================== STATISTICS ==================
    Rule evaluations:	6976
          Total time:	156.8985s
