================ SETTINGS ================
               files:	['./Data/Ragni/Class0/cv0_train_54.pl']
             verbose:	3
                   l:	3
                   p:	0.8
           beam_size:	100
                seed:	None
                 log:	./Logs/Ragni/Class0/cv0_rnvc54.log
              target:	rnvc54/2
   symmetry_breaking:	False
           probfoil1:	False
================= FINAL THEORY =================
rnvc54(A,B) :- some54(C,B), some54(C,A)
rnvc54(A,B) :- somenot54(B,C), no54(A,C)
rnvc54(A,B) :- no54(C,A), no54(C,B)
==================== SCORES ====================
            Accuracy:	 1.0
           Precision:	 1.0
              Recall:	 1.0
================== STATISTICS ==================
    Rule evaluations:	980
          Total time:	19.1129s
