================ SETTINGS ================
               files:	['./Data/Ragni/Class0/cv0_train_46.pl']
             verbose:	3
                   l:	3
                   p:	0.8
           beam_size:	100
                seed:	None
                 log:	./Logs/Ragni/Class0/cv0_rno46.log
              target:	rno46/2
   symmetry_breaking:	False
           probfoil1:	False
================= FINAL THEORY =================
rno46(A,B) :- no46(A,C), all46(C,B)
==================== SCORES ====================
            Accuracy:	 0.945454545455
           Precision:	 0.5
              Recall:	 0.166666666667
================== STATISTICS ==================
    Rule evaluations:	1278
          Total time:	34.7999s
