================ SETTINGS ================
               files:	['./Data/Ragni/Class0/cv0_train_91.pl']
             verbose:	3
                   l:	3
                   p:	0.8
           beam_size:	100
                seed:	None
                 log:	./Logs/Ragni/Class0/cv0_rall91.log
              target:	rall91/2
   symmetry_breaking:	False
           probfoil1:	False
================= FINAL THEORY =================
rall91(A,B) :- all91(A,C), all91(C,B)
==================== SCORES ====================
            Accuracy:	 0.956140350877
           Precision:	 0.5
              Recall:	 0.2
================== STATISTICS ==================
    Rule evaluations:	900
          Total time:	17.3675s
