================ SETTINGS ================
               files:	['./Data/Ragni/Class0/cv0_train_79.pl']
             verbose:	3
                   l:	3
                   p:	0.8
           beam_size:	100
                seed:	None
                 log:	./Logs/Ragni/Class0/cv0_rall79.log
              target:	rall79/2
   symmetry_breaking:	False
           probfoil1:	False
================= FINAL THEORY =================
rall79(A,B) :- all79(C,B), all79(A,C)
==================== SCORES ====================
            Accuracy:	 0.942307692308
           Precision:	 1.0
              Recall:	 0.142857142857
================== STATISTICS ==================
    Rule evaluations:	1124
          Total time:	30.1177s
