================ SETTINGS ================
               files:	['./Data/Ragni/Class0/cv0_train_115.pl']
             verbose:	3
                   l:	3
                   p:	0.8
           beam_size:	100
                seed:	None
                 log:	./Logs/Ragni/Class0/cv0_rnvc115.log
              target:	rnvc115/2
   symmetry_breaking:	False
           probfoil1:	False
================= FINAL THEORY =================
rnvc115(A,B) :- some115(C,B), some115(C,A)
rnvc115(A,B) :- some115(B,C), some115(C,A)
rnvc115(A,B) :- some115(C,B), somenot115(A,C)
rnvc115(A,B) :- somenot115(B,C), all115(C,A)
rnvc115(A,B) :- some115(B,C), somenot115(A,C)
rnvc115(A,B) :- somenot115(C,A), some115(C,B)
rnvc115(A,B) :- some115(A,C), somenot115(C,B)
rnvc115(A,B) :- no115(C,B), no115(C,A)
rnvc115(A,B) :- somenot115(B,C), some115(A,C)
rnvc115(A,B) :- some115(B,C), somenot115(C,A)
rnvc115(A,B) :- some115(C,A), somenot115(C,B)
rnvc115(A,B) :- no115(A,C), no115(B,C)
rnvc115(A,B) :- no115(C,B), somenot115(A,C)
==================== SCORES ====================
            Accuracy:	 1.0
           Precision:	 1.0
              Recall:	 1.0
================== STATISTICS ==================
    Rule evaluations:	9906
          Total time:	122.7020s
