================ SETTINGS ================
               files:	['./Data/Ragni/Class0/cv0_train_120.pl']
             verbose:	3
                   l:	3
                   p:	0.8
           beam_size:	100
                seed:	None
                 log:	./Logs/Ragni/Class0/cv0_rall120.log
              target:	rall120/2
   symmetry_breaking:	False
           probfoil1:	False
================= FINAL THEORY =================
rall120(A,B) :- all120(C,A), all120(C,B)
==================== SCORES ====================
            Accuracy:	 0.922413793103
           Precision:	 0.5
              Recall:	 0.111111111111
================== STATISTICS ==================
    Rule evaluations:	1680
          Total time:	27.4648s
