================ SETTINGS ================
               files:	['./Data/Ragni/Class0/cv0_train_102.pl']
             verbose:	3
                   l:	3
                   p:	0.8
           beam_size:	100
                seed:	None
                 log:	./Logs/Ragni/Class0/cv0_rall102.log
              target:	rall102/2
   symmetry_breaking:	False
           probfoil1:	False
================= FINAL THEORY =================
rall102(A,B) :- all102(C,B), no102(A,C)
==================== SCORES ====================
            Accuracy:	 0.973684210526
           Precision:	 1.0
              Recall:	 0.25
================== STATISTICS ==================
    Rule evaluations:	828
          Total time:	16.2315s
