================ SETTINGS ================
               files:	['./Data/Ragni/Class0/cv0_train_103.pl']
             verbose:	3
                   l:	3
                   p:	0.8
           beam_size:	100
                seed:	None
                 log:	./Logs/Ragni/Class0/cv0_rno103.log
              target:	rno103/2
   symmetry_breaking:	False
           probfoil1:	False
================= FINAL THEORY =================
rno103(A,B) :- some103(C,B), no103(C,A)
==================== SCORES ====================
            Accuracy:	 0.907407407407
           Precision:	 1.0
              Recall:	 0.0909090909091
================== STATISTICS ==================
    Rule evaluations:	1934
          Total time:	27.7573s
