================ SETTINGS ================
               files:	['./Data/Ragni/Class0/cv0_train_97.pl']
             verbose:	3
                   l:	3
                   p:	0.8
           beam_size:	100
                seed:	None
                 log:	./Logs/Ragni/Class0/cv0_rall97.log
              target:	rall97/2
   symmetry_breaking:	False
           probfoil1:	False
================= FINAL THEORY =================
rall97(A,B) :- all97(A,C), no97(B,C)
==================== SCORES ====================
            Accuracy:	 0.925925925926
           Precision:	 1.0
              Recall:	 0.111111111111
================== STATISTICS ==================
    Rule evaluations:	1356
          Total time:	21.2298s
