================ SETTINGS ================
               files:	['./Data/Ragni/Class0/cv0_train_135.pl']
             verbose:	3
                   l:	3
                   p:	0.8
           beam_size:	100
                seed:	None
                 log:	./Logs/Ragni/Class0/cv0_rsomenot135.log
              target:	rsomenot135/2
   symmetry_breaking:	False
           probfoil1:	False
================= FINAL THEORY =================
rsomenot135(A,B) :- fail
==================== SCORES ====================
            Accuracy:	 0.87037037037
           Precision:	 0.0
              Recall:	 0.0
================== STATISTICS ==================
    Rule evaluations:	924
          Total time:	21.5131s
