================ SETTINGS ================
               files:	['./Data/Ragni/Class0/cv0_train_42.pl']
             verbose:	3
                   l:	3
                   p:	0.8
           beam_size:	100
                seed:	None
                 log:	./Logs/Ragni/Class0/cv0_rnvc42.log
              target:	rnvc42/2
   symmetry_breaking:	False
           probfoil1:	False
================= FINAL THEORY =================
rnvc42(A,B) :- somenot42(A,C), \+all42(C,B)
rnvc42(A,B) :- some42(C,A), no42(C,B)
rnvc42(A,B) :- somenot42(C,B), some42(C,A)
rnvc42(A,B) :- all42(A,C), all42(B,C)
rnvc42(A,B) :- some42(A,C), some42(C,B)
rnvc42(A,B) :- somenot42(C,B), no42(A,C)
rnvc42(A,B) :- all42(A,C), some42(B,C)
rnvc42(A,B) :- some42(A,C), some42(B,C)
rnvc42(A,B) :- somenot42(B,C), all42(A,C)
rnvc42(A,B) :- some42(C,A), no42(B,C)
rnvc42(A,B) :- somenot42(C,B), somenot42(C,A)
rnvc42(A,B) :- some42(A,C), somenot42(B,C)
==================== SCORES ====================
            Accuracy:	 0.967741935484
           Precision:	 0.888888888889
              Recall:	 1.0
================== STATISTICS ==================
    Rule evaluations:	7754
          Total time:	173.5980s
