================ SETTINGS ================
               files:	['./Data/Ragni/Class0/cv0_train_133.pl']
             verbose:	3
                   l:	3
                   p:	0.8
           beam_size:	100
                seed:	None
                 log:	./Logs/Ragni/Class0/cv0_rsome133.log
              target:	rsome133/2
   symmetry_breaking:	False
           probfoil1:	False
================= FINAL THEORY =================
rsome133(A,B) :- somenot133(C,A), all133(C,B)
==================== SCORES ====================
            Accuracy:	 0.905172413793
           Precision:	 0.5
              Recall:	 0.0909090909091
================== STATISTICS ==================
    Rule evaluations:	1680
          Total time:	40.9467s
