================ SETTINGS ================
               files:	['./Data/Ragni/Class0/cv0_train_106.pl']
             verbose:	3
                   l:	3
                   p:	0.8
           beam_size:	100
                seed:	None
                 log:	./Logs/Ragni/Class0/cv0_rall106.log
              target:	rall106/2
   symmetry_breaking:	False
           probfoil1:	False
================= FINAL THEORY =================
rall106(A,B) :- no106(B,C), all106(A,C)
rall106(A,B) :- all106(C,A), no106(B,C)
==================== SCORES ====================
            Accuracy:	 0.974137931034
           Precision:	 1.0
              Recall:	 0.4
================== STATISTICS ==================
    Rule evaluations:	1278
          Total time:	25.8711s
