================ SETTINGS ================
               files:	['./Data/Ragni/Class0/cv0_train_114.pl']
             verbose:	3
                   l:	3
                   p:	0.8
           beam_size:	100
                seed:	None
                 log:	./Logs/Ragni/Class0/cv0_rall114.log
              target:	rall114/2
   symmetry_breaking:	False
           probfoil1:	False
================= FINAL THEORY =================
rall114(A,B) :- all114(A,C), all114(C,B)
==================== SCORES ====================
            Accuracy:	 0.982142857143
           Precision:	 1.0
              Recall:	 0.333333333333
================== STATISTICS ==================
    Rule evaluations:	686
          Total time:	13.4380s
