================ SETTINGS ================
               files:	['./Data/Ragni/Class0/cv0_train_40.pl']
             verbose:	3
                   l:	3
                   p:	0.8
           beam_size:	100
                seed:	None
                 log:	./Logs/Ragni/Class0/cv0_rsomenot40.log
              target:	rsomenot40/2
   symmetry_breaking:	False
           probfoil1:	False
================= FINAL THEORY =================
rsomenot40(A,B) :- some40(A,C), no40(B,C)
rsomenot40(A,B) :- all40(B,C), somenot40(A,C)
==================== SCORES ====================
            Accuracy:	 0.881818181818
           Precision:	 1.0
              Recall:	 0.1875
================== STATISTICS ==================
    Rule evaluations:	3294
          Total time:	80.0253s
