================ SETTINGS ================
               files:	['./Data/Ragni/Class0/cv0_train_10.pl']
             verbose:	3
                   l:	3
                   p:	0.8
           beam_size:	100
                seed:	None
                 log:	./Logs/Ragni/Class0/cv0_rsome10.log
              target:	rsome10/2
   symmetry_breaking:	False
           probfoil1:	False
================= FINAL THEORY =================
rsome10(A,B) :- some10(B,C), all10(C,A)
==================== SCORES ====================
            Accuracy:	 0.901785714286
           Precision:	 1.0
              Recall:	 0.0833333333333
================== STATISTICS ==================
    Rule evaluations:	1848
          Total time:	48.4534s
