================ SETTINGS ================
               files:	['./Data/Ragni/Class0/cv0_train_59.pl']
             verbose:	3
                   l:	3
                   p:	0.8
           beam_size:	100
                seed:	None
                 log:	./Logs/Ragni/Class0/cv0_rall59.log
              target:	rall59/2
   symmetry_breaking:	False
           probfoil1:	False
================= FINAL THEORY =================
rall59(A,B) :- some59(B,C), no59(A,C)
==================== SCORES ====================
            Accuracy:	 0.813559322034
           Precision:	 1.0
              Recall:	 0.0434782608696
================== STATISTICS ==================
    Rule evaluations:	2560
          Total time:	64.1561s
