================ SETTINGS ================
               files:	['./Data/Ragni/Class0/cv0_train_66.pl']
             verbose:	3
                   l:	3
                   p:	0.8
           beam_size:	100
                seed:	None
                 log:	./Logs/Ragni/Class0/cv0_rnvc66.log
              target:	rnvc66/2
   symmetry_breaking:	False
           probfoil1:	False
================= FINAL THEORY =================
rnvc66(A,B) :- no66(C,A), \+some66(B,C)
rnvc66(A,B) :- somenot66(C,B), \+all66(C,A)
==================== SCORES ====================
            Accuracy:	 0.603448275862
           Precision:	 1.0
              Recall:	 0.342857142857
================== STATISTICS ==================
    Rule evaluations:	3566
          Total time:	42.3511s
