================ SETTINGS ================
               files:	['./Data/Ragni/Class0/cv0_train_84.pl']
             verbose:	3
                   l:	3
                   p:	0.8
           beam_size:	100
                seed:	None
                 log:	./Logs/Ragni/Class0/cv0_rno84.log
              target:	rno84/2
   symmetry_breaking:	False
           probfoil1:	False
================= FINAL THEORY =================
rno84(A,B) :- somenot84(B,C), all84(C,A)
==================== SCORES ====================
            Accuracy:	 0.991228070175
           Precision:	 0.5
              Recall:	 1.0
================== STATISTICS ==================
    Rule evaluations:	222
          Total time:	7.5840s
