================ SETTINGS ================
               files:	['./Data/Ragni/Class0/cv0_train_72.pl']
             verbose:	3
                   l:	3
                   p:	0.8
           beam_size:	100
                seed:	None
                 log:	./Logs/Ragni/Class0/cv0_rno72.log
              target:	rno72/2
   symmetry_breaking:	False
           probfoil1:	False
================= FINAL THEORY =================
rno72(A,B) :- no72(C,B), some72(C,A)
rno72(A,B) :- no72(A,C), all72(B,C)
rno72(A,B) :- no72(A,C), some72(C,B)
==================== SCORES ====================
            Accuracy:	 0.922413793103
           Precision:	 1.0
              Recall:	 0.307692307692
================== STATISTICS ==================
    Rule evaluations:	3444
          Total time:	99.1083s
