================ SETTINGS ================
               files:	['./Data/Ragni/Class0/cv0_train_130.pl']
             verbose:	3
                   l:	3
                   p:	0.8
           beam_size:	100
                seed:	None
                 log:	./Logs/Ragni/Class0/cv0_rsome130.log
              target:	rsome130/2
   symmetry_breaking:	False
           probfoil1:	False
================= FINAL THEORY =================
rsome130(A,B) :- somenot130(B,C), all130(A,C)
==================== SCORES ====================
            Accuracy:	 0.931034482759
           Precision:	 1.0
              Recall:	 0.111111111111
================== STATISTICS ==================
    Rule evaluations:	1680
          Total time:	44.4906s
