================ SETTINGS ================
               files:	['./Data/Ragni/Class0/cv0_train_26.pl']
             verbose:	3
                   l:	3
                   p:	0.8
           beam_size:	100
                seed:	None
                 log:	./Logs/Ragni/Class0/cv0_rnvc26.log
              target:	rnvc26/2
   symmetry_breaking:	False
           probfoil1:	False
================= FINAL THEORY =================
rnvc26(A,B) :- somenot26(C,A), \+all26(C,B)
rnvc26(A,B) :- somenot26(C,B), \+all26(C,A)
rnvc26(A,B) :- no26(B,C), \+all26(A,C)
rnvc26(A,B) :- some26(A,C), \+no26(C,B)
rnvc26(A,B) :- somenot26(A,C), \+no26(C,B)
==================== SCORES ====================
            Accuracy:	 0.78431372549
           Precision:	 1.0
              Recall:	 0.685714285714
================== STATISTICS ==================
    Rule evaluations:	5818
          Total time:	68.0871s
