================ SETTINGS ================
               files:	['./Data/Ragni/Class0/cv0_train_129.pl']
             verbose:	3
                   l:	3
                   p:	0.8
           beam_size:	100
                seed:	None
                 log:	./Logs/Ragni/Class0/cv0_rnvc129.log
              target:	rnvc129/2
   symmetry_breaking:	False
           probfoil1:	False
================= FINAL THEORY =================
rnvc129(A,B) :- some129(C,B)
rnvc129(A,B) :- some129(B,C), \+some129(C,A)
rnvc129(A,B) :- no129(B,C), \+all129(A,C)
==================== SCORES ====================
            Accuracy:	 0.836363636364
           Precision:	 0.9
              Recall:	 0.72
================== STATISTICS ==================
    Rule evaluations:	2887
          Total time:	33.5930s
