================ SETTINGS ================
               files:	['./Data/Ragni/Class0/cv0_train_125.pl']
             verbose:	3
                   l:	3
                   p:	0.8
           beam_size:	100
                seed:	None
                 log:	./Logs/Ragni/Class0/cv0_rsome125.log
              target:	rsome125/2
   symmetry_breaking:	False
           probfoil1:	False
================= FINAL THEORY =================
rsome125(A,B) :- somenot125(C,A), all125(C,B)
rsome125(A,B) :- some125(B,C), somenot125(A,C)
==================== SCORES ====================
            Accuracy:	 0.845454545455
           Precision:	 1.0
              Recall:	 0.15
================== STATISTICS ==================
    Rule evaluations:	3030
          Total time:	55.6457s
