================ SETTINGS ================
               files:	['./Data/Ragni/Class0/cv0_train_40.pl']
             verbose:	3
                   l:	3
                   p:	0.8
           beam_size:	100
                seed:	None
                 log:	./Logs/Ragni/Class0/cv0_rall40.log
              target:	rall40/2
   symmetry_breaking:	False
           probfoil1:	False
================= FINAL THEORY =================
rall40(A,B) :- no40(B,C), all40(C,A)
==================== SCORES ====================
            Accuracy:	 0.963636363636
           Precision:	 0.5
              Recall:	 0.25
================== STATISTICS ==================
    Rule evaluations:	900
          Total time:	25.2125s
