================ SETTINGS ================
               files:	['./Data/Ragni/Class0/cv0_train_36.pl']
             verbose:	3
                   l:	3
                   p:	0.8
           beam_size:	100
                seed:	None
                 log:	./Logs/Ragni/Class0/cv0_rno36.log
              target:	rno36/2
   symmetry_breaking:	False
           probfoil1:	False
================= FINAL THEORY =================
rno36(A,B) :- all36(C,A), no36(B,C)
==================== SCORES ====================
            Accuracy:	 0.972222222222
           Precision:	 1.0
              Recall:	 0.25
================== STATISTICS ==================
    Rule evaluations:	974
          Total time:	28.3384s
