================ SETTINGS ================
               files:	['./Data/Ragni/Class0/cv0_train_115.pl']
             verbose:	3
                   l:	3
                   p:	0.8
           beam_size:	100
                seed:	None
                 log:	./Logs/Ragni/Class0/cv0_rsome115.log
              target:	rsome115/2
   symmetry_breaking:	False
           probfoil1:	False
================= FINAL THEORY =================
rsome115(A,B) :- all115(C,B), some115(A,C)
rsome115(A,B) :- all115(B,C), some115(C,A)
rsome115(A,B) :- somenot115(C,A), somenot115(B,C)
rsome115(A,B) :- no115(A,C), somenot115(B,C)
==================== SCORES ====================
            Accuracy:	 0.9
           Precision:	 1.0
              Recall:	 0.266666666667
================== STATISTICS ==================
    Rule evaluations:	5316
          Total time:	91.0123s
