================ SETTINGS ================
               files:	['./Data/Ragni/Class0/cv0_train_139.pl']
             verbose:	3
                   l:	3
                   p:	0.8
           beam_size:	100
                seed:	None
                 log:	./Logs/Ragni/Class0/cv0_rsome139.log
              target:	rsome139/2
   symmetry_breaking:	False
           probfoil1:	False
================= FINAL THEORY =================
rsome139(A,B) :- all139(A,C), somenot139(C,B)
==================== SCORES ====================
            Accuracy:	 0.906779661017
           Precision:	 1.0
              Recall:	 0.0833333333333
================== STATISTICS ==================
    Rule evaluations:	2376
          Total time:	55.3589s
