================ SETTINGS ================
               files:	['./Data/Ragni/Class0/cv0_train_89.pl']
             verbose:	3
                   l:	3
                   p:	0.8
           beam_size:	100
                seed:	None
                 log:	./Logs/Ragni/Class0/cv0_rsome89.log
              target:	rsome89/2
   symmetry_breaking:	False
           probfoil1:	False
================= FINAL THEORY =================
rsome89(A,B) :- somenot89(A,C), some89(C,B)
rsome89(A,B) :- some89(A,C), all89(C,B)
rsome89(A,B) :- some89(C,A), some89(B,C)
rsome89(A,B) :- somenot89(C,B), no89(C,A)
rsome89(A,B) :- somenot89(A,C), no89(B,C)
rsome89(A,B) :- all89(C,A), no89(C,B)
==================== SCORES ====================
            Accuracy:	 0.830357142857
           Precision:	 1.0
              Recall:	 0.321428571429
================== STATISTICS ==================
    Rule evaluations:	8684
          Total time:	169.2411s
