================ SETTINGS ================
               files:	['./Data/Ragni/Class0/cv0_train_64.pl']
             verbose:	3
                   l:	3
                   p:	0.8
           beam_size:	100
                seed:	None
                 log:	./Logs/Ragni/Class0/cv0_rall64.log
              target:	rall64/2
   symmetry_breaking:	False
           probfoil1:	False
================= FINAL THEORY =================
rall64(A,B) :- no64(C,A), some64(C,B)
==================== SCORES ====================
            Accuracy:	 0.958333333333
           Precision:	 1.0
              Recall:	 0.166666666667
================== STATISTICS ==================
    Rule evaluations:	974
          Total time:	30.0623s
