================ SETTINGS ================
               files:	['./Data/Ragni/Class0/cv0_train_37.pl']
             verbose:	3
                   l:	3
                   p:	0.8
           beam_size:	100
                seed:	None
                 log:	./Logs/Ragni/Class0/cv0_rsomenot37.log
              target:	rsomenot37/2
   symmetry_breaking:	False
           probfoil1:	False
================= FINAL THEORY =================
rsomenot37(A,B) :- all37(C,A), some37(B,C)
==================== SCORES ====================
            Accuracy:	 0.983333333333
           Precision:	 0.5
              Recall:	 0.5
================== STATISTICS ==================
    Rule evaluations:	482
          Total time:	19.9916s
