================ SETTINGS ================
               files:	['./Data/Ragni/Class0/cv0_train_45.pl']
             verbose:	3
                   l:	3
                   p:	0.8
           beam_size:	100
                seed:	None
                 log:	./Logs/Ragni/Class0/cv0_rno45.log
              target:	rno45/2
   symmetry_breaking:	False
           probfoil1:	False
================= FINAL THEORY =================
rno45(A,B) :- no45(C,B), all45(A,C)
==================== SCORES ====================
            Accuracy:	 0.973684210526
           Precision:	 0.5
              Recall:	 0.333333333333
================== STATISTICS ==================
    Rule evaluations:	686
          Total time:	22.5784s
