================ SETTINGS ================
               files:	['./Data/Ragni/Class0/cv0_train_54.pl']
             verbose:	3
                   l:	3
                   p:	0.8
           beam_size:	100
                seed:	None
                 log:	./Logs/Ragni/Class0/cv0_rsome54.log
              target:	rsome54/2
   symmetry_breaking:	False
           probfoil1:	False
================= FINAL THEORY =================
rsome54(A,B) :- somenot54(C,A), all54(C,B)
rsome54(A,B) :- somenot54(C,A), somenot54(B,C)
rsome54(A,B) :- some54(A,C), all54(C,B)
rsome54(A,B) :- all54(C,B), some54(C,A)
==================== SCORES ====================
            Accuracy:	 0.916666666667
           Precision:	 1.0
              Recall:	 0.357142857143
================== STATISTICS ==================
    Rule evaluations:	3632
          Total time:	114.8685s
