================ SETTINGS ================
               files:	['./Data/Ragni/Class0/cv0_train_83.pl']
             verbose:	3
                   l:	3
                   p:	0.8
           beam_size:	100
                seed:	None
                 log:	./Logs/Ragni/Class0/cv0_rno83.log
              target:	rno83/2
   symmetry_breaking:	False
           probfoil1:	False
================= FINAL THEORY =================
rno83(A,B) :- all83(B,C), no83(C,A)
==================== SCORES ====================
            Accuracy:	 0.965517241379
           Precision:	 1.0
              Recall:	 0.2
================== STATISTICS ==================
    Rule evaluations:	974
          Total time:	16.9765s
