================ SETTINGS ================
               files:	['./Data/Ragni/Class0/cv0_train_93.pl']
             verbose:	3
                   l:	3
                   p:	0.8
           beam_size:	100
                seed:	None
                 log:	./Logs/Ragni/Class0/cv0_rsomenot93.log
              target:	rsomenot93/2
   symmetry_breaking:	False
           probfoil1:	False
================= FINAL THEORY =================
rsomenot93(A,B) :- somenot93(C,B), no93(A,C)
==================== SCORES ====================
            Accuracy:	 0.925925925926
           Precision:	 1.0
              Recall:	 0.111111111111
================== STATISTICS ==================
    Rule evaluations:	1436
          Total time:	22.4803s
