================ SETTINGS ================
               files:	['./Data/Ragni/Class0/cv0_train_56.pl']
             verbose:	3
                   l:	3
                   p:	0.8
           beam_size:	100
                seed:	None
                 log:	./Logs/Ragni/Class0/cv0_rno56.log
              target:	rno56/2
   symmetry_breaking:	False
           probfoil1:	False
================= FINAL THEORY =================
rno56(A,B) :- no56(C,B), all56(A,C)
==================== SCORES ====================
            Accuracy:	 0.915094339623
           Precision:	 0.5
              Recall:	 0.111111111111
================== STATISTICS ==================
    Rule evaluations:	1764
          Total time:	42.3344s
