================ SETTINGS ================
               files:	['./Data/Ragni/Class0/cv0_train_21.pl']
             verbose:	3
                   l:	3
                   p:	0.8
           beam_size:	100
                seed:	None
                 log:	./Logs/Ragni/Class0/cv0_rnvc21.log
              target:	rnvc21/2
   symmetry_breaking:	False
           probfoil1:	False
================= FINAL THEORY =================
rnvc21(A,B) :- somenot21(B,C)
rnvc21(A,B) :- somenot21(C,B)
rnvc21(A,B) :- somenot21(A,C), \+all21(B,C)
rnvc21(A,B) :- some21(A,C), \+all21(C,B)
==================== SCORES ====================
            Accuracy:	 0.745762711864
           Precision:	 1.0
              Recall:	 0.594594594595
================== STATISTICS ==================
    Rule evaluations:	5167
          Total time:	67.4667s
