================ SETTINGS ================
               files:	['./Data/Ragni/Class0/cv0_train_106.pl']
             verbose:	3
                   l:	3
                   p:	0.8
           beam_size:	100
                seed:	None
                 log:	./Logs/Ragni/Class0/cv0_rsome106.log
              target:	rsome106/2
   symmetry_breaking:	False
           probfoil1:	False
================= FINAL THEORY =================
rsome106(A,B) :- some106(C,B), all106(C,A)
rsome106(A,B) :- somenot106(C,B), no106(A,C)
rsome106(A,B) :- no106(C,B), no106(A,C)
==================== SCORES ====================
            Accuracy:	 0.836206896552
           Precision:	 1.0
              Recall:	 0.136363636364
================== STATISTICS ==================
    Rule evaluations:	5120
          Total time:	86.7840s
