================ SETTINGS ================
               files:	['./Data/Ragni/Class0/cv0_train_97.pl']
             verbose:	3
                   l:	3
                   p:	0.8
           beam_size:	100
                seed:	None
                 log:	./Logs/Ragni/Class0/cv0_rsomenot97.log
              target:	rsomenot97/2
   symmetry_breaking:	False
           probfoil1:	False
================= FINAL THEORY =================
rsomenot97(A,B) :- all97(C,A), somenot97(B,C)
==================== SCORES ====================
            Accuracy:	 0.935185185185
           Precision:	 1.0
              Recall:	 0.125
================== STATISTICS ==================
    Rule evaluations:	1436
          Total time:	22.0116s
