================ SETTINGS ================
               files:	['./Data/Ragni/Class0/cv0_train_103.pl']
             verbose:	3
                   l:	3
                   p:	0.8
           beam_size:	100
                seed:	None
                 log:	./Logs/Ragni/Class0/cv0_rsomenot103.log
              target:	rsomenot103/2
   symmetry_breaking:	False
           probfoil1:	False
================= FINAL THEORY =================
rsomenot103(A,B) :- somenot103(A,C), some103(B,C)
rsomenot103(A,B) :- somenot103(C,A), all103(C,B)
rsomenot103(A,B) :- some103(C,A), some103(B,C)
==================== SCORES ====================
            Accuracy:	 0.898148148148
           Precision:	 1.0
              Recall:	 0.3125
================== STATISTICS ==================
    Rule evaluations:	3360
          Total time:	55.1367s
