================ SETTINGS ================
               files:	['./Data/Ragni/Class0/cv0_train_39.pl']
             verbose:	3
                   l:	3
                   p:	0.8
           beam_size:	100
                seed:	None
                 log:	./Logs/Ragni/Class0/cv0_rsome39.log
              target:	rsome39/2
   symmetry_breaking:	False
           probfoil1:	False
================= FINAL THEORY =================
rsome39(A,B) :- no39(C,A), somenot39(C,B)
==================== SCORES ====================
            Accuracy:	 0.870689655172
           Precision:	 1.0
              Recall:	 0.0625
================== STATISTICS ==================
    Rule evaluations:	2376
          Total time:	57.1637s
