================ SETTINGS ================
               files:	['./Data/Ragni/Class0/cv0_train_133.pl']
             verbose:	3
                   l:	3
                   p:	0.8
           beam_size:	100
                seed:	None
                 log:	./Logs/Ragni/Class0/cv0_rnvc133.log
              target:	rnvc133/2
   symmetry_breaking:	False
           probfoil1:	False
================= FINAL THEORY =================
rnvc133(A,B) :- some133(B,C), \+all133(C,A)
rnvc133(A,B) :- somenot133(B,C), \+all133(C,A)
rnvc133(A,B) :- some133(C,B), \+all133(A,C)
rnvc133(A,B) :- no133(B,C), \+some133(A,C)
rnvc133(A,B) :- no133(C,B), \+all133(C,A)
rnvc133(A,B) :- no133(A,C), \+all133(C,B)
rnvc133(A,B) :- no133(C,A), \+all133(B,C)
==================== SCORES ====================
            Accuracy:	 0.931034482759
           Precision:	 1.0
              Recall:	 0.894736842105
================== STATISTICS ==================
    Rule evaluations:	7062
          Total time:	70.4782s
