================ SETTINGS ================
               files:	['./Data/Ragni/Class0/cv0_train_131.pl']
             verbose:	3
                   l:	3
                   p:	0.8
           beam_size:	100
                seed:	None
                 log:	./Logs/Ragni/Class0/cv0_rsome131.log
              target:	rsome131/2
   symmetry_breaking:	False
           probfoil1:	False
================= FINAL THEORY =================
rsome131(A,B) :- somenot131(B,C), some131(C,A)
rsome131(A,B) :- some131(C,B), some131(A,C)
==================== SCORES ====================
            Accuracy:	 0.916666666667
           Precision:	 1.0
              Recall:	 0.230769230769
================== STATISTICS ==================
    Rule evaluations:	2688
          Total time:	84.5354s
