================ SETTINGS ================
               files:	['./Data/Ragni/Class0/cv0_train_30.pl']
             verbose:	3
                   l:	3
                   p:	0.8
           beam_size:	100
                seed:	None
                 log:	./Logs/Ragni/Class0/cv0_rall30.log
              target:	rall30/2
   symmetry_breaking:	False
           probfoil1:	False
================= FINAL THEORY =================
rall30(A,B) :- no30(C,A), all30(B,C)
==================== SCORES ====================
            Accuracy:	 0.966101694915
           Precision:	 1.0
              Recall:	 0.2
================== STATISTICS ==================
    Rule evaluations:	828
          Total time:	26.8296s
