================ SETTINGS ================
               files:	['./Data/Ragni/Class0/cv0_train_14.pl']
             verbose:	3
                   l:	3
                   p:	0.8
           beam_size:	100
                seed:	None
                 log:	./Logs/Ragni/Class0/cv0_rsome14.log
              target:	rsome14/2
   symmetry_breaking:	False
           probfoil1:	False
================= FINAL THEORY =================
rsome14(A,B) :- somenot14(C,A), all14(B,C)
rsome14(A,B) :- somenot14(C,A), some14(B,C)
rsome14(A,B) :- some14(B,C), all14(A,C)
==================== SCORES ====================
            Accuracy:	 0.791666666667
           Precision:	 1.0
              Recall:	 0.107142857143
================== STATISTICS ==================
    Rule evaluations:	5120
          Total time:	144.1518s
