================ SETTINGS ================
               files:	['./Data/Ragni/Class0/cv0_train_88.pl']
             verbose:	3
                   l:	3
                   p:	0.8
           beam_size:	100
                seed:	None
                 log:	./Logs/Ragni/Class0/cv0_rsomenot88.log
              target:	rsomenot88/2
   symmetry_breaking:	False
           probfoil1:	False
================= FINAL THEORY =================
rsomenot88(A,B) :- somenot88(A,C), all88(C,B)
rsomenot88(A,B) :- somenot88(C,B), all88(A,C)
==================== SCORES ====================
            Accuracy:	 0.9
           Precision:	 1.0
              Recall:	 0.142857142857
================== STATISTICS ==================
    Rule evaluations:	3030
          Total time:	51.2817s
