================ SETTINGS ================
               files:	['./Data/Ragni/Class0/cv0_train_51.pl']
             verbose:	3
                   l:	3
                   p:	0.8
           beam_size:	100
                seed:	None
                 log:	./Logs/Ragni/Class0/cv0_rsome51.log
              target:	rsome51/2
   symmetry_breaking:	False
           probfoil1:	False
================= FINAL THEORY =================
rsome51(A,B) :- fail
==================== SCORES ====================
            Accuracy:	 0.841666666667
           Precision:	 0.0
              Recall:	 0.0
================== STATISTICS ==================
    Rule evaluations:	1188
          Total time:	28.2728s
