================ SETTINGS ================
               files:	['./Data/Ragni/Class0/cv0_train_116.pl']
             verbose:	3
                   l:	3
                   p:	0.8
           beam_size:	100
                seed:	None
                 log:	./Logs/Ragni/Class0/cv0_rnvc116.log
              target:	rnvc116/2
   symmetry_breaking:	False
           probfoil1:	False
================= FINAL THEORY =================
rnvc116(A,B) :- somenot116(A,C), some116(C,B)
rnvc116(A,B) :- somenot116(C,B), no116(A,C)
rnvc116(A,B) :- somenot116(A,C), no116(C,B)
rnvc116(A,B) :- somenot116(B,C), some116(C,A)
rnvc116(A,B) :- somenot116(C,B), somenot116(A,C)
rnvc116(A,B) :- no116(A,C), somenot116(B,C)
==================== SCORES ====================
            Accuracy:	 1.0
           Precision:	 1.0
              Recall:	 1.0
================== STATISTICS ==================
    Rule evaluations:	2332
          Total time:	29.5747s
