================ SETTINGS ================
               files:	['./Data/Ragni/Class0/cv0_train_24.pl']
             verbose:	3
                   l:	3
                   p:	0.8
           beam_size:	100
                seed:	None
                 log:	./Logs/Ragni/Class0/cv0_rnvc24.log
              target:	rnvc24/2
   symmetry_breaking:	False
           probfoil1:	False
================= FINAL THEORY =================
rnvc24(A,B) :- somenot24(B,C), all24(C,A)
rnvc24(A,B) :- some24(C,B), no24(A,C)
rnvc24(A,B) :- somenot24(A,C), all24(C,B)
rnvc24(A,B) :- somenot24(B,C), some24(C,A)
rnvc24(A,B) :- some24(C,B), no24(C,A)
rnvc24(A,B) :- no24(B,C), all24(C,A)
rnvc24(A,B) :- somenot24(A,C), all24(B,C)
rnvc24(A,B) :- somenot24(C,A), all24(C,B)
rnvc24(A,B) :- somenot24(B,C), no24(A,C)
rnvc24(A,B) :- some24(C,A), no24(B,C)
rnvc24(A,B) :- some24(C,B), somenot24(A,C)
rnvc24(A,B) :- somenot24(C,A), some24(C,B)
rnvc24(A,B) :- somenot24(B,C), somenot24(C,A)
rnvc24(A,B) :- all24(C,B), all24(C,A)
rnvc24(A,B) :- some24(C,A), somenot24(C,B)
rnvc24(A,B) :- no24(B,C), somenot24(A,C)
rnvc24(A,B) :- all24(B,C), all24(A,C)
rnvc24(A,B) :- no24(C,A), no24(C,B)
==================== SCORES ====================
            Accuracy:	 1.0
           Precision:	 1.0
              Recall:	 1.0
================== STATISTICS ==================
    Rule evaluations:	16174
          Total time:	405.4774s
