

Fold 9 : tp = 350.0
Fold 9 : tn = 5403.0
Fold 9 : fp = 1405.0
Fold 9 : fn = 501.0
Fold 9 : pfPrecision = 0.19943019943
Fold 9 : pfRecall = 0.411280846063
Fold 9 : pfAccuracy = 0.751142446795


Fold 6 : tp = 398.0
Fold 6 : tn = 6118.0
Fold 6 : fp = 1570.0
Fold 6 : fn = 563.0
Fold 6 : pfPrecision = 0.202235772358
Fold 6 : pfRecall = 0.414151925078
Fold 6 : pfAccuracy = 0.753381893861


Fold 5 : tp = 382.0
Fold 5 : tn = 5606.0
Fold 5 : fp = 1450.0
Fold 5 : fn = 500.0
Fold 5 : pfPrecision = 0.208515283843
Fold 5 : pfRecall = 0.433106575964
Fold 5 : pfAccuracy = 0.754346182918


Fold 8 : tp = 296.0
Fold 8 : tn = 5062.0
Fold 8 : fp = 1290.0
Fold 8 : fn = 498.0
Fold 8 : pfPrecision = 0.186633039092
Fold 8 : pfRecall = 0.372795969773
Fold 8 : pfAccuracy = 0.749790092359


Fold 4 : tp = 360.0
Fold 4 : tn = 5575.0
Fold 4 : fp = 1513.0
Fold 4 : fn = 526.0
Fold 4 : pfPrecision = 0.192205018687
Fold 4 : pfRecall = 0.406320541761
Fold 4 : pfAccuracy = 0.744293955355


Fold 7 : tp = 362.0
Fold 7 : tn = 5850.0
Fold 7 : fp = 1558.0
Fold 7 : fn = 564.0
Fold 7 : pfPrecision = 0.188541666667
Fold 7 : pfRecall = 0.390928725702
Fold 7 : pfAccuracy = 0.74538036957


Fold 2 : tp = 387.0
Fold 2 : tn = 6045.0
Fold 2 : fp = 1547.0
Fold 2 : fn = 562.0
Fold 2 : pfPrecision = 0.200103412616
Fold 2 : pfRecall = 0.40779768177
Fold 2 : pfAccuracy = 0.753073410608


Fold 0 : tp = 359.0
Fold 0 : tn = 5661.0
Fold 0 : fp = 1451.0
Fold 0 : fn = 530.0
Fold 0 : pfPrecision = 0.198342541436
Fold 0 : pfRecall = 0.403824521935
Fold 0 : pfAccuracy = 0.752405949256


Fold 3 : tp = 358.0
Fold 3 : tn = 5771.0
Fold 3 : fp = 1437.0
Fold 3 : fn = 543.0
Fold 3 : pfPrecision = 0.199442896936
Fold 3 : pfRecall = 0.397336293008
Fold 3 : pfAccuracy = 0.755826859046


Fold 1 : tp = 346.0
Fold 1 : tn = 5466.0
Fold 1 : fp = 1390.0
Fold 1 : fn = 511.0
Fold 1 : pfPrecision = 0.19930875576
Fold 1 : pfRecall = 0.403733955659
Fold 1 : pfAccuracy = 0.75353299624
Net Accuracy for precedence (2, 0, 0, 0, 0, 1)	: 0.330844683296
