

Fold 9 : tp = 233.0
Fold 9 : tn = 6018.0
Fold 9 : fp = 790.0
Fold 9 : fn = 618.0
Fold 9 : pfPrecision = 0.227761485826
Fold 9 : pfRecall = 0.273795534665
Fold 9 : pfAccuracy = 0.816163990077


Fold 6 : tp = 265.0
Fold 6 : tn = 6806.0
Fold 6 : fp = 882.0
Fold 6 : fn = 696.0
Fold 6 : pfPrecision = 0.231037489102
Fold 6 : pfRecall = 0.275754422477
Fold 6 : pfAccuracy = 0.817551161984


Fold 5 : tp = 268.0
Fold 5 : tn = 6264.0
Fold 5 : fp = 792.0
Fold 5 : fn = 614.0
Fold 5 : pfPrecision = 0.252830188679
Fold 5 : pfRecall = 0.303854875283
Fold 5 : pfAccuracy = 0.822877299068


Fold 8 : tp = 200.0
Fold 8 : tn = 5632.0
Fold 8 : fp = 720.0
Fold 8 : fn = 594.0
Fold 8 : pfPrecision = 0.217391304348
Fold 8 : pfRecall = 0.251889168766
Fold 8 : pfAccuracy = 0.816120906801


Fold 4 : tp = 230.0
Fold 4 : tn = 6233.0
Fold 4 : fp = 855.0
Fold 4 : fn = 656.0
Fold 4 : pfPrecision = 0.21198156682
Fold 4 : pfRecall = 0.259593679458
Fold 4 : pfAccuracy = 0.810509154753


Fold 7 : tp = 232.0
Fold 7 : tn = 6514.0
Fold 7 : fp = 894.0
Fold 7 : fn = 694.0
Fold 7 : pfPrecision = 0.206039076377
Fold 7 : pfRecall = 0.250539956803
Fold 7 : pfAccuracy = 0.809455243581


Fold 2 : tp = 249.0
Fold 2 : tn = 6702.0
Fold 2 : fp = 890.0
Fold 2 : fn = 700.0
Fold 2 : pfPrecision = 0.218612818262
Fold 2 : pfRecall = 0.262381454162
Fold 2 : pfAccuracy = 0.813839128908


Fold 3 : tp = 238.0
Fold 3 : tn = 6370.0
Fold 3 : fp = 838.0
Fold 3 : fn = 663.0
Fold 3 : pfPrecision = 0.221189591078
Fold 3 : pfRecall = 0.264150943396
Fold 3 : pfAccuracy = 0.814897027994


Fold 0 : tp = 260.0
Fold 0 : tn = 6304.0
Fold 0 : fp = 808.0
Fold 0 : fn = 629.0
Fold 0 : pfPrecision = 0.243445692884
Fold 0 : pfRecall = 0.29246344207
Fold 0 : pfAccuracy = 0.820397450319


Fold 1 : tp = 238.0
Fold 1 : tn = 6079.0
Fold 1 : fp = 777.0
Fold 1 : fn = 619.0
Fold 1 : pfPrecision = 0.234482758621
Fold 1 : pfRecall = 0.277712952159
Fold 1 : pfAccuracy = 0.819006871516
Net Accuracy for precedence (2, 0, 0, 0, 0, 1)	: 0.270358974446
