

Fold 3 : tp = 235.0
Fold 3 : tn = 6365.0
Fold 3 : fp = 843.0
Fold 3 : fn = 666.0
Fold 3 : pfPrecision = 0.217996289425
Fold 3 : pfRecall = 0.260821309656
Fold 3 : pfAccuracy = 0.813910469848


Fold 1 : tp = 238.0
Fold 1 : tn = 6072.0
Fold 1 : fp = 784.0
Fold 1 : fn = 619.0
Fold 1 : pfPrecision = 0.232876712329
Fold 1 : pfRecall = 0.277712952159
Fold 1 : pfAccuracy = 0.818099312848


Fold 4 : tp = 230.0
Fold 4 : tn = 6232.0
Fold 4 : fp = 856.0
Fold 4 : fn = 656.0
Fold 4 : pfPrecision = 0.211786372007
Fold 4 : pfRecall = 0.259593679458
Fold 4 : pfAccuracy = 0.810383747178


Fold 0 : tp = 259.0
Fold 0 : tn = 6304.0
Fold 0 : fp = 808.0
Fold 0 : fn = 630.0
Fold 0 : pfPrecision = 0.242736644799
Fold 0 : pfRecall = 0.291338582677
Fold 0 : pfAccuracy = 0.820272465942


Fold 9 : tp = 233.0
Fold 9 : tn = 6020.0
Fold 9 : fp = 788.0
Fold 9 : fn = 618.0
Fold 9 : pfPrecision = 0.228207639569
Fold 9 : pfRecall = 0.273795534665
Fold 9 : pfAccuracy = 0.816425120773


Fold 8 : tp = 197.0
Fold 8 : tn = 5632.0
Fold 8 : fp = 720.0
Fold 8 : fn = 597.0
Fold 8 : pfPrecision = 0.214830970556
Fold 8 : pfRecall = 0.248110831234
Fold 8 : pfAccuracy = 0.81570109152


Fold 7 : tp = 229.0
Fold 7 : tn = 6508.0
Fold 7 : fp = 900.0
Fold 7 : fn = 697.0
Fold 7 : pfPrecision = 0.202834366696
Fold 7 : pfRecall = 0.247300215983
Fold 7 : pfAccuracy = 0.808375329974


Fold 5 : tp = 268.0
Fold 5 : tn = 6260.0
Fold 5 : fp = 796.0
Fold 5 : fn = 614.0
Fold 5 : pfPrecision = 0.251879699248
Fold 5 : pfRecall = 0.303854875283
Fold 5 : pfAccuracy = 0.822373393802


Fold 2 : tp = 248.0
Fold 2 : tn = 6700.0
Fold 2 : fp = 892.0
Fold 2 : fn = 701.0
Fold 2 : pfPrecision = 0.217543859649
Fold 2 : pfRecall = 0.261327713383
Fold 2 : pfAccuracy = 0.813487881981


Fold 6 : tp = 265.0
Fold 6 : tn = 6805.0
Fold 6 : fp = 883.0
Fold 6 : fn = 696.0
Fold 6 : pfPrecision = 0.230836236934
Fold 6 : pfRecall = 0.275754422477
Fold 6 : pfAccuracy = 0.817435541681
Net Accuracy for precedence (2, 0, 0, 0, 0, 1)	: 0.268983811533
