================ SETTINGS ================
               files:	['./Data/Ragni/Class2/cv2_train_137.pl']
             verbose:	3
                   l:	None
                   p:	0.8
           beam_size:	100
                seed:	None
                 log:	./Logs/Ragni/Class2/cv2_rall137.log
              target:	rall137/2
   symmetry_breaking:	False
           probfoil1:	False
================= FINAL THEORY =================
rall137(A,B) :- all137(B,C), no137(A,C)
==================== SCORES ====================
            Accuracy:	 0.974576271186
           Precision:	 1.0
              Recall:	 0.25
================== STATISTICS ==================
    Rule evaluations:	14263
          Total time:	410.3596s
