================ SETTINGS ================
               files:	['./Data/Ragni/Class2/cv2_train_33.pl']
             verbose:	3
                   l:	7
                   p:	0.8
           beam_size:	100
                seed:	None
                 log:	./Logs/Ragni/Class2/cv2_rno33.log
              target:	rno33/2
   symmetry_breaking:	False
           probfoil1:	False
================= FINAL THEORY =================
rno33(A,B) :- all33(C,A), all33(B,C)
==================== SCORES ====================
            Accuracy:	 0.954545454545
           Precision:	 0.5
              Recall:	 0.2
================== STATISTICS ==================
    Rule evaluations:	23791
          Total time:	138.3170s
