================ SETTINGS ================
               files:	['./Data/Ragni/Class2/cv2_train_39.pl']
             verbose:	3
                   l:	None
                   p:	0.8
           beam_size:	100
                seed:	None
                 log:	./Logs/Ragni/Class2/cv2_rno39.log
              target:	rno39/2
   symmetry_breaking:	False
           probfoil1:	False
================= FINAL THEORY =================
rno39(A,B) :- no39(A,C), some39(C,B)
==================== SCORES ====================
            Accuracy:	 0.963636363636
           Precision:	 0.5
              Recall:	 0.25
================== STATISTICS ==================
    Rule evaluations:	22766
          Total time:	258.2842s
