================ SETTINGS ================
               files:	['./Data/Ragni/Class2/cv2_train_90.pl']
             verbose:	3
                   l:	None
                   p:	0.8
           beam_size:	100
                seed:	None
                 log:	./Logs/Ragni/Class2/cv2_rnvc90.log
              target:	rnvc90/2
   symmetry_breaking:	False
           probfoil1:	False
================= FINAL THEORY =================
rnvc90(A,B) :- no90(A,C), \+all90(C,B), \+all90(B,C), \+some90(C,B), \+no90(C,B), \+somenot90(B,C)
rnvc90(A,B) :- somenot90(B,C), \+all90(A,C), \+some90(A,C), \+some90(C,A), \+no90(A,C), \+no90(C,A), \+somenot90(C,A)
rnvc90(A,B) :- some90(C,A), no90(C,B)
==================== SCORES ====================
            Accuracy:	 1.0
           Precision:	 1.0
              Recall:	 1.0
================== STATISTICS ==================
    Rule evaluations:	5826
          Total time:	111.1200s
