================ SETTINGS ================
               files:	['./Data/Ragni/Class2/cv2_train_36.pl']
             verbose:	3
                   l:	None
                   p:	0.8
           beam_size:	100
                seed:	None
                 log:	./Logs/Ragni/Class2/cv2_rno36.log
              target:	rno36/2
   symmetry_breaking:	False
           probfoil1:	False
================= FINAL THEORY =================
rno36(A,B) :- no36(A,C), all36(C,B)
==================== SCORES ====================
            Accuracy:	 0.946428571429
           Precision:	 0.5
              Recall:	 0.166666666667
================== STATISTICS ==================
    Rule evaluations:	26572
          Total time:	306.4229s
