================ SETTINGS ================
               files:	['./Data/Ragni/Class2/cv2_train_135.pl']
             verbose:	3
                   l:	None
                   p:	0.8
           beam_size:	100
                seed:	None
                 log:	./Logs/Ragni/Class2/cv2_rsomenot135.log
              target:	rsomenot135/2
   symmetry_breaking:	False
           probfoil1:	False
================= FINAL THEORY =================
rsomenot135(A,B) :- all135(A,C), somenot135(B,C)
rsomenot135(A,B) :- all135(C,A), some135(C,B)
==================== SCORES ====================
            Accuracy:	 0.891666666667
           Precision:	 1.0
              Recall:	 0.133333333333
================== STATISTICS ==================
    Rule evaluations:	84409
          Total time:	5849.2853s
