================ SETTINGS ================
               files:	['./Data/Ragni/Class2/cv2_train_58.pl']
             verbose:	3
                   l:	7
                   p:	0.8
           beam_size:	100
                seed:	None
                 log:	./Logs/Ragni/Class2/cv2_rall58.log
              target:	rall58/2
   symmetry_breaking:	False
           probfoil1:	False
================= FINAL THEORY =================
rall58(A,B) :- no58(A,C), all58(B,C)
==================== SCORES ====================
            Accuracy:	 0.910714285714
           Precision:	 0.5
              Recall:	 0.1
================== STATISTICS ==================
    Rule evaluations:	31514
          Total time:	189.6047s
