================ SETTINGS ================
               files:	['./Data/Ragni/Class2/cv2_train_67.pl']
             verbose:	3
                   l:	None
                   p:	0.8
           beam_size:	100
                seed:	None
                 log:	./Logs/Ragni/Class2/cv2_rall67.log
              target:	rall67/2
   symmetry_breaking:	False
           probfoil1:	False
================= FINAL THEORY =================
rall67(A,B) :- some67(B,C), no67(A,C)
==================== SCORES ====================
            Accuracy:	 0.947368421053
           Precision:	 1.0
              Recall:	 0.142857142857
================== STATISTICS ==================
    Rule evaluations:	25201
          Total time:	460.9546s
