================ SETTINGS ================
               files:	['./Data/Ragni/Class2/cv2_train_83.pl']
             verbose:	3
                   l:	None
                   p:	0.8
           beam_size:	100
                seed:	None
                 log:	./Logs/Ragni/Class2/cv2_rsome83.log
              target:	rsome83/2
   symmetry_breaking:	False
           probfoil1:	False
================= FINAL THEORY =================
rsome83(A,B) :- all83(C,B), \+all83(C,A), \+some83(C,A), \+no83(A,C), \+no83(C,A), \+all83(A,C), \+somenot83(A,C)
==================== SCORES ====================
            Accuracy:	 0.956140350877
           Precision:	 1.0
              Recall:	 0.285714285714
================== STATISTICS ==================
    Rule evaluations:	23261
          Total time:	1025.1715s
