================ SETTINGS ================
               files:	['./Data/Ragni/Class2/cv2_train_30.pl']
             verbose:	3
                   l:	None
                   p:	0.8
           beam_size:	100
                seed:	None
                 log:	./Logs/Ragni/Class2/cv2_rsomenot30.log
              target:	rsomenot30/2
   symmetry_breaking:	False
           probfoil1:	False
================= FINAL THEORY =================
rsomenot30(A,B) :- somenot30(A,C), somenot30(C,B)
==================== SCORES ====================
            Accuracy:	 0.858333333333
           Precision:	 1.0
              Recall:	 0.0555555555556
================== STATISTICS ==================
    Rule evaluations:	35420
          Total time:	2514.6253s
