================ SETTINGS ================
               files:	['./Data/Ragni/Class2/cv2_train_49.pl']
             verbose:	3
                   l:	7
                   p:	0.8
           beam_size:	100
                seed:	None
                 log:	./Logs/Ragni/Class2/cv2_rsome49.log
              target:	rsome49/2
   symmetry_breaking:	False
           probfoil1:	False
================= FINAL THEORY =================
rsome49(A,B) :- somenot49(A,C), all49(C,B)
==================== SCORES ====================
            Accuracy:	 0.933962264151
           Precision:	 1.0
              Recall:	 0.125
================== STATISTICS ==================
    Rule evaluations:	24360
          Total time:	308.0702s
