================ SETTINGS ================
               files:	['./Data/Ragni/Class2/cv2_train_26.pl']
             verbose:	3
                   l:	None
                   p:	0.8
           beam_size:	100
                seed:	None
                 log:	./Logs/Ragni/Class2/cv2_rall26.log
              target:	rall26/2
   symmetry_breaking:	False
           probfoil1:	False
================= FINAL THEORY =================
rall26(A,B) :- no26(B,C), all26(C,A)
==================== SCORES ====================
            Accuracy:	 0.975
           Precision:	 0.5
              Recall:	 0.333333333333
================== STATISTICS ==================
    Rule evaluations:	32833
          Total time:	887.4562s
