================ SETTINGS ================
               files:	['./Data/Ragni/Class2/cv2_train_92.pl']
             verbose:	3
                   l:	None
                   p:	0.8
           beam_size:	100
                seed:	None
                 log:	./Logs/Ragni/Class2/cv2_rsome92.log
              target:	rsome92/2
   symmetry_breaking:	False
           probfoil1:	False
================= FINAL THEORY =================
rsome92(A,B) :- some92(C,B), all92(A,C)
==================== SCORES ====================
            Accuracy:	 0.891666666667
           Precision:	 0.5
              Recall:	 0.0769230769231
================== STATISTICS ==================
    Rule evaluations:	33468
          Total time:	449.9126s
