================ SETTINGS ================
               files:	['./Data/Ragni/Class2/cv2_train_16.pl']
             verbose:	3
                   l:	None
                   p:	0.8
           beam_size:	100
                seed:	None
                 log:	./Logs/Ragni/Class2/cv2_rall16.log
              target:	rall16/2
   symmetry_breaking:	False
           probfoil1:	False
================= FINAL THEORY =================
rall16(A,B) :- no16(A,C), all16(C,B)
==================== SCORES ====================
            Accuracy:	 0.973214285714
           Precision:	 1.0
              Recall:	 0.25
================== STATISTICS ==================
    Rule evaluations:	13438
          Total time:	412.7422s
