================ SETTINGS ================
               files:	['./Data/Ragni/Class2/cv2_train_101.pl']
             verbose:	3
                   l:	None
                   p:	0.8
           beam_size:	100
                seed:	None
                 log:	./Logs/Ragni/Class2/cv2_rall101.log
              target:	rall101/2
   symmetry_breaking:	False
           probfoil1:	False
================= FINAL THEORY =================
rall101(A,B) :- no101(B,C), all101(A,C)
==================== SCORES ====================
            Accuracy:	 0.925
           Precision:	 0.5
              Recall:	 0.111111111111
================== STATISTICS ==================
    Rule evaluations:	29637
          Total time:	402.1006s
