================ SETTINGS ================
               files:	['./Data/Ragni/Class2/cv2_train_123.pl']
             verbose:	3
                   l:	None
                   p:	0.8
           beam_size:	100
                seed:	None
                 log:	./Logs/Ragni/Class2/cv2_rsomenot123.log
              target:	rsomenot123/2
   symmetry_breaking:	False
           probfoil1:	False
================= FINAL THEORY =================
rsomenot123(A,B) :- somenot123(A,C), some123(C,B)
rsomenot123(A,B) :- somenot123(C,A), no123(B,C)
rsomenot123(A,B) :- some123(C,A), all123(C,B)
==================== SCORES ====================
            Accuracy:	 0.87962962963
           Precision:	 1.0
              Recall:	 0.235294117647
================== STATISTICS ==================
    Rule evaluations:	63630
          Total time:	1714.4322s
