================ SETTINGS ================
               files:	['./Data/Ragni/Class2/cv2_train_104.pl']
             verbose:	3
                   l:	None
                   p:	0.8
           beam_size:	100
                seed:	None
                 log:	./Logs/Ragni/Class2/cv2_rsome104.log
              target:	rsome104/2
   symmetry_breaking:	False
           probfoil1:	False
================= FINAL THEORY =================
rsome104(A,B) :- some104(C,A), \+all104(B,C), \+some104(C,B), \+some104(B,C), \+no104(C,B), \+all104(C,B)
rsome104(A,B) :- all104(B,C), no104(C,A)
==================== SCORES ====================
            Accuracy:	 0.881818181818
           Precision:	 1.0
              Recall:	 0.277777777778
================== STATISTICS ==================
    Rule evaluations:	64317
          Total time:	1253.8945s
