================ SETTINGS ================
               files:	['./Data/Ragni/Class2/cv2_train_47.pl']
             verbose:	3
                   l:	7
                   p:	0.8
           beam_size:	100
                seed:	None
                 log:	./Logs/Ragni/Class2/cv2_rall47.log
              target:	rall47/2
   symmetry_breaking:	False
           probfoil1:	False
================= FINAL THEORY =================
rall47(A,B) :- all47(B,C), all47(C,A)
==================== SCORES ====================
            Accuracy:	 0.981818181818
           Precision:	 1.0
              Recall:	 0.333333333333
================== STATISTICS ==================
    Rule evaluations:	16994
          Total time:	134.4558s
