================ SETTINGS ================
               files:	['./Data/Ragni/Class2/cv2_train_134.pl']
             verbose:	3
                   l:	None
                   p:	0.8
           beam_size:	100
                seed:	None
                 log:	./Logs/Ragni/Class2/cv2_rsome134.log
              target:	rsome134/2
   symmetry_breaking:	False
           probfoil1:	False
================= FINAL THEORY =================
rsome134(A,B) :- no134(A,C), all134(C,B)
==================== SCORES ====================
            Accuracy:	 0.913461538462
           Precision:	 1.0
              Recall:	 0.1
================== STATISTICS ==================
    Rule evaluations:	31696
          Total time:	2784.2578s
