================ SETTINGS ================
               files:	['./Data/Ragni/Class2/cv2_train_50.pl']
             verbose:	3
                   l:	None
                   p:	0.8
           beam_size:	100
                seed:	None
                 log:	./Logs/Ragni/Class2/cv2_rsome50.log
              target:	rsome50/2
   symmetry_breaking:	False
           probfoil1:	False
================= FINAL THEORY =================
rsome50(A,B) :- some50(A,C), no50(B,C)
==================== SCORES ====================
            Accuracy:	 0.866666666667
           Precision:	 1.0
              Recall:	 0.0588235294118
================== STATISTICS ==================
    Rule evaluations:	65820
          Total time:	820.5078s
