================ SETTINGS ================
               files:	['./Data/Ragni/Class2/cv2_train_11.pl']
             verbose:	3
                   l:	None
                   p:	0.8
           beam_size:	100
                seed:	None
                 log:	./Logs/Ragni/Class2/cv2_rall11.log
              target:	rall11/2
   symmetry_breaking:	False
           probfoil1:	False
================= FINAL THEORY =================
rall11(A,B) :- no11(A,C), \+no11(C,B), \+no11(B,C), \+all11(B,C), \+some11(C,B), \+somenot11(C,B), \+some11(B,C)
rall11(A,B) :- no11(B,C), some11(C,A)
==================== SCORES ====================
            Accuracy:	 0.921568627451
           Precision:	 1.0
              Recall:	 0.272727272727
================== STATISTICS ==================
    Rule evaluations:	39935
          Total time:	2684.0371s
