================ SETTINGS ================
               files:	['./Data/Ragni/Class2/cv2_train_39.pl']
             verbose:	3
                   l:	None
                   p:	0.8
           beam_size:	100
                seed:	None
                 log:	./Logs/Ragni/Class2/cv2_rall39.log
              target:	rall39/2
   symmetry_breaking:	False
           probfoil1:	False
================= FINAL THEORY =================
rall39(A,B) :- all39(C,B), all39(A,C)
rall39(A,B) :- all39(B,C), no39(C,A)
==================== SCORES ====================
            Accuracy:	 0.918181818182
           Precision:	 1.0
              Recall:	 0.181818181818
================== STATISTICS ==================
    Rule evaluations:	42789
          Total time:	873.5428s
