================ SETTINGS ================
               files:	['./Data/Ragni/Class2/cv2_train_75.pl']
             verbose:	3
                   l:	None
                   p:	0.8
           beam_size:	100
                seed:	None
                 log:	./Logs/Ragni/Class2/cv2_rsomenot75.log
              target:	rsomenot75/2
   symmetry_breaking:	False
           probfoil1:	False
================= FINAL THEORY =================
rsomenot75(A,B) :- somenot75(C,A), some75(B,C)
==================== SCORES ====================
            Accuracy:	 0.864406779661
           Precision:	 1.0
              Recall:	 0.0588235294118
================== STATISTICS ==================
    Rule evaluations:	35993
          Total time:	789.8869s
