================ SETTINGS ================
               files:	['./Data/Ragni/Class2/cv2_train_126.pl']
             verbose:	3
                   l:	None
                   p:	0.8
           beam_size:	100
                seed:	None
                 log:	./Logs/Ragni/Class2/cv2_rsome126.log
              target:	rsome126/2
   symmetry_breaking:	False
           probfoil1:	False
================= FINAL THEORY =================
rsome126(A,B) :- all126(C,B), some126(A,C)
==================== SCORES ====================
            Accuracy:	 0.94262295082
           Precision:	 1.0
              Recall:	 0.125
================== STATISTICS ==================
    Rule evaluations:	26003
          Total time:	583.6092s
