================ SETTINGS ================
               files:	['./Data/Ragni/Class2/cv2_train_119.pl']
             verbose:	3
                   l:	None
                   p:	0.8
           beam_size:	100
                seed:	None
                 log:	./Logs/Ragni/Class2/cv2_rsomenot119.log
              target:	rsomenot119/2
   symmetry_breaking:	False
           probfoil1:	False
================= FINAL THEORY =================
rsomenot119(A,B) :- somenot119(A,C), \+some119(C,B), \+some119(B,C), \+no119(C,B), \+somenot119(C,B), \+somenot119(B,C), \+no119(B,C)
rsomenot119(A,B) :- somenot119(C,B), some119(C,A)
==================== SCORES ====================
            Accuracy:	 0.931034482759
           Precision:	 1.0
              Recall:	 0.272727272727
================== STATISTICS ==================
    Rule evaluations:	43479
          Total time:	1340.2311s
