================ SETTINGS ================
               files:	['./Data/Ragni/Class2/cv2_train_39.pl']
             verbose:	3
                   l:	7
                   p:	0.8
           beam_size:	100
                seed:	None
                 log:	./Logs/Ragni/Class2/cv2_rsome39.log
              target:	rsome39/2
   symmetry_breaking:	False
           probfoil1:	False
================= FINAL THEORY =================
rsome39(A,B) :- all39(C,B), somenot39(C,A)
rsome39(A,B) :- some39(A,C), no39(C,B)
rsome39(A,B) :- some39(B,C), all39(C,A)
==================== SCORES ====================
            Accuracy:	 0.909090909091
           Precision:	 1.0
              Recall:	 0.230769230769
================== STATISTICS ==================
    Rule evaluations:	55145
          Total time:	1017.0361s
