================ SETTINGS ================
               files:	['./Data/Ragni/Class2/cv2_train_71.pl']
             verbose:	3
                   l:	None
                   p:	0.8
           beam_size:	100
                seed:	None
                 log:	./Logs/Ragni/Class2/cv2_rno71.log
              target:	rno71/2
   symmetry_breaking:	False
           probfoil1:	False
================= FINAL THEORY =================
rno71(A,B) :- all71(C,A), all71(C,B)
==================== SCORES ====================
            Accuracy:	 0.953703703704
           Precision:	 0.5
              Recall:	 0.2
================== STATISTICS ==================
    Rule evaluations:	23694
          Total time:	250.8719s
