================ SETTINGS ================
               files:	['./Data/Ragni/Class2/cv2_train_24.pl']
             verbose:	3
                   l:	None
                   p:	0.8
           beam_size:	100
                seed:	None
                 log:	./Logs/Ragni/Class2/cv2_rno24.log
              target:	rno24/2
   symmetry_breaking:	False
           probfoil1:	False
================= FINAL THEORY =================
rno24(A,B) :- all24(B,C), all24(C,A)
==================== SCORES ====================
            Accuracy:	 0.973684210526
           Precision:	 0.5
              Recall:	 0.333333333333
================== STATISTICS ==================
    Rule evaluations:	38300
          Total time:	1460.9902s
