================ SETTINGS ================
               files:	['./Data/Ragni/Class2/cv2_train_27.pl']
             verbose:	3
                   l:	None
                   p:	0.8
           beam_size:	100
                seed:	None
                 log:	./Logs/Ragni/Class2/cv2_rsome27.log
              target:	rsome27/2
   symmetry_breaking:	False
           probfoil1:	False
================= FINAL THEORY =================
rsome27(A,B) :- some27(C,B), \+some27(C,A), \+no27(C,A), \+somenot27(A,C)
==================== SCORES ====================
            Accuracy:	 0.877049180328
           Precision:	 0.5
              Recall:	 0.333333333333
================== STATISTICS ==================
    Rule evaluations:	64438
          Total time:	3017.5591s
