================ SETTINGS ================
               files:	['./Data/Ragni/Class2/cv2_train_91.pl']
             verbose:	3
                   l:	None
                   p:	0.8
           beam_size:	100
                seed:	None
                 log:	./Logs/Ragni/Class2/cv2_rsome91.log
              target:	rsome91/2
   symmetry_breaking:	False
           probfoil1:	False
================= FINAL THEORY =================
rsome91(A,B) :- all91(B,C), \+all91(A,C), \+somenot91(A,C), \+all91(C,A), \+some91(A,C), \+no91(A,C)
==================== SCORES ====================
            Accuracy:	 0.945454545455
           Precision:	 1.0
              Recall:	 0.25
================== STATISTICS ==================
    Rule evaluations:	22029
          Total time:	789.5880s
