================ SETTINGS ================
               files:	['./Data/Ragni/Class2/cv2_train_109.pl']
             verbose:	3
                   l:	None
                   p:	0.8
           beam_size:	100
                seed:	None
                 log:	./Logs/Ragni/Class2/cv2_rnvc109.log
              target:	rnvc109/2
   symmetry_breaking:	False
           probfoil1:	False
================= FINAL THEORY =================
rnvc109(A,B) :- somenot109(A,C), \+all109(C,B), \+some109(C,B), \+no109(C,B), \+no109(B,C)
rnvc109(A,B) :- somenot109(B,C), \+all109(A,C), \+all109(C,A), \+no109(A,C), \+no109(C,A)
rnvc109(A,B) :- some109(C,B), \+all109(A,C), \+all109(C,A), \+no109(A,C), \+no109(C,A), \+somenot109(A,C), \+somenot109(C,A)
rnvc109(A,B) :- some109(B,C), all109(A,C)
rnvc109(A,B) :- no109(C,A), no109(C,B)
rnvc109(A,B) :- somenot109(C,A), somenot109(C,B)
rnvc109(A,B) :- no109(B,C), no109(A,C)
==================== SCORES ====================
            Accuracy:	 1.0
           Precision:	 1.0
              Recall:	 1.0
================== STATISTICS ==================
    Rule evaluations:	13655
          Total time:	210.0789s
