================ SETTINGS ================
               files:	['./Data/Ragni/Class2/cv2_train_86.pl']
             verbose:	3
                   l:	None
                   p:	0.8
           beam_size:	100
                seed:	None
                 log:	./Logs/Ragni/Class2/cv2_rsome86.log
              target:	rsome86/2
   symmetry_breaking:	False
           probfoil1:	False
================= FINAL THEORY =================
rsome86(A,B) :- somenot86(C,A), some86(B,C)
rsome86(A,B) :- some86(C,B), some86(A,C)
==================== SCORES ====================
            Accuracy:	 0.815789473684
           Precision:	 1.0
              Recall:	 0.125
================== STATISTICS ==================
    Rule evaluations:	65007
          Total time:	3115.7080s
