================ SETTINGS ================
               files:	['./Data/Ragni/Class2/cv2_train_110.pl']
             verbose:	3
                   l:	None
                   p:	0.8
           beam_size:	100
                seed:	None
                 log:	./Logs/Ragni/Class2/cv2_rall110.log
              target:	rall110/2
   symmetry_breaking:	False
           probfoil1:	False
================= FINAL THEORY =================
rall110(A,B) :- no110(B,C), all110(A,C)
==================== SCORES ====================
            Accuracy:	 0.964285714286
           Precision:	 0.5
              Recall:	 0.25
================== STATISTICS ==================
    Rule evaluations:	22525
          Total time:	228.5304s
