================ SETTINGS ================
               files:	['./Data/Ragni/Class2/cv2_train_136.pl']
             verbose:	3
                   l:	None
                   p:	0.8
           beam_size:	100
                seed:	None
                 log:	./Logs/Ragni/Class2/cv2_rno136.log
              target:	rno136/2
   symmetry_breaking:	False
           probfoil1:	False
================= FINAL THEORY =================
rno136(A,B) :- no136(A,C), all136(B,C)
==================== SCORES ====================
            Accuracy:	 0.964285714286
           Precision:	 0.5
              Recall:	 0.25
================== STATISTICS ==================
    Rule evaluations:	22122
          Total time:	1301.1327s
