================ SETTINGS ================
               files:	['./Data/Ragni/Class2/cv2_train_49.pl']
             verbose:	3
                   l:	7
                   p:	0.8
           beam_size:	100
                seed:	None
                 log:	./Logs/Ragni/Class2/cv2_rsomenot49.log
              target:	rsomenot49/2
   symmetry_breaking:	False
           probfoil1:	False
================= FINAL THEORY =================
rsomenot49(A,B) :- somenot49(C,A), somenot49(B,C)
rsomenot49(A,B) :- all49(C,B), some49(C,A)
rsomenot49(A,B) :- somenot49(C,B), all49(A,C)
==================== SCORES ====================
            Accuracy:	 0.896226415094
           Precision:	 1.0
              Recall:	 0.214285714286
================== STATISTICS ==================
    Rule evaluations:	56551
          Total time:	968.4365s
