================ SETTINGS ================
               files:	['./Data/Ragni/Class2/cv2_train_53.pl']
             verbose:	3
                   l:	7
                   p:	0.8
           beam_size:	100
                seed:	None
                 log:	./Logs/Ragni/Class2/cv2_rsome53.log
              target:	rsome53/2
   symmetry_breaking:	False
           probfoil1:	False
================= FINAL THEORY =================
rsome53(A,B) :- some53(C,B), \+some53(C,A), \+no53(C,A), \+all53(A,C), \+all53(C,A), \+some53(A,C)
rsome53(A,B) :- all53(B,C), \+all53(A,C), \+all53(C,A), \+no53(A,C), \+no53(C,A), \+some53(A,C)
rsome53(A,B) :- somenot53(C,A), no53(B,C)
rsome53(A,B) :- all53(C,B), some53(C,A)
==================== SCORES ====================
            Accuracy:	 0.910714285714
           Precision:	 0.909090909091
              Recall:	 0.526315789474
================== STATISTICS ==================
    Rule evaluations:	60557
          Total time:	1243.4109s
