================ SETTINGS ================
               files:	['./Data/Ragni/Class2/cv2_train_136.pl']
             verbose:	3
                   l:	None
                   p:	0.8
           beam_size:	100
                seed:	None
                 log:	./Logs/Ragni/Class2/cv2_rsomenot136.log
              target:	rsomenot136/2
   symmetry_breaking:	False
           probfoil1:	False
================= FINAL THEORY =================
rsomenot136(A,B) :- all136(C,A), some136(B,C)
==================== SCORES ====================
            Accuracy:	 0.919642857143
           Precision:	 0.5
              Recall:	 0.111111111111
================== STATISTICS ==================
    Rule evaluations:	30124
          Total time:	1574.0207s
