================ SETTINGS ================
               files:	['./Data/Ragni/Class2/cv2_train_55.pl']
             verbose:	3
                   l:	None
                   p:	0.8
           beam_size:	100
                seed:	None
                 log:	./Logs/Ragni/Class2/cv2_rall55.log
              target:	rall55/2
   symmetry_breaking:	False
           probfoil1:	False
================= FINAL THEORY =================
rall55(A,B) :- no55(B,C), all55(C,A)
rall55(A,B) :- all55(B,C), no55(A,C)
==================== SCORES ====================
            Accuracy:	 0.95
           Precision:	 1.0
              Recall:	 0.25
================== STATISTICS ==================
    Rule evaluations:	36527
          Total time:	835.0063s
