================ SETTINGS ================
               files:	['./Data/Ragni/Class2/cv2_train_38.pl']
             verbose:	3
                   l:	None
                   p:	0.8
           beam_size:	100
                seed:	None
                 log:	./Logs/Ragni/Class2/cv2_rall38.log
              target:	rall38/2
   symmetry_breaking:	False
           probfoil1:	False
================= FINAL THEORY =================
rall38(A,B) :- all38(C,A), no38(C,B)
rall38(A,B) :- all38(C,B), no38(A,C)
==================== SCORES ====================
            Accuracy:	 0.953703703704
           Precision:	 1.0
              Recall:	 0.285714285714
================== STATISTICS ==================
    Rule evaluations:	33074
          Total time:	670.3956s
