================ SETTINGS ================
               files:	['./Data/Ragni/Class2/cv2_train_45.pl']
             verbose:	3
                   l:	7
                   p:	0.8
           beam_size:	100
                seed:	None
                 log:	./Logs/Ragni/Class2/cv2_rsome45.log
              target:	rsome45/2
   symmetry_breaking:	False
           probfoil1:	False
================= FINAL THEORY =================
rsome45(A,B) :- somenot45(C,A), all45(B,C)
==================== SCORES ====================
            Accuracy:	 0.944444444444
           Precision:	 0.5
              Recall:	 0.166666666667
================== STATISTICS ==================
    Rule evaluations:	26924
          Total time:	263.8305s
