================ SETTINGS ================
               files:	['./Data/Ragni/Class2/cv2_train_78.pl']
             verbose:	3
                   l:	7
                   p:	0.8
           beam_size:	100
                seed:	None
                 log:	./Logs/Ragni/Class2/cv2_rsome78.log
              target:	rsome78/2
   symmetry_breaking:	False
           probfoil1:	False
================= FINAL THEORY =================
rsome78(A,B) :- all78(C,B), some78(C,A)
==================== SCORES ====================
            Accuracy:	 0.922413793103
           Precision:	 1.0
              Recall:	 0.1
================== STATISTICS ==================
    Rule evaluations:	29113
          Total time:	422.3234s
