================ SETTINGS ================
               files:	['./Data/Ragni/Class2/cv2_train_3.pl']
             verbose:	3
                   l:	None
                   p:	0.8
           beam_size:	100
                seed:	None
                 log:	./Logs/Ragni/Class2/cv2_rno3.log
              target:	rno3/2
   symmetry_breaking:	False
           probfoil1:	False
================= FINAL THEORY =================
rno3(A,B) :- no3(A,C), all3(B,C)
==================== SCORES ====================
            Accuracy:	 0.945454545455
           Precision:	 0.5
              Recall:	 0.166666666667
================== STATISTICS ==================
    Rule evaluations:	26624
          Total time:	262.0190s
