================ SETTINGS ================
               files:	['./Data/Ragni/Class2/cv2_train_105.pl']
             verbose:	3
                   l:	None
                   p:	0.8
           beam_size:	100
                seed:	None
                 log:	./Logs/Ragni/Class2/cv2_rall105.log
              target:	rall105/2
   symmetry_breaking:	False
           probfoil1:	False
================= FINAL THEORY =================
rall105(A,B) :- all105(C,B), all105(A,C)
==================== SCORES ====================
            Accuracy:	 0.967741935484
           Precision:	 0.5
              Recall:	 0.25
================== STATISTICS ==================
    Rule evaluations:	22940
          Total time:	316.8815s
