================ SETTINGS ================
               files:	['./Data/Ragni/Class2/cv2_train_33.pl']
             verbose:	3
                   l:	7
                   p:	0.8
           beam_size:	100
                seed:	None
                 log:	./Logs/Ragni/Class2/cv2_rsome33.log
              target:	rsome33/2
   symmetry_breaking:	False
           probfoil1:	False
================= FINAL THEORY =================
rsome33(A,B) :- some33(A,C), no33(B,C)
rsome33(A,B) :- some33(C,B), somenot33(C,A)
rsome33(A,B) :- somenot33(A,C), all33(B,C)
rsome33(A,B) :- some33(B,C), all33(A,C)
==================== SCORES ====================
            Accuracy:	 0.745454545455
           Precision:	 1.0
              Recall:	 0.151515151515
================== STATISTICS ==================
    Rule evaluations:	92435
          Total time:	1453.9130s
