================ SETTINGS ================
               files:	['./Data/Ragni/Class2/cv2_train_27.pl']
             verbose:	3
                   l:	None
                   p:	0.8
           beam_size:	100
                seed:	None
                 log:	./Logs/Ragni/Class2/cv2_rall27.log
              target:	rall27/2
   symmetry_breaking:	False
           probfoil1:	False
================= FINAL THEORY =================
rall27(A,B) :- all27(B,C), no27(C,A)
rall27(A,B) :- all27(C,A), no27(B,C)
==================== SCORES ====================
            Accuracy:	 0.901639344262
           Precision:	 1.0
              Recall:	 0.2
================== STATISTICS ==================
    Rule evaluations:	44627
          Total time:	3178.8487s
