================ SETTINGS ================
               files:	['./Data/Ragni/Class2/cv2_train_53.pl']
             verbose:	3
                   l:	None
                   p:	0.8
           beam_size:	100
                seed:	None
                 log:	./Logs/Ragni/Class2/cv2_rno53.log
              target:	rno53/2
   symmetry_breaking:	False
           probfoil1:	False
================= FINAL THEORY =================
rno53(A,B) :- no53(C,B), \+some53(A,C), \+some53(C,A), \+somenot53(A,C), \+somenot53(C,A), \+all53(A,C)
==================== SCORES ====================
            Accuracy:	 0.973214285714
           Precision:	 1.0
              Recall:	 0.4
================== STATISTICS ==================
    Rule evaluations:	13518
          Total time:	188.0420s
