================ SETTINGS ================
               files:	['./Data/Ragni/Class2/cv2_train_52.pl']
             verbose:	3
                   l:	None
                   p:	0.8
           beam_size:	100
                seed:	None
                 log:	./Logs/Ragni/Class2/cv2_rall52.log
              target:	rall52/2
   symmetry_breaking:	False
           probfoil1:	False
================= FINAL THEORY =================
rall52(A,B) :- no52(A,C), all52(B,C)
==================== SCORES ====================
            Accuracy:	 0.974137931034
           Precision:	 0.5
              Recall:	 0.333333333333
================== STATISTICS ==================
    Rule evaluations:	34348
          Total time:	405.5440s
