================ SETTINGS ================
               files:	['./Data/Ragni/Class2/cv2_train_122.pl']
             verbose:	3
                   l:	None
                   p:	0.8
           beam_size:	100
                seed:	None
                 log:	./Logs/Ragni/Class2/cv2_rall122.log
              target:	rall122/2
   symmetry_breaking:	False
           probfoil1:	False
================= FINAL THEORY =================
rall122(A,B) :- all122(C,B), all122(C,A)
==================== SCORES ====================
            Accuracy:	 0.923728813559
           Precision:	 0.5
              Recall:	 0.111111111111
================== STATISTICS ==================
    Rule evaluations:	29215
          Total time:	627.0741s
