================ SETTINGS ================
               files:	['./Data/Ragni/Class2/cv2_train_112.pl']
             verbose:	3
                   l:	None
                   p:	0.8
           beam_size:	100
                seed:	None
                 log:	./Logs/Ragni/Class2/cv2_rsome112.log
              target:	rsome112/2
   symmetry_breaking:	False
           probfoil1:	False
================= FINAL THEORY =================
rsome112(A,B) :- all112(B,C), somenot112(C,A)
==================== SCORES ====================
            Accuracy:	 0.862068965517
           Precision:	 1.0
              Recall:	 0.0588235294118
================== STATISTICS ==================
    Rule evaluations:	70362
          Total time:	1963.2788s
