================ SETTINGS ================
               files:	['./Data/Ragni/Class2/cv2_train_60.pl']
             verbose:	3
                   l:	None
                   p:	0.8
           beam_size:	100
                seed:	None
                 log:	./Logs/Ragni/Class2/cv2_rno60.log
              target:	rno60/2
   symmetry_breaking:	False
           probfoil1:	False
================= FINAL THEORY =================
rno60(A,B) :- no60(A,C), all60(C,B)
==================== SCORES ====================
            Accuracy:	 0.958333333333
           Precision:	 0.5
              Recall:	 0.2
================== STATISTICS ==================
    Rule evaluations:	24964
          Total time:	267.6014s
