================ SETTINGS ================
               files:	['./Data/Ragni/Class2/cv2_train_5.pl']
             verbose:	3
                   l:	None
                   p:	0.8
           beam_size:	100
                seed:	None
                 log:	./Logs/Ragni/Class2/cv2_rno5.log
              target:	rno5/2
   symmetry_breaking:	False
           probfoil1:	False
================= FINAL THEORY =================
rno5(A,B) :- all5(C,A), all5(B,C)
==================== SCORES ====================
            Accuracy:	 0.982456140351
           Precision:	 0.5
              Recall:	 0.5
================== STATISTICS ==================
    Rule evaluations:	35631
          Total time:	568.8846s
