================ SETTINGS ================
               files:	['./Data/Ragni/Class2/cv2_train_35.pl']
             verbose:	3
                   l:	7
                   p:	0.8
           beam_size:	100
                seed:	None
                 log:	./Logs/Ragni/Class2/cv2_rnvc35.log
              target:	rnvc35/2
   symmetry_breaking:	False
           probfoil1:	False
================= FINAL THEORY =================
rnvc35(A,B) :- no35(A,C), \+all35(B,C)
rnvc35(A,B) :- no35(C,B)
rnvc35(A,B) :- no35(B,C), \+all35(A,C), \+all35(C,A)
rnvc35(A,B) :- somenot35(C,B), \+all35(A,C), \+somenot35(A,C)
rnvc35(A,B) :- all35(C,B), \+all35(A,C), \+some35(C,A), \+no35(C,A)
rnvc35(A,B) :- some35(C,B), \+all35(A,C), \+some35(A,C), \+no35(C,A), \+somenot35(A,C)
rnvc35(A,B) :- somenot35(B,C), \+all35(C,A), \+some35(C,A), \+somenot35(A,C), \+somenot35(C,A)
rnvc35(A,B) :- all35(B,C), \+all35(C,A), \+some35(C,A), \+no35(A,C), \+no35(C,A), \+somenot35(C,A)
rnvc35(A,B) :- some35(B,C), \+all35(A,C), \+all35(C,A), \+some35(A,C), \+some35(C,A), \+somenot35(C,A)
==================== SCORES ====================
            Accuracy:	 1.0
           Precision:	 1.0
              Recall:	 1.0
================== STATISTICS ==================
    Rule evaluations:	19018
          Total time:	203.3430s
