================ SETTINGS ================
               files:	['./Data/Ragni/Class2/cv2_train_35.pl']
             verbose:	3
                   l:	7
                   p:	0.8
           beam_size:	100
                seed:	None
                 log:	./Logs/Ragni/Class2/cv2_rall35.log
              target:	rall35/2
   symmetry_breaking:	False
           probfoil1:	False
================= FINAL THEORY =================
rall35(A,B) :- all35(A,C), all35(C,B)
==================== SCORES ====================
            Accuracy:	 0.983333333333
           Precision:	 0.5
              Recall:	 0.5
================== STATISTICS ==================
    Rule evaluations:	34108
          Total time:	216.2449s
