================ SETTINGS ================
               files:	['./Data/Ragni/Class2/cv2_train_66.pl']
             verbose:	3
                   l:	None
                   p:	0.8
           beam_size:	100
                seed:	None
                 log:	./Logs/Ragni/Class2/cv2_rno66.log
              target:	rno66/2
   symmetry_breaking:	False
           probfoil1:	False
================= FINAL THEORY =================
rno66(A,B) :- all66(B,C), all66(C,A)
==================== SCORES ====================
            Accuracy:	 0.991228070175
           Precision:	 0.5
              Recall:	 1.0
================== STATISTICS ==================
    Rule evaluations:	13525
          Total time:	168.3521s
