================ SETTINGS ================
               files:	['./Data/Ragni/Class2/cv2_train_105.pl']
             verbose:	3
                   l:	None
                   p:	0.8
           beam_size:	100
                seed:	None
                 log:	./Logs/Ragni/Class2/cv2_rsome105.log
              target:	rsome105/2
   symmetry_breaking:	False
           probfoil1:	False
================= FINAL THEORY =================
rsome105(A,B) :- some105(C,B), no105(A,C)
rsome105(A,B) :- somenot105(A,C), some105(B,C)
rsome105(A,B) :- somenot105(C,B), \+all105(A,C), \+all105(C,A), \+some105(A,C), \+no105(A,C), \+somenot105(A,C), \+somenot105(C,A)
rsome105(A,B) :- somenot105(C,A), all105(C,B)
rsome105(A,B) :- some105(A,C), all105(B,C)
==================== SCORES ====================
            Accuracy:	 0.854838709677
           Precision:	 1.0
              Recall:	 0.379310344828
================== STATISTICS ==================
    Rule evaluations:	131358
          Total time:	4352.0091s
