================ SETTINGS ================
               files:	['./Data/Ragni/Class2/cv2_train_73.pl']
             verbose:	3
                   l:	None
                   p:	0.8
           beam_size:	100
                seed:	None
                 log:	./Logs/Ragni/Class2/cv2_rall73.log
              target:	rall73/2
   symmetry_breaking:	False
           probfoil1:	False
================= FINAL THEORY =================
rall73(A,B) :- all73(A,C), all73(C,B)
==================== SCORES ====================
            Accuracy:	 0.963636363636
           Precision:	 0.5
              Recall:	 0.25
================== STATISTICS ==================
    Rule evaluations:	22715
          Total time:	245.1253s
