================ SETTINGS ================
               files:	['./Data/Ragni/Class2/cv2_train_46.pl']
             verbose:	3
                   l:	7
                   p:	0.8
           beam_size:	100
                seed:	None
                 log:	./Logs/Ragni/Class2/cv2_rsomenot46.log
              target:	rsomenot46/2
   symmetry_breaking:	False
           probfoil1:	False
================= FINAL THEORY =================
rsomenot46(A,B) :- some46(A,C), no46(C,B)
rsomenot46(A,B) :- all46(C,B), somenot46(A,C)
==================== SCORES ====================
            Accuracy:	 0.836363636364
           Precision:	 1.0
              Recall:	 0.1
================== STATISTICS ==================
    Rule evaluations:	67168
          Total time:	881.8603s
