================ SETTINGS ================
               files:	['./Data/Ragni/Class2/cv2_train_40.pl']
             verbose:	3
                   l:	None
                   p:	0.8
           beam_size:	100
                seed:	None
                 log:	./Logs/Ragni/Class2/cv2_rall40.log
              target:	rall40/2
   symmetry_breaking:	False
           probfoil1:	False
================= FINAL THEORY =================
rall40(A,B) :- no40(B,C), all40(A,C)
==================== SCORES ====================
            Accuracy:	 0.966666666667
           Precision:	 0.5
              Recall:	 0.25
================== STATISTICS ==================
    Rule evaluations:	31071
          Total time:	361.0687s
