================ SETTINGS ================
               files:	['./Data/Ragni/Class2/cv2_train_59.pl']
             verbose:	3
                   l:	7
                   p:	0.8
           beam_size:	100
                seed:	None
                 log:	./Logs/Ragni/Class2/cv2_rsomenot59.log
              target:	rsomenot59/2
   symmetry_breaking:	False
           probfoil1:	False
================= FINAL THEORY =================
rsomenot59(A,B) :- somenot59(A,C), somenot59(C,B)
rsomenot59(A,B) :- some59(C,B), all59(A,C)
==================== SCORES ====================
            Accuracy:	 0.891666666667
           Precision:	 1.0
              Recall:	 0.1875
================== STATISTICS ==================
    Rule evaluations:	37976
          Total time:	645.0761s
