================ SETTINGS ================
               files:	['./Data/Ragni/Class2/cv2_train_5.pl']
             verbose:	3
                   l:	None
                   p:	0.8
           beam_size:	100
                seed:	None
                 log:	./Logs/Ragni/Class2/cv2_rsome5.log
              target:	rsome5/2
   symmetry_breaking:	False
           probfoil1:	False
================= FINAL THEORY =================
rsome5(A,B) :- some5(B,C), \+all5(A,C), \+all5(C,A), \+some5(A,C), \+some5(C,A), \+no5(C,A), \+no5(A,C)
rsome5(A,B) :- somenot5(B,C), all5(A,C)
==================== SCORES ====================
            Accuracy:	 0.947368421053
           Precision:	 1.0
              Recall:	 0.333333333333
================== STATISTICS ==================
    Rule evaluations:	54486
          Total time:	2777.4015s
