================ SETTINGS ================
               files:	['./Data/Ragni/Class2/cv2_train_98.pl']
             verbose:	3
                   l:	None
                   p:	0.8
           beam_size:	100
                seed:	None
                 log:	./Logs/Ragni/Class2/cv2_rall98.log
              target:	rall98/2
   symmetry_breaking:	False
           probfoil1:	False
================= FINAL THEORY =================
rall98(A,B) :- no98(B,C), all98(A,C)
==================== SCORES ====================
            Accuracy:	 0.922413793103
           Precision:	 0.5
              Recall:	 0.111111111111
================== STATISTICS ==================
    Rule evaluations:	29171
          Total time:	303.4817s
