================ SETTINGS ================
               files:	['./Data/Ragni/Class2/cv2_train_66.pl']
             verbose:	3
                   l:	None
                   p:	0.8
           beam_size:	100
                seed:	None
                 log:	./Logs/Ragni/Class2/cv2_rsomenot66.log
              target:	rsomenot66/2
   symmetry_breaking:	False
           probfoil1:	False
================= FINAL THEORY =================
rsomenot66(A,B) :- somenot66(C,B), no66(A,C)
rsomenot66(A,B) :- somenot66(A,C), no66(B,C)
==================== SCORES ====================
            Accuracy:	 0.912280701754
           Precision:	 1.0
              Recall:	 0.166666666667
================== STATISTICS ==================
    Rule evaluations:	50873
          Total time:	2236.9018s
