================ SETTINGS ================
               files:	['./Data/Ragni/Class2/cv2_train_123.pl']
             verbose:	3
                   l:	None
                   p:	0.8
           beam_size:	100
                seed:	None
                 log:	./Logs/Ragni/Class2/cv2_rall123.log
              target:	rall123/2
   symmetry_breaking:	False
           probfoil1:	False
================= FINAL THEORY =================
rall123(A,B) :- no123(B,C), some123(A,C)
==================== SCORES ====================
            Accuracy:	 0.962962962963
           Precision:	 1.0
              Recall:	 0.2
================== STATISTICS ==================
    Rule evaluations:	18026
          Total time:	454.9548s
