================ SETTINGS ================
               files:	['./Data/Ragni/Class2/cv2_train_111.pl']
             verbose:	3
                   l:	None
                   p:	0.8
           beam_size:	100
                seed:	None
                 log:	./Logs/Ragni/Class2/cv2_rall111.log
              target:	rall111/2
   symmetry_breaking:	False
           probfoil1:	False
================= FINAL THEORY =================
rall111(A,B) :- all111(A,C), all111(C,B)
==================== SCORES ====================
            Accuracy:	 0.974137931034
           Precision:	 0.5
              Recall:	 0.333333333333
================== STATISTICS ==================
    Rule evaluations:	33502
          Total time:	356.8683s
