================ SETTINGS ================
               files:	['./Data/Ragni/Class2/cv2_train_21.pl']
             verbose:	3
                   l:	None
                   p:	0.8
           beam_size:	100
                seed:	None
                 log:	./Logs/Ragni/Class2/cv2_rsome21.log
              target:	rsome21/2
   symmetry_breaking:	False
           probfoil1:	False
================= FINAL THEORY =================
rsome21(A,B) :- all21(C,B), \+all21(A,C), \+no21(A,C), \+somenot21(A,C)
==================== SCORES ====================
            Accuracy:	 0.913793103448
           Precision:	 0.5
              Recall:	 0.5
================== STATISTICS ==================
    Rule evaluations:	57114
          Total time:	2418.9532s
