================ SETTINGS ================
               files:	['./Data/Ragni/Class2/cv2_train_2.pl']
             verbose:	3
                   l:	None
                   p:	0.8
           beam_size:	100
                seed:	None
                 log:	./Logs/Ragni/Class2/cv2_rall2.log
              target:	rall2/2
   symmetry_breaking:	False
           probfoil1:	False
================= FINAL THEORY =================
rall2(A,B) :- all2(A,C), all2(C,B)
rall2(A,B) :- somenot2(C,B), no2(C,A)
==================== SCORES ====================
            Accuracy:	 0.889830508475
           Precision:	 1.0
              Recall:	 0.133333333333
================== STATISTICS ==================
    Rule evaluations:	5410
          Total time:	59.8873s
