================ SETTINGS ================
               files:	['./Data/Ragni/Class2/cv2_train_120.pl']
             verbose:	3
                   l:	None
                   p:	0.8
           beam_size:	100
                seed:	None
                 log:	./Logs/Ragni/Class2/cv2_rall120.log
              target:	rall120/2
   symmetry_breaking:	False
           probfoil1:	False
================= FINAL THEORY =================
rall120(A,B) :- no120(B,C), all120(A,C)
==================== SCORES ====================
            Accuracy:	 0.929824561404
           Precision:	 1.0
              Recall:	 0.111111111111
================== STATISTICS ==================
    Rule evaluations:	26422
          Total time:	798.7118s
