================ SETTINGS ================
               files:	['./Data/Ragni/Class2/cv2_train_18.pl']
             verbose:	3
                   l:	None
                   p:	0.8
           beam_size:	100
                seed:	None
                 log:	./Logs/Ragni/Class2/cv2_rall18.log
              target:	rall18/2
   symmetry_breaking:	False
           probfoil1:	False
================= FINAL THEORY =================
rall18(A,B) :- all18(B,C), no18(A,C)
==================== SCORES ====================
            Accuracy:	 0.956140350877
           Precision:	 0.5
              Recall:	 0.2
================== STATISTICS ==================
    Rule evaluations:	23068
          Total time:	279.4325s
