================ SETTINGS ================
               files:	['./Data/Ragni/Class2/cv2_train_111.pl']
             verbose:	3
                   l:	None
                   p:	0.8
           beam_size:	100
                seed:	None
                 log:	./Logs/Ragni/Class2/cv2_rno111.log
              target:	rno111/2
   symmetry_breaking:	False
           probfoil1:	False
================= FINAL THEORY =================
rno111(A,B) :- all111(A,C), no111(C,B)
==================== SCORES ====================
            Accuracy:	 0.974137931034
           Precision:	 1.0
              Recall:	 0.25
================== STATISTICS ==================
    Rule evaluations:	14690
          Total time:	197.0876s
