================ SETTINGS ================
               files:	['./Data/Ragni/Class2/cv2_train_118.pl']
             verbose:	3
                   l:	None
                   p:	0.8
           beam_size:	100
                seed:	None
                 log:	./Logs/Ragni/Class2/cv2_rsome118.log
              target:	rsome118/2
   symmetry_breaking:	False
           probfoil1:	False
================= FINAL THEORY =================
rsome118(A,B) :- somenot118(B,C), \+all118(A,C), \+some118(A,C), \+no118(A,C), \+somenot118(A,C), \+all118(C,A)
rsome118(A,B) :- somenot118(C,A), some118(B,C)
rsome118(A,B) :- some118(C,B), some118(A,C)
==================== SCORES ====================
            Accuracy:	 0.925925925926
           Precision:	 1.0
              Recall:	 0.384615384615
================== STATISTICS ==================
    Rule evaluations:	40827
          Total time:	966.4524s
