================ SETTINGS ================
               files:	['./Data/Ragni/Class2/cv2_train_57.pl']
             verbose:	3
                   l:	None
                   p:	0.8
           beam_size:	100
                seed:	None
                 log:	./Logs/Ragni/Class2/cv2_rnvc57.log
              target:	rnvc57/2
   symmetry_breaking:	False
           probfoil1:	False
================= FINAL THEORY =================
rnvc57(A,B) :- no57(C,A), \+all57(B,C), \+some57(B,C), \+somenot57(C,B)
rnvc57(A,B) :- somenot57(C,A), \+no57(B,C), \+somenot57(B,C)
rnvc57(A,B) :- all57(C,A), \+all57(C,B), \+all57(B,C), \+somenot57(C,B)
rnvc57(A,B) :- no57(A,C), \+all57(C,B), \+all57(B,C), \+some57(C,B), \+no57(C,B)
rnvc57(A,B) :- some57(C,A), \+all57(C,B), \+all57(B,C), \+some57(C,B), \+no57(C,B), \+somenot57(C,B), \+somenot57(B,C)
rnvc57(A,B) :- no57(C,B), some57(A,C)
rnvc57(A,B) :- somenot57(B,C), somenot57(A,C)
==================== SCORES ====================
            Accuracy:	 1.0
           Precision:	 1.0
              Recall:	 1.0
================== STATISTICS ==================
    Rule evaluations:	13477
          Total time:	307.6729s
