================ SETTINGS ================
               files:	['./Data/Ragni/Class2/cv2_train_51.pl']
             verbose:	3
                   l:	None
                   p:	0.8
           beam_size:	100
                seed:	None
                 log:	./Logs/Ragni/Class2/cv2_rsome51.log
              target:	rsome51/2
   symmetry_breaking:	False
           probfoil1:	False
================= FINAL THEORY =================
rsome51(A,B) :- somenot51(B,C), \+all51(A,C), \+all51(C,A), \+some51(A,C), \+no51(C,A), \+somenot51(C,A)
==================== SCORES ====================
            Accuracy:	 0.861111111111
           Precision:	 1.0
              Recall:	 0.117647058824
================== STATISTICS ==================
    Rule evaluations:	51737
          Total time:	636.9727s
