================ SETTINGS ================
               files:	['./Data/Ragni/Class2/cv2_train_16.pl']
             verbose:	3
                   l:	None
                   p:	0.8
           beam_size:	100
                seed:	None
                 log:	./Logs/Ragni/Class2/cv2_rno16.log
              target:	rno16/2
   symmetry_breaking:	False
           probfoil1:	False
================= FINAL THEORY =================
rno16(A,B) :- all16(B,C), all16(C,A)
==================== SCORES ====================
            Accuracy:	 0.982142857143
           Precision:	 1.0
              Recall:	 0.333333333333
================== STATISTICS ==================
    Rule evaluations:	24488
          Total time:	532.0424s
