================ SETTINGS ================
               files:	['./Data/Ragni/Class2/cv2_train_64.pl']
             verbose:	3
                   l:	None
                   p:	0.8
           beam_size:	100
                seed:	None
                 log:	./Logs/Ragni/Class2/cv2_rsomenot64.log
              target:	rsomenot64/2
   symmetry_breaking:	False
           probfoil1:	False
================= FINAL THEORY =================
rsomenot64(A,B) :- no64(B,C), some64(C,A)
rsomenot64(A,B) :- somenot64(C,B), all64(A,C)
==================== SCORES ====================
            Accuracy:	 0.9
           Precision:	 1.0
              Recall:	 0.2
================== STATISTICS ==================
    Rule evaluations:	37285
          Total time:	757.5624s
