================ SETTINGS ================
               files:	['./Data/Ragni/Class2/cv2_train_120.pl']
             verbose:	3
                   l:	None
                   p:	0.8
           beam_size:	100
                seed:	None
                 log:	./Logs/Ragni/Class2/cv2_rsome120.log
              target:	rsome120/2
   symmetry_breaking:	False
           probfoil1:	False
================= FINAL THEORY =================
rsome120(A,B) :- some120(C,A), some120(B,C)
==================== SCORES ====================
            Accuracy:	 0.947368421053
           Precision:	 1.0
              Recall:	 0.142857142857
================== STATISTICS ==================
    Rule evaluations:	24710
          Total time:	741.2979s
