================ SETTINGS ================
               files:	['./Data/Ragni/Class2/cv2_train_22.pl']
             verbose:	3
                   l:	None
                   p:	0.8
           beam_size:	100
                seed:	None
                 log:	./Logs/Ragni/Class2/cv2_rsome22.log
              target:	rsome22/2
   symmetry_breaking:	False
           probfoil1:	False
================= FINAL THEORY =================
rsome22(A,B) :- some22(A,C), all22(C,B)
==================== SCORES ====================
            Accuracy:	 0.862068965517
           Precision:	 1.0
              Recall:	 0.0588235294118
================== STATISTICS ==================
    Rule evaluations:	52619
          Total time:	2453.9852s
