================ SETTINGS ================
               files:	['./Data/Ragni/Class2/cv2_train_81.pl']
             verbose:	3
                   l:	7
                   p:	0.8
           beam_size:	100
                seed:	None
                 log:	./Logs/Ragni/Class2/cv2_rall81.log
              target:	rall81/2
   symmetry_breaking:	False
           probfoil1:	False
================= FINAL THEORY =================
rall81(A,B) :- no81(B,C), all81(A,C)
rall81(A,B) :- no81(A,C), some81(B,C)
==================== SCORES ====================
            Accuracy:	 0.890909090909
           Precision:	 1.0
              Recall:	 0.142857142857
================== STATISTICS ==================
    Rule evaluations:	53637
          Total time:	522.5568s
