================ SETTINGS ================
               files:	['./Data/Ragni/Class2/cv2_train_122.pl']
             verbose:	3
                   l:	None
                   p:	0.8
           beam_size:	100
                seed:	None
                 log:	./Logs/Ragni/Class2/cv2_rsome122.log
              target:	rsome122/2
   symmetry_breaking:	False
           probfoil1:	False
================= FINAL THEORY =================
rsome122(A,B) :- somenot122(C,A), all122(B,C)
==================== SCORES ====================
            Accuracy:	 0.940677966102
           Precision:	 0.5
              Recall:	 0.142857142857
================== STATISTICS ==================
    Rule evaluations:	28352
          Total time:	627.1272s
