================ SETTINGS ================
               files:	['./Data/Ragni/Class6/cv6_train_119.pl']
             verbose:	3
                   l:	None
                   p:	0.8
           beam_size:	100
                seed:	None
                 log:	./Logs/Ragni/Class6/cv6_rsomenot119.log
              target:	rsomenot119/2
   symmetry_breaking:	False
           probfoil1:	False
================= FINAL THEORY =================
rsomenot119(A,B) :- no119(B,C), \+all119(A,C), \+all119(C,A), \+some119(C,A), \+no119(A,C), \+some119(A,C), \+no119(C,A)
==================== SCORES ====================
            Accuracy:	 0.924528301887
           Precision:	 1.0
              Recall:	 0.2
================== STATISTICS ==================
    Rule evaluations:	27769
          Total time:	615.3135s
