================ SETTINGS ================
               files:	['./Data/Ragni/Class6/cv6_train_134.pl']
             verbose:	3
                   l:	7
                   p:	0.8
           beam_size:	100
                seed:	None
                 log:	./Logs/Ragni/Class6/cv6_rsomenot134.log
              target:	rsomenot134/2
   symmetry_breaking:	False
           probfoil1:	False
================= FINAL THEORY =================
rsomenot134(A,B) :- no134(C,B), \+no134(A,C), \+no134(C,A), \+somenot134(C,A), \+some134(C,A)
rsomenot134(A,B) :- somenot134(B,C), somenot134(C,A)
==================== SCORES ====================
            Accuracy:	 0.818181818182
           Precision:	 1.0
              Recall:	 0.166666666667
================== STATISTICS ==================
    Rule evaluations:	62999
          Total time:	648.3963s
