================ SETTINGS ================
               files:	['./Data/Ragni/Class6/cv6_train_74.pl']
             verbose:	3
                   l:	None
                   p:	0.8
           beam_size:	100
                seed:	None
                 log:	./Logs/Ragni/Class6/cv6_rsomenot74.log
              target:	rsomenot74/2
   symmetry_breaking:	False
           probfoil1:	False
================= FINAL THEORY =================
rsomenot74(A,B) :- some74(A,C), no74(B,C)
==================== SCORES ====================
            Accuracy:	 0.90350877193
           Precision:	 1.0
              Recall:	 0.0833333333333
================== STATISTICS ==================
    Rule evaluations:	33154
          Total time:	3286.8042s
