================ SETTINGS ================
               files:	['./Data/Ragni/Class6/cv6_train_73.pl']
             verbose:	3
                   l:	None
                   p:	0.8
           beam_size:	100
                seed:	None
                 log:	./Logs/Ragni/Class6/cv6_rno73.log
              target:	rno73/2
   symmetry_breaking:	False
           probfoil1:	False
================= FINAL THEORY =================
rno73(A,B) :- all73(A,C), no73(C,B)
==================== SCORES ====================
            Accuracy:	 0.990384615385
           Precision:	 0.5
              Recall:	 1.0
================== STATISTICS ==================
    Rule evaluations:	13525
          Total time:	144.3856s
