================ SETTINGS ================
               files:	['./Data/Ragni/Class6/cv6_train_5.pl']
             verbose:	3
                   l:	None
                   p:	0.8
           beam_size:	100
                seed:	None
                 log:	./Logs/Ragni/Class6/cv6_rsome5.log
              target:	rsome5/2
   symmetry_breaking:	False
           probfoil1:	False
================= FINAL THEORY =================
rsome5(A,B) :- some5(B,C), no5(A,C)
==================== SCORES ====================
            Accuracy:	 0.934426229508
           Precision:	 1.0
              Recall:	 0.111111111111
================== STATISTICS ==================
    Rule evaluations:	27739
          Total time:	716.5331s
