================ SETTINGS ================
               files:	['./Data/Ragni/Class6/cv6_train_114.pl']
             verbose:	3
                   l:	None
                   p:	0.8
           beam_size:	100
                seed:	None
                 log:	./Logs/Ragni/Class6/cv6_rall114.log
              target:	rall114/2
   symmetry_breaking:	False
           probfoil1:	False
================= FINAL THEORY =================
rall114(A,B) :- all114(A,C), all114(C,B)
==================== SCORES ====================
            Accuracy:	 0.974137931034
           Precision:	 0.5
              Recall:	 0.333333333333
================== STATISTICS ==================
    Rule evaluations:	33002
          Total time:	348.3129s
