================ SETTINGS ================
               files:	['./Data/Ragni/Class6/cv6_train_67.pl']
             verbose:	3
                   l:	None
                   p:	0.8
           beam_size:	100
                seed:	None
                 log:	./Logs/Ragni/Class6/cv6_rno67.log
              target:	rno67/2
   symmetry_breaking:	False
           probfoil1:	False
================= FINAL THEORY =================
rno67(A,B) :- no67(A,C), some67(C,B)
rno67(A,B) :- no67(C,A), no67(B,C)
==================== SCORES ====================
            Accuracy:	 0.953703703704
           Precision:	 1.0
              Recall:	 0.285714285714
================== STATISTICS ==================
    Rule evaluations:	28874
          Total time:	519.0126s
