================ SETTINGS ================
               files:	['./Data/Ragni/Class6/cv6_train_12.pl']
             verbose:	3
                   l:	None
                   p:	0.8
           beam_size:	100
                seed:	None
                 log:	./Logs/Ragni/Class6/cv6_rsome12.log
              target:	rsome12/2
   symmetry_breaking:	False
           probfoil1:	False
================= FINAL THEORY =================
rsome12(A,B) :- somenot12(A,C), \+all12(C,B), \+all12(B,C), \+no12(C,B), \+somenot12(B,C), \+no12(B,C), \+somenot12(C,B)
rsome12(A,B) :- some12(A,C), all12(B,C)
==================== SCORES ====================
            Accuracy:	 0.890909090909
           Precision:	 1.0
              Recall:	 0.25
================== STATISTICS ==================
    Rule evaluations:	52498
          Total time:	5151.6079s
