================ SETTINGS ================
               files:	['./Data/Ragni/Class6/cv6_train_80.pl']
             verbose:	3
                   l:	None
                   p:	0.8
           beam_size:	100
                seed:	None
                 log:	./Logs/Ragni/Class6/cv6_rno80.log
              target:	rno80/2
   symmetry_breaking:	False
           probfoil1:	False
================= FINAL THEORY =================
rno80(A,B) :- no80(C,B), all80(A,C)
==================== SCORES ====================
            Accuracy:	 0.981132075472
           Precision:	 1.0
              Recall:	 0.333333333333
================== STATISTICS ==================
    Rule evaluations:	19945
          Total time:	430.4636s
