================ SETTINGS ================
               files:	['./Data/Ragni/Class6/cv6_train_47.pl']
             verbose:	3
                   l:	7
                   p:	0.8
           beam_size:	100
                seed:	None
                 log:	./Logs/Ragni/Class6/cv6_rall47.log
              target:	rall47/2
   symmetry_breaking:	False
           probfoil1:	False
================= FINAL THEORY =================
rall47(A,B) :- all47(B,C), all47(A,C)
==================== SCORES ====================
            Accuracy:	 0.974576271186
           Precision:	 0.5
              Recall:	 0.333333333333
================== STATISTICS ==================
    Rule evaluations:	30955
          Total time:	196.6400s
