================ SETTINGS ================
               files:	['./Data/Ragni/Class6/cv6_train_92.pl']
             verbose:	3
                   l:	7
                   p:	0.8
           beam_size:	100
                seed:	None
                 log:	./Logs/Ragni/Class6/cv6_rsome92.log
              target:	rsome92/2
   symmetry_breaking:	False
           probfoil1:	False
================= FINAL THEORY =================
rsome92(A,B) :- all92(A,C), no92(C,B)
==================== SCORES ====================
            Accuracy:	 0.915094339623
           Precision:	 1.0
              Recall:	 0.1
================== STATISTICS ==================
    Rule evaluations:	27488
          Total time:	254.4052s
