================ SETTINGS ================
               files:	['./Data/Ragni/Class6/cv6_train_90.pl']
             verbose:	3
                   l:	7
                   p:	0.8
           beam_size:	100
                seed:	None
                 log:	./Logs/Ragni/Class6/cv6_rsomenot90.log
              target:	rsomenot90/2
   symmetry_breaking:	False
           probfoil1:	False
================= FINAL THEORY =================
rsomenot90(A,B) :- somenot90(C,B), \+no90(A,C), \+no90(C,A), \+some90(A,C), \+somenot90(A,C), \+somenot90(C,A)
rsomenot90(A,B) :- some90(B,C), no90(C,A)
rsomenot90(A,B) :- somenot90(A,C), all90(B,C)
rsomenot90(A,B) :- somenot90(A,C), all90(C,B)
rsomenot90(A,B) :- somenot90(C,A), no90(C,B)
rsomenot90(A,B) :- somenot90(B,C), no90(C,A)
==================== SCORES ====================
            Accuracy:	 0.822033898305
           Precision:	 1.0
              Recall:	 0.363636363636
================== STATISTICS ==================
    Rule evaluations:	117834
          Total time:	1680.2636s
