================ SETTINGS ================
               files:	['./Data/Ragni/Class6/cv6_train_120.pl']
             verbose:	3
                   l:	None
                   p:	0.8
           beam_size:	100
                seed:	None
                 log:	./Logs/Ragni/Class6/cv6_rsome120.log
              target:	rsome120/2
   symmetry_breaking:	False
           probfoil1:	False
================= FINAL THEORY =================
rsome120(A,B) :- all120(B,C), some120(A,C)
rsome120(A,B) :- somenot120(A,C), all120(C,B)
==================== SCORES ====================
            Accuracy:	 0.964912280702
           Precision:	 1.0
              Recall:	 0.333333333333
================== STATISTICS ==================
    Rule evaluations:	28836
          Total time:	872.8328s
