================ SETTINGS ================
               files:	['./Data/Ragni/Class6/cv6_train_19.pl']
             verbose:	3
                   l:	7
                   p:	0.8
           beam_size:	100
                seed:	None
                 log:	./Logs/Ragni/Class6/cv6_rsome19.log
              target:	rsome19/2
   symmetry_breaking:	False
           probfoil1:	False
================= FINAL THEORY =================
rsome19(A,B) :- all19(C,B), \+all19(A,C), \+all19(C,A), \+some19(C,A), \+no19(A,C), \+no19(C,A)
rsome19(A,B) :- some19(B,C), some19(C,A)
rsome19(A,B) :- somenot19(C,B), no19(C,A)
rsome19(A,B) :- somenot19(C,A), all19(B,C)
rsome19(A,B) :- some19(B,C), all19(A,C)
==================== SCORES ====================
            Accuracy:	 0.836206896552
           Precision:	 0.916666666667
              Recall:	 0.379310344828
================== STATISTICS ==================
    Rule evaluations:	99817
          Total time:	1326.6783s
