================ SETTINGS ================
               files:	['./Data/Ragni/Class6/cv6_train_55.pl']
             verbose:	3
                   l:	None
                   p:	0.8
           beam_size:	100
                seed:	None
                 log:	./Logs/Ragni/Class6/cv6_rsome55.log
              target:	rsome55/2
   symmetry_breaking:	False
           probfoil1:	False
================= FINAL THEORY =================
rsome55(A,B) :- somenot55(C,A), \+no55(C,B), \+no55(B,C), \+somenot55(C,B)
==================== SCORES ====================
            Accuracy:	 0.91935483871
           Precision:	 0.5
              Recall:	 0.5
================== STATISTICS ==================
    Rule evaluations:	59840
          Total time:	740.6426s
