================ SETTINGS ================
               files:	['./Data/Ragni/Class6/cv6_train_138.pl']
             verbose:	3
                   l:	None
                   p:	0.8
           beam_size:	100
                seed:	None
                 log:	./Logs/Ragni/Class6/cv6_rno138.log
              target:	rno138/2
   symmetry_breaking:	False
           probfoil1:	False
================= FINAL THEORY =================
rno138(A,B) :- all138(B,C), all138(C,A)
==================== SCORES ====================
            Accuracy:	 0.975
           Precision:	 1.0
              Recall:	 0.25
================== STATISTICS ==================
    Rule evaluations:	17045
          Total time:	250.5756s
