================ SETTINGS ================
               files:	['./Data/Ragni/Class6/cv6_train_25.pl']
             verbose:	3
                   l:	None
                   p:	0.8
           beam_size:	100
                seed:	None
                 log:	./Logs/Ragni/Class6/cv6_rall25.log
              target:	rall25/2
   symmetry_breaking:	False
           probfoil1:	False
================= FINAL THEORY =================
rall25(A,B) :- no25(B,C), all25(A,C)
==================== SCORES ====================
            Accuracy:	 0.90350877193
           Precision:	 0.5
              Recall:	 0.0909090909091
================== STATISTICS ==================
    Rule evaluations:	31888
          Total time:	1502.9214s
