================ SETTINGS ================
               files:	['./Data/Ragni/Class6/cv6_train_37.pl']
             verbose:	3
                   l:	None
                   p:	0.8
           beam_size:	100
                seed:	None
                 log:	./Logs/Ragni/Class6/cv6_rno37.log
              target:	rno37/2
   symmetry_breaking:	False
           probfoil1:	False
================= FINAL THEORY =================
rno37(A,B) :- all37(B,C), some37(C,A)
==================== SCORES ====================
            Accuracy:	 0.982142857143
           Precision:	 1.0
              Recall:	 0.333333333333
================== STATISTICS ==================
    Rule evaluations:	24881
          Total time:	466.7167s
