================ SETTINGS ================
               files:	['./Data/Ragni/Class6/cv6_train_63.pl']
             verbose:	3
                   l:	None
                   p:	0.8
           beam_size:	100
                seed:	None
                 log:	./Logs/Ragni/Class6/cv6_rall63.log
              target:	rall63/2
   symmetry_breaking:	False
           probfoil1:	False
================= FINAL THEORY =================
rall63(A,B) :- all63(C,B), no63(C,A)
==================== SCORES ====================
            Accuracy:	 0.938596491228
           Precision:	 1.0
              Recall:	 0.125
================== STATISTICS ==================
    Rule evaluations:	25906
          Total time:	2541.6334s
