================ SETTINGS ================
               files:	['./Data/Ragni/Class6/cv6_train_84.pl']
             verbose:	3
                   l:	None
                   p:	0.8
           beam_size:	100
                seed:	None
                 log:	./Logs/Ragni/Class6/cv6_rno84.log
              target:	rno84/2
   symmetry_breaking:	False
           probfoil1:	False
================= FINAL THEORY =================
rno84(A,B) :- all84(C,A), somenot84(B,C)
==================== SCORES ====================
            Accuracy:	 0.982142857143
           Precision:	 0.5
              Recall:	 0.5
================== STATISTICS ==================
    Rule evaluations:	35461
          Total time:	1087.0707s
