================ SETTINGS ================
               files:	['./Data/Ragni/Class6/cv6_train_129.pl']
             verbose:	3
                   l:	None
                   p:	0.8
           beam_size:	100
                seed:	None
                 log:	./Logs/Ragni/Class6/cv6_rnvc129.log
              target:	rnvc129/2
   symmetry_breaking:	False
           probfoil1:	False
================= FINAL THEORY =================
rnvc129(A,B) :- some129(C,B), \+all129(C,A)
rnvc129(A,B) :- no129(B,C), \+all129(A,C), \+some129(C,A)
rnvc129(A,B) :- some129(B,C)
rnvc129(A,B) :- no129(C,A), \+all129(B,C), \+somenot129(C,B)
rnvc129(A,B) :- all129(C,A), \+all129(B,C), \+some129(C,B), \+somenot129(C,B), \+somenot129(B,C)
rnvc129(A,B) :- somenot129(B,C), \+all129(A,C), \+all129(C,A), \+some129(A,C), \+no129(A,C), \+somenot129(C,A)
==================== SCORES ====================
            Accuracy:	 0.947368421053
           Precision:	 1.0
              Recall:	 0.892857142857
================== STATISTICS ==================
    Rule evaluations:	7993
          Total time:	189.7959s
