================ SETTINGS ================
               files:	['./Data/Ragni/Class6/cv6_train_8.pl']
             verbose:	3
                   l:	None
                   p:	0.8
           beam_size:	100
                seed:	None
                 log:	./Logs/Ragni/Class6/cv6_rno8.log
              target:	rno8/2
   symmetry_breaking:	False
           probfoil1:	False
================= FINAL THEORY =================
rno8(A,B) :- all8(C,A), all8(B,C)
==================== SCORES ====================
            Accuracy:	 0.906779661017
           Precision:	 1.0
              Recall:	 0.0833333333333
================== STATISTICS ==================
    Rule evaluations:	32200
          Total time:	1551.2945s
