================ SETTINGS ================
               files:	['./Data/Ragni/Class6/cv6_train_77.pl']
             verbose:	3
                   l:	None
                   p:	0.8
           beam_size:	100
                seed:	None
                 log:	./Logs/Ragni/Class6/cv6_rall77.log
              target:	rall77/2
   symmetry_breaking:	False
           probfoil1:	False
================= FINAL THEORY =================
rall77(A,B) :- no77(C,A), \+all77(B,C), \+no77(C,B), \+no77(B,C), \+somenot77(B,C), \+some77(C,B), \+some77(B,C)
==================== SCORES ====================
            Accuracy:	 0.955357142857
           Precision:	 1.0
              Recall:	 0.285714285714
================== STATISTICS ==================
    Rule evaluations:	19424
          Total time:	383.0308s
