================ SETTINGS ================
               files:	['./Data/Ragni/Class6/cv6_train_114.pl']
             verbose:	3
                   l:	None
                   p:	0.8
           beam_size:	100
                seed:	None
                 log:	./Logs/Ragni/Class6/cv6_rnvc114.log
              target:	rnvc114/2
   symmetry_breaking:	False
           probfoil1:	False
================= FINAL THEORY =================
rnvc114(A,B) :- somenot114(C,A)
rnvc114(A,B) :- no114(A,C), \+all114(B,C)
rnvc114(A,B) :- some114(A,C), \+no114(B,C)
rnvc114(A,B) :- no114(C,A), \+all114(B,C)
rnvc114(A,B) :- somenot114(A,C), \+all114(C,B), \+all114(B,C)
rnvc114(A,B) :- some114(C,A), \+all114(C,B), \+all114(B,C)
rnvc114(A,B) :- all114(C,A), \+all114(B,C), \+some114(C,B), \+some114(B,C)
==================== SCORES ====================
            Accuracy:	 0.965517241379
           Precision:	 1.0
              Recall:	 0.953488372093
================== STATISTICS ==================
    Rule evaluations:	8454
          Total time:	130.1194s
