================ SETTINGS ================
               files:	['./Data/Ragni/Class6/cv6_train_110.pl']
             verbose:	3
                   l:	None
                   p:	0.8
           beam_size:	100
                seed:	None
                 log:	./Logs/Ragni/Class6/cv6_rnvc110.log
              target:	rnvc110/2
   symmetry_breaking:	False
           probfoil1:	False
================= FINAL THEORY =================
rnvc110(A,B) :- somenot110(B,C), \+all110(A,C)
rnvc110(A,B) :- somenot110(C,B), \+all110(C,A), \+some110(A,C)
rnvc110(A,B) :- some110(C,B), \+all110(C,A), \+no110(A,C)
rnvc110(A,B) :- no110(C,B), \+all110(A,C), \+some110(A,C), \+some110(C,A), \+somenot110(A,C)
rnvc110(A,B) :- no110(B,C), \+all110(A,C), \+some110(A,C), \+some110(C,A), \+somenot110(A,C)
rnvc110(A,B) :- some110(B,C), \+all110(C,A), \+some110(C,A), \+no110(A,C), \+no110(C,A), \+somenot110(C,A)
rnvc110(A,B) :- all110(C,B), \+all110(A,C), \+some110(A,C), \+some110(C,A), \+no110(A,C), \+no110(C,A)
==================== SCORES ====================
            Accuracy:	 1.0
           Precision:	 1.0
              Recall:	 1.0
================== STATISTICS ==================
    Rule evaluations:	12024
          Total time:	199.9035s
