================ SETTINGS ================
               files:	['./Data/Ragni/Class6/cv6_train_35.pl']
             verbose:	3
                   l:	None
                   p:	0.8
           beam_size:	100
                seed:	None
                 log:	./Logs/Ragni/Class6/cv6_rall35.log
              target:	rall35/2
   symmetry_breaking:	False
           probfoil1:	False
================= FINAL THEORY =================
rall35(A,B) :- all35(A,C), all35(C,B)
==================== SCORES ====================
            Accuracy:	 0.981132075472
           Precision:	 1.0
              Recall:	 0.333333333333
================== STATISTICS ==================
    Rule evaluations:	27901
          Total time:	419.5071s
