================ SETTINGS ================
               files:	['./Data/Ragni/Class6/cv6_train_99.pl']
             verbose:	3
                   l:	None
                   p:	0.8
           beam_size:	100
                seed:	None
                 log:	./Logs/Ragni/Class6/cv6_rnvc99.log
              target:	rnvc99/2
   symmetry_breaking:	False
           probfoil1:	False
================= FINAL THEORY =================
rnvc99(A,B) :- some99(B,C), \+all99(A,C), \+all99(C,A)
rnvc99(A,B) :- no99(A,C), \+all99(C,B), \+somenot99(B,C)
rnvc99(A,B) :- some99(A,C), \+all99(C,B), \+no99(C,B)
rnvc99(A,B) :- somenot99(A,C), \+all99(B,C), \+no99(B,C)
rnvc99(A,B) :- somenot99(C,A), \+all99(B,C), \+no99(C,B)
rnvc99(A,B) :- some99(C,A), \+all99(C,B), \+all99(B,C), \+no99(C,B), \+no99(B,C)
rnvc99(A,B) :- no99(B,C), \+all99(A,C), \+some99(C,A), \+somenot99(A,C)
==================== SCORES ====================
            Accuracy:	 0.98275862069
           Precision:	 1.0
              Recall:	 0.965517241379
================== STATISTICS ==================
    Rule evaluations:	12154
          Total time:	511.7284s
