================ SETTINGS ================
               files:	['./Data/Ragni/Class6/cv6_train_56.pl']
             verbose:	3
                   l:	None
                   p:	0.8
           beam_size:	100
                seed:	None
                 log:	./Logs/Ragni/Class6/cv6_rnvc56.log
              target:	rnvc56/2
   symmetry_breaking:	False
           probfoil1:	False
================= FINAL THEORY =================
rnvc56(A,B) :- somenot56(C,A), \+all56(C,B), \+some56(C,B), \+some56(B,C), \+no56(C,B), \+somenot56(C,B), \+somenot56(B,C)
==================== SCORES ====================
            Accuracy:	 1.0
           Precision:	 1.0
              Recall:	 1.0
================== STATISTICS ==================
    Rule evaluations:	2216
          Total time:	38.1359s
