================ SETTINGS ================
               files:	['./Data/Ragni/Class6/cv6_train_116.pl']
             verbose:	3
                   l:	None
                   p:	0.8
           beam_size:	100
                seed:	None
                 log:	./Logs/Ragni/Class6/cv6_rsomenot116.log
              target:	rsomenot116/2
   symmetry_breaking:	False
           probfoil1:	False
================= FINAL THEORY =================
rsomenot116(A,B) :- some116(B,C), \+some116(A,C), \+some116(C,A), \+no116(A,C), \+no116(C,A), \+all116(C,A), \+somenot116(C,A)
==================== SCORES ====================
            Accuracy:	 0.848214285714
           Precision:	 1.0
              Recall:	 0.105263157895
================== STATISTICS ==================
    Rule evaluations:	67547
          Total time:	1533.7053s
