================ SETTINGS ================
               files:	['./Data/Ragni/Class6/cv6_train_81.pl']
             verbose:	3
                   l:	None
                   p:	0.8
           beam_size:	100
                seed:	None
                 log:	./Logs/Ragni/Class6/cv6_rsomenot81.log
              target:	rsomenot81/2
   symmetry_breaking:	False
           probfoil1:	False
================= FINAL THEORY =================
rsomenot81(A,B) :- somenot81(A,C), \+all81(B,C), \+no81(C,B), \+no81(B,C), \+all81(C,B), \+some81(C,B), \+somenot81(B,C)
==================== SCORES ====================
            Accuracy:	 0.915254237288
           Precision:	 1.0
              Recall:	 0.230769230769
================== STATISTICS ==================
    Rule evaluations:	58388
          Total time:	2014.2434s
