================ SETTINGS ================
               files:	['./Data/Ragni/Class6/cv6_train_56.pl']
             verbose:	3
                   l:	None
                   p:	0.8
           beam_size:	100
                seed:	None
                 log:	./Logs/Ragni/Class6/cv6_rno56.log
              target:	rno56/2
   symmetry_breaking:	False
           probfoil1:	False
================= FINAL THEORY =================
rno56(A,B) :- all56(C,A), all56(B,C)
rno56(A,B) :- no56(C,A), somenot56(C,B)
==================== SCORES ====================
            Accuracy:	 0.947368421053
           Precision:	 1.0
              Recall:	 0.25
================== STATISTICS ==================
    Rule evaluations:	31573
          Total time:	711.7711s
