================ SETTINGS ================
               files:	['./Data/Ragni/Class6/cv6_train_46.pl']
             verbose:	3
                   l:	7
                   p:	0.8
           beam_size:	100
                seed:	None
                 log:	./Logs/Ragni/Class6/cv6_rsomenot46.log
              target:	rsomenot46/2
   symmetry_breaking:	False
           probfoil1:	False
================= FINAL THEORY =================
rsomenot46(A,B) :- somenot46(C,B), somenot46(A,C)
rsomenot46(A,B) :- some46(B,C), all46(C,A)
==================== SCORES ====================
            Accuracy:	 0.830508474576
           Precision:	 1.0
              Recall:	 0.0909090909091
================== STATISTICS ==================
    Rule evaluations:	66805
          Total time:	724.2126s
