================ SETTINGS ================
               files:	['./Data/Ragni/Class6/cv6_train_25.pl']
             verbose:	3
                   l:	None
                   p:	0.8
           beam_size:	100
                seed:	None
                 log:	./Logs/Ragni/Class6/cv6_rno25.log
              target:	rno25/2
   symmetry_breaking:	False
           probfoil1:	False
================= FINAL THEORY =================
rno25(A,B) :- no25(A,C), all25(C,B)
==================== SCORES ====================
            Accuracy:	 0.938596491228
           Precision:	 0.5
              Recall:	 0.142857142857
================== STATISTICS ==================
    Rule evaluations:	28581
          Total time:	1536.0244s
