================ SETTINGS ================
               files:	['./Data/Ragni/Class6/cv6_train_109.pl']
             verbose:	3
                   l:	None
                   p:	0.8
           beam_size:	100
                seed:	None
                 log:	./Logs/Ragni/Class6/cv6_rsome109.log
              target:	rsome109/2
   symmetry_breaking:	False
           probfoil1:	False
================= FINAL THEORY =================
rsome109(A,B) :- some109(C,A), all109(C,B)
==================== SCORES ====================
            Accuracy:	 0.885245901639
           Precision:	 0.5
              Recall:	 0.0714285714286
================== STATISTICS ==================
    Rule evaluations:	33839
          Total time:	358.5697s
