================ SETTINGS ================
               files:	['./Data/Ragni/Class6/cv6_train_41.pl']
             verbose:	3
                   l:	None
                   p:	0.8
           beam_size:	100
                seed:	None
                 log:	./Logs/Ragni/Class6/cv6_rsomenot41.log
              target:	rsomenot41/2
   symmetry_breaking:	False
           probfoil1:	False
================= FINAL THEORY =================
rsomenot41(A,B) :- somenot41(C,B), all41(A,C)
==================== SCORES ====================
            Accuracy:	 0.907407407407
           Precision:	 0.5
              Recall:	 0.1
================== STATISTICS ==================
    Rule evaluations:	30772
          Total time:	325.3866s
