================ SETTINGS ================
               files:	['./Data/Ragni/Class6/cv6_train_49.pl']
             verbose:	3
                   l:	None
                   p:	0.8
           beam_size:	100
                seed:	None
                 log:	./Logs/Ragni/Class6/cv6_rsome49.log
              target:	rsome49/2
   symmetry_breaking:	False
           probfoil1:	False
================= FINAL THEORY =================
rsome49(A,B) :- somenot49(A,C), all49(C,B)
==================== SCORES ====================
            Accuracy:	 0.954545454545
           Precision:	 1.0
              Recall:	 0.285714285714
================== STATISTICS ==================
    Rule evaluations:	14248
          Total time:	2028.7335s
