================ SETTINGS ================
               files:	['./Data/Ragni/Class6/cv6_train_131.pl']
             verbose:	3
                   l:	7
                   p:	0.8
           beam_size:	100
                seed:	None
                 log:	./Logs/Ragni/Class6/cv6_rsomenot131.log
              target:	rsomenot131/2
   symmetry_breaking:	False
           probfoil1:	False
================= FINAL THEORY =================
rsomenot131(A,B) :- somenot131(C,B), all131(C,A)
rsomenot131(A,B) :- some131(A,C), all131(B,C)
rsomenot131(A,B) :- some131(C,A), some131(B,C)
==================== SCORES ====================
            Accuracy:	 0.907407407407
           Precision:	 1.0
              Recall:	 0.230769230769
================== STATISTICS ==================
    Rule evaluations:	56472
          Total time:	677.9597s
