================ SETTINGS ================
               files:	['./Data/Ragni/Class6/cv6_train_67.pl']
             verbose:	3
                   l:	None
                   p:	0.8
           beam_size:	100
                seed:	None
                 log:	./Logs/Ragni/Class6/cv6_rsomenot67.log
              target:	rsomenot67/2
   symmetry_breaking:	False
           probfoil1:	False
================= FINAL THEORY =================
rsomenot67(A,B) :- somenot67(B,C), somenot67(C,A)
==================== SCORES ====================
            Accuracy:	 0.87962962963
           Precision:	 1.0
              Recall:	 0.0714285714286
================== STATISTICS ==================
    Rule evaluations:	35707
          Total time:	549.2995s
