================ SETTINGS ================
               files:	['./Data/Ragni/Class6/cv6_train_3.pl']
             verbose:	3
                   l:	None
                   p:	0.8
           beam_size:	100
                seed:	None
                 log:	./Logs/Ragni/Class6/cv6_rsomenot3.log
              target:	rsomenot3/2
   symmetry_breaking:	False
           probfoil1:	False
================= FINAL THEORY =================
rsomenot3(A,B) :- all3(A,C), all3(C,B)
==================== SCORES ====================
            Accuracy:	 0.935185185185
           Precision:	 1.0
              Recall:	 0.125
================== STATISTICS ==================
    Rule evaluations:	23776
          Total time:	473.6720s
