================ SETTINGS ================
               files:	['./Data/Ragni/Class6/cv6_train_94.pl']
             verbose:	3
                   l:	None
                   p:	0.8
           beam_size:	100
                seed:	None
                 log:	./Logs/Ragni/Class6/cv6_rsome94.log
              target:	rsome94/2
   symmetry_breaking:	False
           probfoil1:	False
================= FINAL THEORY =================
rsome94(A,B) :- some94(C,B), \+no94(A,C), \+no94(C,A), \+somenot94(C,A), \+all94(A,C), \+some94(A,C), \+some94(C,A)
rsome94(A,B) :- some94(A,C), all94(B,C)
rsome94(A,B) :- all94(C,A), somenot94(C,B)
==================== SCORES ====================
            Accuracy:	 0.883333333333
           Precision:	 1.0
              Recall:	 0.3
================== STATISTICS ==================
    Rule evaluations:	96526
          Total time:	3367.9562s
