================ SETTINGS ================
               files:	['./Data/Ragni/Class6/cv6_train_21.pl']
             verbose:	3
                   l:	7
                   p:	0.8
           beam_size:	100
                seed:	None
                 log:	./Logs/Ragni/Class6/cv6_rsome21.log
              target:	rsome21/2
   symmetry_breaking:	False
           probfoil1:	False
================= FINAL THEORY =================
rsome21(A,B) :- some21(C,B), all21(A,C)
rsome21(A,B) :- no21(C,A), some21(B,C)
==================== SCORES ====================
            Accuracy:	 0.928571428571
           Precision:	 1.0
              Recall:	 0.2
================== STATISTICS ==================
    Rule evaluations:	52934
          Total time:	529.0462s
