================ SETTINGS ================
               files:	['./Data/Ragni/Class6/cv6_train_134.pl']
             verbose:	3
                   l:	None
                   p:	0.8
           beam_size:	100
                seed:	None
                 log:	./Logs/Ragni/Class6/cv6_rnvc134.log
              target:	rnvc134/2
   symmetry_breaking:	False
           probfoil1:	False
================= FINAL THEORY =================
rnvc134(A,B) :- somenot134(C,B), \+all134(A,C), \+all134(C,A), \+some134(A,C), \+some134(C,A), \+somenot134(A,C), \+somenot134(C,A)
rnvc134(A,B) :- no134(C,B), somenot134(C,A)
rnvc134(A,B) :- somenot134(A,C), somenot134(B,C)
==================== SCORES ====================
            Accuracy:	 1.0
           Precision:	 1.0
              Recall:	 1.0
================== STATISTICS ==================
    Rule evaluations:	2982
          Total time:	91.8401s
