================ SETTINGS ================
               files:	['./Data/Ragni/Class6/cv6_train_113.pl']
             verbose:	3
                   l:	None
                   p:	0.8
           beam_size:	100
                seed:	None
                 log:	./Logs/Ragni/Class6/cv6_rall113.log
              target:	rall113/2
   symmetry_breaking:	False
           probfoil1:	False
================= FINAL THEORY =================
rall113(A,B) :- all113(C,B), all113(A,C)
==================== SCORES ====================
            Accuracy:	 0.948275862069
           Precision:	 0.5
              Recall:	 0.166666666667
================== STATISTICS ==================
    Rule evaluations:	25060
          Total time:	340.5360s
