================ SETTINGS ================
               files:	['./Data/Ragni/Class6/cv6_train_105.pl']
             verbose:	3
                   l:	None
                   p:	0.8
           beam_size:	100
                seed:	None
                 log:	./Logs/Ragni/Class6/cv6_rsome105.log
              target:	rsome105/2
   symmetry_breaking:	False
           probfoil1:	False
================= FINAL THEORY =================
rsome105(A,B) :- somenot105(C,B), \+all105(C,A), \+some105(A,C), \+no105(A,C), \+somenot105(A,C), \+somenot105(C,A), \+all105(A,C)
rsome105(A,B) :- somenot105(A,C), \+all105(B,C), \+somenot105(C,B), \+all105(C,B), \+some105(C,B), \+no105(C,B)
rsome105(A,B) :- some105(C,B), no105(A,C)
rsome105(A,B) :- somenot105(C,A), all105(C,B)
==================== SCORES ====================
            Accuracy:	 0.879310344828
           Precision:	 1.0
              Recall:	 0.44
================== STATISTICS ==================
    Rule evaluations:	86121
          Total time:	1792.0327s
