================ SETTINGS ================
               files:	['./Data/Ragni/Class6/cv6_train_121.pl']
             verbose:	3
                   l:	None
                   p:	0.8
           beam_size:	100
                seed:	None
                 log:	./Logs/Ragni/Class6/cv6_rnvc121.log
              target:	rnvc121/2
   symmetry_breaking:	False
           probfoil1:	False
================= FINAL THEORY =================
rnvc121(A,B) :- no121(A,C), \+all121(C,B), \+all121(B,C), \+some121(C,B), \+no121(C,B)
rnvc121(A,B) :- no121(C,B), \+all121(A,C), \+all121(C,A), \+no121(A,C), \+somenot121(A,C)
rnvc121(A,B) :- no121(B,C), \+all121(A,C), \+all121(C,A), \+some121(A,C), \+no121(C,A)
==================== SCORES ====================
            Accuracy:	 1.0
           Precision:	 1.0
              Recall:	 1.0
================== STATISTICS ==================
    Rule evaluations:	8774
          Total time:	139.8418s
