================ SETTINGS ================
               files:	['./Data/Ragni/Class6/cv6_train_2.pl']
             verbose:	3
                   l:	None
                   p:	0.8
           beam_size:	100
                seed:	None
                 log:	./Logs/Ragni/Class6/cv6_rall2.log
              target:	rall2/2
   symmetry_breaking:	False
           probfoil1:	False
================= FINAL THEORY =================
rall2(A,B) :- no2(B,C), \+some2(A,C), \+no2(A,C), \+no2(C,A), \+somenot2(A,C), \+somenot2(C,A), \+all2(A,C)
==================== SCORES ====================
            Accuracy:	 0.90350877193
           Precision:	 1.0
              Recall:	 0.153846153846
================== STATISTICS ==================
    Rule evaluations:	61412
          Total time:	1150.6320s
