================ SETTINGS ================
               files:	['./Data/Ragni/Class6/cv6_train_18.pl']
             verbose:	3
                   l:	None
                   p:	0.8
           beam_size:	100
                seed:	None
                 log:	./Logs/Ragni/Class6/cv6_rsomenot18.log
              target:	rsomenot18/2
   symmetry_breaking:	False
           probfoil1:	False
================= FINAL THEORY =================
rsomenot18(A,B) :- no18(A,C), all18(C,B)
==================== SCORES ====================
            Accuracy:	 0.888888888889
           Precision:	 1.0
              Recall:	 0.0769230769231
================== STATISTICS ==================
    Rule evaluations:	34060
          Total time:	753.1919s
