================ SETTINGS ================
               files:	['./Data/Ragni/Class6/cv6_train_109.pl']
             verbose:	3
                   l:	None
                   p:	0.8
           beam_size:	100
                seed:	None
                 log:	./Logs/Ragni/Class6/cv6_rall109.log
              target:	rall109/2
   symmetry_breaking:	False
           probfoil1:	False
================= FINAL THEORY =================
rall109(A,B) :- no109(C,A), \+no109(C,B), \+no109(B,C), \+somenot109(B,C)
==================== SCORES ====================
            Accuracy:	 0.885245901639
           Precision:	 0.5
              Recall:	 0.357142857143
================== STATISTICS ==================
    Rule evaluations:	63298
          Total time:	627.0259s
