================ SETTINGS ================
               files:	['./Data/Ragni/Class6/cv6_train_40.pl']
             verbose:	3
                   l:	None
                   p:	0.8
           beam_size:	100
                seed:	None
                 log:	./Logs/Ragni/Class6/cv6_rall40.log
              target:	rall40/2
   symmetry_breaking:	False
           probfoil1:	False
================= FINAL THEORY =================
rall40(A,B) :- no40(B,C), \+some40(C,A), \+no40(A,C), \+somenot40(C,A), \+some40(A,C), \+somenot40(A,C), \+no40(C,A)
==================== SCORES ====================
            Accuracy:	 0.972222222222
           Precision:	 1.0
              Recall:	 0.4
================== STATISTICS ==================
    Rule evaluations:	31207
          Total time:	495.0620s
