================ SETTINGS ================
               files:	['./Data/Ragni/Class6/cv6_train_67.pl']
             verbose:	3
                   l:	None
                   p:	0.8
           beam_size:	100
                seed:	None
                 log:	./Logs/Ragni/Class6/cv6_rall67.log
              target:	rall67/2
   symmetry_breaking:	False
           probfoil1:	False
================= FINAL THEORY =================
rall67(A,B) :- no67(C,A), all67(C,B)
==================== SCORES ====================
            Accuracy:	 0.916666666667
           Precision:	 0.5
              Recall:	 0.111111111111
================== STATISTICS ==================
    Rule evaluations:	30103
          Total time:	333.1150s
