================ SETTINGS ================
               files:	['./Data/Ragni/Class6/cv6_train_110.pl']
             verbose:	3
                   l:	None
                   p:	0.8
           beam_size:	100
                seed:	None
                 log:	./Logs/Ragni/Class6/cv6_rno110.log
              target:	rno110/2
   symmetry_breaking:	False
           probfoil1:	False
================= FINAL THEORY =================
rno110(A,B) :- all110(B,C), all110(C,A)
==================== SCORES ====================
            Accuracy:	 0.955357142857
           Precision:	 0.5
              Recall:	 0.2
================== STATISTICS ==================
    Rule evaluations:	24218
          Total time:	239.4355s
