================ SETTINGS ================
               files:	['./Data/Ragni/Class6/cv6_train_136.pl']
             verbose:	3
                   l:	None
                   p:	0.8
           beam_size:	100
                seed:	None
                 log:	./Logs/Ragni/Class6/cv6_rall136.log
              target:	rall136/2
   symmetry_breaking:	False
           probfoil1:	False
================= FINAL THEORY =================
rall136(A,B) :- no136(B,C), all136(C,A)
==================== SCORES ====================
            Accuracy:	 0.972727272727
           Precision:	 1.0
              Recall:	 0.25
================== STATISTICS ==================
    Rule evaluations:	14165
          Total time:	1802.7724s
