================ SETTINGS ================
               files:	['./Data/Ragni/Class6/cv6_train_92.pl']
             verbose:	3
                   l:	7
                   p:	0.8
           beam_size:	100
                seed:	None
                 log:	./Logs/Ragni/Class6/cv6_rall92.log
              target:	rall92/2
   symmetry_breaking:	False
           probfoil1:	False
================= FINAL THEORY =================
rall92(A,B) :- all92(C,B), no92(C,A)
==================== SCORES ====================
            Accuracy:	 0.962264150943
           Precision:	 1.0
              Recall:	 0.2
================== STATISTICS ==================
    Rule evaluations:	15597
          Total time:	129.2781s
