================ SETTINGS ================
               files:	['./Data/Ragni/Class6/cv6_train_121.pl']
             verbose:	3
                   l:	None
                   p:	0.8
           beam_size:	100
                seed:	None
                 log:	./Logs/Ragni/Class6/cv6_rall121.log
              target:	rall121/2
   symmetry_breaking:	False
           probfoil1:	False
================= FINAL THEORY =================
rall121(A,B) :- no121(C,A), \+some121(B,C), \+no121(C,B), \+some121(C,B), \+somenot121(C,B)
==================== SCORES ====================
            Accuracy:	 0.889830508475
           Precision:	 0.5
              Recall:	 0.307692307692
================== STATISTICS ==================
    Rule evaluations:	52491
          Total time:	889.8054s
