================ SETTINGS ================
               files:	['./Data/Ragni/Class6/cv6_train_57.pl']
             verbose:	3
                   l:	None
                   p:	0.8
           beam_size:	100
                seed:	None
                 log:	./Logs/Ragni/Class6/cv6_rall57.log
              target:	rall57/2
   symmetry_breaking:	False
           probfoil1:	False
================= FINAL THEORY =================
rall57(A,B) :- all57(C,B), \+some57(C,A), \+somenot57(A,C), \+some57(A,C), \+no57(C,A), \+somenot57(C,A), \+all57(C,A)
rall57(A,B) :- all57(C,A), somenot57(C,B)
==================== SCORES ====================
            Accuracy:	 0.918181818182
           Precision:	 1.0
              Recall:	 0.25
================== STATISTICS ==================
    Rule evaluations:	41870
          Total time:	964.8520s
