================ SETTINGS ================
               files:	['./Data/Ragni/Class6/cv6_train_139.pl']
             verbose:	3
                   l:	None
                   p:	0.8
           beam_size:	100
                seed:	None
                 log:	./Logs/Ragni/Class6/cv6_rsomenot139.log
              target:	rsomenot139/2
   symmetry_breaking:	False
           probfoil1:	False
================= FINAL THEORY =================
rsomenot139(A,B) :- somenot139(C,A), all139(B,C)
==================== SCORES ====================
            Accuracy:	 0.90350877193
           Precision:	 0.5
              Recall:	 0.0909090909091
================== STATISTICS ==================
    Rule evaluations:	30352
          Total time:	311.9387s
