================ SETTINGS ================
               files:	['./Data/Ragni/Class6/cv6_train_110.pl']
             verbose:	3
                   l:	None
                   p:	0.8
           beam_size:	100
                seed:	None
                 log:	./Logs/Ragni/Class6/cv6_rsome110.log
              target:	rsome110/2
   symmetry_breaking:	False
           probfoil1:	False
================= FINAL THEORY =================
rsome110(A,B) :- all110(C,A), somenot110(C,B)
==================== SCORES ====================
            Accuracy:	 0.919642857143
           Precision:	 1.0
              Recall:	 0.1
================== STATISTICS ==================
    Rule evaluations:	33451
          Total time:	501.1593s
