================ SETTINGS ================
               files:	['./Data/Ragni/Class6/cv6_train_45.pl']
             verbose:	3
                   l:	None
                   p:	0.8
           beam_size:	100
                seed:	None
                 log:	./Logs/Ragni/Class6/cv6_rnvc45.log
              target:	rnvc45/2
   symmetry_breaking:	False
           probfoil1:	False
================= FINAL THEORY =================
rnvc45(A,B) :- somenot45(B,C)
rnvc45(A,B) :- some45(C,A), \+all45(B,C)
rnvc45(A,B) :- some45(B,C), \+all45(C,A), \+no45(C,A)
rnvc45(A,B) :- no45(A,C), \+all45(B,C), \+some45(C,B)
rnvc45(A,B) :- somenot45(C,A), \+all45(C,B), \+all45(B,C)
rnvc45(A,B) :- somenot45(A,C), \+all45(B,C), \+no45(C,B), \+no45(B,C)
rnvc45(A,B) :- some45(A,C), \+all45(C,B), \+all45(B,C), \+no45(C,B), \+no45(B,C)
rnvc45(A,B) :- no45(C,A), \+all45(C,B), \+all45(B,C), \+some45(B,C), \+somenot45(C,B)
==================== SCORES ====================
            Accuracy:	 1.0
           Precision:	 1.0
              Recall:	 1.0
================== STATISTICS ==================
    Rule evaluations:	11569
          Total time:	330.9454s
