================ SETTINGS ================
               files:	['./Data/Ragni/Class6/cv6_train_27.pl']
             verbose:	3
                   l:	7
                   p:	0.8
           beam_size:	100
                seed:	None
                 log:	./Logs/Ragni/Class6/cv6_rsome27.log
              target:	rsome27/2
   symmetry_breaking:	False
           probfoil1:	False
================= FINAL THEORY =================
rsome27(A,B) :- somenot27(C,A), no27(C,B)
==================== SCORES ====================
            Accuracy:	 0.885964912281
           Precision:	 1.0
              Recall:	 0.0714285714286
================== STATISTICS ==================
    Rule evaluations:	46693
          Total time:	379.3630s
