================ SETTINGS ================
               files:	['./Data/Ragni/Class6/cv6_train_120.pl']
             verbose:	3
                   l:	7
                   p:	0.8
           beam_size:	100
                seed:	None
                 log:	./Logs/Ragni/Class6/cv6_rsomenot120.log
              target:	rsomenot120/2
   symmetry_breaking:	False
           probfoil1:	False
================= FINAL THEORY =================
rsomenot120(A,B) :- somenot120(B,C), no120(A,C)
rsomenot120(A,B) :- some120(B,C), somenot120(A,C)
rsomenot120(A,B) :- somenot120(C,B), \+somenot120(C,A), \+no120(C,A), \+all120(C,A), \+some120(A,C), \+some120(C,A)
rsomenot120(A,B) :- somenot120(B,C), no120(C,A)
rsomenot120(A,B) :- somenot120(C,A), no120(C,B)
==================== SCORES ====================
            Accuracy:	 0.824561403509
           Precision:	 0.9
              Recall:	 0.321428571429
================== STATISTICS ==================
    Rule evaluations:	107506
          Total time:	1503.1362s
