================ SETTINGS ================
               files:	['./Data/Ragni/Class6/cv6_train_28.pl']
             verbose:	3
                   l:	7
                   p:	0.8
           beam_size:	100
                seed:	None
                 log:	./Logs/Ragni/Class6/cv6_rsome28.log
              target:	rsome28/2
   symmetry_breaking:	False
           probfoil1:	False
================= FINAL THEORY =================
rsome28(A,B) :- all28(C,B), \+some28(C,A), \+no28(C,A), \+all28(A,C), \+somenot28(C,A), \+all28(C,A)
rsome28(A,B) :- some28(C,A), somenot28(B,C)
rsome28(A,B) :- somenot28(A,C), some28(B,C)
==================== SCORES ====================
            Accuracy:	 0.847457627119
           Precision:	 0.888888888889
              Recall:	 0.32
================== STATISTICS ==================
    Rule evaluations:	78468
          Total time:	916.1174s
