================ SETTINGS ================
               files:	['./Data/Ragni/Class6/cv6_train_131.pl']
             verbose:	3
                   l:	7
                   p:	0.8
           beam_size:	100
                seed:	None
                 log:	./Logs/Ragni/Class6/cv6_rno131.log
              target:	rno131/2
   symmetry_breaking:	False
           probfoil1:	False
================= FINAL THEORY =================
rno131(A,B) :- no131(A,C), all131(C,B)
==================== SCORES ====================
            Accuracy:	 0.898148148148
           Precision:	 1.0
              Recall:	 0.0833333333333
================== STATISTICS ==================
    Rule evaluations:	40611
          Total time:	343.8538s
