================ SETTINGS ================
               files:	['./Data/Ragni/Class6/cv6_train_34.pl']
             verbose:	3
                   l:	7
                   p:	0.8
           beam_size:	100
                seed:	None
                 log:	./Logs/Ragni/Class6/cv6_rnvc34.log
              target:	rnvc34/2
   symmetry_breaking:	False
           probfoil1:	False
================= FINAL THEORY =================
rnvc34(A,B) :- no34(B,C), no34(A,C)
rnvc34(A,B) :- no34(C,B), some34(C,A)
rnvc34(A,B) :- somenot34(C,A), no34(C,B)
rnvc34(A,B) :- no34(C,A), no34(B,C)
==================== SCORES ====================
            Accuracy:	 1.0
           Precision:	 1.0
              Recall:	 1.0
================== STATISTICS ==================
    Rule evaluations:	6614
          Total time:	61.2689s
