================ SETTINGS ================
               files:	['./Data/Ragni/Class6/cv6_train_135.pl']
             verbose:	3
                   l:	7
                   p:	0.8
           beam_size:	100
                seed:	None
                 log:	./Logs/Ragni/Class6/cv6_rsomenot135.log
              target:	rsomenot135/2
   symmetry_breaking:	False
           probfoil1:	False
================= FINAL THEORY =================
rsomenot135(A,B) :- all135(B,C), \+no135(A,C), \+no135(C,A), \+all135(C,A), \+somenot135(A,C)
==================== SCORES ====================
            Accuracy:	 0.885964912281
           Precision:	 0.5
              Recall:	 0.307692307692
================== STATISTICS ==================
    Rule evaluations:	38013
          Total time:	224.6481s
