================ SETTINGS ================
               files:	['./Data/Ragni/Class6/cv6_train_96.pl']
             verbose:	3
                   l:	None
                   p:	0.8
           beam_size:	100
                seed:	None
                 log:	./Logs/Ragni/Class6/cv6_rall96.log
              target:	rall96/2
   symmetry_breaking:	False
           probfoil1:	False
================= FINAL THEORY =================
rall96(A,B) :- no96(C,A), \+all96(B,C), \+no96(C,B), \+somenot96(C,B), \+somenot96(B,C), \+all96(C,B), \+no96(B,C)
rall96(A,B) :- no96(B,C), some96(C,A)
==================== SCORES ====================
            Accuracy:	 0.955357142857
           Precision:	 1.0
              Recall:	 0.375
================== STATISTICS ==================
    Rule evaluations:	27118
          Total time:	593.2804s
