================ SETTINGS ================
               files:	['./Data/Ragni/Class6/cv6_train_107.pl']
             verbose:	3
                   l:	None
                   p:	0.8
           beam_size:	100
                seed:	None
                 log:	./Logs/Ragni/Class6/cv6_rno107.log
              target:	rno107/2
   symmetry_breaking:	False
           probfoil1:	False
================= FINAL THEORY =================
rno107(A,B) :- no107(C,A), all107(C,B)
==================== SCORES ====================
            Accuracy:	 0.949152542373
           Precision:	 0.5
              Recall:	 0.166666666667
================== STATISTICS ==================
    Rule evaluations:	26573
          Total time:	298.5590s
