================ SETTINGS ================
               files:	['./Data/Ragni/Class6/cv6_train_109.pl']
             verbose:	3
                   l:	None
                   p:	0.8
           beam_size:	100
                seed:	None
                 log:	./Logs/Ragni/Class6/cv6_rsomenot109.log
              target:	rsomenot109/2
   symmetry_breaking:	False
           probfoil1:	False
================= FINAL THEORY =================
rsomenot109(A,B) :- no109(C,A), somenot109(B,C)
==================== SCORES ====================
            Accuracy:	 0.934426229508
           Precision:	 1.0
              Recall:	 0.2
================== STATISTICS ==================
    Rule evaluations:	19479
          Total time:	246.9097s
