================ SETTINGS ================
               files:	['./Data/Ragni/Class6/cv6_train_83.pl']
             verbose:	3
                   l:	7
                   p:	0.8
           beam_size:	100
                seed:	None
                 log:	./Logs/Ragni/Class6/cv6_rsomenot83.log
              target:	rsomenot83/2
   symmetry_breaking:	False
           probfoil1:	False
================= FINAL THEORY =================
rsomenot83(A,B) :- all83(B,C), no83(C,A)
rsomenot83(A,B) :- some83(B,C), no83(A,C)
rsomenot83(A,B) :- all83(A,C), somenot83(B,C)
==================== SCORES ====================
            Accuracy:	 0.853448275862
           Precision:	 1.0
              Recall:	 0.15
================== STATISTICS ==================
    Rule evaluations:	87476
          Total time:	959.6482s
