================ SETTINGS ================
               files:	['./Data/Ragni/Class6/cv6_train_130.pl']
             verbose:	3
                   l:	None
                   p:	0.8
           beam_size:	100
                seed:	None
                 log:	./Logs/Ragni/Class6/cv6_rnvc130.log
              target:	rnvc130/2
   symmetry_breaking:	False
           probfoil1:	False
================= FINAL THEORY =================
rnvc130(A,B) :- no130(A,C), \+all130(B,C)
rnvc130(A,B) :- some130(C,B), \+all130(A,C)
rnvc130(A,B) :- somenot130(C,B), \+all130(A,C)
rnvc130(A,B) :- no130(C,B), \+all130(A,C)
rnvc130(A,B) :- some130(B,C), \+all130(A,C), \+all130(C,A)
rnvc130(A,B) :- no130(B,C), \+all130(A,C), \+some130(A,C), \+somenot130(A,C)
rnvc130(A,B) :- somenot130(B,C), \+all130(A,C), \+all130(C,A), \+somenot130(C,A)
==================== SCORES ====================
            Accuracy:	 0.982142857143
           Precision:	 1.0
              Recall:	 0.96875
================== STATISTICS ==================
    Rule evaluations:	7663
          Total time:	124.7983s
