================ SETTINGS ================
               files:	['./Data/Ragni/Class6/cv6_train_118.pl']
             verbose:	3
                   l:	None
                   p:	0.8
           beam_size:	100
                seed:	None
                 log:	./Logs/Ragni/Class6/cv6_rsomenot118.log
              target:	rsomenot118/2
   symmetry_breaking:	False
           probfoil1:	False
================= FINAL THEORY =================
rsomenot118(A,B) :- somenot118(A,C), no118(C,B)
rsomenot118(A,B) :- some118(A,C), no118(B,C)
rsomenot118(A,B) :- all118(A,C), some118(B,C)
==================== SCORES ====================
            Accuracy:	 0.926229508197
           Precision:	 1.0
              Recall:	 0.307692307692
================== STATISTICS ==================
    Rule evaluations:	48614
          Total time:	1562.4589s
