================ SETTINGS ================
               files:	['./Data/Ragni/Class6/cv6_train_18.pl']
             verbose:	3
                   l:	None
                   p:	0.8
           beam_size:	100
                seed:	None
                 log:	./Logs/Ragni/Class6/cv6_rsome18.log
              target:	rsome18/2
   symmetry_breaking:	False
           probfoil1:	False
================= FINAL THEORY =================
rsome18(A,B) :- somenot18(C,A), all18(C,B)
==================== SCORES ====================
            Accuracy:	 0.842592592593
           Precision:	 1.0
              Recall:	 0.0555555555556
================== STATISTICS ==================
    Rule evaluations:	64827
          Total time:	1491.8013s
