================ SETTINGS ================
               files:	['./Data/Ragni/Class6/cv6_train_119.pl']
             verbose:	3
                   l:	None
                   p:	0.8
           beam_size:	100
                seed:	None
                 log:	./Logs/Ragni/Class6/cv6_rall119.log
              target:	rall119/2
   symmetry_breaking:	False
           probfoil1:	False
================= FINAL THEORY =================
rall119(A,B) :- no119(A,C), some119(B,C)
rall119(A,B) :- all119(B,C), no119(C,A)
==================== SCORES ====================
            Accuracy:	 0.924528301887
           Precision:	 1.0
              Recall:	 0.2
================== STATISTICS ==================
    Rule evaluations:	44228
          Total time:	1168.8324s
