================ SETTINGS ================
               files:	['./Data/Ragni/Class6/cv6_train_94.pl']
             verbose:	3
                   l:	None
                   p:	0.8
           beam_size:	100
                seed:	None
                 log:	./Logs/Ragni/Class6/cv6_rno94.log
              target:	rno94/2
   symmetry_breaking:	False
           probfoil1:	False
================= FINAL THEORY =================
rno94(A,B) :- no94(A,C), \+some94(C,B), \+somenot94(B,C), \+some94(B,C)
==================== SCORES ====================
            Accuracy:	 0.916666666667
           Precision:	 0.5
              Recall:	 0.5
================== STATISTICS ==================
    Rule evaluations:	58846
          Total time:	675.1205s
