================ SETTINGS ================
               files:	['./Data/Ragni/Class6/cv6_train_97.pl']
             verbose:	3
                   l:	None
                   p:	0.8
           beam_size:	100
                seed:	None
                 log:	./Logs/Ragni/Class6/cv6_rsomenot97.log
              target:	rsomenot97/2
   symmetry_breaking:	False
           probfoil1:	False
================= FINAL THEORY =================
rsomenot97(A,B) :- some97(C,A), all97(C,B)
==================== SCORES ====================
            Accuracy:	 0.933333333333
           Precision:	 0.5
              Recall:	 0.125
================== STATISTICS ==================
    Rule evaluations:	29354
          Total time:	390.4664s
