================ SETTINGS ================
               files:	['./Data/Ragni/Class6/cv6_train_96.pl']
             verbose:	3
                   l:	None
                   p:	0.8
           beam_size:	100
                seed:	None
                 log:	./Logs/Ragni/Class6/cv6_rno96.log
              target:	rno96/2
   symmetry_breaking:	False
           probfoil1:	False
================= FINAL THEORY =================
rno96(A,B) :- no96(A,C), all96(C,B)
==================== SCORES ====================
            Accuracy:	 0.946428571429
           Precision:	 0.5
              Recall:	 0.166666666667
================== STATISTICS ==================
    Rule evaluations:	26866
          Total time:	346.0791s
