================ SETTINGS ================
               files:	['./Data/Ragni/Class6/cv6_train_107.pl']
             verbose:	3
                   l:	None
                   p:	0.8
           beam_size:	100
                seed:	None
                 log:	./Logs/Ragni/Class6/cv6_rsomenot107.log
              target:	rsomenot107/2
   symmetry_breaking:	False
           probfoil1:	False
================= FINAL THEORY =================
rsomenot107(A,B) :- all107(C,B), some107(C,A)
==================== SCORES ====================
            Accuracy:	 0.881355932203
           Precision:	 1.0
              Recall:	 0.0666666666667
================== STATISTICS ==================
    Rule evaluations:	39079
          Total time:	650.6626s
