================ SETTINGS ================
               files:	['./Data/Ragni/Class6/cv6_train_29.pl']
             verbose:	3
                   l:	7
                   p:	0.8
           beam_size:	100
                seed:	None
                 log:	./Logs/Ragni/Class6/cv6_rsomenot29.log
              target:	rsomenot29/2
   symmetry_breaking:	False
           probfoil1:	False
================= FINAL THEORY =================
rsomenot29(A,B) :- somenot29(B,C), \+somenot29(A,C), \+somenot29(C,A), \+all29(C,A), \+some29(A,C), \+no29(C,A)
rsomenot29(A,B) :- somenot29(C,B), \+no29(A,C), \+somenot29(A,C), \+somenot29(C,A), \+all29(A,C), \+all29(C,A)
rsomenot29(A,B) :- all29(C,B), no29(A,C)
rsomenot29(A,B) :- no29(C,B), somenot29(A,C)
==================== SCORES ====================
            Accuracy:	 0.88679245283
           Precision:	 0.916666666667
              Recall:	 0.5
================== STATISTICS ==================
    Rule evaluations:	82321
          Total time:	1033.5229s
