================ SETTINGS ================
               files:	['./Data/Ragni/Class6/cv6_train_137.pl']
             verbose:	3
                   l:	7
                   p:	0.8
           beam_size:	100
                seed:	None
                 log:	./Logs/Ragni/Class6/cv6_rnvc137.log
              target:	rnvc137/2
   symmetry_breaking:	False
           probfoil1:	False
================= FINAL THEORY =================
rnvc137(A,B) :- some137(B,C), \+all137(C,A), \+no137(A,C), \+no137(C,A)
rnvc137(A,B) :- some137(C,A), \+all137(C,B), \+no137(C,B), \+no137(B,C)
rnvc137(A,B) :- some137(A,C), \+all137(C,B), \+no137(C,B), \+no137(B,C)
rnvc137(A,B) :- somenot137(C,A), \+all137(C,B), \+no137(C,B), \+no137(B,C)
rnvc137(A,B) :- all137(A,C), \+all137(C,B), \+no137(C,B), \+no137(B,C), \+somenot137(B,C)
rnvc137(A,B) :- no137(C,B), \+all137(A,C), \+some137(A,C), \+some137(C,A), \+somenot137(A,C), \+somenot137(C,A)
rnvc137(A,B) :- somenot137(A,C), \+all137(C,B), \+all137(B,C), \+some137(C,B), \+no137(C,B)
rnvc137(A,B) :- no137(A,C), no137(B,C)
rnvc137(A,B) :- no137(C,A), all137(C,B)
==================== SCORES ====================
            Accuracy:	 1.0
           Precision:	 1.0
              Recall:	 1.0
================== STATISTICS ==================
    Rule evaluations:	28215
          Total time:	274.6169s
