================ SETTINGS ================
               files:	['./Data/Ragni/Class6/cv6_train_64.pl']
             verbose:	3
                   l:	None
                   p:	0.8
           beam_size:	100
                seed:	None
                 log:	./Logs/Ragni/Class6/cv6_rall64.log
              target:	rall64/2
   symmetry_breaking:	False
           probfoil1:	False
================= FINAL THEORY =================
rall64(A,B) :- no64(C,A), all64(C,B)
==================== SCORES ====================
            Accuracy:	 0.946428571429
           Precision:	 0.5
              Recall:	 0.166666666667
================== STATISTICS ==================
    Rule evaluations:	25722
          Total time:	1278.7968s
