================ SETTINGS ================
               files:	['./Data/Ragni/Class6/cv6_train_25.pl']
             verbose:	3
                   l:	None
                   p:	0.8
           beam_size:	100
                seed:	None
                 log:	./Logs/Ragni/Class6/cv6_rsome25.log
              target:	rsome25/2
   symmetry_breaking:	False
           probfoil1:	False
================= FINAL THEORY =================
rsome25(A,B) :- somenot25(C,A), \+no25(C,B), \+no25(B,C), \+all25(C,B), \+some25(C,B)
rsome25(A,B) :- some25(A,C), no25(C,B)
==================== SCORES ====================
            Accuracy:	 0.90350877193
           Precision:	 1.0
              Recall:	 0.3125
================== STATISTICS ==================
    Rule evaluations:	41234
          Total time:	4934.3800s
