================ SETTINGS ================
               files:	['./Data/Ragni/Class6/cv6_train_105.pl']
             verbose:	3
                   l:	None
                   p:	0.8
           beam_size:	100
                seed:	None
                 log:	./Logs/Ragni/Class6/cv6_rnvc105.log
              target:	rnvc105/2
   symmetry_breaking:	False
           probfoil1:	False
================= FINAL THEORY =================
rnvc105(A,B) :- all105(A,C), \+all105(C,B), \+some105(C,B), \+some105(B,C), \+no105(C,B), \+no105(B,C)
rnvc105(A,B) :- no105(A,C), \+all105(C,B), \+all105(B,C), \+some105(C,B), \+some105(B,C), \+somenot105(C,B)
rnvc105(A,B) :- no105(C,A), \+all105(B,C), \+some105(C,B), \+no105(B,C), \+somenot105(C,B), \+somenot105(B,C)
rnvc105(A,B) :- all105(C,B), all105(C,A)
rnvc105(A,B) :- somenot105(C,B), somenot105(C,A)
==================== SCORES ====================
            Accuracy:	 1.0
           Precision:	 1.0
              Recall:	 1.0
================== STATISTICS ==================
    Rule evaluations:	15239
          Total time:	236.0380s
