================ SETTINGS ================
               files:	['./Data/Ragni/Class6/cv6_train_72.pl']
             verbose:	3
                   l:	None
                   p:	0.8
           beam_size:	100
                seed:	None
                 log:	./Logs/Ragni/Class6/cv6_rsomenot72.log
              target:	rsomenot72/2
   symmetry_breaking:	False
           probfoil1:	False
================= FINAL THEORY =================
rsomenot72(A,B) :- somenot72(A,C), \+all72(B,C), \+somenot72(B,C), \+some72(B,C), \+no72(C,B), \+no72(B,C), \+somenot72(C,B)
rsomenot72(A,B) :- some72(A,C), all72(B,C)
==================== SCORES ====================
            Accuracy:	 0.827586206897
           Precision:	 1.0
              Recall:	 0.130434782609
================== STATISTICS ==================
    Rule evaluations:	89202
          Total time:	4312.5394s
