================ SETTINGS ================
               files:	['./Data/Ragni/Class6/cv6_train_109.pl']
             verbose:	3
                   l:	None
                   p:	0.8
           beam_size:	100
                seed:	None
                 log:	./Logs/Ragni/Class6/cv6_rno109.log
              target:	rno109/2
   symmetry_breaking:	False
           probfoil1:	False
================= FINAL THEORY =================
rno109(A,B) :- no109(B,C), all109(C,A)
==================== SCORES ====================
            Accuracy:	 0.934426229508
           Precision:	 0.5
              Recall:	 0.125
================== STATISTICS ==================
    Rule evaluations:	29400
          Total time:	320.5829s
