================ SETTINGS ================
               files:	['./Data/Ragni/Class6/cv6_train_41.pl']
             verbose:	3
                   l:	None
                   p:	0.8
           beam_size:	100
                seed:	None
                 log:	./Logs/Ragni/Class6/cv6_rnvc41.log
              target:	rnvc41/2
   symmetry_breaking:	False
           probfoil1:	False
================= FINAL THEORY =================
rnvc41(A,B) :- somenot41(C,B), \+all41(A,C), \+all41(C,A)
rnvc41(A,B) :- somenot41(B,C), \+all41(A,C), \+all41(C,A)
rnvc41(A,B) :- some41(C,B), \+all41(A,C), \+no41(A,C)
rnvc41(A,B) :- some41(B,C), \+all41(A,C), \+all41(C,A), \+no41(A,C)
rnvc41(A,B) :- no41(C,B), \+all41(A,C), \+some41(A,C), \+no41(A,C)
rnvc41(A,B) :- no41(A,C), \+some41(C,B), \+some41(B,C), \+no41(C,B)
rnvc41(A,B) :- all41(C,A), \+some41(B,C), \+no41(B,C), \+somenot41(C,B), \+somenot41(B,C)
==================== SCORES ====================
            Accuracy:	 0.981481481481
           Precision:	 1.0
              Recall:	 0.961538461538
================== STATISTICS ==================
    Rule evaluations:	15833
          Total time:	242.2094s
