================ SETTINGS ================
               files:	['./Data/Ragni/Class3/cv3_train_70.pl']
             verbose:	3
                   l:	None
                   p:	0.8
           beam_size:	100
                seed:	None
                 log:	./Logs/Ragni/Class3/cv3_rno70.log
              target:	rno70/2
   symmetry_breaking:	False
           probfoil1:	False
================= FINAL THEORY =================
rno70(A,B) :- all70(B,C), all70(C,A)
==================== SCORES ====================
            Accuracy:	 0.98275862069
           Precision:	 0.5
              Recall:	 0.5
================== STATISTICS ==================
    Rule evaluations:	35700
          Total time:	426.0246s
