================ SETTINGS ================
               files:	['./Data/Ragni/Class3/cv3_train_35.pl']
             verbose:	3
                   l:	None
                   p:	0.8
           beam_size:	100
                seed:	None
                 log:	./Logs/Ragni/Class3/cv3_rsomenot35.log
              target:	rsomenot35/2
   symmetry_breaking:	False
           probfoil1:	False
================= FINAL THEORY =================
rsomenot35(A,B) :- somenot35(C,B), all35(A,C)
==================== SCORES ====================
            Accuracy:	 0.932203389831
           Precision:	 1.0
              Recall:	 0.111111111111
================== STATISTICS ==================
    Rule evaluations:	27854
          Total time:	2350.2279s
