================ SETTINGS ================
               files:	['./Data/Ragni/Class3/cv3_train_135.pl']
             verbose:	3
                   l:	None
                   p:	0.8
           beam_size:	100
                seed:	None
                 log:	./Logs/Ragni/Class3/cv3_rall135.log
              target:	rall135/2
   symmetry_breaking:	False
           probfoil1:	False
================= FINAL THEORY =================
rall135(A,B) :- no135(B,C), all135(A,C)
rall135(A,B) :- no135(C,B), no135(A,C)
==================== SCORES ====================
            Accuracy:	 0.918181818182
           Precision:	 1.0
              Recall:	 0.181818181818
================== STATISTICS ==================
    Rule evaluations:	44933
          Total time:	2937.0890s
