================ SETTINGS ================
               files:	['./Data/Ragni/Class3/cv3_train_63.pl']
             verbose:	3
                   l:	None
                   p:	0.8
           beam_size:	100
                seed:	None
                 log:	./Logs/Ragni/Class3/cv3_rno63.log
              target:	rno63/2
   symmetry_breaking:	False
           probfoil1:	False
================= FINAL THEORY =================
rno63(A,B) :- all63(A,C), no63(C,B)
==================== SCORES ====================
            Accuracy:	 0.974137931034
           Precision:	 0.5
              Recall:	 0.333333333333
================== STATISTICS ==================
    Rule evaluations:	33039
          Total time:	726.7735s
