================ SETTINGS ================
               files:	['./Data/Ragni/Class3/cv3_train_53.pl']
             verbose:	3
                   l:	7
                   p:	0.8
           beam_size:	100
                seed:	None
                 log:	./Logs/Ragni/Class3/cv3_rsomenot53.log
              target:	rsomenot53/2
   symmetry_breaking:	False
           probfoil1:	False
================= FINAL THEORY =================
rsomenot53(A,B) :- somenot53(C,B), somenot53(A,C)
==================== SCORES ====================
            Accuracy:	 0.858333333333
           Precision:	 1.0
              Recall:	 0.0555555555556
================== STATISTICS ==================
    Rule evaluations:	49280
          Total time:	376.7959s
