================ SETTINGS ================
               files:	['./Data/Ragni/Class3/cv3_train_119.pl']
             verbose:	3
                   l:	None
                   p:	0.8
           beam_size:	100
                seed:	None
                 log:	./Logs/Ragni/Class3/cv3_rall119.log
              target:	rall119/2
   symmetry_breaking:	False
           probfoil1:	False
================= FINAL THEORY =================
rall119(A,B) :- no119(C,B), somenot119(C,A)
==================== SCORES ====================
            Accuracy:	 0.916666666667
           Precision:	 1.0
              Recall:	 0.0909090909091
================== STATISTICS ==================
    Rule evaluations:	30714
          Total time:	748.1286s
