================ SETTINGS ================
               files:	['./Data/Ragni/Class3/cv3_train_76.pl']
             verbose:	3
                   l:	None
                   p:	0.8
           beam_size:	100
                seed:	None
                 log:	./Logs/Ragni/Class3/cv3_rsomenot76.log
              target:	rsomenot76/2
   symmetry_breaking:	False
           probfoil1:	False
================= FINAL THEORY =================
rsomenot76(A,B) :- somenot76(A,C), \+all76(C,B), \+some76(B,C)
==================== SCORES ====================
            Accuracy:	 0.847457627119
           Precision:	 0.5
              Recall:	 0.333333333333
================== STATISTICS ==================
    Rule evaluations:	72021
          Total time:	811.6442s
