================ SETTINGS ================
               files:	['./Data/Ragni/Class3/cv3_train_75.pl']
             verbose:	3
                   l:	None
                   p:	0.8
           beam_size:	100
                seed:	None
                 log:	./Logs/Ragni/Class3/cv3_rsome75.log
              target:	rsome75/2
   symmetry_breaking:	False
           probfoil1:	False
================= FINAL THEORY =================
rsome75(A,B) :- somenot75(B,C), no75(A,C)
==================== SCORES ====================
            Accuracy:	 0.87037037037
           Precision:	 1.0
              Recall:	 0.125
================== STATISTICS ==================
    Rule evaluations:	27339
          Total time:	441.6927s
