================ SETTINGS ================
               files:	['./Data/Ragni/Class3/cv3_train_13.pl']
             verbose:	3
                   l:	None
                   p:	0.8
           beam_size:	100
                seed:	None
                 log:	./Logs/Ragni/Class3/cv3_rnvc13.log
              target:	rnvc13/2
   symmetry_breaking:	False
           probfoil1:	False
================= FINAL THEORY =================
rnvc13(A,B) :- no13(A,C)
rnvc13(A,B) :- somenot13(C,A), \+all13(B,C)
rnvc13(A,B) :- some13(A,C), \+all13(C,B)
rnvc13(A,B) :- no13(C,A), \+all13(B,C), \+somenot13(C,B)
rnvc13(A,B) :- somenot13(A,C), \+somenot13(C,B)
rnvc13(A,B) :- all13(A,C), \+no13(C,B), \+no13(B,C), \+somenot13(C,B)
rnvc13(A,B) :- some13(C,A), \+all13(C,B), \+all13(B,C)
==================== SCORES ====================
            Accuracy:	 0.981132075472
           Precision:	 1.0
              Recall:	 0.972972972973
================== STATISTICS ==================
    Rule evaluations:	6517
          Total time:	562.1626s
