================ SETTINGS ================
               files:	['./Data/Ragni/Class3/cv3_train_19.pl']
             verbose:	3
                   l:	None
                   p:	0.8
           beam_size:	100
                seed:	None
                 log:	./Logs/Ragni/Class3/cv3_rno19.log
              target:	rno19/2
   symmetry_breaking:	False
           probfoil1:	False
================= FINAL THEORY =================
rno19(A,B) :- all19(C,B), all19(A,C)
==================== SCORES ====================
            Accuracy:	 0.972727272727
           Precision:	 1.0
              Recall:	 0.25
================== STATISTICS ==================
    Rule evaluations:	11487
          Total time:	178.2541s
