================ SETTINGS ================
               files:	['./Data/Ragni/Class3/cv3_train_88.pl']
             verbose:	3
                   l:	None
                   p:	0.8
           beam_size:	100
                seed:	None
                 log:	./Logs/Ragni/Class3/cv3_rsomenot88.log
              target:	rsomenot88/2
   symmetry_breaking:	False
           probfoil1:	False
================= FINAL THEORY =================
rsomenot88(A,B) :- no88(C,A), all88(C,B)
==================== SCORES ====================
            Accuracy:	 0.912280701754
           Precision:	 1.0
              Recall:	 0.0909090909091
================== STATISTICS ==================
    Rule evaluations:	32616
          Total time:	1733.7830s
