================ SETTINGS ================
               files:	['./Data/Ragni/Class3/cv3_train_10.pl']
             verbose:	3
                   l:	None
                   p:	0.8
           beam_size:	100
                seed:	None
                 log:	./Logs/Ragni/Class3/cv3_rsome10.log
              target:	rsome10/2
   symmetry_breaking:	False
           probfoil1:	False
================= FINAL THEORY =================
rsome10(A,B) :- some10(C,A), all10(C,B)
==================== SCORES ====================
            Accuracy:	 0.9
           Precision:	 0.5
              Recall:	 0.0833333333333
================== STATISTICS ==================
    Rule evaluations:	32921
          Total time:	774.1243s
