================ SETTINGS ================
               files:	['./Data/Ragni/Class3/cv3_train_119.pl']
             verbose:	3
                   l:	None
                   p:	0.8
           beam_size:	100
                seed:	None
                 log:	./Logs/Ragni/Class3/cv3_rno119.log
              target:	rno119/2
   symmetry_breaking:	False
           probfoil1:	False
================= FINAL THEORY =================
rno119(A,B) :- no119(C,A), all119(C,B)
==================== SCORES ====================
            Accuracy:	 0.958333333333
           Precision:	 1.0
              Recall:	 0.166666666667
================== STATISTICS ==================
    Rule evaluations:	19465
          Total time:	401.4476s
