================ SETTINGS ================
               files:	['./Data/Ragni/Class3/cv3_train_125.pl']
             verbose:	3
                   l:	None
                   p:	0.8
           beam_size:	100
                seed:	None
                 log:	./Logs/Ragni/Class3/cv3_rall125.log
              target:	rall125/2
   symmetry_breaking:	False
           probfoil1:	False
================= FINAL THEORY =================
rall125(A,B) :- no125(C,A), all125(B,C)
==================== SCORES ====================
            Accuracy:	 0.954545454545
           Precision:	 1.0
              Recall:	 0.166666666667
================== STATISTICS ==================
    Rule evaluations:	21899
          Total time:	325.4249s
