================ SETTINGS ================
               files:	['./Data/Ragni/Class3/cv3_train_88.pl']
             verbose:	3
                   l:	7
                   p:	0.8
           beam_size:	100
                seed:	None
                 log:	./Logs/Ragni/Class3/cv3_rsome88.log
              target:	rsome88/2
   symmetry_breaking:	False
           probfoil1:	False
================= FINAL THEORY =================
rsome88(A,B) :- some88(C,B), all88(A,C)
rsome88(A,B) :- somenot88(B,C), some88(C,A)
rsome88(A,B) :- some88(B,C), somenot88(C,A)
==================== SCORES ====================
            Accuracy:	 0.90350877193
           Precision:	 1.0
              Recall:	 0.214285714286
================== STATISTICS ==================
    Rule evaluations:	61208
          Total time:	778.1580s
