================ SETTINGS ================
               files:	['./Data/Ragni/Class3/cv3_train_99.pl']
             verbose:	3
                   l:	None
                   p:	0.8
           beam_size:	100
                seed:	None
                 log:	./Logs/Ragni/Class3/cv3_rall99.log
              target:	rall99/2
   symmetry_breaking:	False
           probfoil1:	False
================= FINAL THEORY =================
rall99(A,B) :- all99(C,A), no99(B,C)
==================== SCORES ====================
            Accuracy:	 0.975409836066
           Precision:	 1.0
              Recall:	 0.25
================== STATISTICS ==================
    Rule evaluations:	13979
          Total time:	182.2530s
