================ SETTINGS ================
               files:	['./Data/Ragni/Class3/cv3_train_56.pl']
             verbose:	3
                   l:	None
                   p:	0.8
           beam_size:	100
                seed:	None
                 log:	./Logs/Ragni/Class3/cv3_rno56.log
              target:	rno56/2
   symmetry_breaking:	False
           probfoil1:	False
================= FINAL THEORY =================
rno56(A,B) :- no56(C,B), all56(A,C)
==================== SCORES ====================
            Accuracy:	 0.919642857143
           Precision:	 0.5
              Recall:	 0.111111111111
================== STATISTICS ==================
    Rule evaluations:	29477
          Total time:	324.3105s
