================ SETTINGS ================
               files:	['./Data/Ragni/Class3/cv3_train_54.pl']
             verbose:	3
                   l:	7
                   p:	0.8
           beam_size:	100
                seed:	None
                 log:	./Logs/Ragni/Class3/cv3_rsomenot54.log
              target:	rsomenot54/2
   symmetry_breaking:	False
           probfoil1:	False
================= FINAL THEORY =================
rsomenot54(A,B) :- somenot54(C,A), some54(C,B)
==================== SCORES ====================
            Accuracy:	 0.896551724138
           Precision:	 1.0
              Recall:	 0.0769230769231
================== STATISTICS ==================
    Rule evaluations:	33752
          Total time:	292.8917s
