================ SETTINGS ================
               files:	['./Data/Ragni/Class3/cv3_train_139.pl']
             verbose:	3
                   l:	7
                   p:	0.8
           beam_size:	100
                seed:	None
                 log:	./Logs/Ragni/Class3/cv3_rno139.log
              target:	rno139/2
   symmetry_breaking:	False
           probfoil1:	False
================= FINAL THEORY =================
rno139(A,B) :- no139(C,A), somenot139(B,C)
==================== SCORES ====================
            Accuracy:	 0.922413793103
           Precision:	 1.0
              Recall:	 0.1
================== STATISTICS ==================
    Rule evaluations:	30898
          Total time:	440.8287s
