================ SETTINGS ================
               files:	['./Data/Ragni/Class3/cv3_train_113.pl']
             verbose:	3
                   l:	None
                   p:	0.8
           beam_size:	100
                seed:	None
                 log:	./Logs/Ragni/Class3/cv3_rno113.log
              target:	rno113/2
   symmetry_breaking:	False
           probfoil1:	False
================= FINAL THEORY =================
rno113(A,B) :- some113(C,B), no113(A,C)
==================== SCORES ====================
            Accuracy:	 0.974137931034
           Precision:	 0.5
              Recall:	 0.333333333333
================== STATISTICS ==================
    Rule evaluations:	32796
          Total time:	389.0099s
