================ SETTINGS ================
               files:	['./Data/Ragni/Class3/cv3_train_121.pl']
             verbose:	3
                   l:	None
                   p:	0.8
           beam_size:	100
                seed:	None
                 log:	./Logs/Ragni/Class3/cv3_rno121.log
              target:	rno121/2
   symmetry_breaking:	False
           probfoil1:	False
================= FINAL THEORY =================
rno121(A,B) :- all121(C,A), all121(B,C)
==================== SCORES ====================
            Accuracy:	 0.991071428571
           Precision:	 0.5
              Recall:	 1.0
================== STATISTICS ==================
    Rule evaluations:	13525
          Total time:	210.8104s
