================ SETTINGS ================
               files:	['./Data/Ragni/Class3/cv3_train_17.pl']
             verbose:	3
                   l:	None
                   p:	0.8
           beam_size:	100
                seed:	None
                 log:	./Logs/Ragni/Class3/cv3_rall17.log
              target:	rall17/2
   symmetry_breaking:	False
           probfoil1:	False
================= FINAL THEORY =================
rall17(A,B) :- all17(A,C), no17(B,C)
==================== SCORES ====================
            Accuracy:	 0.966101694915
           Precision:	 1.0
              Recall:	 0.2
================== STATISTICS ==================
    Rule evaluations:	18541
          Total time:	319.9035s
