================ SETTINGS ================
               files:	['./Data/Ragni/Class3/cv3_train_25.pl']
             verbose:	3
                   l:	None
                   p:	0.8
           beam_size:	100
                seed:	None
                 log:	./Logs/Ragni/Class3/cv3_rall25.log
              target:	rall25/2
   symmetry_breaking:	False
           probfoil1:	False
================= FINAL THEORY =================
rall25(A,B) :- all25(C,A), all25(B,C)
==================== SCORES ====================
            Accuracy:	 0.919642857143
           Precision:	 1.0
              Recall:	 0.1
================== STATISTICS ==================
    Rule evaluations:	46220
          Total time:	996.9144s
