================ SETTINGS ================
               files:	['./Data/Ragni/Class3/cv3_train_102.pl']
             verbose:	3
                   l:	None
                   p:	0.8
           beam_size:	100
                seed:	None
                 log:	./Logs/Ragni/Class3/cv3_rall102.log
              target:	rall102/2
   symmetry_breaking:	False
           probfoil1:	False
================= FINAL THEORY =================
rall102(A,B) :- all102(C,B), all102(A,C)
==================== SCORES ====================
            Accuracy:	 0.957627118644
           Precision:	 0.5
              Recall:	 0.2
================== STATISTICS ==================
    Rule evaluations:	23445
          Total time:	300.0358s
