================ SETTINGS ================
               files:	['./Data/Ragni/Class3/cv3_train_34.pl']
             verbose:	3
                   l:	None
                   p:	0.8
           beam_size:	100
                seed:	None
                 log:	./Logs/Ragni/Class3/cv3_rnvc34.log
              target:	rnvc34/2
   symmetry_breaking:	False
           probfoil1:	False
================= FINAL THEORY =================
rnvc34(A,B) :- no34(A,C), \+all34(C,B), \+all34(B,C), \+some34(C,B), \+some34(B,C), \+no34(C,B), \+somenot34(B,C)
rnvc34(A,B) :- no34(C,B), \+all34(A,C), \+all34(C,A), \+some34(A,C), \+no34(A,C), \+no34(C,A), \+somenot34(A,C)
rnvc34(A,B) :- no34(B,C), no34(C,A)
==================== SCORES ====================
            Accuracy:	 1.0
           Precision:	 1.0
              Recall:	 1.0
================== STATISTICS ==================
    Rule evaluations:	8824
          Total time:	263.7188s
