================ SETTINGS ================
               files:	['./Data/Ragni/Class3/cv3_train_66.pl']
             verbose:	3
                   l:	None
                   p:	0.8
           beam_size:	100
                seed:	None
                 log:	./Logs/Ragni/Class3/cv3_rsomenot66.log
              target:	rsomenot66/2
   symmetry_breaking:	False
           probfoil1:	False
================= FINAL THEORY =================
rsomenot66(A,B) :- some66(C,A), some66(B,C)
==================== SCORES ====================
            Accuracy:	 0.913793103448
           Precision:	 1.0
              Recall:	 0.0909090909091
================== STATISTICS ==================
    Rule evaluations:	32540
          Total time:	602.4397s
