================ SETTINGS ================
               files:	['./Data/Ragni/Class3/cv3_train_74.pl']
             verbose:	3
                   l:	None
                   p:	0.8
           beam_size:	100
                seed:	None
                 log:	./Logs/Ragni/Class3/cv3_rsome74.log
              target:	rsome74/2
   symmetry_breaking:	False
           probfoil1:	False
================= FINAL THEORY =================
rsome74(A,B) :- some74(B,C), no74(A,C)
==================== SCORES ====================
            Accuracy:	 0.910714285714
           Precision:	 1.0
              Recall:	 0.0909090909091
================== STATISTICS ==================
    Rule evaluations:	33099
          Total time:	565.5286s
