================ SETTINGS ================
               files:	['./Data/Ragni/Class3/cv3_train_72.pl']
             verbose:	3
                   l:	None
                   p:	0.8
           beam_size:	100
                seed:	None
                 log:	./Logs/Ragni/Class3/cv3_rsomenot72.log
              target:	rsomenot72/2
   symmetry_breaking:	False
           probfoil1:	False
================= FINAL THEORY =================
rsomenot72(A,B) :- somenot72(A,C), no72(B,C)
rsomenot72(A,B) :- somenot72(C,B), all72(A,C)
==================== SCORES ====================
            Accuracy:	 0.814516129032
           Precision:	 1.0
              Recall:	 0.08
================== STATISTICS ==================
    Rule evaluations:	79563
          Total time:	2613.3397s
