================ SETTINGS ================
               files:	['./Data/Ragni/Class3/cv3_train_111.pl']
             verbose:	3
                   l:	None
                   p:	0.8
           beam_size:	100
                seed:	None
                 log:	./Logs/Ragni/Class3/cv3_rnvc111.log
              target:	rnvc111/2
   symmetry_breaking:	False
           probfoil1:	False
================= FINAL THEORY =================
rnvc111(A,B) :- no111(A,C), \+all111(B,C), \+no111(C,B), \+somenot111(C,B), \+somenot111(B,C)
rnvc111(A,B) :- somenot111(C,A), \+some111(C,B), \+some111(B,C), \+no111(C,B)
rnvc111(A,B) :- some111(A,C), \+all111(C,B), \+all111(B,C), \+some111(C,B), \+somenot111(C,B), \+somenot111(B,C)
rnvc111(A,B) :- somenot111(A,C), \+all111(C,B), \+all111(B,C), \+some111(B,C), \+no111(C,B), \+no111(B,C), \+somenot111(C,B)
rnvc111(A,B) :- some111(B,C), some111(C,A)
rnvc111(A,B) :- all111(A,C), all111(B,C)
==================== SCORES ====================
            Accuracy:	 1.0
           Precision:	 1.0
              Recall:	 1.0
================== STATISTICS ==================
    Rule evaluations:	15472
          Total time:	385.2895s
