================ SETTINGS ================
               files:	['./Data/Ragni/Class3/cv3_train_129.pl']
             verbose:	3
                   l:	None
                   p:	0.8
           beam_size:	100
                seed:	None
                 log:	./Logs/Ragni/Class3/cv3_rall129.log
              target:	rall129/2
   symmetry_breaking:	False
           probfoil1:	False
================= FINAL THEORY =================
rall129(A,B) :- no129(B,C), all129(C,A)
==================== SCORES ====================
            Accuracy:	 0.973214285714
           Precision:	 1.0
              Recall:	 0.25
================== STATISTICS ==================
    Rule evaluations:	15208
          Total time:	237.5827s
