================ SETTINGS ================
               files:	['./Data/Ragni/Class3/cv3_train_96.pl']
             verbose:	3
                   l:	None
                   p:	0.8
           beam_size:	100
                seed:	None
                 log:	./Logs/Ragni/Class3/cv3_rsome96.log
              target:	rsome96/2
   symmetry_breaking:	False
           probfoil1:	False
================= FINAL THEORY =================
rsome96(A,B) :- somenot96(B,C), \+some96(A,C), \+no96(A,C), \+all96(A,C)
==================== SCORES ====================
            Accuracy:	 0.877192982456
           Precision:	 0.5
              Recall:	 0.285714285714
================== STATISTICS ==================
    Rule evaluations:	50843
          Total time:	470.8158s
