================ SETTINGS ================
               files:	['./Data/Ragni/Class3/cv3_train_75.pl']
             verbose:	3
                   l:	None
                   p:	0.8
           beam_size:	100
                seed:	None
                 log:	./Logs/Ragni/Class3/cv3_rall75.log
              target:	rall75/2
   symmetry_breaking:	False
           probfoil1:	False
================= FINAL THEORY =================
rall75(A,B) :- no75(B,C), all75(C,A)
rall75(A,B) :- some75(C,A), no75(C,B)
==================== SCORES ====================
            Accuracy:	 0.925925925926
           Precision:	 1.0
              Recall:	 0.2
================== STATISTICS ==================
    Rule evaluations:	44226
          Total time:	891.5100s
