================ SETTINGS ================
               files:	['./Data/Ragni/Class3/cv3_train_120.pl']
             verbose:	3
                   l:	None
                   p:	0.8
           beam_size:	100
                seed:	None
                 log:	./Logs/Ragni/Class3/cv3_rno120.log
              target:	rno120/2
   symmetry_breaking:	False
           probfoil1:	False
================= FINAL THEORY =================
rno120(A,B) :- no120(C,A), all120(C,B)
==================== SCORES ====================
            Accuracy:	 0.901639344262
           Precision:	 0.5
              Recall:	 0.0833333333333
================== STATISTICS ==================
    Rule evaluations:	31461
          Total time:	521.1127s
