================ SETTINGS ================
               files:	['./Data/Ragni/Class3/cv3_train_69.pl']
             verbose:	3
                   l:	None
                   p:	0.8
           beam_size:	100
                seed:	None
                 log:	./Logs/Ragni/Class3/cv3_rsomenot69.log
              target:	rsomenot69/2
   symmetry_breaking:	False
           probfoil1:	False
================= FINAL THEORY =================
rsomenot69(A,B) :- some69(B,C), all69(A,C)
rsomenot69(A,B) :- somenot69(A,C), all69(C,B)
==================== SCORES ====================
            Accuracy:	 0.972222222222
           Precision:	 1.0
              Recall:	 0.4
================== STATISTICS ==================
    Rule evaluations:	21788
          Total time:	431.5817s
