================ SETTINGS ================
               files:	['./Data/Ragni/Class3/cv3_train_99.pl']
             verbose:	3
                   l:	None
                   p:	0.8
           beam_size:	100
                seed:	None
                 log:	./Logs/Ragni/Class3/cv3_rsomenot99.log
              target:	rsomenot99/2
   symmetry_breaking:	False
           probfoil1:	False
================= FINAL THEORY =================
rsomenot99(A,B) :- all99(C,A), \+all99(B,C), \+somenot99(B,C), \+no99(B,C)
==================== SCORES ====================
            Accuracy:	 0.868852459016
           Precision:	 0.5
              Recall:	 0.3125
================== STATISTICS ==================
    Rule evaluations:	65085
          Total time:	676.2651s
