================ SETTINGS ================
               files:	['./Data/Ragni/Class3/cv3_train_24.pl']
             verbose:	3
                   l:	None
                   p:	0.8
           beam_size:	100
                seed:	None
                 log:	./Logs/Ragni/Class3/cv3_rsome24.log
              target:	rsome24/2
   symmetry_breaking:	False
           probfoil1:	False
================= FINAL THEORY =================
rsome24(A,B) :- some24(B,C), \+all24(A,C), \+somenot24(A,C), \+somenot24(C,A)
==================== SCORES ====================
            Accuracy:	 0.852459016393
           Precision:	 0.5
              Recall:	 0.277777777778
================== STATISTICS ==================
    Rule evaluations:	64083
          Total time:	833.7974s
