================ SETTINGS ================
               files:	['./Data/Ragni/Class3/cv3_train_58.pl']
             verbose:	3
                   l:	None
                   p:	0.8
           beam_size:	100
                seed:	None
                 log:	./Logs/Ragni/Class3/cv3_rsomenot58.log
              target:	rsomenot58/2
   symmetry_breaking:	False
           probfoil1:	False
================= FINAL THEORY =================
rsomenot58(A,B) :- some58(B,C), \+all58(A,C), \+some58(A,C), \+no58(A,C), \+somenot58(C,A), \+all58(C,A), \+no58(C,A)
rsomenot58(A,B) :- all58(B,C), somenot58(A,C)
rsomenot58(A,B) :- somenot58(C,B), some58(A,C)
==================== SCORES ====================
            Accuracy:	 0.859649122807
           Precision:	 1.0
              Recall:	 0.238095238095
================== STATISTICS ==================
    Rule evaluations:	66926
          Total time:	3016.1003s
