================ SETTINGS ================
               files:	['./Data/Ragni/Class3/cv3_train_78.pl']
             verbose:	3
                   l:	None
                   p:	0.8
           beam_size:	100
                seed:	None
                 log:	./Logs/Ragni/Class3/cv3_rsome78.log
              target:	rsome78/2
   symmetry_breaking:	False
           probfoil1:	False
================= FINAL THEORY =================
rsome78(A,B) :- all78(C,B), some78(C,A)
==================== SCORES ====================
            Accuracy:	 0.933333333333
           Precision:	 1.0
              Recall:	 0.2
================== STATISTICS ==================
    Rule evaluations:	20804
          Total time:	314.6688s
