================ SETTINGS ================
               files:	['./Data/Ragni/Class3/cv3_train_23.pl']
             verbose:	3
                   l:	None
                   p:	0.8
           beam_size:	100
                seed:	None
                 log:	./Logs/Ragni/Class3/cv3_rno23.log
              target:	rno23/2
   symmetry_breaking:	False
           probfoil1:	False
================= FINAL THEORY =================
rno23(A,B) :- no23(C,B), all23(A,C)
==================== SCORES ====================
            Accuracy:	 0.956140350877
           Precision:	 0.5
              Recall:	 0.2
================== STATISTICS ==================
    Rule evaluations:	24317
          Total time:	300.6430s
