================ SETTINGS ================
               files:	['./Data/Ragni/Class3/cv3_train_47.pl']
             verbose:	3
                   l:	None
                   p:	0.8
           beam_size:	100
                seed:	None
                 log:	./Logs/Ragni/Class3/cv3_rall47.log
              target:	rall47/2
   symmetry_breaking:	False
           probfoil1:	False
================= FINAL THEORY =================
rall47(A,B) :- all47(B,C), \+some47(A,C), \+some47(C,A), \+no47(A,C), \+no47(C,A), \+somenot47(A,C), \+somenot47(C,A)
==================== SCORES ====================
            Accuracy:	 0.973214285714
           Precision:	 0.5
              Recall:	 0.666666666667
================== STATISTICS ==================
    Rule evaluations:	54344
          Total time:	860.2222s
