================ SETTINGS ================
               files:	['./Data/Ragni/Class3/cv3_train_94.pl']
             verbose:	3
                   l:	7
                   p:	0.8
           beam_size:	100
                seed:	None
                 log:	./Logs/Ragni/Class3/cv3_rsome94.log
              target:	rsome94/2
   symmetry_breaking:	False
           probfoil1:	False
================= FINAL THEORY =================
rsome94(A,B) :- some94(C,B), \+no94(A,C), \+no94(C,A), \+all94(A,C), \+somenot94(C,A), \+some94(A,C)
==================== SCORES ====================
            Accuracy:	 0.866071428571
           Precision:	 0.833333333333
              Recall:	 0.263157894737
================== STATISTICS ==================
    Rule evaluations:	42660
          Total time:	455.6376s
