================ SETTINGS ================
               files:	['./Data/Ragni/Class3/cv3_train_109.pl']
             verbose:	3
                   l:	None
                   p:	0.8
           beam_size:	100
                seed:	None
                 log:	./Logs/Ragni/Class3/cv3_rall109.log
              target:	rall109/2
   symmetry_breaking:	False
           probfoil1:	False
================= FINAL THEORY =================
rall109(A,B) :- all109(C,A), somenot109(B,C)
==================== SCORES ====================
            Accuracy:	 0.887931034483
           Precision:	 1.0
              Recall:	 0.0714285714286
================== STATISTICS ==================
    Rule evaluations:	71720
          Total time:	1240.6278s
