================ SETTINGS ================
               files:	['./Data/Ragni/Class3/cv3_train_47.pl']
             verbose:	3
                   l:	None
                   p:	0.8
           beam_size:	100
                seed:	None
                 log:	./Logs/Ragni/Class3/cv3_rsomenot47.log
              target:	rsomenot47/2
   symmetry_breaking:	False
           probfoil1:	False
================= FINAL THEORY =================
rsomenot47(A,B) :- all47(C,B), \+somenot47(C,A), \+all47(A,C), \+some47(C,A), \+no47(A,C)
rsomenot47(A,B) :- somenot47(A,C), \+somenot47(C,B), \+somenot47(B,C), \+no47(C,B), \+some47(C,B), \+no47(B,C)
rsomenot47(A,B) :- some47(B,C), all47(A,C)
==================== SCORES ====================
            Accuracy:	 0.758928571429
           Precision:	 1.0
              Recall:	 0.27027027027
================== STATISTICS ==================
    Rule evaluations:	54399
          Total time:	2756.3480s
