================ SETTINGS ================
               files:	['./Data/Ragni/Class3/cv3_train_107.pl']
             verbose:	3
                   l:	None
                   p:	0.8
           beam_size:	100
                seed:	None
                 log:	./Logs/Ragni/Class3/cv3_rsomenot107.log
              target:	rsomenot107/2
   symmetry_breaking:	False
           probfoil1:	False
================= FINAL THEORY =================
rsomenot107(A,B) :- some107(B,C), \+some107(A,C), \+no107(A,C), \+somenot107(A,C), \+somenot107(C,A), \+all107(A,C), \+no107(C,A)
rsomenot107(A,B) :- somenot107(C,B), somenot107(A,C)
==================== SCORES ====================
            Accuracy:	 0.9
           Precision:	 1.0
              Recall:	 0.2
================== STATISTICS ==================
    Rule evaluations:	46391
          Total time:	1118.3680s
