================ SETTINGS ================
               files:	['./Data/Ragni/Class3/cv3_train_71.pl']
             verbose:	3
                   l:	None
                   p:	0.8
           beam_size:	100
                seed:	None
                 log:	./Logs/Ragni/Class3/cv3_rsome71.log
              target:	rsome71/2
   symmetry_breaking:	False
           probfoil1:	False
================= FINAL THEORY =================
rsome71(A,B) :- all71(C,A), \+all71(C,B), \+all71(B,C), \+somenot71(C,B), \+no71(C,B), \+no71(B,C), \+some71(B,C)
rsome71(A,B) :- somenot71(C,A), all71(B,C)
==================== SCORES ====================
            Accuracy:	 0.881818181818
           Precision:	 1.0
              Recall:	 0.235294117647
================== STATISTICS ==================
    Rule evaluations:	46028
          Total time:	1995.8094s
