================ SETTINGS ================
               files:	['./Data/Ragni/Class3/cv3_train_116.pl']
             verbose:	3
                   l:	None
                   p:	0.8
           beam_size:	100
                seed:	None
                 log:	./Logs/Ragni/Class3/cv3_rsomenot116.log
              target:	rsomenot116/2
   symmetry_breaking:	False
           probfoil1:	False
================= FINAL THEORY =================
rsomenot116(A,B) :- somenot116(C,B), all116(A,C)
==================== SCORES ====================
            Accuracy:	 0.836206896552
           Precision:	 1.0
              Recall:	 0.05
================== STATISTICS ==================
    Rule evaluations:	37372
          Total time:	868.3724s
