================ SETTINGS ================
               files:	['./Data/Ragni/Class3/cv3_train_10.pl']
             verbose:	3
                   l:	None
                   p:	0.8
           beam_size:	100
                seed:	None
                 log:	./Logs/Ragni/Class3/cv3_rno10.log
              target:	rno10/2
   symmetry_breaking:	False
           probfoil1:	False
================= FINAL THEORY =================
rno10(A,B) :- no10(A,C), all10(C,B)
==================== SCORES ====================
            Accuracy:	 0.925
           Precision:	 1.0
              Recall:	 0.1
================== STATISTICS ==================
    Rule evaluations:	27870
          Total time:	1478.3981s
