================ SETTINGS ================
               files:	['./Data/Ragni/Class3/cv3_train_28.pl']
             verbose:	3
                   l:	None
                   p:	0.8
           beam_size:	100
                seed:	None
                 log:	./Logs/Ragni/Class3/cv3_rsomenot28.log
              target:	rsomenot28/2
   symmetry_breaking:	False
           probfoil1:	False
================= FINAL THEORY =================
rsomenot28(A,B) :- some28(C,A), \+some28(C,B), \+some28(B,C), \+somenot28(B,C), \+no28(C,B), \+all28(C,B), \+no28(B,C)
rsomenot28(A,B) :- no28(C,A), some28(B,C)
==================== SCORES ====================
            Accuracy:	 0.872881355932
           Precision:	 1.0
              Recall:	 0.25
================== STATISTICS ==================
    Rule evaluations:	68020
          Total time:	3766.6265s
