================ SETTINGS ================
               files:	['./Data/Ragni/Class3/cv3_train_57.pl']
             verbose:	3
                   l:	None
                   p:	0.8
           beam_size:	100
                seed:	None
                 log:	./Logs/Ragni/Class3/cv3_rsome57.log
              target:	rsome57/2
   symmetry_breaking:	False
           probfoil1:	False
================= FINAL THEORY =================
rsome57(A,B) :- somenot57(C,A), \+some57(B,C), \+no57(B,C), \+all57(C,B), \+all57(B,C), \+somenot57(C,B), \+somenot57(B,C)
rsome57(A,B) :- some57(A,C), no57(C,B)
rsome57(A,B) :- somenot57(B,C), no57(A,C)
==================== SCORES ====================
            Accuracy:	 0.822033898305
           Precision:	 1.0
              Recall:	 0.16
================== STATISTICS ==================
    Rule evaluations:	102679
          Total time:	3529.1037s
