================ SETTINGS ================
               files:	['./Data/Ragni/Class3/cv3_train_9.pl']
             verbose:	3
                   l:	None
                   p:	0.8
           beam_size:	100
                seed:	None
                 log:	./Logs/Ragni/Class3/cv3_rsomenot9.log
              target:	rsomenot9/2
   symmetry_breaking:	False
           probfoil1:	False
================= FINAL THEORY =================
rsomenot9(A,B) :- somenot9(C,A), \+no9(C,B), \+no9(B,C), \+somenot9(C,B), \+all9(C,B), \+somenot9(B,C)
rsomenot9(A,B) :- all9(C,A), somenot9(B,C)
rsomenot9(A,B) :- no9(C,B), some9(A,C)
==================== SCORES ====================
            Accuracy:	 0.875
           Precision:	 1.0
              Recall:	 0.35
================== STATISTICS ==================
    Rule evaluations:	63030
          Total time:	4657.1726s
