================ SETTINGS ================
               files:	['./Data/Ragni/Class3/cv3_train_120.pl']
             verbose:	3
                   l:	None
                   p:	0.8
           beam_size:	100
                seed:	None
                 log:	./Logs/Ragni/Class3/cv3_rsome120.log
              target:	rsome120/2
   symmetry_breaking:	False
           probfoil1:	False
================= FINAL THEORY =================
rsome120(A,B) :- some120(C,A), all120(B,C)
==================== SCORES ====================
            Accuracy:	 0.94262295082
           Precision:	 0.5
              Recall:	 0.142857142857
================== STATISTICS ==================
    Rule evaluations:	28513
          Total time:	523.2584s
