================ SETTINGS ================
               files:	['./Data/Ragni/Class3/cv3_train_38.pl']
             verbose:	3
                   l:	None
                   p:	0.8
           beam_size:	100
                seed:	None
                 log:	./Logs/Ragni/Class3/cv3_rsome38.log
              target:	rsome38/2
   symmetry_breaking:	False
           probfoil1:	False
================= FINAL THEORY =================
rsome38(A,B) :- some38(C,B), all38(A,C)
==================== SCORES ====================
            Accuracy:	 0.975
           Precision:	 0.5
              Recall:	 0.333333333333
================== STATISTICS ==================
    Rule evaluations:	32833
          Total time:	743.4821s
