================ SETTINGS ================
               files:	['./Data/Ragni/Class3/cv3_train_124.pl']
             verbose:	3
                   l:	None
                   p:	0.8
           beam_size:	100
                seed:	None
                 log:	./Logs/Ragni/Class3/cv3_rsomenot124.log
              target:	rsomenot124/2
   symmetry_breaking:	False
           probfoil1:	False
================= FINAL THEORY =================
rsomenot124(A,B) :- all124(C,A), somenot124(C,B)
rsomenot124(A,B) :- all124(C,B), some124(C,A)
==================== SCORES ====================
            Accuracy:	 0.947368421053
           Precision:	 1.0
              Recall:	 0.25
================== STATISTICS ==================
    Rule evaluations:	37444
          Total time:	675.7145s
