================ SETTINGS ================
               files:	['./Data/Ragni/Class3/cv3_train_21.pl']
             verbose:	3
                   l:	None
                   p:	0.8
           beam_size:	100
                seed:	None
                 log:	./Logs/Ragni/Class3/cv3_rnvc21.log
              target:	rnvc21/2
   symmetry_breaking:	False
           probfoil1:	False
================= FINAL THEORY =================
rnvc21(A,B) :- somenot21(A,C)
rnvc21(A,B) :- somenot21(C,B), \+all21(C,A)
rnvc21(A,B) :- somenot21(B,C)
rnvc21(A,B) :- some21(C,B), \+all21(A,C), \+all21(C,A), \+no21(C,A)
rnvc21(A,B) :- no21(B,C), \+all21(A,C), \+some21(A,C), \+somenot21(C,A)
rnvc21(A,B) :- some21(A,C), \+all21(C,B), \+no21(C,B), \+no21(B,C)
rnvc21(A,B) :- no21(C,B), \+all21(A,C), \+all21(C,A), \+some21(A,C), \+some21(C,A)
==================== SCORES ====================
            Accuracy:	 0.963636363636
           Precision:	 1.0
              Recall:	 0.935483870968
================== STATISTICS ==================
    Rule evaluations:	11007
          Total time:	223.7770s
