================ SETTINGS ================
               files:	['./Data/Ragni/Class3/cv3_train_103.pl']
             verbose:	3
                   l:	None
                   p:	0.8
           beam_size:	100
                seed:	None
                 log:	./Logs/Ragni/Class3/cv3_rno103.log
              target:	rno103/2
   symmetry_breaking:	False
           probfoil1:	False
================= FINAL THEORY =================
rno103(A,B) :- all103(C,A), somenot103(B,C)
==================== SCORES ====================
            Accuracy:	 0.91935483871
           Precision:	 1.0
              Recall:	 0.0909090909091
================== STATISTICS ==================
    Rule evaluations:	29899
          Total time:	558.9055s
