================ SETTINGS ================
               files:	['./Data/Ragni/Class3/cv3_train_56.pl']
             verbose:	3
                   l:	None
                   p:	0.8
           beam_size:	100
                seed:	None
                 log:	./Logs/Ragni/Class3/cv3_rall56.log
              target:	rall56/2
   symmetry_breaking:	False
           probfoil1:	False
================= FINAL THEORY =================
rall56(A,B) :- no56(B,C), all56(A,C)
rall56(A,B) :- no56(A,C), all56(C,B)
==================== SCORES ====================
            Accuracy:	 0.919642857143
           Precision:	 1.0
              Recall:	 0.181818181818
================== STATISTICS ==================
    Rule evaluations:	46124
          Total time:	728.1612s
