================ SETTINGS ================
               files:	['./Data/Ragni/Class3/cv3_train_19.pl']
             verbose:	3
                   l:	7
                   p:	0.8
           beam_size:	100
                seed:	None
                 log:	./Logs/Ragni/Class3/cv3_rsome19.log
              target:	rsome19/2
   symmetry_breaking:	False
           probfoil1:	False
================= FINAL THEORY =================
rsome19(A,B) :- all19(C,B), \+some19(C,A), \+no19(C,A), \+all19(A,C), \+some19(A,C), \+no19(A,C)
rsome19(A,B) :- some19(B,C), some19(C,A)
rsome19(A,B) :- somenot19(A,C), no19(C,B)
rsome19(A,B) :- somenot19(C,B), no19(C,A)
rsome19(A,B) :- some19(A,C), no19(C,B)
==================== SCORES ====================
            Accuracy:	 0.818181818182
           Precision:	 1.0
              Recall:	 0.285714285714
================== STATISTICS ==================
    Rule evaluations:	107232
          Total time:	1959.4407s
