================ SETTINGS ================
               files:	['./Data/Ragni/Class3/cv3_train_136.pl']
             verbose:	3
                   l:	None
                   p:	0.8
           beam_size:	100
                seed:	None
                 log:	./Logs/Ragni/Class3/cv3_rsome136.log
              target:	rsome136/2
   symmetry_breaking:	False
           probfoil1:	False
================= FINAL THEORY =================
rsome136(A,B) :- all136(C,B), all136(C,A)
==================== SCORES ====================
            Accuracy:	 0.90350877193
           Precision:	 0.5
              Recall:	 0.0909090909091
================== STATISTICS ==================
    Rule evaluations:	31351
          Total time:	1103.8723s
