================ SETTINGS ================
               files:	['./Data/Ragni/Class3/cv3_train_114.pl']
             verbose:	3
                   l:	None
                   p:	0.8
           beam_size:	100
                seed:	None
                 log:	./Logs/Ragni/Class3/cv3_rnvc114.log
              target:	rnvc114/2
   symmetry_breaking:	False
           probfoil1:	False
================= FINAL THEORY =================
rnvc114(A,B) :- no114(C,A)
rnvc114(A,B) :- somenot114(B,C), \+all114(A,C)
rnvc114(A,B) :- somenot114(C,B), \+all114(A,C)
rnvc114(A,B) :- some114(B,C), \+all114(C,A)
rnvc114(A,B) :- no114(C,B), \+all114(A,C)
rnvc114(A,B) :- no114(B,C), \+all114(A,C), \+some114(A,C)
rnvc114(A,B) :- some114(C,B), \+all114(A,C), \+all114(C,A)
==================== SCORES ====================
            Accuracy:	 0.931034482759
           Precision:	 1.0
              Recall:	 0.904761904762
================== STATISTICS ==================
    Rule evaluations:	7964
          Total time:	141.1902s
