================ SETTINGS ================
               files:	['./Data/Ragni/Class3/cv3_train_23.pl']
             verbose:	3
                   l:	None
                   p:	0.8
           beam_size:	100
                seed:	None
                 log:	./Logs/Ragni/Class3/cv3_rall23.log
              target:	rall23/2
   symmetry_breaking:	False
           probfoil1:	False
================= FINAL THEORY =================
rall23(A,B) :- all23(C,A), no23(B,C)
==================== SCORES ====================
            Accuracy:	 0.956140350877
           Precision:	 1.0
              Recall:	 0.166666666667
================== STATISTICS ==================
    Rule evaluations:	23885
          Total time:	565.2899s
