================ SETTINGS ================
               files:	['./Data/Ragni/Class3/cv3_train_90.pl']
             verbose:	3
                   l:	7
                   p:	0.8
           beam_size:	100
                seed:	None
                 log:	./Logs/Ragni/Class3/cv3_rno90.log
              target:	rno90/2
   symmetry_breaking:	False
           probfoil1:	False
================= FINAL THEORY =================
rno90(A,B) :- all90(C,A), no90(B,C)
rno90(A,B) :- some90(C,B), no90(A,C)
==================== SCORES ====================
            Accuracy:	 0.918181818182
           Precision:	 1.0
              Recall:	 0.181818181818
================== STATISTICS ==================
    Rule evaluations:	46361
          Total time:	743.0421s
