================ SETTINGS ================
               files:	['./Data/Ragni/Class3/cv3_train_26.pl']
             verbose:	3
                   l:	None
                   p:	0.8
           beam_size:	100
                seed:	None
                 log:	./Logs/Ragni/Class3/cv3_rsomenot26.log
              target:	rsomenot26/2
   symmetry_breaking:	False
           probfoil1:	False
================= FINAL THEORY =================
rsomenot26(A,B) :- all26(C,B), some26(C,A)
==================== SCORES ====================
            Accuracy:	 0.971698113208
           Precision:	 1.0
              Recall:	 0.25
================== STATISTICS ==================
    Rule evaluations:	13401
          Total time:	181.9535s
