================ SETTINGS ================
               files:	['./Data/Ragni/Class3/cv3_train_123.pl']
             verbose:	3
                   l:	None
                   p:	0.8
           beam_size:	100
                seed:	None
                 log:	./Logs/Ragni/Class3/cv3_rno123.log
              target:	rno123/2
   symmetry_breaking:	False
           probfoil1:	False
================= FINAL THEORY =================
rno123(A,B) :- all123(C,A), all123(B,C)
==================== SCORES ====================
            Accuracy:	 0.958333333333
           Precision:	 0.5
              Recall:	 0.2
================== STATISTICS ==================
    Rule evaluations:	24577
          Total time:	400.7099s
