================ SETTINGS ================
               files:	['./Data/Ragni/Class3/cv3_train_50.pl']
             verbose:	3
                   l:	7
                   p:	0.8
           beam_size:	100
                seed:	None
                 log:	./Logs/Ragni/Class3/cv3_rsomenot50.log
              target:	rsomenot50/2
   symmetry_breaking:	False
           probfoil1:	False
================= FINAL THEORY =================
rsomenot50(A,B) :- some50(B,C), all50(A,C)
==================== SCORES ====================
            Accuracy:	 0.870689655172
           Precision:	 1.0
              Recall:	 0.0625
================== STATISTICS ==================
    Rule evaluations:	48384
          Total time:	403.5340s
