================ SETTINGS ================
               files:	['./Data/Ragni/Class3/cv3_train_29.pl']
             verbose:	3
                   l:	None
                   p:	0.8
           beam_size:	100
                seed:	None
                 log:	./Logs/Ragni/Class3/cv3_rnvc29.log
              target:	rnvc29/2
   symmetry_breaking:	False
           probfoil1:	False
================= FINAL THEORY =================
rnvc29(A,B) :- all29(B,C), \+all29(C,A), \+some29(C,A), \+no29(C,A), \+somenot29(A,C), \+somenot29(C,A)
rnvc29(A,B) :- no29(A,C), no29(B,C)
rnvc29(A,B) :- all29(C,A), some29(B,C)
rnvc29(A,B) :- somenot29(B,C), somenot29(C,A)
rnvc29(A,B) :- no29(C,A), no29(C,B)
==================== SCORES ====================
            Accuracy:	 1.0
           Precision:	 1.0
              Recall:	 1.0
================== STATISTICS ==================
    Rule evaluations:	3370
          Total time:	71.5613s
