================ SETTINGS ================
               files:	['./Data/Ragni/Class3/cv3_train_34.pl']
             verbose:	3
                   l:	None
                   p:	0.8
           beam_size:	100
                seed:	None
                 log:	./Logs/Ragni/Class3/cv3_rsome34.log
              target:	rsome34/2
   symmetry_breaking:	False
           probfoil1:	False
================= FINAL THEORY =================
rsome34(A,B) :- some34(C,B), no34(A,C)
==================== SCORES ====================
            Accuracy:	 0.98275862069
           Precision:	 0.5
              Recall:	 0.5
================== STATISTICS ==================
    Rule evaluations:	35631
          Total time:	2195.6763s
