================ SETTINGS ================
               files:	['./Data/Ragni/Class3/cv3_train_95.pl']
             verbose:	3
                   l:	7
                   p:	0.8
           beam_size:	100
                seed:	None
                 log:	./Logs/Ragni/Class3/cv3_rnvc95.log
              target:	rnvc95/2
   symmetry_breaking:	False
           probfoil1:	False
================= FINAL THEORY =================
rnvc95(A,B) :- somenot95(B,C), \+no95(A,C)
rnvc95(A,B) :- no95(C,A), \+some95(C,B)
rnvc95(A,B) :- no95(A,C), \+no95(C,B), \+somenot95(B,C)
rnvc95(A,B) :- somenot95(A,C), \+all95(B,C), \+no95(B,C), \+somenot95(C,B)
rnvc95(A,B) :- all95(A,C), \+all95(C,B), \+some95(C,B), \+no95(C,B), \+somenot95(C,B)
rnvc95(A,B) :- some95(C,B), \+all95(A,C), \+all95(C,A), \+no95(C,A)
==================== SCORES ====================
            Accuracy:	 0.929824561404
           Precision:	 1.0
              Recall:	 0.862068965517
================== STATISTICS ==================
    Rule evaluations:	11399
          Total time:	116.6215s
