================ SETTINGS ================
               files:	['./Data/Ragni/Class3/cv3_train_135.pl']
             verbose:	3
                   l:	None
                   p:	0.8
           beam_size:	100
                seed:	None
                 log:	./Logs/Ragni/Class3/cv3_rno135.log
              target:	rno135/2
   symmetry_breaking:	False
           probfoil1:	False
================= FINAL THEORY =================
rno135(A,B) :- no135(C,B), all135(C,A)
==================== SCORES ====================
            Accuracy:	 0.9
           Precision:	 0.5
              Recall:	 0.0909090909091
================== STATISTICS ==================
    Rule evaluations:	32221
          Total time:	1226.0180s
