================ SETTINGS ================
               files:	['./Data/Ragni/Class3/cv3_train_130.pl']
             verbose:	3
                   l:	None
                   p:	0.8
           beam_size:	100
                seed:	None
                 log:	./Logs/Ragni/Class3/cv3_rsome130.log
              target:	rsome130/2
   symmetry_breaking:	False
           probfoil1:	False
================= FINAL THEORY =================
rsome130(A,B) :- somenot130(B,C), all130(A,C)
==================== SCORES ====================
            Accuracy:	 0.956140350877
           Precision:	 1.0
              Recall:	 0.285714285714
================== STATISTICS ==================
    Rule evaluations:	15764
          Total time:	246.8364s
