================ SETTINGS ================
               files:	['./Data/Ragni/Class3/cv3_train_41.pl']
             verbose:	3
                   l:	7
                   p:	0.8
           beam_size:	100
                seed:	None
                 log:	./Logs/Ragni/Class3/cv3_rsomenot41.log
              target:	rsomenot41/2
   symmetry_breaking:	False
           probfoil1:	False
================= FINAL THEORY =================
rsomenot41(A,B) :- somenot41(C,B), all41(C,A)
rsomenot41(A,B) :- some41(A,C), no41(B,C)
==================== SCORES ====================
            Accuracy:	 0.936363636364
           Precision:	 1.0
              Recall:	 0.222222222222
================== STATISTICS ==================
    Rule evaluations:	30211
          Total time:	320.0029s
