================ SETTINGS ================
               files:	['./Data/Ragni/Class3/cv3_train_11.pl']
             verbose:	3
                   l:	None
                   p:	0.8
           beam_size:	100
                seed:	None
                 log:	./Logs/Ragni/Class3/cv3_rno11.log
              target:	rno11/2
   symmetry_breaking:	False
           probfoil1:	False
================= FINAL THEORY =================
rno11(A,B) :- no11(A,C), all11(B,C)
==================== SCORES ====================
            Accuracy:	 0.909836065574
           Precision:	 0.5
              Recall:	 0.0909090909091
================== STATISTICS ==================
    Rule evaluations:	30727
          Total time:	1874.1673s
