================ SETTINGS ================
               files:	['./Data/Ragni/Class3/cv3_train_7.pl']
             verbose:	3
                   l:	None
                   p:	0.8
           beam_size:	100
                seed:	None
                 log:	./Logs/Ragni/Class3/cv3_rall7.log
              target:	rall7/2
   symmetry_breaking:	False
           probfoil1:	False
================= FINAL THEORY =================
rall7(A,B) :- all7(C,A), no7(B,C)
==================== SCORES ====================
            Accuracy:	 0.990740740741
           Precision:	 0.5
              Recall:	 1.0
================== STATISTICS ==================
    Rule evaluations:	13525
          Total time:	256.5113s
