================ SETTINGS ================
               files:	['./Data/Ragni/Class3/cv3_train_138.pl']
             verbose:	3
                   l:	None
                   p:	0.8
           beam_size:	100
                seed:	None
                 log:	./Logs/Ragni/Class3/cv3_rall138.log
              target:	rall138/2
   symmetry_breaking:	False
           probfoil1:	False
================= FINAL THEORY =================
rall138(A,B) :- no138(C,B), all138(A,C)
==================== SCORES ====================
            Accuracy:	 0.934426229508
           Precision:	 0.5
              Recall:	 0.125
================== STATISTICS ==================
    Rule evaluations:	28861
          Total time:	1180.9742s
