================ SETTINGS ================
               files:	['./Data/Ragni/Class3/cv3_train_72.pl']
             verbose:	3
                   l:	None
                   p:	0.8
           beam_size:	100
                seed:	None
                 log:	./Logs/Ragni/Class3/cv3_rsome72.log
              target:	rsome72/2
   symmetry_breaking:	False
           probfoil1:	False
================= FINAL THEORY =================
rsome72(A,B) :- some72(C,B), all72(C,A)
==================== SCORES ====================
            Accuracy:	 0.927419354839
           Precision:	 0.5
              Recall:	 0.111111111111
================== STATISTICS ==================
    Rule evaluations:	29446
          Total time:	1469.0510s
