================ SETTINGS ================
               files:	['./Data/Ragni/Class3/cv3_train_134.pl']
             verbose:	3
                   l:	None
                   p:	0.8
           beam_size:	100
                seed:	None
                 log:	./Logs/Ragni/Class3/cv3_rno134.log
              target:	rno134/2
   symmetry_breaking:	False
           probfoil1:	False
================= FINAL THEORY =================
rno134(A,B) :- no134(A,C), all134(B,C)
==================== SCORES ====================
            Accuracy:	 0.926229508197
           Precision:	 0.5
              Recall:	 0.111111111111
================== STATISTICS ==================
    Rule evaluations:	29680
          Total time:	1062.7946s
