================ SETTINGS ================
               files:	['./Data/Ragni/Class3/cv3_train_25.pl']
             verbose:	3
                   l:	None
                   p:	0.8
           beam_size:	100
                seed:	None
                 log:	./Logs/Ragni/Class3/cv3_rsomenot25.log
              target:	rsomenot25/2
   symmetry_breaking:	False
           probfoil1:	False
================= FINAL THEORY =================
rsomenot25(A,B) :- somenot25(C,B), no25(A,C)
rsomenot25(A,B) :- all25(C,B), somenot25(A,C)
==================== SCORES ====================
            Accuracy:	 0.857142857143
           Precision:	 1.0
              Recall:	 0.157894736842
================== STATISTICS ==================
    Rule evaluations:	68239
          Total time:	1803.0249s
