================ SETTINGS ================
               files:	['./Data/Ragni/Class1/cv1_train_101.pl']
             verbose:	3
                   l:	None
                   p:	0.8
           beam_size:	100
                seed:	None
                 log:	./Logs/Ragni/Class1/cv1_rall101.log
              target:	rall101/2
   symmetry_breaking:	False
           probfoil1:	False
================= FINAL THEORY =================
rall101(A,B) :- no101(B,C), all101(A,C)
==================== SCORES ====================
            Accuracy:	 0.927419354839
           Precision:	 0.5
              Recall:	 0.111111111111
================== STATISTICS ==================
    Rule evaluations:	29866
          Total time:	2085.3795s
