================ SETTINGS ================
               files:	['./Data/Ragni/Class1/cv1_train_106.pl']
             verbose:	3
                   l:	None
                   p:	0.8
           beam_size:	100
                seed:	None
                 log:	./Logs/Ragni/Class1/cv1_rall106.log
              target:	rall106/2
   symmetry_breaking:	False
           probfoil1:	False
================= FINAL THEORY =================
rall106(A,B) :- all106(A,C), all106(C,B)
==================== SCORES ====================
            Accuracy:	 0.947368421053
           Precision:	 0.5
              Recall:	 0.166666666667
================== STATISTICS ==================
    Rule evaluations:	25328
          Total time:	267.6496s
