================ SETTINGS ================
               files:	['./Data/Ragni/Class1/cv1_train_38.pl']
             verbose:	3
                   l:	7
                   p:	0.8
           beam_size:	100
                seed:	None
                 log:	./Logs/Ragni/Class1/cv1_rsomenot38.log
              target:	rsomenot38/2
   symmetry_breaking:	False
           probfoil1:	False
================= FINAL THEORY =================
rsomenot38(A,B) :- all38(C,A), some38(B,C)
==================== SCORES ====================
            Accuracy:	 0.983333333333
           Precision:	 1.0
              Recall:	 0.333333333333
================== STATISTICS ==================
    Rule evaluations:	23862
          Total time:	173.1337s
