================ SETTINGS ================
               files:	['./Data/Ragni/Class1/cv1_train_2.pl']
             verbose:	3
                   l:	None
                   p:	0.8
           beam_size:	100
                seed:	None
                 log:	./Logs/Ragni/Class1/cv1_rno2.log
              target:	rno2/2
   symmetry_breaking:	False
           probfoil1:	False
================= FINAL THEORY =================
rno2(A,B) :- no2(A,C), somenot2(C,B)
==================== SCORES ====================
            Accuracy:	 0.938596491228
           Precision:	 1.0
              Recall:	 0.125
================== STATISTICS ==================
    Rule evaluations:	53431
          Total time:	678.4538s
