================ SETTINGS ================
               files:	['./Data/Ragni/Class1/cv1_train_41.pl']
             verbose:	3
                   l:	None
                   p:	0.8
           beam_size:	100
                seed:	None
                 log:	./Logs/Ragni/Class1/cv1_rsome41.log
              target:	rsome41/2
   symmetry_breaking:	False
           probfoil1:	False
================= FINAL THEORY =================
rsome41(A,B) :- some41(A,C), all41(C,B)
==================== SCORES ====================
            Accuracy:	 0.927272727273
           Precision:	 0.5
              Recall:	 0.125
================== STATISTICS ==================
    Rule evaluations:	28927
          Total time:	310.9353s
