================ SETTINGS ================
               files:	['./Data/Ragni/Class1/cv1_train_127.pl']
             verbose:	3
                   l:	None
                   p:	0.8
           beam_size:	100
                seed:	None
                 log:	./Logs/Ragni/Class1/cv1_rsome127.log
              target:	rsome127/2
   symmetry_breaking:	False
           probfoil1:	False
================= FINAL THEORY =================
rsome127(A,B) :- no127(C,B), \+some127(A,C), \+all127(A,C), \+no127(C,A), \+somenot127(A,C), \+somenot127(C,A)
rsome127(A,B) :- all127(A,C), \+all127(B,C), \+no127(B,C), \+some127(B,C), \+no127(C,B), \+somenot127(C,B)
rsome127(A,B) :- no127(B,C), \+all127(A,C), \+no127(C,A), \+some127(A,C), \+some127(C,A), \+no127(A,C)
rsome127(A,B) :- some127(C,B), \+all127(C,A), \+no127(C,A), \+some127(A,C), \+some127(C,A), \+no127(A,C)
==================== SCORES ====================
            Accuracy:	 0.690909090909
           Precision:	 1.0
              Recall:	 0.291666666667
================== STATISTICS ==================
    Rule evaluations:	107108
          Total time:	3779.9840s
