================ SETTINGS ================
               files:	['./Data/Ragni/Class1/cv1_train_78.pl']
             verbose:	3
                   l:	None
                   p:	0.8
           beam_size:	100
                seed:	None
                 log:	./Logs/Ragni/Class1/cv1_rall78.log
              target:	rall78/2
   symmetry_breaking:	False
           probfoil1:	False
================= FINAL THEORY =================
rall78(A,B) :- some78(C,B), no78(C,A)
==================== SCORES ====================
            Accuracy:	 0.973684210526
           Precision:	 1.0
              Recall:	 0.25
================== STATISTICS ==================
    Rule evaluations:	11941
          Total time:	134.8815s
