================ SETTINGS ================
               files:	['./Data/Ragni/Class1/cv1_train_130.pl']
             verbose:	3
                   l:	None
                   p:	0.8
           beam_size:	100
                seed:	None
                 log:	./Logs/Ragni/Class1/cv1_rsomenot130.log
              target:	rsomenot130/2
   symmetry_breaking:	False
           probfoil1:	False
================= FINAL THEORY =================
rsomenot130(A,B) :- somenot130(C,B), all130(A,C)
==================== SCORES ====================
            Accuracy:	 0.940677966102
           Precision:	 0.5
              Recall:	 0.142857142857
================== STATISTICS ==================
    Rule evaluations:	27908
          Total time:	338.1213s
