================ SETTINGS ================
               files:	['./Data/Ragni/Class1/cv1_train_110.pl']
             verbose:	3
                   l:	None
                   p:	0.8
           beam_size:	100
                seed:	None
                 log:	./Logs/Ragni/Class1/cv1_rnvc110.log
              target:	rnvc110/2
   symmetry_breaking:	False
           probfoil1:	False
================= FINAL THEORY =================
rnvc110(A,B) :- somenot110(B,C), \+all110(A,C)
rnvc110(A,B) :- somenot110(C,A), \+all110(B,C), \+some110(B,C)
rnvc110(A,B) :- no110(C,A), \+all110(C,B), \+all110(B,C)
rnvc110(A,B) :- somenot110(C,B), \+all110(C,A), \+some110(A,C)
rnvc110(A,B) :- some110(B,C), \+all110(C,A), \+some110(C,A), \+no110(A,C), \+somenot110(C,A)
rnvc110(A,B) :- some110(C,B), \+all110(A,C), \+all110(C,A), \+some110(C,A), \+no110(A,C)
rnvc110(A,B) :- all110(C,A), \+all110(B,C), \+some110(C,B), \+some110(B,C), \+no110(B,C), \+somenot110(C,B)
==================== SCORES ====================
            Accuracy:	 0.964285714286
           Precision:	 1.0
              Recall:	 0.925925925926
================== STATISTICS ==================
    Rule evaluations:	14156
          Total time:	244.1203s
