================ SETTINGS ================
               files:	['./Data/Ragni/Class1/cv1_train_117.pl']
             verbose:	3
                   l:	None
                   p:	0.8
           beam_size:	100
                seed:	None
                 log:	./Logs/Ragni/Class1/cv1_rsomenot117.log
              target:	rsomenot117/2
   symmetry_breaking:	False
           probfoil1:	False
================= FINAL THEORY =================
rsomenot117(A,B) :- no117(C,B), all117(A,C)
==================== SCORES ====================
            Accuracy:	 0.883928571429
           Precision:	 1.0
              Recall:	 0.0714285714286
================== STATISTICS ==================
    Rule evaluations:	34817
          Total time:	551.1287s
