================ SETTINGS ================
               files:	['./Data/Ragni/Class1/cv1_train_5.pl']
             verbose:	3
                   l:	None
                   p:	0.8
           beam_size:	100
                seed:	None
                 log:	./Logs/Ragni/Class1/cv1_rall5.log
              target:	rall5/2
   symmetry_breaking:	False
           probfoil1:	False
================= FINAL THEORY =================
rall5(A,B) :- all5(A,C), all5(C,B)
==================== SCORES ====================
            Accuracy:	 0.964285714286
           Precision:	 0.5
              Recall:	 0.25
================== STATISTICS ==================
    Rule evaluations:	22644
          Total time:	275.8412s
