================ SETTINGS ================
               files:	['./Data/Ragni/Class1/cv1_train_103.pl']
             verbose:	3
                   l:	None
                   p:	0.8
           beam_size:	100
                seed:	None
                 log:	./Logs/Ragni/Class1/cv1_rsomenot103.log
              target:	rsomenot103/2
   symmetry_breaking:	False
           probfoil1:	False
================= FINAL THEORY =================
rsomenot103(A,B) :- somenot103(A,C), some103(B,C)
rsomenot103(A,B) :- some103(A,C), no103(B,C)
rsomenot103(A,B) :- somenot103(C,A), all103(C,B)
==================== SCORES ====================
            Accuracy:	 0.896551724138
           Precision:	 1.0
              Recall:	 0.25
================== STATISTICS ==================
    Rule evaluations:	62905
          Total time:	2047.8519s
