================ SETTINGS ================
               files:	['./Data/Ragni/Class1/cv1_train_72.pl']
             verbose:	3
                   l:	None
                   p:	0.8
           beam_size:	100
                seed:	None
                 log:	./Logs/Ragni/Class1/cv1_rsomenot72.log
              target:	rsomenot72/2
   symmetry_breaking:	False
           probfoil1:	False
================= FINAL THEORY =================
rsomenot72(A,B) :- somenot72(A,C), somenot72(C,B)
==================== SCORES ====================
            Accuracy:	 0.815789473684
           Precision:	 1.0
              Recall:	 0.0454545454545
================== STATISTICS ==================
    Rule evaluations:	59733
          Total time:	793.1132s
