================ SETTINGS ================
               files:	['./Data/Ragni/Class1/cv1_train_78.pl']
             verbose:	3
                   l:	None
                   p:	0.8
           beam_size:	100
                seed:	None
                 log:	./Logs/Ragni/Class1/cv1_rsome78.log
              target:	rsome78/2
   symmetry_breaking:	False
           probfoil1:	False
================= FINAL THEORY =================
rsome78(A,B) :- some78(C,A), \+some78(B,C), \+no78(B,C), \+somenot78(B,C), \+no78(C,B), \+somenot78(C,B)
==================== SCORES ====================
            Accuracy:	 0.921052631579
           Precision:	 1.0
              Recall:	 0.25
================== STATISTICS ==================
    Rule evaluations:	20869
          Total time:	287.0128s
