================ SETTINGS ================
               files:	['./Data/Ragni/Class1/cv1_train_18.pl']
             verbose:	3
                   l:	None
                   p:	0.8
           beam_size:	100
                seed:	None
                 log:	./Logs/Ragni/Class1/cv1_rsome18.log
              target:	rsome18/2
   symmetry_breaking:	False
           probfoil1:	False
================= FINAL THEORY =================
rsome18(A,B) :- some18(C,B), \+no18(A,C)
==================== SCORES ====================
            Accuracy:	 0.844262295082
           Precision:	 0.5
              Recall:	 0.368421052632
================== STATISTICS ==================
    Rule evaluations:	88813
          Total time:	1101.5212s
