================ SETTINGS ================
               files:	['./Data/Ragni/Class1/cv1_train_98.pl']
             verbose:	3
                   l:	None
                   p:	0.8
           beam_size:	100
                seed:	None
                 log:	./Logs/Ragni/Class1/cv1_rall98.log
              target:	rall98/2
   symmetry_breaking:	False
           probfoil1:	False
================= FINAL THEORY =================
rall98(A,B) :- no98(B,C), all98(A,C)
==================== SCORES ====================
            Accuracy:	 0.931034482759
           Precision:	 0.5
              Recall:	 0.125
================== STATISTICS ==================
    Rule evaluations:	28872
          Total time:	1187.6819s
