================ SETTINGS ================
               files:	['./Data/Ragni/Class1/cv1_train_96.pl']
             verbose:	3
                   l:	None
                   p:	0.8
           beam_size:	100
                seed:	None
                 log:	./Logs/Ragni/Class1/cv1_rsomenot96.log
              target:	rsomenot96/2
   symmetry_breaking:	False
           probfoil1:	False
================= FINAL THEORY =================
rsomenot96(A,B) :- all96(C,A), somenot96(C,B)
==================== SCORES ====================
            Accuracy:	 0.923728813559
           Precision:	 1.0
              Recall:	 0.1
================== STATISTICS ==================
    Rule evaluations:	31208
          Total time:	2288.5448s
