================ SETTINGS ================
               files:	['./Data/Ragni/Class1/cv1_train_62.pl']
             verbose:	3
                   l:	None
                   p:	0.8
           beam_size:	100
                seed:	None
                 log:	./Logs/Ragni/Class1/cv1_rsomenot62.log
              target:	rsomenot62/2
   symmetry_breaking:	False
           probfoil1:	False
================= FINAL THEORY =================
rsomenot62(A,B) :- some62(B,C), all62(C,A)
==================== SCORES ====================
            Accuracy:	 0.991228070175
           Precision:	 0.5
              Recall:	 1.0
================== STATISTICS ==================
    Rule evaluations:	15243
          Total time:	177.0758s
