================ SETTINGS ================
               files:	['./Data/Ragni/Class1/cv1_train_78.pl']
             verbose:	3
                   l:	None
                   p:	0.8
           beam_size:	100
                seed:	None
                 log:	./Logs/Ragni/Class1/cv1_rnvc78.log
              target:	rnvc78/2
   symmetry_breaking:	False
           probfoil1:	False
================= FINAL THEORY =================
rnvc78(A,B) :- some78(B,C), \+all78(C,A), \+some78(C,A), \+somenot78(C,A)
rnvc78(A,B) :- no78(C,B), \+all78(A,C), \+some78(C,A), \+somenot78(C,A)
rnvc78(A,B) :- no78(B,C), \+all78(C,A), \+some78(A,C), \+some78(C,A), \+somenot78(A,C)
rnvc78(A,B) :- no78(A,C), \+all78(B,C), \+some78(C,B), \+somenot78(B,C)
rnvc78(A,B) :- all78(B,C), \+some78(A,C), \+no78(A,C), \+somenot78(A,C), \+somenot78(C,A)
rnvc78(A,B) :- all78(C,A), all78(C,B)
rnvc78(A,B) :- somenot78(A,C), somenot78(C,B)
==================== SCORES ====================
            Accuracy:	 1.0
           Precision:	 1.0
              Recall:	 1.0
================== STATISTICS ==================
    Rule evaluations:	18753
          Total time:	265.5401s
