================ SETTINGS ================
               files:	['./Data/Ragni/Class1/cv1_train_82.pl']
             verbose:	3
                   l:	None
                   p:	0.8
           beam_size:	100
                seed:	None
                 log:	./Logs/Ragni/Class1/cv1_rsomenot82.log
              target:	rsomenot82/2
   symmetry_breaking:	False
           probfoil1:	False
================= FINAL THEORY =================
rsomenot82(A,B) :- some82(C,A), all82(C,B)
==================== SCORES ====================
            Accuracy:	 0.841666666667
           Precision:	 1.0
              Recall:	 0.05
================== STATISTICS ==================
    Rule evaluations:	77206
          Total time:	1784.5450s
