================ SETTINGS ================
               files:	['./Data/Ragni/Class1/cv1_train_79.pl']
             verbose:	3
                   l:	None
                   p:	0.8
           beam_size:	100
                seed:	None
                 log:	./Logs/Ragni/Class1/cv1_rsome79.log
              target:	rsome79/2
   symmetry_breaking:	False
           probfoil1:	False
================= FINAL THEORY =================
rsome79(A,B) :- some79(B,C), no79(A,C)
==================== SCORES ====================
            Accuracy:	 0.941666666667
           Precision:	 1.0
              Recall:	 0.222222222222
================== STATISTICS ==================
    Rule evaluations:	20244
          Total time:	468.5684s
