================ SETTINGS ================
               files:	['./Data/Ragni/Class1/cv1_train_51.pl']
             verbose:	3
                   l:	7
                   p:	0.8
           beam_size:	100
                seed:	None
                 log:	./Logs/Ragni/Class1/cv1_rno51.log
              target:	rno51/2
   symmetry_breaking:	False
           probfoil1:	False
================= FINAL THEORY =================
rno51(A,B) :- all51(C,A), all51(B,C)
==================== SCORES ====================
            Accuracy:	 0.98275862069
           Precision:	 0.5
              Recall:	 0.5
================== STATISTICS ==================
    Rule evaluations:	34823
          Total time:	215.0967s
