================ SETTINGS ================
               files:	['./Data/Ragni/Class1/cv1_train_66.pl']
             verbose:	3
                   l:	None
                   p:	0.8
           beam_size:	100
                seed:	None
                 log:	./Logs/Ragni/Class1/cv1_rno66.log
              target:	rno66/2
   symmetry_breaking:	False
           probfoil1:	False
================= FINAL THEORY =================
rno66(A,B) :- all66(C,A), all66(B,C)
==================== SCORES ====================
            Accuracy:	 0.982456140351
           Precision:	 0.5
              Recall:	 0.5
================== STATISTICS ==================
    Rule evaluations:	36830
          Total time:	407.4663s
