================ SETTINGS ================
               files:	['./Data/Ragni/Class1/cv1_train_120.pl']
             verbose:	3
                   l:	None
                   p:	0.8
           beam_size:	100
                seed:	None
                 log:	./Logs/Ragni/Class1/cv1_rall120.log
              target:	rall120/2
   symmetry_breaking:	False
           probfoil1:	False
================= FINAL THEORY =================
rall120(A,B) :- all120(C,A), all120(C,B)
==================== SCORES ====================
            Accuracy:	 0.932692307692
           Precision:	 0.5
              Recall:	 0.142857142857
================== STATISTICS ==================
    Rule evaluations:	27555
          Total time:	481.3022s
