================ SETTINGS ================
               files:	['./Data/Ragni/Class1/cv1_train_73.pl']
             verbose:	3
                   l:	None
                   p:	0.8
           beam_size:	100
                seed:	None
                 log:	./Logs/Ragni/Class1/cv1_rall73.log
              target:	rall73/2
   symmetry_breaking:	False
           probfoil1:	False
================= FINAL THEORY =================
rall73(A,B) :- all73(B,C), no73(A,C)
==================== SCORES ====================
            Accuracy:	 0.974576271186
           Precision:	 1.0
              Recall:	 0.25
================== STATISTICS ==================
    Rule evaluations:	13438
          Total time:	183.1193s
