================ SETTINGS ================
               files:	['./Data/Ragni/Class1/cv1_train_37.pl']
             verbose:	3
                   l:	7
                   p:	0.8
           beam_size:	100
                seed:	None
                 log:	./Logs/Ragni/Class1/cv1_rsomenot37.log
              target:	rsomenot37/2
   symmetry_breaking:	False
           probfoil1:	False
================= FINAL THEORY =================
rsomenot37(A,B) :- all37(C,A), some37(B,C)
==================== SCORES ====================
            Accuracy:	 0.981481481481
           Precision:	 0.5
              Recall:	 0.5
================== STATISTICS ==================
    Rule evaluations:	36157
          Total time:	214.5232s
