================ SETTINGS ================
               files:	['./Data/Ragni/Class1/cv1_train_84.pl']
             verbose:	3
                   l:	None
                   p:	0.8
           beam_size:	100
                seed:	None
                 log:	./Logs/Ragni/Class1/cv1_rall84.log
              target:	rall84/2
   symmetry_breaking:	False
           probfoil1:	False
================= FINAL THEORY =================
rall84(A,B) :- some84(C,B), somenot84(A,C)
==================== SCORES ====================
            Accuracy:	 0.939655172414
           Precision:	 1.0
              Recall:	 0.222222222222
================== STATISTICS ==================
    Rule evaluations:	16742
          Total time:	378.0475s
