================ SETTINGS ================
               files:	['./Data/Ragni/Class1/cv1_train_118.pl']
             verbose:	3
                   l:	None
                   p:	0.8
           beam_size:	100
                seed:	None
                 log:	./Logs/Ragni/Class1/cv1_rsome118.log
              target:	rsome118/2
   symmetry_breaking:	False
           probfoil1:	False
================= FINAL THEORY =================
rsome118(A,B) :- all118(C,B), \+all118(A,C), \+all118(C,A), \+some118(A,C), \+no118(A,C), \+somenot118(A,C), \+no118(C,A)
rsome118(A,B) :- some118(B,C), no118(C,A)
rsome118(A,B) :- somenot118(B,C), some118(C,A)
==================== SCORES ====================
            Accuracy:	 0.9375
           Precision:	 1.0
              Recall:	 0.363636363636
================== STATISTICS ==================
    Rule evaluations:	51056
          Total time:	1328.2418s
