================ SETTINGS ================
               files:	['./Data/Ragni/Class1/cv1_train_64.pl']
             verbose:	3
                   l:	None
                   p:	0.8
           beam_size:	100
                seed:	None
                 log:	./Logs/Ragni/Class1/cv1_rnvc64.log
              target:	rnvc64/2
   symmetry_breaking:	False
           probfoil1:	False
================= FINAL THEORY =================
rnvc64(A,B) :- some64(C,B), \+all64(A,C), \+all64(C,A), \+no64(A,C), \+no64(C,A), \+somenot64(A,C)
rnvc64(A,B) :- no64(B,C), \+all64(A,C), \+all64(C,A), \+some64(A,C), \+some64(C,A), \+somenot64(A,C), \+somenot64(C,A)
rnvc64(A,B) :- no64(C,B), no64(C,A)
rnvc64(A,B) :- somenot64(A,C), somenot64(B,C)
rnvc64(A,B) :- some64(C,A), somenot64(C,B)
==================== SCORES ====================
            Accuracy:	 1.0
           Precision:	 1.0
              Recall:	 1.0
================== STATISTICS ==================
    Rule evaluations:	12524
          Total time:	239.7718s
