================ SETTINGS ================
               files:	['./Data/Ragni/Class1/cv1_train_133.pl']
             verbose:	3
                   l:	None
                   p:	0.8
           beam_size:	100
                seed:	None
                 log:	./Logs/Ragni/Class1/cv1_rsomenot133.log
              target:	rsomenot133/2
   symmetry_breaking:	False
           probfoil1:	False
================= FINAL THEORY =================
rsomenot133(A,B) :- all133(C,B), some133(C,A)
==================== SCORES ====================
            Accuracy:	 0.962264150943
           Precision:	 0.5
              Recall:	 0.25
================== STATISTICS ==================
    Rule evaluations:	22681
          Total time:	346.5843s
