================ SETTINGS ================
               files:	['./Data/Ragni/Class1/cv1_train_5.pl']
             verbose:	3
                   l:	None
                   p:	0.8
           beam_size:	100
                seed:	None
                 log:	./Logs/Ragni/Class1/cv1_rsomenot5.log
              target:	rsomenot5/2
   symmetry_breaking:	False
           probfoil1:	False
================= FINAL THEORY =================
rsomenot5(A,B) :- some5(A,C), no5(C,B)
==================== SCORES ====================
            Accuracy:	 0.928571428571
           Precision:	 0.5
              Recall:	 0.125
================== STATISTICS ==================
    Rule evaluations:	29678
          Total time:	380.7793s
