================ SETTINGS ================
               files:	['./Data/Ragni/Class1/cv1_train_26.pl']
             verbose:	3
                   l:	None
                   p:	0.8
           beam_size:	100
                seed:	None
                 log:	./Logs/Ragni/Class1/cv1_rnvc26.log
              target:	rnvc26/2
   symmetry_breaking:	False
           probfoil1:	False
================= FINAL THEORY =================
rnvc26(A,B) :- somenot26(C,A), \+all26(C,B)
rnvc26(A,B) :- somenot26(C,B), \+all26(C,A)
rnvc26(A,B) :- some26(B,C), \+all26(C,A), \+no26(A,C)
rnvc26(A,B) :- no26(B,C), \+all26(A,C), \+somenot26(A,C)
rnvc26(A,B) :- somenot26(B,C), \+all26(C,A), \+no26(C,A)
rnvc26(A,B) :- some26(C,B), \+all26(A,C), \+all26(C,A)
rnvc26(A,B) :- all26(B,C), \+all26(C,A), \+no26(A,C), \+no26(C,A)
rnvc26(A,B) :- no26(C,B), \+all26(A,C), \+some26(C,A), \+somenot26(A,C)
==================== SCORES ====================
            Accuracy:	 0.983870967742
           Precision:	 1.0
              Recall:	 0.975
================== STATISTICS ==================
    Rule evaluations:	10482
          Total time:	247.3660s
