================ SETTINGS ================
               files:	['./Data/Ragni/Class1/cv1_train_85.pl']
             verbose:	3
                   l:	None
                   p:	0.8
           beam_size:	100
                seed:	None
                 log:	./Logs/Ragni/Class1/cv1_rno85.log
              target:	rno85/2
   symmetry_breaking:	False
           probfoil1:	False
================= FINAL THEORY =================
rno85(A,B) :- all85(B,C), all85(C,A)
==================== SCORES ====================
            Accuracy:	 0.967213114754
           Precision:	 1.0
              Recall:	 0.2
================== STATISTICS ==================
    Rule evaluations:	15724
          Total time:	421.9340s
