================ SETTINGS ================
               files:	['./Data/Ragni/Class1/cv1_train_76.pl']
             verbose:	3
                   l:	None
                   p:	0.8
           beam_size:	100
                seed:	None
                 log:	./Logs/Ragni/Class1/cv1_rno76.log
              target:	rno76/2
   symmetry_breaking:	False
           probfoil1:	False
================= FINAL THEORY =================
rno76(A,B) :- no76(C,A), \+some76(C,B), \+no76(C,B), \+no76(B,C), \+somenot76(C,B), \+somenot76(B,C)
==================== SCORES ====================
            Accuracy:	 0.963636363636
           Precision:	 1.0
              Recall:	 0.333333333333
================== STATISTICS ==================
    Rule evaluations:	20293
          Total time:	324.5242s
