================ SETTINGS ================
               files:	['./Data/Ragni/Class1/cv1_train_15.pl']
             verbose:	3
                   l:	None
                   p:	0.8
           beam_size:	100
                seed:	None
                 log:	./Logs/Ragni/Class1/cv1_rno15.log
              target:	rno15/2
   symmetry_breaking:	False
           probfoil1:	False
================= FINAL THEORY =================
rno15(A,B) :- all15(C,B), all15(A,C)
==================== SCORES ====================
            Accuracy:	 0.964912280702
           Precision:	 1.0
              Recall:	 0.2
================== STATISTICS ==================
    Rule evaluations:	16442
          Total time:	254.0077s
