================ SETTINGS ================
               files:	['./Data/Ragni/Class1/cv1_train_90.pl']
             verbose:	3
                   l:	None
                   p:	0.8
           beam_size:	100
                seed:	None
                 log:	./Logs/Ragni/Class1/cv1_rno90.log
              target:	rno90/2
   symmetry_breaking:	False
           probfoil1:	False
================= FINAL THEORY =================
rno90(A,B) :- no90(C,B), all90(A,C)
==================== SCORES ====================
            Accuracy:	 0.912280701754
           Precision:	 0.5
              Recall:	 0.1
================== STATISTICS ==================
    Rule evaluations:	30712
          Total time:	427.3876s
