================ SETTINGS ================
               files:	['./Data/Ragni/Class1/cv1_train_95.pl']
             verbose:	3
                   l:	None
                   p:	0.8
           beam_size:	100
                seed:	None
                 log:	./Logs/Ragni/Class1/cv1_rsomenot95.log
              target:	rsomenot95/2
   symmetry_breaking:	False
           probfoil1:	False
================= FINAL THEORY =================
rsomenot95(A,B) :- somenot95(C,B), all95(C,A)
==================== SCORES ====================
            Accuracy:	 0.947368421053
           Precision:	 1.0
              Recall:	 0.142857142857
================== STATISTICS ==================
    Rule evaluations:	20922
          Total time:	2640.4806s
