================ SETTINGS ================
               files:	['./Data/Ragni/Class1/cv1_train_15.pl']
             verbose:	3
                   l:	7
                   p:	0.8
           beam_size:	100
                seed:	None
                 log:	./Logs/Ragni/Class1/cv1_rsome15.log
              target:	rsome15/2
   symmetry_breaking:	False
           probfoil1:	False
================= FINAL THEORY =================
rsome15(A,B) :- no15(A,C), \+some15(C,B), \+somenot15(C,B), \+somenot15(B,C), \+some15(B,C), \+all15(B,C)
rsome15(A,B) :- some15(A,C), all15(B,C)
==================== SCORES ====================
            Accuracy:	 0.824561403509
           Precision:	 0.875
              Recall:	 0.269230769231
================== STATISTICS ==================
    Rule evaluations:	58806
          Total time:	602.3985s
