================ SETTINGS ================
               files:	['./Data/Ragni/Class1/cv1_train_48.pl']
             verbose:	3
                   l:	7
                   p:	0.8
           beam_size:	100
                seed:	None
                 log:	./Logs/Ragni/Class1/cv1_rsome48.log
              target:	rsome48/2
   symmetry_breaking:	False
           probfoil1:	False
================= FINAL THEORY =================
rsome48(A,B) :- somenot48(B,C), some48(C,A)
rsome48(A,B) :- somenot48(C,A), some48(C,B)
rsome48(A,B) :- no48(C,A), \+all48(B,C), \+some48(C,B), \+all48(C,B), \+some48(B,C), \+somenot48(B,C)
==================== SCORES ====================
            Accuracy:	 0.838983050847
           Precision:	 0.875
              Recall:	 0.28
================== STATISTICS ==================
    Rule evaluations:	71470
          Total time:	846.1181s
