================ SETTINGS ================
               files:	['./Data/Ragni/Class1/cv1_train_57.pl']
             verbose:	3
                   l:	None
                   p:	0.8
           beam_size:	100
                seed:	None
                 log:	./Logs/Ragni/Class1/cv1_rsomenot57.log
              target:	rsomenot57/2
   symmetry_breaking:	False
           probfoil1:	False
================= FINAL THEORY =================
rsomenot57(A,B) :- some57(B,C), somenot57(A,C)
==================== SCORES ====================
            Accuracy:	 0.956140350877
           Precision:	 1.0
              Recall:	 0.166666666667
================== STATISTICS ==================
    Rule evaluations:	19132
          Total time:	369.1956s
