================ SETTINGS ================
               files:	['./Data/Ragni/Class1/cv1_train_40.pl']
             verbose:	3
                   l:	None
                   p:	0.8
           beam_size:	100
                seed:	None
                 log:	./Logs/Ragni/Class1/cv1_rall40.log
              target:	rall40/2
   symmetry_breaking:	False
           probfoil1:	False
================= FINAL THEORY =================
rall40(A,B) :- no40(B,C), all40(A,C)
==================== SCORES ====================
            Accuracy:	 0.958333333333
           Precision:	 0.5
              Recall:	 0.2
================== STATISTICS ==================
    Rule evaluations:	22808
          Total time:	238.4080s
