================ SETTINGS ================
               files:	['./Data/Ragni/Class1/cv1_train_64.pl']
             verbose:	3
                   l:	None
                   p:	0.8
           beam_size:	100
                seed:	None
                 log:	./Logs/Ragni/Class1/cv1_rsomenot64.log
              target:	rsomenot64/2
   symmetry_breaking:	False
           probfoil1:	False
================= FINAL THEORY =================
rsomenot64(A,B) :- some64(C,A), no64(B,C)
rsomenot64(A,B) :- somenot64(A,C), all64(C,B)
rsomenot64(A,B) :- somenot64(B,C), no64(C,A)
rsomenot64(A,B) :- all64(C,A), some64(B,C)
rsomenot64(A,B) :- some64(A,C), no64(C,B)
==================== SCORES ====================
            Accuracy:	 0.910714285714
           Precision:	 1.0
              Recall:	 0.375
================== STATISTICS ==================
    Rule evaluations:	80111
          Total time:	3144.2010s
