================ SETTINGS ================
               files:	['./Data/Ragni/Class1/cv1_train_48.pl']
             verbose:	3
                   l:	None
                   p:	0.8
           beam_size:	100
                seed:	None
                 log:	./Logs/Ragni/Class1/cv1_rsomenot48.log
              target:	rsomenot48/2
   symmetry_breaking:	False
           probfoil1:	False
================= FINAL THEORY =================
rsomenot48(A,B) :- some48(B,C), no48(C,A)
rsomenot48(A,B) :- somenot48(A,C), no48(C,B)
==================== SCORES ====================
            Accuracy:	 0.864406779661
           Precision:	 1.0
              Recall:	 0.111111111111
================== STATISTICS ==================
    Rule evaluations:	82891
          Total time:	3003.6233s
