================ SETTINGS ================
               files:	['./Data/Ragni/Class1/cv1_train_52.pl']
             verbose:	3
                   l:	None
                   p:	0.8
           beam_size:	100
                seed:	None
                 log:	./Logs/Ragni/Class1/cv1_rsomenot52.log
              target:	rsomenot52/2
   symmetry_breaking:	False
           probfoil1:	False
================= FINAL THEORY =================
rsomenot52(A,B) :- no52(C,A), \+no52(C,B), \+no52(B,C), \+all52(C,B), \+all52(B,C)
==================== SCORES ====================
            Accuracy:	 0.912280701754
           Precision:	 0.5
              Recall:	 0.4
================== STATISTICS ==================
    Rule evaluations:	50419
          Total time:	600.5900s
