================ SETTINGS ================
               files:	['./Data/Ragni/Class1/cv1_train_134.pl']
             verbose:	3
                   l:	None
                   p:	0.8
           beam_size:	100
                seed:	None
                 log:	./Logs/Ragni/Class1/cv1_rno134.log
              target:	rno134/2
   symmetry_breaking:	False
           probfoil1:	False
================= FINAL THEORY =================
rno134(A,B) :- no134(B,C), \+some134(A,C), \+somenot134(C,A), \+some134(C,A), \+no134(A,C), \+no134(C,A), \+somenot134(A,C)
==================== SCORES ====================
            Accuracy:	 0.925
           Precision:	 1.0
              Recall:	 0.181818181818
================== STATISTICS ==================
    Rule evaluations:	32513
          Total time:	1486.0584s
