================ SETTINGS ================
               files:	['./Data/Ragni/Class1/cv1_train_128.pl']
             verbose:	3
                   l:	None
                   p:	0.8
           beam_size:	100
                seed:	None
                 log:	./Logs/Ragni/Class1/cv1_rall128.log
              target:	rall128/2
   symmetry_breaking:	False
           probfoil1:	False
================= FINAL THEORY =================
rall128(A,B) :- no128(C,A), all128(B,C)
==================== SCORES ====================
            Accuracy:	 0.973214285714
           Precision:	 1.0
              Recall:	 0.25
================== STATISTICS ==================
    Rule evaluations:	14229
          Total time:	206.9035s
