================ SETTINGS ================
               files:	['./Data/Ragni/Class1/cv1_train_136.pl']
             verbose:	3
                   l:	None
                   p:	0.8
           beam_size:	100
                seed:	None
                 log:	./Logs/Ragni/Class1/cv1_rsome136.log
              target:	rsome136/2
   symmetry_breaking:	False
           probfoil1:	False
================= FINAL THEORY =================
rsome136(A,B) :- no136(C,A), all136(C,B)
==================== SCORES ====================
            Accuracy:	 0.916666666667
           Precision:	 1.0
              Recall:	 0.0909090909091
================== STATISTICS ==================
    Rule evaluations:	31569
          Total time:	1206.3965s
