================ SETTINGS ================
               files:	['./Data/Ragni/Class1/cv1_train_110.pl']
             verbose:	3
                   l:	None
                   p:	0.8
           beam_size:	100
                seed:	None
                 log:	./Logs/Ragni/Class1/cv1_rsome110.log
              target:	rsome110/2
   symmetry_breaking:	False
           probfoil1:	False
================= FINAL THEORY =================
rsome110(A,B) :- no110(C,A), \+all110(C,B), \+all110(B,C), \+no110(C,B), \+somenot110(C,B), \+no110(B,C), \+some110(C,B)
==================== SCORES ====================
            Accuracy:	 0.928571428571
           Precision:	 1.0
              Recall:	 0.2
================== STATISTICS ==================
    Rule evaluations:	28722
          Total time:	580.1309s
