================ SETTINGS ================
               files:	['./Data/Ragni/Class1/cv1_train_125.pl']
             verbose:	3
                   l:	None
                   p:	0.8
           beam_size:	100
                seed:	None
                 log:	./Logs/Ragni/Class1/cv1_rno125.log
              target:	rno125/2
   symmetry_breaking:	False
           probfoil1:	False
================= FINAL THEORY =================
rno125(A,B) :- all125(A,C), no125(C,B)
==================== SCORES ====================
            Accuracy:	 0.974137931034
           Precision:	 0.5
              Recall:	 0.333333333333
================== STATISTICS ==================
    Rule evaluations:	33109
          Total time:	356.7856s
