================ SETTINGS ================
               files:	['./Data/Ragni/Class1/cv1_train_114.pl']
             verbose:	3
                   l:	None
                   p:	0.8
           beam_size:	100
                seed:	None
                 log:	./Logs/Ragni/Class1/cv1_rsomenot114.log
              target:	rsomenot114/2
   symmetry_breaking:	False
           probfoil1:	False
================= FINAL THEORY =================
rsomenot114(A,B) :- all114(B,C), somenot114(A,C)
==================== SCORES ====================
            Accuracy:	 0.975
           Precision:	 1.0
              Recall:	 0.25
================== STATISTICS ==================
    Rule evaluations:	15457
          Total time:	236.3370s
