================ SETTINGS ================
               files:	['./Data/Ragni/Class1/cv1_train_41.pl']
             verbose:	3
                   l:	None
                   p:	0.8
           beam_size:	100
                seed:	None
                 log:	./Logs/Ragni/Class1/cv1_rnvc41.log
              target:	rnvc41/2
   symmetry_breaking:	False
           probfoil1:	False
================= FINAL THEORY =================
rnvc41(A,B) :- no41(C,A), \+all41(C,B), \+all41(B,C), \+some41(B,C)
rnvc41(A,B) :- somenot41(A,C), \+all41(C,B), \+all41(B,C), \+no41(B,C)
rnvc41(A,B) :- somenot41(C,A), \+all41(C,B), \+all41(B,C), \+no41(B,C)
rnvc41(A,B) :- some41(A,C), \+all41(C,B), \+all41(B,C), \+no41(C,B)
rnvc41(A,B) :- some41(C,A), \+all41(C,B), \+all41(B,C), \+some41(C,B), \+somenot41(B,C)
rnvc41(A,B) :- all41(C,A), \+some41(B,C), \+no41(C,B), \+no41(B,C), \+somenot41(C,B), \+somenot41(B,C)
==================== SCORES ====================
            Accuracy:	 0.963636363636
           Precision:	 1.0
              Recall:	 0.923076923077
================== STATISTICS ==================
    Rule evaluations:	15687
          Total time:	249.2078s
