================ SETTINGS ================
               files:	['./Data/Ragni/Class1/cv1_train_25.pl']
             verbose:	3
                   l:	None
                   p:	0.8
           beam_size:	100
                seed:	None
                 log:	./Logs/Ragni/Class1/cv1_rsome25.log
              target:	rsome25/2
   symmetry_breaking:	False
           probfoil1:	False
================= FINAL THEORY =================
rsome25(A,B) :- somenot25(C,A), \+no25(C,B), \+no25(B,C), \+somenot25(C,B), \+all25(C,B), \+some25(C,B)
==================== SCORES ====================
            Accuracy:	 0.887931034483
           Precision:	 1.0
              Recall:	 0.315789473684
================== STATISTICS ==================
    Rule evaluations:	44372
          Total time:	1067.5718s
