================ SETTINGS ================
               files:	['./Data/Ragni/Class1/cv1_train_96.pl']
             verbose:	3
                   l:	None
                   p:	0.8
           beam_size:	100
                seed:	None
                 log:	./Logs/Ragni/Class1/cv1_rall96.log
              target:	rall96/2
   symmetry_breaking:	False
           probfoil1:	False
================= FINAL THEORY =================
rall96(A,B) :- all96(C,B), all96(A,C)
==================== SCORES ====================
            Accuracy:	 0.949152542373
           Precision:	 1.0
              Recall:	 0.142857142857
================== STATISTICS ==================
    Rule evaluations:	24245
          Total time:	1884.6011s
