================ SETTINGS ================
               files:	['./Data/Ragni/Class1/cv1_train_11.pl']
             verbose:	3
                   l:	None
                   p:	0.8
           beam_size:	100
                seed:	None
                 log:	./Logs/Ragni/Class1/cv1_rsome11.log
              target:	rsome11/2
   symmetry_breaking:	False
           probfoil1:	False
================= FINAL THEORY =================
rsome11(A,B) :- somenot11(B,C), \+some11(A,C), \+no11(A,C), \+no11(C,A), \+somenot11(A,C), \+somenot11(C,A), \+all11(A,C)
rsome11(A,B) :- all11(C,B), somenot11(C,A)
==================== SCORES ====================
            Accuracy:	 0.891666666667
           Precision:	 1.0
              Recall:	 0.1875
================== STATISTICS ==================
    Rule evaluations:	81966
          Total time:	3404.2187s
