================ SETTINGS ================
               files:	['./Data/Ragni/Class1/cv1_train_70.pl']
             verbose:	3
                   l:	None
                   p:	0.8
           beam_size:	100
                seed:	None
                 log:	./Logs/Ragni/Class1/cv1_rsome70.log
              target:	rsome70/2
   symmetry_breaking:	False
           probfoil1:	False
================= FINAL THEORY =================
rsome70(A,B) :- no70(B,C), some70(A,C)
rsome70(A,B) :- somenot70(C,A), all70(B,C)
rsome70(A,B) :- some70(B,C), some70(C,A)
==================== SCORES ====================
            Accuracy:	 0.862068965517
           Precision:	 1.0
              Recall:	 0.272727272727
================== STATISTICS ==================
    Rule evaluations:	57511
          Total time:	2084.5189s
