================ SETTINGS ================
               files:	['./Data/Ragni/Class1/cv1_train_116.pl']
             verbose:	3
                   l:	None
                   p:	0.8
           beam_size:	100
                seed:	None
                 log:	./Logs/Ragni/Class1/cv1_rnvc116.log
              target:	rnvc116/2
   symmetry_breaking:	False
           probfoil1:	False
================= FINAL THEORY =================
rnvc116(A,B) :- somenot116(A,C), \+all116(C,B), \+all116(B,C), \+some116(B,C), \+no116(B,C), \+somenot116(B,C)
rnvc116(A,B) :- somenot116(B,C), \+all116(A,C), \+all116(C,A), \+no116(C,A), \+somenot116(A,C), \+somenot116(C,A)
rnvc116(A,B) :- no116(A,C), somenot116(C,B)
==================== SCORES ====================
            Accuracy:	 1.0
           Precision:	 1.0
              Recall:	 1.0
================== STATISTICS ==================
    Rule evaluations:	9203
          Total time:	154.4799s
