================ SETTINGS ================
               files:	['./Data/Ragni/Class1/cv1_train_30.pl']
             verbose:	3
                   l:	None
                   p:	0.8
           beam_size:	100
                seed:	None
                 log:	./Logs/Ragni/Class1/cv1_rall30.log
              target:	rall30/2
   symmetry_breaking:	False
           probfoil1:	False
================= FINAL THEORY =================
rall30(A,B) :- all30(A,C), no30(B,C)
==================== SCORES ====================
            Accuracy:	 0.964285714286
           Precision:	 1.0
              Recall:	 0.2
================== STATISTICS ==================
    Rule evaluations:	20825
          Total time:	1026.3062s
