================ SETTINGS ================
               files:	['./Data/Ragni/Class1/cv1_train_98.pl']
             verbose:	3
                   l:	None
                   p:	0.8
           beam_size:	100
                seed:	None
                 log:	./Logs/Ragni/Class1/cv1_rno98.log
              target:	rno98/2
   symmetry_breaking:	False
           probfoil1:	False
================= FINAL THEORY =================
rno98(A,B) :- no98(C,B), all98(A,C)
==================== SCORES ====================
            Accuracy:	 0.922413793103
           Precision:	 0.5
              Recall:	 0.111111111111
================== STATISTICS ==================
    Rule evaluations:	29121
          Total time:	1211.8720s
