================ SETTINGS ================
               files:	['./Data/Ragni/Class1/cv1_train_109.pl']
             verbose:	3
                   l:	None
                   p:	0.8
           beam_size:	100
                seed:	None
                 log:	./Logs/Ragni/Class1/cv1_rsomenot109.log
              target:	rsomenot109/2
   symmetry_breaking:	False
           probfoil1:	False
================= FINAL THEORY =================
rsomenot109(A,B) :- somenot109(B,C), no109(C,A)
rsomenot109(A,B) :- no109(B,C), somenot109(A,C)
==================== SCORES ====================
            Accuracy:	 0.9375
           Precision:	 1.0
              Recall:	 0.3
================== STATISTICS ==================
    Rule evaluations:	34631
          Total time:	763.8397s
