================ SETTINGS ================
               files:	['./Data/Ragni/Class1/cv1_train_2.pl']
             verbose:	3
                   l:	None
                   p:	0.8
           beam_size:	100
                seed:	None
                 log:	./Logs/Ragni/Class1/cv1_rall2.log
              target:	rall2/2
   symmetry_breaking:	False
           probfoil1:	False
================= FINAL THEORY =================
rall2(A,B) :- all2(A,C), \+some2(B,C), \+somenot2(C,B), \+somenot2(B,C)
==================== SCORES ====================
            Accuracy:	 0.877192982456
           Precision:	 0.5
              Recall:	 0.357142857143
================== STATISTICS ==================
    Rule evaluations:	66113
          Total time:	697.5243s
