================ SETTINGS ================
               files:	['./Data/Ragni/Class1/cv1_train_27.pl']
             verbose:	3
                   l:	None
                   p:	0.8
           beam_size:	100
                seed:	None
                 log:	./Logs/Ragni/Class1/cv1_rall27.log
              target:	rall27/2
   symmetry_breaking:	False
           probfoil1:	False
================= FINAL THEORY =================
rall27(A,B) :- all27(B,C), no27(C,A)
rall27(A,B) :- no27(B,C), all27(A,C)
==================== SCORES ====================
            Accuracy:	 0.919642857143
           Precision:	 1.0
              Recall:	 0.25
================== STATISTICS ==================
    Rule evaluations:	38988
          Total time:	1218.4115s
