================ SETTINGS ================
               files:	['./Data/Ragni/Class1/cv1_train_55.pl']
             verbose:	3
                   l:	None
                   p:	0.8
           beam_size:	100
                seed:	None
                 log:	./Logs/Ragni/Class1/cv1_rsome55.log
              target:	rsome55/2
   symmetry_breaking:	False
           probfoil1:	False
================= FINAL THEORY =================
rsome55(A,B) :- somenot55(C,A), some55(C,B)
==================== SCORES ====================
            Accuracy:	 0.923728813559
           Precision:	 1.0
              Recall:	 0.1
================== STATISTICS ==================
    Rule evaluations:	46955
          Total time:	821.9738s
