================ SETTINGS ================
               files:	['./Data/Ragni/Class1/cv1_train_40.pl']
             verbose:	3
                   l:	7
                   p:	0.8
           beam_size:	100
                seed:	None
                 log:	./Logs/Ragni/Class1/cv1_rsome40.log
              target:	rsome40/2
   symmetry_breaking:	False
           probfoil1:	False
================= FINAL THEORY =================
rsome40(A,B) :- somenot40(A,C), no40(B,C)
rsome40(A,B) :- some40(B,C), all40(C,A)
rsome40(A,B) :- some40(C,A), somenot40(C,B)
rsome40(A,B) :- all40(B,C), some40(A,C)
==================== SCORES ====================
            Accuracy:	 0.841666666667
           Precision:	 1.0
              Recall:	 0.208333333333
================== STATISTICS ==================
    Rule evaluations:	103277
          Total time:	1256.4379s
