================ SETTINGS ================
               files:	['./Data/Ragni/Class1/cv1_train_121.pl']
             verbose:	3
                   l:	None
                   p:	0.8
           beam_size:	100
                seed:	None
                 log:	./Logs/Ragni/Class1/cv1_rsomenot121.log
              target:	rsomenot121/2
   symmetry_breaking:	False
           probfoil1:	False
================= FINAL THEORY =================
rsomenot121(A,B) :- somenot121(A,C), some121(B,C)
==================== SCORES ====================
            Accuracy:	 0.921052631579
           Precision:	 1.0
              Recall:	 0.1
================== STATISTICS ==================
    Rule evaluations:	30175
          Total time:	759.6777s
