================ SETTINGS ================
               files:	['./Data/Ragni/Class1/cv1_train_25.pl']
             verbose:	3
                   l:	None
                   p:	0.8
           beam_size:	100
                seed:	None
                 log:	./Logs/Ragni/Class1/cv1_rno25.log
              target:	rno25/2
   symmetry_breaking:	False
           probfoil1:	False
================= FINAL THEORY =================
rno25(A,B) :- no25(A,C), all25(C,B)
==================== SCORES ====================
            Accuracy:	 0.956896551724
           Precision:	 1.0
              Recall:	 0.166666666667
================== STATISTICS ==================
    Rule evaluations:	17011
          Total time:	353.7447s
