================ SETTINGS ================
               files:	['./Data/Ragni/Class1/cv1_train_97.pl']
             verbose:	3
                   l:	None
                   p:	0.8
           beam_size:	100
                seed:	None
                 log:	./Logs/Ragni/Class1/cv1_rno97.log
              target:	rno97/2
   symmetry_breaking:	False
           probfoil1:	False
================= FINAL THEORY =================
rno97(A,B) :- no97(A,C), some97(B,C)
rno97(A,B) :- no97(C,B), all97(A,C)
==================== SCORES ====================
            Accuracy:	 0.915254237288
           Precision:	 1.0
              Recall:	 0.166666666667
================== STATISTICS ==================
    Rule evaluations:	69815
          Total time:	4893.0446s
