================ SETTINGS ================
               files:	['./Data/Ragni/Class1/cv1_train_87.pl']
             verbose:	3
                   l:	None
                   p:	0.8
           beam_size:	100
                seed:	None
                 log:	./Logs/Ragni/Class1/cv1_rsomenot87.log
              target:	rsomenot87/2
   symmetry_breaking:	False
           probfoil1:	False
================= FINAL THEORY =================
rsomenot87(A,B) :- some87(A,C), \+all87(B,C), \+some87(C,B), \+somenot87(B,C)
==================== SCORES ====================
            Accuracy:	 0.877192982456
           Precision:	 0.5
              Recall:	 0.285714285714
================== STATISTICS ==================
    Rule evaluations:	51297
          Total time:	584.7379s
