================ SETTINGS ================
               files:	['./Data/Ragni/Class1/cv1_train_88.pl']
             verbose:	3
                   l:	None
                   p:	0.8
           beam_size:	100
                seed:	None
                 log:	./Logs/Ragni/Class1/cv1_rsome88.log
              target:	rsome88/2
   symmetry_breaking:	False
           probfoil1:	False
================= FINAL THEORY =================
rsome88(A,B) :- some88(A,C), all88(C,B)
==================== SCORES ====================
            Accuracy:	 0.893442622951
           Precision:	 0.5
              Recall:	 0.0769230769231
================== STATISTICS ==================
    Rule evaluations:	32928
          Total time:	430.8258s
