================ SETTINGS ================
               files:	['./Data/Ragni/Class1/cv1_train_17.pl']
             verbose:	3
                   l:	None
                   p:	0.8
           beam_size:	100
                seed:	None
                 log:	./Logs/Ragni/Class1/cv1_rall17.log
              target:	rall17/2
   symmetry_breaking:	False
           probfoil1:	False
================= FINAL THEORY =================
rall17(A,B) :- all17(B,C), no17(C,A)
rall17(A,B) :- no17(A,C), all17(C,B)
==================== SCORES ====================
            Accuracy:	 0.972727272727
           Precision:	 1.0
              Recall:	 0.4
================== STATISTICS ==================
    Rule evaluations:	26545
          Total time:	702.7605s
