================ SETTINGS ================
               files:	['./Data/Ragni/Class1/cv1_train_88.pl']
             verbose:	3
                   l:	None
                   p:	0.8
           beam_size:	100
                seed:	None
                 log:	./Logs/Ragni/Class1/cv1_rall88.log
              target:	rall88/2
   symmetry_breaking:	False
           probfoil1:	False
================= FINAL THEORY =================
rall88(A,B) :- no88(B,C), all88(C,A)
==================== SCORES ====================
            Accuracy:	 0.94262295082
           Precision:	 0.5
              Recall:	 0.142857142857
================== STATISTICS ==================
    Rule evaluations:	27159
          Total time:	407.0960s
