================ SETTINGS ================
               files:	['./Data/Ragni/Class1/cv1_train_37.pl']
             verbose:	3
                   l:	7
                   p:	0.8
           beam_size:	100
                seed:	None
                 log:	./Logs/Ragni/Class1/cv1_rsome37.log
              target:	rsome37/2
   symmetry_breaking:	False
           probfoil1:	False
================= FINAL THEORY =================
rsome37(A,B) :- all37(C,B), some37(A,C)
==================== SCORES ====================
            Accuracy:	 0.981481481481
           Precision:	 0.5
              Recall:	 0.5
================== STATISTICS ==================
    Rule evaluations:	32992
          Total time:	201.2327s
