================ SETTINGS ================
               files:	['./Data/Ragni/Class1/cv1_train_30.pl']
             verbose:	3
                   l:	7
                   p:	0.8
           beam_size:	100
                seed:	None
                 log:	./Logs/Ragni/Class1/cv1_rsome30.log
              target:	rsome30/2
   symmetry_breaking:	False
           probfoil1:	False
================= FINAL THEORY =================
rsome30(A,B) :- some30(C,B), somenot30(C,A)
rsome30(A,B) :- some30(B,C), somenot30(A,C)
rsome30(A,B) :- no30(A,C), \+all30(C,B), \+some30(B,C), \+no30(C,B), \+all30(B,C), \+somenot30(C,B)
rsome30(A,B) :- somenot30(C,B), no30(C,A)
rsome30(A,B) :- some30(B,C), some30(C,A)
rsome30(A,B) :- no30(B,C), somenot30(C,A)
rsome30(A,B) :- no30(C,B), somenot30(A,C)
==================== SCORES ====================
            Accuracy:	 0.8125
           Precision:	 0.916666666667
              Recall:	 0.354838709677
================== STATISTICS ==================
    Rule evaluations:	142129
          Total time:	2055.8277s
