================ SETTINGS ================
               files:	['./Data/Ragni/Class1/cv1_train_83.pl']
             verbose:	3
                   l:	None
                   p:	0.8
           beam_size:	100
                seed:	None
                 log:	./Logs/Ragni/Class1/cv1_rsome83.log
              target:	rsome83/2
   symmetry_breaking:	False
           probfoil1:	False
================= FINAL THEORY =================
rsome83(A,B) :- all83(C,B), somenot83(A,C)
==================== SCORES ====================
            Accuracy:	 0.923728813559
           Precision:	 1.0
              Recall:	 0.1
================== STATISTICS ==================
    Rule evaluations:	29085
          Total time:	683.8035s
