================ SETTINGS ================
               files:	['./Data/Ragni/Class1/cv1_train_121.pl']
             verbose:	3
                   l:	None
                   p:	0.8
           beam_size:	100
                seed:	None
                 log:	./Logs/Ragni/Class1/cv1_rall121.log
              target:	rall121/2
   symmetry_breaking:	False
           probfoil1:	False
================= FINAL THEORY =================
rall121(A,B) :- all121(B,C), no121(A,C)
==================== SCORES ====================
            Accuracy:	 0.912280701754
           Precision:	 1.0
              Recall:	 0.0909090909091
================== STATISTICS ==================
    Rule evaluations:	31470
          Total time:	778.0886s
