================ SETTINGS ================
               files:	['./Data/Ragni/Class1/cv1_train_103.pl']
             verbose:	3
                   l:	None
                   p:	0.8
           beam_size:	100
                seed:	None
                 log:	./Logs/Ragni/Class1/cv1_rsome103.log
              target:	rsome103/2
   symmetry_breaking:	False
           probfoil1:	False
================= FINAL THEORY =================
rsome103(A,B) :- somenot103(B,C), \+all103(C,A), \+some103(A,C), \+no103(C,A), \+all103(A,C), \+no103(A,C), \+somenot103(A,C)
rsome103(A,B) :- all103(A,C), somenot103(C,B)
==================== SCORES ====================
            Accuracy:	 0.896551724138
           Precision:	 1.0
              Recall:	 0.2
================== STATISTICS ==================
    Rule evaluations:	45479
          Total time:	1030.0548s
