================ SETTINGS ================
               files:	['./Data/Ragni/Class1/cv1_train_47.pl']
             verbose:	3
                   l:	7
                   p:	0.8
           beam_size:	100
                seed:	None
                 log:	./Logs/Ragni/Class1/cv1_rsome47.log
              target:	rsome47/2
   symmetry_breaking:	False
           probfoil1:	False
================= FINAL THEORY =================
rsome47(A,B) :- somenot47(B,C), no47(A,C)
==================== SCORES ====================
            Accuracy:	 0.898305084746
           Precision:	 1.0
              Recall:	 0.0769230769231
================== STATISTICS ==================
    Rule evaluations:	43880
          Total time:	375.2766s
