================ SETTINGS ================
               files:	['./Data/Ragni/Class0/cv0_train_83.pl']
             verbose:	3
                   l:	None
                   p:	0.8
           beam_size:	100
                seed:	None
                 log:	./Logs/Ragni/Class0/cv0_rnvc83.log
              target:	rnvc83/2
   symmetry_breaking:	False
           probfoil1:	False
================= FINAL THEORY =================
rnvc83(A,B) :- no83(A,C), \+all83(B,C), \+somenot83(C,B)
rnvc83(A,B) :- no83(C,B), \+all83(A,C), \+somenot83(A,C)
rnvc83(A,B) :- no83(C,A), \+all83(C,B), \+some83(C,B), \+some83(B,C)
rnvc83(A,B) :- some83(A,C), \+all83(C,B), \+all83(B,C), \+no83(B,C), \+somenot83(C,B)
rnvc83(A,B) :- some83(B,C), \+all83(C,A), \+no83(C,A), \+somenot83(A,C), \+somenot83(C,A)
rnvc83(A,B) :- no83(B,C), \+all83(A,C), \+some83(A,C), \+some83(C,A), \+somenot83(C,A)
rnvc83(A,B) :- somenot83(C,A), \+all83(C,B), \+all83(B,C), \+some83(C,B), \+some83(B,C), \+no83(B,C)
rnvc83(A,B) :- some83(C,A), some83(C,B)
rnvc83(A,B) :- somenot83(A,C), somenot83(C,B)
==================== SCORES ====================
            Accuracy:	 1.0
           Precision:	 1.0
              Recall:	 1.0
================== STATISTICS ==================
    Rule evaluations:	25329
          Total time:	663.3664s
