================ SETTINGS ================
               files:	['./Data/Ragni/Class0/cv0_train_121.pl']
             verbose:	3
                   l:	None
                   p:	0.8
           beam_size:	100
                seed:	None
                 log:	./Logs/Ragni/Class0/cv0_rsome121.log
              target:	rsome121/2
   symmetry_breaking:	False
           probfoil1:	False
================= FINAL THEORY =================
rsome121(A,B) :- some121(C,B), \+no121(C,A), \+no121(A,C), \+all121(A,C), \+all121(C,A), \+some121(A,C)
rsome121(A,B) :- somenot121(B,C), no121(C,A)
==================== SCORES ====================
            Accuracy:	 0.857142857143
           Precision:	 1.0
              Recall:	 0.238095238095
================== STATISTICS ==================
    Rule evaluations:	66331
          Total time:	1795.4161s
