================ SETTINGS ================
               files:	['./Data/Ragni/Class0/cv0_train_28.pl']
             verbose:	3
                   l:	None
                   p:	0.8
           beam_size:	100
                seed:	None
                 log:	./Logs/Ragni/Class0/cv0_rnvc28.log
              target:	rnvc28/2
   symmetry_breaking:	False
           probfoil1:	False
================= FINAL THEORY =================
rnvc28(A,B) :- somenot28(A,C), \+all28(C,B), \+all28(B,C), \+some28(C,B), \+no28(C,B), \+somenot28(C,B)
rnvc28(A,B) :- some28(C,A), \+all28(C,B), \+all28(B,C), \+some28(B,C), \+no28(C,B), \+somenot28(C,B), \+somenot28(B,C)
rnvc28(A,B) :- somenot28(C,A), \+all28(B,C), \+some28(C,B), \+some28(B,C), \+no28(C,B), \+no28(B,C), \+somenot28(B,C)
rnvc28(A,B) :- no28(A,C), somenot28(C,B)
==================== SCORES ====================
            Accuracy:	 1.0
           Precision:	 1.0
              Recall:	 1.0
================== STATISTICS ==================
    Rule evaluations:	17628
          Total time:	404.1556s
