================ SETTINGS ================
               files:	['./Data/Ragni/Class0/cv0_train_32.pl']
             verbose:	3
                   l:	None
                   p:	0.8
           beam_size:	100
                seed:	None
                 log:	./Logs/Ragni/Class0/cv0_rsome32.log
              target:	rsome32/2
   symmetry_breaking:	False
           probfoil1:	False
================= FINAL THEORY =================
rsome32(A,B) :- somenot32(A,C), all32(B,C)
==================== SCORES ====================
            Accuracy:	 0.893442622951
           Precision:	 1.0
              Recall:	 0.0714285714286
================== STATISTICS ==================
    Rule evaluations:	50592
          Total time:	1017.1182s
