================ SETTINGS ================
               files:	['./Data/Ragni/Class0/cv0_train_40.pl']
             verbose:	3
                   l:	7
                   p:	0.8
           beam_size:	100
                seed:	None
                 log:	./Logs/Ragni/Class0/cv0_rsome40.log
              target:	rsome40/2
   symmetry_breaking:	False
           probfoil1:	False
================= FINAL THEORY =================
rsome40(A,B) :- all40(C,B), somenot40(C,A)
rsome40(A,B) :- somenot40(A,C), no40(B,C)
rsome40(A,B) :- some40(C,A), somenot40(B,C)
==================== SCORES ====================
            Accuracy:	 0.8
           Precision:	 1.0
              Recall:	 0.12
================== STATISTICS ==================
    Rule evaluations:	77334
          Total time:	1179.2108s
