================ SETTINGS ================
               files:	['./Data/Ragni/Class0/cv0_train_39.pl']
             verbose:	3
                   l:	None
                   p:	0.8
           beam_size:	100
                seed:	None
                 log:	./Logs/Ragni/Class0/cv0_rno39.log
              target:	rno39/2
   symmetry_breaking:	False
           probfoil1:	False
================= FINAL THEORY =================
rno39(A,B) :- no39(A,C), some39(C,B)
==================== SCORES ====================
            Accuracy:	 0.965517241379
           Precision:	 0.5
              Recall:	 0.25
================== STATISTICS ==================
    Rule evaluations:	22692
          Total time:	1201.0633s
