================ SETTINGS ================
               files:	['./Data/Ragni/Class0/cv0_train_5.pl']
             verbose:	3
                   l:	None
                   p:	0.8
           beam_size:	100
                seed:	None
                 log:	./Logs/Ragni/Class0/cv0_rsomenot5.log
              target:	rsomenot5/2
   symmetry_breaking:	False
           probfoil1:	False
================= FINAL THEORY =================
rsomenot5(A,B) :- all5(C,A), some5(C,B)
==================== SCORES ====================
            Accuracy:	 0.932203389831
           Precision:	 1.0
              Recall:	 0.111111111111
================== STATISTICS ==================
    Rule evaluations:	28231
          Total time:	624.3136s
