================ SETTINGS ================
               files:	['./Data/Ragni/Class0/cv0_train_45.pl']
             verbose:	3
                   l:	7
                   p:	0.8
           beam_size:	100
                seed:	None
                 log:	./Logs/Ragni/Class0/cv0_rall45.log
              target:	rall45/2
   symmetry_breaking:	False
           probfoil1:	False
================= FINAL THEORY =================
rall45(A,B) :- all45(A,C), no45(B,C)
==================== SCORES ====================
            Accuracy:	 0.964912280702
           Precision:	 1.0
              Recall:	 0.2
================== STATISTICS ==================
    Rule evaluations:	18544
          Total time:	251.2643s
