================ SETTINGS ================
               files:	['./Data/Ragni/Class0/cv0_train_26.pl']
             verbose:	3
                   l:	None
                   p:	0.8
           beam_size:	100
                seed:	None
                 log:	./Logs/Ragni/Class0/cv0_rsomenot26.log
              target:	rsomenot26/2
   symmetry_breaking:	False
           probfoil1:	False
================= FINAL THEORY =================
rsomenot26(A,B) :- all26(C,B), somenot26(A,C)
==================== SCORES ====================
            Accuracy:	 0.960784313725
           Precision:	 1.0
              Recall:	 0.2
================== STATISTICS ==================
    Rule evaluations:	13781
          Total time:	288.4872s
