================ SETTINGS ================
               files:	['./Data/Ragni/Class0/cv0_train_7.pl']
             verbose:	3
                   l:	None
                   p:	0.8
           beam_size:	100
                seed:	None
                 log:	./Logs/Ragni/Class0/cv0_rsome7.log
              target:	rsome7/2
   symmetry_breaking:	False
           probfoil1:	False
================= FINAL THEORY =================
rsome7(A,B) :- somenot7(B,C), \+somenot7(A,C), \+all7(A,C), \+all7(C,A), \+no7(A,C), \+no7(C,A)
==================== SCORES ====================
            Accuracy:	 0.847457627119
           Precision:	 1.0
              Recall:	 0.181818181818
================== STATISTICS ==================
    Rule evaluations:	51487
          Total time:	2089.1819s
