================ SETTINGS ================
               files:	['./Data/Ragni/Class0/cv0_train_133.pl']
             verbose:	3
                   l:	None
                   p:	0.8
           beam_size:	100
                seed:	None
                 log:	./Logs/Ragni/Class0/cv0_rsomenot133.log
              target:	rsomenot133/2
   symmetry_breaking:	False
           probfoil1:	False
================= FINAL THEORY =================
rsomenot133(A,B) :- all133(C,B), some133(C,A)
==================== SCORES ====================
            Accuracy:	 0.974137931034
           Precision:	 1.0
              Recall:	 0.25
================== STATISTICS ==================
    Rule evaluations:	14777
          Total time:	844.2285s
