================ SETTINGS ================
               files:	['./Data/Ragni/Class0/cv0_train_102.pl']
             verbose:	3
                   l:	None
                   p:	0.8
           beam_size:	100
                seed:	None
                 log:	./Logs/Ragni/Class0/cv0_rno102.log
              target:	rno102/2
   symmetry_breaking:	False
           probfoil1:	False
================= FINAL THEORY =================
rno102(A,B) :- all102(A,C), no102(C,B)
==================== SCORES ====================
            Accuracy:	 0.964912280702
           Precision:	 0.5
              Recall:	 0.25
================== STATISTICS ==================
    Rule evaluations:	22718
          Total time:	424.1950s
