================ SETTINGS ================
               files:	['./Data/Ragni/Class0/cv0_train_23.pl']
             verbose:	3
                   l:	None
                   p:	0.8
           beam_size:	100
                seed:	None
                 log:	./Logs/Ragni/Class0/cv0_rno23.log
              target:	rno23/2
   symmetry_breaking:	False
           probfoil1:	False
================= FINAL THEORY =================
rno23(A,B) :- no23(C,B), all23(C,A)
rno23(A,B) :- all23(A,C), no23(B,C)
==================== SCORES ====================
            Accuracy:	 0.973214285714
           Precision:	 1.0
              Recall:	 0.4
================== STATISTICS ==================
    Rule evaluations:	17594
          Total time:	389.9623s
