================ SETTINGS ================
               files:	['./Data/Ragni/Class0/cv0_train_77.pl']
             verbose:	3
                   l:	None
                   p:	0.8
           beam_size:	100
                seed:	None
                 log:	./Logs/Ragni/Class0/cv0_rsome77.log
              target:	rsome77/2
   symmetry_breaking:	False
           probfoil1:	False
================= FINAL THEORY =================
rsome77(A,B) :- all77(A,C), \+all77(C,B), \+all77(B,C), \+some77(C,B), \+somenot77(B,C), \+some77(B,C), \+somenot77(C,B)
rsome77(A,B) :- somenot77(A,C), \+all77(B,C), \+some77(B,C), \+no77(B,C), \+somenot77(B,C), \+all77(C,B), \+some77(C,B)
==================== SCORES ====================
            Accuracy:	 0.894736842105
           Precision:	 1.0
              Recall:	 0.294117647059
================== STATISTICS ==================
    Rule evaluations:	42629
          Total time:	1454.5236s
