================ SETTINGS ================
               files:	['./Data/Ragni/Class0/cv0_train_81.pl']
             verbose:	3
                   l:	None
                   p:	0.8
           beam_size:	100
                seed:	None
                 log:	./Logs/Ragni/Class0/cv0_rsome81.log
              target:	rsome81/2
   symmetry_breaking:	False
           probfoil1:	False
================= FINAL THEORY =================
rsome81(A,B) :- somenot81(C,A), all81(C,B)
rsome81(A,B) :- some81(A,C), some81(C,B)
rsome81(A,B) :- somenot81(B,C), all81(A,C)
==================== SCORES ====================
            Accuracy:	 0.87037037037
           Precision:	 1.0
              Recall:	 0.176470588235
================== STATISTICS ==================
    Rule evaluations:	64174
          Total time:	3161.6607s
