================ SETTINGS ================
               files:	['./Data/Ragni/Class0/cv0_train_67.pl']
             verbose:	3
                   l:	None
                   p:	0.8
           beam_size:	100
                seed:	None
                 log:	./Logs/Ragni/Class0/cv0_rno67.log
              target:	rno67/2
   symmetry_breaking:	False
           probfoil1:	False
================= FINAL THEORY =================
rno67(A,B) :- no67(C,B), all67(A,C)
==================== SCORES ====================
            Accuracy:	 0.912280701754
           Precision:	 0.5
              Recall:	 0.1
================== STATISTICS ==================
    Rule evaluations:	31534
          Total time:	330.8315s
