================ SETTINGS ================
               files:	['./Data/Ragni/Class0/cv0_train_88.pl']
             verbose:	3
                   l:	None
                   p:	0.8
           beam_size:	100
                seed:	None
                 log:	./Logs/Ragni/Class0/cv0_rall88.log
              target:	rall88/2
   symmetry_breaking:	False
           probfoil1:	False
================= FINAL THEORY =================
rall88(A,B) :- no88(B,C), all88(A,C)
==================== SCORES ====================
            Accuracy:	 0.933333333333
           Precision:	 0.5
              Recall:	 0.125
================== STATISTICS ==================
    Rule evaluations:	28419
          Total time:	2720.2674s
