================ SETTINGS ================
               files:	['./Data/Ragni/Class0/cv0_train_75.pl']
             verbose:	3
                   l:	None
                   p:	0.8
           beam_size:	100
                seed:	None
                 log:	./Logs/Ragni/Class0/cv0_rnvc75.log
              target:	rnvc75/2
   symmetry_breaking:	False
           probfoil1:	False
================= FINAL THEORY =================
rnvc75(A,B) :- somenot75(B,C), somenot75(A,C)
rnvc75(A,B) :- no75(A,C), no75(B,C)
==================== SCORES ====================
            Accuracy:	 1.0
           Precision:	 1.0
              Recall:	 1.0
================== STATISTICS ==================
    Rule evaluations:	530
          Total time:	15.4950s
