================ SETTINGS ================
               files:	['./Data/Ragni/Class0/cv0_train_28.pl']
             verbose:	3
                   l:	7
                   p:	0.8
           beam_size:	100
                seed:	None
                 log:	./Logs/Ragni/Class0/cv0_rsome28.log
              target:	rsome28/2
   symmetry_breaking:	False
           probfoil1:	False
================= FINAL THEORY =================
rsome28(A,B) :- all28(C,B), \+all28(A,C), \+somenot28(C,A), \+some28(C,A), \+no28(C,A)
rsome28(A,B) :- some28(C,A), somenot28(B,C)
rsome28(A,B) :- somenot28(A,C), no28(B,C)
==================== SCORES ====================
            Accuracy:	 0.857142857143
           Precision:	 1.0
              Recall:	 0.304347826087
================== STATISTICS ==================
    Rule evaluations:	73634
          Total time:	1231.6984s
