================ SETTINGS ================
               files:	['./Data/Ragni/Class0/cv0_train_8.pl']
             verbose:	3
                   l:	None
                   p:	0.8
           beam_size:	100
                seed:	None
                 log:	./Logs/Ragni/Class0/cv0_rnvc8.log
              target:	rnvc8/2
   symmetry_breaking:	False
           probfoil1:	False
================= FINAL THEORY =================
rnvc8(A,B) :- some8(A,C), \+all8(C,B), \+no8(C,B), \+no8(B,C)
rnvc8(A,B) :- some8(C,A), \+all8(C,B), \+all8(B,C), \+no8(C,B), \+no8(B,C), \+somenot8(B,C)
rnvc8(A,B) :- somenot8(A,C), \+all8(C,B), \+all8(B,C), \+some8(B,C), \+no8(C,B), \+no8(B,C), \+somenot8(C,B)
rnvc8(A,B) :- no8(A,C), no8(B,C)
==================== SCORES ====================
            Accuracy:	 1.0
           Precision:	 1.0
              Recall:	 1.0
================== STATISTICS ==================
    Rule evaluations:	9495
          Total time:	156.8919s
