================ SETTINGS ================
               files:	['./Data/Ragni/Class0/cv0_train_49.pl']
             verbose:	3
                   l:	None
                   p:	0.8
           beam_size:	100
                seed:	None
                 log:	./Logs/Ragni/Class0/cv0_rall49.log
              target:	rall49/2
   symmetry_breaking:	False
           probfoil1:	False
================= FINAL THEORY =================
rall49(A,B) :- no49(A,C), some49(C,B)
==================== SCORES ====================
            Accuracy:	 0.926229508197
           Precision:	 1.0
              Recall:	 0.1
================== STATISTICS ==================
    Rule evaluations:	27336
          Total time:	607.2196s
