================ SETTINGS ================
               files:	['./Data/Ragni/Class0/cv0_train_50.pl']
             verbose:	3
                   l:	None
                   p:	0.8
           beam_size:	100
                seed:	None
                 log:	./Logs/Ragni/Class0/cv0_rnvc50.log
              target:	rnvc50/2
   symmetry_breaking:	False
           probfoil1:	False
================= FINAL THEORY =================
rnvc50(A,B) :- some50(C,B), \+all50(A,C), \+all50(C,A), \+no50(A,C)
rnvc50(A,B) :- somenot50(C,B), \+all50(A,C), \+all50(C,A), \+no50(A,C)
rnvc50(A,B) :- some50(B,C), \+all50(A,C), \+all50(C,A), \+no50(A,C), \+no50(C,A)
rnvc50(A,B) :- somenot50(B,C), \+all50(A,C), \+no50(A,C), \+no50(C,A)
rnvc50(A,B) :- no50(C,A), \+all50(C,B), \+all50(B,C), \+some50(B,C), \+somenot50(B,C)
rnvc50(A,B) :- no50(B,C), no50(A,C)
==================== SCORES ====================
            Accuracy:	 1.0
           Precision:	 1.0
              Recall:	 1.0
================== STATISTICS ==================
    Rule evaluations:	15478
          Total time:	391.2567s
