================ SETTINGS ================
               files:	['./Data/Ragni/Class0/cv0_train_64.pl']
             verbose:	3
                   l:	None
                   p:	0.8
           beam_size:	100
                seed:	None
                 log:	./Logs/Ragni/Class0/cv0_rnvc64.log
              target:	rnvc64/2
   symmetry_breaking:	False
           probfoil1:	False
================= FINAL THEORY =================
rnvc64(A,B) :- some64(C,B), \+all64(A,C), \+all64(C,A), \+no64(A,C), \+somenot64(A,C)
rnvc64(A,B) :- no64(C,A), \+all64(C,B), \+all64(B,C), \+some64(B,C), \+somenot64(C,B)
rnvc64(A,B) :- somenot64(C,B), \+all64(A,C), \+all64(C,A), \+some64(A,C), \+no64(A,C), \+no64(C,A), \+somenot64(A,C)
rnvc64(A,B) :- all64(A,C), all64(B,C)
rnvc64(A,B) :- no64(B,C), no64(A,C)
rnvc64(A,B) :- somenot64(B,C), somenot64(A,C)
==================== SCORES ====================
            Accuracy:	 1.0
           Precision:	 1.0
              Recall:	 1.0
================== STATISTICS ==================
    Rule evaluations:	13278
          Total time:	311.4312s
