================ SETTINGS ================
               files:	['./Data/Ragni/Class0/cv0_train_26.pl']
             verbose:	3
                   l:	None
                   p:	0.8
           beam_size:	100
                seed:	None
                 log:	./Logs/Ragni/Class0/cv0_rnvc26.log
              target:	rnvc26/2
   symmetry_breaking:	False
           probfoil1:	False
================= FINAL THEORY =================
rnvc26(A,B) :- somenot26(C,A), \+all26(C,B)
rnvc26(A,B) :- somenot26(C,B), \+all26(C,A)
rnvc26(A,B) :- no26(B,C), \+all26(A,C)
rnvc26(A,B) :- somenot26(B,C), \+all26(C,A), \+no26(C,A)
rnvc26(A,B) :- some26(B,C), \+all26(C,A), \+no26(A,C)
rnvc26(A,B) :- some26(C,B), \+all26(A,C), \+all26(C,A)
==================== SCORES ====================
            Accuracy:	 0.921568627451
           Precision:	 1.0
              Recall:	 0.885714285714
================== STATISTICS ==================
    Rule evaluations:	6596
          Total time:	133.4732s
