================ SETTINGS ================
               files:	['./Data/Ragni/Class0/cv0_train_75.pl']
             verbose:	3
                   l:	None
                   p:	0.8
           beam_size:	100
                seed:	None
                 log:	./Logs/Ragni/Class0/cv0_rsome75.log
              target:	rsome75/2
   symmetry_breaking:	False
           probfoil1:	False
================= FINAL THEORY =================
rsome75(A,B) :- somenot75(B,C), \+no75(C,A), \+somenot75(A,C), \+somenot75(C,A), \+all75(C,A), \+some75(A,C), \+some75(C,A)
==================== SCORES ====================
            Accuracy:	 0.891666666667
           Precision:	 1.0
              Recall:	 0.1875
================== STATISTICS ==================
    Rule evaluations:	24299
          Total time:	459.8728s
