================ SETTINGS ================
               files:	['./Data/Ragni/Class0/cv0_train_90.pl']
             verbose:	3
                   l:	None
                   p:	0.8
           beam_size:	100
                seed:	None
                 log:	./Logs/Ragni/Class0/cv0_rsome90.log
              target:	rsome90/2
   symmetry_breaking:	False
           probfoil1:	False
================= FINAL THEORY =================
rsome90(A,B) :- some90(B,C), some90(C,A)
rsome90(A,B) :- no90(A,C), somenot90(B,C)
==================== SCORES ====================
            Accuracy:	 0.975806451613
           Precision:	 1.0
              Recall:	 0.571428571429
================== STATISTICS ==================
    Rule evaluations:	13928
          Total time:	1649.3763s
