================ SETTINGS ================
               files:	['./Data/Ragni/Class0/cv0_train_96.pl']
             verbose:	3
                   l:	7
                   p:	0.8
           beam_size:	100
                seed:	None
                 log:	./Logs/Ragni/Class0/cv0_rno96.log
              target:	rno96/2
   symmetry_breaking:	False
           probfoil1:	False
================= FINAL THEORY =================
rno96(A,B) :- all96(B,C), no96(C,A)
==================== SCORES ====================
            Accuracy:	 0.948275862069
           Precision:	 1.0
              Recall:	 0.142857142857
================== STATISTICS ==================
    Rule evaluations:	21368
          Total time:	297.3915s
