================ SETTINGS ================
               files:	['./Data/Ragni/Class0/cv0_train_82.pl']
             verbose:	3
                   l:	None
                   p:	0.8
           beam_size:	100
                seed:	None
                 log:	./Logs/Ragni/Class0/cv0_rsomenot82.log
              target:	rsomenot82/2
   symmetry_breaking:	False
           probfoil1:	False
================= FINAL THEORY =================
rsomenot82(A,B) :- somenot82(C,B), \+no82(A,C), \+somenot82(C,A), \+no82(C,A), \+all82(A,C), \+somenot82(A,C)
==================== SCORES ====================
            Accuracy:	 0.862068965517
           Precision:	 1.0
              Recall:	 0.157894736842
================== STATISTICS ==================
    Rule evaluations:	31666
          Total time:	829.1702s
