================ SETTINGS ================
               files:	['./Data/Ragni/Class0/cv0_train_12.pl']
             verbose:	3
                   l:	None
                   p:	0.8
           beam_size:	100
                seed:	None
                 log:	./Logs/Ragni/Class0/cv0_rnvc12.log
              target:	rnvc12/2
   symmetry_breaking:	False
           probfoil1:	False
================= FINAL THEORY =================
rnvc12(A,B) :- no12(C,B), \+no12(A,C), \+no12(C,A)
rnvc12(A,B) :- no12(C,A), \+all12(B,C), \+no12(C,B)
rnvc12(A,B) :- no12(A,C), \+all12(C,B), \+no12(C,B), \+no12(B,C)
rnvc12(A,B) :- no12(B,C), \+some12(A,C), \+some12(C,A), \+no12(A,C)
rnvc12(A,B) :- somenot12(B,C), \+all12(C,A), \+some12(A,C), \+somenot12(C,A)
rnvc12(A,B) :- some12(B,C), \+some12(A,C), \+some12(C,A), \+somenot12(A,C), \+somenot12(C,A)
==================== SCORES ====================
            Accuracy:	 1.0
           Precision:	 1.0
              Recall:	 1.0
================== STATISTICS ==================
    Rule evaluations:	12239
          Total time:	1157.2650s
