================ SETTINGS ================
               files:	['./Data/Ragni/Class0/cv0_train_70.pl']
             verbose:	3
                   l:	None
                   p:	0.8
           beam_size:	100
                seed:	None
                 log:	./Logs/Ragni/Class0/cv0_rsome70.log
              target:	rsome70/2
   symmetry_breaking:	False
           probfoil1:	False
================= FINAL THEORY =================
rsome70(A,B) :- some70(B,C), \+all70(A,C), \+all70(C,A), \+some70(A,C), \+no70(A,C), \+somenot70(A,C), \+no70(C,A)
rsome70(A,B) :- no70(B,C), some70(A,C)
rsome70(A,B) :- somenot70(C,A), all70(B,C)
rsome70(A,B) :- somenot70(B,C), no70(C,A)
==================== SCORES ====================
            Accuracy:	 0.860655737705
           Precision:	 1.0
              Recall:	 0.32
================== STATISTICS ==================
    Rule evaluations:	117227
          Total time:	4167.5328s
