================ SETTINGS ================
               files:	['./Data/Ragni/Class0/cv0_train_16.pl']
             verbose:	3
                   l:	None
                   p:	0.8
           beam_size:	100
                seed:	None
                 log:	./Logs/Ragni/Class0/cv0_rnvc16.log
              target:	rnvc16/2
   symmetry_breaking:	False
           probfoil1:	False
================= FINAL THEORY =================
rnvc16(A,B) :- no16(A,C), \+all16(B,C)
rnvc16(A,B) :- no16(C,A), \+all16(B,C)
rnvc16(A,B) :- somenot16(C,A), \+all16(C,B), \+all16(B,C), \+somenot16(B,C)
rnvc16(A,B) :- somenot16(A,C), \+all16(B,C), \+some16(C,B), \+no16(C,B), \+somenot16(C,B)
rnvc16(A,B) :- some16(C,A), \+all16(C,B), \+all16(B,C), \+somenot16(C,B)
rnvc16(A,B) :- all16(A,C), \+all16(C,B), \+some16(C,B), \+no16(C,B), \+no16(B,C), \+somenot16(C,B)
rnvc16(A,B) :- all16(C,A), \+all16(B,C), \+some16(C,B), \+some16(B,C), \+no16(B,C), \+somenot16(C,B), \+somenot16(B,C)
rnvc16(A,B) :- some16(A,C), \+all16(C,B), \+some16(C,B), \+some16(B,C), \+no16(C,B), \+no16(B,C), \+somenot16(C,B)
==================== SCORES ====================
            Accuracy:	 1.0
           Precision:	 1.0
              Recall:	 1.0
================== STATISTICS ==================
    Rule evaluations:	19267
          Total time:	349.2643s
