================ SETTINGS ================
               files:	['./Data/Ragni/Class0/cv0_train_7.pl']
             verbose:	3
                   l:	None
                   p:	0.8
           beam_size:	100
                seed:	None
                 log:	./Logs/Ragni/Class0/cv0_rsomenot7.log
              target:	rsomenot7/2
   symmetry_breaking:	False
           probfoil1:	False
================= FINAL THEORY =================
rsomenot7(A,B) :- some7(C,A), all7(B,C)
==================== SCORES ====================
            Accuracy:	 0.881355932203
           Precision:	 0.5
              Recall:	 0.0714285714286
================== STATISTICS ==================
    Rule evaluations:	32001
          Total time:	475.6569s
