================ SETTINGS ================
               files:	['./Data/Ragni/Class0/cv0_train_79.pl']
             verbose:	3
                   l:	None
                   p:	0.8
           beam_size:	100
                seed:	None
                 log:	./Logs/Ragni/Class0/cv0_rsomenot79.log
              target:	rsomenot79/2
   symmetry_breaking:	False
           probfoil1:	False
================= FINAL THEORY =================
rsomenot79(A,B) :- all79(C,A), \+all79(C,B), \+no79(C,B), \+no79(B,C), \+all79(B,C), \+some79(B,C), \+somenot79(B,C)
rsomenot79(A,B) :- somenot79(B,C), \+some79(A,C), \+no79(A,C), \+all79(A,C), \+somenot79(C,A), \+all79(C,A), \+somenot79(A,C)
rsomenot79(A,B) :- somenot79(A,C), all79(B,C)
==================== SCORES ====================
            Accuracy:	 0.865384615385
           Precision:	 1.0
              Recall:	 0.333333333333
================== STATISTICS ==================
    Rule evaluations:	62003
          Total time:	4733.7186s
