================ SETTINGS ================
               files:	['./Data/Ragni/Class0/cv0_train_75.pl']
             verbose:	3
                   l:	None
                   p:	0.8
           beam_size:	100
                seed:	None
                 log:	./Logs/Ragni/Class0/cv0_rsomenot75.log
              target:	rsomenot75/2
   symmetry_breaking:	False
           probfoil1:	False
================= FINAL THEORY =================
rsomenot75(A,B) :- some75(C,A), somenot75(C,B)
==================== SCORES ====================
            Accuracy:	 0.858333333333
           Precision:	 1.0
              Recall:	 0.0555555555556
================== STATISTICS ==================
    Rule evaluations:	36163
          Total time:	675.0740s
