================ SETTINGS ================
               files:	['./Data/Ragni/Class0/cv0_train_126.pl']
             verbose:	3
                   l:	None
                   p:	0.8
           beam_size:	100
                seed:	None
                 log:	./Logs/Ragni/Class0/cv0_rno126.log
              target:	rno126/2
   symmetry_breaking:	False
           probfoil1:	False
================= FINAL THEORY =================
rno126(A,B) :- all126(B,C), all126(C,A)
==================== SCORES ====================
            Accuracy:	 0.991379310345
           Precision:	 0.5
              Recall:	 1.0
================== STATISTICS ==================
    Rule evaluations:	13525
          Total time:	344.4952s
