================ SETTINGS ================
               files:	['./Data/Ragni/Class0/cv0_train_21.pl']
             verbose:	3
                   l:	None
                   p:	0.8
           beam_size:	100
                seed:	None
                 log:	./Logs/Ragni/Class0/cv0_rall21.log
              target:	rall21/2
   symmetry_breaking:	False
           probfoil1:	False
================= FINAL THEORY =================
rall21(A,B) :- all21(A,C), all21(C,B)
==================== SCORES ====================
            Accuracy:	 0.974576271186
           Precision:	 0.5
              Recall:	 0.333333333333
================== STATISTICS ==================
    Rule evaluations:	33039
          Total time:	481.6043s
