================ SETTINGS ================
               files:	['./Data/Ragni/Class0/cv0_train_111.pl']
             verbose:	3
                   l:	None
                   p:	0.8
           beam_size:	100
                seed:	None
                 log:	./Logs/Ragni/Class0/cv0_rsome111.log
              target:	rsome111/2
   symmetry_breaking:	False
           probfoil1:	False
================= FINAL THEORY =================
rsome111(A,B) :- somenot111(B,C), \+some111(C,A), \+somenot111(A,C)
==================== SCORES ====================
            Accuracy:	 0.838709677419
           Precision:	 0.5
              Recall:	 0.3
================== STATISTICS ==================
    Rule evaluations:	70619
          Total time:	1837.3946s
