================ SETTINGS ================
               files:	['./Data/Ragni/Class0/cv0_train_13.pl']
             verbose:	3
                   l:	7
                   p:	0.8
           beam_size:	100
                seed:	None
                 log:	./Logs/Ragni/Class0/cv0_rall13.log
              target:	rall13/2
   symmetry_breaking:	False
           probfoil1:	False
================= FINAL THEORY =================
rall13(A,B) :- all13(B,C), no13(A,C)
==================== SCORES ====================
            Accuracy:	 0.975409836066
           Precision:	 0.5
              Recall:	 0.333333333333
================== STATISTICS ==================
    Rule evaluations:	33039
          Total time:	317.0262s
