================ SETTINGS ================
               files:	['./Data/Ragni/Class0/cv0_train_48.pl']
             verbose:	3
                   l:	None
                   p:	0.8
           beam_size:	100
                seed:	None
                 log:	./Logs/Ragni/Class0/cv0_rall48.log
              target:	rall48/2
   symmetry_breaking:	False
           probfoil1:	False
================= FINAL THEORY =================
rall48(A,B) :- no48(C,A), \+no48(C,B), \+somenot48(C,B), \+somenot48(B,C)
==================== SCORES ====================
            Accuracy:	 0.891666666667
           Precision:	 0.5
              Recall:	 0.384615384615
================== STATISTICS ==================
    Rule evaluations:	67431
          Total time:	1234.7767s
