================ SETTINGS ================
               files:	['./Data/Ragni/Class0/cv0_train_111.pl']
             verbose:	3
                   l:	None
                   p:	0.8
           beam_size:	100
                seed:	None
                 log:	./Logs/Ragni/Class0/cv0_rno111.log
              target:	rno111/2
   symmetry_breaking:	False
           probfoil1:	False
================= FINAL THEORY =================
rno111(A,B) :- all111(B,C), no111(A,C)
==================== SCORES ====================
            Accuracy:	 0.967741935484
           Precision:	 1.0
              Recall:	 0.2
================== STATISTICS ==================
    Rule evaluations:	17124
          Total time:	1090.7823s
