================ SETTINGS ================
               files:	['./Data/Ragni/Class0/cv0_train_11.pl']
             verbose:	3
                   l:	None
                   p:	0.8
           beam_size:	100
                seed:	None
                 log:	./Logs/Ragni/Class0/cv0_rno11.log
              target:	rno11/2
   symmetry_breaking:	False
           probfoil1:	False
================= FINAL THEORY =================
rno11(A,B) :- somenot11(A,C), all11(C,B)
==================== SCORES ====================
            Accuracy:	 0.923728813559
           Precision:	 0.5
              Recall:	 0.111111111111
================== STATISTICS ==================
    Rule evaluations:	29546
          Total time:	1259.3572s
