================ SETTINGS ================
               files:	['./Data/Ragni/Class0/cv0_train_15.pl']
             verbose:	3
                   l:	None
                   p:	0.8
           beam_size:	100
                seed:	None
                 log:	./Logs/Ragni/Class0/cv0_rsomenot15.log
              target:	rsomenot15/2
   symmetry_breaking:	False
           probfoil1:	False
================= FINAL THEORY =================
rsomenot15(A,B) :- no15(B,C), somenot15(C,A)
==================== SCORES ====================
            Accuracy:	 0.908333333333
           Precision:	 1.0
              Recall:	 0.0833333333333
================== STATISTICS ==================
    Rule evaluations:	33498
          Total time:	509.9716s
