================ SETTINGS ================
               files:	['./Data/Ragni/Class0/cv0_train_21.pl']
             verbose:	3
                   l:	None
                   p:	0.8
           beam_size:	100
                seed:	None
                 log:	./Logs/Ragni/Class0/cv0_rsomenot21.log
              target:	rsomenot21/2
   symmetry_breaking:	False
           probfoil1:	False
================= FINAL THEORY =================
rsomenot21(A,B) :- some21(A,C), \+all21(C,B), \+all21(B,C), \+some21(C,B), \+some21(B,C), \+somenot21(C,B), \+somenot21(B,C)
rsomenot21(A,B) :- somenot21(C,B), all21(C,A)
==================== SCORES ====================
            Accuracy:	 0.949152542373
           Precision:	 1.0
              Recall:	 0.333333333333
================== STATISTICS ==================
    Rule evaluations:	35417
          Total time:	1004.2122s
