================ SETTINGS ================
               files:	['./Data/Ragni/Class0/cv0_train_27.pl']
             verbose:	3
                   l:	None
                   p:	0.8
           beam_size:	100
                seed:	None
                 log:	./Logs/Ragni/Class0/cv0_rall27.log
              target:	rall27/2
   symmetry_breaking:	False
           probfoil1:	False
================= FINAL THEORY =================
rall27(A,B) :- all27(B,C), \+all27(A,C), \+some27(A,C), \+some27(C,A), \+somenot27(A,C), \+somenot27(C,A), \+all27(C,A)
==================== SCORES ====================
            Accuracy:	 0.896551724138
           Precision:	 1.0
              Recall:	 0.2
================== STATISTICS ==================
    Rule evaluations:	44970
          Total time:	1169.0883s
