================ SETTINGS ================
               files:	['./Data/Ragni/Class5/cv5_train_108.pl']
             verbose:	3
                   l:	None
                   p:	0.8
           beam_size:	100
                seed:	None
                 log:	./Logs/Ragni/Class5/cv5_rsomenot108.log
              target:	rsomenot108/2
   symmetry_breaking:	False
           probfoil1:	False
================= FINAL THEORY =================
rsomenot108(A,B) :- some108(B,C), all108(C,A)
==================== SCORES ====================
            Accuracy:	 0.934426229508
           Precision:	 0.5
              Recall:	 0.125
================== STATISTICS ==================
    Rule evaluations:	29310
          Total time:	325.4997s
