================ SETTINGS ================
               files:	['./Data/Ragni/Class5/cv5_train_138.pl']
             verbose:	3
                   l:	None
                   p:	0.8
           beam_size:	100
                seed:	None
                 log:	./Logs/Ragni/Class5/cv5_rno138.log
              target:	rno138/2
   symmetry_breaking:	False
           probfoil1:	False
================= FINAL THEORY =================
rno138(A,B) :- no138(B,C), all138(A,C)
==================== SCORES ====================
            Accuracy:	 0.962962962963
           Precision:	 0.5
              Recall:	 0.25
================== STATISTICS ==================
    Rule evaluations:	22265
          Total time:	232.0272s
