================ SETTINGS ================
               files:	['./Data/Ragni/Class5/cv5_train_89.pl']
             verbose:	3
                   l:	None
                   p:	0.8
           beam_size:	100
                seed:	None
                 log:	./Logs/Ragni/Class5/cv5_rall89.log
              target:	rall89/2
   symmetry_breaking:	False
           probfoil1:	False
================= FINAL THEORY =================
rall89(A,B) :- no89(B,C), no89(C,A)
==================== SCORES ====================
            Accuracy:	 0.991525423729
           Precision:	 0.5
              Recall:	 1.0
================== STATISTICS ==================
    Rule evaluations:	13525
          Total time:	278.7261s
