================ SETTINGS ================
               files:	['./Data/Ragni/Class5/cv5_train_39.pl']
             verbose:	3
                   l:	None
                   p:	0.8
           beam_size:	100
                seed:	None
                 log:	./Logs/Ragni/Class5/cv5_rsome39.log
              target:	rsome39/2
   symmetry_breaking:	False
           probfoil1:	False
================= FINAL THEORY =================
rsome39(A,B) :- some39(B,C), all39(A,C)
==================== SCORES ====================
            Accuracy:	 0.879032258065
           Precision:	 1.0
              Recall:	 0.0625
================== STATISTICS ==================
    Rule evaluations:	34077
          Total time:	2761.8029s
