================ SETTINGS ================
               files:	['./Data/Ragni/Class5/cv5_train_113.pl']
             verbose:	3
                   l:	None
                   p:	0.8
           beam_size:	100
                seed:	None
                 log:	./Logs/Ragni/Class5/cv5_rno113.log
              target:	rno113/2
   symmetry_breaking:	False
           probfoil1:	False
================= FINAL THEORY =================
rno113(A,B) :- no113(A,C), all113(C,B)
==================== SCORES ====================
            Accuracy:	 0.966666666667
           Precision:	 0.5
              Recall:	 0.25
================== STATISTICS ==================
    Rule evaluations:	22542
          Total time:	236.3994s
