================ SETTINGS ================
               files:	['./Data/Ragni/Class5/cv5_train_73.pl']
             verbose:	3
                   l:	None
                   p:	0.8
           beam_size:	100
                seed:	None
                 log:	./Logs/Ragni/Class5/cv5_rall73.log
              target:	rall73/2
   symmetry_breaking:	False
           probfoil1:	False
================= FINAL THEORY =================
rall73(A,B) :- all73(A,C), all73(C,B)
==================== SCORES ====================
            Accuracy:	 0.957627118644
           Precision:	 0.5
              Recall:	 0.2
================== STATISTICS ==================
    Rule evaluations:	24461
          Total time:	259.4136s
