================ SETTINGS ================
               files:	['./Data/Ragni/Class5/cv5_train_44.pl']
             verbose:	3
                   l:	None
                   p:	0.8
           beam_size:	100
                seed:	None
                 log:	./Logs/Ragni/Class5/cv5_rall44.log
              target:	rall44/2
   symmetry_breaking:	False
           probfoil1:	False
================= FINAL THEORY =================
rall44(A,B) :- all44(A,C), all44(C,B)
==================== SCORES ====================
            Accuracy:	 0.975409836066
           Precision:	 0.5
              Recall:	 0.333333333333
================== STATISTICS ==================
    Rule evaluations:	25207
          Total time:	1189.0314s
