================ SETTINGS ================
               files:	['./Data/Ragni/Class5/cv5_train_71.pl']
             verbose:	3
                   l:	None
                   p:	0.8
           beam_size:	100
                seed:	None
                 log:	./Logs/Ragni/Class5/cv5_rnvc71.log
              target:	rnvc71/2
   symmetry_breaking:	False
           probfoil1:	False
================= FINAL THEORY =================
rnvc71(A,B) :- somenot71(C,A), \+all71(B,C), \+no71(B,C), \+somenot71(C,B)
rnvc71(A,B) :- somenot71(A,C), \+all71(C,B), \+all71(B,C), \+no71(C,B), \+no71(B,C)
rnvc71(A,B) :- somenot71(C,B), \+all71(A,C), \+all71(C,A), \+no71(A,C), \+somenot71(C,A)
rnvc71(A,B) :- some71(A,C), \+all71(C,B), \+all71(B,C), \+some71(C,B), \+no71(C,B), \+no71(B,C)
rnvc71(A,B) :- no71(C,A), \+all71(C,B), \+all71(B,C), \+some71(C,B), \+some71(B,C), \+somenot71(B,C)
rnvc71(A,B) :- some71(C,B), some71(C,A)
rnvc71(A,B) :- no71(C,B), no71(A,C)
==================== SCORES ====================
            Accuracy:	 1.0
           Precision:	 1.0
              Recall:	 1.0
================== STATISTICS ==================
    Rule evaluations:	24450
          Total time:	396.4365s
