================ SETTINGS ================
               files:	['./Data/Ragni/Class5/cv5_train_128.pl']
             verbose:	3
                   l:	None
                   p:	0.8
           beam_size:	100
                seed:	None
                 log:	./Logs/Ragni/Class5/cv5_rsome128.log
              target:	rsome128/2
   symmetry_breaking:	False
           probfoil1:	False
================= FINAL THEORY =================
rsome128(A,B) :- some128(C,B), no128(C,A)
==================== SCORES ====================
            Accuracy:	 0.929824561404
           Precision:	 1.0
              Recall:	 0.111111111111
================== STATISTICS ==================
    Rule evaluations:	27910
          Total time:	616.2995s
