================ SETTINGS ================
               files:	['./Data/Ragni/Class5/cv5_train_78.pl']
             verbose:	3
                   l:	None
                   p:	0.8
           beam_size:	100
                seed:	None
                 log:	./Logs/Ragni/Class5/cv5_rsomenot78.log
              target:	rsomenot78/2
   symmetry_breaking:	False
           probfoil1:	False
================= FINAL THEORY =================
rsomenot78(A,B) :- somenot78(B,C), all78(A,C)
rsomenot78(A,B) :- somenot78(C,A), no78(C,B)
==================== SCORES ====================
            Accuracy:	 0.879032258065
           Precision:	 1.0
              Recall:	 0.210526315789
================== STATISTICS ==================
    Rule evaluations:	69683
          Total time:	1483.0829s
