================ SETTINGS ================
               files:	['./Data/Ragni/Class5/cv5_train_117.pl']
             verbose:	3
                   l:	None
                   p:	0.8
           beam_size:	100
                seed:	None
                 log:	./Logs/Ragni/Class5/cv5_rno117.log
              target:	rno117/2
   symmetry_breaking:	False
           probfoil1:	False
================= FINAL THEORY =================
rno117(A,B) :- all117(C,A), all117(B,C)
==================== SCORES ====================
            Accuracy:	 0.991666666667
           Precision:	 0.5
              Recall:	 1.0
================== STATISTICS ==================
    Rule evaluations:	13525
          Total time:	147.1410s
