================ SETTINGS ================
               files:	['./Data/Ragni/Class5/cv5_train_123.pl']
             verbose:	3
                   l:	None
                   p:	0.8
           beam_size:	100
                seed:	None
                 log:	./Logs/Ragni/Class5/cv5_rno123.log
              target:	rno123/2
   symmetry_breaking:	False
           probfoil1:	False
================= FINAL THEORY =================
rno123(A,B) :- all123(B,C), all123(C,A)
==================== SCORES ====================
            Accuracy:	 0.965517241379
           Precision:	 0.5
              Recall:	 0.25
================== STATISTICS ==================
    Rule evaluations:	22766
          Total time:	384.5798s
