================ SETTINGS ================
               files:	['./Data/Ragni/Class5/cv5_train_94.pl']
             verbose:	3
                   l:	7
                   p:	0.8
           beam_size:	100
                seed:	None
                 log:	./Logs/Ragni/Class5/cv5_rsome94.log
              target:	rsome94/2
   symmetry_breaking:	False
           probfoil1:	False
================= FINAL THEORY =================
rsome94(A,B) :- some94(C,B), \+no94(A,C), \+no94(C,A), \+somenot94(C,A), \+all94(A,C), \+some94(C,A)
rsome94(A,B) :- some94(B,C), \+no94(A,C), \+no94(C,A), \+somenot94(C,A), \+some94(C,A), \+all94(C,A)
==================== SCORES ====================
            Accuracy:	 0.889830508475
           Precision:	 0.888888888889
              Recall:	 0.4
================== STATISTICS ==================
    Rule evaluations:	41209
          Total time:	443.6926s
