================ SETTINGS ================
               files:	['./Data/Ragni/Class5/cv5_train_42.pl']
             verbose:	3
                   l:	None
                   p:	0.8
           beam_size:	100
                seed:	None
                 log:	./Logs/Ragni/Class5/cv5_rsome42.log
              target:	rsome42/2
   symmetry_breaking:	False
           probfoil1:	False
================= FINAL THEORY =================
rsome42(A,B) :- some42(C,A), all42(B,C)
==================== SCORES ====================
            Accuracy:	 0.936363636364
           Precision:	 1.0
              Recall:	 0.125
================== STATISTICS ==================
    Rule evaluations:	28618
          Total time:	1847.5384s
