================ SETTINGS ================
               files:	['./Data/Ragni/Class5/cv5_train_55.pl']
             verbose:	3
                   l:	None
                   p:	0.8
           beam_size:	100
                seed:	None
                 log:	./Logs/Ragni/Class5/cv5_rno55.log
              target:	rno55/2
   symmetry_breaking:	False
           probfoil1:	False
================= FINAL THEORY =================
rno55(A,B) :- no55(C,B), all55(A,C)
==================== SCORES ====================
            Accuracy:	 0.919642857143
           Precision:	 1.0
              Recall:	 0.1
================== STATISTICS ==================
    Rule evaluations:	61047
          Total time:	1186.3613s
