================ SETTINGS ================
               files:	['./Data/Ragni/Class5/cv5_train_106.pl']
             verbose:	3
                   l:	None
                   p:	0.8
           beam_size:	100
                seed:	None
                 log:	./Logs/Ragni/Class5/cv5_rsome106.log
              target:	rsome106/2
   symmetry_breaking:	False
           probfoil1:	False
================= FINAL THEORY =================
rsome106(A,B) :- some106(C,B), \+some106(A,C), \+some106(C,A), \+no106(A,C), \+somenot106(A,C), \+all106(C,A), \+somenot106(C,A)
rsome106(A,B) :- some106(A,C), somenot106(B,C)
rsome106(A,B) :- no106(C,A), some106(B,C)
==================== SCORES ====================
            Accuracy:	 0.870689655172
           Precision:	 1.0
              Recall:	 0.210526315789
================== STATISTICS ==================
    Rule evaluations:	86541
          Total time:	2774.5623s
