================ SETTINGS ================
               files:	['./Data/Ragni/Class5/cv5_train_115.pl']
             verbose:	3
                   l:	None
                   p:	0.8
           beam_size:	100
                seed:	None
                 log:	./Logs/Ragni/Class5/cv5_rall115.log
              target:	rall115/2
   symmetry_breaking:	False
           probfoil1:	False
================= FINAL THEORY =================
rall115(A,B) :- no115(B,C), some115(C,A)
==================== SCORES ====================
            Accuracy:	 0.951612903226
           Precision:	 0.5
              Recall:	 0.166666666667
================== STATISTICS ==================
    Rule evaluations:	26748
          Total time:	1427.5883s
