================ SETTINGS ================
               files:	['./Data/Ragni/Class5/cv5_train_80.pl']
             verbose:	3
                   l:	7
                   p:	0.8
           beam_size:	100
                seed:	None
                 log:	./Logs/Ragni/Class5/cv5_rsome80.log
              target:	rsome80/2
   symmetry_breaking:	False
           probfoil1:	False
================= FINAL THEORY =================
rsome80(A,B) :- somenot80(A,C), some80(B,C)
rsome80(A,B) :- no80(C,A), somenot80(C,B)
rsome80(A,B) :- no80(A,C), no80(C,B)
==================== SCORES ====================
            Accuracy:	 0.811475409836
           Precision:	 1.0
              Recall:	 0.178571428571
================== STATISTICS ==================
    Rule evaluations:	71263
          Total time:	858.2666s
