================ SETTINGS ================
               files:	['./Data/Ragni/Class5/cv5_train_60.pl']
             verbose:	3
                   l:	None
                   p:	0.8
           beam_size:	100
                seed:	None
                 log:	./Logs/Ragni/Class5/cv5_rall60.log
              target:	rall60/2
   symmetry_breaking:	False
           probfoil1:	False
================= FINAL THEORY =================
rall60(A,B) :- all60(B,C), no60(A,C)
rall60(A,B) :- some60(C,A), no60(B,C)
==================== SCORES ====================
            Accuracy:	 0.970588235294
           Precision:	 1.0
              Recall:	 0.4
================== STATISTICS ==================
    Rule evaluations:	19321
          Total time:	298.7384s
