================ SETTINGS ================
               files:	['./Data/Ragni/Class5/cv5_train_11.pl']
             verbose:	3
                   l:	None
                   p:	0.8
           beam_size:	100
                seed:	None
                 log:	./Logs/Ragni/Class5/cv5_rsomenot11.log
              target:	rsomenot11/2
   symmetry_breaking:	False
           probfoil1:	False
================= FINAL THEORY =================
rsomenot11(A,B) :- some11(C,A), somenot11(B,C)
rsomenot11(A,B) :- some11(B,C), all11(C,A)
rsomenot11(A,B) :- somenot11(C,B), somenot11(A,C)
==================== SCORES ====================
            Accuracy:	 0.940677966102
           Precision:	 1.0
              Recall:	 0.3
================== STATISTICS ==================
    Rule evaluations:	45474
          Total time:	2349.0629s
