================ SETTINGS ================
               files:	['./Data/Ragni/Class5/cv5_train_61.pl']
             verbose:	3
                   l:	None
                   p:	0.8
           beam_size:	100
                seed:	None
                 log:	./Logs/Ragni/Class5/cv5_rall61.log
              target:	rall61/2
   symmetry_breaking:	False
           probfoil1:	False
================= FINAL THEORY =================
rall61(A,B) :- all61(C,B), no61(A,C)
==================== SCORES ====================
            Accuracy:	 0.913793103448
           Precision:	 1.0
              Recall:	 0.166666666667
================== STATISTICS ==================
    Rule evaluations:	39302
          Total time:	772.7606s
