================ SETTINGS ================
               files:	['./Data/Ragni/Class5/cv5_train_109.pl']
             verbose:	3
                   l:	None
                   p:	0.8
           beam_size:	100
                seed:	None
                 log:	./Logs/Ragni/Class5/cv5_rsomenot109.log
              target:	rsomenot109/2
   symmetry_breaking:	False
           probfoil1:	False
================= FINAL THEORY =================
rsomenot109(A,B) :- no109(C,A), somenot109(B,C)
==================== SCORES ====================
            Accuracy:	 0.919642857143
           Precision:	 1.0
              Recall:	 0.181818181818
================== STATISTICS ==================
    Rule evaluations:	38757
          Total time:	1371.7619s
