================ SETTINGS ================
               files:	['./Data/Ragni/Class5/cv5_train_46.pl']
             verbose:	3
                   l:	7
                   p:	0.8
           beam_size:	100
                seed:	None
                 log:	./Logs/Ragni/Class5/cv5_rsomenot46.log
              target:	rsomenot46/2
   symmetry_breaking:	False
           probfoil1:	False
================= FINAL THEORY =================
rsomenot46(A,B) :- some46(C,A), \+all46(C,B), \+no46(C,B), \+some46(C,B), \+some46(B,C), \+somenot46(C,B)
rsomenot46(A,B) :- somenot46(C,B), all46(A,C)
==================== SCORES ====================
            Accuracy:	 0.824561403509
           Precision:	 0.8
              Recall:	 0.173913043478
================== STATISTICS ==================
    Rule evaluations:	61433
          Total time:	649.1230s
