================ SETTINGS ================
               files:	['./Data/Ragni/Class5/cv5_train_114.pl']
             verbose:	3
                   l:	None
                   p:	0.8
           beam_size:	100
                seed:	None
                 log:	./Logs/Ragni/Class5/cv5_rno114.log
              target:	rno114/2
   symmetry_breaking:	False
           probfoil1:	False
================= FINAL THEORY =================
rno114(A,B) :- all114(A,C), no114(C,B)
==================== SCORES ====================
            Accuracy:	 0.982456140351
           Precision:	 1.0
              Recall:	 0.333333333333
================== STATISTICS ==================
    Rule evaluations:	24663
          Total time:	1123.8035s
