================ SETTINGS ================
               files:	['./Data/Ragni/Class5/cv5_train_84.pl']
             verbose:	3
                   l:	None
                   p:	0.8
           beam_size:	100
                seed:	None
                 log:	./Logs/Ragni/Class5/cv5_rnvc84.log
              target:	rnvc84/2
   symmetry_breaking:	False
           probfoil1:	False
================= FINAL THEORY =================
rnvc84(A,B) :- no84(A,C), all84(B,C)
rnvc84(A,B) :- some84(C,A), some84(B,C)
rnvc84(A,B) :- no84(C,A), somenot84(B,C)
rnvc84(A,B) :- somenot84(C,A), some84(C,B)
rnvc84(A,B) :- all84(C,B), somenot84(A,C)
rnvc84(A,B) :- no84(B,C), some84(A,C)
==================== SCORES ====================
            Accuracy:	 1.0
           Precision:	 1.0
              Recall:	 1.0
================== STATISTICS ==================
    Rule evaluations:	3262
          Total time:	126.5320s
