================ SETTINGS ================
               files:	['./Data/Ragni/Class5/cv5_train_57.pl']
             verbose:	3
                   l:	None
                   p:	0.8
           beam_size:	100
                seed:	None
                 log:	./Logs/Ragni/Class5/cv5_rsome57.log
              target:	rsome57/2
   symmetry_breaking:	False
           probfoil1:	False
================= FINAL THEORY =================
rsome57(A,B) :- some57(A,C), somenot57(B,C)
==================== SCORES ====================
            Accuracy:	 0.809523809524
           Precision:	 1.0
              Recall:	 0.04
================== STATISTICS ==================
    Rule evaluations:	71063
          Total time:	1283.3569s
