================ SETTINGS ================
               files:	['./Data/Ragni/Class5/cv5_train_100.pl']
             verbose:	3
                   l:	None
                   p:	0.8
           beam_size:	100
                seed:	None
                 log:	./Logs/Ragni/Class5/cv5_rsome100.log
              target:	rsome100/2
   symmetry_breaking:	False
           probfoil1:	False
================= FINAL THEORY =================
rsome100(A,B) :- some100(B,C), somenot100(A,C)
rsome100(A,B) :- somenot100(B,C), no100(C,A)
==================== SCORES ====================
            Accuracy:	 0.881818181818
           Precision:	 1.0
              Recall:	 0.1875
================== STATISTICS ==================
    Rule evaluations:	42571
          Total time:	814.3969s
