================ SETTINGS ================
               files:	['./Data/Ragni/Class5/cv5_train_129.pl']
             verbose:	3
                   l:	None
                   p:	0.8
           beam_size:	100
                seed:	None
                 log:	./Logs/Ragni/Class5/cv5_rsomenot129.log
              target:	rsomenot129/2
   symmetry_breaking:	False
           probfoil1:	False
================= FINAL THEORY =================
rsomenot129(A,B) :- somenot129(C,B), all129(C,A)
==================== SCORES ====================
            Accuracy:	 0.916666666667
           Precision:	 1.0
              Recall:	 0.166666666667
================== STATISTICS ==================
    Rule evaluations:	18377
          Total time:	369.1095s
