================ SETTINGS ================
               files:	['./Data/Ragni/Class5/cv5_train_3.pl']
             verbose:	3
                   l:	None
                   p:	0.8
           beam_size:	100
                seed:	None
                 log:	./Logs/Ragni/Class5/cv5_rnvc3.log
              target:	rnvc3/2
   symmetry_breaking:	False
           probfoil1:	False
================= FINAL THEORY =================
rnvc3(A,B) :- no3(A,C), \+all3(B,C), \+some3(C,B)
rnvc3(A,B) :- somenot3(C,A), \+all3(C,B), \+no3(C,B)
rnvc3(A,B) :- some3(A,C), \+no3(B,C), \+somenot3(C,B), \+somenot3(B,C)
rnvc3(A,B) :- somenot3(A,C), \+all3(B,C), \+some3(C,B), \+no3(C,B)
rnvc3(A,B) :- no3(C,A), \+some3(B,C), \+no3(C,B), \+no3(B,C), \+somenot3(B,C)
rnvc3(A,B) :- some3(B,C), \+all3(C,A), \+no3(C,A)
==================== SCORES ====================
            Accuracy:	 0.948275862069
           Precision:	 1.0
              Recall:	 0.884615384615
================== STATISTICS ==================
    Rule evaluations:	14619
          Total time:	781.4623s
