================ SETTINGS ================
               files:	['./Data/Ragni/Class5/cv5_train_32.pl']
             verbose:	3
                   l:	None
                   p:	0.8
           beam_size:	100
                seed:	None
                 log:	./Logs/Ragni/Class5/cv5_rno32.log
              target:	rno32/2
   symmetry_breaking:	False
           probfoil1:	False
================= FINAL THEORY =================
rno32(A,B) :- no32(C,A), all32(B,C)
rno32(A,B) :- all32(C,B), all32(A,C)
==================== SCORES ====================
            Accuracy:	 0.905172413793
           Precision:	 1.0
              Recall:	 0.153846153846
================== STATISTICS ==================
    Rule evaluations:	52880
          Total time:	4803.2131s
