================ SETTINGS ================
               files:	['./Data/Ragni/Class5/cv5_train_6.pl']
             verbose:	3
                   l:	None
                   p:	0.8
           beam_size:	100
                seed:	None
                 log:	./Logs/Ragni/Class5/cv5_rsomenot6.log
              target:	rsomenot6/2
   symmetry_breaking:	False
           probfoil1:	False
================= FINAL THEORY =================
rsomenot6(A,B) :- no6(B,C), \+all6(A,C), \+all6(C,A), \+somenot6(A,C), \+somenot6(C,A), \+some6(A,C)
==================== SCORES ====================
            Accuracy:	 0.883928571429
           Precision:	 1.0
              Recall:	 0.1875
================== STATISTICS ==================
    Rule evaluations:	57318
          Total time:	1483.3145s
