================ SETTINGS ================
               files:	['./Data/Ragni/Class5/cv5_train_105.pl']
             verbose:	3
                   l:	None
                   p:	0.8
           beam_size:	100
                seed:	None
                 log:	./Logs/Ragni/Class5/cv5_rnvc105.log
              target:	rnvc105/2
   symmetry_breaking:	False
           probfoil1:	False
================= FINAL THEORY =================
rnvc105(A,B) :- all105(C,B), \+all105(A,C), \+some105(A,C), \+some105(C,A), \+no105(A,C), \+somenot105(A,C), \+somenot105(C,A)
rnvc105(A,B) :- no105(A,C), \+all105(C,B), \+all105(B,C), \+some105(C,B), \+some105(B,C), \+somenot105(C,B), \+somenot105(B,C)
rnvc105(A,B) :- somenot105(C,B), somenot105(C,A)
rnvc105(A,B) :- all105(A,C), all105(B,C)
rnvc105(A,B) :- somenot105(B,C), somenot105(A,C)
==================== SCORES ====================
            Accuracy:	 1.0
           Precision:	 1.0
              Recall:	 1.0
================== STATISTICS ==================
    Rule evaluations:	8360
          Total time:	152.3332s
