================ SETTINGS ================
               files:	['./Data/Ragni/Class5/cv5_train_4.pl']
             verbose:	3
                   l:	None
                   p:	0.8
           beam_size:	100
                seed:	None
                 log:	./Logs/Ragni/Class5/cv5_rsomenot4.log
              target:	rsomenot4/2
   symmetry_breaking:	False
           probfoil1:	False
================= FINAL THEORY =================
rsomenot4(A,B) :- all4(C,B), \+some4(C,A), \+no4(C,A), \+somenot4(C,A), \+all4(A,C), \+no4(A,C), \+all4(C,A)
rsomenot4(A,B) :- somenot4(C,B), all4(A,C)
rsomenot4(A,B) :- somenot4(A,C), some4(B,C)
==================== SCORES ====================
            Accuracy:	 0.883928571429
           Precision:	 1.0
              Recall:	 0.277777777778
================== STATISTICS ==================
    Rule evaluations:	63881
          Total time:	3012.3998s
