================ SETTINGS ================
               files:	['./Data/Ragni/Class5/cv5_train_50.pl']
             verbose:	3
                   l:	None
                   p:	0.8
           beam_size:	100
                seed:	None
                 log:	./Logs/Ragni/Class5/cv5_rsomenot50.log
              target:	rsomenot50/2
   symmetry_breaking:	False
           probfoil1:	False
================= FINAL THEORY =================
rsomenot50(A,B) :- no50(C,B), \+all50(A,C), \+some50(C,A), \+no50(A,C), \+no50(C,A), \+all50(C,A), \+somenot50(C,A)
rsomenot50(A,B) :- some50(C,A), all50(B,C)
rsomenot50(A,B) :- no50(A,C), somenot50(C,B)
==================== SCORES ====================
            Accuracy:	 0.921568627451
           Precision:	 1.0
              Recall:	 0.333333333333
================== STATISTICS ==================
    Rule evaluations:	44795
          Total time:	1054.7193s
