================ SETTINGS ================
               files:	['./Data/Ragni/Class5/cv5_train_49.pl']
             verbose:	3
                   l:	7
                   p:	0.8
           beam_size:	100
                seed:	None
                 log:	./Logs/Ragni/Class5/cv5_rsomenot49.log
              target:	rsomenot49/2
   symmetry_breaking:	False
           probfoil1:	False
================= FINAL THEORY =================
rsomenot49(A,B) :- somenot49(C,A), all49(B,C)
==================== SCORES ====================
            Accuracy:	 0.877049180328
           Precision:	 1.0
              Recall:	 0.0625
================== STATISTICS ==================
    Rule evaluations:	42669
          Total time:	370.3289s
