================ SETTINGS ================
               files:	['./Data/Ragni/Class5/cv5_train_139.pl']
             verbose:	3
                   l:	None
                   p:	0.8
           beam_size:	100
                seed:	None
                 log:	./Logs/Ragni/Class5/cv5_rall139.log
              target:	rall139/2
   symmetry_breaking:	False
           probfoil1:	False
================= FINAL THEORY =================
rall139(A,B) :- no139(C,A), \+all139(B,C), \+no139(B,C), \+somenot139(C,B), \+somenot139(B,C), \+all139(C,B), \+no139(C,B)
==================== SCORES ====================
            Accuracy:	 0.898305084746
           Precision:	 1.0
              Recall:	 0.142857142857
================== STATISTICS ==================
    Rule evaluations:	31536
          Total time:	566.3406s
