================ SETTINGS ================
               files:	['./Data/Ragni/Class5/cv5_train_130.pl']
             verbose:	3
                   l:	None
                   p:	0.8
           beam_size:	100
                seed:	None
                 log:	./Logs/Ragni/Class5/cv5_rall130.log
              target:	rall130/2
   symmetry_breaking:	False
           probfoil1:	False
================= FINAL THEORY =================
rall130(A,B) :- all130(B,C), no130(A,C)
==================== SCORES ====================
            Accuracy:	 0.966666666667
           Precision:	 1.0
              Recall:	 0.2
================== STATISTICS ==================
    Rule evaluations:	17661
          Total time:	316.7246s
