================ SETTINGS ================
               files:	['./Data/Ragni/Class5/cv5_train_9.pl']
             verbose:	3
                   l:	None
                   p:	0.8
           beam_size:	100
                seed:	None
                 log:	./Logs/Ragni/Class5/cv5_rno9.log
              target:	rno9/2
   symmetry_breaking:	False
           probfoil1:	False
================= FINAL THEORY =================
rno9(A,B) :- somenot9(A,C), no9(B,C)
==================== SCORES ====================
            Accuracy:	 0.928571428571
           Precision:	 1.0
              Recall:	 0.111111111111
================== STATISTICS ==================
    Rule evaluations:	30521
          Total time:	1159.6453s
