================ SETTINGS ================
               files:	['./Data/Ragni/Class5/cv5_train_100.pl']
             verbose:	3
                   l:	None
                   p:	0.8
           beam_size:	100
                seed:	None
                 log:	./Logs/Ragni/Class5/cv5_rall100.log
              target:	rall100/2
   symmetry_breaking:	False
           probfoil1:	False
================= FINAL THEORY =================
rall100(A,B) :- no100(C,B), some100(C,A)
==================== SCORES ====================
            Accuracy:	 0.945454545455
           Precision:	 1.0
              Recall:	 0.142857142857
================== STATISTICS ==================
    Rule evaluations:	23351
          Total time:	473.5574s
