================ SETTINGS ================
               files:	['./Data/Ragni/Class5/cv5_train_89.pl']
             verbose:	3
                   l:	7
                   p:	0.8
           beam_size:	100
                seed:	None
                 log:	./Logs/Ragni/Class5/cv5_rsome89.log
              target:	rsome89/2
   symmetry_breaking:	False
           probfoil1:	False
================= FINAL THEORY =================
rsome89(A,B) :- some89(A,C), all89(C,B)
rsome89(A,B) :- somenot89(C,B), no89(C,A)
rsome89(A,B) :- some89(C,A), some89(B,C)
rsome89(A,B) :- somenot89(A,C), no89(B,C)
rsome89(A,B) :- some89(A,C), no89(C,B)
rsome89(A,B) :- somenot89(C,B), all89(A,C)
rsome89(A,B) :- all89(B,C), no89(A,C)
==================== SCORES ====================
            Accuracy:	 0.830508474576
           Precision:	 1.0
              Recall:	 0.354838709677
================== STATISTICS ==================
    Rule evaluations:	124431
          Total time:	1968.5218s
