================ SETTINGS ================
               files:	['./Data/Ragni/Class5/cv5_train_96.pl']
             verbose:	3
                   l:	7
                   p:	0.8
           beam_size:	100
                seed:	None
                 log:	./Logs/Ragni/Class5/cv5_rno96.log
              target:	rno96/2
   symmetry_breaking:	False
           probfoil1:	False
================= FINAL THEORY =================
rno96(A,B) :- no96(A,C), some96(C,B)
rno96(A,B) :- all96(A,C), no96(B,C)
==================== SCORES ====================
            Accuracy:	 0.943396226415
           Precision:	 1.0
              Recall:	 0.25
================== STATISTICS ==================
    Rule evaluations:	26571
          Total time:	267.9977s
