================ SETTINGS ================
               files:	['./Data/Ragni/Class5/cv5_train_21.pl']
             verbose:	3
                   l:	None
                   p:	0.8
           beam_size:	100
                seed:	None
                 log:	./Logs/Ragni/Class5/cv5_rno21.log
              target:	rno21/2
   symmetry_breaking:	False
           probfoil1:	False
================= FINAL THEORY =================
rno21(A,B) :- no21(C,B), all21(A,C)
==================== SCORES ====================
            Accuracy:	 0.967741935484
           Precision:	 0.5
              Recall:	 0.25
================== STATISTICS ==================
    Rule evaluations:	22461
          Total time:	625.9519s
