================ SETTINGS ================
               files:	['./Data/Ragni/Class5/cv5_train_26.pl']
             verbose:	3
                   l:	None
                   p:	0.8
           beam_size:	100
                seed:	None
                 log:	./Logs/Ragni/Class5/cv5_rsome26.log
              target:	rsome26/2
   symmetry_breaking:	False
           probfoil1:	False
================= FINAL THEORY =================
rsome26(A,B) :- some26(B,C), no26(C,A)
==================== SCORES ====================
            Accuracy:	 0.918032786885
           Precision:	 1.0
              Recall:	 0.0909090909091
================== STATISTICS ==================
    Rule evaluations:	33627
          Total time:	2420.4359s
