================ SETTINGS ================
               files:	['./Data/Ragni/Class5/cv5_train_120.pl']
             verbose:	3
                   l:	None
                   p:	0.8
           beam_size:	100
                seed:	None
                 log:	./Logs/Ragni/Class5/cv5_rsomenot120.log
              target:	rsomenot120/2
   symmetry_breaking:	False
           probfoil1:	False
================= FINAL THEORY =================
rsomenot120(A,B) :- some120(B,C), somenot120(A,C)
rsomenot120(A,B) :- somenot120(C,A), no120(C,B)
rsomenot120(A,B) :- somenot120(B,C), no120(A,C)
==================== SCORES ====================
            Accuracy:	 0.814516129032
           Precision:	 1.0
              Recall:	 0.206896551724
================== STATISTICS ==================
    Rule evaluations:	87383
          Total time:	2231.9292s
