================ SETTINGS ================
               files:	['./Data/Ragni/Class5/cv5_train_15.pl']
             verbose:	3
                   l:	None
                   p:	0.8
           beam_size:	100
                seed:	None
                 log:	./Logs/Ragni/Class5/cv5_rsomenot15.log
              target:	rsomenot15/2
   symmetry_breaking:	False
           probfoil1:	False
================= FINAL THEORY =================
rsomenot15(A,B) :- somenot15(C,A), all15(B,C)
rsomenot15(A,B) :- somenot15(C,B), some15(A,C)
==================== SCORES ====================
            Accuracy:	 0.922413793103
           Precision:	 1.0
              Recall:	 0.181818181818
================== STATISTICS ==================
    Rule evaluations:	44092
          Total time:	1588.3201s
