================ SETTINGS ================
               files:	['./Data/Ragni/Class5/cv5_train_8.pl']
             verbose:	3
                   l:	None
                   p:	0.8
           beam_size:	100
                seed:	None
                 log:	./Logs/Ragni/Class5/cv5_rall8.log
              target:	rall8/2
   symmetry_breaking:	False
           probfoil1:	False
================= FINAL THEORY =================
rall8(A,B) :- no8(B,C), \+some8(C,A), \+somenot8(A,C), \+somenot8(C,A)
==================== SCORES ====================
            Accuracy:	 0.922413793103
           Precision:	 0.5
              Recall:	 0.444444444444
================== STATISTICS ==================
    Rule evaluations:	45279
          Total time:	920.9114s
