================ SETTINGS ================
               files:	['./Data/Ragni/Class5/cv5_train_135.pl']
             verbose:	3
                   l:	None
                   p:	0.8
           beam_size:	100
                seed:	None
                 log:	./Logs/Ragni/Class5/cv5_rall135.log
              target:	rall135/2
   symmetry_breaking:	False
           probfoil1:	False
================= FINAL THEORY =================
rall135(A,B) :- no135(B,C), \+some135(A,C), \+no135(A,C), \+somenot135(A,C)
==================== SCORES ====================
            Accuracy:	 0.879310344828
           Precision:	 0.5
              Recall:	 0.357142857143
================== STATISTICS ==================
    Rule evaluations:	62800
          Total time:	2541.2452s
