================ SETTINGS ================
               files:	['./Data/Ragni/Class5/cv5_train_56.pl']
             verbose:	3
                   l:	None
                   p:	0.8
           beam_size:	100
                seed:	None
                 log:	./Logs/Ragni/Class5/cv5_rsome56.log
              target:	rsome56/2
   symmetry_breaking:	False
           probfoil1:	False
================= FINAL THEORY =================
rsome56(A,B) :- somenot56(A,C), all56(B,C)
rsome56(A,B) :- some56(B,C), all56(A,C)
==================== SCORES ====================
            Accuracy:	 0.824561403509
           Precision:	 1.0
              Recall:	 0.166666666667
================== STATISTICS ==================
    Rule evaluations:	72046
          Total time:	1372.1116s
