================ SETTINGS ================
               files:	['./Data/Ragni/Class5/cv5_train_130.pl']
             verbose:	3
                   l:	None
                   p:	0.8
           beam_size:	100
                seed:	None
                 log:	./Logs/Ragni/Class5/cv5_rsome130.log
              target:	rsome130/2
   symmetry_breaking:	False
           probfoil1:	False
================= FINAL THEORY =================
rsome130(A,B) :- somenot130(B,C), all130(A,C)
rsome130(A,B) :- all130(C,B), some130(A,C)
==================== SCORES ====================
            Accuracy:	 0.95
           Precision:	 1.0
              Recall:	 0.333333333333
================== STATISTICS ==================
    Rule evaluations:	28290
          Total time:	805.0756s
