================ SETTINGS ================
               files:	['./Data/Ragni/Class5/cv5_train_87.pl']
             verbose:	3
                   l:	None
                   p:	0.8
           beam_size:	100
                seed:	None
                 log:	./Logs/Ragni/Class5/cv5_rsome87.log
              target:	rsome87/2
   symmetry_breaking:	False
           probfoil1:	False
================= FINAL THEORY =================
rsome87(A,B) :- all87(C,B), all87(A,C)
==================== SCORES ====================
            Accuracy:	 0.943396226415
           Precision:	 1.0
              Recall:	 0.142857142857
================== STATISTICS ==================
    Rule evaluations:	20564
          Total time:	679.6735s
