================ SETTINGS ================
               files:	['./Data/Ragni/Class5/cv5_train_1.pl']
             verbose:	3
                   l:	None
                   p:	0.8
           beam_size:	100
                seed:	None
                 log:	./Logs/Ragni/Class5/cv5_rsomenot1.log
              target:	rsomenot1/2
   symmetry_breaking:	False
           probfoil1:	False
================= FINAL THEORY =================
rsomenot1(A,B) :- somenot1(A,C), all1(C,B)
==================== SCORES ====================
            Accuracy:	 0.931034482759
           Precision:	 1.0
              Recall:	 0.111111111111
================== STATISTICS ==================
    Rule evaluations:	26927
          Total time:	715.1396s
