================ SETTINGS ================
               files:	['./Data/Ragni/Class5/cv5_train_15.pl']
             verbose:	3
                   l:	7
                   p:	0.8
           beam_size:	100
                seed:	None
                 log:	./Logs/Ragni/Class5/cv5_rsome15.log
              target:	rsome15/2
   symmetry_breaking:	False
           probfoil1:	False
================= FINAL THEORY =================
rsome15(A,B) :- no15(A,C), \+some15(C,B), \+some15(B,C), \+somenot15(C,B), \+somenot15(B,C), \+no15(B,C)
rsome15(A,B) :- some15(A,C), all15(B,C)
rsome15(A,B) :- all15(A,C), no15(C,B)
rsome15(A,B) :- no15(B,C), somenot15(A,C)
==================== SCORES ====================
            Accuracy:	 0.844827586207
           Precision:	 1.0
              Recall:	 0.333333333333
================== STATISTICS ==================
    Rule evaluations:	95428
          Total time:	1130.3597s
