================ SETTINGS ================
               files:	['./Data/Ragni/Class5/cv5_train_38.pl']
             verbose:	3
                   l:	None
                   p:	0.8
           beam_size:	100
                seed:	None
                 log:	./Logs/Ragni/Class5/cv5_rsomenot38.log
              target:	rsomenot38/2
   symmetry_breaking:	False
           probfoil1:	False
================= FINAL THEORY =================
rsomenot38(A,B) :- all38(B,C), \+all38(A,C), \+no38(A,C), \+no38(C,A), \+somenot38(A,C), \+somenot38(C,A), \+all38(C,A)
==================== SCORES ====================
            Accuracy:	 0.991228070175
           Precision:	 1.0
              Recall:	 0.666666666667
================== STATISTICS ==================
    Rule evaluations:	15783
          Total time:	1391.4994s
