================ SETTINGS ================
               files:	['./Data/Ragni/Class5/cv5_train_3.pl']
             verbose:	3
                   l:	None
                   p:	0.8
           beam_size:	100
                seed:	None
                 log:	./Logs/Ragni/Class5/cv5_rall3.log
              target:	rall3/2
   symmetry_breaking:	False
           probfoil1:	False
================= FINAL THEORY =================
rall3(A,B) :- some3(B,C), \+all3(A,C), \+some3(A,C), \+some3(C,A), \+no3(C,A), \+all3(C,A), \+no3(A,C)
rall3(A,B) :- no3(C,A), all3(B,C)
==================== SCORES ====================
            Accuracy:	 0.948275862069
           Precision:	 1.0
              Recall:	 0.333333333333
================== STATISTICS ==================
    Rule evaluations:	36304
          Total time:	1723.2033s
