================ SETTINGS ================
               files:	['./Data/Ragni/Class5/cv5_train_22.pl']
             verbose:	3
                   l:	None
                   p:	0.8
           beam_size:	100
                seed:	None
                 log:	./Logs/Ragni/Class5/cv5_rnvc22.log
              target:	rnvc22/2
   symmetry_breaking:	False
           probfoil1:	False
================= FINAL THEORY =================
rnvc22(A,B) :- all22(B,C), \+all22(A,C), \+some22(C,A), \+no22(A,C)
rnvc22(A,B) :- all22(C,B), \+some22(A,C), \+some22(C,A), \+no22(A,C), \+somenot22(C,A)
rnvc22(A,B) :- all22(A,C), \+all22(B,C), \+some22(C,B), \+some22(B,C), \+somenot22(C,B), \+somenot22(B,C)
rnvc22(A,B) :- some22(C,B), \+all22(A,C), \+some22(A,C), \+some22(C,A), \+somenot22(A,C), \+somenot22(C,A)
rnvc22(A,B) :- somenot22(C,A), \+all22(C,B), \+some22(C,B), \+some22(B,C), \+somenot22(C,B), \+somenot22(B,C)
==================== SCORES ====================
            Accuracy:	 1.0
           Precision:	 1.0
              Recall:	 1.0
================== STATISTICS ==================
    Rule evaluations:	19241
          Total time:	337.0782s
