================ SETTINGS ================
               files:	['./Data/Ragni/Class5/cv5_train_80.pl']
             verbose:	3
                   l:	None
                   p:	0.8
           beam_size:	100
                seed:	None
                 log:	./Logs/Ragni/Class5/cv5_rall80.log
              target:	rall80/2
   symmetry_breaking:	False
           probfoil1:	False
================= FINAL THEORY =================
rall80(A,B) :- no80(C,A), all80(B,C)
==================== SCORES ====================
            Accuracy:	 0.950819672131
           Precision:	 1.0
              Recall:	 0.142857142857
================== STATISTICS ==================
    Rule evaluations:	26368
          Total time:	758.9533s
