================ SETTINGS ================
               files:	['./Data/Ragni/Class5/cv5_train_120.pl']
             verbose:	3
                   l:	None
                   p:	0.8
           beam_size:	100
                seed:	None
                 log:	./Logs/Ragni/Class5/cv5_rsome120.log
              target:	rsome120/2
   symmetry_breaking:	False
           probfoil1:	False
================= FINAL THEORY =================
rsome120(A,B) :- all120(B,C), somenot120(C,A)
==================== SCORES ====================
            Accuracy:	 0.951612903226
           Precision:	 1.0
              Recall:	 0.142857142857
================== STATISTICS ==================
    Rule evaluations:	24192
          Total time:	630.7008s
