================ SETTINGS ================
               files:	['./Data/Ragni/Class5/cv5_train_1.pl']
             verbose:	3
                   l:	None
                   p:	0.8
           beam_size:	100
                seed:	None
                 log:	./Logs/Ragni/Class5/cv5_rsome1.log
              target:	rsome1/2
   symmetry_breaking:	False
           probfoil1:	False
================= FINAL THEORY =================
rsome1(A,B) :- all1(C,B), some1(A,C)
==================== SCORES ====================
            Accuracy:	 0.922413793103
           Precision:	 0.5
              Recall:	 0.111111111111
================== STATISTICS ==================
    Rule evaluations:	30583
          Total time:	403.4779s
