================ SETTINGS ================
               files:	['./Data/Ragni/Class5/cv5_train_48.pl']
             verbose:	3
                   l:	7
                   p:	0.8
           beam_size:	100
                seed:	None
                 log:	./Logs/Ragni/Class5/cv5_rall48.log
              target:	rall48/2
   symmetry_breaking:	False
           probfoil1:	False
================= FINAL THEORY =================
rall48(A,B) :- no48(C,A), \+no48(C,B), \+somenot48(C,B), \+somenot48(B,C), \+some48(C,B), \+all48(C,B)
rall48(A,B) :- no48(C,B), some48(C,A)
==================== SCORES ====================
            Accuracy:	 0.933333333333
           Precision:	 0.8
              Recall:	 0.363636363636
================== STATISTICS ==================
    Rule evaluations:	37535
          Total time:	466.2497s
