================ SETTINGS ================
               files:	['./Data/Ragni/Class5/cv5_train_32.pl']
             verbose:	3
                   l:	None
                   p:	0.8
           beam_size:	100
                seed:	None
                 log:	./Logs/Ragni/Class5/cv5_rsomenot32.log
              target:	rsomenot32/2
   symmetry_breaking:	False
           probfoil1:	False
================= FINAL THEORY =================
rsomenot32(A,B) :- somenot32(B,C), \+no32(A,C), \+somenot32(A,C), \+some32(A,C), \+no32(C,A)
==================== SCORES ====================
            Accuracy:	 0.879310344828
           Precision:	 0.5
              Recall:	 0.285714285714
================== STATISTICS ==================
    Rule evaluations:	53442
          Total time:	2458.9257s
