================ SETTINGS ================
               files:	['./Data/Ragni/Class5/cv5_train_137.pl']
             verbose:	3
                   l:	None
                   p:	0.8
           beam_size:	100
                seed:	None
                 log:	./Logs/Ragni/Class5/cv5_rnvc137.log
              target:	rnvc137/2
   symmetry_breaking:	False
           probfoil1:	False
================= FINAL THEORY =================
rnvc137(A,B) :- somenot137(C,A), \+no137(C,B)
rnvc137(A,B) :- some137(A,C), \+all137(C,B), \+no137(C,B), \+no137(B,C)
rnvc137(A,B) :- some137(C,A), \+all137(C,B), \+no137(C,B), \+no137(B,C)
rnvc137(A,B) :- all137(A,C), \+all137(C,B), \+no137(C,B), \+no137(B,C), \+somenot137(B,C)
rnvc137(A,B) :- no137(B,C), \+all137(A,C), \+all137(C,A), \+some137(A,C), \+some137(C,A), \+somenot137(A,C)
rnvc137(A,B) :- somenot137(A,C), \+all137(C,B), \+all137(B,C), \+some137(C,B), \+no137(C,B), \+no137(B,C)
rnvc137(A,B) :- all137(C,A), no137(C,B)
rnvc137(A,B) :- all137(C,B), no137(C,A)
==================== SCORES ====================
            Accuracy:	 1.0
           Precision:	 1.0
              Recall:	 1.0
================== STATISTICS ==================
    Rule evaluations:	19464
          Total time:	1591.9874s
