================ SETTINGS ================
               files:	['./Data/Ragni/Class5/cv5_train_71.pl']
             verbose:	3
                   l:	None
                   p:	0.8
           beam_size:	100
                seed:	None
                 log:	./Logs/Ragni/Class5/cv5_rsome71.log
              target:	rsome71/2
   symmetry_breaking:	False
           probfoil1:	False
================= FINAL THEORY =================
rsome71(A,B) :- all71(C,A), somenot71(B,C)
rsome71(A,B) :- somenot71(C,A), all71(C,B)
rsome71(A,B) :- all71(B,C), some71(C,A)
==================== SCORES ====================
            Accuracy:	 0.877049180328
           Precision:	 1.0
              Recall:	 0.210526315789
================== STATISTICS ==================
    Rule evaluations:	66362
          Total time:	1819.2550s
