================ SETTINGS ================
               files:	['./Data/Ragni/Class5/cv5_train_136.pl']
             verbose:	3
                   l:	None
                   p:	0.8
           beam_size:	100
                seed:	None
                 log:	./Logs/Ragni/Class5/cv5_rsomenot136.log
              target:	rsomenot136/2
   symmetry_breaking:	False
           probfoil1:	False
================= FINAL THEORY =================
rsomenot136(A,B) :- no136(C,B), all136(C,A)
==================== SCORES ====================
            Accuracy:	 0.922413793103
           Precision:	 0.5
              Recall:	 0.111111111111
================== STATISTICS ==================
    Rule evaluations:	30359
          Total time:	1218.6128s
