================ SETTINGS ================
               files:	['./Data/Ragni/Class5/cv5_train_84.pl']
             verbose:	3
                   l:	None
                   p:	0.8
           beam_size:	100
                seed:	None
                 log:	./Logs/Ragni/Class5/cv5_rsome84.log
              target:	rsome84/2
   symmetry_breaking:	False
           probfoil1:	False
================= FINAL THEORY =================
rsome84(A,B) :- somenot84(B,C), \+all84(C,A), \+some84(C,A), \+no84(C,A), \+somenot84(A,C), \+all84(A,C), \+somenot84(C,A)
rsome84(A,B) :- all84(C,B), \+all84(A,C), \+all84(C,A), \+some84(A,C), \+some84(C,A), \+somenot84(A,C), \+somenot84(C,A)
rsome84(A,B) :- all84(B,C), some84(C,A)
rsome84(A,B) :- no84(B,C), no84(C,A)
==================== SCORES ====================
            Accuracy:	 0.888888888889
           Precision:	 1.0
              Recall:	 0.454545454545
================== STATISTICS ==================
    Rule evaluations:	59880
          Total time:	3270.7623s
