================ SETTINGS ================
               files:	['./Data/Ragni/Class5/cv5_train_129.pl']
             verbose:	3
                   l:	None
                   p:	0.8
           beam_size:	100
                seed:	None
                 log:	./Logs/Ragni/Class5/cv5_rsome129.log
              target:	rsome129/2
   symmetry_breaking:	False
           probfoil1:	False
================= FINAL THEORY =================
rsome129(A,B) :- somenot129(B,C), \+some129(A,C), \+some129(C,A), \+no129(A,C), \+somenot129(A,C), \+all129(A,C), \+no129(C,A)
==================== SCORES ====================
            Accuracy:	 0.916666666667
           Precision:	 1.0
              Recall:	 0.230769230769
================== STATISTICS ==================
    Rule evaluations:	30686
          Total time:	537.1821s
