================ SETTINGS ================
               files:	['./Data/Ragni/Class5/cv5_train_86.pl']
             verbose:	3
                   l:	None
                   p:	0.8
           beam_size:	100
                seed:	None
                 log:	./Logs/Ragni/Class5/cv5_rno86.log
              target:	rno86/2
   symmetry_breaking:	False
           probfoil1:	False
================= FINAL THEORY =================
rno86(A,B) :- all86(B,C), all86(C,A)
==================== SCORES ====================
            Accuracy:	 0.964912280702
           Precision:	 0.5
              Recall:	 0.25
================== STATISTICS ==================
    Rule evaluations:	22604
          Total time:	407.2923s
