================ SETTINGS ================
               files:	['./Data/Ragni/Class5/cv5_train_26.pl']
             verbose:	3
                   l:	None
                   p:	0.8
           beam_size:	100
                seed:	None
                 log:	./Logs/Ragni/Class5/cv5_rnvc26.log
              target:	rnvc26/2
   symmetry_breaking:	False
           probfoil1:	False
================= FINAL THEORY =================
rnvc26(A,B) :- somenot26(C,A), \+all26(C,B)
rnvc26(A,B) :- some26(A,C), \+all26(C,B), \+no26(C,B)
rnvc26(A,B) :- some26(C,A), \+all26(C,B), \+no26(C,B)
rnvc26(A,B) :- no26(C,A), \+all26(B,C), \+somenot26(B,C)
rnvc26(A,B) :- no26(A,C), \+all26(C,B), \+all26(B,C), \+some26(B,C)
rnvc26(A,B) :- somenot26(A,C), \+all26(C,B), \+no26(C,B), \+no26(B,C)
rnvc26(A,B) :- all26(A,C), \+all26(C,B), \+some26(C,B), \+no26(C,B), \+no26(B,C)
rnvc26(A,B) :- all26(C,A), \+all26(C,B), \+all26(B,C), \+some26(C,B), \+some26(B,C), \+somenot26(C,B), \+somenot26(B,C)
==================== SCORES ====================
            Accuracy:	 1.0
           Precision:	 1.0
              Recall:	 1.0
================== STATISTICS ==================
    Rule evaluations:	12425
          Total time:	1966.8179s
