================ SETTINGS ================
               files:	['./Data/Ragni/Class5/cv5_train_85.pl']
             verbose:	3
                   l:	None
                   p:	0.8
           beam_size:	100
                seed:	None
                 log:	./Logs/Ragni/Class5/cv5_rall85.log
              target:	rall85/2
   symmetry_breaking:	False
           probfoil1:	False
================= FINAL THEORY =================
rall85(A,B) :- all85(B,C), no85(A,C)
==================== SCORES ====================
            Accuracy:	 0.973684210526
           Precision:	 1.0
              Recall:	 0.25
================== STATISTICS ==================
    Rule evaluations:	15204
          Total time:	336.9449s
