================ SETTINGS ================
               files:	['./Data/Ragni/Class5/cv5_train_59.pl']
             verbose:	3
                   l:	None
                   p:	0.8
           beam_size:	100
                seed:	None
                 log:	./Logs/Ragni/Class5/cv5_rall59.log
              target:	rall59/2
   symmetry_breaking:	False
           probfoil1:	False
================= FINAL THEORY =================
rall59(A,B) :- somenot59(C,B), no59(C,A)
rall59(A,B) :- some59(C,A), all59(B,C)
rall59(A,B) :- some59(C,B), no59(C,A)
==================== SCORES ====================
            Accuracy:	 0.803571428571
           Precision:	 1.0
              Recall:	 0.12
================== STATISTICS ==================
    Rule evaluations:	71411
          Total time:	1626.5749s
