================ SETTINGS ================
               files:	['./Data/Ragni/Class5/cv5_train_107.pl']
             verbose:	3
                   l:	None
                   p:	0.8
           beam_size:	100
                seed:	None
                 log:	./Logs/Ragni/Class5/cv5_rall107.log
              target:	rall107/2
   symmetry_breaking:	False
           probfoil1:	False
================= FINAL THEORY =================
rall107(A,B) :- no107(B,C), all107(C,A)
==================== SCORES ====================
            Accuracy:	 0.957627118644
           Precision:	 0.5
              Recall:	 0.2
================== STATISTICS ==================
    Rule evaluations:	24916
          Total time:	301.1577s
