================ SETTINGS ================
               files:	['./Data/Ragni/Class5/cv5_train_133.pl']
             verbose:	3
                   l:	None
                   p:	0.8
           beam_size:	100
                seed:	None
                 log:	./Logs/Ragni/Class5/cv5_rsomenot133.log
              target:	rsomenot133/2
   symmetry_breaking:	False
           probfoil1:	False
================= FINAL THEORY =================
rsomenot133(A,B) :- somenot133(C,B), all133(A,C)
==================== SCORES ====================
            Accuracy:	 0.964912280702
           Precision:	 0.5
              Recall:	 0.25
================== STATISTICS ==================
    Rule evaluations:	22681
          Total time:	395.7254s
