================ SETTINGS ================
               files:	['./Data/Ragni/Class5/cv5_train_74.pl']
             verbose:	3
                   l:	None
                   p:	0.8
           beam_size:	100
                seed:	None
                 log:	./Logs/Ragni/Class5/cv5_rsomenot74.log
              target:	rsomenot74/2
   symmetry_breaking:	False
           probfoil1:	False
================= FINAL THEORY =================
rsomenot74(A,B) :- no74(C,B), some74(C,A)
==================== SCORES ====================
            Accuracy:	 0.906779661017
           Precision:	 1.0
              Recall:	 0.0833333333333
================== STATISTICS ==================
    Rule evaluations:	30538
          Total time:	749.0860s
