================ SETTINGS ================
               files:	['./Data/Ragni/Class5/cv5_train_111.pl']
             verbose:	3
                   l:	None
                   p:	0.8
           beam_size:	100
                seed:	None
                 log:	./Logs/Ragni/Class5/cv5_rsomenot111.log
              target:	rsomenot111/2
   symmetry_breaking:	False
           probfoil1:	False
================= FINAL THEORY =================
rsomenot111(A,B) :- no111(C,B), somenot111(A,C)
rsomenot111(A,B) :- all111(C,B), no111(C,A)
==================== SCORES ====================
            Accuracy:	 0.866666666667
           Precision:	 1.0
              Recall:	 0.111111111111
================== STATISTICS ==================
    Rule evaluations:	57853
          Total time:	2323.1979s
