================ SETTINGS ================
               files:	['./Data/Ragni/Class5/cv5_train_73.pl']
             verbose:	3
                   l:	None
                   p:	0.8
           beam_size:	100
                seed:	None
                 log:	./Logs/Ragni/Class5/cv5_rsomenot73.log
              target:	rsomenot73/2
   symmetry_breaking:	False
           probfoil1:	False
================= FINAL THEORY =================
rsomenot73(A,B) :- some73(B,C), no73(C,A)
==================== SCORES ====================
            Accuracy:	 0.906779661017
           Precision:	 1.0
              Recall:	 0.0833333333333
================== STATISTICS ==================
    Rule evaluations:	64491
          Total time:	1143.3663s
