================ SETTINGS ================
               files:	['./Data/Ragni/Class5/cv5_train_42.pl']
             verbose:	3
                   l:	None
                   p:	0.8
           beam_size:	100
                seed:	None
                 log:	./Logs/Ragni/Class5/cv5_rnvc42.log
              target:	rnvc42/2
   symmetry_breaking:	False
           probfoil1:	False
================= FINAL THEORY =================
rnvc42(A,B) :- somenot42(C,B), \+all42(C,A), \+some42(A,C)
rnvc42(A,B) :- somenot42(A,C), \+all42(C,B), \+some42(C,B), \+no42(B,C)
rnvc42(A,B) :- all42(A,C), \+all42(C,B), \+no42(C,B), \+no42(B,C)
rnvc42(A,B) :- some42(A,C), \+all42(C,B), \+all42(B,C), \+no42(C,B), \+no42(B,C), \+somenot42(C,B)
rnvc42(A,B) :- some42(C,A), \+all42(C,B), \+all42(B,C), \+some42(C,B), \+some42(B,C), \+somenot42(B,C)
==================== SCORES ====================
            Accuracy:	 1.0
           Precision:	 1.0
              Recall:	 1.0
================== STATISTICS ==================
    Rule evaluations:	10568
          Total time:	257.6632s
