================ SETTINGS ================
               files:	['./Data/Ragni/Class5/cv5_train_41.pl']
             verbose:	3
                   l:	None
                   p:	0.8
           beam_size:	100
                seed:	None
                 log:	./Logs/Ragni/Class5/cv5_rall41.log
              target:	rall41/2
   symmetry_breaking:	False
           probfoil1:	False
================= FINAL THEORY =================
rall41(A,B) :- no41(C,A), all41(C,B)
rall41(A,B) :- no41(B,C), all41(C,A)
==================== SCORES ====================
            Accuracy:	 0.973684210526
           Precision:	 1.0
              Recall:	 0.4
================== STATISTICS ==================
    Rule evaluations:	19762
          Total time:	1812.1461s
