================ SETTINGS ================
               files:	['./Data/Ragni/Class5/cv5_train_63.pl']
             verbose:	3
                   l:	None
                   p:	0.8
           beam_size:	100
                seed:	None
                 log:	./Logs/Ragni/Class5/cv5_rsome63.log
              target:	rsome63/2
   symmetry_breaking:	False
           probfoil1:	False
================= FINAL THEORY =================
rsome63(A,B) :- some63(C,B), all63(A,C)
rsome63(A,B) :- all63(C,A), somenot63(C,B)
==================== SCORES ====================
            Accuracy:	 0.922413793103
           Precision:	 1.0
              Recall:	 0.181818181818
================== STATISTICS ==================
    Rule evaluations:	41361
          Total time:	1120.3656s
