================ SETTINGS ================
               files:	['./Data/Ragni/Class5/cv5_train_109.pl']
             verbose:	3
                   l:	None
                   p:	0.8
           beam_size:	100
                seed:	None
                 log:	./Logs/Ragni/Class5/cv5_rall109.log
              target:	rall109/2
   symmetry_breaking:	False
           probfoil1:	False
================= FINAL THEORY =================
rall109(A,B) :- no109(A,C), no109(C,B)
==================== SCORES ====================
            Accuracy:	 0.901785714286
           Precision:	 1.0
              Recall:	 0.0833333333333
================== STATISTICS ==================
    Rule evaluations:	33884
          Total time:	1406.5262s
