================ SETTINGS ================
               files:	['./Data/Ragni/Class5/cv5_train_133.pl']
             verbose:	3
                   l:	None
                   p:	0.8
           beam_size:	100
                seed:	None
                 log:	./Logs/Ragni/Class5/cv5_rno133.log
              target:	rno133/2
   symmetry_breaking:	False
           probfoil1:	False
================= FINAL THEORY =================
rno133(A,B) :- all133(A,C), no133(C,B)
==================== SCORES ====================
            Accuracy:	 0.991228070175
           Precision:	 0.5
              Recall:	 1.0
================== STATISTICS ==================
    Rule evaluations:	13040
          Total time:	237.2161s
