================ SETTINGS ================
               files:	['./Data/Ragni/Class5/cv5_train_31.pl']
             verbose:	3
                   l:	None
                   p:	0.8
           beam_size:	100
                seed:	None
                 log:	./Logs/Ragni/Class5/cv5_rno31.log
              target:	rno31/2
   symmetry_breaking:	False
           probfoil1:	False
================= FINAL THEORY =================
rno31(A,B) :- no31(C,B), all31(A,C)
==================== SCORES ====================
            Accuracy:	 0.927419354839
           Precision:	 0.5
              Recall:	 0.111111111111
================== STATISTICS ==================
    Rule evaluations:	30680
          Total time:	737.9701s
