[LVL9] Output level: 9
[INFO] Random seed: 0.0593925488456
[INFO] Computing scores: 0.0557s
[INFO] Number of examples (M): 108
[INFO] Positive weight (P): 11.0000
[INFO] Negative weight (N): 97.0000
[DEBUG] Best rule so far: rall135(A,B) :- true [0.101851851852]
[DEBUG] Candidates for iteration 1:
[DEBUG] ==================================
[DEBUG] rall135(A,B) :- true 0.101851851852
[DEBUG] ==================================
[LVL9] rall135(A,B) :- all135(A,C) 0.14012345679 (2.0, 12.0, 85.0, 9.0) 0.700617283951 [ACCEPT]
[LVL9] BETTER RULE rall135(A,B) :- all135(A,C) (0.14012345679012345, 2.0) > (0.10185185185185185, 11.0)
[LVL9] rall135(A,B) :- all135(B,C) 0.206790123457 (3.0, 11.0, 86.0, 8.0) 0.775462962963 [ACCEPT]
[LVL9] BETTER RULE rall135(A,B) :- all135(B,C) (0.2067901234567901, 3.0) > (0.14012345679012345, 2.0)
[LVL9] rall135(A,B) :- all135(C,A) 0.221560846561 (3.0, 10.0, 87.0, 8.0) 0.775462962963 [ACCEPT]
[LVL9] BETTER RULE rall135(A,B) :- all135(C,A) (0.22156084656084654, 3.0) > (0.2067901234567901, 3.0)
[LVL9] rall135(A,B) :- all135(C,B) 0.150132275132 (2.0, 11.0, 86.0, 9.0) 0.700617283951 [ACCEPT]
[LVL9] rall135(A,B) :- no135(A,C) 0.14012345679 (2.0, 12.0, 85.0, 9.0) 0.700617283951 [ACCEPT]
[LVL9] rall135(A,B) :- no135(B,C) 0.273456790123 (4.0, 10.0, 87.0, 7.0) 0.82037037037 [ACCEPT]
[LVL9] BETTER RULE rall135(A,B) :- no135(B,C) (0.2734567901234568, 4.0) > (0.22156084656084654, 3.0)
[LVL9] rall135(A,B) :- no135(C,A) 0.281986531987 (3.0, 7.0, 90.0, 8.0) 0.775462962963 [ACCEPT]
[LVL9] BETTER RULE rall135(A,B) :- no135(C,A) (0.28198653198653195, 3.0) > (0.2734567901234568, 4.0)
[LVL9] rall135(A,B) :- no135(C,B) 0.191077441077 (2.0, 8.0, 89.0, 9.0) 0.700617283951 [ACCEPT]
[LVL9] rall135(A,B) :- somenot135(C,A) 0.0 (1.0, 14.0, 83.0, 10.0) 0.550925925926 [ACCEPT]
[DEBUG] Best rule so far: rall135(A,B) :- no135(C,A) [0.281986531987]
[DEBUG] Candidates for iteration 2:
[DEBUG] ==================================
[DEBUG] rall135(A,B) :- no135(C,A) 0.281986531987
[DEBUG] rall135(A,B) :- no135(B,C) 0.273456790123
[DEBUG] rall135(A,B) :- all135(C,A) 0.221560846561
[DEBUG] rall135(A,B) :- all135(B,C) 0.206790123457
[DEBUG] rall135(A,B) :- no135(C,B) 0.191077441077
[DEBUG] rall135(A,B) :- all135(C,B) 0.150132275132
[DEBUG] rall135(A,B) :- all135(A,C) 0.14012345679
[DEBUG] rall135(A,B) :- no135(A,C) 0.14012345679
[DEBUG] rall135(A,B) :- somenot135(C,A) 0.0
[DEBUG] ==================================
[LVL9] rall135(A,B) :- no135(C,A), all135(B,C) 0.550925925926 (1.0, 0.0, 97.0, 10.0) 0.550925925926 [REJECT* fp] 0.0
[LVL9] BETTER RULE rall135(A,B) :- no135(C,A), all135(B,C) (0.5509259259259259, 1.0) > (0.28198653198653195, 3.0)
[LVL9] rall135(A,B) :- no135(C,A), \+some135(C,B) 0.344650205761 (3.0, 5.0, 92.0, 8.0) 0.775462962963 [ACCEPT]
[LVL9] rall135(A,B) :- no135(C,A), \+no135(C,B) 0.23353909465 (2.0, 6.0, 91.0, 9.0) 0.700617283951 [ACCEPT]
[LVL9] rall135(A,B) :- no135(C,A), \+no135(B,C) 0.23353909465 (2.0, 6.0, 91.0, 9.0) 0.700617283951 [ACCEPT]
[LVL9] rall135(A,B) :- no135(C,A), \+somenot135(C,B) 0.310185185185 (3.0, 6.0, 91.0, 8.0) 0.775462962963 [ACCEPT]
[LVL9] rall135(A,B) :- no135(C,A), \+somenot135(B,C) 0.344650205761 (3.0, 5.0, 92.0, 8.0) 0.775462962963 [ACCEPT]
[LVL9] rall135(A,B) :- no135(B,C), \+all135(A,C) 0.238603988604 (3.0, 9.0, 88.0, 8.0) 0.775462962963 [ACCEPT]
[LVL9] rall135(A,B) :- no135(B,C), \+all135(C,A) 0.238603988604 (3.0, 9.0, 88.0, 8.0) 0.775462962963 [ACCEPT]
[LVL9] rall135(A,B) :- no135(B,C), \+some135(A,C) 0.292989417989 (4.0, 9.0, 88.0, 7.0) 0.82037037037 [ACCEPT]
[LVL9] rall135(A,B) :- no135(B,C), \+some135(C,A) 0.292989417989 (4.0, 9.0, 88.0, 7.0) 0.82037037037 [ACCEPT]
[LVL9] rall135(A,B) :- no135(B,C), \+no135(A,C) 0.315527065527 (4.0, 8.0, 89.0, 7.0) 0.82037037037 [ACCEPT]
[LVL9] rall135(A,B) :- no135(B,C), \+no135(C,A) 0.238603988604 (3.0, 9.0, 88.0, 8.0) 0.775462962963 [ACCEPT]
[LVL9] rall135(A,B) :- no135(B,C), \+somenot135(A,C) 0.315527065527 (4.0, 8.0, 89.0, 7.0) 0.82037037037 [ACCEPT]
[LVL9] rall135(A,B) :- no135(B,C), \+somenot135(C,A) 0.238603988604 (3.0, 9.0, 88.0, 8.0) 0.775462962963 [ACCEPT]
[LVL9] rall135(A,B) :- all135(C,A), \+all135(C,B) 0.175154320988 (2.0, 9.0, 88.0, 9.0) 0.700617283951 [ACCEPT]
[LVL9] rall135(A,B) :- all135(C,A), \+all135(B,C) 0.175154320988 (2.0, 9.0, 88.0, 9.0) 0.700617283951 [ACCEPT]
[LVL9] rall135(A,B) :- all135(C,A), \+some135(C,B) 0.258487654321 (3.0, 8.0, 89.0, 8.0) 0.775462962963 [ACCEPT]
[LVL9] rall135(A,B) :- all135(C,A), \+some135(B,C) 0.258487654321 (3.0, 8.0, 89.0, 8.0) 0.775462962963 [ACCEPT]
[LVL9] rall135(A,B) :- all135(C,A), \+no135(B,C) 0.175154320988 (2.0, 9.0, 88.0, 9.0) 0.700617283951 [ACCEPT]
[LVL9] rall135(A,B) :- all135(C,A), \+somenot135(C,B) 0.258487654321 (3.0, 8.0, 89.0, 8.0) 0.775462962963 [ACCEPT]
[LVL9] rall135(A,B) :- all135(C,A), \+somenot135(B,C) 0.238603988604 (3.0, 9.0, 88.0, 8.0) 0.775462962963 [ACCEPT]
[LVL9] rall135(A,B) :- all135(B,C), \+all135(A,C) 0.238603988604 (3.0, 9.0, 88.0, 8.0) 0.775462962963 [ACCEPT]
[LVL9] rall135(A,B) :- all135(B,C), \+all135(C,A) 0.161680911681 (2.0, 10.0, 87.0, 9.0) 0.700617283951 [ACCEPT]
[LVL9] rall135(A,B) :- all135(B,C), \+some135(A,C) 0.221560846561 (3.0, 10.0, 87.0, 8.0) 0.775462962963 [ACCEPT]
[LVL9] rall135(A,B) :- all135(B,C), \+some135(C,A) 0.238603988604 (3.0, 9.0, 88.0, 8.0) 0.775462962963 [ACCEPT]
[LVL9] rall135(A,B) :- all135(B,C), \+no135(A,C) 0.161680911681 (2.0, 10.0, 87.0, 9.0) 0.700617283951 [ACCEPT]
[LVL9] rall135(A,B) :- all135(B,C), \+somenot135(A,C) 0.238603988604 (3.0, 9.0, 88.0, 8.0) 0.775462962963 [ACCEPT]
[LVL9] rall135(A,B) :- all135(B,C), \+somenot135(C,A) 0.238603988604 (3.0, 9.0, 88.0, 8.0) 0.775462962963 [ACCEPT]
[LVL9] rall135(A,B) :- no135(C,B), \+all135(A,C) 0.210185185185 (2.0, 7.0, 90.0, 9.0) 0.700617283951 [ACCEPT]
[LVL9] rall135(A,B) :- no135(C,B), \+some135(C,A) 0.23353909465 (2.0, 6.0, 91.0, 9.0) 0.700617283951 [ACCEPT]
[LVL9] rall135(A,B) :- no135(C,B), \+somenot135(A,C) 0.23353909465 (2.0, 6.0, 91.0, 9.0) 0.700617283951 [ACCEPT]
[LVL9] rall135(A,B) :- no135(C,B), \+somenot135(C,A) 0.210185185185 (2.0, 7.0, 90.0, 9.0) 0.700617283951 [ACCEPT]
[LVL9] rall135(A,B) :- all135(C,B), \+some135(A,C) 0.175154320988 (2.0, 9.0, 88.0, 9.0) 0.700617283951 [ACCEPT]
[LVL9] rall135(A,B) :- all135(C,B), \+some135(C,A) 0.175154320988 (2.0, 9.0, 88.0, 9.0) 0.700617283951 [ACCEPT]
[LVL9] rall135(A,B) :- all135(C,B), \+no135(A,C) 0.175154320988 (2.0, 9.0, 88.0, 9.0) 0.700617283951 [ACCEPT]
[LVL9] rall135(A,B) :- all135(C,B), \+somenot135(A,C) 0.161680911681 (2.0, 10.0, 87.0, 9.0) 0.700617283951 [ACCEPT]
[LVL9] rall135(A,B) :- all135(C,B), \+somenot135(C,A) 0.175154320988 (2.0, 9.0, 88.0, 9.0) 0.700617283951 [ACCEPT]
[LVL9] rall135(A,B) :- all135(A,C), \+all135(B,C) 0.161680911681 (2.0, 10.0, 87.0, 9.0) 0.700617283951 [ACCEPT]
[LVL9] rall135(A,B) :- all135(A,C), \+some135(C,B) 0.161680911681 (2.0, 10.0, 87.0, 9.0) 0.700617283951 [ACCEPT]
[LVL9] rall135(A,B) :- all135(A,C), \+some135(B,C) 0.150132275132 (2.0, 11.0, 86.0, 9.0) 0.700617283951 [ACCEPT]
[LVL9] rall135(A,B) :- all135(A,C), \+no135(C,B) 0.150132275132 (2.0, 11.0, 86.0, 9.0) 0.700617283951 [ACCEPT]
[LVL9] rall135(A,B) :- all135(A,C), \+somenot135(C,B) 0.161680911681 (2.0, 10.0, 87.0, 9.0) 0.700617283951 [ACCEPT]
[LVL9] rall135(A,B) :- all135(A,C), \+somenot135(B,C) 0.161680911681 (2.0, 10.0, 87.0, 9.0) 0.700617283951 [ACCEPT]
[LVL9] rall135(A,B) :- no135(A,C), \+all135(C,B) 0.161680911681 (2.0, 10.0, 87.0, 9.0) 0.700617283951 [ACCEPT]
[LVL9] rall135(A,B) :- no135(A,C), \+some135(C,B) 0.150132275132 (2.0, 11.0, 86.0, 9.0) 0.700617283951 [ACCEPT]
[LVL9] rall135(A,B) :- no135(A,C), \+some135(B,C) 0.150132275132 (2.0, 11.0, 86.0, 9.0) 0.700617283951 [ACCEPT]
[LVL9] rall135(A,B) :- no135(A,C), \+no135(B,C) 0.161680911681 (2.0, 10.0, 87.0, 9.0) 0.700617283951 [ACCEPT]
[LVL9] rall135(A,B) :- no135(A,C), \+somenot135(C,B) 0.161680911681 (2.0, 10.0, 87.0, 9.0) 0.700617283951 [ACCEPT]
[LVL9] rall135(A,B) :- no135(A,C), \+somenot135(B,C) 0.161680911681 (2.0, 10.0, 87.0, 9.0) 0.700617283951 [ACCEPT]
[DEBUG] Best rule so far: rall135(A,B) :- no135(C,A), all135(B,C) [0.550925925926]
[DEBUG] Candidates for iteration 3:
[DEBUG] ==================================
[DEBUG] rall135(A,B) :- no135(C,A), \+some135(C,B) 0.344650205761
[DEBUG] rall135(A,B) :- no135(C,A), \+somenot135(B,C) 0.344650205761
[DEBUG] rall135(A,B) :- no135(B,C), \+no135(A,C) 0.315527065527
[DEBUG] rall135(A,B) :- no135(B,C), \+somenot135(A,C) 0.315527065527
[DEBUG] rall135(A,B) :- no135(C,A), \+somenot135(C,B) 0.310185185185
[DEBUG] rall135(A,B) :- no135(B,C), \+some135(A,C) 0.292989417989
[DEBUG] rall135(A,B) :- no135(B,C), \+some135(C,A) 0.292989417989
[DEBUG] rall135(A,B) :- all135(C,A), \+some135(C,B) 0.258487654321
[DEBUG] rall135(A,B) :- all135(C,A), \+some135(B,C) 0.258487654321
[DEBUG] rall135(A,B) :- all135(C,A), \+somenot135(C,B) 0.258487654321
[DEBUG] rall135(A,B) :- no135(B,C), \+all135(A,C) 0.238603988604
[DEBUG] rall135(A,B) :- no135(B,C), \+all135(C,A) 0.238603988604
[DEBUG] rall135(A,B) :- no135(B,C), \+no135(C,A) 0.238603988604
[DEBUG] rall135(A,B) :- no135(B,C), \+somenot135(C,A) 0.238603988604
[DEBUG] rall135(A,B) :- all135(C,A), \+somenot135(B,C) 0.238603988604
[DEBUG] rall135(A,B) :- all135(B,C), \+all135(A,C) 0.238603988604
[DEBUG] rall135(A,B) :- all135(B,C), \+some135(C,A) 0.238603988604
[DEBUG] rall135(A,B) :- all135(B,C), \+somenot135(A,C) 0.238603988604
[DEBUG] rall135(A,B) :- all135(B,C), \+somenot135(C,A) 0.238603988604
[DEBUG] rall135(A,B) :- no135(C,A), \+no135(C,B) 0.23353909465
[DEBUG] rall135(A,B) :- no135(C,A), \+no135(B,C) 0.23353909465
[DEBUG] rall135(A,B) :- no135(C,B), \+some135(C,A) 0.23353909465
[DEBUG] rall135(A,B) :- no135(C,B), \+somenot135(A,C) 0.23353909465
[DEBUG] rall135(A,B) :- all135(B,C), \+some135(A,C) 0.221560846561
[DEBUG] rall135(A,B) :- no135(C,B), \+all135(A,C) 0.210185185185
[DEBUG] rall135(A,B) :- no135(C,B), \+somenot135(C,A) 0.210185185185
[DEBUG] rall135(A,B) :- all135(C,A), \+all135(C,B) 0.175154320988
[DEBUG] rall135(A,B) :- all135(C,A), \+all135(B,C) 0.175154320988
[DEBUG] rall135(A,B) :- all135(C,A), \+no135(B,C) 0.175154320988
[DEBUG] rall135(A,B) :- all135(C,B), \+some135(A,C) 0.175154320988
[DEBUG] rall135(A,B) :- all135(C,B), \+some135(C,A) 0.175154320988
[DEBUG] rall135(A,B) :- all135(C,B), \+no135(A,C) 0.175154320988
[DEBUG] rall135(A,B) :- all135(C,B), \+somenot135(C,A) 0.175154320988
[DEBUG] rall135(A,B) :- all135(B,C), \+all135(C,A) 0.161680911681
[DEBUG] rall135(A,B) :- all135(B,C), \+no135(A,C) 0.161680911681
[DEBUG] rall135(A,B) :- all135(C,B), \+somenot135(A,C) 0.161680911681
[DEBUG] rall135(A,B) :- all135(A,C), \+all135(B,C) 0.161680911681
[DEBUG] rall135(A,B) :- all135(A,C), \+some135(C,B) 0.161680911681
[DEBUG] rall135(A,B) :- all135(A,C), \+somenot135(C,B) 0.161680911681
[DEBUG] rall135(A,B) :- all135(A,C), \+somenot135(B,C) 0.161680911681
[DEBUG] rall135(A,B) :- no135(A,C), \+all135(C,B) 0.161680911681
[DEBUG] rall135(A,B) :- no135(A,C), \+no135(B,C) 0.161680911681
[DEBUG] rall135(A,B) :- no135(A,C), \+somenot135(C,B) 0.161680911681
[DEBUG] rall135(A,B) :- no135(A,C), \+somenot135(B,C) 0.161680911681
[DEBUG] rall135(A,B) :- all135(A,C), \+some135(B,C) 0.150132275132
[DEBUG] rall135(A,B) :- all135(A,C), \+no135(C,B) 0.150132275132
[DEBUG] rall135(A,B) :- no135(A,C), \+some135(C,B) 0.150132275132
[DEBUG] rall135(A,B) :- no135(A,C), \+some135(B,C) 0.150132275132
[DEBUG] ==================================
[INFO] RULE LEARNED: rall135(A,B) :- no135(C,A), all135(B,C) 0.907407407407
[DEBUG] Best rule so far: rall135(A,B) :- true [0.0934579439252]
[DEBUG] Candidates for iteration 1:
[DEBUG] ==================================
[DEBUG] rall135(A,B) :- true 0.0934579439252
[DEBUG] ==================================
[LVL9] rall135(A,B) :- all135(A,C) 0.139563862928 (3.0, 12.0, 85.0, 8.0) 0.697819314642 [ACCEPT]
[LVL9] BETTER RULE rall135(A,B) :- all135(A,C) (0.1395638629283489, 3.0) > (0.09345794392523364, 11.0)
[LVL9] rall135(A,B) :- all135(B,C) 0.14953271028 (3.0, 11.0, 86.0, 8.0) 0.697819314642 [ACCEPT]
[LVL9] BETTER RULE rall135(A,B) :- all135(B,C) (0.14953271028037382, 3.0) > (0.1395638629283489, 3.0)
[LVL9] rall135(A,B) :- all135(C,A) 0.220961281709 (4.0, 10.0, 87.0, 7.0) 0.773364485981 [ACCEPT]
[LVL9] BETTER RULE rall135(A,B) :- all135(C,A) (0.22096128170894525, 4.0) > (0.14953271028037382, 3.0)
[LVL9] rall135(A,B) :- all135(C,B) 0.14953271028 (3.0, 11.0, 86.0, 8.0) 0.697819314642 [ACCEPT]
[LVL9] rall135(A,B) :- no135(A,C) 0.139563862928 (3.0, 12.0, 85.0, 8.0) 0.697819314642 [ACCEPT]
[LVL9] rall135(A,B) :- no135(B,C) 0.272897196262 (5.0, 10.0, 87.0, 6.0) 0.818691588785 [ACCEPT]
[LVL9] BETTER RULE rall135(A,B) :- no135(B,C) (0.27289719626168224, 5.0) > (0.22096128170894525, 4.0)
[LVL9] rall135(A,B) :- no135(C,A) 0.209345794393 (3.0, 7.0, 90.0, 8.0) 0.697819314642 [ACCEPT]
[LVL9] rall135(A,B) :- no135(C,B) 0.190314358539 (3.0, 8.0, 89.0, 8.0) 0.697819314642 [ACCEPT]
[LVL9] rall135(A,B) :- somenot135(C,A) 0.0 (2.0, 14.0, 83.0, 9.0) 0.546728971963 [ACCEPT]
[DEBUG] Best rule so far: rall135(A,B) :- no135(B,C) [0.272897196262]
[DEBUG] Candidates for iteration 2:
[DEBUG] ==================================
[DEBUG] rall135(A,B) :- no135(B,C) 0.272897196262
[DEBUG] rall135(A,B) :- all135(C,A) 0.220961281709
[DEBUG] rall135(A,B) :- no135(C,A) 0.209345794393
[DEBUG] rall135(A,B) :- no135(C,B) 0.190314358539
[DEBUG] rall135(A,B) :- all135(B,C) 0.14953271028
[DEBUG] rall135(A,B) :- all135(C,B) 0.14953271028
[DEBUG] rall135(A,B) :- all135(A,C) 0.139563862928
[DEBUG] rall135(A,B) :- no135(A,C) 0.139563862928
[DEBUG] rall135(A,B) :- somenot135(C,A) 0.0
[DEBUG] ==================================
[LVL9] rall135(A,B) :- no135(B,C), all135(A,C) 0.364485981308 (2.0, 1.0, 96.0, 9.0) 0.546728971963 [ACCEPT]
[LVL9] BETTER RULE rall135(A,B) :- no135(B,C), all135(A,C) (0.3644859813084112, 2.0) > (0.27289719626168224, 5.0)
[LVL9] rall135(A,B) :- no135(B,C), all135(C,A) 0.364485981308 (2.0, 1.0, 96.0, 9.0) 0.546728971963 [ACCEPT]
[LVL9] rall135(A,B) :- no135(B,C), all135(A,D) 0.364485981308 (2.0, 1.0, 96.0, 9.0) 0.546728971963 [ACCEPT]
[LVL9] rall135(A,B) :- no135(B,C), all135(C,D) 0.364485981308 (2.0, 1.0, 96.0, 9.0) 0.546728971963 [ACCEPT]
[LVL9] rall135(A,B) :- no135(B,C), all135(D,A) 0.364485981308 (2.0, 1.0, 96.0, 9.0) 0.546728971963 [ACCEPT]
[LVL9] rall135(A,B) :- no135(B,C), all135(D,C) 0.364485981308 (2.0, 1.0, 96.0, 9.0) 0.546728971963 [ACCEPT]
[LVL9] rall135(A,B) :- no135(B,C), no135(C,A) 0.364485981308 (2.0, 1.0, 96.0, 9.0) 0.546728971963 [ACCEPT]
[LVL9] rall135(A,B) :- no135(B,C), no135(C,D) 0.364485981308 (2.0, 1.0, 96.0, 9.0) 0.546728971963 [ACCEPT]
[LVL9] rall135(A,B) :- no135(B,C), no135(D,A) 0.364485981308 (2.0, 1.0, 96.0, 9.0) 0.546728971963 [ACCEPT]
[LVL9] rall135(A,B) :- no135(B,C), somenot135(C,A) 0.364485981308 (2.0, 1.0, 96.0, 9.0) 0.546728971963 [ACCEPT]
[LVL9] rall135(A,B) :- no135(B,C), somenot135(C,D) 0.364485981308 (2.0, 1.0, 96.0, 9.0) 0.546728971963 [ACCEPT]
[LVL9] rall135(A,B) :- no135(B,C), somenot135(D,A) 0.364485981308 (2.0, 1.0, 96.0, 9.0) 0.546728971963 [ACCEPT]
[LVL9] rall135(A,B) :- no135(B,C), \+all135(A,C) 0.237958303379 (4.0, 9.0, 88.0, 7.0) 0.773364485981 [ACCEPT]
[LVL9] rall135(A,B) :- no135(B,C), \+all135(C,A) 0.237958303379 (4.0, 9.0, 88.0, 7.0) 0.773364485981 [ACCEPT]
[LVL9] rall135(A,B) :- no135(B,C), \+some135(A,C) 0.292389853138 (5.0, 9.0, 88.0, 6.0) 0.818691588785 [ACCEPT]
[LVL9] rall135(A,B) :- no135(B,C), \+some135(C,A) 0.292389853138 (5.0, 9.0, 88.0, 6.0) 0.818691588785 [ACCEPT]
[LVL9] rall135(A,B) :- no135(B,C), \+no135(A,C) 0.314881380302 (5.0, 8.0, 89.0, 6.0) 0.818691588785 [ACCEPT]
[LVL9] rall135(A,B) :- no135(B,C), \+no135(C,A) 0.237958303379 (4.0, 9.0, 88.0, 7.0) 0.773364485981 [ACCEPT]
[LVL9] rall135(A,B) :- no135(B,C), \+somenot135(A,C) 0.314881380302 (5.0, 8.0, 89.0, 6.0) 0.818691588785 [ACCEPT]
[LVL9] rall135(A,B) :- no135(B,C), \+somenot135(C,A) 0.237958303379 (4.0, 9.0, 88.0, 7.0) 0.773364485981 [ACCEPT]
[LVL9] rall135(A,B) :- all135(C,A), all135(C,B) 0.364485981308 (2.0, 1.0, 96.0, 9.0) 0.546728971963 [ACCEPT]
[LVL9] rall135(A,B) :- all135(C,A), all135(B,C) 0.364485981308 (2.0, 1.0, 96.0, 9.0) 0.546728971963 [ACCEPT]
[LVL9] rall135(A,B) :- all135(C,A), all135(B,D) 0.364485981308 (2.0, 1.0, 96.0, 9.0) 0.546728971963 [ACCEPT]
[LVL9] rall135(A,B) :- all135(C,A), all135(D,C) 0.364485981308 (2.0, 1.0, 96.0, 9.0) 0.546728971963 [ACCEPT]
[LVL9] rall135(A,B) :- all135(C,A), all135(D,B) 0.364485981308 (2.0, 1.0, 96.0, 9.0) 0.546728971963 [ACCEPT]
[LVL9] rall135(A,B) :- all135(C,A), no135(B,D) 0.364485981308 (2.0, 1.0, 96.0, 9.0) 0.546728971963 [ACCEPT]
[LVL9] rall135(A,B) :- all135(C,A), no135(D,C) 0.364485981308 (2.0, 1.0, 96.0, 9.0) 0.546728971963 [ACCEPT]
[LVL9] rall135(A,B) :- all135(C,A), \+all135(C,B) 0.17445482866 (3.0, 9.0, 88.0, 8.0) 0.697819314642 [ACCEPT]
[LVL9] rall135(A,B) :- all135(C,A), \+all135(B,C) 0.17445482866 (3.0, 9.0, 88.0, 8.0) 0.697819314642 [ACCEPT]
[LVL9] rall135(A,B) :- all135(C,A), \+some135(C,B) 0.257788161994 (4.0, 8.0, 89.0, 7.0) 0.773364485981 [ACCEPT]
[LVL9] rall135(A,B) :- all135(C,A), \+some135(B,C) 0.257788161994 (4.0, 8.0, 89.0, 7.0) 0.773364485981 [ACCEPT]
[LVL9] rall135(A,B) :- all135(C,A), \+no135(B,C) 0.17445482866 (3.0, 9.0, 88.0, 8.0) 0.697819314642 [ACCEPT]
[LVL9] rall135(A,B) :- all135(C,A), \+somenot135(C,B) 0.257788161994 (4.0, 8.0, 89.0, 7.0) 0.773364485981 [ACCEPT]
[LVL9] rall135(A,B) :- all135(C,A), \+somenot135(B,C) 0.237958303379 (4.0, 9.0, 88.0, 7.0) 0.773364485981 [ACCEPT]
[LVL9] rall135(A,B) :- no135(C,A), no135(C,B) 0.364485981308 (2.0, 1.0, 96.0, 9.0) 0.546728971963 [ACCEPT]
[LVL9] rall135(A,B) :- no135(C,A), no135(B,D) 0.364485981308 (2.0, 1.0, 96.0, 9.0) 0.546728971963 [ACCEPT]
[LVL9] rall135(A,B) :- no135(C,A), no135(D,C) 0.364485981308 (2.0, 1.0, 96.0, 9.0) 0.546728971963 [ACCEPT]
[LVL9] rall135(A,B) :- no135(C,A), no135(D,B) 0.364485981308 (2.0, 1.0, 96.0, 9.0) 0.546728971963 [ACCEPT]
[LVL9] rall135(A,B) :- no135(C,A), \+some135(C,B) 0.261682242991 (3.0, 5.0, 92.0, 8.0) 0.697819314642 [ACCEPT]
[LVL9] rall135(A,B) :- no135(C,A), \+no135(C,B) 0.136682242991 (2.0, 6.0, 91.0, 9.0) 0.546728971963 [ACCEPT]
[LVL9] rall135(A,B) :- no135(C,A), \+no135(B,C) 0.136682242991 (2.0, 6.0, 91.0, 9.0) 0.546728971963 [ACCEPT]
[LVL9] rall135(A,B) :- no135(C,A), \+somenot135(C,B) 0.232606438214 (3.0, 6.0, 91.0, 8.0) 0.697819314642 [ACCEPT]
[LVL9] rall135(A,B) :- no135(C,A), \+somenot135(B,C) 0.261682242991 (3.0, 5.0, 92.0, 8.0) 0.697819314642 [ACCEPT]
[LVL9] rall135(A,B) :- no135(C,B), no135(A,C) 0.364485981308 (2.0, 1.0, 96.0, 9.0) 0.546728971963 [ACCEPT]
[LVL9] rall135(A,B) :- no135(C,B), no135(A,D) 0.364485981308 (2.0, 1.0, 96.0, 9.0) 0.546728971963 [ACCEPT]
[LVL9] rall135(A,B) :- no135(C,B), no135(D,A) 0.364485981308 (2.0, 1.0, 96.0, 9.0) 0.546728971963 [ACCEPT]
[LVL9] rall135(A,B) :- no135(C,B), no135(D,C) 0.364485981308 (2.0, 1.0, 96.0, 9.0) 0.546728971963 [ACCEPT]
[LVL9] rall135(A,B) :- no135(C,B), \+all135(A,C) 0.209345794393 (3.0, 7.0, 90.0, 8.0) 0.697819314642 [ACCEPT]
[LVL9] rall135(A,B) :- no135(C,B), \+some135(C,A) 0.232606438214 (3.0, 6.0, 91.0, 8.0) 0.697819314642 [ACCEPT]
[LVL9] rall135(A,B) :- no135(C,B), \+no135(A,C) 0.121495327103 (2.0, 7.0, 90.0, 9.0) 0.546728971963 [ACCEPT]
[LVL9] rall135(A,B) :- no135(C,B), \+no135(C,A) 0.121495327103 (2.0, 7.0, 90.0, 9.0) 0.546728971963 [ACCEPT]
[LVL9] rall135(A,B) :- no135(C,B), \+somenot135(A,C) 0.232606438214 (3.0, 6.0, 91.0, 8.0) 0.697819314642 [ACCEPT]
[LVL9] rall135(A,B) :- no135(C,B), \+somenot135(C,A) 0.209345794393 (3.0, 7.0, 90.0, 8.0) 0.697819314642 [ACCEPT]
[LVL9] rall135(A,B) :- all135(B,C), all135(C,D) 0.364485981308 (2.0, 1.0, 96.0, 9.0) 0.546728971963 [ACCEPT]
[LVL9] rall135(A,B) :- all135(B,C), all135(D,A) 0.364485981308 (2.0, 1.0, 96.0, 9.0) 0.546728971963 [ACCEPT]
[LVL9] rall135(A,B) :- all135(B,C), no135(A,C) 0.364485981308 (2.0, 1.0, 96.0, 9.0) 0.546728971963 [ACCEPT]
[LVL9] rall135(A,B) :- all135(B,C), no135(A,D) 0.364485981308 (2.0, 1.0, 96.0, 9.0) 0.546728971963 [ACCEPT]
[LVL9] rall135(A,B) :- all135(B,C), no135(D,C) 0.364485981308 (2.0, 1.0, 96.0, 9.0) 0.546728971963 [ACCEPT]
[LVL9] rall135(A,B) :- all135(B,C), \+all135(A,C) 0.17445482866 (3.0, 9.0, 88.0, 8.0) 0.697819314642 [ACCEPT]
[LVL9] rall135(A,B) :- all135(B,C), \+all135(C,A) 0.0 (2.0, 10.0, 87.0, 9.0) 0.546728971963 [ACCEPT]
[LVL9] rall135(A,B) :- all135(B,C), \+some135(A,C) 0.161035226456 (3.0, 10.0, 87.0, 8.0) 0.697819314642 [ACCEPT]
[LVL9] rall135(A,B) :- all135(B,C), \+some135(C,A) 0.17445482866 (3.0, 9.0, 88.0, 8.0) 0.697819314642 [ACCEPT]
[LVL9] rall135(A,B) :- all135(B,C), \+no135(A,C) 0.0 (2.0, 10.0, 87.0, 9.0) 0.546728971963 [ACCEPT]
[LVL9] rall135(A,B) :- all135(B,C), \+somenot135(A,C) 0.17445482866 (3.0, 9.0, 88.0, 8.0) 0.697819314642 [ACCEPT]
[LVL9] rall135(A,B) :- all135(B,C), \+somenot135(C,A) 0.17445482866 (3.0, 9.0, 88.0, 8.0) 0.697819314642 [ACCEPT]
[LVL9] rall135(A,B) :- all135(C,B), all135(A,C) 0.364485981308 (2.0, 1.0, 96.0, 9.0) 0.546728971963 [ACCEPT]
[LVL9] rall135(A,B) :- all135(C,B), all135(A,D) 0.364485981308 (2.0, 1.0, 96.0, 9.0) 0.546728971963 [ACCEPT]
[LVL9] rall135(A,B) :- all135(C,B), all135(D,A) 0.364485981308 (2.0, 1.0, 96.0, 9.0) 0.546728971963 [ACCEPT]
[LVL9] rall135(A,B) :- all135(C,B), all135(D,C) 0.364485981308 (2.0, 1.0, 96.0, 9.0) 0.546728971963 [ACCEPT]
[LVL9] rall135(A,B) :- all135(C,B), \+all135(A,C) 0.0 (2.0, 10.0, 87.0, 9.0) 0.546728971963 [ACCEPT]
[LVL9] rall135(A,B) :- all135(C,B), \+all135(C,A) 0.0 (2.0, 10.0, 87.0, 9.0) 0.546728971963 [ACCEPT]
[LVL9] rall135(A,B) :- all135(C,B), \+some135(A,C) 0.17445482866 (3.0, 9.0, 88.0, 8.0) 0.697819314642 [ACCEPT]
[LVL9] rall135(A,B) :- all135(C,B), \+some135(C,A) 0.17445482866 (3.0, 9.0, 88.0, 8.0) 0.697819314642 [ACCEPT]
[LVL9] rall135(A,B) :- all135(C,B), \+no135(A,C) 0.17445482866 (3.0, 9.0, 88.0, 8.0) 0.697819314642 [ACCEPT]
[LVL9] rall135(A,B) :- all135(C,B), \+somenot135(A,C) 0.161035226456 (3.0, 10.0, 87.0, 8.0) 0.697819314642 [ACCEPT]
[LVL9] rall135(A,B) :- all135(C,B), \+somenot135(C,A) 0.17445482866 (3.0, 9.0, 88.0, 8.0) 0.697819314642 [ACCEPT]
[LVL9] rall135(A,B) :- all135(A,C), all135(C,D) 0.364485981308 (2.0, 1.0, 96.0, 9.0) 0.546728971963 [ACCEPT]
[LVL9] rall135(A,B) :- all135(A,C), all135(D,B) 0.364485981308 (2.0, 1.0, 96.0, 9.0) 0.546728971963 [ACCEPT]
[LVL9] rall135(A,B) :- all135(A,C), no135(B,D) 0.364485981308 (2.0, 1.0, 96.0, 9.0) 0.546728971963 [ACCEPT]
[LVL9] rall135(A,B) :- all135(A,C), no135(D,C) 0.364485981308 (2.0, 1.0, 96.0, 9.0) 0.546728971963 [ACCEPT]
[LVL9] rall135(A,B) :- all135(A,C), \+all135(C,B) 0.0 (2.0, 11.0, 86.0, 9.0) 0.546728971963 [ACCEPT]
[LVL9] rall135(A,B) :- all135(A,C), \+all135(B,C) 0.161035226456 (3.0, 10.0, 87.0, 8.0) 0.697819314642 [ACCEPT]
[LVL9] rall135(A,B) :- all135(A,C), \+some135(C,B) 0.161035226456 (3.0, 10.0, 87.0, 8.0) 0.697819314642 [ACCEPT]
[LVL9] rall135(A,B) :- all135(A,C), \+some135(B,C) 0.14953271028 (3.0, 11.0, 86.0, 8.0) 0.697819314642 [ACCEPT]
[LVL9] rall135(A,B) :- all135(A,C), \+no135(C,B) 0.14953271028 (3.0, 11.0, 86.0, 8.0) 0.697819314642 [ACCEPT]
[LVL9] rall135(A,B) :- all135(A,C), \+no135(B,C) 0.0 (2.0, 11.0, 86.0, 9.0) 0.546728971963 [ACCEPT]
[LVL9] rall135(A,B) :- all135(A,C), \+somenot135(C,B) 0.161035226456 (3.0, 10.0, 87.0, 8.0) 0.697819314642 [ACCEPT]
[LVL9] rall135(A,B) :- all135(A,C), \+somenot135(B,C) 0.161035226456 (3.0, 10.0, 87.0, 8.0) 0.697819314642 [ACCEPT]
[LVL9] rall135(A,B) :- no135(A,C), all135(B,D) 0.364485981308 (2.0, 1.0, 96.0, 9.0) 0.546728971963 [ACCEPT]
[LVL9] rall135(A,B) :- no135(A,C), all135(D,C) 0.364485981308 (2.0, 1.0, 96.0, 9.0) 0.546728971963 [ACCEPT]
[LVL9] rall135(A,B) :- no135(A,C), no135(C,D) 0.364485981308 (2.0, 1.0, 96.0, 9.0) 0.546728971963 [ACCEPT]
[LVL9] rall135(A,B) :- no135(A,C), no135(D,B) 0.364485981308 (2.0, 1.0, 96.0, 9.0) 0.546728971963 [ACCEPT]
[LVL9] rall135(A,B) :- no135(A,C), \+all135(C,B) 0.161035226456 (3.0, 10.0, 87.0, 8.0) 0.697819314642 [ACCEPT]
[LVL9] rall135(A,B) :- no135(A,C), \+all135(B,C) 0.0 (2.0, 11.0, 86.0, 9.0) 0.546728971963 [ACCEPT]
[LVL9] rall135(A,B) :- no135(A,C), \+some135(C,B) 0.14953271028 (3.0, 11.0, 86.0, 8.0) 0.697819314642 [ACCEPT]
[LVL9] rall135(A,B) :- no135(A,C), \+some135(B,C) 0.14953271028 (3.0, 11.0, 86.0, 8.0) 0.697819314642 [ACCEPT]
[LVL9] rall135(A,B) :- no135(A,C), \+no135(C,B) 0.0 (2.0, 11.0, 86.0, 9.0) 0.546728971963 [ACCEPT]
[LVL9] rall135(A,B) :- no135(A,C), \+no135(B,C) 0.161035226456 (3.0, 10.0, 87.0, 8.0) 0.697819314642 [ACCEPT]
[LVL9] rall135(A,B) :- no135(A,C), \+somenot135(C,B) 0.161035226456 (3.0, 10.0, 87.0, 8.0) 0.697819314642 [ACCEPT]
[LVL9] rall135(A,B) :- no135(A,C), \+somenot135(B,C) 0.161035226456 (3.0, 10.0, 87.0, 8.0) 0.697819314642 [ACCEPT]
[LVL9] rall135(A,B) :- somenot135(C,A), no135(B,D) 0.364485981308 (2.0, 1.0, 96.0, 9.0) 0.546728971963 [ACCEPT]
[LVL9] rall135(A,B) :- somenot135(C,A), no135(D,C) 0.364485981308 (2.0, 1.0, 96.0, 9.0) 0.546728971963 [ACCEPT]
[DEBUG] Best rule so far: rall135(A,B) :- no135(B,C), all135(A,C) [0.364485981308]
[DEBUG] Candidates for iteration 3:
[DEBUG] ==================================
[DEBUG] rall135(A,B) :- no135(B,C), all135(A,C) 0.364485981308
[DEBUG] rall135(A,B) :- no135(B,C), all135(C,A) 0.364485981308
[DEBUG] rall135(A,B) :- no135(B,C), all135(A,D) 0.364485981308
[DEBUG] rall135(A,B) :- no135(B,C), all135(C,D) 0.364485981308
[DEBUG] rall135(A,B) :- no135(B,C), all135(D,A) 0.364485981308
[DEBUG] rall135(A,B) :- no135(B,C), all135(D,C) 0.364485981308
[DEBUG] rall135(A,B) :- no135(B,C), no135(C,A) 0.364485981308
[DEBUG] rall135(A,B) :- no135(B,C), no135(C,D) 0.364485981308
[DEBUG] rall135(A,B) :- no135(B,C), no135(D,A) 0.364485981308
[DEBUG] rall135(A,B) :- no135(B,C), somenot135(C,A) 0.364485981308
[DEBUG] rall135(A,B) :- no135(B,C), somenot135(C,D) 0.364485981308
[DEBUG] rall135(A,B) :- no135(B,C), somenot135(D,A) 0.364485981308
[DEBUG] rall135(A,B) :- all135(C,A), all135(C,B) 0.364485981308
[DEBUG] rall135(A,B) :- all135(C,A), all135(B,C) 0.364485981308
[DEBUG] rall135(A,B) :- all135(C,A), all135(B,D) 0.364485981308
[DEBUG] rall135(A,B) :- all135(C,A), all135(D,C) 0.364485981308
[DEBUG] rall135(A,B) :- all135(C,A), all135(D,B) 0.364485981308
[DEBUG] rall135(A,B) :- all135(C,A), no135(B,D) 0.364485981308
[DEBUG] rall135(A,B) :- all135(C,A), no135(D,C) 0.364485981308
[DEBUG] rall135(A,B) :- no135(C,A), no135(C,B) 0.364485981308
[DEBUG] rall135(A,B) :- no135(C,A), no135(B,D) 0.364485981308
[DEBUG] rall135(A,B) :- no135(C,A), no135(D,C) 0.364485981308
[DEBUG] rall135(A,B) :- no135(C,A), no135(D,B) 0.364485981308
[DEBUG] rall135(A,B) :- no135(C,B), no135(A,C) 0.364485981308
[DEBUG] rall135(A,B) :- no135(C,B), no135(A,D) 0.364485981308
[DEBUG] rall135(A,B) :- no135(C,B), no135(D,A) 0.364485981308
[DEBUG] rall135(A,B) :- no135(C,B), no135(D,C) 0.364485981308
[DEBUG] rall135(A,B) :- all135(B,C), all135(C,D) 0.364485981308
[DEBUG] rall135(A,B) :- all135(B,C), all135(D,A) 0.364485981308
[DEBUG] rall135(A,B) :- all135(B,C), no135(A,C) 0.364485981308
[DEBUG] rall135(A,B) :- all135(B,C), no135(A,D) 0.364485981308
[DEBUG] rall135(A,B) :- all135(B,C), no135(D,C) 0.364485981308
[DEBUG] rall135(A,B) :- all135(C,B), all135(A,C) 0.364485981308
[DEBUG] rall135(A,B) :- all135(C,B), all135(A,D) 0.364485981308
[DEBUG] rall135(A,B) :- all135(C,B), all135(D,A) 0.364485981308
[DEBUG] rall135(A,B) :- all135(C,B), all135(D,C) 0.364485981308
[DEBUG] rall135(A,B) :- all135(A,C), all135(C,D) 0.364485981308
[DEBUG] rall135(A,B) :- all135(A,C), all135(D,B) 0.364485981308
[DEBUG] rall135(A,B) :- all135(A,C), no135(B,D) 0.364485981308
[DEBUG] rall135(A,B) :- all135(A,C), no135(D,C) 0.364485981308
[DEBUG] rall135(A,B) :- no135(A,C), all135(B,D) 0.364485981308
[DEBUG] rall135(A,B) :- no135(A,C), all135(D,C) 0.364485981308
[DEBUG] rall135(A,B) :- no135(A,C), no135(C,D) 0.364485981308
[DEBUG] rall135(A,B) :- no135(A,C), no135(D,B) 0.364485981308
[DEBUG] rall135(A,B) :- somenot135(C,A), no135(B,D) 0.364485981308
[DEBUG] rall135(A,B) :- somenot135(C,A), no135(D,C) 0.364485981308
[DEBUG] rall135(A,B) :- no135(B,C), \+no135(A,C) 0.314881380302
[DEBUG] rall135(A,B) :- no135(B,C), \+somenot135(A,C) 0.314881380302
[DEBUG] rall135(A,B) :- no135(B,C), \+some135(A,C) 0.292389853138
[DEBUG] rall135(A,B) :- no135(B,C), \+some135(C,A) 0.292389853138
[DEBUG] rall135(A,B) :- no135(C,A), \+some135(C,B) 0.261682242991
[DEBUG] rall135(A,B) :- no135(C,A), \+somenot135(B,C) 0.261682242991
[DEBUG] rall135(A,B) :- all135(C,A), \+some135(C,B) 0.257788161994
[DEBUG] rall135(A,B) :- all135(C,A), \+some135(B,C) 0.257788161994
[DEBUG] rall135(A,B) :- all135(C,A), \+somenot135(C,B) 0.257788161994
[DEBUG] rall135(A,B) :- no135(B,C), \+all135(A,C) 0.237958303379
[DEBUG] rall135(A,B) :- no135(B,C), \+all135(C,A) 0.237958303379
[DEBUG] rall135(A,B) :- no135(B,C), \+no135(C,A) 0.237958303379
[DEBUG] rall135(A,B) :- no135(B,C), \+somenot135(C,A) 0.237958303379
[DEBUG] rall135(A,B) :- all135(C,A), \+somenot135(B,C) 0.237958303379
[DEBUG] rall135(A,B) :- no135(C,A), \+somenot135(C,B) 0.232606438214
[DEBUG] rall135(A,B) :- no135(C,B), \+some135(C,A) 0.232606438214
[DEBUG] rall135(A,B) :- no135(C,B), \+somenot135(A,C) 0.232606438214
[DEBUG] rall135(A,B) :- no135(C,B), \+all135(A,C) 0.209345794393
[DEBUG] rall135(A,B) :- no135(C,B), \+somenot135(C,A) 0.209345794393
[DEBUG] rall135(A,B) :- all135(C,A), \+all135(C,B) 0.17445482866
[DEBUG] rall135(A,B) :- all135(C,A), \+all135(B,C) 0.17445482866
[DEBUG] rall135(A,B) :- all135(C,A), \+no135(B,C) 0.17445482866
[DEBUG] rall135(A,B) :- all135(B,C), \+all135(A,C) 0.17445482866
[DEBUG] rall135(A,B) :- all135(B,C), \+some135(C,A) 0.17445482866
[DEBUG] rall135(A,B) :- all135(B,C), \+somenot135(A,C) 0.17445482866
[DEBUG] rall135(A,B) :- all135(B,C), \+somenot135(C,A) 0.17445482866
[DEBUG] rall135(A,B) :- all135(C,B), \+some135(A,C) 0.17445482866
[DEBUG] rall135(A,B) :- all135(C,B), \+some135(C,A) 0.17445482866
[DEBUG] rall135(A,B) :- all135(C,B), \+no135(A,C) 0.17445482866
[DEBUG] rall135(A,B) :- all135(C,B), \+somenot135(C,A) 0.17445482866
[DEBUG] rall135(A,B) :- all135(B,C), \+some135(A,C) 0.161035226456
[DEBUG] rall135(A,B) :- all135(C,B), \+somenot135(A,C) 0.161035226456
[DEBUG] rall135(A,B) :- all135(A,C), \+all135(B,C) 0.161035226456
[DEBUG] rall135(A,B) :- all135(A,C), \+some135(C,B) 0.161035226456
[DEBUG] rall135(A,B) :- all135(A,C), \+somenot135(C,B) 0.161035226456
[DEBUG] rall135(A,B) :- all135(A,C), \+somenot135(B,C) 0.161035226456
[DEBUG] rall135(A,B) :- no135(A,C), \+all135(C,B) 0.161035226456
[DEBUG] rall135(A,B) :- no135(A,C), \+no135(B,C) 0.161035226456
[DEBUG] rall135(A,B) :- no135(A,C), \+somenot135(C,B) 0.161035226456
[DEBUG] rall135(A,B) :- no135(A,C), \+somenot135(B,C) 0.161035226456
[DEBUG] rall135(A,B) :- all135(A,C), \+some135(B,C) 0.14953271028
[DEBUG] rall135(A,B) :- all135(A,C), \+no135(C,B) 0.14953271028
[DEBUG] rall135(A,B) :- no135(A,C), \+some135(C,B) 0.14953271028
[DEBUG] rall135(A,B) :- no135(A,C), \+some135(B,C) 0.14953271028
[DEBUG] rall135(A,B) :- no135(C,A), \+no135(C,B) 0.136682242991
[DEBUG] rall135(A,B) :- no135(C,A), \+no135(B,C) 0.136682242991
[DEBUG] rall135(A,B) :- no135(C,B), \+no135(A,C) 0.121495327103
[DEBUG] rall135(A,B) :- no135(C,B), \+no135(C,A) 0.121495327103
[DEBUG] rall135(A,B) :- all135(B,C), \+all135(C,A) 0.0
[DEBUG] rall135(A,B) :- all135(B,C), \+no135(A,C) 0.0
[DEBUG] rall135(A,B) :- all135(C,B), \+all135(A,C) 0.0
[DEBUG] rall135(A,B) :- all135(C,B), \+all135(C,A) 0.0
[DEBUG] rall135(A,B) :- all135(A,C), \+all135(C,B) 0.0
[DEBUG] rall135(A,B) :- all135(A,C), \+no135(B,C) 0.0
[DEBUG] ==================================
[INFO] RULE LEARNED: rall135(A,B) :- no135(B,C), all135(A,C) 0.907407407407
