[LVL9] Output level: 9
[INFO] Random seed: 0.444717484083
[INFO] Computing scores: 0.1082s
[INFO] Number of examples (M): 118
[INFO] Positive weight (P): 18.0000
[INFO] Negative weight (N): 100.0000
[DEBUG] Best rule so far: rsome11(A,B) :- true [0.152542372881]
[DEBUG] Candidates for iteration 1:
[DEBUG] ==================================
[DEBUG] rsome11(A,B) :- true 0.152542372881
[DEBUG] ==================================
[LVL9] rsome11(A,B) :- all11(A,C) 0.185443668993 (3.0, 13.0, 87.0, 15.0) 0.78813559322 [ACCEPT]
[LVL9] BETTER RULE rsome11(A,B) :- all11(A,C) (0.18544366899302095, 3.0) > (0.15254237288135594, 18.0)
[LVL9] rsome11(A,B) :- all11(B,C) 0.303090727817 (5.0, 11.0, 89.0, 13.0) 0.858757062147 [ACCEPT]
[LVL9] BETTER RULE rsome11(A,B) :- all11(B,C) (0.30309072781655033, 5.0) > (0.18544366899302095, 3.0)
[LVL9] rsome11(A,B) :- all11(C,A) 0.197033898305 (3.0, 12.0, 88.0, 15.0) 0.78813559322 [ACCEPT]
[LVL9] rsome11(A,B) :- all11(C,B) 0.197033898305 (3.0, 12.0, 88.0, 15.0) 0.78813559322 [ACCEPT]
[LVL9] rsome11(A,B) :- some11(A,C) 0.197033898305 (3.0, 12.0, 88.0, 15.0) 0.78813559322 [ACCEPT]
[LVL9] rsome11(A,B) :- some11(B,C) 0.0 (1.0, 14.0, 86.0, 17.0) 0.576271186441 [ACCEPT]
[LVL9] rsome11(A,B) :- some11(C,A) 0.276836158192 (4.0, 10.0, 90.0, 14.0) 0.830508474576 [ACCEPT]
[LVL9] rsome11(A,B) :- some11(C,B) 0.210169491525 (3.0, 11.0, 89.0, 15.0) 0.78813559322 [ACCEPT]
[LVL9] rsome11(A,B) :- no11(A,C) 0.0 (1.0, 11.0, 89.0, 17.0) 0.576271186441 [ACCEPT]
[LVL9] rsome11(A,B) :- no11(C,B) 0.0 (1.0, 13.0, 87.0, 17.0) 0.576271186441 [ACCEPT]
[LVL9] rsome11(A,B) :- somenot11(B,C) 0.185443668993 (3.0, 13.0, 87.0, 15.0) 0.78813559322 [ACCEPT]
[LVL9] rsome11(A,B) :- somenot11(C,A) 0.244267198405 (4.0, 12.0, 88.0, 14.0) 0.830508474576 [ACCEPT]
[LVL9] rsome11(A,B) :- somenot11(C,B) 0.0 (2.0, 14.0, 86.0, 16.0) 0.717514124294 [ACCEPT]
[DEBUG] Best rule so far: rsome11(A,B) :- all11(B,C) [0.303090727817]
[DEBUG] Candidates for iteration 2:
[DEBUG] ==================================
[DEBUG] rsome11(A,B) :- all11(B,C) 0.303090727817
[DEBUG] rsome11(A,B) :- some11(C,A) 0.276836158192
[DEBUG] rsome11(A,B) :- somenot11(C,A) 0.244267198405
[DEBUG] rsome11(A,B) :- some11(C,B) 0.210169491525
[DEBUG] rsome11(A,B) :- all11(C,A) 0.197033898305
[DEBUG] rsome11(A,B) :- all11(C,B) 0.197033898305
[DEBUG] rsome11(A,B) :- some11(A,C) 0.197033898305
[DEBUG] rsome11(A,B) :- all11(A,C) 0.185443668993
[DEBUG] rsome11(A,B) :- somenot11(B,C) 0.185443668993
[DEBUG] rsome11(A,B) :- somenot11(C,B) 0.0
[DEBUG] rsome11(A,B) :- some11(B,C) 0.0
[DEBUG] rsome11(A,B) :- no11(A,C) 0.0
[DEBUG] rsome11(A,B) :- no11(C,B) 0.0
[DEBUG] ==================================
[LVL9] rsome11(A,B) :- all11(B,C), all11(A,C) 0.38418079096 (1.0, 1.0, 99.0, 17.0) 0.576271186441 [ACCEPT]
[LVL9] BETTER RULE rsome11(A,B) :- all11(B,C), all11(A,C) (0.384180790960452, 1.0) > (0.30309072781655033, 5.0)
[LVL9] rsome11(A,B) :- all11(B,C), all11(C,A) 0.38418079096 (1.0, 1.0, 99.0, 17.0) 0.576271186441 [ACCEPT]
[LVL9] rsome11(A,B) :- all11(B,C), all11(A,D) 0.38418079096 (1.0, 1.0, 99.0, 17.0) 0.576271186441 [ACCEPT]
[LVL9] rsome11(A,B) :- all11(B,C), all11(C,D) 0.38418079096 (1.0, 1.0, 99.0, 17.0) 0.576271186441 [ACCEPT]
[LVL9] rsome11(A,B) :- all11(B,C), all11(D,A) 0.38418079096 (1.0, 1.0, 99.0, 17.0) 0.576271186441 [ACCEPT]
[LVL9] rsome11(A,B) :- all11(B,C), some11(A,C) 0.38418079096 (1.0, 1.0, 99.0, 17.0) 0.576271186441 [ACCEPT]
[LVL9] rsome11(A,B) :- all11(B,C), some11(A,D) 0.38418079096 (1.0, 1.0, 99.0, 17.0) 0.576271186441 [ACCEPT]
[LVL9] rsome11(A,B) :- all11(B,C), some11(D,C) 0.38418079096 (1.0, 1.0, 99.0, 17.0) 0.576271186441 [ACCEPT]
[LVL9] rsome11(A,B) :- all11(B,C), no11(A,C) 0.38418079096 (1.0, 1.0, 99.0, 17.0) 0.576271186441 [ACCEPT]
[LVL9] rsome11(A,B) :- all11(B,C), no11(A,D) 0.38418079096 (1.0, 1.0, 99.0, 17.0) 0.576271186441 [ACCEPT]
[LVL9] rsome11(A,B) :- all11(B,C), no11(D,C) 0.38418079096 (1.0, 1.0, 99.0, 17.0) 0.576271186441 [ACCEPT]
[LVL9] rsome11(A,B) :- all11(B,C), somenot11(C,A) 0.38418079096 (1.0, 1.0, 99.0, 17.0) 0.576271186441 [ACCEPT]
[LVL9] rsome11(A,B) :- all11(B,C), somenot11(C,D) 0.38418079096 (1.0, 1.0, 99.0, 17.0) 0.576271186441 [ACCEPT]
[LVL9] rsome11(A,B) :- all11(B,C), somenot11(D,A) 0.38418079096 (1.0, 1.0, 99.0, 17.0) 0.576271186441 [ACCEPT]
[LVL9] rsome11(A,B) :- all11(B,C), \+all11(A,C) 0.276836158192 (4.0, 10.0, 90.0, 14.0) 0.830508474576 [ACCEPT]
[LVL9] rsome11(A,B) :- all11(B,C), \+all11(C,A) 0.276836158192 (4.0, 10.0, 90.0, 14.0) 0.830508474576 [ACCEPT]
[LVL9] rsome11(A,B) :- all11(B,C), \+some11(A,C) 0.276836158192 (4.0, 10.0, 90.0, 14.0) 0.830508474576 [ACCEPT]
[LVL9] rsome11(A,B) :- all11(B,C), \+some11(C,A) 0.343502824859 (5.0, 9.0, 91.0, 13.0) 0.858757062147 [ACCEPT]
[LVL9] rsome11(A,B) :- all11(B,C), \+no11(A,C) 0.276836158192 (4.0, 10.0, 90.0, 14.0) 0.830508474576 [ACCEPT]
[LVL9] rsome11(A,B) :- all11(B,C), \+no11(C,A) 0.343502824859 (5.0, 9.0, 91.0, 13.0) 0.858757062147 [ACCEPT]
[LVL9] rsome11(A,B) :- all11(B,C), \+somenot11(A,C) 0.343502824859 (5.0, 9.0, 91.0, 13.0) 0.858757062147 [ACCEPT]
[LVL9] rsome11(A,B) :- all11(B,C), \+somenot11(C,A) 0.276836158192 (4.0, 10.0, 90.0, 14.0) 0.830508474576 [ACCEPT]
[LVL9] rsome11(A,B) :- some11(C,A), all11(C,B) 0.576271186441 (1.0, 0.0, 100.0, 17.0) 0.576271186441 [REJECT* fp] 0.0
[LVL9] BETTER RULE rsome11(A,B) :- some11(C,A), all11(C,B) (0.576271186440678, 1.0) > (0.384180790960452, 1.0)
[LVL9] rsome11(A,B) :- some11(C,A), \+all11(B,C) 0.319426336375 (4.0, 8.0, 92.0, 14.0) 0.830508474576 [ACCEPT]
[LVL9] rsome11(A,B) :- some11(C,A), \+some11(C,B) 0.319426336375 (4.0, 8.0, 92.0, 14.0) 0.830508474576 [ACCEPT]
[LVL9] rsome11(A,B) :- some11(C,A), \+some11(B,C) 0.242503259452 (3.0, 9.0, 91.0, 15.0) 0.78813559322 [ACCEPT]
[LVL9] rsome11(A,B) :- some11(C,A), \+no11(C,B) 0.296610169492 (4.0, 9.0, 91.0, 14.0) 0.830508474576 [ACCEPT]
[LVL9] rsome11(A,B) :- some11(C,A), \+no11(B,C) 0.319426336375 (4.0, 8.0, 92.0, 14.0) 0.830508474576 [ACCEPT]
[LVL9] rsome11(A,B) :- some11(C,A), \+somenot11(C,B) 0.242503259452 (3.0, 9.0, 91.0, 15.0) 0.78813559322 [ACCEPT]
[LVL9] rsome11(A,B) :- some11(C,A), \+somenot11(B,C) 0.242503259452 (3.0, 9.0, 91.0, 15.0) 0.78813559322 [ACCEPT]
[LVL9] rsome11(A,B) :- somenot11(C,A), \+all11(C,B) 0.210169491525 (3.0, 11.0, 89.0, 15.0) 0.78813559322 [ACCEPT]
[LVL9] rsome11(A,B) :- somenot11(C,A), \+all11(B,C) 0.210169491525 (3.0, 11.0, 89.0, 15.0) 0.78813559322 [ACCEPT]
[LVL9] rsome11(A,B) :- somenot11(C,A), \+some11(C,B) 0.210169491525 (3.0, 11.0, 89.0, 15.0) 0.78813559322 [ACCEPT]
[LVL9] rsome11(A,B) :- somenot11(C,A), \+some11(B,C) 0.276836158192 (4.0, 10.0, 90.0, 14.0) 0.830508474576 [ACCEPT]
[LVL9] rsome11(A,B) :- somenot11(C,A), \+no11(C,B) 0.210169491525 (3.0, 11.0, 89.0, 15.0) 0.78813559322 [ACCEPT]
[LVL9] rsome11(A,B) :- somenot11(C,A), \+no11(B,C) 0.276836158192 (4.0, 10.0, 90.0, 14.0) 0.830508474576 [ACCEPT]
[LVL9] rsome11(A,B) :- somenot11(C,A), \+somenot11(C,B) 0.276836158192 (4.0, 10.0, 90.0, 14.0) 0.830508474576 [ACCEPT]
[LVL9] rsome11(A,B) :- somenot11(C,A), \+somenot11(B,C) 0.276836158192 (4.0, 10.0, 90.0, 14.0) 0.830508474576 [ACCEPT]
[LVL9] rsome11(A,B) :- some11(C,B), \+all11(A,C) 0.165580182529 (2.0, 10.0, 90.0, 16.0) 0.717514124294 [ACCEPT]
[LVL9] rsome11(A,B) :- some11(C,B), \+all11(C,A) 0.225181598063 (3.0, 10.0, 90.0, 15.0) 0.78813559322 [ACCEPT]
[LVL9] rsome11(A,B) :- some11(C,B), \+some11(A,C) 0.165580182529 (2.0, 10.0, 90.0, 16.0) 0.717514124294 [ACCEPT]
[LVL9] rsome11(A,B) :- some11(C,B), \+some11(C,A) 0.242503259452 (3.0, 9.0, 91.0, 15.0) 0.78813559322 [ACCEPT]
[LVL9] rsome11(A,B) :- some11(C,B), \+no11(A,C) 0.242503259452 (3.0, 9.0, 91.0, 15.0) 0.78813559322 [ACCEPT]
[LVL9] rsome11(A,B) :- some11(C,B), \+no11(C,A) 0.225181598063 (3.0, 10.0, 90.0, 15.0) 0.78813559322 [ACCEPT]
[LVL9] rsome11(A,B) :- some11(C,B), \+somenot11(A,C) 0.242503259452 (3.0, 9.0, 91.0, 15.0) 0.78813559322 [ACCEPT]
[LVL9] rsome11(A,B) :- some11(C,B), \+somenot11(C,A) 0.165580182529 (2.0, 10.0, 90.0, 16.0) 0.717514124294 [ACCEPT]
[LVL9] rsome11(A,B) :- all11(C,A), \+all11(C,B) 0.225181598063 (3.0, 10.0, 90.0, 15.0) 0.78813559322 [ACCEPT]
[LVL9] rsome11(A,B) :- all11(C,A), \+all11(B,C) 0.153753026634 (2.0, 11.0, 89.0, 16.0) 0.717514124294 [ACCEPT]
[LVL9] rsome11(A,B) :- all11(C,A), \+some11(C,B) 0.210169491525 (3.0, 11.0, 89.0, 15.0) 0.78813559322 [ACCEPT]
[LVL9] rsome11(A,B) :- all11(C,A), \+some11(B,C) 0.225181598063 (3.0, 10.0, 90.0, 15.0) 0.78813559322 [ACCEPT]
[LVL9] rsome11(A,B) :- all11(C,A), \+no11(C,B) 0.225181598063 (3.0, 10.0, 90.0, 15.0) 0.78813559322 [ACCEPT]
[LVL9] rsome11(A,B) :- all11(C,A), \+no11(B,C) 0.225181598063 (3.0, 10.0, 90.0, 15.0) 0.78813559322 [ACCEPT]
[LVL9] rsome11(A,B) :- all11(C,A), \+somenot11(C,B) 0.153753026634 (2.0, 11.0, 89.0, 16.0) 0.717514124294 [ACCEPT]
[LVL9] rsome11(A,B) :- all11(C,A), \+somenot11(B,C) 0.153753026634 (2.0, 11.0, 89.0, 16.0) 0.717514124294 [ACCEPT]
[LVL9] rsome11(A,B) :- all11(C,B), \+all11(A,C) 0.225181598063 (3.0, 10.0, 90.0, 15.0) 0.78813559322 [ACCEPT]
[LVL9] rsome11(A,B) :- all11(C,B), \+all11(C,A) 0.225181598063 (3.0, 10.0, 90.0, 15.0) 0.78813559322 [ACCEPT]
[LVL9] rsome11(A,B) :- all11(C,B), \+some11(A,C) 0.153753026634 (2.0, 11.0, 89.0, 16.0) 0.717514124294 [ACCEPT]
[LVL9] rsome11(A,B) :- all11(C,B), \+no11(A,C) 0.225181598063 (3.0, 10.0, 90.0, 15.0) 0.78813559322 [ACCEPT]
[LVL9] rsome11(A,B) :- all11(C,B), \+no11(C,A) 0.225181598063 (3.0, 10.0, 90.0, 15.0) 0.78813559322 [ACCEPT]
[LVL9] rsome11(A,B) :- all11(C,B), \+somenot11(A,C) 0.225181598063 (3.0, 10.0, 90.0, 15.0) 0.78813559322 [ACCEPT]
[LVL9] rsome11(A,B) :- all11(C,B), \+somenot11(C,A) 0.153753026634 (2.0, 11.0, 89.0, 16.0) 0.717514124294 [ACCEPT]
[LVL9] rsome11(A,B) :- some11(A,C), \+all11(C,B) 0.153753026634 (2.0, 11.0, 89.0, 16.0) 0.717514124294 [ACCEPT]
[LVL9] rsome11(A,B) :- some11(A,C), \+all11(B,C) 0.153753026634 (2.0, 11.0, 89.0, 16.0) 0.717514124294 [ACCEPT]
[LVL9] rsome11(A,B) :- some11(A,C), \+some11(C,B) 0.153753026634 (2.0, 11.0, 89.0, 16.0) 0.717514124294 [ACCEPT]
[LVL9] rsome11(A,B) :- some11(A,C), \+some11(B,C) 0.225181598063 (3.0, 10.0, 90.0, 15.0) 0.78813559322 [ACCEPT]
[LVL9] rsome11(A,B) :- some11(A,C), \+no11(C,B) 0.225181598063 (3.0, 10.0, 90.0, 15.0) 0.78813559322 [ACCEPT]
[LVL9] rsome11(A,B) :- some11(A,C), \+no11(B,C) 0.210169491525 (3.0, 11.0, 89.0, 15.0) 0.78813559322 [ACCEPT]
[LVL9] rsome11(A,B) :- some11(A,C), \+somenot11(C,B) 0.225181598063 (3.0, 10.0, 90.0, 15.0) 0.78813559322 [ACCEPT]
[LVL9] rsome11(A,B) :- some11(A,C), \+somenot11(B,C) 0.225181598063 (3.0, 10.0, 90.0, 15.0) 0.78813559322 [ACCEPT]
[LVL9] rsome11(A,B) :- all11(A,C), \+all11(C,B) 0.210169491525 (3.0, 11.0, 89.0, 15.0) 0.78813559322 [ACCEPT]
[LVL9] rsome11(A,B) :- all11(A,C), \+all11(B,C) 0.0 (2.0, 12.0, 88.0, 16.0) 0.717514124294 [ACCEPT]
[LVL9] rsome11(A,B) :- all11(A,C), \+some11(C,B) 0.0 (2.0, 12.0, 88.0, 16.0) 0.717514124294 [ACCEPT]
[LVL9] rsome11(A,B) :- all11(A,C), \+some11(B,C) 0.210169491525 (3.0, 11.0, 89.0, 15.0) 0.78813559322 [ACCEPT]
[LVL9] rsome11(A,B) :- all11(A,C), \+no11(C,B) 0.210169491525 (3.0, 11.0, 89.0, 15.0) 0.78813559322 [ACCEPT]
[LVL9] rsome11(A,B) :- all11(A,C), \+no11(B,C) 0.210169491525 (3.0, 11.0, 89.0, 15.0) 0.78813559322 [ACCEPT]
[LVL9] rsome11(A,B) :- all11(A,C), \+somenot11(C,B) 0.210169491525 (3.0, 11.0, 89.0, 15.0) 0.78813559322 [ACCEPT]
[LVL9] rsome11(A,B) :- all11(A,C), \+somenot11(B,C) 0.0 (2.0, 12.0, 88.0, 16.0) 0.717514124294 [ACCEPT]
[LVL9] rsome11(A,B) :- somenot11(B,C), \+all11(A,C) 0.0 (2.0, 12.0, 88.0, 16.0) 0.717514124294 [ACCEPT]
[LVL9] rsome11(A,B) :- somenot11(B,C), \+all11(C,A) 0.0 (2.0, 12.0, 88.0, 16.0) 0.717514124294 [ACCEPT]
[LVL9] rsome11(A,B) :- somenot11(B,C), \+some11(A,C) 0.210169491525 (3.0, 11.0, 89.0, 15.0) 0.78813559322 [ACCEPT]
[LVL9] rsome11(A,B) :- somenot11(B,C), \+some11(C,A) 0.0 (2.0, 12.0, 88.0, 16.0) 0.717514124294 [ACCEPT]
[LVL9] rsome11(A,B) :- somenot11(B,C), \+no11(A,C) 0.210169491525 (3.0, 11.0, 89.0, 15.0) 0.78813559322 [ACCEPT]
[LVL9] rsome11(A,B) :- somenot11(B,C), \+no11(C,A) 0.210169491525 (3.0, 11.0, 89.0, 15.0) 0.78813559322 [ACCEPT]
[LVL9] rsome11(A,B) :- somenot11(B,C), \+somenot11(A,C) 0.210169491525 (3.0, 11.0, 89.0, 15.0) 0.78813559322 [ACCEPT]
[LVL9] rsome11(A,B) :- somenot11(B,C), \+somenot11(C,A) 0.210169491525 (3.0, 11.0, 89.0, 15.0) 0.78813559322 [ACCEPT]
[LVL9] rsome11(A,B) :- somenot11(C,B), \+all11(A,C) 0.0 (2.0, 12.0, 88.0, 16.0) 0.717514124294 [ACCEPT]
[LVL9] rsome11(A,B) :- somenot11(C,B), \+some11(A,C) 0.0 (2.0, 12.0, 88.0, 16.0) 0.717514124294 [ACCEPT]
[LVL9] rsome11(A,B) :- somenot11(C,B), \+no11(A,C) 0.0 (2.0, 12.0, 88.0, 16.0) 0.717514124294 [ACCEPT]
[LVL9] rsome11(A,B) :- somenot11(C,B), \+no11(C,A) 0.0 (2.0, 12.0, 88.0, 16.0) 0.717514124294 [ACCEPT]
[LVL9] rsome11(A,B) :- somenot11(C,B), \+somenot11(A,C) 0.0 (2.0, 12.0, 88.0, 16.0) 0.717514124294 [ACCEPT]
[LVL9] rsome11(A,B) :- somenot11(C,B), \+somenot11(C,A) 0.0 (2.0, 12.0, 88.0, 16.0) 0.717514124294 [ACCEPT]
[DEBUG] Best rule so far: rsome11(A,B) :- some11(C,A), all11(C,B) [0.576271186441]
[DEBUG] Candidates for iteration 3:
[DEBUG] ==================================
[DEBUG] rsome11(A,B) :- all11(B,C), all11(A,C) 0.38418079096
[DEBUG] rsome11(A,B) :- all11(B,C), all11(C,A) 0.38418079096
[DEBUG] rsome11(A,B) :- all11(B,C), all11(A,D) 0.38418079096
[DEBUG] rsome11(A,B) :- all11(B,C), all11(C,D) 0.38418079096
[DEBUG] rsome11(A,B) :- all11(B,C), all11(D,A) 0.38418079096
[DEBUG] rsome11(A,B) :- all11(B,C), some11(A,C) 0.38418079096
[DEBUG] rsome11(A,B) :- all11(B,C), some11(A,D) 0.38418079096
[DEBUG] rsome11(A,B) :- all11(B,C), some11(D,C) 0.38418079096
[DEBUG] rsome11(A,B) :- all11(B,C), no11(A,C) 0.38418079096
[DEBUG] rsome11(A,B) :- all11(B,C), no11(A,D) 0.38418079096
[DEBUG] rsome11(A,B) :- all11(B,C), no11(D,C) 0.38418079096
[DEBUG] rsome11(A,B) :- all11(B,C), somenot11(C,A) 0.38418079096
[DEBUG] rsome11(A,B) :- all11(B,C), somenot11(C,D) 0.38418079096
[DEBUG] rsome11(A,B) :- all11(B,C), somenot11(D,A) 0.38418079096
[DEBUG] rsome11(A,B) :- all11(B,C), \+some11(C,A) 0.343502824859
[DEBUG] rsome11(A,B) :- all11(B,C), \+no11(C,A) 0.343502824859
[DEBUG] rsome11(A,B) :- all11(B,C), \+somenot11(A,C) 0.343502824859
[DEBUG] rsome11(A,B) :- some11(C,A), \+all11(B,C) 0.319426336375
[DEBUG] rsome11(A,B) :- some11(C,A), \+some11(C,B) 0.319426336375
[DEBUG] rsome11(A,B) :- some11(C,A), \+no11(B,C) 0.319426336375
[DEBUG] rsome11(A,B) :- some11(C,A), \+no11(C,B) 0.296610169492
[DEBUG] rsome11(A,B) :- all11(B,C), \+all11(A,C) 0.276836158192
[DEBUG] rsome11(A,B) :- all11(B,C), \+all11(C,A) 0.276836158192
[DEBUG] rsome11(A,B) :- all11(B,C), \+some11(A,C) 0.276836158192
[DEBUG] rsome11(A,B) :- all11(B,C), \+no11(A,C) 0.276836158192
[DEBUG] rsome11(A,B) :- all11(B,C), \+somenot11(C,A) 0.276836158192
[DEBUG] rsome11(A,B) :- somenot11(C,A), \+some11(B,C) 0.276836158192
[DEBUG] rsome11(A,B) :- somenot11(C,A), \+no11(B,C) 0.276836158192
[DEBUG] rsome11(A,B) :- somenot11(C,A), \+somenot11(C,B) 0.276836158192
[DEBUG] rsome11(A,B) :- somenot11(C,A), \+somenot11(B,C) 0.276836158192
[DEBUG] rsome11(A,B) :- some11(C,A), \+some11(B,C) 0.242503259452
[DEBUG] rsome11(A,B) :- some11(C,A), \+somenot11(C,B) 0.242503259452
[DEBUG] rsome11(A,B) :- some11(C,A), \+somenot11(B,C) 0.242503259452
[DEBUG] rsome11(A,B) :- some11(C,B), \+some11(C,A) 0.242503259452
[DEBUG] rsome11(A,B) :- some11(C,B), \+no11(A,C) 0.242503259452
[DEBUG] rsome11(A,B) :- some11(C,B), \+somenot11(A,C) 0.242503259452
[DEBUG] rsome11(A,B) :- some11(C,B), \+all11(C,A) 0.225181598063
[DEBUG] rsome11(A,B) :- some11(C,B), \+no11(C,A) 0.225181598063
[DEBUG] rsome11(A,B) :- all11(C,A), \+all11(C,B) 0.225181598063
[DEBUG] rsome11(A,B) :- all11(C,A), \+some11(B,C) 0.225181598063
[DEBUG] rsome11(A,B) :- all11(C,A), \+no11(C,B) 0.225181598063
[DEBUG] rsome11(A,B) :- all11(C,A), \+no11(B,C) 0.225181598063
[DEBUG] rsome11(A,B) :- all11(C,B), \+all11(A,C) 0.225181598063
[DEBUG] rsome11(A,B) :- all11(C,B), \+all11(C,A) 0.225181598063
[DEBUG] rsome11(A,B) :- all11(C,B), \+no11(A,C) 0.225181598063
[DEBUG] rsome11(A,B) :- all11(C,B), \+no11(C,A) 0.225181598063
[DEBUG] rsome11(A,B) :- all11(C,B), \+somenot11(A,C) 0.225181598063
[DEBUG] rsome11(A,B) :- some11(A,C), \+some11(B,C) 0.225181598063
[DEBUG] rsome11(A,B) :- some11(A,C), \+no11(C,B) 0.225181598063
[DEBUG] rsome11(A,B) :- some11(A,C), \+somenot11(C,B) 0.225181598063
[DEBUG] rsome11(A,B) :- some11(A,C), \+somenot11(B,C) 0.225181598063
[DEBUG] rsome11(A,B) :- somenot11(C,A), \+all11(C,B) 0.210169491525
[DEBUG] rsome11(A,B) :- somenot11(C,A), \+all11(B,C) 0.210169491525
[DEBUG] rsome11(A,B) :- somenot11(C,A), \+some11(C,B) 0.210169491525
[DEBUG] rsome11(A,B) :- somenot11(C,A), \+no11(C,B) 0.210169491525
[DEBUG] rsome11(A,B) :- all11(C,A), \+some11(C,B) 0.210169491525
[DEBUG] rsome11(A,B) :- some11(A,C), \+no11(B,C) 0.210169491525
[DEBUG] rsome11(A,B) :- all11(A,C), \+all11(C,B) 0.210169491525
[DEBUG] rsome11(A,B) :- all11(A,C), \+some11(B,C) 0.210169491525
[DEBUG] rsome11(A,B) :- all11(A,C), \+no11(C,B) 0.210169491525
[DEBUG] rsome11(A,B) :- all11(A,C), \+no11(B,C) 0.210169491525
[DEBUG] rsome11(A,B) :- all11(A,C), \+somenot11(C,B) 0.210169491525
[DEBUG] rsome11(A,B) :- somenot11(B,C), \+some11(A,C) 0.210169491525
[DEBUG] rsome11(A,B) :- somenot11(B,C), \+no11(A,C) 0.210169491525
[DEBUG] rsome11(A,B) :- somenot11(B,C), \+no11(C,A) 0.210169491525
[DEBUG] rsome11(A,B) :- somenot11(B,C), \+somenot11(A,C) 0.210169491525
[DEBUG] rsome11(A,B) :- somenot11(B,C), \+somenot11(C,A) 0.210169491525
[DEBUG] rsome11(A,B) :- some11(C,B), \+all11(A,C) 0.165580182529
[DEBUG] rsome11(A,B) :- some11(C,B), \+some11(A,C) 0.165580182529
[DEBUG] rsome11(A,B) :- some11(C,B), \+somenot11(C,A) 0.165580182529
[DEBUG] rsome11(A,B) :- all11(C,A), \+all11(B,C) 0.153753026634
[DEBUG] rsome11(A,B) :- all11(C,A), \+somenot11(C,B) 0.153753026634
[DEBUG] rsome11(A,B) :- all11(C,A), \+somenot11(B,C) 0.153753026634
[DEBUG] rsome11(A,B) :- all11(C,B), \+some11(A,C) 0.153753026634
[DEBUG] rsome11(A,B) :- all11(C,B), \+somenot11(C,A) 0.153753026634
[DEBUG] rsome11(A,B) :- some11(A,C), \+all11(C,B) 0.153753026634
[DEBUG] rsome11(A,B) :- some11(A,C), \+all11(B,C) 0.153753026634
[DEBUG] rsome11(A,B) :- some11(A,C), \+some11(C,B) 0.153753026634
[DEBUG] rsome11(A,B) :- all11(A,C), \+all11(B,C) 0.0
[DEBUG] rsome11(A,B) :- all11(A,C), \+some11(C,B) 0.0
[DEBUG] rsome11(A,B) :- all11(A,C), \+somenot11(B,C) 0.0
[DEBUG] rsome11(A,B) :- somenot11(B,C), \+all11(A,C) 0.0
[DEBUG] rsome11(A,B) :- somenot11(B,C), \+all11(C,A) 0.0
[DEBUG] rsome11(A,B) :- somenot11(B,C), \+some11(C,A) 0.0
[DEBUG] rsome11(A,B) :- somenot11(C,B), \+all11(A,C) 0.0
[DEBUG] rsome11(A,B) :- somenot11(C,B), \+some11(A,C) 0.0
[DEBUG] rsome11(A,B) :- somenot11(C,B), \+no11(A,C) 0.0
[DEBUG] rsome11(A,B) :- somenot11(C,B), \+no11(C,A) 0.0
[DEBUG] rsome11(A,B) :- somenot11(C,B), \+somenot11(A,C) 0.0
[DEBUG] rsome11(A,B) :- somenot11(C,B), \+somenot11(C,A) 0.0
[DEBUG] ==================================
[INFO] RULE LEARNED: rsome11(A,B) :- some11(C,A), all11(C,B) 0.85593220339
[DEBUG] Best rule so far: rsome11(A,B) :- true [0.0]
[DEBUG] Candidates for iteration 1:
[DEBUG] ==================================
[DEBUG] rsome11(A,B) :- true 0.0
[DEBUG] ==================================
[LVL9] rsome11(A,B) :- all11(A,C) 0.185017596782 (4.0, 13.0, 87.0, 14.0) 0.786324786325 [ACCEPT]
[LVL9] BETTER RULE rsome11(A,B) :- all11(A,C) (0.18501759678230267, 4.0) > (0.0, 18.0)
[LVL9] rsome11(A,B) :- all11(B,C) 0.302664655606 (6.0, 11.0, 89.0, 12.0) 0.85754985755 [ACCEPT]
[LVL9] BETTER RULE rsome11(A,B) :- all11(B,C) (0.3026646556058321, 6.0) > (0.18501759678230267, 4.0)
[LVL9] rsome11(A,B) :- all11(C,A) 0.196581196581 (4.0, 12.0, 88.0, 14.0) 0.786324786325 [ACCEPT]
[LVL9] rsome11(A,B) :- all11(C,B) 0.0 (3.0, 12.0, 88.0, 15.0) 0.7150997151 [ACCEPT]
[LVL9] rsome11(A,B) :- some11(A,C) 0.196581196581 (4.0, 12.0, 88.0, 14.0) 0.786324786325 [ACCEPT]
[LVL9] rsome11(A,B) :- some11(B,C) 0.0 (2.0, 14.0, 86.0, 16.0) 0.57264957265 [ACCEPT]
[LVL9] rsome11(A,B) :- some11(C,A) 0.224664224664 (4.0, 10.0, 90.0, 14.0) 0.786324786325 [ACCEPT]
[LVL9] rsome11(A,B) :- some11(C,B) 0.209686609687 (4.0, 11.0, 89.0, 14.0) 0.786324786325 [ACCEPT]
[LVL9] rsome11(A,B) :- no11(A,C) 0.0 (2.0, 11.0, 89.0, 16.0) 0.57264957265 [ACCEPT]
[LVL9] rsome11(A,B) :- no11(C,B) 0.0 (2.0, 13.0, 87.0, 16.0) 0.57264957265 [ACCEPT]
[LVL9] rsome11(A,B) :- somenot11(B,C) 0.185017596782 (4.0, 13.0, 87.0, 14.0) 0.786324786325 [ACCEPT]
[LVL9] rsome11(A,B) :- somenot11(C,A) 0.243841126194 (5.0, 12.0, 88.0, 13.0) 0.82905982906 [ACCEPT]
[LVL9] rsome11(A,B) :- somenot11(C,B) 0.0 (3.0, 14.0, 86.0, 15.0) 0.7150997151 [ACCEPT]
[DEBUG] Best rule so far: rsome11(A,B) :- all11(B,C) [0.302664655606]
[DEBUG] Candidates for iteration 2:
[DEBUG] ==================================
[DEBUG] rsome11(A,B) :- all11(B,C) 0.302664655606
[DEBUG] rsome11(A,B) :- somenot11(C,A) 0.243841126194
[DEBUG] rsome11(A,B) :- some11(C,A) 0.224664224664
[DEBUG] rsome11(A,B) :- some11(C,B) 0.209686609687
[DEBUG] rsome11(A,B) :- all11(C,A) 0.196581196581
[DEBUG] rsome11(A,B) :- some11(A,C) 0.196581196581
[DEBUG] rsome11(A,B) :- all11(A,C) 0.185017596782
[DEBUG] rsome11(A,B) :- somenot11(B,C) 0.185017596782
[DEBUG] rsome11(A,B) :- all11(C,B) 0.0
[DEBUG] rsome11(A,B) :- somenot11(C,B) 0.0
[DEBUG] rsome11(A,B) :- some11(B,C) 0.0
[DEBUG] rsome11(A,B) :- no11(A,C) 0.0
[DEBUG] rsome11(A,B) :- no11(C,B) 0.0
[DEBUG] ==================================
[LVL9] rsome11(A,B) :- all11(B,C), all11(A,C) 0.381766381766 (2.0, 1.0, 99.0, 16.0) 0.57264957265 [ACCEPT]
[LVL9] BETTER RULE rsome11(A,B) :- all11(B,C), all11(A,C) (0.3817663817663817, 2.0) > (0.3026646556058321, 6.0)
[LVL9] rsome11(A,B) :- all11(B,C), all11(C,A) 0.381766381766 (2.0, 1.0, 99.0, 16.0) 0.57264957265 [ACCEPT]
[LVL9] rsome11(A,B) :- all11(B,C), all11(A,D) 0.381766381766 (2.0, 1.0, 99.0, 16.0) 0.57264957265 [ACCEPT]
[LVL9] rsome11(A,B) :- all11(B,C), all11(C,D) 0.381766381766 (2.0, 1.0, 99.0, 16.0) 0.57264957265 [ACCEPT]
[LVL9] rsome11(A,B) :- all11(B,C), all11(D,A) 0.381766381766 (2.0, 1.0, 99.0, 16.0) 0.57264957265 [ACCEPT]
[LVL9] rsome11(A,B) :- all11(B,C), some11(A,C) 0.381766381766 (2.0, 1.0, 99.0, 16.0) 0.57264957265 [ACCEPT]
[LVL9] rsome11(A,B) :- all11(B,C), some11(A,D) 0.381766381766 (2.0, 1.0, 99.0, 16.0) 0.57264957265 [ACCEPT]
[LVL9] rsome11(A,B) :- all11(B,C), some11(D,C) 0.381766381766 (2.0, 1.0, 99.0, 16.0) 0.57264957265 [ACCEPT]
[LVL9] rsome11(A,B) :- all11(B,C), no11(A,C) 0.381766381766 (2.0, 1.0, 99.0, 16.0) 0.57264957265 [ACCEPT]
[LVL9] rsome11(A,B) :- all11(B,C), no11(A,D) 0.381766381766 (2.0, 1.0, 99.0, 16.0) 0.57264957265 [ACCEPT]
[LVL9] rsome11(A,B) :- all11(B,C), no11(D,C) 0.381766381766 (2.0, 1.0, 99.0, 16.0) 0.57264957265 [ACCEPT]
[LVL9] rsome11(A,B) :- all11(B,C), somenot11(C,A) 0.381766381766 (2.0, 1.0, 99.0, 16.0) 0.57264957265 [ACCEPT]
[LVL9] rsome11(A,B) :- all11(B,C), somenot11(C,D) 0.381766381766 (2.0, 1.0, 99.0, 16.0) 0.57264957265 [ACCEPT]
[LVL9] rsome11(A,B) :- all11(B,C), somenot11(D,A) 0.381766381766 (2.0, 1.0, 99.0, 16.0) 0.57264957265 [ACCEPT]
[LVL9] rsome11(A,B) :- all11(B,C), \+all11(A,C) 0.276353276353 (5.0, 10.0, 90.0, 13.0) 0.82905982906 [ACCEPT]
[LVL9] rsome11(A,B) :- all11(B,C), \+all11(C,A) 0.276353276353 (5.0, 10.0, 90.0, 13.0) 0.82905982906 [ACCEPT]
[LVL9] rsome11(A,B) :- all11(B,C), \+some11(A,C) 0.276353276353 (5.0, 10.0, 90.0, 13.0) 0.82905982906 [ACCEPT]
[LVL9] rsome11(A,B) :- all11(B,C), \+some11(C,A) 0.34301994302 (6.0, 9.0, 91.0, 12.0) 0.85754985755 [ACCEPT]
[LVL9] rsome11(A,B) :- all11(B,C), \+no11(A,C) 0.276353276353 (5.0, 10.0, 90.0, 13.0) 0.82905982906 [ACCEPT]
[LVL9] rsome11(A,B) :- all11(B,C), \+no11(C,A) 0.34301994302 (6.0, 9.0, 91.0, 12.0) 0.85754985755 [ACCEPT]
[LVL9] rsome11(A,B) :- all11(B,C), \+somenot11(A,C) 0.34301994302 (6.0, 9.0, 91.0, 12.0) 0.85754985755 [ACCEPT]
[LVL9] rsome11(A,B) :- all11(B,C), \+somenot11(C,A) 0.276353276353 (5.0, 10.0, 90.0, 13.0) 0.82905982906 [ACCEPT]
[LVL9] rsome11(A,B) :- somenot11(C,A), all11(C,B) 0.381766381766 (2.0, 1.0, 99.0, 16.0) 0.57264957265 [ACCEPT]
[LVL9] rsome11(A,B) :- somenot11(C,A), all11(C,D) 0.381766381766 (2.0, 1.0, 99.0, 16.0) 0.57264957265 [ACCEPT]
[LVL9] rsome11(A,B) :- somenot11(C,A), all11(B,D) 0.381766381766 (2.0, 1.0, 99.0, 16.0) 0.57264957265 [ACCEPT]
[LVL9] rsome11(A,B) :- somenot11(C,A), all11(D,C) 0.381766381766 (2.0, 1.0, 99.0, 16.0) 0.57264957265 [ACCEPT]
[LVL9] rsome11(A,B) :- somenot11(C,A), all11(D,B) 0.381766381766 (2.0, 1.0, 99.0, 16.0) 0.57264957265 [ACCEPT]
[LVL9] rsome11(A,B) :- somenot11(C,A), some11(C,B) 0.381766381766 (2.0, 1.0, 99.0, 16.0) 0.57264957265 [ACCEPT]
[LVL9] rsome11(A,B) :- somenot11(C,A), some11(C,D) 0.381766381766 (2.0, 1.0, 99.0, 16.0) 0.57264957265 [ACCEPT]
[LVL9] rsome11(A,B) :- somenot11(C,A), some11(D,B) 0.381766381766 (2.0, 1.0, 99.0, 16.0) 0.57264957265 [ACCEPT]
[LVL9] rsome11(A,B) :- somenot11(C,A), no11(C,B) 0.381766381766 (2.0, 1.0, 99.0, 16.0) 0.57264957265 [ACCEPT]
[LVL9] rsome11(A,B) :- somenot11(C,A), no11(C,D) 0.381766381766 (2.0, 1.0, 99.0, 16.0) 0.57264957265 [ACCEPT]
[LVL9] rsome11(A,B) :- somenot11(C,A), no11(D,B) 0.381766381766 (2.0, 1.0, 99.0, 16.0) 0.57264957265 [ACCEPT]
[LVL9] rsome11(A,B) :- somenot11(C,A), \+all11(C,B) 0.209686609687 (4.0, 11.0, 89.0, 14.0) 0.786324786325 [ACCEPT]
[LVL9] rsome11(A,B) :- somenot11(C,A), \+all11(B,C) 0.209686609687 (4.0, 11.0, 89.0, 14.0) 0.786324786325 [ACCEPT]
[LVL9] rsome11(A,B) :- somenot11(C,A), \+some11(C,B) 0.209686609687 (4.0, 11.0, 89.0, 14.0) 0.786324786325 [ACCEPT]
[LVL9] rsome11(A,B) :- somenot11(C,A), \+some11(B,C) 0.276353276353 (5.0, 10.0, 90.0, 13.0) 0.82905982906 [ACCEPT]
[LVL9] rsome11(A,B) :- somenot11(C,A), \+no11(C,B) 0.209686609687 (4.0, 11.0, 89.0, 14.0) 0.786324786325 [ACCEPT]
[LVL9] rsome11(A,B) :- somenot11(C,A), \+no11(B,C) 0.276353276353 (5.0, 10.0, 90.0, 13.0) 0.82905982906 [ACCEPT]
[LVL9] rsome11(A,B) :- somenot11(C,A), \+somenot11(C,B) 0.276353276353 (5.0, 10.0, 90.0, 13.0) 0.82905982906 [ACCEPT]
[LVL9] rsome11(A,B) :- somenot11(C,A), \+somenot11(B,C) 0.276353276353 (5.0, 10.0, 90.0, 13.0) 0.82905982906 [ACCEPT]
[LVL9] rsome11(A,B) :- some11(C,A), some11(B,C) 0.381766381766 (2.0, 1.0, 99.0, 16.0) 0.57264957265 [ACCEPT]
[LVL9] rsome11(A,B) :- some11(C,A), some11(B,D) 0.381766381766 (2.0, 1.0, 99.0, 16.0) 0.57264957265 [ACCEPT]
[LVL9] rsome11(A,B) :- some11(C,A), some11(D,C) 0.381766381766 (2.0, 1.0, 99.0, 16.0) 0.57264957265 [ACCEPT]
[LVL9] rsome11(A,B) :- some11(C,A), somenot11(C,B) 0.381766381766 (2.0, 1.0, 99.0, 16.0) 0.57264957265 [ACCEPT]
[LVL9] rsome11(A,B) :- some11(C,A), somenot11(B,C) 0.381766381766 (2.0, 1.0, 99.0, 16.0) 0.57264957265 [ACCEPT]
[LVL9] rsome11(A,B) :- some11(C,A), somenot11(C,D) 0.381766381766 (2.0, 1.0, 99.0, 16.0) 0.57264957265 [ACCEPT]
[LVL9] rsome11(A,B) :- some11(C,A), somenot11(B,D) 0.381766381766 (2.0, 1.0, 99.0, 16.0) 0.57264957265 [ACCEPT]
[LVL9] rsome11(A,B) :- some11(C,A), somenot11(D,C) 0.381766381766 (2.0, 1.0, 99.0, 16.0) 0.57264957265 [ACCEPT]
[LVL9] rsome11(A,B) :- some11(C,A), somenot11(D,B) 0.381766381766 (2.0, 1.0, 99.0, 16.0) 0.57264957265 [ACCEPT]
[LVL9] rsome11(A,B) :- some11(C,A), \+all11(B,C) 0.262108262108 (4.0, 8.0, 92.0, 14.0) 0.786324786325 [ACCEPT]
[LVL9] rsome11(A,B) :- some11(C,A), \+some11(C,B) 0.262108262108 (4.0, 8.0, 92.0, 14.0) 0.786324786325 [ACCEPT]
[LVL9] rsome11(A,B) :- some11(C,A), \+some11(B,C) 0.178774928775 (3.0, 9.0, 91.0, 15.0) 0.7150997151 [ACCEPT]
[LVL9] rsome11(A,B) :- some11(C,A), \+no11(C,B) 0.2419460881 (4.0, 9.0, 91.0, 14.0) 0.786324786325 [ACCEPT]
[LVL9] rsome11(A,B) :- some11(C,A), \+no11(B,C) 0.262108262108 (4.0, 8.0, 92.0, 14.0) 0.786324786325 [ACCEPT]
[LVL9] rsome11(A,B) :- some11(C,A), \+somenot11(C,B) 0.178774928775 (3.0, 9.0, 91.0, 15.0) 0.7150997151 [ACCEPT]
[LVL9] rsome11(A,B) :- some11(C,A), \+somenot11(B,C) 0.178774928775 (3.0, 9.0, 91.0, 15.0) 0.7150997151 [ACCEPT]
[LVL9] rsome11(A,B) :- some11(C,B), all11(A,C) 0.381766381766 (2.0, 1.0, 99.0, 16.0) 0.57264957265 [ACCEPT]
[LVL9] rsome11(A,B) :- some11(C,B), all11(A,D) 0.381766381766 (2.0, 1.0, 99.0, 16.0) 0.57264957265 [ACCEPT]
[LVL9] rsome11(A,B) :- some11(C,B), all11(D,C) 0.381766381766 (2.0, 1.0, 99.0, 16.0) 0.57264957265 [ACCEPT]
[LVL9] rsome11(A,B) :- some11(C,B), some11(A,C) 0.381766381766 (2.0, 1.0, 99.0, 16.0) 0.57264957265 [ACCEPT]
[LVL9] rsome11(A,B) :- some11(C,B), some11(A,D) 0.381766381766 (2.0, 1.0, 99.0, 16.0) 0.57264957265 [ACCEPT]
[LVL9] rsome11(A,B) :- some11(C,B), some11(D,C) 0.381766381766 (2.0, 1.0, 99.0, 16.0) 0.57264957265 [ACCEPT]
[LVL9] rsome11(A,B) :- some11(C,B), somenot11(C,D) 0.381766381766 (2.0, 1.0, 99.0, 16.0) 0.57264957265 [ACCEPT]
[LVL9] rsome11(A,B) :- some11(C,B), somenot11(D,A) 0.381766381766 (2.0, 1.0, 99.0, 16.0) 0.57264957265 [ACCEPT]
[LVL9] rsome11(A,B) :- some11(C,B), \+all11(A,C) 0.165023011177 (3.0, 10.0, 90.0, 15.0) 0.7150997151 [ACCEPT]
[LVL9] rsome11(A,B) :- some11(C,B), \+all11(C,A) 0.224664224664 (4.0, 10.0, 90.0, 14.0) 0.786324786325 [ACCEPT]
[LVL9] rsome11(A,B) :- some11(C,B), \+some11(A,C) 0.165023011177 (3.0, 10.0, 90.0, 15.0) 0.7150997151 [ACCEPT]
[LVL9] rsome11(A,B) :- some11(C,B), \+some11(C,A) 0.2419460881 (4.0, 9.0, 91.0, 14.0) 0.786324786325 [ACCEPT]
[LVL9] rsome11(A,B) :- some11(C,B), \+no11(A,C) 0.2419460881 (4.0, 9.0, 91.0, 14.0) 0.786324786325 [ACCEPT]
[LVL9] rsome11(A,B) :- some11(C,B), \+no11(C,A) 0.224664224664 (4.0, 10.0, 90.0, 14.0) 0.786324786325 [ACCEPT]
[LVL9] rsome11(A,B) :- some11(C,B), \+somenot11(A,C) 0.2419460881 (4.0, 9.0, 91.0, 14.0) 0.786324786325 [ACCEPT]
[LVL9] rsome11(A,B) :- some11(C,B), \+somenot11(C,A) 0.165023011177 (3.0, 10.0, 90.0, 15.0) 0.7150997151 [ACCEPT]
[LVL9] rsome11(A,B) :- all11(C,A), all11(B,D) 0.381766381766 (2.0, 1.0, 99.0, 16.0) 0.57264957265 [ACCEPT]
[LVL9] rsome11(A,B) :- all11(C,A), all11(D,C) 0.381766381766 (2.0, 1.0, 99.0, 16.0) 0.57264957265 [ACCEPT]
[LVL9] rsome11(A,B) :- all11(C,A), somenot11(C,B) 0.381766381766 (2.0, 1.0, 99.0, 16.0) 0.57264957265 [ACCEPT]
[LVL9] rsome11(A,B) :- all11(C,A), somenot11(B,C) 0.381766381766 (2.0, 1.0, 99.0, 16.0) 0.57264957265 [ACCEPT]
[LVL9] rsome11(A,B) :- all11(C,A), somenot11(C,D) 0.381766381766 (2.0, 1.0, 99.0, 16.0) 0.57264957265 [ACCEPT]
[LVL9] rsome11(A,B) :- all11(C,A), somenot11(B,D) 0.381766381766 (2.0, 1.0, 99.0, 16.0) 0.57264957265 [ACCEPT]
[LVL9] rsome11(A,B) :- all11(C,A), somenot11(D,C) 0.381766381766 (2.0, 1.0, 99.0, 16.0) 0.57264957265 [ACCEPT]
[LVL9] rsome11(A,B) :- all11(C,A), somenot11(D,B) 0.381766381766 (2.0, 1.0, 99.0, 16.0) 0.57264957265 [ACCEPT]
[LVL9] rsome11(A,B) :- all11(C,A), \+all11(C,B) 0.224664224664 (4.0, 10.0, 90.0, 14.0) 0.786324786325 [ACCEPT]
[LVL9] rsome11(A,B) :- all11(C,A), \+all11(B,C) 0.153235653236 (3.0, 11.0, 89.0, 15.0) 0.7150997151 [ACCEPT]
[LVL9] rsome11(A,B) :- all11(C,A), \+some11(C,B) 0.209686609687 (4.0, 11.0, 89.0, 14.0) 0.786324786325 [ACCEPT]
[LVL9] rsome11(A,B) :- all11(C,A), \+some11(B,C) 0.224664224664 (4.0, 10.0, 90.0, 14.0) 0.786324786325 [ACCEPT]
[LVL9] rsome11(A,B) :- all11(C,A), \+no11(C,B) 0.224664224664 (4.0, 10.0, 90.0, 14.0) 0.786324786325 [ACCEPT]
[LVL9] rsome11(A,B) :- all11(C,A), \+no11(B,C) 0.224664224664 (4.0, 10.0, 90.0, 14.0) 0.786324786325 [ACCEPT]
[LVL9] rsome11(A,B) :- all11(C,A), \+somenot11(C,B) 0.153235653236 (3.0, 11.0, 89.0, 15.0) 0.7150997151 [ACCEPT]
[LVL9] rsome11(A,B) :- all11(C,A), \+somenot11(B,C) 0.153235653236 (3.0, 11.0, 89.0, 15.0) 0.7150997151 [ACCEPT]
[LVL9] rsome11(A,B) :- some11(A,C), all11(C,B) 0.381766381766 (2.0, 1.0, 99.0, 16.0) 0.57264957265 [ACCEPT]
[LVL9] rsome11(A,B) :- some11(A,C), all11(C,D) 0.381766381766 (2.0, 1.0, 99.0, 16.0) 0.57264957265 [ACCEPT]
[LVL9] rsome11(A,B) :- some11(A,C), all11(B,D) 0.381766381766 (2.0, 1.0, 99.0, 16.0) 0.57264957265 [ACCEPT]
[LVL9] rsome11(A,B) :- some11(A,C), all11(D,C) 0.381766381766 (2.0, 1.0, 99.0, 16.0) 0.57264957265 [ACCEPT]
[LVL9] rsome11(A,B) :- some11(A,C), all11(D,B) 0.381766381766 (2.0, 1.0, 99.0, 16.0) 0.57264957265 [ACCEPT]
[LVL9] rsome11(A,B) :- some11(A,C), some11(C,D) 0.381766381766 (2.0, 1.0, 99.0, 16.0) 0.57264957265 [ACCEPT]
[LVL9] rsome11(A,B) :- some11(A,C), some11(D,B) 0.381766381766 (2.0, 1.0, 99.0, 16.0) 0.57264957265 [ACCEPT]
[LVL9] rsome11(A,B) :- some11(A,C), \+all11(C,B) 0.153235653236 (3.0, 11.0, 89.0, 15.0) 0.7150997151 [ACCEPT]
[LVL9] rsome11(A,B) :- some11(A,C), \+all11(B,C) 0.153235653236 (3.0, 11.0, 89.0, 15.0) 0.7150997151 [ACCEPT]
[LVL9] rsome11(A,B) :- some11(A,C), \+some11(C,B) 0.153235653236 (3.0, 11.0, 89.0, 15.0) 0.7150997151 [ACCEPT]
[LVL9] rsome11(A,B) :- some11(A,C), \+some11(B,C) 0.224664224664 (4.0, 10.0, 90.0, 14.0) 0.786324786325 [ACCEPT]
[LVL9] rsome11(A,B) :- some11(A,C), \+no11(C,B) 0.224664224664 (4.0, 10.0, 90.0, 14.0) 0.786324786325 [ACCEPT]
[LVL9] rsome11(A,B) :- some11(A,C), \+no11(B,C) 0.209686609687 (4.0, 11.0, 89.0, 14.0) 0.786324786325 [ACCEPT]
[LVL9] rsome11(A,B) :- some11(A,C), \+somenot11(C,B) 0.224664224664 (4.0, 10.0, 90.0, 14.0) 0.786324786325 [ACCEPT]
[LVL9] rsome11(A,B) :- some11(A,C), \+somenot11(B,C) 0.224664224664 (4.0, 10.0, 90.0, 14.0) 0.786324786325 [ACCEPT]
[LVL9] rsome11(A,B) :- all11(A,C), all11(B,D) 0.381766381766 (2.0, 1.0, 99.0, 16.0) 0.57264957265 [ACCEPT]
[LVL9] rsome11(A,B) :- all11(A,C), some11(C,D) 0.381766381766 (2.0, 1.0, 99.0, 16.0) 0.57264957265 [ACCEPT]
[LVL9] rsome11(A,B) :- all11(A,C), some11(D,B) 0.381766381766 (2.0, 1.0, 99.0, 16.0) 0.57264957265 [ACCEPT]
[LVL9] rsome11(A,B) :- all11(A,C), somenot11(B,C) 0.381766381766 (2.0, 1.0, 99.0, 16.0) 0.57264957265 [ACCEPT]
[LVL9] rsome11(A,B) :- all11(A,C), somenot11(B,D) 0.381766381766 (2.0, 1.0, 99.0, 16.0) 0.57264957265 [ACCEPT]
[LVL9] rsome11(A,B) :- all11(A,C), somenot11(D,C) 0.381766381766 (2.0, 1.0, 99.0, 16.0) 0.57264957265 [ACCEPT]
[LVL9] rsome11(A,B) :- all11(A,C), \+all11(C,B) 0.209686609687 (4.0, 11.0, 89.0, 14.0) 0.786324786325 [ACCEPT]
[LVL9] rsome11(A,B) :- all11(A,C), \+some11(B,C) 0.209686609687 (4.0, 11.0, 89.0, 14.0) 0.786324786325 [ACCEPT]
[LVL9] rsome11(A,B) :- somenot11(B,C), all11(A,D) 0.381766381766 (2.0, 1.0, 99.0, 16.0) 0.57264957265 [ACCEPT]
[LVL9] rsome11(A,B) :- somenot11(B,C), all11(C,D) 0.381766381766 (2.0, 1.0, 99.0, 16.0) 0.57264957265 [ACCEPT]
[LVL9] rsome11(A,B) :- somenot11(B,C), all11(D,A) 0.381766381766 (2.0, 1.0, 99.0, 16.0) 0.57264957265 [ACCEPT]
[LVL9] rsome11(A,B) :- somenot11(B,C), all11(D,C) 0.381766381766 (2.0, 1.0, 99.0, 16.0) 0.57264957265 [ACCEPT]
[LVL9] rsome11(A,B) :- somenot11(B,C), some11(C,D) 0.381766381766 (2.0, 1.0, 99.0, 16.0) 0.57264957265 [ACCEPT]
[LVL9] rsome11(A,B) :- somenot11(B,C), some11(D,A) 0.381766381766 (2.0, 1.0, 99.0, 16.0) 0.57264957265 [ACCEPT]
[LVL9] rsome11(A,B) :- all11(C,B), some11(A,D) 0.381766381766 (2.0, 1.0, 99.0, 16.0) 0.57264957265 [ACCEPT]
[LVL9] rsome11(A,B) :- all11(C,B), some11(D,C) 0.381766381766 (2.0, 1.0, 99.0, 16.0) 0.57264957265 [ACCEPT]
[LVL9] rsome11(A,B) :- all11(C,B), somenot11(C,D) 0.381766381766 (2.0, 1.0, 99.0, 16.0) 0.57264957265 [ACCEPT]
[LVL9] rsome11(A,B) :- all11(C,B), somenot11(D,A) 0.381766381766 (2.0, 1.0, 99.0, 16.0) 0.57264957265 [ACCEPT]
[LVL9] rsome11(A,B) :- somenot11(C,B), all11(C,D) 0.381766381766 (2.0, 1.0, 99.0, 16.0) 0.57264957265 [ACCEPT]
[LVL9] rsome11(A,B) :- somenot11(C,B), all11(D,A) 0.381766381766 (2.0, 1.0, 99.0, 16.0) 0.57264957265 [ACCEPT]
[LVL9] rsome11(A,B) :- somenot11(C,B), some11(C,D) 0.381766381766 (2.0, 1.0, 99.0, 16.0) 0.57264957265 [ACCEPT]
[LVL9] rsome11(A,B) :- somenot11(C,B), some11(D,A) 0.381766381766 (2.0, 1.0, 99.0, 16.0) 0.57264957265 [ACCEPT]
[LVL9] rsome11(A,B) :- some11(B,C), some11(C,D) 0.381766381766 (2.0, 1.0, 99.0, 16.0) 0.57264957265 [ACCEPT]
[LVL9] rsome11(A,B) :- some11(B,C), some11(D,A) 0.381766381766 (2.0, 1.0, 99.0, 16.0) 0.57264957265 [ACCEPT]
[LVL9] rsome11(A,B) :- no11(A,C), all11(B,D) 0.381766381766 (2.0, 1.0, 99.0, 16.0) 0.57264957265 [ACCEPT]
[LVL9] rsome11(A,B) :- no11(A,C), all11(D,C) 0.381766381766 (2.0, 1.0, 99.0, 16.0) 0.57264957265 [ACCEPT]
[LVL9] rsome11(A,B) :- no11(C,B), somenot11(C,D) 0.381766381766 (2.0, 1.0, 99.0, 16.0) 0.57264957265 [ACCEPT]
[LVL9] rsome11(A,B) :- no11(C,B), somenot11(D,A) 0.381766381766 (2.0, 1.0, 99.0, 16.0) 0.57264957265 [ACCEPT]
[DEBUG] Best rule so far: rsome11(A,B) :- all11(B,C), all11(A,C) [0.381766381766]
[DEBUG] Candidates for iteration 3:
[DEBUG] ==================================
[DEBUG] rsome11(A,B) :- all11(B,C), all11(A,C) 0.381766381766
[DEBUG] rsome11(A,B) :- all11(B,C), all11(C,A) 0.381766381766
[DEBUG] rsome11(A,B) :- all11(B,C), all11(A,D) 0.381766381766
[DEBUG] rsome11(A,B) :- all11(B,C), all11(C,D) 0.381766381766
[DEBUG] rsome11(A,B) :- all11(B,C), all11(D,A) 0.381766381766
[DEBUG] rsome11(A,B) :- all11(B,C), some11(A,C) 0.381766381766
[DEBUG] rsome11(A,B) :- all11(B,C), some11(A,D) 0.381766381766
[DEBUG] rsome11(A,B) :- all11(B,C), some11(D,C) 0.381766381766
[DEBUG] rsome11(A,B) :- all11(B,C), no11(A,C) 0.381766381766
[DEBUG] rsome11(A,B) :- all11(B,C), no11(A,D) 0.381766381766
[DEBUG] rsome11(A,B) :- all11(B,C), no11(D,C) 0.381766381766
[DEBUG] rsome11(A,B) :- all11(B,C), somenot11(C,A) 0.381766381766
[DEBUG] rsome11(A,B) :- all11(B,C), somenot11(C,D) 0.381766381766
[DEBUG] rsome11(A,B) :- all11(B,C), somenot11(D,A) 0.381766381766
[DEBUG] rsome11(A,B) :- somenot11(C,A), all11(C,B) 0.381766381766
[DEBUG] rsome11(A,B) :- somenot11(C,A), all11(C,D) 0.381766381766
[DEBUG] rsome11(A,B) :- somenot11(C,A), all11(B,D) 0.381766381766
[DEBUG] rsome11(A,B) :- somenot11(C,A), all11(D,C) 0.381766381766
[DEBUG] rsome11(A,B) :- somenot11(C,A), all11(D,B) 0.381766381766
[DEBUG] rsome11(A,B) :- somenot11(C,A), some11(C,B) 0.381766381766
[DEBUG] rsome11(A,B) :- somenot11(C,A), some11(C,D) 0.381766381766
[DEBUG] rsome11(A,B) :- somenot11(C,A), some11(D,B) 0.381766381766
[DEBUG] rsome11(A,B) :- somenot11(C,A), no11(C,B) 0.381766381766
[DEBUG] rsome11(A,B) :- somenot11(C,A), no11(C,D) 0.381766381766
[DEBUG] rsome11(A,B) :- somenot11(C,A), no11(D,B) 0.381766381766
[DEBUG] rsome11(A,B) :- some11(C,A), some11(B,C) 0.381766381766
[DEBUG] rsome11(A,B) :- some11(C,A), some11(B,D) 0.381766381766
[DEBUG] rsome11(A,B) :- some11(C,A), some11(D,C) 0.381766381766
[DEBUG] rsome11(A,B) :- some11(C,A), somenot11(C,B) 0.381766381766
[DEBUG] rsome11(A,B) :- some11(C,A), somenot11(B,C) 0.381766381766
[DEBUG] rsome11(A,B) :- some11(C,A), somenot11(C,D) 0.381766381766
[DEBUG] rsome11(A,B) :- some11(C,A), somenot11(B,D) 0.381766381766
[DEBUG] rsome11(A,B) :- some11(C,A), somenot11(D,C) 0.381766381766
[DEBUG] rsome11(A,B) :- some11(C,A), somenot11(D,B) 0.381766381766
[DEBUG] rsome11(A,B) :- some11(C,B), all11(A,C) 0.381766381766
[DEBUG] rsome11(A,B) :- some11(C,B), all11(A,D) 0.381766381766
[DEBUG] rsome11(A,B) :- some11(C,B), all11(D,C) 0.381766381766
[DEBUG] rsome11(A,B) :- some11(C,B), some11(A,C) 0.381766381766
[DEBUG] rsome11(A,B) :- some11(C,B), some11(A,D) 0.381766381766
[DEBUG] rsome11(A,B) :- some11(C,B), some11(D,C) 0.381766381766
[DEBUG] rsome11(A,B) :- some11(C,B), somenot11(C,D) 0.381766381766
[DEBUG] rsome11(A,B) :- some11(C,B), somenot11(D,A) 0.381766381766
[DEBUG] rsome11(A,B) :- all11(C,A), all11(B,D) 0.381766381766
[DEBUG] rsome11(A,B) :- all11(C,A), all11(D,C) 0.381766381766
[DEBUG] rsome11(A,B) :- all11(C,A), somenot11(C,B) 0.381766381766
[DEBUG] rsome11(A,B) :- all11(C,A), somenot11(B,C) 0.381766381766
[DEBUG] rsome11(A,B) :- all11(C,A), somenot11(C,D) 0.381766381766
[DEBUG] rsome11(A,B) :- all11(C,A), somenot11(B,D) 0.381766381766
[DEBUG] rsome11(A,B) :- all11(C,A), somenot11(D,C) 0.381766381766
[DEBUG] rsome11(A,B) :- all11(C,A), somenot11(D,B) 0.381766381766
[DEBUG] rsome11(A,B) :- some11(A,C), all11(C,B) 0.381766381766
[DEBUG] rsome11(A,B) :- some11(A,C), all11(C,D) 0.381766381766
[DEBUG] rsome11(A,B) :- some11(A,C), all11(B,D) 0.381766381766
[DEBUG] rsome11(A,B) :- some11(A,C), all11(D,C) 0.381766381766
[DEBUG] rsome11(A,B) :- some11(A,C), all11(D,B) 0.381766381766
[DEBUG] rsome11(A,B) :- some11(A,C), some11(C,D) 0.381766381766
[DEBUG] rsome11(A,B) :- some11(A,C), some11(D,B) 0.381766381766
[DEBUG] rsome11(A,B) :- all11(A,C), all11(B,D) 0.381766381766
[DEBUG] rsome11(A,B) :- all11(A,C), some11(C,D) 0.381766381766
[DEBUG] rsome11(A,B) :- all11(A,C), some11(D,B) 0.381766381766
[DEBUG] rsome11(A,B) :- all11(A,C), somenot11(B,C) 0.381766381766
[DEBUG] rsome11(A,B) :- all11(A,C), somenot11(B,D) 0.381766381766
[DEBUG] rsome11(A,B) :- all11(A,C), somenot11(D,C) 0.381766381766
[DEBUG] rsome11(A,B) :- somenot11(B,C), all11(A,D) 0.381766381766
[DEBUG] rsome11(A,B) :- somenot11(B,C), all11(C,D) 0.381766381766
[DEBUG] rsome11(A,B) :- somenot11(B,C), all11(D,A) 0.381766381766
[DEBUG] rsome11(A,B) :- somenot11(B,C), all11(D,C) 0.381766381766
[DEBUG] rsome11(A,B) :- somenot11(B,C), some11(C,D) 0.381766381766
[DEBUG] rsome11(A,B) :- somenot11(B,C), some11(D,A) 0.381766381766
[DEBUG] rsome11(A,B) :- all11(C,B), some11(A,D) 0.381766381766
[DEBUG] rsome11(A,B) :- all11(C,B), some11(D,C) 0.381766381766
[DEBUG] rsome11(A,B) :- all11(C,B), somenot11(C,D) 0.381766381766
[DEBUG] rsome11(A,B) :- all11(C,B), somenot11(D,A) 0.381766381766
[DEBUG] rsome11(A,B) :- somenot11(C,B), all11(C,D) 0.381766381766
[DEBUG] rsome11(A,B) :- somenot11(C,B), all11(D,A) 0.381766381766
[DEBUG] rsome11(A,B) :- somenot11(C,B), some11(C,D) 0.381766381766
[DEBUG] rsome11(A,B) :- somenot11(C,B), some11(D,A) 0.381766381766
[DEBUG] rsome11(A,B) :- some11(B,C), some11(C,D) 0.381766381766
[DEBUG] rsome11(A,B) :- some11(B,C), some11(D,A) 0.381766381766
[DEBUG] rsome11(A,B) :- no11(A,C), all11(B,D) 0.381766381766
[DEBUG] rsome11(A,B) :- no11(A,C), all11(D,C) 0.381766381766
[DEBUG] rsome11(A,B) :- no11(C,B), somenot11(C,D) 0.381766381766
[DEBUG] rsome11(A,B) :- no11(C,B), somenot11(D,A) 0.381766381766
[DEBUG] rsome11(A,B) :- all11(B,C), \+some11(C,A) 0.34301994302
[DEBUG] rsome11(A,B) :- all11(B,C), \+no11(C,A) 0.34301994302
[DEBUG] rsome11(A,B) :- all11(B,C), \+somenot11(A,C) 0.34301994302
[DEBUG] rsome11(A,B) :- all11(B,C), \+all11(A,C) 0.276353276353
[DEBUG] rsome11(A,B) :- all11(B,C), \+all11(C,A) 0.276353276353
[DEBUG] rsome11(A,B) :- all11(B,C), \+some11(A,C) 0.276353276353
[DEBUG] rsome11(A,B) :- all11(B,C), \+no11(A,C) 0.276353276353
[DEBUG] rsome11(A,B) :- all11(B,C), \+somenot11(C,A) 0.276353276353
[DEBUG] rsome11(A,B) :- somenot11(C,A), \+some11(B,C) 0.276353276353
[DEBUG] rsome11(A,B) :- somenot11(C,A), \+no11(B,C) 0.276353276353
[DEBUG] rsome11(A,B) :- somenot11(C,A), \+somenot11(C,B) 0.276353276353
[DEBUG] rsome11(A,B) :- somenot11(C,A), \+somenot11(B,C) 0.276353276353
[DEBUG] rsome11(A,B) :- some11(C,A), \+all11(B,C) 0.262108262108
[DEBUG] rsome11(A,B) :- some11(C,A), \+some11(C,B) 0.262108262108
[DEBUG] rsome11(A,B) :- some11(C,A), \+no11(B,C) 0.262108262108
[DEBUG] rsome11(A,B) :- some11(C,A), \+no11(C,B) 0.2419460881
[DEBUG] rsome11(A,B) :- some11(C,B), \+some11(C,A) 0.2419460881
[DEBUG] ==================================
[INFO] RULE LEARNED: rsome11(A,B) :- all11(B,C), all11(A,C) 0.85593220339
