[LVL9] Output level: 9
[INFO] Random seed: 0.190763226032
[INFO] Computing scores: 0.0440s
[INFO] Number of examples (M): 114
[INFO] Positive weight (P): 1.0000
[INFO] Negative weight (N): 113.0000
[DEBUG] Best rule so far: rno84(A,B) :- true [0.00877192982456]
[DEBUG] Candidates for iteration 1:
[DEBUG] ==================================
[DEBUG] rno84(A,B) :- true 0.00877192982456
[DEBUG] ==================================
[LVL9] rno84(A,B) :- all84(C,A) 0.0593395252838 (1.0, 15.0, 98.0, 0.0) 0.504385964912 [ACCEPT]
[LVL9] BETTER RULE rno84(A,B) :- all84(C,A) (0.05933952528379773, 1.0) > (0.008771929824561403, 1.0)
[LVL9] rno84(A,B) :- somenot84(B,C) 0.063048245614 (1.0, 14.0, 99.0, 0.0) 0.504385964912 [ACCEPT]
[LVL9] BETTER RULE rno84(A,B) :- somenot84(B,C) (0.06304824561403509, 1.0) > (0.05933952528379773, 1.0)
[DEBUG] Best rule so far: rno84(A,B) :- somenot84(B,C) [0.063048245614]
[DEBUG] Candidates for iteration 2:
[DEBUG] ==================================
[DEBUG] rno84(A,B) :- somenot84(B,C) 0.063048245614
[DEBUG] rno84(A,B) :- all84(C,A) 0.0593395252838
[DEBUG] ==================================
[LVL9] rno84(A,B) :- somenot84(B,C), all84(C,A) 0.336257309942 (1.0, 1.0, 112.0, 0.0) 0.504385964912 [ACCEPT]
[LVL9] BETTER RULE rno84(A,B) :- somenot84(B,C), all84(C,A) (0.3362573099415205, 1.0) > (0.06304824561403509, 1.0)
[LVL9] rno84(A,B) :- somenot84(B,C), all84(C,D) 0.336257309942 (1.0, 1.0, 112.0, 0.0) 0.504385964912 [ACCEPT]
[LVL9] rno84(A,B) :- somenot84(B,C), all84(D,A) 0.336257309942 (1.0, 1.0, 112.0, 0.0) 0.504385964912 [ACCEPT]
[LVL9] rno84(A,B) :- somenot84(B,C), \+all84(A,C) 0.0672514619883 (1.0, 13.0, 100.0, 0.0) 0.504385964912 [ACCEPT]
[LVL9] rno84(A,B) :- somenot84(B,C), \+some84(A,C) 0.0720551378446 (1.0, 12.0, 101.0, 0.0) 0.504385964912 [ACCEPT]
[LVL9] rno84(A,B) :- somenot84(B,C), \+some84(C,A) 0.0720551378446 (1.0, 12.0, 101.0, 0.0) 0.504385964912 [ACCEPT]
[LVL9] rno84(A,B) :- somenot84(B,C), \+no84(A,C) 0.0720551378446 (1.0, 12.0, 101.0, 0.0) 0.504385964912 [ACCEPT]
[LVL9] rno84(A,B) :- somenot84(B,C), \+no84(C,A) 0.0720551378446 (1.0, 12.0, 101.0, 0.0) 0.504385964912 [ACCEPT]
[LVL9] rno84(A,B) :- somenot84(B,C), \+somenot84(A,C) 0.0720551378446 (1.0, 12.0, 101.0, 0.0) 0.504385964912 [ACCEPT]
[LVL9] rno84(A,B) :- somenot84(B,C), \+somenot84(C,A) 0.0720551378446 (1.0, 12.0, 101.0, 0.0) 0.504385964912 [ACCEPT]
[LVL9] rno84(A,B) :- all84(C,A), somenot84(B,D) 0.336257309942 (1.0, 1.0, 112.0, 0.0) 0.504385964912 [ACCEPT]
[LVL9] rno84(A,B) :- all84(C,A), somenot84(D,C) 0.336257309942 (1.0, 1.0, 112.0, 0.0) 0.504385964912 [ACCEPT]
[LVL9] rno84(A,B) :- all84(C,A), \+all84(C,B) 0.0672514619883 (1.0, 13.0, 100.0, 0.0) 0.504385964912 [ACCEPT]
[LVL9] rno84(A,B) :- all84(C,A), \+all84(B,C) 0.0672514619883 (1.0, 13.0, 100.0, 0.0) 0.504385964912 [ACCEPT]
[LVL9] rno84(A,B) :- all84(C,A), \+some84(C,B) 0.0672514619883 (1.0, 13.0, 100.0, 0.0) 0.504385964912 [ACCEPT]
[LVL9] rno84(A,B) :- all84(C,A), \+some84(B,C) 0.0672514619883 (1.0, 13.0, 100.0, 0.0) 0.504385964912 [ACCEPT]
[LVL9] rno84(A,B) :- all84(C,A), \+no84(C,B) 0.0672514619883 (1.0, 13.0, 100.0, 0.0) 0.504385964912 [ACCEPT]
[LVL9] rno84(A,B) :- all84(C,A), \+no84(B,C) 0.0672514619883 (1.0, 13.0, 100.0, 0.0) 0.504385964912 [ACCEPT]
[LVL9] rno84(A,B) :- all84(C,A), \+somenot84(C,B) 0.0672514619883 (1.0, 13.0, 100.0, 0.0) 0.504385964912 [ACCEPT]
[DEBUG] Best rule so far: rno84(A,B) :- somenot84(B,C), all84(C,A) [0.336257309942]
[DEBUG] Candidates for iteration 3:
[DEBUG] ==================================
[DEBUG] rno84(A,B) :- somenot84(B,C), all84(C,A) 0.336257309942
[DEBUG] rno84(A,B) :- somenot84(B,C), all84(C,D) 0.336257309942
[DEBUG] rno84(A,B) :- somenot84(B,C), all84(D,A) 0.336257309942
[DEBUG] rno84(A,B) :- all84(C,A), somenot84(B,D) 0.336257309942
[DEBUG] rno84(A,B) :- all84(C,A), somenot84(D,C) 0.336257309942
[DEBUG] rno84(A,B) :- somenot84(B,C), \+some84(A,C) 0.0720551378446
[DEBUG] rno84(A,B) :- somenot84(B,C), \+some84(C,A) 0.0720551378446
[DEBUG] rno84(A,B) :- somenot84(B,C), \+no84(A,C) 0.0720551378446
[DEBUG] rno84(A,B) :- somenot84(B,C), \+no84(C,A) 0.0720551378446
[DEBUG] rno84(A,B) :- somenot84(B,C), \+somenot84(A,C) 0.0720551378446
[DEBUG] rno84(A,B) :- somenot84(B,C), \+somenot84(C,A) 0.0720551378446
[DEBUG] rno84(A,B) :- somenot84(B,C), \+all84(A,C) 0.0672514619883
[DEBUG] rno84(A,B) :- all84(C,A), \+all84(C,B) 0.0672514619883
[DEBUG] rno84(A,B) :- all84(C,A), \+all84(B,C) 0.0672514619883
[DEBUG] rno84(A,B) :- all84(C,A), \+some84(C,B) 0.0672514619883
[DEBUG] rno84(A,B) :- all84(C,A), \+some84(B,C) 0.0672514619883
[DEBUG] rno84(A,B) :- all84(C,A), \+no84(C,B) 0.0672514619883
[DEBUG] rno84(A,B) :- all84(C,A), \+no84(B,C) 0.0672514619883
[DEBUG] rno84(A,B) :- all84(C,A), \+somenot84(C,B) 0.0672514619883
[DEBUG] ==================================
[INFO] RULE LEARNED: rno84(A,B) :- somenot84(B,C), all84(C,A) 0.991228070175
[DEBUG] Best rule so far: rno84(A,B) :- true [0.0]
[DEBUG] Candidates for iteration 1:
[DEBUG] ==================================
[DEBUG] rno84(A,B) :- true 0.0
[DEBUG] ==================================
[INFO] RULE LEARNED: rno84(A,B) :- true 0.991228070175
