[LVL9] Output level: 9
[INFO] Random seed: 0.817186971814
[INFO] Computing scores: 0.0428s
[INFO] Number of examples (M): 120
[INFO] Positive weight (P): 1.0000
[INFO] Negative weight (N): 119.0000
[DEBUG] Best rule so far: rno117(A,B) :- true [0.00833333333333]
[DEBUG] Candidates for iteration 1:
[DEBUG] ==================================
[DEBUG] rno117(A,B) :- true 0.00833333333333
[DEBUG] ==================================
[LVL9] rno117(A,B) :- all117(B,C) 0.0630208333333 (1.0, 14.0, 105.0, 0.0) 0.504166666667 [ACCEPT]
[LVL9] BETTER RULE rno117(A,B) :- all117(B,C) (0.06302083333333333, 1.0) > (0.008333333333333333, 1.0)
[LVL9] rno117(A,B) :- all117(C,A) 0.0593137254902 (1.0, 15.0, 104.0, 0.0) 0.504166666667 [ACCEPT]
[DEBUG] Best rule so far: rno117(A,B) :- all117(B,C) [0.0630208333333]
[DEBUG] Candidates for iteration 2:
[DEBUG] ==================================
[DEBUG] rno117(A,B) :- all117(B,C) 0.0630208333333
[DEBUG] rno117(A,B) :- all117(C,A) 0.0593137254902
[DEBUG] ==================================
[LVL9] rno117(A,B) :- all117(B,C), all117(C,A) 0.336111111111 (1.0, 1.0, 118.0, 0.0) 0.504166666667 [ACCEPT]
[LVL9] BETTER RULE rno117(A,B) :- all117(B,C), all117(C,A) (0.3361111111111111, 1.0) > (0.06302083333333333, 1.0)
[LVL9] rno117(A,B) :- all117(B,C), all117(C,D) 0.336111111111 (1.0, 1.0, 118.0, 0.0) 0.504166666667 [ACCEPT]
[LVL9] rno117(A,B) :- all117(B,C), all117(D,A) 0.336111111111 (1.0, 1.0, 118.0, 0.0) 0.504166666667 [ACCEPT]
[LVL9] rno117(A,B) :- all117(B,C), \+all117(A,C) 0.0720238095238 (1.0, 12.0, 107.0, 0.0) 0.504166666667 [ACCEPT]
[LVL9] rno117(A,B) :- all117(B,C), \+some117(A,C) 0.0720238095238 (1.0, 12.0, 107.0, 0.0) 0.504166666667 [ACCEPT]
[LVL9] rno117(A,B) :- all117(B,C), \+some117(C,A) 0.0672222222222 (1.0, 13.0, 106.0, 0.0) 0.504166666667 [ACCEPT]
[LVL9] rno117(A,B) :- all117(B,C), \+no117(A,C) 0.0720238095238 (1.0, 12.0, 107.0, 0.0) 0.504166666667 [ACCEPT]
[LVL9] rno117(A,B) :- all117(B,C), \+no117(C,A) 0.0720238095238 (1.0, 12.0, 107.0, 0.0) 0.504166666667 [ACCEPT]
[LVL9] rno117(A,B) :- all117(B,C), \+somenot117(A,C) 0.0720238095238 (1.0, 12.0, 107.0, 0.0) 0.504166666667 [ACCEPT]
[LVL9] rno117(A,B) :- all117(B,C), \+somenot117(C,A) 0.0720238095238 (1.0, 12.0, 107.0, 0.0) 0.504166666667 [ACCEPT]
[LVL9] rno117(A,B) :- all117(C,A), all117(B,D) 0.336111111111 (1.0, 1.0, 118.0, 0.0) 0.504166666667 [ACCEPT]
[LVL9] rno117(A,B) :- all117(C,A), all117(D,C) 0.336111111111 (1.0, 1.0, 118.0, 0.0) 0.504166666667 [ACCEPT]
[LVL9] rno117(A,B) :- all117(C,A), \+all117(C,B) 0.0672222222222 (1.0, 13.0, 106.0, 0.0) 0.504166666667 [ACCEPT]
[LVL9] rno117(A,B) :- all117(C,A), \+some117(C,B) 0.0672222222222 (1.0, 13.0, 106.0, 0.0) 0.504166666667 [ACCEPT]
[LVL9] rno117(A,B) :- all117(C,A), \+some117(B,C) 0.0672222222222 (1.0, 13.0, 106.0, 0.0) 0.504166666667 [ACCEPT]
[LVL9] rno117(A,B) :- all117(C,A), \+no117(C,B) 0.0672222222222 (1.0, 13.0, 106.0, 0.0) 0.504166666667 [ACCEPT]
[LVL9] rno117(A,B) :- all117(C,A), \+no117(B,C) 0.0672222222222 (1.0, 13.0, 106.0, 0.0) 0.504166666667 [ACCEPT]
[LVL9] rno117(A,B) :- all117(C,A), \+somenot117(C,B) 0.0672222222222 (1.0, 13.0, 106.0, 0.0) 0.504166666667 [ACCEPT]
[LVL9] rno117(A,B) :- all117(C,A), \+somenot117(B,C) 0.0672222222222 (1.0, 13.0, 106.0, 0.0) 0.504166666667 [ACCEPT]
[DEBUG] Best rule so far: rno117(A,B) :- all117(B,C), all117(C,A) [0.336111111111]
[DEBUG] Candidates for iteration 3:
[DEBUG] ==================================
[DEBUG] rno117(A,B) :- all117(B,C), all117(C,A) 0.336111111111
[DEBUG] rno117(A,B) :- all117(B,C), all117(C,D) 0.336111111111
[DEBUG] rno117(A,B) :- all117(B,C), all117(D,A) 0.336111111111
[DEBUG] rno117(A,B) :- all117(C,A), all117(B,D) 0.336111111111
[DEBUG] rno117(A,B) :- all117(C,A), all117(D,C) 0.336111111111
[DEBUG] rno117(A,B) :- all117(B,C), \+all117(A,C) 0.0720238095238
[DEBUG] rno117(A,B) :- all117(B,C), \+some117(A,C) 0.0720238095238
[DEBUG] rno117(A,B) :- all117(B,C), \+no117(A,C) 0.0720238095238
[DEBUG] rno117(A,B) :- all117(B,C), \+no117(C,A) 0.0720238095238
[DEBUG] rno117(A,B) :- all117(B,C), \+somenot117(A,C) 0.0720238095238
[DEBUG] rno117(A,B) :- all117(B,C), \+somenot117(C,A) 0.0720238095238
[DEBUG] rno117(A,B) :- all117(B,C), \+some117(C,A) 0.0672222222222
[DEBUG] rno117(A,B) :- all117(C,A), \+all117(C,B) 0.0672222222222
[DEBUG] rno117(A,B) :- all117(C,A), \+some117(C,B) 0.0672222222222
[DEBUG] rno117(A,B) :- all117(C,A), \+some117(B,C) 0.0672222222222
[DEBUG] rno117(A,B) :- all117(C,A), \+no117(C,B) 0.0672222222222
[DEBUG] rno117(A,B) :- all117(C,A), \+no117(B,C) 0.0672222222222
[DEBUG] rno117(A,B) :- all117(C,A), \+somenot117(C,B) 0.0672222222222
[DEBUG] rno117(A,B) :- all117(C,A), \+somenot117(B,C) 0.0672222222222
[DEBUG] ==================================
[INFO] RULE LEARNED: rno117(A,B) :- all117(B,C), all117(C,A) 0.991666666667
[DEBUG] Best rule so far: rno117(A,B) :- true [0.0]
[DEBUG] Candidates for iteration 1:
[DEBUG] ==================================
[DEBUG] rno117(A,B) :- true 0.0
[DEBUG] ==================================
[INFO] RULE LEARNED: rno117(A,B) :- true 0.991666666667
