[LVL9] Output level: 9
[INFO] Random seed: 0.715369487423
[INFO] Computing scores: 0.0760s
[INFO] Number of examples (M): 120
[INFO] Positive weight (P): 3.0000
[INFO] Negative weight (N): 117.0000
[DEBUG] Best rule so far: rsome34(A,B) :- true [0.0]
[DEBUG] Candidates for iteration 1:
[DEBUG] ==================================
[DEBUG] rsome34(A,B) :- true 0.0
[DEBUG] ==================================
[LVL9] rsome34(A,B) :- all34(B,C) 0.0640625 (1.0, 14.0, 103.0, 2.0) 0.5125 [ACCEPT]
[LVL9] BETTER RULE rsome34(A,B) :- all34(B,C) (0.0640625, 1.0) > (0.0, 3.0)
[LVL9] rsome34(A,B) :- all34(C,A) 0.0640625 (1.0, 14.0, 103.0, 2.0) 0.5125 [ACCEPT]
[LVL9] rsome34(A,B) :- some34(C,B) 0.1265625 (2.0, 13.0, 104.0, 1.0) 0.675 [ACCEPT]
[LVL9] BETTER RULE rsome34(A,B) :- some34(C,B) (0.1265625, 2.0) > (0.0640625, 1.0)
[LVL9] rsome34(A,B) :- no34(A,C) 0.0640625 (1.0, 14.0, 103.0, 2.0) 0.5125 [ACCEPT]
[LVL9] rsome34(A,B) :- somenot34(A,C) 0.0640625 (1.0, 14.0, 103.0, 2.0) 0.5125 [ACCEPT]
[DEBUG] Best rule so far: rsome34(A,B) :- some34(C,B) [0.1265625]
[DEBUG] Candidates for iteration 2:
[DEBUG] ==================================
[DEBUG] rsome34(A,B) :- some34(C,B) 0.1265625
[DEBUG] rsome34(A,B) :- all34(B,C) 0.0640625
[DEBUG] rsome34(A,B) :- all34(C,A) 0.0640625
[DEBUG] rsome34(A,B) :- no34(A,C) 0.0640625
[DEBUG] rsome34(A,B) :- somenot34(A,C) 0.0640625
[DEBUG] ==================================
[LVL9] rsome34(A,B) :- some34(C,B), all34(C,A) 0.341666666667 (1.0, 1.0, 116.0, 2.0) 0.5125 [ACCEPT]
[LVL9] BETTER RULE rsome34(A,B) :- some34(C,B), all34(C,A) (0.3416666666666666, 1.0) > (0.1265625, 2.0)
[LVL9] rsome34(A,B) :- some34(C,B), all34(C,D) 0.341666666667 (1.0, 1.0, 116.0, 2.0) 0.5125 [ACCEPT]
[LVL9] rsome34(A,B) :- some34(C,B), all34(D,A) 0.341666666667 (1.0, 1.0, 116.0, 2.0) 0.5125 [ACCEPT]
[LVL9] rsome34(A,B) :- some34(C,B), no34(A,C) 0.341666666667 (1.0, 1.0, 116.0, 2.0) 0.5125 [ACCEPT]
[LVL9] rsome34(A,B) :- some34(C,B), no34(A,D) 0.341666666667 (1.0, 1.0, 116.0, 2.0) 0.5125 [ACCEPT]
[LVL9] rsome34(A,B) :- some34(C,B), no34(D,C) 0.341666666667 (1.0, 1.0, 116.0, 2.0) 0.5125 [ACCEPT]
[LVL9] rsome34(A,B) :- some34(C,B), \+all34(A,C) 0.144642857143 (2.0, 11.0, 106.0, 1.0) 0.675 [ACCEPT]
[LVL9] rsome34(A,B) :- some34(C,B), \+all34(C,A) 0.0732142857143 (1.0, 12.0, 105.0, 2.0) 0.5125 [ACCEPT]
[LVL9] rsome34(A,B) :- some34(C,B), \+some34(A,C) 0.135 (2.0, 12.0, 105.0, 1.0) 0.675 [ACCEPT]
[LVL9] rsome34(A,B) :- some34(C,B), \+some34(C,A) 0.144642857143 (2.0, 11.0, 106.0, 1.0) 0.675 [ACCEPT]
[LVL9] rsome34(A,B) :- some34(C,B), \+no34(A,C) 0.0732142857143 (1.0, 12.0, 105.0, 2.0) 0.5125 [ACCEPT]
[LVL9] rsome34(A,B) :- some34(C,B), \+no34(C,A) 0.144642857143 (2.0, 11.0, 106.0, 1.0) 0.675 [ACCEPT]
[LVL9] rsome34(A,B) :- some34(C,B), \+somenot34(A,C) 0.144642857143 (2.0, 11.0, 106.0, 1.0) 0.675 [ACCEPT]
[LVL9] rsome34(A,B) :- some34(C,B), \+somenot34(C,A) 0.144642857143 (2.0, 11.0, 106.0, 1.0) 0.675 [ACCEPT]
[LVL9] rsome34(A,B) :- all34(B,C), somenot34(A,C) 0.341666666667 (1.0, 1.0, 116.0, 2.0) 0.5125 [ACCEPT]
[LVL9] rsome34(A,B) :- all34(B,C), somenot34(A,D) 0.341666666667 (1.0, 1.0, 116.0, 2.0) 0.5125 [ACCEPT]
[LVL9] rsome34(A,B) :- all34(B,C), somenot34(D,C) 0.341666666667 (1.0, 1.0, 116.0, 2.0) 0.5125 [ACCEPT]
[LVL9] rsome34(A,B) :- all34(B,C), \+all34(A,C) 0.0732142857143 (1.0, 12.0, 105.0, 2.0) 0.5125 [ACCEPT]
[LVL9] rsome34(A,B) :- all34(B,C), \+all34(C,A) 0.0732142857143 (1.0, 12.0, 105.0, 2.0) 0.5125 [ACCEPT]
[LVL9] rsome34(A,B) :- all34(B,C), \+some34(A,C) 0.0732142857143 (1.0, 12.0, 105.0, 2.0) 0.5125 [ACCEPT]
[LVL9] rsome34(A,B) :- all34(B,C), \+some34(C,A) 0.0732142857143 (1.0, 12.0, 105.0, 2.0) 0.5125 [ACCEPT]
[LVL9] rsome34(A,B) :- all34(B,C), \+no34(A,C) 0.0683333333333 (1.0, 13.0, 104.0, 2.0) 0.5125 [ACCEPT]
[LVL9] rsome34(A,B) :- all34(B,C), \+no34(C,A) 0.0732142857143 (1.0, 12.0, 105.0, 2.0) 0.5125 [ACCEPT]
[LVL9] rsome34(A,B) :- all34(B,C), \+somenot34(C,A) 0.0732142857143 (1.0, 12.0, 105.0, 2.0) 0.5125 [ACCEPT]
[LVL9] rsome34(A,B) :- all34(C,A), some34(C,D) 0.341666666667 (1.0, 1.0, 116.0, 2.0) 0.5125 [ACCEPT]
[LVL9] rsome34(A,B) :- all34(C,A), some34(D,B) 0.341666666667 (1.0, 1.0, 116.0, 2.0) 0.5125 [ACCEPT]
[LVL9] rsome34(A,B) :- all34(C,A), \+all34(C,B) 0.0732142857143 (1.0, 12.0, 105.0, 2.0) 0.5125 [ACCEPT]
[LVL9] rsome34(A,B) :- all34(C,A), \+all34(B,C) 0.0732142857143 (1.0, 12.0, 105.0, 2.0) 0.5125 [ACCEPT]
[LVL9] rsome34(A,B) :- all34(C,A), \+some34(B,C) 0.0732142857143 (1.0, 12.0, 105.0, 2.0) 0.5125 [ACCEPT]
[LVL9] rsome34(A,B) :- all34(C,A), \+no34(C,B) 0.0683333333333 (1.0, 13.0, 104.0, 2.0) 0.5125 [ACCEPT]
[LVL9] rsome34(A,B) :- all34(C,A), \+no34(B,C) 0.0732142857143 (1.0, 12.0, 105.0, 2.0) 0.5125 [ACCEPT]
[LVL9] rsome34(A,B) :- all34(C,A), \+somenot34(C,B) 0.0732142857143 (1.0, 12.0, 105.0, 2.0) 0.5125 [ACCEPT]
[LVL9] rsome34(A,B) :- all34(C,A), \+somenot34(B,C) 0.0732142857143 (1.0, 12.0, 105.0, 2.0) 0.5125 [ACCEPT]
[LVL9] rsome34(A,B) :- no34(A,C), some34(C,D) 0.341666666667 (1.0, 1.0, 116.0, 2.0) 0.5125 [ACCEPT]
[LVL9] rsome34(A,B) :- no34(A,C), some34(D,B) 0.341666666667 (1.0, 1.0, 116.0, 2.0) 0.5125 [ACCEPT]
[LVL9] rsome34(A,B) :- no34(A,C), \+all34(C,B) 0.0732142857143 (1.0, 12.0, 105.0, 2.0) 0.5125 [ACCEPT]
[LVL9] rsome34(A,B) :- no34(A,C), \+all34(B,C) 0.0683333333333 (1.0, 13.0, 104.0, 2.0) 0.5125 [ACCEPT]
[LVL9] rsome34(A,B) :- no34(A,C), \+some34(B,C) 0.0732142857143 (1.0, 12.0, 105.0, 2.0) 0.5125 [ACCEPT]
[LVL9] rsome34(A,B) :- no34(A,C), \+no34(C,B) 0.0732142857143 (1.0, 12.0, 105.0, 2.0) 0.5125 [ACCEPT]
[LVL9] rsome34(A,B) :- no34(A,C), \+no34(B,C) 0.0732142857143 (1.0, 12.0, 105.0, 2.0) 0.5125 [ACCEPT]
[LVL9] rsome34(A,B) :- no34(A,C), \+somenot34(C,B) 0.0732142857143 (1.0, 12.0, 105.0, 2.0) 0.5125 [ACCEPT]
[LVL9] rsome34(A,B) :- no34(A,C), \+somenot34(B,C) 0.0732142857143 (1.0, 12.0, 105.0, 2.0) 0.5125 [ACCEPT]
[LVL9] rsome34(A,B) :- somenot34(A,C), all34(B,D) 0.341666666667 (1.0, 1.0, 116.0, 2.0) 0.5125 [ACCEPT]
[LVL9] rsome34(A,B) :- somenot34(A,C), all34(D,C) 0.341666666667 (1.0, 1.0, 116.0, 2.0) 0.5125 [ACCEPT]
[LVL9] rsome34(A,B) :- somenot34(A,C), \+all34(C,B) 0.0732142857143 (1.0, 12.0, 105.0, 2.0) 0.5125 [ACCEPT]
[LVL9] rsome34(A,B) :- somenot34(A,C), \+some34(C,B) 0.0732142857143 (1.0, 12.0, 105.0, 2.0) 0.5125 [ACCEPT]
[LVL9] rsome34(A,B) :- somenot34(A,C), \+some34(B,C) 0.0732142857143 (1.0, 12.0, 105.0, 2.0) 0.5125 [ACCEPT]
[LVL9] rsome34(A,B) :- somenot34(A,C), \+no34(C,B) 0.0732142857143 (1.0, 12.0, 105.0, 2.0) 0.5125 [ACCEPT]
[LVL9] rsome34(A,B) :- somenot34(A,C), \+no34(B,C) 0.0732142857143 (1.0, 12.0, 105.0, 2.0) 0.5125 [ACCEPT]
[LVL9] rsome34(A,B) :- somenot34(A,C), \+somenot34(C,B) 0.0683333333333 (1.0, 13.0, 104.0, 2.0) 0.5125 [ACCEPT]
[LVL9] rsome34(A,B) :- somenot34(A,C), \+somenot34(B,C) 0.0732142857143 (1.0, 12.0, 105.0, 2.0) 0.5125 [ACCEPT]
[DEBUG] Best rule so far: rsome34(A,B) :- some34(C,B), all34(C,A) [0.341666666667]
[DEBUG] Candidates for iteration 3:
[DEBUG] ==================================
[DEBUG] rsome34(A,B) :- some34(C,B), all34(C,A) 0.341666666667
[DEBUG] rsome34(A,B) :- some34(C,B), all34(C,D) 0.341666666667
[DEBUG] rsome34(A,B) :- some34(C,B), all34(D,A) 0.341666666667
[DEBUG] rsome34(A,B) :- some34(C,B), no34(A,C) 0.341666666667
[DEBUG] rsome34(A,B) :- some34(C,B), no34(A,D) 0.341666666667
[DEBUG] rsome34(A,B) :- some34(C,B), no34(D,C) 0.341666666667
[DEBUG] rsome34(A,B) :- all34(B,C), somenot34(A,C) 0.341666666667
[DEBUG] rsome34(A,B) :- all34(B,C), somenot34(A,D) 0.341666666667
[DEBUG] rsome34(A,B) :- all34(B,C), somenot34(D,C) 0.341666666667
[DEBUG] rsome34(A,B) :- all34(C,A), some34(C,D) 0.341666666667
[DEBUG] rsome34(A,B) :- all34(C,A), some34(D,B) 0.341666666667
[DEBUG] rsome34(A,B) :- no34(A,C), some34(C,D) 0.341666666667
[DEBUG] rsome34(A,B) :- no34(A,C), some34(D,B) 0.341666666667
[DEBUG] rsome34(A,B) :- somenot34(A,C), all34(B,D) 0.341666666667
[DEBUG] rsome34(A,B) :- somenot34(A,C), all34(D,C) 0.341666666667
[DEBUG] rsome34(A,B) :- some34(C,B), \+all34(A,C) 0.144642857143
[DEBUG] rsome34(A,B) :- some34(C,B), \+some34(C,A) 0.144642857143
[DEBUG] rsome34(A,B) :- some34(C,B), \+no34(C,A) 0.144642857143
[DEBUG] rsome34(A,B) :- some34(C,B), \+somenot34(A,C) 0.144642857143
[DEBUG] rsome34(A,B) :- some34(C,B), \+somenot34(C,A) 0.144642857143
[DEBUG] rsome34(A,B) :- some34(C,B), \+some34(A,C) 0.135
[DEBUG] rsome34(A,B) :- some34(C,B), \+all34(C,A) 0.0732142857143
[DEBUG] rsome34(A,B) :- some34(C,B), \+no34(A,C) 0.0732142857143
[DEBUG] rsome34(A,B) :- all34(B,C), \+all34(A,C) 0.0732142857143
[DEBUG] rsome34(A,B) :- all34(B,C), \+all34(C,A) 0.0732142857143
[DEBUG] rsome34(A,B) :- all34(B,C), \+some34(A,C) 0.0732142857143
[DEBUG] rsome34(A,B) :- all34(B,C), \+some34(C,A) 0.0732142857143
[DEBUG] rsome34(A,B) :- all34(B,C), \+no34(C,A) 0.0732142857143
[DEBUG] rsome34(A,B) :- all34(B,C), \+somenot34(C,A) 0.0732142857143
[DEBUG] rsome34(A,B) :- all34(C,A), \+all34(C,B) 0.0732142857143
[DEBUG] rsome34(A,B) :- all34(C,A), \+all34(B,C) 0.0732142857143
[DEBUG] rsome34(A,B) :- all34(C,A), \+some34(B,C) 0.0732142857143
[DEBUG] rsome34(A,B) :- all34(C,A), \+no34(B,C) 0.0732142857143
[DEBUG] rsome34(A,B) :- all34(C,A), \+somenot34(C,B) 0.0732142857143
[DEBUG] rsome34(A,B) :- all34(C,A), \+somenot34(B,C) 0.0732142857143
[DEBUG] rsome34(A,B) :- no34(A,C), \+all34(C,B) 0.0732142857143
[DEBUG] rsome34(A,B) :- no34(A,C), \+some34(B,C) 0.0732142857143
[DEBUG] rsome34(A,B) :- no34(A,C), \+no34(C,B) 0.0732142857143
[DEBUG] rsome34(A,B) :- no34(A,C), \+no34(B,C) 0.0732142857143
[DEBUG] rsome34(A,B) :- no34(A,C), \+somenot34(C,B) 0.0732142857143
[DEBUG] rsome34(A,B) :- no34(A,C), \+somenot34(B,C) 0.0732142857143
[DEBUG] rsome34(A,B) :- somenot34(A,C), \+all34(C,B) 0.0732142857143
[DEBUG] rsome34(A,B) :- somenot34(A,C), \+some34(C,B) 0.0732142857143
[DEBUG] rsome34(A,B) :- somenot34(A,C), \+some34(B,C) 0.0732142857143
[DEBUG] rsome34(A,B) :- somenot34(A,C), \+no34(C,B) 0.0732142857143
[DEBUG] rsome34(A,B) :- somenot34(A,C), \+no34(B,C) 0.0732142857143
[DEBUG] rsome34(A,B) :- somenot34(A,C), \+somenot34(B,C) 0.0732142857143
[DEBUG] rsome34(A,B) :- all34(B,C), \+no34(A,C) 0.0683333333333
[DEBUG] rsome34(A,B) :- all34(C,A), \+no34(C,B) 0.0683333333333
[DEBUG] rsome34(A,B) :- no34(A,C), \+all34(B,C) 0.0683333333333
[DEBUG] rsome34(A,B) :- somenot34(A,C), \+somenot34(C,B) 0.0683333333333
[DEBUG] ==================================
[INFO] RULE LEARNED: rsome34(A,B) :- some34(C,B), all34(C,A) 0.975
[DEBUG] Best rule so far: rsome34(A,B) :- true [0.0169491525424]
[DEBUG] Candidates for iteration 1:
[DEBUG] ==================================
[DEBUG] rsome34(A,B) :- true 0.0169491525424
[DEBUG] ==================================
[LVL9] rsome34(A,B) :- all34(B,C) 0.0635593220339 (2.0, 15.0, 102.0, 1.0) 0.508474576271 [ACCEPT]
[LVL9] BETTER RULE rsome34(A,B) :- all34(B,C) (0.0635593220338983, 2.0) > (0.01694915254237288, 3.0)
[LVL9] rsome34(A,B) :- some34(C,B) 0.0726392251816 (2.0, 13.0, 104.0, 1.0) 0.508474576271 [ACCEPT]
[LVL9] BETTER RULE rsome34(A,B) :- some34(C,B) (0.07263922518159806, 2.0) > (0.0635593220338983, 2.0)
[LVL9] rsome34(A,B) :- no34(A,C) 0.0635593220339 (2.0, 15.0, 102.0, 1.0) 0.508474576271 [ACCEPT]
[LVL9] rsome34(A,B) :- somenot34(A,C) 0.0635593220339 (2.0, 15.0, 102.0, 1.0) 0.508474576271 [ACCEPT]
[DEBUG] Best rule so far: rsome34(A,B) :- some34(C,B) [0.0726392251816]
[DEBUG] Candidates for iteration 2:
[DEBUG] ==================================
[DEBUG] rsome34(A,B) :- some34(C,B) 0.0726392251816
[DEBUG] rsome34(A,B) :- all34(B,C) 0.0635593220339
[DEBUG] rsome34(A,B) :- no34(A,C) 0.0635593220339
[DEBUG] rsome34(A,B) :- somenot34(A,C) 0.0635593220339
[DEBUG] ==================================
[LVL9] rsome34(A,B) :- some34(C,B), no34(A,C) 0.338983050847 (2.0, 2.0, 115.0, 1.0) 0.508474576271 [ACCEPT]
[LVL9] BETTER RULE rsome34(A,B) :- some34(C,B), no34(A,C) (0.3389830508474576, 2.0) > (0.07263922518159806, 2.0)
[LVL9] rsome34(A,B) :- some34(C,B), no34(A,D) 0.338983050847 (2.0, 2.0, 115.0, 1.0) 0.508474576271 [ACCEPT]
[LVL9] rsome34(A,B) :- some34(C,B), no34(D,C) 0.338983050847 (2.0, 2.0, 115.0, 1.0) 0.508474576271 [ACCEPT]
[LVL9] rsome34(A,B) :- some34(C,B), \+all34(A,C) 0.0847457627119 (2.0, 11.0, 106.0, 1.0) 0.508474576271 [ACCEPT]
[LVL9] rsome34(A,B) :- some34(C,B), \+some34(A,C) 0.0782268578879 (2.0, 12.0, 105.0, 1.0) 0.508474576271 [ACCEPT]
[LVL9] rsome34(A,B) :- some34(C,B), \+some34(C,A) 0.0847457627119 (2.0, 11.0, 106.0, 1.0) 0.508474576271 [ACCEPT]
[LVL9] rsome34(A,B) :- some34(C,B), \+no34(C,A) 0.0847457627119 (2.0, 11.0, 106.0, 1.0) 0.508474576271 [ACCEPT]
[LVL9] rsome34(A,B) :- some34(C,B), \+somenot34(A,C) 0.0847457627119 (2.0, 11.0, 106.0, 1.0) 0.508474576271 [ACCEPT]
[LVL9] rsome34(A,B) :- some34(C,B), \+somenot34(C,A) 0.0847457627119 (2.0, 11.0, 106.0, 1.0) 0.508474576271 [ACCEPT]
[LVL9] rsome34(A,B) :- all34(B,C), somenot34(A,C) 0.338983050847 (2.0, 2.0, 115.0, 1.0) 0.508474576271 [ACCEPT]
[LVL9] rsome34(A,B) :- all34(B,C), somenot34(A,D) 0.338983050847 (2.0, 2.0, 115.0, 1.0) 0.508474576271 [ACCEPT]
[LVL9] rsome34(A,B) :- all34(B,C), somenot34(D,C) 0.338983050847 (2.0, 2.0, 115.0, 1.0) 0.508474576271 [ACCEPT]
[LVL9] rsome34(A,B) :- all34(B,C), \+all34(A,C) 0.0726392251816 (2.0, 13.0, 104.0, 1.0) 0.508474576271 [ACCEPT]
[LVL9] rsome34(A,B) :- all34(B,C), \+all34(C,A) 0.0726392251816 (2.0, 13.0, 104.0, 1.0) 0.508474576271 [ACCEPT]
[LVL9] rsome34(A,B) :- all34(B,C), \+some34(A,C) 0.0726392251816 (2.0, 13.0, 104.0, 1.0) 0.508474576271 [ACCEPT]
[LVL9] rsome34(A,B) :- all34(B,C), \+some34(C,A) 0.0726392251816 (2.0, 13.0, 104.0, 1.0) 0.508474576271 [ACCEPT]
[LVL9] rsome34(A,B) :- all34(B,C), \+no34(A,C) 0.0677966101695 (2.0, 14.0, 103.0, 1.0) 0.508474576271 [ACCEPT]
[LVL9] rsome34(A,B) :- all34(B,C), \+no34(C,A) 0.0726392251816 (2.0, 13.0, 104.0, 1.0) 0.508474576271 [ACCEPT]
[LVL9] rsome34(A,B) :- all34(B,C), \+somenot34(C,A) 0.0726392251816 (2.0, 13.0, 104.0, 1.0) 0.508474576271 [ACCEPT]
[LVL9] rsome34(A,B) :- no34(A,C), some34(C,D) 0.338983050847 (2.0, 2.0, 115.0, 1.0) 0.508474576271 [ACCEPT]
[LVL9] rsome34(A,B) :- no34(A,C), some34(D,B) 0.338983050847 (2.0, 2.0, 115.0, 1.0) 0.508474576271 [ACCEPT]
[LVL9] rsome34(A,B) :- no34(A,C), \+all34(C,B) 0.0726392251816 (2.0, 13.0, 104.0, 1.0) 0.508474576271 [ACCEPT]
[LVL9] rsome34(A,B) :- no34(A,C), \+all34(B,C) 0.0677966101695 (2.0, 14.0, 103.0, 1.0) 0.508474576271 [ACCEPT]
[LVL9] rsome34(A,B) :- no34(A,C), \+some34(B,C) 0.0726392251816 (2.0, 13.0, 104.0, 1.0) 0.508474576271 [ACCEPT]
[LVL9] rsome34(A,B) :- no34(A,C), \+no34(C,B) 0.0726392251816 (2.0, 13.0, 104.0, 1.0) 0.508474576271 [ACCEPT]
[LVL9] rsome34(A,B) :- no34(A,C), \+no34(B,C) 0.0726392251816 (2.0, 13.0, 104.0, 1.0) 0.508474576271 [ACCEPT]
[LVL9] rsome34(A,B) :- no34(A,C), \+somenot34(C,B) 0.0726392251816 (2.0, 13.0, 104.0, 1.0) 0.508474576271 [ACCEPT]
[LVL9] rsome34(A,B) :- no34(A,C), \+somenot34(B,C) 0.0726392251816 (2.0, 13.0, 104.0, 1.0) 0.508474576271 [ACCEPT]
[LVL9] rsome34(A,B) :- somenot34(A,C), all34(B,D) 0.338983050847 (2.0, 2.0, 115.0, 1.0) 0.508474576271 [ACCEPT]
[LVL9] rsome34(A,B) :- somenot34(A,C), all34(D,C) 0.338983050847 (2.0, 2.0, 115.0, 1.0) 0.508474576271 [ACCEPT]
[LVL9] rsome34(A,B) :- somenot34(A,C), \+all34(C,B) 0.0726392251816 (2.0, 13.0, 104.0, 1.0) 0.508474576271 [ACCEPT]
[LVL9] rsome34(A,B) :- somenot34(A,C), \+some34(C,B) 0.0726392251816 (2.0, 13.0, 104.0, 1.0) 0.508474576271 [ACCEPT]
[LVL9] rsome34(A,B) :- somenot34(A,C), \+some34(B,C) 0.0726392251816 (2.0, 13.0, 104.0, 1.0) 0.508474576271 [ACCEPT]
[LVL9] rsome34(A,B) :- somenot34(A,C), \+no34(C,B) 0.0726392251816 (2.0, 13.0, 104.0, 1.0) 0.508474576271 [ACCEPT]
[LVL9] rsome34(A,B) :- somenot34(A,C), \+no34(B,C) 0.0726392251816 (2.0, 13.0, 104.0, 1.0) 0.508474576271 [ACCEPT]
[LVL9] rsome34(A,B) :- somenot34(A,C), \+somenot34(C,B) 0.0677966101695 (2.0, 14.0, 103.0, 1.0) 0.508474576271 [ACCEPT]
[LVL9] rsome34(A,B) :- somenot34(A,C), \+somenot34(B,C) 0.0726392251816 (2.0, 13.0, 104.0, 1.0) 0.508474576271 [ACCEPT]
[DEBUG] Best rule so far: rsome34(A,B) :- some34(C,B), no34(A,C) [0.338983050847]
[DEBUG] Candidates for iteration 3:
[DEBUG] ==================================
[DEBUG] rsome34(A,B) :- some34(C,B), no34(A,C) 0.338983050847
[DEBUG] rsome34(A,B) :- some34(C,B), no34(A,D) 0.338983050847
[DEBUG] rsome34(A,B) :- some34(C,B), no34(D,C) 0.338983050847
[DEBUG] rsome34(A,B) :- all34(B,C), somenot34(A,C) 0.338983050847
[DEBUG] rsome34(A,B) :- all34(B,C), somenot34(A,D) 0.338983050847
[DEBUG] rsome34(A,B) :- all34(B,C), somenot34(D,C) 0.338983050847
[DEBUG] rsome34(A,B) :- no34(A,C), some34(C,D) 0.338983050847
[DEBUG] rsome34(A,B) :- no34(A,C), some34(D,B) 0.338983050847
[DEBUG] rsome34(A,B) :- somenot34(A,C), all34(B,D) 0.338983050847
[DEBUG] rsome34(A,B) :- somenot34(A,C), all34(D,C) 0.338983050847
[DEBUG] rsome34(A,B) :- some34(C,B), \+all34(A,C) 0.0847457627119
[DEBUG] rsome34(A,B) :- some34(C,B), \+some34(C,A) 0.0847457627119
[DEBUG] rsome34(A,B) :- some34(C,B), \+no34(C,A) 0.0847457627119
[DEBUG] rsome34(A,B) :- some34(C,B), \+somenot34(A,C) 0.0847457627119
[DEBUG] rsome34(A,B) :- some34(C,B), \+somenot34(C,A) 0.0847457627119
[DEBUG] rsome34(A,B) :- some34(C,B), \+some34(A,C) 0.0782268578879
[DEBUG] rsome34(A,B) :- all34(B,C), \+all34(A,C) 0.0726392251816
[DEBUG] rsome34(A,B) :- all34(B,C), \+all34(C,A) 0.0726392251816
[DEBUG] rsome34(A,B) :- all34(B,C), \+some34(A,C) 0.0726392251816
[DEBUG] rsome34(A,B) :- all34(B,C), \+some34(C,A) 0.0726392251816
[DEBUG] rsome34(A,B) :- all34(B,C), \+no34(C,A) 0.0726392251816
[DEBUG] rsome34(A,B) :- all34(B,C), \+somenot34(C,A) 0.0726392251816
[DEBUG] rsome34(A,B) :- no34(A,C), \+all34(C,B) 0.0726392251816
[DEBUG] rsome34(A,B) :- no34(A,C), \+some34(B,C) 0.0726392251816
[DEBUG] rsome34(A,B) :- no34(A,C), \+no34(C,B) 0.0726392251816
[DEBUG] rsome34(A,B) :- no34(A,C), \+no34(B,C) 0.0726392251816
[DEBUG] rsome34(A,B) :- no34(A,C), \+somenot34(C,B) 0.0726392251816
[DEBUG] rsome34(A,B) :- no34(A,C), \+somenot34(B,C) 0.0726392251816
[DEBUG] rsome34(A,B) :- somenot34(A,C), \+all34(C,B) 0.0726392251816
[DEBUG] rsome34(A,B) :- somenot34(A,C), \+some34(C,B) 0.0726392251816
[DEBUG] rsome34(A,B) :- somenot34(A,C), \+some34(B,C) 0.0726392251816
[DEBUG] rsome34(A,B) :- somenot34(A,C), \+no34(C,B) 0.0726392251816
[DEBUG] rsome34(A,B) :- somenot34(A,C), \+no34(B,C) 0.0726392251816
[DEBUG] rsome34(A,B) :- somenot34(A,C), \+somenot34(B,C) 0.0726392251816
[DEBUG] rsome34(A,B) :- all34(B,C), \+no34(A,C) 0.0677966101695
[DEBUG] rsome34(A,B) :- no34(A,C), \+all34(B,C) 0.0677966101695
[DEBUG] rsome34(A,B) :- somenot34(A,C), \+somenot34(C,B) 0.0677966101695
[DEBUG] ==================================
[INFO] RULE LEARNED: rsome34(A,B) :- some34(C,B), no34(A,C) 0.975
