[LVL9] Output level: 9
[INFO] Random seed: 0.867847605563
[INFO] Computing scores: 0.1138s
[INFO] Number of examples (M): 122
[INFO] Positive weight (P): 3.0000
[INFO] Negative weight (N): 119.0000
[DEBUG] Best rule so far: rall13(A,B) :- true [0.0245901639344]
[DEBUG] Candidates for iteration 1:
[DEBUG] ==================================
[DEBUG] rall13(A,B) :- true 0.0245901639344
[DEBUG] ==================================
[LVL9] rall13(A,B) :- all13(A,C) 0.0602700096432 (1.0, 15.0, 104.0, 2.0) 0.512295081967 [ACCEPT]
[LVL9] BETTER RULE rall13(A,B) :- all13(A,C) (0.06027000964320154, 1.0) > (0.02459016393442623, 3.0)
[LVL9] rall13(A,B) :- all13(B,C) 0.119093539055 (2.0, 14.0, 105.0, 1.0) 0.674863387978 [ACCEPT]
[LVL9] BETTER RULE rall13(A,B) :- all13(B,C) (0.11909353905496625, 2.0) > (0.06027000964320154, 1.0)
[LVL9] rall13(A,B) :- all13(C,B) 0.0602700096432 (1.0, 15.0, 104.0, 2.0) 0.512295081967 [ACCEPT]
[LVL9] rall13(A,B) :- no13(A,C) 0.0640368852459 (1.0, 14.0, 105.0, 2.0) 0.512295081967 [ACCEPT]
[LVL9] rall13(A,B) :- no13(C,A) 0.0602700096432 (1.0, 15.0, 104.0, 2.0) 0.512295081967 [ACCEPT]
[DEBUG] Best rule so far: rall13(A,B) :- all13(B,C) [0.119093539055]
[DEBUG] Candidates for iteration 2:
[DEBUG] ==================================
[DEBUG] rall13(A,B) :- all13(B,C) 0.119093539055
[DEBUG] rall13(A,B) :- no13(A,C) 0.0640368852459
[DEBUG] rall13(A,B) :- all13(A,C) 0.0602700096432
[DEBUG] rall13(A,B) :- all13(C,B) 0.0602700096432
[DEBUG] rall13(A,B) :- no13(C,A) 0.0602700096432
[DEBUG] ==================================
[LVL9] rall13(A,B) :- all13(B,C), no13(A,C) 0.341530054645 (1.0, 1.0, 118.0, 2.0) 0.512295081967 [ACCEPT]
[LVL9] BETTER RULE rall13(A,B) :- all13(B,C), no13(A,C) (0.34153005464480873, 1.0) > (0.11909353905496625, 2.0)
[LVL9] rall13(A,B) :- all13(B,C), no13(C,A) 0.341530054645 (1.0, 1.0, 118.0, 2.0) 0.512295081967 [ACCEPT]
[LVL9] rall13(A,B) :- all13(B,C), no13(A,D) 0.341530054645 (1.0, 1.0, 118.0, 2.0) 0.512295081967 [ACCEPT]
[LVL9] rall13(A,B) :- all13(B,C), no13(C,D) 0.341530054645 (1.0, 1.0, 118.0, 2.0) 0.512295081967 [ACCEPT]
[LVL9] rall13(A,B) :- all13(B,C), no13(D,A) 0.341530054645 (1.0, 1.0, 118.0, 2.0) 0.512295081967 [ACCEPT]
[LVL9] rall13(A,B) :- all13(B,C), no13(D,C) 0.341530054645 (1.0, 1.0, 118.0, 2.0) 0.512295081967 [ACCEPT]
[LVL9] rall13(A,B) :- all13(B,C), \+all13(A,C) 0.134972677596 (2.0, 12.0, 107.0, 1.0) 0.674863387978 [ACCEPT]
[LVL9] rall13(A,B) :- all13(B,C), \+all13(C,A) 0.134972677596 (2.0, 12.0, 107.0, 1.0) 0.674863387978 [ACCEPT]
[LVL9] rall13(A,B) :- all13(B,C), \+some13(A,C) 0.134972677596 (2.0, 12.0, 107.0, 1.0) 0.674863387978 [ACCEPT]
[LVL9] rall13(A,B) :- all13(B,C), \+some13(C,A) 0.134972677596 (2.0, 12.0, 107.0, 1.0) 0.674863387978 [ACCEPT]
[LVL9] rall13(A,B) :- all13(B,C), \+no13(A,C) 0.068306010929 (1.0, 13.0, 106.0, 2.0) 0.512295081967 [ACCEPT]
[LVL9] rall13(A,B) :- all13(B,C), \+no13(C,A) 0.068306010929 (1.0, 13.0, 106.0, 2.0) 0.512295081967 [ACCEPT]
[LVL9] rall13(A,B) :- all13(B,C), \+somenot13(A,C) 0.134972677596 (2.0, 12.0, 107.0, 1.0) 0.674863387978 [ACCEPT]
[LVL9] rall13(A,B) :- all13(B,C), \+somenot13(C,A) 0.134972677596 (2.0, 12.0, 107.0, 1.0) 0.674863387978 [ACCEPT]
[LVL9] rall13(A,B) :- no13(A,C), all13(B,D) 0.341530054645 (1.0, 1.0, 118.0, 2.0) 0.512295081967 [ACCEPT]
[LVL9] rall13(A,B) :- no13(A,C), all13(D,C) 0.341530054645 (1.0, 1.0, 118.0, 2.0) 0.512295081967 [ACCEPT]
[LVL9] rall13(A,B) :- no13(A,C), \+all13(C,B) 0.0731850117096 (1.0, 12.0, 107.0, 2.0) 0.512295081967 [ACCEPT]
[LVL9] rall13(A,B) :- no13(A,C), \+some13(C,B) 0.068306010929 (1.0, 13.0, 106.0, 2.0) 0.512295081967 [ACCEPT]
[LVL9] rall13(A,B) :- no13(A,C), \+some13(B,C) 0.0731850117096 (1.0, 12.0, 107.0, 2.0) 0.512295081967 [ACCEPT]
[LVL9] rall13(A,B) :- no13(A,C), \+no13(C,B) 0.0731850117096 (1.0, 12.0, 107.0, 2.0) 0.512295081967 [ACCEPT]
[LVL9] rall13(A,B) :- no13(A,C), \+no13(B,C) 0.0731850117096 (1.0, 12.0, 107.0, 2.0) 0.512295081967 [ACCEPT]
[LVL9] rall13(A,B) :- no13(A,C), \+somenot13(C,B) 0.0731850117096 (1.0, 12.0, 107.0, 2.0) 0.512295081967 [ACCEPT]
[LVL9] rall13(A,B) :- no13(A,C), \+somenot13(B,C) 0.0731850117096 (1.0, 12.0, 107.0, 2.0) 0.512295081967 [ACCEPT]
[LVL9] rall13(A,B) :- all13(A,C), all13(C,B) 0.341530054645 (1.0, 1.0, 118.0, 2.0) 0.512295081967 [ACCEPT]
[LVL9] rall13(A,B) :- all13(A,C), all13(C,D) 0.341530054645 (1.0, 1.0, 118.0, 2.0) 0.512295081967 [ACCEPT]
[LVL9] rall13(A,B) :- all13(A,C), all13(D,B) 0.341530054645 (1.0, 1.0, 118.0, 2.0) 0.512295081967 [ACCEPT]
[LVL9] rall13(A,B) :- all13(A,C), \+all13(B,C) 0.068306010929 (1.0, 13.0, 106.0, 2.0) 0.512295081967 [ACCEPT]
[LVL9] rall13(A,B) :- all13(A,C), \+some13(C,B) 0.068306010929 (1.0, 13.0, 106.0, 2.0) 0.512295081967 [ACCEPT]
[LVL9] rall13(A,B) :- all13(A,C), \+some13(B,C) 0.068306010929 (1.0, 13.0, 106.0, 2.0) 0.512295081967 [ACCEPT]
[LVL9] rall13(A,B) :- all13(A,C), \+no13(C,B) 0.068306010929 (1.0, 13.0, 106.0, 2.0) 0.512295081967 [ACCEPT]
[LVL9] rall13(A,B) :- all13(A,C), \+no13(B,C) 0.068306010929 (1.0, 13.0, 106.0, 2.0) 0.512295081967 [ACCEPT]
[LVL9] rall13(A,B) :- all13(A,C), \+somenot13(C,B) 0.068306010929 (1.0, 13.0, 106.0, 2.0) 0.512295081967 [ACCEPT]
[LVL9] rall13(A,B) :- all13(A,C), \+somenot13(B,C) 0.068306010929 (1.0, 13.0, 106.0, 2.0) 0.512295081967 [ACCEPT]
[LVL9] rall13(A,B) :- all13(C,B), all13(A,D) 0.341530054645 (1.0, 1.0, 118.0, 2.0) 0.512295081967 [ACCEPT]
[LVL9] rall13(A,B) :- all13(C,B), all13(D,C) 0.341530054645 (1.0, 1.0, 118.0, 2.0) 0.512295081967 [ACCEPT]
[LVL9] rall13(A,B) :- all13(C,B), \+all13(C,A) 0.068306010929 (1.0, 13.0, 106.0, 2.0) 0.512295081967 [ACCEPT]
[LVL9] rall13(A,B) :- all13(C,B), \+some13(A,C) 0.068306010929 (1.0, 13.0, 106.0, 2.0) 0.512295081967 [ACCEPT]
[LVL9] rall13(A,B) :- all13(C,B), \+some13(C,A) 0.068306010929 (1.0, 13.0, 106.0, 2.0) 0.512295081967 [ACCEPT]
[LVL9] rall13(A,B) :- all13(C,B), \+no13(A,C) 0.068306010929 (1.0, 13.0, 106.0, 2.0) 0.512295081967 [ACCEPT]
[LVL9] rall13(A,B) :- all13(C,B), \+no13(C,A) 0.068306010929 (1.0, 13.0, 106.0, 2.0) 0.512295081967 [ACCEPT]
[LVL9] rall13(A,B) :- all13(C,B), \+somenot13(A,C) 0.068306010929 (1.0, 13.0, 106.0, 2.0) 0.512295081967 [ACCEPT]
[LVL9] rall13(A,B) :- all13(C,B), \+somenot13(C,A) 0.068306010929 (1.0, 13.0, 106.0, 2.0) 0.512295081967 [ACCEPT]
[LVL9] rall13(A,B) :- no13(C,A), all13(B,D) 0.341530054645 (1.0, 1.0, 118.0, 2.0) 0.512295081967 [ACCEPT]
[LVL9] rall13(A,B) :- no13(C,A), all13(D,C) 0.341530054645 (1.0, 1.0, 118.0, 2.0) 0.512295081967 [ACCEPT]
[LVL9] rall13(A,B) :- no13(C,A), \+all13(C,B) 0.068306010929 (1.0, 13.0, 106.0, 2.0) 0.512295081967 [ACCEPT]
[LVL9] rall13(A,B) :- no13(C,A), \+some13(C,B) 0.068306010929 (1.0, 13.0, 106.0, 2.0) 0.512295081967 [ACCEPT]
[LVL9] rall13(A,B) :- no13(C,A), \+some13(B,C) 0.068306010929 (1.0, 13.0, 106.0, 2.0) 0.512295081967 [ACCEPT]
[LVL9] rall13(A,B) :- no13(C,A), \+no13(C,B) 0.068306010929 (1.0, 13.0, 106.0, 2.0) 0.512295081967 [ACCEPT]
[LVL9] rall13(A,B) :- no13(C,A), \+no13(B,C) 0.068306010929 (1.0, 13.0, 106.0, 2.0) 0.512295081967 [ACCEPT]
[LVL9] rall13(A,B) :- no13(C,A), \+somenot13(C,B) 0.068306010929 (1.0, 13.0, 106.0, 2.0) 0.512295081967 [ACCEPT]
[LVL9] rall13(A,B) :- no13(C,A), \+somenot13(B,C) 0.068306010929 (1.0, 13.0, 106.0, 2.0) 0.512295081967 [ACCEPT]
[DEBUG] Best rule so far: rall13(A,B) :- all13(B,C), no13(A,C) [0.341530054645]
[DEBUG] Candidates for iteration 3:
[DEBUG] ==================================
[DEBUG] rall13(A,B) :- all13(B,C), no13(A,C) 0.341530054645
[DEBUG] rall13(A,B) :- all13(B,C), no13(C,A) 0.341530054645
[DEBUG] rall13(A,B) :- all13(B,C), no13(A,D) 0.341530054645
[DEBUG] rall13(A,B) :- all13(B,C), no13(C,D) 0.341530054645
[DEBUG] rall13(A,B) :- all13(B,C), no13(D,A) 0.341530054645
[DEBUG] rall13(A,B) :- all13(B,C), no13(D,C) 0.341530054645
[DEBUG] rall13(A,B) :- no13(A,C), all13(B,D) 0.341530054645
[DEBUG] rall13(A,B) :- no13(A,C), all13(D,C) 0.341530054645
[DEBUG] rall13(A,B) :- all13(A,C), all13(C,B) 0.341530054645
[DEBUG] rall13(A,B) :- all13(A,C), all13(C,D) 0.341530054645
[DEBUG] rall13(A,B) :- all13(A,C), all13(D,B) 0.341530054645
[DEBUG] rall13(A,B) :- all13(C,B), all13(A,D) 0.341530054645
[DEBUG] rall13(A,B) :- all13(C,B), all13(D,C) 0.341530054645
[DEBUG] rall13(A,B) :- no13(C,A), all13(B,D) 0.341530054645
[DEBUG] rall13(A,B) :- no13(C,A), all13(D,C) 0.341530054645
[DEBUG] rall13(A,B) :- all13(B,C), \+all13(A,C) 0.134972677596
[DEBUG] rall13(A,B) :- all13(B,C), \+all13(C,A) 0.134972677596
[DEBUG] rall13(A,B) :- all13(B,C), \+some13(A,C) 0.134972677596
[DEBUG] rall13(A,B) :- all13(B,C), \+some13(C,A) 0.134972677596
[DEBUG] rall13(A,B) :- all13(B,C), \+somenot13(A,C) 0.134972677596
[DEBUG] rall13(A,B) :- all13(B,C), \+somenot13(C,A) 0.134972677596
[DEBUG] rall13(A,B) :- no13(A,C), \+all13(C,B) 0.0731850117096
[DEBUG] rall13(A,B) :- no13(A,C), \+some13(B,C) 0.0731850117096
[DEBUG] rall13(A,B) :- no13(A,C), \+no13(C,B) 0.0731850117096
[DEBUG] rall13(A,B) :- no13(A,C), \+no13(B,C) 0.0731850117096
[DEBUG] rall13(A,B) :- no13(A,C), \+somenot13(C,B) 0.0731850117096
[DEBUG] rall13(A,B) :- no13(A,C), \+somenot13(B,C) 0.0731850117096
[DEBUG] rall13(A,B) :- all13(B,C), \+no13(A,C) 0.068306010929
[DEBUG] rall13(A,B) :- all13(B,C), \+no13(C,A) 0.068306010929
[DEBUG] rall13(A,B) :- no13(A,C), \+some13(C,B) 0.068306010929
[DEBUG] rall13(A,B) :- all13(A,C), \+all13(B,C) 0.068306010929
[DEBUG] rall13(A,B) :- all13(A,C), \+some13(C,B) 0.068306010929
[DEBUG] rall13(A,B) :- all13(A,C), \+some13(B,C) 0.068306010929
[DEBUG] rall13(A,B) :- all13(A,C), \+no13(C,B) 0.068306010929
[DEBUG] rall13(A,B) :- all13(A,C), \+no13(B,C) 0.068306010929
[DEBUG] rall13(A,B) :- all13(A,C), \+somenot13(C,B) 0.068306010929
[DEBUG] rall13(A,B) :- all13(A,C), \+somenot13(B,C) 0.068306010929
[DEBUG] rall13(A,B) :- all13(C,B), \+all13(C,A) 0.068306010929
[DEBUG] rall13(A,B) :- all13(C,B), \+some13(A,C) 0.068306010929
[DEBUG] rall13(A,B) :- all13(C,B), \+some13(C,A) 0.068306010929
[DEBUG] rall13(A,B) :- all13(C,B), \+no13(A,C) 0.068306010929
[DEBUG] rall13(A,B) :- all13(C,B), \+no13(C,A) 0.068306010929
[DEBUG] rall13(A,B) :- all13(C,B), \+somenot13(A,C) 0.068306010929
[DEBUG] rall13(A,B) :- all13(C,B), \+somenot13(C,A) 0.068306010929
[DEBUG] rall13(A,B) :- no13(C,A), \+all13(C,B) 0.068306010929
[DEBUG] rall13(A,B) :- no13(C,A), \+some13(C,B) 0.068306010929
[DEBUG] rall13(A,B) :- no13(C,A), \+some13(B,C) 0.068306010929
[DEBUG] rall13(A,B) :- no13(C,A), \+no13(C,B) 0.068306010929
[DEBUG] rall13(A,B) :- no13(C,A), \+no13(B,C) 0.068306010929
[DEBUG] rall13(A,B) :- no13(C,A), \+somenot13(C,B) 0.068306010929
[DEBUG] rall13(A,B) :- no13(C,A), \+somenot13(B,C) 0.068306010929
[DEBUG] ==================================
[INFO] RULE LEARNED: rall13(A,B) :- all13(B,C), no13(A,C) 0.975409836066
[DEBUG] Best rule so far: rall13(A,B) :- true [0.0166666666667]
[DEBUG] Candidates for iteration 1:
[DEBUG] ==================================
[DEBUG] rall13(A,B) :- true 0.0166666666667
[DEBUG] ==================================
[LVL9] rall13(A,B) :- all13(A,C) 0.0598039215686 (2.0, 16.0, 103.0, 1.0) 0.508333333333 [ACCEPT]
[LVL9] BETTER RULE rall13(A,B) :- all13(A,C) (0.05980392156862745, 2.0) > (0.016666666666666666, 3.0)
[LVL9] rall13(A,B) :- all13(B,C) 0.0677777777778 (2.0, 14.0, 105.0, 1.0) 0.508333333333 [ACCEPT]
[LVL9] BETTER RULE rall13(A,B) :- all13(B,C) (0.06777777777777777, 2.0) > (0.05980392156862745, 2.0)
[LVL9] rall13(A,B) :- all13(C,B) 0.0598039215686 (2.0, 16.0, 103.0, 1.0) 0.508333333333 [ACCEPT]
[LVL9] rall13(A,B) :- no13(C,A) 0.0598039215686 (2.0, 16.0, 103.0, 1.0) 0.508333333333 [ACCEPT]
[DEBUG] Best rule so far: rall13(A,B) :- all13(B,C) [0.0677777777778]
[DEBUG] Candidates for iteration 2:
[DEBUG] ==================================
[DEBUG] rall13(A,B) :- all13(B,C) 0.0677777777778
[DEBUG] rall13(A,B) :- all13(A,C) 0.0598039215686
[DEBUG] rall13(A,B) :- all13(C,B) 0.0598039215686
[DEBUG] rall13(A,B) :- no13(C,A) 0.0598039215686
[DEBUG] ==================================
[LVL9] rall13(A,B) :- all13(B,C), no13(C,A) 0.338888888889 (2.0, 2.0, 117.0, 1.0) 0.508333333333 [ACCEPT]
[LVL9] BETTER RULE rall13(A,B) :- all13(B,C), no13(C,A) (0.33888888888888885, 2.0) > (0.06777777777777777, 2.0)
[LVL9] rall13(A,B) :- all13(B,C), no13(C,D) 0.338888888889 (2.0, 2.0, 117.0, 1.0) 0.508333333333 [ACCEPT]
[LVL9] rall13(A,B) :- all13(B,C), no13(D,A) 0.338888888889 (2.0, 2.0, 117.0, 1.0) 0.508333333333 [ACCEPT]
[LVL9] rall13(A,B) :- all13(B,C), \+all13(A,C) 0.0782051282051 (2.0, 12.0, 107.0, 1.0) 0.508333333333 [ACCEPT]
[LVL9] rall13(A,B) :- all13(B,C), \+all13(C,A) 0.0782051282051 (2.0, 12.0, 107.0, 1.0) 0.508333333333 [ACCEPT]
[LVL9] rall13(A,B) :- all13(B,C), \+some13(A,C) 0.0782051282051 (2.0, 12.0, 107.0, 1.0) 0.508333333333 [ACCEPT]
[LVL9] rall13(A,B) :- all13(B,C), \+some13(C,A) 0.0782051282051 (2.0, 12.0, 107.0, 1.0) 0.508333333333 [ACCEPT]
[LVL9] rall13(A,B) :- all13(B,C), \+somenot13(A,C) 0.0782051282051 (2.0, 12.0, 107.0, 1.0) 0.508333333333 [ACCEPT]
[LVL9] rall13(A,B) :- all13(B,C), \+somenot13(C,A) 0.0782051282051 (2.0, 12.0, 107.0, 1.0) 0.508333333333 [ACCEPT]
[LVL9] rall13(A,B) :- all13(A,C), all13(C,B) 0.338888888889 (2.0, 2.0, 117.0, 1.0) 0.508333333333 [ACCEPT]
[LVL9] rall13(A,B) :- all13(A,C), all13(C,D) 0.338888888889 (2.0, 2.0, 117.0, 1.0) 0.508333333333 [ACCEPT]
[LVL9] rall13(A,B) :- all13(A,C), all13(D,B) 0.338888888889 (2.0, 2.0, 117.0, 1.0) 0.508333333333 [ACCEPT]
[LVL9] rall13(A,B) :- all13(A,C), \+all13(B,C) 0.0677777777778 (2.0, 14.0, 105.0, 1.0) 0.508333333333 [ACCEPT]
[LVL9] rall13(A,B) :- all13(A,C), \+some13(C,B) 0.0677777777778 (2.0, 14.0, 105.0, 1.0) 0.508333333333 [ACCEPT]
[LVL9] rall13(A,B) :- all13(A,C), \+some13(B,C) 0.0677777777778 (2.0, 14.0, 105.0, 1.0) 0.508333333333 [ACCEPT]
[LVL9] rall13(A,B) :- all13(A,C), \+no13(C,B) 0.0677777777778 (2.0, 14.0, 105.0, 1.0) 0.508333333333 [ACCEPT]
[LVL9] rall13(A,B) :- all13(A,C), \+no13(B,C) 0.0677777777778 (2.0, 14.0, 105.0, 1.0) 0.508333333333 [ACCEPT]
[LVL9] rall13(A,B) :- all13(A,C), \+somenot13(C,B) 0.0677777777778 (2.0, 14.0, 105.0, 1.0) 0.508333333333 [ACCEPT]
[LVL9] rall13(A,B) :- all13(A,C), \+somenot13(B,C) 0.0677777777778 (2.0, 14.0, 105.0, 1.0) 0.508333333333 [ACCEPT]
[LVL9] rall13(A,B) :- all13(C,B), all13(A,D) 0.338888888889 (2.0, 2.0, 117.0, 1.0) 0.508333333333 [ACCEPT]
[LVL9] rall13(A,B) :- all13(C,B), all13(D,C) 0.338888888889 (2.0, 2.0, 117.0, 1.0) 0.508333333333 [ACCEPT]
[LVL9] rall13(A,B) :- all13(C,B), \+all13(C,A) 0.0677777777778 (2.0, 14.0, 105.0, 1.0) 0.508333333333 [ACCEPT]
[LVL9] rall13(A,B) :- all13(C,B), \+some13(A,C) 0.0677777777778 (2.0, 14.0, 105.0, 1.0) 0.508333333333 [ACCEPT]
[LVL9] rall13(A,B) :- all13(C,B), \+some13(C,A) 0.0677777777778 (2.0, 14.0, 105.0, 1.0) 0.508333333333 [ACCEPT]
[LVL9] rall13(A,B) :- all13(C,B), \+no13(A,C) 0.0677777777778 (2.0, 14.0, 105.0, 1.0) 0.508333333333 [ACCEPT]
[LVL9] rall13(A,B) :- all13(C,B), \+no13(C,A) 0.0677777777778 (2.0, 14.0, 105.0, 1.0) 0.508333333333 [ACCEPT]
[LVL9] rall13(A,B) :- all13(C,B), \+somenot13(A,C) 0.0677777777778 (2.0, 14.0, 105.0, 1.0) 0.508333333333 [ACCEPT]
[LVL9] rall13(A,B) :- all13(C,B), \+somenot13(C,A) 0.0677777777778 (2.0, 14.0, 105.0, 1.0) 0.508333333333 [ACCEPT]
[LVL9] rall13(A,B) :- no13(C,A), all13(B,D) 0.338888888889 (2.0, 2.0, 117.0, 1.0) 0.508333333333 [ACCEPT]
[LVL9] rall13(A,B) :- no13(C,A), all13(D,C) 0.338888888889 (2.0, 2.0, 117.0, 1.0) 0.508333333333 [ACCEPT]
[LVL9] rall13(A,B) :- no13(C,A), \+all13(C,B) 0.0677777777778 (2.0, 14.0, 105.0, 1.0) 0.508333333333 [ACCEPT]
[LVL9] rall13(A,B) :- no13(C,A), \+some13(C,B) 0.0677777777778 (2.0, 14.0, 105.0, 1.0) 0.508333333333 [ACCEPT]
[LVL9] rall13(A,B) :- no13(C,A), \+some13(B,C) 0.0677777777778 (2.0, 14.0, 105.0, 1.0) 0.508333333333 [ACCEPT]
[LVL9] rall13(A,B) :- no13(C,A), \+no13(C,B) 0.0677777777778 (2.0, 14.0, 105.0, 1.0) 0.508333333333 [ACCEPT]
[LVL9] rall13(A,B) :- no13(C,A), \+no13(B,C) 0.0677777777778 (2.0, 14.0, 105.0, 1.0) 0.508333333333 [ACCEPT]
[LVL9] rall13(A,B) :- no13(C,A), \+somenot13(C,B) 0.0677777777778 (2.0, 14.0, 105.0, 1.0) 0.508333333333 [ACCEPT]
[LVL9] rall13(A,B) :- no13(C,A), \+somenot13(B,C) 0.0677777777778 (2.0, 14.0, 105.0, 1.0) 0.508333333333 [ACCEPT]
[DEBUG] Best rule so far: rall13(A,B) :- all13(B,C), no13(C,A) [0.338888888889]
[DEBUG] Candidates for iteration 3:
[DEBUG] ==================================
[DEBUG] rall13(A,B) :- all13(B,C), no13(C,A) 0.338888888889
[DEBUG] rall13(A,B) :- all13(B,C), no13(C,D) 0.338888888889
[DEBUG] rall13(A,B) :- all13(B,C), no13(D,A) 0.338888888889
[DEBUG] rall13(A,B) :- all13(A,C), all13(C,B) 0.338888888889
[DEBUG] rall13(A,B) :- all13(A,C), all13(C,D) 0.338888888889
[DEBUG] rall13(A,B) :- all13(A,C), all13(D,B) 0.338888888889
[DEBUG] rall13(A,B) :- all13(C,B), all13(A,D) 0.338888888889
[DEBUG] rall13(A,B) :- all13(C,B), all13(D,C) 0.338888888889
[DEBUG] rall13(A,B) :- no13(C,A), all13(B,D) 0.338888888889
[DEBUG] rall13(A,B) :- no13(C,A), all13(D,C) 0.338888888889
[DEBUG] rall13(A,B) :- all13(B,C), \+all13(A,C) 0.0782051282051
[DEBUG] rall13(A,B) :- all13(B,C), \+all13(C,A) 0.0782051282051
[DEBUG] rall13(A,B) :- all13(B,C), \+some13(A,C) 0.0782051282051
[DEBUG] rall13(A,B) :- all13(B,C), \+some13(C,A) 0.0782051282051
[DEBUG] rall13(A,B) :- all13(B,C), \+somenot13(A,C) 0.0782051282051
[DEBUG] rall13(A,B) :- all13(B,C), \+somenot13(C,A) 0.0782051282051
[DEBUG] rall13(A,B) :- all13(A,C), \+all13(B,C) 0.0677777777778
[DEBUG] rall13(A,B) :- all13(A,C), \+some13(C,B) 0.0677777777778
[DEBUG] rall13(A,B) :- all13(A,C), \+some13(B,C) 0.0677777777778
[DEBUG] rall13(A,B) :- all13(A,C), \+no13(C,B) 0.0677777777778
[DEBUG] rall13(A,B) :- all13(A,C), \+no13(B,C) 0.0677777777778
[DEBUG] rall13(A,B) :- all13(A,C), \+somenot13(C,B) 0.0677777777778
[DEBUG] rall13(A,B) :- all13(A,C), \+somenot13(B,C) 0.0677777777778
[DEBUG] rall13(A,B) :- all13(C,B), \+all13(C,A) 0.0677777777778
[DEBUG] rall13(A,B) :- all13(C,B), \+some13(A,C) 0.0677777777778
[DEBUG] rall13(A,B) :- all13(C,B), \+some13(C,A) 0.0677777777778
[DEBUG] rall13(A,B) :- all13(C,B), \+no13(A,C) 0.0677777777778
[DEBUG] rall13(A,B) :- all13(C,B), \+no13(C,A) 0.0677777777778
[DEBUG] rall13(A,B) :- all13(C,B), \+somenot13(A,C) 0.0677777777778
[DEBUG] rall13(A,B) :- all13(C,B), \+somenot13(C,A) 0.0677777777778
[DEBUG] rall13(A,B) :- no13(C,A), \+all13(C,B) 0.0677777777778
[DEBUG] rall13(A,B) :- no13(C,A), \+some13(C,B) 0.0677777777778
[DEBUG] rall13(A,B) :- no13(C,A), \+some13(B,C) 0.0677777777778
[DEBUG] rall13(A,B) :- no13(C,A), \+no13(C,B) 0.0677777777778
[DEBUG] rall13(A,B) :- no13(C,A), \+no13(B,C) 0.0677777777778
[DEBUG] rall13(A,B) :- no13(C,A), \+somenot13(C,B) 0.0677777777778
[DEBUG] rall13(A,B) :- no13(C,A), \+somenot13(B,C) 0.0677777777778
[DEBUG] ==================================
[INFO] RULE LEARNED: rall13(A,B) :- all13(B,C), no13(C,A) 0.975409836066
