[LVL9] Output level: 9
[INFO] Random seed: 0.409372968348
[INFO] Computing scores: 0.1128s
[INFO] Number of examples (M): 120
[INFO] Positive weight (P): 11.0000
[INFO] Negative weight (N): 109.0000
[DEBUG] Best rule so far: rsome3(A,B) :- true [0.0916666666667]
[DEBUG] Candidates for iteration 1:
[DEBUG] ==================================
[DEBUG] rsome3(A,B) :- true 0.0916666666667
[DEBUG] ==================================
[LVL9] rsome3(A,B) :- all3(A,C) 0.0 (1.0, 13.0, 96.0, 10.0) 0.545833333333 [ACCEPT]
[LVL9] rsome3(A,B) :- all3(B,C) 0.139444444444 (2.0, 12.0, 97.0, 9.0) 0.697222222222 [ACCEPT]
[LVL9] BETTER RULE rsome3(A,B) :- all3(B,C) (0.13944444444444445, 2.0) > (0.09166666666666667, 11.0)
[LVL9] rsome3(A,B) :- all3(C,A) 0.272777777778 (4.0, 10.0, 99.0, 7.0) 0.818333333333 [ACCEPT]
[LVL9] BETTER RULE rsome3(A,B) :- all3(C,A) (0.2727777777777778, 4.0) > (0.13944444444444445, 2.0)
[LVL9] rsome3(A,B) :- all3(C,B) 0.206111111111 (3.0, 11.0, 98.0, 8.0) 0.772916666667 [ACCEPT]
[LVL9] rsome3(A,B) :- some3(A,C) 0.0 (1.0, 15.0, 94.0, 10.0) 0.545833333333 [ACCEPT]
[LVL9] rsome3(A,B) :- some3(B,C) 0.0 (1.0, 15.0, 94.0, 10.0) 0.545833333333 [ACCEPT]
[LVL9] rsome3(A,B) :- some3(C,A) 0.0 (1.0, 13.0, 96.0, 10.0) 0.545833333333 [ACCEPT]
[LVL9] rsome3(A,B) :- some3(C,B) 0.0 (1.0, 13.0, 96.0, 10.0) 0.545833333333 [ACCEPT]
[LVL9] rsome3(A,B) :- no3(B,C) 0.0 (1.0, 14.0, 95.0, 10.0) 0.545833333333 [ACCEPT]
[LVL9] rsome3(A,B) :- no3(C,A) 0.0 (1.0, 15.0, 94.0, 10.0) 0.545833333333 [ACCEPT]
[LVL9] rsome3(A,B) :- no3(C,B) 0.0 (1.0, 15.0, 94.0, 10.0) 0.545833333333 [ACCEPT]
[LVL9] rsome3(A,B) :- somenot3(A,C) 0.0 (1.0, 15.0, 94.0, 10.0) 0.545833333333 [ACCEPT]
[LVL9] rsome3(A,B) :- somenot3(B,C) 0.0 (1.0, 15.0, 94.0, 10.0) 0.545833333333 [ACCEPT]
[LVL9] rsome3(A,B) :- somenot3(C,A) 0.130729166667 (2.0, 13.0, 96.0, 9.0) 0.697222222222 [ACCEPT]
[LVL9] rsome3(A,B) :- somenot3(C,B) 0.0 (1.0, 14.0, 95.0, 10.0) 0.545833333333 [ACCEPT]
[DEBUG] Best rule so far: rsome3(A,B) :- all3(C,A) [0.272777777778]
[DEBUG] Candidates for iteration 2:
[DEBUG] ==================================
[DEBUG] rsome3(A,B) :- all3(C,A) 0.272777777778
[DEBUG] rsome3(A,B) :- all3(C,B) 0.206111111111
[DEBUG] rsome3(A,B) :- all3(B,C) 0.139444444444
[DEBUG] rsome3(A,B) :- somenot3(C,A) 0.130729166667
[DEBUG] rsome3(A,B) :- all3(A,C) 0.0
[DEBUG] rsome3(A,B) :- some3(A,C) 0.0
[DEBUG] rsome3(A,B) :- some3(B,C) 0.0
[DEBUG] rsome3(A,B) :- some3(C,A) 0.0
[DEBUG] rsome3(A,B) :- some3(C,B) 0.0
[DEBUG] rsome3(A,B) :- no3(B,C) 0.0
[DEBUG] rsome3(A,B) :- no3(C,A) 0.0
[DEBUG] rsome3(A,B) :- no3(C,B) 0.0
[DEBUG] rsome3(A,B) :- somenot3(A,C) 0.0
[DEBUG] rsome3(A,B) :- somenot3(B,C) 0.0
[DEBUG] rsome3(A,B) :- somenot3(C,B) 0.0
[DEBUG] ==================================
[LVL9] rsome3(A,B) :- all3(C,A), all3(C,B) 0.363888888889 (1.0, 1.0, 108.0, 10.0) 0.545833333333 [ACCEPT]
[LVL9] BETTER RULE rsome3(A,B) :- all3(C,A), all3(C,B) (0.3638888888888889, 1.0) > (0.2727777777777778, 4.0)
[LVL9] rsome3(A,B) :- all3(C,A), all3(B,C) 0.363888888889 (1.0, 1.0, 108.0, 10.0) 0.545833333333 [ACCEPT]
[LVL9] rsome3(A,B) :- all3(C,A), all3(B,D) 0.363888888889 (1.0, 1.0, 108.0, 10.0) 0.545833333333 [ACCEPT]
[LVL9] rsome3(A,B) :- all3(C,A), all3(D,C) 0.363888888889 (1.0, 1.0, 108.0, 10.0) 0.545833333333 [ACCEPT]
[LVL9] rsome3(A,B) :- all3(C,A), all3(D,B) 0.363888888889 (1.0, 1.0, 108.0, 10.0) 0.545833333333 [ACCEPT]
[LVL9] rsome3(A,B) :- all3(C,A), some3(B,C) 0.363888888889 (1.0, 1.0, 108.0, 10.0) 0.545833333333 [ACCEPT]
[LVL9] rsome3(A,B) :- all3(C,A), some3(B,D) 0.363888888889 (1.0, 1.0, 108.0, 10.0) 0.545833333333 [ACCEPT]
[LVL9] rsome3(A,B) :- all3(C,A), some3(D,C) 0.363888888889 (1.0, 1.0, 108.0, 10.0) 0.545833333333 [ACCEPT]
[LVL9] rsome3(A,B) :- all3(C,A), somenot3(C,B) 0.363888888889 (1.0, 1.0, 108.0, 10.0) 0.545833333333 [ACCEPT]
[LVL9] rsome3(A,B) :- all3(C,A), somenot3(C,D) 0.363888888889 (1.0, 1.0, 108.0, 10.0) 0.545833333333 [ACCEPT]
[LVL9] rsome3(A,B) :- all3(C,A), somenot3(D,B) 0.363888888889 (1.0, 1.0, 108.0, 10.0) 0.545833333333 [ACCEPT]
[LVL9] rsome3(A,B) :- all3(C,A), \+all3(C,B) 0.237820512821 (3.0, 9.0, 100.0, 8.0) 0.772916666667 [ACCEPT]
[LVL9] rsome3(A,B) :- all3(C,A), \+all3(B,C) 0.237820512821 (3.0, 9.0, 100.0, 8.0) 0.772916666667 [ACCEPT]
[LVL9] rsome3(A,B) :- all3(C,A), \+some3(B,C) 0.237820512821 (3.0, 9.0, 100.0, 8.0) 0.772916666667 [ACCEPT]
[LVL9] rsome3(A,B) :- all3(C,A), \+no3(C,B) 0.314743589744 (4.0, 8.0, 101.0, 7.0) 0.818333333333 [ACCEPT]
[LVL9] rsome3(A,B) :- all3(C,A), \+no3(B,C) 0.314743589744 (4.0, 8.0, 101.0, 7.0) 0.818333333333 [ACCEPT]
[LVL9] rsome3(A,B) :- all3(C,A), \+somenot3(C,B) 0.237820512821 (3.0, 9.0, 100.0, 8.0) 0.772916666667 [ACCEPT]
[LVL9] rsome3(A,B) :- all3(C,A), \+somenot3(B,C) 0.314743589744 (4.0, 8.0, 101.0, 7.0) 0.818333333333 [ACCEPT]
[LVL9] rsome3(A,B) :- all3(C,B), all3(D,A) 0.363888888889 (1.0, 1.0, 108.0, 10.0) 0.545833333333 [ACCEPT]
[LVL9] rsome3(A,B) :- all3(C,B), some3(A,C) 0.363888888889 (1.0, 1.0, 108.0, 10.0) 0.545833333333 [ACCEPT]
[LVL9] rsome3(A,B) :- all3(C,B), some3(A,D) 0.363888888889 (1.0, 1.0, 108.0, 10.0) 0.545833333333 [ACCEPT]
[LVL9] rsome3(A,B) :- all3(C,B), some3(D,C) 0.363888888889 (1.0, 1.0, 108.0, 10.0) 0.545833333333 [ACCEPT]
[LVL9] rsome3(A,B) :- all3(C,B), somenot3(C,A) 0.363888888889 (1.0, 1.0, 108.0, 10.0) 0.545833333333 [ACCEPT]
[LVL9] rsome3(A,B) :- all3(C,B), somenot3(C,D) 0.363888888889 (1.0, 1.0, 108.0, 10.0) 0.545833333333 [ACCEPT]
[LVL9] rsome3(A,B) :- all3(C,B), somenot3(D,A) 0.363888888889 (1.0, 1.0, 108.0, 10.0) 0.545833333333 [ACCEPT]
[LVL9] rsome3(A,B) :- all3(C,B), \+all3(A,C) 0.237820512821 (3.0, 9.0, 100.0, 8.0) 0.772916666667 [ACCEPT]
[LVL9] rsome3(A,B) :- all3(C,B), \+all3(C,A) 0.160897435897 (2.0, 10.0, 99.0, 9.0) 0.697222222222 [ACCEPT]
[LVL9] rsome3(A,B) :- all3(C,B), \+some3(A,C) 0.160897435897 (2.0, 10.0, 99.0, 9.0) 0.697222222222 [ACCEPT]
[LVL9] rsome3(A,B) :- all3(C,B), \+no3(A,C) 0.237820512821 (3.0, 9.0, 100.0, 8.0) 0.772916666667 [ACCEPT]
[LVL9] rsome3(A,B) :- all3(C,B), \+no3(C,A) 0.237820512821 (3.0, 9.0, 100.0, 8.0) 0.772916666667 [ACCEPT]
[LVL9] rsome3(A,B) :- all3(C,B), \+somenot3(A,C) 0.237820512821 (3.0, 9.0, 100.0, 8.0) 0.772916666667 [ACCEPT]
[LVL9] rsome3(A,B) :- all3(C,B), \+somenot3(C,A) 0.160897435897 (2.0, 10.0, 99.0, 9.0) 0.697222222222 [ACCEPT]
[LVL9] rsome3(A,B) :- all3(B,C), all3(C,D) 0.363888888889 (1.0, 1.0, 108.0, 10.0) 0.545833333333 [ACCEPT]
[LVL9] rsome3(A,B) :- all3(B,C), all3(D,A) 0.363888888889 (1.0, 1.0, 108.0, 10.0) 0.545833333333 [ACCEPT]
[LVL9] rsome3(A,B) :- all3(B,C), somenot3(A,C) 0.363888888889 (1.0, 1.0, 108.0, 10.0) 0.545833333333 [ACCEPT]
[LVL9] rsome3(A,B) :- all3(B,C), somenot3(A,D) 0.363888888889 (1.0, 1.0, 108.0, 10.0) 0.545833333333 [ACCEPT]
[LVL9] rsome3(A,B) :- all3(B,C), somenot3(D,C) 0.363888888889 (1.0, 1.0, 108.0, 10.0) 0.545833333333 [ACCEPT]
[LVL9] rsome3(A,B) :- all3(B,C), \+all3(A,C) 0.160897435897 (2.0, 10.0, 99.0, 9.0) 0.697222222222 [ACCEPT]
[LVL9] rsome3(A,B) :- all3(B,C), \+all3(C,A) 0.0 (1.0, 11.0, 98.0, 10.0) 0.545833333333 [ACCEPT]
[LVL9] rsome3(A,B) :- all3(B,C), \+some3(A,C) 0.160897435897 (2.0, 10.0, 99.0, 9.0) 0.697222222222 [ACCEPT]
[LVL9] rsome3(A,B) :- all3(B,C), \+some3(C,A) 0.160897435897 (2.0, 10.0, 99.0, 9.0) 0.697222222222 [ACCEPT]
[LVL9] rsome3(A,B) :- all3(B,C), \+no3(A,C) 0.149404761905 (2.0, 11.0, 98.0, 9.0) 0.697222222222 [ACCEPT]
[LVL9] rsome3(A,B) :- all3(B,C), \+no3(C,A) 0.160897435897 (2.0, 10.0, 99.0, 9.0) 0.697222222222 [ACCEPT]
[LVL9] rsome3(A,B) :- all3(B,C), \+somenot3(A,C) 0.0 (1.0, 11.0, 98.0, 10.0) 0.545833333333 [ACCEPT]
[LVL9] rsome3(A,B) :- all3(B,C), \+somenot3(C,A) 0.149404761905 (2.0, 11.0, 98.0, 9.0) 0.697222222222 [ACCEPT]
[LVL9] rsome3(A,B) :- somenot3(C,A), all3(C,D) 0.363888888889 (1.0, 1.0, 108.0, 10.0) 0.545833333333 [ACCEPT]
[LVL9] rsome3(A,B) :- somenot3(C,A), all3(D,B) 0.363888888889 (1.0, 1.0, 108.0, 10.0) 0.545833333333 [ACCEPT]
[LVL9] rsome3(A,B) :- somenot3(C,A), no3(C,B) 0.363888888889 (1.0, 1.0, 108.0, 10.0) 0.545833333333 [ACCEPT]
[LVL9] rsome3(A,B) :- somenot3(C,A), no3(C,D) 0.363888888889 (1.0, 1.0, 108.0, 10.0) 0.545833333333 [ACCEPT]
[LVL9] rsome3(A,B) :- somenot3(C,A), no3(D,B) 0.363888888889 (1.0, 1.0, 108.0, 10.0) 0.545833333333 [ACCEPT]
[LVL9] rsome3(A,B) :- somenot3(C,A), \+all3(C,B) 0.0 (1.0, 12.0, 97.0, 10.0) 0.545833333333 [ACCEPT]
[LVL9] rsome3(A,B) :- somenot3(C,A), \+all3(B,C) 0.139444444444 (2.0, 12.0, 97.0, 9.0) 0.697222222222 [ACCEPT]
[LVL9] rsome3(A,B) :- somenot3(C,A), \+some3(C,B) 0.149404761905 (2.0, 11.0, 98.0, 9.0) 0.697222222222 [ACCEPT]
[LVL9] rsome3(A,B) :- somenot3(C,A), \+some3(B,C) 0.149404761905 (2.0, 11.0, 98.0, 9.0) 0.697222222222 [ACCEPT]
[LVL9] rsome3(A,B) :- somenot3(C,A), \+no3(C,B) 0.0 (1.0, 12.0, 97.0, 10.0) 0.545833333333 [ACCEPT]
[LVL9] rsome3(A,B) :- somenot3(C,A), \+no3(B,C) 0.149404761905 (2.0, 11.0, 98.0, 9.0) 0.697222222222 [ACCEPT]
[LVL9] rsome3(A,B) :- somenot3(C,A), \+somenot3(C,B) 0.149404761905 (2.0, 11.0, 98.0, 9.0) 0.697222222222 [ACCEPT]
[LVL9] rsome3(A,B) :- somenot3(C,A), \+somenot3(B,C) 0.149404761905 (2.0, 11.0, 98.0, 9.0) 0.697222222222 [ACCEPT]
[LVL9] rsome3(A,B) :- all3(A,C), no3(B,C) 0.545833333333 (1.0, 0.0, 109.0, 10.0) 0.545833333333 [REJECT* fp] 0.0
[LVL9] BETTER RULE rsome3(A,B) :- all3(A,C), no3(B,C) (0.5458333333333333, 1.0) > (0.3638888888888889, 1.0)
[DEBUG] Best rule so far: rsome3(A,B) :- all3(A,C), no3(B,C) [0.545833333333]
[DEBUG] Candidates for iteration 3:
[DEBUG] ==================================
[DEBUG] rsome3(A,B) :- all3(C,A), all3(C,B) 0.363888888889
[DEBUG] rsome3(A,B) :- all3(C,A), all3(B,C) 0.363888888889
[DEBUG] rsome3(A,B) :- all3(C,A), all3(B,D) 0.363888888889
[DEBUG] rsome3(A,B) :- all3(C,A), all3(D,C) 0.363888888889
[DEBUG] rsome3(A,B) :- all3(C,A), all3(D,B) 0.363888888889
[DEBUG] rsome3(A,B) :- all3(C,A), some3(B,C) 0.363888888889
[DEBUG] rsome3(A,B) :- all3(C,A), some3(B,D) 0.363888888889
[DEBUG] rsome3(A,B) :- all3(C,A), some3(D,C) 0.363888888889
[DEBUG] rsome3(A,B) :- all3(C,A), somenot3(C,B) 0.363888888889
[DEBUG] rsome3(A,B) :- all3(C,A), somenot3(C,D) 0.363888888889
[DEBUG] rsome3(A,B) :- all3(C,A), somenot3(D,B) 0.363888888889
[DEBUG] rsome3(A,B) :- all3(C,B), all3(D,A) 0.363888888889
[DEBUG] rsome3(A,B) :- all3(C,B), some3(A,C) 0.363888888889
[DEBUG] rsome3(A,B) :- all3(C,B), some3(A,D) 0.363888888889
[DEBUG] rsome3(A,B) :- all3(C,B), some3(D,C) 0.363888888889
[DEBUG] rsome3(A,B) :- all3(C,B), somenot3(C,A) 0.363888888889
[DEBUG] rsome3(A,B) :- all3(C,B), somenot3(C,D) 0.363888888889
[DEBUG] rsome3(A,B) :- all3(C,B), somenot3(D,A) 0.363888888889
[DEBUG] rsome3(A,B) :- all3(B,C), all3(C,D) 0.363888888889
[DEBUG] rsome3(A,B) :- all3(B,C), all3(D,A) 0.363888888889
[DEBUG] rsome3(A,B) :- all3(B,C), somenot3(A,C) 0.363888888889
[DEBUG] rsome3(A,B) :- all3(B,C), somenot3(A,D) 0.363888888889
[DEBUG] rsome3(A,B) :- all3(B,C), somenot3(D,C) 0.363888888889
[DEBUG] rsome3(A,B) :- somenot3(C,A), all3(C,D) 0.363888888889
[DEBUG] rsome3(A,B) :- somenot3(C,A), all3(D,B) 0.363888888889
[DEBUG] rsome3(A,B) :- somenot3(C,A), no3(C,B) 0.363888888889
[DEBUG] rsome3(A,B) :- somenot3(C,A), no3(C,D) 0.363888888889
[DEBUG] rsome3(A,B) :- somenot3(C,A), no3(D,B) 0.363888888889
[DEBUG] rsome3(A,B) :- all3(C,A), \+no3(C,B) 0.314743589744
[DEBUG] rsome3(A,B) :- all3(C,A), \+no3(B,C) 0.314743589744
[DEBUG] rsome3(A,B) :- all3(C,A), \+somenot3(B,C) 0.314743589744
[DEBUG] rsome3(A,B) :- all3(C,A), \+all3(C,B) 0.237820512821
[DEBUG] rsome3(A,B) :- all3(C,A), \+all3(B,C) 0.237820512821
[DEBUG] rsome3(A,B) :- all3(C,A), \+some3(B,C) 0.237820512821
[DEBUG] rsome3(A,B) :- all3(C,A), \+somenot3(C,B) 0.237820512821
[DEBUG] rsome3(A,B) :- all3(C,B), \+all3(A,C) 0.237820512821
[DEBUG] rsome3(A,B) :- all3(C,B), \+no3(A,C) 0.237820512821
[DEBUG] rsome3(A,B) :- all3(C,B), \+no3(C,A) 0.237820512821
[DEBUG] rsome3(A,B) :- all3(C,B), \+somenot3(A,C) 0.237820512821
[DEBUG] rsome3(A,B) :- all3(C,B), \+all3(C,A) 0.160897435897
[DEBUG] rsome3(A,B) :- all3(C,B), \+some3(A,C) 0.160897435897
[DEBUG] rsome3(A,B) :- all3(C,B), \+somenot3(C,A) 0.160897435897
[DEBUG] rsome3(A,B) :- all3(B,C), \+all3(A,C) 0.160897435897
[DEBUG] rsome3(A,B) :- all3(B,C), \+some3(A,C) 0.160897435897
[DEBUG] rsome3(A,B) :- all3(B,C), \+some3(C,A) 0.160897435897
[DEBUG] rsome3(A,B) :- all3(B,C), \+no3(C,A) 0.160897435897
[DEBUG] rsome3(A,B) :- all3(B,C), \+no3(A,C) 0.149404761905
[DEBUG] rsome3(A,B) :- all3(B,C), \+somenot3(C,A) 0.149404761905
[DEBUG] rsome3(A,B) :- somenot3(C,A), \+some3(C,B) 0.149404761905
[DEBUG] rsome3(A,B) :- somenot3(C,A), \+some3(B,C) 0.149404761905
[DEBUG] rsome3(A,B) :- somenot3(C,A), \+no3(B,C) 0.149404761905
[DEBUG] rsome3(A,B) :- somenot3(C,A), \+somenot3(C,B) 0.149404761905
[DEBUG] rsome3(A,B) :- somenot3(C,A), \+somenot3(B,C) 0.149404761905
[DEBUG] rsome3(A,B) :- somenot3(C,A), \+all3(B,C) 0.139444444444
[DEBUG] rsome3(A,B) :- all3(B,C), \+all3(C,A) 0.0
[DEBUG] rsome3(A,B) :- all3(B,C), \+somenot3(A,C) 0.0
[DEBUG] rsome3(A,B) :- somenot3(C,A), \+all3(C,B) 0.0
[DEBUG] rsome3(A,B) :- somenot3(C,A), \+no3(C,B) 0.0
[DEBUG] ==================================
[INFO] RULE LEARNED: rsome3(A,B) :- all3(A,C), no3(B,C) 0.916666666667
[DEBUG] Best rule so far: rsome3(A,B) :- true [0.0]
[DEBUG] Candidates for iteration 1:
[DEBUG] ==================================
[DEBUG] rsome3(A,B) :- true 0.0
[DEBUG] ==================================
[LVL9] rsome3(A,B) :- all3(B,C) 0.13893557423 (3.0, 12.0, 97.0, 8.0) 0.694677871148 [ACCEPT]
[LVL9] BETTER RULE rsome3(A,B) :- all3(B,C) (0.13893557422969188, 3.0) > (0.0, 11.0)
[LVL9] rsome3(A,B) :- all3(C,A) 0.272268907563 (5.0, 10.0, 99.0, 6.0) 0.816806722689 [ACCEPT]
[LVL9] BETTER RULE rsome3(A,B) :- all3(C,A) (0.2722689075630252, 5.0) > (0.13893557422969188, 3.0)
[LVL9] rsome3(A,B) :- all3(C,B) 0.205602240896 (4.0, 11.0, 98.0, 7.0) 0.771008403361 [ACCEPT]
[LVL9] rsome3(A,B) :- some3(A,C) 0.0 (2.0, 15.0, 94.0, 9.0) 0.542016806723 [ACCEPT]
[LVL9] rsome3(A,B) :- some3(B,C) 0.0 (2.0, 15.0, 94.0, 9.0) 0.542016806723 [ACCEPT]
[LVL9] rsome3(A,B) :- some3(C,A) 0.0 (2.0, 13.0, 96.0, 9.0) 0.542016806723 [ACCEPT]
[LVL9] rsome3(A,B) :- some3(C,B) 0.0 (2.0, 13.0, 96.0, 9.0) 0.542016806723 [ACCEPT]
[LVL9] rsome3(A,B) :- no3(C,A) 0.0 (2.0, 15.0, 94.0, 9.0) 0.542016806723 [ACCEPT]
[LVL9] rsome3(A,B) :- no3(C,B) 0.0 (2.0, 15.0, 94.0, 9.0) 0.542016806723 [ACCEPT]
[LVL9] rsome3(A,B) :- somenot3(A,C) 0.0 (2.0, 15.0, 94.0, 9.0) 0.542016806723 [ACCEPT]
[LVL9] rsome3(A,B) :- somenot3(B,C) 0.0 (2.0, 15.0, 94.0, 9.0) 0.542016806723 [ACCEPT]
[LVL9] rsome3(A,B) :- somenot3(C,A) 0.13025210084 (3.0, 13.0, 96.0, 8.0) 0.694677871148 [ACCEPT]
[LVL9] rsome3(A,B) :- somenot3(C,B) 0.0 (2.0, 14.0, 95.0, 9.0) 0.542016806723 [ACCEPT]
[DEBUG] Best rule so far: rsome3(A,B) :- all3(C,A) [0.272268907563]
[DEBUG] Candidates for iteration 2:
[DEBUG] ==================================
[DEBUG] rsome3(A,B) :- all3(C,A) 0.272268907563
[DEBUG] rsome3(A,B) :- all3(C,B) 0.205602240896
[DEBUG] rsome3(A,B) :- all3(B,C) 0.13893557423
[DEBUG] rsome3(A,B) :- somenot3(C,A) 0.13025210084
[DEBUG] rsome3(A,B) :- some3(A,C) 0.0
[DEBUG] rsome3(A,B) :- some3(B,C) 0.0
[DEBUG] rsome3(A,B) :- some3(C,A) 0.0
[DEBUG] rsome3(A,B) :- some3(C,B) 0.0
[DEBUG] rsome3(A,B) :- no3(C,A) 0.0
[DEBUG] rsome3(A,B) :- no3(C,B) 0.0
[DEBUG] rsome3(A,B) :- somenot3(A,C) 0.0
[DEBUG] rsome3(A,B) :- somenot3(B,C) 0.0
[DEBUG] rsome3(A,B) :- somenot3(C,B) 0.0
[DEBUG] ==================================
[LVL9] rsome3(A,B) :- all3(C,A), all3(C,B) 0.361344537815 (2.0, 1.0, 108.0, 9.0) 0.542016806723 [ACCEPT]
[LVL9] BETTER RULE rsome3(A,B) :- all3(C,A), all3(C,B) (0.36134453781512604, 2.0) > (0.2722689075630252, 5.0)
[LVL9] rsome3(A,B) :- all3(C,A), all3(B,C) 0.361344537815 (2.0, 1.0, 108.0, 9.0) 0.542016806723 [ACCEPT]
[LVL9] rsome3(A,B) :- all3(C,A), all3(B,D) 0.361344537815 (2.0, 1.0, 108.0, 9.0) 0.542016806723 [ACCEPT]
[LVL9] rsome3(A,B) :- all3(C,A), all3(D,C) 0.361344537815 (2.0, 1.0, 108.0, 9.0) 0.542016806723 [ACCEPT]
[LVL9] rsome3(A,B) :- all3(C,A), all3(D,B) 0.361344537815 (2.0, 1.0, 108.0, 9.0) 0.542016806723 [ACCEPT]
[LVL9] rsome3(A,B) :- all3(C,A), some3(B,C) 0.361344537815 (2.0, 1.0, 108.0, 9.0) 0.542016806723 [ACCEPT]
[LVL9] rsome3(A,B) :- all3(C,A), some3(B,D) 0.361344537815 (2.0, 1.0, 108.0, 9.0) 0.542016806723 [ACCEPT]
[LVL9] rsome3(A,B) :- all3(C,A), some3(D,C) 0.361344537815 (2.0, 1.0, 108.0, 9.0) 0.542016806723 [ACCEPT]
[LVL9] rsome3(A,B) :- all3(C,A), somenot3(C,B) 0.361344537815 (2.0, 1.0, 108.0, 9.0) 0.542016806723 [ACCEPT]
[LVL9] rsome3(A,B) :- all3(C,A), somenot3(C,D) 0.361344537815 (2.0, 1.0, 108.0, 9.0) 0.542016806723 [ACCEPT]
[LVL9] rsome3(A,B) :- all3(C,A), somenot3(D,B) 0.361344537815 (2.0, 1.0, 108.0, 9.0) 0.542016806723 [ACCEPT]
[LVL9] rsome3(A,B) :- all3(C,A), \+all3(C,B) 0.23723335488 (4.0, 9.0, 100.0, 7.0) 0.771008403361 [ACCEPT]
[LVL9] rsome3(A,B) :- all3(C,A), \+all3(B,C) 0.23723335488 (4.0, 9.0, 100.0, 7.0) 0.771008403361 [ACCEPT]
[LVL9] rsome3(A,B) :- all3(C,A), \+some3(B,C) 0.23723335488 (4.0, 9.0, 100.0, 7.0) 0.771008403361 [ACCEPT]
[LVL9] rsome3(A,B) :- all3(C,A), \+no3(C,B) 0.314156431803 (5.0, 8.0, 101.0, 6.0) 0.816806722689 [ACCEPT]
[LVL9] rsome3(A,B) :- all3(C,A), \+no3(B,C) 0.314156431803 (5.0, 8.0, 101.0, 6.0) 0.816806722689 [ACCEPT]
[LVL9] rsome3(A,B) :- all3(C,A), \+somenot3(C,B) 0.23723335488 (4.0, 9.0, 100.0, 7.0) 0.771008403361 [ACCEPT]
[LVL9] rsome3(A,B) :- all3(C,A), \+somenot3(B,C) 0.314156431803 (5.0, 8.0, 101.0, 6.0) 0.816806722689 [ACCEPT]
[LVL9] rsome3(A,B) :- all3(C,B), all3(D,A) 0.361344537815 (2.0, 1.0, 108.0, 9.0) 0.542016806723 [ACCEPT]
[LVL9] rsome3(A,B) :- all3(C,B), some3(A,C) 0.361344537815 (2.0, 1.0, 108.0, 9.0) 0.542016806723 [ACCEPT]
[LVL9] rsome3(A,B) :- all3(C,B), some3(A,D) 0.361344537815 (2.0, 1.0, 108.0, 9.0) 0.542016806723 [ACCEPT]
[LVL9] rsome3(A,B) :- all3(C,B), some3(D,C) 0.361344537815 (2.0, 1.0, 108.0, 9.0) 0.542016806723 [ACCEPT]
[LVL9] rsome3(A,B) :- all3(C,B), somenot3(C,A) 0.361344537815 (2.0, 1.0, 108.0, 9.0) 0.542016806723 [ACCEPT]
[LVL9] rsome3(A,B) :- all3(C,B), somenot3(C,D) 0.361344537815 (2.0, 1.0, 108.0, 9.0) 0.542016806723 [ACCEPT]
[LVL9] rsome3(A,B) :- all3(C,B), somenot3(D,A) 0.361344537815 (2.0, 1.0, 108.0, 9.0) 0.542016806723 [ACCEPT]
[LVL9] rsome3(A,B) :- all3(C,B), \+all3(A,C) 0.23723335488 (4.0, 9.0, 100.0, 7.0) 0.771008403361 [ACCEPT]
[LVL9] rsome3(A,B) :- all3(C,B), \+all3(C,A) 0.160310277957 (3.0, 10.0, 99.0, 8.0) 0.694677871148 [ACCEPT]
[LVL9] rsome3(A,B) :- all3(C,B), \+some3(A,C) 0.160310277957 (3.0, 10.0, 99.0, 8.0) 0.694677871148 [ACCEPT]
[LVL9] rsome3(A,B) :- all3(C,B), \+no3(A,C) 0.23723335488 (4.0, 9.0, 100.0, 7.0) 0.771008403361 [ACCEPT]
[LVL9] rsome3(A,B) :- all3(C,B), \+no3(C,A) 0.23723335488 (4.0, 9.0, 100.0, 7.0) 0.771008403361 [ACCEPT]
[LVL9] rsome3(A,B) :- all3(C,B), \+somenot3(A,C) 0.23723335488 (4.0, 9.0, 100.0, 7.0) 0.771008403361 [ACCEPT]
[LVL9] rsome3(A,B) :- all3(C,B), \+somenot3(C,A) 0.160310277957 (3.0, 10.0, 99.0, 8.0) 0.694677871148 [ACCEPT]
[LVL9] rsome3(A,B) :- all3(B,C), all3(C,D) 0.361344537815 (2.0, 1.0, 108.0, 9.0) 0.542016806723 [ACCEPT]
[LVL9] rsome3(A,B) :- all3(B,C), all3(D,A) 0.361344537815 (2.0, 1.0, 108.0, 9.0) 0.542016806723 [ACCEPT]
[LVL9] rsome3(A,B) :- all3(B,C), somenot3(A,C) 0.361344537815 (2.0, 1.0, 108.0, 9.0) 0.542016806723 [ACCEPT]
[LVL9] rsome3(A,B) :- all3(B,C), somenot3(A,D) 0.361344537815 (2.0, 1.0, 108.0, 9.0) 0.542016806723 [ACCEPT]
[LVL9] rsome3(A,B) :- all3(B,C), somenot3(D,C) 0.361344537815 (2.0, 1.0, 108.0, 9.0) 0.542016806723 [ACCEPT]
[LVL9] rsome3(A,B) :- all3(B,C), \+all3(A,C) 0.160310277957 (3.0, 10.0, 99.0, 8.0) 0.694677871148 [ACCEPT]
[LVL9] rsome3(A,B) :- all3(B,C), \+all3(C,A) 0.0 (2.0, 11.0, 98.0, 9.0) 0.542016806723 [ACCEPT]
[LVL9] rsome3(A,B) :- all3(B,C), \+some3(A,C) 0.160310277957 (3.0, 10.0, 99.0, 8.0) 0.694677871148 [ACCEPT]
[LVL9] rsome3(A,B) :- all3(B,C), \+some3(C,A) 0.160310277957 (3.0, 10.0, 99.0, 8.0) 0.694677871148 [ACCEPT]
[LVL9] rsome3(A,B) :- all3(B,C), \+no3(A,C) 0.148859543818 (3.0, 11.0, 98.0, 8.0) 0.694677871148 [ACCEPT]
[LVL9] rsome3(A,B) :- all3(B,C), \+no3(C,A) 0.160310277957 (3.0, 10.0, 99.0, 8.0) 0.694677871148 [ACCEPT]
[LVL9] rsome3(A,B) :- all3(B,C), \+somenot3(A,C) 0.0 (2.0, 11.0, 98.0, 9.0) 0.542016806723 [ACCEPT]
[LVL9] rsome3(A,B) :- all3(B,C), \+somenot3(C,A) 0.148859543818 (3.0, 11.0, 98.0, 8.0) 0.694677871148 [ACCEPT]
[LVL9] rsome3(A,B) :- somenot3(C,A), all3(C,D) 0.361344537815 (2.0, 1.0, 108.0, 9.0) 0.542016806723 [ACCEPT]
[LVL9] rsome3(A,B) :- somenot3(C,A), all3(D,B) 0.361344537815 (2.0, 1.0, 108.0, 9.0) 0.542016806723 [ACCEPT]
[LVL9] rsome3(A,B) :- somenot3(C,A), no3(C,B) 0.361344537815 (2.0, 1.0, 108.0, 9.0) 0.542016806723 [ACCEPT]
[LVL9] rsome3(A,B) :- somenot3(C,A), no3(C,D) 0.361344537815 (2.0, 1.0, 108.0, 9.0) 0.542016806723 [ACCEPT]
[LVL9] rsome3(A,B) :- somenot3(C,A), no3(D,B) 0.361344537815 (2.0, 1.0, 108.0, 9.0) 0.542016806723 [ACCEPT]
[LVL9] rsome3(A,B) :- somenot3(C,A), \+all3(C,B) 0.0 (2.0, 12.0, 97.0, 9.0) 0.542016806723 [ACCEPT]
[LVL9] rsome3(A,B) :- somenot3(C,A), \+all3(B,C) 0.13893557423 (3.0, 12.0, 97.0, 8.0) 0.694677871148 [ACCEPT]
[LVL9] rsome3(A,B) :- somenot3(C,A), \+some3(C,B) 0.148859543818 (3.0, 11.0, 98.0, 8.0) 0.694677871148 [ACCEPT]
[LVL9] rsome3(A,B) :- somenot3(C,A), \+some3(B,C) 0.148859543818 (3.0, 11.0, 98.0, 8.0) 0.694677871148 [ACCEPT]
[LVL9] rsome3(A,B) :- somenot3(C,A), \+no3(C,B) 0.0 (2.0, 12.0, 97.0, 9.0) 0.542016806723 [ACCEPT]
[LVL9] rsome3(A,B) :- somenot3(C,A), \+no3(B,C) 0.148859543818 (3.0, 11.0, 98.0, 8.0) 0.694677871148 [ACCEPT]
[LVL9] rsome3(A,B) :- somenot3(C,A), \+somenot3(C,B) 0.148859543818 (3.0, 11.0, 98.0, 8.0) 0.694677871148 [ACCEPT]
[LVL9] rsome3(A,B) :- somenot3(C,A), \+somenot3(B,C) 0.148859543818 (3.0, 11.0, 98.0, 8.0) 0.694677871148 [ACCEPT]
[LVL9] rsome3(A,B) :- some3(A,C), all3(C,D) 0.361344537815 (2.0, 1.0, 108.0, 9.0) 0.542016806723 [ACCEPT]
[LVL9] rsome3(A,B) :- some3(A,C), all3(D,B) 0.361344537815 (2.0, 1.0, 108.0, 9.0) 0.542016806723 [ACCEPT]
[LVL9] rsome3(A,B) :- some3(A,C), \+all3(B,C) 0.0 (2.0, 13.0, 96.0, 9.0) 0.542016806723 [ACCEPT]
[LVL9] rsome3(A,B) :- some3(A,C), \+some3(C,B) 0.0 (2.0, 13.0, 96.0, 9.0) 0.542016806723 [ACCEPT]
[LVL9] rsome3(A,B) :- some3(A,C), \+some3(B,C) 0.0 (2.0, 13.0, 96.0, 9.0) 0.542016806723 [ACCEPT]
[LVL9] rsome3(A,B) :- some3(A,C), \+no3(C,B) 0.0 (2.0, 13.0, 96.0, 9.0) 0.542016806723 [ACCEPT]
[LVL9] rsome3(A,B) :- some3(A,C), \+no3(B,C) 0.0 (2.0, 13.0, 96.0, 9.0) 0.542016806723 [ACCEPT]
[LVL9] rsome3(A,B) :- some3(A,C), \+somenot3(C,B) 0.0 (2.0, 13.0, 96.0, 9.0) 0.542016806723 [ACCEPT]
[LVL9] rsome3(A,B) :- some3(A,C), \+somenot3(B,C) 0.0 (2.0, 13.0, 96.0, 9.0) 0.542016806723 [ACCEPT]
[LVL9] rsome3(A,B) :- some3(B,C), all3(C,D) 0.361344537815 (2.0, 1.0, 108.0, 9.0) 0.542016806723 [ACCEPT]
[LVL9] rsome3(A,B) :- some3(B,C), all3(D,A) 0.361344537815 (2.0, 1.0, 108.0, 9.0) 0.542016806723 [ACCEPT]
[LVL9] rsome3(A,B) :- some3(B,C), \+all3(A,C) 0.0 (2.0, 13.0, 96.0, 9.0) 0.542016806723 [ACCEPT]
[LVL9] rsome3(A,B) :- some3(B,C), \+some3(A,C) 0.0 (2.0, 13.0, 96.0, 9.0) 0.542016806723 [ACCEPT]
[LVL9] rsome3(A,B) :- some3(B,C), \+some3(C,A) 0.0 (2.0, 13.0, 96.0, 9.0) 0.542016806723 [ACCEPT]
[LVL9] rsome3(A,B) :- some3(B,C), \+no3(A,C) 0.0 (2.0, 13.0, 96.0, 9.0) 0.542016806723 [ACCEPT]
[LVL9] rsome3(A,B) :- some3(B,C), \+no3(C,A) 0.0 (2.0, 13.0, 96.0, 9.0) 0.542016806723 [ACCEPT]
[LVL9] rsome3(A,B) :- some3(B,C), \+somenot3(A,C) 0.0 (2.0, 13.0, 96.0, 9.0) 0.542016806723 [ACCEPT]
[LVL9] rsome3(A,B) :- some3(B,C), \+somenot3(C,A) 0.0 (2.0, 13.0, 96.0, 9.0) 0.542016806723 [ACCEPT]
[LVL9] rsome3(A,B) :- some3(C,A), somenot3(B,C) 0.361344537815 (2.0, 1.0, 108.0, 9.0) 0.542016806723 [ACCEPT]
[LVL9] rsome3(A,B) :- some3(C,A), somenot3(B,D) 0.361344537815 (2.0, 1.0, 108.0, 9.0) 0.542016806723 [ACCEPT]
[LVL9] rsome3(A,B) :- some3(C,A), somenot3(D,C) 0.361344537815 (2.0, 1.0, 108.0, 9.0) 0.542016806723 [ACCEPT]
[LVL9] rsome3(A,B) :- some3(C,A), \+all3(B,C) 0.0 (2.0, 11.0, 98.0, 9.0) 0.542016806723 [ACCEPT]
[LVL9] rsome3(A,B) :- some3(C,A), \+some3(C,B) 0.0 (2.0, 11.0, 98.0, 9.0) 0.542016806723 [ACCEPT]
[LVL9] rsome3(A,B) :- some3(C,A), \+some3(B,C) 0.0 (2.0, 11.0, 98.0, 9.0) 0.542016806723 [ACCEPT]
[LVL9] rsome3(A,B) :- some3(C,A), \+no3(C,B) 0.0 (2.0, 11.0, 98.0, 9.0) 0.542016806723 [ACCEPT]
[LVL9] rsome3(A,B) :- some3(C,A), \+no3(B,C) 0.0 (2.0, 11.0, 98.0, 9.0) 0.542016806723 [ACCEPT]
[LVL9] rsome3(A,B) :- some3(C,A), \+somenot3(C,B) 0.0 (2.0, 11.0, 98.0, 9.0) 0.542016806723 [ACCEPT]
[LVL9] rsome3(A,B) :- some3(C,B), no3(C,A) 0.361344537815 (2.0, 1.0, 108.0, 9.0) 0.542016806723 [ACCEPT]
[LVL9] rsome3(A,B) :- some3(C,B), no3(C,D) 0.361344537815 (2.0, 1.0, 108.0, 9.0) 0.542016806723 [ACCEPT]
[LVL9] rsome3(A,B) :- some3(C,B), no3(D,A) 0.361344537815 (2.0, 1.0, 108.0, 9.0) 0.542016806723 [ACCEPT]
[LVL9] rsome3(A,B) :- some3(C,B), \+all3(A,C) 0.0 (2.0, 11.0, 98.0, 9.0) 0.542016806723 [ACCEPT]
[LVL9] rsome3(A,B) :- some3(C,B), \+some3(A,C) 0.0 (2.0, 11.0, 98.0, 9.0) 0.542016806723 [ACCEPT]
[LVL9] rsome3(A,B) :- some3(C,B), \+some3(C,A) 0.0 (2.0, 11.0, 98.0, 9.0) 0.542016806723 [ACCEPT]
[LVL9] rsome3(A,B) :- some3(C,B), \+no3(A,C) 0.0 (2.0, 11.0, 98.0, 9.0) 0.542016806723 [ACCEPT]
[LVL9] rsome3(A,B) :- some3(C,B), \+somenot3(A,C) 0.0 (2.0, 11.0, 98.0, 9.0) 0.542016806723 [ACCEPT]
[LVL9] rsome3(A,B) :- some3(C,B), \+somenot3(C,A) 0.0 (2.0, 11.0, 98.0, 9.0) 0.542016806723 [ACCEPT]
[LVL9] rsome3(A,B) :- no3(C,A), some3(C,D) 0.361344537815 (2.0, 1.0, 108.0, 9.0) 0.542016806723 [ACCEPT]
[LVL9] rsome3(A,B) :- no3(C,A), some3(D,B) 0.361344537815 (2.0, 1.0, 108.0, 9.0) 0.542016806723 [ACCEPT]
[LVL9] rsome3(A,B) :- no3(C,A), \+all3(C,B) 0.0 (2.0, 13.0, 96.0, 9.0) 0.542016806723 [ACCEPT]
[LVL9] rsome3(A,B) :- no3(C,A), \+all3(B,C) 0.0 (2.0, 13.0, 96.0, 9.0) 0.542016806723 [ACCEPT]
[LVL9] rsome3(A,B) :- no3(C,A), \+some3(B,C) 0.0 (2.0, 13.0, 96.0, 9.0) 0.542016806723 [ACCEPT]
[LVL9] rsome3(A,B) :- no3(C,A), \+no3(C,B) 0.0 (2.0, 13.0, 96.0, 9.0) 0.542016806723 [ACCEPT]
[LVL9] rsome3(A,B) :- no3(C,B), somenot3(C,D) 0.361344537815 (2.0, 1.0, 108.0, 9.0) 0.542016806723 [ACCEPT]
[LVL9] rsome3(A,B) :- no3(C,B), somenot3(D,A) 0.361344537815 (2.0, 1.0, 108.0, 9.0) 0.542016806723 [ACCEPT]
[LVL9] rsome3(A,B) :- somenot3(A,C), all3(B,D) 0.361344537815 (2.0, 1.0, 108.0, 9.0) 0.542016806723 [ACCEPT]
[LVL9] rsome3(A,B) :- somenot3(A,C), all3(D,C) 0.361344537815 (2.0, 1.0, 108.0, 9.0) 0.542016806723 [ACCEPT]
[LVL9] rsome3(A,B) :- somenot3(B,C), some3(C,D) 0.361344537815 (2.0, 1.0, 108.0, 9.0) 0.542016806723 [ACCEPT]
[LVL9] rsome3(A,B) :- somenot3(B,C), some3(D,A) 0.361344537815 (2.0, 1.0, 108.0, 9.0) 0.542016806723 [ACCEPT]
[LVL9] rsome3(A,B) :- somenot3(C,B), all3(C,D) 0.361344537815 (2.0, 1.0, 108.0, 9.0) 0.542016806723 [ACCEPT]
[LVL9] rsome3(A,B) :- somenot3(C,B), all3(D,A) 0.361344537815 (2.0, 1.0, 108.0, 9.0) 0.542016806723 [ACCEPT]
[DEBUG] Best rule so far: rsome3(A,B) :- all3(C,A), all3(C,B) [0.361344537815]
[DEBUG] Candidates for iteration 3:
[DEBUG] ==================================
[DEBUG] rsome3(A,B) :- all3(C,A), all3(C,B) 0.361344537815
[DEBUG] rsome3(A,B) :- all3(C,A), all3(B,C) 0.361344537815
[DEBUG] rsome3(A,B) :- all3(C,A), all3(B,D) 0.361344537815
[DEBUG] rsome3(A,B) :- all3(C,A), all3(D,C) 0.361344537815
[DEBUG] rsome3(A,B) :- all3(C,A), all3(D,B) 0.361344537815
[DEBUG] rsome3(A,B) :- all3(C,A), some3(B,C) 0.361344537815
[DEBUG] rsome3(A,B) :- all3(C,A), some3(B,D) 0.361344537815
[DEBUG] rsome3(A,B) :- all3(C,A), some3(D,C) 0.361344537815
[DEBUG] rsome3(A,B) :- all3(C,A), somenot3(C,B) 0.361344537815
[DEBUG] rsome3(A,B) :- all3(C,A), somenot3(C,D) 0.361344537815
[DEBUG] rsome3(A,B) :- all3(C,A), somenot3(D,B) 0.361344537815
[DEBUG] rsome3(A,B) :- all3(C,B), all3(D,A) 0.361344537815
[DEBUG] rsome3(A,B) :- all3(C,B), some3(A,C) 0.361344537815
[DEBUG] rsome3(A,B) :- all3(C,B), some3(A,D) 0.361344537815
[DEBUG] rsome3(A,B) :- all3(C,B), some3(D,C) 0.361344537815
[DEBUG] rsome3(A,B) :- all3(C,B), somenot3(C,A) 0.361344537815
[DEBUG] rsome3(A,B) :- all3(C,B), somenot3(C,D) 0.361344537815
[DEBUG] rsome3(A,B) :- all3(C,B), somenot3(D,A) 0.361344537815
[DEBUG] rsome3(A,B) :- all3(B,C), all3(C,D) 0.361344537815
[DEBUG] rsome3(A,B) :- all3(B,C), all3(D,A) 0.361344537815
[DEBUG] rsome3(A,B) :- all3(B,C), somenot3(A,C) 0.361344537815
[DEBUG] rsome3(A,B) :- all3(B,C), somenot3(A,D) 0.361344537815
[DEBUG] rsome3(A,B) :- all3(B,C), somenot3(D,C) 0.361344537815
[DEBUG] rsome3(A,B) :- somenot3(C,A), all3(C,D) 0.361344537815
[DEBUG] rsome3(A,B) :- somenot3(C,A), all3(D,B) 0.361344537815
[DEBUG] rsome3(A,B) :- somenot3(C,A), no3(C,B) 0.361344537815
[DEBUG] rsome3(A,B) :- somenot3(C,A), no3(C,D) 0.361344537815
[DEBUG] rsome3(A,B) :- somenot3(C,A), no3(D,B) 0.361344537815
[DEBUG] rsome3(A,B) :- some3(A,C), all3(C,D) 0.361344537815
[DEBUG] rsome3(A,B) :- some3(A,C), all3(D,B) 0.361344537815
[DEBUG] rsome3(A,B) :- some3(B,C), all3(C,D) 0.361344537815
[DEBUG] rsome3(A,B) :- some3(B,C), all3(D,A) 0.361344537815
[DEBUG] rsome3(A,B) :- some3(C,A), somenot3(B,C) 0.361344537815
[DEBUG] rsome3(A,B) :- some3(C,A), somenot3(B,D) 0.361344537815
[DEBUG] rsome3(A,B) :- some3(C,A), somenot3(D,C) 0.361344537815
[DEBUG] rsome3(A,B) :- some3(C,B), no3(C,A) 0.361344537815
[DEBUG] rsome3(A,B) :- some3(C,B), no3(C,D) 0.361344537815
[DEBUG] rsome3(A,B) :- some3(C,B), no3(D,A) 0.361344537815
[DEBUG] rsome3(A,B) :- no3(C,A), some3(C,D) 0.361344537815
[DEBUG] rsome3(A,B) :- no3(C,A), some3(D,B) 0.361344537815
[DEBUG] rsome3(A,B) :- no3(C,B), somenot3(C,D) 0.361344537815
[DEBUG] rsome3(A,B) :- no3(C,B), somenot3(D,A) 0.361344537815
[DEBUG] rsome3(A,B) :- somenot3(A,C), all3(B,D) 0.361344537815
[DEBUG] rsome3(A,B) :- somenot3(A,C), all3(D,C) 0.361344537815
[DEBUG] rsome3(A,B) :- somenot3(B,C), some3(C,D) 0.361344537815
[DEBUG] rsome3(A,B) :- somenot3(B,C), some3(D,A) 0.361344537815
[DEBUG] rsome3(A,B) :- somenot3(C,B), all3(C,D) 0.361344537815
[DEBUG] rsome3(A,B) :- somenot3(C,B), all3(D,A) 0.361344537815
[DEBUG] rsome3(A,B) :- all3(C,A), \+no3(C,B) 0.314156431803
[DEBUG] rsome3(A,B) :- all3(C,A), \+no3(B,C) 0.314156431803
[DEBUG] rsome3(A,B) :- all3(C,A), \+somenot3(B,C) 0.314156431803
[DEBUG] rsome3(A,B) :- all3(C,A), \+all3(C,B) 0.23723335488
[DEBUG] rsome3(A,B) :- all3(C,A), \+all3(B,C) 0.23723335488
[DEBUG] rsome3(A,B) :- all3(C,A), \+some3(B,C) 0.23723335488
[DEBUG] rsome3(A,B) :- all3(C,A), \+somenot3(C,B) 0.23723335488
[DEBUG] rsome3(A,B) :- all3(C,B), \+all3(A,C) 0.23723335488
[DEBUG] rsome3(A,B) :- all3(C,B), \+no3(A,C) 0.23723335488
[DEBUG] rsome3(A,B) :- all3(C,B), \+no3(C,A) 0.23723335488
[DEBUG] rsome3(A,B) :- all3(C,B), \+somenot3(A,C) 0.23723335488
[DEBUG] rsome3(A,B) :- all3(C,B), \+all3(C,A) 0.160310277957
[DEBUG] rsome3(A,B) :- all3(C,B), \+some3(A,C) 0.160310277957
[DEBUG] rsome3(A,B) :- all3(C,B), \+somenot3(C,A) 0.160310277957
[DEBUG] rsome3(A,B) :- all3(B,C), \+all3(A,C) 0.160310277957
[DEBUG] rsome3(A,B) :- all3(B,C), \+some3(A,C) 0.160310277957
[DEBUG] rsome3(A,B) :- all3(B,C), \+some3(C,A) 0.160310277957
[DEBUG] rsome3(A,B) :- all3(B,C), \+no3(C,A) 0.160310277957
[DEBUG] rsome3(A,B) :- all3(B,C), \+no3(A,C) 0.148859543818
[DEBUG] rsome3(A,B) :- all3(B,C), \+somenot3(C,A) 0.148859543818
[DEBUG] rsome3(A,B) :- somenot3(C,A), \+some3(C,B) 0.148859543818
[DEBUG] rsome3(A,B) :- somenot3(C,A), \+some3(B,C) 0.148859543818
[DEBUG] rsome3(A,B) :- somenot3(C,A), \+no3(B,C) 0.148859543818
[DEBUG] rsome3(A,B) :- somenot3(C,A), \+somenot3(C,B) 0.148859543818
[DEBUG] rsome3(A,B) :- somenot3(C,A), \+somenot3(B,C) 0.148859543818
[DEBUG] rsome3(A,B) :- somenot3(C,A), \+all3(B,C) 0.13893557423
[DEBUG] rsome3(A,B) :- all3(B,C), \+all3(C,A) 0.0
[DEBUG] rsome3(A,B) :- all3(B,C), \+somenot3(A,C) 0.0
[DEBUG] rsome3(A,B) :- somenot3(C,A), \+all3(C,B) 0.0
[DEBUG] rsome3(A,B) :- somenot3(C,A), \+no3(C,B) 0.0
[DEBUG] rsome3(A,B) :- some3(A,C), \+all3(B,C) 0.0
[DEBUG] rsome3(A,B) :- some3(A,C), \+some3(C,B) 0.0
[DEBUG] rsome3(A,B) :- some3(A,C), \+some3(B,C) 0.0
[DEBUG] rsome3(A,B) :- some3(A,C), \+no3(C,B) 0.0
[DEBUG] rsome3(A,B) :- some3(A,C), \+no3(B,C) 0.0
[DEBUG] rsome3(A,B) :- some3(A,C), \+somenot3(C,B) 0.0
[DEBUG] rsome3(A,B) :- some3(A,C), \+somenot3(B,C) 0.0
[DEBUG] rsome3(A,B) :- some3(B,C), \+all3(A,C) 0.0
[DEBUG] rsome3(A,B) :- some3(B,C), \+some3(A,C) 0.0
[DEBUG] rsome3(A,B) :- some3(B,C), \+some3(C,A) 0.0
[DEBUG] rsome3(A,B) :- some3(B,C), \+no3(A,C) 0.0
[DEBUG] rsome3(A,B) :- some3(B,C), \+no3(C,A) 0.0
[DEBUG] rsome3(A,B) :- some3(B,C), \+somenot3(A,C) 0.0
[DEBUG] rsome3(A,B) :- some3(B,C), \+somenot3(C,A) 0.0
[DEBUG] rsome3(A,B) :- some3(C,A), \+all3(B,C) 0.0
[DEBUG] rsome3(A,B) :- some3(C,A), \+some3(C,B) 0.0
[DEBUG] rsome3(A,B) :- some3(C,A), \+some3(B,C) 0.0
[DEBUG] rsome3(A,B) :- some3(C,A), \+no3(C,B) 0.0
[DEBUG] rsome3(A,B) :- some3(C,A), \+no3(B,C) 0.0
[DEBUG] rsome3(A,B) :- some3(C,A), \+somenot3(C,B) 0.0
[DEBUG] rsome3(A,B) :- some3(C,B), \+all3(A,C) 0.0
[DEBUG] rsome3(A,B) :- some3(C,B), \+some3(A,C) 0.0
[DEBUG] ==================================
[INFO] RULE LEARNED: rsome3(A,B) :- all3(C,A), all3(C,B) 0.916666666667
