[LVL9] Output level: 9
[INFO] Random seed: 0.397129280569
[INFO] Computing scores: 0.1058s
[INFO] Number of examples (M): 110
[INFO] Positive weight (P): 4.0000
[INFO] Negative weight (N): 106.0000
[DEBUG] Best rule so far: rall40(A,B) :- true [0.0363636363636]
[DEBUG] Candidates for iteration 1:
[DEBUG] ==================================
[DEBUG] rall40(A,B) :- true 0.0363636363636
[DEBUG] ==================================
[LVL9] rall40(A,B) :- all40(A,C) 0.0690909090909 (1.0, 13.0, 93.0, 3.0) 0.518181818182 [ACCEPT]
[LVL9] BETTER RULE rall40(A,B) :- all40(A,C) (0.06909090909090909, 1.0) > (0.03636363636363636, 4.0)
[LVL9] rall40(A,B) :- all40(B,C) 0.0690909090909 (1.0, 13.0, 93.0, 3.0) 0.518181818182 [ACCEPT]
[LVL9] rall40(A,B) :- all40(C,A) 0.127272727273 (2.0, 13.0, 93.0, 2.0) 0.678787878788 [ACCEPT]
[LVL9] BETTER RULE rall40(A,B) :- all40(C,A) (0.12727272727272726, 2.0) > (0.06909090909090909, 1.0)
[LVL9] rall40(A,B) :- all40(C,B) 0.0647727272727 (1.0, 14.0, 92.0, 3.0) 0.518181818182 [ACCEPT]
[LVL9] rall40(A,B) :- no40(B,C) 0.135757575758 (2.0, 12.0, 94.0, 2.0) 0.678787878788 [ACCEPT]
[LVL9] BETTER RULE rall40(A,B) :- no40(B,C) (0.13575757575757574, 2.0) > (0.12727272727272726, 2.0)
[LVL9] rall40(A,B) :- no40(C,A) 0.0690909090909 (1.0, 13.0, 93.0, 3.0) 0.518181818182 [ACCEPT]
[DEBUG] Best rule so far: rall40(A,B) :- no40(B,C) [0.135757575758]
[DEBUG] Candidates for iteration 2:
[DEBUG] ==================================
[DEBUG] rall40(A,B) :- no40(B,C) 0.135757575758
[DEBUG] rall40(A,B) :- all40(C,A) 0.127272727273
[DEBUG] rall40(A,B) :- all40(A,C) 0.0690909090909
[DEBUG] rall40(A,B) :- all40(B,C) 0.0690909090909
[DEBUG] rall40(A,B) :- no40(C,A) 0.0690909090909
[DEBUG] rall40(A,B) :- all40(C,B) 0.0647727272727
[DEBUG] ==================================
[LVL9] rall40(A,B) :- no40(B,C), all40(C,A) 0.345454545455 (1.0, 1.0, 105.0, 3.0) 0.518181818182 [ACCEPT]
[LVL9] BETTER RULE rall40(A,B) :- no40(B,C), all40(C,A) (0.34545454545454546, 1.0) > (0.13575757575757574, 2.0)
[LVL9] rall40(A,B) :- no40(B,C), all40(C,D) 0.345454545455 (1.0, 1.0, 105.0, 3.0) 0.518181818182 [ACCEPT]
[LVL9] rall40(A,B) :- no40(B,C), all40(D,A) 0.345454545455 (1.0, 1.0, 105.0, 3.0) 0.518181818182 [ACCEPT]
[LVL9] rall40(A,B) :- no40(B,C), no40(C,A) 0.345454545455 (1.0, 1.0, 105.0, 3.0) 0.518181818182 [ACCEPT]
[LVL9] rall40(A,B) :- no40(B,C), no40(C,D) 0.345454545455 (1.0, 1.0, 105.0, 3.0) 0.518181818182 [ACCEPT]
[LVL9] rall40(A,B) :- no40(B,C), no40(D,A) 0.345454545455 (1.0, 1.0, 105.0, 3.0) 0.518181818182 [ACCEPT]
[LVL9] rall40(A,B) :- no40(B,C), \+all40(A,C) 0.145454545455 (2.0, 11.0, 95.0, 2.0) 0.678787878788 [ACCEPT]
[LVL9] rall40(A,B) :- no40(B,C), \+all40(C,A) 0.0797202797203 (1.0, 11.0, 95.0, 3.0) 0.518181818182 [ACCEPT]
[LVL9] rall40(A,B) :- no40(B,C), \+some40(A,C) 0.156643356643 (2.0, 10.0, 96.0, 2.0) 0.678787878788 [ACCEPT]
[LVL9] rall40(A,B) :- no40(B,C), \+some40(C,A) 0.156643356643 (2.0, 10.0, 96.0, 2.0) 0.678787878788 [ACCEPT]
[LVL9] rall40(A,B) :- no40(B,C), \+no40(A,C) 0.156643356643 (2.0, 10.0, 96.0, 2.0) 0.678787878788 [ACCEPT]
[LVL9] rall40(A,B) :- no40(B,C), \+no40(C,A) 0.0797202797203 (1.0, 11.0, 95.0, 3.0) 0.518181818182 [ACCEPT]
[LVL9] rall40(A,B) :- no40(B,C), \+somenot40(A,C) 0.145454545455 (2.0, 11.0, 95.0, 2.0) 0.678787878788 [ACCEPT]
[LVL9] rall40(A,B) :- no40(B,C), \+somenot40(C,A) 0.156643356643 (2.0, 10.0, 96.0, 2.0) 0.678787878788 [ACCEPT]
[LVL9] rall40(A,B) :- all40(C,A), all40(C,B) 0.345454545455 (1.0, 1.0, 105.0, 3.0) 0.518181818182 [ACCEPT]
[LVL9] rall40(A,B) :- all40(C,A), all40(D,B) 0.345454545455 (1.0, 1.0, 105.0, 3.0) 0.518181818182 [ACCEPT]
[LVL9] rall40(A,B) :- all40(C,A), no40(B,D) 0.345454545455 (1.0, 1.0, 105.0, 3.0) 0.518181818182 [ACCEPT]
[LVL9] rall40(A,B) :- all40(C,A), no40(D,C) 0.345454545455 (1.0, 1.0, 105.0, 3.0) 0.518181818182 [ACCEPT]
[LVL9] rall40(A,B) :- all40(C,A), \+all40(C,B) 0.074025974026 (1.0, 12.0, 94.0, 3.0) 0.518181818182 [ACCEPT]
[LVL9] rall40(A,B) :- all40(C,A), \+all40(B,C) 0.145454545455 (2.0, 11.0, 95.0, 2.0) 0.678787878788 [ACCEPT]
[LVL9] rall40(A,B) :- all40(C,A), \+some40(C,B) 0.145454545455 (2.0, 11.0, 95.0, 2.0) 0.678787878788 [ACCEPT]
[LVL9] rall40(A,B) :- all40(C,A), \+some40(B,C) 0.145454545455 (2.0, 11.0, 95.0, 2.0) 0.678787878788 [ACCEPT]
[LVL9] rall40(A,B) :- all40(C,A), \+no40(C,B) 0.145454545455 (2.0, 11.0, 95.0, 2.0) 0.678787878788 [ACCEPT]
[LVL9] rall40(A,B) :- all40(C,A), \+no40(B,C) 0.074025974026 (1.0, 12.0, 94.0, 3.0) 0.518181818182 [ACCEPT]
[LVL9] rall40(A,B) :- all40(C,A), \+somenot40(C,B) 0.135757575758 (2.0, 12.0, 94.0, 2.0) 0.678787878788 [ACCEPT]
[LVL9] rall40(A,B) :- all40(C,A), \+somenot40(B,C) 0.145454545455 (2.0, 11.0, 95.0, 2.0) 0.678787878788 [ACCEPT]
[LVL9] rall40(A,B) :- all40(A,C), all40(B,C) 0.345454545455 (1.0, 1.0, 105.0, 3.0) 0.518181818182 [ACCEPT]
[LVL9] rall40(A,B) :- all40(A,C), all40(B,D) 0.345454545455 (1.0, 1.0, 105.0, 3.0) 0.518181818182 [ACCEPT]
[LVL9] rall40(A,B) :- all40(A,C), \+all40(C,B) 0.0797202797203 (1.0, 11.0, 95.0, 3.0) 0.518181818182 [ACCEPT]
[LVL9] rall40(A,B) :- all40(A,C), \+some40(C,B) 0.0797202797203 (1.0, 11.0, 95.0, 3.0) 0.518181818182 [ACCEPT]
[LVL9] rall40(A,B) :- all40(A,C), \+some40(B,C) 0.0797202797203 (1.0, 11.0, 95.0, 3.0) 0.518181818182 [ACCEPT]
[LVL9] rall40(A,B) :- all40(A,C), \+no40(C,B) 0.0797202797203 (1.0, 11.0, 95.0, 3.0) 0.518181818182 [ACCEPT]
[LVL9] rall40(A,B) :- all40(A,C), \+no40(B,C) 0.074025974026 (1.0, 12.0, 94.0, 3.0) 0.518181818182 [ACCEPT]
[LVL9] rall40(A,B) :- all40(A,C), \+somenot40(C,B) 0.0797202797203 (1.0, 11.0, 95.0, 3.0) 0.518181818182 [ACCEPT]
[LVL9] rall40(A,B) :- all40(A,C), \+somenot40(B,C) 0.074025974026 (1.0, 12.0, 94.0, 3.0) 0.518181818182 [ACCEPT]
[LVL9] rall40(A,B) :- all40(B,C), all40(A,D) 0.345454545455 (1.0, 1.0, 105.0, 3.0) 0.518181818182 [ACCEPT]
[LVL9] rall40(A,B) :- all40(B,C), \+all40(C,A) 0.0797202797203 (1.0, 11.0, 95.0, 3.0) 0.518181818182 [ACCEPT]
[LVL9] rall40(A,B) :- all40(B,C), \+some40(A,C) 0.0797202797203 (1.0, 11.0, 95.0, 3.0) 0.518181818182 [ACCEPT]
[LVL9] rall40(A,B) :- all40(B,C), \+some40(C,A) 0.0797202797203 (1.0, 11.0, 95.0, 3.0) 0.518181818182 [ACCEPT]
[LVL9] rall40(A,B) :- all40(B,C), \+no40(A,C) 0.074025974026 (1.0, 12.0, 94.0, 3.0) 0.518181818182 [ACCEPT]
[LVL9] rall40(A,B) :- all40(B,C), \+no40(C,A) 0.0797202797203 (1.0, 11.0, 95.0, 3.0) 0.518181818182 [ACCEPT]
[LVL9] rall40(A,B) :- all40(B,C), \+somenot40(A,C) 0.074025974026 (1.0, 12.0, 94.0, 3.0) 0.518181818182 [ACCEPT]
[LVL9] rall40(A,B) :- all40(B,C), \+somenot40(C,A) 0.0797202797203 (1.0, 11.0, 95.0, 3.0) 0.518181818182 [ACCEPT]
[LVL9] rall40(A,B) :- no40(C,A), no40(B,D) 0.345454545455 (1.0, 1.0, 105.0, 3.0) 0.518181818182 [ACCEPT]
[LVL9] rall40(A,B) :- no40(C,A), no40(D,C) 0.345454545455 (1.0, 1.0, 105.0, 3.0) 0.518181818182 [ACCEPT]
[LVL9] rall40(A,B) :- no40(C,A), \+all40(C,B) 0.0797202797203 (1.0, 11.0, 95.0, 3.0) 0.518181818182 [ACCEPT]
[LVL9] rall40(A,B) :- no40(C,A), \+all40(B,C) 0.0797202797203 (1.0, 11.0, 95.0, 3.0) 0.518181818182 [ACCEPT]
[LVL9] rall40(A,B) :- no40(C,A), \+some40(C,B) 0.0797202797203 (1.0, 11.0, 95.0, 3.0) 0.518181818182 [ACCEPT]
[LVL9] rall40(A,B) :- no40(C,A), \+some40(B,C) 0.0797202797203 (1.0, 11.0, 95.0, 3.0) 0.518181818182 [ACCEPT]
[LVL9] rall40(A,B) :- no40(C,A), \+no40(C,B) 0.0797202797203 (1.0, 11.0, 95.0, 3.0) 0.518181818182 [ACCEPT]
[LVL9] rall40(A,B) :- no40(C,A), \+somenot40(B,C) 0.0797202797203 (1.0, 11.0, 95.0, 3.0) 0.518181818182 [ACCEPT]
[LVL9] rall40(A,B) :- all40(C,B), all40(D,A) 0.345454545455 (1.0, 1.0, 105.0, 3.0) 0.518181818182 [ACCEPT]
[LVL9] rall40(A,B) :- all40(C,B), \+all40(A,C) 0.074025974026 (1.0, 12.0, 94.0, 3.0) 0.518181818182 [ACCEPT]
[LVL9] rall40(A,B) :- all40(C,B), \+some40(A,C) 0.074025974026 (1.0, 12.0, 94.0, 3.0) 0.518181818182 [ACCEPT]
[LVL9] rall40(A,B) :- all40(C,B), \+some40(C,A) 0.074025974026 (1.0, 12.0, 94.0, 3.0) 0.518181818182 [ACCEPT]
[LVL9] rall40(A,B) :- all40(C,B), \+no40(A,C) 0.074025974026 (1.0, 12.0, 94.0, 3.0) 0.518181818182 [ACCEPT]
[LVL9] rall40(A,B) :- all40(C,B), \+no40(C,A) 0.074025974026 (1.0, 12.0, 94.0, 3.0) 0.518181818182 [ACCEPT]
[LVL9] rall40(A,B) :- all40(C,B), \+somenot40(A,C) 0.074025974026 (1.0, 12.0, 94.0, 3.0) 0.518181818182 [ACCEPT]
[LVL9] rall40(A,B) :- all40(C,B), \+somenot40(C,A) 0.0690909090909 (1.0, 13.0, 93.0, 3.0) 0.518181818182 [ACCEPT]
[DEBUG] Best rule so far: rall40(A,B) :- no40(B,C), all40(C,A) [0.345454545455]
[DEBUG] Candidates for iteration 3:
[DEBUG] ==================================
[DEBUG] rall40(A,B) :- no40(B,C), all40(C,A) 0.345454545455
[DEBUG] rall40(A,B) :- no40(B,C), all40(C,D) 0.345454545455
[DEBUG] rall40(A,B) :- no40(B,C), all40(D,A) 0.345454545455
[DEBUG] rall40(A,B) :- no40(B,C), no40(C,A) 0.345454545455
[DEBUG] rall40(A,B) :- no40(B,C), no40(C,D) 0.345454545455
[DEBUG] rall40(A,B) :- no40(B,C), no40(D,A) 0.345454545455
[DEBUG] rall40(A,B) :- all40(C,A), all40(C,B) 0.345454545455
[DEBUG] rall40(A,B) :- all40(C,A), all40(D,B) 0.345454545455
[DEBUG] rall40(A,B) :- all40(C,A), no40(B,D) 0.345454545455
[DEBUG] rall40(A,B) :- all40(C,A), no40(D,C) 0.345454545455
[DEBUG] rall40(A,B) :- all40(A,C), all40(B,C) 0.345454545455
[DEBUG] rall40(A,B) :- all40(A,C), all40(B,D) 0.345454545455
[DEBUG] rall40(A,B) :- all40(B,C), all40(A,D) 0.345454545455
[DEBUG] rall40(A,B) :- no40(C,A), no40(B,D) 0.345454545455
[DEBUG] rall40(A,B) :- no40(C,A), no40(D,C) 0.345454545455
[DEBUG] rall40(A,B) :- all40(C,B), all40(D,A) 0.345454545455
[DEBUG] rall40(A,B) :- no40(B,C), \+some40(A,C) 0.156643356643
[DEBUG] rall40(A,B) :- no40(B,C), \+some40(C,A) 0.156643356643
[DEBUG] rall40(A,B) :- no40(B,C), \+no40(A,C) 0.156643356643
[DEBUG] rall40(A,B) :- no40(B,C), \+somenot40(C,A) 0.156643356643
[DEBUG] rall40(A,B) :- no40(B,C), \+all40(A,C) 0.145454545455
[DEBUG] rall40(A,B) :- no40(B,C), \+somenot40(A,C) 0.145454545455
[DEBUG] rall40(A,B) :- all40(C,A), \+all40(B,C) 0.145454545455
[DEBUG] rall40(A,B) :- all40(C,A), \+some40(C,B) 0.145454545455
[DEBUG] rall40(A,B) :- all40(C,A), \+some40(B,C) 0.145454545455
[DEBUG] rall40(A,B) :- all40(C,A), \+no40(C,B) 0.145454545455
[DEBUG] rall40(A,B) :- all40(C,A), \+somenot40(B,C) 0.145454545455
[DEBUG] rall40(A,B) :- all40(C,A), \+somenot40(C,B) 0.135757575758
[DEBUG] rall40(A,B) :- no40(B,C), \+all40(C,A) 0.0797202797203
[DEBUG] rall40(A,B) :- no40(B,C), \+no40(C,A) 0.0797202797203
[DEBUG] rall40(A,B) :- all40(A,C), \+all40(C,B) 0.0797202797203
[DEBUG] rall40(A,B) :- all40(A,C), \+some40(C,B) 0.0797202797203
[DEBUG] rall40(A,B) :- all40(A,C), \+some40(B,C) 0.0797202797203
[DEBUG] rall40(A,B) :- all40(A,C), \+no40(C,B) 0.0797202797203
[DEBUG] rall40(A,B) :- all40(A,C), \+somenot40(C,B) 0.0797202797203
[DEBUG] rall40(A,B) :- all40(B,C), \+all40(C,A) 0.0797202797203
[DEBUG] rall40(A,B) :- all40(B,C), \+some40(A,C) 0.0797202797203
[DEBUG] rall40(A,B) :- all40(B,C), \+some40(C,A) 0.0797202797203
[DEBUG] rall40(A,B) :- all40(B,C), \+no40(C,A) 0.0797202797203
[DEBUG] rall40(A,B) :- all40(B,C), \+somenot40(C,A) 0.0797202797203
[DEBUG] rall40(A,B) :- no40(C,A), \+all40(C,B) 0.0797202797203
[DEBUG] rall40(A,B) :- no40(C,A), \+all40(B,C) 0.0797202797203
[DEBUG] rall40(A,B) :- no40(C,A), \+some40(C,B) 0.0797202797203
[DEBUG] rall40(A,B) :- no40(C,A), \+some40(B,C) 0.0797202797203
[DEBUG] rall40(A,B) :- no40(C,A), \+no40(C,B) 0.0797202797203
[DEBUG] rall40(A,B) :- no40(C,A), \+somenot40(B,C) 0.0797202797203
[DEBUG] rall40(A,B) :- all40(C,A), \+all40(C,B) 0.074025974026
[DEBUG] rall40(A,B) :- all40(C,A), \+no40(B,C) 0.074025974026
[DEBUG] rall40(A,B) :- all40(A,C), \+no40(B,C) 0.074025974026
[DEBUG] rall40(A,B) :- all40(A,C), \+somenot40(B,C) 0.074025974026
[DEBUG] rall40(A,B) :- all40(B,C), \+no40(A,C) 0.074025974026
[DEBUG] rall40(A,B) :- all40(B,C), \+somenot40(A,C) 0.074025974026
[DEBUG] rall40(A,B) :- all40(C,B), \+all40(A,C) 0.074025974026
[DEBUG] rall40(A,B) :- all40(C,B), \+some40(A,C) 0.074025974026
[DEBUG] rall40(A,B) :- all40(C,B), \+some40(C,A) 0.074025974026
[DEBUG] rall40(A,B) :- all40(C,B), \+no40(A,C) 0.074025974026
[DEBUG] rall40(A,B) :- all40(C,B), \+no40(C,A) 0.074025974026
[DEBUG] rall40(A,B) :- all40(C,B), \+somenot40(A,C) 0.074025974026
[DEBUG] rall40(A,B) :- all40(C,B), \+somenot40(C,A) 0.0690909090909
[DEBUG] ==================================
[INFO] RULE LEARNED: rall40(A,B) :- no40(B,C), all40(C,A) 0.963636363636
[DEBUG] Best rule so far: rall40(A,B) :- true [0.0277777777778]
[DEBUG] Candidates for iteration 1:
[DEBUG] ==================================
[DEBUG] rall40(A,B) :- true 0.0277777777778
[DEBUG] ==================================
[LVL9] rall40(A,B) :- all40(A,C) 0.0685185185185 (2.0, 14.0, 92.0, 2.0) 0.513888888889 [ACCEPT]
[LVL9] BETTER RULE rall40(A,B) :- all40(A,C) (0.0685185185185185, 2.0) > (0.027777777777777776, 4.0)
[LVL9] rall40(A,B) :- all40(B,C) 0.0685185185185 (2.0, 14.0, 92.0, 2.0) 0.513888888889 [ACCEPT]
[LVL9] rall40(A,B) :- all40(C,A) 0.0734126984127 (2.0, 13.0, 93.0, 2.0) 0.513888888889 [ACCEPT]
[LVL9] BETTER RULE rall40(A,B) :- all40(C,A) (0.0734126984126984, 2.0) > (0.0685185185185185, 2.0)
[LVL9] rall40(A,B) :- all40(C,B) 0.0642361111111 (2.0, 15.0, 91.0, 2.0) 0.513888888889 [ACCEPT]
[LVL9] rall40(A,B) :- no40(B,C) 0.0790598290598 (2.0, 12.0, 94.0, 2.0) 0.513888888889 [ACCEPT]
[LVL9] BETTER RULE rall40(A,B) :- no40(B,C) (0.07905982905982906, 2.0) > (0.0734126984126984, 2.0)
[LVL9] rall40(A,B) :- no40(C,A) 0.0685185185185 (2.0, 14.0, 92.0, 2.0) 0.513888888889 [ACCEPT]
[DEBUG] Best rule so far: rall40(A,B) :- no40(B,C) [0.0790598290598]
[DEBUG] Candidates for iteration 2:
[DEBUG] ==================================
[DEBUG] rall40(A,B) :- no40(B,C) 0.0790598290598
[DEBUG] rall40(A,B) :- all40(C,A) 0.0734126984127
[DEBUG] rall40(A,B) :- all40(A,C) 0.0685185185185
[DEBUG] rall40(A,B) :- all40(B,C) 0.0685185185185
[DEBUG] rall40(A,B) :- no40(C,A) 0.0685185185185
[DEBUG] rall40(A,B) :- all40(C,B) 0.0642361111111
[DEBUG] ==================================
[LVL9] rall40(A,B) :- no40(B,C), no40(C,A) 0.342592592593 (2.0, 2.0, 104.0, 2.0) 0.513888888889 [ACCEPT]
[LVL9] BETTER RULE rall40(A,B) :- no40(B,C), no40(C,A) (0.34259259259259256, 2.0) > (0.07905982905982906, 2.0)
[LVL9] rall40(A,B) :- no40(B,C), no40(C,D) 0.342592592593 (2.0, 2.0, 104.0, 2.0) 0.513888888889 [ACCEPT]
[LVL9] rall40(A,B) :- no40(B,C), no40(D,A) 0.342592592593 (2.0, 2.0, 104.0, 2.0) 0.513888888889 [ACCEPT]
[LVL9] rall40(A,B) :- no40(B,C), \+all40(A,C) 0.0856481481481 (2.0, 11.0, 95.0, 2.0) 0.513888888889 [ACCEPT]
[LVL9] rall40(A,B) :- no40(B,C), \+some40(A,C) 0.0934343434343 (2.0, 10.0, 96.0, 2.0) 0.513888888889 [ACCEPT]
[LVL9] rall40(A,B) :- no40(B,C), \+some40(C,A) 0.0934343434343 (2.0, 10.0, 96.0, 2.0) 0.513888888889 [ACCEPT]
[LVL9] rall40(A,B) :- no40(B,C), \+no40(A,C) 0.0934343434343 (2.0, 10.0, 96.0, 2.0) 0.513888888889 [ACCEPT]
[LVL9] rall40(A,B) :- no40(B,C), \+somenot40(A,C) 0.0856481481481 (2.0, 11.0, 95.0, 2.0) 0.513888888889 [ACCEPT]
[LVL9] rall40(A,B) :- no40(B,C), \+somenot40(C,A) 0.0934343434343 (2.0, 10.0, 96.0, 2.0) 0.513888888889 [ACCEPT]
[LVL9] rall40(A,B) :- all40(C,A), all40(C,B) 0.342592592593 (2.0, 2.0, 104.0, 2.0) 0.513888888889 [ACCEPT]
[LVL9] rall40(A,B) :- all40(C,A), all40(D,B) 0.342592592593 (2.0, 2.0, 104.0, 2.0) 0.513888888889 [ACCEPT]
[LVL9] rall40(A,B) :- all40(C,A), \+all40(B,C) 0.0856481481481 (2.0, 11.0, 95.0, 2.0) 0.513888888889 [ACCEPT]
[LVL9] rall40(A,B) :- all40(C,A), \+some40(C,B) 0.0856481481481 (2.0, 11.0, 95.0, 2.0) 0.513888888889 [ACCEPT]
[LVL9] rall40(A,B) :- all40(C,A), \+some40(B,C) 0.0856481481481 (2.0, 11.0, 95.0, 2.0) 0.513888888889 [ACCEPT]
[LVL9] rall40(A,B) :- all40(C,A), \+no40(C,B) 0.0856481481481 (2.0, 11.0, 95.0, 2.0) 0.513888888889 [ACCEPT]
[LVL9] rall40(A,B) :- all40(C,A), \+somenot40(C,B) 0.0790598290598 (2.0, 12.0, 94.0, 2.0) 0.513888888889 [ACCEPT]
[LVL9] rall40(A,B) :- all40(C,A), \+somenot40(B,C) 0.0856481481481 (2.0, 11.0, 95.0, 2.0) 0.513888888889 [ACCEPT]
[LVL9] rall40(A,B) :- all40(A,C), all40(B,C) 0.342592592593 (2.0, 2.0, 104.0, 2.0) 0.513888888889 [ACCEPT]
[LVL9] rall40(A,B) :- all40(A,C), all40(B,D) 0.342592592593 (2.0, 2.0, 104.0, 2.0) 0.513888888889 [ACCEPT]
[LVL9] rall40(A,B) :- all40(A,C), \+all40(C,B) 0.0790598290598 (2.0, 12.0, 94.0, 2.0) 0.513888888889 [ACCEPT]
[LVL9] rall40(A,B) :- all40(A,C), \+some40(C,B) 0.0790598290598 (2.0, 12.0, 94.0, 2.0) 0.513888888889 [ACCEPT]
[LVL9] rall40(A,B) :- all40(A,C), \+some40(B,C) 0.0790598290598 (2.0, 12.0, 94.0, 2.0) 0.513888888889 [ACCEPT]
[LVL9] rall40(A,B) :- all40(A,C), \+no40(C,B) 0.0790598290598 (2.0, 12.0, 94.0, 2.0) 0.513888888889 [ACCEPT]
[LVL9] rall40(A,B) :- all40(A,C), \+no40(B,C) 0.0734126984127 (2.0, 13.0, 93.0, 2.0) 0.513888888889 [ACCEPT]
[LVL9] rall40(A,B) :- all40(A,C), \+somenot40(C,B) 0.0790598290598 (2.0, 12.0, 94.0, 2.0) 0.513888888889 [ACCEPT]
[LVL9] rall40(A,B) :- all40(A,C), \+somenot40(B,C) 0.0734126984127 (2.0, 13.0, 93.0, 2.0) 0.513888888889 [ACCEPT]
[LVL9] rall40(A,B) :- all40(B,C), all40(A,D) 0.342592592593 (2.0, 2.0, 104.0, 2.0) 0.513888888889 [ACCEPT]
[LVL9] rall40(A,B) :- all40(B,C), \+all40(C,A) 0.0790598290598 (2.0, 12.0, 94.0, 2.0) 0.513888888889 [ACCEPT]
[LVL9] rall40(A,B) :- all40(B,C), \+some40(A,C) 0.0790598290598 (2.0, 12.0, 94.0, 2.0) 0.513888888889 [ACCEPT]
[LVL9] rall40(A,B) :- all40(B,C), \+some40(C,A) 0.0790598290598 (2.0, 12.0, 94.0, 2.0) 0.513888888889 [ACCEPT]
[LVL9] rall40(A,B) :- all40(B,C), \+no40(A,C) 0.0734126984127 (2.0, 13.0, 93.0, 2.0) 0.513888888889 [ACCEPT]
[LVL9] rall40(A,B) :- all40(B,C), \+no40(C,A) 0.0790598290598 (2.0, 12.0, 94.0, 2.0) 0.513888888889 [ACCEPT]
[LVL9] rall40(A,B) :- all40(B,C), \+somenot40(A,C) 0.0734126984127 (2.0, 13.0, 93.0, 2.0) 0.513888888889 [ACCEPT]
[LVL9] rall40(A,B) :- all40(B,C), \+somenot40(C,A) 0.0790598290598 (2.0, 12.0, 94.0, 2.0) 0.513888888889 [ACCEPT]
[LVL9] rall40(A,B) :- no40(C,A), no40(B,D) 0.342592592593 (2.0, 2.0, 104.0, 2.0) 0.513888888889 [ACCEPT]
[LVL9] rall40(A,B) :- no40(C,A), no40(D,C) 0.342592592593 (2.0, 2.0, 104.0, 2.0) 0.513888888889 [ACCEPT]
[LVL9] rall40(A,B) :- no40(C,A), \+all40(C,B) 0.0790598290598 (2.0, 12.0, 94.0, 2.0) 0.513888888889 [ACCEPT]
[LVL9] rall40(A,B) :- no40(C,A), \+all40(B,C) 0.0790598290598 (2.0, 12.0, 94.0, 2.0) 0.513888888889 [ACCEPT]
[LVL9] rall40(A,B) :- no40(C,A), \+some40(C,B) 0.0790598290598 (2.0, 12.0, 94.0, 2.0) 0.513888888889 [ACCEPT]
[LVL9] rall40(A,B) :- no40(C,A), \+some40(B,C) 0.0790598290598 (2.0, 12.0, 94.0, 2.0) 0.513888888889 [ACCEPT]
[LVL9] rall40(A,B) :- no40(C,A), \+no40(C,B) 0.0790598290598 (2.0, 12.0, 94.0, 2.0) 0.513888888889 [ACCEPT]
[LVL9] rall40(A,B) :- no40(C,A), \+somenot40(B,C) 0.0790598290598 (2.0, 12.0, 94.0, 2.0) 0.513888888889 [ACCEPT]
[LVL9] rall40(A,B) :- all40(C,B), all40(D,A) 0.342592592593 (2.0, 2.0, 104.0, 2.0) 0.513888888889 [ACCEPT]
[LVL9] rall40(A,B) :- all40(C,B), \+all40(A,C) 0.0734126984127 (2.0, 13.0, 93.0, 2.0) 0.513888888889 [ACCEPT]
[LVL9] rall40(A,B) :- all40(C,B), \+some40(A,C) 0.0734126984127 (2.0, 13.0, 93.0, 2.0) 0.513888888889 [ACCEPT]
[LVL9] rall40(A,B) :- all40(C,B), \+some40(C,A) 0.0734126984127 (2.0, 13.0, 93.0, 2.0) 0.513888888889 [ACCEPT]
[LVL9] rall40(A,B) :- all40(C,B), \+no40(A,C) 0.0734126984127 (2.0, 13.0, 93.0, 2.0) 0.513888888889 [ACCEPT]
[LVL9] rall40(A,B) :- all40(C,B), \+no40(C,A) 0.0734126984127 (2.0, 13.0, 93.0, 2.0) 0.513888888889 [ACCEPT]
[LVL9] rall40(A,B) :- all40(C,B), \+somenot40(A,C) 0.0734126984127 (2.0, 13.0, 93.0, 2.0) 0.513888888889 [ACCEPT]
[LVL9] rall40(A,B) :- all40(C,B), \+somenot40(C,A) 0.0685185185185 (2.0, 14.0, 92.0, 2.0) 0.513888888889 [ACCEPT]
[DEBUG] Best rule so far: rall40(A,B) :- no40(B,C), no40(C,A) [0.342592592593]
[DEBUG] Candidates for iteration 3:
[DEBUG] ==================================
[DEBUG] rall40(A,B) :- no40(B,C), no40(C,A) 0.342592592593
[DEBUG] rall40(A,B) :- no40(B,C), no40(C,D) 0.342592592593
[DEBUG] rall40(A,B) :- no40(B,C), no40(D,A) 0.342592592593
[DEBUG] rall40(A,B) :- all40(C,A), all40(C,B) 0.342592592593
[DEBUG] rall40(A,B) :- all40(C,A), all40(D,B) 0.342592592593
[DEBUG] rall40(A,B) :- all40(A,C), all40(B,C) 0.342592592593
[DEBUG] rall40(A,B) :- all40(A,C), all40(B,D) 0.342592592593
[DEBUG] rall40(A,B) :- all40(B,C), all40(A,D) 0.342592592593
[DEBUG] rall40(A,B) :- no40(C,A), no40(B,D) 0.342592592593
[DEBUG] rall40(A,B) :- no40(C,A), no40(D,C) 0.342592592593
[DEBUG] rall40(A,B) :- all40(C,B), all40(D,A) 0.342592592593
[DEBUG] rall40(A,B) :- no40(B,C), \+some40(A,C) 0.0934343434343
[DEBUG] rall40(A,B) :- no40(B,C), \+some40(C,A) 0.0934343434343
[DEBUG] rall40(A,B) :- no40(B,C), \+no40(A,C) 0.0934343434343
[DEBUG] rall40(A,B) :- no40(B,C), \+somenot40(C,A) 0.0934343434343
[DEBUG] rall40(A,B) :- no40(B,C), \+all40(A,C) 0.0856481481481
[DEBUG] rall40(A,B) :- no40(B,C), \+somenot40(A,C) 0.0856481481481
[DEBUG] rall40(A,B) :- all40(C,A), \+all40(B,C) 0.0856481481481
[DEBUG] rall40(A,B) :- all40(C,A), \+some40(C,B) 0.0856481481481
[DEBUG] rall40(A,B) :- all40(C,A), \+some40(B,C) 0.0856481481481
[DEBUG] rall40(A,B) :- all40(C,A), \+no40(C,B) 0.0856481481481
[DEBUG] rall40(A,B) :- all40(C,A), \+somenot40(B,C) 0.0856481481481
[DEBUG] rall40(A,B) :- all40(C,A), \+somenot40(C,B) 0.0790598290598
[DEBUG] rall40(A,B) :- all40(A,C), \+all40(C,B) 0.0790598290598
[DEBUG] rall40(A,B) :- all40(A,C), \+some40(C,B) 0.0790598290598
[DEBUG] rall40(A,B) :- all40(A,C), \+some40(B,C) 0.0790598290598
[DEBUG] rall40(A,B) :- all40(A,C), \+no40(C,B) 0.0790598290598
[DEBUG] rall40(A,B) :- all40(A,C), \+somenot40(C,B) 0.0790598290598
[DEBUG] rall40(A,B) :- all40(B,C), \+all40(C,A) 0.0790598290598
[DEBUG] rall40(A,B) :- all40(B,C), \+some40(A,C) 0.0790598290598
[DEBUG] rall40(A,B) :- all40(B,C), \+some40(C,A) 0.0790598290598
[DEBUG] rall40(A,B) :- all40(B,C), \+no40(C,A) 0.0790598290598
[DEBUG] rall40(A,B) :- all40(B,C), \+somenot40(C,A) 0.0790598290598
[DEBUG] rall40(A,B) :- no40(C,A), \+all40(C,B) 0.0790598290598
[DEBUG] rall40(A,B) :- no40(C,A), \+all40(B,C) 0.0790598290598
[DEBUG] rall40(A,B) :- no40(C,A), \+some40(C,B) 0.0790598290598
[DEBUG] rall40(A,B) :- no40(C,A), \+some40(B,C) 0.0790598290598
[DEBUG] rall40(A,B) :- no40(C,A), \+no40(C,B) 0.0790598290598
[DEBUG] rall40(A,B) :- no40(C,A), \+somenot40(B,C) 0.0790598290598
[DEBUG] rall40(A,B) :- all40(A,C), \+no40(B,C) 0.0734126984127
[DEBUG] rall40(A,B) :- all40(A,C), \+somenot40(B,C) 0.0734126984127
[DEBUG] rall40(A,B) :- all40(B,C), \+no40(A,C) 0.0734126984127
[DEBUG] rall40(A,B) :- all40(B,C), \+somenot40(A,C) 0.0734126984127
[DEBUG] rall40(A,B) :- all40(C,B), \+all40(A,C) 0.0734126984127
[DEBUG] rall40(A,B) :- all40(C,B), \+some40(A,C) 0.0734126984127
[DEBUG] rall40(A,B) :- all40(C,B), \+some40(C,A) 0.0734126984127
[DEBUG] rall40(A,B) :- all40(C,B), \+no40(A,C) 0.0734126984127
[DEBUG] rall40(A,B) :- all40(C,B), \+no40(C,A) 0.0734126984127
[DEBUG] rall40(A,B) :- all40(C,B), \+somenot40(A,C) 0.0734126984127
[DEBUG] rall40(A,B) :- all40(C,B), \+somenot40(C,A) 0.0685185185185
[DEBUG] ==================================
[INFO] RULE LEARNED: rall40(A,B) :- no40(B,C), no40(C,A) 0.963636363636
