[LVL9] Output level: 9
[INFO] Random seed: 0.457810951091
[INFO] Computing scores: 0.0182s
[INFO] Number of examples (M): 52
[INFO] Positive weight (P): 16.0000
[INFO] Negative weight (N): 36.0000
[DEBUG] Best rule so far: rnvc107(A,B) :- true [0.0]
[DEBUG] Candidates for iteration 1:
[DEBUG] ==================================
[DEBUG] rnvc107(A,B) :- true 0.0
[DEBUG] ==================================
[LVL9] rnvc107(A,B) :- all107(A,C) 0.0 (2.0, 5.0, 31.0, 14.0) 0.769230769231 [ACCEPT]
[LVL9] rnvc107(A,B) :- all107(B,C) 0.472527472527 (3.0, 3.0, 33.0, 13.0) 0.826923076923 [ACCEPT]
[LVL9] BETTER RULE rnvc107(A,B) :- all107(B,C) (0.4725274725274725, 3.0) > (0.0, 16.0)
[LVL9] rnvc107(A,B) :- all107(C,A) 0.0 (2.0, 5.0, 31.0, 14.0) 0.769230769231 [ACCEPT]
[LVL9] rnvc107(A,B) :- all107(C,B) 0.0 (1.0, 6.0, 30.0, 15.0) 0.653846153846 [ACCEPT]
[LVL9] rnvc107(A,B) :- some107(A,C) 0.32967032967 (2.0, 4.0, 32.0, 14.0) 0.769230769231 [ACCEPT]
[LVL9] rnvc107(A,B) :- some107(B,C) 0.0 (2.0, 5.0, 31.0, 14.0) 0.769230769231 [ACCEPT]
[LVL9] rnvc107(A,B) :- some107(C,A) 0.0 (1.0, 6.0, 30.0, 15.0) 0.653846153846 [ACCEPT]
[LVL9] rnvc107(A,B) :- some107(C,B) 0.0 (2.0, 5.0, 31.0, 14.0) 0.769230769231 [ACCEPT]
[LVL9] rnvc107(A,B) :- no107(A,C) 0.384615384615 (2.0, 3.0, 33.0, 14.0) 0.769230769231 [ACCEPT]
[LVL9] rnvc107(A,B) :- no107(B,C) 0.472527472527 (3.0, 3.0, 33.0, 13.0) 0.826923076923 [ACCEPT]
[LVL9] rnvc107(A,B) :- no107(C,A) 0.0 (2.0, 5.0, 31.0, 14.0) 0.769230769231 [ACCEPT]
[LVL9] rnvc107(A,B) :- no107(C,B) 0.0 (1.0, 5.0, 31.0, 15.0) 0.653846153846 [ACCEPT]
[LVL9] rnvc107(A,B) :- somenot107(A,C) 0.0 (2.0, 5.0, 31.0, 14.0) 0.769230769231 [ACCEPT]
[LVL9] rnvc107(A,B) :- somenot107(B,C) 0.615384615385 (4.0, 2.0, 34.0, 12.0) 0.861538461538 [ACCEPT]
[LVL9] BETTER RULE rnvc107(A,B) :- somenot107(B,C) (0.6153846153846153, 4.0) > (0.4725274725274725, 3.0)
[LVL9] rnvc107(A,B) :- somenot107(C,A) 0.472527472527 (3.0, 3.0, 33.0, 13.0) 0.826923076923 [ACCEPT]
[DEBUG] Best rule so far: rnvc107(A,B) :- somenot107(B,C) [0.615384615385]
[DEBUG] Candidates for iteration 2:
[DEBUG] ==================================
[DEBUG] rnvc107(A,B) :- somenot107(B,C) 0.615384615385
[DEBUG] rnvc107(A,B) :- all107(B,C) 0.472527472527
[DEBUG] rnvc107(A,B) :- no107(B,C) 0.472527472527
[DEBUG] rnvc107(A,B) :- somenot107(C,A) 0.472527472527
[DEBUG] rnvc107(A,B) :- no107(A,C) 0.384615384615
[DEBUG] rnvc107(A,B) :- some107(A,C) 0.32967032967
[DEBUG] rnvc107(A,B) :- all107(A,C) 0.0
[DEBUG] rnvc107(A,B) :- all107(C,A) 0.0
[DEBUG] rnvc107(A,B) :- some107(B,C) 0.0
[DEBUG] rnvc107(A,B) :- some107(C,B) 0.0
[DEBUG] rnvc107(A,B) :- no107(C,A) 0.0
[DEBUG] rnvc107(A,B) :- somenot107(A,C) 0.0
[DEBUG] rnvc107(A,B) :- all107(C,B) 0.0
[DEBUG] rnvc107(A,B) :- some107(C,A) 0.0
[DEBUG] rnvc107(A,B) :- no107(C,B) 0.0
[DEBUG] ==================================
[LVL9] rnvc107(A,B) :- somenot107(B,C), all107(A,C) 0.653846153846 (1.0, 0.0, 36.0, 15.0) 0.653846153846 [REJECT* fp] 0.0
[LVL9] BETTER RULE rnvc107(A,B) :- somenot107(B,C), all107(A,C) (0.6538461538461539, 1.0) > (0.6153846153846153, 4.0)
[LVL9] rnvc107(A,B) :- somenot107(B,C), \+all107(C,A) 0.717948717949 (4.0, 1.0, 35.0, 12.0) 0.861538461538 [ACCEPT]
[LVL9] BETTER RULE rnvc107(A,B) :- somenot107(B,C), \+all107(C,A) (0.717948717948718, 4.0) > (0.6538461538461539, 1.0)
[LVL9] rnvc107(A,B) :- somenot107(B,C), \+some107(C,A) 0.717948717949 (4.0, 1.0, 35.0, 12.0) 0.861538461538 [ACCEPT]
[LVL9] rnvc107(A,B) :- all107(B,C), \+some107(C,A) 0.551282051282 (3.0, 2.0, 34.0, 13.0) 0.826923076923 [ACCEPT]
[LVL9] rnvc107(A,B) :- all107(B,C), \+no107(A,C) 0.551282051282 (3.0, 2.0, 34.0, 13.0) 0.826923076923 [ACCEPT]
[LVL9] rnvc107(A,B) :- all107(B,C), \+no107(C,A) 0.551282051282 (3.0, 2.0, 34.0, 13.0) 0.826923076923 [ACCEPT]
[LVL9] rnvc107(A,B) :- no107(B,C), \+some107(C,A) 0.551282051282 (3.0, 2.0, 34.0, 13.0) 0.826923076923 [ACCEPT]
[LVL9] rnvc107(A,B) :- no107(B,C), \+no107(C,A) 0.551282051282 (3.0, 2.0, 34.0, 13.0) 0.826923076923 [ACCEPT]
[LVL9] rnvc107(A,B) :- no107(B,C), \+somenot107(A,C) 0.551282051282 (3.0, 2.0, 34.0, 13.0) 0.826923076923 [ACCEPT]
[LVL9] rnvc107(A,B) :- somenot107(C,A), \+all107(C,B) 0.551282051282 (3.0, 2.0, 34.0, 13.0) 0.826923076923 [ACCEPT]
[LVL9] rnvc107(A,B) :- somenot107(C,A), \+some107(C,B) 0.551282051282 (3.0, 2.0, 34.0, 13.0) 0.826923076923 [ACCEPT]
[LVL9] rnvc107(A,B) :- somenot107(C,A), \+some107(B,C) 0.551282051282 (3.0, 2.0, 34.0, 13.0) 0.826923076923 [ACCEPT]
[LVL9] rnvc107(A,B) :- no107(A,C), \+all107(C,B) 0.461538461538 (2.0, 2.0, 34.0, 14.0) 0.769230769231 [ACCEPT]
[LVL9] rnvc107(A,B) :- no107(A,C), \+all107(B,C) 0.461538461538 (2.0, 2.0, 34.0, 14.0) 0.769230769231 [ACCEPT]
[LVL9] rnvc107(A,B) :- no107(A,C), \+somenot107(C,B) 0.461538461538 (2.0, 2.0, 34.0, 14.0) 0.769230769231 [ACCEPT]
[LVL9] rnvc107(A,B) :- some107(A,C), \+all107(C,B) 0.384615384615 (2.0, 3.0, 33.0, 14.0) 0.769230769231 [ACCEPT]
[LVL9] rnvc107(A,B) :- some107(A,C), \+some107(C,B) 0.384615384615 (2.0, 3.0, 33.0, 14.0) 0.769230769231 [ACCEPT]
[LVL9] rnvc107(A,B) :- some107(A,C), \+no107(C,B) 0.384615384615 (2.0, 3.0, 33.0, 14.0) 0.769230769231 [ACCEPT]
[LVL9] rnvc107(A,B) :- some107(A,C), \+somenot107(C,B) 0.384615384615 (2.0, 3.0, 33.0, 14.0) 0.769230769231 [ACCEPT]
[LVL9] rnvc107(A,B) :- all107(A,C), \+all107(C,B) 0.32967032967 (2.0, 4.0, 32.0, 14.0) 0.769230769231 [ACCEPT]
[LVL9] rnvc107(A,B) :- all107(A,C), \+some107(C,B) 0.32967032967 (2.0, 4.0, 32.0, 14.0) 0.769230769231 [ACCEPT]
[LVL9] rnvc107(A,B) :- all107(A,C), \+some107(B,C) 0.32967032967 (2.0, 4.0, 32.0, 14.0) 0.769230769231 [ACCEPT]
[LVL9] rnvc107(A,B) :- all107(A,C), \+no107(C,B) 0.32967032967 (2.0, 4.0, 32.0, 14.0) 0.769230769231 [ACCEPT]
[LVL9] rnvc107(A,B) :- all107(A,C), \+somenot107(C,B) 0.32967032967 (2.0, 4.0, 32.0, 14.0) 0.769230769231 [ACCEPT]
[LVL9] rnvc107(A,B) :- all107(C,A), \+some107(C,B) 0.32967032967 (2.0, 4.0, 32.0, 14.0) 0.769230769231 [ACCEPT]
[LVL9] rnvc107(A,B) :- all107(C,A), \+some107(B,C) 0.32967032967 (2.0, 4.0, 32.0, 14.0) 0.769230769231 [ACCEPT]
[LVL9] rnvc107(A,B) :- all107(C,A), \+no107(C,B) 0.32967032967 (2.0, 4.0, 32.0, 14.0) 0.769230769231 [ACCEPT]
[LVL9] rnvc107(A,B) :- all107(C,A), \+somenot107(C,B) 0.32967032967 (2.0, 4.0, 32.0, 14.0) 0.769230769231 [ACCEPT]
[LVL9] rnvc107(A,B) :- all107(C,A), \+somenot107(B,C) 0.32967032967 (2.0, 4.0, 32.0, 14.0) 0.769230769231 [ACCEPT]
[LVL9] rnvc107(A,B) :- some107(B,C), \+all107(A,C) 0.32967032967 (2.0, 4.0, 32.0, 14.0) 0.769230769231 [ACCEPT]
[LVL9] rnvc107(A,B) :- some107(B,C), \+all107(C,A) 0.32967032967 (2.0, 4.0, 32.0, 14.0) 0.769230769231 [ACCEPT]
[LVL9] rnvc107(A,B) :- some107(B,C), \+some107(C,A) 0.32967032967 (2.0, 4.0, 32.0, 14.0) 0.769230769231 [ACCEPT]
[LVL9] rnvc107(A,B) :- some107(B,C), \+no107(C,A) 0.32967032967 (2.0, 4.0, 32.0, 14.0) 0.769230769231 [ACCEPT]
[LVL9] rnvc107(A,B) :- some107(B,C), \+somenot107(C,A) 0.32967032967 (2.0, 4.0, 32.0, 14.0) 0.769230769231 [ACCEPT]
[LVL9] rnvc107(A,B) :- some107(C,B), \+all107(A,C) 0.32967032967 (2.0, 4.0, 32.0, 14.0) 0.769230769231 [ACCEPT]
[LVL9] rnvc107(A,B) :- some107(C,B), \+all107(C,A) 0.32967032967 (2.0, 4.0, 32.0, 14.0) 0.769230769231 [ACCEPT]
[LVL9] rnvc107(A,B) :- some107(C,B), \+some107(A,C) 0.32967032967 (2.0, 4.0, 32.0, 14.0) 0.769230769231 [ACCEPT]
[LVL9] rnvc107(A,B) :- some107(C,B), \+somenot107(A,C) 0.32967032967 (2.0, 4.0, 32.0, 14.0) 0.769230769231 [ACCEPT]
[LVL9] rnvc107(A,B) :- some107(C,B), \+somenot107(C,A) 0.32967032967 (2.0, 4.0, 32.0, 14.0) 0.769230769231 [ACCEPT]
[LVL9] rnvc107(A,B) :- no107(C,A), \+all107(C,B) 0.32967032967 (2.0, 4.0, 32.0, 14.0) 0.769230769231 [ACCEPT]
[LVL9] rnvc107(A,B) :- no107(C,A), \+all107(B,C) 0.32967032967 (2.0, 4.0, 32.0, 14.0) 0.769230769231 [ACCEPT]
[LVL9] rnvc107(A,B) :- no107(C,A), \+some107(B,C) 0.32967032967 (2.0, 4.0, 32.0, 14.0) 0.769230769231 [ACCEPT]
[LVL9] rnvc107(A,B) :- no107(C,A), \+no107(B,C) 0.32967032967 (2.0, 4.0, 32.0, 14.0) 0.769230769231 [ACCEPT]
[LVL9] rnvc107(A,B) :- no107(C,A), \+somenot107(C,B) 0.32967032967 (2.0, 4.0, 32.0, 14.0) 0.769230769231 [ACCEPT]
[LVL9] rnvc107(A,B) :- somenot107(A,C), \+all107(C,B) 0.32967032967 (2.0, 4.0, 32.0, 14.0) 0.769230769231 [ACCEPT]
[LVL9] rnvc107(A,B) :- somenot107(A,C), \+some107(C,B) 0.32967032967 (2.0, 4.0, 32.0, 14.0) 0.769230769231 [ACCEPT]
[LVL9] rnvc107(A,B) :- somenot107(A,C), \+no107(C,B) 0.32967032967 (2.0, 4.0, 32.0, 14.0) 0.769230769231 [ACCEPT]
[LVL9] rnvc107(A,B) :- somenot107(A,C), \+no107(B,C) 0.32967032967 (2.0, 4.0, 32.0, 14.0) 0.769230769231 [ACCEPT]
[LVL9] rnvc107(A,B) :- somenot107(A,C), \+somenot107(C,B) 0.32967032967 (2.0, 4.0, 32.0, 14.0) 0.769230769231 [ACCEPT]
[DEBUG] Best rule so far: rnvc107(A,B) :- somenot107(B,C), \+all107(C,A) [0.717948717949]
[DEBUG] Candidates for iteration 3:
[DEBUG] ==================================
[DEBUG] rnvc107(A,B) :- somenot107(B,C), \+all107(C,A) 0.717948717949
[DEBUG] rnvc107(A,B) :- somenot107(B,C), \+some107(C,A) 0.717948717949
[DEBUG] rnvc107(A,B) :- all107(B,C), \+some107(C,A) 0.551282051282
[DEBUG] rnvc107(A,B) :- all107(B,C), \+no107(A,C) 0.551282051282
[DEBUG] rnvc107(A,B) :- all107(B,C), \+no107(C,A) 0.551282051282
[DEBUG] rnvc107(A,B) :- no107(B,C), \+some107(C,A) 0.551282051282
[DEBUG] rnvc107(A,B) :- no107(B,C), \+no107(C,A) 0.551282051282
[DEBUG] rnvc107(A,B) :- no107(B,C), \+somenot107(A,C) 0.551282051282
[DEBUG] rnvc107(A,B) :- somenot107(C,A), \+all107(C,B) 0.551282051282
[DEBUG] rnvc107(A,B) :- somenot107(C,A), \+some107(C,B) 0.551282051282
[DEBUG] rnvc107(A,B) :- somenot107(C,A), \+some107(B,C) 0.551282051282
[DEBUG] rnvc107(A,B) :- no107(A,C), \+all107(C,B) 0.461538461538
[DEBUG] rnvc107(A,B) :- no107(A,C), \+all107(B,C) 0.461538461538
[DEBUG] rnvc107(A,B) :- no107(A,C), \+somenot107(C,B) 0.461538461538
[DEBUG] rnvc107(A,B) :- some107(A,C), \+all107(C,B) 0.384615384615
[DEBUG] rnvc107(A,B) :- some107(A,C), \+some107(C,B) 0.384615384615
[DEBUG] rnvc107(A,B) :- some107(A,C), \+no107(C,B) 0.384615384615
[DEBUG] rnvc107(A,B) :- some107(A,C), \+somenot107(C,B) 0.384615384615
[DEBUG] rnvc107(A,B) :- all107(A,C), \+all107(C,B) 0.32967032967
[DEBUG] rnvc107(A,B) :- all107(A,C), \+some107(C,B) 0.32967032967
[DEBUG] rnvc107(A,B) :- all107(A,C), \+some107(B,C) 0.32967032967
[DEBUG] rnvc107(A,B) :- all107(A,C), \+no107(C,B) 0.32967032967
[DEBUG] rnvc107(A,B) :- all107(A,C), \+somenot107(C,B) 0.32967032967
[DEBUG] rnvc107(A,B) :- all107(C,A), \+some107(C,B) 0.32967032967
[DEBUG] rnvc107(A,B) :- all107(C,A), \+some107(B,C) 0.32967032967
[DEBUG] rnvc107(A,B) :- all107(C,A), \+no107(C,B) 0.32967032967
[DEBUG] rnvc107(A,B) :- all107(C,A), \+somenot107(C,B) 0.32967032967
[DEBUG] rnvc107(A,B) :- all107(C,A), \+somenot107(B,C) 0.32967032967
[DEBUG] rnvc107(A,B) :- some107(B,C), \+all107(A,C) 0.32967032967
[DEBUG] rnvc107(A,B) :- some107(B,C), \+all107(C,A) 0.32967032967
[DEBUG] rnvc107(A,B) :- some107(B,C), \+some107(C,A) 0.32967032967
[DEBUG] rnvc107(A,B) :- some107(B,C), \+no107(C,A) 0.32967032967
[DEBUG] rnvc107(A,B) :- some107(B,C), \+somenot107(C,A) 0.32967032967
[DEBUG] rnvc107(A,B) :- some107(C,B), \+all107(A,C) 0.32967032967
[DEBUG] rnvc107(A,B) :- some107(C,B), \+all107(C,A) 0.32967032967
[DEBUG] rnvc107(A,B) :- some107(C,B), \+some107(A,C) 0.32967032967
[DEBUG] rnvc107(A,B) :- some107(C,B), \+somenot107(A,C) 0.32967032967
[DEBUG] rnvc107(A,B) :- some107(C,B), \+somenot107(C,A) 0.32967032967
[DEBUG] rnvc107(A,B) :- no107(C,A), \+all107(C,B) 0.32967032967
[DEBUG] rnvc107(A,B) :- no107(C,A), \+all107(B,C) 0.32967032967
[DEBUG] rnvc107(A,B) :- no107(C,A), \+some107(B,C) 0.32967032967
[DEBUG] rnvc107(A,B) :- no107(C,A), \+no107(B,C) 0.32967032967
[DEBUG] rnvc107(A,B) :- no107(C,A), \+somenot107(C,B) 0.32967032967
[DEBUG] rnvc107(A,B) :- somenot107(A,C), \+all107(C,B) 0.32967032967
[DEBUG] rnvc107(A,B) :- somenot107(A,C), \+some107(C,B) 0.32967032967
[DEBUG] rnvc107(A,B) :- somenot107(A,C), \+no107(C,B) 0.32967032967
[DEBUG] rnvc107(A,B) :- somenot107(A,C), \+no107(B,C) 0.32967032967
[DEBUG] rnvc107(A,B) :- somenot107(A,C), \+somenot107(C,B) 0.32967032967
[DEBUG] ==================================
[INFO] RULE LEARNED: rnvc107(A,B) :- somenot107(B,C), \+all107(C,A) 0.75
[DEBUG] Best rule so far: rnvc107(A,B) :- true [0.255319148936]
[DEBUG] Candidates for iteration 1:
[DEBUG] ==================================
[DEBUG] rnvc107(A,B) :- true 0.255319148936
[DEBUG] ==================================
[LVL9] rnvc107(A,B) :- all107(A,C) 0.0 (5.0, 6.0, 30.0, 11.0) 0.627659574468 [ACCEPT]
[LVL9] rnvc107(A,B) :- all107(B,C) 0.465045592705 (7.0, 4.0, 32.0, 9.0) 0.813829787234 [ACCEPT]
[LVL9] BETTER RULE rnvc107(A,B) :- all107(B,C) (0.46504559270516715, 7.0) > (0.2553191489361702, 16.0)
[LVL9] rnvc107(A,B) :- all107(C,A) 0.281914893617 (6.0, 6.0, 30.0, 10.0) 0.751773049645 [ACCEPT]
[LVL9] rnvc107(A,B) :- all107(C,B) 0.0 (5.0, 7.0, 29.0, 11.0) 0.627659574468 [ACCEPT]
[LVL9] rnvc107(A,B) :- some107(A,C) 0.322188449848 (6.0, 5.0, 31.0, 10.0) 0.751773049645 [ACCEPT]
[LVL9] rnvc107(A,B) :- some107(B,C) 0.281914893617 (6.0, 6.0, 30.0, 10.0) 0.751773049645 [ACCEPT]
[LVL9] rnvc107(A,B) :- some107(C,A) 0.0 (5.0, 6.0, 30.0, 11.0) 0.627659574468 [ACCEPT]
[LVL9] rnvc107(A,B) :- some107(C,B) 0.281914893617 (6.0, 6.0, 30.0, 10.0) 0.751773049645 [ACCEPT]
[LVL9] rnvc107(A,B) :- no107(A,C) 0.0 (5.0, 4.0, 32.0, 11.0) 0.627659574468 [ACCEPT]
[LVL9] rnvc107(A,B) :- no107(B,C) 0.465045592705 (7.0, 4.0, 32.0, 9.0) 0.813829787234 [ACCEPT]
[LVL9] rnvc107(A,B) :- no107(C,A) 0.281914893617 (6.0, 6.0, 30.0, 10.0) 0.751773049645 [ACCEPT]
[LVL9] rnvc107(A,B) :- no107(C,B) 0.0 (5.0, 6.0, 30.0, 11.0) 0.627659574468 [ACCEPT]
[LVL9] rnvc107(A,B) :- somenot107(A,C) 0.0 (5.0, 6.0, 30.0, 11.0) 0.627659574468 [ACCEPT]
[LVL9] rnvc107(A,B) :- somenot107(C,A) 0.375886524823 (6.0, 4.0, 32.0, 10.0) 0.751773049645 [ACCEPT]
[DEBUG] Best rule so far: rnvc107(A,B) :- all107(B,C) [0.465045592705]
[DEBUG] Candidates for iteration 2:
[DEBUG] ==================================
[DEBUG] rnvc107(A,B) :- all107(B,C) 0.465045592705
[DEBUG] rnvc107(A,B) :- no107(B,C) 0.465045592705
[DEBUG] rnvc107(A,B) :- somenot107(C,A) 0.375886524823
[DEBUG] rnvc107(A,B) :- some107(A,C) 0.322188449848
[DEBUG] rnvc107(A,B) :- all107(C,A) 0.281914893617
[DEBUG] rnvc107(A,B) :- some107(B,C) 0.281914893617
[DEBUG] rnvc107(A,B) :- some107(C,B) 0.281914893617
[DEBUG] rnvc107(A,B) :- no107(C,A) 0.281914893617
[DEBUG] rnvc107(A,B) :- all107(A,C) 0.0
[DEBUG] rnvc107(A,B) :- all107(C,B) 0.0
[DEBUG] rnvc107(A,B) :- some107(C,A) 0.0
[DEBUG] rnvc107(A,B) :- no107(A,C) 0.0
[DEBUG] rnvc107(A,B) :- no107(C,B) 0.0
[DEBUG] rnvc107(A,B) :- somenot107(A,C) 0.0
[DEBUG] ==================================
[LVL9] rnvc107(A,B) :- all107(B,C), all107(A,C) 0.627659574468 (5.0, 1.0, 35.0, 11.0) 0.627659574468 [ACCEPT]
[LVL9] BETTER RULE rnvc107(A,B) :- all107(B,C), all107(A,C) (0.6276595744680851, 5.0) > (0.46504559270516715, 7.0)
[LVL9] rnvc107(A,B) :- all107(B,C), \+some107(C,A) 0.542553191489 (7.0, 3.0, 33.0, 9.0) 0.813829787234 [ACCEPT]
[LVL9] rnvc107(A,B) :- all107(B,C), \+no107(A,C) 0.542553191489 (7.0, 3.0, 33.0, 9.0) 0.813829787234 [ACCEPT]
[LVL9] rnvc107(A,B) :- all107(B,C), \+no107(C,A) 0.542553191489 (7.0, 3.0, 33.0, 9.0) 0.813829787234 [ACCEPT]
[LVL9] rnvc107(A,B) :- no107(B,C), \+some107(C,A) 0.542553191489 (7.0, 3.0, 33.0, 9.0) 0.813829787234 [ACCEPT]
[LVL9] rnvc107(A,B) :- no107(B,C), \+no107(C,A) 0.542553191489 (7.0, 3.0, 33.0, 9.0) 0.813829787234 [ACCEPT]
[LVL9] rnvc107(A,B) :- no107(B,C), \+somenot107(A,C) 0.542553191489 (7.0, 3.0, 33.0, 9.0) 0.813829787234 [ACCEPT]
[LVL9] rnvc107(A,B) :- somenot107(C,A), \+all107(C,B) 0.451063829787 (6.0, 3.0, 33.0, 10.0) 0.751773049645 [ACCEPT]
[LVL9] rnvc107(A,B) :- somenot107(C,A), \+some107(C,B) 0.451063829787 (6.0, 3.0, 33.0, 10.0) 0.751773049645 [ACCEPT]
[LVL9] rnvc107(A,B) :- somenot107(C,A), \+some107(B,C) 0.451063829787 (6.0, 3.0, 33.0, 10.0) 0.751773049645 [ACCEPT]
[LVL9] rnvc107(A,B) :- some107(A,C), \+all107(C,B) 0.375886524823 (6.0, 4.0, 32.0, 10.0) 0.751773049645 [ACCEPT]
[LVL9] rnvc107(A,B) :- some107(A,C), \+some107(C,B) 0.375886524823 (6.0, 4.0, 32.0, 10.0) 0.751773049645 [ACCEPT]
[LVL9] rnvc107(A,B) :- some107(A,C), \+no107(C,B) 0.375886524823 (6.0, 4.0, 32.0, 10.0) 0.751773049645 [ACCEPT]
[LVL9] rnvc107(A,B) :- some107(A,C), \+somenot107(C,B) 0.375886524823 (6.0, 4.0, 32.0, 10.0) 0.751773049645 [ACCEPT]
[LVL9] rnvc107(A,B) :- all107(C,A), \+some107(C,B) 0.322188449848 (6.0, 5.0, 31.0, 10.0) 0.751773049645 [ACCEPT]
[LVL9] rnvc107(A,B) :- all107(C,A), \+some107(B,C) 0.322188449848 (6.0, 5.0, 31.0, 10.0) 0.751773049645 [ACCEPT]
[LVL9] rnvc107(A,B) :- all107(C,A), \+no107(C,B) 0.322188449848 (6.0, 5.0, 31.0, 10.0) 0.751773049645 [ACCEPT]
[LVL9] rnvc107(A,B) :- all107(C,A), \+somenot107(C,B) 0.322188449848 (6.0, 5.0, 31.0, 10.0) 0.751773049645 [ACCEPT]
[LVL9] rnvc107(A,B) :- all107(C,A), \+somenot107(B,C) 0.322188449848 (6.0, 5.0, 31.0, 10.0) 0.751773049645 [ACCEPT]
[LVL9] rnvc107(A,B) :- some107(B,C), \+all107(A,C) 0.322188449848 (6.0, 5.0, 31.0, 10.0) 0.751773049645 [ACCEPT]
[LVL9] rnvc107(A,B) :- some107(B,C), \+all107(C,A) 0.322188449848 (6.0, 5.0, 31.0, 10.0) 0.751773049645 [ACCEPT]
[LVL9] rnvc107(A,B) :- some107(B,C), \+some107(C,A) 0.322188449848 (6.0, 5.0, 31.0, 10.0) 0.751773049645 [ACCEPT]
[LVL9] rnvc107(A,B) :- some107(B,C), \+no107(C,A) 0.322188449848 (6.0, 5.0, 31.0, 10.0) 0.751773049645 [ACCEPT]
[LVL9] rnvc107(A,B) :- some107(B,C), \+somenot107(C,A) 0.322188449848 (6.0, 5.0, 31.0, 10.0) 0.751773049645 [ACCEPT]
[LVL9] rnvc107(A,B) :- some107(C,B), \+all107(A,C) 0.322188449848 (6.0, 5.0, 31.0, 10.0) 0.751773049645 [ACCEPT]
[LVL9] rnvc107(A,B) :- some107(C,B), \+all107(C,A) 0.322188449848 (6.0, 5.0, 31.0, 10.0) 0.751773049645 [ACCEPT]
[LVL9] rnvc107(A,B) :- some107(C,B), \+some107(A,C) 0.322188449848 (6.0, 5.0, 31.0, 10.0) 0.751773049645 [ACCEPT]
[LVL9] rnvc107(A,B) :- some107(C,B), \+somenot107(A,C) 0.322188449848 (6.0, 5.0, 31.0, 10.0) 0.751773049645 [ACCEPT]
[LVL9] rnvc107(A,B) :- some107(C,B), \+somenot107(C,A) 0.322188449848 (6.0, 5.0, 31.0, 10.0) 0.751773049645 [ACCEPT]
[LVL9] rnvc107(A,B) :- no107(C,A), \+all107(C,B) 0.322188449848 (6.0, 5.0, 31.0, 10.0) 0.751773049645 [ACCEPT]
[LVL9] rnvc107(A,B) :- no107(C,A), \+all107(B,C) 0.322188449848 (6.0, 5.0, 31.0, 10.0) 0.751773049645 [ACCEPT]
[LVL9] rnvc107(A,B) :- no107(C,A), \+some107(B,C) 0.322188449848 (6.0, 5.0, 31.0, 10.0) 0.751773049645 [ACCEPT]
[LVL9] rnvc107(A,B) :- no107(C,A), \+no107(B,C) 0.322188449848 (6.0, 5.0, 31.0, 10.0) 0.751773049645 [ACCEPT]
[LVL9] rnvc107(A,B) :- no107(C,A), \+somenot107(C,B) 0.322188449848 (6.0, 5.0, 31.0, 10.0) 0.751773049645 [ACCEPT]
[DEBUG] Best rule so far: rnvc107(A,B) :- all107(B,C), all107(A,C) [0.627659574468]
[DEBUG] Candidates for iteration 3:
[DEBUG] ==================================
[DEBUG] rnvc107(A,B) :- all107(B,C), all107(A,C) 0.627659574468
[DEBUG] rnvc107(A,B) :- all107(B,C), \+some107(C,A) 0.542553191489
[DEBUG] rnvc107(A,B) :- all107(B,C), \+no107(A,C) 0.542553191489
[DEBUG] rnvc107(A,B) :- all107(B,C), \+no107(C,A) 0.542553191489
[DEBUG] rnvc107(A,B) :- no107(B,C), \+some107(C,A) 0.542553191489
[DEBUG] rnvc107(A,B) :- no107(B,C), \+no107(C,A) 0.542553191489
[DEBUG] rnvc107(A,B) :- no107(B,C), \+somenot107(A,C) 0.542553191489
[DEBUG] rnvc107(A,B) :- somenot107(C,A), \+all107(C,B) 0.451063829787
[DEBUG] rnvc107(A,B) :- somenot107(C,A), \+some107(C,B) 0.451063829787
[DEBUG] rnvc107(A,B) :- somenot107(C,A), \+some107(B,C) 0.451063829787
[DEBUG] rnvc107(A,B) :- some107(A,C), \+all107(C,B) 0.375886524823
[DEBUG] rnvc107(A,B) :- some107(A,C), \+some107(C,B) 0.375886524823
[DEBUG] rnvc107(A,B) :- some107(A,C), \+no107(C,B) 0.375886524823
[DEBUG] rnvc107(A,B) :- some107(A,C), \+somenot107(C,B) 0.375886524823
[DEBUG] rnvc107(A,B) :- all107(C,A), \+some107(C,B) 0.322188449848
[DEBUG] rnvc107(A,B) :- all107(C,A), \+some107(B,C) 0.322188449848
[DEBUG] rnvc107(A,B) :- all107(C,A), \+no107(C,B) 0.322188449848
[DEBUG] rnvc107(A,B) :- all107(C,A), \+somenot107(C,B) 0.322188449848
[DEBUG] rnvc107(A,B) :- all107(C,A), \+somenot107(B,C) 0.322188449848
[DEBUG] rnvc107(A,B) :- some107(B,C), \+all107(A,C) 0.322188449848
[DEBUG] rnvc107(A,B) :- some107(B,C), \+all107(C,A) 0.322188449848
[DEBUG] rnvc107(A,B) :- some107(B,C), \+some107(C,A) 0.322188449848
[DEBUG] rnvc107(A,B) :- some107(B,C), \+no107(C,A) 0.322188449848
[DEBUG] rnvc107(A,B) :- some107(B,C), \+somenot107(C,A) 0.322188449848
[DEBUG] rnvc107(A,B) :- some107(C,B), \+all107(A,C) 0.322188449848
[DEBUG] rnvc107(A,B) :- some107(C,B), \+all107(C,A) 0.322188449848
[DEBUG] rnvc107(A,B) :- some107(C,B), \+some107(A,C) 0.322188449848
[DEBUG] rnvc107(A,B) :- some107(C,B), \+somenot107(A,C) 0.322188449848
[DEBUG] rnvc107(A,B) :- some107(C,B), \+somenot107(C,A) 0.322188449848
[DEBUG] rnvc107(A,B) :- no107(C,A), \+all107(C,B) 0.322188449848
[DEBUG] rnvc107(A,B) :- no107(C,A), \+all107(B,C) 0.322188449848
[DEBUG] rnvc107(A,B) :- no107(C,A), \+some107(B,C) 0.322188449848
[DEBUG] rnvc107(A,B) :- no107(C,A), \+no107(B,C) 0.322188449848
[DEBUG] rnvc107(A,B) :- no107(C,A), \+somenot107(C,B) 0.322188449848
[DEBUG] ==================================
[INFO] RULE LEARNED: rnvc107(A,B) :- all107(B,C), all107(A,C) 0.769230769231
[DEBUG] Best rule so far: rnvc107(A,B) :- true [0.239130434783]
[DEBUG] Candidates for iteration 1:
[DEBUG] ==================================
[DEBUG] rnvc107(A,B) :- true 0.239130434783
[DEBUG] ==================================
[LVL9] rnvc107(A,B) :- all107(B,C) 0.373188405797 (7.0, 4.0, 32.0, 9.0) 0.746376811594 [ACCEPT]
[LVL9] BETTER RULE rnvc107(A,B) :- all107(B,C) (0.3731884057971015, 7.0) > (0.2391304347826087, 16.0)
[LVL9] rnvc107(A,B) :- all107(C,A) 0.279891304348 (7.0, 6.0, 30.0, 9.0) 0.746376811594 [ACCEPT]
[LVL9] rnvc107(A,B) :- all107(C,B) 0.0 (6.0, 7.0, 29.0, 10.0) 0.619565217391 [ACCEPT]
[LVL9] rnvc107(A,B) :- some107(A,C) 0.319875776398 (7.0, 5.0, 31.0, 9.0) 0.746376811594 [ACCEPT]
[LVL9] rnvc107(A,B) :- some107(B,C) 0.279891304348 (7.0, 6.0, 30.0, 9.0) 0.746376811594 [ACCEPT]
[LVL9] rnvc107(A,B) :- some107(C,A) 0.0 (6.0, 6.0, 30.0, 10.0) 0.619565217391 [ACCEPT]
[LVL9] rnvc107(A,B) :- some107(C,B) 0.279891304348 (7.0, 6.0, 30.0, 9.0) 0.746376811594 [ACCEPT]
[LVL9] rnvc107(A,B) :- no107(A,C) 0.247826086957 (6.0, 4.0, 32.0, 10.0) 0.619565217391 [ACCEPT]
[LVL9] rnvc107(A,B) :- no107(B,C) 0.462732919255 (8.0, 4.0, 32.0, 8.0) 0.809782608696 [ACCEPT]
[LVL9] BETTER RULE rnvc107(A,B) :- no107(B,C) (0.4627329192546584, 8.0) > (0.3731884057971015, 7.0)
[LVL9] rnvc107(A,B) :- no107(C,A) 0.279891304348 (7.0, 6.0, 30.0, 9.0) 0.746376811594 [ACCEPT]
[LVL9] rnvc107(A,B) :- no107(C,B) 0.0 (6.0, 6.0, 30.0, 10.0) 0.619565217391 [ACCEPT]
[LVL9] rnvc107(A,B) :- somenot107(A,C) 0.0 (6.0, 6.0, 30.0, 10.0) 0.619565217391 [ACCEPT]
[LVL9] rnvc107(A,B) :- somenot107(C,A) 0.373188405797 (7.0, 4.0, 32.0, 9.0) 0.746376811594 [ACCEPT]
[DEBUG] Best rule so far: rnvc107(A,B) :- no107(B,C) [0.462732919255]
[DEBUG] Candidates for iteration 2:
[DEBUG] ==================================
[DEBUG] rnvc107(A,B) :- no107(B,C) 0.462732919255
[DEBUG] rnvc107(A,B) :- all107(B,C) 0.373188405797
[DEBUG] rnvc107(A,B) :- somenot107(C,A) 0.373188405797
[DEBUG] rnvc107(A,B) :- some107(A,C) 0.319875776398
[DEBUG] rnvc107(A,B) :- all107(C,A) 0.279891304348
[DEBUG] rnvc107(A,B) :- some107(B,C) 0.279891304348
[DEBUG] rnvc107(A,B) :- some107(C,B) 0.279891304348
[DEBUG] rnvc107(A,B) :- no107(C,A) 0.279891304348
[DEBUG] rnvc107(A,B) :- no107(A,C) 0.247826086957
[DEBUG] rnvc107(A,B) :- all107(C,B) 0.0
[DEBUG] rnvc107(A,B) :- some107(C,A) 0.0
[DEBUG] rnvc107(A,B) :- no107(C,B) 0.0
[DEBUG] rnvc107(A,B) :- somenot107(A,C) 0.0
[DEBUG] ==================================
[LVL9] rnvc107(A,B) :- no107(B,C), some107(A,C) 0.619565217391 (6.0, 1.0, 35.0, 10.0) 0.619565217391 [ACCEPT]
[LVL9] BETTER RULE rnvc107(A,B) :- no107(B,C), some107(A,C) (0.6195652173913043, 6.0) > (0.4627329192546584, 8.0)
[LVL9] rnvc107(A,B) :- no107(B,C), \+some107(C,A) 0.539855072464 (8.0, 3.0, 33.0, 8.0) 0.809782608696 [ACCEPT]
[LVL9] rnvc107(A,B) :- no107(B,C), \+no107(C,A) 0.539855072464 (8.0, 3.0, 33.0, 8.0) 0.809782608696 [ACCEPT]
[LVL9] rnvc107(A,B) :- no107(B,C), \+somenot107(A,C) 0.539855072464 (8.0, 3.0, 33.0, 8.0) 0.809782608696 [ACCEPT]
[LVL9] rnvc107(A,B) :- all107(B,C), \+some107(C,A) 0.447826086957 (7.0, 3.0, 33.0, 9.0) 0.746376811594 [ACCEPT]
[LVL9] rnvc107(A,B) :- all107(B,C), \+no107(A,C) 0.447826086957 (7.0, 3.0, 33.0, 9.0) 0.746376811594 [ACCEPT]
[LVL9] rnvc107(A,B) :- all107(B,C), \+no107(C,A) 0.447826086957 (7.0, 3.0, 33.0, 9.0) 0.746376811594 [ACCEPT]
[LVL9] rnvc107(A,B) :- somenot107(C,A), \+all107(C,B) 0.447826086957 (7.0, 3.0, 33.0, 9.0) 0.746376811594 [ACCEPT]
[LVL9] rnvc107(A,B) :- somenot107(C,A), \+some107(C,B) 0.447826086957 (7.0, 3.0, 33.0, 9.0) 0.746376811594 [ACCEPT]
[LVL9] rnvc107(A,B) :- somenot107(C,A), \+some107(B,C) 0.447826086957 (7.0, 3.0, 33.0, 9.0) 0.746376811594 [ACCEPT]
[LVL9] rnvc107(A,B) :- some107(A,C), \+all107(C,B) 0.373188405797 (7.0, 4.0, 32.0, 9.0) 0.746376811594 [ACCEPT]
[LVL9] rnvc107(A,B) :- some107(A,C), \+some107(C,B) 0.373188405797 (7.0, 4.0, 32.0, 9.0) 0.746376811594 [ACCEPT]
[LVL9] rnvc107(A,B) :- some107(A,C), \+no107(C,B) 0.373188405797 (7.0, 4.0, 32.0, 9.0) 0.746376811594 [ACCEPT]
[LVL9] rnvc107(A,B) :- some107(A,C), \+somenot107(C,B) 0.373188405797 (7.0, 4.0, 32.0, 9.0) 0.746376811594 [ACCEPT]
[LVL9] rnvc107(A,B) :- all107(C,A), \+some107(C,B) 0.319875776398 (7.0, 5.0, 31.0, 9.0) 0.746376811594 [ACCEPT]
[LVL9] rnvc107(A,B) :- all107(C,A), \+some107(B,C) 0.319875776398 (7.0, 5.0, 31.0, 9.0) 0.746376811594 [ACCEPT]
[LVL9] rnvc107(A,B) :- all107(C,A), \+no107(C,B) 0.319875776398 (7.0, 5.0, 31.0, 9.0) 0.746376811594 [ACCEPT]
[LVL9] rnvc107(A,B) :- all107(C,A), \+somenot107(C,B) 0.319875776398 (7.0, 5.0, 31.0, 9.0) 0.746376811594 [ACCEPT]
[LVL9] rnvc107(A,B) :- all107(C,A), \+somenot107(B,C) 0.319875776398 (7.0, 5.0, 31.0, 9.0) 0.746376811594 [ACCEPT]
[LVL9] rnvc107(A,B) :- some107(B,C), \+all107(A,C) 0.319875776398 (7.0, 5.0, 31.0, 9.0) 0.746376811594 [ACCEPT]
[LVL9] rnvc107(A,B) :- some107(B,C), \+all107(C,A) 0.319875776398 (7.0, 5.0, 31.0, 9.0) 0.746376811594 [ACCEPT]
[LVL9] rnvc107(A,B) :- some107(B,C), \+some107(C,A) 0.319875776398 (7.0, 5.0, 31.0, 9.0) 0.746376811594 [ACCEPT]
[LVL9] rnvc107(A,B) :- some107(B,C), \+no107(C,A) 0.319875776398 (7.0, 5.0, 31.0, 9.0) 0.746376811594 [ACCEPT]
[LVL9] rnvc107(A,B) :- some107(B,C), \+somenot107(C,A) 0.319875776398 (7.0, 5.0, 31.0, 9.0) 0.746376811594 [ACCEPT]
[LVL9] rnvc107(A,B) :- some107(C,B), \+all107(A,C) 0.319875776398 (7.0, 5.0, 31.0, 9.0) 0.746376811594 [ACCEPT]
[LVL9] rnvc107(A,B) :- some107(C,B), \+all107(C,A) 0.319875776398 (7.0, 5.0, 31.0, 9.0) 0.746376811594 [ACCEPT]
[LVL9] rnvc107(A,B) :- some107(C,B), \+some107(A,C) 0.319875776398 (7.0, 5.0, 31.0, 9.0) 0.746376811594 [ACCEPT]
[LVL9] rnvc107(A,B) :- some107(C,B), \+somenot107(A,C) 0.319875776398 (7.0, 5.0, 31.0, 9.0) 0.746376811594 [ACCEPT]
[LVL9] rnvc107(A,B) :- some107(C,B), \+somenot107(C,A) 0.319875776398 (7.0, 5.0, 31.0, 9.0) 0.746376811594 [ACCEPT]
[LVL9] rnvc107(A,B) :- no107(C,A), \+all107(C,B) 0.319875776398 (7.0, 5.0, 31.0, 9.0) 0.746376811594 [ACCEPT]
[LVL9] rnvc107(A,B) :- no107(C,A), \+all107(B,C) 0.319875776398 (7.0, 5.0, 31.0, 9.0) 0.746376811594 [ACCEPT]
[LVL9] rnvc107(A,B) :- no107(C,A), \+some107(B,C) 0.319875776398 (7.0, 5.0, 31.0, 9.0) 0.746376811594 [ACCEPT]
[LVL9] rnvc107(A,B) :- no107(C,A), \+no107(B,C) 0.319875776398 (7.0, 5.0, 31.0, 9.0) 0.746376811594 [ACCEPT]
[LVL9] rnvc107(A,B) :- no107(C,A), \+somenot107(C,B) 0.319875776398 (7.0, 5.0, 31.0, 9.0) 0.746376811594 [ACCEPT]
[DEBUG] Best rule so far: rnvc107(A,B) :- no107(B,C), some107(A,C) [0.619565217391]
[DEBUG] Candidates for iteration 3:
[DEBUG] ==================================
[DEBUG] rnvc107(A,B) :- no107(B,C), some107(A,C) 0.619565217391
[DEBUG] rnvc107(A,B) :- no107(B,C), \+some107(C,A) 0.539855072464
[DEBUG] rnvc107(A,B) :- no107(B,C), \+no107(C,A) 0.539855072464
[DEBUG] rnvc107(A,B) :- no107(B,C), \+somenot107(A,C) 0.539855072464
[DEBUG] rnvc107(A,B) :- all107(B,C), \+some107(C,A) 0.447826086957
[DEBUG] rnvc107(A,B) :- all107(B,C), \+no107(A,C) 0.447826086957
[DEBUG] rnvc107(A,B) :- all107(B,C), \+no107(C,A) 0.447826086957
[DEBUG] rnvc107(A,B) :- somenot107(C,A), \+all107(C,B) 0.447826086957
[DEBUG] rnvc107(A,B) :- somenot107(C,A), \+some107(C,B) 0.447826086957
[DEBUG] rnvc107(A,B) :- somenot107(C,A), \+some107(B,C) 0.447826086957
[DEBUG] rnvc107(A,B) :- some107(A,C), \+all107(C,B) 0.373188405797
[DEBUG] rnvc107(A,B) :- some107(A,C), \+some107(C,B) 0.373188405797
[DEBUG] rnvc107(A,B) :- some107(A,C), \+no107(C,B) 0.373188405797
[DEBUG] rnvc107(A,B) :- some107(A,C), \+somenot107(C,B) 0.373188405797
[DEBUG] rnvc107(A,B) :- all107(C,A), \+some107(C,B) 0.319875776398
[DEBUG] rnvc107(A,B) :- all107(C,A), \+some107(B,C) 0.319875776398
[DEBUG] rnvc107(A,B) :- all107(C,A), \+no107(C,B) 0.319875776398
[DEBUG] rnvc107(A,B) :- all107(C,A), \+somenot107(C,B) 0.319875776398
[DEBUG] rnvc107(A,B) :- all107(C,A), \+somenot107(B,C) 0.319875776398
[DEBUG] rnvc107(A,B) :- some107(B,C), \+all107(A,C) 0.319875776398
[DEBUG] rnvc107(A,B) :- some107(B,C), \+all107(C,A) 0.319875776398
[DEBUG] rnvc107(A,B) :- some107(B,C), \+some107(C,A) 0.319875776398
[DEBUG] rnvc107(A,B) :- some107(B,C), \+no107(C,A) 0.319875776398
[DEBUG] rnvc107(A,B) :- some107(B,C), \+somenot107(C,A) 0.319875776398
[DEBUG] rnvc107(A,B) :- some107(C,B), \+all107(A,C) 0.319875776398
[DEBUG] rnvc107(A,B) :- some107(C,B), \+all107(C,A) 0.319875776398
[DEBUG] rnvc107(A,B) :- some107(C,B), \+some107(A,C) 0.319875776398
[DEBUG] rnvc107(A,B) :- some107(C,B), \+somenot107(A,C) 0.319875776398
[DEBUG] rnvc107(A,B) :- some107(C,B), \+somenot107(C,A) 0.319875776398
[DEBUG] rnvc107(A,B) :- no107(C,A), \+all107(C,B) 0.319875776398
[DEBUG] rnvc107(A,B) :- no107(C,A), \+all107(B,C) 0.319875776398
[DEBUG] rnvc107(A,B) :- no107(C,A), \+some107(B,C) 0.319875776398
[DEBUG] rnvc107(A,B) :- no107(C,A), \+no107(B,C) 0.319875776398
[DEBUG] rnvc107(A,B) :- no107(C,A), \+somenot107(C,B) 0.319875776398
[DEBUG] ==================================
[INFO] RULE LEARNED: rnvc107(A,B) :- no107(B,C), some107(A,C) 0.788461538462
[DEBUG] Best rule so far: rnvc107(A,B) :- true [0.222222222222]
[DEBUG] Candidates for iteration 1:
[DEBUG] ==================================
[DEBUG] rnvc107(A,B) :- true 0.222222222222
[DEBUG] ==================================
[LVL9] rnvc107(A,B) :- all107(B,C) 0.37037037037 (8.0, 4.0, 32.0, 8.0) 0.740740740741 [ACCEPT]
[LVL9] BETTER RULE rnvc107(A,B) :- all107(B,C) (0.3703703703703704, 8.0) > (0.2222222222222222, 16.0)
[LVL9] rnvc107(A,B) :- all107(C,A) 0.277777777778 (8.0, 6.0, 30.0, 8.0) 0.740740740741 [ACCEPT]
[LVL9] rnvc107(A,B) :- all107(C,B) 0.0 (7.0, 7.0, 29.0, 9.0) 0.611111111111 [ACCEPT]
[LVL9] rnvc107(A,B) :- some107(A,C) 0.0 (7.0, 5.0, 31.0, 9.0) 0.611111111111 [ACCEPT]
[LVL9] rnvc107(A,B) :- some107(B,C) 0.277777777778 (8.0, 6.0, 30.0, 8.0) 0.740740740741 [ACCEPT]
[LVL9] rnvc107(A,B) :- some107(C,A) 0.0 (7.0, 6.0, 30.0, 9.0) 0.611111111111 [ACCEPT]
[LVL9] rnvc107(A,B) :- some107(C,B) 0.277777777778 (8.0, 6.0, 30.0, 8.0) 0.740740740741 [ACCEPT]
[LVL9] rnvc107(A,B) :- no107(A,C) 0.244444444444 (7.0, 4.0, 32.0, 9.0) 0.611111111111 [ACCEPT]
[LVL9] rnvc107(A,B) :- no107(B,C) 0.37037037037 (8.0, 4.0, 32.0, 8.0) 0.740740740741 [ACCEPT]
[LVL9] rnvc107(A,B) :- no107(C,A) 0.277777777778 (8.0, 6.0, 30.0, 8.0) 0.740740740741 [ACCEPT]
[LVL9] rnvc107(A,B) :- no107(C,B) 0.0 (7.0, 6.0, 30.0, 9.0) 0.611111111111 [ACCEPT]
[LVL9] rnvc107(A,B) :- somenot107(A,C) 0.0 (7.0, 6.0, 30.0, 9.0) 0.611111111111 [ACCEPT]
[LVL9] rnvc107(A,B) :- somenot107(C,A) 0.37037037037 (8.0, 4.0, 32.0, 8.0) 0.740740740741 [ACCEPT]
[DEBUG] Best rule so far: rnvc107(A,B) :- all107(B,C) [0.37037037037]
[DEBUG] Candidates for iteration 2:
[DEBUG] ==================================
[DEBUG] rnvc107(A,B) :- all107(B,C) 0.37037037037
[DEBUG] rnvc107(A,B) :- no107(B,C) 0.37037037037
[DEBUG] rnvc107(A,B) :- somenot107(C,A) 0.37037037037
[DEBUG] rnvc107(A,B) :- all107(C,A) 0.277777777778
[DEBUG] rnvc107(A,B) :- some107(B,C) 0.277777777778
[DEBUG] rnvc107(A,B) :- some107(C,B) 0.277777777778
[DEBUG] rnvc107(A,B) :- no107(C,A) 0.277777777778
[DEBUG] rnvc107(A,B) :- no107(A,C) 0.244444444444
[DEBUG] rnvc107(A,B) :- all107(C,B) 0.0
[DEBUG] rnvc107(A,B) :- some107(A,C) 0.0
[DEBUG] rnvc107(A,B) :- some107(C,A) 0.0
[DEBUG] rnvc107(A,B) :- no107(C,B) 0.0
[DEBUG] rnvc107(A,B) :- somenot107(A,C) 0.0
[DEBUG] ==================================
[LVL9] rnvc107(A,B) :- all107(B,C), all107(C,A) 0.611111111111 (7.0, 1.0, 35.0, 9.0) 0.611111111111 [ACCEPT]
[LVL9] BETTER RULE rnvc107(A,B) :- all107(B,C), all107(C,A) (0.6111111111111112, 7.0) > (0.3703703703703704, 8.0)
[LVL9] rnvc107(A,B) :- all107(B,C), \+some107(C,A) 0.444444444444 (8.0, 3.0, 33.0, 8.0) 0.740740740741 [ACCEPT]
[LVL9] rnvc107(A,B) :- all107(B,C), \+no107(A,C) 0.444444444444 (8.0, 3.0, 33.0, 8.0) 0.740740740741 [ACCEPT]
[LVL9] rnvc107(A,B) :- all107(B,C), \+no107(C,A) 0.444444444444 (8.0, 3.0, 33.0, 8.0) 0.740740740741 [ACCEPT]
[LVL9] rnvc107(A,B) :- no107(B,C), \+some107(C,A) 0.444444444444 (8.0, 3.0, 33.0, 8.0) 0.740740740741 [ACCEPT]
[LVL9] rnvc107(A,B) :- no107(B,C), \+no107(C,A) 0.444444444444 (8.0, 3.0, 33.0, 8.0) 0.740740740741 [ACCEPT]
[LVL9] rnvc107(A,B) :- no107(B,C), \+somenot107(A,C) 0.444444444444 (8.0, 3.0, 33.0, 8.0) 0.740740740741 [ACCEPT]
[LVL9] rnvc107(A,B) :- somenot107(C,A), \+all107(C,B) 0.444444444444 (8.0, 3.0, 33.0, 8.0) 0.740740740741 [ACCEPT]
[LVL9] rnvc107(A,B) :- somenot107(C,A), \+some107(C,B) 0.444444444444 (8.0, 3.0, 33.0, 8.0) 0.740740740741 [ACCEPT]
[LVL9] rnvc107(A,B) :- somenot107(C,A), \+some107(B,C) 0.444444444444 (8.0, 3.0, 33.0, 8.0) 0.740740740741 [ACCEPT]
[LVL9] rnvc107(A,B) :- all107(C,A), \+some107(C,B) 0.31746031746 (8.0, 5.0, 31.0, 8.0) 0.740740740741 [ACCEPT]
[LVL9] rnvc107(A,B) :- all107(C,A), \+some107(B,C) 0.31746031746 (8.0, 5.0, 31.0, 8.0) 0.740740740741 [ACCEPT]
[LVL9] rnvc107(A,B) :- all107(C,A), \+no107(C,B) 0.31746031746 (8.0, 5.0, 31.0, 8.0) 0.740740740741 [ACCEPT]
[LVL9] rnvc107(A,B) :- all107(C,A), \+somenot107(C,B) 0.31746031746 (8.0, 5.0, 31.0, 8.0) 0.740740740741 [ACCEPT]
[LVL9] rnvc107(A,B) :- all107(C,A), \+somenot107(B,C) 0.31746031746 (8.0, 5.0, 31.0, 8.0) 0.740740740741 [ACCEPT]
[LVL9] rnvc107(A,B) :- some107(B,C), \+all107(A,C) 0.31746031746 (8.0, 5.0, 31.0, 8.0) 0.740740740741 [ACCEPT]
[LVL9] rnvc107(A,B) :- some107(B,C), \+all107(C,A) 0.31746031746 (8.0, 5.0, 31.0, 8.0) 0.740740740741 [ACCEPT]
[LVL9] rnvc107(A,B) :- some107(B,C), \+some107(C,A) 0.31746031746 (8.0, 5.0, 31.0, 8.0) 0.740740740741 [ACCEPT]
[LVL9] rnvc107(A,B) :- some107(B,C), \+no107(C,A) 0.31746031746 (8.0, 5.0, 31.0, 8.0) 0.740740740741 [ACCEPT]
[LVL9] rnvc107(A,B) :- some107(B,C), \+somenot107(C,A) 0.31746031746 (8.0, 5.0, 31.0, 8.0) 0.740740740741 [ACCEPT]
[LVL9] rnvc107(A,B) :- some107(C,B), \+all107(A,C) 0.31746031746 (8.0, 5.0, 31.0, 8.0) 0.740740740741 [ACCEPT]
[LVL9] rnvc107(A,B) :- some107(C,B), \+all107(C,A) 0.31746031746 (8.0, 5.0, 31.0, 8.0) 0.740740740741 [ACCEPT]
[LVL9] rnvc107(A,B) :- some107(C,B), \+some107(A,C) 0.31746031746 (8.0, 5.0, 31.0, 8.0) 0.740740740741 [ACCEPT]
[LVL9] rnvc107(A,B) :- some107(C,B), \+somenot107(A,C) 0.31746031746 (8.0, 5.0, 31.0, 8.0) 0.740740740741 [ACCEPT]
[LVL9] rnvc107(A,B) :- some107(C,B), \+somenot107(C,A) 0.31746031746 (8.0, 5.0, 31.0, 8.0) 0.740740740741 [ACCEPT]
[LVL9] rnvc107(A,B) :- no107(C,A), \+all107(C,B) 0.31746031746 (8.0, 5.0, 31.0, 8.0) 0.740740740741 [ACCEPT]
[LVL9] rnvc107(A,B) :- no107(C,A), \+all107(B,C) 0.31746031746 (8.0, 5.0, 31.0, 8.0) 0.740740740741 [ACCEPT]
[LVL9] rnvc107(A,B) :- no107(C,A), \+some107(B,C) 0.31746031746 (8.0, 5.0, 31.0, 8.0) 0.740740740741 [ACCEPT]
[LVL9] rnvc107(A,B) :- no107(C,A), \+no107(B,C) 0.31746031746 (8.0, 5.0, 31.0, 8.0) 0.740740740741 [ACCEPT]
[LVL9] rnvc107(A,B) :- no107(C,A), \+somenot107(C,B) 0.31746031746 (8.0, 5.0, 31.0, 8.0) 0.740740740741 [ACCEPT]
[DEBUG] Best rule so far: rnvc107(A,B) :- all107(B,C), all107(C,A) [0.611111111111]
[DEBUG] Candidates for iteration 3:
[DEBUG] ==================================
[DEBUG] rnvc107(A,B) :- all107(B,C), all107(C,A) 0.611111111111
[DEBUG] rnvc107(A,B) :- all107(B,C), \+some107(C,A) 0.444444444444
[DEBUG] rnvc107(A,B) :- all107(B,C), \+no107(A,C) 0.444444444444
[DEBUG] rnvc107(A,B) :- all107(B,C), \+no107(C,A) 0.444444444444
[DEBUG] rnvc107(A,B) :- no107(B,C), \+some107(C,A) 0.444444444444
[DEBUG] rnvc107(A,B) :- no107(B,C), \+no107(C,A) 0.444444444444
[DEBUG] rnvc107(A,B) :- no107(B,C), \+somenot107(A,C) 0.444444444444
[DEBUG] rnvc107(A,B) :- somenot107(C,A), \+all107(C,B) 0.444444444444
[DEBUG] rnvc107(A,B) :- somenot107(C,A), \+some107(C,B) 0.444444444444
[DEBUG] rnvc107(A,B) :- somenot107(C,A), \+some107(B,C) 0.444444444444
[DEBUG] rnvc107(A,B) :- all107(C,A), \+some107(C,B) 0.31746031746
[DEBUG] rnvc107(A,B) :- all107(C,A), \+some107(B,C) 0.31746031746
[DEBUG] rnvc107(A,B) :- all107(C,A), \+no107(C,B) 0.31746031746
[DEBUG] rnvc107(A,B) :- all107(C,A), \+somenot107(C,B) 0.31746031746
[DEBUG] rnvc107(A,B) :- all107(C,A), \+somenot107(B,C) 0.31746031746
[DEBUG] rnvc107(A,B) :- some107(B,C), \+all107(A,C) 0.31746031746
[DEBUG] rnvc107(A,B) :- some107(B,C), \+all107(C,A) 0.31746031746
[DEBUG] rnvc107(A,B) :- some107(B,C), \+some107(C,A) 0.31746031746
[DEBUG] rnvc107(A,B) :- some107(B,C), \+no107(C,A) 0.31746031746
[DEBUG] rnvc107(A,B) :- some107(B,C), \+somenot107(C,A) 0.31746031746
[DEBUG] rnvc107(A,B) :- some107(C,B), \+all107(A,C) 0.31746031746
[DEBUG] rnvc107(A,B) :- some107(C,B), \+all107(C,A) 0.31746031746
[DEBUG] rnvc107(A,B) :- some107(C,B), \+some107(A,C) 0.31746031746
[DEBUG] rnvc107(A,B) :- some107(C,B), \+somenot107(A,C) 0.31746031746
[DEBUG] rnvc107(A,B) :- some107(C,B), \+somenot107(C,A) 0.31746031746
[DEBUG] rnvc107(A,B) :- no107(C,A), \+all107(C,B) 0.31746031746
[DEBUG] rnvc107(A,B) :- no107(C,A), \+all107(B,C) 0.31746031746
[DEBUG] rnvc107(A,B) :- no107(C,A), \+some107(B,C) 0.31746031746
[DEBUG] rnvc107(A,B) :- no107(C,A), \+no107(B,C) 0.31746031746
[DEBUG] rnvc107(A,B) :- no107(C,A), \+somenot107(C,B) 0.31746031746
[DEBUG] ==================================
[INFO] RULE LEARNED: rnvc107(A,B) :- all107(B,C), all107(C,A) 0.807692307692
[DEBUG] Best rule so far: rnvc107(A,B) :- true [0.204545454545]
[DEBUG] Candidates for iteration 1:
[DEBUG] ==================================
[DEBUG] rnvc107(A,B) :- true 0.204545454545
[DEBUG] ==================================
[LVL9] rnvc107(A,B) :- all107(B,C) 0.240909090909 (8.0, 4.0, 32.0, 8.0) 0.602272727273 [ACCEPT]
[LVL9] BETTER RULE rnvc107(A,B) :- all107(B,C) (0.2409090909090909, 8.0) > (0.20454545454545456, 16.0)
[LVL9] rnvc107(A,B) :- all107(C,A) 0.0 (8.0, 6.0, 30.0, 8.0) 0.602272727273 [ACCEPT]
[LVL9] rnvc107(A,B) :- all107(C,B) 0.0 (8.0, 7.0, 29.0, 8.0) 0.602272727273 [ACCEPT]
[LVL9] rnvc107(A,B) :- some107(A,C) 0.0 (8.0, 5.0, 31.0, 8.0) 0.602272727273 [ACCEPT]
[LVL9] rnvc107(A,B) :- some107(B,C) 0.275568181818 (9.0, 6.0, 30.0, 7.0) 0.734848484848 [ACCEPT]
[LVL9] BETTER RULE rnvc107(A,B) :- some107(B,C) (0.2755681818181818, 9.0) > (0.2409090909090909, 8.0)
[LVL9] rnvc107(A,B) :- some107(C,A) 0.0 (8.0, 6.0, 30.0, 8.0) 0.602272727273 [ACCEPT]
[LVL9] rnvc107(A,B) :- some107(C,B) 0.275568181818 (9.0, 6.0, 30.0, 7.0) 0.734848484848 [ACCEPT]
[LVL9] rnvc107(A,B) :- no107(A,C) 0.240909090909 (8.0, 4.0, 32.0, 8.0) 0.602272727273 [ACCEPT]
[LVL9] rnvc107(A,B) :- no107(B,C) 0.367424242424 (9.0, 4.0, 32.0, 7.0) 0.734848484848 [ACCEPT]
[LVL9] BETTER RULE rnvc107(A,B) :- no107(B,C) (0.36742424242424243, 9.0) > (0.2755681818181818, 9.0)
[LVL9] rnvc107(A,B) :- no107(C,A) 0.275568181818 (9.0, 6.0, 30.0, 7.0) 0.734848484848 [ACCEPT]
[LVL9] rnvc107(A,B) :- no107(C,B) 0.0 (8.0, 6.0, 30.0, 8.0) 0.602272727273 [ACCEPT]
[LVL9] rnvc107(A,B) :- somenot107(A,C) 0.0 (8.0, 6.0, 30.0, 8.0) 0.602272727273 [ACCEPT]
[LVL9] rnvc107(A,B) :- somenot107(C,A) 0.367424242424 (9.0, 4.0, 32.0, 7.0) 0.734848484848 [ACCEPT]
[DEBUG] Best rule so far: rnvc107(A,B) :- no107(B,C) [0.367424242424]
[DEBUG] Candidates for iteration 2:
[DEBUG] ==================================
[DEBUG] rnvc107(A,B) :- no107(B,C) 0.367424242424
[DEBUG] rnvc107(A,B) :- somenot107(C,A) 0.367424242424
[DEBUG] rnvc107(A,B) :- some107(B,C) 0.275568181818
[DEBUG] rnvc107(A,B) :- some107(C,B) 0.275568181818
[DEBUG] rnvc107(A,B) :- no107(C,A) 0.275568181818
[DEBUG] rnvc107(A,B) :- all107(B,C) 0.240909090909
[DEBUG] rnvc107(A,B) :- no107(A,C) 0.240909090909
[DEBUG] rnvc107(A,B) :- all107(C,A) 0.0
[DEBUG] rnvc107(A,B) :- all107(C,B) 0.0
[DEBUG] rnvc107(A,B) :- some107(A,C) 0.0
[DEBUG] rnvc107(A,B) :- some107(C,A) 0.0
[DEBUG] rnvc107(A,B) :- no107(C,B) 0.0
[DEBUG] rnvc107(A,B) :- somenot107(A,C) 0.0
[DEBUG] ==================================
[LVL9] rnvc107(A,B) :- no107(B,C), no107(A,C) 0.602272727273 (8.0, 1.0, 35.0, 8.0) 0.602272727273 [ACCEPT]
[LVL9] BETTER RULE rnvc107(A,B) :- no107(B,C), no107(A,C) (0.6022727272727273, 8.0) > (0.36742424242424243, 9.0)
[LVL9] rnvc107(A,B) :- no107(B,C), \+some107(C,A) 0.440909090909 (9.0, 3.0, 33.0, 7.0) 0.734848484848 [ACCEPT]
[LVL9] rnvc107(A,B) :- no107(B,C), \+no107(C,A) 0.440909090909 (9.0, 3.0, 33.0, 7.0) 0.734848484848 [ACCEPT]
[LVL9] rnvc107(A,B) :- no107(B,C), \+somenot107(A,C) 0.440909090909 (9.0, 3.0, 33.0, 7.0) 0.734848484848 [ACCEPT]
[LVL9] rnvc107(A,B) :- somenot107(C,A), \+all107(C,B) 0.440909090909 (9.0, 3.0, 33.0, 7.0) 0.734848484848 [ACCEPT]
[LVL9] rnvc107(A,B) :- somenot107(C,A), \+some107(C,B) 0.440909090909 (9.0, 3.0, 33.0, 7.0) 0.734848484848 [ACCEPT]
[LVL9] rnvc107(A,B) :- somenot107(C,A), \+some107(B,C) 0.440909090909 (9.0, 3.0, 33.0, 7.0) 0.734848484848 [ACCEPT]
[LVL9] rnvc107(A,B) :- some107(B,C), \+all107(A,C) 0.314935064935 (9.0, 5.0, 31.0, 7.0) 0.734848484848 [ACCEPT]
[LVL9] rnvc107(A,B) :- some107(B,C), \+all107(C,A) 0.314935064935 (9.0, 5.0, 31.0, 7.0) 0.734848484848 [ACCEPT]
[LVL9] rnvc107(A,B) :- some107(B,C), \+some107(C,A) 0.314935064935 (9.0, 5.0, 31.0, 7.0) 0.734848484848 [ACCEPT]
[LVL9] rnvc107(A,B) :- some107(B,C), \+no107(C,A) 0.314935064935 (9.0, 5.0, 31.0, 7.0) 0.734848484848 [ACCEPT]
[LVL9] rnvc107(A,B) :- some107(B,C), \+somenot107(C,A) 0.314935064935 (9.0, 5.0, 31.0, 7.0) 0.734848484848 [ACCEPT]
[LVL9] rnvc107(A,B) :- some107(C,B), \+all107(A,C) 0.314935064935 (9.0, 5.0, 31.0, 7.0) 0.734848484848 [ACCEPT]
[LVL9] rnvc107(A,B) :- some107(C,B), \+all107(C,A) 0.314935064935 (9.0, 5.0, 31.0, 7.0) 0.734848484848 [ACCEPT]
[LVL9] rnvc107(A,B) :- some107(C,B), \+some107(A,C) 0.314935064935 (9.0, 5.0, 31.0, 7.0) 0.734848484848 [ACCEPT]
[LVL9] rnvc107(A,B) :- some107(C,B), \+somenot107(A,C) 0.314935064935 (9.0, 5.0, 31.0, 7.0) 0.734848484848 [ACCEPT]
[LVL9] rnvc107(A,B) :- some107(C,B), \+somenot107(C,A) 0.314935064935 (9.0, 5.0, 31.0, 7.0) 0.734848484848 [ACCEPT]
[LVL9] rnvc107(A,B) :- no107(C,A), \+all107(C,B) 0.314935064935 (9.0, 5.0, 31.0, 7.0) 0.734848484848 [ACCEPT]
[LVL9] rnvc107(A,B) :- no107(C,A), \+all107(B,C) 0.314935064935 (9.0, 5.0, 31.0, 7.0) 0.734848484848 [ACCEPT]
[LVL9] rnvc107(A,B) :- no107(C,A), \+some107(B,C) 0.314935064935 (9.0, 5.0, 31.0, 7.0) 0.734848484848 [ACCEPT]
[LVL9] rnvc107(A,B) :- no107(C,A), \+no107(B,C) 0.314935064935 (9.0, 5.0, 31.0, 7.0) 0.734848484848 [ACCEPT]
[LVL9] rnvc107(A,B) :- no107(C,A), \+somenot107(C,B) 0.314935064935 (9.0, 5.0, 31.0, 7.0) 0.734848484848 [ACCEPT]
[DEBUG] Best rule so far: rnvc107(A,B) :- no107(B,C), no107(A,C) [0.602272727273]
[DEBUG] Candidates for iteration 3:
[DEBUG] ==================================
[DEBUG] rnvc107(A,B) :- no107(B,C), no107(A,C) 0.602272727273
[DEBUG] rnvc107(A,B) :- no107(B,C), \+some107(C,A) 0.440909090909
[DEBUG] rnvc107(A,B) :- no107(B,C), \+no107(C,A) 0.440909090909
[DEBUG] rnvc107(A,B) :- no107(B,C), \+somenot107(A,C) 0.440909090909
[DEBUG] rnvc107(A,B) :- somenot107(C,A), \+all107(C,B) 0.440909090909
[DEBUG] rnvc107(A,B) :- somenot107(C,A), \+some107(C,B) 0.440909090909
[DEBUG] rnvc107(A,B) :- somenot107(C,A), \+some107(B,C) 0.440909090909
[DEBUG] rnvc107(A,B) :- some107(B,C), \+all107(A,C) 0.314935064935
[DEBUG] rnvc107(A,B) :- some107(B,C), \+all107(C,A) 0.314935064935
[DEBUG] rnvc107(A,B) :- some107(B,C), \+some107(C,A) 0.314935064935
[DEBUG] rnvc107(A,B) :- some107(B,C), \+no107(C,A) 0.314935064935
[DEBUG] rnvc107(A,B) :- some107(B,C), \+somenot107(C,A) 0.314935064935
[DEBUG] rnvc107(A,B) :- some107(C,B), \+all107(A,C) 0.314935064935
[DEBUG] rnvc107(A,B) :- some107(C,B), \+all107(C,A) 0.314935064935
[DEBUG] rnvc107(A,B) :- some107(C,B), \+some107(A,C) 0.314935064935
[DEBUG] rnvc107(A,B) :- some107(C,B), \+somenot107(A,C) 0.314935064935
[DEBUG] rnvc107(A,B) :- some107(C,B), \+somenot107(C,A) 0.314935064935
[DEBUG] rnvc107(A,B) :- no107(C,A), \+all107(C,B) 0.314935064935
[DEBUG] rnvc107(A,B) :- no107(C,A), \+all107(B,C) 0.314935064935
[DEBUG] rnvc107(A,B) :- no107(C,A), \+some107(B,C) 0.314935064935
[DEBUG] rnvc107(A,B) :- no107(C,A), \+no107(B,C) 0.314935064935
[DEBUG] rnvc107(A,B) :- no107(C,A), \+somenot107(C,B) 0.314935064935
[DEBUG] ==================================
[INFO] RULE LEARNED: rnvc107(A,B) :- no107(B,C), no107(A,C) 0.826923076923
[DEBUG] Best rule so far: rnvc107(A,B) :- true [0.186046511628]
[DEBUG] Candidates for iteration 1:
[DEBUG] ==================================
[DEBUG] rnvc107(A,B) :- true 0.186046511628
[DEBUG] ==================================
[LVL9] rnvc107(A,B) :- all107(B,C) 0.237209302326 (9.0, 4.0, 32.0, 7.0) 0.593023255814 [ACCEPT]
[LVL9] BETTER RULE rnvc107(A,B) :- all107(B,C) (0.23720930232558138, 9.0) > (0.18604651162790697, 16.0)
[LVL9] rnvc107(A,B) :- all107(C,A) 0.0 (9.0, 6.0, 30.0, 7.0) 0.593023255814 [ACCEPT]
[LVL9] rnvc107(A,B) :- all107(C,B) 0.0 (9.0, 7.0, 29.0, 7.0) 0.593023255814 [ACCEPT]
[LVL9] rnvc107(A,B) :- some107(A,C) 0.197674418605 (9.0, 5.0, 31.0, 7.0) 0.593023255814 [ACCEPT]
[LVL9] rnvc107(A,B) :- some107(B,C) 0.273255813953 (10.0, 6.0, 30.0, 6.0) 0.728682170543 [ACCEPT]
[LVL9] BETTER RULE rnvc107(A,B) :- some107(B,C) (0.27325581395348836, 10.0) > (0.23720930232558138, 9.0)
[LVL9] rnvc107(A,B) :- some107(C,A) 0.0 (9.0, 6.0, 30.0, 7.0) 0.593023255814 [ACCEPT]
[LVL9] rnvc107(A,B) :- some107(C,B) 0.273255813953 (10.0, 6.0, 30.0, 6.0) 0.728682170543 [ACCEPT]
[LVL9] rnvc107(A,B) :- no107(B,C) 0.237209302326 (9.0, 4.0, 32.0, 7.0) 0.593023255814 [ACCEPT]
[LVL9] rnvc107(A,B) :- no107(C,A) 0.273255813953 (10.0, 6.0, 30.0, 6.0) 0.728682170543 [ACCEPT]
[LVL9] rnvc107(A,B) :- no107(C,B) 0.0 (9.0, 6.0, 30.0, 7.0) 0.593023255814 [ACCEPT]
[LVL9] rnvc107(A,B) :- somenot107(A,C) 0.0 (9.0, 6.0, 30.0, 7.0) 0.593023255814 [ACCEPT]
[LVL9] rnvc107(A,B) :- somenot107(C,A) 0.364341085271 (10.0, 4.0, 32.0, 6.0) 0.728682170543 [ACCEPT]
[LVL9] BETTER RULE rnvc107(A,B) :- somenot107(C,A) (0.3643410852713178, 10.0) > (0.27325581395348836, 10.0)
[DEBUG] Best rule so far: rnvc107(A,B) :- somenot107(C,A) [0.364341085271]
[DEBUG] Candidates for iteration 2:
[DEBUG] ==================================
[DEBUG] rnvc107(A,B) :- somenot107(C,A) 0.364341085271
[DEBUG] rnvc107(A,B) :- some107(B,C) 0.273255813953
[DEBUG] rnvc107(A,B) :- some107(C,B) 0.273255813953
[DEBUG] rnvc107(A,B) :- no107(C,A) 0.273255813953
[DEBUG] rnvc107(A,B) :- all107(B,C) 0.237209302326
[DEBUG] rnvc107(A,B) :- no107(B,C) 0.237209302326
[DEBUG] rnvc107(A,B) :- some107(A,C) 0.197674418605
[DEBUG] rnvc107(A,B) :- all107(C,A) 0.0
[DEBUG] rnvc107(A,B) :- all107(C,B) 0.0
[DEBUG] rnvc107(A,B) :- some107(C,A) 0.0
[DEBUG] rnvc107(A,B) :- no107(C,B) 0.0
[DEBUG] rnvc107(A,B) :- somenot107(A,C) 0.0
[DEBUG] ==================================
[LVL9] rnvc107(A,B) :- somenot107(C,A), all107(B,C) 0.593023255814 (9.0, 1.0, 35.0, 7.0) 0.593023255814 [ACCEPT]
[LVL9] BETTER RULE rnvc107(A,B) :- somenot107(C,A), all107(B,C) (0.5930232558139534, 9.0) > (0.3643410852713178, 10.0)
[LVL9] rnvc107(A,B) :- somenot107(C,A), \+all107(C,B) 0.437209302326 (10.0, 3.0, 33.0, 6.0) 0.728682170543 [ACCEPT]
[LVL9] rnvc107(A,B) :- somenot107(C,A), \+some107(C,B) 0.437209302326 (10.0, 3.0, 33.0, 6.0) 0.728682170543 [ACCEPT]
[LVL9] rnvc107(A,B) :- somenot107(C,A), \+some107(B,C) 0.437209302326 (10.0, 3.0, 33.0, 6.0) 0.728682170543 [ACCEPT]
[LVL9] rnvc107(A,B) :- some107(B,C), \+all107(A,C) 0.312292358804 (10.0, 5.0, 31.0, 6.0) 0.728682170543 [ACCEPT]
[LVL9] rnvc107(A,B) :- some107(B,C), \+all107(C,A) 0.312292358804 (10.0, 5.0, 31.0, 6.0) 0.728682170543 [ACCEPT]
[LVL9] rnvc107(A,B) :- some107(B,C), \+some107(C,A) 0.312292358804 (10.0, 5.0, 31.0, 6.0) 0.728682170543 [ACCEPT]
[LVL9] rnvc107(A,B) :- some107(B,C), \+no107(C,A) 0.312292358804 (10.0, 5.0, 31.0, 6.0) 0.728682170543 [ACCEPT]
[LVL9] rnvc107(A,B) :- some107(B,C), \+somenot107(C,A) 0.312292358804 (10.0, 5.0, 31.0, 6.0) 0.728682170543 [ACCEPT]
[LVL9] rnvc107(A,B) :- some107(C,B), \+all107(A,C) 0.312292358804 (10.0, 5.0, 31.0, 6.0) 0.728682170543 [ACCEPT]
[LVL9] rnvc107(A,B) :- some107(C,B), \+all107(C,A) 0.312292358804 (10.0, 5.0, 31.0, 6.0) 0.728682170543 [ACCEPT]
[LVL9] rnvc107(A,B) :- some107(C,B), \+some107(A,C) 0.312292358804 (10.0, 5.0, 31.0, 6.0) 0.728682170543 [ACCEPT]
[LVL9] rnvc107(A,B) :- some107(C,B), \+somenot107(A,C) 0.312292358804 (10.0, 5.0, 31.0, 6.0) 0.728682170543 [ACCEPT]
[LVL9] rnvc107(A,B) :- some107(C,B), \+somenot107(C,A) 0.312292358804 (10.0, 5.0, 31.0, 6.0) 0.728682170543 [ACCEPT]
[LVL9] rnvc107(A,B) :- no107(C,A), \+all107(C,B) 0.312292358804 (10.0, 5.0, 31.0, 6.0) 0.728682170543 [ACCEPT]
[LVL9] rnvc107(A,B) :- no107(C,A), \+all107(B,C) 0.312292358804 (10.0, 5.0, 31.0, 6.0) 0.728682170543 [ACCEPT]
[LVL9] rnvc107(A,B) :- no107(C,A), \+some107(B,C) 0.312292358804 (10.0, 5.0, 31.0, 6.0) 0.728682170543 [ACCEPT]
[LVL9] rnvc107(A,B) :- no107(C,A), \+no107(B,C) 0.312292358804 (10.0, 5.0, 31.0, 6.0) 0.728682170543 [ACCEPT]
[LVL9] rnvc107(A,B) :- no107(C,A), \+somenot107(C,B) 0.312292358804 (10.0, 5.0, 31.0, 6.0) 0.728682170543 [ACCEPT]
[DEBUG] Best rule so far: rnvc107(A,B) :- somenot107(C,A), all107(B,C) [0.593023255814]
[DEBUG] Candidates for iteration 3:
[DEBUG] ==================================
[DEBUG] rnvc107(A,B) :- somenot107(C,A), all107(B,C) 0.593023255814
[DEBUG] rnvc107(A,B) :- somenot107(C,A), \+all107(C,B) 0.437209302326
[DEBUG] rnvc107(A,B) :- somenot107(C,A), \+some107(C,B) 0.437209302326
[DEBUG] rnvc107(A,B) :- somenot107(C,A), \+some107(B,C) 0.437209302326
[DEBUG] rnvc107(A,B) :- some107(B,C), \+all107(A,C) 0.312292358804
[DEBUG] rnvc107(A,B) :- some107(B,C), \+all107(C,A) 0.312292358804
[DEBUG] rnvc107(A,B) :- some107(B,C), \+some107(C,A) 0.312292358804
[DEBUG] rnvc107(A,B) :- some107(B,C), \+no107(C,A) 0.312292358804
[DEBUG] rnvc107(A,B) :- some107(B,C), \+somenot107(C,A) 0.312292358804
[DEBUG] rnvc107(A,B) :- some107(C,B), \+all107(A,C) 0.312292358804
[DEBUG] rnvc107(A,B) :- some107(C,B), \+all107(C,A) 0.312292358804
[DEBUG] rnvc107(A,B) :- some107(C,B), \+some107(A,C) 0.312292358804
[DEBUG] rnvc107(A,B) :- some107(C,B), \+somenot107(A,C) 0.312292358804
[DEBUG] rnvc107(A,B) :- some107(C,B), \+somenot107(C,A) 0.312292358804
[DEBUG] rnvc107(A,B) :- no107(C,A), \+all107(C,B) 0.312292358804
[DEBUG] rnvc107(A,B) :- no107(C,A), \+all107(B,C) 0.312292358804
[DEBUG] rnvc107(A,B) :- no107(C,A), \+some107(B,C) 0.312292358804
[DEBUG] rnvc107(A,B) :- no107(C,A), \+no107(B,C) 0.312292358804
[DEBUG] rnvc107(A,B) :- no107(C,A), \+somenot107(C,B) 0.312292358804
[DEBUG] ==================================
[INFO] RULE LEARNED: rnvc107(A,B) :- somenot107(C,A), all107(B,C) 0.846153846154
[DEBUG] Best rule so far: rnvc107(A,B) :- true [0.166666666667]
[DEBUG] Candidates for iteration 1:
[DEBUG] ==================================
[DEBUG] rnvc107(A,B) :- true 0.166666666667
[DEBUG] ==================================
[LVL9] rnvc107(A,B) :- all107(C,A) 0.166666666667 (10.0, 6.0, 30.0, 6.0) 0.583333333333 [ACCEPT]
[LVL9] rnvc107(A,B) :- all107(C,B) 0.0 (10.0, 7.0, 29.0, 6.0) 0.583333333333 [ACCEPT]
[LVL9] rnvc107(A,B) :- some107(A,C) 0.194444444444 (10.0, 5.0, 31.0, 6.0) 0.583333333333 [ACCEPT]
[LVL9] BETTER RULE rnvc107(A,B) :- some107(A,C) (0.19444444444444445, 10.0) > (0.16666666666666669, 16.0)
[LVL9] rnvc107(A,B) :- some107(B,C) 0.270833333333 (11.0, 6.0, 30.0, 5.0) 0.722222222222 [ACCEPT]
[LVL9] BETTER RULE rnvc107(A,B) :- some107(B,C) (0.2708333333333333, 11.0) > (0.19444444444444445, 10.0)
[LVL9] rnvc107(A,B) :- some107(C,A) 0.166666666667 (10.0, 6.0, 30.0, 6.0) 0.583333333333 [ACCEPT]
[LVL9] rnvc107(A,B) :- some107(C,B) 0.270833333333 (11.0, 6.0, 30.0, 5.0) 0.722222222222 [ACCEPT]
[LVL9] rnvc107(A,B) :- no107(B,C) 0.233333333333 (10.0, 4.0, 32.0, 6.0) 0.583333333333 [ACCEPT]
[LVL9] rnvc107(A,B) :- no107(C,A) 0.270833333333 (11.0, 6.0, 30.0, 5.0) 0.722222222222 [ACCEPT]
[LVL9] rnvc107(A,B) :- no107(C,B) 0.166666666667 (10.0, 6.0, 30.0, 6.0) 0.583333333333 [ACCEPT]
[LVL9] rnvc107(A,B) :- somenot107(A,C) 0.166666666667 (10.0, 6.0, 30.0, 6.0) 0.583333333333 [ACCEPT]
[LVL9] rnvc107(A,B) :- somenot107(C,A) 0.233333333333 (10.0, 4.0, 32.0, 6.0) 0.583333333333 [ACCEPT]
[DEBUG] Best rule so far: rnvc107(A,B) :- some107(B,C) [0.270833333333]
[DEBUG] Candidates for iteration 2:
[DEBUG] ==================================
[DEBUG] rnvc107(A,B) :- some107(B,C) 0.270833333333
[DEBUG] rnvc107(A,B) :- some107(C,B) 0.270833333333
[DEBUG] rnvc107(A,B) :- no107(C,A) 0.270833333333
[DEBUG] rnvc107(A,B) :- no107(B,C) 0.233333333333
[DEBUG] rnvc107(A,B) :- somenot107(C,A) 0.233333333333
[DEBUG] rnvc107(A,B) :- some107(A,C) 0.194444444444
[DEBUG] rnvc107(A,B) :- all107(C,A) 0.166666666667
[DEBUG] rnvc107(A,B) :- some107(C,A) 0.166666666667
[DEBUG] rnvc107(A,B) :- no107(C,B) 0.166666666667
[DEBUG] rnvc107(A,B) :- somenot107(A,C) 0.166666666667
[DEBUG] rnvc107(A,B) :- all107(C,B) 0.0
[DEBUG] ==================================
[LVL9] rnvc107(A,B) :- some107(B,C), some107(A,C) 0.583333333333 (10.0, 1.0, 35.0, 6.0) 0.583333333333 [ACCEPT]
[LVL9] BETTER RULE rnvc107(A,B) :- some107(B,C), some107(A,C) (0.5833333333333334, 10.0) > (0.2708333333333333, 11.0)
[LVL9] rnvc107(A,B) :- some107(B,C), \+all107(A,C) 0.309523809524 (11.0, 5.0, 31.0, 5.0) 0.722222222222 [ACCEPT]
[LVL9] rnvc107(A,B) :- some107(B,C), \+all107(C,A) 0.309523809524 (11.0, 5.0, 31.0, 5.0) 0.722222222222 [ACCEPT]
[LVL9] rnvc107(A,B) :- some107(B,C), \+some107(C,A) 0.309523809524 (11.0, 5.0, 31.0, 5.0) 0.722222222222 [ACCEPT]
[LVL9] rnvc107(A,B) :- some107(B,C), \+no107(C,A) 0.309523809524 (11.0, 5.0, 31.0, 5.0) 0.722222222222 [ACCEPT]
[LVL9] rnvc107(A,B) :- some107(B,C), \+somenot107(C,A) 0.309523809524 (11.0, 5.0, 31.0, 5.0) 0.722222222222 [ACCEPT]
[LVL9] rnvc107(A,B) :- some107(C,B), \+all107(A,C) 0.309523809524 (11.0, 5.0, 31.0, 5.0) 0.722222222222 [ACCEPT]
[LVL9] rnvc107(A,B) :- some107(C,B), \+all107(C,A) 0.309523809524 (11.0, 5.0, 31.0, 5.0) 0.722222222222 [ACCEPT]
[LVL9] rnvc107(A,B) :- some107(C,B), \+some107(A,C) 0.309523809524 (11.0, 5.0, 31.0, 5.0) 0.722222222222 [ACCEPT]
[LVL9] rnvc107(A,B) :- some107(C,B), \+somenot107(A,C) 0.309523809524 (11.0, 5.0, 31.0, 5.0) 0.722222222222 [ACCEPT]
[LVL9] rnvc107(A,B) :- some107(C,B), \+somenot107(C,A) 0.309523809524 (11.0, 5.0, 31.0, 5.0) 0.722222222222 [ACCEPT]
[LVL9] rnvc107(A,B) :- no107(C,A), \+all107(C,B) 0.309523809524 (11.0, 5.0, 31.0, 5.0) 0.722222222222 [ACCEPT]
[LVL9] rnvc107(A,B) :- no107(C,A), \+all107(B,C) 0.309523809524 (11.0, 5.0, 31.0, 5.0) 0.722222222222 [ACCEPT]
[LVL9] rnvc107(A,B) :- no107(C,A), \+some107(B,C) 0.309523809524 (11.0, 5.0, 31.0, 5.0) 0.722222222222 [ACCEPT]
[LVL9] rnvc107(A,B) :- no107(C,A), \+no107(B,C) 0.309523809524 (11.0, 5.0, 31.0, 5.0) 0.722222222222 [ACCEPT]
[LVL9] rnvc107(A,B) :- no107(C,A), \+somenot107(C,B) 0.309523809524 (11.0, 5.0, 31.0, 5.0) 0.722222222222 [ACCEPT]
[DEBUG] Best rule so far: rnvc107(A,B) :- some107(B,C), some107(A,C) [0.583333333333]
[DEBUG] Candidates for iteration 3:
[DEBUG] ==================================
[DEBUG] rnvc107(A,B) :- some107(B,C), some107(A,C) 0.583333333333
[DEBUG] rnvc107(A,B) :- some107(B,C), \+all107(A,C) 0.309523809524
[DEBUG] rnvc107(A,B) :- some107(B,C), \+all107(C,A) 0.309523809524
[DEBUG] rnvc107(A,B) :- some107(B,C), \+some107(C,A) 0.309523809524
[DEBUG] rnvc107(A,B) :- some107(B,C), \+no107(C,A) 0.309523809524
[DEBUG] rnvc107(A,B) :- some107(B,C), \+somenot107(C,A) 0.309523809524
[DEBUG] rnvc107(A,B) :- some107(C,B), \+all107(A,C) 0.309523809524
[DEBUG] rnvc107(A,B) :- some107(C,B), \+all107(C,A) 0.309523809524
[DEBUG] rnvc107(A,B) :- some107(C,B), \+some107(A,C) 0.309523809524
[DEBUG] rnvc107(A,B) :- some107(C,B), \+somenot107(A,C) 0.309523809524
[DEBUG] rnvc107(A,B) :- some107(C,B), \+somenot107(C,A) 0.309523809524
[DEBUG] rnvc107(A,B) :- no107(C,A), \+all107(C,B) 0.309523809524
[DEBUG] rnvc107(A,B) :- no107(C,A), \+all107(B,C) 0.309523809524
[DEBUG] rnvc107(A,B) :- no107(C,A), \+some107(B,C) 0.309523809524
[DEBUG] rnvc107(A,B) :- no107(C,A), \+no107(B,C) 0.309523809524
[DEBUG] rnvc107(A,B) :- no107(C,A), \+somenot107(C,B) 0.309523809524
[DEBUG] ==================================
[INFO] RULE LEARNED: rnvc107(A,B) :- some107(B,C), some107(A,C) 0.865384615385
[DEBUG] Best rule so far: rnvc107(A,B) :- true [0.146341463415]
[DEBUG] Candidates for iteration 1:
[DEBUG] ==================================
[DEBUG] rnvc107(A,B) :- true 0.146341463415
[DEBUG] ==================================
[LVL9] rnvc107(A,B) :- all107(C,A) 0.163763066202 (11.0, 6.0, 30.0, 5.0) 0.573170731707 [ACCEPT]
[LVL9] BETTER RULE rnvc107(A,B) :- all107(C,A) (0.16376306620209058, 11.0) > (0.14634146341463414, 16.0)
[LVL9] rnvc107(A,B) :- all107(C,B) 0.0 (11.0, 7.0, 29.0, 5.0) 0.573170731707 [ACCEPT]
[LVL9] rnvc107(A,B) :- some107(B,C) 0.163763066202 (11.0, 6.0, 30.0, 5.0) 0.573170731707 [ACCEPT]
[LVL9] rnvc107(A,B) :- some107(C,A) 0.163763066202 (11.0, 6.0, 30.0, 5.0) 0.573170731707 [ACCEPT]
[LVL9] rnvc107(A,B) :- some107(C,B) 0.268292682927 (12.0, 6.0, 30.0, 4.0) 0.715447154472 [ACCEPT]
[LVL9] BETTER RULE rnvc107(A,B) :- some107(C,B) (0.2682926829268293, 12.0) > (0.16376306620209058, 11.0)
[LVL9] rnvc107(A,B) :- no107(B,C) 0.229268292683 (11.0, 4.0, 32.0, 5.0) 0.573170731707 [ACCEPT]
[LVL9] rnvc107(A,B) :- no107(C,A) 0.268292682927 (12.0, 6.0, 30.0, 4.0) 0.715447154472 [ACCEPT]
[LVL9] rnvc107(A,B) :- no107(C,B) 0.163763066202 (11.0, 6.0, 30.0, 5.0) 0.573170731707 [ACCEPT]
[LVL9] rnvc107(A,B) :- somenot107(A,C) 0.163763066202 (11.0, 6.0, 30.0, 5.0) 0.573170731707 [ACCEPT]
[LVL9] rnvc107(A,B) :- somenot107(C,A) 0.229268292683 (11.0, 4.0, 32.0, 5.0) 0.573170731707 [ACCEPT]
[DEBUG] Best rule so far: rnvc107(A,B) :- some107(C,B) [0.268292682927]
[DEBUG] Candidates for iteration 2:
[DEBUG] ==================================
[DEBUG] rnvc107(A,B) :- some107(C,B) 0.268292682927
[DEBUG] rnvc107(A,B) :- no107(C,A) 0.268292682927
[DEBUG] rnvc107(A,B) :- no107(B,C) 0.229268292683
[DEBUG] rnvc107(A,B) :- somenot107(C,A) 0.229268292683
[DEBUG] rnvc107(A,B) :- all107(C,A) 0.163763066202
[DEBUG] rnvc107(A,B) :- some107(B,C) 0.163763066202
[DEBUG] rnvc107(A,B) :- some107(C,A) 0.163763066202
[DEBUG] rnvc107(A,B) :- no107(C,B) 0.163763066202
[DEBUG] rnvc107(A,B) :- somenot107(A,C) 0.163763066202
[DEBUG] rnvc107(A,B) :- all107(C,B) 0.0
[DEBUG] ==================================
[LVL9] rnvc107(A,B) :- some107(C,B), some107(C,A) 0.573170731707 (11.0, 1.0, 35.0, 5.0) 0.573170731707 [ACCEPT]
[LVL9] BETTER RULE rnvc107(A,B) :- some107(C,B), some107(C,A) (0.573170731707317, 11.0) > (0.2682926829268293, 12.0)
[LVL9] rnvc107(A,B) :- some107(C,B), \+all107(A,C) 0.306620209059 (12.0, 5.0, 31.0, 4.0) 0.715447154472 [ACCEPT]
[LVL9] rnvc107(A,B) :- some107(C,B), \+all107(C,A) 0.306620209059 (12.0, 5.0, 31.0, 4.0) 0.715447154472 [ACCEPT]
[LVL9] rnvc107(A,B) :- some107(C,B), \+some107(A,C) 0.306620209059 (12.0, 5.0, 31.0, 4.0) 0.715447154472 [ACCEPT]
[LVL9] rnvc107(A,B) :- some107(C,B), \+somenot107(A,C) 0.306620209059 (12.0, 5.0, 31.0, 4.0) 0.715447154472 [ACCEPT]
[LVL9] rnvc107(A,B) :- some107(C,B), \+somenot107(C,A) 0.306620209059 (12.0, 5.0, 31.0, 4.0) 0.715447154472 [ACCEPT]
[LVL9] rnvc107(A,B) :- no107(C,A), \+all107(C,B) 0.306620209059 (12.0, 5.0, 31.0, 4.0) 0.715447154472 [ACCEPT]
[LVL9] rnvc107(A,B) :- no107(C,A), \+all107(B,C) 0.306620209059 (12.0, 5.0, 31.0, 4.0) 0.715447154472 [ACCEPT]
[LVL9] rnvc107(A,B) :- no107(C,A), \+some107(B,C) 0.306620209059 (12.0, 5.0, 31.0, 4.0) 0.715447154472 [ACCEPT]
[LVL9] rnvc107(A,B) :- no107(C,A), \+no107(B,C) 0.306620209059 (12.0, 5.0, 31.0, 4.0) 0.715447154472 [ACCEPT]
[LVL9] rnvc107(A,B) :- no107(C,A), \+somenot107(C,B) 0.306620209059 (12.0, 5.0, 31.0, 4.0) 0.715447154472 [ACCEPT]
[DEBUG] Best rule so far: rnvc107(A,B) :- some107(C,B), some107(C,A) [0.573170731707]
[DEBUG] Candidates for iteration 3:
[DEBUG] ==================================
[DEBUG] rnvc107(A,B) :- some107(C,B), some107(C,A) 0.573170731707
[DEBUG] rnvc107(A,B) :- some107(C,B), \+all107(A,C) 0.306620209059
[DEBUG] rnvc107(A,B) :- some107(C,B), \+all107(C,A) 0.306620209059
[DEBUG] rnvc107(A,B) :- some107(C,B), \+some107(A,C) 0.306620209059
[DEBUG] rnvc107(A,B) :- some107(C,B), \+somenot107(A,C) 0.306620209059
[DEBUG] rnvc107(A,B) :- some107(C,B), \+somenot107(C,A) 0.306620209059
[DEBUG] rnvc107(A,B) :- no107(C,A), \+all107(C,B) 0.306620209059
[DEBUG] rnvc107(A,B) :- no107(C,A), \+all107(B,C) 0.306620209059
[DEBUG] rnvc107(A,B) :- no107(C,A), \+some107(B,C) 0.306620209059
[DEBUG] rnvc107(A,B) :- no107(C,A), \+no107(B,C) 0.306620209059
[DEBUG] rnvc107(A,B) :- no107(C,A), \+somenot107(C,B) 0.306620209059
[DEBUG] ==================================
[INFO] RULE LEARNED: rnvc107(A,B) :- some107(C,B), some107(C,A) 0.884615384615
[DEBUG] Best rule so far: rnvc107(A,B) :- true [0.125]
[DEBUG] Candidates for iteration 1:
[DEBUG] ==================================
[DEBUG] rnvc107(A,B) :- true 0.125
[DEBUG] ==================================
[LVL9] rnvc107(A,B) :- all107(C,A) 0.160714285714 (12.0, 6.0, 30.0, 4.0) 0.5625 [ACCEPT]
[LVL9] BETTER RULE rnvc107(A,B) :- all107(C,A) (0.16071428571428573, 12.0) > (0.125, 16.0)
[LVL9] rnvc107(A,B) :- all107(C,B) 0.140625 (12.0, 7.0, 29.0, 4.0) 0.5625 [ACCEPT]
[LVL9] rnvc107(A,B) :- some107(B,C) 0.160714285714 (12.0, 6.0, 30.0, 4.0) 0.5625 [ACCEPT]
[LVL9] rnvc107(A,B) :- some107(C,B) 0.160714285714 (12.0, 6.0, 30.0, 4.0) 0.5625 [ACCEPT]
[LVL9] rnvc107(A,B) :- no107(B,C) 0.225 (12.0, 4.0, 32.0, 4.0) 0.5625 [ACCEPT]
[LVL9] BETTER RULE rnvc107(A,B) :- no107(B,C) (0.225, 12.0) > (0.16071428571428573, 12.0)
[LVL9] rnvc107(A,B) :- no107(C,A) 0.265625 (13.0, 6.0, 30.0, 3.0) 0.708333333333 [ACCEPT]
[LVL9] BETTER RULE rnvc107(A,B) :- no107(C,A) (0.265625, 13.0) > (0.225, 12.0)
[LVL9] rnvc107(A,B) :- no107(C,B) 0.160714285714 (12.0, 6.0, 30.0, 4.0) 0.5625 [ACCEPT]
[LVL9] rnvc107(A,B) :- somenot107(A,C) 0.160714285714 (12.0, 6.0, 30.0, 4.0) 0.5625 [ACCEPT]
[LVL9] rnvc107(A,B) :- somenot107(C,A) 0.225 (12.0, 4.0, 32.0, 4.0) 0.5625 [ACCEPT]
[DEBUG] Best rule so far: rnvc107(A,B) :- no107(C,A) [0.265625]
[DEBUG] Candidates for iteration 2:
[DEBUG] ==================================
[DEBUG] rnvc107(A,B) :- no107(C,A) 0.265625
[DEBUG] rnvc107(A,B) :- no107(B,C) 0.225
[DEBUG] rnvc107(A,B) :- somenot107(C,A) 0.225
[DEBUG] rnvc107(A,B) :- all107(C,A) 0.160714285714
[DEBUG] rnvc107(A,B) :- some107(B,C) 0.160714285714
[DEBUG] rnvc107(A,B) :- some107(C,B) 0.160714285714
[DEBUG] rnvc107(A,B) :- no107(C,B) 0.160714285714
[DEBUG] rnvc107(A,B) :- somenot107(A,C) 0.160714285714
[DEBUG] rnvc107(A,B) :- all107(C,B) 0.140625
[DEBUG] ==================================
[LVL9] rnvc107(A,B) :- no107(C,A), some107(C,B) 0.5625 (12.0, 1.0, 35.0, 4.0) 0.5625 [ACCEPT]
[LVL9] BETTER RULE rnvc107(A,B) :- no107(C,A), some107(C,B) (0.5625, 12.0) > (0.265625, 13.0)
[LVL9] rnvc107(A,B) :- no107(C,A), \+all107(C,B) 0.303571428571 (13.0, 5.0, 31.0, 3.0) 0.708333333333 [ACCEPT]
[LVL9] rnvc107(A,B) :- no107(C,A), \+all107(B,C) 0.303571428571 (13.0, 5.0, 31.0, 3.0) 0.708333333333 [ACCEPT]
[LVL9] rnvc107(A,B) :- no107(C,A), \+some107(B,C) 0.303571428571 (13.0, 5.0, 31.0, 3.0) 0.708333333333 [ACCEPT]
[LVL9] rnvc107(A,B) :- no107(C,A), \+no107(B,C) 0.303571428571 (13.0, 5.0, 31.0, 3.0) 0.708333333333 [ACCEPT]
[LVL9] rnvc107(A,B) :- no107(C,A), \+somenot107(C,B) 0.303571428571 (13.0, 5.0, 31.0, 3.0) 0.708333333333 [ACCEPT]
[DEBUG] Best rule so far: rnvc107(A,B) :- no107(C,A), some107(C,B) [0.5625]
[DEBUG] Candidates for iteration 3:
[DEBUG] ==================================
[DEBUG] rnvc107(A,B) :- no107(C,A), some107(C,B) 0.5625
[DEBUG] rnvc107(A,B) :- no107(C,A), \+all107(C,B) 0.303571428571
[DEBUG] rnvc107(A,B) :- no107(C,A), \+all107(B,C) 0.303571428571
[DEBUG] rnvc107(A,B) :- no107(C,A), \+some107(B,C) 0.303571428571
[DEBUG] rnvc107(A,B) :- no107(C,A), \+no107(B,C) 0.303571428571
[DEBUG] rnvc107(A,B) :- no107(C,A), \+somenot107(C,B) 0.303571428571
[DEBUG] ==================================
[INFO] RULE LEARNED: rnvc107(A,B) :- no107(C,A), some107(C,B) 0.903846153846
[DEBUG] Best rule so far: rnvc107(A,B) :- true [0.102564102564]
[DEBUG] Candidates for iteration 1:
[DEBUG] ==================================
[DEBUG] rnvc107(A,B) :- true 0.102564102564
[DEBUG] ==================================
[LVL9] rnvc107(A,B) :- all107(C,A) 0.157509157509 (13.0, 6.0, 30.0, 3.0) 0.551282051282 [ACCEPT]
[LVL9] BETTER RULE rnvc107(A,B) :- all107(C,A) (0.15750915750915753, 13.0) > (0.10256410256410256, 16.0)
[LVL9] rnvc107(A,B) :- all107(C,B) 0.137820512821 (13.0, 7.0, 29.0, 3.0) 0.551282051282 [ACCEPT]
[LVL9] rnvc107(A,B) :- some107(B,C) 0.157509157509 (13.0, 6.0, 30.0, 3.0) 0.551282051282 [ACCEPT]
[LVL9] rnvc107(A,B) :- no107(B,C) 0.220512820513 (13.0, 4.0, 32.0, 3.0) 0.551282051282 [ACCEPT]
[LVL9] BETTER RULE rnvc107(A,B) :- no107(B,C) (0.22051282051282053, 13.0) > (0.15750915750915753, 13.0)
[LVL9] rnvc107(A,B) :- no107(C,A) 0.157509157509 (13.0, 6.0, 30.0, 3.0) 0.551282051282 [ACCEPT]
[LVL9] rnvc107(A,B) :- no107(C,B) 0.157509157509 (13.0, 6.0, 30.0, 3.0) 0.551282051282 [ACCEPT]
[LVL9] rnvc107(A,B) :- somenot107(A,C) 0.157509157509 (13.0, 6.0, 30.0, 3.0) 0.551282051282 [ACCEPT]
[LVL9] rnvc107(A,B) :- somenot107(C,A) 0.220512820513 (13.0, 4.0, 32.0, 3.0) 0.551282051282 [ACCEPT]
[DEBUG] Best rule so far: rnvc107(A,B) :- no107(B,C) [0.220512820513]
[DEBUG] Candidates for iteration 2:
[DEBUG] ==================================
[DEBUG] rnvc107(A,B) :- no107(B,C) 0.220512820513
[DEBUG] rnvc107(A,B) :- somenot107(C,A) 0.220512820513
[DEBUG] rnvc107(A,B) :- all107(C,A) 0.157509157509
[DEBUG] rnvc107(A,B) :- some107(B,C) 0.157509157509
[DEBUG] rnvc107(A,B) :- no107(C,A) 0.157509157509
[DEBUG] rnvc107(A,B) :- no107(C,B) 0.157509157509
[DEBUG] rnvc107(A,B) :- somenot107(A,C) 0.157509157509
[DEBUG] rnvc107(A,B) :- all107(C,B) 0.137820512821
[DEBUG] ==================================
[LVL9] rnvc107(A,B) :- no107(B,C), somenot107(C,A) 0.551282051282 (13.0, 1.0, 35.0, 3.0) 0.551282051282 [ACCEPT]
[LVL9] BETTER RULE rnvc107(A,B) :- no107(B,C), somenot107(C,A) (0.5512820512820513, 13.0) > (0.22051282051282053, 13.0)
[DEBUG] Best rule so far: rnvc107(A,B) :- no107(B,C), somenot107(C,A) [0.551282051282]
[DEBUG] Candidates for iteration 3:
[DEBUG] ==================================
[DEBUG] rnvc107(A,B) :- no107(B,C), somenot107(C,A) 0.551282051282
[DEBUG] ==================================
[INFO] RULE LEARNED: rnvc107(A,B) :- no107(B,C), somenot107(C,A) 0.923076923077
[DEBUG] Best rule so far: rnvc107(A,B) :- true [0.0789473684211]
[DEBUG] Candidates for iteration 1:
[DEBUG] ==================================
[DEBUG] rnvc107(A,B) :- true 0.0789473684211
[DEBUG] ==================================
[LVL9] rnvc107(A,B) :- all107(C,A) 0.154135338346 (14.0, 6.0, 30.0, 2.0) 0.539473684211 [ACCEPT]
[LVL9] BETTER RULE rnvc107(A,B) :- all107(C,A) (0.15413533834586465, 14.0) > (0.07894736842105263, 16.0)
[LVL9] rnvc107(A,B) :- all107(C,B) 0.134868421053 (14.0, 7.0, 29.0, 2.0) 0.539473684211 [ACCEPT]
[LVL9] rnvc107(A,B) :- some107(B,C) 0.154135338346 (14.0, 6.0, 30.0, 2.0) 0.539473684211 [ACCEPT]
[LVL9] rnvc107(A,B) :- no107(C,A) 0.154135338346 (14.0, 6.0, 30.0, 2.0) 0.539473684211 [ACCEPT]
[LVL9] rnvc107(A,B) :- no107(C,B) 0.154135338346 (14.0, 6.0, 30.0, 2.0) 0.539473684211 [ACCEPT]
[LVL9] rnvc107(A,B) :- somenot107(A,C) 0.154135338346 (14.0, 6.0, 30.0, 2.0) 0.539473684211 [ACCEPT]
[DEBUG] Best rule so far: rnvc107(A,B) :- all107(C,A) [0.154135338346]
[DEBUG] Candidates for iteration 2:
[DEBUG] ==================================
[DEBUG] rnvc107(A,B) :- all107(C,A) 0.154135338346
[DEBUG] rnvc107(A,B) :- some107(B,C) 0.154135338346
[DEBUG] rnvc107(A,B) :- no107(C,A) 0.154135338346
[DEBUG] rnvc107(A,B) :- no107(C,B) 0.154135338346
[DEBUG] rnvc107(A,B) :- somenot107(A,C) 0.154135338346
[DEBUG] rnvc107(A,B) :- all107(C,B) 0.134868421053
[DEBUG] ==================================
[LVL9] rnvc107(A,B) :- all107(C,A), all107(C,B) 0.539473684211 (14.0, 1.0, 35.0, 2.0) 0.539473684211 [ACCEPT]
[LVL9] BETTER RULE rnvc107(A,B) :- all107(C,A), all107(C,B) (0.5394736842105263, 14.0) > (0.15413533834586465, 14.0)
[DEBUG] Best rule so far: rnvc107(A,B) :- all107(C,A), all107(C,B) [0.539473684211]
[DEBUG] Candidates for iteration 3:
[DEBUG] ==================================
[DEBUG] rnvc107(A,B) :- all107(C,A), all107(C,B) 0.539473684211
[DEBUG] ==================================
[INFO] RULE LEARNED: rnvc107(A,B) :- all107(C,A), all107(C,B) 0.942307692308
[DEBUG] Best rule so far: rnvc107(A,B) :- true [0.0]
[DEBUG] Candidates for iteration 1:
[DEBUG] ==================================
[DEBUG] rnvc107(A,B) :- true 0.0
[DEBUG] ==================================
[LVL9] rnvc107(A,B) :- some107(B,C) 0.150579150579 (15.0, 6.0, 30.0, 1.0) 0.527027027027 [ACCEPT]
[LVL9] BETTER RULE rnvc107(A,B) :- some107(B,C) (0.15057915057915056, 15.0) > (0.0, 16.0)
[LVL9] rnvc107(A,B) :- no107(C,A) 0.150579150579 (15.0, 6.0, 30.0, 1.0) 0.527027027027 [ACCEPT]
[LVL9] rnvc107(A,B) :- no107(C,B) 0.150579150579 (15.0, 6.0, 30.0, 1.0) 0.527027027027 [ACCEPT]
[LVL9] rnvc107(A,B) :- somenot107(A,C) 0.150579150579 (15.0, 6.0, 30.0, 1.0) 0.527027027027 [ACCEPT]
[DEBUG] Best rule so far: rnvc107(A,B) :- some107(B,C) [0.150579150579]
[DEBUG] Candidates for iteration 2:
[DEBUG] ==================================
[DEBUG] rnvc107(A,B) :- some107(B,C) 0.150579150579
[DEBUG] rnvc107(A,B) :- no107(C,A) 0.150579150579
[DEBUG] rnvc107(A,B) :- no107(C,B) 0.150579150579
[DEBUG] rnvc107(A,B) :- somenot107(A,C) 0.150579150579
[DEBUG] ==================================
[LVL9] rnvc107(A,B) :- some107(B,C), somenot107(A,C) 0.527027027027 (15.0, 1.0, 35.0, 1.0) 0.527027027027 [ACCEPT]
[LVL9] BETTER RULE rnvc107(A,B) :- some107(B,C), somenot107(A,C) (0.527027027027027, 15.0) > (0.15057915057915056, 15.0)
[DEBUG] Best rule so far: rnvc107(A,B) :- some107(B,C), somenot107(A,C) [0.527027027027]
[DEBUG] Candidates for iteration 3:
[DEBUG] ==================================
[DEBUG] rnvc107(A,B) :- some107(B,C), somenot107(A,C) 0.527027027027
[DEBUG] ==================================
[INFO] RULE LEARNED: rnvc107(A,B) :- some107(B,C), somenot107(A,C) 0.961538461538
[DEBUG] Best rule so far: rnvc107(A,B) :- true [0.0277777777778]
[DEBUG] Candidates for iteration 1:
[DEBUG] ==================================
[DEBUG] rnvc107(A,B) :- true 0.0277777777778
[DEBUG] ==================================
[LVL9] rnvc107(A,B) :- no107(C,A) 0.146825396825 (16.0, 6.0, 30.0, 0.0) 0.513888888889 [ACCEPT]
[LVL9] BETTER RULE rnvc107(A,B) :- no107(C,A) (0.1468253968253968, 16.0) > (0.027777777777777776, 16.0)
[LVL9] rnvc107(A,B) :- no107(C,B) 0.146825396825 (16.0, 6.0, 30.0, 0.0) 0.513888888889 [ACCEPT]
[DEBUG] Best rule so far: rnvc107(A,B) :- no107(C,A) [0.146825396825]
[DEBUG] Candidates for iteration 2:
[DEBUG] ==================================
[DEBUG] rnvc107(A,B) :- no107(C,A) 0.146825396825
[DEBUG] rnvc107(A,B) :- no107(C,B) 0.146825396825
[DEBUG] ==================================
[LVL9] rnvc107(A,B) :- no107(C,A), no107(C,B) 0.513888888889 (16.0, 1.0, 35.0, 0.0) 0.513888888889 [ACCEPT]
[LVL9] BETTER RULE rnvc107(A,B) :- no107(C,A), no107(C,B) (0.5138888888888888, 16.0) > (0.1468253968253968, 16.0)
[DEBUG] Best rule so far: rnvc107(A,B) :- no107(C,A), no107(C,B) [0.513888888889]
[DEBUG] Candidates for iteration 3:
[DEBUG] ==================================
[DEBUG] rnvc107(A,B) :- no107(C,A), no107(C,B) 0.513888888889
[DEBUG] ==================================
[INFO] RULE LEARNED: rnvc107(A,B) :- no107(C,A), no107(C,B) 0.980769230769
[DEBUG] Best rule so far: rnvc107(A,B) :- true [0.0]
[DEBUG] Candidates for iteration 1:
[DEBUG] ==================================
[DEBUG] rnvc107(A,B) :- true 0.0
[DEBUG] ==================================
[INFO] RULE LEARNED: rnvc107(A,B) :- true 0.980769230769
