[LVL9] Output level: 9
[INFO] Random seed: 0.286486351031
[INFO] Computing scores: 0.1148s
[INFO] Number of examples (M): 118
[INFO] Positive weight (P): 1.0000
[INFO] Negative weight (N): 117.0000
[DEBUG] Best rule so far: rno52(A,B) :- true [0.00847457627119]
[DEBUG] Candidates for iteration 1:
[DEBUG] ==================================
[DEBUG] rno52(A,B) :- true 0.00847457627119
[DEBUG] ==================================
[LVL9] rno52(A,B) :- all52(A,C) 0.0720338983051 (1.0, 12.0, 105.0, 0.0) 0.504237288136 [ACCEPT]
[LVL9] BETTER RULE rno52(A,B) :- all52(A,C) (0.07203389830508475, 1.0) > (0.00847457627118644, 1.0)
[LVL9] rno52(A,B) :- all52(C,B) 0.0593220338983 (1.0, 15.0, 102.0, 0.0) 0.504237288136 [ACCEPT]
[DEBUG] Best rule so far: rno52(A,B) :- all52(A,C) [0.0720338983051]
[DEBUG] Candidates for iteration 2:
[DEBUG] ==================================
[DEBUG] rno52(A,B) :- all52(A,C) 0.0720338983051
[DEBUG] rno52(A,B) :- all52(C,B) 0.0593220338983
[DEBUG] ==================================
[LVL9] rno52(A,B) :- all52(A,C), all52(C,B) 0.33615819209 (1.0, 1.0, 116.0, 0.0) 0.504237288136 [ACCEPT]
[LVL9] BETTER RULE rno52(A,B) :- all52(A,C), all52(C,B) (0.3361581920903955, 1.0) > (0.07203389830508475, 1.0)
[LVL9] rno52(A,B) :- all52(A,C), all52(C,D) 0.33615819209 (1.0, 1.0, 116.0, 0.0) 0.504237288136 [ACCEPT]
[LVL9] rno52(A,B) :- all52(A,C), all52(D,B) 0.33615819209 (1.0, 1.0, 116.0, 0.0) 0.504237288136 [ACCEPT]
[LVL9] rno52(A,B) :- all52(A,C), \+some52(C,B) 0.0775749674055 (1.0, 11.0, 106.0, 0.0) 0.504237288136 [ACCEPT]
[LVL9] rno52(A,B) :- all52(A,C), \+some52(B,C) 0.0840395480226 (1.0, 10.0, 107.0, 0.0) 0.504237288136 [ACCEPT]
[LVL9] rno52(A,B) :- all52(A,C), \+no52(C,B) 0.0840395480226 (1.0, 10.0, 107.0, 0.0) 0.504237288136 [ACCEPT]
[LVL9] rno52(A,B) :- all52(A,C), \+no52(B,C) 0.0840395480226 (1.0, 10.0, 107.0, 0.0) 0.504237288136 [ACCEPT]
[LVL9] rno52(A,B) :- all52(A,C), \+somenot52(C,B) 0.0840395480226 (1.0, 10.0, 107.0, 0.0) 0.504237288136 [ACCEPT]
[LVL9] rno52(A,B) :- all52(A,C), \+somenot52(B,C) 0.0840395480226 (1.0, 10.0, 107.0, 0.0) 0.504237288136 [ACCEPT]
[LVL9] rno52(A,B) :- all52(C,B), all52(A,D) 0.33615819209 (1.0, 1.0, 116.0, 0.0) 0.504237288136 [ACCEPT]
[LVL9] rno52(A,B) :- all52(C,B), all52(D,C) 0.33615819209 (1.0, 1.0, 116.0, 0.0) 0.504237288136 [ACCEPT]
[LVL9] rno52(A,B) :- all52(C,B), \+all52(C,A) 0.0672316384181 (1.0, 13.0, 104.0, 0.0) 0.504237288136 [ACCEPT]
[LVL9] rno52(A,B) :- all52(C,B), \+some52(A,C) 0.0672316384181 (1.0, 13.0, 104.0, 0.0) 0.504237288136 [ACCEPT]
[LVL9] rno52(A,B) :- all52(C,B), \+some52(C,A) 0.0672316384181 (1.0, 13.0, 104.0, 0.0) 0.504237288136 [ACCEPT]
[LVL9] rno52(A,B) :- all52(C,B), \+no52(A,C) 0.0672316384181 (1.0, 13.0, 104.0, 0.0) 0.504237288136 [ACCEPT]
[LVL9] rno52(A,B) :- all52(C,B), \+no52(C,A) 0.0672316384181 (1.0, 13.0, 104.0, 0.0) 0.504237288136 [ACCEPT]
[LVL9] rno52(A,B) :- all52(C,B), \+somenot52(A,C) 0.0672316384181 (1.0, 13.0, 104.0, 0.0) 0.504237288136 [ACCEPT]
[LVL9] rno52(A,B) :- all52(C,B), \+somenot52(C,A) 0.0672316384181 (1.0, 13.0, 104.0, 0.0) 0.504237288136 [ACCEPT]
[DEBUG] Best rule so far: rno52(A,B) :- all52(A,C), all52(C,B) [0.33615819209]
[DEBUG] Candidates for iteration 3:
[DEBUG] ==================================
[DEBUG] rno52(A,B) :- all52(A,C), all52(C,B) 0.33615819209
[DEBUG] rno52(A,B) :- all52(A,C), all52(C,D) 0.33615819209
[DEBUG] rno52(A,B) :- all52(A,C), all52(D,B) 0.33615819209
[DEBUG] rno52(A,B) :- all52(C,B), all52(A,D) 0.33615819209
[DEBUG] rno52(A,B) :- all52(C,B), all52(D,C) 0.33615819209
[DEBUG] rno52(A,B) :- all52(A,C), \+some52(B,C) 0.0840395480226
[DEBUG] rno52(A,B) :- all52(A,C), \+no52(C,B) 0.0840395480226
[DEBUG] rno52(A,B) :- all52(A,C), \+no52(B,C) 0.0840395480226
[DEBUG] rno52(A,B) :- all52(A,C), \+somenot52(C,B) 0.0840395480226
[DEBUG] rno52(A,B) :- all52(A,C), \+somenot52(B,C) 0.0840395480226
[DEBUG] rno52(A,B) :- all52(A,C), \+some52(C,B) 0.0775749674055
[DEBUG] rno52(A,B) :- all52(C,B), \+all52(C,A) 0.0672316384181
[DEBUG] rno52(A,B) :- all52(C,B), \+some52(A,C) 0.0672316384181
[DEBUG] rno52(A,B) :- all52(C,B), \+some52(C,A) 0.0672316384181
[DEBUG] rno52(A,B) :- all52(C,B), \+no52(A,C) 0.0672316384181
[DEBUG] rno52(A,B) :- all52(C,B), \+no52(C,A) 0.0672316384181
[DEBUG] rno52(A,B) :- all52(C,B), \+somenot52(A,C) 0.0672316384181
[DEBUG] rno52(A,B) :- all52(C,B), \+somenot52(C,A) 0.0672316384181
[DEBUG] ==================================
[INFO] RULE LEARNED: rno52(A,B) :- all52(A,C), all52(C,B) 0.991525423729
[DEBUG] Best rule so far: rno52(A,B) :- true [0.0]
[DEBUG] Candidates for iteration 1:
[DEBUG] ==================================
[DEBUG] rno52(A,B) :- true 0.0
[DEBUG] ==================================
[INFO] RULE LEARNED: rno52(A,B) :- true 0.991525423729
