[LVL9] Output level: 9
[INFO] Random seed: 0.191574524685
[INFO] Computing scores: 0.0178s
[INFO] Number of examples (M): 58
[INFO] Positive weight (P): 32.0000
[INFO] Negative weight (N): 26.0000
[DEBUG] Best rule so far: rnvc101(A,B) :- true [0.551724137931]
[DEBUG] Candidates for iteration 1:
[DEBUG] ==================================
[DEBUG] rnvc101(A,B) :- true 0.551724137931
[DEBUG] ==================================
[LVL9] rnvc101(A,B) :- all101(A,C) 0.0 (2.0, 5.0, 21.0, 30.0) 0.850574712644 [ACCEPT]
[LVL9] rnvc101(A,B) :- some101(A,C) 0.693965517241 (5.0, 2.0, 24.0, 27.0) 0.925287356322 [ACCEPT]
[LVL9] BETTER RULE rnvc101(A,B) :- some101(A,C) (0.6939655172413793, 5.0) > (0.5517241379310345, 32.0)
[LVL9] rnvc101(A,B) :- some101(B,C) 0.616858237548 (5.0, 3.0, 23.0, 27.0) 0.925287356322 [ACCEPT]
[LVL9] rnvc101(A,B) :- some101(C,A) 0.793103448276 (5.0, 1.0, 25.0, 27.0) 0.925287356322 [ACCEPT]
[LVL9] BETTER RULE rnvc101(A,B) :- some101(C,A) (0.7931034482758621, 5.0) > (0.6939655172413793, 5.0)
[LVL9] rnvc101(A,B) :- some101(C,B) 0.616858237548 (5.0, 3.0, 23.0, 27.0) 0.925287356322 [ACCEPT]
[LVL9] rnvc101(A,B) :- no101(A,C) 0.0 (3.0, 5.0, 21.0, 29.0) 0.887931034483 [ACCEPT]
[LVL9] rnvc101(A,B) :- no101(B,C) 0.591954022989 (3.0, 2.0, 24.0, 29.0) 0.887931034483 [ACCEPT]
[LVL9] rnvc101(A,B) :- no101(C,A) 0.727969348659 (6.0, 2.0, 24.0, 26.0) 0.935960591133 [ACCEPT]
[LVL9] rnvc101(A,B) :- no101(C,B) 0.83908045977 (7.0, 1.0, 25.0, 25.0) 0.943965517241 [ACCEPT]
[LVL9] BETTER RULE rnvc101(A,B) :- no101(C,B) (0.8390804597701149, 7.0) > (0.7931034482758621, 5.0)
[LVL9] rnvc101(A,B) :- somenot101(A,C) 0.693965517241 (5.0, 2.0, 24.0, 27.0) 0.925287356322 [ACCEPT]
[LVL9] rnvc101(A,B) :- somenot101(B,C) 0.793103448276 (5.0, 1.0, 25.0, 27.0) 0.925287356322 [ACCEPT]
[LVL9] rnvc101(A,B) :- somenot101(C,A) 0.727969348659 (6.0, 2.0, 24.0, 26.0) 0.935960591133 [ACCEPT]
[LVL9] rnvc101(A,B) :- somenot101(C,B) 0.83908045977 (7.0, 1.0, 25.0, 25.0) 0.943965517241 [ACCEPT]
[DEBUG] Best rule so far: rnvc101(A,B) :- no101(C,B) [0.83908045977]
[DEBUG] Candidates for iteration 2:
[DEBUG] ==================================
[DEBUG] rnvc101(A,B) :- no101(C,B) 0.83908045977
[DEBUG] rnvc101(A,B) :- somenot101(C,B) 0.83908045977
[DEBUG] rnvc101(A,B) :- some101(C,A) 0.793103448276
[DEBUG] rnvc101(A,B) :- somenot101(B,C) 0.793103448276
[DEBUG] rnvc101(A,B) :- no101(C,A) 0.727969348659
[DEBUG] rnvc101(A,B) :- somenot101(C,A) 0.727969348659
[DEBUG] rnvc101(A,B) :- some101(A,C) 0.693965517241
[DEBUG] rnvc101(A,B) :- somenot101(A,C) 0.693965517241
[DEBUG] rnvc101(A,B) :- some101(B,C) 0.616858237548
[DEBUG] rnvc101(A,B) :- some101(C,B) 0.616858237548
[DEBUG] rnvc101(A,B) :- no101(B,C) 0.591954022989
[DEBUG] rnvc101(A,B) :- no101(A,C) 0.0
[DEBUG] rnvc101(A,B) :- all101(A,C) 0.0
[DEBUG] ==================================
[LVL9] rnvc101(A,B) :- no101(C,B), \+all101(C,A) 0.943965517241 (7.0, 0.0, 26.0, 25.0) 0.943965517241 [REJECT* fp] 0.0
[LVL9] BETTER RULE rnvc101(A,B) :- no101(C,B), \+all101(C,A) (0.9439655172413793, 7.0) > (0.8390804597701149, 7.0)
[INFO] RULE LEARNED: rnvc101(A,B) :- no101(C,B), \+all101(C,A) 0.568965517241
[DEBUG] Best rule so far: rnvc101(A,B) :- true [0.490196078431]
[DEBUG] Candidates for iteration 1:
[DEBUG] ==================================
[DEBUG] rnvc101(A,B) :- true 0.490196078431
[DEBUG] ==================================
[LVL9] rnvc101(A,B) :- all101(A,C) 0.0 (8.0, 5.0, 21.0, 24.0) 0.745098039216 [ACCEPT]
[LVL9] rnvc101(A,B) :- some101(A,C) 0.641456582633 (11.0, 2.0, 24.0, 21.0) 0.898039215686 [ACCEPT]
[LVL9] BETTER RULE rnvc101(A,B) :- some101(A,C) (0.6414565826330533, 11.0) > (0.49019607843137253, 32.0)
[LVL9] rnvc101(A,B) :- some101(B,C) 0.610021786492 (12.0, 3.0, 23.0, 20.0) 0.915032679739 [ACCEPT]
[LVL9] rnvc101(A,B) :- some101(C,A) 0.748366013072 (11.0, 1.0, 25.0, 21.0) 0.898039215686 [ACCEPT]
[LVL9] BETTER RULE rnvc101(A,B) :- some101(C,A) (0.7483660130718954, 11.0) > (0.6414565826330533, 11.0)
[LVL9] rnvc101(A,B) :- some101(C,B) 0.610021786492 (12.0, 3.0, 23.0, 20.0) 0.915032679739 [ACCEPT]
[LVL9] rnvc101(A,B) :- no101(A,C) 0.0 (9.0, 5.0, 21.0, 23.0) 0.830065359477 [ACCEPT]
[LVL9] rnvc101(A,B) :- no101(B,C) 0.581699346405 (10.0, 2.0, 24.0, 22.0) 0.872549019608 [ACCEPT]
[LVL9] rnvc101(A,B) :- no101(C,A) 0.686274509804 (12.0, 2.0, 24.0, 20.0) 0.915032679739 [ACCEPT]
[LVL9] rnvc101(A,B) :- somenot101(A,C) 0.641456582633 (11.0, 2.0, 24.0, 21.0) 0.898039215686 [ACCEPT]
[LVL9] rnvc101(A,B) :- somenot101(B,C) 0.78431372549 (12.0, 1.0, 25.0, 20.0) 0.915032679739 [ACCEPT]
[LVL9] BETTER RULE rnvc101(A,B) :- somenot101(B,C) (0.7843137254901961, 12.0) > (0.7483660130718954, 11.0)
[LVL9] rnvc101(A,B) :- somenot101(C,A) 0.686274509804 (12.0, 2.0, 24.0, 20.0) 0.915032679739 [ACCEPT]
[LVL9] rnvc101(A,B) :- somenot101(C,B) 0.832244008715 (14.0, 1.0, 25.0, 18.0) 0.936274509804 [ACCEPT]
[LVL9] BETTER RULE rnvc101(A,B) :- somenot101(C,B) (0.8322440087145969, 14.0) > (0.7843137254901961, 12.0)
[DEBUG] Best rule so far: rnvc101(A,B) :- somenot101(C,B) [0.832244008715]
[DEBUG] Candidates for iteration 2:
[DEBUG] ==================================
[DEBUG] rnvc101(A,B) :- somenot101(C,B) 0.832244008715
[DEBUG] rnvc101(A,B) :- somenot101(B,C) 0.78431372549
[DEBUG] rnvc101(A,B) :- some101(C,A) 0.748366013072
[DEBUG] rnvc101(A,B) :- no101(C,A) 0.686274509804
[DEBUG] rnvc101(A,B) :- somenot101(C,A) 0.686274509804
[DEBUG] rnvc101(A,B) :- some101(A,C) 0.641456582633
[DEBUG] rnvc101(A,B) :- somenot101(A,C) 0.641456582633
[DEBUG] rnvc101(A,B) :- some101(B,C) 0.610021786492
[DEBUG] rnvc101(A,B) :- some101(C,B) 0.610021786492
[DEBUG] rnvc101(A,B) :- no101(B,C) 0.581699346405
[DEBUG] rnvc101(A,B) :- no101(A,C) 0.0
[DEBUG] rnvc101(A,B) :- all101(A,C) 0.0
[DEBUG] ==================================
[LVL9] rnvc101(A,B) :- somenot101(C,B), \+all101(C,A) 0.936274509804 (14.0, 0.0, 26.0, 18.0) 0.936274509804 [REJECT* fp] 7.0
[LVL9] BETTER RULE rnvc101(A,B) :- somenot101(C,B), \+all101(C,A) (0.9362745098039216, 14.0) > (0.8322440087145969, 14.0)
[INFO] RULE LEARNED: rnvc101(A,B) :- somenot101(C,B), \+all101(C,A) 0.689655172414
[DEBUG] Best rule so far: rnvc101(A,B) :- true [0.409090909091]
[DEBUG] Candidates for iteration 1:
[DEBUG] ==================================
[DEBUG] rnvc101(A,B) :- true 0.409090909091
[DEBUG] ==================================
[LVL9] rnvc101(A,B) :- some101(A,C) 0.568181818182 (17.0, 2.0, 24.0, 15.0) 0.852272727273 [ACCEPT]
[LVL9] BETTER RULE rnvc101(A,B) :- some101(A,C) (0.5681818181818182, 17.0) > (0.4090909090909091, 32.0)
[LVL9] rnvc101(A,B) :- some101(B,C) 0.60101010101 (19.0, 3.0, 23.0, 13.0) 0.901515151515 [ACCEPT]
[LVL9] BETTER RULE rnvc101(A,B) :- some101(B,C) (0.601010101010101, 19.0) > (0.5681818181818182, 17.0)
[LVL9] rnvc101(A,B) :- some101(C,A) 0.681818181818 (17.0, 1.0, 25.0, 15.0) 0.852272727273 [ACCEPT]
[LVL9] BETTER RULE rnvc101(A,B) :- some101(C,A) (0.6818181818181819, 17.0) > (0.601010101010101, 19.0)
[LVL9] rnvc101(A,B) :- some101(C,B) 0.60101010101 (19.0, 3.0, 23.0, 13.0) 0.901515151515 [ACCEPT]
[LVL9] rnvc101(A,B) :- no101(A,C) 0.0 (15.0, 5.0, 21.0, 17.0) 0.704545454545 [ACCEPT]
[LVL9] rnvc101(A,B) :- no101(B,C) 0.568181818182 (17.0, 2.0, 24.0, 15.0) 0.852272727273 [ACCEPT]
[LVL9] rnvc101(A,B) :- no101(C,A) 0.62987012987 (18.0, 2.0, 24.0, 14.0) 0.881818181818 [ACCEPT]
[LVL9] rnvc101(A,B) :- somenot101(A,C) 0.568181818182 (17.0, 2.0, 24.0, 15.0) 0.852272727273 [ACCEPT]
[LVL9] rnvc101(A,B) :- somenot101(B,C) 0.772727272727 (19.0, 1.0, 25.0, 13.0) 0.901515151515 [ACCEPT]
[LVL9] BETTER RULE rnvc101(A,B) :- somenot101(B,C) (0.7727272727272727, 19.0) > (0.6818181818181819, 17.0)
[LVL9] rnvc101(A,B) :- somenot101(C,A) 0.62987012987 (18.0, 2.0, 24.0, 14.0) 0.881818181818 [ACCEPT]
[DEBUG] Best rule so far: rnvc101(A,B) :- somenot101(B,C) [0.772727272727]
[DEBUG] Candidates for iteration 2:
[DEBUG] ==================================
[DEBUG] rnvc101(A,B) :- somenot101(B,C) 0.772727272727
[DEBUG] rnvc101(A,B) :- some101(C,A) 0.681818181818
[DEBUG] rnvc101(A,B) :- no101(C,A) 0.62987012987
[DEBUG] rnvc101(A,B) :- somenot101(C,A) 0.62987012987
[DEBUG] rnvc101(A,B) :- some101(B,C) 0.60101010101
[DEBUG] rnvc101(A,B) :- some101(C,B) 0.60101010101
[DEBUG] rnvc101(A,B) :- some101(A,C) 0.568181818182
[DEBUG] rnvc101(A,B) :- no101(B,C) 0.568181818182
[DEBUG] rnvc101(A,B) :- somenot101(A,C) 0.568181818182
[DEBUG] rnvc101(A,B) :- no101(A,C) 0.0
[DEBUG] ==================================
[LVL9] rnvc101(A,B) :- somenot101(B,C), \+no101(A,C) 0.901515151515 (19.0, 0.0, 26.0, 13.0) 0.901515151515 [REJECT* fp] 14.0
[LVL9] BETTER RULE rnvc101(A,B) :- somenot101(B,C), \+no101(A,C) (0.9015151515151515, 19.0) > (0.7727272727272727, 19.0)
[INFO] RULE LEARNED: rnvc101(A,B) :- somenot101(B,C), \+no101(A,C) 0.775862068966
[DEBUG] Best rule so far: rnvc101(A,B) :- true [0.333333333333]
[DEBUG] Candidates for iteration 1:
[DEBUG] ==================================
[DEBUG] rnvc101(A,B) :- true 0.333333333333
[DEBUG] ==================================
[LVL9] rnvc101(A,B) :- some101(A,C) 0.466666666667 (21.0, 2.0, 24.0, 11.0) 0.777777777778 [ACCEPT]
[LVL9] BETTER RULE rnvc101(A,B) :- some101(A,C) (0.4666666666666667, 21.0) > (0.33333333333333337, 32.0)
[LVL9] rnvc101(A,B) :- some101(B,C) 0.592592592593 (24.0, 3.0, 23.0, 8.0) 0.888888888889 [ACCEPT]
[LVL9] BETTER RULE rnvc101(A,B) :- some101(B,C) (0.5925925925925926, 24.0) > (0.4666666666666667, 21.0)
[LVL9] rnvc101(A,B) :- some101(C,A) 0.583333333333 (21.0, 1.0, 25.0, 11.0) 0.777777777778 [ACCEPT]
[LVL9] rnvc101(A,B) :- some101(C,B) 0.592592592593 (24.0, 3.0, 23.0, 8.0) 0.888888888889 [ACCEPT]
[LVL9] rnvc101(A,B) :- no101(A,C) 0.0 (20.0, 5.0, 21.0, 12.0) 0.666666666667 [ACCEPT]
[LVL9] rnvc101(A,B) :- no101(B,C) 0.555555555556 (22.0, 2.0, 24.0, 10.0) 0.833333333333 [ACCEPT]
[LVL9] rnvc101(A,B) :- no101(C,A) 0.555555555556 (22.0, 2.0, 24.0, 10.0) 0.833333333333 [ACCEPT]
[LVL9] rnvc101(A,B) :- somenot101(A,C) 0.466666666667 (21.0, 2.0, 24.0, 11.0) 0.777777777778 [ACCEPT]
[LVL9] rnvc101(A,B) :- somenot101(C,A) 0.555555555556 (22.0, 2.0, 24.0, 10.0) 0.833333333333 [ACCEPT]
[DEBUG] Best rule so far: rnvc101(A,B) :- some101(B,C) [0.592592592593]
[DEBUG] Candidates for iteration 2:
[DEBUG] ==================================
[DEBUG] rnvc101(A,B) :- some101(B,C) 0.592592592593
[DEBUG] rnvc101(A,B) :- some101(C,B) 0.592592592593
[DEBUG] rnvc101(A,B) :- some101(C,A) 0.583333333333
[DEBUG] rnvc101(A,B) :- no101(B,C) 0.555555555556
[DEBUG] rnvc101(A,B) :- no101(C,A) 0.555555555556
[DEBUG] rnvc101(A,B) :- somenot101(C,A) 0.555555555556
[DEBUG] rnvc101(A,B) :- some101(A,C) 0.466666666667
[DEBUG] rnvc101(A,B) :- somenot101(A,C) 0.466666666667
[DEBUG] rnvc101(A,B) :- no101(A,C) 0.0
[DEBUG] ==================================
[LVL9] rnvc101(A,B) :- some101(B,C), some101(A,C) 0.666666666667 (20.0, 0.0, 26.0, 12.0) 0.666666666667 [REJECT* fp] 19.0
[LVL9] BETTER RULE rnvc101(A,B) :- some101(B,C), some101(A,C) (0.6666666666666666, 20.0) > (0.5925925925925926, 24.0)
[LVL9] rnvc101(A,B) :- some101(B,C), \+all101(A,C) 0.666666666667 (24.0, 2.0, 24.0, 8.0) 0.888888888889 [ACCEPT]
[LVL9] BETTER RULE rnvc101(A,B) :- some101(B,C), \+all101(A,C) (0.6666666666666666, 24.0) > (0.6666666666666666, 20.0)
[LVL9] rnvc101(A,B) :- some101(B,C), \+all101(C,A) 0.666666666667 (24.0, 2.0, 24.0, 8.0) 0.888888888889 [ACCEPT]
[LVL9] rnvc101(A,B) :- some101(B,C), \+no101(A,C) 0.666666666667 (24.0, 2.0, 24.0, 8.0) 0.888888888889 [ACCEPT]
[LVL9] rnvc101(A,B) :- some101(C,B), \+all101(A,C) 0.666666666667 (24.0, 2.0, 24.0, 8.0) 0.888888888889 [ACCEPT]
[LVL9] rnvc101(A,B) :- some101(C,B), \+all101(C,A) 0.666666666667 (24.0, 2.0, 24.0, 8.0) 0.888888888889 [ACCEPT]
[LVL9] rnvc101(A,B) :- some101(C,B), \+no101(A,C) 0.666666666667 (24.0, 2.0, 24.0, 8.0) 0.888888888889 [ACCEPT]
[LVL9] rnvc101(A,B) :- some101(C,A), \+all101(C,B) 0.777777777778 (21.0, 0.0, 26.0, 11.0) 0.777777777778 [REJECT* fp] 19.0
[LVL9] BETTER RULE rnvc101(A,B) :- some101(C,A), \+all101(C,B) (0.7777777777777778, 21.0) > (0.6666666666666666, 24.0)
[LVL9] rnvc101(A,B) :- no101(B,C), \+all101(A,C) 0.666666666667 (22.0, 1.0, 25.0, 10.0) 0.833333333333 [ACCEPT]
[LVL9] rnvc101(A,B) :- no101(B,C), \+all101(C,A) 0.666666666667 (22.0, 1.0, 25.0, 10.0) 0.833333333333 [ACCEPT]
[LVL9] rnvc101(A,B) :- no101(C,A), \+all101(C,B) 0.666666666667 (22.0, 1.0, 25.0, 10.0) 0.833333333333 [ACCEPT]
[LVL9] rnvc101(A,B) :- no101(C,A), \+all101(B,C) 0.666666666667 (22.0, 1.0, 25.0, 10.0) 0.833333333333 [ACCEPT]
[LVL9] rnvc101(A,B) :- somenot101(C,A), \+all101(C,B) 0.666666666667 (22.0, 1.0, 25.0, 10.0) 0.833333333333 [ACCEPT]
[LVL9] rnvc101(A,B) :- somenot101(C,A), \+all101(B,C) 0.666666666667 (22.0, 1.0, 25.0, 10.0) 0.833333333333 [ACCEPT]
[DEBUG] Best rule so far: rnvc101(A,B) :- some101(C,A), \+all101(C,B) [0.777777777778]
[DEBUG] Candidates for iteration 3:
[DEBUG] ==================================
[DEBUG] rnvc101(A,B) :- no101(B,C), \+all101(A,C) 0.666666666667
[DEBUG] rnvc101(A,B) :- no101(B,C), \+all101(C,A) 0.666666666667
[DEBUG] rnvc101(A,B) :- no101(C,A), \+all101(C,B) 0.666666666667
[DEBUG] rnvc101(A,B) :- no101(C,A), \+all101(B,C) 0.666666666667
[DEBUG] rnvc101(A,B) :- somenot101(C,A), \+all101(C,B) 0.666666666667
[DEBUG] rnvc101(A,B) :- somenot101(C,A), \+all101(B,C) 0.666666666667
[DEBUG] rnvc101(A,B) :- some101(B,C), \+all101(A,C) 0.666666666667
[DEBUG] rnvc101(A,B) :- some101(B,C), \+all101(C,A) 0.666666666667
[DEBUG] rnvc101(A,B) :- some101(B,C), \+no101(A,C) 0.666666666667
[DEBUG] rnvc101(A,B) :- some101(C,B), \+all101(A,C) 0.666666666667
[DEBUG] rnvc101(A,B) :- some101(C,B), \+all101(C,A) 0.666666666667
[DEBUG] rnvc101(A,B) :- some101(C,B), \+no101(A,C) 0.666666666667
[DEBUG] ==================================
[INFO] RULE LEARNED: rnvc101(A,B) :- some101(C,A), \+all101(C,B) 0.810344827586
[DEBUG] Best rule so far: rnvc101(A,B) :- true [0.0]
[DEBUG] Candidates for iteration 1:
[DEBUG] ==================================
[DEBUG] rnvc101(A,B) :- true 0.0
[DEBUG] ==================================
[LVL9] rnvc101(A,B) :- some101(A,C) 0.459459459459 (23.0, 2.0, 24.0, 9.0) 0.765765765766 [ACCEPT]
[LVL9] BETTER RULE rnvc101(A,B) :- some101(A,C) (0.4594594594594595, 23.0) > (0.0, 32.0)
[LVL9] rnvc101(A,B) :- some101(B,C) 0.537162162162 (25.0, 3.0, 23.0, 7.0) 0.859459459459 [ACCEPT]
[LVL9] BETTER RULE rnvc101(A,B) :- some101(B,C) (0.5371621621621622, 25.0) > (0.4594594594594595, 23.0)
[LVL9] rnvc101(A,B) :- some101(C,B) 0.537162162162 (25.0, 3.0, 23.0, 7.0) 0.859459459459 [ACCEPT]
[LVL9] rnvc101(A,B) :- no101(A,C) 0.0 (22.0, 5.0, 21.0, 10.0) 0.648648648649 [ACCEPT]
[LVL9] rnvc101(A,B) :- no101(B,C) 0.54954954955 (24.0, 2.0, 24.0, 8.0) 0.824324324324 [ACCEPT]
[LVL9] BETTER RULE rnvc101(A,B) :- no101(B,C) (0.5495495495495496, 24.0) > (0.5371621621621622, 25.0)
[LVL9] rnvc101(A,B) :- no101(C,A) 0.54954954955 (24.0, 2.0, 24.0, 8.0) 0.824324324324 [ACCEPT]
[LVL9] rnvc101(A,B) :- somenot101(A,C) 0.459459459459 (23.0, 2.0, 24.0, 9.0) 0.765765765766 [ACCEPT]
[LVL9] rnvc101(A,B) :- somenot101(C,A) 0.54954954955 (24.0, 2.0, 24.0, 8.0) 0.824324324324 [ACCEPT]
[DEBUG] Best rule so far: rnvc101(A,B) :- no101(B,C) [0.54954954955]
[DEBUG] Candidates for iteration 2:
[DEBUG] ==================================
[DEBUG] rnvc101(A,B) :- no101(B,C) 0.54954954955
[DEBUG] rnvc101(A,B) :- no101(C,A) 0.54954954955
[DEBUG] rnvc101(A,B) :- somenot101(C,A) 0.54954954955
[DEBUG] rnvc101(A,B) :- some101(B,C) 0.537162162162
[DEBUG] rnvc101(A,B) :- some101(C,B) 0.537162162162
[DEBUG] rnvc101(A,B) :- some101(A,C) 0.459459459459
[DEBUG] rnvc101(A,B) :- somenot101(A,C) 0.459459459459
[DEBUG] rnvc101(A,B) :- no101(A,C) 0.0
[DEBUG] ==================================
[LVL9] rnvc101(A,B) :- no101(B,C), no101(A,C) 0.648648648649 (22.0, 0.0, 26.0, 10.0) 0.648648648649 [REJECT* fp] 21.0
[LVL9] BETTER RULE rnvc101(A,B) :- no101(B,C), no101(A,C) (0.6486486486486487, 22.0) > (0.5495495495495496, 24.0)
[LVL9] rnvc101(A,B) :- no101(B,C), \+all101(A,C) 0.659459459459 (24.0, 1.0, 25.0, 8.0) 0.824324324324 [ACCEPT]
[LVL9] BETTER RULE rnvc101(A,B) :- no101(B,C), \+all101(A,C) (0.6594594594594595, 24.0) > (0.6486486486486487, 22.0)
[LVL9] rnvc101(A,B) :- no101(B,C), \+all101(C,A) 0.659459459459 (24.0, 1.0, 25.0, 8.0) 0.824324324324 [ACCEPT]
[LVL9] rnvc101(A,B) :- no101(C,A), \+all101(C,B) 0.659459459459 (24.0, 1.0, 25.0, 8.0) 0.824324324324 [ACCEPT]
[LVL9] rnvc101(A,B) :- no101(C,A), \+all101(B,C) 0.659459459459 (24.0, 1.0, 25.0, 8.0) 0.824324324324 [ACCEPT]
[LVL9] rnvc101(A,B) :- somenot101(C,A), \+all101(C,B) 0.659459459459 (24.0, 1.0, 25.0, 8.0) 0.824324324324 [ACCEPT]
[LVL9] rnvc101(A,B) :- somenot101(C,A), \+all101(B,C) 0.659459459459 (24.0, 1.0, 25.0, 8.0) 0.824324324324 [ACCEPT]
[LVL9] rnvc101(A,B) :- some101(B,C), \+all101(A,C) 0.6138996139 (25.0, 2.0, 24.0, 7.0) 0.859459459459 [ACCEPT]
[LVL9] rnvc101(A,B) :- some101(B,C), \+all101(C,A) 0.6138996139 (25.0, 2.0, 24.0, 7.0) 0.859459459459 [ACCEPT]
[LVL9] rnvc101(A,B) :- some101(B,C), \+no101(A,C) 0.6138996139 (25.0, 2.0, 24.0, 7.0) 0.859459459459 [ACCEPT]
[LVL9] rnvc101(A,B) :- some101(C,B), \+all101(A,C) 0.6138996139 (25.0, 2.0, 24.0, 7.0) 0.859459459459 [ACCEPT]
[LVL9] rnvc101(A,B) :- some101(C,B), \+all101(C,A) 0.6138996139 (25.0, 2.0, 24.0, 7.0) 0.859459459459 [ACCEPT]
[LVL9] rnvc101(A,B) :- some101(C,B), \+no101(A,C) 0.6138996139 (25.0, 2.0, 24.0, 7.0) 0.859459459459 [ACCEPT]
[LVL9] rnvc101(A,B) :- some101(A,C), \+all101(C,B) 0.574324324324 (23.0, 1.0, 25.0, 9.0) 0.765765765766 [ACCEPT]
[LVL9] rnvc101(A,B) :- some101(A,C), \+all101(B,C) 0.574324324324 (23.0, 1.0, 25.0, 9.0) 0.765765765766 [ACCEPT]
[LVL9] rnvc101(A,B) :- somenot101(A,C), \+all101(C,B) 0.574324324324 (23.0, 1.0, 25.0, 9.0) 0.765765765766 [ACCEPT]
[LVL9] rnvc101(A,B) :- somenot101(A,C), \+all101(B,C) 0.574324324324 (23.0, 1.0, 25.0, 9.0) 0.765765765766 [ACCEPT]
[DEBUG] Best rule so far: rnvc101(A,B) :- no101(B,C), \+all101(A,C) [0.659459459459]
[DEBUG] Candidates for iteration 3:
[DEBUG] ==================================
[DEBUG] rnvc101(A,B) :- no101(B,C), \+all101(A,C) 0.659459459459
[DEBUG] rnvc101(A,B) :- no101(B,C), \+all101(C,A) 0.659459459459
[DEBUG] rnvc101(A,B) :- no101(C,A), \+all101(C,B) 0.659459459459
[DEBUG] rnvc101(A,B) :- no101(C,A), \+all101(B,C) 0.659459459459
[DEBUG] rnvc101(A,B) :- somenot101(C,A), \+all101(C,B) 0.659459459459
[DEBUG] rnvc101(A,B) :- somenot101(C,A), \+all101(B,C) 0.659459459459
[DEBUG] rnvc101(A,B) :- some101(B,C), \+all101(A,C) 0.6138996139
[DEBUG] rnvc101(A,B) :- some101(B,C), \+all101(C,A) 0.6138996139
[DEBUG] rnvc101(A,B) :- some101(B,C), \+no101(A,C) 0.6138996139
[DEBUG] rnvc101(A,B) :- some101(C,B), \+all101(A,C) 0.6138996139
[DEBUG] rnvc101(A,B) :- some101(C,B), \+all101(C,A) 0.6138996139
[DEBUG] rnvc101(A,B) :- some101(C,B), \+no101(A,C) 0.6138996139
[DEBUG] rnvc101(A,B) :- some101(A,C), \+all101(C,B) 0.574324324324
[DEBUG] rnvc101(A,B) :- some101(A,C), \+all101(B,C) 0.574324324324
[DEBUG] rnvc101(A,B) :- somenot101(A,C), \+all101(C,B) 0.574324324324
[DEBUG] rnvc101(A,B) :- somenot101(A,C), \+all101(B,C) 0.574324324324
[DEBUG] ==================================
[INFO] RULE LEARNED: rnvc101(A,B) :- no101(B,C), \+all101(A,C) 0.844827586207
