[LVL9] Output level: 9
[INFO] Random seed: 0.0682719748421
[INFO] Computing scores: 0.0994s
[INFO] Number of examples (M): 106
[INFO] Positive weight (P): 11.0000
[INFO] Negative weight (N): 95.0000
[DEBUG] Best rule so far: rall56(A,B) :- true [0.103773584906]
[DEBUG] Candidates for iteration 1:
[DEBUG] ==================================
[DEBUG] rall56(A,B) :- true 0.103773584906
[DEBUG] ==================================
[LVL9] rall56(A,B) :- all56(A,C) 0.193985849057 (3.0, 12.0, 83.0, 8.0) 0.775943396226 [ACCEPT]
[LVL9] BETTER RULE rall56(A,B) :- all56(A,C) (0.19398584905660377, 3.0) > (0.10377358490566038, 11.0)
[LVL9] rall56(A,B) :- all56(B,C) 0.131485849057 (2.0, 13.0, 82.0, 9.0) 0.701257861635 [ACCEPT]
[LVL9] rall56(A,B) :- all56(C,A) 0.140251572327 (2.0, 12.0, 83.0, 9.0) 0.701257861635 [ACCEPT]
[LVL9] rall56(A,B) :- all56(C,B) 0.206918238994 (3.0, 11.0, 84.0, 8.0) 0.775943396226 [ACCEPT]
[LVL9] BETTER RULE rall56(A,B) :- all56(C,B) (0.20691823899371067, 3.0) > (0.19398584905660377, 3.0)
[LVL9] rall56(A,B) :- some56(A,C) 0.0 (1.0, 10.0, 85.0, 10.0) 0.551886792453 [ACCEPT]
[LVL9] rall56(A,B) :- some56(C,A) 0.0 (1.0, 14.0, 81.0, 10.0) 0.551886792453 [ACCEPT]
[LVL9] rall56(A,B) :- no56(A,C) 0.140251572327 (2.0, 12.0, 83.0, 9.0) 0.701257861635 [ACCEPT]
[LVL9] rall56(A,B) :- no56(B,C) 0.340251572327 (5.0, 9.0, 86.0, 6.0) 0.850628930818 [ACCEPT]
[LVL9] BETTER RULE rall56(A,B) :- no56(B,C) (0.340251572327044, 5.0) > (0.20691823899371067, 3.0)
[LVL9] rall56(A,B) :- no56(C,A) 0.150269541779 (2.0, 11.0, 84.0, 9.0) 0.701257861635 [ACCEPT]
[LVL9] rall56(A,B) :- no56(C,B) 0.0 (1.0, 12.0, 83.0, 10.0) 0.551886792453 [ACCEPT]
[DEBUG] Best rule so far: rall56(A,B) :- no56(B,C) [0.340251572327]
[DEBUG] Candidates for iteration 2:
[DEBUG] ==================================
[DEBUG] rall56(A,B) :- no56(B,C) 0.340251572327
[DEBUG] rall56(A,B) :- all56(C,B) 0.206918238994
[DEBUG] rall56(A,B) :- all56(A,C) 0.193985849057
[DEBUG] rall56(A,B) :- no56(C,A) 0.150269541779
[DEBUG] rall56(A,B) :- all56(C,A) 0.140251572327
[DEBUG] rall56(A,B) :- no56(A,C) 0.140251572327
[DEBUG] rall56(A,B) :- all56(B,C) 0.131485849057
[DEBUG] rall56(A,B) :- some56(A,C) 0.0
[DEBUG] rall56(A,B) :- some56(C,A) 0.0
[DEBUG] rall56(A,B) :- no56(C,B) 0.0
[DEBUG] ==================================
[LVL9] rall56(A,B) :- no56(B,C), all56(A,C) 0.367924528302 (1.0, 1.0, 94.0, 10.0) 0.551886792453 [ACCEPT]
[LVL9] BETTER RULE rall56(A,B) :- no56(B,C), all56(A,C) (0.3679245283018868, 1.0) > (0.340251572327044, 5.0)
[LVL9] rall56(A,B) :- no56(B,C), all56(C,A) 0.367924528302 (1.0, 1.0, 94.0, 10.0) 0.551886792453 [ACCEPT]
[LVL9] rall56(A,B) :- no56(B,C), all56(A,D) 0.367924528302 (1.0, 1.0, 94.0, 10.0) 0.551886792453 [ACCEPT]
[LVL9] rall56(A,B) :- no56(B,C), all56(C,D) 0.367924528302 (1.0, 1.0, 94.0, 10.0) 0.551886792453 [ACCEPT]
[LVL9] rall56(A,B) :- no56(B,C), all56(D,A) 0.367924528302 (1.0, 1.0, 94.0, 10.0) 0.551886792453 [ACCEPT]
[LVL9] rall56(A,B) :- no56(B,C), all56(D,C) 0.367924528302 (1.0, 1.0, 94.0, 10.0) 0.551886792453 [ACCEPT]
[LVL9] rall56(A,B) :- no56(B,C), some56(A,C) 0.551886792453 (1.0, 0.0, 95.0, 10.0) 0.551886792453 [REJECT* fp] 0.0
[LVL9] BETTER RULE rall56(A,B) :- no56(B,C), some56(A,C) (0.5518867924528302, 1.0) > (0.3679245283018868, 1.0)
[LVL9] rall56(A,B) :- no56(B,C), \+all56(A,C) 0.315674891147 (4.0, 8.0, 87.0, 7.0) 0.820754716981 [ACCEPT]
[LVL9] rall56(A,B) :- no56(B,C), \+all56(C,A) 0.315674891147 (4.0, 8.0, 87.0, 7.0) 0.820754716981 [ACCEPT]
[LVL9] rall56(A,B) :- no56(B,C), \+some56(C,A) 0.315674891147 (4.0, 8.0, 87.0, 7.0) 0.820754716981 [ACCEPT]
[LVL9] rall56(A,B) :- no56(B,C), \+no56(A,C) 0.39259796807 (5.0, 7.0, 88.0, 6.0) 0.850628930818 [ACCEPT]
[LVL9] rall56(A,B) :- no56(B,C), \+no56(C,A) 0.315674891147 (4.0, 8.0, 87.0, 7.0) 0.820754716981 [ACCEPT]
[LVL9] rall56(A,B) :- no56(B,C), \+somenot56(A,C) 0.364555256065 (5.0, 8.0, 87.0, 6.0) 0.850628930818 [ACCEPT]
[LVL9] rall56(A,B) :- no56(B,C), \+somenot56(C,A) 0.39259796807 (5.0, 7.0, 88.0, 6.0) 0.850628930818 [ACCEPT]
[LVL9] rall56(A,B) :- all56(C,B), \+all56(C,A) 0.1618287373 (2.0, 10.0, 85.0, 9.0) 0.701257861635 [ACCEPT]
[LVL9] rall56(A,B) :- all56(C,B), \+some56(A,C) 0.238751814224 (3.0, 9.0, 86.0, 8.0) 0.775943396226 [ACCEPT]
[LVL9] rall56(A,B) :- all56(C,B), \+some56(C,A) 0.221698113208 (3.0, 10.0, 85.0, 8.0) 0.775943396226 [ACCEPT]
[LVL9] rall56(A,B) :- all56(C,B), \+no56(A,C) 0.1618287373 (2.0, 10.0, 85.0, 9.0) 0.701257861635 [ACCEPT]
[LVL9] rall56(A,B) :- all56(C,B), \+no56(C,A) 0.238751814224 (3.0, 9.0, 86.0, 8.0) 0.775943396226 [ACCEPT]
[LVL9] rall56(A,B) :- all56(C,B), \+somenot56(A,C) 0.238751814224 (3.0, 9.0, 86.0, 8.0) 0.775943396226 [ACCEPT]
[LVL9] rall56(A,B) :- all56(C,B), \+somenot56(C,A) 0.238751814224 (3.0, 9.0, 86.0, 8.0) 0.775943396226 [ACCEPT]
[LVL9] rall56(A,B) :- all56(A,C), \+all56(B,C) 0.150269541779 (2.0, 11.0, 84.0, 9.0) 0.701257861635 [ACCEPT]
[LVL9] rall56(A,B) :- all56(A,C), \+some56(C,B) 0.221698113208 (3.0, 10.0, 85.0, 8.0) 0.775943396226 [ACCEPT]
[LVL9] rall56(A,B) :- all56(A,C), \+some56(B,C) 0.221698113208 (3.0, 10.0, 85.0, 8.0) 0.775943396226 [ACCEPT]
[LVL9] rall56(A,B) :- all56(A,C), \+no56(C,B) 0.221698113208 (3.0, 10.0, 85.0, 8.0) 0.775943396226 [ACCEPT]
[LVL9] rall56(A,B) :- all56(A,C), \+no56(B,C) 0.150269541779 (2.0, 11.0, 84.0, 9.0) 0.701257861635 [ACCEPT]
[LVL9] rall56(A,B) :- all56(A,C), \+somenot56(C,B) 0.221698113208 (3.0, 10.0, 85.0, 8.0) 0.775943396226 [ACCEPT]
[LVL9] rall56(A,B) :- all56(A,C), \+somenot56(B,C) 0.221698113208 (3.0, 10.0, 85.0, 8.0) 0.775943396226 [ACCEPT]
[LVL9] rall56(A,B) :- no56(C,A), \+all56(C,B) 0.175314465409 (2.0, 9.0, 86.0, 9.0) 0.701257861635 [ACCEPT]
[LVL9] rall56(A,B) :- no56(C,A), \+some56(C,B) 0.175314465409 (2.0, 9.0, 86.0, 9.0) 0.701257861635 [ACCEPT]
[LVL9] rall56(A,B) :- no56(C,A), \+no56(C,B) 0.175314465409 (2.0, 9.0, 86.0, 9.0) 0.701257861635 [ACCEPT]
[LVL9] rall56(A,B) :- no56(C,A), \+somenot56(C,B) 0.175314465409 (2.0, 9.0, 86.0, 9.0) 0.701257861635 [ACCEPT]
[LVL9] rall56(A,B) :- no56(C,A), \+somenot56(B,C) 0.1618287373 (2.0, 10.0, 85.0, 9.0) 0.701257861635 [ACCEPT]
[LVL9] rall56(A,B) :- all56(C,A), \+all56(B,C) 0.150269541779 (2.0, 11.0, 84.0, 9.0) 0.701257861635 [ACCEPT]
[LVL9] rall56(A,B) :- all56(C,A), \+some56(C,B) 0.150269541779 (2.0, 11.0, 84.0, 9.0) 0.701257861635 [ACCEPT]
[LVL9] rall56(A,B) :- all56(C,A), \+some56(B,C) 0.1618287373 (2.0, 10.0, 85.0, 9.0) 0.701257861635 [ACCEPT]
[LVL9] rall56(A,B) :- all56(C,A), \+no56(C,B) 0.1618287373 (2.0, 10.0, 85.0, 9.0) 0.701257861635 [ACCEPT]
[LVL9] rall56(A,B) :- all56(C,A), \+somenot56(C,B) 0.1618287373 (2.0, 10.0, 85.0, 9.0) 0.701257861635 [ACCEPT]
[LVL9] rall56(A,B) :- all56(C,A), \+somenot56(B,C) 0.1618287373 (2.0, 10.0, 85.0, 9.0) 0.701257861635 [ACCEPT]
[LVL9] rall56(A,B) :- no56(A,C), \+all56(B,C) 0.1618287373 (2.0, 10.0, 85.0, 9.0) 0.701257861635 [ACCEPT]
[LVL9] rall56(A,B) :- no56(A,C), \+some56(C,B) 0.1618287373 (2.0, 10.0, 85.0, 9.0) 0.701257861635 [ACCEPT]
[LVL9] rall56(A,B) :- no56(A,C), \+some56(B,C) 0.150269541779 (2.0, 11.0, 84.0, 9.0) 0.701257861635 [ACCEPT]
[LVL9] rall56(A,B) :- no56(A,C), \+no56(B,C) 0.1618287373 (2.0, 10.0, 85.0, 9.0) 0.701257861635 [ACCEPT]
[LVL9] rall56(A,B) :- no56(A,C), \+somenot56(C,B) 0.1618287373 (2.0, 10.0, 85.0, 9.0) 0.701257861635 [ACCEPT]
[LVL9] rall56(A,B) :- no56(A,C), \+somenot56(B,C) 0.150269541779 (2.0, 11.0, 84.0, 9.0) 0.701257861635 [ACCEPT]
[LVL9] rall56(A,B) :- all56(B,C), \+all56(C,A) 0.140251572327 (2.0, 12.0, 83.0, 9.0) 0.701257861635 [ACCEPT]
[LVL9] rall56(A,B) :- all56(B,C), \+some56(A,C) 0.150269541779 (2.0, 11.0, 84.0, 9.0) 0.701257861635 [ACCEPT]
[LVL9] rall56(A,B) :- all56(B,C), \+some56(C,A) 0.150269541779 (2.0, 11.0, 84.0, 9.0) 0.701257861635 [ACCEPT]
[LVL9] rall56(A,B) :- all56(B,C), \+no56(A,C) 0.150269541779 (2.0, 11.0, 84.0, 9.0) 0.701257861635 [ACCEPT]
[LVL9] rall56(A,B) :- all56(B,C), \+somenot56(A,C) 0.150269541779 (2.0, 11.0, 84.0, 9.0) 0.701257861635 [ACCEPT]
[LVL9] rall56(A,B) :- all56(B,C), \+somenot56(C,A) 0.150269541779 (2.0, 11.0, 84.0, 9.0) 0.701257861635 [ACCEPT]
[DEBUG] Best rule so far: rall56(A,B) :- no56(B,C), some56(A,C) [0.551886792453]
[DEBUG] Candidates for iteration 3:
[DEBUG] ==================================
[DEBUG] rall56(A,B) :- no56(B,C), \+no56(A,C) 0.39259796807
[DEBUG] rall56(A,B) :- no56(B,C), \+somenot56(C,A) 0.39259796807
[DEBUG] rall56(A,B) :- no56(B,C), all56(A,C) 0.367924528302
[DEBUG] rall56(A,B) :- no56(B,C), all56(C,A) 0.367924528302
[DEBUG] rall56(A,B) :- no56(B,C), all56(A,D) 0.367924528302
[DEBUG] rall56(A,B) :- no56(B,C), all56(C,D) 0.367924528302
[DEBUG] rall56(A,B) :- no56(B,C), all56(D,A) 0.367924528302
[DEBUG] rall56(A,B) :- no56(B,C), all56(D,C) 0.367924528302
[DEBUG] rall56(A,B) :- no56(B,C), \+somenot56(A,C) 0.364555256065
[DEBUG] rall56(A,B) :- no56(B,C), \+all56(A,C) 0.315674891147
[DEBUG] rall56(A,B) :- no56(B,C), \+all56(C,A) 0.315674891147
[DEBUG] rall56(A,B) :- no56(B,C), \+some56(C,A) 0.315674891147
[DEBUG] rall56(A,B) :- no56(B,C), \+no56(C,A) 0.315674891147
[DEBUG] rall56(A,B) :- all56(C,B), \+some56(A,C) 0.238751814224
[DEBUG] rall56(A,B) :- all56(C,B), \+no56(C,A) 0.238751814224
[DEBUG] rall56(A,B) :- all56(C,B), \+somenot56(A,C) 0.238751814224
[DEBUG] rall56(A,B) :- all56(C,B), \+somenot56(C,A) 0.238751814224
[DEBUG] rall56(A,B) :- all56(C,B), \+some56(C,A) 0.221698113208
[DEBUG] rall56(A,B) :- all56(A,C), \+some56(C,B) 0.221698113208
[DEBUG] rall56(A,B) :- all56(A,C), \+some56(B,C) 0.221698113208
[DEBUG] rall56(A,B) :- all56(A,C), \+no56(C,B) 0.221698113208
[DEBUG] rall56(A,B) :- all56(A,C), \+somenot56(C,B) 0.221698113208
[DEBUG] rall56(A,B) :- all56(A,C), \+somenot56(B,C) 0.221698113208
[DEBUG] rall56(A,B) :- no56(C,A), \+all56(C,B) 0.175314465409
[DEBUG] rall56(A,B) :- no56(C,A), \+some56(C,B) 0.175314465409
[DEBUG] rall56(A,B) :- no56(C,A), \+no56(C,B) 0.175314465409
[DEBUG] rall56(A,B) :- no56(C,A), \+somenot56(C,B) 0.175314465409
[DEBUG] rall56(A,B) :- all56(C,B), \+all56(C,A) 0.1618287373
[DEBUG] rall56(A,B) :- all56(C,B), \+no56(A,C) 0.1618287373
[DEBUG] rall56(A,B) :- no56(C,A), \+somenot56(B,C) 0.1618287373
[DEBUG] rall56(A,B) :- all56(C,A), \+some56(B,C) 0.1618287373
[DEBUG] rall56(A,B) :- all56(C,A), \+no56(C,B) 0.1618287373
[DEBUG] rall56(A,B) :- all56(C,A), \+somenot56(C,B) 0.1618287373
[DEBUG] rall56(A,B) :- all56(C,A), \+somenot56(B,C) 0.1618287373
[DEBUG] rall56(A,B) :- no56(A,C), \+all56(B,C) 0.1618287373
[DEBUG] rall56(A,B) :- no56(A,C), \+some56(C,B) 0.1618287373
[DEBUG] rall56(A,B) :- no56(A,C), \+no56(B,C) 0.1618287373
[DEBUG] rall56(A,B) :- no56(A,C), \+somenot56(C,B) 0.1618287373
[DEBUG] rall56(A,B) :- all56(A,C), \+all56(B,C) 0.150269541779
[DEBUG] rall56(A,B) :- all56(A,C), \+no56(B,C) 0.150269541779
[DEBUG] rall56(A,B) :- all56(C,A), \+all56(B,C) 0.150269541779
[DEBUG] rall56(A,B) :- all56(C,A), \+some56(C,B) 0.150269541779
[DEBUG] rall56(A,B) :- no56(A,C), \+some56(B,C) 0.150269541779
[DEBUG] rall56(A,B) :- no56(A,C), \+somenot56(B,C) 0.150269541779
[DEBUG] rall56(A,B) :- all56(B,C), \+some56(A,C) 0.150269541779
[DEBUG] rall56(A,B) :- all56(B,C), \+some56(C,A) 0.150269541779
[DEBUG] rall56(A,B) :- all56(B,C), \+no56(A,C) 0.150269541779
[DEBUG] rall56(A,B) :- all56(B,C), \+somenot56(A,C) 0.150269541779
[DEBUG] rall56(A,B) :- all56(B,C), \+somenot56(C,A) 0.150269541779
[DEBUG] rall56(A,B) :- all56(B,C), \+all56(C,A) 0.140251572327
[DEBUG] ==================================
[INFO] RULE LEARNED: rall56(A,B) :- no56(B,C), some56(A,C) 0.905660377358
[DEBUG] Best rule so far: rall56(A,B) :- true [0.0952380952381]
[DEBUG] Candidates for iteration 1:
[DEBUG] ==================================
[DEBUG] rall56(A,B) :- true 0.0952380952381
[DEBUG] ==================================
[LVL9] rall56(A,B) :- all56(A,C) 0.193452380952 (4.0, 12.0, 83.0, 7.0) 0.77380952381 [ACCEPT]
[LVL9] BETTER RULE rall56(A,B) :- all56(A,C) (0.19345238095238096, 4.0) > (0.09523809523809523, 11.0)
[LVL9] rall56(A,B) :- all56(B,C) 0.130952380952 (3.0, 13.0, 82.0, 8.0) 0.698412698413 [ACCEPT]
[LVL9] rall56(A,B) :- all56(C,A) 0.139682539683 (3.0, 12.0, 83.0, 8.0) 0.698412698413 [ACCEPT]
[LVL9] rall56(A,B) :- all56(C,B) 0.206349206349 (4.0, 11.0, 84.0, 7.0) 0.77380952381 [ACCEPT]
[LVL9] BETTER RULE rall56(A,B) :- all56(C,B) (0.20634920634920637, 4.0) > (0.19345238095238096, 4.0)
[LVL9] rall56(A,B) :- some56(C,A) 0.0 (2.0, 14.0, 81.0, 9.0) 0.547619047619 [ACCEPT]
[LVL9] rall56(A,B) :- no56(A,C) 0.139682539683 (3.0, 12.0, 83.0, 8.0) 0.698412698413 [ACCEPT]
[LVL9] rall56(A,B) :- no56(B,C) 0.292517006803 (5.0, 9.0, 86.0, 6.0) 0.819047619048 [ACCEPT]
[LVL9] BETTER RULE rall56(A,B) :- no56(B,C) (0.2925170068027211, 5.0) > (0.20634920634920637, 4.0)
[LVL9] rall56(A,B) :- no56(C,A) 0.149659863946 (3.0, 11.0, 84.0, 8.0) 0.698412698413 [ACCEPT]
[LVL9] rall56(A,B) :- no56(C,B) 0.0 (2.0, 12.0, 83.0, 9.0) 0.547619047619 [ACCEPT]
[DEBUG] Best rule so far: rall56(A,B) :- no56(B,C) [0.292517006803]
[DEBUG] Candidates for iteration 2:
[DEBUG] ==================================
[DEBUG] rall56(A,B) :- no56(B,C) 0.292517006803
[DEBUG] rall56(A,B) :- all56(C,B) 0.206349206349
[DEBUG] rall56(A,B) :- all56(A,C) 0.193452380952
[DEBUG] rall56(A,B) :- no56(C,A) 0.149659863946
[DEBUG] rall56(A,B) :- all56(C,A) 0.139682539683
[DEBUG] rall56(A,B) :- no56(A,C) 0.139682539683
[DEBUG] rall56(A,B) :- all56(B,C) 0.130952380952
[DEBUG] rall56(A,B) :- some56(C,A) 0.0
[DEBUG] rall56(A,B) :- no56(C,B) 0.0
[DEBUG] ==================================
[LVL9] rall56(A,B) :- no56(B,C), all56(A,C) 0.365079365079 (2.0, 1.0, 94.0, 9.0) 0.547619047619 [ACCEPT]
[LVL9] BETTER RULE rall56(A,B) :- no56(B,C), all56(A,C) (0.3650793650793651, 2.0) > (0.2925170068027211, 5.0)
[LVL9] rall56(A,B) :- no56(B,C), all56(C,A) 0.365079365079 (2.0, 1.0, 94.0, 9.0) 0.547619047619 [ACCEPT]
[LVL9] rall56(A,B) :- no56(B,C), all56(A,D) 0.365079365079 (2.0, 1.0, 94.0, 9.0) 0.547619047619 [ACCEPT]
[LVL9] rall56(A,B) :- no56(B,C), all56(C,D) 0.365079365079 (2.0, 1.0, 94.0, 9.0) 0.547619047619 [ACCEPT]
[LVL9] rall56(A,B) :- no56(B,C), all56(D,A) 0.365079365079 (2.0, 1.0, 94.0, 9.0) 0.547619047619 [ACCEPT]
[LVL9] rall56(A,B) :- no56(B,C), all56(D,C) 0.365079365079 (2.0, 1.0, 94.0, 9.0) 0.547619047619 [ACCEPT]
[LVL9] rall56(A,B) :- no56(B,C), some56(C,A) 0.365079365079 (2.0, 1.0, 94.0, 9.0) 0.547619047619 [ACCEPT]
[LVL9] rall56(A,B) :- no56(B,C), some56(C,D) 0.365079365079 (2.0, 1.0, 94.0, 9.0) 0.547619047619 [ACCEPT]
[LVL9] rall56(A,B) :- no56(B,C), some56(D,A) 0.365079365079 (2.0, 1.0, 94.0, 9.0) 0.547619047619 [ACCEPT]
[LVL9] rall56(A,B) :- no56(B,C), no56(C,A) 0.365079365079 (2.0, 1.0, 94.0, 9.0) 0.547619047619 [ACCEPT]
[LVL9] rall56(A,B) :- no56(B,C), no56(C,D) 0.365079365079 (2.0, 1.0, 94.0, 9.0) 0.547619047619 [ACCEPT]
[LVL9] rall56(A,B) :- no56(B,C), no56(D,A) 0.365079365079 (2.0, 1.0, 94.0, 9.0) 0.547619047619 [ACCEPT]
[LVL9] rall56(A,B) :- no56(B,C), \+all56(A,C) 0.257936507937 (4.0, 8.0, 87.0, 7.0) 0.77380952381 [ACCEPT]
[LVL9] rall56(A,B) :- no56(B,C), \+all56(C,A) 0.257936507937 (4.0, 8.0, 87.0, 7.0) 0.77380952381 [ACCEPT]
[LVL9] rall56(A,B) :- no56(B,C), \+some56(C,A) 0.257936507937 (4.0, 8.0, 87.0, 7.0) 0.77380952381 [ACCEPT]
[LVL9] rall56(A,B) :- no56(B,C), \+no56(A,C) 0.34126984127 (5.0, 7.0, 88.0, 6.0) 0.819047619048 [ACCEPT]
[LVL9] rall56(A,B) :- no56(B,C), \+no56(C,A) 0.257936507937 (4.0, 8.0, 87.0, 7.0) 0.77380952381 [ACCEPT]
[LVL9] rall56(A,B) :- no56(B,C), \+somenot56(A,C) 0.315018315018 (5.0, 8.0, 87.0, 6.0) 0.819047619048 [ACCEPT]
[LVL9] rall56(A,B) :- no56(B,C), \+somenot56(C,A) 0.34126984127 (5.0, 7.0, 88.0, 6.0) 0.819047619048 [ACCEPT]
[LVL9] rall56(A,B) :- all56(C,B), all56(A,C) 0.547619047619 (2.0, 0.0, 95.0, 9.0) 0.547619047619 [REJECT* fp] 1.0
[LVL9] BETTER RULE rall56(A,B) :- all56(C,B), all56(A,C) (0.5476190476190477, 2.0) > (0.3650793650793651, 2.0)
[LVL9] rall56(A,B) :- all56(C,B), \+all56(C,A) 0.161172161172 (3.0, 10.0, 85.0, 8.0) 0.698412698413 [ACCEPT]
[LVL9] rall56(A,B) :- all56(C,B), \+some56(A,C) 0.238095238095 (4.0, 9.0, 86.0, 7.0) 0.77380952381 [ACCEPT]
[LVL9] rall56(A,B) :- all56(C,B), \+some56(C,A) 0.221088435374 (4.0, 10.0, 85.0, 7.0) 0.77380952381 [ACCEPT]
[LVL9] rall56(A,B) :- all56(C,B), \+no56(A,C) 0.161172161172 (3.0, 10.0, 85.0, 8.0) 0.698412698413 [ACCEPT]
[LVL9] rall56(A,B) :- all56(C,B), \+no56(C,A) 0.238095238095 (4.0, 9.0, 86.0, 7.0) 0.77380952381 [ACCEPT]
[LVL9] rall56(A,B) :- all56(C,B), \+somenot56(A,C) 0.238095238095 (4.0, 9.0, 86.0, 7.0) 0.77380952381 [ACCEPT]
[LVL9] rall56(A,B) :- all56(C,B), \+somenot56(C,A) 0.238095238095 (4.0, 9.0, 86.0, 7.0) 0.77380952381 [ACCEPT]
[LVL9] rall56(A,B) :- all56(A,C), \+all56(B,C) 0.149659863946 (3.0, 11.0, 84.0, 8.0) 0.698412698413 [ACCEPT]
[LVL9] rall56(A,B) :- all56(A,C), \+some56(C,B) 0.221088435374 (4.0, 10.0, 85.0, 7.0) 0.77380952381 [ACCEPT]
[LVL9] rall56(A,B) :- all56(A,C), \+some56(B,C) 0.221088435374 (4.0, 10.0, 85.0, 7.0) 0.77380952381 [ACCEPT]
[LVL9] rall56(A,B) :- all56(A,C), \+no56(C,B) 0.221088435374 (4.0, 10.0, 85.0, 7.0) 0.77380952381 [ACCEPT]
[LVL9] rall56(A,B) :- all56(A,C), \+no56(B,C) 0.149659863946 (3.0, 11.0, 84.0, 8.0) 0.698412698413 [ACCEPT]
[LVL9] rall56(A,B) :- all56(A,C), \+somenot56(C,B) 0.221088435374 (4.0, 10.0, 85.0, 7.0) 0.77380952381 [ACCEPT]
[LVL9] rall56(A,B) :- all56(A,C), \+somenot56(B,C) 0.221088435374 (4.0, 10.0, 85.0, 7.0) 0.77380952381 [ACCEPT]
[LVL9] rall56(A,B) :- no56(C,A), \+all56(C,B) 0.174603174603 (3.0, 9.0, 86.0, 8.0) 0.698412698413 [ACCEPT]
[LVL9] rall56(A,B) :- no56(C,A), \+some56(C,B) 0.174603174603 (3.0, 9.0, 86.0, 8.0) 0.698412698413 [ACCEPT]
[LVL9] rall56(A,B) :- no56(C,A), \+no56(C,B) 0.174603174603 (3.0, 9.0, 86.0, 8.0) 0.698412698413 [ACCEPT]
[LVL9] rall56(A,B) :- no56(C,A), \+somenot56(C,B) 0.174603174603 (3.0, 9.0, 86.0, 8.0) 0.698412698413 [ACCEPT]
[LVL9] rall56(A,B) :- no56(C,A), \+somenot56(B,C) 0.161172161172 (3.0, 10.0, 85.0, 8.0) 0.698412698413 [ACCEPT]
[LVL9] rall56(A,B) :- all56(C,A), \+all56(B,C) 0.149659863946 (3.0, 11.0, 84.0, 8.0) 0.698412698413 [ACCEPT]
[LVL9] rall56(A,B) :- all56(C,A), \+some56(C,B) 0.149659863946 (3.0, 11.0, 84.0, 8.0) 0.698412698413 [ACCEPT]
[LVL9] rall56(A,B) :- all56(C,A), \+some56(B,C) 0.161172161172 (3.0, 10.0, 85.0, 8.0) 0.698412698413 [ACCEPT]
[LVL9] rall56(A,B) :- all56(C,A), \+no56(C,B) 0.161172161172 (3.0, 10.0, 85.0, 8.0) 0.698412698413 [ACCEPT]
[LVL9] rall56(A,B) :- all56(C,A), \+somenot56(C,B) 0.161172161172 (3.0, 10.0, 85.0, 8.0) 0.698412698413 [ACCEPT]
[LVL9] rall56(A,B) :- all56(C,A), \+somenot56(B,C) 0.161172161172 (3.0, 10.0, 85.0, 8.0) 0.698412698413 [ACCEPT]
[LVL9] rall56(A,B) :- no56(A,C), \+all56(B,C) 0.161172161172 (3.0, 10.0, 85.0, 8.0) 0.698412698413 [ACCEPT]
[LVL9] rall56(A,B) :- no56(A,C), \+some56(C,B) 0.161172161172 (3.0, 10.0, 85.0, 8.0) 0.698412698413 [ACCEPT]
[LVL9] rall56(A,B) :- no56(A,C), \+some56(B,C) 0.149659863946 (3.0, 11.0, 84.0, 8.0) 0.698412698413 [ACCEPT]
[LVL9] rall56(A,B) :- no56(A,C), \+no56(B,C) 0.161172161172 (3.0, 10.0, 85.0, 8.0) 0.698412698413 [ACCEPT]
[LVL9] rall56(A,B) :- no56(A,C), \+somenot56(C,B) 0.161172161172 (3.0, 10.0, 85.0, 8.0) 0.698412698413 [ACCEPT]
[LVL9] rall56(A,B) :- no56(A,C), \+somenot56(B,C) 0.149659863946 (3.0, 11.0, 84.0, 8.0) 0.698412698413 [ACCEPT]
[LVL9] rall56(A,B) :- all56(B,C), \+all56(C,A) 0.139682539683 (3.0, 12.0, 83.0, 8.0) 0.698412698413 [ACCEPT]
[LVL9] rall56(A,B) :- all56(B,C), \+some56(A,C) 0.149659863946 (3.0, 11.0, 84.0, 8.0) 0.698412698413 [ACCEPT]
[LVL9] rall56(A,B) :- all56(B,C), \+some56(C,A) 0.149659863946 (3.0, 11.0, 84.0, 8.0) 0.698412698413 [ACCEPT]
[LVL9] rall56(A,B) :- all56(B,C), \+no56(A,C) 0.149659863946 (3.0, 11.0, 84.0, 8.0) 0.698412698413 [ACCEPT]
[LVL9] rall56(A,B) :- all56(B,C), \+somenot56(A,C) 0.149659863946 (3.0, 11.0, 84.0, 8.0) 0.698412698413 [ACCEPT]
[LVL9] rall56(A,B) :- all56(B,C), \+somenot56(C,A) 0.149659863946 (3.0, 11.0, 84.0, 8.0) 0.698412698413 [ACCEPT]
[DEBUG] Best rule so far: rall56(A,B) :- all56(C,B), all56(A,C) [0.547619047619]
[DEBUG] Candidates for iteration 3:
[DEBUG] ==================================
[DEBUG] rall56(A,B) :- no56(B,C), all56(A,C) 0.365079365079
[DEBUG] rall56(A,B) :- no56(B,C), all56(C,A) 0.365079365079
[DEBUG] rall56(A,B) :- no56(B,C), all56(A,D) 0.365079365079
[DEBUG] rall56(A,B) :- no56(B,C), all56(C,D) 0.365079365079
[DEBUG] rall56(A,B) :- no56(B,C), all56(D,A) 0.365079365079
[DEBUG] rall56(A,B) :- no56(B,C), all56(D,C) 0.365079365079
[DEBUG] rall56(A,B) :- no56(B,C), some56(C,A) 0.365079365079
[DEBUG] rall56(A,B) :- no56(B,C), some56(C,D) 0.365079365079
[DEBUG] rall56(A,B) :- no56(B,C), some56(D,A) 0.365079365079
[DEBUG] rall56(A,B) :- no56(B,C), no56(C,A) 0.365079365079
[DEBUG] rall56(A,B) :- no56(B,C), no56(C,D) 0.365079365079
[DEBUG] rall56(A,B) :- no56(B,C), no56(D,A) 0.365079365079
[DEBUG] rall56(A,B) :- no56(B,C), \+no56(A,C) 0.34126984127
[DEBUG] rall56(A,B) :- no56(B,C), \+somenot56(C,A) 0.34126984127
[DEBUG] rall56(A,B) :- no56(B,C), \+somenot56(A,C) 0.315018315018
[DEBUG] rall56(A,B) :- no56(B,C), \+all56(A,C) 0.257936507937
[DEBUG] rall56(A,B) :- no56(B,C), \+all56(C,A) 0.257936507937
[DEBUG] rall56(A,B) :- no56(B,C), \+some56(C,A) 0.257936507937
[DEBUG] rall56(A,B) :- no56(B,C), \+no56(C,A) 0.257936507937
[DEBUG] rall56(A,B) :- all56(C,B), \+some56(A,C) 0.238095238095
[DEBUG] rall56(A,B) :- all56(C,B), \+no56(C,A) 0.238095238095
[DEBUG] rall56(A,B) :- all56(C,B), \+somenot56(A,C) 0.238095238095
[DEBUG] rall56(A,B) :- all56(C,B), \+somenot56(C,A) 0.238095238095
[DEBUG] rall56(A,B) :- all56(C,B), \+some56(C,A) 0.221088435374
[DEBUG] rall56(A,B) :- all56(A,C), \+some56(C,B) 0.221088435374
[DEBUG] rall56(A,B) :- all56(A,C), \+some56(B,C) 0.221088435374
[DEBUG] rall56(A,B) :- all56(A,C), \+no56(C,B) 0.221088435374
[DEBUG] rall56(A,B) :- all56(A,C), \+somenot56(C,B) 0.221088435374
[DEBUG] rall56(A,B) :- all56(A,C), \+somenot56(B,C) 0.221088435374
[DEBUG] rall56(A,B) :- no56(C,A), \+all56(C,B) 0.174603174603
[DEBUG] rall56(A,B) :- no56(C,A), \+some56(C,B) 0.174603174603
[DEBUG] rall56(A,B) :- no56(C,A), \+no56(C,B) 0.174603174603
[DEBUG] rall56(A,B) :- no56(C,A), \+somenot56(C,B) 0.174603174603
[DEBUG] rall56(A,B) :- all56(C,B), \+all56(C,A) 0.161172161172
[DEBUG] rall56(A,B) :- all56(C,B), \+no56(A,C) 0.161172161172
[DEBUG] rall56(A,B) :- no56(C,A), \+somenot56(B,C) 0.161172161172
[DEBUG] rall56(A,B) :- all56(C,A), \+some56(B,C) 0.161172161172
[DEBUG] rall56(A,B) :- all56(C,A), \+no56(C,B) 0.161172161172
[DEBUG] rall56(A,B) :- all56(C,A), \+somenot56(C,B) 0.161172161172
[DEBUG] rall56(A,B) :- all56(C,A), \+somenot56(B,C) 0.161172161172
[DEBUG] rall56(A,B) :- no56(A,C), \+all56(B,C) 0.161172161172
[DEBUG] rall56(A,B) :- no56(A,C), \+some56(C,B) 0.161172161172
[DEBUG] rall56(A,B) :- no56(A,C), \+no56(B,C) 0.161172161172
[DEBUG] rall56(A,B) :- no56(A,C), \+somenot56(C,B) 0.161172161172
[DEBUG] rall56(A,B) :- all56(A,C), \+all56(B,C) 0.149659863946
[DEBUG] rall56(A,B) :- all56(A,C), \+no56(B,C) 0.149659863946
[DEBUG] rall56(A,B) :- all56(C,A), \+all56(B,C) 0.149659863946
[DEBUG] rall56(A,B) :- all56(C,A), \+some56(C,B) 0.149659863946
[DEBUG] rall56(A,B) :- no56(A,C), \+some56(B,C) 0.149659863946
[DEBUG] rall56(A,B) :- no56(A,C), \+somenot56(B,C) 0.149659863946
[DEBUG] rall56(A,B) :- all56(B,C), \+some56(A,C) 0.149659863946
[DEBUG] rall56(A,B) :- all56(B,C), \+some56(C,A) 0.149659863946
[DEBUG] rall56(A,B) :- all56(B,C), \+no56(A,C) 0.149659863946
[DEBUG] rall56(A,B) :- all56(B,C), \+somenot56(A,C) 0.149659863946
[DEBUG] rall56(A,B) :- all56(B,C), \+somenot56(C,A) 0.149659863946
[DEBUG] rall56(A,B) :- all56(B,C), \+all56(C,A) 0.139682539683
[DEBUG] ==================================
[INFO] RULE LEARNED: rall56(A,B) :- all56(C,B), all56(A,C) 0.915094339623
[DEBUG] Best rule so far: rall56(A,B) :- true [0.0865384615385]
[DEBUG] Candidates for iteration 1:
[DEBUG] ==================================
[DEBUG] rall56(A,B) :- true 0.0865384615385
[DEBUG] ==================================
[LVL9] rall56(A,B) :- all56(A,C) 0.139102564103 (4.0, 12.0, 83.0, 7.0) 0.695512820513 [ACCEPT]
[LVL9] BETTER RULE rall56(A,B) :- all56(A,C) (0.1391025641025641, 4.0) > (0.08653846153846154, 11.0)
[LVL9] rall56(A,B) :- all56(B,C) 0.130408653846 (4.0, 13.0, 82.0, 7.0) 0.695512820513 [ACCEPT]
[LVL9] rall56(A,B) :- all56(C,A) 0.139102564103 (4.0, 12.0, 83.0, 7.0) 0.695512820513 [ACCEPT]
[LVL9] rall56(A,B) :- all56(C,B) 0.149038461538 (4.0, 11.0, 84.0, 7.0) 0.695512820513 [ACCEPT]
[LVL9] BETTER RULE rall56(A,B) :- all56(C,B) (0.14903846153846154, 4.0) > (0.1391025641025641, 4.0)
[LVL9] rall56(A,B) :- some56(C,A) 0.0 (3.0, 14.0, 81.0, 8.0) 0.543269230769 [ACCEPT]
[LVL9] rall56(A,B) :- no56(A,C) 0.139102564103 (4.0, 12.0, 83.0, 7.0) 0.695512820513 [ACCEPT]
[LVL9] rall56(A,B) :- no56(B,C) 0.291895604396 (6.0, 9.0, 86.0, 5.0) 0.817307692308 [ACCEPT]
[LVL9] BETTER RULE rall56(A,B) :- no56(B,C) (0.2918956043956044, 6.0) > (0.14903846153846154, 4.0)
[LVL9] rall56(A,B) :- no56(C,A) 0.149038461538 (4.0, 11.0, 84.0, 7.0) 0.695512820513 [ACCEPT]
[LVL9] rall56(A,B) :- no56(C,B) 0.0 (3.0, 12.0, 83.0, 8.0) 0.543269230769 [ACCEPT]
[DEBUG] Best rule so far: rall56(A,B) :- no56(B,C) [0.291895604396]
[DEBUG] Candidates for iteration 2:
[DEBUG] ==================================
[DEBUG] rall56(A,B) :- no56(B,C) 0.291895604396
[DEBUG] rall56(A,B) :- all56(C,B) 0.149038461538
[DEBUG] rall56(A,B) :- no56(C,A) 0.149038461538
[DEBUG] rall56(A,B) :- all56(A,C) 0.139102564103
[DEBUG] rall56(A,B) :- all56(C,A) 0.139102564103
[DEBUG] rall56(A,B) :- no56(A,C) 0.139102564103
[DEBUG] rall56(A,B) :- all56(B,C) 0.130408653846
[DEBUG] rall56(A,B) :- some56(C,A) 0.0
[DEBUG] rall56(A,B) :- no56(C,B) 0.0
[DEBUG] ==================================
[LVL9] rall56(A,B) :- no56(B,C), all56(A,C) 0.362179487179 (3.0, 1.0, 94.0, 8.0) 0.543269230769 [ACCEPT]
[LVL9] BETTER RULE rall56(A,B) :- no56(B,C), all56(A,C) (0.36217948717948717, 3.0) > (0.2918956043956044, 6.0)
[LVL9] rall56(A,B) :- no56(B,C), all56(C,A) 0.362179487179 (3.0, 1.0, 94.0, 8.0) 0.543269230769 [ACCEPT]
[LVL9] rall56(A,B) :- no56(B,C), all56(A,D) 0.362179487179 (3.0, 1.0, 94.0, 8.0) 0.543269230769 [ACCEPT]
[LVL9] rall56(A,B) :- no56(B,C), all56(C,D) 0.362179487179 (3.0, 1.0, 94.0, 8.0) 0.543269230769 [ACCEPT]
[LVL9] rall56(A,B) :- no56(B,C), all56(D,A) 0.362179487179 (3.0, 1.0, 94.0, 8.0) 0.543269230769 [ACCEPT]
[LVL9] rall56(A,B) :- no56(B,C), all56(D,C) 0.362179487179 (3.0, 1.0, 94.0, 8.0) 0.543269230769 [ACCEPT]
[LVL9] rall56(A,B) :- no56(B,C), some56(C,A) 0.362179487179 (3.0, 1.0, 94.0, 8.0) 0.543269230769 [ACCEPT]
[LVL9] rall56(A,B) :- no56(B,C), some56(C,D) 0.362179487179 (3.0, 1.0, 94.0, 8.0) 0.543269230769 [ACCEPT]
[LVL9] rall56(A,B) :- no56(B,C), some56(D,A) 0.362179487179 (3.0, 1.0, 94.0, 8.0) 0.543269230769 [ACCEPT]
[LVL9] rall56(A,B) :- no56(B,C), no56(C,A) 0.362179487179 (3.0, 1.0, 94.0, 8.0) 0.543269230769 [ACCEPT]
[LVL9] rall56(A,B) :- no56(B,C), no56(C,D) 0.362179487179 (3.0, 1.0, 94.0, 8.0) 0.543269230769 [ACCEPT]
[LVL9] rall56(A,B) :- no56(B,C), no56(D,A) 0.362179487179 (3.0, 1.0, 94.0, 8.0) 0.543269230769 [ACCEPT]
[LVL9] rall56(A,B) :- no56(B,C), \+all56(A,C) 0.257211538462 (5.0, 8.0, 87.0, 6.0) 0.771634615385 [ACCEPT]
[LVL9] rall56(A,B) :- no56(B,C), \+all56(C,A) 0.257211538462 (5.0, 8.0, 87.0, 6.0) 0.771634615385 [ACCEPT]
[LVL9] rall56(A,B) :- no56(B,C), \+some56(C,A) 0.257211538462 (5.0, 8.0, 87.0, 6.0) 0.771634615385 [ACCEPT]
[LVL9] rall56(A,B) :- no56(B,C), \+no56(A,C) 0.340544871795 (6.0, 7.0, 88.0, 5.0) 0.817307692308 [ACCEPT]
[LVL9] rall56(A,B) :- no56(B,C), \+no56(C,A) 0.257211538462 (5.0, 8.0, 87.0, 6.0) 0.771634615385 [ACCEPT]
[LVL9] rall56(A,B) :- no56(B,C), \+somenot56(A,C) 0.314349112426 (6.0, 8.0, 87.0, 5.0) 0.817307692308 [ACCEPT]
[LVL9] rall56(A,B) :- no56(B,C), \+somenot56(C,A) 0.340544871795 (6.0, 7.0, 88.0, 5.0) 0.817307692308 [ACCEPT]
[LVL9] rall56(A,B) :- all56(C,B), all56(C,A) 0.362179487179 (3.0, 1.0, 94.0, 8.0) 0.543269230769 [ACCEPT]
[LVL9] rall56(A,B) :- all56(C,B), all56(D,A) 0.362179487179 (3.0, 1.0, 94.0, 8.0) 0.543269230769 [ACCEPT]
[LVL9] rall56(A,B) :- all56(C,B), no56(A,C) 0.362179487179 (3.0, 1.0, 94.0, 8.0) 0.543269230769 [ACCEPT]
[LVL9] rall56(A,B) :- all56(C,B), no56(A,D) 0.362179487179 (3.0, 1.0, 94.0, 8.0) 0.543269230769 [ACCEPT]
[LVL9] rall56(A,B) :- all56(C,B), no56(D,C) 0.362179487179 (3.0, 1.0, 94.0, 8.0) 0.543269230769 [ACCEPT]
[LVL9] rall56(A,B) :- all56(C,B), \+all56(C,A) 0.0905448717949 (3.0, 10.0, 85.0, 8.0) 0.543269230769 [ACCEPT]
[LVL9] rall56(A,B) :- all56(C,B), \+some56(A,C) 0.173878205128 (4.0, 9.0, 86.0, 7.0) 0.695512820513 [ACCEPT]
[LVL9] rall56(A,B) :- all56(C,B), \+some56(C,A) 0.16050295858 (4.0, 10.0, 85.0, 7.0) 0.695512820513 [ACCEPT]
[LVL9] rall56(A,B) :- all56(C,B), \+no56(A,C) 0.0905448717949 (3.0, 10.0, 85.0, 8.0) 0.543269230769 [ACCEPT]
[LVL9] rall56(A,B) :- all56(C,B), \+no56(C,A) 0.173878205128 (4.0, 9.0, 86.0, 7.0) 0.695512820513 [ACCEPT]
[LVL9] rall56(A,B) :- all56(C,B), \+somenot56(A,C) 0.173878205128 (4.0, 9.0, 86.0, 7.0) 0.695512820513 [ACCEPT]
[LVL9] rall56(A,B) :- all56(C,B), \+somenot56(C,A) 0.173878205128 (4.0, 9.0, 86.0, 7.0) 0.695512820513 [ACCEPT]
[LVL9] rall56(A,B) :- no56(C,A), all56(B,C) 0.362179487179 (3.0, 1.0, 94.0, 8.0) 0.543269230769 [ACCEPT]
[LVL9] rall56(A,B) :- no56(C,A), all56(B,D) 0.362179487179 (3.0, 1.0, 94.0, 8.0) 0.543269230769 [ACCEPT]
[LVL9] rall56(A,B) :- no56(C,A), all56(D,C) 0.362179487179 (3.0, 1.0, 94.0, 8.0) 0.543269230769 [ACCEPT]
[LVL9] rall56(A,B) :- no56(C,A), no56(B,D) 0.362179487179 (3.0, 1.0, 94.0, 8.0) 0.543269230769 [ACCEPT]
[LVL9] rall56(A,B) :- no56(C,A), no56(D,C) 0.362179487179 (3.0, 1.0, 94.0, 8.0) 0.543269230769 [ACCEPT]
[LVL9] rall56(A,B) :- no56(C,A), \+all56(C,B) 0.173878205128 (4.0, 9.0, 86.0, 7.0) 0.695512820513 [ACCEPT]
[LVL9] rall56(A,B) :- no56(C,A), \+all56(B,C) 0.0905448717949 (3.0, 10.0, 85.0, 8.0) 0.543269230769 [ACCEPT]
[LVL9] rall56(A,B) :- no56(C,A), \+some56(C,B) 0.173878205128 (4.0, 9.0, 86.0, 7.0) 0.695512820513 [ACCEPT]
[LVL9] rall56(A,B) :- no56(C,A), \+no56(C,B) 0.173878205128 (4.0, 9.0, 86.0, 7.0) 0.695512820513 [ACCEPT]
[LVL9] rall56(A,B) :- no56(C,A), \+no56(B,C) 0.0905448717949 (3.0, 10.0, 85.0, 8.0) 0.543269230769 [ACCEPT]
[LVL9] rall56(A,B) :- no56(C,A), \+somenot56(C,B) 0.173878205128 (4.0, 9.0, 86.0, 7.0) 0.695512820513 [ACCEPT]
[LVL9] rall56(A,B) :- no56(C,A), \+somenot56(B,C) 0.16050295858 (4.0, 10.0, 85.0, 7.0) 0.695512820513 [ACCEPT]
[LVL9] rall56(A,B) :- all56(A,C), all56(B,C) 0.362179487179 (3.0, 1.0, 94.0, 8.0) 0.543269230769 [ACCEPT]
[LVL9] rall56(A,B) :- all56(A,C), all56(B,D) 0.362179487179 (3.0, 1.0, 94.0, 8.0) 0.543269230769 [ACCEPT]
[LVL9] rall56(A,B) :- all56(A,C), no56(B,D) 0.362179487179 (3.0, 1.0, 94.0, 8.0) 0.543269230769 [ACCEPT]
[LVL9] rall56(A,B) :- all56(A,C), no56(D,C) 0.362179487179 (3.0, 1.0, 94.0, 8.0) 0.543269230769 [ACCEPT]
[LVL9] rall56(A,B) :- all56(A,C), \+all56(B,C) 0.0 (3.0, 11.0, 84.0, 8.0) 0.543269230769 [ACCEPT]
[LVL9] rall56(A,B) :- all56(A,C), \+some56(C,B) 0.16050295858 (4.0, 10.0, 85.0, 7.0) 0.695512820513 [ACCEPT]
[LVL9] rall56(A,B) :- all56(A,C), \+some56(B,C) 0.16050295858 (4.0, 10.0, 85.0, 7.0) 0.695512820513 [ACCEPT]
[LVL9] rall56(A,B) :- all56(A,C), \+no56(C,B) 0.16050295858 (4.0, 10.0, 85.0, 7.0) 0.695512820513 [ACCEPT]
[LVL9] rall56(A,B) :- all56(A,C), \+no56(B,C) 0.0 (3.0, 11.0, 84.0, 8.0) 0.543269230769 [ACCEPT]
[LVL9] rall56(A,B) :- all56(A,C), \+somenot56(C,B) 0.16050295858 (4.0, 10.0, 85.0, 7.0) 0.695512820513 [ACCEPT]
[LVL9] rall56(A,B) :- all56(A,C), \+somenot56(B,C) 0.16050295858 (4.0, 10.0, 85.0, 7.0) 0.695512820513 [ACCEPT]
[LVL9] rall56(A,B) :- all56(C,A), all56(D,B) 0.362179487179 (3.0, 1.0, 94.0, 8.0) 0.543269230769 [ACCEPT]
[LVL9] rall56(A,B) :- all56(C,A), no56(B,D) 0.362179487179 (3.0, 1.0, 94.0, 8.0) 0.543269230769 [ACCEPT]
[LVL9] rall56(A,B) :- all56(C,A), no56(D,C) 0.362179487179 (3.0, 1.0, 94.0, 8.0) 0.543269230769 [ACCEPT]
[LVL9] rall56(A,B) :- all56(C,A), \+all56(C,B) 0.0 (3.0, 11.0, 84.0, 8.0) 0.543269230769 [ACCEPT]
[LVL9] rall56(A,B) :- all56(C,A), \+all56(B,C) 0.149038461538 (4.0, 11.0, 84.0, 7.0) 0.695512820513 [ACCEPT]
[LVL9] rall56(A,B) :- all56(C,A), \+some56(C,B) 0.149038461538 (4.0, 11.0, 84.0, 7.0) 0.695512820513 [ACCEPT]
[LVL9] rall56(A,B) :- all56(C,A), \+some56(B,C) 0.16050295858 (4.0, 10.0, 85.0, 7.0) 0.695512820513 [ACCEPT]
[LVL9] rall56(A,B) :- all56(C,A), \+no56(C,B) 0.16050295858 (4.0, 10.0, 85.0, 7.0) 0.695512820513 [ACCEPT]
[LVL9] rall56(A,B) :- all56(C,A), \+no56(B,C) 0.0 (3.0, 11.0, 84.0, 8.0) 0.543269230769 [ACCEPT]
[LVL9] rall56(A,B) :- all56(C,A), \+somenot56(C,B) 0.16050295858 (4.0, 10.0, 85.0, 7.0) 0.695512820513 [ACCEPT]
[LVL9] rall56(A,B) :- all56(C,A), \+somenot56(B,C) 0.16050295858 (4.0, 10.0, 85.0, 7.0) 0.695512820513 [ACCEPT]
[LVL9] rall56(A,B) :- no56(A,C), all56(C,D) 0.362179487179 (3.0, 1.0, 94.0, 8.0) 0.543269230769 [ACCEPT]
[LVL9] rall56(A,B) :- no56(A,C), all56(D,B) 0.362179487179 (3.0, 1.0, 94.0, 8.0) 0.543269230769 [ACCEPT]
[LVL9] rall56(A,B) :- no56(A,C), no56(C,B) 0.362179487179 (3.0, 1.0, 94.0, 8.0) 0.543269230769 [ACCEPT]
[LVL9] rall56(A,B) :- no56(A,C), no56(C,D) 0.362179487179 (3.0, 1.0, 94.0, 8.0) 0.543269230769 [ACCEPT]
[LVL9] rall56(A,B) :- no56(A,C), no56(D,B) 0.362179487179 (3.0, 1.0, 94.0, 8.0) 0.543269230769 [ACCEPT]
[LVL9] rall56(A,B) :- no56(A,C), \+all56(C,B) 0.0 (3.0, 11.0, 84.0, 8.0) 0.543269230769 [ACCEPT]
[LVL9] rall56(A,B) :- no56(A,C), \+all56(B,C) 0.16050295858 (4.0, 10.0, 85.0, 7.0) 0.695512820513 [ACCEPT]
[LVL9] rall56(A,B) :- no56(A,C), \+some56(C,B) 0.16050295858 (4.0, 10.0, 85.0, 7.0) 0.695512820513 [ACCEPT]
[LVL9] rall56(A,B) :- no56(A,C), \+some56(B,C) 0.149038461538 (4.0, 11.0, 84.0, 7.0) 0.695512820513 [ACCEPT]
[LVL9] rall56(A,B) :- no56(A,C), \+no56(C,B) 0.0 (3.0, 11.0, 84.0, 8.0) 0.543269230769 [ACCEPT]
[LVL9] rall56(A,B) :- no56(A,C), \+no56(B,C) 0.16050295858 (4.0, 10.0, 85.0, 7.0) 0.695512820513 [ACCEPT]
[LVL9] rall56(A,B) :- no56(A,C), \+somenot56(C,B) 0.16050295858 (4.0, 10.0, 85.0, 7.0) 0.695512820513 [ACCEPT]
[LVL9] rall56(A,B) :- no56(A,C), \+somenot56(B,C) 0.149038461538 (4.0, 11.0, 84.0, 7.0) 0.695512820513 [ACCEPT]
[LVL9] rall56(A,B) :- all56(B,C), all56(A,D) 0.362179487179 (3.0, 1.0, 94.0, 8.0) 0.543269230769 [ACCEPT]
[LVL9] rall56(A,B) :- all56(B,C), no56(C,D) 0.362179487179 (3.0, 1.0, 94.0, 8.0) 0.543269230769 [ACCEPT]
[LVL9] rall56(A,B) :- all56(B,C), no56(D,A) 0.362179487179 (3.0, 1.0, 94.0, 8.0) 0.543269230769 [ACCEPT]
[LVL9] rall56(A,B) :- all56(B,C), \+all56(A,C) 0.0 (3.0, 12.0, 83.0, 8.0) 0.543269230769 [ACCEPT]
[LVL9] rall56(A,B) :- all56(B,C), \+all56(C,A) 0.139102564103 (4.0, 12.0, 83.0, 7.0) 0.695512820513 [ACCEPT]
[LVL9] rall56(A,B) :- all56(B,C), \+some56(A,C) 0.149038461538 (4.0, 11.0, 84.0, 7.0) 0.695512820513 [ACCEPT]
[LVL9] rall56(A,B) :- all56(B,C), \+some56(C,A) 0.149038461538 (4.0, 11.0, 84.0, 7.0) 0.695512820513 [ACCEPT]
[LVL9] rall56(A,B) :- all56(B,C), \+no56(A,C) 0.149038461538 (4.0, 11.0, 84.0, 7.0) 0.695512820513 [ACCEPT]
[LVL9] rall56(A,B) :- all56(B,C), \+no56(C,A) 0.0 (3.0, 12.0, 83.0, 8.0) 0.543269230769 [ACCEPT]
[LVL9] rall56(A,B) :- all56(B,C), \+somenot56(A,C) 0.149038461538 (4.0, 11.0, 84.0, 7.0) 0.695512820513 [ACCEPT]
[LVL9] rall56(A,B) :- all56(B,C), \+somenot56(C,A) 0.149038461538 (4.0, 11.0, 84.0, 7.0) 0.695512820513 [ACCEPT]
[LVL9] rall56(A,B) :- some56(C,A), no56(B,D) 0.362179487179 (3.0, 1.0, 94.0, 8.0) 0.543269230769 [ACCEPT]
[LVL9] rall56(A,B) :- some56(C,A), no56(D,C) 0.362179487179 (3.0, 1.0, 94.0, 8.0) 0.543269230769 [ACCEPT]
[LVL9] rall56(A,B) :- some56(C,A), \+all56(C,B) 0.0 (3.0, 13.0, 82.0, 8.0) 0.543269230769 [ACCEPT]
[LVL9] rall56(A,B) :- some56(C,A), \+all56(B,C) 0.0 (3.0, 12.0, 83.0, 8.0) 0.543269230769 [ACCEPT]
[LVL9] rall56(A,B) :- some56(C,A), \+some56(C,B) 0.0 (3.0, 12.0, 83.0, 8.0) 0.543269230769 [ACCEPT]
[LVL9] rall56(A,B) :- some56(C,A), \+some56(B,C) 0.0 (3.0, 12.0, 83.0, 8.0) 0.543269230769 [ACCEPT]
[LVL9] rall56(A,B) :- some56(C,A), \+no56(C,B) 0.0 (3.0, 12.0, 83.0, 8.0) 0.543269230769 [ACCEPT]
[LVL9] rall56(A,B) :- some56(C,A), \+somenot56(C,B) 0.0 (3.0, 12.0, 83.0, 8.0) 0.543269230769 [ACCEPT]
[LVL9] rall56(A,B) :- some56(C,A), \+somenot56(B,C) 0.0 (3.0, 12.0, 83.0, 8.0) 0.543269230769 [ACCEPT]
[LVL9] rall56(A,B) :- no56(C,B), no56(A,D) 0.362179487179 (3.0, 1.0, 94.0, 8.0) 0.543269230769 [ACCEPT]
[LVL9] rall56(A,B) :- no56(C,B), no56(D,C) 0.362179487179 (3.0, 1.0, 94.0, 8.0) 0.543269230769 [ACCEPT]
[LVL9] rall56(A,B) :- no56(C,B), \+all56(A,C) 0.0905448717949 (3.0, 10.0, 85.0, 8.0) 0.543269230769 [ACCEPT]
[LVL9] rall56(A,B) :- no56(C,B), \+all56(C,A) 0.0905448717949 (3.0, 10.0, 85.0, 8.0) 0.543269230769 [ACCEPT]
[LVL9] rall56(A,B) :- no56(C,B), \+some56(C,A) 0.0905448717949 (3.0, 10.0, 85.0, 8.0) 0.543269230769 [ACCEPT]
[LVL9] rall56(A,B) :- no56(C,B), \+no56(C,A) 0.0905448717949 (3.0, 10.0, 85.0, 8.0) 0.543269230769 [ACCEPT]
[LVL9] rall56(A,B) :- no56(C,B), \+somenot56(C,A) 0.0905448717949 (3.0, 10.0, 85.0, 8.0) 0.543269230769 [ACCEPT]
[DEBUG] Best rule so far: rall56(A,B) :- no56(B,C), all56(A,C) [0.362179487179]
[DEBUG] Candidates for iteration 3:
[DEBUG] ==================================
[DEBUG] rall56(A,B) :- no56(B,C), all56(A,C) 0.362179487179
[DEBUG] rall56(A,B) :- no56(B,C), all56(C,A) 0.362179487179
[DEBUG] rall56(A,B) :- no56(B,C), all56(A,D) 0.362179487179
[DEBUG] rall56(A,B) :- no56(B,C), all56(C,D) 0.362179487179
[DEBUG] rall56(A,B) :- no56(B,C), all56(D,A) 0.362179487179
[DEBUG] rall56(A,B) :- no56(B,C), all56(D,C) 0.362179487179
[DEBUG] rall56(A,B) :- no56(B,C), some56(C,A) 0.362179487179
[DEBUG] rall56(A,B) :- no56(B,C), some56(C,D) 0.362179487179
[DEBUG] rall56(A,B) :- no56(B,C), some56(D,A) 0.362179487179
[DEBUG] rall56(A,B) :- no56(B,C), no56(C,A) 0.362179487179
[DEBUG] rall56(A,B) :- no56(B,C), no56(C,D) 0.362179487179
[DEBUG] rall56(A,B) :- no56(B,C), no56(D,A) 0.362179487179
[DEBUG] rall56(A,B) :- all56(C,B), all56(C,A) 0.362179487179
[DEBUG] rall56(A,B) :- all56(C,B), all56(D,A) 0.362179487179
[DEBUG] rall56(A,B) :- all56(C,B), no56(A,C) 0.362179487179
[DEBUG] rall56(A,B) :- all56(C,B), no56(A,D) 0.362179487179
[DEBUG] rall56(A,B) :- all56(C,B), no56(D,C) 0.362179487179
[DEBUG] rall56(A,B) :- no56(C,A), all56(B,C) 0.362179487179
[DEBUG] rall56(A,B) :- no56(C,A), all56(B,D) 0.362179487179
[DEBUG] rall56(A,B) :- no56(C,A), all56(D,C) 0.362179487179
[DEBUG] rall56(A,B) :- no56(C,A), no56(B,D) 0.362179487179
[DEBUG] rall56(A,B) :- no56(C,A), no56(D,C) 0.362179487179
[DEBUG] rall56(A,B) :- all56(A,C), all56(B,C) 0.362179487179
[DEBUG] rall56(A,B) :- all56(A,C), all56(B,D) 0.362179487179
[DEBUG] rall56(A,B) :- all56(A,C), no56(B,D) 0.362179487179
[DEBUG] rall56(A,B) :- all56(A,C), no56(D,C) 0.362179487179
[DEBUG] rall56(A,B) :- all56(C,A), all56(D,B) 0.362179487179
[DEBUG] rall56(A,B) :- all56(C,A), no56(B,D) 0.362179487179
[DEBUG] rall56(A,B) :- all56(C,A), no56(D,C) 0.362179487179
[DEBUG] rall56(A,B) :- no56(A,C), all56(C,D) 0.362179487179
[DEBUG] rall56(A,B) :- no56(A,C), all56(D,B) 0.362179487179
[DEBUG] rall56(A,B) :- no56(A,C), no56(C,B) 0.362179487179
[DEBUG] rall56(A,B) :- no56(A,C), no56(C,D) 0.362179487179
[DEBUG] rall56(A,B) :- no56(A,C), no56(D,B) 0.362179487179
[DEBUG] rall56(A,B) :- all56(B,C), all56(A,D) 0.362179487179
[DEBUG] rall56(A,B) :- all56(B,C), no56(C,D) 0.362179487179
[DEBUG] rall56(A,B) :- all56(B,C), no56(D,A) 0.362179487179
[DEBUG] rall56(A,B) :- some56(C,A), no56(B,D) 0.362179487179
[DEBUG] rall56(A,B) :- some56(C,A), no56(D,C) 0.362179487179
[DEBUG] rall56(A,B) :- no56(C,B), no56(A,D) 0.362179487179
[DEBUG] rall56(A,B) :- no56(C,B), no56(D,C) 0.362179487179
[DEBUG] rall56(A,B) :- no56(B,C), \+no56(A,C) 0.340544871795
[DEBUG] rall56(A,B) :- no56(B,C), \+somenot56(C,A) 0.340544871795
[DEBUG] rall56(A,B) :- no56(B,C), \+somenot56(A,C) 0.314349112426
[DEBUG] rall56(A,B) :- no56(B,C), \+all56(A,C) 0.257211538462
[DEBUG] rall56(A,B) :- no56(B,C), \+all56(C,A) 0.257211538462
[DEBUG] rall56(A,B) :- no56(B,C), \+some56(C,A) 0.257211538462
[DEBUG] rall56(A,B) :- no56(B,C), \+no56(C,A) 0.257211538462
[DEBUG] rall56(A,B) :- all56(C,B), \+some56(A,C) 0.173878205128
[DEBUG] rall56(A,B) :- all56(C,B), \+no56(C,A) 0.173878205128
[DEBUG] rall56(A,B) :- all56(C,B), \+somenot56(A,C) 0.173878205128
[DEBUG] rall56(A,B) :- all56(C,B), \+somenot56(C,A) 0.173878205128
[DEBUG] rall56(A,B) :- no56(C,A), \+all56(C,B) 0.173878205128
[DEBUG] rall56(A,B) :- no56(C,A), \+some56(C,B) 0.173878205128
[DEBUG] rall56(A,B) :- no56(C,A), \+no56(C,B) 0.173878205128
[DEBUG] rall56(A,B) :- no56(C,A), \+somenot56(C,B) 0.173878205128
[DEBUG] rall56(A,B) :- all56(C,B), \+some56(C,A) 0.16050295858
[DEBUG] rall56(A,B) :- no56(C,A), \+somenot56(B,C) 0.16050295858
[DEBUG] rall56(A,B) :- all56(A,C), \+some56(C,B) 0.16050295858
[DEBUG] rall56(A,B) :- all56(A,C), \+some56(B,C) 0.16050295858
[DEBUG] rall56(A,B) :- all56(A,C), \+no56(C,B) 0.16050295858
[DEBUG] rall56(A,B) :- all56(A,C), \+somenot56(C,B) 0.16050295858
[DEBUG] rall56(A,B) :- all56(A,C), \+somenot56(B,C) 0.16050295858
[DEBUG] rall56(A,B) :- all56(C,A), \+some56(B,C) 0.16050295858
[DEBUG] rall56(A,B) :- all56(C,A), \+no56(C,B) 0.16050295858
[DEBUG] rall56(A,B) :- all56(C,A), \+somenot56(C,B) 0.16050295858
[DEBUG] rall56(A,B) :- all56(C,A), \+somenot56(B,C) 0.16050295858
[DEBUG] rall56(A,B) :- no56(A,C), \+all56(B,C) 0.16050295858
[DEBUG] rall56(A,B) :- no56(A,C), \+some56(C,B) 0.16050295858
[DEBUG] rall56(A,B) :- no56(A,C), \+no56(B,C) 0.16050295858
[DEBUG] rall56(A,B) :- no56(A,C), \+somenot56(C,B) 0.16050295858
[DEBUG] rall56(A,B) :- all56(C,A), \+all56(B,C) 0.149038461538
[DEBUG] rall56(A,B) :- all56(C,A), \+some56(C,B) 0.149038461538
[DEBUG] rall56(A,B) :- no56(A,C), \+some56(B,C) 0.149038461538
[DEBUG] rall56(A,B) :- no56(A,C), \+somenot56(B,C) 0.149038461538
[DEBUG] rall56(A,B) :- all56(B,C), \+some56(A,C) 0.149038461538
[DEBUG] rall56(A,B) :- all56(B,C), \+some56(C,A) 0.149038461538
[DEBUG] rall56(A,B) :- all56(B,C), \+no56(A,C) 0.149038461538
[DEBUG] rall56(A,B) :- all56(B,C), \+somenot56(A,C) 0.149038461538
[DEBUG] rall56(A,B) :- all56(B,C), \+somenot56(C,A) 0.149038461538
[DEBUG] rall56(A,B) :- all56(B,C), \+all56(C,A) 0.139102564103
[DEBUG] rall56(A,B) :- all56(C,B), \+all56(C,A) 0.0905448717949
[DEBUG] rall56(A,B) :- all56(C,B), \+no56(A,C) 0.0905448717949
[DEBUG] rall56(A,B) :- no56(C,A), \+all56(B,C) 0.0905448717949
[DEBUG] rall56(A,B) :- no56(C,A), \+no56(B,C) 0.0905448717949
[DEBUG] rall56(A,B) :- no56(C,B), \+all56(A,C) 0.0905448717949
[DEBUG] rall56(A,B) :- no56(C,B), \+all56(C,A) 0.0905448717949
[DEBUG] rall56(A,B) :- no56(C,B), \+some56(C,A) 0.0905448717949
[DEBUG] rall56(A,B) :- no56(C,B), \+no56(C,A) 0.0905448717949
[DEBUG] rall56(A,B) :- no56(C,B), \+somenot56(C,A) 0.0905448717949
[DEBUG] rall56(A,B) :- all56(A,C), \+all56(B,C) 0.0
[DEBUG] rall56(A,B) :- all56(A,C), \+no56(B,C) 0.0
[DEBUG] rall56(A,B) :- all56(C,A), \+all56(C,B) 0.0
[DEBUG] rall56(A,B) :- all56(C,A), \+no56(B,C) 0.0
[DEBUG] rall56(A,B) :- no56(A,C), \+all56(C,B) 0.0
[DEBUG] rall56(A,B) :- no56(A,C), \+no56(C,B) 0.0
[DEBUG] rall56(A,B) :- all56(B,C), \+all56(A,C) 0.0
[DEBUG] rall56(A,B) :- all56(B,C), \+no56(C,A) 0.0
[DEBUG] rall56(A,B) :- some56(C,A), \+all56(C,B) 0.0
[DEBUG] rall56(A,B) :- some56(C,A), \+all56(B,C) 0.0
[DEBUG] ==================================
[INFO] RULE LEARNED: rall56(A,B) :- no56(B,C), all56(A,C) 0.915094339623
