[LVL9] Output level: 9
[INFO] Random seed: 0.363211569931
[INFO] Computing scores: 0.0461s
[INFO] Number of examples (M): 120
[INFO] Positive weight (P): 15.0000
[INFO] Negative weight (N): 105.0000
[DEBUG] Best rule so far: rsomenot117(A,B) :- true [0.125]
[DEBUG] Candidates for iteration 1:
[DEBUG] ==================================
[DEBUG] rsomenot117(A,B) :- true 0.125
[DEBUG] ==================================
[LVL9] rsomenot117(A,B) :- all117(A,C) 0.1328125 (2.0, 13.0, 92.0, 13.0) 0.708333333333 [ACCEPT]
[LVL9] BETTER RULE rsomenot117(A,B) :- all117(A,C) (0.1328125, 2.0) > (0.125, 15.0)
[LVL9] rsomenot117(A,B) :- all117(B,C) 0.1328125 (2.0, 13.0, 92.0, 13.0) 0.708333333333 [ACCEPT]
[LVL9] rsomenot117(A,B) :- all117(C,A) 0.0 (1.0, 15.0, 90.0, 14.0) 0.5625 [ACCEPT]
[LVL9] rsomenot117(A,B) :- all117(C,B) 0.125 (2.0, 14.0, 91.0, 13.0) 0.708333333333 [ACCEPT]
[LVL9] rsomenot117(A,B) :- some117(A,C) 0.0 (1.0, 12.0, 93.0, 14.0) 0.5625 [ACCEPT]
[LVL9] rsomenot117(A,B) :- some117(B,C) 0.0 (1.0, 12.0, 93.0, 14.0) 0.5625 [ACCEPT]
[LVL9] rsomenot117(A,B) :- some117(C,A) 0.141666666667 (2.0, 12.0, 93.0, 13.0) 0.708333333333 [ACCEPT]
[LVL9] BETTER RULE rsomenot117(A,B) :- some117(C,A) (0.14166666666666666, 2.0) > (0.1328125, 2.0)
[LVL9] rsomenot117(A,B) :- some117(C,B) 0.0 (1.0, 13.0, 92.0, 14.0) 0.5625 [ACCEPT]
[LVL9] rsomenot117(A,B) :- no117(A,C) 0.0 (1.0, 15.0, 90.0, 14.0) 0.5625 [ACCEPT]
[LVL9] rsomenot117(A,B) :- no117(B,C) 0.183823529412 (3.0, 13.0, 92.0, 12.0) 0.78125 [ACCEPT]
[LVL9] BETTER RULE rsomenot117(A,B) :- no117(B,C) (0.18382352941176472, 3.0) > (0.14166666666666666, 2.0)
[LVL9] rsomenot117(A,B) :- no117(C,A) 0.1328125 (2.0, 13.0, 92.0, 13.0) 0.708333333333 [ACCEPT]
[LVL9] rsomenot117(A,B) :- no117(C,B) 0.1328125 (2.0, 13.0, 92.0, 13.0) 0.708333333333 [ACCEPT]
[LVL9] rsomenot117(A,B) :- somenot117(A,C) 0.2578125 (4.0, 11.0, 94.0, 11.0) 0.825 [ACCEPT]
[LVL9] BETTER RULE rsomenot117(A,B) :- somenot117(A,C) (0.2578125, 4.0) > (0.18382352941176472, 3.0)
[LVL9] rsomenot117(A,B) :- somenot117(B,C) 0.0 (1.0, 14.0, 91.0, 14.0) 0.5625 [ACCEPT]
[LVL9] rsomenot117(A,B) :- somenot117(C,A) 0.125 (2.0, 14.0, 91.0, 13.0) 0.708333333333 [ACCEPT]
[LVL9] rsomenot117(A,B) :- somenot117(C,B) 0.183823529412 (3.0, 13.0, 92.0, 12.0) 0.78125 [ACCEPT]
[DEBUG] Best rule so far: rsomenot117(A,B) :- somenot117(A,C) [0.2578125]
[DEBUG] Candidates for iteration 2:
[DEBUG] ==================================
[DEBUG] rsomenot117(A,B) :- somenot117(A,C) 0.2578125
[DEBUG] rsomenot117(A,B) :- no117(B,C) 0.183823529412
[DEBUG] rsomenot117(A,B) :- somenot117(C,B) 0.183823529412
[DEBUG] rsomenot117(A,B) :- some117(C,A) 0.141666666667
[DEBUG] rsomenot117(A,B) :- all117(A,C) 0.1328125
[DEBUG] rsomenot117(A,B) :- all117(B,C) 0.1328125
[DEBUG] rsomenot117(A,B) :- no117(C,A) 0.1328125
[DEBUG] rsomenot117(A,B) :- no117(C,B) 0.1328125
[DEBUG] rsomenot117(A,B) :- all117(C,B) 0.125
[DEBUG] rsomenot117(A,B) :- somenot117(C,A) 0.125
[DEBUG] rsomenot117(A,B) :- all117(C,A) 0.0
[DEBUG] rsomenot117(A,B) :- some117(A,C) 0.0
[DEBUG] rsomenot117(A,B) :- some117(B,C) 0.0
[DEBUG] rsomenot117(A,B) :- some117(C,B) 0.0
[DEBUG] rsomenot117(A,B) :- no117(A,C) 0.0
[DEBUG] rsomenot117(A,B) :- somenot117(B,C) 0.0
[DEBUG] ==================================
[LVL9] rsomenot117(A,B) :- somenot117(A,C), all117(C,B) 0.375 (1.0, 1.0, 104.0, 14.0) 0.5625 [ACCEPT]
[LVL9] BETTER RULE rsomenot117(A,B) :- somenot117(A,C), all117(C,B) (0.375, 1.0) > (0.2578125, 4.0)
[LVL9] rsomenot117(A,B) :- somenot117(A,C), all117(B,C) 0.375 (1.0, 1.0, 104.0, 14.0) 0.5625 [ACCEPT]
[LVL9] rsomenot117(A,B) :- somenot117(A,C), all117(C,D) 0.375 (1.0, 1.0, 104.0, 14.0) 0.5625 [ACCEPT]
[LVL9] rsomenot117(A,B) :- somenot117(A,C), all117(B,D) 0.375 (1.0, 1.0, 104.0, 14.0) 0.5625 [ACCEPT]
[LVL9] rsomenot117(A,B) :- somenot117(A,C), all117(D,C) 0.375 (1.0, 1.0, 104.0, 14.0) 0.5625 [ACCEPT]
[LVL9] rsomenot117(A,B) :- somenot117(A,C), all117(D,B) 0.375 (1.0, 1.0, 104.0, 14.0) 0.5625 [ACCEPT]
[LVL9] rsomenot117(A,B) :- somenot117(A,C), some117(C,B) 0.5625 (1.0, 0.0, 105.0, 14.0) 0.5625 [REJECT* fp] 0.0
[LVL9] BETTER RULE rsomenot117(A,B) :- somenot117(A,C), some117(C,B) (0.5625, 1.0) > (0.375, 1.0)
[LVL9] rsomenot117(A,B) :- somenot117(A,C), \+all117(C,B) 0.223214285714 (3.0, 10.0, 95.0, 12.0) 0.78125 [ACCEPT]
[LVL9] rsomenot117(A,B) :- somenot117(A,C), \+all117(B,C) 0.223214285714 (3.0, 10.0, 95.0, 12.0) 0.78125 [ACCEPT]
[LVL9] rsomenot117(A,B) :- somenot117(A,C), \+some117(B,C) 0.294642857143 (4.0, 9.0, 96.0, 11.0) 0.825 [ACCEPT]
[LVL9] rsomenot117(A,B) :- somenot117(A,C), \+no117(C,B) 0.294642857143 (4.0, 9.0, 96.0, 11.0) 0.825 [ACCEPT]
[LVL9] rsomenot117(A,B) :- somenot117(A,C), \+no117(B,C) 0.223214285714 (3.0, 10.0, 95.0, 12.0) 0.78125 [ACCEPT]
[LVL9] rsomenot117(A,B) :- somenot117(A,C), \+somenot117(C,B) 0.294642857143 (4.0, 9.0, 96.0, 11.0) 0.825 [ACCEPT]
[LVL9] rsomenot117(A,B) :- somenot117(A,C), \+somenot117(B,C) 0.294642857143 (4.0, 9.0, 96.0, 11.0) 0.825 [ACCEPT]
[LVL9] rsomenot117(A,B) :- no117(B,C), \+all117(A,C) 0.208333333333 (3.0, 11.0, 94.0, 12.0) 0.78125 [ACCEPT]
[LVL9] rsomenot117(A,B) :- no117(B,C), \+all117(C,A) 0.208333333333 (3.0, 11.0, 94.0, 12.0) 0.78125 [ACCEPT]
[LVL9] rsomenot117(A,B) :- no117(B,C), \+some117(A,C) 0.208333333333 (3.0, 11.0, 94.0, 12.0) 0.78125 [ACCEPT]
[LVL9] rsomenot117(A,B) :- no117(B,C), \+some117(C,A) 0.141666666667 (2.0, 12.0, 93.0, 13.0) 0.708333333333 [ACCEPT]
[LVL9] rsomenot117(A,B) :- no117(B,C), \+no117(A,C) 0.208333333333 (3.0, 11.0, 94.0, 12.0) 0.78125 [ACCEPT]
[LVL9] rsomenot117(A,B) :- no117(B,C), \+no117(C,A) 0.208333333333 (3.0, 11.0, 94.0, 12.0) 0.78125 [ACCEPT]
[LVL9] rsomenot117(A,B) :- no117(B,C), \+somenot117(A,C) 0.141666666667 (2.0, 12.0, 93.0, 13.0) 0.708333333333 [ACCEPT]
[LVL9] rsomenot117(A,B) :- no117(B,C), \+somenot117(C,A) 0.141666666667 (2.0, 12.0, 93.0, 13.0) 0.708333333333 [ACCEPT]
[LVL9] rsomenot117(A,B) :- somenot117(C,B), \+all117(A,C) 0.208333333333 (3.0, 11.0, 94.0, 12.0) 0.78125 [ACCEPT]
[LVL9] rsomenot117(A,B) :- somenot117(C,B), \+all117(C,A) 0.141666666667 (2.0, 12.0, 93.0, 13.0) 0.708333333333 [ACCEPT]
[LVL9] rsomenot117(A,B) :- somenot117(C,B), \+some117(A,C) 0.141666666667 (2.0, 12.0, 93.0, 13.0) 0.708333333333 [ACCEPT]
[LVL9] rsomenot117(A,B) :- somenot117(C,B), \+some117(C,A) 0.208333333333 (3.0, 11.0, 94.0, 12.0) 0.78125 [ACCEPT]
[LVL9] rsomenot117(A,B) :- somenot117(C,B), \+no117(A,C) 0.208333333333 (3.0, 11.0, 94.0, 12.0) 0.78125 [ACCEPT]
[LVL9] rsomenot117(A,B) :- somenot117(C,B), \+no117(C,A) 0.141666666667 (2.0, 12.0, 93.0, 13.0) 0.708333333333 [ACCEPT]
[LVL9] rsomenot117(A,B) :- somenot117(C,B), \+somenot117(A,C) 0.208333333333 (3.0, 11.0, 94.0, 12.0) 0.78125 [ACCEPT]
[LVL9] rsomenot117(A,B) :- somenot117(C,B), \+somenot117(C,A) 0.208333333333 (3.0, 11.0, 94.0, 12.0) 0.78125 [ACCEPT]
[LVL9] rsomenot117(A,B) :- some117(C,A), \+all117(C,B) 0.163461538462 (2.0, 10.0, 95.0, 13.0) 0.708333333333 [ACCEPT]
[LVL9] rsomenot117(A,B) :- some117(C,A), \+all117(B,C) 0.151785714286 (2.0, 11.0, 94.0, 13.0) 0.708333333333 [ACCEPT]
[LVL9] rsomenot117(A,B) :- some117(C,A), \+some117(C,B) 0.163461538462 (2.0, 10.0, 95.0, 13.0) 0.708333333333 [ACCEPT]
[LVL9] rsomenot117(A,B) :- some117(C,A), \+some117(B,C) 0.163461538462 (2.0, 10.0, 95.0, 13.0) 0.708333333333 [ACCEPT]
[LVL9] rsomenot117(A,B) :- some117(C,A), \+somenot117(C,B) 0.163461538462 (2.0, 10.0, 95.0, 13.0) 0.708333333333 [ACCEPT]
[LVL9] rsomenot117(A,B) :- some117(C,A), \+somenot117(B,C) 0.151785714286 (2.0, 11.0, 94.0, 13.0) 0.708333333333 [ACCEPT]
[LVL9] rsomenot117(A,B) :- all117(A,C), \+all117(C,B) 0.151785714286 (2.0, 11.0, 94.0, 13.0) 0.708333333333 [ACCEPT]
[LVL9] rsomenot117(A,B) :- all117(A,C), \+all117(B,C) 0.151785714286 (2.0, 11.0, 94.0, 13.0) 0.708333333333 [ACCEPT]
[LVL9] rsomenot117(A,B) :- all117(A,C), \+some117(C,B) 0.141666666667 (2.0, 12.0, 93.0, 13.0) 0.708333333333 [ACCEPT]
[LVL9] rsomenot117(A,B) :- all117(A,C), \+no117(B,C) 0.151785714286 (2.0, 11.0, 94.0, 13.0) 0.708333333333 [ACCEPT]
[LVL9] rsomenot117(A,B) :- all117(A,C), \+somenot117(C,B) 0.151785714286 (2.0, 11.0, 94.0, 13.0) 0.708333333333 [ACCEPT]
[LVL9] rsomenot117(A,B) :- all117(A,C), \+somenot117(B,C) 0.151785714286 (2.0, 11.0, 94.0, 13.0) 0.708333333333 [ACCEPT]
[LVL9] rsomenot117(A,B) :- all117(B,C), \+all117(A,C) 0.151785714286 (2.0, 11.0, 94.0, 13.0) 0.708333333333 [ACCEPT]
[LVL9] rsomenot117(A,B) :- all117(B,C), \+all117(C,A) 0.151785714286 (2.0, 11.0, 94.0, 13.0) 0.708333333333 [ACCEPT]
[LVL9] rsomenot117(A,B) :- all117(B,C), \+some117(A,C) 0.151785714286 (2.0, 11.0, 94.0, 13.0) 0.708333333333 [ACCEPT]
[LVL9] rsomenot117(A,B) :- all117(B,C), \+some117(C,A) 0.141666666667 (2.0, 12.0, 93.0, 13.0) 0.708333333333 [ACCEPT]
[LVL9] rsomenot117(A,B) :- all117(B,C), \+no117(A,C) 0.151785714286 (2.0, 11.0, 94.0, 13.0) 0.708333333333 [ACCEPT]
[LVL9] rsomenot117(A,B) :- all117(B,C), \+no117(C,A) 0.151785714286 (2.0, 11.0, 94.0, 13.0) 0.708333333333 [ACCEPT]
[LVL9] rsomenot117(A,B) :- no117(C,A), \+all117(C,B) 0.151785714286 (2.0, 11.0, 94.0, 13.0) 0.708333333333 [ACCEPT]
[LVL9] rsomenot117(A,B) :- no117(C,A), \+all117(B,C) 0.151785714286 (2.0, 11.0, 94.0, 13.0) 0.708333333333 [ACCEPT]
[LVL9] rsomenot117(A,B) :- no117(C,A), \+some117(C,B) 0.151785714286 (2.0, 11.0, 94.0, 13.0) 0.708333333333 [ACCEPT]
[LVL9] rsomenot117(A,B) :- no117(C,A), \+some117(B,C) 0.141666666667 (2.0, 12.0, 93.0, 13.0) 0.708333333333 [ACCEPT]
[LVL9] rsomenot117(A,B) :- no117(C,A), \+no117(C,B) 0.151785714286 (2.0, 11.0, 94.0, 13.0) 0.708333333333 [ACCEPT]
[LVL9] rsomenot117(A,B) :- no117(C,A), \+no117(B,C) 0.151785714286 (2.0, 11.0, 94.0, 13.0) 0.708333333333 [ACCEPT]
[LVL9] rsomenot117(A,B) :- no117(C,B), \+all117(C,A) 0.151785714286 (2.0, 11.0, 94.0, 13.0) 0.708333333333 [ACCEPT]
[LVL9] rsomenot117(A,B) :- no117(C,B), \+some117(A,C) 0.141666666667 (2.0, 12.0, 93.0, 13.0) 0.708333333333 [ACCEPT]
[LVL9] rsomenot117(A,B) :- no117(C,B), \+no117(A,C) 0.151785714286 (2.0, 11.0, 94.0, 13.0) 0.708333333333 [ACCEPT]
[LVL9] rsomenot117(A,B) :- no117(C,B), \+no117(C,A) 0.151785714286 (2.0, 11.0, 94.0, 13.0) 0.708333333333 [ACCEPT]
[LVL9] rsomenot117(A,B) :- no117(C,B), \+somenot117(A,C) 0.151785714286 (2.0, 11.0, 94.0, 13.0) 0.708333333333 [ACCEPT]
[LVL9] rsomenot117(A,B) :- no117(C,B), \+somenot117(C,A) 0.151785714286 (2.0, 11.0, 94.0, 13.0) 0.708333333333 [ACCEPT]
[LVL9] rsomenot117(A,B) :- all117(C,B), \+all117(A,C) 0.141666666667 (2.0, 12.0, 93.0, 13.0) 0.708333333333 [ACCEPT]
[LVL9] rsomenot117(A,B) :- all117(C,B), \+all117(C,A) 0.141666666667 (2.0, 12.0, 93.0, 13.0) 0.708333333333 [ACCEPT]
[LVL9] rsomenot117(A,B) :- all117(C,B), \+some117(A,C) 0.141666666667 (2.0, 12.0, 93.0, 13.0) 0.708333333333 [ACCEPT]
[LVL9] rsomenot117(A,B) :- all117(C,B), \+some117(C,A) 0.141666666667 (2.0, 12.0, 93.0, 13.0) 0.708333333333 [ACCEPT]
[LVL9] rsomenot117(A,B) :- all117(C,B), \+no117(C,A) 0.141666666667 (2.0, 12.0, 93.0, 13.0) 0.708333333333 [ACCEPT]
[LVL9] rsomenot117(A,B) :- all117(C,B), \+somenot117(C,A) 0.141666666667 (2.0, 12.0, 93.0, 13.0) 0.708333333333 [ACCEPT]
[LVL9] rsomenot117(A,B) :- somenot117(C,A), \+all117(C,B) 0.141666666667 (2.0, 12.0, 93.0, 13.0) 0.708333333333 [ACCEPT]
[LVL9] rsomenot117(A,B) :- somenot117(C,A), \+some117(C,B) 0.141666666667 (2.0, 12.0, 93.0, 13.0) 0.708333333333 [ACCEPT]
[LVL9] rsomenot117(A,B) :- somenot117(C,A), \+some117(B,C) 0.141666666667 (2.0, 12.0, 93.0, 13.0) 0.708333333333 [ACCEPT]
[LVL9] rsomenot117(A,B) :- somenot117(C,A), \+no117(C,B) 0.141666666667 (2.0, 12.0, 93.0, 13.0) 0.708333333333 [ACCEPT]
[LVL9] rsomenot117(A,B) :- somenot117(C,A), \+somenot117(C,B) 0.141666666667 (2.0, 12.0, 93.0, 13.0) 0.708333333333 [ACCEPT]
[LVL9] rsomenot117(A,B) :- somenot117(C,A), \+somenot117(B,C) 0.141666666667 (2.0, 12.0, 93.0, 13.0) 0.708333333333 [ACCEPT]
[DEBUG] Best rule so far: rsomenot117(A,B) :- somenot117(A,C), some117(C,B) [0.5625]
[DEBUG] Candidates for iteration 3:
[DEBUG] ==================================
[DEBUG] rsomenot117(A,B) :- somenot117(A,C), all117(C,B) 0.375
[DEBUG] rsomenot117(A,B) :- somenot117(A,C), all117(B,C) 0.375
[DEBUG] rsomenot117(A,B) :- somenot117(A,C), all117(C,D) 0.375
[DEBUG] rsomenot117(A,B) :- somenot117(A,C), all117(B,D) 0.375
[DEBUG] rsomenot117(A,B) :- somenot117(A,C), all117(D,C) 0.375
[DEBUG] rsomenot117(A,B) :- somenot117(A,C), all117(D,B) 0.375
[DEBUG] rsomenot117(A,B) :- somenot117(A,C), \+some117(B,C) 0.294642857143
[DEBUG] rsomenot117(A,B) :- somenot117(A,C), \+no117(C,B) 0.294642857143
[DEBUG] rsomenot117(A,B) :- somenot117(A,C), \+somenot117(C,B) 0.294642857143
[DEBUG] rsomenot117(A,B) :- somenot117(A,C), \+somenot117(B,C) 0.294642857143
[DEBUG] rsomenot117(A,B) :- somenot117(A,C), \+all117(C,B) 0.223214285714
[DEBUG] rsomenot117(A,B) :- somenot117(A,C), \+all117(B,C) 0.223214285714
[DEBUG] rsomenot117(A,B) :- somenot117(A,C), \+no117(B,C) 0.223214285714
[DEBUG] rsomenot117(A,B) :- no117(B,C), \+all117(A,C) 0.208333333333
[DEBUG] rsomenot117(A,B) :- no117(B,C), \+all117(C,A) 0.208333333333
[DEBUG] rsomenot117(A,B) :- no117(B,C), \+some117(A,C) 0.208333333333
[DEBUG] rsomenot117(A,B) :- no117(B,C), \+no117(A,C) 0.208333333333
[DEBUG] rsomenot117(A,B) :- no117(B,C), \+no117(C,A) 0.208333333333
[DEBUG] rsomenot117(A,B) :- somenot117(C,B), \+all117(A,C) 0.208333333333
[DEBUG] rsomenot117(A,B) :- somenot117(C,B), \+some117(C,A) 0.208333333333
[DEBUG] rsomenot117(A,B) :- somenot117(C,B), \+no117(A,C) 0.208333333333
[DEBUG] rsomenot117(A,B) :- somenot117(C,B), \+somenot117(A,C) 0.208333333333
[DEBUG] rsomenot117(A,B) :- somenot117(C,B), \+somenot117(C,A) 0.208333333333
[DEBUG] rsomenot117(A,B) :- some117(C,A), \+all117(C,B) 0.163461538462
[DEBUG] rsomenot117(A,B) :- some117(C,A), \+some117(C,B) 0.163461538462
[DEBUG] rsomenot117(A,B) :- some117(C,A), \+some117(B,C) 0.163461538462
[DEBUG] rsomenot117(A,B) :- some117(C,A), \+somenot117(C,B) 0.163461538462
[DEBUG] rsomenot117(A,B) :- some117(C,A), \+all117(B,C) 0.151785714286
[DEBUG] rsomenot117(A,B) :- some117(C,A), \+somenot117(B,C) 0.151785714286
[DEBUG] rsomenot117(A,B) :- all117(A,C), \+all117(C,B) 0.151785714286
[DEBUG] rsomenot117(A,B) :- all117(A,C), \+all117(B,C) 0.151785714286
[DEBUG] rsomenot117(A,B) :- all117(A,C), \+no117(B,C) 0.151785714286
[DEBUG] rsomenot117(A,B) :- all117(A,C), \+somenot117(C,B) 0.151785714286
[DEBUG] rsomenot117(A,B) :- all117(A,C), \+somenot117(B,C) 0.151785714286
[DEBUG] rsomenot117(A,B) :- all117(B,C), \+all117(A,C) 0.151785714286
[DEBUG] rsomenot117(A,B) :- all117(B,C), \+all117(C,A) 0.151785714286
[DEBUG] rsomenot117(A,B) :- all117(B,C), \+some117(A,C) 0.151785714286
[DEBUG] rsomenot117(A,B) :- all117(B,C), \+no117(A,C) 0.151785714286
[DEBUG] rsomenot117(A,B) :- all117(B,C), \+no117(C,A) 0.151785714286
[DEBUG] rsomenot117(A,B) :- no117(C,A), \+all117(C,B) 0.151785714286
[DEBUG] rsomenot117(A,B) :- no117(C,A), \+all117(B,C) 0.151785714286
[DEBUG] rsomenot117(A,B) :- no117(C,A), \+some117(C,B) 0.151785714286
[DEBUG] rsomenot117(A,B) :- no117(C,A), \+no117(C,B) 0.151785714286
[DEBUG] rsomenot117(A,B) :- no117(C,A), \+no117(B,C) 0.151785714286
[DEBUG] rsomenot117(A,B) :- no117(C,B), \+all117(C,A) 0.151785714286
[DEBUG] rsomenot117(A,B) :- no117(C,B), \+no117(A,C) 0.151785714286
[DEBUG] rsomenot117(A,B) :- no117(C,B), \+no117(C,A) 0.151785714286
[DEBUG] rsomenot117(A,B) :- no117(C,B), \+somenot117(A,C) 0.151785714286
[DEBUG] rsomenot117(A,B) :- no117(C,B), \+somenot117(C,A) 0.151785714286
[DEBUG] rsomenot117(A,B) :- no117(B,C), \+some117(C,A) 0.141666666667
[DEBUG] rsomenot117(A,B) :- no117(B,C), \+somenot117(A,C) 0.141666666667
[DEBUG] rsomenot117(A,B) :- no117(B,C), \+somenot117(C,A) 0.141666666667
[DEBUG] rsomenot117(A,B) :- somenot117(C,B), \+all117(C,A) 0.141666666667
[DEBUG] rsomenot117(A,B) :- somenot117(C,B), \+some117(A,C) 0.141666666667
[DEBUG] rsomenot117(A,B) :- somenot117(C,B), \+no117(C,A) 0.141666666667
[DEBUG] rsomenot117(A,B) :- all117(A,C), \+some117(C,B) 0.141666666667
[DEBUG] rsomenot117(A,B) :- all117(B,C), \+some117(C,A) 0.141666666667
[DEBUG] rsomenot117(A,B) :- no117(C,A), \+some117(B,C) 0.141666666667
[DEBUG] rsomenot117(A,B) :- no117(C,B), \+some117(A,C) 0.141666666667
[DEBUG] rsomenot117(A,B) :- all117(C,B), \+all117(A,C) 0.141666666667
[DEBUG] rsomenot117(A,B) :- all117(C,B), \+all117(C,A) 0.141666666667
[DEBUG] rsomenot117(A,B) :- all117(C,B), \+some117(A,C) 0.141666666667
[DEBUG] rsomenot117(A,B) :- all117(C,B), \+some117(C,A) 0.141666666667
[DEBUG] rsomenot117(A,B) :- all117(C,B), \+no117(C,A) 0.141666666667
[DEBUG] rsomenot117(A,B) :- all117(C,B), \+somenot117(C,A) 0.141666666667
[DEBUG] rsomenot117(A,B) :- somenot117(C,A), \+all117(C,B) 0.141666666667
[DEBUG] rsomenot117(A,B) :- somenot117(C,A), \+some117(C,B) 0.141666666667
[DEBUG] rsomenot117(A,B) :- somenot117(C,A), \+some117(B,C) 0.141666666667
[DEBUG] rsomenot117(A,B) :- somenot117(C,A), \+no117(C,B) 0.141666666667
[DEBUG] rsomenot117(A,B) :- somenot117(C,A), \+somenot117(C,B) 0.141666666667
[DEBUG] rsomenot117(A,B) :- somenot117(C,A), \+somenot117(B,C) 0.141666666667
[DEBUG] ==================================
[INFO] RULE LEARNED: rsomenot117(A,B) :- somenot117(A,C), some117(C,B) 0.883333333333
[DEBUG] Best rule so far: rsomenot117(A,B) :- true [0.117647058824]
[DEBUG] Candidates for iteration 1:
[DEBUG] ==================================
[DEBUG] rsomenot117(A,B) :- true 0.117647058824
[DEBUG] ==================================
[LVL9] rsomenot117(A,B) :- all117(A,C) 0.132352941176 (3.0, 13.0, 92.0, 12.0) 0.705882352941 [ACCEPT]
[LVL9] BETTER RULE rsomenot117(A,B) :- all117(A,C) (0.1323529411764706, 3.0) > (0.11764705882352941, 15.0)
[LVL9] rsomenot117(A,B) :- all117(B,C) 0.132352941176 (3.0, 13.0, 92.0, 12.0) 0.705882352941 [ACCEPT]
[LVL9] rsomenot117(A,B) :- all117(C,A) 0.0 (2.0, 15.0, 90.0, 13.0) 0.558823529412 [ACCEPT]
[LVL9] rsomenot117(A,B) :- all117(C,B) 0.124567474048 (3.0, 14.0, 91.0, 12.0) 0.705882352941 [ACCEPT]
[LVL9] rsomenot117(A,B) :- some117(A,C) 0.0 (2.0, 12.0, 93.0, 13.0) 0.558823529412 [ACCEPT]
[LVL9] rsomenot117(A,B) :- some117(B,C) 0.0 (2.0, 12.0, 93.0, 13.0) 0.558823529412 [ACCEPT]
[LVL9] rsomenot117(A,B) :- some117(C,A) 0.141176470588 (3.0, 12.0, 93.0, 12.0) 0.705882352941 [ACCEPT]
[LVL9] BETTER RULE rsomenot117(A,B) :- some117(C,A) (0.1411764705882353, 3.0) > (0.1323529411764706, 3.0)
[LVL9] rsomenot117(A,B) :- no117(A,C) 0.0 (2.0, 15.0, 90.0, 13.0) 0.558823529412 [ACCEPT]
[LVL9] rsomenot117(A,B) :- no117(B,C) 0.18339100346 (4.0, 13.0, 92.0, 11.0) 0.779411764706 [ACCEPT]
[LVL9] BETTER RULE rsomenot117(A,B) :- no117(B,C) (0.18339100346020762, 4.0) > (0.1411764705882353, 3.0)
[LVL9] rsomenot117(A,B) :- no117(C,A) 0.132352941176 (3.0, 13.0, 92.0, 12.0) 0.705882352941 [ACCEPT]
[LVL9] rsomenot117(A,B) :- no117(C,B) 0.132352941176 (3.0, 13.0, 92.0, 12.0) 0.705882352941 [ACCEPT]
[LVL9] rsomenot117(A,B) :- somenot117(A,C) 0.207843137255 (4.0, 11.0, 94.0, 11.0) 0.779411764706 [ACCEPT]
[LVL9] BETTER RULE rsomenot117(A,B) :- somenot117(A,C) (0.20784313725490197, 4.0) > (0.18339100346020762, 4.0)
[LVL9] rsomenot117(A,B) :- somenot117(B,C) 0.0 (2.0, 14.0, 91.0, 13.0) 0.558823529412 [ACCEPT]
[LVL9] rsomenot117(A,B) :- somenot117(C,A) 0.124567474048 (3.0, 14.0, 91.0, 12.0) 0.705882352941 [ACCEPT]
[LVL9] rsomenot117(A,B) :- somenot117(C,B) 0.18339100346 (4.0, 13.0, 92.0, 11.0) 0.779411764706 [ACCEPT]
[DEBUG] Best rule so far: rsomenot117(A,B) :- somenot117(A,C) [0.207843137255]
[DEBUG] Candidates for iteration 2:
[DEBUG] ==================================
[DEBUG] rsomenot117(A,B) :- somenot117(A,C) 0.207843137255
[DEBUG] rsomenot117(A,B) :- no117(B,C) 0.18339100346
[DEBUG] rsomenot117(A,B) :- somenot117(C,B) 0.18339100346
[DEBUG] rsomenot117(A,B) :- some117(C,A) 0.141176470588
[DEBUG] rsomenot117(A,B) :- all117(A,C) 0.132352941176
[DEBUG] rsomenot117(A,B) :- all117(B,C) 0.132352941176
[DEBUG] rsomenot117(A,B) :- no117(C,A) 0.132352941176
[DEBUG] rsomenot117(A,B) :- no117(C,B) 0.132352941176
[DEBUG] rsomenot117(A,B) :- all117(C,B) 0.124567474048
[DEBUG] rsomenot117(A,B) :- somenot117(C,A) 0.124567474048
[DEBUG] rsomenot117(A,B) :- all117(C,A) 0.0
[DEBUG] rsomenot117(A,B) :- some117(A,C) 0.0
[DEBUG] rsomenot117(A,B) :- some117(B,C) 0.0
[DEBUG] rsomenot117(A,B) :- no117(A,C) 0.0
[DEBUG] rsomenot117(A,B) :- somenot117(B,C) 0.0
[DEBUG] ==================================
[LVL9] rsomenot117(A,B) :- somenot117(A,C), all117(C,B) 0.372549019608 (2.0, 1.0, 104.0, 13.0) 0.558823529412 [ACCEPT]
[LVL9] BETTER RULE rsomenot117(A,B) :- somenot117(A,C), all117(C,B) (0.37254901960784315, 2.0) > (0.20784313725490197, 4.0)
[LVL9] rsomenot117(A,B) :- somenot117(A,C), all117(B,C) 0.372549019608 (2.0, 1.0, 104.0, 13.0) 0.558823529412 [ACCEPT]
[LVL9] rsomenot117(A,B) :- somenot117(A,C), all117(C,D) 0.372549019608 (2.0, 1.0, 104.0, 13.0) 0.558823529412 [ACCEPT]
[LVL9] rsomenot117(A,B) :- somenot117(A,C), all117(B,D) 0.372549019608 (2.0, 1.0, 104.0, 13.0) 0.558823529412 [ACCEPT]
[LVL9] rsomenot117(A,B) :- somenot117(A,C), all117(D,C) 0.372549019608 (2.0, 1.0, 104.0, 13.0) 0.558823529412 [ACCEPT]
[LVL9] rsomenot117(A,B) :- somenot117(A,C), all117(D,B) 0.372549019608 (2.0, 1.0, 104.0, 13.0) 0.558823529412 [ACCEPT]
[LVL9] rsomenot117(A,B) :- somenot117(A,C), no117(B,C) 0.372549019608 (2.0, 1.0, 104.0, 13.0) 0.558823529412 [ACCEPT]
[LVL9] rsomenot117(A,B) :- somenot117(A,C), no117(B,D) 0.372549019608 (2.0, 1.0, 104.0, 13.0) 0.558823529412 [ACCEPT]
[LVL9] rsomenot117(A,B) :- somenot117(A,C), no117(D,C) 0.372549019608 (2.0, 1.0, 104.0, 13.0) 0.558823529412 [ACCEPT]
[LVL9] rsomenot117(A,B) :- somenot117(A,C), \+all117(C,B) 0.162895927602 (3.0, 10.0, 95.0, 12.0) 0.705882352941 [ACCEPT]
[LVL9] rsomenot117(A,B) :- somenot117(A,C), \+all117(B,C) 0.162895927602 (3.0, 10.0, 95.0, 12.0) 0.705882352941 [ACCEPT]
[LVL9] rsomenot117(A,B) :- somenot117(A,C), \+some117(B,C) 0.239819004525 (4.0, 9.0, 96.0, 11.0) 0.779411764706 [ACCEPT]
[LVL9] rsomenot117(A,B) :- somenot117(A,C), \+no117(C,B) 0.239819004525 (4.0, 9.0, 96.0, 11.0) 0.779411764706 [ACCEPT]
[LVL9] rsomenot117(A,B) :- somenot117(A,C), \+no117(B,C) 0.162895927602 (3.0, 10.0, 95.0, 12.0) 0.705882352941 [ACCEPT]
[LVL9] rsomenot117(A,B) :- somenot117(A,C), \+somenot117(C,B) 0.239819004525 (4.0, 9.0, 96.0, 11.0) 0.779411764706 [ACCEPT]
[LVL9] rsomenot117(A,B) :- somenot117(A,C), \+somenot117(B,C) 0.239819004525 (4.0, 9.0, 96.0, 11.0) 0.779411764706 [ACCEPT]
[LVL9] rsomenot117(A,B) :- no117(B,C), some117(C,A) 0.372549019608 (2.0, 1.0, 104.0, 13.0) 0.558823529412 [ACCEPT]
[LVL9] rsomenot117(A,B) :- no117(B,C), some117(C,D) 0.372549019608 (2.0, 1.0, 104.0, 13.0) 0.558823529412 [ACCEPT]
[LVL9] rsomenot117(A,B) :- no117(B,C), some117(D,A) 0.372549019608 (2.0, 1.0, 104.0, 13.0) 0.558823529412 [ACCEPT]
[LVL9] rsomenot117(A,B) :- no117(B,C), somenot117(C,A) 0.372549019608 (2.0, 1.0, 104.0, 13.0) 0.558823529412 [ACCEPT]
[LVL9] rsomenot117(A,B) :- no117(B,C), somenot117(A,D) 0.372549019608 (2.0, 1.0, 104.0, 13.0) 0.558823529412 [ACCEPT]
[LVL9] rsomenot117(A,B) :- no117(B,C), somenot117(C,D) 0.372549019608 (2.0, 1.0, 104.0, 13.0) 0.558823529412 [ACCEPT]
[LVL9] rsomenot117(A,B) :- no117(B,C), somenot117(D,A) 0.372549019608 (2.0, 1.0, 104.0, 13.0) 0.558823529412 [ACCEPT]
[LVL9] rsomenot117(A,B) :- no117(B,C), somenot117(D,C) 0.372549019608 (2.0, 1.0, 104.0, 13.0) 0.558823529412 [ACCEPT]
[LVL9] rsomenot117(A,B) :- no117(B,C), \+all117(A,C) 0.207843137255 (4.0, 11.0, 94.0, 11.0) 0.779411764706 [ACCEPT]
[LVL9] rsomenot117(A,B) :- no117(B,C), \+all117(C,A) 0.207843137255 (4.0, 11.0, 94.0, 11.0) 0.779411764706 [ACCEPT]
[LVL9] rsomenot117(A,B) :- no117(B,C), \+some117(A,C) 0.207843137255 (4.0, 11.0, 94.0, 11.0) 0.779411764706 [ACCEPT]
[LVL9] rsomenot117(A,B) :- no117(B,C), \+some117(C,A) 0.141176470588 (3.0, 12.0, 93.0, 12.0) 0.705882352941 [ACCEPT]
[LVL9] rsomenot117(A,B) :- no117(B,C), \+no117(A,C) 0.207843137255 (4.0, 11.0, 94.0, 11.0) 0.779411764706 [ACCEPT]
[LVL9] rsomenot117(A,B) :- no117(B,C), \+no117(C,A) 0.207843137255 (4.0, 11.0, 94.0, 11.0) 0.779411764706 [ACCEPT]
[LVL9] rsomenot117(A,B) :- no117(B,C), \+somenot117(A,C) 0.141176470588 (3.0, 12.0, 93.0, 12.0) 0.705882352941 [ACCEPT]
[LVL9] rsomenot117(A,B) :- no117(B,C), \+somenot117(C,A) 0.141176470588 (3.0, 12.0, 93.0, 12.0) 0.705882352941 [ACCEPT]
[LVL9] rsomenot117(A,B) :- somenot117(C,B), all117(C,A) 0.372549019608 (2.0, 1.0, 104.0, 13.0) 0.558823529412 [ACCEPT]
[LVL9] rsomenot117(A,B) :- somenot117(C,B), all117(C,D) 0.372549019608 (2.0, 1.0, 104.0, 13.0) 0.558823529412 [ACCEPT]
[LVL9] rsomenot117(A,B) :- somenot117(C,B), all117(D,A) 0.372549019608 (2.0, 1.0, 104.0, 13.0) 0.558823529412 [ACCEPT]
[LVL9] rsomenot117(A,B) :- somenot117(C,B), some117(A,C) 0.372549019608 (2.0, 1.0, 104.0, 13.0) 0.558823529412 [ACCEPT]
[LVL9] rsomenot117(A,B) :- somenot117(C,B), some117(A,D) 0.372549019608 (2.0, 1.0, 104.0, 13.0) 0.558823529412 [ACCEPT]
[LVL9] rsomenot117(A,B) :- somenot117(C,B), some117(D,C) 0.372549019608 (2.0, 1.0, 104.0, 13.0) 0.558823529412 [ACCEPT]
[LVL9] rsomenot117(A,B) :- somenot117(C,B), no117(C,A) 0.372549019608 (2.0, 1.0, 104.0, 13.0) 0.558823529412 [ACCEPT]
[LVL9] rsomenot117(A,B) :- somenot117(C,B), no117(C,D) 0.372549019608 (2.0, 1.0, 104.0, 13.0) 0.558823529412 [ACCEPT]
[LVL9] rsomenot117(A,B) :- somenot117(C,B), no117(D,A) 0.372549019608 (2.0, 1.0, 104.0, 13.0) 0.558823529412 [ACCEPT]
[LVL9] rsomenot117(A,B) :- somenot117(C,B), \+all117(A,C) 0.207843137255 (4.0, 11.0, 94.0, 11.0) 0.779411764706 [ACCEPT]
[LVL9] rsomenot117(A,B) :- somenot117(C,B), \+all117(C,A) 0.141176470588 (3.0, 12.0, 93.0, 12.0) 0.705882352941 [ACCEPT]
[LVL9] rsomenot117(A,B) :- somenot117(C,B), \+some117(A,C) 0.141176470588 (3.0, 12.0, 93.0, 12.0) 0.705882352941 [ACCEPT]
[LVL9] rsomenot117(A,B) :- somenot117(C,B), \+some117(C,A) 0.207843137255 (4.0, 11.0, 94.0, 11.0) 0.779411764706 [ACCEPT]
[LVL9] rsomenot117(A,B) :- somenot117(C,B), \+no117(A,C) 0.207843137255 (4.0, 11.0, 94.0, 11.0) 0.779411764706 [ACCEPT]
[LVL9] rsomenot117(A,B) :- somenot117(C,B), \+no117(C,A) 0.141176470588 (3.0, 12.0, 93.0, 12.0) 0.705882352941 [ACCEPT]
[LVL9] rsomenot117(A,B) :- somenot117(C,B), \+somenot117(A,C) 0.207843137255 (4.0, 11.0, 94.0, 11.0) 0.779411764706 [ACCEPT]
[LVL9] rsomenot117(A,B) :- somenot117(C,B), \+somenot117(C,A) 0.207843137255 (4.0, 11.0, 94.0, 11.0) 0.779411764706 [ACCEPT]
[LVL9] rsomenot117(A,B) :- some117(C,A), no117(C,B) 0.372549019608 (2.0, 1.0, 104.0, 13.0) 0.558823529412 [ACCEPT]
[LVL9] rsomenot117(A,B) :- some117(C,A), no117(C,D) 0.372549019608 (2.0, 1.0, 104.0, 13.0) 0.558823529412 [ACCEPT]
[LVL9] rsomenot117(A,B) :- some117(C,A), no117(B,D) 0.372549019608 (2.0, 1.0, 104.0, 13.0) 0.558823529412 [ACCEPT]
[LVL9] rsomenot117(A,B) :- some117(C,A), no117(D,C) 0.372549019608 (2.0, 1.0, 104.0, 13.0) 0.558823529412 [ACCEPT]
[LVL9] rsomenot117(A,B) :- some117(C,A), no117(D,B) 0.372549019608 (2.0, 1.0, 104.0, 13.0) 0.558823529412 [ACCEPT]
[LVL9] rsomenot117(A,B) :- some117(C,A), \+all117(C,B) 0.162895927602 (3.0, 10.0, 95.0, 12.0) 0.705882352941 [ACCEPT]
[LVL9] rsomenot117(A,B) :- some117(C,A), \+all117(B,C) 0.151260504202 (3.0, 11.0, 94.0, 12.0) 0.705882352941 [ACCEPT]
[LVL9] rsomenot117(A,B) :- some117(C,A), \+some117(C,B) 0.162895927602 (3.0, 10.0, 95.0, 12.0) 0.705882352941 [ACCEPT]
[LVL9] rsomenot117(A,B) :- some117(C,A), \+some117(B,C) 0.162895927602 (3.0, 10.0, 95.0, 12.0) 0.705882352941 [ACCEPT]
[LVL9] rsomenot117(A,B) :- some117(C,A), \+no117(C,B) 0.0 (2.0, 11.0, 94.0, 13.0) 0.558823529412 [ACCEPT]
[LVL9] rsomenot117(A,B) :- some117(C,A), \+no117(B,C) 0.0 (2.0, 11.0, 94.0, 13.0) 0.558823529412 [ACCEPT]
[LVL9] rsomenot117(A,B) :- some117(C,A), \+somenot117(C,B) 0.162895927602 (3.0, 10.0, 95.0, 12.0) 0.705882352941 [ACCEPT]
[LVL9] rsomenot117(A,B) :- some117(C,A), \+somenot117(B,C) 0.151260504202 (3.0, 11.0, 94.0, 12.0) 0.705882352941 [ACCEPT]
[LVL9] rsomenot117(A,B) :- all117(A,C), some117(B,C) 0.372549019608 (2.0, 1.0, 104.0, 13.0) 0.558823529412 [ACCEPT]
[LVL9] rsomenot117(A,B) :- all117(A,C), some117(B,D) 0.372549019608 (2.0, 1.0, 104.0, 13.0) 0.558823529412 [ACCEPT]
[LVL9] rsomenot117(A,B) :- all117(A,C), some117(D,C) 0.372549019608 (2.0, 1.0, 104.0, 13.0) 0.558823529412 [ACCEPT]
[LVL9] rsomenot117(A,B) :- all117(A,C), no117(C,B) 0.372549019608 (2.0, 1.0, 104.0, 13.0) 0.558823529412 [ACCEPT]
[LVL9] rsomenot117(A,B) :- all117(A,C), no117(C,D) 0.372549019608 (2.0, 1.0, 104.0, 13.0) 0.558823529412 [ACCEPT]
[LVL9] rsomenot117(A,B) :- all117(A,C), no117(D,B) 0.372549019608 (2.0, 1.0, 104.0, 13.0) 0.558823529412 [ACCEPT]
[LVL9] rsomenot117(A,B) :- all117(A,C), \+all117(C,B) 0.151260504202 (3.0, 11.0, 94.0, 12.0) 0.705882352941 [ACCEPT]
[LVL9] rsomenot117(A,B) :- all117(A,C), \+all117(B,C) 0.151260504202 (3.0, 11.0, 94.0, 12.0) 0.705882352941 [ACCEPT]
[LVL9] rsomenot117(A,B) :- all117(A,C), \+some117(C,B) 0.141176470588 (3.0, 12.0, 93.0, 12.0) 0.705882352941 [ACCEPT]
[LVL9] rsomenot117(A,B) :- all117(A,C), \+some117(B,C) 0.0 (2.0, 12.0, 93.0, 13.0) 0.558823529412 [ACCEPT]
[LVL9] rsomenot117(A,B) :- all117(A,C), \+no117(C,B) 0.0 (2.0, 12.0, 93.0, 13.0) 0.558823529412 [ACCEPT]
[LVL9] rsomenot117(A,B) :- all117(A,C), \+no117(B,C) 0.151260504202 (3.0, 11.0, 94.0, 12.0) 0.705882352941 [ACCEPT]
[LVL9] rsomenot117(A,B) :- all117(A,C), \+somenot117(C,B) 0.151260504202 (3.0, 11.0, 94.0, 12.0) 0.705882352941 [ACCEPT]
[LVL9] rsomenot117(A,B) :- all117(A,C), \+somenot117(B,C) 0.151260504202 (3.0, 11.0, 94.0, 12.0) 0.705882352941 [ACCEPT]
[LVL9] rsomenot117(A,B) :- all117(B,C), somenot117(C,A) 0.372549019608 (2.0, 1.0, 104.0, 13.0) 0.558823529412 [ACCEPT]
[LVL9] rsomenot117(A,B) :- all117(B,C), somenot117(A,D) 0.372549019608 (2.0, 1.0, 104.0, 13.0) 0.558823529412 [ACCEPT]
[LVL9] rsomenot117(A,B) :- all117(B,C), somenot117(C,D) 0.372549019608 (2.0, 1.0, 104.0, 13.0) 0.558823529412 [ACCEPT]
[LVL9] rsomenot117(A,B) :- all117(B,C), somenot117(D,A) 0.372549019608 (2.0, 1.0, 104.0, 13.0) 0.558823529412 [ACCEPT]
[LVL9] rsomenot117(A,B) :- all117(B,C), somenot117(D,C) 0.372549019608 (2.0, 1.0, 104.0, 13.0) 0.558823529412 [ACCEPT]
[LVL9] rsomenot117(A,B) :- all117(B,C), \+all117(A,C) 0.151260504202 (3.0, 11.0, 94.0, 12.0) 0.705882352941 [ACCEPT]
[LVL9] rsomenot117(A,B) :- all117(B,C), \+all117(C,A) 0.151260504202 (3.0, 11.0, 94.0, 12.0) 0.705882352941 [ACCEPT]
[LVL9] rsomenot117(A,B) :- all117(B,C), \+some117(A,C) 0.151260504202 (3.0, 11.0, 94.0, 12.0) 0.705882352941 [ACCEPT]
[LVL9] rsomenot117(A,B) :- all117(B,C), \+some117(C,A) 0.141176470588 (3.0, 12.0, 93.0, 12.0) 0.705882352941 [ACCEPT]
[LVL9] rsomenot117(A,B) :- all117(B,C), \+no117(A,C) 0.151260504202 (3.0, 11.0, 94.0, 12.0) 0.705882352941 [ACCEPT]
[LVL9] rsomenot117(A,B) :- all117(B,C), \+no117(C,A) 0.151260504202 (3.0, 11.0, 94.0, 12.0) 0.705882352941 [ACCEPT]
[LVL9] rsomenot117(A,B) :- all117(B,C), \+somenot117(A,C) 0.0 (2.0, 12.0, 93.0, 13.0) 0.558823529412 [ACCEPT]
[LVL9] rsomenot117(A,B) :- all117(B,C), \+somenot117(C,A) 0.0 (2.0, 12.0, 93.0, 13.0) 0.558823529412 [ACCEPT]
[LVL9] rsomenot117(A,B) :- no117(C,A), somenot117(B,C) 0.372549019608 (2.0, 1.0, 104.0, 13.0) 0.558823529412 [ACCEPT]
[LVL9] rsomenot117(A,B) :- no117(C,A), somenot117(C,D) 0.372549019608 (2.0, 1.0, 104.0, 13.0) 0.558823529412 [ACCEPT]
[LVL9] rsomenot117(A,B) :- no117(C,A), somenot117(B,D) 0.372549019608 (2.0, 1.0, 104.0, 13.0) 0.558823529412 [ACCEPT]
[LVL9] rsomenot117(A,B) :- no117(C,A), somenot117(D,C) 0.372549019608 (2.0, 1.0, 104.0, 13.0) 0.558823529412 [ACCEPT]
[LVL9] rsomenot117(A,B) :- no117(C,A), somenot117(D,B) 0.372549019608 (2.0, 1.0, 104.0, 13.0) 0.558823529412 [ACCEPT]
[LVL9] rsomenot117(A,B) :- no117(C,A), \+all117(C,B) 0.151260504202 (3.0, 11.0, 94.0, 12.0) 0.705882352941 [ACCEPT]
[LVL9] rsomenot117(A,B) :- no117(C,A), \+all117(B,C) 0.151260504202 (3.0, 11.0, 94.0, 12.0) 0.705882352941 [ACCEPT]
[LVL9] rsomenot117(A,B) :- no117(C,A), \+some117(C,B) 0.151260504202 (3.0, 11.0, 94.0, 12.0) 0.705882352941 [ACCEPT]
[LVL9] rsomenot117(A,B) :- no117(C,A), \+some117(B,C) 0.141176470588 (3.0, 12.0, 93.0, 12.0) 0.705882352941 [ACCEPT]
[LVL9] rsomenot117(A,B) :- no117(C,A), \+no117(C,B) 0.151260504202 (3.0, 11.0, 94.0, 12.0) 0.705882352941 [ACCEPT]
[LVL9] rsomenot117(A,B) :- no117(C,A), \+no117(B,C) 0.151260504202 (3.0, 11.0, 94.0, 12.0) 0.705882352941 [ACCEPT]
[LVL9] rsomenot117(A,B) :- no117(C,B), all117(A,D) 0.372549019608 (2.0, 1.0, 104.0, 13.0) 0.558823529412 [ACCEPT]
[LVL9] rsomenot117(A,B) :- no117(C,B), all117(D,C) 0.372549019608 (2.0, 1.0, 104.0, 13.0) 0.558823529412 [ACCEPT]
[LVL9] rsomenot117(A,B) :- no117(C,B), some117(C,D) 0.372549019608 (2.0, 1.0, 104.0, 13.0) 0.558823529412 [ACCEPT]
[LVL9] rsomenot117(A,B) :- no117(C,B), some117(D,A) 0.372549019608 (2.0, 1.0, 104.0, 13.0) 0.558823529412 [ACCEPT]
[LVL9] rsomenot117(A,B) :- no117(C,B), \+all117(C,A) 0.151260504202 (3.0, 11.0, 94.0, 12.0) 0.705882352941 [ACCEPT]
[LVL9] rsomenot117(A,B) :- no117(C,B), \+some117(A,C) 0.141176470588 (3.0, 12.0, 93.0, 12.0) 0.705882352941 [ACCEPT]
[LVL9] rsomenot117(A,B) :- no117(C,B), \+no117(A,C) 0.151260504202 (3.0, 11.0, 94.0, 12.0) 0.705882352941 [ACCEPT]
[LVL9] rsomenot117(A,B) :- no117(C,B), \+no117(C,A) 0.151260504202 (3.0, 11.0, 94.0, 12.0) 0.705882352941 [ACCEPT]
[LVL9] rsomenot117(A,B) :- no117(C,B), \+somenot117(A,C) 0.151260504202 (3.0, 11.0, 94.0, 12.0) 0.705882352941 [ACCEPT]
[LVL9] rsomenot117(A,B) :- no117(C,B), \+somenot117(C,A) 0.151260504202 (3.0, 11.0, 94.0, 12.0) 0.705882352941 [ACCEPT]
[LVL9] rsomenot117(A,B) :- all117(C,B), no117(A,C) 0.372549019608 (2.0, 1.0, 104.0, 13.0) 0.558823529412 [ACCEPT]
[LVL9] rsomenot117(A,B) :- all117(C,B), no117(A,D) 0.372549019608 (2.0, 1.0, 104.0, 13.0) 0.558823529412 [ACCEPT]
[LVL9] rsomenot117(A,B) :- all117(C,B), no117(D,C) 0.372549019608 (2.0, 1.0, 104.0, 13.0) 0.558823529412 [ACCEPT]
[LVL9] rsomenot117(A,B) :- all117(C,B), somenot117(A,D) 0.372549019608 (2.0, 1.0, 104.0, 13.0) 0.558823529412 [ACCEPT]
[LVL9] rsomenot117(A,B) :- all117(C,B), somenot117(D,C) 0.372549019608 (2.0, 1.0, 104.0, 13.0) 0.558823529412 [ACCEPT]
[LVL9] rsomenot117(A,B) :- somenot117(C,A), all117(B,D) 0.372549019608 (2.0, 1.0, 104.0, 13.0) 0.558823529412 [ACCEPT]
[LVL9] rsomenot117(A,B) :- somenot117(C,A), all117(D,C) 0.372549019608 (2.0, 1.0, 104.0, 13.0) 0.558823529412 [ACCEPT]
[LVL9] rsomenot117(A,B) :- somenot117(C,A), no117(B,D) 0.372549019608 (2.0, 1.0, 104.0, 13.0) 0.558823529412 [ACCEPT]
[LVL9] rsomenot117(A,B) :- somenot117(C,A), no117(D,C) 0.372549019608 (2.0, 1.0, 104.0, 13.0) 0.558823529412 [ACCEPT]
[LVL9] rsomenot117(A,B) :- all117(C,A), somenot117(C,D) 0.372549019608 (2.0, 1.0, 104.0, 13.0) 0.558823529412 [ACCEPT]
[LVL9] rsomenot117(A,B) :- all117(C,A), somenot117(D,B) 0.372549019608 (2.0, 1.0, 104.0, 13.0) 0.558823529412 [ACCEPT]
[LVL9] rsomenot117(A,B) :- some117(A,C), somenot117(C,D) 0.372549019608 (2.0, 1.0, 104.0, 13.0) 0.558823529412 [ACCEPT]
[LVL9] rsomenot117(A,B) :- some117(A,C), somenot117(D,B) 0.372549019608 (2.0, 1.0, 104.0, 13.0) 0.558823529412 [ACCEPT]
[LVL9] rsomenot117(A,B) :- some117(B,C), all117(A,D) 0.372549019608 (2.0, 1.0, 104.0, 13.0) 0.558823529412 [ACCEPT]
[LVL9] rsomenot117(A,B) :- some117(B,C), all117(D,C) 0.372549019608 (2.0, 1.0, 104.0, 13.0) 0.558823529412 [ACCEPT]
[LVL9] rsomenot117(A,B) :- no117(A,C), all117(C,D) 0.372549019608 (2.0, 1.0, 104.0, 13.0) 0.558823529412 [ACCEPT]
[LVL9] rsomenot117(A,B) :- no117(A,C), all117(D,B) 0.372549019608 (2.0, 1.0, 104.0, 13.0) 0.558823529412 [ACCEPT]
[LVL9] rsomenot117(A,B) :- somenot117(B,C), no117(C,D) 0.372549019608 (2.0, 1.0, 104.0, 13.0) 0.558823529412 [ACCEPT]
[LVL9] rsomenot117(A,B) :- somenot117(B,C), no117(D,A) 0.372549019608 (2.0, 1.0, 104.0, 13.0) 0.558823529412 [ACCEPT]
[DEBUG] Best rule so far: rsomenot117(A,B) :- somenot117(A,C), all117(C,B) [0.372549019608]
[DEBUG] Candidates for iteration 3:
[DEBUG] ==================================
[DEBUG] rsomenot117(A,B) :- somenot117(A,C), all117(C,B) 0.372549019608
[DEBUG] rsomenot117(A,B) :- somenot117(A,C), all117(B,C) 0.372549019608
[DEBUG] rsomenot117(A,B) :- somenot117(A,C), all117(C,D) 0.372549019608
[DEBUG] rsomenot117(A,B) :- somenot117(A,C), all117(B,D) 0.372549019608
[DEBUG] rsomenot117(A,B) :- somenot117(A,C), all117(D,C) 0.372549019608
[DEBUG] rsomenot117(A,B) :- somenot117(A,C), all117(D,B) 0.372549019608
[DEBUG] rsomenot117(A,B) :- somenot117(A,C), no117(B,C) 0.372549019608
[DEBUG] rsomenot117(A,B) :- somenot117(A,C), no117(B,D) 0.372549019608
[DEBUG] rsomenot117(A,B) :- somenot117(A,C), no117(D,C) 0.372549019608
[DEBUG] rsomenot117(A,B) :- no117(B,C), some117(C,A) 0.372549019608
[DEBUG] rsomenot117(A,B) :- no117(B,C), some117(C,D) 0.372549019608
[DEBUG] rsomenot117(A,B) :- no117(B,C), some117(D,A) 0.372549019608
[DEBUG] rsomenot117(A,B) :- no117(B,C), somenot117(C,A) 0.372549019608
[DEBUG] rsomenot117(A,B) :- no117(B,C), somenot117(A,D) 0.372549019608
[DEBUG] rsomenot117(A,B) :- no117(B,C), somenot117(C,D) 0.372549019608
[DEBUG] rsomenot117(A,B) :- no117(B,C), somenot117(D,A) 0.372549019608
[DEBUG] rsomenot117(A,B) :- no117(B,C), somenot117(D,C) 0.372549019608
[DEBUG] rsomenot117(A,B) :- somenot117(C,B), all117(C,A) 0.372549019608
[DEBUG] rsomenot117(A,B) :- somenot117(C,B), all117(C,D) 0.372549019608
[DEBUG] rsomenot117(A,B) :- somenot117(C,B), all117(D,A) 0.372549019608
[DEBUG] rsomenot117(A,B) :- somenot117(C,B), some117(A,C) 0.372549019608
[DEBUG] rsomenot117(A,B) :- somenot117(C,B), some117(A,D) 0.372549019608
[DEBUG] rsomenot117(A,B) :- somenot117(C,B), some117(D,C) 0.372549019608
[DEBUG] rsomenot117(A,B) :- somenot117(C,B), no117(C,A) 0.372549019608
[DEBUG] rsomenot117(A,B) :- somenot117(C,B), no117(C,D) 0.372549019608
[DEBUG] rsomenot117(A,B) :- somenot117(C,B), no117(D,A) 0.372549019608
[DEBUG] rsomenot117(A,B) :- some117(C,A), no117(C,B) 0.372549019608
[DEBUG] rsomenot117(A,B) :- some117(C,A), no117(C,D) 0.372549019608
[DEBUG] rsomenot117(A,B) :- some117(C,A), no117(B,D) 0.372549019608
[DEBUG] rsomenot117(A,B) :- some117(C,A), no117(D,C) 0.372549019608
[DEBUG] rsomenot117(A,B) :- some117(C,A), no117(D,B) 0.372549019608
[DEBUG] rsomenot117(A,B) :- all117(A,C), some117(B,C) 0.372549019608
[DEBUG] rsomenot117(A,B) :- all117(A,C), some117(B,D) 0.372549019608
[DEBUG] rsomenot117(A,B) :- all117(A,C), some117(D,C) 0.372549019608
[DEBUG] rsomenot117(A,B) :- all117(A,C), no117(C,B) 0.372549019608
[DEBUG] rsomenot117(A,B) :- all117(A,C), no117(C,D) 0.372549019608
[DEBUG] rsomenot117(A,B) :- all117(A,C), no117(D,B) 0.372549019608
[DEBUG] rsomenot117(A,B) :- all117(B,C), somenot117(C,A) 0.372549019608
[DEBUG] rsomenot117(A,B) :- all117(B,C), somenot117(A,D) 0.372549019608
[DEBUG] rsomenot117(A,B) :- all117(B,C), somenot117(C,D) 0.372549019608
[DEBUG] rsomenot117(A,B) :- all117(B,C), somenot117(D,A) 0.372549019608
[DEBUG] rsomenot117(A,B) :- all117(B,C), somenot117(D,C) 0.372549019608
[DEBUG] rsomenot117(A,B) :- no117(C,A), somenot117(B,C) 0.372549019608
[DEBUG] rsomenot117(A,B) :- no117(C,A), somenot117(C,D) 0.372549019608
[DEBUG] rsomenot117(A,B) :- no117(C,A), somenot117(B,D) 0.372549019608
[DEBUG] rsomenot117(A,B) :- no117(C,A), somenot117(D,C) 0.372549019608
[DEBUG] rsomenot117(A,B) :- no117(C,A), somenot117(D,B) 0.372549019608
[DEBUG] rsomenot117(A,B) :- no117(C,B), all117(A,D) 0.372549019608
[DEBUG] rsomenot117(A,B) :- no117(C,B), all117(D,C) 0.372549019608
[DEBUG] rsomenot117(A,B) :- no117(C,B), some117(C,D) 0.372549019608
[DEBUG] rsomenot117(A,B) :- no117(C,B), some117(D,A) 0.372549019608
[DEBUG] rsomenot117(A,B) :- all117(C,B), no117(A,C) 0.372549019608
[DEBUG] rsomenot117(A,B) :- all117(C,B), no117(A,D) 0.372549019608
[DEBUG] rsomenot117(A,B) :- all117(C,B), no117(D,C) 0.372549019608
[DEBUG] rsomenot117(A,B) :- all117(C,B), somenot117(A,D) 0.372549019608
[DEBUG] rsomenot117(A,B) :- all117(C,B), somenot117(D,C) 0.372549019608
[DEBUG] rsomenot117(A,B) :- somenot117(C,A), all117(B,D) 0.372549019608
[DEBUG] rsomenot117(A,B) :- somenot117(C,A), all117(D,C) 0.372549019608
[DEBUG] rsomenot117(A,B) :- somenot117(C,A), no117(B,D) 0.372549019608
[DEBUG] rsomenot117(A,B) :- somenot117(C,A), no117(D,C) 0.372549019608
[DEBUG] rsomenot117(A,B) :- all117(C,A), somenot117(C,D) 0.372549019608
[DEBUG] rsomenot117(A,B) :- all117(C,A), somenot117(D,B) 0.372549019608
[DEBUG] rsomenot117(A,B) :- some117(A,C), somenot117(C,D) 0.372549019608
[DEBUG] rsomenot117(A,B) :- some117(A,C), somenot117(D,B) 0.372549019608
[DEBUG] rsomenot117(A,B) :- some117(B,C), all117(A,D) 0.372549019608
[DEBUG] rsomenot117(A,B) :- some117(B,C), all117(D,C) 0.372549019608
[DEBUG] rsomenot117(A,B) :- no117(A,C), all117(C,D) 0.372549019608
[DEBUG] rsomenot117(A,B) :- no117(A,C), all117(D,B) 0.372549019608
[DEBUG] rsomenot117(A,B) :- somenot117(B,C), no117(C,D) 0.372549019608
[DEBUG] rsomenot117(A,B) :- somenot117(B,C), no117(D,A) 0.372549019608
[DEBUG] rsomenot117(A,B) :- somenot117(A,C), \+some117(B,C) 0.239819004525
[DEBUG] rsomenot117(A,B) :- somenot117(A,C), \+no117(C,B) 0.239819004525
[DEBUG] rsomenot117(A,B) :- somenot117(A,C), \+somenot117(C,B) 0.239819004525
[DEBUG] rsomenot117(A,B) :- somenot117(A,C), \+somenot117(B,C) 0.239819004525
[DEBUG] rsomenot117(A,B) :- no117(B,C), \+all117(A,C) 0.207843137255
[DEBUG] rsomenot117(A,B) :- no117(B,C), \+all117(C,A) 0.207843137255
[DEBUG] rsomenot117(A,B) :- no117(B,C), \+some117(A,C) 0.207843137255
[DEBUG] rsomenot117(A,B) :- no117(B,C), \+no117(A,C) 0.207843137255
[DEBUG] rsomenot117(A,B) :- no117(B,C), \+no117(C,A) 0.207843137255
[DEBUG] rsomenot117(A,B) :- somenot117(C,B), \+all117(A,C) 0.207843137255
[DEBUG] rsomenot117(A,B) :- somenot117(C,B), \+some117(C,A) 0.207843137255
[DEBUG] rsomenot117(A,B) :- somenot117(C,B), \+no117(A,C) 0.207843137255
[DEBUG] rsomenot117(A,B) :- somenot117(C,B), \+somenot117(A,C) 0.207843137255
[DEBUG] rsomenot117(A,B) :- somenot117(C,B), \+somenot117(C,A) 0.207843137255
[DEBUG] rsomenot117(A,B) :- somenot117(A,C), \+all117(C,B) 0.162895927602
[DEBUG] rsomenot117(A,B) :- somenot117(A,C), \+all117(B,C) 0.162895927602
[DEBUG] rsomenot117(A,B) :- somenot117(A,C), \+no117(B,C) 0.162895927602
[DEBUG] rsomenot117(A,B) :- some117(C,A), \+all117(C,B) 0.162895927602
[DEBUG] rsomenot117(A,B) :- some117(C,A), \+some117(C,B) 0.162895927602
[DEBUG] rsomenot117(A,B) :- some117(C,A), \+some117(B,C) 0.162895927602
[DEBUG] rsomenot117(A,B) :- some117(C,A), \+somenot117(C,B) 0.162895927602
[DEBUG] rsomenot117(A,B) :- some117(C,A), \+all117(B,C) 0.151260504202
[DEBUG] rsomenot117(A,B) :- some117(C,A), \+somenot117(B,C) 0.151260504202
[DEBUG] rsomenot117(A,B) :- all117(A,C), \+all117(C,B) 0.151260504202
[DEBUG] rsomenot117(A,B) :- all117(A,C), \+all117(B,C) 0.151260504202
[DEBUG] rsomenot117(A,B) :- all117(A,C), \+no117(B,C) 0.151260504202
[DEBUG] rsomenot117(A,B) :- all117(A,C), \+somenot117(C,B) 0.151260504202
[DEBUG] rsomenot117(A,B) :- all117(A,C), \+somenot117(B,C) 0.151260504202
[DEBUG] rsomenot117(A,B) :- all117(B,C), \+all117(A,C) 0.151260504202
[DEBUG] rsomenot117(A,B) :- all117(B,C), \+all117(C,A) 0.151260504202
[DEBUG] ==================================
[INFO] RULE LEARNED: rsomenot117(A,B) :- somenot117(A,C), all117(C,B) 0.883333333333
