[LVL9] Output level: 9
[INFO] Random seed: 0.946200472188
[INFO] Computing scores: 0.0427s
[INFO] Number of examples (M): 116
[INFO] Positive weight (P): 11.0000
[INFO] Negative weight (N): 105.0000
[DEBUG] Best rule so far: rno94(A,B) :- true [0.0948275862069]
[DEBUG] Candidates for iteration 1:
[DEBUG] ==================================
[DEBUG] rno94(A,B) :- true 0.0948275862069
[DEBUG] ==================================
[LVL9] rno94(A,B) :- all94(A,C) 0.0 (1.0, 15.0, 90.0, 10.0) 0.547413793103 [ACCEPT]
[LVL9] rno94(A,B) :- all94(B,C) 0.0 (1.0, 15.0, 90.0, 10.0) 0.547413793103 [ACCEPT]
[LVL9] rno94(A,B) :- all94(C,A) 0.0 (1.0, 14.0, 91.0, 10.0) 0.547413793103 [ACCEPT]
[LVL9] rno94(A,B) :- all94(C,B) 0.193426724138 (3.0, 12.0, 93.0, 8.0) 0.773706896552 [ACCEPT]
[LVL9] BETTER RULE rno94(A,B) :- all94(C,B) (0.19342672413793102, 3.0) > (0.09482758620689655, 11.0)
[LVL9] rno94(A,B) :- some94(B,C) 0.0 (1.0, 14.0, 91.0, 10.0) 0.547413793103 [ACCEPT]
[LVL9] rno94(A,B) :- some94(C,A) 0.0 (1.0, 12.0, 93.0, 10.0) 0.547413793103 [ACCEPT]
[LVL9] rno94(A,B) :- no94(A,C) 0.435344827586 (6.0, 7.0, 98.0, 5.0) 0.870689655172 [ACCEPT]
[LVL9] BETTER RULE rno94(A,B) :- no94(A,C) (0.4353448275862069, 6.0) > (0.19342672413793102, 3.0)
[LVL9] rno94(A,B) :- no94(B,C) 0.2210591133 (3.0, 10.0, 95.0, 8.0) 0.773706896552 [ACCEPT]
[LVL9] rno94(A,B) :- no94(C,A) 0.130926724138 (2.0, 13.0, 92.0, 9.0) 0.698275862069 [ACCEPT]
[LVL9] rno94(A,B) :- no94(C,B) 0.130926724138 (2.0, 13.0, 92.0, 9.0) 0.698275862069 [ACCEPT]
[LVL9] rno94(A,B) :- somenot94(C,B) 0.0 (1.0, 14.0, 91.0, 10.0) 0.547413793103 [ACCEPT]
[DEBUG] Best rule so far: rno94(A,B) :- no94(A,C) [0.435344827586]
[DEBUG] Candidates for iteration 2:
[DEBUG] ==================================
[DEBUG] rno94(A,B) :- no94(A,C) 0.435344827586
[DEBUG] rno94(A,B) :- no94(B,C) 0.2210591133
[DEBUG] rno94(A,B) :- all94(C,B) 0.193426724138
[DEBUG] rno94(A,B) :- no94(C,A) 0.130926724138
[DEBUG] rno94(A,B) :- no94(C,B) 0.130926724138
[DEBUG] rno94(A,B) :- all94(A,C) 0.0
[DEBUG] rno94(A,B) :- all94(B,C) 0.0
[DEBUG] rno94(A,B) :- all94(C,A) 0.0
[DEBUG] rno94(A,B) :- some94(B,C) 0.0
[DEBUG] rno94(A,B) :- some94(C,A) 0.0
[DEBUG] rno94(A,B) :- somenot94(C,B) 0.0
[DEBUG] ==================================
[LVL9] rno94(A,B) :- no94(A,C), all94(C,B) 0.547413793103 (1.0, 0.0, 105.0, 10.0) 0.547413793103 [REJECT* fp] 0.0
[LVL9] BETTER RULE rno94(A,B) :- no94(A,C), all94(C,B) (0.5474137931034483, 1.0) > (0.4353448275862069, 6.0)
[LVL9] rno94(A,B) :- no94(A,C), \+all94(B,C) 0.424568965517 (5.0, 6.0, 99.0, 6.0) 0.849137931034 [ACCEPT]
[LVL9] rno94(A,B) :- no94(A,C), \+some94(C,B) 0.507902298851 (6.0, 5.0, 100.0, 5.0) 0.870689655172 [ACCEPT]
[LVL9] rno94(A,B) :- no94(A,C), \+no94(C,B) 0.424568965517 (5.0, 6.0, 99.0, 6.0) 0.849137931034 [ACCEPT]
[LVL9] rno94(A,B) :- no94(A,C), \+no94(B,C) 0.424568965517 (5.0, 6.0, 99.0, 6.0) 0.849137931034 [ACCEPT]
[LVL9] rno94(A,B) :- no94(A,C), \+somenot94(B,C) 0.507902298851 (6.0, 5.0, 100.0, 5.0) 0.870689655172 [ACCEPT]
[LVL9] rno94(A,B) :- no94(B,C), \+all94(A,C) 0.257902298851 (3.0, 8.0, 97.0, 8.0) 0.773706896552 [ACCEPT]
[LVL9] rno94(A,B) :- no94(B,C), \+all94(C,A) 0.238063660477 (3.0, 9.0, 96.0, 8.0) 0.773706896552 [ACCEPT]
[LVL9] rno94(A,B) :- no94(B,C), \+some94(A,C) 0.238063660477 (3.0, 9.0, 96.0, 8.0) 0.773706896552 [ACCEPT]
[LVL9] rno94(A,B) :- no94(B,C), \+some94(C,A) 0.174568965517 (2.0, 9.0, 96.0, 9.0) 0.698275862069 [ACCEPT]
[LVL9] rno94(A,B) :- no94(B,C), \+no94(A,C) 0.174568965517 (2.0, 9.0, 96.0, 9.0) 0.698275862069 [ACCEPT]
[LVL9] rno94(A,B) :- no94(B,C), \+no94(C,A) 0.174568965517 (2.0, 9.0, 96.0, 9.0) 0.698275862069 [ACCEPT]
[LVL9] rno94(A,B) :- no94(B,C), \+somenot94(A,C) 0.257902298851 (3.0, 8.0, 97.0, 8.0) 0.773706896552 [ACCEPT]
[LVL9] rno94(A,B) :- no94(B,C), \+somenot94(C,A) 0.238063660477 (3.0, 9.0, 96.0, 8.0) 0.773706896552 [ACCEPT]
[LVL9] rno94(A,B) :- all94(C,B), \+all94(A,C) 0.2210591133 (3.0, 10.0, 95.0, 8.0) 0.773706896552 [ACCEPT]
[LVL9] rno94(A,B) :- all94(C,B), \+all94(C,A) 0.149630541872 (2.0, 11.0, 94.0, 9.0) 0.698275862069 [ACCEPT]
[LVL9] rno94(A,B) :- all94(C,B), \+some94(A,C) 0.2210591133 (3.0, 10.0, 95.0, 8.0) 0.773706896552 [ACCEPT]
[LVL9] rno94(A,B) :- all94(C,B), \+some94(C,A) 0.2210591133 (3.0, 10.0, 95.0, 8.0) 0.773706896552 [ACCEPT]
[LVL9] rno94(A,B) :- all94(C,B), \+no94(C,A) 0.149630541872 (2.0, 11.0, 94.0, 9.0) 0.698275862069 [ACCEPT]
[LVL9] rno94(A,B) :- all94(C,B), \+somenot94(A,C) 0.2210591133 (3.0, 10.0, 95.0, 8.0) 0.773706896552 [ACCEPT]
[LVL9] rno94(A,B) :- all94(C,B), \+somenot94(C,A) 0.2210591133 (3.0, 10.0, 95.0, 8.0) 0.773706896552 [ACCEPT]
[LVL9] rno94(A,B) :- no94(C,A), \+all94(B,C) 0.149630541872 (2.0, 11.0, 94.0, 9.0) 0.698275862069 [ACCEPT]
[LVL9] rno94(A,B) :- no94(C,A), \+some94(C,B) 0.139655172414 (2.0, 12.0, 93.0, 9.0) 0.698275862069 [ACCEPT]
[LVL9] rno94(A,B) :- no94(C,A), \+some94(B,C) 0.149630541872 (2.0, 11.0, 94.0, 9.0) 0.698275862069 [ACCEPT]
[LVL9] rno94(A,B) :- no94(C,A), \+no94(C,B) 0.149630541872 (2.0, 11.0, 94.0, 9.0) 0.698275862069 [ACCEPT]
[LVL9] rno94(A,B) :- no94(C,A), \+somenot94(C,B) 0.149630541872 (2.0, 11.0, 94.0, 9.0) 0.698275862069 [ACCEPT]
[LVL9] rno94(A,B) :- no94(C,A), \+somenot94(B,C) 0.149630541872 (2.0, 11.0, 94.0, 9.0) 0.698275862069 [ACCEPT]
[LVL9] rno94(A,B) :- no94(C,B), \+all94(C,A) 0.149630541872 (2.0, 11.0, 94.0, 9.0) 0.698275862069 [ACCEPT]
[LVL9] rno94(A,B) :- no94(C,B), \+some94(A,C) 0.149630541872 (2.0, 11.0, 94.0, 9.0) 0.698275862069 [ACCEPT]
[LVL9] rno94(A,B) :- no94(C,B), \+some94(C,A) 0.139655172414 (2.0, 12.0, 93.0, 9.0) 0.698275862069 [ACCEPT]
[LVL9] rno94(A,B) :- no94(C,B), \+no94(C,A) 0.149630541872 (2.0, 11.0, 94.0, 9.0) 0.698275862069 [ACCEPT]
[LVL9] rno94(A,B) :- no94(C,B), \+somenot94(A,C) 0.149630541872 (2.0, 11.0, 94.0, 9.0) 0.698275862069 [ACCEPT]
[LVL9] rno94(A,B) :- no94(C,B), \+somenot94(C,A) 0.149630541872 (2.0, 11.0, 94.0, 9.0) 0.698275862069 [ACCEPT]
[DEBUG] Best rule so far: rno94(A,B) :- no94(A,C), all94(C,B) [0.547413793103]
[DEBUG] Candidates for iteration 3:
[DEBUG] ==================================
[DEBUG] rno94(A,B) :- no94(A,C), \+some94(C,B) 0.507902298851
[DEBUG] rno94(A,B) :- no94(A,C), \+somenot94(B,C) 0.507902298851
[DEBUG] rno94(A,B) :- no94(A,C), \+all94(B,C) 0.424568965517
[DEBUG] rno94(A,B) :- no94(A,C), \+no94(C,B) 0.424568965517
[DEBUG] rno94(A,B) :- no94(A,C), \+no94(B,C) 0.424568965517
[DEBUG] rno94(A,B) :- no94(B,C), \+all94(A,C) 0.257902298851
[DEBUG] rno94(A,B) :- no94(B,C), \+somenot94(A,C) 0.257902298851
[DEBUG] rno94(A,B) :- no94(B,C), \+all94(C,A) 0.238063660477
[DEBUG] rno94(A,B) :- no94(B,C), \+some94(A,C) 0.238063660477
[DEBUG] rno94(A,B) :- no94(B,C), \+somenot94(C,A) 0.238063660477
[DEBUG] rno94(A,B) :- all94(C,B), \+all94(A,C) 0.2210591133
[DEBUG] rno94(A,B) :- all94(C,B), \+some94(A,C) 0.2210591133
[DEBUG] rno94(A,B) :- all94(C,B), \+some94(C,A) 0.2210591133
[DEBUG] rno94(A,B) :- all94(C,B), \+somenot94(A,C) 0.2210591133
[DEBUG] rno94(A,B) :- all94(C,B), \+somenot94(C,A) 0.2210591133
[DEBUG] rno94(A,B) :- no94(B,C), \+some94(C,A) 0.174568965517
[DEBUG] rno94(A,B) :- no94(B,C), \+no94(A,C) 0.174568965517
[DEBUG] rno94(A,B) :- no94(B,C), \+no94(C,A) 0.174568965517
[DEBUG] rno94(A,B) :- all94(C,B), \+all94(C,A) 0.149630541872
[DEBUG] rno94(A,B) :- all94(C,B), \+no94(C,A) 0.149630541872
[DEBUG] rno94(A,B) :- no94(C,A), \+all94(B,C) 0.149630541872
[DEBUG] rno94(A,B) :- no94(C,A), \+some94(B,C) 0.149630541872
[DEBUG] rno94(A,B) :- no94(C,A), \+no94(C,B) 0.149630541872
[DEBUG] rno94(A,B) :- no94(C,A), \+somenot94(C,B) 0.149630541872
[DEBUG] rno94(A,B) :- no94(C,A), \+somenot94(B,C) 0.149630541872
[DEBUG] rno94(A,B) :- no94(C,B), \+all94(C,A) 0.149630541872
[DEBUG] rno94(A,B) :- no94(C,B), \+some94(A,C) 0.149630541872
[DEBUG] rno94(A,B) :- no94(C,B), \+no94(C,A) 0.149630541872
[DEBUG] rno94(A,B) :- no94(C,B), \+somenot94(A,C) 0.149630541872
[DEBUG] rno94(A,B) :- no94(C,B), \+somenot94(C,A) 0.149630541872
[DEBUG] rno94(A,B) :- no94(C,A), \+some94(C,B) 0.139655172414
[DEBUG] rno94(A,B) :- no94(C,B), \+some94(C,A) 0.139655172414
[DEBUG] ==================================
[INFO] RULE LEARNED: rno94(A,B) :- no94(A,C), all94(C,B) 0.913793103448
[DEBUG] Best rule so far: rno94(A,B) :- true [0.0869565217391]
[DEBUG] Candidates for iteration 1:
[DEBUG] ==================================
[DEBUG] rno94(A,B) :- true 0.0869565217391
[DEBUG] ==================================
[LVL9] rno94(A,B) :- all94(A,C) 0.0 (2.0, 15.0, 90.0, 9.0) 0.54347826087 [ACCEPT]
[LVL9] rno94(A,B) :- all94(B,C) 0.0 (2.0, 15.0, 90.0, 9.0) 0.54347826087 [ACCEPT]
[LVL9] rno94(A,B) :- all94(C,A) 0.0 (2.0, 14.0, 91.0, 9.0) 0.54347826087 [ACCEPT]
[LVL9] rno94(A,B) :- all94(C,B) 0.139130434783 (3.0, 12.0, 93.0, 8.0) 0.695652173913 [ACCEPT]
[LVL9] BETTER RULE rno94(A,B) :- all94(C,B) (0.1391304347826087, 3.0) > (0.08695652173913043, 11.0)
[LVL9] rno94(A,B) :- some94(B,C) 0.0 (2.0, 14.0, 91.0, 9.0) 0.54347826087 [ACCEPT]
[LVL9] rno94(A,B) :- some94(C,A) 0.0 (2.0, 12.0, 93.0, 9.0) 0.54347826087 [ACCEPT]
[LVL9] rno94(A,B) :- no94(A,C) 0.391304347826 (6.0, 7.0, 98.0, 5.0) 0.847826086957 [ACCEPT]
[LVL9] BETTER RULE rno94(A,B) :- no94(A,C) (0.391304347826087, 6.0) > (0.1391304347826087, 3.0)
[LVL9] rno94(A,B) :- no94(B,C) 0.22049689441 (4.0, 10.0, 95.0, 7.0) 0.771739130435 [ACCEPT]
[LVL9] rno94(A,B) :- no94(C,A) 0.130434782609 (3.0, 13.0, 92.0, 8.0) 0.695652173913 [ACCEPT]
[LVL9] rno94(A,B) :- no94(C,B) 0.130434782609 (3.0, 13.0, 92.0, 8.0) 0.695652173913 [ACCEPT]
[LVL9] rno94(A,B) :- somenot94(C,B) 0.0 (2.0, 14.0, 91.0, 9.0) 0.54347826087 [ACCEPT]
[DEBUG] Best rule so far: rno94(A,B) :- no94(A,C) [0.391304347826]
[DEBUG] Candidates for iteration 2:
[DEBUG] ==================================
[DEBUG] rno94(A,B) :- no94(A,C) 0.391304347826
[DEBUG] rno94(A,B) :- no94(B,C) 0.22049689441
[DEBUG] rno94(A,B) :- all94(C,B) 0.139130434783
[DEBUG] rno94(A,B) :- no94(C,A) 0.130434782609
[DEBUG] rno94(A,B) :- no94(C,B) 0.130434782609
[DEBUG] rno94(A,B) :- all94(A,C) 0.0
[DEBUG] rno94(A,B) :- all94(B,C) 0.0
[DEBUG] rno94(A,B) :- all94(C,A) 0.0
[DEBUG] rno94(A,B) :- some94(B,C) 0.0
[DEBUG] rno94(A,B) :- some94(C,A) 0.0
[DEBUG] rno94(A,B) :- somenot94(C,B) 0.0
[DEBUG] ==================================
[LVL9] rno94(A,B) :- no94(A,C), all94(B,C) 0.36231884058 (2.0, 1.0, 104.0, 9.0) 0.54347826087 [ACCEPT]
[LVL9] rno94(A,B) :- no94(A,C), all94(B,D) 0.36231884058 (2.0, 1.0, 104.0, 9.0) 0.54347826087 [ACCEPT]
[LVL9] rno94(A,B) :- no94(A,C), all94(D,C) 0.36231884058 (2.0, 1.0, 104.0, 9.0) 0.54347826087 [ACCEPT]
[LVL9] rno94(A,B) :- no94(A,C), some94(B,C) 0.54347826087 (2.0, 0.0, 105.0, 9.0) 0.54347826087 [REJECT* fp] 1.0
[LVL9] BETTER RULE rno94(A,B) :- no94(A,C), some94(B,C) (0.5434782608695652, 2.0) > (0.391304347826087, 6.0)
[LVL9] rno94(A,B) :- no94(A,C), \+all94(B,C) 0.371541501976 (5.0, 6.0, 99.0, 6.0) 0.817391304348 [ACCEPT]
[LVL9] rno94(A,B) :- no94(A,C), \+some94(C,B) 0.462450592885 (6.0, 5.0, 100.0, 5.0) 0.847826086957 [ACCEPT]
[LVL9] rno94(A,B) :- no94(A,C), \+no94(C,B) 0.371541501976 (5.0, 6.0, 99.0, 6.0) 0.817391304348 [ACCEPT]
[LVL9] rno94(A,B) :- no94(A,C), \+no94(B,C) 0.371541501976 (5.0, 6.0, 99.0, 6.0) 0.817391304348 [ACCEPT]
[LVL9] rno94(A,B) :- no94(A,C), \+somenot94(B,C) 0.462450592885 (6.0, 5.0, 100.0, 5.0) 0.847826086957 [ACCEPT]
[LVL9] rno94(A,B) :- no94(B,C), \+all94(A,C) 0.257246376812 (4.0, 8.0, 97.0, 7.0) 0.771739130435 [ACCEPT]
[LVL9] rno94(A,B) :- no94(B,C), \+all94(C,A) 0.23745819398 (4.0, 9.0, 96.0, 7.0) 0.771739130435 [ACCEPT]
[LVL9] rno94(A,B) :- no94(B,C), \+some94(A,C) 0.23745819398 (4.0, 9.0, 96.0, 7.0) 0.771739130435 [ACCEPT]
[LVL9] rno94(A,B) :- no94(B,C), \+some94(C,A) 0.173913043478 (3.0, 9.0, 96.0, 8.0) 0.695652173913 [ACCEPT]
[LVL9] rno94(A,B) :- no94(B,C), \+no94(A,C) 0.173913043478 (3.0, 9.0, 96.0, 8.0) 0.695652173913 [ACCEPT]
[LVL9] rno94(A,B) :- no94(B,C), \+no94(C,A) 0.173913043478 (3.0, 9.0, 96.0, 8.0) 0.695652173913 [ACCEPT]
[LVL9] rno94(A,B) :- no94(B,C), \+somenot94(A,C) 0.257246376812 (4.0, 8.0, 97.0, 7.0) 0.771739130435 [ACCEPT]
[LVL9] rno94(A,B) :- no94(B,C), \+somenot94(C,A) 0.23745819398 (4.0, 9.0, 96.0, 7.0) 0.771739130435 [ACCEPT]
[LVL9] rno94(A,B) :- all94(C,B), \+all94(A,C) 0.160535117057 (3.0, 10.0, 95.0, 8.0) 0.695652173913 [ACCEPT]
[LVL9] rno94(A,B) :- all94(C,B), \+some94(A,C) 0.160535117057 (3.0, 10.0, 95.0, 8.0) 0.695652173913 [ACCEPT]
[LVL9] rno94(A,B) :- all94(C,B), \+some94(C,A) 0.160535117057 (3.0, 10.0, 95.0, 8.0) 0.695652173913 [ACCEPT]
[LVL9] rno94(A,B) :- all94(C,B), \+somenot94(A,C) 0.160535117057 (3.0, 10.0, 95.0, 8.0) 0.695652173913 [ACCEPT]
[LVL9] rno94(A,B) :- all94(C,B), \+somenot94(C,A) 0.160535117057 (3.0, 10.0, 95.0, 8.0) 0.695652173913 [ACCEPT]
[LVL9] rno94(A,B) :- no94(C,A), \+all94(B,C) 0.149068322981 (3.0, 11.0, 94.0, 8.0) 0.695652173913 [ACCEPT]
[LVL9] rno94(A,B) :- no94(C,A), \+some94(C,B) 0.139130434783 (3.0, 12.0, 93.0, 8.0) 0.695652173913 [ACCEPT]
[LVL9] rno94(A,B) :- no94(C,A), \+some94(B,C) 0.149068322981 (3.0, 11.0, 94.0, 8.0) 0.695652173913 [ACCEPT]
[LVL9] rno94(A,B) :- no94(C,A), \+no94(C,B) 0.149068322981 (3.0, 11.0, 94.0, 8.0) 0.695652173913 [ACCEPT]
[LVL9] rno94(A,B) :- no94(C,A), \+somenot94(C,B) 0.149068322981 (3.0, 11.0, 94.0, 8.0) 0.695652173913 [ACCEPT]
[LVL9] rno94(A,B) :- no94(C,A), \+somenot94(B,C) 0.149068322981 (3.0, 11.0, 94.0, 8.0) 0.695652173913 [ACCEPT]
[LVL9] rno94(A,B) :- no94(C,B), \+all94(C,A) 0.149068322981 (3.0, 11.0, 94.0, 8.0) 0.695652173913 [ACCEPT]
[LVL9] rno94(A,B) :- no94(C,B), \+some94(A,C) 0.149068322981 (3.0, 11.0, 94.0, 8.0) 0.695652173913 [ACCEPT]
[LVL9] rno94(A,B) :- no94(C,B), \+some94(C,A) 0.139130434783 (3.0, 12.0, 93.0, 8.0) 0.695652173913 [ACCEPT]
[LVL9] rno94(A,B) :- no94(C,B), \+no94(C,A) 0.149068322981 (3.0, 11.0, 94.0, 8.0) 0.695652173913 [ACCEPT]
[LVL9] rno94(A,B) :- no94(C,B), \+somenot94(A,C) 0.149068322981 (3.0, 11.0, 94.0, 8.0) 0.695652173913 [ACCEPT]
[LVL9] rno94(A,B) :- no94(C,B), \+somenot94(C,A) 0.149068322981 (3.0, 11.0, 94.0, 8.0) 0.695652173913 [ACCEPT]
[DEBUG] Best rule so far: rno94(A,B) :- no94(A,C), some94(B,C) [0.54347826087]
[DEBUG] Candidates for iteration 3:
[DEBUG] ==================================
[DEBUG] rno94(A,B) :- no94(A,C), \+some94(C,B) 0.462450592885
[DEBUG] rno94(A,B) :- no94(A,C), \+somenot94(B,C) 0.462450592885
[DEBUG] rno94(A,B) :- no94(A,C), \+all94(B,C) 0.371541501976
[DEBUG] rno94(A,B) :- no94(A,C), \+no94(C,B) 0.371541501976
[DEBUG] rno94(A,B) :- no94(A,C), \+no94(B,C) 0.371541501976
[DEBUG] rno94(A,B) :- no94(A,C), all94(B,C) 0.36231884058
[DEBUG] rno94(A,B) :- no94(A,C), all94(B,D) 0.36231884058
[DEBUG] rno94(A,B) :- no94(A,C), all94(D,C) 0.36231884058
[DEBUG] rno94(A,B) :- no94(B,C), \+all94(A,C) 0.257246376812
[DEBUG] rno94(A,B) :- no94(B,C), \+somenot94(A,C) 0.257246376812
[DEBUG] rno94(A,B) :- no94(B,C), \+all94(C,A) 0.23745819398
[DEBUG] rno94(A,B) :- no94(B,C), \+some94(A,C) 0.23745819398
[DEBUG] rno94(A,B) :- no94(B,C), \+somenot94(C,A) 0.23745819398
[DEBUG] rno94(A,B) :- no94(B,C), \+some94(C,A) 0.173913043478
[DEBUG] rno94(A,B) :- no94(B,C), \+no94(A,C) 0.173913043478
[DEBUG] rno94(A,B) :- no94(B,C), \+no94(C,A) 0.173913043478
[DEBUG] rno94(A,B) :- all94(C,B), \+all94(A,C) 0.160535117057
[DEBUG] rno94(A,B) :- all94(C,B), \+some94(A,C) 0.160535117057
[DEBUG] rno94(A,B) :- all94(C,B), \+some94(C,A) 0.160535117057
[DEBUG] rno94(A,B) :- all94(C,B), \+somenot94(A,C) 0.160535117057
[DEBUG] rno94(A,B) :- all94(C,B), \+somenot94(C,A) 0.160535117057
[DEBUG] rno94(A,B) :- no94(C,A), \+all94(B,C) 0.149068322981
[DEBUG] rno94(A,B) :- no94(C,A), \+some94(B,C) 0.149068322981
[DEBUG] rno94(A,B) :- no94(C,A), \+no94(C,B) 0.149068322981
[DEBUG] rno94(A,B) :- no94(C,A), \+somenot94(C,B) 0.149068322981
[DEBUG] rno94(A,B) :- no94(C,A), \+somenot94(B,C) 0.149068322981
[DEBUG] rno94(A,B) :- no94(C,B), \+all94(C,A) 0.149068322981
[DEBUG] rno94(A,B) :- no94(C,B), \+some94(A,C) 0.149068322981
[DEBUG] rno94(A,B) :- no94(C,B), \+no94(C,A) 0.149068322981
[DEBUG] rno94(A,B) :- no94(C,B), \+somenot94(A,C) 0.149068322981
[DEBUG] rno94(A,B) :- no94(C,B), \+somenot94(C,A) 0.149068322981
[DEBUG] rno94(A,B) :- no94(C,A), \+some94(C,B) 0.139130434783
[DEBUG] rno94(A,B) :- no94(C,B), \+some94(C,A) 0.139130434783
[DEBUG] ==================================
[INFO] RULE LEARNED: rno94(A,B) :- no94(A,C), some94(B,C) 0.922413793103
[DEBUG] Best rule so far: rno94(A,B) :- true [0.0789473684211]
[DEBUG] Candidates for iteration 1:
[DEBUG] ==================================
[DEBUG] rno94(A,B) :- true 0.0789473684211
[DEBUG] ==================================
[LVL9] rno94(A,B) :- all94(A,C) 0.0 (3.0, 15.0, 90.0, 8.0) 0.539473684211 [ACCEPT]
[LVL9] rno94(A,B) :- all94(B,C) 0.0 (3.0, 15.0, 90.0, 8.0) 0.539473684211 [ACCEPT]
[LVL9] rno94(A,B) :- all94(C,A) 0.0 (3.0, 14.0, 91.0, 8.0) 0.539473684211 [ACCEPT]
[LVL9] rno94(A,B) :- all94(C,B) 0.138596491228 (4.0, 12.0, 93.0, 7.0) 0.69298245614 [ACCEPT]
[LVL9] BETTER RULE rno94(A,B) :- all94(C,B) (0.1385964912280702, 4.0) > (0.07894736842105264, 11.0)
[LVL9] rno94(A,B) :- some94(C,A) 0.0 (3.0, 12.0, 93.0, 8.0) 0.539473684211 [ACCEPT]
[LVL9] rno94(A,B) :- no94(A,C) 0.339912280702 (6.0, 7.0, 98.0, 5.0) 0.815789473684 [ACCEPT]
[LVL9] BETTER RULE rno94(A,B) :- no94(A,C) (0.33991228070175433, 6.0) > (0.1385964912280702, 4.0)
[LVL9] rno94(A,B) :- no94(B,C) 0.21992481203 (5.0, 10.0, 95.0, 6.0) 0.769736842105 [ACCEPT]
[LVL9] rno94(A,B) :- no94(C,A) 0.129934210526 (4.0, 13.0, 92.0, 7.0) 0.69298245614 [ACCEPT]
[LVL9] rno94(A,B) :- no94(C,B) 0.129934210526 (4.0, 13.0, 92.0, 7.0) 0.69298245614 [ACCEPT]
[LVL9] rno94(A,B) :- somenot94(C,B) 0.0 (3.0, 14.0, 91.0, 8.0) 0.539473684211 [ACCEPT]
[DEBUG] Best rule so far: rno94(A,B) :- no94(A,C) [0.339912280702]
[DEBUG] Candidates for iteration 2:
[DEBUG] ==================================
[DEBUG] rno94(A,B) :- no94(A,C) 0.339912280702
[DEBUG] rno94(A,B) :- no94(B,C) 0.21992481203
[DEBUG] rno94(A,B) :- all94(C,B) 0.138596491228
[DEBUG] rno94(A,B) :- no94(C,A) 0.129934210526
[DEBUG] rno94(A,B) :- no94(C,B) 0.129934210526
[DEBUG] rno94(A,B) :- all94(A,C) 0.0
[DEBUG] rno94(A,B) :- all94(B,C) 0.0
[DEBUG] rno94(A,B) :- all94(C,A) 0.0
[DEBUG] rno94(A,B) :- some94(C,A) 0.0
[DEBUG] rno94(A,B) :- somenot94(C,B) 0.0
[DEBUG] ==================================
[LVL9] rno94(A,B) :- no94(A,C), all94(B,C) 0.359649122807 (3.0, 1.0, 104.0, 8.0) 0.539473684211 [ACCEPT]
[LVL9] BETTER RULE rno94(A,B) :- no94(A,C), all94(B,C) (0.35964912280701755, 3.0) > (0.33991228070175433, 6.0)
[LVL9] rno94(A,B) :- no94(A,C), all94(B,D) 0.359649122807 (3.0, 1.0, 104.0, 8.0) 0.539473684211 [ACCEPT]
[LVL9] rno94(A,B) :- no94(A,C), all94(D,C) 0.359649122807 (3.0, 1.0, 104.0, 8.0) 0.539473684211 [ACCEPT]
[LVL9] rno94(A,B) :- no94(A,C), no94(C,B) 0.359649122807 (3.0, 1.0, 104.0, 8.0) 0.539473684211 [ACCEPT]
[LVL9] rno94(A,B) :- no94(A,C), no94(B,C) 0.359649122807 (3.0, 1.0, 104.0, 8.0) 0.539473684211 [ACCEPT]
[LVL9] rno94(A,B) :- no94(A,C), no94(C,D) 0.359649122807 (3.0, 1.0, 104.0, 8.0) 0.539473684211 [ACCEPT]
[LVL9] rno94(A,B) :- no94(A,C), no94(B,D) 0.359649122807 (3.0, 1.0, 104.0, 8.0) 0.539473684211 [ACCEPT]
[LVL9] rno94(A,B) :- no94(A,C), no94(D,B) 0.359649122807 (3.0, 1.0, 104.0, 8.0) 0.539473684211 [ACCEPT]
[LVL9] rno94(A,B) :- no94(A,C), somenot94(C,B) 0.539473684211 (3.0, 0.0, 105.0, 8.0) 0.539473684211 [REJECT* fp] 2.0
[LVL9] BETTER RULE rno94(A,B) :- no94(A,C), somenot94(C,B) (0.5394736842105263, 3.0) > (0.35964912280701755, 3.0)
[LVL9] rno94(A,B) :- no94(A,C), \+all94(B,C) 0.307894736842 (5.0, 6.0, 99.0, 6.0) 0.769736842105 [ACCEPT]
[LVL9] rno94(A,B) :- no94(A,C), \+some94(C,B) 0.407894736842 (6.0, 5.0, 100.0, 5.0) 0.815789473684 [ACCEPT]
[LVL9] rno94(A,B) :- no94(A,C), \+no94(C,B) 0.307894736842 (5.0, 6.0, 99.0, 6.0) 0.769736842105 [ACCEPT]
[LVL9] rno94(A,B) :- no94(A,C), \+no94(B,C) 0.307894736842 (5.0, 6.0, 99.0, 6.0) 0.769736842105 [ACCEPT]
[LVL9] rno94(A,B) :- no94(A,C), \+somenot94(B,C) 0.407894736842 (6.0, 5.0, 100.0, 5.0) 0.815789473684 [ACCEPT]
[LVL9] rno94(A,B) :- no94(B,C), \+all94(A,C) 0.256578947368 (5.0, 8.0, 97.0, 6.0) 0.769736842105 [ACCEPT]
[LVL9] rno94(A,B) :- no94(B,C), \+all94(C,A) 0.236842105263 (5.0, 9.0, 96.0, 6.0) 0.769736842105 [ACCEPT]
[LVL9] rno94(A,B) :- no94(B,C), \+some94(A,C) 0.236842105263 (5.0, 9.0, 96.0, 6.0) 0.769736842105 [ACCEPT]
[LVL9] rno94(A,B) :- no94(B,C), \+some94(C,A) 0.173245614035 (4.0, 9.0, 96.0, 7.0) 0.69298245614 [ACCEPT]
[LVL9] rno94(A,B) :- no94(B,C), \+no94(A,C) 0.173245614035 (4.0, 9.0, 96.0, 7.0) 0.69298245614 [ACCEPT]
[LVL9] rno94(A,B) :- no94(B,C), \+no94(C,A) 0.173245614035 (4.0, 9.0, 96.0, 7.0) 0.69298245614 [ACCEPT]
[LVL9] rno94(A,B) :- no94(B,C), \+somenot94(A,C) 0.256578947368 (5.0, 8.0, 97.0, 6.0) 0.769736842105 [ACCEPT]
[LVL9] rno94(A,B) :- no94(B,C), \+somenot94(C,A) 0.236842105263 (5.0, 9.0, 96.0, 6.0) 0.769736842105 [ACCEPT]
[LVL9] rno94(A,B) :- all94(C,B), \+all94(A,C) 0.15991902834 (4.0, 10.0, 95.0, 7.0) 0.69298245614 [ACCEPT]
[LVL9] rno94(A,B) :- all94(C,B), \+some94(A,C) 0.15991902834 (4.0, 10.0, 95.0, 7.0) 0.69298245614 [ACCEPT]
[LVL9] rno94(A,B) :- all94(C,B), \+some94(C,A) 0.15991902834 (4.0, 10.0, 95.0, 7.0) 0.69298245614 [ACCEPT]
[LVL9] rno94(A,B) :- all94(C,B), \+somenot94(A,C) 0.15991902834 (4.0, 10.0, 95.0, 7.0) 0.69298245614 [ACCEPT]
[LVL9] rno94(A,B) :- all94(C,B), \+somenot94(C,A) 0.15991902834 (4.0, 10.0, 95.0, 7.0) 0.69298245614 [ACCEPT]
[LVL9] rno94(A,B) :- no94(C,A), \+all94(B,C) 0.148496240602 (4.0, 11.0, 94.0, 7.0) 0.69298245614 [ACCEPT]
[LVL9] rno94(A,B) :- no94(C,A), \+some94(C,B) 0.138596491228 (4.0, 12.0, 93.0, 7.0) 0.69298245614 [ACCEPT]
[LVL9] rno94(A,B) :- no94(C,A), \+some94(B,C) 0.148496240602 (4.0, 11.0, 94.0, 7.0) 0.69298245614 [ACCEPT]
[LVL9] rno94(A,B) :- no94(C,A), \+no94(C,B) 0.148496240602 (4.0, 11.0, 94.0, 7.0) 0.69298245614 [ACCEPT]
[LVL9] rno94(A,B) :- no94(C,A), \+somenot94(C,B) 0.148496240602 (4.0, 11.0, 94.0, 7.0) 0.69298245614 [ACCEPT]
[LVL9] rno94(A,B) :- no94(C,A), \+somenot94(B,C) 0.148496240602 (4.0, 11.0, 94.0, 7.0) 0.69298245614 [ACCEPT]
[LVL9] rno94(A,B) :- no94(C,B), \+all94(C,A) 0.148496240602 (4.0, 11.0, 94.0, 7.0) 0.69298245614 [ACCEPT]
[LVL9] rno94(A,B) :- no94(C,B), \+some94(A,C) 0.148496240602 (4.0, 11.0, 94.0, 7.0) 0.69298245614 [ACCEPT]
[LVL9] rno94(A,B) :- no94(C,B), \+some94(C,A) 0.138596491228 (4.0, 12.0, 93.0, 7.0) 0.69298245614 [ACCEPT]
[LVL9] rno94(A,B) :- no94(C,B), \+no94(C,A) 0.148496240602 (4.0, 11.0, 94.0, 7.0) 0.69298245614 [ACCEPT]
[LVL9] rno94(A,B) :- no94(C,B), \+somenot94(A,C) 0.148496240602 (4.0, 11.0, 94.0, 7.0) 0.69298245614 [ACCEPT]
[LVL9] rno94(A,B) :- no94(C,B), \+somenot94(C,A) 0.148496240602 (4.0, 11.0, 94.0, 7.0) 0.69298245614 [ACCEPT]
[DEBUG] Best rule so far: rno94(A,B) :- no94(A,C), somenot94(C,B) [0.539473684211]
[DEBUG] Candidates for iteration 3:
[DEBUG] ==================================
[DEBUG] rno94(A,B) :- no94(A,C), \+some94(C,B) 0.407894736842
[DEBUG] rno94(A,B) :- no94(A,C), \+somenot94(B,C) 0.407894736842
[DEBUG] rno94(A,B) :- no94(A,C), all94(B,C) 0.359649122807
[DEBUG] rno94(A,B) :- no94(A,C), all94(B,D) 0.359649122807
[DEBUG] rno94(A,B) :- no94(A,C), all94(D,C) 0.359649122807
[DEBUG] rno94(A,B) :- no94(A,C), no94(C,B) 0.359649122807
[DEBUG] rno94(A,B) :- no94(A,C), no94(B,C) 0.359649122807
[DEBUG] rno94(A,B) :- no94(A,C), no94(C,D) 0.359649122807
[DEBUG] rno94(A,B) :- no94(A,C), no94(B,D) 0.359649122807
[DEBUG] rno94(A,B) :- no94(A,C), no94(D,B) 0.359649122807
[DEBUG] rno94(A,B) :- no94(A,C), \+all94(B,C) 0.307894736842
[DEBUG] rno94(A,B) :- no94(A,C), \+no94(C,B) 0.307894736842
[DEBUG] rno94(A,B) :- no94(A,C), \+no94(B,C) 0.307894736842
[DEBUG] rno94(A,B) :- no94(B,C), \+all94(A,C) 0.256578947368
[DEBUG] rno94(A,B) :- no94(B,C), \+somenot94(A,C) 0.256578947368
[DEBUG] rno94(A,B) :- no94(B,C), \+all94(C,A) 0.236842105263
[DEBUG] rno94(A,B) :- no94(B,C), \+some94(A,C) 0.236842105263
[DEBUG] rno94(A,B) :- no94(B,C), \+somenot94(C,A) 0.236842105263
[DEBUG] rno94(A,B) :- no94(B,C), \+some94(C,A) 0.173245614035
[DEBUG] rno94(A,B) :- no94(B,C), \+no94(A,C) 0.173245614035
[DEBUG] rno94(A,B) :- no94(B,C), \+no94(C,A) 0.173245614035
[DEBUG] rno94(A,B) :- all94(C,B), \+all94(A,C) 0.15991902834
[DEBUG] rno94(A,B) :- all94(C,B), \+some94(A,C) 0.15991902834
[DEBUG] rno94(A,B) :- all94(C,B), \+some94(C,A) 0.15991902834
[DEBUG] rno94(A,B) :- all94(C,B), \+somenot94(A,C) 0.15991902834
[DEBUG] rno94(A,B) :- all94(C,B), \+somenot94(C,A) 0.15991902834
[DEBUG] rno94(A,B) :- no94(C,A), \+all94(B,C) 0.148496240602
[DEBUG] rno94(A,B) :- no94(C,A), \+some94(B,C) 0.148496240602
[DEBUG] rno94(A,B) :- no94(C,A), \+no94(C,B) 0.148496240602
[DEBUG] rno94(A,B) :- no94(C,A), \+somenot94(C,B) 0.148496240602
[DEBUG] rno94(A,B) :- no94(C,A), \+somenot94(B,C) 0.148496240602
[DEBUG] rno94(A,B) :- no94(C,B), \+all94(C,A) 0.148496240602
[DEBUG] rno94(A,B) :- no94(C,B), \+some94(A,C) 0.148496240602
[DEBUG] rno94(A,B) :- no94(C,B), \+no94(C,A) 0.148496240602
[DEBUG] rno94(A,B) :- no94(C,B), \+somenot94(A,C) 0.148496240602
[DEBUG] rno94(A,B) :- no94(C,B), \+somenot94(C,A) 0.148496240602
[DEBUG] rno94(A,B) :- no94(C,A), \+some94(C,B) 0.138596491228
[DEBUG] rno94(A,B) :- no94(C,B), \+some94(C,A) 0.138596491228
[DEBUG] ==================================
[INFO] RULE LEARNED: rno94(A,B) :- no94(A,C), somenot94(C,B) 0.931034482759
[DEBUG] Best rule so far: rno94(A,B) :- true [0.070796460177]
[DEBUG] Candidates for iteration 1:
[DEBUG] ==================================
[DEBUG] rno94(A,B) :- true 0.070796460177
[DEBUG] ==================================
[LVL9] rno94(A,B) :- all94(A,C) 0.0 (4.0, 15.0, 90.0, 7.0) 0.535398230088 [ACCEPT]
[LVL9] rno94(A,B) :- all94(B,C) 0.0 (4.0, 15.0, 90.0, 7.0) 0.535398230088 [ACCEPT]
[LVL9] rno94(A,B) :- all94(C,A) 0.0 (4.0, 14.0, 91.0, 7.0) 0.535398230088 [ACCEPT]
[LVL9] rno94(A,B) :- all94(C,B) 0.138053097345 (5.0, 12.0, 93.0, 6.0) 0.690265486726 [ACCEPT]
[LVL9] BETTER RULE rno94(A,B) :- all94(C,B) (0.13805309734513274, 5.0) > (0.07079646017699115, 11.0)
[LVL9] rno94(A,B) :- some94(C,A) 0.0764854614412 (4.0, 12.0, 93.0, 7.0) 0.535398230088 [ACCEPT]
[LVL9] rno94(A,B) :- no94(A,C) 0.279163314562 (6.0, 7.0, 98.0, 5.0) 0.767699115044 [ACCEPT]
[LVL9] BETTER RULE rno94(A,B) :- no94(A,C) (0.27916331456154464, 6.0) > (0.13805309734513274, 5.0)
[LVL9] rno94(A,B) :- no94(B,C) 0.219342604298 (6.0, 10.0, 95.0, 5.0) 0.767699115044 [ACCEPT]
[LVL9] rno94(A,B) :- no94(C,A) 0.129424778761 (5.0, 13.0, 92.0, 6.0) 0.690265486726 [ACCEPT]
[LVL9] rno94(A,B) :- no94(C,B) 0.129424778761 (5.0, 13.0, 92.0, 6.0) 0.690265486726 [ACCEPT]
[DEBUG] Best rule so far: rno94(A,B) :- no94(A,C) [0.279163314562]
[DEBUG] Candidates for iteration 2:
[DEBUG] ==================================
[DEBUG] rno94(A,B) :- no94(A,C) 0.279163314562
[DEBUG] rno94(A,B) :- no94(B,C) 0.219342604298
[DEBUG] rno94(A,B) :- all94(C,B) 0.138053097345
[DEBUG] rno94(A,B) :- no94(C,A) 0.129424778761
[DEBUG] rno94(A,B) :- no94(C,B) 0.129424778761
[DEBUG] rno94(A,B) :- some94(C,A) 0.0764854614412
[DEBUG] rno94(A,B) :- all94(A,C) 0.0
[DEBUG] rno94(A,B) :- all94(B,C) 0.0
[DEBUG] rno94(A,B) :- all94(C,A) 0.0
[DEBUG] ==================================
[LVL9] rno94(A,B) :- no94(A,C), all94(B,C) 0.356932153392 (4.0, 1.0, 104.0, 7.0) 0.535398230088 [ACCEPT]
[LVL9] BETTER RULE rno94(A,B) :- no94(A,C), all94(B,C) (0.3569321533923304, 4.0) > (0.27916331456154464, 6.0)
[LVL9] rno94(A,B) :- no94(A,C), all94(B,D) 0.356932153392 (4.0, 1.0, 104.0, 7.0) 0.535398230088 [ACCEPT]
[LVL9] rno94(A,B) :- no94(A,C), all94(D,C) 0.356932153392 (4.0, 1.0, 104.0, 7.0) 0.535398230088 [ACCEPT]
[LVL9] rno94(A,B) :- no94(A,C), no94(C,B) 0.356932153392 (4.0, 1.0, 104.0, 7.0) 0.535398230088 [ACCEPT]
[LVL9] rno94(A,B) :- no94(A,C), no94(B,C) 0.356932153392 (4.0, 1.0, 104.0, 7.0) 0.535398230088 [ACCEPT]
[LVL9] rno94(A,B) :- no94(A,C), no94(C,D) 0.356932153392 (4.0, 1.0, 104.0, 7.0) 0.535398230088 [ACCEPT]
[LVL9] rno94(A,B) :- no94(A,C), no94(B,D) 0.356932153392 (4.0, 1.0, 104.0, 7.0) 0.535398230088 [ACCEPT]
[LVL9] rno94(A,B) :- no94(A,C), no94(D,B) 0.356932153392 (4.0, 1.0, 104.0, 7.0) 0.535398230088 [ACCEPT]
[LVL9] rno94(A,B) :- no94(A,C), \+all94(B,C) 0.230088495575 (5.0, 6.0, 99.0, 6.0) 0.690265486726 [ACCEPT]
[LVL9] rno94(A,B) :- no94(A,C), \+some94(C,B) 0.341199606686 (6.0, 5.0, 100.0, 5.0) 0.767699115044 [ACCEPT]
[LVL9] rno94(A,B) :- no94(A,C), \+no94(C,B) 0.230088495575 (5.0, 6.0, 99.0, 6.0) 0.690265486726 [ACCEPT]
[LVL9] rno94(A,B) :- no94(A,C), \+no94(B,C) 0.230088495575 (5.0, 6.0, 99.0, 6.0) 0.690265486726 [ACCEPT]
[LVL9] rno94(A,B) :- no94(A,C), \+somenot94(B,C) 0.341199606686 (6.0, 5.0, 100.0, 5.0) 0.767699115044 [ACCEPT]
[LVL9] rno94(A,B) :- no94(B,C), some94(C,A) 0.356932153392 (4.0, 1.0, 104.0, 7.0) 0.535398230088 [ACCEPT]
[LVL9] rno94(A,B) :- no94(B,C), some94(C,D) 0.356932153392 (4.0, 1.0, 104.0, 7.0) 0.535398230088 [ACCEPT]
[LVL9] rno94(A,B) :- no94(B,C), some94(D,A) 0.356932153392 (4.0, 1.0, 104.0, 7.0) 0.535398230088 [ACCEPT]
[LVL9] rno94(A,B) :- no94(B,C), no94(C,A) 0.356932153392 (4.0, 1.0, 104.0, 7.0) 0.535398230088 [ACCEPT]
[LVL9] rno94(A,B) :- no94(B,C), no94(A,D) 0.356932153392 (4.0, 1.0, 104.0, 7.0) 0.535398230088 [ACCEPT]
[LVL9] rno94(A,B) :- no94(B,C), no94(C,D) 0.356932153392 (4.0, 1.0, 104.0, 7.0) 0.535398230088 [ACCEPT]
[LVL9] rno94(A,B) :- no94(B,C), no94(D,A) 0.356932153392 (4.0, 1.0, 104.0, 7.0) 0.535398230088 [ACCEPT]
[LVL9] rno94(A,B) :- no94(B,C), \+all94(A,C) 0.255899705015 (6.0, 8.0, 97.0, 5.0) 0.767699115044 [ACCEPT]
[LVL9] rno94(A,B) :- no94(B,C), \+all94(C,A) 0.236215112321 (6.0, 9.0, 96.0, 5.0) 0.767699115044 [ACCEPT]
[LVL9] rno94(A,B) :- no94(B,C), \+some94(A,C) 0.236215112321 (6.0, 9.0, 96.0, 5.0) 0.767699115044 [ACCEPT]
[LVL9] rno94(A,B) :- no94(B,C), \+some94(C,A) 0.172566371681 (5.0, 9.0, 96.0, 6.0) 0.690265486726 [ACCEPT]
[LVL9] rno94(A,B) :- no94(B,C), \+no94(A,C) 0.172566371681 (5.0, 9.0, 96.0, 6.0) 0.690265486726 [ACCEPT]
[LVL9] rno94(A,B) :- no94(B,C), \+no94(C,A) 0.172566371681 (5.0, 9.0, 96.0, 6.0) 0.690265486726 [ACCEPT]
[LVL9] rno94(A,B) :- no94(B,C), \+somenot94(A,C) 0.255899705015 (6.0, 8.0, 97.0, 5.0) 0.767699115044 [ACCEPT]
[LVL9] rno94(A,B) :- no94(B,C), \+somenot94(C,A) 0.236215112321 (6.0, 9.0, 96.0, 5.0) 0.767699115044 [ACCEPT]
[LVL9] rno94(A,B) :- all94(C,B), all94(C,A) 0.356932153392 (4.0, 1.0, 104.0, 7.0) 0.535398230088 [ACCEPT]
[LVL9] rno94(A,B) :- all94(C,B), all94(D,A) 0.356932153392 (4.0, 1.0, 104.0, 7.0) 0.535398230088 [ACCEPT]
[LVL9] rno94(A,B) :- all94(C,B), no94(C,A) 0.356932153392 (4.0, 1.0, 104.0, 7.0) 0.535398230088 [ACCEPT]
[LVL9] rno94(A,B) :- all94(C,B), no94(C,D) 0.356932153392 (4.0, 1.0, 104.0, 7.0) 0.535398230088 [ACCEPT]
[LVL9] rno94(A,B) :- all94(C,B), no94(D,A) 0.356932153392 (4.0, 1.0, 104.0, 7.0) 0.535398230088 [ACCEPT]
[LVL9] rno94(A,B) :- all94(C,B), \+all94(A,C) 0.159292035398 (5.0, 10.0, 95.0, 6.0) 0.690265486726 [ACCEPT]
[LVL9] rno94(A,B) :- all94(C,B), \+all94(C,A) 0.0823689584752 (4.0, 11.0, 94.0, 7.0) 0.535398230088 [ACCEPT]
[LVL9] rno94(A,B) :- all94(C,B), \+some94(A,C) 0.159292035398 (5.0, 10.0, 95.0, 6.0) 0.690265486726 [ACCEPT]
[LVL9] rno94(A,B) :- all94(C,B), \+some94(C,A) 0.159292035398 (5.0, 10.0, 95.0, 6.0) 0.690265486726 [ACCEPT]
[LVL9] rno94(A,B) :- all94(C,B), \+no94(C,A) 0.0823689584752 (4.0, 11.0, 94.0, 7.0) 0.535398230088 [ACCEPT]
[LVL9] rno94(A,B) :- all94(C,B), \+somenot94(A,C) 0.159292035398 (5.0, 10.0, 95.0, 6.0) 0.690265486726 [ACCEPT]
[LVL9] rno94(A,B) :- all94(C,B), \+somenot94(C,A) 0.159292035398 (5.0, 10.0, 95.0, 6.0) 0.690265486726 [ACCEPT]
[LVL9] rno94(A,B) :- no94(C,A), all94(C,D) 0.356932153392 (4.0, 1.0, 104.0, 7.0) 0.535398230088 [ACCEPT]
[LVL9] rno94(A,B) :- no94(C,A), all94(D,B) 0.356932153392 (4.0, 1.0, 104.0, 7.0) 0.535398230088 [ACCEPT]
[LVL9] rno94(A,B) :- no94(C,A), no94(B,D) 0.356932153392 (4.0, 1.0, 104.0, 7.0) 0.535398230088 [ACCEPT]
[LVL9] rno94(A,B) :- no94(C,A), no94(D,C) 0.356932153392 (4.0, 1.0, 104.0, 7.0) 0.535398230088 [ACCEPT]
[LVL9] rno94(A,B) :- no94(C,A), \+all94(C,B) 0.0764854614412 (4.0, 12.0, 93.0, 7.0) 0.535398230088 [ACCEPT]
[LVL9] rno94(A,B) :- no94(C,A), \+all94(B,C) 0.14791403287 (5.0, 11.0, 94.0, 6.0) 0.690265486726 [ACCEPT]
[LVL9] rno94(A,B) :- no94(C,A), \+some94(C,B) 0.138053097345 (5.0, 12.0, 93.0, 6.0) 0.690265486726 [ACCEPT]
[LVL9] rno94(A,B) :- no94(C,A), \+some94(B,C) 0.14791403287 (5.0, 11.0, 94.0, 6.0) 0.690265486726 [ACCEPT]
[LVL9] rno94(A,B) :- no94(C,A), \+no94(C,B) 0.14791403287 (5.0, 11.0, 94.0, 6.0) 0.690265486726 [ACCEPT]
[LVL9] rno94(A,B) :- no94(C,A), \+no94(B,C) 0.0764854614412 (4.0, 12.0, 93.0, 7.0) 0.535398230088 [ACCEPT]
[LVL9] rno94(A,B) :- no94(C,A), \+somenot94(C,B) 0.14791403287 (5.0, 11.0, 94.0, 6.0) 0.690265486726 [ACCEPT]
[LVL9] rno94(A,B) :- no94(C,A), \+somenot94(B,C) 0.14791403287 (5.0, 11.0, 94.0, 6.0) 0.690265486726 [ACCEPT]
[LVL9] rno94(A,B) :- no94(C,B), all94(A,C) 0.356932153392 (4.0, 1.0, 104.0, 7.0) 0.535398230088 [ACCEPT]
[LVL9] rno94(A,B) :- no94(C,B), all94(A,D) 0.356932153392 (4.0, 1.0, 104.0, 7.0) 0.535398230088 [ACCEPT]
[LVL9] rno94(A,B) :- no94(C,B), all94(D,C) 0.356932153392 (4.0, 1.0, 104.0, 7.0) 0.535398230088 [ACCEPT]
[LVL9] rno94(A,B) :- no94(C,B), no94(A,D) 0.356932153392 (4.0, 1.0, 104.0, 7.0) 0.535398230088 [ACCEPT]
[LVL9] rno94(A,B) :- no94(C,B), no94(D,C) 0.356932153392 (4.0, 1.0, 104.0, 7.0) 0.535398230088 [ACCEPT]
[LVL9] rno94(A,B) :- no94(C,B), \+all94(A,C) 0.0764854614412 (4.0, 12.0, 93.0, 7.0) 0.535398230088 [ACCEPT]
[LVL9] rno94(A,B) :- no94(C,B), \+all94(C,A) 0.14791403287 (5.0, 11.0, 94.0, 6.0) 0.690265486726 [ACCEPT]
[LVL9] rno94(A,B) :- no94(C,B), \+some94(A,C) 0.14791403287 (5.0, 11.0, 94.0, 6.0) 0.690265486726 [ACCEPT]
[LVL9] rno94(A,B) :- no94(C,B), \+some94(C,A) 0.138053097345 (5.0, 12.0, 93.0, 6.0) 0.690265486726 [ACCEPT]
[LVL9] rno94(A,B) :- no94(C,B), \+no94(A,C) 0.0764854614412 (4.0, 12.0, 93.0, 7.0) 0.535398230088 [ACCEPT]
[LVL9] rno94(A,B) :- no94(C,B), \+no94(C,A) 0.14791403287 (5.0, 11.0, 94.0, 6.0) 0.690265486726 [ACCEPT]
[LVL9] rno94(A,B) :- no94(C,B), \+somenot94(A,C) 0.14791403287 (5.0, 11.0, 94.0, 6.0) 0.690265486726 [ACCEPT]
[LVL9] rno94(A,B) :- no94(C,B), \+somenot94(C,A) 0.14791403287 (5.0, 11.0, 94.0, 6.0) 0.690265486726 [ACCEPT]
[LVL9] rno94(A,B) :- some94(C,A), no94(B,D) 0.356932153392 (4.0, 1.0, 104.0, 7.0) 0.535398230088 [ACCEPT]
[LVL9] rno94(A,B) :- some94(C,A), no94(D,C) 0.356932153392 (4.0, 1.0, 104.0, 7.0) 0.535398230088 [ACCEPT]
[LVL9] rno94(A,B) :- some94(C,A), \+all94(C,B) 0.0892330383481 (4.0, 10.0, 95.0, 7.0) 0.535398230088 [ACCEPT]
[LVL9] rno94(A,B) :- some94(C,A), \+all94(B,C) 0.0892330383481 (4.0, 10.0, 95.0, 7.0) 0.535398230088 [ACCEPT]
[LVL9] rno94(A,B) :- some94(C,A), \+some94(C,B) 0.0892330383481 (4.0, 10.0, 95.0, 7.0) 0.535398230088 [ACCEPT]
[LVL9] rno94(A,B) :- some94(C,A), \+some94(B,C) 0.0892330383481 (4.0, 10.0, 95.0, 7.0) 0.535398230088 [ACCEPT]
[LVL9] rno94(A,B) :- some94(C,A), \+no94(C,B) 0.0823689584752 (4.0, 11.0, 94.0, 7.0) 0.535398230088 [ACCEPT]
[LVL9] rno94(A,B) :- some94(C,A), \+somenot94(C,B) 0.0892330383481 (4.0, 10.0, 95.0, 7.0) 0.535398230088 [ACCEPT]
[LVL9] rno94(A,B) :- all94(A,C), no94(C,D) 0.356932153392 (4.0, 1.0, 104.0, 7.0) 0.535398230088 [ACCEPT]
[LVL9] rno94(A,B) :- all94(A,C), no94(D,B) 0.356932153392 (4.0, 1.0, 104.0, 7.0) 0.535398230088 [ACCEPT]
[LVL9] rno94(A,B) :- all94(A,C), \+all94(C,B) 0.0713864306785 (4.0, 13.0, 92.0, 7.0) 0.535398230088 [ACCEPT]
[LVL9] rno94(A,B) :- all94(A,C), \+all94(B,C) 0.0713864306785 (4.0, 13.0, 92.0, 7.0) 0.535398230088 [ACCEPT]
[LVL9] rno94(A,B) :- all94(A,C), \+some94(C,B) 0.0713864306785 (4.0, 13.0, 92.0, 7.0) 0.535398230088 [ACCEPT]
[LVL9] rno94(A,B) :- all94(A,C), \+some94(B,C) 0.0713864306785 (4.0, 13.0, 92.0, 7.0) 0.535398230088 [ACCEPT]
[LVL9] rno94(A,B) :- all94(A,C), \+no94(B,C) 0.0713864306785 (4.0, 13.0, 92.0, 7.0) 0.535398230088 [ACCEPT]
[LVL9] rno94(A,B) :- all94(A,C), \+somenot94(C,B) 0.0713864306785 (4.0, 13.0, 92.0, 7.0) 0.535398230088 [ACCEPT]
[LVL9] rno94(A,B) :- all94(A,C), \+somenot94(B,C) 0.0713864306785 (4.0, 13.0, 92.0, 7.0) 0.535398230088 [ACCEPT]
[LVL9] rno94(A,B) :- all94(B,C), no94(A,D) 0.356932153392 (4.0, 1.0, 104.0, 7.0) 0.535398230088 [ACCEPT]
[LVL9] rno94(A,B) :- all94(B,C), no94(D,C) 0.356932153392 (4.0, 1.0, 104.0, 7.0) 0.535398230088 [ACCEPT]
[LVL9] rno94(A,B) :- all94(B,C), \+all94(A,C) 0.0713864306785 (4.0, 13.0, 92.0, 7.0) 0.535398230088 [ACCEPT]
[LVL9] rno94(A,B) :- all94(B,C), \+all94(C,A) 0.0713864306785 (4.0, 13.0, 92.0, 7.0) 0.535398230088 [ACCEPT]
[LVL9] rno94(A,B) :- all94(B,C), \+some94(A,C) 0.0713864306785 (4.0, 13.0, 92.0, 7.0) 0.535398230088 [ACCEPT]
[LVL9] rno94(A,B) :- all94(B,C), \+some94(C,A) 0.0713864306785 (4.0, 13.0, 92.0, 7.0) 0.535398230088 [ACCEPT]
[LVL9] rno94(A,B) :- all94(B,C), \+no94(C,A) 0.0713864306785 (4.0, 13.0, 92.0, 7.0) 0.535398230088 [ACCEPT]
[LVL9] rno94(A,B) :- all94(B,C), \+somenot94(A,C) 0.0713864306785 (4.0, 13.0, 92.0, 7.0) 0.535398230088 [ACCEPT]
[LVL9] rno94(A,B) :- all94(B,C), \+somenot94(C,A) 0.0713864306785 (4.0, 13.0, 92.0, 7.0) 0.535398230088 [ACCEPT]
[LVL9] rno94(A,B) :- all94(C,A), all94(D,B) 0.356932153392 (4.0, 1.0, 104.0, 7.0) 0.535398230088 [ACCEPT]
[LVL9] rno94(A,B) :- all94(C,A), \+all94(B,C) 0.0764854614412 (4.0, 12.0, 93.0, 7.0) 0.535398230088 [ACCEPT]
[LVL9] rno94(A,B) :- all94(C,A), \+some94(C,B) 0.0764854614412 (4.0, 12.0, 93.0, 7.0) 0.535398230088 [ACCEPT]
[LVL9] rno94(A,B) :- all94(C,A), \+some94(B,C) 0.0764854614412 (4.0, 12.0, 93.0, 7.0) 0.535398230088 [ACCEPT]
[LVL9] rno94(A,B) :- all94(C,A), \+no94(C,B) 0.0764854614412 (4.0, 12.0, 93.0, 7.0) 0.535398230088 [ACCEPT]
[LVL9] rno94(A,B) :- all94(C,A), \+no94(B,C) 0.0713864306785 (4.0, 13.0, 92.0, 7.0) 0.535398230088 [ACCEPT]
[LVL9] rno94(A,B) :- all94(C,A), \+somenot94(C,B) 0.0764854614412 (4.0, 12.0, 93.0, 7.0) 0.535398230088 [ACCEPT]
[LVL9] rno94(A,B) :- all94(C,A), \+somenot94(B,C) 0.0764854614412 (4.0, 12.0, 93.0, 7.0) 0.535398230088 [ACCEPT]
[DEBUG] Best rule so far: rno94(A,B) :- no94(A,C), all94(B,C) [0.356932153392]
[DEBUG] Candidates for iteration 3:
[DEBUG] ==================================
[DEBUG] rno94(A,B) :- no94(A,C), all94(B,C) 0.356932153392
[DEBUG] rno94(A,B) :- no94(A,C), all94(B,D) 0.356932153392
[DEBUG] rno94(A,B) :- no94(A,C), all94(D,C) 0.356932153392
[DEBUG] rno94(A,B) :- no94(A,C), no94(C,B) 0.356932153392
[DEBUG] rno94(A,B) :- no94(A,C), no94(B,C) 0.356932153392
[DEBUG] rno94(A,B) :- no94(A,C), no94(C,D) 0.356932153392
[DEBUG] rno94(A,B) :- no94(A,C), no94(B,D) 0.356932153392
[DEBUG] rno94(A,B) :- no94(A,C), no94(D,B) 0.356932153392
[DEBUG] rno94(A,B) :- no94(B,C), some94(C,A) 0.356932153392
[DEBUG] rno94(A,B) :- no94(B,C), some94(C,D) 0.356932153392
[DEBUG] rno94(A,B) :- no94(B,C), some94(D,A) 0.356932153392
[DEBUG] rno94(A,B) :- no94(B,C), no94(C,A) 0.356932153392
[DEBUG] rno94(A,B) :- no94(B,C), no94(A,D) 0.356932153392
[DEBUG] rno94(A,B) :- no94(B,C), no94(C,D) 0.356932153392
[DEBUG] rno94(A,B) :- no94(B,C), no94(D,A) 0.356932153392
[DEBUG] rno94(A,B) :- all94(C,B), all94(C,A) 0.356932153392
[DEBUG] rno94(A,B) :- all94(C,B), all94(D,A) 0.356932153392
[DEBUG] rno94(A,B) :- all94(C,B), no94(C,A) 0.356932153392
[DEBUG] rno94(A,B) :- all94(C,B), no94(C,D) 0.356932153392
[DEBUG] rno94(A,B) :- all94(C,B), no94(D,A) 0.356932153392
[DEBUG] rno94(A,B) :- no94(C,A), all94(C,D) 0.356932153392
[DEBUG] rno94(A,B) :- no94(C,A), all94(D,B) 0.356932153392
[DEBUG] rno94(A,B) :- no94(C,A), no94(B,D) 0.356932153392
[DEBUG] rno94(A,B) :- no94(C,A), no94(D,C) 0.356932153392
[DEBUG] rno94(A,B) :- no94(C,B), all94(A,C) 0.356932153392
[DEBUG] rno94(A,B) :- no94(C,B), all94(A,D) 0.356932153392
[DEBUG] rno94(A,B) :- no94(C,B), all94(D,C) 0.356932153392
[DEBUG] rno94(A,B) :- no94(C,B), no94(A,D) 0.356932153392
[DEBUG] rno94(A,B) :- no94(C,B), no94(D,C) 0.356932153392
[DEBUG] rno94(A,B) :- some94(C,A), no94(B,D) 0.356932153392
[DEBUG] rno94(A,B) :- some94(C,A), no94(D,C) 0.356932153392
[DEBUG] rno94(A,B) :- all94(A,C), no94(C,D) 0.356932153392
[DEBUG] rno94(A,B) :- all94(A,C), no94(D,B) 0.356932153392
[DEBUG] rno94(A,B) :- all94(B,C), no94(A,D) 0.356932153392
[DEBUG] rno94(A,B) :- all94(B,C), no94(D,C) 0.356932153392
[DEBUG] rno94(A,B) :- all94(C,A), all94(D,B) 0.356932153392
[DEBUG] rno94(A,B) :- no94(A,C), \+some94(C,B) 0.341199606686
[DEBUG] rno94(A,B) :- no94(A,C), \+somenot94(B,C) 0.341199606686
[DEBUG] rno94(A,B) :- no94(B,C), \+all94(A,C) 0.255899705015
[DEBUG] rno94(A,B) :- no94(B,C), \+somenot94(A,C) 0.255899705015
[DEBUG] rno94(A,B) :- no94(B,C), \+all94(C,A) 0.236215112321
[DEBUG] rno94(A,B) :- no94(B,C), \+some94(A,C) 0.236215112321
[DEBUG] rno94(A,B) :- no94(B,C), \+somenot94(C,A) 0.236215112321
[DEBUG] rno94(A,B) :- no94(A,C), \+all94(B,C) 0.230088495575
[DEBUG] rno94(A,B) :- no94(A,C), \+no94(C,B) 0.230088495575
[DEBUG] rno94(A,B) :- no94(A,C), \+no94(B,C) 0.230088495575
[DEBUG] rno94(A,B) :- no94(B,C), \+some94(C,A) 0.172566371681
[DEBUG] rno94(A,B) :- no94(B,C), \+no94(A,C) 0.172566371681
[DEBUG] rno94(A,B) :- no94(B,C), \+no94(C,A) 0.172566371681
[DEBUG] rno94(A,B) :- all94(C,B), \+all94(A,C) 0.159292035398
[DEBUG] rno94(A,B) :- all94(C,B), \+some94(A,C) 0.159292035398
[DEBUG] rno94(A,B) :- all94(C,B), \+some94(C,A) 0.159292035398
[DEBUG] rno94(A,B) :- all94(C,B), \+somenot94(A,C) 0.159292035398
[DEBUG] rno94(A,B) :- all94(C,B), \+somenot94(C,A) 0.159292035398
[DEBUG] rno94(A,B) :- no94(C,A), \+all94(B,C) 0.14791403287
[DEBUG] rno94(A,B) :- no94(C,A), \+some94(B,C) 0.14791403287
[DEBUG] rno94(A,B) :- no94(C,A), \+no94(C,B) 0.14791403287
[DEBUG] rno94(A,B) :- no94(C,A), \+somenot94(C,B) 0.14791403287
[DEBUG] rno94(A,B) :- no94(C,A), \+somenot94(B,C) 0.14791403287
[DEBUG] rno94(A,B) :- no94(C,B), \+all94(C,A) 0.14791403287
[DEBUG] rno94(A,B) :- no94(C,B), \+some94(A,C) 0.14791403287
[DEBUG] rno94(A,B) :- no94(C,B), \+no94(C,A) 0.14791403287
[DEBUG] rno94(A,B) :- no94(C,B), \+somenot94(A,C) 0.14791403287
[DEBUG] rno94(A,B) :- no94(C,B), \+somenot94(C,A) 0.14791403287
[DEBUG] rno94(A,B) :- no94(C,A), \+some94(C,B) 0.138053097345
[DEBUG] rno94(A,B) :- no94(C,B), \+some94(C,A) 0.138053097345
[DEBUG] rno94(A,B) :- some94(C,A), \+all94(C,B) 0.0892330383481
[DEBUG] rno94(A,B) :- some94(C,A), \+all94(B,C) 0.0892330383481
[DEBUG] rno94(A,B) :- some94(C,A), \+some94(C,B) 0.0892330383481
[DEBUG] rno94(A,B) :- some94(C,A), \+some94(B,C) 0.0892330383481
[DEBUG] rno94(A,B) :- some94(C,A), \+somenot94(C,B) 0.0892330383481
[DEBUG] rno94(A,B) :- all94(C,B), \+all94(C,A) 0.0823689584752
[DEBUG] rno94(A,B) :- all94(C,B), \+no94(C,A) 0.0823689584752
[DEBUG] rno94(A,B) :- some94(C,A), \+no94(C,B) 0.0823689584752
[DEBUG] rno94(A,B) :- no94(C,A), \+all94(C,B) 0.0764854614412
[DEBUG] rno94(A,B) :- no94(C,A), \+no94(B,C) 0.0764854614412
[DEBUG] rno94(A,B) :- no94(C,B), \+all94(A,C) 0.0764854614412
[DEBUG] rno94(A,B) :- no94(C,B), \+no94(A,C) 0.0764854614412
[DEBUG] rno94(A,B) :- all94(C,A), \+all94(B,C) 0.0764854614412
[DEBUG] rno94(A,B) :- all94(C,A), \+some94(C,B) 0.0764854614412
[DEBUG] rno94(A,B) :- all94(C,A), \+some94(B,C) 0.0764854614412
[DEBUG] rno94(A,B) :- all94(C,A), \+no94(C,B) 0.0764854614412
[DEBUG] rno94(A,B) :- all94(C,A), \+somenot94(C,B) 0.0764854614412
[DEBUG] rno94(A,B) :- all94(C,A), \+somenot94(B,C) 0.0764854614412
[DEBUG] rno94(A,B) :- all94(A,C), \+all94(C,B) 0.0713864306785
[DEBUG] rno94(A,B) :- all94(A,C), \+all94(B,C) 0.0713864306785
[DEBUG] rno94(A,B) :- all94(A,C), \+some94(C,B) 0.0713864306785
[DEBUG] rno94(A,B) :- all94(A,C), \+some94(B,C) 0.0713864306785
[DEBUG] rno94(A,B) :- all94(A,C), \+no94(B,C) 0.0713864306785
[DEBUG] rno94(A,B) :- all94(A,C), \+somenot94(C,B) 0.0713864306785
[DEBUG] rno94(A,B) :- all94(A,C), \+somenot94(B,C) 0.0713864306785
[DEBUG] rno94(A,B) :- all94(B,C), \+all94(A,C) 0.0713864306785
[DEBUG] rno94(A,B) :- all94(B,C), \+all94(C,A) 0.0713864306785
[DEBUG] rno94(A,B) :- all94(B,C), \+some94(A,C) 0.0713864306785
[DEBUG] rno94(A,B) :- all94(B,C), \+some94(C,A) 0.0713864306785
[DEBUG] rno94(A,B) :- all94(B,C), \+no94(C,A) 0.0713864306785
[DEBUG] rno94(A,B) :- all94(B,C), \+somenot94(A,C) 0.0713864306785
[DEBUG] rno94(A,B) :- all94(B,C), \+somenot94(C,A) 0.0713864306785
[DEBUG] rno94(A,B) :- all94(C,A), \+no94(B,C) 0.0713864306785
[DEBUG] ==================================
[INFO] RULE LEARNED: rno94(A,B) :- no94(A,C), all94(B,C) 0.931034482759
