[LVL9] Output level: 9
[INFO] Random seed: 0.717259217905
[INFO] Computing scores: 0.0812s
[INFO] Number of examples (M): 110
[INFO] Positive weight (P): 8.0000
[INFO] Negative weight (N): 102.0000
[DEBUG] Best rule so far: rsome124(A,B) :- true [0.0727272727273]
[DEBUG] Candidates for iteration 1:
[DEBUG] ==================================
[DEBUG] rsome124(A,B) :- true 0.0727272727273
[DEBUG] ==================================
[LVL9] rsome124(A,B) :- all124(B,C) 0.097520661157 (1.0, 9.0, 93.0, 7.0) 0.536363636364 [ACCEPT]
[LVL9] BETTER RULE rsome124(A,B) :- all124(B,C) (0.09752066115702479, 1.0) > (0.07272727272727272, 8.0)
[LVL9] rsome124(A,B) :- all124(C,A) 0.129545454545 (2.0, 13.0, 89.0, 6.0) 0.690909090909 [ACCEPT]
[LVL9] BETTER RULE rsome124(A,B) :- all124(C,A) (0.12954545454545455, 2.0) > (0.09752066115702479, 1.0)
[LVL9] rsome124(A,B) :- all124(C,B) 0.192045454545 (3.0, 12.0, 90.0, 5.0) 0.768181818182 [ACCEPT]
[LVL9] BETTER RULE rsome124(A,B) :- all124(C,B) (0.19204545454545455, 3.0) > (0.12954545454545455, 2.0)
[LVL9] rsome124(A,B) :- some124(B,C) 0.159440559441 (2.0, 10.0, 92.0, 6.0) 0.690909090909 [ACCEPT]
[LVL9] rsome124(A,B) :- some124(C,B) 0.0 (1.0, 13.0, 89.0, 7.0) 0.536363636364 [ACCEPT]
[LVL9] rsome124(A,B) :- no124(A,C) 0.0 (1.0, 13.0, 89.0, 7.0) 0.536363636364 [ACCEPT]
[LVL9] rsome124(A,B) :- no124(C,A) 0.192045454545 (3.0, 12.0, 90.0, 5.0) 0.768181818182 [ACCEPT]
[LVL9] rsome124(A,B) :- somenot124(C,A) 0.12192513369 (2.0, 14.0, 88.0, 6.0) 0.690909090909 [ACCEPT]
[LVL9] rsome124(A,B) :- somenot124(C,B) 0.0 (1.0, 15.0, 87.0, 7.0) 0.536363636364 [ACCEPT]
[DEBUG] Best rule so far: rsome124(A,B) :- all124(C,B) [0.192045454545]
[DEBUG] Candidates for iteration 2:
[DEBUG] ==================================
[DEBUG] rsome124(A,B) :- all124(C,B) 0.192045454545
[DEBUG] rsome124(A,B) :- no124(C,A) 0.192045454545
[DEBUG] rsome124(A,B) :- some124(B,C) 0.159440559441
[DEBUG] rsome124(A,B) :- all124(C,A) 0.129545454545
[DEBUG] rsome124(A,B) :- somenot124(C,A) 0.12192513369
[DEBUG] rsome124(A,B) :- all124(B,C) 0.097520661157
[DEBUG] rsome124(A,B) :- some124(C,B) 0.0
[DEBUG] rsome124(A,B) :- no124(A,C) 0.0
[DEBUG] rsome124(A,B) :- somenot124(C,B) 0.0
[DEBUG] ==================================
[LVL9] rsome124(A,B) :- all124(C,B), all124(C,A) 0.357575757576 (1.0, 1.0, 101.0, 7.0) 0.536363636364 [ACCEPT]
[LVL9] BETTER RULE rsome124(A,B) :- all124(C,B), all124(C,A) (0.3575757575757576, 1.0) > (0.19204545454545455, 3.0)
[LVL9] rsome124(A,B) :- all124(C,B), all124(D,A) 0.357575757576 (1.0, 1.0, 101.0, 7.0) 0.536363636364 [ACCEPT]
[LVL9] rsome124(A,B) :- all124(C,B), no124(C,A) 0.357575757576 (1.0, 1.0, 101.0, 7.0) 0.536363636364 [ACCEPT]
[LVL9] rsome124(A,B) :- all124(C,B), no124(C,D) 0.357575757576 (1.0, 1.0, 101.0, 7.0) 0.536363636364 [ACCEPT]
[LVL9] rsome124(A,B) :- all124(C,B), no124(D,A) 0.357575757576 (1.0, 1.0, 101.0, 7.0) 0.536363636364 [ACCEPT]
[LVL9] rsome124(A,B) :- all124(C,B), somenot124(C,A) 0.357575757576 (1.0, 1.0, 101.0, 7.0) 0.536363636364 [ACCEPT]
[LVL9] rsome124(A,B) :- all124(C,B), somenot124(C,D) 0.357575757576 (1.0, 1.0, 101.0, 7.0) 0.536363636364 [ACCEPT]
[LVL9] rsome124(A,B) :- all124(C,B), somenot124(D,A) 0.357575757576 (1.0, 1.0, 101.0, 7.0) 0.536363636364 [ACCEPT]
[LVL9] rsome124(A,B) :- all124(C,B), \+all124(A,C) 0.219480519481 (3.0, 10.0, 92.0, 5.0) 0.768181818182 [ACCEPT]
[LVL9] rsome124(A,B) :- all124(C,B), \+all124(C,A) 0.148051948052 (2.0, 11.0, 91.0, 6.0) 0.690909090909 [ACCEPT]
[LVL9] rsome124(A,B) :- all124(C,B), \+some124(A,C) 0.204848484848 (3.0, 11.0, 91.0, 5.0) 0.768181818182 [ACCEPT]
[LVL9] rsome124(A,B) :- all124(C,B), \+some124(C,A) 0.219480519481 (3.0, 10.0, 92.0, 5.0) 0.768181818182 [ACCEPT]
[LVL9] rsome124(A,B) :- all124(C,B), \+no124(A,C) 0.219480519481 (3.0, 10.0, 92.0, 5.0) 0.768181818182 [ACCEPT]
[LVL9] rsome124(A,B) :- all124(C,B), \+no124(C,A) 0.148051948052 (2.0, 11.0, 91.0, 6.0) 0.690909090909 [ACCEPT]
[LVL9] rsome124(A,B) :- all124(C,B), \+somenot124(A,C) 0.219480519481 (3.0, 10.0, 92.0, 5.0) 0.768181818182 [ACCEPT]
[LVL9] rsome124(A,B) :- all124(C,B), \+somenot124(C,A) 0.148051948052 (2.0, 11.0, 91.0, 6.0) 0.690909090909 [ACCEPT]
[LVL9] rsome124(A,B) :- no124(C,A), all124(C,D) 0.357575757576 (1.0, 1.0, 101.0, 7.0) 0.536363636364 [ACCEPT]
[LVL9] rsome124(A,B) :- no124(C,A), all124(D,B) 0.357575757576 (1.0, 1.0, 101.0, 7.0) 0.536363636364 [ACCEPT]
[LVL9] rsome124(A,B) :- no124(C,A), some124(B,C) 0.357575757576 (1.0, 1.0, 101.0, 7.0) 0.536363636364 [ACCEPT]
[LVL9] rsome124(A,B) :- no124(C,A), some124(B,D) 0.357575757576 (1.0, 1.0, 101.0, 7.0) 0.536363636364 [ACCEPT]
[LVL9] rsome124(A,B) :- no124(C,A), some124(D,C) 0.357575757576 (1.0, 1.0, 101.0, 7.0) 0.536363636364 [ACCEPT]
[LVL9] rsome124(A,B) :- no124(C,A), somenot124(C,B) 0.357575757576 (1.0, 1.0, 101.0, 7.0) 0.536363636364 [ACCEPT]
[LVL9] rsome124(A,B) :- no124(C,A), somenot124(C,D) 0.357575757576 (1.0, 1.0, 101.0, 7.0) 0.536363636364 [ACCEPT]
[LVL9] rsome124(A,B) :- no124(C,A), somenot124(D,B) 0.357575757576 (1.0, 1.0, 101.0, 7.0) 0.536363636364 [ACCEPT]
[LVL9] rsome124(A,B) :- no124(C,A), \+all124(C,B) 0.148051948052 (2.0, 11.0, 91.0, 6.0) 0.690909090909 [ACCEPT]
[LVL9] rsome124(A,B) :- no124(C,A), \+all124(B,C) 0.219480519481 (3.0, 10.0, 92.0, 5.0) 0.768181818182 [ACCEPT]
[LVL9] rsome124(A,B) :- no124(C,A), \+some124(C,B) 0.204848484848 (3.0, 11.0, 91.0, 5.0) 0.768181818182 [ACCEPT]
[LVL9] rsome124(A,B) :- no124(C,A), \+some124(B,C) 0.148051948052 (2.0, 11.0, 91.0, 6.0) 0.690909090909 [ACCEPT]
[LVL9] rsome124(A,B) :- no124(C,A), \+no124(C,B) 0.219480519481 (3.0, 10.0, 92.0, 5.0) 0.768181818182 [ACCEPT]
[LVL9] rsome124(A,B) :- no124(C,A), \+no124(B,C) 0.219480519481 (3.0, 10.0, 92.0, 5.0) 0.768181818182 [ACCEPT]
[LVL9] rsome124(A,B) :- no124(C,A), \+somenot124(C,B) 0.148051948052 (2.0, 11.0, 91.0, 6.0) 0.690909090909 [ACCEPT]
[LVL9] rsome124(A,B) :- no124(C,A), \+somenot124(B,C) 0.219480519481 (3.0, 10.0, 92.0, 5.0) 0.768181818182 [ACCEPT]
[LVL9] rsome124(A,B) :- some124(B,C), no124(A,C) 0.357575757576 (1.0, 1.0, 101.0, 7.0) 0.536363636364 [ACCEPT]
[LVL9] rsome124(A,B) :- some124(B,C), no124(A,D) 0.357575757576 (1.0, 1.0, 101.0, 7.0) 0.536363636364 [ACCEPT]
[LVL9] rsome124(A,B) :- some124(B,C), no124(C,D) 0.357575757576 (1.0, 1.0, 101.0, 7.0) 0.536363636364 [ACCEPT]
[LVL9] rsome124(A,B) :- some124(B,C), no124(D,A) 0.357575757576 (1.0, 1.0, 101.0, 7.0) 0.536363636364 [ACCEPT]
[LVL9] rsome124(A,B) :- some124(B,C), no124(D,C) 0.357575757576 (1.0, 1.0, 101.0, 7.0) 0.536363636364 [ACCEPT]
[LVL9] rsome124(A,B) :- some124(B,C), \+all124(A,C) 0.172727272727 (2.0, 9.0, 93.0, 6.0) 0.690909090909 [ACCEPT]
[LVL9] rsome124(A,B) :- some124(B,C), \+all124(C,A) 0.172727272727 (2.0, 9.0, 93.0, 6.0) 0.690909090909 [ACCEPT]
[LVL9] rsome124(A,B) :- some124(B,C), \+some124(C,A) 0.188429752066 (2.0, 8.0, 94.0, 6.0) 0.690909090909 [ACCEPT]
[LVL9] rsome124(A,B) :- some124(B,C), \+no124(A,C) 0.097520661157 (1.0, 9.0, 93.0, 7.0) 0.536363636364 [ACCEPT]
[LVL9] rsome124(A,B) :- some124(B,C), \+no124(C,A) 0.097520661157 (1.0, 9.0, 93.0, 7.0) 0.536363636364 [ACCEPT]
[LVL9] rsome124(A,B) :- some124(B,C), \+somenot124(A,C) 0.188429752066 (2.0, 8.0, 94.0, 6.0) 0.690909090909 [ACCEPT]
[LVL9] rsome124(A,B) :- some124(B,C), \+somenot124(C,A) 0.188429752066 (2.0, 8.0, 94.0, 6.0) 0.690909090909 [ACCEPT]
[LVL9] rsome124(A,B) :- all124(C,A), all124(D,B) 0.357575757576 (1.0, 1.0, 101.0, 7.0) 0.536363636364 [ACCEPT]
[LVL9] rsome124(A,B) :- all124(C,A), some124(C,B) 0.357575757576 (1.0, 1.0, 101.0, 7.0) 0.536363636364 [ACCEPT]
[LVL9] rsome124(A,B) :- all124(C,A), some124(C,D) 0.357575757576 (1.0, 1.0, 101.0, 7.0) 0.536363636364 [ACCEPT]
[LVL9] rsome124(A,B) :- all124(C,A), some124(D,B) 0.357575757576 (1.0, 1.0, 101.0, 7.0) 0.536363636364 [ACCEPT]
[LVL9] rsome124(A,B) :- all124(C,A), \+all124(C,B) 0.0766233766234 (1.0, 12.0, 90.0, 7.0) 0.536363636364 [ACCEPT]
[LVL9] rsome124(A,B) :- all124(C,A), \+all124(B,C) 0.148051948052 (2.0, 11.0, 91.0, 6.0) 0.690909090909 [ACCEPT]
[LVL9] rsome124(A,B) :- all124(C,A), \+some124(C,B) 0.0766233766234 (1.0, 12.0, 90.0, 7.0) 0.536363636364 [ACCEPT]
[LVL9] rsome124(A,B) :- all124(C,A), \+some124(B,C) 0.138181818182 (2.0, 12.0, 90.0, 6.0) 0.690909090909 [ACCEPT]
[LVL9] rsome124(A,B) :- all124(C,A), \+no124(C,B) 0.148051948052 (2.0, 11.0, 91.0, 6.0) 0.690909090909 [ACCEPT]
[LVL9] rsome124(A,B) :- all124(C,A), \+no124(B,C) 0.148051948052 (2.0, 11.0, 91.0, 6.0) 0.690909090909 [ACCEPT]
[LVL9] rsome124(A,B) :- all124(C,A), \+somenot124(C,B) 0.148051948052 (2.0, 11.0, 91.0, 6.0) 0.690909090909 [ACCEPT]
[LVL9] rsome124(A,B) :- all124(C,A), \+somenot124(B,C) 0.148051948052 (2.0, 11.0, 91.0, 6.0) 0.690909090909 [ACCEPT]
[LVL9] rsome124(A,B) :- somenot124(C,A), all124(B,C) 0.357575757576 (1.0, 1.0, 101.0, 7.0) 0.536363636364 [ACCEPT]
[LVL9] rsome124(A,B) :- somenot124(C,A), all124(C,D) 0.357575757576 (1.0, 1.0, 101.0, 7.0) 0.536363636364 [ACCEPT]
[LVL9] rsome124(A,B) :- somenot124(C,A), all124(B,D) 0.357575757576 (1.0, 1.0, 101.0, 7.0) 0.536363636364 [ACCEPT]
[LVL9] rsome124(A,B) :- somenot124(C,A), all124(D,C) 0.357575757576 (1.0, 1.0, 101.0, 7.0) 0.536363636364 [ACCEPT]
[LVL9] rsome124(A,B) :- somenot124(C,A), all124(D,B) 0.357575757576 (1.0, 1.0, 101.0, 7.0) 0.536363636364 [ACCEPT]
[LVL9] rsome124(A,B) :- somenot124(C,A), \+all124(C,B) 0.0 (1.0, 13.0, 89.0, 7.0) 0.536363636364 [ACCEPT]
[LVL9] rsome124(A,B) :- somenot124(C,A), \+all124(B,C) 0.0 (1.0, 13.0, 89.0, 7.0) 0.536363636364 [ACCEPT]
[LVL9] rsome124(A,B) :- somenot124(C,A), \+some124(C,B) 0.138181818182 (2.0, 12.0, 90.0, 6.0) 0.690909090909 [ACCEPT]
[LVL9] rsome124(A,B) :- somenot124(C,A), \+some124(B,C) 0.138181818182 (2.0, 12.0, 90.0, 6.0) 0.690909090909 [ACCEPT]
[LVL9] rsome124(A,B) :- somenot124(C,A), \+no124(C,B) 0.138181818182 (2.0, 12.0, 90.0, 6.0) 0.690909090909 [ACCEPT]
[LVL9] rsome124(A,B) :- somenot124(C,A), \+no124(B,C) 0.138181818182 (2.0, 12.0, 90.0, 6.0) 0.690909090909 [ACCEPT]
[LVL9] rsome124(A,B) :- somenot124(C,A), \+somenot124(C,B) 0.138181818182 (2.0, 12.0, 90.0, 6.0) 0.690909090909 [ACCEPT]
[LVL9] rsome124(A,B) :- somenot124(C,A), \+somenot124(B,C) 0.138181818182 (2.0, 12.0, 90.0, 6.0) 0.690909090909 [ACCEPT]
[LVL9] rsome124(A,B) :- all124(B,C), somenot124(C,D) 0.357575757576 (1.0, 1.0, 101.0, 7.0) 0.536363636364 [ACCEPT]
[LVL9] rsome124(A,B) :- all124(B,C), somenot124(D,A) 0.357575757576 (1.0, 1.0, 101.0, 7.0) 0.536363636364 [ACCEPT]
[LVL9] rsome124(A,B) :- all124(B,C), \+all124(C,A) 0.119191919192 (1.0, 7.0, 95.0, 7.0) 0.536363636364 [ACCEPT]
[LVL9] rsome124(A,B) :- all124(B,C), \+some124(A,C) 0.107272727273 (1.0, 8.0, 94.0, 7.0) 0.536363636364 [ACCEPT]
[LVL9] rsome124(A,B) :- all124(B,C), \+some124(C,A) 0.107272727273 (1.0, 8.0, 94.0, 7.0) 0.536363636364 [ACCEPT]
[LVL9] rsome124(A,B) :- all124(B,C), \+no124(A,C) 0.107272727273 (1.0, 8.0, 94.0, 7.0) 0.536363636364 [ACCEPT]
[LVL9] rsome124(A,B) :- all124(B,C), \+no124(C,A) 0.119191919192 (1.0, 7.0, 95.0, 7.0) 0.536363636364 [ACCEPT]
[LVL9] rsome124(A,B) :- all124(B,C), \+somenot124(A,C) 0.107272727273 (1.0, 8.0, 94.0, 7.0) 0.536363636364 [ACCEPT]
[LVL9] rsome124(A,B) :- some124(C,B), all124(C,D) 0.357575757576 (1.0, 1.0, 101.0, 7.0) 0.536363636364 [ACCEPT]
[LVL9] rsome124(A,B) :- some124(C,B), all124(D,A) 0.357575757576 (1.0, 1.0, 101.0, 7.0) 0.536363636364 [ACCEPT]
[LVL9] rsome124(A,B) :- some124(C,B), \+all124(A,C) 0.0766233766234 (1.0, 12.0, 90.0, 7.0) 0.536363636364 [ACCEPT]
[LVL9] rsome124(A,B) :- some124(C,B), \+some124(A,C) 0.0825174825175 (1.0, 11.0, 91.0, 7.0) 0.536363636364 [ACCEPT]
[LVL9] rsome124(A,B) :- some124(C,B), \+some124(C,A) 0.0825174825175 (1.0, 11.0, 91.0, 7.0) 0.536363636364 [ACCEPT]
[LVL9] rsome124(A,B) :- some124(C,B), \+no124(A,C) 0.0825174825175 (1.0, 11.0, 91.0, 7.0) 0.536363636364 [ACCEPT]
[LVL9] rsome124(A,B) :- some124(C,B), \+no124(C,A) 0.0766233766234 (1.0, 12.0, 90.0, 7.0) 0.536363636364 [ACCEPT]
[LVL9] rsome124(A,B) :- some124(C,B), \+somenot124(A,C) 0.0825174825175 (1.0, 11.0, 91.0, 7.0) 0.536363636364 [ACCEPT]
[LVL9] rsome124(A,B) :- some124(C,B), \+somenot124(C,A) 0.0825174825175 (1.0, 11.0, 91.0, 7.0) 0.536363636364 [ACCEPT]
[LVL9] rsome124(A,B) :- no124(A,C), some124(B,D) 0.357575757576 (1.0, 1.0, 101.0, 7.0) 0.536363636364 [ACCEPT]
[LVL9] rsome124(A,B) :- no124(A,C), some124(D,C) 0.357575757576 (1.0, 1.0, 101.0, 7.0) 0.536363636364 [ACCEPT]
[LVL9] rsome124(A,B) :- no124(A,C), \+all124(C,B) 0.0825174825175 (1.0, 11.0, 91.0, 7.0) 0.536363636364 [ACCEPT]
[LVL9] rsome124(A,B) :- no124(A,C), \+all124(B,C) 0.0766233766234 (1.0, 12.0, 90.0, 7.0) 0.536363636364 [ACCEPT]
[LVL9] rsome124(A,B) :- no124(A,C), \+some124(C,B) 0.0825174825175 (1.0, 11.0, 91.0, 7.0) 0.536363636364 [ACCEPT]
[LVL9] rsome124(A,B) :- no124(A,C), \+no124(C,B) 0.0825174825175 (1.0, 11.0, 91.0, 7.0) 0.536363636364 [ACCEPT]
[LVL9] rsome124(A,B) :- no124(A,C), \+no124(B,C) 0.0825174825175 (1.0, 11.0, 91.0, 7.0) 0.536363636364 [ACCEPT]
[LVL9] rsome124(A,B) :- no124(A,C), \+somenot124(C,B) 0.0825174825175 (1.0, 11.0, 91.0, 7.0) 0.536363636364 [ACCEPT]
[LVL9] rsome124(A,B) :- no124(A,C), \+somenot124(B,C) 0.0766233766234 (1.0, 12.0, 90.0, 7.0) 0.536363636364 [ACCEPT]
[LVL9] rsome124(A,B) :- somenot124(C,B), no124(C,D) 0.357575757576 (1.0, 1.0, 101.0, 7.0) 0.536363636364 [ACCEPT]
[LVL9] rsome124(A,B) :- somenot124(C,B), no124(D,A) 0.357575757576 (1.0, 1.0, 101.0, 7.0) 0.536363636364 [ACCEPT]
[LVL9] rsome124(A,B) :- somenot124(C,B), \+all124(A,C) 0.0 (1.0, 13.0, 89.0, 7.0) 0.536363636364 [ACCEPT]
[LVL9] rsome124(A,B) :- somenot124(C,B), \+all124(C,A) 0.0 (1.0, 13.0, 89.0, 7.0) 0.536363636364 [ACCEPT]
[LVL9] rsome124(A,B) :- somenot124(C,B), \+some124(A,C) 0.0 (1.0, 13.0, 89.0, 7.0) 0.536363636364 [ACCEPT]
[DEBUG] Best rule so far: rsome124(A,B) :- all124(C,B), all124(C,A) [0.357575757576]
[DEBUG] Candidates for iteration 3:
[DEBUG] ==================================
[DEBUG] rsome124(A,B) :- all124(C,B), all124(C,A) 0.357575757576
[DEBUG] rsome124(A,B) :- all124(C,B), all124(D,A) 0.357575757576
[DEBUG] rsome124(A,B) :- all124(C,B), no124(C,A) 0.357575757576
[DEBUG] rsome124(A,B) :- all124(C,B), no124(C,D) 0.357575757576
[DEBUG] rsome124(A,B) :- all124(C,B), no124(D,A) 0.357575757576
[DEBUG] rsome124(A,B) :- all124(C,B), somenot124(C,A) 0.357575757576
[DEBUG] rsome124(A,B) :- all124(C,B), somenot124(C,D) 0.357575757576
[DEBUG] rsome124(A,B) :- all124(C,B), somenot124(D,A) 0.357575757576
[DEBUG] rsome124(A,B) :- no124(C,A), all124(C,D) 0.357575757576
[DEBUG] rsome124(A,B) :- no124(C,A), all124(D,B) 0.357575757576
[DEBUG] rsome124(A,B) :- no124(C,A), some124(B,C) 0.357575757576
[DEBUG] rsome124(A,B) :- no124(C,A), some124(B,D) 0.357575757576
[DEBUG] rsome124(A,B) :- no124(C,A), some124(D,C) 0.357575757576
[DEBUG] rsome124(A,B) :- no124(C,A), somenot124(C,B) 0.357575757576
[DEBUG] rsome124(A,B) :- no124(C,A), somenot124(C,D) 0.357575757576
[DEBUG] rsome124(A,B) :- no124(C,A), somenot124(D,B) 0.357575757576
[DEBUG] rsome124(A,B) :- some124(B,C), no124(A,C) 0.357575757576
[DEBUG] rsome124(A,B) :- some124(B,C), no124(A,D) 0.357575757576
[DEBUG] rsome124(A,B) :- some124(B,C), no124(C,D) 0.357575757576
[DEBUG] rsome124(A,B) :- some124(B,C), no124(D,A) 0.357575757576
[DEBUG] rsome124(A,B) :- some124(B,C), no124(D,C) 0.357575757576
[DEBUG] rsome124(A,B) :- all124(C,A), all124(D,B) 0.357575757576
[DEBUG] rsome124(A,B) :- all124(C,A), some124(C,B) 0.357575757576
[DEBUG] rsome124(A,B) :- all124(C,A), some124(C,D) 0.357575757576
[DEBUG] rsome124(A,B) :- all124(C,A), some124(D,B) 0.357575757576
[DEBUG] rsome124(A,B) :- somenot124(C,A), all124(B,C) 0.357575757576
[DEBUG] rsome124(A,B) :- somenot124(C,A), all124(C,D) 0.357575757576
[DEBUG] rsome124(A,B) :- somenot124(C,A), all124(B,D) 0.357575757576
[DEBUG] rsome124(A,B) :- somenot124(C,A), all124(D,C) 0.357575757576
[DEBUG] rsome124(A,B) :- somenot124(C,A), all124(D,B) 0.357575757576
[DEBUG] rsome124(A,B) :- all124(B,C), somenot124(C,D) 0.357575757576
[DEBUG] rsome124(A,B) :- all124(B,C), somenot124(D,A) 0.357575757576
[DEBUG] rsome124(A,B) :- some124(C,B), all124(C,D) 0.357575757576
[DEBUG] rsome124(A,B) :- some124(C,B), all124(D,A) 0.357575757576
[DEBUG] rsome124(A,B) :- no124(A,C), some124(B,D) 0.357575757576
[DEBUG] rsome124(A,B) :- no124(A,C), some124(D,C) 0.357575757576
[DEBUG] rsome124(A,B) :- somenot124(C,B), no124(C,D) 0.357575757576
[DEBUG] rsome124(A,B) :- somenot124(C,B), no124(D,A) 0.357575757576
[DEBUG] rsome124(A,B) :- all124(C,B), \+all124(A,C) 0.219480519481
[DEBUG] rsome124(A,B) :- all124(C,B), \+some124(C,A) 0.219480519481
[DEBUG] rsome124(A,B) :- all124(C,B), \+no124(A,C) 0.219480519481
[DEBUG] rsome124(A,B) :- all124(C,B), \+somenot124(A,C) 0.219480519481
[DEBUG] rsome124(A,B) :- no124(C,A), \+all124(B,C) 0.219480519481
[DEBUG] rsome124(A,B) :- no124(C,A), \+no124(C,B) 0.219480519481
[DEBUG] rsome124(A,B) :- no124(C,A), \+no124(B,C) 0.219480519481
[DEBUG] rsome124(A,B) :- no124(C,A), \+somenot124(B,C) 0.219480519481
[DEBUG] rsome124(A,B) :- all124(C,B), \+some124(A,C) 0.204848484848
[DEBUG] rsome124(A,B) :- no124(C,A), \+some124(C,B) 0.204848484848
[DEBUG] rsome124(A,B) :- some124(B,C), \+some124(C,A) 0.188429752066
[DEBUG] rsome124(A,B) :- some124(B,C), \+somenot124(A,C) 0.188429752066
[DEBUG] rsome124(A,B) :- some124(B,C), \+somenot124(C,A) 0.188429752066
[DEBUG] rsome124(A,B) :- some124(B,C), \+all124(A,C) 0.172727272727
[DEBUG] rsome124(A,B) :- some124(B,C), \+all124(C,A) 0.172727272727
[DEBUG] rsome124(A,B) :- all124(C,B), \+all124(C,A) 0.148051948052
[DEBUG] rsome124(A,B) :- all124(C,B), \+no124(C,A) 0.148051948052
[DEBUG] rsome124(A,B) :- all124(C,B), \+somenot124(C,A) 0.148051948052
[DEBUG] rsome124(A,B) :- no124(C,A), \+all124(C,B) 0.148051948052
[DEBUG] rsome124(A,B) :- no124(C,A), \+some124(B,C) 0.148051948052
[DEBUG] rsome124(A,B) :- no124(C,A), \+somenot124(C,B) 0.148051948052
[DEBUG] rsome124(A,B) :- all124(C,A), \+all124(B,C) 0.148051948052
[DEBUG] rsome124(A,B) :- all124(C,A), \+no124(C,B) 0.148051948052
[DEBUG] rsome124(A,B) :- all124(C,A), \+no124(B,C) 0.148051948052
[DEBUG] rsome124(A,B) :- all124(C,A), \+somenot124(C,B) 0.148051948052
[DEBUG] rsome124(A,B) :- all124(C,A), \+somenot124(B,C) 0.148051948052
[DEBUG] rsome124(A,B) :- all124(C,A), \+some124(B,C) 0.138181818182
[DEBUG] rsome124(A,B) :- somenot124(C,A), \+some124(C,B) 0.138181818182
[DEBUG] rsome124(A,B) :- somenot124(C,A), \+some124(B,C) 0.138181818182
[DEBUG] rsome124(A,B) :- somenot124(C,A), \+no124(C,B) 0.138181818182
[DEBUG] rsome124(A,B) :- somenot124(C,A), \+no124(B,C) 0.138181818182
[DEBUG] rsome124(A,B) :- somenot124(C,A), \+somenot124(C,B) 0.138181818182
[DEBUG] rsome124(A,B) :- somenot124(C,A), \+somenot124(B,C) 0.138181818182
[DEBUG] rsome124(A,B) :- all124(B,C), \+all124(C,A) 0.119191919192
[DEBUG] rsome124(A,B) :- all124(B,C), \+no124(C,A) 0.119191919192
[DEBUG] rsome124(A,B) :- all124(B,C), \+some124(A,C) 0.107272727273
[DEBUG] rsome124(A,B) :- all124(B,C), \+some124(C,A) 0.107272727273
[DEBUG] rsome124(A,B) :- all124(B,C), \+no124(A,C) 0.107272727273
[DEBUG] rsome124(A,B) :- all124(B,C), \+somenot124(A,C) 0.107272727273
[DEBUG] rsome124(A,B) :- some124(B,C), \+no124(A,C) 0.097520661157
[DEBUG] rsome124(A,B) :- some124(B,C), \+no124(C,A) 0.097520661157
[DEBUG] rsome124(A,B) :- some124(C,B), \+some124(A,C) 0.0825174825175
[DEBUG] rsome124(A,B) :- some124(C,B), \+some124(C,A) 0.0825174825175
[DEBUG] rsome124(A,B) :- some124(C,B), \+no124(A,C) 0.0825174825175
[DEBUG] rsome124(A,B) :- some124(C,B), \+somenot124(A,C) 0.0825174825175
[DEBUG] rsome124(A,B) :- some124(C,B), \+somenot124(C,A) 0.0825174825175
[DEBUG] rsome124(A,B) :- no124(A,C), \+all124(C,B) 0.0825174825175
[DEBUG] rsome124(A,B) :- no124(A,C), \+some124(C,B) 0.0825174825175
[DEBUG] rsome124(A,B) :- no124(A,C), \+no124(C,B) 0.0825174825175
[DEBUG] rsome124(A,B) :- no124(A,C), \+no124(B,C) 0.0825174825175
[DEBUG] rsome124(A,B) :- no124(A,C), \+somenot124(C,B) 0.0825174825175
[DEBUG] rsome124(A,B) :- all124(C,A), \+all124(C,B) 0.0766233766234
[DEBUG] rsome124(A,B) :- all124(C,A), \+some124(C,B) 0.0766233766234
[DEBUG] rsome124(A,B) :- some124(C,B), \+all124(A,C) 0.0766233766234
[DEBUG] rsome124(A,B) :- some124(C,B), \+no124(C,A) 0.0766233766234
[DEBUG] rsome124(A,B) :- no124(A,C), \+all124(B,C) 0.0766233766234
[DEBUG] rsome124(A,B) :- no124(A,C), \+somenot124(B,C) 0.0766233766234
[DEBUG] rsome124(A,B) :- somenot124(C,A), \+all124(C,B) 0.0
[DEBUG] rsome124(A,B) :- somenot124(C,A), \+all124(B,C) 0.0
[DEBUG] rsome124(A,B) :- somenot124(C,B), \+all124(A,C) 0.0
[DEBUG] rsome124(A,B) :- somenot124(C,B), \+all124(C,A) 0.0
[DEBUG] rsome124(A,B) :- somenot124(C,B), \+some124(A,C) 0.0
[DEBUG] ==================================
[INFO] RULE LEARNED: rsome124(A,B) :- all124(C,B), all124(C,A) 0.927272727273
[DEBUG] Best rule so far: rsome124(A,B) :- true [0.0648148148148]
[DEBUG] Candidates for iteration 1:
[DEBUG] ==================================
[DEBUG] rsome124(A,B) :- true 0.0648148148148
[DEBUG] ==================================
[LVL9] rsome124(A,B) :- all124(B,C) 0.0968013468013 (2.0, 10.0, 92.0, 6.0) 0.532407407407 [ACCEPT]
[LVL9] BETTER RULE rsome124(A,B) :- all124(B,C) (0.0968013468013468, 2.0) > (0.06481481481481481, 8.0)
[LVL9] rsome124(A,B) :- all124(C,A) 0.0760582010582 (2.0, 13.0, 89.0, 6.0) 0.532407407407 [ACCEPT]
[LVL9] rsome124(A,B) :- all124(C,B) 0.147486772487 (3.0, 12.0, 90.0, 5.0) 0.688271604938 [ACCEPT]
[LVL9] BETTER RULE rsome124(A,B) :- all124(C,B) (0.1474867724867725, 3.0) > (0.0968013468013468, 2.0)
[LVL9] rsome124(A,B) :- some124(B,C) 0.158831908832 (3.0, 11.0, 91.0, 5.0) 0.688271604938 [ACCEPT]
[LVL9] BETTER RULE rsome124(A,B) :- some124(B,C) (0.15883190883190884, 3.0) > (0.1474867724867725, 3.0)
[LVL9] rsome124(A,B) :- some124(C,B) 0.070987654321 (2.0, 14.0, 88.0, 6.0) 0.532407407407 [ACCEPT]
[LVL9] rsome124(A,B) :- no124(A,C) 0.070987654321 (2.0, 14.0, 88.0, 6.0) 0.532407407407 [ACCEPT]
[LVL9] rsome124(A,B) :- no124(C,A) 0.191550925926 (4.0, 13.0, 89.0, 4.0) 0.766203703704 [ACCEPT]
[LVL9] BETTER RULE rsome124(A,B) :- no124(C,A) (0.19155092592592593, 4.0) > (0.15883190883190884, 3.0)
[LVL9] rsome124(A,B) :- somenot124(C,A) 0.121459694989 (3.0, 15.0, 87.0, 5.0) 0.688271604938 [ACCEPT]
[LVL9] rsome124(A,B) :- somenot124(C,B) 0.0 (2.0, 16.0, 86.0, 6.0) 0.532407407407 [ACCEPT]
[DEBUG] Best rule so far: rsome124(A,B) :- no124(C,A) [0.191550925926]
[DEBUG] Candidates for iteration 2:
[DEBUG] ==================================
[DEBUG] rsome124(A,B) :- no124(C,A) 0.191550925926
[DEBUG] rsome124(A,B) :- some124(B,C) 0.158831908832
[DEBUG] rsome124(A,B) :- all124(C,B) 0.147486772487
[DEBUG] rsome124(A,B) :- somenot124(C,A) 0.121459694989
[DEBUG] rsome124(A,B) :- all124(B,C) 0.0968013468013
[DEBUG] rsome124(A,B) :- all124(C,A) 0.0760582010582
[DEBUG] rsome124(A,B) :- some124(C,B) 0.070987654321
[DEBUG] rsome124(A,B) :- no124(A,C) 0.070987654321
[DEBUG] rsome124(A,B) :- somenot124(C,B) 0.0
[DEBUG] ==================================
[LVL9] rsome124(A,B) :- no124(C,A), all124(C,B) 0.354938271605 (2.0, 2.0, 100.0, 6.0) 0.532407407407 [ACCEPT]
[LVL9] BETTER RULE rsome124(A,B) :- no124(C,A), all124(C,B) (0.3549382716049383, 2.0) > (0.19155092592592593, 4.0)
[LVL9] rsome124(A,B) :- no124(C,A), all124(C,D) 0.354938271605 (2.0, 2.0, 100.0, 6.0) 0.532407407407 [ACCEPT]
[LVL9] rsome124(A,B) :- no124(C,A), all124(D,B) 0.354938271605 (2.0, 2.0, 100.0, 6.0) 0.532407407407 [ACCEPT]
[LVL9] rsome124(A,B) :- no124(C,A), some124(B,C) 0.354938271605 (2.0, 2.0, 100.0, 6.0) 0.532407407407 [ACCEPT]
[LVL9] rsome124(A,B) :- no124(C,A), some124(B,D) 0.354938271605 (2.0, 2.0, 100.0, 6.0) 0.532407407407 [ACCEPT]
[LVL9] rsome124(A,B) :- no124(C,A), some124(D,C) 0.354938271605 (2.0, 2.0, 100.0, 6.0) 0.532407407407 [ACCEPT]
[LVL9] rsome124(A,B) :- no124(C,A), somenot124(C,B) 0.354938271605 (2.0, 2.0, 100.0, 6.0) 0.532407407407 [ACCEPT]
[LVL9] rsome124(A,B) :- no124(C,A), somenot124(C,D) 0.354938271605 (2.0, 2.0, 100.0, 6.0) 0.532407407407 [ACCEPT]
[LVL9] rsome124(A,B) :- no124(C,A), somenot124(D,B) 0.354938271605 (2.0, 2.0, 100.0, 6.0) 0.532407407407 [ACCEPT]
[LVL9] rsome124(A,B) :- no124(C,A), \+all124(C,B) 0.147486772487 (3.0, 12.0, 90.0, 5.0) 0.688271604938 [ACCEPT]
[LVL9] rsome124(A,B) :- no124(C,A), \+all124(B,C) 0.218915343915 (4.0, 11.0, 91.0, 4.0) 0.766203703704 [ACCEPT]
[LVL9] rsome124(A,B) :- no124(C,A), \+some124(C,B) 0.204320987654 (4.0, 12.0, 90.0, 4.0) 0.766203703704 [ACCEPT]
[LVL9] rsome124(A,B) :- no124(C,A), \+some124(B,C) 0.147486772487 (3.0, 12.0, 90.0, 5.0) 0.688271604938 [ACCEPT]
[LVL9] rsome124(A,B) :- no124(C,A), \+no124(C,B) 0.218915343915 (4.0, 11.0, 91.0, 4.0) 0.766203703704 [ACCEPT]
[LVL9] rsome124(A,B) :- no124(C,A), \+no124(B,C) 0.218915343915 (4.0, 11.0, 91.0, 4.0) 0.766203703704 [ACCEPT]
[LVL9] rsome124(A,B) :- no124(C,A), \+somenot124(C,B) 0.147486772487 (3.0, 12.0, 90.0, 5.0) 0.688271604938 [ACCEPT]
[LVL9] rsome124(A,B) :- no124(C,A), \+somenot124(B,C) 0.218915343915 (4.0, 11.0, 91.0, 4.0) 0.766203703704 [ACCEPT]
[LVL9] rsome124(A,B) :- some124(B,C), no124(A,C) 0.354938271605 (2.0, 2.0, 100.0, 6.0) 0.532407407407 [ACCEPT]
[LVL9] rsome124(A,B) :- some124(B,C), no124(A,D) 0.354938271605 (2.0, 2.0, 100.0, 6.0) 0.532407407407 [ACCEPT]
[LVL9] rsome124(A,B) :- some124(B,C), no124(C,D) 0.354938271605 (2.0, 2.0, 100.0, 6.0) 0.532407407407 [ACCEPT]
[LVL9] rsome124(A,B) :- some124(B,C), no124(D,A) 0.354938271605 (2.0, 2.0, 100.0, 6.0) 0.532407407407 [ACCEPT]
[LVL9] rsome124(A,B) :- some124(B,C), no124(D,C) 0.354938271605 (2.0, 2.0, 100.0, 6.0) 0.532407407407 [ACCEPT]
[LVL9] rsome124(A,B) :- some124(B,C), \+all124(A,C) 0.172067901235 (3.0, 10.0, 92.0, 5.0) 0.688271604938 [ACCEPT]
[LVL9] rsome124(A,B) :- some124(B,C), \+all124(C,A) 0.172067901235 (3.0, 10.0, 92.0, 5.0) 0.688271604938 [ACCEPT]
[LVL9] rsome124(A,B) :- some124(B,C), \+some124(C,A) 0.18771043771 (3.0, 9.0, 93.0, 5.0) 0.688271604938 [ACCEPT]
[LVL9] rsome124(A,B) :- some124(B,C), \+no124(A,C) 0.0968013468013 (2.0, 10.0, 92.0, 6.0) 0.532407407407 [ACCEPT]
[LVL9] rsome124(A,B) :- some124(B,C), \+no124(C,A) 0.0968013468013 (2.0, 10.0, 92.0, 6.0) 0.532407407407 [ACCEPT]
[LVL9] rsome124(A,B) :- some124(B,C), \+somenot124(A,C) 0.18771043771 (3.0, 9.0, 93.0, 5.0) 0.688271604938 [ACCEPT]
[LVL9] rsome124(A,B) :- some124(B,C), \+somenot124(C,A) 0.18771043771 (3.0, 9.0, 93.0, 5.0) 0.688271604938 [ACCEPT]
[LVL9] rsome124(A,B) :- all124(C,B), no124(C,D) 0.354938271605 (2.0, 2.0, 100.0, 6.0) 0.532407407407 [ACCEPT]
[LVL9] rsome124(A,B) :- all124(C,B), no124(D,A) 0.354938271605 (2.0, 2.0, 100.0, 6.0) 0.532407407407 [ACCEPT]
[LVL9] rsome124(A,B) :- all124(C,B), somenot124(C,A) 0.354938271605 (2.0, 2.0, 100.0, 6.0) 0.532407407407 [ACCEPT]
[LVL9] rsome124(A,B) :- all124(C,B), somenot124(C,D) 0.354938271605 (2.0, 2.0, 100.0, 6.0) 0.532407407407 [ACCEPT]
[LVL9] rsome124(A,B) :- all124(C,B), somenot124(D,A) 0.354938271605 (2.0, 2.0, 100.0, 6.0) 0.532407407407 [ACCEPT]
[LVL9] rsome124(A,B) :- all124(C,B), \+all124(A,C) 0.172067901235 (3.0, 10.0, 92.0, 5.0) 0.688271604938 [ACCEPT]
[LVL9] rsome124(A,B) :- all124(C,B), \+some124(A,C) 0.158831908832 (3.0, 11.0, 91.0, 5.0) 0.688271604938 [ACCEPT]
[LVL9] rsome124(A,B) :- all124(C,B), \+some124(C,A) 0.172067901235 (3.0, 10.0, 92.0, 5.0) 0.688271604938 [ACCEPT]
[LVL9] rsome124(A,B) :- all124(C,B), \+no124(A,C) 0.172067901235 (3.0, 10.0, 92.0, 5.0) 0.688271604938 [ACCEPT]
[LVL9] rsome124(A,B) :- all124(C,B), \+no124(C,A) 0.0887345679012 (2.0, 11.0, 91.0, 6.0) 0.532407407407 [ACCEPT]
[LVL9] rsome124(A,B) :- all124(C,B), \+somenot124(A,C) 0.172067901235 (3.0, 10.0, 92.0, 5.0) 0.688271604938 [ACCEPT]
[LVL9] rsome124(A,B) :- all124(C,B), \+somenot124(C,A) 0.0887345679012 (2.0, 11.0, 91.0, 6.0) 0.532407407407 [ACCEPT]
[LVL9] rsome124(A,B) :- somenot124(C,A), all124(B,C) 0.354938271605 (2.0, 2.0, 100.0, 6.0) 0.532407407407 [ACCEPT]
[LVL9] rsome124(A,B) :- somenot124(C,A), all124(C,D) 0.354938271605 (2.0, 2.0, 100.0, 6.0) 0.532407407407 [ACCEPT]
[LVL9] rsome124(A,B) :- somenot124(C,A), all124(B,D) 0.354938271605 (2.0, 2.0, 100.0, 6.0) 0.532407407407 [ACCEPT]
[LVL9] rsome124(A,B) :- somenot124(C,A), all124(D,C) 0.354938271605 (2.0, 2.0, 100.0, 6.0) 0.532407407407 [ACCEPT]
[LVL9] rsome124(A,B) :- somenot124(C,A), all124(D,B) 0.354938271605 (2.0, 2.0, 100.0, 6.0) 0.532407407407 [ACCEPT]
[LVL9] rsome124(A,B) :- somenot124(C,A), \+all124(C,B) 0.070987654321 (2.0, 14.0, 88.0, 6.0) 0.532407407407 [ACCEPT]
[LVL9] rsome124(A,B) :- somenot124(C,A), \+all124(B,C) 0.070987654321 (2.0, 14.0, 88.0, 6.0) 0.532407407407 [ACCEPT]
[LVL9] rsome124(A,B) :- somenot124(C,A), \+some124(C,B) 0.137654320988 (3.0, 13.0, 89.0, 5.0) 0.688271604938 [ACCEPT]
[LVL9] rsome124(A,B) :- somenot124(C,A), \+some124(B,C) 0.137654320988 (3.0, 13.0, 89.0, 5.0) 0.688271604938 [ACCEPT]
[LVL9] rsome124(A,B) :- somenot124(C,A), \+no124(C,B) 0.137654320988 (3.0, 13.0, 89.0, 5.0) 0.688271604938 [ACCEPT]
[LVL9] rsome124(A,B) :- somenot124(C,A), \+no124(B,C) 0.137654320988 (3.0, 13.0, 89.0, 5.0) 0.688271604938 [ACCEPT]
[LVL9] rsome124(A,B) :- somenot124(C,A), \+somenot124(C,B) 0.137654320988 (3.0, 13.0, 89.0, 5.0) 0.688271604938 [ACCEPT]
[LVL9] rsome124(A,B) :- somenot124(C,A), \+somenot124(B,C) 0.137654320988 (3.0, 13.0, 89.0, 5.0) 0.688271604938 [ACCEPT]
[LVL9] rsome124(A,B) :- all124(B,C), somenot124(C,D) 0.354938271605 (2.0, 2.0, 100.0, 6.0) 0.532407407407 [ACCEPT]
[LVL9] rsome124(A,B) :- all124(B,C), somenot124(D,A) 0.354938271605 (2.0, 2.0, 100.0, 6.0) 0.532407407407 [ACCEPT]
[LVL9] rsome124(A,B) :- all124(B,C), \+all124(C,A) 0.118312757202 (2.0, 8.0, 94.0, 6.0) 0.532407407407 [ACCEPT]
[LVL9] rsome124(A,B) :- all124(B,C), \+some124(A,C) 0.106481481481 (2.0, 9.0, 93.0, 6.0) 0.532407407407 [ACCEPT]
[LVL9] rsome124(A,B) :- all124(B,C), \+some124(C,A) 0.106481481481 (2.0, 9.0, 93.0, 6.0) 0.532407407407 [ACCEPT]
[LVL9] rsome124(A,B) :- all124(B,C), \+no124(A,C) 0.106481481481 (2.0, 9.0, 93.0, 6.0) 0.532407407407 [ACCEPT]
[LVL9] rsome124(A,B) :- all124(B,C), \+no124(C,A) 0.118312757202 (2.0, 8.0, 94.0, 6.0) 0.532407407407 [ACCEPT]
[LVL9] rsome124(A,B) :- all124(B,C), \+somenot124(A,C) 0.106481481481 (2.0, 9.0, 93.0, 6.0) 0.532407407407 [ACCEPT]
[LVL9] rsome124(A,B) :- all124(C,A), some124(C,B) 0.354938271605 (2.0, 2.0, 100.0, 6.0) 0.532407407407 [ACCEPT]
[LVL9] rsome124(A,B) :- all124(C,A), some124(C,D) 0.354938271605 (2.0, 2.0, 100.0, 6.0) 0.532407407407 [ACCEPT]
[LVL9] rsome124(A,B) :- all124(C,A), some124(D,B) 0.354938271605 (2.0, 2.0, 100.0, 6.0) 0.532407407407 [ACCEPT]
[LVL9] rsome124(A,B) :- all124(C,A), \+all124(B,C) 0.0887345679012 (2.0, 11.0, 91.0, 6.0) 0.532407407407 [ACCEPT]
[LVL9] rsome124(A,B) :- all124(C,A), \+some124(B,C) 0.0819088319088 (2.0, 12.0, 90.0, 6.0) 0.532407407407 [ACCEPT]
[LVL9] rsome124(A,B) :- all124(C,A), \+no124(C,B) 0.0887345679012 (2.0, 11.0, 91.0, 6.0) 0.532407407407 [ACCEPT]
[LVL9] rsome124(A,B) :- all124(C,A), \+no124(B,C) 0.0887345679012 (2.0, 11.0, 91.0, 6.0) 0.532407407407 [ACCEPT]
[LVL9] rsome124(A,B) :- all124(C,A), \+somenot124(C,B) 0.0887345679012 (2.0, 11.0, 91.0, 6.0) 0.532407407407 [ACCEPT]
[LVL9] rsome124(A,B) :- all124(C,A), \+somenot124(B,C) 0.0887345679012 (2.0, 11.0, 91.0, 6.0) 0.532407407407 [ACCEPT]
[LVL9] rsome124(A,B) :- some124(C,B), all124(C,D) 0.354938271605 (2.0, 2.0, 100.0, 6.0) 0.532407407407 [ACCEPT]
[LVL9] rsome124(A,B) :- some124(C,B), all124(D,A) 0.354938271605 (2.0, 2.0, 100.0, 6.0) 0.532407407407 [ACCEPT]
[LVL9] rsome124(A,B) :- some124(C,B), \+all124(A,C) 0.0760582010582 (2.0, 13.0, 89.0, 6.0) 0.532407407407 [ACCEPT]
[LVL9] rsome124(A,B) :- some124(C,B), \+some124(A,C) 0.0819088319088 (2.0, 12.0, 90.0, 6.0) 0.532407407407 [ACCEPT]
[LVL9] rsome124(A,B) :- some124(C,B), \+some124(C,A) 0.0819088319088 (2.0, 12.0, 90.0, 6.0) 0.532407407407 [ACCEPT]
[LVL9] rsome124(A,B) :- some124(C,B), \+no124(A,C) 0.0819088319088 (2.0, 12.0, 90.0, 6.0) 0.532407407407 [ACCEPT]
[LVL9] rsome124(A,B) :- some124(C,B), \+no124(C,A) 0.0760582010582 (2.0, 13.0, 89.0, 6.0) 0.532407407407 [ACCEPT]
[LVL9] rsome124(A,B) :- some124(C,B), \+somenot124(A,C) 0.0819088319088 (2.0, 12.0, 90.0, 6.0) 0.532407407407 [ACCEPT]
[LVL9] rsome124(A,B) :- some124(C,B), \+somenot124(C,A) 0.0819088319088 (2.0, 12.0, 90.0, 6.0) 0.532407407407 [ACCEPT]
[LVL9] rsome124(A,B) :- no124(A,C), some124(B,D) 0.354938271605 (2.0, 2.0, 100.0, 6.0) 0.532407407407 [ACCEPT]
[LVL9] rsome124(A,B) :- no124(A,C), some124(D,C) 0.354938271605 (2.0, 2.0, 100.0, 6.0) 0.532407407407 [ACCEPT]
[LVL9] rsome124(A,B) :- no124(A,C), \+all124(C,B) 0.0819088319088 (2.0, 12.0, 90.0, 6.0) 0.532407407407 [ACCEPT]
[LVL9] rsome124(A,B) :- no124(A,C), \+all124(B,C) 0.0760582010582 (2.0, 13.0, 89.0, 6.0) 0.532407407407 [ACCEPT]
[LVL9] rsome124(A,B) :- no124(A,C), \+some124(C,B) 0.0819088319088 (2.0, 12.0, 90.0, 6.0) 0.532407407407 [ACCEPT]
[LVL9] rsome124(A,B) :- no124(A,C), \+no124(C,B) 0.0819088319088 (2.0, 12.0, 90.0, 6.0) 0.532407407407 [ACCEPT]
[LVL9] rsome124(A,B) :- no124(A,C), \+no124(B,C) 0.0819088319088 (2.0, 12.0, 90.0, 6.0) 0.532407407407 [ACCEPT]
[LVL9] rsome124(A,B) :- no124(A,C), \+somenot124(C,B) 0.0819088319088 (2.0, 12.0, 90.0, 6.0) 0.532407407407 [ACCEPT]
[LVL9] rsome124(A,B) :- no124(A,C), \+somenot124(B,C) 0.0760582010582 (2.0, 13.0, 89.0, 6.0) 0.532407407407 [ACCEPT]
[LVL9] rsome124(A,B) :- somenot124(C,B), no124(C,D) 0.354938271605 (2.0, 2.0, 100.0, 6.0) 0.532407407407 [ACCEPT]
[LVL9] rsome124(A,B) :- somenot124(C,B), no124(D,A) 0.354938271605 (2.0, 2.0, 100.0, 6.0) 0.532407407407 [ACCEPT]
[LVL9] rsome124(A,B) :- somenot124(C,B), \+all124(A,C) 0.070987654321 (2.0, 14.0, 88.0, 6.0) 0.532407407407 [ACCEPT]
[LVL9] rsome124(A,B) :- somenot124(C,B), \+all124(C,A) 0.070987654321 (2.0, 14.0, 88.0, 6.0) 0.532407407407 [ACCEPT]
[LVL9] rsome124(A,B) :- somenot124(C,B), \+some124(A,C) 0.070987654321 (2.0, 14.0, 88.0, 6.0) 0.532407407407 [ACCEPT]
[LVL9] rsome124(A,B) :- somenot124(C,B), \+some124(C,A) 0.070987654321 (2.0, 14.0, 88.0, 6.0) 0.532407407407 [ACCEPT]
[LVL9] rsome124(A,B) :- somenot124(C,B), \+no124(A,C) 0.070987654321 (2.0, 14.0, 88.0, 6.0) 0.532407407407 [ACCEPT]
[LVL9] rsome124(A,B) :- somenot124(C,B), \+somenot124(A,C) 0.070987654321 (2.0, 14.0, 88.0, 6.0) 0.532407407407 [ACCEPT]
[LVL9] rsome124(A,B) :- somenot124(C,B), \+somenot124(C,A) 0.070987654321 (2.0, 14.0, 88.0, 6.0) 0.532407407407 [ACCEPT]
[DEBUG] Best rule so far: rsome124(A,B) :- no124(C,A), all124(C,B) [0.354938271605]
[DEBUG] Candidates for iteration 3:
[DEBUG] ==================================
[DEBUG] rsome124(A,B) :- no124(C,A), all124(C,B) 0.354938271605
[DEBUG] rsome124(A,B) :- no124(C,A), all124(C,D) 0.354938271605
[DEBUG] rsome124(A,B) :- no124(C,A), all124(D,B) 0.354938271605
[DEBUG] rsome124(A,B) :- no124(C,A), some124(B,C) 0.354938271605
[DEBUG] rsome124(A,B) :- no124(C,A), some124(B,D) 0.354938271605
[DEBUG] rsome124(A,B) :- no124(C,A), some124(D,C) 0.354938271605
[DEBUG] rsome124(A,B) :- no124(C,A), somenot124(C,B) 0.354938271605
[DEBUG] rsome124(A,B) :- no124(C,A), somenot124(C,D) 0.354938271605
[DEBUG] rsome124(A,B) :- no124(C,A), somenot124(D,B) 0.354938271605
[DEBUG] rsome124(A,B) :- some124(B,C), no124(A,C) 0.354938271605
[DEBUG] rsome124(A,B) :- some124(B,C), no124(A,D) 0.354938271605
[DEBUG] rsome124(A,B) :- some124(B,C), no124(C,D) 0.354938271605
[DEBUG] rsome124(A,B) :- some124(B,C), no124(D,A) 0.354938271605
[DEBUG] rsome124(A,B) :- some124(B,C), no124(D,C) 0.354938271605
[DEBUG] rsome124(A,B) :- all124(C,B), no124(C,D) 0.354938271605
[DEBUG] rsome124(A,B) :- all124(C,B), no124(D,A) 0.354938271605
[DEBUG] rsome124(A,B) :- all124(C,B), somenot124(C,A) 0.354938271605
[DEBUG] rsome124(A,B) :- all124(C,B), somenot124(C,D) 0.354938271605
[DEBUG] rsome124(A,B) :- all124(C,B), somenot124(D,A) 0.354938271605
[DEBUG] rsome124(A,B) :- somenot124(C,A), all124(B,C) 0.354938271605
[DEBUG] rsome124(A,B) :- somenot124(C,A), all124(C,D) 0.354938271605
[DEBUG] rsome124(A,B) :- somenot124(C,A), all124(B,D) 0.354938271605
[DEBUG] rsome124(A,B) :- somenot124(C,A), all124(D,C) 0.354938271605
[DEBUG] rsome124(A,B) :- somenot124(C,A), all124(D,B) 0.354938271605
[DEBUG] rsome124(A,B) :- all124(B,C), somenot124(C,D) 0.354938271605
[DEBUG] rsome124(A,B) :- all124(B,C), somenot124(D,A) 0.354938271605
[DEBUG] rsome124(A,B) :- all124(C,A), some124(C,B) 0.354938271605
[DEBUG] rsome124(A,B) :- all124(C,A), some124(C,D) 0.354938271605
[DEBUG] rsome124(A,B) :- all124(C,A), some124(D,B) 0.354938271605
[DEBUG] rsome124(A,B) :- some124(C,B), all124(C,D) 0.354938271605
[DEBUG] rsome124(A,B) :- some124(C,B), all124(D,A) 0.354938271605
[DEBUG] rsome124(A,B) :- no124(A,C), some124(B,D) 0.354938271605
[DEBUG] rsome124(A,B) :- no124(A,C), some124(D,C) 0.354938271605
[DEBUG] rsome124(A,B) :- somenot124(C,B), no124(C,D) 0.354938271605
[DEBUG] rsome124(A,B) :- somenot124(C,B), no124(D,A) 0.354938271605
[DEBUG] rsome124(A,B) :- no124(C,A), \+all124(B,C) 0.218915343915
[DEBUG] rsome124(A,B) :- no124(C,A), \+no124(C,B) 0.218915343915
[DEBUG] rsome124(A,B) :- no124(C,A), \+no124(B,C) 0.218915343915
[DEBUG] rsome124(A,B) :- no124(C,A), \+somenot124(B,C) 0.218915343915
[DEBUG] rsome124(A,B) :- no124(C,A), \+some124(C,B) 0.204320987654
[DEBUG] rsome124(A,B) :- some124(B,C), \+some124(C,A) 0.18771043771
[DEBUG] rsome124(A,B) :- some124(B,C), \+somenot124(A,C) 0.18771043771
[DEBUG] rsome124(A,B) :- some124(B,C), \+somenot124(C,A) 0.18771043771
[DEBUG] rsome124(A,B) :- some124(B,C), \+all124(A,C) 0.172067901235
[DEBUG] rsome124(A,B) :- some124(B,C), \+all124(C,A) 0.172067901235
[DEBUG] rsome124(A,B) :- all124(C,B), \+all124(A,C) 0.172067901235
[DEBUG] rsome124(A,B) :- all124(C,B), \+some124(C,A) 0.172067901235
[DEBUG] rsome124(A,B) :- all124(C,B), \+no124(A,C) 0.172067901235
[DEBUG] rsome124(A,B) :- all124(C,B), \+somenot124(A,C) 0.172067901235
[DEBUG] rsome124(A,B) :- all124(C,B), \+some124(A,C) 0.158831908832
[DEBUG] rsome124(A,B) :- no124(C,A), \+all124(C,B) 0.147486772487
[DEBUG] rsome124(A,B) :- no124(C,A), \+some124(B,C) 0.147486772487
[DEBUG] rsome124(A,B) :- no124(C,A), \+somenot124(C,B) 0.147486772487
[DEBUG] rsome124(A,B) :- somenot124(C,A), \+some124(C,B) 0.137654320988
[DEBUG] rsome124(A,B) :- somenot124(C,A), \+some124(B,C) 0.137654320988
[DEBUG] rsome124(A,B) :- somenot124(C,A), \+no124(C,B) 0.137654320988
[DEBUG] rsome124(A,B) :- somenot124(C,A), \+no124(B,C) 0.137654320988
[DEBUG] rsome124(A,B) :- somenot124(C,A), \+somenot124(C,B) 0.137654320988
[DEBUG] rsome124(A,B) :- somenot124(C,A), \+somenot124(B,C) 0.137654320988
[DEBUG] rsome124(A,B) :- all124(B,C), \+all124(C,A) 0.118312757202
[DEBUG] rsome124(A,B) :- all124(B,C), \+no124(C,A) 0.118312757202
[DEBUG] rsome124(A,B) :- all124(B,C), \+some124(A,C) 0.106481481481
[DEBUG] rsome124(A,B) :- all124(B,C), \+some124(C,A) 0.106481481481
[DEBUG] rsome124(A,B) :- all124(B,C), \+no124(A,C) 0.106481481481
[DEBUG] rsome124(A,B) :- all124(B,C), \+somenot124(A,C) 0.106481481481
[DEBUG] rsome124(A,B) :- some124(B,C), \+no124(A,C) 0.0968013468013
[DEBUG] rsome124(A,B) :- some124(B,C), \+no124(C,A) 0.0968013468013
[DEBUG] rsome124(A,B) :- all124(C,B), \+no124(C,A) 0.0887345679012
[DEBUG] rsome124(A,B) :- all124(C,B), \+somenot124(C,A) 0.0887345679012
[DEBUG] rsome124(A,B) :- all124(C,A), \+all124(B,C) 0.0887345679012
[DEBUG] rsome124(A,B) :- all124(C,A), \+no124(C,B) 0.0887345679012
[DEBUG] rsome124(A,B) :- all124(C,A), \+no124(B,C) 0.0887345679012
[DEBUG] rsome124(A,B) :- all124(C,A), \+somenot124(C,B) 0.0887345679012
[DEBUG] rsome124(A,B) :- all124(C,A), \+somenot124(B,C) 0.0887345679012
[DEBUG] rsome124(A,B) :- all124(C,A), \+some124(B,C) 0.0819088319088
[DEBUG] rsome124(A,B) :- some124(C,B), \+some124(A,C) 0.0819088319088
[DEBUG] rsome124(A,B) :- some124(C,B), \+some124(C,A) 0.0819088319088
[DEBUG] rsome124(A,B) :- some124(C,B), \+no124(A,C) 0.0819088319088
[DEBUG] rsome124(A,B) :- some124(C,B), \+somenot124(A,C) 0.0819088319088
[DEBUG] rsome124(A,B) :- some124(C,B), \+somenot124(C,A) 0.0819088319088
[DEBUG] rsome124(A,B) :- no124(A,C), \+all124(C,B) 0.0819088319088
[DEBUG] rsome124(A,B) :- no124(A,C), \+some124(C,B) 0.0819088319088
[DEBUG] rsome124(A,B) :- no124(A,C), \+no124(C,B) 0.0819088319088
[DEBUG] rsome124(A,B) :- no124(A,C), \+no124(B,C) 0.0819088319088
[DEBUG] rsome124(A,B) :- no124(A,C), \+somenot124(C,B) 0.0819088319088
[DEBUG] rsome124(A,B) :- some124(C,B), \+all124(A,C) 0.0760582010582
[DEBUG] rsome124(A,B) :- some124(C,B), \+no124(C,A) 0.0760582010582
[DEBUG] rsome124(A,B) :- no124(A,C), \+all124(B,C) 0.0760582010582
[DEBUG] rsome124(A,B) :- no124(A,C), \+somenot124(B,C) 0.0760582010582
[DEBUG] rsome124(A,B) :- somenot124(C,A), \+all124(C,B) 0.070987654321
[DEBUG] rsome124(A,B) :- somenot124(C,A), \+all124(B,C) 0.070987654321
[DEBUG] rsome124(A,B) :- somenot124(C,B), \+all124(A,C) 0.070987654321
[DEBUG] rsome124(A,B) :- somenot124(C,B), \+all124(C,A) 0.070987654321
[DEBUG] rsome124(A,B) :- somenot124(C,B), \+some124(A,C) 0.070987654321
[DEBUG] rsome124(A,B) :- somenot124(C,B), \+some124(C,A) 0.070987654321
[DEBUG] rsome124(A,B) :- somenot124(C,B), \+no124(A,C) 0.070987654321
[DEBUG] rsome124(A,B) :- somenot124(C,B), \+somenot124(A,C) 0.070987654321
[DEBUG] rsome124(A,B) :- somenot124(C,B), \+somenot124(C,A) 0.070987654321
[DEBUG] ==================================
[INFO] RULE LEARNED: rsome124(A,B) :- no124(C,A), all124(C,B) 0.927272727273
