[LVL9] Output level: 9
[INFO] Random seed: 0.0711005332185
[INFO] Computing scores: 0.0421s
[INFO] Number of examples (M): 116
[INFO] Positive weight (P): 13.0000
[INFO] Negative weight (N): 103.0000
[DEBUG] Best rule so far: rsome109(A,B) :- true [0.112068965517]
[DEBUG] Candidates for iteration 1:
[DEBUG] ==================================
[DEBUG] rsome109(A,B) :- true 0.112068965517
[DEBUG] ==================================
[LVL9] rsome109(A,B) :- all109(A,C) 0.132004310345 (2.0, 13.0, 90.0, 11.0) 0.704022988506 [ACCEPT]
[LVL9] BETTER RULE rsome109(A,B) :- all109(A,C) (0.1320043103448276, 2.0) > (0.11206896551724138, 13.0)
[LVL9] rsome109(A,B) :- all109(B,C) 0.132004310345 (2.0, 13.0, 90.0, 11.0) 0.704022988506 [ACCEPT]
[LVL9] rsome109(A,B) :- all109(C,A) 0.132004310345 (2.0, 13.0, 90.0, 11.0) 0.704022988506 [ACCEPT]
[LVL9] rsome109(A,B) :- some109(A,C) 0.140804597701 (2.0, 12.0, 91.0, 11.0) 0.704022988506 [ACCEPT]
[LVL9] BETTER RULE rsome109(A,B) :- some109(A,C) (0.14080459770114945, 2.0) > (0.1320043103448276, 2.0)
[LVL9] rsome109(A,B) :- some109(B,C) 0.0 (1.0, 13.0, 90.0, 12.0) 0.556034482759 [ACCEPT]
[LVL9] rsome109(A,B) :- some109(C,A) 0.132004310345 (2.0, 13.0, 90.0, 11.0) 0.704022988506 [ACCEPT]
[LVL9] rsome109(A,B) :- some109(C,B) 0.194504310345 (3.0, 12.0, 91.0, 10.0) 0.778017241379 [ACCEPT]
[LVL9] BETTER RULE rsome109(A,B) :- some109(C,B) (0.1945043103448276, 3.0) > (0.14080459770114945, 2.0)
[LVL9] rsome109(A,B) :- no109(B,C) 0.194504310345 (3.0, 12.0, 91.0, 10.0) 0.778017241379 [ACCEPT]
[LVL9] rsome109(A,B) :- no109(C,B) 0.132004310345 (2.0, 13.0, 90.0, 11.0) 0.704022988506 [ACCEPT]
[LVL9] rsome109(A,B) :- somenot109(A,C) 0.207471264368 (3.0, 11.0, 92.0, 10.0) 0.778017241379 [ACCEPT]
[LVL9] BETTER RULE rsome109(A,B) :- somenot109(A,C) (0.2074712643678161, 3.0) > (0.1945043103448276, 3.0)
[LVL9] rsome109(A,B) :- somenot109(C,A) 0.150862068966 (2.0, 11.0, 92.0, 11.0) 0.704022988506 [ACCEPT]
[LVL9] rsome109(A,B) :- somenot109(C,B) 0.150862068966 (2.0, 11.0, 92.0, 11.0) 0.704022988506 [ACCEPT]
[DEBUG] Best rule so far: rsome109(A,B) :- somenot109(A,C) [0.207471264368]
[DEBUG] Candidates for iteration 2:
[DEBUG] ==================================
[DEBUG] rsome109(A,B) :- somenot109(A,C) 0.207471264368
[DEBUG] rsome109(A,B) :- some109(C,B) 0.194504310345
[DEBUG] rsome109(A,B) :- no109(B,C) 0.194504310345
[DEBUG] rsome109(A,B) :- somenot109(C,A) 0.150862068966
[DEBUG] rsome109(A,B) :- somenot109(C,B) 0.150862068966
[DEBUG] rsome109(A,B) :- some109(A,C) 0.140804597701
[DEBUG] rsome109(A,B) :- all109(A,C) 0.132004310345
[DEBUG] rsome109(A,B) :- all109(B,C) 0.132004310345
[DEBUG] rsome109(A,B) :- all109(C,A) 0.132004310345
[DEBUG] rsome109(A,B) :- some109(C,A) 0.132004310345
[DEBUG] rsome109(A,B) :- no109(C,B) 0.132004310345
[DEBUG] rsome109(A,B) :- some109(B,C) 0.0
[DEBUG] ==================================
[LVL9] rsome109(A,B) :- somenot109(A,C), all109(B,C) 0.370689655172 (1.0, 1.0, 102.0, 12.0) 0.556034482759 [ACCEPT]
[LVL9] BETTER RULE rsome109(A,B) :- somenot109(A,C), all109(B,C) (0.37068965517241376, 1.0) > (0.2074712643678161, 3.0)
[LVL9] rsome109(A,B) :- somenot109(A,C), all109(B,D) 0.370689655172 (1.0, 1.0, 102.0, 12.0) 0.556034482759 [ACCEPT]
[LVL9] rsome109(A,B) :- somenot109(A,C), all109(D,C) 0.370689655172 (1.0, 1.0, 102.0, 12.0) 0.556034482759 [ACCEPT]
[LVL9] rsome109(A,B) :- somenot109(A,C), some109(C,B) 0.370689655172 (1.0, 1.0, 102.0, 12.0) 0.556034482759 [ACCEPT]
[LVL9] rsome109(A,B) :- somenot109(A,C), some109(C,D) 0.370689655172 (1.0, 1.0, 102.0, 12.0) 0.556034482759 [ACCEPT]
[LVL9] rsome109(A,B) :- somenot109(A,C), some109(D,B) 0.370689655172 (1.0, 1.0, 102.0, 12.0) 0.556034482759 [ACCEPT]
[LVL9] rsome109(A,B) :- somenot109(A,C), no109(B,C) 0.370689655172 (1.0, 1.0, 102.0, 12.0) 0.556034482759 [ACCEPT]
[LVL9] rsome109(A,B) :- somenot109(A,C), no109(B,D) 0.370689655172 (1.0, 1.0, 102.0, 12.0) 0.556034482759 [ACCEPT]
[LVL9] rsome109(A,B) :- somenot109(A,C), no109(D,C) 0.370689655172 (1.0, 1.0, 102.0, 12.0) 0.556034482759 [ACCEPT]
[LVL9] rsome109(A,B) :- somenot109(A,C), \+all109(C,B) 0.239389920424 (3.0, 9.0, 94.0, 10.0) 0.778017241379 [ACCEPT]
[LVL9] rsome109(A,B) :- somenot109(A,C), \+all109(B,C) 0.162466843501 (2.0, 10.0, 93.0, 11.0) 0.704022988506 [ACCEPT]
[LVL9] rsome109(A,B) :- somenot109(A,C), \+some109(C,B) 0.162466843501 (2.0, 10.0, 93.0, 11.0) 0.704022988506 [ACCEPT]
[LVL9] rsome109(A,B) :- somenot109(A,C), \+some109(B,C) 0.239389920424 (3.0, 9.0, 94.0, 10.0) 0.778017241379 [ACCEPT]
[LVL9] rsome109(A,B) :- somenot109(A,C), \+no109(C,B) 0.222290640394 (3.0, 10.0, 93.0, 10.0) 0.778017241379 [ACCEPT]
[LVL9] rsome109(A,B) :- somenot109(A,C), \+no109(B,C) 0.162466843501 (2.0, 10.0, 93.0, 11.0) 0.704022988506 [ACCEPT]
[LVL9] rsome109(A,B) :- somenot109(A,C), \+somenot109(C,B) 0.222290640394 (3.0, 10.0, 93.0, 10.0) 0.778017241379 [ACCEPT]
[LVL9] rsome109(A,B) :- somenot109(A,C), \+somenot109(B,C) 0.239389920424 (3.0, 9.0, 94.0, 10.0) 0.778017241379 [ACCEPT]
[LVL9] rsome109(A,B) :- some109(C,B), all109(A,C) 0.370689655172 (1.0, 1.0, 102.0, 12.0) 0.556034482759 [ACCEPT]
[LVL9] rsome109(A,B) :- some109(C,B), all109(C,A) 0.556034482759 (1.0, 0.0, 103.0, 12.0) 0.556034482759 [REJECT* fp] 0.0
[LVL9] BETTER RULE rsome109(A,B) :- some109(C,B), all109(C,A) (0.5560344827586207, 1.0) > (0.37068965517241376, 1.0)
[LVL9] rsome109(A,B) :- some109(C,B), \+all109(A,C) 0.150862068966 (2.0, 11.0, 92.0, 11.0) 0.704022988506 [ACCEPT]
[LVL9] rsome109(A,B) :- some109(C,B), \+some109(A,C) 0.222290640394 (3.0, 10.0, 93.0, 10.0) 0.778017241379 [ACCEPT]
[LVL9] rsome109(A,B) :- some109(C,B), \+some109(C,A) 0.222290640394 (3.0, 10.0, 93.0, 10.0) 0.778017241379 [ACCEPT]
[LVL9] rsome109(A,B) :- some109(C,B), \+no109(A,C) 0.222290640394 (3.0, 10.0, 93.0, 10.0) 0.778017241379 [ACCEPT]
[LVL9] rsome109(A,B) :- some109(C,B), \+no109(C,A) 0.222290640394 (3.0, 10.0, 93.0, 10.0) 0.778017241379 [ACCEPT]
[LVL9] rsome109(A,B) :- some109(C,B), \+somenot109(A,C) 0.150862068966 (2.0, 11.0, 92.0, 11.0) 0.704022988506 [ACCEPT]
[LVL9] rsome109(A,B) :- some109(C,B), \+somenot109(C,A) 0.222290640394 (3.0, 10.0, 93.0, 10.0) 0.778017241379 [ACCEPT]
[LVL9] rsome109(A,B) :- no109(B,C), \+all109(A,C) 0.222290640394 (3.0, 10.0, 93.0, 10.0) 0.778017241379 [ACCEPT]
[LVL9] rsome109(A,B) :- no109(B,C), \+all109(C,A) 0.222290640394 (3.0, 10.0, 93.0, 10.0) 0.778017241379 [ACCEPT]
[LVL9] rsome109(A,B) :- no109(B,C), \+some109(A,C) 0.150862068966 (2.0, 11.0, 92.0, 11.0) 0.704022988506 [ACCEPT]
[LVL9] rsome109(A,B) :- no109(B,C), \+some109(C,A) 0.222290640394 (3.0, 10.0, 93.0, 10.0) 0.778017241379 [ACCEPT]
[LVL9] rsome109(A,B) :- no109(B,C), \+no109(A,C) 0.222290640394 (3.0, 10.0, 93.0, 10.0) 0.778017241379 [ACCEPT]
[LVL9] rsome109(A,B) :- no109(B,C), \+no109(C,A) 0.222290640394 (3.0, 10.0, 93.0, 10.0) 0.778017241379 [ACCEPT]
[LVL9] rsome109(A,B) :- no109(B,C), \+somenot109(A,C) 0.150862068966 (2.0, 11.0, 92.0, 11.0) 0.704022988506 [ACCEPT]
[LVL9] rsome109(A,B) :- somenot109(C,A), \+all109(C,B) 0.176005747126 (2.0, 9.0, 94.0, 11.0) 0.704022988506 [ACCEPT]
[LVL9] rsome109(A,B) :- somenot109(C,A), \+all109(B,C) 0.176005747126 (2.0, 9.0, 94.0, 11.0) 0.704022988506 [ACCEPT]
[LVL9] rsome109(A,B) :- somenot109(C,A), \+some109(C,B) 0.176005747126 (2.0, 9.0, 94.0, 11.0) 0.704022988506 [ACCEPT]
[LVL9] rsome109(A,B) :- somenot109(C,A), \+some109(B,C) 0.162466843501 (2.0, 10.0, 93.0, 11.0) 0.704022988506 [ACCEPT]
[LVL9] rsome109(A,B) :- somenot109(C,A), \+somenot109(C,B) 0.176005747126 (2.0, 9.0, 94.0, 11.0) 0.704022988506 [ACCEPT]
[LVL9] rsome109(A,B) :- somenot109(C,A), \+somenot109(B,C) 0.162466843501 (2.0, 10.0, 93.0, 11.0) 0.704022988506 [ACCEPT]
[LVL9] rsome109(A,B) :- somenot109(C,B), \+some109(A,C) 0.162466843501 (2.0, 10.0, 93.0, 11.0) 0.704022988506 [ACCEPT]
[LVL9] rsome109(A,B) :- somenot109(C,B), \+some109(C,A) 0.176005747126 (2.0, 9.0, 94.0, 11.0) 0.704022988506 [ACCEPT]
[LVL9] rsome109(A,B) :- somenot109(C,B), \+no109(A,C) 0.162466843501 (2.0, 10.0, 93.0, 11.0) 0.704022988506 [ACCEPT]
[LVL9] rsome109(A,B) :- somenot109(C,B), \+no109(C,A) 0.176005747126 (2.0, 9.0, 94.0, 11.0) 0.704022988506 [ACCEPT]
[LVL9] rsome109(A,B) :- somenot109(C,B), \+somenot109(A,C) 0.162466843501 (2.0, 10.0, 93.0, 11.0) 0.704022988506 [ACCEPT]
[LVL9] rsome109(A,B) :- somenot109(C,B), \+somenot109(C,A) 0.176005747126 (2.0, 9.0, 94.0, 11.0) 0.704022988506 [ACCEPT]
[LVL9] rsome109(A,B) :- some109(A,C), \+all109(C,B) 0.162466843501 (2.0, 10.0, 93.0, 11.0) 0.704022988506 [ACCEPT]
[LVL9] rsome109(A,B) :- some109(A,C), \+all109(B,C) 0.150862068966 (2.0, 11.0, 92.0, 11.0) 0.704022988506 [ACCEPT]
[LVL9] rsome109(A,B) :- some109(A,C), \+some109(C,B) 0.162466843501 (2.0, 10.0, 93.0, 11.0) 0.704022988506 [ACCEPT]
[LVL9] rsome109(A,B) :- some109(A,C), \+no109(C,B) 0.162466843501 (2.0, 10.0, 93.0, 11.0) 0.704022988506 [ACCEPT]
[LVL9] rsome109(A,B) :- some109(A,C), \+somenot109(C,B) 0.150862068966 (2.0, 11.0, 92.0, 11.0) 0.704022988506 [ACCEPT]
[LVL9] rsome109(A,B) :- some109(A,C), \+somenot109(B,C) 0.162466843501 (2.0, 10.0, 93.0, 11.0) 0.704022988506 [ACCEPT]
[LVL9] rsome109(A,B) :- all109(A,C), \+all109(C,B) 0.150862068966 (2.0, 11.0, 92.0, 11.0) 0.704022988506 [ACCEPT]
[LVL9] rsome109(A,B) :- all109(A,C), \+all109(B,C) 0.150862068966 (2.0, 11.0, 92.0, 11.0) 0.704022988506 [ACCEPT]
[LVL9] rsome109(A,B) :- all109(A,C), \+some109(B,C) 0.140804597701 (2.0, 12.0, 91.0, 11.0) 0.704022988506 [ACCEPT]
[LVL9] rsome109(A,B) :- all109(A,C), \+no109(C,B) 0.150862068966 (2.0, 11.0, 92.0, 11.0) 0.704022988506 [ACCEPT]
[LVL9] rsome109(A,B) :- all109(A,C), \+no109(B,C) 0.150862068966 (2.0, 11.0, 92.0, 11.0) 0.704022988506 [ACCEPT]
[LVL9] rsome109(A,B) :- all109(A,C), \+somenot109(B,C) 0.150862068966 (2.0, 11.0, 92.0, 11.0) 0.704022988506 [ACCEPT]
[LVL9] rsome109(A,B) :- all109(B,C), \+all109(A,C) 0.150862068966 (2.0, 11.0, 92.0, 11.0) 0.704022988506 [ACCEPT]
[LVL9] rsome109(A,B) :- all109(B,C), \+all109(C,A) 0.150862068966 (2.0, 11.0, 92.0, 11.0) 0.704022988506 [ACCEPT]
[LVL9] rsome109(A,B) :- all109(B,C), \+some109(A,C) 0.140804597701 (2.0, 12.0, 91.0, 11.0) 0.704022988506 [ACCEPT]
[LVL9] rsome109(A,B) :- all109(B,C), \+no109(A,C) 0.150862068966 (2.0, 11.0, 92.0, 11.0) 0.704022988506 [ACCEPT]
[LVL9] rsome109(A,B) :- all109(B,C), \+no109(C,A) 0.150862068966 (2.0, 11.0, 92.0, 11.0) 0.704022988506 [ACCEPT]
[LVL9] rsome109(A,B) :- all109(B,C), \+somenot109(C,A) 0.150862068966 (2.0, 11.0, 92.0, 11.0) 0.704022988506 [ACCEPT]
[LVL9] rsome109(A,B) :- all109(C,A), \+all109(C,B) 0.150862068966 (2.0, 11.0, 92.0, 11.0) 0.704022988506 [ACCEPT]
[LVL9] rsome109(A,B) :- all109(C,A), \+all109(B,C) 0.150862068966 (2.0, 11.0, 92.0, 11.0) 0.704022988506 [ACCEPT]
[LVL9] rsome109(A,B) :- all109(C,A), \+some109(B,C) 0.150862068966 (2.0, 11.0, 92.0, 11.0) 0.704022988506 [ACCEPT]
[LVL9] rsome109(A,B) :- all109(C,A), \+no109(C,B) 0.150862068966 (2.0, 11.0, 92.0, 11.0) 0.704022988506 [ACCEPT]
[LVL9] rsome109(A,B) :- all109(C,A), \+no109(B,C) 0.150862068966 (2.0, 11.0, 92.0, 11.0) 0.704022988506 [ACCEPT]
[LVL9] rsome109(A,B) :- all109(C,A), \+somenot109(B,C) 0.150862068966 (2.0, 11.0, 92.0, 11.0) 0.704022988506 [ACCEPT]
[LVL9] rsome109(A,B) :- some109(C,A), \+all109(C,B) 0.140804597701 (2.0, 12.0, 91.0, 11.0) 0.704022988506 [ACCEPT]
[LVL9] rsome109(A,B) :- some109(C,A), \+some109(C,B) 0.150862068966 (2.0, 11.0, 92.0, 11.0) 0.704022988506 [ACCEPT]
[LVL9] rsome109(A,B) :- some109(C,A), \+some109(B,C) 0.150862068966 (2.0, 11.0, 92.0, 11.0) 0.704022988506 [ACCEPT]
[LVL9] rsome109(A,B) :- some109(C,A), \+no109(B,C) 0.150862068966 (2.0, 11.0, 92.0, 11.0) 0.704022988506 [ACCEPT]
[LVL9] rsome109(A,B) :- some109(C,A), \+somenot109(C,B) 0.150862068966 (2.0, 11.0, 92.0, 11.0) 0.704022988506 [ACCEPT]
[LVL9] rsome109(A,B) :- some109(C,A), \+somenot109(B,C) 0.150862068966 (2.0, 11.0, 92.0, 11.0) 0.704022988506 [ACCEPT]
[LVL9] rsome109(A,B) :- no109(C,B), \+all109(A,C) 0.150862068966 (2.0, 11.0, 92.0, 11.0) 0.704022988506 [ACCEPT]
[LVL9] rsome109(A,B) :- no109(C,B), \+all109(C,A) 0.150862068966 (2.0, 11.0, 92.0, 11.0) 0.704022988506 [ACCEPT]
[LVL9] rsome109(A,B) :- no109(C,B), \+some109(A,C) 0.150862068966 (2.0, 11.0, 92.0, 11.0) 0.704022988506 [ACCEPT]
[LVL9] rsome109(A,B) :- no109(C,B), \+no109(A,C) 0.150862068966 (2.0, 11.0, 92.0, 11.0) 0.704022988506 [ACCEPT]
[LVL9] rsome109(A,B) :- no109(C,B), \+no109(C,A) 0.150862068966 (2.0, 11.0, 92.0, 11.0) 0.704022988506 [ACCEPT]
[LVL9] rsome109(A,B) :- no109(C,B), \+somenot109(A,C) 0.140804597701 (2.0, 12.0, 91.0, 11.0) 0.704022988506 [ACCEPT]
[DEBUG] Best rule so far: rsome109(A,B) :- some109(C,B), all109(C,A) [0.556034482759]
[DEBUG] Candidates for iteration 3:
[DEBUG] ==================================
[DEBUG] rsome109(A,B) :- somenot109(A,C), all109(B,C) 0.370689655172
[DEBUG] rsome109(A,B) :- somenot109(A,C), all109(B,D) 0.370689655172
[DEBUG] rsome109(A,B) :- somenot109(A,C), all109(D,C) 0.370689655172
[DEBUG] rsome109(A,B) :- somenot109(A,C), some109(C,B) 0.370689655172
[DEBUG] rsome109(A,B) :- somenot109(A,C), some109(C,D) 0.370689655172
[DEBUG] rsome109(A,B) :- somenot109(A,C), some109(D,B) 0.370689655172
[DEBUG] rsome109(A,B) :- somenot109(A,C), no109(B,C) 0.370689655172
[DEBUG] rsome109(A,B) :- somenot109(A,C), no109(B,D) 0.370689655172
[DEBUG] rsome109(A,B) :- somenot109(A,C), no109(D,C) 0.370689655172
[DEBUG] rsome109(A,B) :- some109(C,B), all109(A,C) 0.370689655172
[DEBUG] rsome109(A,B) :- somenot109(A,C), \+all109(C,B) 0.239389920424
[DEBUG] rsome109(A,B) :- somenot109(A,C), \+some109(B,C) 0.239389920424
[DEBUG] rsome109(A,B) :- somenot109(A,C), \+somenot109(B,C) 0.239389920424
[DEBUG] rsome109(A,B) :- somenot109(A,C), \+no109(C,B) 0.222290640394
[DEBUG] rsome109(A,B) :- somenot109(A,C), \+somenot109(C,B) 0.222290640394
[DEBUG] rsome109(A,B) :- some109(C,B), \+some109(A,C) 0.222290640394
[DEBUG] rsome109(A,B) :- some109(C,B), \+some109(C,A) 0.222290640394
[DEBUG] rsome109(A,B) :- some109(C,B), \+no109(A,C) 0.222290640394
[DEBUG] rsome109(A,B) :- some109(C,B), \+no109(C,A) 0.222290640394
[DEBUG] rsome109(A,B) :- some109(C,B), \+somenot109(C,A) 0.222290640394
[DEBUG] rsome109(A,B) :- no109(B,C), \+all109(A,C) 0.222290640394
[DEBUG] rsome109(A,B) :- no109(B,C), \+all109(C,A) 0.222290640394
[DEBUG] rsome109(A,B) :- no109(B,C), \+some109(C,A) 0.222290640394
[DEBUG] rsome109(A,B) :- no109(B,C), \+no109(A,C) 0.222290640394
[DEBUG] rsome109(A,B) :- no109(B,C), \+no109(C,A) 0.222290640394
[DEBUG] rsome109(A,B) :- somenot109(C,A), \+all109(C,B) 0.176005747126
[DEBUG] rsome109(A,B) :- somenot109(C,A), \+all109(B,C) 0.176005747126
[DEBUG] rsome109(A,B) :- somenot109(C,A), \+some109(C,B) 0.176005747126
[DEBUG] rsome109(A,B) :- somenot109(C,A), \+somenot109(C,B) 0.176005747126
[DEBUG] rsome109(A,B) :- somenot109(C,B), \+some109(C,A) 0.176005747126
[DEBUG] rsome109(A,B) :- somenot109(C,B), \+no109(C,A) 0.176005747126
[DEBUG] rsome109(A,B) :- somenot109(C,B), \+somenot109(C,A) 0.176005747126
[DEBUG] rsome109(A,B) :- somenot109(A,C), \+all109(B,C) 0.162466843501
[DEBUG] rsome109(A,B) :- somenot109(A,C), \+some109(C,B) 0.162466843501
[DEBUG] rsome109(A,B) :- somenot109(A,C), \+no109(B,C) 0.162466843501
[DEBUG] rsome109(A,B) :- somenot109(C,A), \+some109(B,C) 0.162466843501
[DEBUG] rsome109(A,B) :- somenot109(C,A), \+somenot109(B,C) 0.162466843501
[DEBUG] rsome109(A,B) :- somenot109(C,B), \+some109(A,C) 0.162466843501
[DEBUG] rsome109(A,B) :- somenot109(C,B), \+no109(A,C) 0.162466843501
[DEBUG] rsome109(A,B) :- somenot109(C,B), \+somenot109(A,C) 0.162466843501
[DEBUG] rsome109(A,B) :- some109(A,C), \+all109(C,B) 0.162466843501
[DEBUG] rsome109(A,B) :- some109(A,C), \+some109(C,B) 0.162466843501
[DEBUG] rsome109(A,B) :- some109(A,C), \+no109(C,B) 0.162466843501
[DEBUG] rsome109(A,B) :- some109(A,C), \+somenot109(B,C) 0.162466843501
[DEBUG] rsome109(A,B) :- some109(C,B), \+all109(A,C) 0.150862068966
[DEBUG] rsome109(A,B) :- some109(C,B), \+somenot109(A,C) 0.150862068966
[DEBUG] rsome109(A,B) :- no109(B,C), \+some109(A,C) 0.150862068966
[DEBUG] rsome109(A,B) :- no109(B,C), \+somenot109(A,C) 0.150862068966
[DEBUG] rsome109(A,B) :- some109(A,C), \+all109(B,C) 0.150862068966
[DEBUG] rsome109(A,B) :- some109(A,C), \+somenot109(C,B) 0.150862068966
[DEBUG] rsome109(A,B) :- all109(A,C), \+all109(C,B) 0.150862068966
[DEBUG] rsome109(A,B) :- all109(A,C), \+all109(B,C) 0.150862068966
[DEBUG] rsome109(A,B) :- all109(A,C), \+no109(C,B) 0.150862068966
[DEBUG] rsome109(A,B) :- all109(A,C), \+no109(B,C) 0.150862068966
[DEBUG] rsome109(A,B) :- all109(A,C), \+somenot109(B,C) 0.150862068966
[DEBUG] rsome109(A,B) :- all109(B,C), \+all109(A,C) 0.150862068966
[DEBUG] rsome109(A,B) :- all109(B,C), \+all109(C,A) 0.150862068966
[DEBUG] rsome109(A,B) :- all109(B,C), \+no109(A,C) 0.150862068966
[DEBUG] rsome109(A,B) :- all109(B,C), \+no109(C,A) 0.150862068966
[DEBUG] rsome109(A,B) :- all109(B,C), \+somenot109(C,A) 0.150862068966
[DEBUG] rsome109(A,B) :- all109(C,A), \+all109(C,B) 0.150862068966
[DEBUG] rsome109(A,B) :- all109(C,A), \+all109(B,C) 0.150862068966
[DEBUG] rsome109(A,B) :- all109(C,A), \+some109(B,C) 0.150862068966
[DEBUG] rsome109(A,B) :- all109(C,A), \+no109(C,B) 0.150862068966
[DEBUG] rsome109(A,B) :- all109(C,A), \+no109(B,C) 0.150862068966
[DEBUG] rsome109(A,B) :- all109(C,A), \+somenot109(B,C) 0.150862068966
[DEBUG] rsome109(A,B) :- some109(C,A), \+some109(C,B) 0.150862068966
[DEBUG] rsome109(A,B) :- some109(C,A), \+some109(B,C) 0.150862068966
[DEBUG] rsome109(A,B) :- some109(C,A), \+no109(B,C) 0.150862068966
[DEBUG] rsome109(A,B) :- some109(C,A), \+somenot109(C,B) 0.150862068966
[DEBUG] rsome109(A,B) :- some109(C,A), \+somenot109(B,C) 0.150862068966
[DEBUG] rsome109(A,B) :- no109(C,B), \+all109(A,C) 0.150862068966
[DEBUG] rsome109(A,B) :- no109(C,B), \+all109(C,A) 0.150862068966
[DEBUG] rsome109(A,B) :- no109(C,B), \+some109(A,C) 0.150862068966
[DEBUG] rsome109(A,B) :- no109(C,B), \+no109(A,C) 0.150862068966
[DEBUG] rsome109(A,B) :- no109(C,B), \+no109(C,A) 0.150862068966
[DEBUG] rsome109(A,B) :- all109(A,C), \+some109(B,C) 0.140804597701
[DEBUG] rsome109(A,B) :- all109(B,C), \+some109(A,C) 0.140804597701
[DEBUG] rsome109(A,B) :- some109(C,A), \+all109(C,B) 0.140804597701
[DEBUG] rsome109(A,B) :- no109(C,B), \+somenot109(A,C) 0.140804597701
[DEBUG] ==================================
[INFO] RULE LEARNED: rsome109(A,B) :- some109(C,B), all109(C,A) 0.896551724138
[DEBUG] Best rule so far: rsome109(A,B) :- true [0.104347826087]
[DEBUG] Candidates for iteration 1:
[DEBUG] ==================================
[DEBUG] rsome109(A,B) :- true 0.104347826087
[DEBUG] ==================================
[LVL9] rsome109(A,B) :- all109(A,C) 0.13152173913 (3.0, 13.0, 90.0, 10.0) 0.701449275362 [ACCEPT]
[LVL9] BETTER RULE rsome109(A,B) :- all109(A,C) (0.13152173913043477, 3.0) > (0.10434782608695652, 13.0)
[LVL9] rsome109(A,B) :- all109(B,C) 0.13152173913 (3.0, 13.0, 90.0, 10.0) 0.701449275362 [ACCEPT]
[LVL9] rsome109(A,B) :- all109(C,A) 0.0 (2.0, 13.0, 90.0, 11.0) 0.552173913043 [ACCEPT]
[LVL9] rsome109(A,B) :- some109(A,C) 0.140289855072 (3.0, 12.0, 91.0, 10.0) 0.701449275362 [ACCEPT]
[LVL9] BETTER RULE rsome109(A,B) :- some109(A,C) (0.14028985507246375, 3.0) > (0.13152173913043477, 3.0)
[LVL9] rsome109(A,B) :- some109(B,C) 0.0 (2.0, 13.0, 90.0, 11.0) 0.552173913043 [ACCEPT]
[LVL9] rsome109(A,B) :- some109(C,A) 0.13152173913 (3.0, 13.0, 90.0, 10.0) 0.701449275362 [ACCEPT]
[LVL9] rsome109(A,B) :- some109(C,B) 0.140289855072 (3.0, 12.0, 91.0, 10.0) 0.701449275362 [ACCEPT]
[LVL9] rsome109(A,B) :- no109(B,C) 0.19402173913 (4.0, 12.0, 91.0, 9.0) 0.776086956522 [ACCEPT]
[LVL9] BETTER RULE rsome109(A,B) :- no109(B,C) (0.19402173913043477, 4.0) > (0.14028985507246375, 3.0)
[LVL9] rsome109(A,B) :- no109(C,B) 0.13152173913 (3.0, 13.0, 90.0, 10.0) 0.701449275362 [ACCEPT]
[LVL9] rsome109(A,B) :- somenot109(A,C) 0.206956521739 (4.0, 11.0, 92.0, 9.0) 0.776086956522 [ACCEPT]
[LVL9] BETTER RULE rsome109(A,B) :- somenot109(A,C) (0.20695652173913043, 4.0) > (0.19402173913043477, 4.0)
[LVL9] rsome109(A,B) :- somenot109(C,A) 0.150310559006 (3.0, 11.0, 92.0, 10.0) 0.701449275362 [ACCEPT]
[LVL9] rsome109(A,B) :- somenot109(C,B) 0.150310559006 (3.0, 11.0, 92.0, 10.0) 0.701449275362 [ACCEPT]
[DEBUG] Best rule so far: rsome109(A,B) :- somenot109(A,C) [0.206956521739]
[DEBUG] Candidates for iteration 2:
[DEBUG] ==================================
[DEBUG] rsome109(A,B) :- somenot109(A,C) 0.206956521739
[DEBUG] rsome109(A,B) :- no109(B,C) 0.19402173913
[DEBUG] rsome109(A,B) :- somenot109(C,A) 0.150310559006
[DEBUG] rsome109(A,B) :- somenot109(C,B) 0.150310559006
[DEBUG] rsome109(A,B) :- some109(A,C) 0.140289855072
[DEBUG] rsome109(A,B) :- some109(C,B) 0.140289855072
[DEBUG] rsome109(A,B) :- all109(A,C) 0.13152173913
[DEBUG] rsome109(A,B) :- all109(B,C) 0.13152173913
[DEBUG] rsome109(A,B) :- some109(C,A) 0.13152173913
[DEBUG] rsome109(A,B) :- no109(C,B) 0.13152173913
[DEBUG] rsome109(A,B) :- all109(C,A) 0.0
[DEBUG] rsome109(A,B) :- some109(B,C) 0.0
[DEBUG] ==================================
[LVL9] rsome109(A,B) :- somenot109(A,C), all109(B,C) 0.368115942029 (2.0, 1.0, 102.0, 11.0) 0.552173913043 [ACCEPT]
[LVL9] BETTER RULE rsome109(A,B) :- somenot109(A,C), all109(B,C) (0.3681159420289855, 2.0) > (0.20695652173913043, 4.0)
[LVL9] rsome109(A,B) :- somenot109(A,C), all109(B,D) 0.368115942029 (2.0, 1.0, 102.0, 11.0) 0.552173913043 [ACCEPT]
[LVL9] rsome109(A,B) :- somenot109(A,C), all109(D,C) 0.368115942029 (2.0, 1.0, 102.0, 11.0) 0.552173913043 [ACCEPT]
[LVL9] rsome109(A,B) :- somenot109(A,C), some109(C,B) 0.368115942029 (2.0, 1.0, 102.0, 11.0) 0.552173913043 [ACCEPT]
[LVL9] rsome109(A,B) :- somenot109(A,C), some109(C,D) 0.368115942029 (2.0, 1.0, 102.0, 11.0) 0.552173913043 [ACCEPT]
[LVL9] rsome109(A,B) :- somenot109(A,C), some109(D,B) 0.368115942029 (2.0, 1.0, 102.0, 11.0) 0.552173913043 [ACCEPT]
[LVL9] rsome109(A,B) :- somenot109(A,C), no109(B,C) 0.368115942029 (2.0, 1.0, 102.0, 11.0) 0.552173913043 [ACCEPT]
[LVL9] rsome109(A,B) :- somenot109(A,C), no109(B,D) 0.368115942029 (2.0, 1.0, 102.0, 11.0) 0.552173913043 [ACCEPT]
[LVL9] rsome109(A,B) :- somenot109(A,C), no109(D,C) 0.368115942029 (2.0, 1.0, 102.0, 11.0) 0.552173913043 [ACCEPT]
[LVL9] rsome109(A,B) :- somenot109(A,C), \+all109(C,B) 0.238795986622 (4.0, 9.0, 94.0, 9.0) 0.776086956522 [ACCEPT]
[LVL9] rsome109(A,B) :- somenot109(A,C), \+all109(B,C) 0.161872909699 (3.0, 10.0, 93.0, 10.0) 0.701449275362 [ACCEPT]
[LVL9] rsome109(A,B) :- somenot109(A,C), \+some109(C,B) 0.161872909699 (3.0, 10.0, 93.0, 10.0) 0.701449275362 [ACCEPT]
[LVL9] rsome109(A,B) :- somenot109(A,C), \+some109(B,C) 0.238795986622 (4.0, 9.0, 94.0, 9.0) 0.776086956522 [ACCEPT]
[LVL9] rsome109(A,B) :- somenot109(A,C), \+no109(C,B) 0.221739130435 (4.0, 10.0, 93.0, 9.0) 0.776086956522 [ACCEPT]
[LVL9] rsome109(A,B) :- somenot109(A,C), \+no109(B,C) 0.161872909699 (3.0, 10.0, 93.0, 10.0) 0.701449275362 [ACCEPT]
[LVL9] rsome109(A,B) :- somenot109(A,C), \+somenot109(C,B) 0.221739130435 (4.0, 10.0, 93.0, 9.0) 0.776086956522 [ACCEPT]
[LVL9] rsome109(A,B) :- somenot109(A,C), \+somenot109(B,C) 0.238795986622 (4.0, 9.0, 94.0, 9.0) 0.776086956522 [ACCEPT]
[LVL9] rsome109(A,B) :- no109(B,C), some109(A,C) 0.368115942029 (2.0, 1.0, 102.0, 11.0) 0.552173913043 [ACCEPT]
[LVL9] rsome109(A,B) :- no109(B,C), some109(A,D) 0.368115942029 (2.0, 1.0, 102.0, 11.0) 0.552173913043 [ACCEPT]
[LVL9] rsome109(A,B) :- no109(B,C), some109(D,C) 0.368115942029 (2.0, 1.0, 102.0, 11.0) 0.552173913043 [ACCEPT]
[LVL9] rsome109(A,B) :- no109(B,C), somenot109(C,A) 0.552173913043 (2.0, 0.0, 103.0, 11.0) 0.552173913043 [REJECT* fp] 1.0
[LVL9] BETTER RULE rsome109(A,B) :- no109(B,C), somenot109(C,A) (0.5521739130434783, 2.0) > (0.3681159420289855, 2.0)
[LVL9] rsome109(A,B) :- no109(B,C), \+all109(A,C) 0.221739130435 (4.0, 10.0, 93.0, 9.0) 0.776086956522 [ACCEPT]
[LVL9] rsome109(A,B) :- no109(B,C), \+all109(C,A) 0.221739130435 (4.0, 10.0, 93.0, 9.0) 0.776086956522 [ACCEPT]
[LVL9] rsome109(A,B) :- no109(B,C), \+some109(A,C) 0.150310559006 (3.0, 11.0, 92.0, 10.0) 0.701449275362 [ACCEPT]
[LVL9] rsome109(A,B) :- no109(B,C), \+some109(C,A) 0.221739130435 (4.0, 10.0, 93.0, 9.0) 0.776086956522 [ACCEPT]
[LVL9] rsome109(A,B) :- no109(B,C), \+no109(A,C) 0.221739130435 (4.0, 10.0, 93.0, 9.0) 0.776086956522 [ACCEPT]
[LVL9] rsome109(A,B) :- no109(B,C), \+no109(C,A) 0.221739130435 (4.0, 10.0, 93.0, 9.0) 0.776086956522 [ACCEPT]
[LVL9] rsome109(A,B) :- no109(B,C), \+somenot109(A,C) 0.150310559006 (3.0, 11.0, 92.0, 10.0) 0.701449275362 [ACCEPT]
[LVL9] rsome109(A,B) :- somenot109(C,A), \+all109(C,B) 0.175362318841 (3.0, 9.0, 94.0, 10.0) 0.701449275362 [ACCEPT]
[LVL9] rsome109(A,B) :- somenot109(C,A), \+all109(B,C) 0.175362318841 (3.0, 9.0, 94.0, 10.0) 0.701449275362 [ACCEPT]
[LVL9] rsome109(A,B) :- somenot109(C,A), \+some109(C,B) 0.175362318841 (3.0, 9.0, 94.0, 10.0) 0.701449275362 [ACCEPT]
[LVL9] rsome109(A,B) :- somenot109(C,A), \+some109(B,C) 0.161872909699 (3.0, 10.0, 93.0, 10.0) 0.701449275362 [ACCEPT]
[LVL9] rsome109(A,B) :- somenot109(C,A), \+somenot109(C,B) 0.175362318841 (3.0, 9.0, 94.0, 10.0) 0.701449275362 [ACCEPT]
[LVL9] rsome109(A,B) :- somenot109(C,A), \+somenot109(B,C) 0.161872909699 (3.0, 10.0, 93.0, 10.0) 0.701449275362 [ACCEPT]
[LVL9] rsome109(A,B) :- somenot109(C,B), \+some109(A,C) 0.161872909699 (3.0, 10.0, 93.0, 10.0) 0.701449275362 [ACCEPT]
[LVL9] rsome109(A,B) :- somenot109(C,B), \+some109(C,A) 0.175362318841 (3.0, 9.0, 94.0, 10.0) 0.701449275362 [ACCEPT]
[LVL9] rsome109(A,B) :- somenot109(C,B), \+no109(A,C) 0.161872909699 (3.0, 10.0, 93.0, 10.0) 0.701449275362 [ACCEPT]
[LVL9] rsome109(A,B) :- somenot109(C,B), \+no109(C,A) 0.175362318841 (3.0, 9.0, 94.0, 10.0) 0.701449275362 [ACCEPT]
[LVL9] rsome109(A,B) :- somenot109(C,B), \+somenot109(A,C) 0.161872909699 (3.0, 10.0, 93.0, 10.0) 0.701449275362 [ACCEPT]
[LVL9] rsome109(A,B) :- somenot109(C,B), \+somenot109(C,A) 0.175362318841 (3.0, 9.0, 94.0, 10.0) 0.701449275362 [ACCEPT]
[LVL9] rsome109(A,B) :- some109(A,C), \+all109(C,B) 0.161872909699 (3.0, 10.0, 93.0, 10.0) 0.701449275362 [ACCEPT]
[LVL9] rsome109(A,B) :- some109(A,C), \+all109(B,C) 0.150310559006 (3.0, 11.0, 92.0, 10.0) 0.701449275362 [ACCEPT]
[LVL9] rsome109(A,B) :- some109(A,C), \+some109(C,B) 0.161872909699 (3.0, 10.0, 93.0, 10.0) 0.701449275362 [ACCEPT]
[LVL9] rsome109(A,B) :- some109(A,C), \+no109(C,B) 0.161872909699 (3.0, 10.0, 93.0, 10.0) 0.701449275362 [ACCEPT]
[LVL9] rsome109(A,B) :- some109(A,C), \+somenot109(C,B) 0.150310559006 (3.0, 11.0, 92.0, 10.0) 0.701449275362 [ACCEPT]
[LVL9] rsome109(A,B) :- some109(A,C), \+somenot109(B,C) 0.161872909699 (3.0, 10.0, 93.0, 10.0) 0.701449275362 [ACCEPT]
[LVL9] rsome109(A,B) :- some109(C,B), \+some109(A,C) 0.161872909699 (3.0, 10.0, 93.0, 10.0) 0.701449275362 [ACCEPT]
[LVL9] rsome109(A,B) :- some109(C,B), \+some109(C,A) 0.161872909699 (3.0, 10.0, 93.0, 10.0) 0.701449275362 [ACCEPT]
[LVL9] rsome109(A,B) :- some109(C,B), \+no109(A,C) 0.161872909699 (3.0, 10.0, 93.0, 10.0) 0.701449275362 [ACCEPT]
[LVL9] rsome109(A,B) :- some109(C,B), \+no109(C,A) 0.161872909699 (3.0, 10.0, 93.0, 10.0) 0.701449275362 [ACCEPT]
[LVL9] rsome109(A,B) :- some109(C,B), \+somenot109(C,A) 0.161872909699 (3.0, 10.0, 93.0, 10.0) 0.701449275362 [ACCEPT]
[LVL9] rsome109(A,B) :- all109(A,C), \+all109(C,B) 0.150310559006 (3.0, 11.0, 92.0, 10.0) 0.701449275362 [ACCEPT]
[LVL9] rsome109(A,B) :- all109(A,C), \+all109(B,C) 0.150310559006 (3.0, 11.0, 92.0, 10.0) 0.701449275362 [ACCEPT]
[LVL9] rsome109(A,B) :- all109(A,C), \+some109(B,C) 0.140289855072 (3.0, 12.0, 91.0, 10.0) 0.701449275362 [ACCEPT]
[LVL9] rsome109(A,B) :- all109(A,C), \+no109(C,B) 0.150310559006 (3.0, 11.0, 92.0, 10.0) 0.701449275362 [ACCEPT]
[LVL9] rsome109(A,B) :- all109(A,C), \+no109(B,C) 0.150310559006 (3.0, 11.0, 92.0, 10.0) 0.701449275362 [ACCEPT]
[LVL9] rsome109(A,B) :- all109(A,C), \+somenot109(B,C) 0.150310559006 (3.0, 11.0, 92.0, 10.0) 0.701449275362 [ACCEPT]
[LVL9] rsome109(A,B) :- all109(B,C), \+all109(A,C) 0.150310559006 (3.0, 11.0, 92.0, 10.0) 0.701449275362 [ACCEPT]
[LVL9] rsome109(A,B) :- all109(B,C), \+all109(C,A) 0.150310559006 (3.0, 11.0, 92.0, 10.0) 0.701449275362 [ACCEPT]
[LVL9] rsome109(A,B) :- all109(B,C), \+some109(A,C) 0.140289855072 (3.0, 12.0, 91.0, 10.0) 0.701449275362 [ACCEPT]
[LVL9] rsome109(A,B) :- all109(B,C), \+no109(A,C) 0.150310559006 (3.0, 11.0, 92.0, 10.0) 0.701449275362 [ACCEPT]
[LVL9] rsome109(A,B) :- all109(B,C), \+no109(C,A) 0.150310559006 (3.0, 11.0, 92.0, 10.0) 0.701449275362 [ACCEPT]
[LVL9] rsome109(A,B) :- all109(B,C), \+somenot109(C,A) 0.150310559006 (3.0, 11.0, 92.0, 10.0) 0.701449275362 [ACCEPT]
[LVL9] rsome109(A,B) :- some109(C,A), \+all109(C,B) 0.140289855072 (3.0, 12.0, 91.0, 10.0) 0.701449275362 [ACCEPT]
[LVL9] rsome109(A,B) :- some109(C,A), \+some109(C,B) 0.150310559006 (3.0, 11.0, 92.0, 10.0) 0.701449275362 [ACCEPT]
[LVL9] rsome109(A,B) :- some109(C,A), \+some109(B,C) 0.150310559006 (3.0, 11.0, 92.0, 10.0) 0.701449275362 [ACCEPT]
[LVL9] rsome109(A,B) :- some109(C,A), \+no109(B,C) 0.150310559006 (3.0, 11.0, 92.0, 10.0) 0.701449275362 [ACCEPT]
[LVL9] rsome109(A,B) :- some109(C,A), \+somenot109(C,B) 0.150310559006 (3.0, 11.0, 92.0, 10.0) 0.701449275362 [ACCEPT]
[LVL9] rsome109(A,B) :- some109(C,A), \+somenot109(B,C) 0.150310559006 (3.0, 11.0, 92.0, 10.0) 0.701449275362 [ACCEPT]
[LVL9] rsome109(A,B) :- no109(C,B), \+all109(A,C) 0.150310559006 (3.0, 11.0, 92.0, 10.0) 0.701449275362 [ACCEPT]
[LVL9] rsome109(A,B) :- no109(C,B), \+all109(C,A) 0.150310559006 (3.0, 11.0, 92.0, 10.0) 0.701449275362 [ACCEPT]
[LVL9] rsome109(A,B) :- no109(C,B), \+some109(A,C) 0.150310559006 (3.0, 11.0, 92.0, 10.0) 0.701449275362 [ACCEPT]
[LVL9] rsome109(A,B) :- no109(C,B), \+no109(A,C) 0.150310559006 (3.0, 11.0, 92.0, 10.0) 0.701449275362 [ACCEPT]
[LVL9] rsome109(A,B) :- no109(C,B), \+no109(C,A) 0.150310559006 (3.0, 11.0, 92.0, 10.0) 0.701449275362 [ACCEPT]
[LVL9] rsome109(A,B) :- no109(C,B), \+somenot109(A,C) 0.140289855072 (3.0, 12.0, 91.0, 10.0) 0.701449275362 [ACCEPT]
[DEBUG] Best rule so far: rsome109(A,B) :- no109(B,C), somenot109(C,A) [0.552173913043]
[DEBUG] Candidates for iteration 3:
[DEBUG] ==================================
[DEBUG] rsome109(A,B) :- somenot109(A,C), all109(B,C) 0.368115942029
[DEBUG] rsome109(A,B) :- somenot109(A,C), all109(B,D) 0.368115942029
[DEBUG] rsome109(A,B) :- somenot109(A,C), all109(D,C) 0.368115942029
[DEBUG] rsome109(A,B) :- somenot109(A,C), some109(C,B) 0.368115942029
[DEBUG] rsome109(A,B) :- somenot109(A,C), some109(C,D) 0.368115942029
[DEBUG] rsome109(A,B) :- somenot109(A,C), some109(D,B) 0.368115942029
[DEBUG] rsome109(A,B) :- somenot109(A,C), no109(B,C) 0.368115942029
[DEBUG] rsome109(A,B) :- somenot109(A,C), no109(B,D) 0.368115942029
[DEBUG] rsome109(A,B) :- somenot109(A,C), no109(D,C) 0.368115942029
[DEBUG] rsome109(A,B) :- no109(B,C), some109(A,C) 0.368115942029
[DEBUG] rsome109(A,B) :- no109(B,C), some109(A,D) 0.368115942029
[DEBUG] rsome109(A,B) :- no109(B,C), some109(D,C) 0.368115942029
[DEBUG] rsome109(A,B) :- somenot109(A,C), \+all109(C,B) 0.238795986622
[DEBUG] rsome109(A,B) :- somenot109(A,C), \+some109(B,C) 0.238795986622
[DEBUG] rsome109(A,B) :- somenot109(A,C), \+somenot109(B,C) 0.238795986622
[DEBUG] rsome109(A,B) :- somenot109(A,C), \+no109(C,B) 0.221739130435
[DEBUG] rsome109(A,B) :- somenot109(A,C), \+somenot109(C,B) 0.221739130435
[DEBUG] rsome109(A,B) :- no109(B,C), \+all109(A,C) 0.221739130435
[DEBUG] rsome109(A,B) :- no109(B,C), \+all109(C,A) 0.221739130435
[DEBUG] rsome109(A,B) :- no109(B,C), \+some109(C,A) 0.221739130435
[DEBUG] rsome109(A,B) :- no109(B,C), \+no109(A,C) 0.221739130435
[DEBUG] rsome109(A,B) :- no109(B,C), \+no109(C,A) 0.221739130435
[DEBUG] rsome109(A,B) :- somenot109(C,A), \+all109(C,B) 0.175362318841
[DEBUG] rsome109(A,B) :- somenot109(C,A), \+all109(B,C) 0.175362318841
[DEBUG] rsome109(A,B) :- somenot109(C,A), \+some109(C,B) 0.175362318841
[DEBUG] rsome109(A,B) :- somenot109(C,A), \+somenot109(C,B) 0.175362318841
[DEBUG] rsome109(A,B) :- somenot109(C,B), \+some109(C,A) 0.175362318841
[DEBUG] rsome109(A,B) :- somenot109(C,B), \+no109(C,A) 0.175362318841
[DEBUG] rsome109(A,B) :- somenot109(C,B), \+somenot109(C,A) 0.175362318841
[DEBUG] rsome109(A,B) :- somenot109(A,C), \+all109(B,C) 0.161872909699
[DEBUG] rsome109(A,B) :- somenot109(A,C), \+some109(C,B) 0.161872909699
[DEBUG] rsome109(A,B) :- somenot109(A,C), \+no109(B,C) 0.161872909699
[DEBUG] rsome109(A,B) :- somenot109(C,A), \+some109(B,C) 0.161872909699
[DEBUG] rsome109(A,B) :- somenot109(C,A), \+somenot109(B,C) 0.161872909699
[DEBUG] rsome109(A,B) :- somenot109(C,B), \+some109(A,C) 0.161872909699
[DEBUG] rsome109(A,B) :- somenot109(C,B), \+no109(A,C) 0.161872909699
[DEBUG] rsome109(A,B) :- somenot109(C,B), \+somenot109(A,C) 0.161872909699
[DEBUG] rsome109(A,B) :- some109(A,C), \+all109(C,B) 0.161872909699
[DEBUG] rsome109(A,B) :- some109(A,C), \+some109(C,B) 0.161872909699
[DEBUG] rsome109(A,B) :- some109(A,C), \+no109(C,B) 0.161872909699
[DEBUG] rsome109(A,B) :- some109(A,C), \+somenot109(B,C) 0.161872909699
[DEBUG] rsome109(A,B) :- some109(C,B), \+some109(A,C) 0.161872909699
[DEBUG] rsome109(A,B) :- some109(C,B), \+some109(C,A) 0.161872909699
[DEBUG] rsome109(A,B) :- some109(C,B), \+no109(A,C) 0.161872909699
[DEBUG] rsome109(A,B) :- some109(C,B), \+no109(C,A) 0.161872909699
[DEBUG] rsome109(A,B) :- some109(C,B), \+somenot109(C,A) 0.161872909699
[DEBUG] rsome109(A,B) :- no109(B,C), \+some109(A,C) 0.150310559006
[DEBUG] rsome109(A,B) :- no109(B,C), \+somenot109(A,C) 0.150310559006
[DEBUG] rsome109(A,B) :- some109(A,C), \+all109(B,C) 0.150310559006
[DEBUG] rsome109(A,B) :- some109(A,C), \+somenot109(C,B) 0.150310559006
[DEBUG] rsome109(A,B) :- all109(A,C), \+all109(C,B) 0.150310559006
[DEBUG] rsome109(A,B) :- all109(A,C), \+all109(B,C) 0.150310559006
[DEBUG] rsome109(A,B) :- all109(A,C), \+no109(C,B) 0.150310559006
[DEBUG] rsome109(A,B) :- all109(A,C), \+no109(B,C) 0.150310559006
[DEBUG] rsome109(A,B) :- all109(A,C), \+somenot109(B,C) 0.150310559006
[DEBUG] rsome109(A,B) :- all109(B,C), \+all109(A,C) 0.150310559006
[DEBUG] rsome109(A,B) :- all109(B,C), \+all109(C,A) 0.150310559006
[DEBUG] rsome109(A,B) :- all109(B,C), \+no109(A,C) 0.150310559006
[DEBUG] rsome109(A,B) :- all109(B,C), \+no109(C,A) 0.150310559006
[DEBUG] rsome109(A,B) :- all109(B,C), \+somenot109(C,A) 0.150310559006
[DEBUG] rsome109(A,B) :- some109(C,A), \+some109(C,B) 0.150310559006
[DEBUG] rsome109(A,B) :- some109(C,A), \+some109(B,C) 0.150310559006
[DEBUG] rsome109(A,B) :- some109(C,A), \+no109(B,C) 0.150310559006
[DEBUG] rsome109(A,B) :- some109(C,A), \+somenot109(C,B) 0.150310559006
[DEBUG] rsome109(A,B) :- some109(C,A), \+somenot109(B,C) 0.150310559006
[DEBUG] rsome109(A,B) :- no109(C,B), \+all109(A,C) 0.150310559006
[DEBUG] rsome109(A,B) :- no109(C,B), \+all109(C,A) 0.150310559006
[DEBUG] rsome109(A,B) :- no109(C,B), \+some109(A,C) 0.150310559006
[DEBUG] rsome109(A,B) :- no109(C,B), \+no109(A,C) 0.150310559006
[DEBUG] rsome109(A,B) :- no109(C,B), \+no109(C,A) 0.150310559006
[DEBUG] rsome109(A,B) :- all109(A,C), \+some109(B,C) 0.140289855072
[DEBUG] rsome109(A,B) :- all109(B,C), \+some109(A,C) 0.140289855072
[DEBUG] rsome109(A,B) :- some109(C,A), \+all109(C,B) 0.140289855072
[DEBUG] rsome109(A,B) :- no109(C,B), \+somenot109(A,C) 0.140289855072
[DEBUG] ==================================
[INFO] RULE LEARNED: rsome109(A,B) :- no109(B,C), somenot109(C,A) 0.905172413793
[DEBUG] Best rule so far: rsome109(A,B) :- true [0.0964912280702]
[DEBUG] Candidates for iteration 1:
[DEBUG] ==================================
[DEBUG] rsome109(A,B) :- true 0.0964912280702
[DEBUG] ==================================
[LVL9] rsome109(A,B) :- all109(A,C) 0.131030701754 (4.0, 13.0, 90.0, 9.0) 0.698830409357 [ACCEPT]
[LVL9] BETTER RULE rsome109(A,B) :- all109(A,C) (0.13103070175438597, 4.0) > (0.09649122807017543, 13.0)
[LVL9] rsome109(A,B) :- all109(B,C) 0.131030701754 (4.0, 13.0, 90.0, 9.0) 0.698830409357 [ACCEPT]
[LVL9] rsome109(A,B) :- all109(C,A) 0.0 (3.0, 13.0, 90.0, 10.0) 0.548245614035 [ACCEPT]
[LVL9] rsome109(A,B) :- some109(A,C) 0.139766081871 (4.0, 12.0, 91.0, 9.0) 0.698830409357 [ACCEPT]
[LVL9] BETTER RULE rsome109(A,B) :- some109(A,C) (0.13976608187134504, 4.0) > (0.13103070175438597, 4.0)
[LVL9] rsome109(A,B) :- some109(B,C) 0.0 (3.0, 13.0, 90.0, 10.0) 0.548245614035 [ACCEPT]
[LVL9] rsome109(A,B) :- some109(C,A) 0.131030701754 (4.0, 13.0, 90.0, 9.0) 0.698830409357 [ACCEPT]
[LVL9] rsome109(A,B) :- some109(C,B) 0.139766081871 (4.0, 12.0, 91.0, 9.0) 0.698830409357 [ACCEPT]
[LVL9] rsome109(A,B) :- no109(B,C) 0.139766081871 (4.0, 12.0, 91.0, 9.0) 0.698830409357 [ACCEPT]
[LVL9] rsome109(A,B) :- no109(C,B) 0.131030701754 (4.0, 13.0, 90.0, 9.0) 0.698830409357 [ACCEPT]
[LVL9] rsome109(A,B) :- somenot109(A,C) 0.206432748538 (5.0, 11.0, 92.0, 8.0) 0.774122807018 [ACCEPT]
[LVL9] BETTER RULE rsome109(A,B) :- somenot109(A,C) (0.2064327485380117, 5.0) > (0.13976608187134504, 4.0)
[LVL9] rsome109(A,B) :- somenot109(C,A) 0.0 (3.0, 11.0, 92.0, 10.0) 0.548245614035 [ACCEPT]
[LVL9] rsome109(A,B) :- somenot109(C,B) 0.149749373434 (4.0, 11.0, 92.0, 9.0) 0.698830409357 [ACCEPT]
[DEBUG] Best rule so far: rsome109(A,B) :- somenot109(A,C) [0.206432748538]
[DEBUG] Candidates for iteration 2:
[DEBUG] ==================================
[DEBUG] rsome109(A,B) :- somenot109(A,C) 0.206432748538
[DEBUG] rsome109(A,B) :- somenot109(C,B) 0.149749373434
[DEBUG] rsome109(A,B) :- some109(A,C) 0.139766081871
[DEBUG] rsome109(A,B) :- some109(C,B) 0.139766081871
[DEBUG] rsome109(A,B) :- no109(B,C) 0.139766081871
[DEBUG] rsome109(A,B) :- all109(A,C) 0.131030701754
[DEBUG] rsome109(A,B) :- all109(B,C) 0.131030701754
[DEBUG] rsome109(A,B) :- some109(C,A) 0.131030701754
[DEBUG] rsome109(A,B) :- no109(C,B) 0.131030701754
[DEBUG] rsome109(A,B) :- all109(C,A) 0.0
[DEBUG] rsome109(A,B) :- some109(B,C) 0.0
[DEBUG] rsome109(A,B) :- somenot109(C,A) 0.0
[DEBUG] ==================================
[LVL9] rsome109(A,B) :- somenot109(A,C), all109(B,C) 0.365497076023 (3.0, 1.0, 102.0, 10.0) 0.548245614035 [ACCEPT]
[LVL9] BETTER RULE rsome109(A,B) :- somenot109(A,C), all109(B,C) (0.3654970760233918, 3.0) > (0.2064327485380117, 5.0)
[LVL9] rsome109(A,B) :- somenot109(A,C), all109(B,D) 0.365497076023 (3.0, 1.0, 102.0, 10.0) 0.548245614035 [ACCEPT]
[LVL9] rsome109(A,B) :- somenot109(A,C), all109(D,C) 0.365497076023 (3.0, 1.0, 102.0, 10.0) 0.548245614035 [ACCEPT]
[LVL9] rsome109(A,B) :- somenot109(A,C), some109(C,B) 0.365497076023 (3.0, 1.0, 102.0, 10.0) 0.548245614035 [ACCEPT]
[LVL9] rsome109(A,B) :- somenot109(A,C), some109(C,D) 0.365497076023 (3.0, 1.0, 102.0, 10.0) 0.548245614035 [ACCEPT]
[LVL9] rsome109(A,B) :- somenot109(A,C), some109(D,B) 0.365497076023 (3.0, 1.0, 102.0, 10.0) 0.548245614035 [ACCEPT]
[LVL9] rsome109(A,B) :- somenot109(A,C), no109(B,C) 0.365497076023 (3.0, 1.0, 102.0, 10.0) 0.548245614035 [ACCEPT]
[LVL9] rsome109(A,B) :- somenot109(A,C), no109(B,D) 0.365497076023 (3.0, 1.0, 102.0, 10.0) 0.548245614035 [ACCEPT]
[LVL9] rsome109(A,B) :- somenot109(A,C), no109(D,C) 0.365497076023 (3.0, 1.0, 102.0, 10.0) 0.548245614035 [ACCEPT]
[LVL9] rsome109(A,B) :- somenot109(A,C), \+all109(C,B) 0.238191632928 (5.0, 9.0, 94.0, 8.0) 0.774122807018 [ACCEPT]
[LVL9] rsome109(A,B) :- somenot109(A,C), \+all109(B,C) 0.161268556005 (4.0, 10.0, 93.0, 9.0) 0.698830409357 [ACCEPT]
[LVL9] rsome109(A,B) :- somenot109(A,C), \+some109(C,B) 0.161268556005 (4.0, 10.0, 93.0, 9.0) 0.698830409357 [ACCEPT]
[LVL9] rsome109(A,B) :- somenot109(A,C), \+some109(B,C) 0.238191632928 (5.0, 9.0, 94.0, 8.0) 0.774122807018 [ACCEPT]
[LVL9] rsome109(A,B) :- somenot109(A,C), \+no109(C,B) 0.221177944862 (5.0, 10.0, 93.0, 8.0) 0.774122807018 [ACCEPT]
[LVL9] rsome109(A,B) :- somenot109(A,C), \+no109(B,C) 0.161268556005 (4.0, 10.0, 93.0, 9.0) 0.698830409357 [ACCEPT]
[LVL9] rsome109(A,B) :- somenot109(A,C), \+somenot109(C,B) 0.221177944862 (5.0, 10.0, 93.0, 8.0) 0.774122807018 [ACCEPT]
[LVL9] rsome109(A,B) :- somenot109(A,C), \+somenot109(B,C) 0.238191632928 (5.0, 9.0, 94.0, 8.0) 0.774122807018 [ACCEPT]
[LVL9] rsome109(A,B) :- somenot109(C,B), all109(A,C) 0.365497076023 (3.0, 1.0, 102.0, 10.0) 0.548245614035 [ACCEPT]
[LVL9] rsome109(A,B) :- somenot109(C,B), all109(C,A) 0.365497076023 (3.0, 1.0, 102.0, 10.0) 0.548245614035 [ACCEPT]
[LVL9] rsome109(A,B) :- somenot109(C,B), all109(A,D) 0.365497076023 (3.0, 1.0, 102.0, 10.0) 0.548245614035 [ACCEPT]
[LVL9] rsome109(A,B) :- somenot109(C,B), all109(C,D) 0.365497076023 (3.0, 1.0, 102.0, 10.0) 0.548245614035 [ACCEPT]
[LVL9] rsome109(A,B) :- somenot109(C,B), all109(D,A) 0.365497076023 (3.0, 1.0, 102.0, 10.0) 0.548245614035 [ACCEPT]
[LVL9] rsome109(A,B) :- somenot109(C,B), all109(D,C) 0.365497076023 (3.0, 1.0, 102.0, 10.0) 0.548245614035 [ACCEPT]
[LVL9] rsome109(A,B) :- somenot109(C,B), \+all109(A,C) 0.0 (3.0, 10.0, 93.0, 10.0) 0.548245614035 [ACCEPT]
[LVL9] rsome109(A,B) :- somenot109(C,B), \+all109(C,A) 0.0 (3.0, 10.0, 93.0, 10.0) 0.548245614035 [ACCEPT]
[LVL9] rsome109(A,B) :- somenot109(C,B), \+some109(A,C) 0.161268556005 (4.0, 10.0, 93.0, 9.0) 0.698830409357 [ACCEPT]
[LVL9] rsome109(A,B) :- somenot109(C,B), \+some109(C,A) 0.174707602339 (4.0, 9.0, 94.0, 9.0) 0.698830409357 [ACCEPT]
[LVL9] rsome109(A,B) :- somenot109(C,B), \+no109(A,C) 0.161268556005 (4.0, 10.0, 93.0, 9.0) 0.698830409357 [ACCEPT]
[LVL9] rsome109(A,B) :- somenot109(C,B), \+no109(C,A) 0.174707602339 (4.0, 9.0, 94.0, 9.0) 0.698830409357 [ACCEPT]
[LVL9] rsome109(A,B) :- somenot109(C,B), \+somenot109(A,C) 0.161268556005 (4.0, 10.0, 93.0, 9.0) 0.698830409357 [ACCEPT]
[LVL9] rsome109(A,B) :- somenot109(C,B), \+somenot109(C,A) 0.174707602339 (4.0, 9.0, 94.0, 9.0) 0.698830409357 [ACCEPT]
[LVL9] rsome109(A,B) :- some109(A,C), some109(B,C) 0.365497076023 (3.0, 1.0, 102.0, 10.0) 0.548245614035 [ACCEPT]
[LVL9] rsome109(A,B) :- some109(A,C), some109(B,D) 0.365497076023 (3.0, 1.0, 102.0, 10.0) 0.548245614035 [ACCEPT]
[LVL9] rsome109(A,B) :- some109(A,C), no109(B,C) 0.365497076023 (3.0, 1.0, 102.0, 10.0) 0.548245614035 [ACCEPT]
[LVL9] rsome109(A,B) :- some109(A,C), no109(B,D) 0.365497076023 (3.0, 1.0, 102.0, 10.0) 0.548245614035 [ACCEPT]
[LVL9] rsome109(A,B) :- some109(A,C), no109(D,C) 0.365497076023 (3.0, 1.0, 102.0, 10.0) 0.548245614035 [ACCEPT]
[LVL9] rsome109(A,B) :- some109(A,C), \+all109(C,B) 0.161268556005 (4.0, 10.0, 93.0, 9.0) 0.698830409357 [ACCEPT]
[LVL9] rsome109(A,B) :- some109(A,C), \+all109(B,C) 0.149749373434 (4.0, 11.0, 92.0, 9.0) 0.698830409357 [ACCEPT]
[LVL9] rsome109(A,B) :- some109(A,C), \+some109(C,B) 0.161268556005 (4.0, 10.0, 93.0, 9.0) 0.698830409357 [ACCEPT]
[LVL9] rsome109(A,B) :- some109(A,C), \+some109(B,C) 0.0 (3.0, 11.0, 92.0, 10.0) 0.548245614035 [ACCEPT]
[LVL9] rsome109(A,B) :- some109(A,C), \+no109(C,B) 0.161268556005 (4.0, 10.0, 93.0, 9.0) 0.698830409357 [ACCEPT]
[LVL9] rsome109(A,B) :- some109(A,C), \+no109(B,C) 0.0 (3.0, 11.0, 92.0, 10.0) 0.548245614035 [ACCEPT]
[LVL9] rsome109(A,B) :- some109(A,C), \+somenot109(C,B) 0.149749373434 (4.0, 11.0, 92.0, 9.0) 0.698830409357 [ACCEPT]
[LVL9] rsome109(A,B) :- some109(A,C), \+somenot109(B,C) 0.161268556005 (4.0, 10.0, 93.0, 9.0) 0.698830409357 [ACCEPT]
[LVL9] rsome109(A,B) :- some109(C,B), all109(A,C) 0.365497076023 (3.0, 1.0, 102.0, 10.0) 0.548245614035 [ACCEPT]
[LVL9] rsome109(A,B) :- some109(C,B), all109(A,D) 0.365497076023 (3.0, 1.0, 102.0, 10.0) 0.548245614035 [ACCEPT]
[LVL9] rsome109(A,B) :- some109(C,B), all109(D,C) 0.365497076023 (3.0, 1.0, 102.0, 10.0) 0.548245614035 [ACCEPT]
[LVL9] rsome109(A,B) :- some109(C,B), somenot109(A,D) 0.365497076023 (3.0, 1.0, 102.0, 10.0) 0.548245614035 [ACCEPT]
[LVL9] rsome109(A,B) :- some109(C,B), somenot109(D,C) 0.365497076023 (3.0, 1.0, 102.0, 10.0) 0.548245614035 [ACCEPT]
[LVL9] rsome109(A,B) :- some109(C,B), \+all109(A,C) 0.0 (3.0, 11.0, 92.0, 10.0) 0.548245614035 [ACCEPT]
[LVL9] rsome109(A,B) :- some109(C,B), \+some109(A,C) 0.161268556005 (4.0, 10.0, 93.0, 9.0) 0.698830409357 [ACCEPT]
[LVL9] rsome109(A,B) :- some109(C,B), \+some109(C,A) 0.161268556005 (4.0, 10.0, 93.0, 9.0) 0.698830409357 [ACCEPT]
[LVL9] rsome109(A,B) :- some109(C,B), \+no109(A,C) 0.161268556005 (4.0, 10.0, 93.0, 9.0) 0.698830409357 [ACCEPT]
[LVL9] rsome109(A,B) :- some109(C,B), \+no109(C,A) 0.161268556005 (4.0, 10.0, 93.0, 9.0) 0.698830409357 [ACCEPT]
[LVL9] rsome109(A,B) :- some109(C,B), \+somenot109(A,C) 0.0 (3.0, 11.0, 92.0, 10.0) 0.548245614035 [ACCEPT]
[LVL9] rsome109(A,B) :- some109(C,B), \+somenot109(C,A) 0.161268556005 (4.0, 10.0, 93.0, 9.0) 0.698830409357 [ACCEPT]
[LVL9] rsome109(A,B) :- no109(B,C), some109(A,D) 0.365497076023 (3.0, 1.0, 102.0, 10.0) 0.548245614035 [ACCEPT]
[LVL9] rsome109(A,B) :- no109(B,C), some109(D,C) 0.365497076023 (3.0, 1.0, 102.0, 10.0) 0.548245614035 [ACCEPT]
[LVL9] rsome109(A,B) :- no109(B,C), somenot109(A,D) 0.365497076023 (3.0, 1.0, 102.0, 10.0) 0.548245614035 [ACCEPT]
[LVL9] rsome109(A,B) :- no109(B,C), somenot109(D,C) 0.365497076023 (3.0, 1.0, 102.0, 10.0) 0.548245614035 [ACCEPT]
[LVL9] rsome109(A,B) :- no109(B,C), \+all109(A,C) 0.161268556005 (4.0, 10.0, 93.0, 9.0) 0.698830409357 [ACCEPT]
[LVL9] rsome109(A,B) :- no109(B,C), \+all109(C,A) 0.161268556005 (4.0, 10.0, 93.0, 9.0) 0.698830409357 [ACCEPT]
[LVL9] rsome109(A,B) :- no109(B,C), \+some109(A,C) 0.0 (3.0, 11.0, 92.0, 10.0) 0.548245614035 [ACCEPT]
[LVL9] rsome109(A,B) :- no109(B,C), \+some109(C,A) 0.161268556005 (4.0, 10.0, 93.0, 9.0) 0.698830409357 [ACCEPT]
[LVL9] rsome109(A,B) :- no109(B,C), \+no109(A,C) 0.161268556005 (4.0, 10.0, 93.0, 9.0) 0.698830409357 [ACCEPT]
[LVL9] rsome109(A,B) :- no109(B,C), \+no109(C,A) 0.161268556005 (4.0, 10.0, 93.0, 9.0) 0.698830409357 [ACCEPT]
[LVL9] rsome109(A,B) :- no109(B,C), \+somenot109(A,C) 0.0 (3.0, 11.0, 92.0, 10.0) 0.548245614035 [ACCEPT]
[LVL9] rsome109(A,B) :- all109(A,C), some109(C,D) 0.365497076023 (3.0, 1.0, 102.0, 10.0) 0.548245614035 [ACCEPT]
[LVL9] rsome109(A,B) :- all109(A,C), some109(D,B) 0.365497076023 (3.0, 1.0, 102.0, 10.0) 0.548245614035 [ACCEPT]
[LVL9] rsome109(A,B) :- all109(A,C), somenot109(C,D) 0.365497076023 (3.0, 1.0, 102.0, 10.0) 0.548245614035 [ACCEPT]
[LVL9] rsome109(A,B) :- all109(A,C), somenot109(D,B) 0.365497076023 (3.0, 1.0, 102.0, 10.0) 0.548245614035 [ACCEPT]
[LVL9] rsome109(A,B) :- all109(A,C), \+all109(C,B) 0.149749373434 (4.0, 11.0, 92.0, 9.0) 0.698830409357 [ACCEPT]
[LVL9] rsome109(A,B) :- all109(A,C), \+all109(B,C) 0.149749373434 (4.0, 11.0, 92.0, 9.0) 0.698830409357 [ACCEPT]
[LVL9] rsome109(A,B) :- all109(A,C), \+some109(C,B) 0.0 (3.0, 12.0, 91.0, 10.0) 0.548245614035 [ACCEPT]
[LVL9] rsome109(A,B) :- all109(A,C), \+some109(B,C) 0.139766081871 (4.0, 12.0, 91.0, 9.0) 0.698830409357 [ACCEPT]
[LVL9] rsome109(A,B) :- all109(A,C), \+no109(C,B) 0.149749373434 (4.0, 11.0, 92.0, 9.0) 0.698830409357 [ACCEPT]
[LVL9] rsome109(A,B) :- all109(A,C), \+no109(B,C) 0.149749373434 (4.0, 11.0, 92.0, 9.0) 0.698830409357 [ACCEPT]
[LVL9] rsome109(A,B) :- all109(A,C), \+somenot109(C,B) 0.0 (3.0, 12.0, 91.0, 10.0) 0.548245614035 [ACCEPT]
[LVL9] rsome109(A,B) :- all109(A,C), \+somenot109(B,C) 0.149749373434 (4.0, 11.0, 92.0, 9.0) 0.698830409357 [ACCEPT]
[LVL9] rsome109(A,B) :- all109(B,C), some109(C,A) 0.365497076023 (3.0, 1.0, 102.0, 10.0) 0.548245614035 [ACCEPT]
[LVL9] rsome109(A,B) :- all109(B,C), some109(C,D) 0.365497076023 (3.0, 1.0, 102.0, 10.0) 0.548245614035 [ACCEPT]
[LVL9] rsome109(A,B) :- all109(B,C), some109(D,A) 0.365497076023 (3.0, 1.0, 102.0, 10.0) 0.548245614035 [ACCEPT]
[LVL9] rsome109(A,B) :- all109(B,C), somenot109(A,D) 0.365497076023 (3.0, 1.0, 102.0, 10.0) 0.548245614035 [ACCEPT]
[LVL9] rsome109(A,B) :- all109(B,C), somenot109(D,C) 0.365497076023 (3.0, 1.0, 102.0, 10.0) 0.548245614035 [ACCEPT]
[LVL9] rsome109(A,B) :- all109(B,C), \+all109(A,C) 0.149749373434 (4.0, 11.0, 92.0, 9.0) 0.698830409357 [ACCEPT]
[LVL9] rsome109(A,B) :- all109(B,C), \+all109(C,A) 0.149749373434 (4.0, 11.0, 92.0, 9.0) 0.698830409357 [ACCEPT]
[LVL9] rsome109(A,B) :- all109(B,C), \+some109(A,C) 0.139766081871 (4.0, 12.0, 91.0, 9.0) 0.698830409357 [ACCEPT]
[LVL9] rsome109(A,B) :- all109(B,C), \+some109(C,A) 0.0 (3.0, 12.0, 91.0, 10.0) 0.548245614035 [ACCEPT]
[LVL9] rsome109(A,B) :- all109(B,C), \+no109(A,C) 0.149749373434 (4.0, 11.0, 92.0, 9.0) 0.698830409357 [ACCEPT]
[LVL9] rsome109(A,B) :- all109(B,C), \+no109(C,A) 0.149749373434 (4.0, 11.0, 92.0, 9.0) 0.698830409357 [ACCEPT]
[LVL9] rsome109(A,B) :- all109(B,C), \+somenot109(A,C) 0.0 (3.0, 12.0, 91.0, 10.0) 0.548245614035 [ACCEPT]
[LVL9] rsome109(A,B) :- all109(B,C), \+somenot109(C,A) 0.149749373434 (4.0, 11.0, 92.0, 9.0) 0.698830409357 [ACCEPT]
[LVL9] rsome109(A,B) :- some109(C,A), all109(B,D) 0.365497076023 (3.0, 1.0, 102.0, 10.0) 0.548245614035 [ACCEPT]
[LVL9] rsome109(A,B) :- some109(C,A), all109(D,C) 0.365497076023 (3.0, 1.0, 102.0, 10.0) 0.548245614035 [ACCEPT]
[LVL9] rsome109(A,B) :- some109(C,A), no109(C,B) 0.365497076023 (3.0, 1.0, 102.0, 10.0) 0.548245614035 [ACCEPT]
[LVL9] rsome109(A,B) :- some109(C,A), no109(C,D) 0.365497076023 (3.0, 1.0, 102.0, 10.0) 0.548245614035 [ACCEPT]
[LVL9] rsome109(A,B) :- some109(C,A), no109(D,B) 0.365497076023 (3.0, 1.0, 102.0, 10.0) 0.548245614035 [ACCEPT]
[LVL9] rsome109(A,B) :- some109(C,A), \+all109(C,B) 0.139766081871 (4.0, 12.0, 91.0, 9.0) 0.698830409357 [ACCEPT]
[LVL9] rsome109(A,B) :- some109(C,A), \+all109(B,C) 0.0 (3.0, 12.0, 91.0, 10.0) 0.548245614035 [ACCEPT]
[LVL9] rsome109(A,B) :- some109(C,A), \+some109(C,B) 0.149749373434 (4.0, 11.0, 92.0, 9.0) 0.698830409357 [ACCEPT]
[LVL9] rsome109(A,B) :- some109(C,A), \+some109(B,C) 0.149749373434 (4.0, 11.0, 92.0, 9.0) 0.698830409357 [ACCEPT]
[LVL9] rsome109(A,B) :- some109(C,A), \+no109(B,C) 0.149749373434 (4.0, 11.0, 92.0, 9.0) 0.698830409357 [ACCEPT]
[LVL9] rsome109(A,B) :- some109(C,A), \+somenot109(C,B) 0.149749373434 (4.0, 11.0, 92.0, 9.0) 0.698830409357 [ACCEPT]
[LVL9] rsome109(A,B) :- some109(C,A), \+somenot109(B,C) 0.149749373434 (4.0, 11.0, 92.0, 9.0) 0.698830409357 [ACCEPT]
[LVL9] rsome109(A,B) :- no109(C,B), some109(C,D) 0.365497076023 (3.0, 1.0, 102.0, 10.0) 0.548245614035 [ACCEPT]
[LVL9] rsome109(A,B) :- no109(C,B), some109(D,A) 0.365497076023 (3.0, 1.0, 102.0, 10.0) 0.548245614035 [ACCEPT]
[LVL9] rsome109(A,B) :- no109(C,B), somenot109(C,A) 0.365497076023 (3.0, 1.0, 102.0, 10.0) 0.548245614035 [ACCEPT]
[LVL9] rsome109(A,B) :- no109(C,B), somenot109(C,D) 0.365497076023 (3.0, 1.0, 102.0, 10.0) 0.548245614035 [ACCEPT]
[LVL9] rsome109(A,B) :- no109(C,B), somenot109(D,A) 0.365497076023 (3.0, 1.0, 102.0, 10.0) 0.548245614035 [ACCEPT]
[LVL9] rsome109(A,B) :- no109(C,B), \+all109(A,C) 0.149749373434 (4.0, 11.0, 92.0, 9.0) 0.698830409357 [ACCEPT]
[LVL9] rsome109(A,B) :- no109(C,B), \+all109(C,A) 0.149749373434 (4.0, 11.0, 92.0, 9.0) 0.698830409357 [ACCEPT]
[LVL9] rsome109(A,B) :- no109(C,B), \+some109(A,C) 0.149749373434 (4.0, 11.0, 92.0, 9.0) 0.698830409357 [ACCEPT]
[LVL9] rsome109(A,B) :- no109(C,B), \+no109(A,C) 0.149749373434 (4.0, 11.0, 92.0, 9.0) 0.698830409357 [ACCEPT]
[LVL9] rsome109(A,B) :- no109(C,B), \+no109(C,A) 0.149749373434 (4.0, 11.0, 92.0, 9.0) 0.698830409357 [ACCEPT]
[LVL9] rsome109(A,B) :- all109(C,A), somenot109(C,D) 0.365497076023 (3.0, 1.0, 102.0, 10.0) 0.548245614035 [ACCEPT]
[LVL9] rsome109(A,B) :- all109(C,A), somenot109(D,B) 0.365497076023 (3.0, 1.0, 102.0, 10.0) 0.548245614035 [ACCEPT]
[LVL9] rsome109(A,B) :- some109(B,C), some109(A,D) 0.365497076023 (3.0, 1.0, 102.0, 10.0) 0.548245614035 [ACCEPT]
[LVL9] rsome109(A,B) :- somenot109(C,A), no109(C,D) 0.365497076023 (3.0, 1.0, 102.0, 10.0) 0.548245614035 [ACCEPT]
[LVL9] rsome109(A,B) :- somenot109(C,A), no109(D,B) 0.365497076023 (3.0, 1.0, 102.0, 10.0) 0.548245614035 [ACCEPT]
[DEBUG] Best rule so far: rsome109(A,B) :- somenot109(A,C), all109(B,C) [0.365497076023]
[DEBUG] Candidates for iteration 3:
[DEBUG] ==================================
[DEBUG] rsome109(A,B) :- somenot109(A,C), all109(B,C) 0.365497076023
[DEBUG] rsome109(A,B) :- somenot109(A,C), all109(B,D) 0.365497076023
[DEBUG] rsome109(A,B) :- somenot109(A,C), all109(D,C) 0.365497076023
[DEBUG] rsome109(A,B) :- somenot109(A,C), some109(C,B) 0.365497076023
[DEBUG] rsome109(A,B) :- somenot109(A,C), some109(C,D) 0.365497076023
[DEBUG] rsome109(A,B) :- somenot109(A,C), some109(D,B) 0.365497076023
[DEBUG] rsome109(A,B) :- somenot109(A,C), no109(B,C) 0.365497076023
[DEBUG] rsome109(A,B) :- somenot109(A,C), no109(B,D) 0.365497076023
[DEBUG] rsome109(A,B) :- somenot109(A,C), no109(D,C) 0.365497076023
[DEBUG] rsome109(A,B) :- somenot109(C,B), all109(A,C) 0.365497076023
[DEBUG] rsome109(A,B) :- somenot109(C,B), all109(C,A) 0.365497076023
[DEBUG] rsome109(A,B) :- somenot109(C,B), all109(A,D) 0.365497076023
[DEBUG] rsome109(A,B) :- somenot109(C,B), all109(C,D) 0.365497076023
[DEBUG] rsome109(A,B) :- somenot109(C,B), all109(D,A) 0.365497076023
[DEBUG] rsome109(A,B) :- somenot109(C,B), all109(D,C) 0.365497076023
[DEBUG] rsome109(A,B) :- some109(A,C), some109(B,C) 0.365497076023
[DEBUG] rsome109(A,B) :- some109(A,C), some109(B,D) 0.365497076023
[DEBUG] rsome109(A,B) :- some109(A,C), no109(B,C) 0.365497076023
[DEBUG] rsome109(A,B) :- some109(A,C), no109(B,D) 0.365497076023
[DEBUG] rsome109(A,B) :- some109(A,C), no109(D,C) 0.365497076023
[DEBUG] rsome109(A,B) :- some109(C,B), all109(A,C) 0.365497076023
[DEBUG] rsome109(A,B) :- some109(C,B), all109(A,D) 0.365497076023
[DEBUG] rsome109(A,B) :- some109(C,B), all109(D,C) 0.365497076023
[DEBUG] rsome109(A,B) :- some109(C,B), somenot109(A,D) 0.365497076023
[DEBUG] rsome109(A,B) :- some109(C,B), somenot109(D,C) 0.365497076023
[DEBUG] rsome109(A,B) :- no109(B,C), some109(A,D) 0.365497076023
[DEBUG] rsome109(A,B) :- no109(B,C), some109(D,C) 0.365497076023
[DEBUG] rsome109(A,B) :- no109(B,C), somenot109(A,D) 0.365497076023
[DEBUG] rsome109(A,B) :- no109(B,C), somenot109(D,C) 0.365497076023
[DEBUG] rsome109(A,B) :- all109(A,C), some109(C,D) 0.365497076023
[DEBUG] rsome109(A,B) :- all109(A,C), some109(D,B) 0.365497076023
[DEBUG] rsome109(A,B) :- all109(A,C), somenot109(C,D) 0.365497076023
[DEBUG] rsome109(A,B) :- all109(A,C), somenot109(D,B) 0.365497076023
[DEBUG] rsome109(A,B) :- all109(B,C), some109(C,A) 0.365497076023
[DEBUG] rsome109(A,B) :- all109(B,C), some109(C,D) 0.365497076023
[DEBUG] rsome109(A,B) :- all109(B,C), some109(D,A) 0.365497076023
[DEBUG] rsome109(A,B) :- all109(B,C), somenot109(A,D) 0.365497076023
[DEBUG] rsome109(A,B) :- all109(B,C), somenot109(D,C) 0.365497076023
[DEBUG] rsome109(A,B) :- some109(C,A), all109(B,D) 0.365497076023
[DEBUG] rsome109(A,B) :- some109(C,A), all109(D,C) 0.365497076023
[DEBUG] rsome109(A,B) :- some109(C,A), no109(C,B) 0.365497076023
[DEBUG] rsome109(A,B) :- some109(C,A), no109(C,D) 0.365497076023
[DEBUG] rsome109(A,B) :- some109(C,A), no109(D,B) 0.365497076023
[DEBUG] rsome109(A,B) :- no109(C,B), some109(C,D) 0.365497076023
[DEBUG] rsome109(A,B) :- no109(C,B), some109(D,A) 0.365497076023
[DEBUG] rsome109(A,B) :- no109(C,B), somenot109(C,A) 0.365497076023
[DEBUG] rsome109(A,B) :- no109(C,B), somenot109(C,D) 0.365497076023
[DEBUG] rsome109(A,B) :- no109(C,B), somenot109(D,A) 0.365497076023
[DEBUG] rsome109(A,B) :- all109(C,A), somenot109(C,D) 0.365497076023
[DEBUG] rsome109(A,B) :- all109(C,A), somenot109(D,B) 0.365497076023
[DEBUG] rsome109(A,B) :- some109(B,C), some109(A,D) 0.365497076023
[DEBUG] rsome109(A,B) :- somenot109(C,A), no109(C,D) 0.365497076023
[DEBUG] rsome109(A,B) :- somenot109(C,A), no109(D,B) 0.365497076023
[DEBUG] rsome109(A,B) :- somenot109(A,C), \+all109(C,B) 0.238191632928
[DEBUG] rsome109(A,B) :- somenot109(A,C), \+some109(B,C) 0.238191632928
[DEBUG] rsome109(A,B) :- somenot109(A,C), \+somenot109(B,C) 0.238191632928
[DEBUG] rsome109(A,B) :- somenot109(A,C), \+no109(C,B) 0.221177944862
[DEBUG] rsome109(A,B) :- somenot109(A,C), \+somenot109(C,B) 0.221177944862
[DEBUG] rsome109(A,B) :- somenot109(C,B), \+some109(C,A) 0.174707602339
[DEBUG] rsome109(A,B) :- somenot109(C,B), \+no109(C,A) 0.174707602339
[DEBUG] rsome109(A,B) :- somenot109(C,B), \+somenot109(C,A) 0.174707602339
[DEBUG] rsome109(A,B) :- somenot109(A,C), \+all109(B,C) 0.161268556005
[DEBUG] rsome109(A,B) :- somenot109(A,C), \+some109(C,B) 0.161268556005
[DEBUG] rsome109(A,B) :- somenot109(A,C), \+no109(B,C) 0.161268556005
[DEBUG] rsome109(A,B) :- somenot109(C,B), \+some109(A,C) 0.161268556005
[DEBUG] rsome109(A,B) :- somenot109(C,B), \+no109(A,C) 0.161268556005
[DEBUG] rsome109(A,B) :- somenot109(C,B), \+somenot109(A,C) 0.161268556005
[DEBUG] rsome109(A,B) :- some109(A,C), \+all109(C,B) 0.161268556005
[DEBUG] rsome109(A,B) :- some109(A,C), \+some109(C,B) 0.161268556005
[DEBUG] rsome109(A,B) :- some109(A,C), \+no109(C,B) 0.161268556005
[DEBUG] rsome109(A,B) :- some109(A,C), \+somenot109(B,C) 0.161268556005
[DEBUG] rsome109(A,B) :- some109(C,B), \+some109(A,C) 0.161268556005
[DEBUG] rsome109(A,B) :- some109(C,B), \+some109(C,A) 0.161268556005
[DEBUG] rsome109(A,B) :- some109(C,B), \+no109(A,C) 0.161268556005
[DEBUG] rsome109(A,B) :- some109(C,B), \+no109(C,A) 0.161268556005
[DEBUG] rsome109(A,B) :- some109(C,B), \+somenot109(C,A) 0.161268556005
[DEBUG] rsome109(A,B) :- no109(B,C), \+all109(A,C) 0.161268556005
[DEBUG] rsome109(A,B) :- no109(B,C), \+all109(C,A) 0.161268556005
[DEBUG] rsome109(A,B) :- no109(B,C), \+some109(C,A) 0.161268556005
[DEBUG] rsome109(A,B) :- no109(B,C), \+no109(A,C) 0.161268556005
[DEBUG] rsome109(A,B) :- no109(B,C), \+no109(C,A) 0.161268556005
[DEBUG] rsome109(A,B) :- some109(A,C), \+all109(B,C) 0.149749373434
[DEBUG] rsome109(A,B) :- some109(A,C), \+somenot109(C,B) 0.149749373434
[DEBUG] rsome109(A,B) :- all109(A,C), \+all109(C,B) 0.149749373434
[DEBUG] rsome109(A,B) :- all109(A,C), \+all109(B,C) 0.149749373434
[DEBUG] rsome109(A,B) :- all109(A,C), \+no109(C,B) 0.149749373434
[DEBUG] rsome109(A,B) :- all109(A,C), \+no109(B,C) 0.149749373434
[DEBUG] rsome109(A,B) :- all109(A,C), \+somenot109(B,C) 0.149749373434
[DEBUG] rsome109(A,B) :- all109(B,C), \+all109(A,C) 0.149749373434
[DEBUG] rsome109(A,B) :- all109(B,C), \+all109(C,A) 0.149749373434
[DEBUG] rsome109(A,B) :- all109(B,C), \+no109(A,C) 0.149749373434
[DEBUG] rsome109(A,B) :- all109(B,C), \+no109(C,A) 0.149749373434
[DEBUG] rsome109(A,B) :- all109(B,C), \+somenot109(C,A) 0.149749373434
[DEBUG] rsome109(A,B) :- some109(C,A), \+some109(C,B) 0.149749373434
[DEBUG] rsome109(A,B) :- some109(C,A), \+some109(B,C) 0.149749373434
[DEBUG] rsome109(A,B) :- some109(C,A), \+no109(B,C) 0.149749373434
[DEBUG] rsome109(A,B) :- some109(C,A), \+somenot109(C,B) 0.149749373434
[DEBUG] rsome109(A,B) :- some109(C,A), \+somenot109(B,C) 0.149749373434
[DEBUG] rsome109(A,B) :- no109(C,B), \+all109(A,C) 0.149749373434
[DEBUG] rsome109(A,B) :- no109(C,B), \+all109(C,A) 0.149749373434
[DEBUG] ==================================
[INFO] RULE LEARNED: rsome109(A,B) :- somenot109(A,C), all109(B,C) 0.905172413793
