[LVL9] Output level: 9
[INFO] Random seed: 0.908792946429
[INFO] Computing scores: 0.0994s
[INFO] Number of examples (M): 116
[INFO] Positive weight (P): 5.0000
[INFO] Negative weight (N): 111.0000
[DEBUG] Best rule so far: rall130(A,B) :- true [0.0431034482759]
[DEBUG] Candidates for iteration 1:
[DEBUG] ==================================
[DEBUG] rall130(A,B) :- true 0.0431034482759
[DEBUG] ==================================
[LVL9] rall130(A,B) :- all130(A,C) 0.0651939655172 (1.0, 14.0, 97.0, 4.0) 0.521551724138 [ACCEPT]
[LVL9] BETTER RULE rall130(A,B) :- all130(A,C) (0.06519396551724138, 1.0) > (0.04310344827586207, 5.0)
[LVL9] rall130(A,B) :- all130(B,C) 0.190193965517 (3.0, 12.0, 99.0, 2.0) 0.760775862069 [ACCEPT]
[LVL9] BETTER RULE rall130(A,B) :- all130(B,C) (0.19019396551724138, 3.0) > (0.06519396551724138, 1.0)
[LVL9] rall130(A,B) :- all130(C,A) 0.127693965517 (2.0, 13.0, 98.0, 3.0) 0.681034482759 [ACCEPT]
[LVL9] rall130(A,B) :- all130(C,B) 0.0651939655172 (1.0, 14.0, 97.0, 4.0) 0.521551724138 [ACCEPT]
[LVL9] rall130(A,B) :- no130(A,C) 0.0695402298851 (1.0, 13.0, 98.0, 4.0) 0.521551724138 [ACCEPT]
[LVL9] rall130(A,B) :- no130(C,A) 0.0695402298851 (1.0, 13.0, 98.0, 4.0) 0.521551724138 [ACCEPT]
[LVL9] rall130(A,B) :- no130(C,B) 0.0695402298851 (1.0, 13.0, 98.0, 4.0) 0.521551724138 [ACCEPT]
[DEBUG] Best rule so far: rall130(A,B) :- all130(B,C) [0.190193965517]
[DEBUG] Candidates for iteration 2:
[DEBUG] ==================================
[DEBUG] rall130(A,B) :- all130(B,C) 0.190193965517
[DEBUG] rall130(A,B) :- all130(C,A) 0.127693965517
[DEBUG] rall130(A,B) :- no130(A,C) 0.0695402298851
[DEBUG] rall130(A,B) :- no130(C,A) 0.0695402298851
[DEBUG] rall130(A,B) :- no130(C,B) 0.0695402298851
[DEBUG] rall130(A,B) :- all130(A,C) 0.0651939655172
[DEBUG] rall130(A,B) :- all130(C,B) 0.0651939655172
[DEBUG] ==================================
[LVL9] rall130(A,B) :- all130(B,C), all130(C,A) 0.347701149425 (1.0, 1.0, 110.0, 4.0) 0.521551724138 [ACCEPT]
[LVL9] BETTER RULE rall130(A,B) :- all130(B,C), all130(C,A) (0.34770114942528735, 1.0) > (0.19019396551724138, 3.0)
[LVL9] rall130(A,B) :- all130(B,C), all130(C,D) 0.347701149425 (1.0, 1.0, 110.0, 4.0) 0.521551724138 [ACCEPT]
[LVL9] rall130(A,B) :- all130(B,C), all130(D,A) 0.347701149425 (1.0, 1.0, 110.0, 4.0) 0.521551724138 [ACCEPT]
[LVL9] rall130(A,B) :- all130(B,C), no130(A,C) 0.347701149425 (1.0, 1.0, 110.0, 4.0) 0.521551724138 [ACCEPT]
[LVL9] rall130(A,B) :- all130(B,C), no130(C,A) 0.347701149425 (1.0, 1.0, 110.0, 4.0) 0.521551724138 [ACCEPT]
[LVL9] rall130(A,B) :- all130(B,C), no130(A,D) 0.347701149425 (1.0, 1.0, 110.0, 4.0) 0.521551724138 [ACCEPT]
[LVL9] rall130(A,B) :- all130(B,C), no130(C,D) 0.347701149425 (1.0, 1.0, 110.0, 4.0) 0.521551724138 [ACCEPT]
[LVL9] rall130(A,B) :- all130(B,C), no130(D,A) 0.347701149425 (1.0, 1.0, 110.0, 4.0) 0.521551724138 [ACCEPT]
[LVL9] rall130(A,B) :- all130(B,C), no130(D,C) 0.347701149425 (1.0, 1.0, 110.0, 4.0) 0.521551724138 [ACCEPT]
[LVL9] rall130(A,B) :- all130(B,C), \+all130(A,C) 0.21736453202 (3.0, 10.0, 101.0, 2.0) 0.760775862069 [ACCEPT]
[LVL9] rall130(A,B) :- all130(B,C), \+all130(C,A) 0.145935960591 (2.0, 11.0, 100.0, 3.0) 0.681034482759 [ACCEPT]
[LVL9] rall130(A,B) :- all130(B,C), \+some130(A,C) 0.21736453202 (3.0, 10.0, 101.0, 2.0) 0.760775862069 [ACCEPT]
[LVL9] rall130(A,B) :- all130(B,C), \+some130(C,A) 0.21736453202 (3.0, 10.0, 101.0, 2.0) 0.760775862069 [ACCEPT]
[LVL9] rall130(A,B) :- all130(B,C), \+no130(A,C) 0.145935960591 (2.0, 11.0, 100.0, 3.0) 0.681034482759 [ACCEPT]
[LVL9] rall130(A,B) :- all130(B,C), \+no130(C,A) 0.145935960591 (2.0, 11.0, 100.0, 3.0) 0.681034482759 [ACCEPT]
[LVL9] rall130(A,B) :- all130(B,C), \+somenot130(A,C) 0.202873563218 (3.0, 11.0, 100.0, 2.0) 0.760775862069 [ACCEPT]
[LVL9] rall130(A,B) :- all130(B,C), \+somenot130(C,A) 0.21736453202 (3.0, 10.0, 101.0, 2.0) 0.760775862069 [ACCEPT]
[LVL9] rall130(A,B) :- all130(C,A), all130(B,D) 0.347701149425 (1.0, 1.0, 110.0, 4.0) 0.521551724138 [ACCEPT]
[LVL9] rall130(A,B) :- all130(C,A), all130(D,C) 0.347701149425 (1.0, 1.0, 110.0, 4.0) 0.521551724138 [ACCEPT]
[LVL9] rall130(A,B) :- all130(C,A), no130(C,B) 0.521551724138 (1.0, 0.0, 111.0, 4.0) 0.521551724138 [REJECT* fp] 0.0
[LVL9] BETTER RULE rall130(A,B) :- all130(C,A), no130(C,B) (0.521551724137931, 1.0) > (0.34770114942528735, 1.0)
[LVL9] rall130(A,B) :- all130(C,A), \+all130(C,B) 0.145935960591 (2.0, 11.0, 100.0, 3.0) 0.681034482759 [ACCEPT]
[LVL9] rall130(A,B) :- all130(C,A), \+some130(C,B) 0.145935960591 (2.0, 11.0, 100.0, 3.0) 0.681034482759 [ACCEPT]
[LVL9] rall130(A,B) :- all130(C,A), \+some130(B,C) 0.145935960591 (2.0, 11.0, 100.0, 3.0) 0.681034482759 [ACCEPT]
[LVL9] rall130(A,B) :- all130(C,A), \+no130(B,C) 0.145935960591 (2.0, 11.0, 100.0, 3.0) 0.681034482759 [ACCEPT]
[LVL9] rall130(A,B) :- all130(C,A), \+somenot130(C,B) 0.145935960591 (2.0, 11.0, 100.0, 3.0) 0.681034482759 [ACCEPT]
[LVL9] rall130(A,B) :- all130(C,A), \+somenot130(B,C) 0.145935960591 (2.0, 11.0, 100.0, 3.0) 0.681034482759 [ACCEPT]
[DEBUG] Best rule so far: rall130(A,B) :- all130(C,A), no130(C,B) [0.521551724138]
[DEBUG] Candidates for iteration 3:
[DEBUG] ==================================
[DEBUG] rall130(A,B) :- all130(B,C), all130(C,A) 0.347701149425
[DEBUG] rall130(A,B) :- all130(B,C), all130(C,D) 0.347701149425
[DEBUG] rall130(A,B) :- all130(B,C), all130(D,A) 0.347701149425
[DEBUG] rall130(A,B) :- all130(B,C), no130(A,C) 0.347701149425
[DEBUG] rall130(A,B) :- all130(B,C), no130(C,A) 0.347701149425
[DEBUG] rall130(A,B) :- all130(B,C), no130(A,D) 0.347701149425
[DEBUG] rall130(A,B) :- all130(B,C), no130(C,D) 0.347701149425
[DEBUG] rall130(A,B) :- all130(B,C), no130(D,A) 0.347701149425
[DEBUG] rall130(A,B) :- all130(B,C), no130(D,C) 0.347701149425
[DEBUG] rall130(A,B) :- all130(C,A), all130(B,D) 0.347701149425
[DEBUG] rall130(A,B) :- all130(C,A), all130(D,C) 0.347701149425
[DEBUG] rall130(A,B) :- all130(B,C), \+all130(A,C) 0.21736453202
[DEBUG] rall130(A,B) :- all130(B,C), \+some130(A,C) 0.21736453202
[DEBUG] rall130(A,B) :- all130(B,C), \+some130(C,A) 0.21736453202
[DEBUG] rall130(A,B) :- all130(B,C), \+somenot130(C,A) 0.21736453202
[DEBUG] rall130(A,B) :- all130(B,C), \+somenot130(A,C) 0.202873563218
[DEBUG] rall130(A,B) :- all130(B,C), \+all130(C,A) 0.145935960591
[DEBUG] rall130(A,B) :- all130(B,C), \+no130(A,C) 0.145935960591
[DEBUG] rall130(A,B) :- all130(B,C), \+no130(C,A) 0.145935960591
[DEBUG] rall130(A,B) :- all130(C,A), \+all130(C,B) 0.145935960591
[DEBUG] rall130(A,B) :- all130(C,A), \+some130(C,B) 0.145935960591
[DEBUG] rall130(A,B) :- all130(C,A), \+some130(B,C) 0.145935960591
[DEBUG] rall130(A,B) :- all130(C,A), \+no130(B,C) 0.145935960591
[DEBUG] rall130(A,B) :- all130(C,A), \+somenot130(C,B) 0.145935960591
[DEBUG] rall130(A,B) :- all130(C,A), \+somenot130(B,C) 0.145935960591
[DEBUG] ==================================
[INFO] RULE LEARNED: rall130(A,B) :- all130(C,A), no130(C,B) 0.965517241379
[DEBUG] Best rule so far: rall130(A,B) :- true [0.0347826086957]
[DEBUG] Candidates for iteration 1:
[DEBUG] ==================================
[DEBUG] rall130(A,B) :- true 0.0347826086957
[DEBUG] ==================================
[LVL9] rall130(A,B) :- all130(A,C) 0.0646739130435 (2.0, 14.0, 97.0, 3.0) 0.517391304348 [ACCEPT]
[LVL9] BETTER RULE rall130(A,B) :- all130(A,C) (0.06467391304347826, 2.0) > (0.034782608695652174, 5.0)
[LVL9] rall130(A,B) :- all130(B,C) 0.189673913043 (4.0, 12.0, 99.0, 1.0) 0.758695652174 [ACCEPT]
[LVL9] BETTER RULE rall130(A,B) :- all130(B,C) (0.18967391304347825, 4.0) > (0.06467391304347826, 2.0)
[LVL9] rall130(A,B) :- all130(C,A) 0.0689855072464 (2.0, 13.0, 98.0, 3.0) 0.517391304348 [ACCEPT]
[LVL9] rall130(A,B) :- all130(C,B) 0.0646739130435 (2.0, 14.0, 97.0, 3.0) 0.517391304348 [ACCEPT]
[LVL9] rall130(A,B) :- no130(A,C) 0.0689855072464 (2.0, 13.0, 98.0, 3.0) 0.517391304348 [ACCEPT]
[LVL9] rall130(A,B) :- no130(C,A) 0.0689855072464 (2.0, 13.0, 98.0, 3.0) 0.517391304348 [ACCEPT]
[DEBUG] Best rule so far: rall130(A,B) :- all130(B,C) [0.189673913043]
[DEBUG] Candidates for iteration 2:
[DEBUG] ==================================
[DEBUG] rall130(A,B) :- all130(B,C) 0.189673913043
[DEBUG] rall130(A,B) :- all130(C,A) 0.0689855072464
[DEBUG] rall130(A,B) :- no130(A,C) 0.0689855072464
[DEBUG] rall130(A,B) :- no130(C,A) 0.0689855072464
[DEBUG] rall130(A,B) :- all130(A,C) 0.0646739130435
[DEBUG] rall130(A,B) :- all130(C,B) 0.0646739130435
[DEBUG] ==================================
[LVL9] rall130(A,B) :- all130(B,C), all130(C,A) 0.344927536232 (2.0, 1.0, 110.0, 3.0) 0.517391304348 [ACCEPT]
[LVL9] BETTER RULE rall130(A,B) :- all130(B,C), all130(C,A) (0.34492753623188405, 2.0) > (0.18967391304347825, 4.0)
[LVL9] rall130(A,B) :- all130(B,C), all130(C,D) 0.344927536232 (2.0, 1.0, 110.0, 3.0) 0.517391304348 [ACCEPT]
[LVL9] rall130(A,B) :- all130(B,C), all130(D,A) 0.344927536232 (2.0, 1.0, 110.0, 3.0) 0.517391304348 [ACCEPT]
[LVL9] rall130(A,B) :- all130(B,C), no130(A,C) 0.344927536232 (2.0, 1.0, 110.0, 3.0) 0.517391304348 [ACCEPT]
[LVL9] rall130(A,B) :- all130(B,C), no130(C,A) 0.344927536232 (2.0, 1.0, 110.0, 3.0) 0.517391304348 [ACCEPT]
[LVL9] rall130(A,B) :- all130(B,C), no130(A,D) 0.344927536232 (2.0, 1.0, 110.0, 3.0) 0.517391304348 [ACCEPT]
[LVL9] rall130(A,B) :- all130(B,C), no130(C,D) 0.344927536232 (2.0, 1.0, 110.0, 3.0) 0.517391304348 [ACCEPT]
[LVL9] rall130(A,B) :- all130(B,C), no130(D,A) 0.344927536232 (2.0, 1.0, 110.0, 3.0) 0.517391304348 [ACCEPT]
[LVL9] rall130(A,B) :- all130(B,C), no130(D,C) 0.344927536232 (2.0, 1.0, 110.0, 3.0) 0.517391304348 [ACCEPT]
[LVL9] rall130(A,B) :- all130(B,C), \+all130(A,C) 0.216770186335 (4.0, 10.0, 101.0, 1.0) 0.758695652174 [ACCEPT]
[LVL9] rall130(A,B) :- all130(B,C), \+all130(C,A) 0.145341614907 (3.0, 11.0, 100.0, 2.0) 0.678260869565 [ACCEPT]
[LVL9] rall130(A,B) :- all130(B,C), \+some130(A,C) 0.216770186335 (4.0, 10.0, 101.0, 1.0) 0.758695652174 [ACCEPT]
[LVL9] rall130(A,B) :- all130(B,C), \+some130(C,A) 0.216770186335 (4.0, 10.0, 101.0, 1.0) 0.758695652174 [ACCEPT]
[LVL9] rall130(A,B) :- all130(B,C), \+no130(A,C) 0.145341614907 (3.0, 11.0, 100.0, 2.0) 0.678260869565 [ACCEPT]
[LVL9] rall130(A,B) :- all130(B,C), \+no130(C,A) 0.145341614907 (3.0, 11.0, 100.0, 2.0) 0.678260869565 [ACCEPT]
[LVL9] rall130(A,B) :- all130(B,C), \+somenot130(A,C) 0.20231884058 (4.0, 11.0, 100.0, 1.0) 0.758695652174 [ACCEPT]
[LVL9] rall130(A,B) :- all130(B,C), \+somenot130(C,A) 0.216770186335 (4.0, 10.0, 101.0, 1.0) 0.758695652174 [ACCEPT]
[LVL9] rall130(A,B) :- all130(C,A), all130(B,D) 0.344927536232 (2.0, 1.0, 110.0, 3.0) 0.517391304348 [ACCEPT]
[LVL9] rall130(A,B) :- all130(C,A), all130(D,C) 0.344927536232 (2.0, 1.0, 110.0, 3.0) 0.517391304348 [ACCEPT]
[LVL9] rall130(A,B) :- all130(C,A), \+all130(C,B) 0.0795986622074 (2.0, 11.0, 100.0, 3.0) 0.517391304348 [ACCEPT]
[LVL9] rall130(A,B) :- all130(C,A), \+some130(C,B) 0.0795986622074 (2.0, 11.0, 100.0, 3.0) 0.517391304348 [ACCEPT]
[LVL9] rall130(A,B) :- all130(C,A), \+some130(B,C) 0.0795986622074 (2.0, 11.0, 100.0, 3.0) 0.517391304348 [ACCEPT]
[LVL9] rall130(A,B) :- all130(C,A), \+no130(B,C) 0.0795986622074 (2.0, 11.0, 100.0, 3.0) 0.517391304348 [ACCEPT]
[LVL9] rall130(A,B) :- all130(C,A), \+somenot130(C,B) 0.0795986622074 (2.0, 11.0, 100.0, 3.0) 0.517391304348 [ACCEPT]
[LVL9] rall130(A,B) :- all130(C,A), \+somenot130(B,C) 0.0795986622074 (2.0, 11.0, 100.0, 3.0) 0.517391304348 [ACCEPT]
[LVL9] rall130(A,B) :- no130(A,C), all130(B,D) 0.344927536232 (2.0, 1.0, 110.0, 3.0) 0.517391304348 [ACCEPT]
[LVL9] rall130(A,B) :- no130(A,C), all130(D,C) 0.344927536232 (2.0, 1.0, 110.0, 3.0) 0.517391304348 [ACCEPT]
[LVL9] rall130(A,B) :- no130(A,C), \+all130(C,B) 0.0795986622074 (2.0, 11.0, 100.0, 3.0) 0.517391304348 [ACCEPT]
[LVL9] rall130(A,B) :- no130(A,C), \+some130(C,B) 0.0795986622074 (2.0, 11.0, 100.0, 3.0) 0.517391304348 [ACCEPT]
[LVL9] rall130(A,B) :- no130(A,C), \+some130(B,C) 0.0795986622074 (2.0, 11.0, 100.0, 3.0) 0.517391304348 [ACCEPT]
[LVL9] rall130(A,B) :- no130(A,C), \+no130(C,B) 0.0795986622074 (2.0, 11.0, 100.0, 3.0) 0.517391304348 [ACCEPT]
[LVL9] rall130(A,B) :- no130(A,C), \+somenot130(C,B) 0.0795986622074 (2.0, 11.0, 100.0, 3.0) 0.517391304348 [ACCEPT]
[LVL9] rall130(A,B) :- no130(A,C), \+somenot130(B,C) 0.0795986622074 (2.0, 11.0, 100.0, 3.0) 0.517391304348 [ACCEPT]
[LVL9] rall130(A,B) :- no130(C,A), all130(B,D) 0.344927536232 (2.0, 1.0, 110.0, 3.0) 0.517391304348 [ACCEPT]
[LVL9] rall130(A,B) :- no130(C,A), all130(D,C) 0.344927536232 (2.0, 1.0, 110.0, 3.0) 0.517391304348 [ACCEPT]
[LVL9] rall130(A,B) :- no130(C,A), \+all130(C,B) 0.0739130434783 (2.0, 12.0, 99.0, 3.0) 0.517391304348 [ACCEPT]
[LVL9] rall130(A,B) :- no130(C,A), \+some130(C,B) 0.0739130434783 (2.0, 12.0, 99.0, 3.0) 0.517391304348 [ACCEPT]
[LVL9] rall130(A,B) :- no130(C,A), \+some130(B,C) 0.0795986622074 (2.0, 11.0, 100.0, 3.0) 0.517391304348 [ACCEPT]
[LVL9] rall130(A,B) :- no130(C,A), \+no130(C,B) 0.0795986622074 (2.0, 11.0, 100.0, 3.0) 0.517391304348 [ACCEPT]
[LVL9] rall130(A,B) :- no130(C,A), \+no130(B,C) 0.0795986622074 (2.0, 11.0, 100.0, 3.0) 0.517391304348 [ACCEPT]
[LVL9] rall130(A,B) :- no130(C,A), \+somenot130(C,B) 0.0795986622074 (2.0, 11.0, 100.0, 3.0) 0.517391304348 [ACCEPT]
[LVL9] rall130(A,B) :- no130(C,A), \+somenot130(B,C) 0.0795986622074 (2.0, 11.0, 100.0, 3.0) 0.517391304348 [ACCEPT]
[LVL9] rall130(A,B) :- all130(A,C), all130(C,B) 0.344927536232 (2.0, 1.0, 110.0, 3.0) 0.517391304348 [ACCEPT]
[LVL9] rall130(A,B) :- all130(A,C), all130(C,D) 0.344927536232 (2.0, 1.0, 110.0, 3.0) 0.517391304348 [ACCEPT]
[LVL9] rall130(A,B) :- all130(A,C), all130(D,B) 0.344927536232 (2.0, 1.0, 110.0, 3.0) 0.517391304348 [ACCEPT]
[LVL9] rall130(A,B) :- all130(A,C), \+all130(B,C) 0.0739130434783 (2.0, 12.0, 99.0, 3.0) 0.517391304348 [ACCEPT]
[LVL9] rall130(A,B) :- all130(A,C), \+some130(C,B) 0.0739130434783 (2.0, 12.0, 99.0, 3.0) 0.517391304348 [ACCEPT]
[LVL9] rall130(A,B) :- all130(A,C), \+some130(B,C) 0.0739130434783 (2.0, 12.0, 99.0, 3.0) 0.517391304348 [ACCEPT]
[LVL9] rall130(A,B) :- all130(A,C), \+no130(C,B) 0.0739130434783 (2.0, 12.0, 99.0, 3.0) 0.517391304348 [ACCEPT]
[LVL9] rall130(A,B) :- all130(A,C), \+no130(B,C) 0.0739130434783 (2.0, 12.0, 99.0, 3.0) 0.517391304348 [ACCEPT]
[LVL9] rall130(A,B) :- all130(A,C), \+somenot130(C,B) 0.0739130434783 (2.0, 12.0, 99.0, 3.0) 0.517391304348 [ACCEPT]
[LVL9] rall130(A,B) :- all130(A,C), \+somenot130(B,C) 0.0689855072464 (2.0, 13.0, 98.0, 3.0) 0.517391304348 [ACCEPT]
[LVL9] rall130(A,B) :- all130(C,B), all130(A,D) 0.344927536232 (2.0, 1.0, 110.0, 3.0) 0.517391304348 [ACCEPT]
[LVL9] rall130(A,B) :- all130(C,B), all130(D,C) 0.344927536232 (2.0, 1.0, 110.0, 3.0) 0.517391304348 [ACCEPT]
[LVL9] rall130(A,B) :- all130(C,B), \+all130(C,A) 0.0739130434783 (2.0, 12.0, 99.0, 3.0) 0.517391304348 [ACCEPT]
[LVL9] rall130(A,B) :- all130(C,B), \+some130(A,C) 0.0739130434783 (2.0, 12.0, 99.0, 3.0) 0.517391304348 [ACCEPT]
[LVL9] rall130(A,B) :- all130(C,B), \+some130(C,A) 0.0739130434783 (2.0, 12.0, 99.0, 3.0) 0.517391304348 [ACCEPT]
[LVL9] rall130(A,B) :- all130(C,B), \+no130(A,C) 0.0739130434783 (2.0, 12.0, 99.0, 3.0) 0.517391304348 [ACCEPT]
[LVL9] rall130(A,B) :- all130(C,B), \+no130(C,A) 0.0689855072464 (2.0, 13.0, 98.0, 3.0) 0.517391304348 [ACCEPT]
[LVL9] rall130(A,B) :- all130(C,B), \+somenot130(A,C) 0.0739130434783 (2.0, 12.0, 99.0, 3.0) 0.517391304348 [ACCEPT]
[LVL9] rall130(A,B) :- all130(C,B), \+somenot130(C,A) 0.0739130434783 (2.0, 12.0, 99.0, 3.0) 0.517391304348 [ACCEPT]
[DEBUG] Best rule so far: rall130(A,B) :- all130(B,C), all130(C,A) [0.344927536232]
[DEBUG] Candidates for iteration 3:
[DEBUG] ==================================
[DEBUG] rall130(A,B) :- all130(B,C), all130(C,A) 0.344927536232
[DEBUG] rall130(A,B) :- all130(B,C), all130(C,D) 0.344927536232
[DEBUG] rall130(A,B) :- all130(B,C), all130(D,A) 0.344927536232
[DEBUG] rall130(A,B) :- all130(B,C), no130(A,C) 0.344927536232
[DEBUG] rall130(A,B) :- all130(B,C), no130(C,A) 0.344927536232
[DEBUG] rall130(A,B) :- all130(B,C), no130(A,D) 0.344927536232
[DEBUG] rall130(A,B) :- all130(B,C), no130(C,D) 0.344927536232
[DEBUG] rall130(A,B) :- all130(B,C), no130(D,A) 0.344927536232
[DEBUG] rall130(A,B) :- all130(B,C), no130(D,C) 0.344927536232
[DEBUG] rall130(A,B) :- all130(C,A), all130(B,D) 0.344927536232
[DEBUG] rall130(A,B) :- all130(C,A), all130(D,C) 0.344927536232
[DEBUG] rall130(A,B) :- no130(A,C), all130(B,D) 0.344927536232
[DEBUG] rall130(A,B) :- no130(A,C), all130(D,C) 0.344927536232
[DEBUG] rall130(A,B) :- no130(C,A), all130(B,D) 0.344927536232
[DEBUG] rall130(A,B) :- no130(C,A), all130(D,C) 0.344927536232
[DEBUG] rall130(A,B) :- all130(A,C), all130(C,B) 0.344927536232
[DEBUG] rall130(A,B) :- all130(A,C), all130(C,D) 0.344927536232
[DEBUG] rall130(A,B) :- all130(A,C), all130(D,B) 0.344927536232
[DEBUG] rall130(A,B) :- all130(C,B), all130(A,D) 0.344927536232
[DEBUG] rall130(A,B) :- all130(C,B), all130(D,C) 0.344927536232
[DEBUG] rall130(A,B) :- all130(B,C), \+all130(A,C) 0.216770186335
[DEBUG] rall130(A,B) :- all130(B,C), \+some130(A,C) 0.216770186335
[DEBUG] rall130(A,B) :- all130(B,C), \+some130(C,A) 0.216770186335
[DEBUG] rall130(A,B) :- all130(B,C), \+somenot130(C,A) 0.216770186335
[DEBUG] rall130(A,B) :- all130(B,C), \+somenot130(A,C) 0.20231884058
[DEBUG] rall130(A,B) :- all130(B,C), \+all130(C,A) 0.145341614907
[DEBUG] rall130(A,B) :- all130(B,C), \+no130(A,C) 0.145341614907
[DEBUG] rall130(A,B) :- all130(B,C), \+no130(C,A) 0.145341614907
[DEBUG] rall130(A,B) :- all130(C,A), \+all130(C,B) 0.0795986622074
[DEBUG] rall130(A,B) :- all130(C,A), \+some130(C,B) 0.0795986622074
[DEBUG] rall130(A,B) :- all130(C,A), \+some130(B,C) 0.0795986622074
[DEBUG] rall130(A,B) :- all130(C,A), \+no130(B,C) 0.0795986622074
[DEBUG] rall130(A,B) :- all130(C,A), \+somenot130(C,B) 0.0795986622074
[DEBUG] rall130(A,B) :- all130(C,A), \+somenot130(B,C) 0.0795986622074
[DEBUG] rall130(A,B) :- no130(A,C), \+all130(C,B) 0.0795986622074
[DEBUG] rall130(A,B) :- no130(A,C), \+some130(C,B) 0.0795986622074
[DEBUG] rall130(A,B) :- no130(A,C), \+some130(B,C) 0.0795986622074
[DEBUG] rall130(A,B) :- no130(A,C), \+no130(C,B) 0.0795986622074
[DEBUG] rall130(A,B) :- no130(A,C), \+somenot130(C,B) 0.0795986622074
[DEBUG] rall130(A,B) :- no130(A,C), \+somenot130(B,C) 0.0795986622074
[DEBUG] rall130(A,B) :- no130(C,A), \+some130(B,C) 0.0795986622074
[DEBUG] rall130(A,B) :- no130(C,A), \+no130(C,B) 0.0795986622074
[DEBUG] rall130(A,B) :- no130(C,A), \+no130(B,C) 0.0795986622074
[DEBUG] rall130(A,B) :- no130(C,A), \+somenot130(C,B) 0.0795986622074
[DEBUG] rall130(A,B) :- no130(C,A), \+somenot130(B,C) 0.0795986622074
[DEBUG] rall130(A,B) :- no130(C,A), \+all130(C,B) 0.0739130434783
[DEBUG] rall130(A,B) :- no130(C,A), \+some130(C,B) 0.0739130434783
[DEBUG] rall130(A,B) :- all130(A,C), \+all130(B,C) 0.0739130434783
[DEBUG] rall130(A,B) :- all130(A,C), \+some130(C,B) 0.0739130434783
[DEBUG] rall130(A,B) :- all130(A,C), \+some130(B,C) 0.0739130434783
[DEBUG] rall130(A,B) :- all130(A,C), \+no130(C,B) 0.0739130434783
[DEBUG] rall130(A,B) :- all130(A,C), \+no130(B,C) 0.0739130434783
[DEBUG] rall130(A,B) :- all130(A,C), \+somenot130(C,B) 0.0739130434783
[DEBUG] rall130(A,B) :- all130(C,B), \+all130(C,A) 0.0739130434783
[DEBUG] rall130(A,B) :- all130(C,B), \+some130(A,C) 0.0739130434783
[DEBUG] rall130(A,B) :- all130(C,B), \+some130(C,A) 0.0739130434783
[DEBUG] rall130(A,B) :- all130(C,B), \+no130(A,C) 0.0739130434783
[DEBUG] rall130(A,B) :- all130(C,B), \+somenot130(A,C) 0.0739130434783
[DEBUG] rall130(A,B) :- all130(C,B), \+somenot130(C,A) 0.0739130434783
[DEBUG] rall130(A,B) :- all130(A,C), \+somenot130(B,C) 0.0689855072464
[DEBUG] rall130(A,B) :- all130(C,B), \+no130(C,A) 0.0689855072464
[DEBUG] ==================================
[INFO] RULE LEARNED: rall130(A,B) :- all130(B,C), all130(C,A) 0.965517241379
