[LVL9] Output level: 9
[INFO] Random seed: 0.218299371517
[INFO] Computing scores: 0.0443s
[INFO] Number of examples (M): 116
[INFO] Positive weight (P): 5.0000
[INFO] Negative weight (N): 111.0000
[DEBUG] Best rule so far: rall106(A,B) :- true [0.0431034482759]
[DEBUG] Candidates for iteration 1:
[DEBUG] ==================================
[DEBUG] rall106(A,B) :- true 0.0431034482759
[DEBUG] ==================================
[LVL9] rall106(A,B) :- all106(A,C) 0.127693965517 (2.0, 13.0, 98.0, 3.0) 0.681034482759 [ACCEPT]
[LVL9] BETTER RULE rall106(A,B) :- all106(A,C) (0.12769396551724138, 2.0) > (0.04310344827586207, 5.0)
[LVL9] rall106(A,B) :- all106(B,C) 0.0651939655172 (1.0, 14.0, 97.0, 4.0) 0.521551724138 [ACCEPT]
[LVL9] rall106(A,B) :- all106(C,A) 0.136206896552 (2.0, 12.0, 99.0, 3.0) 0.681034482759 [ACCEPT]
[LVL9] BETTER RULE rall106(A,B) :- all106(C,A) (0.13620689655172413, 2.0) > (0.12769396551724138, 2.0)
[LVL9] rall106(A,B) :- all106(C,B) 0.136206896552 (2.0, 12.0, 99.0, 3.0) 0.681034482759 [ACCEPT]
[LVL9] rall106(A,B) :- no106(B,C) 0.157161803714 (2.0, 10.0, 101.0, 3.0) 0.681034482759 [ACCEPT]
[LVL9] BETTER RULE rall106(A,B) :- no106(B,C) (0.15716180371352786, 2.0) > (0.13620689655172413, 2.0)
[LVL9] rall106(A,B) :- no106(C,A) 0.0651939655172 (1.0, 14.0, 97.0, 4.0) 0.521551724138 [ACCEPT]
[DEBUG] Best rule so far: rall106(A,B) :- no106(B,C) [0.157161803714]
[DEBUG] Candidates for iteration 2:
[DEBUG] ==================================
[DEBUG] rall106(A,B) :- no106(B,C) 0.157161803714
[DEBUG] rall106(A,B) :- all106(C,A) 0.136206896552
[DEBUG] rall106(A,B) :- all106(C,B) 0.136206896552
[DEBUG] rall106(A,B) :- all106(A,C) 0.127693965517
[DEBUG] rall106(A,B) :- all106(B,C) 0.0651939655172
[DEBUG] rall106(A,B) :- no106(C,A) 0.0651939655172
[DEBUG] ==================================
[LVL9] rall106(A,B) :- no106(B,C), all106(A,C) 0.521551724138 (1.0, 0.0, 111.0, 4.0) 0.521551724138 [REJECT* fp] 0.0
[LVL9] BETTER RULE rall106(A,B) :- no106(B,C), all106(A,C) (0.521551724137931, 1.0) > (0.15716180371352786, 2.0)
[LVL9] rall106(A,B) :- no106(B,C), \+some106(A,C) 0.185736677116 (2.0, 8.0, 103.0, 3.0) 0.681034482759 [ACCEPT]
[LVL9] rall106(A,B) :- no106(B,C), \+some106(C,A) 0.185736677116 (2.0, 8.0, 103.0, 3.0) 0.681034482759 [ACCEPT]
[LVL9] rall106(A,B) :- no106(B,C), \+no106(A,C) 0.185736677116 (2.0, 8.0, 103.0, 3.0) 0.681034482759 [ACCEPT]
[LVL9] rall106(A,B) :- no106(B,C), \+no106(C,A) 0.17025862069 (2.0, 9.0, 102.0, 3.0) 0.681034482759 [ACCEPT]
[LVL9] rall106(A,B) :- no106(B,C), \+somenot106(A,C) 0.185736677116 (2.0, 8.0, 103.0, 3.0) 0.681034482759 [ACCEPT]
[LVL9] rall106(A,B) :- no106(B,C), \+somenot106(C,A) 0.17025862069 (2.0, 9.0, 102.0, 3.0) 0.681034482759 [ACCEPT]
[LVL9] rall106(A,B) :- all106(C,A), \+all106(B,C) 0.157161803714 (2.0, 10.0, 101.0, 3.0) 0.681034482759 [ACCEPT]
[LVL9] rall106(A,B) :- all106(C,A), \+some106(C,B) 0.145935960591 (2.0, 11.0, 100.0, 3.0) 0.681034482759 [ACCEPT]
[LVL9] rall106(A,B) :- all106(C,A), \+some106(B,C) 0.157161803714 (2.0, 10.0, 101.0, 3.0) 0.681034482759 [ACCEPT]
[LVL9] rall106(A,B) :- all106(C,A), \+no106(C,B) 0.157161803714 (2.0, 10.0, 101.0, 3.0) 0.681034482759 [ACCEPT]
[LVL9] rall106(A,B) :- all106(C,A), \+somenot106(C,B) 0.157161803714 (2.0, 10.0, 101.0, 3.0) 0.681034482759 [ACCEPT]
[LVL9] rall106(A,B) :- all106(C,A), \+somenot106(B,C) 0.157161803714 (2.0, 10.0, 101.0, 3.0) 0.681034482759 [ACCEPT]
[LVL9] rall106(A,B) :- all106(C,B), \+some106(A,C) 0.157161803714 (2.0, 10.0, 101.0, 3.0) 0.681034482759 [ACCEPT]
[LVL9] rall106(A,B) :- all106(C,B), \+some106(C,A) 0.145935960591 (2.0, 11.0, 100.0, 3.0) 0.681034482759 [ACCEPT]
[LVL9] rall106(A,B) :- all106(C,B), \+no106(A,C) 0.145935960591 (2.0, 11.0, 100.0, 3.0) 0.681034482759 [ACCEPT]
[LVL9] rall106(A,B) :- all106(C,B), \+no106(C,A) 0.157161803714 (2.0, 10.0, 101.0, 3.0) 0.681034482759 [ACCEPT]
[LVL9] rall106(A,B) :- all106(C,B), \+somenot106(A,C) 0.157161803714 (2.0, 10.0, 101.0, 3.0) 0.681034482759 [ACCEPT]
[LVL9] rall106(A,B) :- all106(C,B), \+somenot106(C,A) 0.157161803714 (2.0, 10.0, 101.0, 3.0) 0.681034482759 [ACCEPT]
[LVL9] rall106(A,B) :- all106(A,C), \+all106(B,C) 0.145935960591 (2.0, 11.0, 100.0, 3.0) 0.681034482759 [ACCEPT]
[LVL9] rall106(A,B) :- all106(A,C), \+some106(C,B) 0.145935960591 (2.0, 11.0, 100.0, 3.0) 0.681034482759 [ACCEPT]
[LVL9] rall106(A,B) :- all106(A,C), \+some106(B,C) 0.145935960591 (2.0, 11.0, 100.0, 3.0) 0.681034482759 [ACCEPT]
[LVL9] rall106(A,B) :- all106(A,C), \+no106(C,B) 0.145935960591 (2.0, 11.0, 100.0, 3.0) 0.681034482759 [ACCEPT]
[LVL9] rall106(A,B) :- all106(A,C), \+somenot106(C,B) 0.145935960591 (2.0, 11.0, 100.0, 3.0) 0.681034482759 [ACCEPT]
[LVL9] rall106(A,B) :- all106(A,C), \+somenot106(B,C) 0.145935960591 (2.0, 11.0, 100.0, 3.0) 0.681034482759 [ACCEPT]
[DEBUG] Best rule so far: rall106(A,B) :- no106(B,C), all106(A,C) [0.521551724138]
[DEBUG] Candidates for iteration 3:
[DEBUG] ==================================
[DEBUG] rall106(A,B) :- no106(B,C), \+some106(A,C) 0.185736677116
[DEBUG] rall106(A,B) :- no106(B,C), \+some106(C,A) 0.185736677116
[DEBUG] rall106(A,B) :- no106(B,C), \+no106(A,C) 0.185736677116
[DEBUG] rall106(A,B) :- no106(B,C), \+somenot106(A,C) 0.185736677116
[DEBUG] rall106(A,B) :- no106(B,C), \+no106(C,A) 0.17025862069
[DEBUG] rall106(A,B) :- no106(B,C), \+somenot106(C,A) 0.17025862069
[DEBUG] rall106(A,B) :- all106(C,A), \+all106(B,C) 0.157161803714
[DEBUG] rall106(A,B) :- all106(C,A), \+some106(B,C) 0.157161803714
[DEBUG] rall106(A,B) :- all106(C,A), \+no106(C,B) 0.157161803714
[DEBUG] rall106(A,B) :- all106(C,A), \+somenot106(C,B) 0.157161803714
[DEBUG] rall106(A,B) :- all106(C,A), \+somenot106(B,C) 0.157161803714
[DEBUG] rall106(A,B) :- all106(C,B), \+some106(A,C) 0.157161803714
[DEBUG] rall106(A,B) :- all106(C,B), \+no106(C,A) 0.157161803714
[DEBUG] rall106(A,B) :- all106(C,B), \+somenot106(A,C) 0.157161803714
[DEBUG] rall106(A,B) :- all106(C,B), \+somenot106(C,A) 0.157161803714
[DEBUG] rall106(A,B) :- all106(C,A), \+some106(C,B) 0.145935960591
[DEBUG] rall106(A,B) :- all106(C,B), \+some106(C,A) 0.145935960591
[DEBUG] rall106(A,B) :- all106(C,B), \+no106(A,C) 0.145935960591
[DEBUG] rall106(A,B) :- all106(A,C), \+all106(B,C) 0.145935960591
[DEBUG] rall106(A,B) :- all106(A,C), \+some106(C,B) 0.145935960591
[DEBUG] rall106(A,B) :- all106(A,C), \+some106(B,C) 0.145935960591
[DEBUG] rall106(A,B) :- all106(A,C), \+no106(C,B) 0.145935960591
[DEBUG] rall106(A,B) :- all106(A,C), \+somenot106(C,B) 0.145935960591
[DEBUG] rall106(A,B) :- all106(A,C), \+somenot106(B,C) 0.145935960591
[DEBUG] ==================================
[INFO] RULE LEARNED: rall106(A,B) :- no106(B,C), all106(A,C) 0.965517241379
[DEBUG] Best rule so far: rall106(A,B) :- true [0.0347826086957]
[DEBUG] Candidates for iteration 1:
[DEBUG] ==================================
[DEBUG] rall106(A,B) :- true 0.0347826086957
[DEBUG] ==================================
[LVL9] rall106(A,B) :- all106(A,C) 0.0689855072464 (2.0, 13.0, 98.0, 3.0) 0.517391304348 [ACCEPT]
[LVL9] BETTER RULE rall106(A,B) :- all106(A,C) (0.06898550724637681, 2.0) > (0.034782608695652174, 5.0)
[LVL9] rall106(A,B) :- all106(B,C) 0.0646739130435 (2.0, 14.0, 97.0, 3.0) 0.517391304348 [ACCEPT]
[LVL9] rall106(A,B) :- all106(C,A) 0.135652173913 (3.0, 12.0, 99.0, 2.0) 0.678260869565 [ACCEPT]
[LVL9] BETTER RULE rall106(A,B) :- all106(C,A) (0.13565217391304346, 3.0) > (0.06898550724637681, 2.0)
[LVL9] rall106(A,B) :- all106(C,B) 0.135652173913 (3.0, 12.0, 99.0, 2.0) 0.678260869565 [ACCEPT]
[LVL9] rall106(A,B) :- no106(B,C) 0.086231884058 (2.0, 10.0, 101.0, 3.0) 0.517391304348 [ACCEPT]
[LVL9] rall106(A,B) :- no106(C,A) 0.0646739130435 (2.0, 14.0, 97.0, 3.0) 0.517391304348 [ACCEPT]
[DEBUG] Best rule so far: rall106(A,B) :- all106(C,A) [0.135652173913]
[DEBUG] Candidates for iteration 2:
[DEBUG] ==================================
[DEBUG] rall106(A,B) :- all106(C,A) 0.135652173913
[DEBUG] rall106(A,B) :- all106(C,B) 0.135652173913
[DEBUG] rall106(A,B) :- no106(B,C) 0.086231884058
[DEBUG] rall106(A,B) :- all106(A,C) 0.0689855072464
[DEBUG] rall106(A,B) :- all106(B,C) 0.0646739130435
[DEBUG] rall106(A,B) :- no106(C,A) 0.0646739130435
[DEBUG] ==================================
[LVL9] rall106(A,B) :- all106(C,A), all106(C,B) 0.344927536232 (2.0, 1.0, 110.0, 3.0) 0.517391304348 [ACCEPT]
[LVL9] BETTER RULE rall106(A,B) :- all106(C,A), all106(C,B) (0.34492753623188405, 2.0) > (0.13565217391304346, 3.0)
[LVL9] rall106(A,B) :- all106(C,A), all106(D,B) 0.344927536232 (2.0, 1.0, 110.0, 3.0) 0.517391304348 [ACCEPT]
[LVL9] rall106(A,B) :- all106(C,A), no106(B,C) 0.517391304348 (2.0, 0.0, 111.0, 3.0) 0.517391304348 [REJECT* fp] 1.0
[LVL9] BETTER RULE rall106(A,B) :- all106(C,A), no106(B,C) (0.5173913043478261, 2.0) > (0.34492753623188405, 2.0)
[LVL9] rall106(A,B) :- all106(C,A), \+all106(B,C) 0.15652173913 (3.0, 10.0, 101.0, 2.0) 0.678260869565 [ACCEPT]
[LVL9] rall106(A,B) :- all106(C,A), \+some106(C,B) 0.145341614907 (3.0, 11.0, 100.0, 2.0) 0.678260869565 [ACCEPT]
[LVL9] rall106(A,B) :- all106(C,A), \+some106(B,C) 0.15652173913 (3.0, 10.0, 101.0, 2.0) 0.678260869565 [ACCEPT]
[LVL9] rall106(A,B) :- all106(C,A), \+no106(C,B) 0.15652173913 (3.0, 10.0, 101.0, 2.0) 0.678260869565 [ACCEPT]
[LVL9] rall106(A,B) :- all106(C,A), \+somenot106(C,B) 0.15652173913 (3.0, 10.0, 101.0, 2.0) 0.678260869565 [ACCEPT]
[LVL9] rall106(A,B) :- all106(C,A), \+somenot106(B,C) 0.15652173913 (3.0, 10.0, 101.0, 2.0) 0.678260869565 [ACCEPT]
[LVL9] rall106(A,B) :- all106(C,B), \+some106(A,C) 0.15652173913 (3.0, 10.0, 101.0, 2.0) 0.678260869565 [ACCEPT]
[LVL9] rall106(A,B) :- all106(C,B), \+some106(C,A) 0.145341614907 (3.0, 11.0, 100.0, 2.0) 0.678260869565 [ACCEPT]
[LVL9] rall106(A,B) :- all106(C,B), \+no106(A,C) 0.145341614907 (3.0, 11.0, 100.0, 2.0) 0.678260869565 [ACCEPT]
[LVL9] rall106(A,B) :- all106(C,B), \+no106(C,A) 0.15652173913 (3.0, 10.0, 101.0, 2.0) 0.678260869565 [ACCEPT]
[LVL9] rall106(A,B) :- all106(C,B), \+somenot106(A,C) 0.15652173913 (3.0, 10.0, 101.0, 2.0) 0.678260869565 [ACCEPT]
[LVL9] rall106(A,B) :- all106(C,B), \+somenot106(C,A) 0.15652173913 (3.0, 10.0, 101.0, 2.0) 0.678260869565 [ACCEPT]
[DEBUG] Best rule so far: rall106(A,B) :- all106(C,A), no106(B,C) [0.517391304348]
[DEBUG] Candidates for iteration 3:
[DEBUG] ==================================
[DEBUG] rall106(A,B) :- all106(C,A), all106(C,B) 0.344927536232
[DEBUG] rall106(A,B) :- all106(C,A), all106(D,B) 0.344927536232
[DEBUG] rall106(A,B) :- all106(C,A), \+all106(B,C) 0.15652173913
[DEBUG] rall106(A,B) :- all106(C,A), \+some106(B,C) 0.15652173913
[DEBUG] rall106(A,B) :- all106(C,A), \+no106(C,B) 0.15652173913
[DEBUG] rall106(A,B) :- all106(C,A), \+somenot106(C,B) 0.15652173913
[DEBUG] rall106(A,B) :- all106(C,A), \+somenot106(B,C) 0.15652173913
[DEBUG] rall106(A,B) :- all106(C,B), \+some106(A,C) 0.15652173913
[DEBUG] rall106(A,B) :- all106(C,B), \+no106(C,A) 0.15652173913
[DEBUG] rall106(A,B) :- all106(C,B), \+somenot106(A,C) 0.15652173913
[DEBUG] rall106(A,B) :- all106(C,B), \+somenot106(C,A) 0.15652173913
[DEBUG] rall106(A,B) :- all106(C,A), \+some106(C,B) 0.145341614907
[DEBUG] rall106(A,B) :- all106(C,B), \+some106(C,A) 0.145341614907
[DEBUG] rall106(A,B) :- all106(C,B), \+no106(A,C) 0.145341614907
[DEBUG] ==================================
[INFO] RULE LEARNED: rall106(A,B) :- all106(C,A), no106(B,C) 0.974137931034
[DEBUG] Best rule so far: rall106(A,B) :- true [0.0263157894737]
[DEBUG] Candidates for iteration 1:
[DEBUG] ==================================
[DEBUG] rall106(A,B) :- true 0.0263157894737
[DEBUG] ==================================
[LVL9] rall106(A,B) :- all106(A,C) 0.0684210526316 (3.0, 13.0, 98.0, 2.0) 0.513157894737 [ACCEPT]
[LVL9] BETTER RULE rall106(A,B) :- all106(A,C) (0.06842105263157895, 3.0) > (0.02631578947368421, 5.0)
[LVL9] rall106(A,B) :- all106(B,C) 0.0641447368421 (3.0, 14.0, 97.0, 2.0) 0.513157894737 [ACCEPT]
[LVL9] rall106(A,B) :- all106(C,A) 0.0733082706767 (3.0, 12.0, 99.0, 2.0) 0.513157894737 [ACCEPT]
[LVL9] BETTER RULE rall106(A,B) :- all106(C,A) (0.07330827067669174, 3.0) > (0.06842105263157895, 3.0)
[LVL9] rall106(A,B) :- all106(C,B) 0.135087719298 (4.0, 12.0, 99.0, 1.0) 0.675438596491 [ACCEPT]
[LVL9] BETTER RULE rall106(A,B) :- all106(C,B) (0.13508771929824562, 4.0) > (0.07330827067669174, 3.0)
[LVL9] rall106(A,B) :- no106(C,A) 0.0641447368421 (3.0, 14.0, 97.0, 2.0) 0.513157894737 [ACCEPT]
[DEBUG] Best rule so far: rall106(A,B) :- all106(C,B) [0.135087719298]
[DEBUG] Candidates for iteration 2:
[DEBUG] ==================================
[DEBUG] rall106(A,B) :- all106(C,B) 0.135087719298
[DEBUG] rall106(A,B) :- all106(C,A) 0.0733082706767
[DEBUG] rall106(A,B) :- all106(A,C) 0.0684210526316
[DEBUG] rall106(A,B) :- all106(B,C) 0.0641447368421
[DEBUG] rall106(A,B) :- no106(C,A) 0.0641447368421
[DEBUG] ==================================
[LVL9] rall106(A,B) :- all106(C,B), all106(A,C) 0.342105263158 (3.0, 1.0, 110.0, 2.0) 0.513157894737 [ACCEPT]
[LVL9] BETTER RULE rall106(A,B) :- all106(C,B), all106(A,C) (0.34210526315789475, 3.0) > (0.13508771929824562, 4.0)
[LVL9] rall106(A,B) :- all106(C,B), all106(C,A) 0.342105263158 (3.0, 1.0, 110.0, 2.0) 0.513157894737 [ACCEPT]
[LVL9] rall106(A,B) :- all106(C,B), all106(A,D) 0.342105263158 (3.0, 1.0, 110.0, 2.0) 0.513157894737 [ACCEPT]
[LVL9] rall106(A,B) :- all106(C,B), all106(D,A) 0.342105263158 (3.0, 1.0, 110.0, 2.0) 0.513157894737 [ACCEPT]
[LVL9] rall106(A,B) :- all106(C,B), all106(D,C) 0.342105263158 (3.0, 1.0, 110.0, 2.0) 0.513157894737 [ACCEPT]
[LVL9] rall106(A,B) :- all106(C,B), \+all106(A,C) 0.0789473684211 (3.0, 11.0, 100.0, 2.0) 0.513157894737 [ACCEPT]
[LVL9] rall106(A,B) :- all106(C,B), \+all106(C,A) 0.0789473684211 (3.0, 11.0, 100.0, 2.0) 0.513157894737 [ACCEPT]
[LVL9] rall106(A,B) :- all106(C,B), \+some106(A,C) 0.155870445344 (4.0, 10.0, 101.0, 1.0) 0.675438596491 [ACCEPT]
[LVL9] rall106(A,B) :- all106(C,B), \+some106(C,A) 0.144736842105 (4.0, 11.0, 100.0, 1.0) 0.675438596491 [ACCEPT]
[LVL9] rall106(A,B) :- all106(C,B), \+no106(A,C) 0.144736842105 (4.0, 11.0, 100.0, 1.0) 0.675438596491 [ACCEPT]
[LVL9] rall106(A,B) :- all106(C,B), \+no106(C,A) 0.155870445344 (4.0, 10.0, 101.0, 1.0) 0.675438596491 [ACCEPT]
[LVL9] rall106(A,B) :- all106(C,B), \+somenot106(A,C) 0.155870445344 (4.0, 10.0, 101.0, 1.0) 0.675438596491 [ACCEPT]
[LVL9] rall106(A,B) :- all106(C,B), \+somenot106(C,A) 0.155870445344 (4.0, 10.0, 101.0, 1.0) 0.675438596491 [ACCEPT]
[LVL9] rall106(A,B) :- all106(C,A), all106(D,B) 0.342105263158 (3.0, 1.0, 110.0, 2.0) 0.513157894737 [ACCEPT]
[LVL9] rall106(A,B) :- all106(C,A), \+all106(B,C) 0.0855263157895 (3.0, 10.0, 101.0, 2.0) 0.513157894737 [ACCEPT]
[LVL9] rall106(A,B) :- all106(C,A), \+some106(C,B) 0.0789473684211 (3.0, 11.0, 100.0, 2.0) 0.513157894737 [ACCEPT]
[LVL9] rall106(A,B) :- all106(C,A), \+some106(B,C) 0.0855263157895 (3.0, 10.0, 101.0, 2.0) 0.513157894737 [ACCEPT]
[LVL9] rall106(A,B) :- all106(C,A), \+no106(C,B) 0.0855263157895 (3.0, 10.0, 101.0, 2.0) 0.513157894737 [ACCEPT]
[LVL9] rall106(A,B) :- all106(C,A), \+somenot106(C,B) 0.0855263157895 (3.0, 10.0, 101.0, 2.0) 0.513157894737 [ACCEPT]
[LVL9] rall106(A,B) :- all106(C,A), \+somenot106(B,C) 0.0855263157895 (3.0, 10.0, 101.0, 2.0) 0.513157894737 [ACCEPT]
[LVL9] rall106(A,B) :- all106(A,C), all106(C,D) 0.342105263158 (3.0, 1.0, 110.0, 2.0) 0.513157894737 [ACCEPT]
[LVL9] rall106(A,B) :- all106(A,C), all106(D,B) 0.342105263158 (3.0, 1.0, 110.0, 2.0) 0.513157894737 [ACCEPT]
[LVL9] rall106(A,B) :- all106(A,C), \+all106(B,C) 0.0789473684211 (3.0, 11.0, 100.0, 2.0) 0.513157894737 [ACCEPT]
[LVL9] rall106(A,B) :- all106(A,C), \+some106(C,B) 0.0789473684211 (3.0, 11.0, 100.0, 2.0) 0.513157894737 [ACCEPT]
[LVL9] rall106(A,B) :- all106(A,C), \+some106(B,C) 0.0789473684211 (3.0, 11.0, 100.0, 2.0) 0.513157894737 [ACCEPT]
[LVL9] rall106(A,B) :- all106(A,C), \+no106(C,B) 0.0789473684211 (3.0, 11.0, 100.0, 2.0) 0.513157894737 [ACCEPT]
[LVL9] rall106(A,B) :- all106(A,C), \+somenot106(C,B) 0.0789473684211 (3.0, 11.0, 100.0, 2.0) 0.513157894737 [ACCEPT]
[LVL9] rall106(A,B) :- all106(A,C), \+somenot106(B,C) 0.0789473684211 (3.0, 11.0, 100.0, 2.0) 0.513157894737 [ACCEPT]
[LVL9] rall106(A,B) :- all106(B,C), no106(C,A) 0.342105263158 (3.0, 1.0, 110.0, 2.0) 0.513157894737 [ACCEPT]
[LVL9] rall106(A,B) :- all106(B,C), no106(C,D) 0.342105263158 (3.0, 1.0, 110.0, 2.0) 0.513157894737 [ACCEPT]
[LVL9] rall106(A,B) :- all106(B,C), no106(D,A) 0.342105263158 (3.0, 1.0, 110.0, 2.0) 0.513157894737 [ACCEPT]
[LVL9] rall106(A,B) :- all106(B,C), \+all106(A,C) 0.0733082706767 (3.0, 12.0, 99.0, 2.0) 0.513157894737 [ACCEPT]
[LVL9] rall106(A,B) :- all106(B,C), \+all106(C,A) 0.0733082706767 (3.0, 12.0, 99.0, 2.0) 0.513157894737 [ACCEPT]
[LVL9] rall106(A,B) :- all106(B,C), \+some106(A,C) 0.0733082706767 (3.0, 12.0, 99.0, 2.0) 0.513157894737 [ACCEPT]
[LVL9] rall106(A,B) :- all106(B,C), \+some106(C,A) 0.0733082706767 (3.0, 12.0, 99.0, 2.0) 0.513157894737 [ACCEPT]
[LVL9] rall106(A,B) :- all106(B,C), \+no106(A,C) 0.0684210526316 (3.0, 13.0, 98.0, 2.0) 0.513157894737 [ACCEPT]
[LVL9] rall106(A,B) :- all106(B,C), \+somenot106(A,C) 0.0733082706767 (3.0, 12.0, 99.0, 2.0) 0.513157894737 [ACCEPT]
[LVL9] rall106(A,B) :- all106(B,C), \+somenot106(C,A) 0.0733082706767 (3.0, 12.0, 99.0, 2.0) 0.513157894737 [ACCEPT]
[LVL9] rall106(A,B) :- no106(C,A), all106(B,D) 0.342105263158 (3.0, 1.0, 110.0, 2.0) 0.513157894737 [ACCEPT]
[LVL9] rall106(A,B) :- no106(C,A), all106(D,C) 0.342105263158 (3.0, 1.0, 110.0, 2.0) 0.513157894737 [ACCEPT]
[LVL9] rall106(A,B) :- no106(C,A), \+all106(C,B) 0.0733082706767 (3.0, 12.0, 99.0, 2.0) 0.513157894737 [ACCEPT]
[LVL9] rall106(A,B) :- no106(C,A), \+some106(C,B) 0.0733082706767 (3.0, 12.0, 99.0, 2.0) 0.513157894737 [ACCEPT]
[LVL9] rall106(A,B) :- no106(C,A), \+some106(B,C) 0.0733082706767 (3.0, 12.0, 99.0, 2.0) 0.513157894737 [ACCEPT]
[LVL9] rall106(A,B) :- no106(C,A), \+no106(C,B) 0.0733082706767 (3.0, 12.0, 99.0, 2.0) 0.513157894737 [ACCEPT]
[LVL9] rall106(A,B) :- no106(C,A), \+no106(B,C) 0.0684210526316 (3.0, 13.0, 98.0, 2.0) 0.513157894737 [ACCEPT]
[LVL9] rall106(A,B) :- no106(C,A), \+somenot106(C,B) 0.0733082706767 (3.0, 12.0, 99.0, 2.0) 0.513157894737 [ACCEPT]
[LVL9] rall106(A,B) :- no106(C,A), \+somenot106(B,C) 0.0733082706767 (3.0, 12.0, 99.0, 2.0) 0.513157894737 [ACCEPT]
[DEBUG] Best rule so far: rall106(A,B) :- all106(C,B), all106(A,C) [0.342105263158]
[DEBUG] Candidates for iteration 3:
[DEBUG] ==================================
[DEBUG] rall106(A,B) :- all106(C,B), all106(A,C) 0.342105263158
[DEBUG] rall106(A,B) :- all106(C,B), all106(C,A) 0.342105263158
[DEBUG] rall106(A,B) :- all106(C,B), all106(A,D) 0.342105263158
[DEBUG] rall106(A,B) :- all106(C,B), all106(D,A) 0.342105263158
[DEBUG] rall106(A,B) :- all106(C,B), all106(D,C) 0.342105263158
[DEBUG] rall106(A,B) :- all106(C,A), all106(D,B) 0.342105263158
[DEBUG] rall106(A,B) :- all106(A,C), all106(C,D) 0.342105263158
[DEBUG] rall106(A,B) :- all106(A,C), all106(D,B) 0.342105263158
[DEBUG] rall106(A,B) :- all106(B,C), no106(C,A) 0.342105263158
[DEBUG] rall106(A,B) :- all106(B,C), no106(C,D) 0.342105263158
[DEBUG] rall106(A,B) :- all106(B,C), no106(D,A) 0.342105263158
[DEBUG] rall106(A,B) :- no106(C,A), all106(B,D) 0.342105263158
[DEBUG] rall106(A,B) :- no106(C,A), all106(D,C) 0.342105263158
[DEBUG] rall106(A,B) :- all106(C,B), \+some106(A,C) 0.155870445344
[DEBUG] rall106(A,B) :- all106(C,B), \+no106(C,A) 0.155870445344
[DEBUG] rall106(A,B) :- all106(C,B), \+somenot106(A,C) 0.155870445344
[DEBUG] rall106(A,B) :- all106(C,B), \+somenot106(C,A) 0.155870445344
[DEBUG] rall106(A,B) :- all106(C,B), \+some106(C,A) 0.144736842105
[DEBUG] rall106(A,B) :- all106(C,B), \+no106(A,C) 0.144736842105
[DEBUG] rall106(A,B) :- all106(C,A), \+all106(B,C) 0.0855263157895
[DEBUG] rall106(A,B) :- all106(C,A), \+some106(B,C) 0.0855263157895
[DEBUG] rall106(A,B) :- all106(C,A), \+no106(C,B) 0.0855263157895
[DEBUG] rall106(A,B) :- all106(C,A), \+somenot106(C,B) 0.0855263157895
[DEBUG] rall106(A,B) :- all106(C,A), \+somenot106(B,C) 0.0855263157895
[DEBUG] rall106(A,B) :- all106(C,B), \+all106(A,C) 0.0789473684211
[DEBUG] rall106(A,B) :- all106(C,B), \+all106(C,A) 0.0789473684211
[DEBUG] rall106(A,B) :- all106(C,A), \+some106(C,B) 0.0789473684211
[DEBUG] rall106(A,B) :- all106(A,C), \+all106(B,C) 0.0789473684211
[DEBUG] rall106(A,B) :- all106(A,C), \+some106(C,B) 0.0789473684211
[DEBUG] rall106(A,B) :- all106(A,C), \+some106(B,C) 0.0789473684211
[DEBUG] rall106(A,B) :- all106(A,C), \+no106(C,B) 0.0789473684211
[DEBUG] rall106(A,B) :- all106(A,C), \+somenot106(C,B) 0.0789473684211
[DEBUG] rall106(A,B) :- all106(A,C), \+somenot106(B,C) 0.0789473684211
[DEBUG] rall106(A,B) :- all106(B,C), \+all106(A,C) 0.0733082706767
[DEBUG] rall106(A,B) :- all106(B,C), \+all106(C,A) 0.0733082706767
[DEBUG] rall106(A,B) :- all106(B,C), \+some106(A,C) 0.0733082706767
[DEBUG] rall106(A,B) :- all106(B,C), \+some106(C,A) 0.0733082706767
[DEBUG] rall106(A,B) :- all106(B,C), \+somenot106(A,C) 0.0733082706767
[DEBUG] rall106(A,B) :- all106(B,C), \+somenot106(C,A) 0.0733082706767
[DEBUG] rall106(A,B) :- no106(C,A), \+all106(C,B) 0.0733082706767
[DEBUG] rall106(A,B) :- no106(C,A), \+some106(C,B) 0.0733082706767
[DEBUG] rall106(A,B) :- no106(C,A), \+some106(B,C) 0.0733082706767
[DEBUG] rall106(A,B) :- no106(C,A), \+no106(C,B) 0.0733082706767
[DEBUG] rall106(A,B) :- no106(C,A), \+somenot106(C,B) 0.0733082706767
[DEBUG] rall106(A,B) :- no106(C,A), \+somenot106(B,C) 0.0733082706767
[DEBUG] rall106(A,B) :- all106(B,C), \+no106(A,C) 0.0684210526316
[DEBUG] rall106(A,B) :- no106(C,A), \+no106(B,C) 0.0684210526316
[DEBUG] ==================================
[INFO] RULE LEARNED: rall106(A,B) :- all106(C,B), all106(A,C) 0.974137931034
