[LVL9] Output level: 9
[INFO] Random seed: 0.224568405895
[INFO] Computing scores: 0.0694s
[INFO] Number of examples (M): 116
[INFO] Positive weight (P): 5.0000
[INFO] Negative weight (N): 111.0000
[DEBUG] Best rule so far: rsome44(A,B) :- true [0.0431034482759]
[DEBUG] Candidates for iteration 1:
[DEBUG] ==================================
[DEBUG] rsome44(A,B) :- true 0.0431034482759
[DEBUG] ==================================
[LVL9] rsome44(A,B) :- all44(A,C) 0.0651939655172 (1.0, 14.0, 97.0, 4.0) 0.521551724138 [ACCEPT]
[LVL9] BETTER RULE rsome44(A,B) :- all44(A,C) (0.06519396551724138, 1.0) > (0.04310344827586207, 5.0)
[LVL9] rsome44(A,B) :- all44(B,C) 0.0651939655172 (1.0, 14.0, 97.0, 4.0) 0.521551724138 [ACCEPT]
[LVL9] rsome44(A,B) :- all44(C,A) 0.0695402298851 (1.0, 13.0, 98.0, 4.0) 0.521551724138 [ACCEPT]
[LVL9] BETTER RULE rsome44(A,B) :- all44(C,A) (0.06954022988505747, 1.0) > (0.06519396551724138, 1.0)
[LVL9] rsome44(A,B) :- all44(C,B) 0.136206896552 (2.0, 12.0, 99.0, 3.0) 0.681034482759 [ACCEPT]
[LVL9] BETTER RULE rsome44(A,B) :- all44(C,B) (0.13620689655172413, 2.0) > (0.06954022988505747, 1.0)
[LVL9] rsome44(A,B) :- some44(A,C) 0.0695402298851 (1.0, 13.0, 98.0, 4.0) 0.521551724138 [ACCEPT]
[LVL9] rsome44(A,B) :- some44(B,C) 0.0695402298851 (1.0, 13.0, 98.0, 4.0) 0.521551724138 [ACCEPT]
[LVL9] rsome44(A,B) :- some44(C,A) 0.0695402298851 (1.0, 13.0, 98.0, 4.0) 0.521551724138 [ACCEPT]
[LVL9] rsome44(A,B) :- some44(C,B) 0.0695402298851 (1.0, 13.0, 98.0, 4.0) 0.521551724138 [ACCEPT]
[LVL9] rsome44(A,B) :- no44(C,A) 0.0651939655172 (1.0, 14.0, 97.0, 4.0) 0.521551724138 [ACCEPT]
[DEBUG] Best rule so far: rsome44(A,B) :- all44(C,B) [0.136206896552]
[DEBUG] Candidates for iteration 2:
[DEBUG] ==================================
[DEBUG] rsome44(A,B) :- all44(C,B) 0.136206896552
[DEBUG] rsome44(A,B) :- all44(C,A) 0.0695402298851
[DEBUG] rsome44(A,B) :- some44(A,C) 0.0695402298851
[DEBUG] rsome44(A,B) :- some44(B,C) 0.0695402298851
[DEBUG] rsome44(A,B) :- some44(C,A) 0.0695402298851
[DEBUG] rsome44(A,B) :- some44(C,B) 0.0695402298851
[DEBUG] rsome44(A,B) :- all44(A,C) 0.0651939655172
[DEBUG] rsome44(A,B) :- all44(B,C) 0.0651939655172
[DEBUG] rsome44(A,B) :- no44(C,A) 0.0651939655172
[DEBUG] ==================================
[LVL9] rsome44(A,B) :- all44(C,B), some44(A,C) 0.347701149425 (1.0, 1.0, 110.0, 4.0) 0.521551724138 [ACCEPT]
[LVL9] BETTER RULE rsome44(A,B) :- all44(C,B), some44(A,C) (0.34770114942528735, 1.0) > (0.13620689655172413, 2.0)
[LVL9] rsome44(A,B) :- all44(C,B), some44(C,A) 0.347701149425 (1.0, 1.0, 110.0, 4.0) 0.521551724138 [ACCEPT]
[LVL9] rsome44(A,B) :- all44(C,B), some44(A,D) 0.347701149425 (1.0, 1.0, 110.0, 4.0) 0.521551724138 [ACCEPT]
[LVL9] rsome44(A,B) :- all44(C,B), some44(C,D) 0.347701149425 (1.0, 1.0, 110.0, 4.0) 0.521551724138 [ACCEPT]
[LVL9] rsome44(A,B) :- all44(C,B), some44(D,A) 0.347701149425 (1.0, 1.0, 110.0, 4.0) 0.521551724138 [ACCEPT]
[LVL9] rsome44(A,B) :- all44(C,B), some44(D,C) 0.347701149425 (1.0, 1.0, 110.0, 4.0) 0.521551724138 [ACCEPT]
[LVL9] rsome44(A,B) :- all44(C,B), \+all44(A,C) 0.157161803714 (2.0, 10.0, 101.0, 3.0) 0.681034482759 [ACCEPT]
[LVL9] rsome44(A,B) :- all44(C,B), \+all44(C,A) 0.157161803714 (2.0, 10.0, 101.0, 3.0) 0.681034482759 [ACCEPT]
[LVL9] rsome44(A,B) :- all44(C,B), \+some44(A,C) 0.0802387267905 (1.0, 11.0, 100.0, 4.0) 0.521551724138 [ACCEPT]
[LVL9] rsome44(A,B) :- all44(C,B), \+some44(C,A) 0.0802387267905 (1.0, 11.0, 100.0, 4.0) 0.521551724138 [ACCEPT]
[LVL9] rsome44(A,B) :- all44(C,B), \+no44(A,C) 0.157161803714 (2.0, 10.0, 101.0, 3.0) 0.681034482759 [ACCEPT]
[LVL9] rsome44(A,B) :- all44(C,B), \+no44(C,A) 0.145935960591 (2.0, 11.0, 100.0, 3.0) 0.681034482759 [ACCEPT]
[LVL9] rsome44(A,B) :- all44(C,B), \+somenot44(A,C) 0.145935960591 (2.0, 11.0, 100.0, 3.0) 0.681034482759 [ACCEPT]
[LVL9] rsome44(A,B) :- all44(C,B), \+somenot44(C,A) 0.157161803714 (2.0, 10.0, 101.0, 3.0) 0.681034482759 [ACCEPT]
[LVL9] rsome44(A,B) :- all44(C,A), all44(B,C) 0.347701149425 (1.0, 1.0, 110.0, 4.0) 0.521551724138 [ACCEPT]
[LVL9] rsome44(A,B) :- all44(C,A), all44(B,D) 0.347701149425 (1.0, 1.0, 110.0, 4.0) 0.521551724138 [ACCEPT]
[LVL9] rsome44(A,B) :- all44(C,A), all44(D,C) 0.347701149425 (1.0, 1.0, 110.0, 4.0) 0.521551724138 [ACCEPT]
[LVL9] rsome44(A,B) :- all44(C,A), \+all44(C,B) 0.0802387267905 (1.0, 11.0, 100.0, 4.0) 0.521551724138 [ACCEPT]
[LVL9] rsome44(A,B) :- all44(C,A), \+some44(C,B) 0.0802387267905 (1.0, 11.0, 100.0, 4.0) 0.521551724138 [ACCEPT]
[LVL9] rsome44(A,B) :- all44(C,A), \+some44(B,C) 0.0802387267905 (1.0, 11.0, 100.0, 4.0) 0.521551724138 [ACCEPT]
[LVL9] rsome44(A,B) :- all44(C,A), \+no44(C,B) 0.0745073891626 (1.0, 12.0, 99.0, 4.0) 0.521551724138 [ACCEPT]
[LVL9] rsome44(A,B) :- all44(C,A), \+no44(B,C) 0.0802387267905 (1.0, 11.0, 100.0, 4.0) 0.521551724138 [ACCEPT]
[LVL9] rsome44(A,B) :- all44(C,A), \+somenot44(C,B) 0.0802387267905 (1.0, 11.0, 100.0, 4.0) 0.521551724138 [ACCEPT]
[LVL9] rsome44(A,B) :- all44(C,A), \+somenot44(B,C) 0.0745073891626 (1.0, 12.0, 99.0, 4.0) 0.521551724138 [ACCEPT]
[LVL9] rsome44(A,B) :- some44(A,C), all44(C,D) 0.347701149425 (1.0, 1.0, 110.0, 4.0) 0.521551724138 [ACCEPT]
[LVL9] rsome44(A,B) :- some44(A,C), all44(D,B) 0.347701149425 (1.0, 1.0, 110.0, 4.0) 0.521551724138 [ACCEPT]
[LVL9] rsome44(A,B) :- some44(A,C), \+all44(B,C) 0.0802387267905 (1.0, 11.0, 100.0, 4.0) 0.521551724138 [ACCEPT]
[LVL9] rsome44(A,B) :- some44(A,C), \+some44(C,B) 0.0745073891626 (1.0, 12.0, 99.0, 4.0) 0.521551724138 [ACCEPT]
[LVL9] rsome44(A,B) :- some44(A,C), \+some44(B,C) 0.0802387267905 (1.0, 11.0, 100.0, 4.0) 0.521551724138 [ACCEPT]
[LVL9] rsome44(A,B) :- some44(A,C), \+no44(C,B) 0.0802387267905 (1.0, 11.0, 100.0, 4.0) 0.521551724138 [ACCEPT]
[LVL9] rsome44(A,B) :- some44(A,C), \+no44(B,C) 0.0802387267905 (1.0, 11.0, 100.0, 4.0) 0.521551724138 [ACCEPT]
[LVL9] rsome44(A,B) :- some44(A,C), \+somenot44(C,B) 0.0745073891626 (1.0, 12.0, 99.0, 4.0) 0.521551724138 [ACCEPT]
[LVL9] rsome44(A,B) :- some44(A,C), \+somenot44(B,C) 0.0802387267905 (1.0, 11.0, 100.0, 4.0) 0.521551724138 [ACCEPT]
[LVL9] rsome44(A,B) :- some44(B,C), all44(A,C) 0.347701149425 (1.0, 1.0, 110.0, 4.0) 0.521551724138 [ACCEPT]
[LVL9] rsome44(A,B) :- some44(B,C), all44(A,D) 0.347701149425 (1.0, 1.0, 110.0, 4.0) 0.521551724138 [ACCEPT]
[LVL9] rsome44(A,B) :- some44(B,C), all44(D,C) 0.347701149425 (1.0, 1.0, 110.0, 4.0) 0.521551724138 [ACCEPT]
[LVL9] rsome44(A,B) :- some44(B,C), \+all44(C,A) 0.0802387267905 (1.0, 11.0, 100.0, 4.0) 0.521551724138 [ACCEPT]
[LVL9] rsome44(A,B) :- some44(B,C), \+some44(A,C) 0.0802387267905 (1.0, 11.0, 100.0, 4.0) 0.521551724138 [ACCEPT]
[LVL9] rsome44(A,B) :- some44(B,C), \+some44(C,A) 0.0745073891626 (1.0, 12.0, 99.0, 4.0) 0.521551724138 [ACCEPT]
[LVL9] rsome44(A,B) :- some44(B,C), \+no44(A,C) 0.0802387267905 (1.0, 11.0, 100.0, 4.0) 0.521551724138 [ACCEPT]
[LVL9] rsome44(A,B) :- some44(B,C), \+no44(C,A) 0.0802387267905 (1.0, 11.0, 100.0, 4.0) 0.521551724138 [ACCEPT]
[LVL9] rsome44(A,B) :- some44(B,C), \+somenot44(A,C) 0.0802387267905 (1.0, 11.0, 100.0, 4.0) 0.521551724138 [ACCEPT]
[LVL9] rsome44(A,B) :- some44(B,C), \+somenot44(C,A) 0.0745073891626 (1.0, 12.0, 99.0, 4.0) 0.521551724138 [ACCEPT]
[LVL9] rsome44(A,B) :- some44(C,A), all44(C,D) 0.347701149425 (1.0, 1.0, 110.0, 4.0) 0.521551724138 [ACCEPT]
[LVL9] rsome44(A,B) :- some44(C,A), all44(D,B) 0.347701149425 (1.0, 1.0, 110.0, 4.0) 0.521551724138 [ACCEPT]
[LVL9] rsome44(A,B) :- some44(C,A), \+all44(B,C) 0.0802387267905 (1.0, 11.0, 100.0, 4.0) 0.521551724138 [ACCEPT]
[LVL9] rsome44(A,B) :- some44(C,A), \+some44(C,B) 0.0802387267905 (1.0, 11.0, 100.0, 4.0) 0.521551724138 [ACCEPT]
[LVL9] rsome44(A,B) :- some44(C,A), \+some44(B,C) 0.0745073891626 (1.0, 12.0, 99.0, 4.0) 0.521551724138 [ACCEPT]
[LVL9] rsome44(A,B) :- some44(C,A), \+no44(C,B) 0.0802387267905 (1.0, 11.0, 100.0, 4.0) 0.521551724138 [ACCEPT]
[LVL9] rsome44(A,B) :- some44(C,A), \+no44(B,C) 0.0802387267905 (1.0, 11.0, 100.0, 4.0) 0.521551724138 [ACCEPT]
[LVL9] rsome44(A,B) :- some44(C,A), \+somenot44(C,B) 0.0745073891626 (1.0, 12.0, 99.0, 4.0) 0.521551724138 [ACCEPT]
[LVL9] rsome44(A,B) :- some44(C,A), \+somenot44(B,C) 0.0802387267905 (1.0, 11.0, 100.0, 4.0) 0.521551724138 [ACCEPT]
[LVL9] rsome44(A,B) :- some44(C,B), no44(C,A) 0.347701149425 (1.0, 1.0, 110.0, 4.0) 0.521551724138 [ACCEPT]
[LVL9] rsome44(A,B) :- some44(C,B), no44(C,D) 0.347701149425 (1.0, 1.0, 110.0, 4.0) 0.521551724138 [ACCEPT]
[LVL9] rsome44(A,B) :- some44(C,B), no44(D,A) 0.347701149425 (1.0, 1.0, 110.0, 4.0) 0.521551724138 [ACCEPT]
[LVL9] rsome44(A,B) :- some44(C,B), \+all44(A,C) 0.0802387267905 (1.0, 11.0, 100.0, 4.0) 0.521551724138 [ACCEPT]
[LVL9] rsome44(A,B) :- some44(C,B), \+all44(C,A) 0.0802387267905 (1.0, 11.0, 100.0, 4.0) 0.521551724138 [ACCEPT]
[LVL9] rsome44(A,B) :- some44(C,B), \+some44(A,C) 0.0745073891626 (1.0, 12.0, 99.0, 4.0) 0.521551724138 [ACCEPT]
[LVL9] rsome44(A,B) :- some44(C,B), \+some44(C,A) 0.0802387267905 (1.0, 11.0, 100.0, 4.0) 0.521551724138 [ACCEPT]
[LVL9] rsome44(A,B) :- some44(C,B), \+no44(A,C) 0.0802387267905 (1.0, 11.0, 100.0, 4.0) 0.521551724138 [ACCEPT]
[LVL9] rsome44(A,B) :- some44(C,B), \+somenot44(A,C) 0.0802387267905 (1.0, 11.0, 100.0, 4.0) 0.521551724138 [ACCEPT]
[LVL9] rsome44(A,B) :- some44(C,B), \+somenot44(C,A) 0.0745073891626 (1.0, 12.0, 99.0, 4.0) 0.521551724138 [ACCEPT]
[LVL9] rsome44(A,B) :- all44(A,C), some44(B,D) 0.347701149425 (1.0, 1.0, 110.0, 4.0) 0.521551724138 [ACCEPT]
[LVL9] rsome44(A,B) :- all44(A,C), some44(D,C) 0.347701149425 (1.0, 1.0, 110.0, 4.0) 0.521551724138 [ACCEPT]
[LVL9] rsome44(A,B) :- all44(A,C), \+all44(C,B) 0.0745073891626 (1.0, 12.0, 99.0, 4.0) 0.521551724138 [ACCEPT]
[LVL9] rsome44(A,B) :- all44(A,C), \+all44(B,C) 0.0745073891626 (1.0, 12.0, 99.0, 4.0) 0.521551724138 [ACCEPT]
[LVL9] rsome44(A,B) :- all44(A,C), \+some44(C,B) 0.0745073891626 (1.0, 12.0, 99.0, 4.0) 0.521551724138 [ACCEPT]
[LVL9] rsome44(A,B) :- all44(A,C), \+no44(C,B) 0.0745073891626 (1.0, 12.0, 99.0, 4.0) 0.521551724138 [ACCEPT]
[LVL9] rsome44(A,B) :- all44(A,C), \+no44(B,C) 0.0745073891626 (1.0, 12.0, 99.0, 4.0) 0.521551724138 [ACCEPT]
[LVL9] rsome44(A,B) :- all44(A,C), \+somenot44(C,B) 0.0745073891626 (1.0, 12.0, 99.0, 4.0) 0.521551724138 [ACCEPT]
[LVL9] rsome44(A,B) :- all44(A,C), \+somenot44(B,C) 0.0695402298851 (1.0, 13.0, 98.0, 4.0) 0.521551724138 [ACCEPT]
[LVL9] rsome44(A,B) :- all44(B,C), all44(C,D) 0.347701149425 (1.0, 1.0, 110.0, 4.0) 0.521551724138 [ACCEPT]
[LVL9] rsome44(A,B) :- all44(B,C), all44(D,A) 0.347701149425 (1.0, 1.0, 110.0, 4.0) 0.521551724138 [ACCEPT]
[LVL9] rsome44(A,B) :- all44(B,C), \+all44(A,C) 0.0745073891626 (1.0, 12.0, 99.0, 4.0) 0.521551724138 [ACCEPT]
[LVL9] rsome44(A,B) :- all44(B,C), \+some44(A,C) 0.0745073891626 (1.0, 12.0, 99.0, 4.0) 0.521551724138 [ACCEPT]
[LVL9] rsome44(A,B) :- all44(B,C), \+some44(C,A) 0.0745073891626 (1.0, 12.0, 99.0, 4.0) 0.521551724138 [ACCEPT]
[LVL9] rsome44(A,B) :- all44(B,C), \+no44(A,C) 0.0745073891626 (1.0, 12.0, 99.0, 4.0) 0.521551724138 [ACCEPT]
[LVL9] rsome44(A,B) :- all44(B,C), \+no44(C,A) 0.0745073891626 (1.0, 12.0, 99.0, 4.0) 0.521551724138 [ACCEPT]
[LVL9] rsome44(A,B) :- all44(B,C), \+somenot44(A,C) 0.0695402298851 (1.0, 13.0, 98.0, 4.0) 0.521551724138 [ACCEPT]
[LVL9] rsome44(A,B) :- all44(B,C), \+somenot44(C,A) 0.0745073891626 (1.0, 12.0, 99.0, 4.0) 0.521551724138 [ACCEPT]
[LVL9] rsome44(A,B) :- no44(C,A), some44(C,D) 0.347701149425 (1.0, 1.0, 110.0, 4.0) 0.521551724138 [ACCEPT]
[LVL9] rsome44(A,B) :- no44(C,A), some44(D,B) 0.347701149425 (1.0, 1.0, 110.0, 4.0) 0.521551724138 [ACCEPT]
[LVL9] rsome44(A,B) :- no44(C,A), \+all44(C,B) 0.0695402298851 (1.0, 13.0, 98.0, 4.0) 0.521551724138 [ACCEPT]
[LVL9] rsome44(A,B) :- no44(C,A), \+all44(B,C) 0.0745073891626 (1.0, 12.0, 99.0, 4.0) 0.521551724138 [ACCEPT]
[LVL9] rsome44(A,B) :- no44(C,A), \+some44(B,C) 0.0745073891626 (1.0, 12.0, 99.0, 4.0) 0.521551724138 [ACCEPT]
[LVL9] rsome44(A,B) :- no44(C,A), \+no44(C,B) 0.0745073891626 (1.0, 12.0, 99.0, 4.0) 0.521551724138 [ACCEPT]
[LVL9] rsome44(A,B) :- no44(C,A), \+no44(B,C) 0.0745073891626 (1.0, 12.0, 99.0, 4.0) 0.521551724138 [ACCEPT]
[LVL9] rsome44(A,B) :- no44(C,A), \+somenot44(C,B) 0.0745073891626 (1.0, 12.0, 99.0, 4.0) 0.521551724138 [ACCEPT]
[LVL9] rsome44(A,B) :- no44(C,A), \+somenot44(B,C) 0.0745073891626 (1.0, 12.0, 99.0, 4.0) 0.521551724138 [ACCEPT]
[DEBUG] Best rule so far: rsome44(A,B) :- all44(C,B), some44(A,C) [0.347701149425]
[DEBUG] Candidates for iteration 3:
[DEBUG] ==================================
[DEBUG] rsome44(A,B) :- all44(C,B), some44(A,C) 0.347701149425
[DEBUG] rsome44(A,B) :- all44(C,B), some44(C,A) 0.347701149425
[DEBUG] rsome44(A,B) :- all44(C,B), some44(A,D) 0.347701149425
[DEBUG] rsome44(A,B) :- all44(C,B), some44(C,D) 0.347701149425
[DEBUG] rsome44(A,B) :- all44(C,B), some44(D,A) 0.347701149425
[DEBUG] rsome44(A,B) :- all44(C,B), some44(D,C) 0.347701149425
[DEBUG] rsome44(A,B) :- all44(C,A), all44(B,C) 0.347701149425
[DEBUG] rsome44(A,B) :- all44(C,A), all44(B,D) 0.347701149425
[DEBUG] rsome44(A,B) :- all44(C,A), all44(D,C) 0.347701149425
[DEBUG] rsome44(A,B) :- some44(A,C), all44(C,D) 0.347701149425
[DEBUG] rsome44(A,B) :- some44(A,C), all44(D,B) 0.347701149425
[DEBUG] rsome44(A,B) :- some44(B,C), all44(A,C) 0.347701149425
[DEBUG] rsome44(A,B) :- some44(B,C), all44(A,D) 0.347701149425
[DEBUG] rsome44(A,B) :- some44(B,C), all44(D,C) 0.347701149425
[DEBUG] rsome44(A,B) :- some44(C,A), all44(C,D) 0.347701149425
[DEBUG] rsome44(A,B) :- some44(C,A), all44(D,B) 0.347701149425
[DEBUG] rsome44(A,B) :- some44(C,B), no44(C,A) 0.347701149425
[DEBUG] rsome44(A,B) :- some44(C,B), no44(C,D) 0.347701149425
[DEBUG] rsome44(A,B) :- some44(C,B), no44(D,A) 0.347701149425
[DEBUG] rsome44(A,B) :- all44(A,C), some44(B,D) 0.347701149425
[DEBUG] rsome44(A,B) :- all44(A,C), some44(D,C) 0.347701149425
[DEBUG] rsome44(A,B) :- all44(B,C), all44(C,D) 0.347701149425
[DEBUG] rsome44(A,B) :- all44(B,C), all44(D,A) 0.347701149425
[DEBUG] rsome44(A,B) :- no44(C,A), some44(C,D) 0.347701149425
[DEBUG] rsome44(A,B) :- no44(C,A), some44(D,B) 0.347701149425
[DEBUG] rsome44(A,B) :- all44(C,B), \+all44(A,C) 0.157161803714
[DEBUG] rsome44(A,B) :- all44(C,B), \+all44(C,A) 0.157161803714
[DEBUG] rsome44(A,B) :- all44(C,B), \+no44(A,C) 0.157161803714
[DEBUG] rsome44(A,B) :- all44(C,B), \+somenot44(C,A) 0.157161803714
[DEBUG] rsome44(A,B) :- all44(C,B), \+no44(C,A) 0.145935960591
[DEBUG] rsome44(A,B) :- all44(C,B), \+somenot44(A,C) 0.145935960591
[DEBUG] rsome44(A,B) :- all44(C,B), \+some44(A,C) 0.0802387267905
[DEBUG] rsome44(A,B) :- all44(C,B), \+some44(C,A) 0.0802387267905
[DEBUG] rsome44(A,B) :- all44(C,A), \+all44(C,B) 0.0802387267905
[DEBUG] rsome44(A,B) :- all44(C,A), \+some44(C,B) 0.0802387267905
[DEBUG] rsome44(A,B) :- all44(C,A), \+some44(B,C) 0.0802387267905
[DEBUG] rsome44(A,B) :- all44(C,A), \+no44(B,C) 0.0802387267905
[DEBUG] rsome44(A,B) :- all44(C,A), \+somenot44(C,B) 0.0802387267905
[DEBUG] rsome44(A,B) :- some44(A,C), \+all44(B,C) 0.0802387267905
[DEBUG] rsome44(A,B) :- some44(A,C), \+some44(B,C) 0.0802387267905
[DEBUG] rsome44(A,B) :- some44(A,C), \+no44(C,B) 0.0802387267905
[DEBUG] rsome44(A,B) :- some44(A,C), \+no44(B,C) 0.0802387267905
[DEBUG] rsome44(A,B) :- some44(A,C), \+somenot44(B,C) 0.0802387267905
[DEBUG] rsome44(A,B) :- some44(B,C), \+all44(C,A) 0.0802387267905
[DEBUG] rsome44(A,B) :- some44(B,C), \+some44(A,C) 0.0802387267905
[DEBUG] rsome44(A,B) :- some44(B,C), \+no44(A,C) 0.0802387267905
[DEBUG] rsome44(A,B) :- some44(B,C), \+no44(C,A) 0.0802387267905
[DEBUG] rsome44(A,B) :- some44(B,C), \+somenot44(A,C) 0.0802387267905
[DEBUG] rsome44(A,B) :- some44(C,A), \+all44(B,C) 0.0802387267905
[DEBUG] rsome44(A,B) :- some44(C,A), \+some44(C,B) 0.0802387267905
[DEBUG] rsome44(A,B) :- some44(C,A), \+no44(C,B) 0.0802387267905
[DEBUG] rsome44(A,B) :- some44(C,A), \+no44(B,C) 0.0802387267905
[DEBUG] rsome44(A,B) :- some44(C,A), \+somenot44(B,C) 0.0802387267905
[DEBUG] rsome44(A,B) :- some44(C,B), \+all44(A,C) 0.0802387267905
[DEBUG] rsome44(A,B) :- some44(C,B), \+all44(C,A) 0.0802387267905
[DEBUG] rsome44(A,B) :- some44(C,B), \+some44(C,A) 0.0802387267905
[DEBUG] rsome44(A,B) :- some44(C,B), \+no44(A,C) 0.0802387267905
[DEBUG] rsome44(A,B) :- some44(C,B), \+somenot44(A,C) 0.0802387267905
[DEBUG] rsome44(A,B) :- all44(C,A), \+no44(C,B) 0.0745073891626
[DEBUG] rsome44(A,B) :- all44(C,A), \+somenot44(B,C) 0.0745073891626
[DEBUG] rsome44(A,B) :- some44(A,C), \+some44(C,B) 0.0745073891626
[DEBUG] rsome44(A,B) :- some44(A,C), \+somenot44(C,B) 0.0745073891626
[DEBUG] rsome44(A,B) :- some44(B,C), \+some44(C,A) 0.0745073891626
[DEBUG] rsome44(A,B) :- some44(B,C), \+somenot44(C,A) 0.0745073891626
[DEBUG] rsome44(A,B) :- some44(C,A), \+some44(B,C) 0.0745073891626
[DEBUG] rsome44(A,B) :- some44(C,A), \+somenot44(C,B) 0.0745073891626
[DEBUG] rsome44(A,B) :- some44(C,B), \+some44(A,C) 0.0745073891626
[DEBUG] rsome44(A,B) :- some44(C,B), \+somenot44(C,A) 0.0745073891626
[DEBUG] rsome44(A,B) :- all44(A,C), \+all44(C,B) 0.0745073891626
[DEBUG] rsome44(A,B) :- all44(A,C), \+all44(B,C) 0.0745073891626
[DEBUG] rsome44(A,B) :- all44(A,C), \+some44(C,B) 0.0745073891626
[DEBUG] rsome44(A,B) :- all44(A,C), \+no44(C,B) 0.0745073891626
[DEBUG] rsome44(A,B) :- all44(A,C), \+no44(B,C) 0.0745073891626
[DEBUG] rsome44(A,B) :- all44(A,C), \+somenot44(C,B) 0.0745073891626
[DEBUG] rsome44(A,B) :- all44(B,C), \+all44(A,C) 0.0745073891626
[DEBUG] rsome44(A,B) :- all44(B,C), \+some44(A,C) 0.0745073891626
[DEBUG] rsome44(A,B) :- all44(B,C), \+some44(C,A) 0.0745073891626
[DEBUG] rsome44(A,B) :- all44(B,C), \+no44(A,C) 0.0745073891626
[DEBUG] rsome44(A,B) :- all44(B,C), \+no44(C,A) 0.0745073891626
[DEBUG] rsome44(A,B) :- all44(B,C), \+somenot44(C,A) 0.0745073891626
[DEBUG] rsome44(A,B) :- no44(C,A), \+all44(B,C) 0.0745073891626
[DEBUG] rsome44(A,B) :- no44(C,A), \+some44(B,C) 0.0745073891626
[DEBUG] rsome44(A,B) :- no44(C,A), \+no44(C,B) 0.0745073891626
[DEBUG] rsome44(A,B) :- no44(C,A), \+no44(B,C) 0.0745073891626
[DEBUG] rsome44(A,B) :- no44(C,A), \+somenot44(C,B) 0.0745073891626
[DEBUG] rsome44(A,B) :- no44(C,A), \+somenot44(B,C) 0.0745073891626
[DEBUG] rsome44(A,B) :- all44(A,C), \+somenot44(B,C) 0.0695402298851
[DEBUG] rsome44(A,B) :- all44(B,C), \+somenot44(A,C) 0.0695402298851
[DEBUG] rsome44(A,B) :- no44(C,A), \+all44(C,B) 0.0695402298851
[DEBUG] ==================================
[INFO] RULE LEARNED: rsome44(A,B) :- all44(C,B), some44(A,C) 0.956896551724
[DEBUG] Best rule so far: rsome44(A,B) :- true [0.0350877192982]
[DEBUG] Candidates for iteration 1:
[DEBUG] ==================================
[DEBUG] rsome44(A,B) :- true 0.0350877192982
[DEBUG] ==================================
[LVL9] rsome44(A,B) :- all44(A,C) 0.0646929824561 (2.0, 15.0, 96.0, 3.0) 0.517543859649 [ACCEPT]
[LVL9] BETTER RULE rsome44(A,B) :- all44(A,C) (0.06469298245614036, 2.0) > (0.03508771929824561, 5.0)
[LVL9] rsome44(A,B) :- all44(B,C) 0.0646929824561 (2.0, 15.0, 96.0, 3.0) 0.517543859649 [ACCEPT]
[LVL9] rsome44(A,B) :- all44(C,A) 0.0690058479532 (2.0, 14.0, 97.0, 3.0) 0.517543859649 [ACCEPT]
[LVL9] BETTER RULE rsome44(A,B) :- all44(C,A) (0.06900584795321638, 2.0) > (0.06469298245614036, 2.0)
[LVL9] rsome44(A,B) :- all44(C,B) 0.0796221322537 (2.0, 12.0, 99.0, 3.0) 0.517543859649 [ACCEPT]
[LVL9] BETTER RULE rsome44(A,B) :- all44(C,B) (0.0796221322537112, 2.0) > (0.06900584795321638, 2.0)
[LVL9] rsome44(A,B) :- some44(B,C) 0.0690058479532 (2.0, 14.0, 97.0, 3.0) 0.517543859649 [ACCEPT]
[LVL9] rsome44(A,B) :- some44(C,A) 0.0690058479532 (2.0, 14.0, 97.0, 3.0) 0.517543859649 [ACCEPT]
[LVL9] rsome44(A,B) :- some44(C,B) 0.0690058479532 (2.0, 14.0, 97.0, 3.0) 0.517543859649 [ACCEPT]
[LVL9] rsome44(A,B) :- no44(C,A) 0.0646929824561 (2.0, 15.0, 96.0, 3.0) 0.517543859649 [ACCEPT]
[DEBUG] Best rule so far: rsome44(A,B) :- all44(C,B) [0.0796221322537]
[DEBUG] Candidates for iteration 2:
[DEBUG] ==================================
[DEBUG] rsome44(A,B) :- all44(C,B) 0.0796221322537
[DEBUG] rsome44(A,B) :- all44(C,A) 0.0690058479532
[DEBUG] rsome44(A,B) :- some44(B,C) 0.0690058479532
[DEBUG] rsome44(A,B) :- some44(C,A) 0.0690058479532
[DEBUG] rsome44(A,B) :- some44(C,B) 0.0690058479532
[DEBUG] rsome44(A,B) :- all44(A,C) 0.0646929824561
[DEBUG] rsome44(A,B) :- all44(B,C) 0.0646929824561
[DEBUG] rsome44(A,B) :- no44(C,A) 0.0646929824561
[DEBUG] ==================================
[LVL9] rsome44(A,B) :- all44(C,B), some44(C,A) 0.345029239766 (2.0, 2.0, 109.0, 3.0) 0.517543859649 [ACCEPT]
[LVL9] BETTER RULE rsome44(A,B) :- all44(C,B), some44(C,A) (0.3450292397660819, 2.0) > (0.0796221322537112, 2.0)
[LVL9] rsome44(A,B) :- all44(C,B), some44(C,D) 0.345029239766 (2.0, 2.0, 109.0, 3.0) 0.517543859649 [ACCEPT]
[LVL9] rsome44(A,B) :- all44(C,B), some44(D,A) 0.345029239766 (2.0, 2.0, 109.0, 3.0) 0.517543859649 [ACCEPT]
[LVL9] rsome44(A,B) :- all44(C,B), \+all44(A,C) 0.0940988835726 (2.0, 10.0, 101.0, 3.0) 0.517543859649 [ACCEPT]
[LVL9] rsome44(A,B) :- all44(C,B), \+all44(C,A) 0.0940988835726 (2.0, 10.0, 101.0, 3.0) 0.517543859649 [ACCEPT]
[LVL9] rsome44(A,B) :- all44(C,B), \+no44(A,C) 0.0940988835726 (2.0, 10.0, 101.0, 3.0) 0.517543859649 [ACCEPT]
[LVL9] rsome44(A,B) :- all44(C,B), \+no44(C,A) 0.0862573099415 (2.0, 11.0, 100.0, 3.0) 0.517543859649 [ACCEPT]
[LVL9] rsome44(A,B) :- all44(C,B), \+somenot44(A,C) 0.0862573099415 (2.0, 11.0, 100.0, 3.0) 0.517543859649 [ACCEPT]
[LVL9] rsome44(A,B) :- all44(C,B), \+somenot44(C,A) 0.0940988835726 (2.0, 10.0, 101.0, 3.0) 0.517543859649 [ACCEPT]
[LVL9] rsome44(A,B) :- all44(C,A), all44(B,C) 0.345029239766 (2.0, 2.0, 109.0, 3.0) 0.517543859649 [ACCEPT]
[LVL9] rsome44(A,B) :- all44(C,A), all44(B,D) 0.345029239766 (2.0, 2.0, 109.0, 3.0) 0.517543859649 [ACCEPT]
[LVL9] rsome44(A,B) :- all44(C,A), all44(D,C) 0.345029239766 (2.0, 2.0, 109.0, 3.0) 0.517543859649 [ACCEPT]
[LVL9] rsome44(A,B) :- all44(C,A), \+all44(C,B) 0.0796221322537 (2.0, 12.0, 99.0, 3.0) 0.517543859649 [ACCEPT]
[LVL9] rsome44(A,B) :- all44(C,A), \+some44(C,B) 0.0796221322537 (2.0, 12.0, 99.0, 3.0) 0.517543859649 [ACCEPT]
[LVL9] rsome44(A,B) :- all44(C,A), \+some44(B,C) 0.0796221322537 (2.0, 12.0, 99.0, 3.0) 0.517543859649 [ACCEPT]
[LVL9] rsome44(A,B) :- all44(C,A), \+no44(C,B) 0.0739348370927 (2.0, 13.0, 98.0, 3.0) 0.517543859649 [ACCEPT]
[LVL9] rsome44(A,B) :- all44(C,A), \+no44(B,C) 0.0796221322537 (2.0, 12.0, 99.0, 3.0) 0.517543859649 [ACCEPT]
[LVL9] rsome44(A,B) :- all44(C,A), \+somenot44(C,B) 0.0796221322537 (2.0, 12.0, 99.0, 3.0) 0.517543859649 [ACCEPT]
[LVL9] rsome44(A,B) :- all44(C,A), \+somenot44(B,C) 0.0739348370927 (2.0, 13.0, 98.0, 3.0) 0.517543859649 [ACCEPT]
[LVL9] rsome44(A,B) :- some44(B,C), all44(A,C) 0.345029239766 (2.0, 2.0, 109.0, 3.0) 0.517543859649 [ACCEPT]
[LVL9] rsome44(A,B) :- some44(B,C), all44(A,D) 0.345029239766 (2.0, 2.0, 109.0, 3.0) 0.517543859649 [ACCEPT]
[LVL9] rsome44(A,B) :- some44(B,C), all44(D,C) 0.345029239766 (2.0, 2.0, 109.0, 3.0) 0.517543859649 [ACCEPT]
[LVL9] rsome44(A,B) :- some44(B,C), \+all44(C,A) 0.0796221322537 (2.0, 12.0, 99.0, 3.0) 0.517543859649 [ACCEPT]
[LVL9] rsome44(A,B) :- some44(B,C), \+some44(A,C) 0.0796221322537 (2.0, 12.0, 99.0, 3.0) 0.517543859649 [ACCEPT]
[LVL9] rsome44(A,B) :- some44(B,C), \+some44(C,A) 0.0739348370927 (2.0, 13.0, 98.0, 3.0) 0.517543859649 [ACCEPT]
[LVL9] rsome44(A,B) :- some44(B,C), \+no44(A,C) 0.0796221322537 (2.0, 12.0, 99.0, 3.0) 0.517543859649 [ACCEPT]
[LVL9] rsome44(A,B) :- some44(B,C), \+no44(C,A) 0.0796221322537 (2.0, 12.0, 99.0, 3.0) 0.517543859649 [ACCEPT]
[LVL9] rsome44(A,B) :- some44(B,C), \+somenot44(A,C) 0.0796221322537 (2.0, 12.0, 99.0, 3.0) 0.517543859649 [ACCEPT]
[LVL9] rsome44(A,B) :- some44(B,C), \+somenot44(C,A) 0.0739348370927 (2.0, 13.0, 98.0, 3.0) 0.517543859649 [ACCEPT]
[LVL9] rsome44(A,B) :- some44(C,A), all44(C,D) 0.345029239766 (2.0, 2.0, 109.0, 3.0) 0.517543859649 [ACCEPT]
[LVL9] rsome44(A,B) :- some44(C,A), all44(D,B) 0.345029239766 (2.0, 2.0, 109.0, 3.0) 0.517543859649 [ACCEPT]
[LVL9] rsome44(A,B) :- some44(C,A), \+all44(B,C) 0.0796221322537 (2.0, 12.0, 99.0, 3.0) 0.517543859649 [ACCEPT]
[LVL9] rsome44(A,B) :- some44(C,A), \+some44(C,B) 0.0796221322537 (2.0, 12.0, 99.0, 3.0) 0.517543859649 [ACCEPT]
[LVL9] rsome44(A,B) :- some44(C,A), \+some44(B,C) 0.0739348370927 (2.0, 13.0, 98.0, 3.0) 0.517543859649 [ACCEPT]
[LVL9] rsome44(A,B) :- some44(C,A), \+no44(C,B) 0.0796221322537 (2.0, 12.0, 99.0, 3.0) 0.517543859649 [ACCEPT]
[LVL9] rsome44(A,B) :- some44(C,A), \+no44(B,C) 0.0796221322537 (2.0, 12.0, 99.0, 3.0) 0.517543859649 [ACCEPT]
[LVL9] rsome44(A,B) :- some44(C,A), \+somenot44(C,B) 0.0739348370927 (2.0, 13.0, 98.0, 3.0) 0.517543859649 [ACCEPT]
[LVL9] rsome44(A,B) :- some44(C,A), \+somenot44(B,C) 0.0796221322537 (2.0, 12.0, 99.0, 3.0) 0.517543859649 [ACCEPT]
[LVL9] rsome44(A,B) :- some44(C,B), no44(C,A) 0.345029239766 (2.0, 2.0, 109.0, 3.0) 0.517543859649 [ACCEPT]
[LVL9] rsome44(A,B) :- some44(C,B), no44(C,D) 0.345029239766 (2.0, 2.0, 109.0, 3.0) 0.517543859649 [ACCEPT]
[LVL9] rsome44(A,B) :- some44(C,B), no44(D,A) 0.345029239766 (2.0, 2.0, 109.0, 3.0) 0.517543859649 [ACCEPT]
[LVL9] rsome44(A,B) :- some44(C,B), \+all44(A,C) 0.0796221322537 (2.0, 12.0, 99.0, 3.0) 0.517543859649 [ACCEPT]
[LVL9] rsome44(A,B) :- some44(C,B), \+all44(C,A) 0.0796221322537 (2.0, 12.0, 99.0, 3.0) 0.517543859649 [ACCEPT]
[LVL9] rsome44(A,B) :- some44(C,B), \+some44(A,C) 0.0739348370927 (2.0, 13.0, 98.0, 3.0) 0.517543859649 [ACCEPT]
[LVL9] rsome44(A,B) :- some44(C,B), \+some44(C,A) 0.0796221322537 (2.0, 12.0, 99.0, 3.0) 0.517543859649 [ACCEPT]
[LVL9] rsome44(A,B) :- some44(C,B), \+no44(A,C) 0.0796221322537 (2.0, 12.0, 99.0, 3.0) 0.517543859649 [ACCEPT]
[LVL9] rsome44(A,B) :- some44(C,B), \+somenot44(A,C) 0.0796221322537 (2.0, 12.0, 99.0, 3.0) 0.517543859649 [ACCEPT]
[LVL9] rsome44(A,B) :- some44(C,B), \+somenot44(C,A) 0.0739348370927 (2.0, 13.0, 98.0, 3.0) 0.517543859649 [ACCEPT]
[LVL9] rsome44(A,B) :- all44(A,C), some44(B,D) 0.345029239766 (2.0, 2.0, 109.0, 3.0) 0.517543859649 [ACCEPT]
[LVL9] rsome44(A,B) :- all44(A,C), some44(D,C) 0.345029239766 (2.0, 2.0, 109.0, 3.0) 0.517543859649 [ACCEPT]
[LVL9] rsome44(A,B) :- all44(A,C), \+all44(C,B) 0.0739348370927 (2.0, 13.0, 98.0, 3.0) 0.517543859649 [ACCEPT]
[LVL9] rsome44(A,B) :- all44(A,C), \+all44(B,C) 0.0739348370927 (2.0, 13.0, 98.0, 3.0) 0.517543859649 [ACCEPT]
[LVL9] rsome44(A,B) :- all44(A,C), \+some44(C,B) 0.0739348370927 (2.0, 13.0, 98.0, 3.0) 0.517543859649 [ACCEPT]
[LVL9] rsome44(A,B) :- all44(A,C), \+no44(C,B) 0.0739348370927 (2.0, 13.0, 98.0, 3.0) 0.517543859649 [ACCEPT]
[LVL9] rsome44(A,B) :- all44(A,C), \+no44(B,C) 0.0739348370927 (2.0, 13.0, 98.0, 3.0) 0.517543859649 [ACCEPT]
[LVL9] rsome44(A,B) :- all44(A,C), \+somenot44(C,B) 0.0739348370927 (2.0, 13.0, 98.0, 3.0) 0.517543859649 [ACCEPT]
[LVL9] rsome44(A,B) :- all44(A,C), \+somenot44(B,C) 0.0690058479532 (2.0, 14.0, 97.0, 3.0) 0.517543859649 [ACCEPT]
[LVL9] rsome44(A,B) :- all44(B,C), all44(C,D) 0.345029239766 (2.0, 2.0, 109.0, 3.0) 0.517543859649 [ACCEPT]
[LVL9] rsome44(A,B) :- all44(B,C), all44(D,A) 0.345029239766 (2.0, 2.0, 109.0, 3.0) 0.517543859649 [ACCEPT]
[LVL9] rsome44(A,B) :- all44(B,C), \+all44(A,C) 0.0739348370927 (2.0, 13.0, 98.0, 3.0) 0.517543859649 [ACCEPT]
[LVL9] rsome44(A,B) :- all44(B,C), \+some44(A,C) 0.0739348370927 (2.0, 13.0, 98.0, 3.0) 0.517543859649 [ACCEPT]
[LVL9] rsome44(A,B) :- all44(B,C), \+some44(C,A) 0.0739348370927 (2.0, 13.0, 98.0, 3.0) 0.517543859649 [ACCEPT]
[LVL9] rsome44(A,B) :- all44(B,C), \+no44(A,C) 0.0739348370927 (2.0, 13.0, 98.0, 3.0) 0.517543859649 [ACCEPT]
[LVL9] rsome44(A,B) :- all44(B,C), \+no44(C,A) 0.0739348370927 (2.0, 13.0, 98.0, 3.0) 0.517543859649 [ACCEPT]
[LVL9] rsome44(A,B) :- all44(B,C), \+somenot44(A,C) 0.0690058479532 (2.0, 14.0, 97.0, 3.0) 0.517543859649 [ACCEPT]
[LVL9] rsome44(A,B) :- all44(B,C), \+somenot44(C,A) 0.0739348370927 (2.0, 13.0, 98.0, 3.0) 0.517543859649 [ACCEPT]
[LVL9] rsome44(A,B) :- no44(C,A), some44(C,D) 0.345029239766 (2.0, 2.0, 109.0, 3.0) 0.517543859649 [ACCEPT]
[LVL9] rsome44(A,B) :- no44(C,A), some44(D,B) 0.345029239766 (2.0, 2.0, 109.0, 3.0) 0.517543859649 [ACCEPT]
[LVL9] rsome44(A,B) :- no44(C,A), \+all44(C,B) 0.0690058479532 (2.0, 14.0, 97.0, 3.0) 0.517543859649 [ACCEPT]
[LVL9] rsome44(A,B) :- no44(C,A), \+all44(B,C) 0.0739348370927 (2.0, 13.0, 98.0, 3.0) 0.517543859649 [ACCEPT]
[LVL9] rsome44(A,B) :- no44(C,A), \+some44(B,C) 0.0739348370927 (2.0, 13.0, 98.0, 3.0) 0.517543859649 [ACCEPT]
[LVL9] rsome44(A,B) :- no44(C,A), \+no44(C,B) 0.0739348370927 (2.0, 13.0, 98.0, 3.0) 0.517543859649 [ACCEPT]
[LVL9] rsome44(A,B) :- no44(C,A), \+no44(B,C) 0.0739348370927 (2.0, 13.0, 98.0, 3.0) 0.517543859649 [ACCEPT]
[LVL9] rsome44(A,B) :- no44(C,A), \+somenot44(C,B) 0.0739348370927 (2.0, 13.0, 98.0, 3.0) 0.517543859649 [ACCEPT]
[LVL9] rsome44(A,B) :- no44(C,A), \+somenot44(B,C) 0.0739348370927 (2.0, 13.0, 98.0, 3.0) 0.517543859649 [ACCEPT]
[DEBUG] Best rule so far: rsome44(A,B) :- all44(C,B), some44(C,A) [0.345029239766]
[DEBUG] Candidates for iteration 3:
[DEBUG] ==================================
[DEBUG] rsome44(A,B) :- all44(C,B), some44(C,A) 0.345029239766
[DEBUG] rsome44(A,B) :- all44(C,B), some44(C,D) 0.345029239766
[DEBUG] rsome44(A,B) :- all44(C,B), some44(D,A) 0.345029239766
[DEBUG] rsome44(A,B) :- all44(C,A), all44(B,C) 0.345029239766
[DEBUG] rsome44(A,B) :- all44(C,A), all44(B,D) 0.345029239766
[DEBUG] rsome44(A,B) :- all44(C,A), all44(D,C) 0.345029239766
[DEBUG] rsome44(A,B) :- some44(B,C), all44(A,C) 0.345029239766
[DEBUG] rsome44(A,B) :- some44(B,C), all44(A,D) 0.345029239766
[DEBUG] rsome44(A,B) :- some44(B,C), all44(D,C) 0.345029239766
[DEBUG] rsome44(A,B) :- some44(C,A), all44(C,D) 0.345029239766
[DEBUG] rsome44(A,B) :- some44(C,A), all44(D,B) 0.345029239766
[DEBUG] rsome44(A,B) :- some44(C,B), no44(C,A) 0.345029239766
[DEBUG] rsome44(A,B) :- some44(C,B), no44(C,D) 0.345029239766
[DEBUG] rsome44(A,B) :- some44(C,B), no44(D,A) 0.345029239766
[DEBUG] rsome44(A,B) :- all44(A,C), some44(B,D) 0.345029239766
[DEBUG] rsome44(A,B) :- all44(A,C), some44(D,C) 0.345029239766
[DEBUG] rsome44(A,B) :- all44(B,C), all44(C,D) 0.345029239766
[DEBUG] rsome44(A,B) :- all44(B,C), all44(D,A) 0.345029239766
[DEBUG] rsome44(A,B) :- no44(C,A), some44(C,D) 0.345029239766
[DEBUG] rsome44(A,B) :- no44(C,A), some44(D,B) 0.345029239766
[DEBUG] rsome44(A,B) :- all44(C,B), \+all44(A,C) 0.0940988835726
[DEBUG] rsome44(A,B) :- all44(C,B), \+all44(C,A) 0.0940988835726
[DEBUG] rsome44(A,B) :- all44(C,B), \+no44(A,C) 0.0940988835726
[DEBUG] rsome44(A,B) :- all44(C,B), \+somenot44(C,A) 0.0940988835726
[DEBUG] rsome44(A,B) :- all44(C,B), \+no44(C,A) 0.0862573099415
[DEBUG] rsome44(A,B) :- all44(C,B), \+somenot44(A,C) 0.0862573099415
[DEBUG] rsome44(A,B) :- all44(C,A), \+all44(C,B) 0.0796221322537
[DEBUG] rsome44(A,B) :- all44(C,A), \+some44(C,B) 0.0796221322537
[DEBUG] rsome44(A,B) :- all44(C,A), \+some44(B,C) 0.0796221322537
[DEBUG] rsome44(A,B) :- all44(C,A), \+no44(B,C) 0.0796221322537
[DEBUG] rsome44(A,B) :- all44(C,A), \+somenot44(C,B) 0.0796221322537
[DEBUG] rsome44(A,B) :- some44(B,C), \+all44(C,A) 0.0796221322537
[DEBUG] rsome44(A,B) :- some44(B,C), \+some44(A,C) 0.0796221322537
[DEBUG] rsome44(A,B) :- some44(B,C), \+no44(A,C) 0.0796221322537
[DEBUG] rsome44(A,B) :- some44(B,C), \+no44(C,A) 0.0796221322537
[DEBUG] rsome44(A,B) :- some44(B,C), \+somenot44(A,C) 0.0796221322537
[DEBUG] rsome44(A,B) :- some44(C,A), \+all44(B,C) 0.0796221322537
[DEBUG] rsome44(A,B) :- some44(C,A), \+some44(C,B) 0.0796221322537
[DEBUG] rsome44(A,B) :- some44(C,A), \+no44(C,B) 0.0796221322537
[DEBUG] rsome44(A,B) :- some44(C,A), \+no44(B,C) 0.0796221322537
[DEBUG] rsome44(A,B) :- some44(C,A), \+somenot44(B,C) 0.0796221322537
[DEBUG] rsome44(A,B) :- some44(C,B), \+all44(A,C) 0.0796221322537
[DEBUG] rsome44(A,B) :- some44(C,B), \+all44(C,A) 0.0796221322537
[DEBUG] rsome44(A,B) :- some44(C,B), \+some44(C,A) 0.0796221322537
[DEBUG] rsome44(A,B) :- some44(C,B), \+no44(A,C) 0.0796221322537
[DEBUG] rsome44(A,B) :- some44(C,B), \+somenot44(A,C) 0.0796221322537
[DEBUG] rsome44(A,B) :- all44(C,A), \+no44(C,B) 0.0739348370927
[DEBUG] rsome44(A,B) :- all44(C,A), \+somenot44(B,C) 0.0739348370927
[DEBUG] rsome44(A,B) :- some44(B,C), \+some44(C,A) 0.0739348370927
[DEBUG] rsome44(A,B) :- some44(B,C), \+somenot44(C,A) 0.0739348370927
[DEBUG] rsome44(A,B) :- some44(C,A), \+some44(B,C) 0.0739348370927
[DEBUG] rsome44(A,B) :- some44(C,A), \+somenot44(C,B) 0.0739348370927
[DEBUG] rsome44(A,B) :- some44(C,B), \+some44(A,C) 0.0739348370927
[DEBUG] rsome44(A,B) :- some44(C,B), \+somenot44(C,A) 0.0739348370927
[DEBUG] rsome44(A,B) :- all44(A,C), \+all44(C,B) 0.0739348370927
[DEBUG] rsome44(A,B) :- all44(A,C), \+all44(B,C) 0.0739348370927
[DEBUG] rsome44(A,B) :- all44(A,C), \+some44(C,B) 0.0739348370927
[DEBUG] rsome44(A,B) :- all44(A,C), \+no44(C,B) 0.0739348370927
[DEBUG] rsome44(A,B) :- all44(A,C), \+no44(B,C) 0.0739348370927
[DEBUG] rsome44(A,B) :- all44(A,C), \+somenot44(C,B) 0.0739348370927
[DEBUG] rsome44(A,B) :- all44(B,C), \+all44(A,C) 0.0739348370927
[DEBUG] rsome44(A,B) :- all44(B,C), \+some44(A,C) 0.0739348370927
[DEBUG] rsome44(A,B) :- all44(B,C), \+some44(C,A) 0.0739348370927
[DEBUG] rsome44(A,B) :- all44(B,C), \+no44(A,C) 0.0739348370927
[DEBUG] rsome44(A,B) :- all44(B,C), \+no44(C,A) 0.0739348370927
[DEBUG] rsome44(A,B) :- all44(B,C), \+somenot44(C,A) 0.0739348370927
[DEBUG] rsome44(A,B) :- no44(C,A), \+all44(B,C) 0.0739348370927
[DEBUG] rsome44(A,B) :- no44(C,A), \+some44(B,C) 0.0739348370927
[DEBUG] rsome44(A,B) :- no44(C,A), \+no44(C,B) 0.0739348370927
[DEBUG] rsome44(A,B) :- no44(C,A), \+no44(B,C) 0.0739348370927
[DEBUG] rsome44(A,B) :- no44(C,A), \+somenot44(C,B) 0.0739348370927
[DEBUG] rsome44(A,B) :- no44(C,A), \+somenot44(B,C) 0.0739348370927
[DEBUG] rsome44(A,B) :- all44(A,C), \+somenot44(B,C) 0.0690058479532
[DEBUG] rsome44(A,B) :- all44(B,C), \+somenot44(A,C) 0.0690058479532
[DEBUG] rsome44(A,B) :- no44(C,A), \+all44(C,B) 0.0690058479532
[DEBUG] ==================================
[INFO] RULE LEARNED: rsome44(A,B) :- all44(C,B), some44(C,A) 0.956896551724
