[LVL9] Output level: 9
[INFO] Random seed: 0.914716867647
[INFO] Computing scores: 0.0446s
[INFO] Number of examples (M): 58
[INFO] Positive weight (P): 35.0000
[INFO] Negative weight (N): 23.0000
[DEBUG] Best rule so far: rnvc66(A,B) :- true [0.603448275862]
[DEBUG] Candidates for iteration 1:
[DEBUG] ==================================
[DEBUG] rnvc66(A,B) :- true 0.603448275862
[DEBUG] ==================================
[LVL9] rnvc66(A,B) :- all66(A,C) 0.0 (3.0, 4.0, 19.0, 32.0) 0.900862068966 [ACCEPT]
[LVL9] rnvc66(A,B) :- all66(B,C) 0.0 (2.0, 4.0, 19.0, 33.0) 0.867816091954 [ACCEPT]
[LVL9] rnvc66(A,B) :- all66(C,A) 0.0 (3.0, 4.0, 19.0, 32.0) 0.900862068966 [ACCEPT]
[LVL9] rnvc66(A,B) :- all66(C,B) 0.0 (2.0, 6.0, 17.0, 33.0) 0.867816091954 [ACCEPT]
[LVL9] rnvc66(A,B) :- some66(A,C) 0.0 (3.0, 4.0, 19.0, 32.0) 0.900862068966 [ACCEPT]
[LVL9] rnvc66(A,B) :- some66(B,C) 0.65763546798 (4.0, 2.0, 21.0, 31.0) 0.920689655172 [ACCEPT]
[LVL9] BETTER RULE rnvc66(A,B) :- some66(B,C) (0.6576354679802956, 4.0) > (0.603448275862069, 35.0)
[LVL9] rnvc66(A,B) :- some66(C,A) 0.65763546798 (4.0, 2.0, 21.0, 31.0) 0.920689655172 [ACCEPT]
[LVL9] rnvc66(A,B) :- some66(C,B) 0.622605363985 (5.0, 3.0, 20.0, 30.0) 0.933908045977 [ACCEPT]
[LVL9] rnvc66(A,B) :- no66(A,C) 0.622605363985 (5.0, 3.0, 20.0, 30.0) 0.933908045977 [ACCEPT]
[LVL9] rnvc66(A,B) :- no66(B,C) 0.622605363985 (5.0, 3.0, 20.0, 30.0) 0.933908045977 [ACCEPT]
[LVL9] rnvc66(A,B) :- no66(C,A) 0.844827586207 (7.0, 1.0, 22.0, 28.0) 0.950431034483 [ACCEPT]
[LVL9] BETTER RULE rnvc66(A,B) :- no66(C,A) (0.8448275862068966, 7.0) > (0.6576354679802956, 4.0)
[LVL9] rnvc66(A,B) :- no66(C,B) 0.700431034483 (5.0, 2.0, 21.0, 30.0) 0.933908045977 [ACCEPT]
[LVL9] rnvc66(A,B) :- somenot66(A,C) 0.733716475096 (6.0, 2.0, 21.0, 29.0) 0.943349753695 [ACCEPT]
[LVL9] rnvc66(A,B) :- somenot66(B,C) 0.733716475096 (6.0, 2.0, 21.0, 29.0) 0.943349753695 [ACCEPT]
[LVL9] rnvc66(A,B) :- somenot66(C,A) 0.0 (4.0, 3.0, 20.0, 31.0) 0.920689655172 [ACCEPT]
[LVL9] rnvc66(A,B) :- somenot66(C,B) 0.825431034483 (6.0, 1.0, 22.0, 29.0) 0.943349753695 [ACCEPT]
[DEBUG] Best rule so far: rnvc66(A,B) :- no66(C,A) [0.844827586207]
[DEBUG] Candidates for iteration 2:
[DEBUG] ==================================
[DEBUG] rnvc66(A,B) :- no66(C,A) 0.844827586207
[DEBUG] rnvc66(A,B) :- somenot66(C,B) 0.825431034483
[DEBUG] rnvc66(A,B) :- somenot66(A,C) 0.733716475096
[DEBUG] rnvc66(A,B) :- somenot66(B,C) 0.733716475096
[DEBUG] rnvc66(A,B) :- no66(C,B) 0.700431034483
[DEBUG] rnvc66(A,B) :- some66(B,C) 0.65763546798
[DEBUG] rnvc66(A,B) :- some66(C,A) 0.65763546798
[DEBUG] rnvc66(A,B) :- some66(C,B) 0.622605363985
[DEBUG] rnvc66(A,B) :- no66(A,C) 0.622605363985
[DEBUG] rnvc66(A,B) :- no66(B,C) 0.622605363985
[DEBUG] rnvc66(A,B) :- somenot66(C,A) 0.0
[DEBUG] rnvc66(A,B) :- all66(A,C) 0.0
[DEBUG] rnvc66(A,B) :- all66(C,A) 0.0
[DEBUG] rnvc66(A,B) :- some66(A,C) 0.0
[DEBUG] rnvc66(A,B) :- all66(B,C) 0.0
[DEBUG] rnvc66(A,B) :- all66(C,B) 0.0
[DEBUG] ==================================
[LVL9] rnvc66(A,B) :- no66(C,A), \+some66(B,C) 0.950431034483 (7.0, 0.0, 23.0, 28.0) 0.950431034483 [REJECT* fp] 0.0
[LVL9] BETTER RULE rnvc66(A,B) :- no66(C,A), \+some66(B,C) (0.9504310344827587, 7.0) > (0.8448275862068966, 7.0)
[INFO] RULE LEARNED: rnvc66(A,B) :- no66(C,A), \+some66(B,C) 0.51724137931
[DEBUG] Best rule so far: rnvc66(A,B) :- true [0.549019607843]
[DEBUG] Candidates for iteration 1:
[DEBUG] ==================================
[DEBUG] rnvc66(A,B) :- true 0.549019607843
[DEBUG] ==================================
[LVL9] rnvc66(A,B) :- all66(A,C) 0.0 (10.0, 4.0, 19.0, 25.0) 0.887254901961 [ACCEPT]
[LVL9] rnvc66(A,B) :- all66(B,C) 0.0 (8.0, 4.0, 19.0, 27.0) 0.774509803922 [ACCEPT]
[LVL9] rnvc66(A,B) :- all66(C,A) 0.0 (10.0, 4.0, 19.0, 25.0) 0.887254901961 [ACCEPT]
[LVL9] rnvc66(A,B) :- all66(C,B) 0.0 (8.0, 6.0, 17.0, 27.0) 0.774509803922 [ACCEPT]
[LVL9] rnvc66(A,B) :- some66(A,C) 0.0 (10.0, 4.0, 19.0, 25.0) 0.887254901961 [ACCEPT]
[LVL9] rnvc66(A,B) :- some66(B,C) 0.649859943978 (11.0, 2.0, 21.0, 24.0) 0.909803921569 [ACCEPT]
[LVL9] BETTER RULE rnvc66(A,B) :- some66(B,C) (0.6498599439775911, 11.0) > (0.5490196078431373, 35.0)
[LVL9] rnvc66(A,B) :- some66(C,A) 0.649859943978 (11.0, 2.0, 21.0, 24.0) 0.909803921569 [ACCEPT]
[LVL9] rnvc66(A,B) :- some66(C,B) 0.56862745098 (11.0, 3.0, 20.0, 24.0) 0.909803921569 [ACCEPT]
[LVL9] rnvc66(A,B) :- no66(A,C) 0.616557734205 (12.0, 3.0, 20.0, 23.0) 0.924836601307 [ACCEPT]
[LVL9] rnvc66(A,B) :- no66(B,C) 0.56862745098 (11.0, 3.0, 20.0, 24.0) 0.909803921569 [ACCEPT]
[LVL9] rnvc66(A,B) :- no66(C,B) 0.649859943978 (11.0, 2.0, 21.0, 24.0) 0.909803921569 [ACCEPT]
[LVL9] rnvc66(A,B) :- somenot66(A,C) 0.727668845316 (13.0, 2.0, 21.0, 22.0) 0.935574229692 [ACCEPT]
[LVL9] BETTER RULE rnvc66(A,B) :- somenot66(A,C) (0.7276688453159041, 13.0) > (0.6498599439775911, 11.0)
[LVL9] rnvc66(A,B) :- somenot66(B,C) 0.69362745098 (12.0, 2.0, 21.0, 23.0) 0.924836601307 [ACCEPT]
[LVL9] rnvc66(A,B) :- somenot66(C,A) 0.56862745098 (11.0, 3.0, 20.0, 24.0) 0.909803921569 [ACCEPT]
[LVL9] rnvc66(A,B) :- somenot66(C,B) 0.792717086835 (12.0, 1.0, 22.0, 23.0) 0.924836601307 [ACCEPT]
[LVL9] BETTER RULE rnvc66(A,B) :- somenot66(C,B) (0.7927170868347339, 12.0) > (0.7276688453159041, 13.0)
[DEBUG] Best rule so far: rnvc66(A,B) :- somenot66(C,B) [0.792717086835]
[DEBUG] Candidates for iteration 2:
[DEBUG] ==================================
[DEBUG] rnvc66(A,B) :- somenot66(C,B) 0.792717086835
[DEBUG] rnvc66(A,B) :- somenot66(A,C) 0.727668845316
[DEBUG] rnvc66(A,B) :- somenot66(B,C) 0.69362745098
[DEBUG] rnvc66(A,B) :- some66(B,C) 0.649859943978
[DEBUG] rnvc66(A,B) :- some66(C,A) 0.649859943978
[DEBUG] rnvc66(A,B) :- no66(C,B) 0.649859943978
[DEBUG] rnvc66(A,B) :- no66(A,C) 0.616557734205
[DEBUG] rnvc66(A,B) :- some66(C,B) 0.56862745098
[DEBUG] rnvc66(A,B) :- no66(B,C) 0.56862745098
[DEBUG] rnvc66(A,B) :- somenot66(C,A) 0.56862745098
[DEBUG] rnvc66(A,B) :- all66(A,C) 0.0
[DEBUG] rnvc66(A,B) :- all66(C,A) 0.0
[DEBUG] rnvc66(A,B) :- some66(A,C) 0.0
[DEBUG] rnvc66(A,B) :- all66(B,C) 0.0
[DEBUG] rnvc66(A,B) :- all66(C,B) 0.0
[DEBUG] ==================================
[LVL9] rnvc66(A,B) :- somenot66(C,B), \+all66(C,A) 0.924836601307 (12.0, 0.0, 23.0, 23.0) 0.924836601307 [REJECT* fp] 7.0
[LVL9] BETTER RULE rnvc66(A,B) :- somenot66(C,B), \+all66(C,A) (0.9248366013071895, 12.0) > (0.7927170868347339, 12.0)
[LVL9] rnvc66(A,B) :- somenot66(A,C), \+all66(C,B) 0.81862745098 (13.0, 1.0, 22.0, 22.0) 0.935574229692 [ACCEPT]
[LVL9] rnvc66(A,B) :- somenot66(A,C), \+no66(B,C) 0.81862745098 (13.0, 1.0, 22.0, 22.0) 0.935574229692 [ACCEPT]
[DEBUG] Best rule so far: rnvc66(A,B) :- somenot66(C,B), \+all66(C,A) [0.924836601307]
[DEBUG] Candidates for iteration 3:
[DEBUG] ==================================
[DEBUG] rnvc66(A,B) :- somenot66(A,C), \+all66(C,B) 0.81862745098
[DEBUG] rnvc66(A,B) :- somenot66(A,C), \+no66(B,C) 0.81862745098
[DEBUG] ==================================
[INFO] RULE LEARNED: rnvc66(A,B) :- somenot66(C,B), \+all66(C,A) 0.603448275862
[DEBUG] Best rule so far: rnvc66(A,B) :- true [0.5]
[DEBUG] Candidates for iteration 1:
[DEBUG] ==================================
[DEBUG] rnvc66(A,B) :- true 0.5
[DEBUG] ==================================
[LVL9] rnvc66(A,B) :- all66(A,C) 0.0 (15.0, 4.0, 19.0, 20.0) 0.875 [ACCEPT]
[LVL9] rnvc66(A,B) :- all66(B,C) 0.0 (13.0, 4.0, 19.0, 22.0) 0.75 [ACCEPT]
[LVL9] rnvc66(A,B) :- all66(C,A) 0.0 (15.0, 4.0, 19.0, 20.0) 0.875 [ACCEPT]
[LVL9] rnvc66(A,B) :- all66(C,B) 0.0 (13.0, 6.0, 17.0, 22.0) 0.75 [ACCEPT]
[LVL9] rnvc66(A,B) :- some66(A,C) 0.0 (14.0, 4.0, 19.0, 21.0) 0.833333333333 [ACCEPT]
[LVL9] rnvc66(A,B) :- some66(B,C) 0.642857142857 (16.0, 2.0, 21.0, 19.0) 0.9 [ACCEPT]
[LVL9] BETTER RULE rnvc66(A,B) :- some66(B,C) (0.6428571428571429, 16.0) > (0.5, 35.0)
[LVL9] rnvc66(A,B) :- some66(C,A) 0.583333333333 (15.0, 2.0, 21.0, 20.0) 0.875 [ACCEPT]
[LVL9] rnvc66(A,B) :- some66(C,B) 0.5625 (16.0, 3.0, 20.0, 19.0) 0.9 [ACCEPT]
[LVL9] rnvc66(A,B) :- no66(A,C) 0.5625 (16.0, 3.0, 20.0, 19.0) 0.9 [ACCEPT]
[LVL9] rnvc66(A,B) :- no66(B,C) 0.5625 (16.0, 3.0, 20.0, 19.0) 0.9 [ACCEPT]
[LVL9] rnvc66(A,B) :- no66(C,B) 0.642857142857 (16.0, 2.0, 21.0, 19.0) 0.9 [ACCEPT]
[LVL9] rnvc66(A,B) :- somenot66(A,C) 0.6875 (17.0, 2.0, 21.0, 18.0) 0.916666666667 [ACCEPT]
[LVL9] BETTER RULE rnvc66(A,B) :- somenot66(A,C) (0.6875, 17.0) > (0.6428571428571429, 16.0)
[LVL9] rnvc66(A,B) :- somenot66(B,C) 0.6875 (17.0, 2.0, 21.0, 18.0) 0.916666666667 [ACCEPT]
[LVL9] rnvc66(A,B) :- somenot66(C,A) 0.5 (15.0, 3.0, 20.0, 20.0) 0.875 [ACCEPT]
[DEBUG] Best rule so far: rnvc66(A,B) :- somenot66(A,C) [0.6875]
[DEBUG] Candidates for iteration 2:
[DEBUG] ==================================
[DEBUG] rnvc66(A,B) :- somenot66(A,C) 0.6875
[DEBUG] rnvc66(A,B) :- somenot66(B,C) 0.6875
[DEBUG] rnvc66(A,B) :- some66(B,C) 0.642857142857
[DEBUG] rnvc66(A,B) :- no66(C,B) 0.642857142857
[DEBUG] rnvc66(A,B) :- some66(C,A) 0.583333333333
[DEBUG] rnvc66(A,B) :- some66(C,B) 0.5625
[DEBUG] rnvc66(A,B) :- no66(A,C) 0.5625
[DEBUG] rnvc66(A,B) :- no66(B,C) 0.5625
[DEBUG] rnvc66(A,B) :- somenot66(C,A) 0.5
[DEBUG] rnvc66(A,B) :- all66(A,C) 0.0
[DEBUG] rnvc66(A,B) :- all66(C,A) 0.0
[DEBUG] rnvc66(A,B) :- some66(A,C) 0.0
[DEBUG] rnvc66(A,B) :- all66(B,C) 0.0
[DEBUG] rnvc66(A,B) :- all66(C,B) 0.0
[DEBUG] ==================================
[LVL9] rnvc66(A,B) :- somenot66(A,C), all66(B,C) 0.75 (13.0, 0.0, 23.0, 22.0) 0.75 [REJECT* fp] 12.0
[LVL9] BETTER RULE rnvc66(A,B) :- somenot66(A,C), all66(B,C) (0.75, 13.0) > (0.6875, 17.0)
[LVL9] rnvc66(A,B) :- somenot66(A,C), \+all66(C,B) 0.785714285714 (17.0, 1.0, 22.0, 18.0) 0.916666666667 [ACCEPT]
[LVL9] BETTER RULE rnvc66(A,B) :- somenot66(A,C), \+all66(C,B) (0.7857142857142857, 17.0) > (0.75, 13.0)
[LVL9] rnvc66(A,B) :- somenot66(A,C), \+no66(B,C) 0.785714285714 (17.0, 1.0, 22.0, 18.0) 0.916666666667 [ACCEPT]
[LVL9] rnvc66(A,B) :- somenot66(B,C), \+all66(C,A) 0.785714285714 (17.0, 1.0, 22.0, 18.0) 0.916666666667 [ACCEPT]
[LVL9] rnvc66(A,B) :- somenot66(B,C), \+no66(A,C) 0.785714285714 (17.0, 1.0, 22.0, 18.0) 0.916666666667 [ACCEPT]
[LVL9] rnvc66(A,B) :- some66(B,C), \+some66(C,A) 0.75 (16.0, 1.0, 22.0, 19.0) 0.9 [ACCEPT]
[LVL9] rnvc66(A,B) :- some66(B,C), \+no66(C,A) 0.75 (16.0, 1.0, 22.0, 19.0) 0.9 [ACCEPT]
[LVL9] rnvc66(A,B) :- no66(C,B), \+all66(A,C) 0.75 (16.0, 1.0, 22.0, 19.0) 0.9 [ACCEPT]
[LVL9] rnvc66(A,B) :- no66(C,B), \+some66(A,C) 0.75 (16.0, 1.0, 22.0, 19.0) 0.9 [ACCEPT]
[LVL9] rnvc66(A,B) :- some66(C,A), \+all66(C,B) 0.7 (15.0, 1.0, 22.0, 20.0) 0.875 [ACCEPT]
[LVL9] rnvc66(A,B) :- some66(C,A), \+some66(B,C) 0.7 (15.0, 1.0, 22.0, 20.0) 0.875 [ACCEPT]
[LVL9] rnvc66(A,B) :- some66(C,B), \+all66(A,C) 0.642857142857 (16.0, 2.0, 21.0, 19.0) 0.9 [ACCEPT]
[LVL9] rnvc66(A,B) :- some66(C,B), \+all66(C,A) 0.642857142857 (16.0, 2.0, 21.0, 19.0) 0.9 [ACCEPT]
[LVL9] rnvc66(A,B) :- some66(C,B), \+some66(A,C) 0.642857142857 (16.0, 2.0, 21.0, 19.0) 0.9 [ACCEPT]
[LVL9] rnvc66(A,B) :- no66(A,C), \+all66(C,B) 0.642857142857 (16.0, 2.0, 21.0, 19.0) 0.9 [ACCEPT]
[LVL9] rnvc66(A,B) :- no66(A,C), \+all66(B,C) 0.642857142857 (16.0, 2.0, 21.0, 19.0) 0.9 [ACCEPT]
[LVL9] rnvc66(A,B) :- no66(A,C), \+somenot66(B,C) 0.642857142857 (16.0, 2.0, 21.0, 19.0) 0.9 [ACCEPT]
[LVL9] rnvc66(A,B) :- no66(B,C), \+some66(A,C) 0.642857142857 (16.0, 2.0, 21.0, 19.0) 0.9 [ACCEPT]
[LVL9] rnvc66(A,B) :- no66(B,C), \+somenot66(A,C) 0.642857142857 (16.0, 2.0, 21.0, 19.0) 0.9 [ACCEPT]
[LVL9] rnvc66(A,B) :- no66(B,C), \+somenot66(C,A) 0.642857142857 (16.0, 2.0, 21.0, 19.0) 0.9 [ACCEPT]
[LVL9] rnvc66(A,B) :- somenot66(C,A), \+all66(C,B) 0.583333333333 (15.0, 2.0, 21.0, 20.0) 0.875 [ACCEPT]
[LVL9] rnvc66(A,B) :- somenot66(C,A), \+all66(B,C) 0.583333333333 (15.0, 2.0, 21.0, 20.0) 0.875 [ACCEPT]
[LVL9] rnvc66(A,B) :- somenot66(C,A), \+no66(B,C) 0.583333333333 (15.0, 2.0, 21.0, 20.0) 0.875 [ACCEPT]
[LVL9] rnvc66(A,B) :- all66(A,C), \+all66(C,B) 0.5 (15.0, 3.0, 20.0, 20.0) 0.875 [ACCEPT]
[LVL9] rnvc66(A,B) :- all66(A,C), \+all66(B,C) 0.5 (15.0, 3.0, 20.0, 20.0) 0.875 [ACCEPT]
[LVL9] rnvc66(A,B) :- all66(A,C), \+some66(C,B) 0.5 (15.0, 3.0, 20.0, 20.0) 0.875 [ACCEPT]
[LVL9] rnvc66(A,B) :- all66(A,C), \+no66(C,B) 0.5 (15.0, 3.0, 20.0, 20.0) 0.875 [ACCEPT]
[LVL9] rnvc66(A,B) :- all66(C,A), \+all66(B,C) 0.5 (15.0, 3.0, 20.0, 20.0) 0.875 [ACCEPT]
[LVL9] rnvc66(A,B) :- all66(C,A), \+some66(C,B) 0.5 (15.0, 3.0, 20.0, 20.0) 0.875 [ACCEPT]
[LVL9] rnvc66(A,B) :- all66(C,A), \+somenot66(C,B) 0.5 (15.0, 3.0, 20.0, 20.0) 0.875 [ACCEPT]
[LVL9] rnvc66(A,B) :- all66(C,A), \+somenot66(B,C) 0.5 (15.0, 3.0, 20.0, 20.0) 0.875 [ACCEPT]
[LVL9] rnvc66(A,B) :- some66(A,C), \+all66(C,B) 0.0 (14.0, 3.0, 20.0, 21.0) 0.833333333333 [ACCEPT]
[LVL9] rnvc66(A,B) :- some66(A,C), \+some66(C,B) 0.0 (14.0, 3.0, 20.0, 21.0) 0.833333333333 [ACCEPT]
[LVL9] rnvc66(A,B) :- some66(A,C), \+no66(C,B) 0.0 (14.0, 3.0, 20.0, 21.0) 0.833333333333 [ACCEPT]
[LVL9] rnvc66(A,B) :- some66(A,C), \+no66(B,C) 0.0 (14.0, 3.0, 20.0, 21.0) 0.833333333333 [ACCEPT]
[DEBUG] Best rule so far: rnvc66(A,B) :- somenot66(A,C), \+all66(C,B) [0.785714285714]
[DEBUG] Candidates for iteration 3:
[DEBUG] ==================================
[DEBUG] rnvc66(A,B) :- somenot66(A,C), \+all66(C,B) 0.785714285714
[DEBUG] rnvc66(A,B) :- somenot66(A,C), \+no66(B,C) 0.785714285714
[DEBUG] rnvc66(A,B) :- somenot66(B,C), \+all66(C,A) 0.785714285714
[DEBUG] rnvc66(A,B) :- somenot66(B,C), \+no66(A,C) 0.785714285714
[DEBUG] rnvc66(A,B) :- some66(B,C), \+some66(C,A) 0.75
[DEBUG] rnvc66(A,B) :- some66(B,C), \+no66(C,A) 0.75
[DEBUG] rnvc66(A,B) :- no66(C,B), \+all66(A,C) 0.75
[DEBUG] rnvc66(A,B) :- no66(C,B), \+some66(A,C) 0.75
[DEBUG] rnvc66(A,B) :- some66(C,A), \+all66(C,B) 0.7
[DEBUG] rnvc66(A,B) :- some66(C,A), \+some66(B,C) 0.7
[DEBUG] rnvc66(A,B) :- some66(C,B), \+all66(A,C) 0.642857142857
[DEBUG] rnvc66(A,B) :- some66(C,B), \+all66(C,A) 0.642857142857
[DEBUG] rnvc66(A,B) :- some66(C,B), \+some66(A,C) 0.642857142857
[DEBUG] rnvc66(A,B) :- no66(A,C), \+all66(C,B) 0.642857142857
[DEBUG] rnvc66(A,B) :- no66(A,C), \+all66(B,C) 0.642857142857
[DEBUG] rnvc66(A,B) :- no66(A,C), \+somenot66(B,C) 0.642857142857
[DEBUG] rnvc66(A,B) :- no66(B,C), \+some66(A,C) 0.642857142857
[DEBUG] rnvc66(A,B) :- no66(B,C), \+somenot66(A,C) 0.642857142857
[DEBUG] rnvc66(A,B) :- no66(B,C), \+somenot66(C,A) 0.642857142857
[DEBUG] rnvc66(A,B) :- somenot66(C,A), \+all66(C,B) 0.583333333333
[DEBUG] rnvc66(A,B) :- somenot66(C,A), \+all66(B,C) 0.583333333333
[DEBUG] rnvc66(A,B) :- somenot66(C,A), \+no66(B,C) 0.583333333333
[DEBUG] rnvc66(A,B) :- all66(A,C), \+all66(C,B) 0.5
[DEBUG] rnvc66(A,B) :- all66(A,C), \+all66(B,C) 0.5
[DEBUG] rnvc66(A,B) :- all66(A,C), \+some66(C,B) 0.5
[DEBUG] rnvc66(A,B) :- all66(A,C), \+no66(C,B) 0.5
[DEBUG] rnvc66(A,B) :- all66(C,A), \+all66(B,C) 0.5
[DEBUG] rnvc66(A,B) :- all66(C,A), \+some66(C,B) 0.5
[DEBUG] rnvc66(A,B) :- all66(C,A), \+somenot66(C,B) 0.5
[DEBUG] rnvc66(A,B) :- all66(C,A), \+somenot66(B,C) 0.5
[DEBUG] rnvc66(A,B) :- some66(A,C), \+all66(C,B) 0.0
[DEBUG] rnvc66(A,B) :- some66(A,C), \+some66(C,B) 0.0
[DEBUG] rnvc66(A,B) :- some66(A,C), \+no66(C,B) 0.0
[DEBUG] rnvc66(A,B) :- some66(A,C), \+no66(B,C) 0.0
[DEBUG] ==================================
[INFO] RULE LEARNED: rnvc66(A,B) :- somenot66(A,C), \+all66(C,B) 0.672413793103
