[LVL9] Output level: 9
[INFO] Random seed: 0.313155627391
[INFO] Computing scores: 0.0767s
[INFO] Number of examples (M): 122
[INFO] Positive weight (P): 10.0000
[INFO] Negative weight (N): 112.0000
[DEBUG] Best rule so far: rall49(A,B) :- true [0.0819672131148]
[DEBUG] Candidates for iteration 1:
[DEBUG] ==================================
[DEBUG] rall49(A,B) :- true 0.0819672131148
[DEBUG] ==================================
[LVL9] rall49(A,B) :- all49(A,C) 0.13012295082 (2.0, 13.0, 99.0, 8.0) 0.693989071038 [ACCEPT]
[LVL9] BETTER RULE rall49(A,B) :- all49(A,C) (0.13012295081967212, 2.0) > (0.0819672131147541, 10.0)
[LVL9] rall49(A,B) :- all49(B,C) 0.0 (1.0, 14.0, 98.0, 9.0) 0.540983606557 [ACCEPT]
[LVL9] rall49(A,B) :- all49(C,A) 0.122468659595 (2.0, 14.0, 98.0, 8.0) 0.693989071038 [ACCEPT]
[LVL9] rall49(A,B) :- all49(C,B) 0.122468659595 (2.0, 14.0, 98.0, 8.0) 0.693989071038 [ACCEPT]
[LVL9] rall49(A,B) :- some49(A,C) 0.0 (1.0, 13.0, 99.0, 9.0) 0.540983606557 [ACCEPT]
[LVL9] rall49(A,B) :- some49(C,B) 0.0 (1.0, 14.0, 98.0, 9.0) 0.540983606557 [ACCEPT]
[LVL9] rall49(A,B) :- no49(A,C) 0.19262295082 (3.0, 12.0, 100.0, 7.0) 0.770491803279 [ACCEPT]
[LVL9] BETTER RULE rall49(A,B) :- no49(A,C) (0.19262295081967212, 3.0) > (0.13012295081967212, 2.0)
[LVL9] rall49(A,B) :- no49(B,C) 0.0 (1.0, 14.0, 98.0, 9.0) 0.540983606557 [ACCEPT]
[LVL9] rall49(A,B) :- no49(C,A) 0.0 (1.0, 15.0, 97.0, 9.0) 0.540983606557 [ACCEPT]
[LVL9] rall49(A,B) :- no49(C,B) 0.181292189007 (3.0, 13.0, 99.0, 7.0) 0.770491803279 [ACCEPT]
[LVL9] rall49(A,B) :- somenot49(B,C) 0.0 (1.0, 15.0, 97.0, 9.0) 0.540983606557 [ACCEPT]
[LVL9] rall49(A,B) :- somenot49(C,A) 0.0 (1.0, 14.0, 98.0, 9.0) 0.540983606557 [ACCEPT]
[LVL9] rall49(A,B) :- somenot49(C,B) 0.0 (1.0, 14.0, 98.0, 9.0) 0.540983606557 [ACCEPT]
[DEBUG] Best rule so far: rall49(A,B) :- no49(A,C) [0.19262295082]
[DEBUG] Candidates for iteration 2:
[DEBUG] ==================================
[DEBUG] rall49(A,B) :- no49(A,C) 0.19262295082
[DEBUG] rall49(A,B) :- no49(C,B) 0.181292189007
[DEBUG] rall49(A,B) :- all49(A,C) 0.13012295082
[DEBUG] rall49(A,B) :- all49(C,A) 0.122468659595
[DEBUG] rall49(A,B) :- all49(C,B) 0.122468659595
[DEBUG] rall49(A,B) :- all49(B,C) 0.0
[DEBUG] rall49(A,B) :- some49(A,C) 0.0
[DEBUG] rall49(A,B) :- some49(C,B) 0.0
[DEBUG] rall49(A,B) :- no49(B,C) 0.0
[DEBUG] rall49(A,B) :- no49(C,A) 0.0
[DEBUG] rall49(A,B) :- somenot49(B,C) 0.0
[DEBUG] rall49(A,B) :- somenot49(C,A) 0.0
[DEBUG] rall49(A,B) :- somenot49(C,B) 0.0
[DEBUG] ==================================
[LVL9] rall49(A,B) :- no49(A,C), some49(C,B) 0.540983606557 (1.0, 0.0, 112.0, 9.0) 0.540983606557 [REJECT* fp] 0.0
[LVL9] BETTER RULE rall49(A,B) :- no49(A,C), some49(C,B) (0.5409836065573771, 1.0) > (0.19262295081967212, 3.0)
[LVL9] rall49(A,B) :- no49(A,C), \+all49(C,B) 0.220140515222 (3.0, 10.0, 102.0, 7.0) 0.770491803279 [ACCEPT]
[LVL9] rall49(A,B) :- no49(A,C), \+all49(B,C) 0.220140515222 (3.0, 10.0, 102.0, 7.0) 0.770491803279 [ACCEPT]
[LVL9] rall49(A,B) :- no49(A,C), \+some49(B,C) 0.220140515222 (3.0, 10.0, 102.0, 7.0) 0.770491803279 [ACCEPT]
[LVL9] rall49(A,B) :- no49(A,C), \+no49(C,B) 0.220140515222 (3.0, 10.0, 102.0, 7.0) 0.770491803279 [ACCEPT]
[LVL9] rall49(A,B) :- no49(A,C), \+no49(B,C) 0.148711943794 (2.0, 11.0, 101.0, 8.0) 0.693989071038 [ACCEPT]
[LVL9] rall49(A,B) :- no49(A,C), \+somenot49(C,B) 0.148711943794 (2.0, 11.0, 101.0, 8.0) 0.693989071038 [ACCEPT]
[LVL9] rall49(A,B) :- no49(A,C), \+somenot49(B,C) 0.220140515222 (3.0, 10.0, 102.0, 7.0) 0.770491803279 [ACCEPT]
[LVL9] rall49(A,B) :- no49(C,B), \+all49(A,C) 0.138797814208 (2.0, 12.0, 100.0, 8.0) 0.693989071038 [ACCEPT]
[LVL9] rall49(A,B) :- no49(C,B), \+all49(C,A) 0.205464480874 (3.0, 11.0, 101.0, 7.0) 0.770491803279 [ACCEPT]
[LVL9] rall49(A,B) :- no49(C,B), \+some49(A,C) 0.138797814208 (2.0, 12.0, 100.0, 8.0) 0.693989071038 [ACCEPT]
[LVL9] rall49(A,B) :- no49(C,B), \+some49(C,A) 0.205464480874 (3.0, 11.0, 101.0, 7.0) 0.770491803279 [ACCEPT]
[LVL9] rall49(A,B) :- no49(C,B), \+no49(A,C) 0.205464480874 (3.0, 11.0, 101.0, 7.0) 0.770491803279 [ACCEPT]
[LVL9] rall49(A,B) :- no49(C,B), \+no49(C,A) 0.205464480874 (3.0, 11.0, 101.0, 7.0) 0.770491803279 [ACCEPT]
[LVL9] rall49(A,B) :- no49(C,B), \+somenot49(A,C) 0.205464480874 (3.0, 11.0, 101.0, 7.0) 0.770491803279 [ACCEPT]
[LVL9] rall49(A,B) :- no49(C,B), \+somenot49(C,A) 0.138797814208 (2.0, 12.0, 100.0, 8.0) 0.693989071038 [ACCEPT]
[LVL9] rall49(A,B) :- all49(A,C), \+all49(B,C) 0.148711943794 (2.0, 11.0, 101.0, 8.0) 0.693989071038 [ACCEPT]
[LVL9] rall49(A,B) :- all49(A,C), \+some49(C,B) 0.148711943794 (2.0, 11.0, 101.0, 8.0) 0.693989071038 [ACCEPT]
[LVL9] rall49(A,B) :- all49(A,C), \+some49(B,C) 0.138797814208 (2.0, 12.0, 100.0, 8.0) 0.693989071038 [ACCEPT]
[LVL9] rall49(A,B) :- all49(A,C), \+no49(B,C) 0.148711943794 (2.0, 11.0, 101.0, 8.0) 0.693989071038 [ACCEPT]
[LVL9] rall49(A,B) :- all49(A,C), \+somenot49(C,B) 0.148711943794 (2.0, 11.0, 101.0, 8.0) 0.693989071038 [ACCEPT]
[LVL9] rall49(A,B) :- all49(A,C), \+somenot49(B,C) 0.148711943794 (2.0, 11.0, 101.0, 8.0) 0.693989071038 [ACCEPT]
[LVL9] rall49(A,B) :- all49(C,A), \+some49(C,B) 0.138797814208 (2.0, 12.0, 100.0, 8.0) 0.693989071038 [ACCEPT]
[LVL9] rall49(A,B) :- all49(C,A), \+some49(B,C) 0.138797814208 (2.0, 12.0, 100.0, 8.0) 0.693989071038 [ACCEPT]
[LVL9] rall49(A,B) :- all49(C,A), \+no49(C,B) 0.138797814208 (2.0, 12.0, 100.0, 8.0) 0.693989071038 [ACCEPT]
[LVL9] rall49(A,B) :- all49(C,A), \+no49(B,C) 0.138797814208 (2.0, 12.0, 100.0, 8.0) 0.693989071038 [ACCEPT]
[LVL9] rall49(A,B) :- all49(C,A), \+somenot49(C,B) 0.138797814208 (2.0, 12.0, 100.0, 8.0) 0.693989071038 [ACCEPT]
[LVL9] rall49(A,B) :- all49(C,A), \+somenot49(B,C) 0.138797814208 (2.0, 12.0, 100.0, 8.0) 0.693989071038 [ACCEPT]
[LVL9] rall49(A,B) :- all49(C,B), \+some49(A,C) 0.138797814208 (2.0, 12.0, 100.0, 8.0) 0.693989071038 [ACCEPT]
[LVL9] rall49(A,B) :- all49(C,B), \+some49(C,A) 0.138797814208 (2.0, 12.0, 100.0, 8.0) 0.693989071038 [ACCEPT]
[LVL9] rall49(A,B) :- all49(C,B), \+no49(A,C) 0.138797814208 (2.0, 12.0, 100.0, 8.0) 0.693989071038 [ACCEPT]
[LVL9] rall49(A,B) :- all49(C,B), \+no49(C,A) 0.138797814208 (2.0, 12.0, 100.0, 8.0) 0.693989071038 [ACCEPT]
[LVL9] rall49(A,B) :- all49(C,B), \+somenot49(A,C) 0.138797814208 (2.0, 12.0, 100.0, 8.0) 0.693989071038 [ACCEPT]
[LVL9] rall49(A,B) :- all49(C,B), \+somenot49(C,A) 0.138797814208 (2.0, 12.0, 100.0, 8.0) 0.693989071038 [ACCEPT]
[DEBUG] Best rule so far: rall49(A,B) :- no49(A,C), some49(C,B) [0.540983606557]
[DEBUG] Candidates for iteration 3:
[DEBUG] ==================================
[DEBUG] rall49(A,B) :- no49(A,C), \+all49(C,B) 0.220140515222
[DEBUG] rall49(A,B) :- no49(A,C), \+all49(B,C) 0.220140515222
[DEBUG] rall49(A,B) :- no49(A,C), \+some49(B,C) 0.220140515222
[DEBUG] rall49(A,B) :- no49(A,C), \+no49(C,B) 0.220140515222
[DEBUG] rall49(A,B) :- no49(A,C), \+somenot49(B,C) 0.220140515222
[DEBUG] rall49(A,B) :- no49(C,B), \+all49(C,A) 0.205464480874
[DEBUG] rall49(A,B) :- no49(C,B), \+some49(C,A) 0.205464480874
[DEBUG] rall49(A,B) :- no49(C,B), \+no49(A,C) 0.205464480874
[DEBUG] rall49(A,B) :- no49(C,B), \+no49(C,A) 0.205464480874
[DEBUG] rall49(A,B) :- no49(C,B), \+somenot49(A,C) 0.205464480874
[DEBUG] rall49(A,B) :- no49(A,C), \+no49(B,C) 0.148711943794
[DEBUG] rall49(A,B) :- no49(A,C), \+somenot49(C,B) 0.148711943794
[DEBUG] rall49(A,B) :- all49(A,C), \+all49(B,C) 0.148711943794
[DEBUG] rall49(A,B) :- all49(A,C), \+some49(C,B) 0.148711943794
[DEBUG] rall49(A,B) :- all49(A,C), \+no49(B,C) 0.148711943794
[DEBUG] rall49(A,B) :- all49(A,C), \+somenot49(C,B) 0.148711943794
[DEBUG] rall49(A,B) :- all49(A,C), \+somenot49(B,C) 0.148711943794
[DEBUG] rall49(A,B) :- no49(C,B), \+all49(A,C) 0.138797814208
[DEBUG] rall49(A,B) :- no49(C,B), \+some49(A,C) 0.138797814208
[DEBUG] rall49(A,B) :- no49(C,B), \+somenot49(C,A) 0.138797814208
[DEBUG] rall49(A,B) :- all49(A,C), \+some49(B,C) 0.138797814208
[DEBUG] rall49(A,B) :- all49(C,A), \+some49(C,B) 0.138797814208
[DEBUG] rall49(A,B) :- all49(C,A), \+some49(B,C) 0.138797814208
[DEBUG] rall49(A,B) :- all49(C,A), \+no49(C,B) 0.138797814208
[DEBUG] rall49(A,B) :- all49(C,A), \+no49(B,C) 0.138797814208
[DEBUG] rall49(A,B) :- all49(C,A), \+somenot49(C,B) 0.138797814208
[DEBUG] rall49(A,B) :- all49(C,A), \+somenot49(B,C) 0.138797814208
[DEBUG] rall49(A,B) :- all49(C,B), \+some49(A,C) 0.138797814208
[DEBUG] rall49(A,B) :- all49(C,B), \+some49(C,A) 0.138797814208
[DEBUG] rall49(A,B) :- all49(C,B), \+no49(A,C) 0.138797814208
[DEBUG] rall49(A,B) :- all49(C,B), \+no49(C,A) 0.138797814208
[DEBUG] rall49(A,B) :- all49(C,B), \+somenot49(A,C) 0.138797814208
[DEBUG] rall49(A,B) :- all49(C,B), \+somenot49(C,A) 0.138797814208
[DEBUG] ==================================
[INFO] RULE LEARNED: rall49(A,B) :- no49(A,C), some49(C,B) 0.926229508197
[DEBUG] Best rule so far: rall49(A,B) :- true [0.0743801652893]
[DEBUG] Candidates for iteration 1:
[DEBUG] ==================================
[DEBUG] rall49(A,B) :- true 0.0743801652893
[DEBUG] ==================================
[LVL9] rall49(A,B) :- all49(A,C) 0.129648760331 (3.0, 13.0, 99.0, 7.0) 0.691460055096 [ACCEPT]
[LVL9] BETTER RULE rall49(A,B) :- all49(A,C) (0.1296487603305785, 3.0) > (0.0743801652892562, 10.0)
[LVL9] rall49(A,B) :- all49(B,C) 0.0 (2.0, 14.0, 98.0, 8.0) 0.537190082645 [ACCEPT]
[LVL9] rall49(A,B) :- all49(C,A) 0.122022362664 (3.0, 14.0, 98.0, 7.0) 0.691460055096 [ACCEPT]
[LVL9] rall49(A,B) :- all49(C,B) 0.122022362664 (3.0, 14.0, 98.0, 7.0) 0.691460055096 [ACCEPT]
[LVL9] rall49(A,B) :- some49(A,C) 0.0 (2.0, 13.0, 99.0, 8.0) 0.537190082645 [ACCEPT]
[LVL9] rall49(A,B) :- no49(A,C) 0.138292011019 (3.0, 12.0, 100.0, 7.0) 0.691460055096 [ACCEPT]
[LVL9] BETTER RULE rall49(A,B) :- no49(A,C) (0.13829201101928373, 3.0) > (0.1296487603305785, 3.0)
[LVL9] rall49(A,B) :- no49(B,C) 0.0 (2.0, 14.0, 98.0, 8.0) 0.537190082645 [ACCEPT]
[LVL9] rall49(A,B) :- no49(C,A) 0.0 (2.0, 15.0, 97.0, 8.0) 0.537190082645 [ACCEPT]
[LVL9] rall49(A,B) :- no49(C,B) 0.180845892076 (4.0, 13.0, 99.0, 6.0) 0.768595041322 [ACCEPT]
[LVL9] BETTER RULE rall49(A,B) :- no49(C,B) (0.1808458920758386, 4.0) > (0.13829201101928373, 3.0)
[LVL9] rall49(A,B) :- somenot49(B,C) 0.0 (2.0, 15.0, 97.0, 8.0) 0.537190082645 [ACCEPT]
[LVL9] rall49(A,B) :- somenot49(C,A) 0.0 (2.0, 14.0, 98.0, 8.0) 0.537190082645 [ACCEPT]
[LVL9] rall49(A,B) :- somenot49(C,B) 0.0 (2.0, 14.0, 98.0, 8.0) 0.537190082645 [ACCEPT]
[DEBUG] Best rule so far: rall49(A,B) :- no49(C,B) [0.180845892076]
[DEBUG] Candidates for iteration 2:
[DEBUG] ==================================
[DEBUG] rall49(A,B) :- no49(C,B) 0.180845892076
[DEBUG] rall49(A,B) :- no49(A,C) 0.138292011019
[DEBUG] rall49(A,B) :- all49(A,C) 0.129648760331
[DEBUG] rall49(A,B) :- all49(C,A) 0.122022362664
[DEBUG] rall49(A,B) :- all49(C,B) 0.122022362664
[DEBUG] rall49(A,B) :- all49(B,C) 0.0
[DEBUG] rall49(A,B) :- some49(A,C) 0.0
[DEBUG] rall49(A,B) :- no49(B,C) 0.0
[DEBUG] rall49(A,B) :- no49(C,A) 0.0
[DEBUG] rall49(A,B) :- somenot49(B,C) 0.0
[DEBUG] rall49(A,B) :- somenot49(C,A) 0.0
[DEBUG] rall49(A,B) :- somenot49(C,B) 0.0
[DEBUG] ==================================
[LVL9] rall49(A,B) :- no49(C,B), all49(A,C) 0.358126721763 (2.0, 1.0, 111.0, 8.0) 0.537190082645 [ACCEPT]
[LVL9] BETTER RULE rall49(A,B) :- no49(C,B), all49(A,C) (0.3581267217630854, 2.0) > (0.1808458920758386, 4.0)
[LVL9] rall49(A,B) :- no49(C,B), all49(A,D) 0.358126721763 (2.0, 1.0, 111.0, 8.0) 0.537190082645 [ACCEPT]
[LVL9] rall49(A,B) :- no49(C,B), all49(D,C) 0.358126721763 (2.0, 1.0, 111.0, 8.0) 0.537190082645 [ACCEPT]
[LVL9] rall49(A,B) :- no49(C,B), some49(A,C) 0.358126721763 (2.0, 1.0, 111.0, 8.0) 0.537190082645 [ACCEPT]
[LVL9] rall49(A,B) :- no49(C,B), some49(A,D) 0.358126721763 (2.0, 1.0, 111.0, 8.0) 0.537190082645 [ACCEPT]
[LVL9] rall49(A,B) :- no49(C,B), some49(D,C) 0.358126721763 (2.0, 1.0, 111.0, 8.0) 0.537190082645 [ACCEPT]
[LVL9] rall49(A,B) :- no49(C,B), somenot49(C,A) 0.358126721763 (2.0, 1.0, 111.0, 8.0) 0.537190082645 [ACCEPT]
[LVL9] rall49(A,B) :- no49(C,B), somenot49(C,D) 0.358126721763 (2.0, 1.0, 111.0, 8.0) 0.537190082645 [ACCEPT]
[LVL9] rall49(A,B) :- no49(C,B), somenot49(D,A) 0.358126721763 (2.0, 1.0, 111.0, 8.0) 0.537190082645 [ACCEPT]
[LVL9] rall49(A,B) :- no49(C,B), \+all49(A,C) 0.138292011019 (3.0, 12.0, 100.0, 7.0) 0.691460055096 [ACCEPT]
[LVL9] rall49(A,B) :- no49(C,B), \+all49(C,A) 0.204958677686 (4.0, 11.0, 101.0, 6.0) 0.768595041322 [ACCEPT]
[LVL9] rall49(A,B) :- no49(C,B), \+some49(A,C) 0.138292011019 (3.0, 12.0, 100.0, 7.0) 0.691460055096 [ACCEPT]
[LVL9] rall49(A,B) :- no49(C,B), \+some49(C,A) 0.204958677686 (4.0, 11.0, 101.0, 6.0) 0.768595041322 [ACCEPT]
[LVL9] rall49(A,B) :- no49(C,B), \+no49(A,C) 0.204958677686 (4.0, 11.0, 101.0, 6.0) 0.768595041322 [ACCEPT]
[LVL9] rall49(A,B) :- no49(C,B), \+no49(C,A) 0.204958677686 (4.0, 11.0, 101.0, 6.0) 0.768595041322 [ACCEPT]
[LVL9] rall49(A,B) :- no49(C,B), \+somenot49(A,C) 0.204958677686 (4.0, 11.0, 101.0, 6.0) 0.768595041322 [ACCEPT]
[LVL9] rall49(A,B) :- no49(C,B), \+somenot49(C,A) 0.138292011019 (3.0, 12.0, 100.0, 7.0) 0.691460055096 [ACCEPT]
[LVL9] rall49(A,B) :- no49(A,C), no49(B,C) 0.358126721763 (2.0, 1.0, 111.0, 8.0) 0.537190082645 [ACCEPT]
[LVL9] rall49(A,B) :- no49(A,C), no49(B,D) 0.358126721763 (2.0, 1.0, 111.0, 8.0) 0.537190082645 [ACCEPT]
[LVL9] rall49(A,B) :- no49(A,C), somenot49(C,B) 0.358126721763 (2.0, 1.0, 111.0, 8.0) 0.537190082645 [ACCEPT]
[LVL9] rall49(A,B) :- no49(A,C), somenot49(C,D) 0.358126721763 (2.0, 1.0, 111.0, 8.0) 0.537190082645 [ACCEPT]
[LVL9] rall49(A,B) :- no49(A,C), somenot49(D,B) 0.358126721763 (2.0, 1.0, 111.0, 8.0) 0.537190082645 [ACCEPT]
[LVL9] rall49(A,B) :- no49(A,C), \+all49(C,B) 0.159567705022 (3.0, 10.0, 102.0, 7.0) 0.691460055096 [ACCEPT]
[LVL9] rall49(A,B) :- no49(A,C), \+all49(B,C) 0.159567705022 (3.0, 10.0, 102.0, 7.0) 0.691460055096 [ACCEPT]
[LVL9] rall49(A,B) :- no49(A,C), \+some49(B,C) 0.159567705022 (3.0, 10.0, 102.0, 7.0) 0.691460055096 [ACCEPT]
[LVL9] rall49(A,B) :- no49(A,C), \+no49(C,B) 0.159567705022 (3.0, 10.0, 102.0, 7.0) 0.691460055096 [ACCEPT]
[LVL9] rall49(A,B) :- no49(A,C), \+no49(B,C) 0.0826446280992 (2.0, 11.0, 101.0, 8.0) 0.537190082645 [ACCEPT]
[LVL9] rall49(A,B) :- no49(A,C), \+somenot49(C,B) 0.0826446280992 (2.0, 11.0, 101.0, 8.0) 0.537190082645 [ACCEPT]
[LVL9] rall49(A,B) :- no49(A,C), \+somenot49(B,C) 0.159567705022 (3.0, 10.0, 102.0, 7.0) 0.691460055096 [ACCEPT]
[LVL9] rall49(A,B) :- all49(A,C), all49(C,B) 0.358126721763 (2.0, 1.0, 111.0, 8.0) 0.537190082645 [ACCEPT]
[LVL9] rall49(A,B) :- all49(A,C), all49(C,D) 0.358126721763 (2.0, 1.0, 111.0, 8.0) 0.537190082645 [ACCEPT]
[LVL9] rall49(A,B) :- all49(A,C), all49(D,B) 0.358126721763 (2.0, 1.0, 111.0, 8.0) 0.537190082645 [ACCEPT]
[LVL9] rall49(A,B) :- all49(A,C), no49(C,D) 0.358126721763 (2.0, 1.0, 111.0, 8.0) 0.537190082645 [ACCEPT]
[LVL9] rall49(A,B) :- all49(A,C), no49(D,B) 0.358126721763 (2.0, 1.0, 111.0, 8.0) 0.537190082645 [ACCEPT]
[LVL9] rall49(A,B) :- all49(A,C), \+all49(C,B) 0.0767414403778 (2.0, 12.0, 100.0, 8.0) 0.537190082645 [ACCEPT]
[LVL9] rall49(A,B) :- all49(A,C), \+all49(B,C) 0.148170011806 (3.0, 11.0, 101.0, 7.0) 0.691460055096 [ACCEPT]
[LVL9] rall49(A,B) :- all49(A,C), \+some49(C,B) 0.148170011806 (3.0, 11.0, 101.0, 7.0) 0.691460055096 [ACCEPT]
[LVL9] rall49(A,B) :- all49(A,C), \+some49(B,C) 0.138292011019 (3.0, 12.0, 100.0, 7.0) 0.691460055096 [ACCEPT]
[LVL9] rall49(A,B) :- all49(A,C), \+no49(C,B) 0.0767414403778 (2.0, 12.0, 100.0, 8.0) 0.537190082645 [ACCEPT]
[LVL9] rall49(A,B) :- all49(A,C), \+no49(B,C) 0.148170011806 (3.0, 11.0, 101.0, 7.0) 0.691460055096 [ACCEPT]
[LVL9] rall49(A,B) :- all49(A,C), \+somenot49(C,B) 0.148170011806 (3.0, 11.0, 101.0, 7.0) 0.691460055096 [ACCEPT]
[LVL9] rall49(A,B) :- all49(A,C), \+somenot49(B,C) 0.148170011806 (3.0, 11.0, 101.0, 7.0) 0.691460055096 [ACCEPT]
[LVL9] rall49(A,B) :- all49(C,A), all49(C,B) 0.358126721763 (2.0, 1.0, 111.0, 8.0) 0.537190082645 [ACCEPT]
[LVL9] rall49(A,B) :- all49(C,A), all49(B,C) 0.358126721763 (2.0, 1.0, 111.0, 8.0) 0.537190082645 [ACCEPT]
[LVL9] rall49(A,B) :- all49(C,A), all49(B,D) 0.358126721763 (2.0, 1.0, 111.0, 8.0) 0.537190082645 [ACCEPT]
[LVL9] rall49(A,B) :- all49(C,A), all49(D,C) 0.358126721763 (2.0, 1.0, 111.0, 8.0) 0.537190082645 [ACCEPT]
[LVL9] rall49(A,B) :- all49(C,A), all49(D,B) 0.358126721763 (2.0, 1.0, 111.0, 8.0) 0.537190082645 [ACCEPT]
[LVL9] rall49(A,B) :- all49(C,A), \+all49(C,B) 0.0 (2.0, 13.0, 99.0, 8.0) 0.537190082645 [ACCEPT]
[LVL9] rall49(A,B) :- all49(C,A), \+all49(B,C) 0.0 (2.0, 13.0, 99.0, 8.0) 0.537190082645 [ACCEPT]
[LVL9] rall49(A,B) :- all49(C,A), \+some49(C,B) 0.138292011019 (3.0, 12.0, 100.0, 7.0) 0.691460055096 [ACCEPT]
[LVL9] rall49(A,B) :- all49(C,A), \+some49(B,C) 0.138292011019 (3.0, 12.0, 100.0, 7.0) 0.691460055096 [ACCEPT]
[LVL9] rall49(A,B) :- all49(C,A), \+no49(C,B) 0.138292011019 (3.0, 12.0, 100.0, 7.0) 0.691460055096 [ACCEPT]
[LVL9] rall49(A,B) :- all49(C,A), \+no49(B,C) 0.138292011019 (3.0, 12.0, 100.0, 7.0) 0.691460055096 [ACCEPT]
[LVL9] rall49(A,B) :- all49(C,A), \+somenot49(C,B) 0.138292011019 (3.0, 12.0, 100.0, 7.0) 0.691460055096 [ACCEPT]
[LVL9] rall49(A,B) :- all49(C,A), \+somenot49(B,C) 0.138292011019 (3.0, 12.0, 100.0, 7.0) 0.691460055096 [ACCEPT]
[LVL9] rall49(A,B) :- all49(C,B), all49(A,D) 0.358126721763 (2.0, 1.0, 111.0, 8.0) 0.537190082645 [ACCEPT]
[LVL9] rall49(A,B) :- all49(C,B), all49(D,A) 0.358126721763 (2.0, 1.0, 111.0, 8.0) 0.537190082645 [ACCEPT]
[LVL9] rall49(A,B) :- all49(C,B), all49(D,C) 0.358126721763 (2.0, 1.0, 111.0, 8.0) 0.537190082645 [ACCEPT]
[LVL9] rall49(A,B) :- all49(C,B), \+all49(A,C) 0.0 (2.0, 13.0, 99.0, 8.0) 0.537190082645 [ACCEPT]
[LVL9] rall49(A,B) :- all49(C,B), \+all49(C,A) 0.0 (2.0, 13.0, 99.0, 8.0) 0.537190082645 [ACCEPT]
[LVL9] rall49(A,B) :- all49(C,B), \+some49(A,C) 0.138292011019 (3.0, 12.0, 100.0, 7.0) 0.691460055096 [ACCEPT]
[LVL9] rall49(A,B) :- all49(C,B), \+some49(C,A) 0.138292011019 (3.0, 12.0, 100.0, 7.0) 0.691460055096 [ACCEPT]
[LVL9] rall49(A,B) :- all49(C,B), \+no49(A,C) 0.138292011019 (3.0, 12.0, 100.0, 7.0) 0.691460055096 [ACCEPT]
[LVL9] rall49(A,B) :- all49(C,B), \+no49(C,A) 0.138292011019 (3.0, 12.0, 100.0, 7.0) 0.691460055096 [ACCEPT]
[LVL9] rall49(A,B) :- all49(C,B), \+somenot49(A,C) 0.138292011019 (3.0, 12.0, 100.0, 7.0) 0.691460055096 [ACCEPT]
[LVL9] rall49(A,B) :- all49(C,B), \+somenot49(C,A) 0.138292011019 (3.0, 12.0, 100.0, 7.0) 0.691460055096 [ACCEPT]
[LVL9] rall49(A,B) :- all49(B,C), all49(C,D) 0.358126721763 (2.0, 1.0, 111.0, 8.0) 0.537190082645 [ACCEPT]
[LVL9] rall49(A,B) :- all49(B,C), all49(D,A) 0.358126721763 (2.0, 1.0, 111.0, 8.0) 0.537190082645 [ACCEPT]
[LVL9] rall49(A,B) :- all49(B,C), \+all49(A,C) 0.0767414403778 (2.0, 12.0, 100.0, 8.0) 0.537190082645 [ACCEPT]
[LVL9] rall49(A,B) :- all49(B,C), \+some49(A,C) 0.0 (2.0, 13.0, 99.0, 8.0) 0.537190082645 [ACCEPT]
[LVL9] rall49(A,B) :- all49(B,C), \+some49(C,A) 0.0767414403778 (2.0, 12.0, 100.0, 8.0) 0.537190082645 [ACCEPT]
[LVL9] rall49(A,B) :- all49(B,C), \+no49(A,C) 0.0767414403778 (2.0, 12.0, 100.0, 8.0) 0.537190082645 [ACCEPT]
[LVL9] rall49(A,B) :- all49(B,C), \+no49(C,A) 0.0767414403778 (2.0, 12.0, 100.0, 8.0) 0.537190082645 [ACCEPT]
[LVL9] rall49(A,B) :- all49(B,C), \+somenot49(A,C) 0.0767414403778 (2.0, 12.0, 100.0, 8.0) 0.537190082645 [ACCEPT]
[LVL9] rall49(A,B) :- all49(B,C), \+somenot49(C,A) 0.0767414403778 (2.0, 12.0, 100.0, 8.0) 0.537190082645 [ACCEPT]
[LVL9] rall49(A,B) :- some49(A,C), no49(C,D) 0.358126721763 (2.0, 1.0, 111.0, 8.0) 0.537190082645 [ACCEPT]
[LVL9] rall49(A,B) :- some49(A,C), no49(D,B) 0.358126721763 (2.0, 1.0, 111.0, 8.0) 0.537190082645 [ACCEPT]
[LVL9] rall49(A,B) :- some49(A,C), \+all49(C,B) 0.0826446280992 (2.0, 11.0, 101.0, 8.0) 0.537190082645 [ACCEPT]
[LVL9] rall49(A,B) :- some49(A,C), \+all49(B,C) 0.0767414403778 (2.0, 12.0, 100.0, 8.0) 0.537190082645 [ACCEPT]
[LVL9] rall49(A,B) :- some49(A,C), \+some49(C,B) 0.0826446280992 (2.0, 11.0, 101.0, 8.0) 0.537190082645 [ACCEPT]
[LVL9] rall49(A,B) :- some49(A,C), \+some49(B,C) 0.0826446280992 (2.0, 11.0, 101.0, 8.0) 0.537190082645 [ACCEPT]
[LVL9] rall49(A,B) :- some49(A,C), \+no49(B,C) 0.0826446280992 (2.0, 11.0, 101.0, 8.0) 0.537190082645 [ACCEPT]
[LVL9] rall49(A,B) :- some49(A,C), \+somenot49(C,B) 0.0767414403778 (2.0, 12.0, 100.0, 8.0) 0.537190082645 [ACCEPT]
[LVL9] rall49(A,B) :- some49(A,C), \+somenot49(B,C) 0.0826446280992 (2.0, 11.0, 101.0, 8.0) 0.537190082645 [ACCEPT]
[LVL9] rall49(A,B) :- no49(B,C), no49(A,D) 0.358126721763 (2.0, 1.0, 111.0, 8.0) 0.537190082645 [ACCEPT]
[LVL9] rall49(A,B) :- no49(B,C), \+all49(A,C) 0.0767414403778 (2.0, 12.0, 100.0, 8.0) 0.537190082645 [ACCEPT]
[LVL9] rall49(A,B) :- no49(B,C), \+all49(C,A) 0.0767414403778 (2.0, 12.0, 100.0, 8.0) 0.537190082645 [ACCEPT]
[LVL9] rall49(A,B) :- no49(B,C), \+some49(A,C) 0.0767414403778 (2.0, 12.0, 100.0, 8.0) 0.537190082645 [ACCEPT]
[LVL9] rall49(A,B) :- no49(B,C), \+some49(C,A) 0.0 (2.0, 13.0, 99.0, 8.0) 0.537190082645 [ACCEPT]
[LVL9] rall49(A,B) :- no49(B,C), \+no49(C,A) 0.0767414403778 (2.0, 12.0, 100.0, 8.0) 0.537190082645 [ACCEPT]
[LVL9] rall49(A,B) :- no49(B,C), \+somenot49(A,C) 0.0767414403778 (2.0, 12.0, 100.0, 8.0) 0.537190082645 [ACCEPT]
[LVL9] rall49(A,B) :- no49(B,C), \+somenot49(C,A) 0.0767414403778 (2.0, 12.0, 100.0, 8.0) 0.537190082645 [ACCEPT]
[LVL9] rall49(A,B) :- no49(C,A), somenot49(B,C) 0.358126721763 (2.0, 1.0, 111.0, 8.0) 0.537190082645 [ACCEPT]
[LVL9] rall49(A,B) :- no49(C,A), somenot49(B,D) 0.358126721763 (2.0, 1.0, 111.0, 8.0) 0.537190082645 [ACCEPT]
[LVL9] rall49(A,B) :- no49(C,A), somenot49(D,C) 0.358126721763 (2.0, 1.0, 111.0, 8.0) 0.537190082645 [ACCEPT]
[LVL9] rall49(A,B) :- no49(C,A), \+all49(C,B) 0.0 (2.0, 13.0, 99.0, 8.0) 0.537190082645 [ACCEPT]
[LVL9] rall49(A,B) :- no49(C,A), \+all49(B,C) 0.0 (2.0, 13.0, 99.0, 8.0) 0.537190082645 [ACCEPT]
[LVL9] rall49(A,B) :- no49(C,A), \+some49(C,B) 0.0 (2.0, 13.0, 99.0, 8.0) 0.537190082645 [ACCEPT]
[LVL9] rall49(A,B) :- no49(C,A), \+some49(B,C) 0.0 (2.0, 13.0, 99.0, 8.0) 0.537190082645 [ACCEPT]
[LVL9] rall49(A,B) :- no49(C,A), \+no49(C,B) 0.0 (2.0, 13.0, 99.0, 8.0) 0.537190082645 [ACCEPT]
[LVL9] rall49(A,B) :- somenot49(B,C), no49(C,D) 0.358126721763 (2.0, 1.0, 111.0, 8.0) 0.537190082645 [ACCEPT]
[LVL9] rall49(A,B) :- somenot49(B,C), no49(D,A) 0.358126721763 (2.0, 1.0, 111.0, 8.0) 0.537190082645 [ACCEPT]
[LVL9] rall49(A,B) :- somenot49(C,A), no49(C,D) 0.358126721763 (2.0, 1.0, 111.0, 8.0) 0.537190082645 [ACCEPT]
[LVL9] rall49(A,B) :- somenot49(C,A), no49(D,B) 0.358126721763 (2.0, 1.0, 111.0, 8.0) 0.537190082645 [ACCEPT]
[LVL9] rall49(A,B) :- somenot49(C,A), \+all49(C,B) 0.0767414403778 (2.0, 12.0, 100.0, 8.0) 0.537190082645 [ACCEPT]
[LVL9] rall49(A,B) :- somenot49(C,A), \+all49(B,C) 0.0767414403778 (2.0, 12.0, 100.0, 8.0) 0.537190082645 [ACCEPT]
[LVL9] rall49(A,B) :- somenot49(C,A), \+some49(C,B) 0.0767414403778 (2.0, 12.0, 100.0, 8.0) 0.537190082645 [ACCEPT]
[LVL9] rall49(A,B) :- somenot49(C,A), \+no49(B,C) 0.0767414403778 (2.0, 12.0, 100.0, 8.0) 0.537190082645 [ACCEPT]
[LVL9] rall49(A,B) :- somenot49(C,A), \+somenot49(C,B) 0.0767414403778 (2.0, 12.0, 100.0, 8.0) 0.537190082645 [ACCEPT]
[LVL9] rall49(A,B) :- somenot49(C,A), \+somenot49(B,C) 0.0767414403778 (2.0, 12.0, 100.0, 8.0) 0.537190082645 [ACCEPT]
[LVL9] rall49(A,B) :- somenot49(C,B), no49(A,D) 0.358126721763 (2.0, 1.0, 111.0, 8.0) 0.537190082645 [ACCEPT]
[LVL9] rall49(A,B) :- somenot49(C,B), no49(D,C) 0.358126721763 (2.0, 1.0, 111.0, 8.0) 0.537190082645 [ACCEPT]
[DEBUG] Best rule so far: rall49(A,B) :- no49(C,B), all49(A,C) [0.358126721763]
[DEBUG] Candidates for iteration 3:
[DEBUG] ==================================
[DEBUG] rall49(A,B) :- no49(C,B), all49(A,C) 0.358126721763
[DEBUG] rall49(A,B) :- no49(C,B), all49(A,D) 0.358126721763
[DEBUG] rall49(A,B) :- no49(C,B), all49(D,C) 0.358126721763
[DEBUG] rall49(A,B) :- no49(C,B), some49(A,C) 0.358126721763
[DEBUG] rall49(A,B) :- no49(C,B), some49(A,D) 0.358126721763
[DEBUG] rall49(A,B) :- no49(C,B), some49(D,C) 0.358126721763
[DEBUG] rall49(A,B) :- no49(C,B), somenot49(C,A) 0.358126721763
[DEBUG] rall49(A,B) :- no49(C,B), somenot49(C,D) 0.358126721763
[DEBUG] rall49(A,B) :- no49(C,B), somenot49(D,A) 0.358126721763
[DEBUG] rall49(A,B) :- no49(A,C), no49(B,C) 0.358126721763
[DEBUG] rall49(A,B) :- no49(A,C), no49(B,D) 0.358126721763
[DEBUG] rall49(A,B) :- no49(A,C), somenot49(C,B) 0.358126721763
[DEBUG] rall49(A,B) :- no49(A,C), somenot49(C,D) 0.358126721763
[DEBUG] rall49(A,B) :- no49(A,C), somenot49(D,B) 0.358126721763
[DEBUG] rall49(A,B) :- all49(A,C), all49(C,B) 0.358126721763
[DEBUG] rall49(A,B) :- all49(A,C), all49(C,D) 0.358126721763
[DEBUG] rall49(A,B) :- all49(A,C), all49(D,B) 0.358126721763
[DEBUG] rall49(A,B) :- all49(A,C), no49(C,D) 0.358126721763
[DEBUG] rall49(A,B) :- all49(A,C), no49(D,B) 0.358126721763
[DEBUG] rall49(A,B) :- all49(C,A), all49(C,B) 0.358126721763
[DEBUG] rall49(A,B) :- all49(C,A), all49(B,C) 0.358126721763
[DEBUG] rall49(A,B) :- all49(C,A), all49(B,D) 0.358126721763
[DEBUG] rall49(A,B) :- all49(C,A), all49(D,C) 0.358126721763
[DEBUG] rall49(A,B) :- all49(C,A), all49(D,B) 0.358126721763
[DEBUG] rall49(A,B) :- all49(C,B), all49(A,D) 0.358126721763
[DEBUG] rall49(A,B) :- all49(C,B), all49(D,A) 0.358126721763
[DEBUG] rall49(A,B) :- all49(C,B), all49(D,C) 0.358126721763
[DEBUG] rall49(A,B) :- all49(B,C), all49(C,D) 0.358126721763
[DEBUG] rall49(A,B) :- all49(B,C), all49(D,A) 0.358126721763
[DEBUG] rall49(A,B) :- some49(A,C), no49(C,D) 0.358126721763
[DEBUG] rall49(A,B) :- some49(A,C), no49(D,B) 0.358126721763
[DEBUG] rall49(A,B) :- no49(B,C), no49(A,D) 0.358126721763
[DEBUG] rall49(A,B) :- no49(C,A), somenot49(B,C) 0.358126721763
[DEBUG] rall49(A,B) :- no49(C,A), somenot49(B,D) 0.358126721763
[DEBUG] rall49(A,B) :- no49(C,A), somenot49(D,C) 0.358126721763
[DEBUG] rall49(A,B) :- somenot49(B,C), no49(C,D) 0.358126721763
[DEBUG] rall49(A,B) :- somenot49(B,C), no49(D,A) 0.358126721763
[DEBUG] rall49(A,B) :- somenot49(C,A), no49(C,D) 0.358126721763
[DEBUG] rall49(A,B) :- somenot49(C,A), no49(D,B) 0.358126721763
[DEBUG] rall49(A,B) :- somenot49(C,B), no49(A,D) 0.358126721763
[DEBUG] rall49(A,B) :- somenot49(C,B), no49(D,C) 0.358126721763
[DEBUG] rall49(A,B) :- no49(C,B), \+all49(C,A) 0.204958677686
[DEBUG] rall49(A,B) :- no49(C,B), \+some49(C,A) 0.204958677686
[DEBUG] rall49(A,B) :- no49(C,B), \+no49(A,C) 0.204958677686
[DEBUG] rall49(A,B) :- no49(C,B), \+no49(C,A) 0.204958677686
[DEBUG] rall49(A,B) :- no49(C,B), \+somenot49(A,C) 0.204958677686
[DEBUG] rall49(A,B) :- no49(A,C), \+all49(C,B) 0.159567705022
[DEBUG] rall49(A,B) :- no49(A,C), \+all49(B,C) 0.159567705022
[DEBUG] rall49(A,B) :- no49(A,C), \+some49(B,C) 0.159567705022
[DEBUG] rall49(A,B) :- no49(A,C), \+no49(C,B) 0.159567705022
[DEBUG] rall49(A,B) :- no49(A,C), \+somenot49(B,C) 0.159567705022
[DEBUG] rall49(A,B) :- all49(A,C), \+all49(B,C) 0.148170011806
[DEBUG] rall49(A,B) :- all49(A,C), \+some49(C,B) 0.148170011806
[DEBUG] rall49(A,B) :- all49(A,C), \+no49(B,C) 0.148170011806
[DEBUG] rall49(A,B) :- all49(A,C), \+somenot49(C,B) 0.148170011806
[DEBUG] rall49(A,B) :- all49(A,C), \+somenot49(B,C) 0.148170011806
[DEBUG] rall49(A,B) :- no49(C,B), \+all49(A,C) 0.138292011019
[DEBUG] rall49(A,B) :- no49(C,B), \+some49(A,C) 0.138292011019
[DEBUG] rall49(A,B) :- no49(C,B), \+somenot49(C,A) 0.138292011019
[DEBUG] rall49(A,B) :- all49(A,C), \+some49(B,C) 0.138292011019
[DEBUG] rall49(A,B) :- all49(C,A), \+some49(C,B) 0.138292011019
[DEBUG] rall49(A,B) :- all49(C,A), \+some49(B,C) 0.138292011019
[DEBUG] rall49(A,B) :- all49(C,A), \+no49(C,B) 0.138292011019
[DEBUG] rall49(A,B) :- all49(C,A), \+no49(B,C) 0.138292011019
[DEBUG] rall49(A,B) :- all49(C,A), \+somenot49(C,B) 0.138292011019
[DEBUG] rall49(A,B) :- all49(C,A), \+somenot49(B,C) 0.138292011019
[DEBUG] rall49(A,B) :- all49(C,B), \+some49(A,C) 0.138292011019
[DEBUG] rall49(A,B) :- all49(C,B), \+some49(C,A) 0.138292011019
[DEBUG] rall49(A,B) :- all49(C,B), \+no49(A,C) 0.138292011019
[DEBUG] rall49(A,B) :- all49(C,B), \+no49(C,A) 0.138292011019
[DEBUG] rall49(A,B) :- all49(C,B), \+somenot49(A,C) 0.138292011019
[DEBUG] rall49(A,B) :- all49(C,B), \+somenot49(C,A) 0.138292011019
[DEBUG] rall49(A,B) :- no49(A,C), \+no49(B,C) 0.0826446280992
[DEBUG] rall49(A,B) :- no49(A,C), \+somenot49(C,B) 0.0826446280992
[DEBUG] rall49(A,B) :- some49(A,C), \+all49(C,B) 0.0826446280992
[DEBUG] rall49(A,B) :- some49(A,C), \+some49(C,B) 0.0826446280992
[DEBUG] rall49(A,B) :- some49(A,C), \+some49(B,C) 0.0826446280992
[DEBUG] rall49(A,B) :- some49(A,C), \+no49(B,C) 0.0826446280992
[DEBUG] rall49(A,B) :- some49(A,C), \+somenot49(B,C) 0.0826446280992
[DEBUG] rall49(A,B) :- all49(A,C), \+all49(C,B) 0.0767414403778
[DEBUG] rall49(A,B) :- all49(A,C), \+no49(C,B) 0.0767414403778
[DEBUG] rall49(A,B) :- all49(B,C), \+all49(A,C) 0.0767414403778
[DEBUG] rall49(A,B) :- all49(B,C), \+some49(C,A) 0.0767414403778
[DEBUG] rall49(A,B) :- all49(B,C), \+no49(A,C) 0.0767414403778
[DEBUG] rall49(A,B) :- all49(B,C), \+no49(C,A) 0.0767414403778
[DEBUG] rall49(A,B) :- all49(B,C), \+somenot49(A,C) 0.0767414403778
[DEBUG] rall49(A,B) :- all49(B,C), \+somenot49(C,A) 0.0767414403778
[DEBUG] rall49(A,B) :- some49(A,C), \+all49(B,C) 0.0767414403778
[DEBUG] rall49(A,B) :- some49(A,C), \+somenot49(C,B) 0.0767414403778
[DEBUG] rall49(A,B) :- no49(B,C), \+all49(A,C) 0.0767414403778
[DEBUG] rall49(A,B) :- no49(B,C), \+all49(C,A) 0.0767414403778
[DEBUG] rall49(A,B) :- no49(B,C), \+some49(A,C) 0.0767414403778
[DEBUG] rall49(A,B) :- no49(B,C), \+no49(C,A) 0.0767414403778
[DEBUG] rall49(A,B) :- no49(B,C), \+somenot49(A,C) 0.0767414403778
[DEBUG] rall49(A,B) :- no49(B,C), \+somenot49(C,A) 0.0767414403778
[DEBUG] rall49(A,B) :- somenot49(C,A), \+all49(C,B) 0.0767414403778
[DEBUG] rall49(A,B) :- somenot49(C,A), \+all49(B,C) 0.0767414403778
[DEBUG] rall49(A,B) :- somenot49(C,A), \+some49(C,B) 0.0767414403778
[DEBUG] rall49(A,B) :- somenot49(C,A), \+no49(B,C) 0.0767414403778
[DEBUG] rall49(A,B) :- somenot49(C,A), \+somenot49(C,B) 0.0767414403778
[DEBUG] ==================================
[INFO] RULE LEARNED: rall49(A,B) :- no49(C,B), all49(A,C) 0.926229508197
