[LVL9] Output level: 9
[INFO] Random seed: 0.695320084112
[INFO] Computing scores: 0.0488s
[INFO] Number of examples (M): 124
[INFO] Positive weight (P): 5.0000
[INFO] Negative weight (N): 119.0000
[DEBUG] Best rule so far: rno111(A,B) :- true [0.0403225806452]
[DEBUG] Candidates for iteration 1:
[DEBUG] ==================================
[DEBUG] rno111(A,B) :- true 0.0403225806452
[DEBUG] ==================================
[LVL9] rno111(A,B) :- all111(A,C) 0.0650201612903 (1.0, 14.0, 105.0, 4.0) 0.520161290323 [ACCEPT]
[LVL9] BETTER RULE rno111(A,B) :- all111(A,C) (0.06502016129032258, 1.0) > (0.04032258064516129, 5.0)
[LVL9] rno111(A,B) :- all111(B,C) 0.19002016129 (3.0, 12.0, 107.0, 2.0) 0.760080645161 [ACCEPT]
[LVL9] BETTER RULE rno111(A,B) :- all111(B,C) (0.1900201612903226, 3.0) > (0.06502016129032258, 1.0)
[LVL9] rno111(A,B) :- all111(C,A) 0.12752016129 (2.0, 13.0, 106.0, 3.0) 0.680107526882 [ACCEPT]
[LVL9] rno111(A,B) :- all111(C,B) 0.0650201612903 (1.0, 14.0, 105.0, 4.0) 0.520161290323 [ACCEPT]
[LVL9] rno111(A,B) :- no111(A,C) 0.0650201612903 (1.0, 14.0, 105.0, 4.0) 0.520161290323 [ACCEPT]
[LVL9] rno111(A,B) :- no111(C,A) 0.0611954459203 (1.0, 15.0, 104.0, 4.0) 0.520161290323 [ACCEPT]
[LVL9] rno111(A,B) :- no111(C,B) 0.0611954459203 (1.0, 15.0, 104.0, 4.0) 0.520161290323 [ACCEPT]
[DEBUG] Best rule so far: rno111(A,B) :- all111(B,C) [0.19002016129]
[DEBUG] Candidates for iteration 2:
[DEBUG] ==================================
[DEBUG] rno111(A,B) :- all111(B,C) 0.19002016129
[DEBUG] rno111(A,B) :- all111(C,A) 0.12752016129
[DEBUG] rno111(A,B) :- all111(A,C) 0.0650201612903
[DEBUG] rno111(A,B) :- all111(C,B) 0.0650201612903
[DEBUG] rno111(A,B) :- no111(A,C) 0.0650201612903
[DEBUG] rno111(A,B) :- no111(C,A) 0.0611954459203
[DEBUG] rno111(A,B) :- no111(C,B) 0.0611954459203
[DEBUG] ==================================
[LVL9] rno111(A,B) :- all111(B,C), all111(C,A) 0.346774193548 (1.0, 1.0, 118.0, 4.0) 0.520161290323 [ACCEPT]
[LVL9] BETTER RULE rno111(A,B) :- all111(B,C), all111(C,A) (0.34677419354838707, 1.0) > (0.1900201612903226, 3.0)
[LVL9] rno111(A,B) :- all111(B,C), all111(C,D) 0.346774193548 (1.0, 1.0, 118.0, 4.0) 0.520161290323 [ACCEPT]
[LVL9] rno111(A,B) :- all111(B,C), all111(D,A) 0.346774193548 (1.0, 1.0, 118.0, 4.0) 0.520161290323 [ACCEPT]
[LVL9] rno111(A,B) :- all111(B,C), no111(A,C) 0.520161290323 (1.0, 0.0, 119.0, 4.0) 0.520161290323 [REJECT* fp] 0.0
[LVL9] BETTER RULE rno111(A,B) :- all111(B,C), no111(A,C) (0.5201612903225806, 1.0) > (0.34677419354838707, 1.0)
[LVL9] rno111(A,B) :- all111(B,C), \+all111(A,C) 0.217165898618 (3.0, 10.0, 109.0, 2.0) 0.760080645161 [ACCEPT]
[LVL9] rno111(A,B) :- all111(B,C), \+all111(C,A) 0.145737327189 (2.0, 11.0, 108.0, 3.0) 0.680107526882 [ACCEPT]
[LVL9] rno111(A,B) :- all111(B,C), \+some111(A,C) 0.217165898618 (3.0, 10.0, 109.0, 2.0) 0.760080645161 [ACCEPT]
[LVL9] rno111(A,B) :- all111(B,C), \+some111(C,A) 0.217165898618 (3.0, 10.0, 109.0, 2.0) 0.760080645161 [ACCEPT]
[LVL9] rno111(A,B) :- all111(B,C), \+no111(C,A) 0.145737327189 (2.0, 11.0, 108.0, 3.0) 0.680107526882 [ACCEPT]
[LVL9] rno111(A,B) :- all111(B,C), \+somenot111(A,C) 0.217165898618 (3.0, 10.0, 109.0, 2.0) 0.760080645161 [ACCEPT]
[LVL9] rno111(A,B) :- all111(B,C), \+somenot111(C,A) 0.217165898618 (3.0, 10.0, 109.0, 2.0) 0.760080645161 [ACCEPT]
[LVL9] rno111(A,B) :- all111(C,A), \+some111(C,B) 0.136021505376 (2.0, 12.0, 107.0, 3.0) 0.680107526882 [ACCEPT]
[LVL9] rno111(A,B) :- all111(C,A), \+some111(B,C) 0.145737327189 (2.0, 11.0, 108.0, 3.0) 0.680107526882 [ACCEPT]
[LVL9] rno111(A,B) :- all111(C,A), \+no111(C,B) 0.145737327189 (2.0, 11.0, 108.0, 3.0) 0.680107526882 [ACCEPT]
[LVL9] rno111(A,B) :- all111(C,A), \+no111(B,C) 0.145737327189 (2.0, 11.0, 108.0, 3.0) 0.680107526882 [ACCEPT]
[LVL9] rno111(A,B) :- all111(C,A), \+somenot111(C,B) 0.145737327189 (2.0, 11.0, 108.0, 3.0) 0.680107526882 [ACCEPT]
[LVL9] rno111(A,B) :- all111(C,A), \+somenot111(B,C) 0.145737327189 (2.0, 11.0, 108.0, 3.0) 0.680107526882 [ACCEPT]
[DEBUG] Best rule so far: rno111(A,B) :- all111(B,C), no111(A,C) [0.520161290323]
[DEBUG] Candidates for iteration 3:
[DEBUG] ==================================
[DEBUG] rno111(A,B) :- all111(B,C), all111(C,A) 0.346774193548
[DEBUG] rno111(A,B) :- all111(B,C), all111(C,D) 0.346774193548
[DEBUG] rno111(A,B) :- all111(B,C), all111(D,A) 0.346774193548
[DEBUG] rno111(A,B) :- all111(B,C), \+all111(A,C) 0.217165898618
[DEBUG] rno111(A,B) :- all111(B,C), \+some111(A,C) 0.217165898618
[DEBUG] rno111(A,B) :- all111(B,C), \+some111(C,A) 0.217165898618
[DEBUG] rno111(A,B) :- all111(B,C), \+somenot111(A,C) 0.217165898618
[DEBUG] rno111(A,B) :- all111(B,C), \+somenot111(C,A) 0.217165898618
[DEBUG] rno111(A,B) :- all111(B,C), \+all111(C,A) 0.145737327189
[DEBUG] rno111(A,B) :- all111(B,C), \+no111(C,A) 0.145737327189
[DEBUG] rno111(A,B) :- all111(C,A), \+some111(B,C) 0.145737327189
[DEBUG] rno111(A,B) :- all111(C,A), \+no111(C,B) 0.145737327189
[DEBUG] rno111(A,B) :- all111(C,A), \+no111(B,C) 0.145737327189
[DEBUG] rno111(A,B) :- all111(C,A), \+somenot111(C,B) 0.145737327189
[DEBUG] rno111(A,B) :- all111(C,A), \+somenot111(B,C) 0.145737327189
[DEBUG] rno111(A,B) :- all111(C,A), \+some111(C,B) 0.136021505376
[DEBUG] ==================================
[INFO] RULE LEARNED: rno111(A,B) :- all111(B,C), no111(A,C) 0.967741935484
[DEBUG] Best rule so far: rno111(A,B) :- true [0.0]
[DEBUG] Candidates for iteration 1:
[DEBUG] ==================================
[DEBUG] rno111(A,B) :- true 0.0
[DEBUG] ==================================
[LVL9] rno111(A,B) :- all111(A,C) 0.0645325203252 (2.0, 14.0, 105.0, 3.0) 0.516260162602 [ACCEPT]
[LVL9] BETTER RULE rno111(A,B) :- all111(A,C) (0.06453252032520325, 2.0) > (0.0, 5.0)
[LVL9] rno111(A,B) :- all111(B,C) 0.135501355014 (3.0, 12.0, 107.0, 2.0) 0.677506775068 [ACCEPT]
[LVL9] BETTER RULE rno111(A,B) :- all111(B,C) (0.13550135501355015, 3.0) > (0.06453252032520325, 2.0)
[LVL9] rno111(A,B) :- all111(C,A) 0.127032520325 (3.0, 13.0, 106.0, 2.0) 0.677506775068 [ACCEPT]
[LVL9] rno111(A,B) :- all111(C,B) 0.0645325203252 (2.0, 14.0, 105.0, 3.0) 0.516260162602 [ACCEPT]
[LVL9] rno111(A,B) :- no111(C,A) 0.0607364897178 (2.0, 15.0, 104.0, 3.0) 0.516260162602 [ACCEPT]
[LVL9] rno111(A,B) :- no111(C,B) 0.0607364897178 (2.0, 15.0, 104.0, 3.0) 0.516260162602 [ACCEPT]
[DEBUG] Best rule so far: rno111(A,B) :- all111(B,C) [0.135501355014]
[DEBUG] Candidates for iteration 2:
[DEBUG] ==================================
[DEBUG] rno111(A,B) :- all111(B,C) 0.135501355014
[DEBUG] rno111(A,B) :- all111(C,A) 0.127032520325
[DEBUG] rno111(A,B) :- all111(A,C) 0.0645325203252
[DEBUG] rno111(A,B) :- all111(C,B) 0.0645325203252
[DEBUG] rno111(A,B) :- no111(C,A) 0.0607364897178
[DEBUG] rno111(A,B) :- no111(C,B) 0.0607364897178
[DEBUG] ==================================
[LVL9] rno111(A,B) :- all111(B,C), all111(C,A) 0.344173441734 (2.0, 1.0, 118.0, 3.0) 0.516260162602 [ACCEPT]
[LVL9] BETTER RULE rno111(A,B) :- all111(B,C), all111(C,A) (0.34417344173441733, 2.0) > (0.13550135501355015, 3.0)
[LVL9] rno111(A,B) :- all111(B,C), all111(C,D) 0.344173441734 (2.0, 1.0, 118.0, 3.0) 0.516260162602 [ACCEPT]
[LVL9] rno111(A,B) :- all111(B,C), all111(D,A) 0.344173441734 (2.0, 1.0, 118.0, 3.0) 0.516260162602 [ACCEPT]
[LVL9] rno111(A,B) :- all111(B,C), no111(C,A) 0.344173441734 (2.0, 1.0, 118.0, 3.0) 0.516260162602 [ACCEPT]
[LVL9] rno111(A,B) :- all111(B,C), no111(C,D) 0.344173441734 (2.0, 1.0, 118.0, 3.0) 0.516260162602 [ACCEPT]
[LVL9] rno111(A,B) :- all111(B,C), no111(D,A) 0.344173441734 (2.0, 1.0, 118.0, 3.0) 0.516260162602 [ACCEPT]
[LVL9] rno111(A,B) :- all111(B,C), \+all111(A,C) 0.156347717323 (3.0, 10.0, 109.0, 2.0) 0.677506775068 [ACCEPT]
[LVL9] rno111(A,B) :- all111(B,C), \+all111(C,A) 0.0794246404003 (2.0, 11.0, 108.0, 3.0) 0.516260162602 [ACCEPT]
[LVL9] rno111(A,B) :- all111(B,C), \+some111(A,C) 0.156347717323 (3.0, 10.0, 109.0, 2.0) 0.677506775068 [ACCEPT]
[LVL9] rno111(A,B) :- all111(B,C), \+some111(C,A) 0.156347717323 (3.0, 10.0, 109.0, 2.0) 0.677506775068 [ACCEPT]
[LVL9] rno111(A,B) :- all111(B,C), \+no111(C,A) 0.0794246404003 (2.0, 11.0, 108.0, 3.0) 0.516260162602 [ACCEPT]
[LVL9] rno111(A,B) :- all111(B,C), \+somenot111(A,C) 0.156347717323 (3.0, 10.0, 109.0, 2.0) 0.677506775068 [ACCEPT]
[LVL9] rno111(A,B) :- all111(B,C), \+somenot111(C,A) 0.156347717323 (3.0, 10.0, 109.0, 2.0) 0.677506775068 [ACCEPT]
[LVL9] rno111(A,B) :- all111(C,A), all111(C,B) 0.344173441734 (2.0, 1.0, 118.0, 3.0) 0.516260162602 [ACCEPT]
[LVL9] rno111(A,B) :- all111(C,A), all111(B,D) 0.344173441734 (2.0, 1.0, 118.0, 3.0) 0.516260162602 [ACCEPT]
[LVL9] rno111(A,B) :- all111(C,A), all111(D,C) 0.344173441734 (2.0, 1.0, 118.0, 3.0) 0.516260162602 [ACCEPT]
[LVL9] rno111(A,B) :- all111(C,A), all111(D,B) 0.344173441734 (2.0, 1.0, 118.0, 3.0) 0.516260162602 [ACCEPT]
[LVL9] rno111(A,B) :- all111(C,A), \+all111(C,B) 0.0737514518002 (2.0, 12.0, 107.0, 3.0) 0.516260162602 [ACCEPT]
[LVL9] rno111(A,B) :- all111(C,A), \+all111(B,C) 0.0737514518002 (2.0, 12.0, 107.0, 3.0) 0.516260162602 [ACCEPT]
[LVL9] rno111(A,B) :- all111(C,A), \+some111(C,B) 0.135501355014 (3.0, 12.0, 107.0, 2.0) 0.677506775068 [ACCEPT]
[LVL9] rno111(A,B) :- all111(C,A), \+some111(B,C) 0.145180023229 (3.0, 11.0, 108.0, 2.0) 0.677506775068 [ACCEPT]
[LVL9] rno111(A,B) :- all111(C,A), \+no111(C,B) 0.145180023229 (3.0, 11.0, 108.0, 2.0) 0.677506775068 [ACCEPT]
[LVL9] rno111(A,B) :- all111(C,A), \+no111(B,C) 0.145180023229 (3.0, 11.0, 108.0, 2.0) 0.677506775068 [ACCEPT]
[LVL9] rno111(A,B) :- all111(C,A), \+somenot111(C,B) 0.145180023229 (3.0, 11.0, 108.0, 2.0) 0.677506775068 [ACCEPT]
[LVL9] rno111(A,B) :- all111(C,A), \+somenot111(B,C) 0.145180023229 (3.0, 11.0, 108.0, 2.0) 0.677506775068 [ACCEPT]
[LVL9] rno111(A,B) :- all111(A,C), no111(C,B) 0.344173441734 (2.0, 1.0, 118.0, 3.0) 0.516260162602 [ACCEPT]
[LVL9] rno111(A,B) :- all111(A,C), no111(C,D) 0.344173441734 (2.0, 1.0, 118.0, 3.0) 0.516260162602 [ACCEPT]
[LVL9] rno111(A,B) :- all111(A,C), no111(D,B) 0.344173441734 (2.0, 1.0, 118.0, 3.0) 0.516260162602 [ACCEPT]
[LVL9] rno111(A,B) :- all111(A,C), \+all111(C,B) 0.0737514518002 (2.0, 12.0, 107.0, 3.0) 0.516260162602 [ACCEPT]
[LVL9] rno111(A,B) :- all111(A,C), \+all111(B,C) 0.0737514518002 (2.0, 12.0, 107.0, 3.0) 0.516260162602 [ACCEPT]
[LVL9] rno111(A,B) :- all111(A,C), \+some111(C,B) 0.0737514518002 (2.0, 12.0, 107.0, 3.0) 0.516260162602 [ACCEPT]
[LVL9] rno111(A,B) :- all111(A,C), \+some111(B,C) 0.0737514518002 (2.0, 12.0, 107.0, 3.0) 0.516260162602 [ACCEPT]
[LVL9] rno111(A,B) :- all111(A,C), \+no111(B,C) 0.0688346883469 (2.0, 13.0, 106.0, 3.0) 0.516260162602 [ACCEPT]
[LVL9] rno111(A,B) :- all111(A,C), \+somenot111(C,B) 0.0737514518002 (2.0, 12.0, 107.0, 3.0) 0.516260162602 [ACCEPT]
[LVL9] rno111(A,B) :- all111(A,C), \+somenot111(B,C) 0.0737514518002 (2.0, 12.0, 107.0, 3.0) 0.516260162602 [ACCEPT]
[LVL9] rno111(A,B) :- all111(C,B), all111(D,A) 0.344173441734 (2.0, 1.0, 118.0, 3.0) 0.516260162602 [ACCEPT]
[LVL9] rno111(A,B) :- all111(C,B), \+all111(A,C) 0.0737514518002 (2.0, 12.0, 107.0, 3.0) 0.516260162602 [ACCEPT]
[LVL9] rno111(A,B) :- all111(C,B), \+some111(A,C) 0.0737514518002 (2.0, 12.0, 107.0, 3.0) 0.516260162602 [ACCEPT]
[LVL9] rno111(A,B) :- all111(C,B), \+some111(C,A) 0.0688346883469 (2.0, 13.0, 106.0, 3.0) 0.516260162602 [ACCEPT]
[LVL9] rno111(A,B) :- all111(C,B), \+no111(A,C) 0.0737514518002 (2.0, 12.0, 107.0, 3.0) 0.516260162602 [ACCEPT]
[LVL9] rno111(A,B) :- all111(C,B), \+no111(C,A) 0.0737514518002 (2.0, 12.0, 107.0, 3.0) 0.516260162602 [ACCEPT]
[LVL9] rno111(A,B) :- all111(C,B), \+somenot111(A,C) 0.0737514518002 (2.0, 12.0, 107.0, 3.0) 0.516260162602 [ACCEPT]
[LVL9] rno111(A,B) :- all111(C,B), \+somenot111(C,A) 0.0737514518002 (2.0, 12.0, 107.0, 3.0) 0.516260162602 [ACCEPT]
[LVL9] rno111(A,B) :- no111(C,A), all111(B,D) 0.344173441734 (2.0, 1.0, 118.0, 3.0) 0.516260162602 [ACCEPT]
[LVL9] rno111(A,B) :- no111(C,A), all111(D,C) 0.344173441734 (2.0, 1.0, 118.0, 3.0) 0.516260162602 [ACCEPT]
[LVL9] rno111(A,B) :- no111(C,A), \+all111(C,B) 0.0688346883469 (2.0, 13.0, 106.0, 3.0) 0.516260162602 [ACCEPT]
[LVL9] rno111(A,B) :- no111(C,A), \+some111(C,B) 0.0688346883469 (2.0, 13.0, 106.0, 3.0) 0.516260162602 [ACCEPT]
[LVL9] rno111(A,B) :- no111(C,A), \+some111(B,C) 0.0688346883469 (2.0, 13.0, 106.0, 3.0) 0.516260162602 [ACCEPT]
[LVL9] rno111(A,B) :- no111(C,A), \+no111(C,B) 0.0688346883469 (2.0, 13.0, 106.0, 3.0) 0.516260162602 [ACCEPT]
[LVL9] rno111(A,B) :- no111(C,A), \+no111(B,C) 0.0688346883469 (2.0, 13.0, 106.0, 3.0) 0.516260162602 [ACCEPT]
[LVL9] rno111(A,B) :- no111(C,A), \+somenot111(C,B) 0.0688346883469 (2.0, 13.0, 106.0, 3.0) 0.516260162602 [ACCEPT]
[LVL9] rno111(A,B) :- no111(C,A), \+somenot111(B,C) 0.0688346883469 (2.0, 13.0, 106.0, 3.0) 0.516260162602 [ACCEPT]
[LVL9] rno111(A,B) :- no111(C,B), all111(A,D) 0.344173441734 (2.0, 1.0, 118.0, 3.0) 0.516260162602 [ACCEPT]
[LVL9] rno111(A,B) :- no111(C,B), all111(D,C) 0.344173441734 (2.0, 1.0, 118.0, 3.0) 0.516260162602 [ACCEPT]
[LVL9] rno111(A,B) :- no111(C,B), \+all111(C,A) 0.0688346883469 (2.0, 13.0, 106.0, 3.0) 0.516260162602 [ACCEPT]
[LVL9] rno111(A,B) :- no111(C,B), \+some111(A,C) 0.0688346883469 (2.0, 13.0, 106.0, 3.0) 0.516260162602 [ACCEPT]
[LVL9] rno111(A,B) :- no111(C,B), \+some111(C,A) 0.0688346883469 (2.0, 13.0, 106.0, 3.0) 0.516260162602 [ACCEPT]
[LVL9] rno111(A,B) :- no111(C,B), \+no111(A,C) 0.0688346883469 (2.0, 13.0, 106.0, 3.0) 0.516260162602 [ACCEPT]
[LVL9] rno111(A,B) :- no111(C,B), \+no111(C,A) 0.0688346883469 (2.0, 13.0, 106.0, 3.0) 0.516260162602 [ACCEPT]
[LVL9] rno111(A,B) :- no111(C,B), \+somenot111(A,C) 0.0688346883469 (2.0, 13.0, 106.0, 3.0) 0.516260162602 [ACCEPT]
[LVL9] rno111(A,B) :- no111(C,B), \+somenot111(C,A) 0.0688346883469 (2.0, 13.0, 106.0, 3.0) 0.516260162602 [ACCEPT]
[DEBUG] Best rule so far: rno111(A,B) :- all111(B,C), all111(C,A) [0.344173441734]
[DEBUG] Candidates for iteration 3:
[DEBUG] ==================================
[DEBUG] rno111(A,B) :- all111(B,C), all111(C,A) 0.344173441734
[DEBUG] rno111(A,B) :- all111(B,C), all111(C,D) 0.344173441734
[DEBUG] rno111(A,B) :- all111(B,C), all111(D,A) 0.344173441734
[DEBUG] rno111(A,B) :- all111(B,C), no111(C,A) 0.344173441734
[DEBUG] rno111(A,B) :- all111(B,C), no111(C,D) 0.344173441734
[DEBUG] rno111(A,B) :- all111(B,C), no111(D,A) 0.344173441734
[DEBUG] rno111(A,B) :- all111(C,A), all111(C,B) 0.344173441734
[DEBUG] rno111(A,B) :- all111(C,A), all111(B,D) 0.344173441734
[DEBUG] rno111(A,B) :- all111(C,A), all111(D,C) 0.344173441734
[DEBUG] rno111(A,B) :- all111(C,A), all111(D,B) 0.344173441734
[DEBUG] rno111(A,B) :- all111(A,C), no111(C,B) 0.344173441734
[DEBUG] rno111(A,B) :- all111(A,C), no111(C,D) 0.344173441734
[DEBUG] rno111(A,B) :- all111(A,C), no111(D,B) 0.344173441734
[DEBUG] rno111(A,B) :- all111(C,B), all111(D,A) 0.344173441734
[DEBUG] rno111(A,B) :- no111(C,A), all111(B,D) 0.344173441734
[DEBUG] rno111(A,B) :- no111(C,A), all111(D,C) 0.344173441734
[DEBUG] rno111(A,B) :- no111(C,B), all111(A,D) 0.344173441734
[DEBUG] rno111(A,B) :- no111(C,B), all111(D,C) 0.344173441734
[DEBUG] rno111(A,B) :- all111(B,C), \+all111(A,C) 0.156347717323
[DEBUG] rno111(A,B) :- all111(B,C), \+some111(A,C) 0.156347717323
[DEBUG] rno111(A,B) :- all111(B,C), \+some111(C,A) 0.156347717323
[DEBUG] rno111(A,B) :- all111(B,C), \+somenot111(A,C) 0.156347717323
[DEBUG] rno111(A,B) :- all111(B,C), \+somenot111(C,A) 0.156347717323
[DEBUG] rno111(A,B) :- all111(C,A), \+some111(B,C) 0.145180023229
[DEBUG] rno111(A,B) :- all111(C,A), \+no111(C,B) 0.145180023229
[DEBUG] rno111(A,B) :- all111(C,A), \+no111(B,C) 0.145180023229
[DEBUG] rno111(A,B) :- all111(C,A), \+somenot111(C,B) 0.145180023229
[DEBUG] rno111(A,B) :- all111(C,A), \+somenot111(B,C) 0.145180023229
[DEBUG] rno111(A,B) :- all111(C,A), \+some111(C,B) 0.135501355014
[DEBUG] rno111(A,B) :- all111(B,C), \+all111(C,A) 0.0794246404003
[DEBUG] rno111(A,B) :- all111(B,C), \+no111(C,A) 0.0794246404003
[DEBUG] rno111(A,B) :- all111(C,A), \+all111(C,B) 0.0737514518002
[DEBUG] rno111(A,B) :- all111(C,A), \+all111(B,C) 0.0737514518002
[DEBUG] rno111(A,B) :- all111(A,C), \+all111(C,B) 0.0737514518002
[DEBUG] rno111(A,B) :- all111(A,C), \+all111(B,C) 0.0737514518002
[DEBUG] rno111(A,B) :- all111(A,C), \+some111(C,B) 0.0737514518002
[DEBUG] rno111(A,B) :- all111(A,C), \+some111(B,C) 0.0737514518002
[DEBUG] rno111(A,B) :- all111(A,C), \+somenot111(C,B) 0.0737514518002
[DEBUG] rno111(A,B) :- all111(A,C), \+somenot111(B,C) 0.0737514518002
[DEBUG] rno111(A,B) :- all111(C,B), \+all111(A,C) 0.0737514518002
[DEBUG] rno111(A,B) :- all111(C,B), \+some111(A,C) 0.0737514518002
[DEBUG] rno111(A,B) :- all111(C,B), \+no111(A,C) 0.0737514518002
[DEBUG] rno111(A,B) :- all111(C,B), \+no111(C,A) 0.0737514518002
[DEBUG] rno111(A,B) :- all111(C,B), \+somenot111(A,C) 0.0737514518002
[DEBUG] rno111(A,B) :- all111(C,B), \+somenot111(C,A) 0.0737514518002
[DEBUG] rno111(A,B) :- all111(A,C), \+no111(B,C) 0.0688346883469
[DEBUG] rno111(A,B) :- all111(C,B), \+some111(C,A) 0.0688346883469
[DEBUG] rno111(A,B) :- no111(C,A), \+all111(C,B) 0.0688346883469
[DEBUG] rno111(A,B) :- no111(C,A), \+some111(C,B) 0.0688346883469
[DEBUG] rno111(A,B) :- no111(C,A), \+some111(B,C) 0.0688346883469
[DEBUG] rno111(A,B) :- no111(C,A), \+no111(C,B) 0.0688346883469
[DEBUG] rno111(A,B) :- no111(C,A), \+no111(B,C) 0.0688346883469
[DEBUG] rno111(A,B) :- no111(C,A), \+somenot111(C,B) 0.0688346883469
[DEBUG] rno111(A,B) :- no111(C,A), \+somenot111(B,C) 0.0688346883469
[DEBUG] rno111(A,B) :- no111(C,B), \+all111(C,A) 0.0688346883469
[DEBUG] rno111(A,B) :- no111(C,B), \+some111(A,C) 0.0688346883469
[DEBUG] rno111(A,B) :- no111(C,B), \+some111(C,A) 0.0688346883469
[DEBUG] rno111(A,B) :- no111(C,B), \+no111(A,C) 0.0688346883469
[DEBUG] rno111(A,B) :- no111(C,B), \+no111(C,A) 0.0688346883469
[DEBUG] rno111(A,B) :- no111(C,B), \+somenot111(A,C) 0.0688346883469
[DEBUG] rno111(A,B) :- no111(C,B), \+somenot111(C,A) 0.0688346883469
[DEBUG] ==================================
[INFO] RULE LEARNED: rno111(A,B) :- all111(B,C), all111(C,A) 0.967741935484
