[LVL9] Output level: 9
[INFO] Random seed: 0.949649969284
[INFO] Computing scores: 0.0184s
[INFO] Number of examples (M): 54
[INFO] Positive weight (P): 15.0000
[INFO] Negative weight (N): 39.0000
[DEBUG] Best rule so far: rnvc113(A,B) :- true [0.277777777778]
[DEBUG] Candidates for iteration 1:
[DEBUG] ==================================
[DEBUG] rnvc113(A,B) :- true 0.277777777778
[DEBUG] ==================================
[LVL9] rnvc113(A,B) :- all113(A,C) 0.0 (1.0, 7.0, 32.0, 14.0) 0.638888888889 [ACCEPT]
[LVL9] rnvc113(A,B) :- all113(B,C) 0.0 (1.0, 6.0, 33.0, 14.0) 0.638888888889 [ACCEPT]
[LVL9] rnvc113(A,B) :- all113(C,B) 0.0 (1.0, 6.0, 33.0, 14.0) 0.638888888889 [ACCEPT]
[LVL9] rnvc113(A,B) :- some113(A,C) 0.0 (1.0, 6.0, 33.0, 14.0) 0.638888888889 [ACCEPT]
[LVL9] rnvc113(A,B) :- some113(C,A) 0.0 (1.0, 7.0, 32.0, 14.0) 0.638888888889 [ACCEPT]
[LVL9] rnvc113(A,B) :- some113(C,B) 0.0 (1.0, 6.0, 33.0, 14.0) 0.638888888889 [ACCEPT]
[LVL9] rnvc113(A,B) :- no113(A,C) 0.611111111111 (4.0, 2.0, 37.0, 11.0) 0.855555555556 [ACCEPT]
[LVL9] BETTER RULE rnvc113(A,B) :- no113(A,C) (0.611111111111111, 4.0) > (0.2777777777777778, 15.0)
[LVL9] rnvc113(A,B) :- no113(B,C) 0.409722222222 (3.0, 4.0, 35.0, 12.0) 0.819444444444 [ACCEPT]
[LVL9] rnvc113(A,B) :- no113(C,A) 0.611111111111 (4.0, 2.0, 37.0, 11.0) 0.855555555556 [ACCEPT]
[LVL9] rnvc113(A,B) :- no113(C,B) 0.409722222222 (3.0, 4.0, 35.0, 12.0) 0.819444444444 [ACCEPT]
[LVL9] rnvc113(A,B) :- somenot113(A,C) 0.409722222222 (3.0, 4.0, 35.0, 12.0) 0.819444444444 [ACCEPT]
[LVL9] rnvc113(A,B) :- somenot113(B,C) 0.37962962963 (2.0, 3.0, 36.0, 13.0) 0.759259259259 [ACCEPT]
[LVL9] rnvc113(A,B) :- somenot113(C,A) 0.0 (1.0, 5.0, 34.0, 14.0) 0.638888888889 [ACCEPT]
[LVL9] rnvc113(A,B) :- somenot113(C,B) 0.611111111111 (4.0, 2.0, 37.0, 11.0) 0.855555555556 [ACCEPT]
[DEBUG] Best rule so far: rnvc113(A,B) :- no113(A,C) [0.611111111111]
[DEBUG] Candidates for iteration 2:
[DEBUG] ==================================
[DEBUG] rnvc113(A,B) :- no113(A,C) 0.611111111111
[DEBUG] rnvc113(A,B) :- no113(C,A) 0.611111111111
[DEBUG] rnvc113(A,B) :- somenot113(C,B) 0.611111111111
[DEBUG] rnvc113(A,B) :- no113(B,C) 0.409722222222
[DEBUG] rnvc113(A,B) :- no113(C,B) 0.409722222222
[DEBUG] rnvc113(A,B) :- somenot113(A,C) 0.409722222222
[DEBUG] rnvc113(A,B) :- somenot113(B,C) 0.37962962963
[DEBUG] rnvc113(A,B) :- all113(A,C) 0.0
[DEBUG] rnvc113(A,B) :- all113(B,C) 0.0
[DEBUG] rnvc113(A,B) :- all113(C,B) 0.0
[DEBUG] rnvc113(A,B) :- some113(A,C) 0.0
[DEBUG] rnvc113(A,B) :- some113(C,A) 0.0
[DEBUG] rnvc113(A,B) :- some113(C,B) 0.0
[DEBUG] rnvc113(A,B) :- somenot113(C,A) 0.0
[DEBUG] ==================================
[LVL9] rnvc113(A,B) :- no113(A,C), all113(C,B) 0.638888888889 (1.0, 0.0, 39.0, 14.0) 0.638888888889 [REJECT* fp] 0.0
[LVL9] BETTER RULE rnvc113(A,B) :- no113(A,C), all113(C,B) (0.6388888888888888, 1.0) > (0.611111111111111, 4.0)
[LVL9] rnvc113(A,B) :- no113(A,C), \+some113(C,B) 0.712962962963 (4.0, 1.0, 38.0, 11.0) 0.855555555556 [ACCEPT]
[LVL9] BETTER RULE rnvc113(A,B) :- no113(A,C), \+some113(C,B) (0.7129629629629629, 4.0) > (0.6388888888888888, 1.0)
[LVL9] rnvc113(A,B) :- no113(A,C), \+some113(B,C) 0.712962962963 (4.0, 1.0, 38.0, 11.0) 0.855555555556 [ACCEPT]
[LVL9] rnvc113(A,B) :- no113(C,A), \+all113(B,C) 0.712962962963 (4.0, 1.0, 38.0, 11.0) 0.855555555556 [ACCEPT]
[LVL9] rnvc113(A,B) :- no113(C,A), \+some113(B,C) 0.712962962963 (4.0, 1.0, 38.0, 11.0) 0.855555555556 [ACCEPT]
[LVL9] rnvc113(A,B) :- somenot113(C,B), \+all113(A,C) 0.712962962963 (4.0, 1.0, 38.0, 11.0) 0.855555555556 [ACCEPT]
[LVL9] rnvc113(A,B) :- somenot113(C,B), \+some113(A,C) 0.712962962963 (4.0, 1.0, 38.0, 11.0) 0.855555555556 [ACCEPT]
[LVL9] rnvc113(A,B) :- no113(B,C), \+all113(A,C) 0.468253968254 (3.0, 3.0, 36.0, 12.0) 0.819444444444 [ACCEPT]
[LVL9] rnvc113(A,B) :- no113(B,C), \+all113(C,A) 0.468253968254 (3.0, 3.0, 36.0, 12.0) 0.819444444444 [ACCEPT]
[LVL9] rnvc113(A,B) :- no113(B,C), \+some113(A,C) 0.468253968254 (3.0, 3.0, 36.0, 12.0) 0.819444444444 [ACCEPT]
[LVL9] rnvc113(A,B) :- no113(B,C), \+some113(C,A) 0.468253968254 (3.0, 3.0, 36.0, 12.0) 0.819444444444 [ACCEPT]
[LVL9] rnvc113(A,B) :- no113(C,B), \+all113(A,C) 0.468253968254 (3.0, 3.0, 36.0, 12.0) 0.819444444444 [ACCEPT]
[LVL9] rnvc113(A,B) :- no113(C,B), \+all113(C,A) 0.468253968254 (3.0, 3.0, 36.0, 12.0) 0.819444444444 [ACCEPT]
[LVL9] rnvc113(A,B) :- no113(C,B), \+some113(C,A) 0.468253968254 (3.0, 3.0, 36.0, 12.0) 0.819444444444 [ACCEPT]
[LVL9] rnvc113(A,B) :- no113(C,B), \+somenot113(C,A) 0.468253968254 (3.0, 3.0, 36.0, 12.0) 0.819444444444 [ACCEPT]
[LVL9] rnvc113(A,B) :- somenot113(A,C), \+all113(C,B) 0.468253968254 (3.0, 3.0, 36.0, 12.0) 0.819444444444 [ACCEPT]
[LVL9] rnvc113(A,B) :- somenot113(A,C), \+all113(B,C) 0.468253968254 (3.0, 3.0, 36.0, 12.0) 0.819444444444 [ACCEPT]
[LVL9] rnvc113(A,B) :- somenot113(A,C), \+some113(C,B) 0.468253968254 (3.0, 3.0, 36.0, 12.0) 0.819444444444 [ACCEPT]
[LVL9] rnvc113(A,B) :- somenot113(A,C), \+some113(B,C) 0.468253968254 (3.0, 3.0, 36.0, 12.0) 0.819444444444 [ACCEPT]
[LVL9] rnvc113(A,B) :- somenot113(B,C), \+all113(A,C) 0.455555555556 (2.0, 2.0, 37.0, 13.0) 0.759259259259 [ACCEPT]
[LVL9] rnvc113(A,B) :- somenot113(B,C), \+some113(C,A) 0.455555555556 (2.0, 2.0, 37.0, 13.0) 0.759259259259 [ACCEPT]
[LVL9] rnvc113(A,B) :- somenot113(B,C), \+somenot113(C,A) 0.455555555556 (2.0, 2.0, 37.0, 13.0) 0.759259259259 [ACCEPT]
[DEBUG] Best rule so far: rnvc113(A,B) :- no113(A,C), \+some113(C,B) [0.712962962963]
[DEBUG] Candidates for iteration 3:
[DEBUG] ==================================
[DEBUG] rnvc113(A,B) :- no113(A,C), \+some113(C,B) 0.712962962963
[DEBUG] rnvc113(A,B) :- no113(A,C), \+some113(B,C) 0.712962962963
[DEBUG] rnvc113(A,B) :- no113(C,A), \+all113(B,C) 0.712962962963
[DEBUG] rnvc113(A,B) :- no113(C,A), \+some113(B,C) 0.712962962963
[DEBUG] rnvc113(A,B) :- somenot113(C,B), \+all113(A,C) 0.712962962963
[DEBUG] rnvc113(A,B) :- somenot113(C,B), \+some113(A,C) 0.712962962963
[DEBUG] rnvc113(A,B) :- no113(B,C), \+all113(A,C) 0.468253968254
[DEBUG] rnvc113(A,B) :- no113(B,C), \+all113(C,A) 0.468253968254
[DEBUG] rnvc113(A,B) :- no113(B,C), \+some113(A,C) 0.468253968254
[DEBUG] rnvc113(A,B) :- no113(B,C), \+some113(C,A) 0.468253968254
[DEBUG] rnvc113(A,B) :- no113(C,B), \+all113(A,C) 0.468253968254
[DEBUG] rnvc113(A,B) :- no113(C,B), \+all113(C,A) 0.468253968254
[DEBUG] rnvc113(A,B) :- no113(C,B), \+some113(C,A) 0.468253968254
[DEBUG] rnvc113(A,B) :- no113(C,B), \+somenot113(C,A) 0.468253968254
[DEBUG] rnvc113(A,B) :- somenot113(A,C), \+all113(C,B) 0.468253968254
[DEBUG] rnvc113(A,B) :- somenot113(A,C), \+all113(B,C) 0.468253968254
[DEBUG] rnvc113(A,B) :- somenot113(A,C), \+some113(C,B) 0.468253968254
[DEBUG] rnvc113(A,B) :- somenot113(A,C), \+some113(B,C) 0.468253968254
[DEBUG] rnvc113(A,B) :- somenot113(B,C), \+all113(A,C) 0.455555555556
[DEBUG] rnvc113(A,B) :- somenot113(B,C), \+some113(C,A) 0.455555555556
[DEBUG] rnvc113(A,B) :- somenot113(B,C), \+somenot113(C,A) 0.455555555556
[DEBUG] ==================================
[INFO] RULE LEARNED: rnvc113(A,B) :- no113(A,C), \+some113(C,B) 0.777777777778
[DEBUG] Best rule so far: rnvc113(A,B) :- true [0.224489795918]
[DEBUG] Candidates for iteration 1:
[DEBUG] ==================================
[DEBUG] rnvc113(A,B) :- true 0.224489795918
[DEBUG] ==================================
[LVL9] rnvc113(A,B) :- all113(A,C) 0.0 (5.0, 8.0, 31.0, 10.0) 0.612244897959 [ACCEPT]
[LVL9] rnvc113(A,B) :- all113(B,C) 0.0 (5.0, 7.0, 32.0, 10.0) 0.612244897959 [ACCEPT]
[LVL9] rnvc113(A,B) :- some113(A,C) 0.0 (5.0, 7.0, 32.0, 10.0) 0.612244897959 [ACCEPT]
[LVL9] rnvc113(A,B) :- some113(C,A) 0.0 (5.0, 8.0, 31.0, 10.0) 0.612244897959 [ACCEPT]
[LVL9] rnvc113(A,B) :- some113(C,B) 0.0 (5.0, 7.0, 32.0, 10.0) 0.612244897959 [ACCEPT]
[LVL9] rnvc113(A,B) :- no113(B,C) 0.31778425656 (6.0, 5.0, 34.0, 9.0) 0.741496598639 [ACCEPT]
[LVL9] BETTER RULE rnvc113(A,B) :- no113(B,C) (0.3177842565597668, 6.0) > (0.22448979591836735, 15.0)
[LVL9] rnvc113(A,B) :- no113(C,A) 0.603498542274 (8.0, 3.0, 36.0, 7.0) 0.844897959184 [ACCEPT]
[LVL9] BETTER RULE rnvc113(A,B) :- no113(C,A) (0.6034985422740524, 8.0) > (0.3177842565597668, 6.0)
[LVL9] rnvc113(A,B) :- no113(C,B) 0.31778425656 (6.0, 5.0, 34.0, 9.0) 0.741496598639 [ACCEPT]
[LVL9] rnvc113(A,B) :- somenot113(A,C) 0.40306122449 (7.0, 5.0, 34.0, 8.0) 0.80612244898 [ACCEPT]
[LVL9] rnvc113(A,B) :- somenot113(B,C) 0.37074829932 (6.0, 4.0, 35.0, 9.0) 0.741496598639 [ACCEPT]
[LVL9] rnvc113(A,B) :- somenot113(C,A) 0.0 (5.0, 6.0, 33.0, 10.0) 0.612244897959 [ACCEPT]
[LVL9] rnvc113(A,B) :- somenot113(C,B) 0.537414965986 (7.0, 3.0, 36.0, 8.0) 0.80612244898 [ACCEPT]
[DEBUG] Best rule so far: rnvc113(A,B) :- no113(C,A) [0.603498542274]
[DEBUG] Candidates for iteration 2:
[DEBUG] ==================================
[DEBUG] rnvc113(A,B) :- no113(C,A) 0.603498542274
[DEBUG] rnvc113(A,B) :- somenot113(C,B) 0.537414965986
[DEBUG] rnvc113(A,B) :- somenot113(A,C) 0.40306122449
[DEBUG] rnvc113(A,B) :- somenot113(B,C) 0.37074829932
[DEBUG] rnvc113(A,B) :- no113(B,C) 0.31778425656
[DEBUG] rnvc113(A,B) :- no113(C,B) 0.31778425656
[DEBUG] rnvc113(A,B) :- all113(A,C) 0.0
[DEBUG] rnvc113(A,B) :- all113(B,C) 0.0
[DEBUG] rnvc113(A,B) :- some113(A,C) 0.0
[DEBUG] rnvc113(A,B) :- some113(C,A) 0.0
[DEBUG] rnvc113(A,B) :- some113(C,B) 0.0
[DEBUG] rnvc113(A,B) :- somenot113(C,A) 0.0
[DEBUG] ==================================
[LVL9] rnvc113(A,B) :- no113(C,A), no113(C,B) 0.612244897959 (5.0, 1.0, 38.0, 10.0) 0.612244897959 [ACCEPT]
[LVL9] BETTER RULE rnvc113(A,B) :- no113(C,A), no113(C,B) (0.6122448979591837, 5.0) > (0.6034985422740524, 8.0)
[LVL9] rnvc113(A,B) :- no113(C,A), \+all113(B,C) 0.704081632653 (8.0, 2.0, 37.0, 7.0) 0.844897959184 [ACCEPT]
[LVL9] BETTER RULE rnvc113(A,B) :- no113(C,A), \+all113(B,C) (0.7040816326530611, 8.0) > (0.6122448979591837, 5.0)
[LVL9] rnvc113(A,B) :- no113(C,A), \+some113(B,C) 0.704081632653 (8.0, 2.0, 37.0, 7.0) 0.844897959184 [ACCEPT]
[LVL9] rnvc113(A,B) :- somenot113(C,B), \+all113(A,C) 0.644897959184 (7.0, 2.0, 37.0, 8.0) 0.80612244898 [ACCEPT]
[LVL9] rnvc113(A,B) :- somenot113(C,B), \+some113(A,C) 0.644897959184 (7.0, 2.0, 37.0, 8.0) 0.80612244898 [ACCEPT]
[LVL9] rnvc113(A,B) :- somenot113(A,C), \+all113(C,B) 0.460641399417 (7.0, 4.0, 35.0, 8.0) 0.80612244898 [ACCEPT]
[LVL9] rnvc113(A,B) :- somenot113(A,C), \+all113(B,C) 0.460641399417 (7.0, 4.0, 35.0, 8.0) 0.80612244898 [ACCEPT]
[LVL9] rnvc113(A,B) :- somenot113(A,C), \+some113(C,B) 0.460641399417 (7.0, 4.0, 35.0, 8.0) 0.80612244898 [ACCEPT]
[LVL9] rnvc113(A,B) :- somenot113(A,C), \+some113(B,C) 0.460641399417 (7.0, 4.0, 35.0, 8.0) 0.80612244898 [ACCEPT]
[LVL9] rnvc113(A,B) :- somenot113(B,C), \+all113(A,C) 0.444897959184 (6.0, 3.0, 36.0, 9.0) 0.741496598639 [ACCEPT]
[LVL9] rnvc113(A,B) :- somenot113(B,C), \+some113(C,A) 0.444897959184 (6.0, 3.0, 36.0, 9.0) 0.741496598639 [ACCEPT]
[LVL9] rnvc113(A,B) :- somenot113(B,C), \+somenot113(C,A) 0.444897959184 (6.0, 3.0, 36.0, 9.0) 0.741496598639 [ACCEPT]
[LVL9] rnvc113(A,B) :- no113(B,C), \+all113(A,C) 0.37074829932 (6.0, 4.0, 35.0, 9.0) 0.741496598639 [ACCEPT]
[LVL9] rnvc113(A,B) :- no113(B,C), \+all113(C,A) 0.37074829932 (6.0, 4.0, 35.0, 9.0) 0.741496598639 [ACCEPT]
[LVL9] rnvc113(A,B) :- no113(B,C), \+some113(A,C) 0.37074829932 (6.0, 4.0, 35.0, 9.0) 0.741496598639 [ACCEPT]
[LVL9] rnvc113(A,B) :- no113(B,C), \+some113(C,A) 0.37074829932 (6.0, 4.0, 35.0, 9.0) 0.741496598639 [ACCEPT]
[LVL9] rnvc113(A,B) :- no113(C,B), \+all113(A,C) 0.37074829932 (6.0, 4.0, 35.0, 9.0) 0.741496598639 [ACCEPT]
[LVL9] rnvc113(A,B) :- no113(C,B), \+all113(C,A) 0.37074829932 (6.0, 4.0, 35.0, 9.0) 0.741496598639 [ACCEPT]
[LVL9] rnvc113(A,B) :- no113(C,B), \+some113(C,A) 0.37074829932 (6.0, 4.0, 35.0, 9.0) 0.741496598639 [ACCEPT]
[LVL9] rnvc113(A,B) :- no113(C,B), \+somenot113(C,A) 0.37074829932 (6.0, 4.0, 35.0, 9.0) 0.741496598639 [ACCEPT]
[DEBUG] Best rule so far: rnvc113(A,B) :- no113(C,A), \+all113(B,C) [0.704081632653]
[DEBUG] Candidates for iteration 3:
[DEBUG] ==================================
[DEBUG] rnvc113(A,B) :- no113(C,A), \+all113(B,C) 0.704081632653
[DEBUG] rnvc113(A,B) :- no113(C,A), \+some113(B,C) 0.704081632653
[DEBUG] rnvc113(A,B) :- somenot113(C,B), \+all113(A,C) 0.644897959184
[DEBUG] rnvc113(A,B) :- somenot113(C,B), \+some113(A,C) 0.644897959184
[DEBUG] rnvc113(A,B) :- no113(C,A), no113(C,B) 0.612244897959
[DEBUG] rnvc113(A,B) :- somenot113(A,C), \+all113(C,B) 0.460641399417
[DEBUG] rnvc113(A,B) :- somenot113(A,C), \+all113(B,C) 0.460641399417
[DEBUG] rnvc113(A,B) :- somenot113(A,C), \+some113(C,B) 0.460641399417
[DEBUG] rnvc113(A,B) :- somenot113(A,C), \+some113(B,C) 0.460641399417
[DEBUG] rnvc113(A,B) :- somenot113(B,C), \+all113(A,C) 0.444897959184
[DEBUG] rnvc113(A,B) :- somenot113(B,C), \+some113(C,A) 0.444897959184
[DEBUG] rnvc113(A,B) :- somenot113(B,C), \+somenot113(C,A) 0.444897959184
[DEBUG] rnvc113(A,B) :- no113(B,C), \+all113(A,C) 0.37074829932
[DEBUG] rnvc113(A,B) :- no113(B,C), \+all113(C,A) 0.37074829932
[DEBUG] rnvc113(A,B) :- no113(B,C), \+some113(A,C) 0.37074829932
[DEBUG] rnvc113(A,B) :- no113(B,C), \+some113(C,A) 0.37074829932
[DEBUG] rnvc113(A,B) :- no113(C,B), \+all113(A,C) 0.37074829932
[DEBUG] rnvc113(A,B) :- no113(C,B), \+all113(C,A) 0.37074829932
[DEBUG] rnvc113(A,B) :- no113(C,B), \+some113(C,A) 0.37074829932
[DEBUG] rnvc113(A,B) :- no113(C,B), \+somenot113(C,A) 0.37074829932
[DEBUG] ==================================
[INFO] RULE LEARNED: rnvc113(A,B) :- no113(C,A), \+all113(B,C) 0.833333333333
[DEBUG] Best rule so far: rnvc113(A,B) :- true [0.159090909091]
[DEBUG] Candidates for iteration 1:
[DEBUG] ==================================
[DEBUG] rnvc113(A,B) :- true 0.159090909091
[DEBUG] ==================================
[LVL9] rnvc113(A,B) :- all113(A,C) 0.0 (9.0, 9.0, 30.0, 6.0) 0.579545454545 [ACCEPT]
[LVL9] rnvc113(A,B) :- all113(B,C) 0.0 (9.0, 8.0, 31.0, 6.0) 0.579545454545 [ACCEPT]
[LVL9] rnvc113(A,B) :- some113(A,C) 0.0 (9.0, 8.0, 31.0, 6.0) 0.579545454545 [ACCEPT]
[LVL9] rnvc113(A,B) :- some113(C,A) 0.0 (9.0, 9.0, 30.0, 6.0) 0.579545454545 [ACCEPT]
[LVL9] rnvc113(A,B) :- some113(C,B) 0.0 (9.0, 8.0, 31.0, 6.0) 0.579545454545 [ACCEPT]
[LVL9] rnvc113(A,B) :- no113(B,C) 0.193181818182 (9.0, 6.0, 33.0, 6.0) 0.579545454545 [ACCEPT]
[LVL9] BETTER RULE rnvc113(A,B) :- no113(B,C) (0.1931818181818182, 9.0) > (0.1590909090909091, 15.0)
[LVL9] rnvc113(A,B) :- no113(C,B) 0.193181818182 (9.0, 6.0, 33.0, 6.0) 0.579545454545 [ACCEPT]
[LVL9] rnvc113(A,B) :- somenot113(A,C) 0.394886363636 (11.0, 6.0, 33.0, 4.0) 0.789772727273 [ACCEPT]
[LVL9] BETTER RULE rnvc113(A,B) :- somenot113(A,C) (0.39488636363636365, 11.0) > (0.1931818181818182, 9.0)
[LVL9] rnvc113(A,B) :- somenot113(B,C) 0.231818181818 (9.0, 5.0, 34.0, 6.0) 0.579545454545 [ACCEPT]
[LVL9] rnvc113(A,B) :- somenot113(C,A) 0.165584415584 (9.0, 7.0, 32.0, 6.0) 0.579545454545 [ACCEPT]
[LVL9] rnvc113(A,B) :- somenot113(C,B) 0.431818181818 (10.0, 4.0, 35.0, 5.0) 0.719696969697 [ACCEPT]
[LVL9] BETTER RULE rnvc113(A,B) :- somenot113(C,B) (0.4318181818181818, 10.0) > (0.39488636363636365, 11.0)
[DEBUG] Best rule so far: rnvc113(A,B) :- somenot113(C,B) [0.431818181818]
[DEBUG] Candidates for iteration 2:
[DEBUG] ==================================
[DEBUG] rnvc113(A,B) :- somenot113(C,B) 0.431818181818
[DEBUG] rnvc113(A,B) :- somenot113(A,C) 0.394886363636
[DEBUG] rnvc113(A,B) :- somenot113(B,C) 0.231818181818
[DEBUG] rnvc113(A,B) :- no113(B,C) 0.193181818182
[DEBUG] rnvc113(A,B) :- no113(C,B) 0.193181818182
[DEBUG] rnvc113(A,B) :- somenot113(C,A) 0.165584415584
[DEBUG] rnvc113(A,B) :- all113(A,C) 0.0
[DEBUG] rnvc113(A,B) :- all113(B,C) 0.0
[DEBUG] rnvc113(A,B) :- some113(A,C) 0.0
[DEBUG] rnvc113(A,B) :- some113(C,A) 0.0
[DEBUG] rnvc113(A,B) :- some113(C,B) 0.0
[DEBUG] ==================================
[LVL9] rnvc113(A,B) :- somenot113(C,B), some113(C,A) 0.579545454545 (9.0, 2.0, 37.0, 6.0) 0.579545454545 [ACCEPT]
[LVL9] BETTER RULE rnvc113(A,B) :- somenot113(C,B), some113(C,A) (0.5795454545454546, 9.0) > (0.4318181818181818, 10.0)
[LVL9] rnvc113(A,B) :- somenot113(C,B), \+all113(A,C) 0.539772727273 (10.0, 3.0, 36.0, 5.0) 0.719696969697 [ACCEPT]
[LVL9] rnvc113(A,B) :- somenot113(C,B), \+some113(A,C) 0.539772727273 (10.0, 3.0, 36.0, 5.0) 0.719696969697 [ACCEPT]
[LVL9] rnvc113(A,B) :- somenot113(A,C), \+all113(C,B) 0.451298701299 (11.0, 5.0, 34.0, 4.0) 0.789772727273 [ACCEPT]
[LVL9] rnvc113(A,B) :- somenot113(A,C), \+all113(B,C) 0.451298701299 (11.0, 5.0, 34.0, 4.0) 0.789772727273 [ACCEPT]
[LVL9] rnvc113(A,B) :- somenot113(A,C), \+some113(C,B) 0.451298701299 (11.0, 5.0, 34.0, 4.0) 0.789772727273 [ACCEPT]
[LVL9] rnvc113(A,B) :- somenot113(A,C), \+some113(B,C) 0.451298701299 (11.0, 5.0, 34.0, 4.0) 0.789772727273 [ACCEPT]
[DEBUG] Best rule so far: rnvc113(A,B) :- somenot113(C,B), some113(C,A) [0.579545454545]
[DEBUG] Candidates for iteration 3:
[DEBUG] ==================================
[DEBUG] rnvc113(A,B) :- somenot113(C,B), some113(C,A) 0.579545454545
[DEBUG] rnvc113(A,B) :- somenot113(C,B), \+all113(A,C) 0.539772727273
[DEBUG] rnvc113(A,B) :- somenot113(C,B), \+some113(A,C) 0.539772727273
[DEBUG] rnvc113(A,B) :- somenot113(A,C), \+all113(C,B) 0.451298701299
[DEBUG] rnvc113(A,B) :- somenot113(A,C), \+all113(B,C) 0.451298701299
[DEBUG] rnvc113(A,B) :- somenot113(A,C), \+some113(C,B) 0.451298701299
[DEBUG] rnvc113(A,B) :- somenot113(A,C), \+some113(B,C) 0.451298701299
[DEBUG] ==================================
[INFO] RULE LEARNED: rnvc113(A,B) :- somenot113(C,B), some113(C,A) 0.851851851852
[DEBUG] Best rule so far: rnvc113(A,B) :- true [0.139534883721]
[DEBUG] Candidates for iteration 1:
[DEBUG] ==================================
[DEBUG] rnvc113(A,B) :- true 0.139534883721
[DEBUG] ==================================
[LVL9] rnvc113(A,B) :- all113(A,C) 0.0 (10.0, 9.0, 30.0, 5.0) 0.56976744186 [ACCEPT]
[LVL9] rnvc113(A,B) :- all113(B,C) 0.142441860465 (10.0, 8.0, 31.0, 5.0) 0.56976744186 [ACCEPT]
[LVL9] BETTER RULE rnvc113(A,B) :- all113(B,C) (0.14244186046511628, 10.0) > (0.13953488372093023, 15.0)
[LVL9] rnvc113(A,B) :- some113(A,C) 0.142441860465 (10.0, 8.0, 31.0, 5.0) 0.56976744186 [ACCEPT]
[LVL9] rnvc113(A,B) :- some113(C,B) 0.142441860465 (10.0, 8.0, 31.0, 5.0) 0.56976744186 [ACCEPT]
[LVL9] rnvc113(A,B) :- no113(B,C) 0.18992248062 (10.0, 6.0, 33.0, 5.0) 0.56976744186 [ACCEPT]
[LVL9] BETTER RULE rnvc113(A,B) :- no113(B,C) (0.18992248062015504, 10.0) > (0.14244186046511628, 10.0)
[LVL9] rnvc113(A,B) :- no113(C,B) 0.18992248062 (10.0, 6.0, 33.0, 5.0) 0.56976744186 [ACCEPT]
[LVL9] rnvc113(A,B) :- somenot113(A,C) 0.392441860465 (12.0, 6.0, 33.0, 3.0) 0.78488372093 [ACCEPT]
[LVL9] BETTER RULE rnvc113(A,B) :- somenot113(A,C) (0.39244186046511625, 12.0) > (0.18992248062015504, 10.0)
[LVL9] rnvc113(A,B) :- somenot113(B,C) 0.227906976744 (10.0, 5.0, 34.0, 5.0) 0.56976744186 [ACCEPT]
[LVL9] rnvc113(A,B) :- somenot113(C,A) 0.162790697674 (10.0, 7.0, 32.0, 5.0) 0.56976744186 [ACCEPT]
[LVL9] rnvc113(A,B) :- somenot113(C,B) 0.28488372093 (10.0, 4.0, 35.0, 5.0) 0.56976744186 [ACCEPT]
[DEBUG] Best rule so far: rnvc113(A,B) :- somenot113(A,C) [0.392441860465]
[DEBUG] Candidates for iteration 2:
[DEBUG] ==================================
[DEBUG] rnvc113(A,B) :- somenot113(A,C) 0.392441860465
[DEBUG] rnvc113(A,B) :- somenot113(C,B) 0.28488372093
[DEBUG] rnvc113(A,B) :- somenot113(B,C) 0.227906976744
[DEBUG] rnvc113(A,B) :- no113(B,C) 0.18992248062
[DEBUG] rnvc113(A,B) :- no113(C,B) 0.18992248062
[DEBUG] rnvc113(A,B) :- somenot113(C,A) 0.162790697674
[DEBUG] rnvc113(A,B) :- all113(B,C) 0.142441860465
[DEBUG] rnvc113(A,B) :- some113(A,C) 0.142441860465
[DEBUG] rnvc113(A,B) :- some113(C,B) 0.142441860465
[DEBUG] rnvc113(A,B) :- all113(A,C) 0.0
[DEBUG] ==================================
[LVL9] rnvc113(A,B) :- somenot113(A,C), no113(B,C) 0.56976744186 (10.0, 2.0, 37.0, 5.0) 0.56976744186 [ACCEPT]
[LVL9] BETTER RULE rnvc113(A,B) :- somenot113(A,C), no113(B,C) (0.5697674418604651, 10.0) > (0.39244186046511625, 12.0)
[LVL9] rnvc113(A,B) :- somenot113(A,C), \+all113(C,B) 0.448504983389 (12.0, 5.0, 34.0, 3.0) 0.78488372093 [ACCEPT]
[LVL9] rnvc113(A,B) :- somenot113(A,C), \+all113(B,C) 0.448504983389 (12.0, 5.0, 34.0, 3.0) 0.78488372093 [ACCEPT]
[LVL9] rnvc113(A,B) :- somenot113(A,C), \+some113(C,B) 0.448504983389 (12.0, 5.0, 34.0, 3.0) 0.78488372093 [ACCEPT]
[LVL9] rnvc113(A,B) :- somenot113(A,C), \+some113(B,C) 0.448504983389 (12.0, 5.0, 34.0, 3.0) 0.78488372093 [ACCEPT]
[DEBUG] Best rule so far: rnvc113(A,B) :- somenot113(A,C), no113(B,C) [0.56976744186]
[DEBUG] Candidates for iteration 3:
[DEBUG] ==================================
[DEBUG] rnvc113(A,B) :- somenot113(A,C), no113(B,C) 0.56976744186
[DEBUG] rnvc113(A,B) :- somenot113(A,C), \+all113(C,B) 0.448504983389
[DEBUG] rnvc113(A,B) :- somenot113(A,C), \+all113(B,C) 0.448504983389
[DEBUG] rnvc113(A,B) :- somenot113(A,C), \+some113(C,B) 0.448504983389
[DEBUG] rnvc113(A,B) :- somenot113(A,C), \+some113(B,C) 0.448504983389
[DEBUG] ==================================
[INFO] RULE LEARNED: rnvc113(A,B) :- somenot113(A,C), no113(B,C) 0.87037037037
[DEBUG] Best rule so far: rnvc113(A,B) :- true [0.119047619048]
[DEBUG] Candidates for iteration 1:
[DEBUG] ==================================
[DEBUG] rnvc113(A,B) :- true 0.119047619048
[DEBUG] ==================================
[LVL9] rnvc113(A,B) :- all113(A,C) 0.124338624339 (11.0, 9.0, 30.0, 4.0) 0.559523809524 [ACCEPT]
[LVL9] BETTER RULE rnvc113(A,B) :- all113(A,C) (0.12433862433862435, 11.0) > (0.11904761904761904, 15.0)
[LVL9] rnvc113(A,B) :- all113(B,C) 0.139880952381 (11.0, 8.0, 31.0, 4.0) 0.559523809524 [ACCEPT]
[LVL9] BETTER RULE rnvc113(A,B) :- all113(B,C) (0.13988095238095238, 11.0) > (0.12433862433862435, 11.0)
[LVL9] rnvc113(A,B) :- some113(A,C) 0.139880952381 (11.0, 8.0, 31.0, 4.0) 0.559523809524 [ACCEPT]
[LVL9] rnvc113(A,B) :- some113(C,B) 0.139880952381 (11.0, 8.0, 31.0, 4.0) 0.559523809524 [ACCEPT]
[LVL9] rnvc113(A,B) :- no113(C,B) 0.186507936508 (11.0, 6.0, 33.0, 4.0) 0.559523809524 [ACCEPT]
[LVL9] BETTER RULE rnvc113(A,B) :- no113(C,B) (0.1865079365079365, 11.0) > (0.13988095238095238, 11.0)
[LVL9] rnvc113(A,B) :- somenot113(A,C) 0.302721088435 (12.0, 6.0, 33.0, 3.0) 0.706349206349 [ACCEPT]
[LVL9] BETTER RULE rnvc113(A,B) :- somenot113(A,C) (0.30272108843537415, 12.0) > (0.1865079365079365, 11.0)
[LVL9] rnvc113(A,B) :- somenot113(B,C) 0.22380952381 (11.0, 5.0, 34.0, 4.0) 0.559523809524 [ACCEPT]
[LVL9] rnvc113(A,B) :- somenot113(C,A) 0.159863945578 (11.0, 7.0, 32.0, 4.0) 0.559523809524 [ACCEPT]
[LVL9] rnvc113(A,B) :- somenot113(C,B) 0.279761904762 (11.0, 4.0, 35.0, 4.0) 0.559523809524 [ACCEPT]
[DEBUG] Best rule so far: rnvc113(A,B) :- somenot113(A,C) [0.302721088435]
[DEBUG] Candidates for iteration 2:
[DEBUG] ==================================
[DEBUG] rnvc113(A,B) :- somenot113(A,C) 0.302721088435
[DEBUG] rnvc113(A,B) :- somenot113(C,B) 0.279761904762
[DEBUG] rnvc113(A,B) :- somenot113(B,C) 0.22380952381
[DEBUG] rnvc113(A,B) :- no113(C,B) 0.186507936508
[DEBUG] rnvc113(A,B) :- somenot113(C,A) 0.159863945578
[DEBUG] rnvc113(A,B) :- all113(B,C) 0.139880952381
[DEBUG] rnvc113(A,B) :- some113(A,C) 0.139880952381
[DEBUG] rnvc113(A,B) :- some113(C,B) 0.139880952381
[DEBUG] rnvc113(A,B) :- all113(A,C) 0.124338624339
[DEBUG] ==================================
[LVL9] rnvc113(A,B) :- somenot113(A,C), somenot113(C,B) 0.559523809524 (11.0, 2.0, 37.0, 4.0) 0.559523809524 [ACCEPT]
[LVL9] BETTER RULE rnvc113(A,B) :- somenot113(A,C), somenot113(C,B) (0.5595238095238095, 11.0) > (0.30272108843537415, 12.0)
[LVL9] rnvc113(A,B) :- somenot113(A,C), \+all113(C,B) 0.353174603175 (12.0, 5.0, 34.0, 3.0) 0.706349206349 [ACCEPT]
[LVL9] rnvc113(A,B) :- somenot113(A,C), \+all113(B,C) 0.353174603175 (12.0, 5.0, 34.0, 3.0) 0.706349206349 [ACCEPT]
[LVL9] rnvc113(A,B) :- somenot113(A,C), \+some113(C,B) 0.353174603175 (12.0, 5.0, 34.0, 3.0) 0.706349206349 [ACCEPT]
[LVL9] rnvc113(A,B) :- somenot113(A,C), \+some113(B,C) 0.353174603175 (12.0, 5.0, 34.0, 3.0) 0.706349206349 [ACCEPT]
[DEBUG] Best rule so far: rnvc113(A,B) :- somenot113(A,C), somenot113(C,B) [0.559523809524]
[DEBUG] Candidates for iteration 3:
[DEBUG] ==================================
[DEBUG] rnvc113(A,B) :- somenot113(A,C), somenot113(C,B) 0.559523809524
[DEBUG] rnvc113(A,B) :- somenot113(A,C), \+all113(C,B) 0.353174603175
[DEBUG] rnvc113(A,B) :- somenot113(A,C), \+all113(B,C) 0.353174603175
[DEBUG] rnvc113(A,B) :- somenot113(A,C), \+some113(C,B) 0.353174603175
[DEBUG] rnvc113(A,B) :- somenot113(A,C), \+some113(B,C) 0.353174603175
[DEBUG] ==================================
[INFO] RULE LEARNED: rnvc113(A,B) :- somenot113(A,C), somenot113(C,B) 0.888888888889
[DEBUG] Best rule so far: rnvc113(A,B) :- true [0.0975609756098]
[DEBUG] Candidates for iteration 1:
[DEBUG] ==================================
[DEBUG] rnvc113(A,B) :- true 0.0975609756098
[DEBUG] ==================================
[LVL9] rnvc113(A,B) :- all113(A,C) 0.121951219512 (12.0, 9.0, 30.0, 3.0) 0.548780487805 [ACCEPT]
[LVL9] BETTER RULE rnvc113(A,B) :- all113(A,C) (0.12195121951219513, 12.0) > (0.0975609756097561, 15.0)
[LVL9] rnvc113(A,B) :- all113(B,C) 0.137195121951 (12.0, 8.0, 31.0, 3.0) 0.548780487805 [ACCEPT]
[LVL9] BETTER RULE rnvc113(A,B) :- all113(B,C) (0.13719512195121952, 12.0) > (0.12195121951219513, 12.0)
[LVL9] rnvc113(A,B) :- some113(A,C) 0.137195121951 (12.0, 8.0, 31.0, 3.0) 0.548780487805 [ACCEPT]
[LVL9] rnvc113(A,B) :- some113(C,B) 0.137195121951 (12.0, 8.0, 31.0, 3.0) 0.548780487805 [ACCEPT]
[LVL9] rnvc113(A,B) :- no113(C,B) 0.182926829268 (12.0, 6.0, 33.0, 3.0) 0.548780487805 [ACCEPT]
[LVL9] BETTER RULE rnvc113(A,B) :- no113(C,B) (0.1829268292682927, 12.0) > (0.13719512195121952, 12.0)
[LVL9] rnvc113(A,B) :- somenot113(A,C) 0.182926829268 (12.0, 6.0, 33.0, 3.0) 0.548780487805 [ACCEPT]
[LVL9] rnvc113(A,B) :- somenot113(B,C) 0.219512195122 (12.0, 5.0, 34.0, 3.0) 0.548780487805 [ACCEPT]
[LVL9] BETTER RULE rnvc113(A,B) :- somenot113(B,C) (0.21951219512195125, 12.0) > (0.1829268292682927, 12.0)
[LVL9] rnvc113(A,B) :- somenot113(C,A) 0.156794425087 (12.0, 7.0, 32.0, 3.0) 0.548780487805 [ACCEPT]
[DEBUG] Best rule so far: rnvc113(A,B) :- somenot113(B,C) [0.219512195122]
[DEBUG] Candidates for iteration 2:
[DEBUG] ==================================
[DEBUG] rnvc113(A,B) :- somenot113(B,C) 0.219512195122
[DEBUG] rnvc113(A,B) :- no113(C,B) 0.182926829268
[DEBUG] rnvc113(A,B) :- somenot113(A,C) 0.182926829268
[DEBUG] rnvc113(A,B) :- somenot113(C,A) 0.156794425087
[DEBUG] rnvc113(A,B) :- all113(B,C) 0.137195121951
[DEBUG] rnvc113(A,B) :- some113(A,C) 0.137195121951
[DEBUG] rnvc113(A,B) :- some113(C,B) 0.137195121951
[DEBUG] rnvc113(A,B) :- all113(A,C) 0.121951219512
[DEBUG] ==================================
[LVL9] rnvc113(A,B) :- somenot113(B,C), somenot113(A,C) 0.548780487805 (12.0, 2.0, 37.0, 3.0) 0.548780487805 [ACCEPT]
[LVL9] BETTER RULE rnvc113(A,B) :- somenot113(B,C), somenot113(A,C) (0.5487804878048781, 12.0) > (0.21951219512195125, 12.0)
[DEBUG] Best rule so far: rnvc113(A,B) :- somenot113(B,C), somenot113(A,C) [0.548780487805]
[DEBUG] Candidates for iteration 3:
[DEBUG] ==================================
[DEBUG] rnvc113(A,B) :- somenot113(B,C), somenot113(A,C) 0.548780487805
[DEBUG] ==================================
[INFO] RULE LEARNED: rnvc113(A,B) :- somenot113(B,C), somenot113(A,C) 0.907407407407
[DEBUG] Best rule so far: rnvc113(A,B) :- true [0.075]
[DEBUG] Candidates for iteration 1:
[DEBUG] ==================================
[DEBUG] rnvc113(A,B) :- true 0.075
[DEBUG] ==================================
[LVL9] rnvc113(A,B) :- all113(A,C) 0.119444444444 (13.0, 9.0, 30.0, 2.0) 0.5375 [ACCEPT]
[LVL9] BETTER RULE rnvc113(A,B) :- all113(A,C) (0.11944444444444444, 13.0) > (0.07500000000000001, 15.0)
[LVL9] rnvc113(A,B) :- all113(B,C) 0.134375 (13.0, 8.0, 31.0, 2.0) 0.5375 [ACCEPT]
[LVL9] BETTER RULE rnvc113(A,B) :- all113(B,C) (0.134375, 13.0) > (0.11944444444444444, 13.0)
[LVL9] rnvc113(A,B) :- some113(A,C) 0.134375 (13.0, 8.0, 31.0, 2.0) 0.5375 [ACCEPT]
[LVL9] rnvc113(A,B) :- some113(C,B) 0.134375 (13.0, 8.0, 31.0, 2.0) 0.5375 [ACCEPT]
[LVL9] rnvc113(A,B) :- no113(C,B) 0.179166666667 (13.0, 6.0, 33.0, 2.0) 0.5375 [ACCEPT]
[LVL9] BETTER RULE rnvc113(A,B) :- no113(C,B) (0.17916666666666667, 13.0) > (0.134375, 13.0)
[LVL9] rnvc113(A,B) :- somenot113(C,A) 0.153571428571 (13.0, 7.0, 32.0, 2.0) 0.5375 [ACCEPT]
[DEBUG] Best rule so far: rnvc113(A,B) :- no113(C,B) [0.179166666667]
[DEBUG] Candidates for iteration 2:
[DEBUG] ==================================
[DEBUG] rnvc113(A,B) :- no113(C,B) 0.179166666667
[DEBUG] rnvc113(A,B) :- somenot113(C,A) 0.153571428571
[DEBUG] rnvc113(A,B) :- all113(B,C) 0.134375
[DEBUG] rnvc113(A,B) :- some113(A,C) 0.134375
[DEBUG] rnvc113(A,B) :- some113(C,B) 0.134375
[DEBUG] rnvc113(A,B) :- all113(A,C) 0.119444444444
[DEBUG] ==================================
[LVL9] rnvc113(A,B) :- no113(C,B), some113(A,C) 0.5375 (13.0, 2.0, 37.0, 2.0) 0.5375 [ACCEPT]
[LVL9] BETTER RULE rnvc113(A,B) :- no113(C,B), some113(A,C) (0.5375, 13.0) > (0.17916666666666667, 13.0)
[DEBUG] Best rule so far: rnvc113(A,B) :- no113(C,B), some113(A,C) [0.5375]
[DEBUG] Candidates for iteration 3:
[DEBUG] ==================================
[DEBUG] rnvc113(A,B) :- no113(C,B), some113(A,C) 0.5375
[DEBUG] ==================================
[INFO] RULE LEARNED: rnvc113(A,B) :- no113(C,B), some113(A,C) 0.925925925926
[DEBUG] Best rule so far: rnvc113(A,B) :- true [0.0512820512821]
[DEBUG] Candidates for iteration 1:
[DEBUG] ==================================
[DEBUG] rnvc113(A,B) :- true 0.0512820512821
[DEBUG] ==================================
[LVL9] rnvc113(A,B) :- all113(A,C) 0.116809116809 (14.0, 9.0, 30.0, 1.0) 0.525641025641 [ACCEPT]
[LVL9] BETTER RULE rnvc113(A,B) :- all113(A,C) (0.11680911680911682, 14.0) > (0.05128205128205128, 15.0)
[LVL9] rnvc113(A,B) :- all113(B,C) 0.13141025641 (14.0, 8.0, 31.0, 1.0) 0.525641025641 [ACCEPT]
[LVL9] BETTER RULE rnvc113(A,B) :- all113(B,C) (0.13141025641025642, 14.0) > (0.11680911680911682, 14.0)
[LVL9] rnvc113(A,B) :- some113(C,B) 0.13141025641 (14.0, 8.0, 31.0, 1.0) 0.525641025641 [ACCEPT]
[LVL9] rnvc113(A,B) :- somenot113(C,A) 0.150183150183 (14.0, 7.0, 32.0, 1.0) 0.525641025641 [ACCEPT]
[LVL9] BETTER RULE rnvc113(A,B) :- somenot113(C,A) (0.15018315018315018, 14.0) > (0.13141025641025642, 14.0)
[DEBUG] Best rule so far: rnvc113(A,B) :- somenot113(C,A) [0.150183150183]
[DEBUG] Candidates for iteration 2:
[DEBUG] ==================================
[DEBUG] rnvc113(A,B) :- somenot113(C,A) 0.150183150183
[DEBUG] rnvc113(A,B) :- all113(B,C) 0.13141025641
[DEBUG] rnvc113(A,B) :- some113(C,B) 0.13141025641
[DEBUG] rnvc113(A,B) :- all113(A,C) 0.116809116809
[DEBUG] ==================================
[LVL9] rnvc113(A,B) :- somenot113(C,A), some113(C,B) 0.525641025641 (14.0, 2.0, 37.0, 1.0) 0.525641025641 [ACCEPT]
[LVL9] BETTER RULE rnvc113(A,B) :- somenot113(C,A), some113(C,B) (0.5256410256410257, 14.0) > (0.15018315018315018, 14.0)
[DEBUG] Best rule so far: rnvc113(A,B) :- somenot113(C,A), some113(C,B) [0.525641025641]
[DEBUG] Candidates for iteration 3:
[DEBUG] ==================================
[DEBUG] rnvc113(A,B) :- somenot113(C,A), some113(C,B) 0.525641025641
[DEBUG] ==================================
[INFO] RULE LEARNED: rnvc113(A,B) :- somenot113(C,A), some113(C,B) 0.944444444444
[DEBUG] Best rule so far: rnvc113(A,B) :- true [0.0263157894737]
[DEBUG] Candidates for iteration 1:
[DEBUG] ==================================
[DEBUG] rnvc113(A,B) :- true 0.0263157894737
[DEBUG] ==================================
[LVL9] rnvc113(A,B) :- all113(A,C) 0.114035087719 (15.0, 9.0, 30.0, 0.0) 0.513157894737 [ACCEPT]
[LVL9] BETTER RULE rnvc113(A,B) :- all113(A,C) (0.11403508771929825, 15.0) > (0.026315789473684213, 15.0)
[LVL9] rnvc113(A,B) :- all113(B,C) 0.128289473684 (15.0, 8.0, 31.0, 0.0) 0.513157894737 [ACCEPT]
[LVL9] BETTER RULE rnvc113(A,B) :- all113(B,C) (0.12828947368421054, 15.0) > (0.11403508771929825, 15.0)
[DEBUG] Best rule so far: rnvc113(A,B) :- all113(B,C) [0.128289473684]
[DEBUG] Candidates for iteration 2:
[DEBUG] ==================================
[DEBUG] rnvc113(A,B) :- all113(B,C) 0.128289473684
[DEBUG] rnvc113(A,B) :- all113(A,C) 0.114035087719
[DEBUG] ==================================
[LVL9] rnvc113(A,B) :- all113(B,C), all113(A,C) 0.513157894737 (15.0, 2.0, 37.0, 0.0) 0.513157894737 [ACCEPT]
[LVL9] BETTER RULE rnvc113(A,B) :- all113(B,C), all113(A,C) (0.5131578947368421, 15.0) > (0.12828947368421054, 15.0)
[DEBUG] Best rule so far: rnvc113(A,B) :- all113(B,C), all113(A,C) [0.513157894737]
[DEBUG] Candidates for iteration 3:
[DEBUG] ==================================
[DEBUG] rnvc113(A,B) :- all113(B,C), all113(A,C) 0.513157894737
[DEBUG] ==================================
[INFO] RULE LEARNED: rnvc113(A,B) :- all113(B,C), all113(A,C) 0.962962962963
[DEBUG] Best rule so far: rnvc113(A,B) :- true [0.0]
[DEBUG] Candidates for iteration 1:
[DEBUG] ==================================
[DEBUG] rnvc113(A,B) :- true 0.0
[DEBUG] ==================================
[INFO] RULE LEARNED: rnvc113(A,B) :- true 0.962962962963
