[LVL9] Output level: 9
[INFO] Random seed: 0.172031590658
[INFO] Computing scores: 0.0682s
[INFO] Number of examples (M): 116
[INFO] Positive weight (P): 8.0000
[INFO] Negative weight (N): 108.0000
[DEBUG] Best rule so far: rall6(A,B) :- true [0.0689655172414]
[DEBUG] Candidates for iteration 1:
[DEBUG] ==================================
[DEBUG] rall6(A,B) :- true 0.0689655172414
[DEBUG] ==================================
[LVL9] rall6(A,B) :- all6(A,C) 0.121703853955 (2.0, 14.0, 94.0, 6.0) 0.689655172414 [ACCEPT]
[LVL9] BETTER RULE rall6(A,B) :- all6(A,C) (0.12170385395537527, 2.0) > (0.06896551724137931, 8.0)
[LVL9] rall6(A,B) :- all6(B,C) 0.180527383367 (3.0, 13.0, 95.0, 5.0) 0.76724137931 [ACCEPT]
[LVL9] BETTER RULE rall6(A,B) :- all6(B,C) (0.18052738336713997, 3.0) > (0.12170385395537527, 2.0)
[LVL9] rall6(A,B) :- all6(C,A) 0.21921182266 (3.0, 10.0, 98.0, 5.0) 0.76724137931 [ACCEPT]
[LVL9] BETTER RULE rall6(A,B) :- all6(C,A) (0.21921182266009853, 3.0) > (0.18052738336713997, 3.0)
[LVL9] rall6(A,B) :- all6(C,B) 0.21921182266 (3.0, 10.0, 98.0, 5.0) 0.76724137931 [ACCEPT]
[LVL9] rall6(A,B) :- no6(A,C) 0.0 (1.0, 14.0, 94.0, 7.0) 0.534482758621 [ACCEPT]
[LVL9] rall6(A,B) :- no6(B,C) 0.0 (1.0, 14.0, 94.0, 7.0) 0.534482758621 [ACCEPT]
[LVL9] rall6(A,B) :- no6(C,A) 0.129310344828 (2.0, 13.0, 95.0, 6.0) 0.689655172414 [ACCEPT]
[LVL9] rall6(A,B) :- no6(C,B) 0.0 (1.0, 14.0, 94.0, 7.0) 0.534482758621 [ACCEPT]
[DEBUG] Best rule so far: rall6(A,B) :- all6(C,A) [0.21921182266]
[DEBUG] Candidates for iteration 2:
[DEBUG] ==================================
[DEBUG] rall6(A,B) :- all6(C,A) 0.21921182266
[DEBUG] rall6(A,B) :- all6(C,B) 0.21921182266
[DEBUG] rall6(A,B) :- all6(B,C) 0.180527383367
[DEBUG] rall6(A,B) :- no6(C,A) 0.129310344828
[DEBUG] rall6(A,B) :- all6(A,C) 0.121703853955
[DEBUG] rall6(A,B) :- no6(A,C) 0.0
[DEBUG] rall6(A,B) :- no6(B,C) 0.0
[DEBUG] rall6(A,B) :- no6(C,B) 0.0
[DEBUG] ==================================
[LVL9] rall6(A,B) :- all6(C,A), all6(C,B) 0.35632183908 (1.0, 1.0, 107.0, 7.0) 0.534482758621 [ACCEPT]
[LVL9] BETTER RULE rall6(A,B) :- all6(C,A), all6(C,B) (0.3563218390804597, 1.0) > (0.21921182266009853, 3.0)
[LVL9] rall6(A,B) :- all6(C,A), all6(D,B) 0.35632183908 (1.0, 1.0, 107.0, 7.0) 0.534482758621 [ACCEPT]
[LVL9] rall6(A,B) :- all6(C,A), no6(C,B) 0.35632183908 (1.0, 1.0, 107.0, 7.0) 0.534482758621 [ACCEPT]
[LVL9] rall6(A,B) :- all6(C,A), no6(B,C) 0.35632183908 (1.0, 1.0, 107.0, 7.0) 0.534482758621 [ACCEPT]
[LVL9] rall6(A,B) :- all6(C,A), no6(C,D) 0.35632183908 (1.0, 1.0, 107.0, 7.0) 0.534482758621 [ACCEPT]
[LVL9] rall6(A,B) :- all6(C,A), no6(B,D) 0.35632183908 (1.0, 1.0, 107.0, 7.0) 0.534482758621 [ACCEPT]
[LVL9] rall6(A,B) :- all6(C,A), no6(D,C) 0.35632183908 (1.0, 1.0, 107.0, 7.0) 0.534482758621 [ACCEPT]
[LVL9] rall6(A,B) :- all6(C,A), no6(D,B) 0.35632183908 (1.0, 1.0, 107.0, 7.0) 0.534482758621 [ACCEPT]
[LVL9] rall6(A,B) :- all6(C,A), \+all6(C,B) 0.172413793103 (2.0, 9.0, 99.0, 6.0) 0.689655172414 [ACCEPT]
[LVL9] rall6(A,B) :- all6(C,A), \+all6(B,C) 0.255747126437 (3.0, 8.0, 100.0, 5.0) 0.76724137931 [ACCEPT]
[LVL9] rall6(A,B) :- all6(C,A), \+some6(C,B) 0.236074270557 (3.0, 9.0, 99.0, 5.0) 0.76724137931 [ACCEPT]
[LVL9] rall6(A,B) :- all6(C,A), \+some6(B,C) 0.236074270557 (3.0, 9.0, 99.0, 5.0) 0.76724137931 [ACCEPT]
[LVL9] rall6(A,B) :- all6(C,A), \+no6(C,B) 0.172413793103 (2.0, 9.0, 99.0, 6.0) 0.689655172414 [ACCEPT]
[LVL9] rall6(A,B) :- all6(C,A), \+no6(B,C) 0.172413793103 (2.0, 9.0, 99.0, 6.0) 0.689655172414 [ACCEPT]
[LVL9] rall6(A,B) :- all6(C,A), \+somenot6(C,B) 0.236074270557 (3.0, 9.0, 99.0, 5.0) 0.76724137931 [ACCEPT]
[LVL9] rall6(A,B) :- all6(C,A), \+somenot6(B,C) 0.255747126437 (3.0, 8.0, 100.0, 5.0) 0.76724137931 [ACCEPT]
[LVL9] rall6(A,B) :- all6(C,B), all6(A,C) 0.35632183908 (1.0, 1.0, 107.0, 7.0) 0.534482758621 [ACCEPT]
[LVL9] rall6(A,B) :- all6(C,B), all6(A,D) 0.35632183908 (1.0, 1.0, 107.0, 7.0) 0.534482758621 [ACCEPT]
[LVL9] rall6(A,B) :- all6(C,B), all6(D,A) 0.35632183908 (1.0, 1.0, 107.0, 7.0) 0.534482758621 [ACCEPT]
[LVL9] rall6(A,B) :- all6(C,B), all6(D,C) 0.35632183908 (1.0, 1.0, 107.0, 7.0) 0.534482758621 [ACCEPT]
[LVL9] rall6(A,B) :- all6(C,B), no6(C,A) 0.35632183908 (1.0, 1.0, 107.0, 7.0) 0.534482758621 [ACCEPT]
[LVL9] rall6(A,B) :- all6(C,B), no6(C,D) 0.35632183908 (1.0, 1.0, 107.0, 7.0) 0.534482758621 [ACCEPT]
[LVL9] rall6(A,B) :- all6(C,B), no6(D,A) 0.35632183908 (1.0, 1.0, 107.0, 7.0) 0.534482758621 [ACCEPT]
[LVL9] rall6(A,B) :- all6(C,B), \+all6(A,C) 0.172413793103 (2.0, 9.0, 99.0, 6.0) 0.689655172414 [ACCEPT]
[LVL9] rall6(A,B) :- all6(C,B), \+all6(C,A) 0.172413793103 (2.0, 9.0, 99.0, 6.0) 0.689655172414 [ACCEPT]
[LVL9] rall6(A,B) :- all6(C,B), \+some6(A,C) 0.236074270557 (3.0, 9.0, 99.0, 5.0) 0.76724137931 [ACCEPT]
[LVL9] rall6(A,B) :- all6(C,B), \+some6(C,A) 0.236074270557 (3.0, 9.0, 99.0, 5.0) 0.76724137931 [ACCEPT]
[LVL9] rall6(A,B) :- all6(C,B), \+no6(A,C) 0.255747126437 (3.0, 8.0, 100.0, 5.0) 0.76724137931 [ACCEPT]
[LVL9] rall6(A,B) :- all6(C,B), \+no6(C,A) 0.172413793103 (2.0, 9.0, 99.0, 6.0) 0.689655172414 [ACCEPT]
[LVL9] rall6(A,B) :- all6(C,B), \+somenot6(A,C) 0.255747126437 (3.0, 8.0, 100.0, 5.0) 0.76724137931 [ACCEPT]
[LVL9] rall6(A,B) :- all6(C,B), \+somenot6(C,A) 0.236074270557 (3.0, 9.0, 99.0, 5.0) 0.76724137931 [ACCEPT]
[LVL9] rall6(A,B) :- all6(B,C), all6(A,C) 0.35632183908 (1.0, 1.0, 107.0, 7.0) 0.534482758621 [ACCEPT]
[LVL9] rall6(A,B) :- all6(B,C), all6(A,D) 0.35632183908 (1.0, 1.0, 107.0, 7.0) 0.534482758621 [ACCEPT]
[LVL9] rall6(A,B) :- all6(B,C), no6(A,C) 0.35632183908 (1.0, 1.0, 107.0, 7.0) 0.534482758621 [ACCEPT]
[LVL9] rall6(A,B) :- all6(B,C), no6(C,A) 0.35632183908 (1.0, 1.0, 107.0, 7.0) 0.534482758621 [ACCEPT]
[LVL9] rall6(A,B) :- all6(B,C), no6(A,D) 0.35632183908 (1.0, 1.0, 107.0, 7.0) 0.534482758621 [ACCEPT]
[LVL9] rall6(A,B) :- all6(B,C), no6(C,D) 0.35632183908 (1.0, 1.0, 107.0, 7.0) 0.534482758621 [ACCEPT]
[LVL9] rall6(A,B) :- all6(B,C), no6(D,A) 0.35632183908 (1.0, 1.0, 107.0, 7.0) 0.534482758621 [ACCEPT]
[LVL9] rall6(A,B) :- all6(B,C), no6(D,C) 0.35632183908 (1.0, 1.0, 107.0, 7.0) 0.534482758621 [ACCEPT]
[LVL9] rall6(A,B) :- all6(B,C), \+all6(A,C) 0.137931034483 (2.0, 12.0, 96.0, 6.0) 0.689655172414 [ACCEPT]
[LVL9] rall6(A,B) :- all6(B,C), \+all6(C,A) 0.204597701149 (3.0, 11.0, 97.0, 5.0) 0.76724137931 [ACCEPT]
[LVL9] rall6(A,B) :- all6(B,C), \+some6(A,C) 0.204597701149 (3.0, 11.0, 97.0, 5.0) 0.76724137931 [ACCEPT]
[LVL9] rall6(A,B) :- all6(B,C), \+some6(C,A) 0.204597701149 (3.0, 11.0, 97.0, 5.0) 0.76724137931 [ACCEPT]
[LVL9] rall6(A,B) :- all6(B,C), \+no6(A,C) 0.137931034483 (2.0, 12.0, 96.0, 6.0) 0.689655172414 [ACCEPT]
[LVL9] rall6(A,B) :- all6(B,C), \+no6(C,A) 0.137931034483 (2.0, 12.0, 96.0, 6.0) 0.689655172414 [ACCEPT]
[LVL9] rall6(A,B) :- all6(B,C), \+somenot6(A,C) 0.204597701149 (3.0, 11.0, 97.0, 5.0) 0.76724137931 [ACCEPT]
[LVL9] rall6(A,B) :- all6(B,C), \+somenot6(C,A) 0.204597701149 (3.0, 11.0, 97.0, 5.0) 0.76724137931 [ACCEPT]
[LVL9] rall6(A,B) :- no6(C,A), all6(C,D) 0.35632183908 (1.0, 1.0, 107.0, 7.0) 0.534482758621 [ACCEPT]
[LVL9] rall6(A,B) :- no6(C,A), all6(B,D) 0.35632183908 (1.0, 1.0, 107.0, 7.0) 0.534482758621 [ACCEPT]
[LVL9] rall6(A,B) :- no6(C,A), all6(D,C) 0.35632183908 (1.0, 1.0, 107.0, 7.0) 0.534482758621 [ACCEPT]
[LVL9] rall6(A,B) :- no6(C,A), all6(D,B) 0.35632183908 (1.0, 1.0, 107.0, 7.0) 0.534482758621 [ACCEPT]
[LVL9] rall6(A,B) :- no6(C,A), \+all6(C,B) 0.076354679803 (1.0, 12.0, 96.0, 7.0) 0.534482758621 [ACCEPT]
[LVL9] rall6(A,B) :- no6(C,A), \+all6(B,C) 0.076354679803 (1.0, 12.0, 96.0, 7.0) 0.534482758621 [ACCEPT]
[LVL9] rall6(A,B) :- no6(C,A), \+some6(C,B) 0.147783251232 (2.0, 11.0, 97.0, 6.0) 0.689655172414 [ACCEPT]
[LVL9] rall6(A,B) :- no6(C,A), \+some6(B,C) 0.147783251232 (2.0, 11.0, 97.0, 6.0) 0.689655172414 [ACCEPT]
[LVL9] rall6(A,B) :- no6(C,A), \+no6(C,B) 0.147783251232 (2.0, 11.0, 97.0, 6.0) 0.689655172414 [ACCEPT]
[LVL9] rall6(A,B) :- no6(C,A), \+no6(B,C) 0.137931034483 (2.0, 12.0, 96.0, 6.0) 0.689655172414 [ACCEPT]
[LVL9] rall6(A,B) :- no6(C,A), \+somenot6(C,B) 0.147783251232 (2.0, 11.0, 97.0, 6.0) 0.689655172414 [ACCEPT]
[LVL9] rall6(A,B) :- no6(C,A), \+somenot6(B,C) 0.147783251232 (2.0, 11.0, 97.0, 6.0) 0.689655172414 [ACCEPT]
[LVL9] rall6(A,B) :- all6(A,C), all6(C,D) 0.35632183908 (1.0, 1.0, 107.0, 7.0) 0.534482758621 [ACCEPT]
[LVL9] rall6(A,B) :- all6(A,C), all6(B,D) 0.35632183908 (1.0, 1.0, 107.0, 7.0) 0.534482758621 [ACCEPT]
[LVL9] rall6(A,B) :- all6(A,C), all6(D,B) 0.35632183908 (1.0, 1.0, 107.0, 7.0) 0.534482758621 [ACCEPT]
[LVL9] rall6(A,B) :- all6(A,C), \+all6(C,B) 0.0712643678161 (1.0, 13.0, 95.0, 7.0) 0.534482758621 [ACCEPT]
[LVL9] rall6(A,B) :- all6(A,C), \+all6(B,C) 0.0712643678161 (1.0, 13.0, 95.0, 7.0) 0.534482758621 [ACCEPT]
[LVL9] rall6(A,B) :- all6(A,C), \+some6(C,B) 0.137931034483 (2.0, 12.0, 96.0, 6.0) 0.689655172414 [ACCEPT]
[LVL9] rall6(A,B) :- all6(A,C), \+some6(B,C) 0.137931034483 (2.0, 12.0, 96.0, 6.0) 0.689655172414 [ACCEPT]
[LVL9] rall6(A,B) :- all6(A,C), \+no6(C,B) 0.137931034483 (2.0, 12.0, 96.0, 6.0) 0.689655172414 [ACCEPT]
[LVL9] rall6(A,B) :- all6(A,C), \+no6(B,C) 0.137931034483 (2.0, 12.0, 96.0, 6.0) 0.689655172414 [ACCEPT]
[LVL9] rall6(A,B) :- all6(A,C), \+somenot6(C,B) 0.137931034483 (2.0, 12.0, 96.0, 6.0) 0.689655172414 [ACCEPT]
[LVL9] rall6(A,B) :- all6(A,C), \+somenot6(B,C) 0.137931034483 (2.0, 12.0, 96.0, 6.0) 0.689655172414 [ACCEPT]
[LVL9] rall6(A,B) :- no6(A,C), all6(B,D) 0.35632183908 (1.0, 1.0, 107.0, 7.0) 0.534482758621 [ACCEPT]
[LVL9] rall6(A,B) :- no6(A,C), all6(D,C) 0.35632183908 (1.0, 1.0, 107.0, 7.0) 0.534482758621 [ACCEPT]
[LVL9] rall6(A,B) :- no6(A,C), \+all6(C,B) 0.076354679803 (1.0, 12.0, 96.0, 7.0) 0.534482758621 [ACCEPT]
[LVL9] rall6(A,B) :- no6(A,C), \+some6(C,B) 0.076354679803 (1.0, 12.0, 96.0, 7.0) 0.534482758621 [ACCEPT]
[LVL9] rall6(A,B) :- no6(A,C), \+some6(B,C) 0.076354679803 (1.0, 12.0, 96.0, 7.0) 0.534482758621 [ACCEPT]
[LVL9] rall6(A,B) :- no6(A,C), \+no6(C,B) 0.0712643678161 (1.0, 13.0, 95.0, 7.0) 0.534482758621 [ACCEPT]
[LVL9] rall6(A,B) :- no6(A,C), \+no6(B,C) 0.076354679803 (1.0, 12.0, 96.0, 7.0) 0.534482758621 [ACCEPT]
[LVL9] rall6(A,B) :- no6(A,C), \+somenot6(C,B) 0.076354679803 (1.0, 12.0, 96.0, 7.0) 0.534482758621 [ACCEPT]
[LVL9] rall6(A,B) :- no6(A,C), \+somenot6(B,C) 0.076354679803 (1.0, 12.0, 96.0, 7.0) 0.534482758621 [ACCEPT]
[LVL9] rall6(A,B) :- no6(B,C), all6(C,D) 0.35632183908 (1.0, 1.0, 107.0, 7.0) 0.534482758621 [ACCEPT]
[LVL9] rall6(A,B) :- no6(B,C), all6(D,A) 0.35632183908 (1.0, 1.0, 107.0, 7.0) 0.534482758621 [ACCEPT]
[LVL9] rall6(A,B) :- no6(B,C), \+all6(A,C) 0.076354679803 (1.0, 12.0, 96.0, 7.0) 0.534482758621 [ACCEPT]
[LVL9] rall6(A,B) :- no6(B,C), \+some6(A,C) 0.076354679803 (1.0, 12.0, 96.0, 7.0) 0.534482758621 [ACCEPT]
[LVL9] rall6(A,B) :- no6(B,C), \+some6(C,A) 0.076354679803 (1.0, 12.0, 96.0, 7.0) 0.534482758621 [ACCEPT]
[LVL9] rall6(A,B) :- no6(B,C), \+no6(A,C) 0.076354679803 (1.0, 12.0, 96.0, 7.0) 0.534482758621 [ACCEPT]
[LVL9] rall6(A,B) :- no6(B,C), \+no6(C,A) 0.0712643678161 (1.0, 13.0, 95.0, 7.0) 0.534482758621 [ACCEPT]
[LVL9] rall6(A,B) :- no6(B,C), \+somenot6(A,C) 0.076354679803 (1.0, 12.0, 96.0, 7.0) 0.534482758621 [ACCEPT]
[LVL9] rall6(A,B) :- no6(B,C), \+somenot6(C,A) 0.076354679803 (1.0, 12.0, 96.0, 7.0) 0.534482758621 [ACCEPT]
[LVL9] rall6(A,B) :- no6(C,B), all6(C,D) 0.35632183908 (1.0, 1.0, 107.0, 7.0) 0.534482758621 [ACCEPT]
[LVL9] rall6(A,B) :- no6(C,B), all6(D,A) 0.35632183908 (1.0, 1.0, 107.0, 7.0) 0.534482758621 [ACCEPT]
[LVL9] rall6(A,B) :- no6(C,B), \+all6(A,C) 0.076354679803 (1.0, 12.0, 96.0, 7.0) 0.534482758621 [ACCEPT]
[LVL9] rall6(A,B) :- no6(C,B), \+some6(A,C) 0.076354679803 (1.0, 12.0, 96.0, 7.0) 0.534482758621 [ACCEPT]
[LVL9] rall6(A,B) :- no6(C,B), \+some6(C,A) 0.076354679803 (1.0, 12.0, 96.0, 7.0) 0.534482758621 [ACCEPT]
[LVL9] rall6(A,B) :- no6(C,B), \+no6(A,C) 0.0712643678161 (1.0, 13.0, 95.0, 7.0) 0.534482758621 [ACCEPT]
[LVL9] rall6(A,B) :- no6(C,B), \+no6(C,A) 0.076354679803 (1.0, 12.0, 96.0, 7.0) 0.534482758621 [ACCEPT]
[LVL9] rall6(A,B) :- no6(C,B), \+somenot6(A,C) 0.076354679803 (1.0, 12.0, 96.0, 7.0) 0.534482758621 [ACCEPT]
[LVL9] rall6(A,B) :- no6(C,B), \+somenot6(C,A) 0.076354679803 (1.0, 12.0, 96.0, 7.0) 0.534482758621 [ACCEPT]
[DEBUG] Best rule so far: rall6(A,B) :- all6(C,A), all6(C,B) [0.35632183908]
[DEBUG] Candidates for iteration 3:
[DEBUG] ==================================
[DEBUG] rall6(A,B) :- all6(C,A), all6(C,B) 0.35632183908
[DEBUG] rall6(A,B) :- all6(C,A), all6(D,B) 0.35632183908
[DEBUG] rall6(A,B) :- all6(C,A), no6(C,B) 0.35632183908
[DEBUG] rall6(A,B) :- all6(C,A), no6(B,C) 0.35632183908
[DEBUG] rall6(A,B) :- all6(C,A), no6(C,D) 0.35632183908
[DEBUG] rall6(A,B) :- all6(C,A), no6(B,D) 0.35632183908
[DEBUG] rall6(A,B) :- all6(C,A), no6(D,C) 0.35632183908
[DEBUG] rall6(A,B) :- all6(C,A), no6(D,B) 0.35632183908
[DEBUG] rall6(A,B) :- all6(C,B), all6(A,C) 0.35632183908
[DEBUG] rall6(A,B) :- all6(C,B), all6(A,D) 0.35632183908
[DEBUG] rall6(A,B) :- all6(C,B), all6(D,A) 0.35632183908
[DEBUG] rall6(A,B) :- all6(C,B), all6(D,C) 0.35632183908
[DEBUG] rall6(A,B) :- all6(C,B), no6(C,A) 0.35632183908
[DEBUG] rall6(A,B) :- all6(C,B), no6(C,D) 0.35632183908
[DEBUG] rall6(A,B) :- all6(C,B), no6(D,A) 0.35632183908
[DEBUG] rall6(A,B) :- all6(B,C), all6(A,C) 0.35632183908
[DEBUG] rall6(A,B) :- all6(B,C), all6(A,D) 0.35632183908
[DEBUG] rall6(A,B) :- all6(B,C), no6(A,C) 0.35632183908
[DEBUG] rall6(A,B) :- all6(B,C), no6(C,A) 0.35632183908
[DEBUG] rall6(A,B) :- all6(B,C), no6(A,D) 0.35632183908
[DEBUG] rall6(A,B) :- all6(B,C), no6(C,D) 0.35632183908
[DEBUG] rall6(A,B) :- all6(B,C), no6(D,A) 0.35632183908
[DEBUG] rall6(A,B) :- all6(B,C), no6(D,C) 0.35632183908
[DEBUG] rall6(A,B) :- no6(C,A), all6(C,D) 0.35632183908
[DEBUG] rall6(A,B) :- no6(C,A), all6(B,D) 0.35632183908
[DEBUG] rall6(A,B) :- no6(C,A), all6(D,C) 0.35632183908
[DEBUG] rall6(A,B) :- no6(C,A), all6(D,B) 0.35632183908
[DEBUG] rall6(A,B) :- all6(A,C), all6(C,D) 0.35632183908
[DEBUG] rall6(A,B) :- all6(A,C), all6(B,D) 0.35632183908
[DEBUG] rall6(A,B) :- all6(A,C), all6(D,B) 0.35632183908
[DEBUG] rall6(A,B) :- no6(A,C), all6(B,D) 0.35632183908
[DEBUG] rall6(A,B) :- no6(A,C), all6(D,C) 0.35632183908
[DEBUG] rall6(A,B) :- no6(B,C), all6(C,D) 0.35632183908
[DEBUG] rall6(A,B) :- no6(B,C), all6(D,A) 0.35632183908
[DEBUG] rall6(A,B) :- no6(C,B), all6(C,D) 0.35632183908
[DEBUG] rall6(A,B) :- no6(C,B), all6(D,A) 0.35632183908
[DEBUG] rall6(A,B) :- all6(C,A), \+all6(B,C) 0.255747126437
[DEBUG] rall6(A,B) :- all6(C,A), \+somenot6(B,C) 0.255747126437
[DEBUG] rall6(A,B) :- all6(C,B), \+no6(A,C) 0.255747126437
[DEBUG] rall6(A,B) :- all6(C,B), \+somenot6(A,C) 0.255747126437
[DEBUG] rall6(A,B) :- all6(C,A), \+some6(C,B) 0.236074270557
[DEBUG] rall6(A,B) :- all6(C,A), \+some6(B,C) 0.236074270557
[DEBUG] rall6(A,B) :- all6(C,A), \+somenot6(C,B) 0.236074270557
[DEBUG] rall6(A,B) :- all6(C,B), \+some6(A,C) 0.236074270557
[DEBUG] rall6(A,B) :- all6(C,B), \+some6(C,A) 0.236074270557
[DEBUG] rall6(A,B) :- all6(C,B), \+somenot6(C,A) 0.236074270557
[DEBUG] rall6(A,B) :- all6(B,C), \+all6(C,A) 0.204597701149
[DEBUG] rall6(A,B) :- all6(B,C), \+some6(A,C) 0.204597701149
[DEBUG] rall6(A,B) :- all6(B,C), \+some6(C,A) 0.204597701149
[DEBUG] rall6(A,B) :- all6(B,C), \+somenot6(A,C) 0.204597701149
[DEBUG] rall6(A,B) :- all6(B,C), \+somenot6(C,A) 0.204597701149
[DEBUG] rall6(A,B) :- all6(C,A), \+all6(C,B) 0.172413793103
[DEBUG] rall6(A,B) :- all6(C,A), \+no6(C,B) 0.172413793103
[DEBUG] rall6(A,B) :- all6(C,A), \+no6(B,C) 0.172413793103
[DEBUG] rall6(A,B) :- all6(C,B), \+all6(A,C) 0.172413793103
[DEBUG] rall6(A,B) :- all6(C,B), \+all6(C,A) 0.172413793103
[DEBUG] rall6(A,B) :- all6(C,B), \+no6(C,A) 0.172413793103
[DEBUG] rall6(A,B) :- no6(C,A), \+some6(C,B) 0.147783251232
[DEBUG] rall6(A,B) :- no6(C,A), \+some6(B,C) 0.147783251232
[DEBUG] rall6(A,B) :- no6(C,A), \+no6(C,B) 0.147783251232
[DEBUG] rall6(A,B) :- no6(C,A), \+somenot6(C,B) 0.147783251232
[DEBUG] rall6(A,B) :- no6(C,A), \+somenot6(B,C) 0.147783251232
[DEBUG] rall6(A,B) :- all6(B,C), \+all6(A,C) 0.137931034483
[DEBUG] rall6(A,B) :- all6(B,C), \+no6(A,C) 0.137931034483
[DEBUG] rall6(A,B) :- all6(B,C), \+no6(C,A) 0.137931034483
[DEBUG] rall6(A,B) :- no6(C,A), \+no6(B,C) 0.137931034483
[DEBUG] rall6(A,B) :- all6(A,C), \+some6(C,B) 0.137931034483
[DEBUG] rall6(A,B) :- all6(A,C), \+some6(B,C) 0.137931034483
[DEBUG] rall6(A,B) :- all6(A,C), \+no6(C,B) 0.137931034483
[DEBUG] rall6(A,B) :- all6(A,C), \+no6(B,C) 0.137931034483
[DEBUG] rall6(A,B) :- all6(A,C), \+somenot6(C,B) 0.137931034483
[DEBUG] rall6(A,B) :- all6(A,C), \+somenot6(B,C) 0.137931034483
[DEBUG] rall6(A,B) :- no6(C,A), \+all6(C,B) 0.076354679803
[DEBUG] rall6(A,B) :- no6(C,A), \+all6(B,C) 0.076354679803
[DEBUG] rall6(A,B) :- no6(A,C), \+all6(C,B) 0.076354679803
[DEBUG] rall6(A,B) :- no6(A,C), \+some6(C,B) 0.076354679803
[DEBUG] rall6(A,B) :- no6(A,C), \+some6(B,C) 0.076354679803
[DEBUG] rall6(A,B) :- no6(A,C), \+no6(B,C) 0.076354679803
[DEBUG] rall6(A,B) :- no6(A,C), \+somenot6(C,B) 0.076354679803
[DEBUG] rall6(A,B) :- no6(A,C), \+somenot6(B,C) 0.076354679803
[DEBUG] rall6(A,B) :- no6(B,C), \+all6(A,C) 0.076354679803
[DEBUG] rall6(A,B) :- no6(B,C), \+some6(A,C) 0.076354679803
[DEBUG] rall6(A,B) :- no6(B,C), \+some6(C,A) 0.076354679803
[DEBUG] rall6(A,B) :- no6(B,C), \+no6(A,C) 0.076354679803
[DEBUG] rall6(A,B) :- no6(B,C), \+somenot6(A,C) 0.076354679803
[DEBUG] rall6(A,B) :- no6(B,C), \+somenot6(C,A) 0.076354679803
[DEBUG] rall6(A,B) :- no6(C,B), \+all6(A,C) 0.076354679803
[DEBUG] rall6(A,B) :- no6(C,B), \+some6(A,C) 0.076354679803
[DEBUG] rall6(A,B) :- no6(C,B), \+some6(C,A) 0.076354679803
[DEBUG] rall6(A,B) :- no6(C,B), \+no6(C,A) 0.076354679803
[DEBUG] rall6(A,B) :- no6(C,B), \+somenot6(A,C) 0.076354679803
[DEBUG] rall6(A,B) :- no6(C,B), \+somenot6(C,A) 0.076354679803
[DEBUG] rall6(A,B) :- all6(A,C), \+all6(C,B) 0.0712643678161
[DEBUG] rall6(A,B) :- all6(A,C), \+all6(B,C) 0.0712643678161
[DEBUG] rall6(A,B) :- no6(A,C), \+no6(C,B) 0.0712643678161
[DEBUG] rall6(A,B) :- no6(B,C), \+no6(C,A) 0.0712643678161
[DEBUG] rall6(A,B) :- no6(C,B), \+no6(A,C) 0.0712643678161
[DEBUG] ==================================
[INFO] RULE LEARNED: rall6(A,B) :- all6(C,A), all6(C,B) 0.931034482759
[DEBUG] Best rule so far: rall6(A,B) :- true [0.0614035087719]
[DEBUG] Candidates for iteration 1:
[DEBUG] ==================================
[DEBUG] rall6(A,B) :- true 0.0614035087719
[DEBUG] ==================================
[LVL9] rall6(A,B) :- all6(A,C) 0.121259029928 (3.0, 15.0, 93.0, 5.0) 0.687134502924 [ACCEPT]
[LVL9] BETTER RULE rall6(A,B) :- all6(A,C) (0.12125902992776058, 3.0) > (0.06140350877192982, 8.0)
[LVL9] rall6(A,B) :- all6(B,C) 0.18008255934 (4.0, 14.0, 94.0, 4.0) 0.765350877193 [ACCEPT]
[LVL9] BETTER RULE rall6(A,B) :- all6(B,C) (0.18008255933952527, 4.0) > (0.12125902992776058, 3.0)
[LVL9] rall6(A,B) :- all6(C,A) 0.171783625731 (3.0, 10.0, 98.0, 5.0) 0.687134502924 [ACCEPT]
[LVL9] rall6(A,B) :- all6(C,B) 0.171783625731 (3.0, 10.0, 98.0, 5.0) 0.687134502924 [ACCEPT]
[LVL9] rall6(A,B) :- no6(A,C) 0.0663377192982 (2.0, 15.0, 93.0, 6.0) 0.530701754386 [ACCEPT]
[LVL9] rall6(A,B) :- no6(B,C) 0.0663377192982 (2.0, 15.0, 93.0, 6.0) 0.530701754386 [ACCEPT]
[LVL9] rall6(A,B) :- no6(C,A) 0.128837719298 (3.0, 14.0, 94.0, 5.0) 0.687134502924 [ACCEPT]
[LVL9] rall6(A,B) :- no6(C,B) 0.0663377192982 (2.0, 15.0, 93.0, 6.0) 0.530701754386 [ACCEPT]
[DEBUG] Best rule so far: rall6(A,B) :- all6(B,C) [0.18008255934]
[DEBUG] Candidates for iteration 2:
[DEBUG] ==================================
[DEBUG] rall6(A,B) :- all6(B,C) 0.18008255934
[DEBUG] rall6(A,B) :- all6(C,A) 0.171783625731
[DEBUG] rall6(A,B) :- all6(C,B) 0.171783625731
[DEBUG] rall6(A,B) :- no6(C,A) 0.128837719298
[DEBUG] rall6(A,B) :- all6(A,C) 0.121259029928
[DEBUG] rall6(A,B) :- no6(A,C) 0.0663377192982
[DEBUG] rall6(A,B) :- no6(B,C) 0.0663377192982
[DEBUG] rall6(A,B) :- no6(C,B) 0.0663377192982
[DEBUG] ==================================
[LVL9] rall6(A,B) :- all6(B,C), all6(A,C) 0.353801169591 (2.0, 2.0, 106.0, 6.0) 0.530701754386 [ACCEPT]
[LVL9] BETTER RULE rall6(A,B) :- all6(B,C), all6(A,C) (0.3538011695906433, 2.0) > (0.18008255933952527, 4.0)
[LVL9] rall6(A,B) :- all6(B,C), all6(A,D) 0.353801169591 (2.0, 2.0, 106.0, 6.0) 0.530701754386 [ACCEPT]
[LVL9] rall6(A,B) :- all6(B,C), no6(A,C) 0.353801169591 (2.0, 2.0, 106.0, 6.0) 0.530701754386 [ACCEPT]
[LVL9] rall6(A,B) :- all6(B,C), no6(C,A) 0.353801169591 (2.0, 2.0, 106.0, 6.0) 0.530701754386 [ACCEPT]
[LVL9] rall6(A,B) :- all6(B,C), no6(A,D) 0.353801169591 (2.0, 2.0, 106.0, 6.0) 0.530701754386 [ACCEPT]
[LVL9] rall6(A,B) :- all6(B,C), no6(C,D) 0.353801169591 (2.0, 2.0, 106.0, 6.0) 0.530701754386 [ACCEPT]
[LVL9] rall6(A,B) :- all6(B,C), no6(D,A) 0.353801169591 (2.0, 2.0, 106.0, 6.0) 0.530701754386 [ACCEPT]
[LVL9] rall6(A,B) :- all6(B,C), no6(D,C) 0.353801169591 (2.0, 2.0, 106.0, 6.0) 0.530701754386 [ACCEPT]
[LVL9] rall6(A,B) :- all6(B,C), \+all6(A,C) 0.137426900585 (3.0, 13.0, 95.0, 5.0) 0.687134502924 [ACCEPT]
[LVL9] rall6(A,B) :- all6(B,C), \+all6(C,A) 0.204093567251 (4.0, 12.0, 96.0, 4.0) 0.765350877193 [ACCEPT]
[LVL9] rall6(A,B) :- all6(B,C), \+some6(A,C) 0.204093567251 (4.0, 12.0, 96.0, 4.0) 0.765350877193 [ACCEPT]
[LVL9] rall6(A,B) :- all6(B,C), \+some6(C,A) 0.204093567251 (4.0, 12.0, 96.0, 4.0) 0.765350877193 [ACCEPT]
[LVL9] rall6(A,B) :- all6(B,C), \+no6(A,C) 0.137426900585 (3.0, 13.0, 95.0, 5.0) 0.687134502924 [ACCEPT]
[LVL9] rall6(A,B) :- all6(B,C), \+no6(C,A) 0.137426900585 (3.0, 13.0, 95.0, 5.0) 0.687134502924 [ACCEPT]
[LVL9] rall6(A,B) :- all6(B,C), \+somenot6(A,C) 0.204093567251 (4.0, 12.0, 96.0, 4.0) 0.765350877193 [ACCEPT]
[LVL9] rall6(A,B) :- all6(B,C), \+somenot6(C,A) 0.204093567251 (4.0, 12.0, 96.0, 4.0) 0.765350877193 [ACCEPT]
[LVL9] rall6(A,B) :- all6(C,A), no6(C,B) 0.353801169591 (2.0, 2.0, 106.0, 6.0) 0.530701754386 [ACCEPT]
[LVL9] rall6(A,B) :- all6(C,A), no6(B,C) 0.353801169591 (2.0, 2.0, 106.0, 6.0) 0.530701754386 [ACCEPT]
[LVL9] rall6(A,B) :- all6(C,A), no6(C,D) 0.353801169591 (2.0, 2.0, 106.0, 6.0) 0.530701754386 [ACCEPT]
[LVL9] rall6(A,B) :- all6(C,A), no6(B,D) 0.353801169591 (2.0, 2.0, 106.0, 6.0) 0.530701754386 [ACCEPT]
[LVL9] rall6(A,B) :- all6(C,A), no6(D,C) 0.353801169591 (2.0, 2.0, 106.0, 6.0) 0.530701754386 [ACCEPT]
[LVL9] rall6(A,B) :- all6(C,A), no6(D,B) 0.353801169591 (2.0, 2.0, 106.0, 6.0) 0.530701754386 [ACCEPT]
[LVL9] rall6(A,B) :- all6(C,A), \+all6(B,C) 0.206140350877 (3.0, 8.0, 100.0, 5.0) 0.687134502924 [ACCEPT]
[LVL9] rall6(A,B) :- all6(C,A), \+some6(C,B) 0.187400318979 (3.0, 9.0, 99.0, 5.0) 0.687134502924 [ACCEPT]
[LVL9] rall6(A,B) :- all6(C,A), \+some6(B,C) 0.187400318979 (3.0, 9.0, 99.0, 5.0) 0.687134502924 [ACCEPT]
[LVL9] rall6(A,B) :- all6(C,A), \+no6(C,B) 0.106140350877 (2.0, 9.0, 99.0, 6.0) 0.530701754386 [ACCEPT]
[LVL9] rall6(A,B) :- all6(C,A), \+no6(B,C) 0.106140350877 (2.0, 9.0, 99.0, 6.0) 0.530701754386 [ACCEPT]
[LVL9] rall6(A,B) :- all6(C,A), \+somenot6(C,B) 0.187400318979 (3.0, 9.0, 99.0, 5.0) 0.687134502924 [ACCEPT]
[LVL9] rall6(A,B) :- all6(C,A), \+somenot6(B,C) 0.206140350877 (3.0, 8.0, 100.0, 5.0) 0.687134502924 [ACCEPT]
[LVL9] rall6(A,B) :- all6(C,B), all6(A,C) 0.353801169591 (2.0, 2.0, 106.0, 6.0) 0.530701754386 [ACCEPT]
[LVL9] rall6(A,B) :- all6(C,B), all6(A,D) 0.353801169591 (2.0, 2.0, 106.0, 6.0) 0.530701754386 [ACCEPT]
[LVL9] rall6(A,B) :- all6(C,B), all6(D,C) 0.353801169591 (2.0, 2.0, 106.0, 6.0) 0.530701754386 [ACCEPT]
[LVL9] rall6(A,B) :- all6(C,B), no6(C,A) 0.353801169591 (2.0, 2.0, 106.0, 6.0) 0.530701754386 [ACCEPT]
[LVL9] rall6(A,B) :- all6(C,B), no6(C,D) 0.353801169591 (2.0, 2.0, 106.0, 6.0) 0.530701754386 [ACCEPT]
[LVL9] rall6(A,B) :- all6(C,B), no6(D,A) 0.353801169591 (2.0, 2.0, 106.0, 6.0) 0.530701754386 [ACCEPT]
[LVL9] rall6(A,B) :- all6(C,B), \+all6(A,C) 0.106140350877 (2.0, 9.0, 99.0, 6.0) 0.530701754386 [ACCEPT]
[LVL9] rall6(A,B) :- all6(C,B), \+some6(A,C) 0.187400318979 (3.0, 9.0, 99.0, 5.0) 0.687134502924 [ACCEPT]
[LVL9] rall6(A,B) :- all6(C,B), \+some6(C,A) 0.187400318979 (3.0, 9.0, 99.0, 5.0) 0.687134502924 [ACCEPT]
[LVL9] rall6(A,B) :- all6(C,B), \+no6(A,C) 0.206140350877 (3.0, 8.0, 100.0, 5.0) 0.687134502924 [ACCEPT]
[LVL9] rall6(A,B) :- all6(C,B), \+no6(C,A) 0.106140350877 (2.0, 9.0, 99.0, 6.0) 0.530701754386 [ACCEPT]
[LVL9] rall6(A,B) :- all6(C,B), \+somenot6(A,C) 0.206140350877 (3.0, 8.0, 100.0, 5.0) 0.687134502924 [ACCEPT]
[LVL9] rall6(A,B) :- all6(C,B), \+somenot6(C,A) 0.187400318979 (3.0, 9.0, 99.0, 5.0) 0.687134502924 [ACCEPT]
[LVL9] rall6(A,B) :- no6(C,A), all6(C,D) 0.353801169591 (2.0, 2.0, 106.0, 6.0) 0.530701754386 [ACCEPT]
[LVL9] rall6(A,B) :- no6(C,A), all6(B,D) 0.353801169591 (2.0, 2.0, 106.0, 6.0) 0.530701754386 [ACCEPT]
[LVL9] rall6(A,B) :- no6(C,A), all6(D,C) 0.353801169591 (2.0, 2.0, 106.0, 6.0) 0.530701754386 [ACCEPT]
[LVL9] rall6(A,B) :- no6(C,A), all6(D,B) 0.353801169591 (2.0, 2.0, 106.0, 6.0) 0.530701754386 [ACCEPT]
[LVL9] rall6(A,B) :- no6(C,A), \+all6(C,B) 0.0758145363409 (2.0, 13.0, 95.0, 6.0) 0.530701754386 [ACCEPT]
[LVL9] rall6(A,B) :- no6(C,A), \+all6(B,C) 0.0758145363409 (2.0, 13.0, 95.0, 6.0) 0.530701754386 [ACCEPT]
[LVL9] rall6(A,B) :- no6(C,A), \+some6(C,B) 0.147243107769 (3.0, 12.0, 96.0, 5.0) 0.687134502924 [ACCEPT]
[LVL9] rall6(A,B) :- no6(C,A), \+some6(B,C) 0.147243107769 (3.0, 12.0, 96.0, 5.0) 0.687134502924 [ACCEPT]
[LVL9] rall6(A,B) :- no6(C,A), \+no6(C,B) 0.147243107769 (3.0, 12.0, 96.0, 5.0) 0.687134502924 [ACCEPT]
[LVL9] rall6(A,B) :- no6(C,A), \+no6(B,C) 0.137426900585 (3.0, 13.0, 95.0, 5.0) 0.687134502924 [ACCEPT]
[LVL9] rall6(A,B) :- no6(C,A), \+somenot6(C,B) 0.147243107769 (3.0, 12.0, 96.0, 5.0) 0.687134502924 [ACCEPT]
[LVL9] rall6(A,B) :- no6(C,A), \+somenot6(B,C) 0.147243107769 (3.0, 12.0, 96.0, 5.0) 0.687134502924 [ACCEPT]
[LVL9] rall6(A,B) :- all6(A,C), all6(C,D) 0.353801169591 (2.0, 2.0, 106.0, 6.0) 0.530701754386 [ACCEPT]
[LVL9] rall6(A,B) :- all6(A,C), all6(B,D) 0.353801169591 (2.0, 2.0, 106.0, 6.0) 0.530701754386 [ACCEPT]
[LVL9] rall6(A,B) :- all6(A,C), all6(D,B) 0.353801169591 (2.0, 2.0, 106.0, 6.0) 0.530701754386 [ACCEPT]
[LVL9] rall6(A,B) :- all6(A,C), \+all6(C,B) 0.0707602339181 (2.0, 14.0, 94.0, 6.0) 0.530701754386 [ACCEPT]
[LVL9] rall6(A,B) :- all6(A,C), \+all6(B,C) 0.0707602339181 (2.0, 14.0, 94.0, 6.0) 0.530701754386 [ACCEPT]
[LVL9] rall6(A,B) :- all6(A,C), \+some6(C,B) 0.137426900585 (3.0, 13.0, 95.0, 5.0) 0.687134502924 [ACCEPT]
[LVL9] rall6(A,B) :- all6(A,C), \+some6(B,C) 0.137426900585 (3.0, 13.0, 95.0, 5.0) 0.687134502924 [ACCEPT]
[LVL9] rall6(A,B) :- all6(A,C), \+no6(C,B) 0.137426900585 (3.0, 13.0, 95.0, 5.0) 0.687134502924 [ACCEPT]
[LVL9] rall6(A,B) :- all6(A,C), \+no6(B,C) 0.137426900585 (3.0, 13.0, 95.0, 5.0) 0.687134502924 [ACCEPT]
[LVL9] rall6(A,B) :- all6(A,C), \+somenot6(C,B) 0.137426900585 (3.0, 13.0, 95.0, 5.0) 0.687134502924 [ACCEPT]
[LVL9] rall6(A,B) :- all6(A,C), \+somenot6(B,C) 0.137426900585 (3.0, 13.0, 95.0, 5.0) 0.687134502924 [ACCEPT]
[LVL9] rall6(A,B) :- no6(A,C), all6(B,D) 0.353801169591 (2.0, 2.0, 106.0, 6.0) 0.530701754386 [ACCEPT]
[LVL9] rall6(A,B) :- no6(A,C), all6(D,C) 0.353801169591 (2.0, 2.0, 106.0, 6.0) 0.530701754386 [ACCEPT]
[LVL9] rall6(A,B) :- no6(A,C), \+all6(C,B) 0.0758145363409 (2.0, 13.0, 95.0, 6.0) 0.530701754386 [ACCEPT]
[LVL9] rall6(A,B) :- no6(A,C), \+some6(C,B) 0.0758145363409 (2.0, 13.0, 95.0, 6.0) 0.530701754386 [ACCEPT]
[LVL9] rall6(A,B) :- no6(A,C), \+some6(B,C) 0.0758145363409 (2.0, 13.0, 95.0, 6.0) 0.530701754386 [ACCEPT]
[LVL9] rall6(A,B) :- no6(A,C), \+no6(C,B) 0.0707602339181 (2.0, 14.0, 94.0, 6.0) 0.530701754386 [ACCEPT]
[LVL9] rall6(A,B) :- no6(A,C), \+no6(B,C) 0.0758145363409 (2.0, 13.0, 95.0, 6.0) 0.530701754386 [ACCEPT]
[LVL9] rall6(A,B) :- no6(A,C), \+somenot6(C,B) 0.0758145363409 (2.0, 13.0, 95.0, 6.0) 0.530701754386 [ACCEPT]
[LVL9] rall6(A,B) :- no6(A,C), \+somenot6(B,C) 0.0758145363409 (2.0, 13.0, 95.0, 6.0) 0.530701754386 [ACCEPT]
[LVL9] rall6(A,B) :- no6(B,C), all6(C,D) 0.353801169591 (2.0, 2.0, 106.0, 6.0) 0.530701754386 [ACCEPT]
[LVL9] rall6(A,B) :- no6(B,C), all6(D,A) 0.353801169591 (2.0, 2.0, 106.0, 6.0) 0.530701754386 [ACCEPT]
[LVL9] rall6(A,B) :- no6(B,C), \+all6(A,C) 0.0758145363409 (2.0, 13.0, 95.0, 6.0) 0.530701754386 [ACCEPT]
[LVL9] rall6(A,B) :- no6(B,C), \+some6(A,C) 0.0758145363409 (2.0, 13.0, 95.0, 6.0) 0.530701754386 [ACCEPT]
[LVL9] rall6(A,B) :- no6(B,C), \+some6(C,A) 0.0758145363409 (2.0, 13.0, 95.0, 6.0) 0.530701754386 [ACCEPT]
[LVL9] rall6(A,B) :- no6(B,C), \+no6(A,C) 0.0758145363409 (2.0, 13.0, 95.0, 6.0) 0.530701754386 [ACCEPT]
[LVL9] rall6(A,B) :- no6(B,C), \+no6(C,A) 0.0707602339181 (2.0, 14.0, 94.0, 6.0) 0.530701754386 [ACCEPT]
[LVL9] rall6(A,B) :- no6(B,C), \+somenot6(A,C) 0.0758145363409 (2.0, 13.0, 95.0, 6.0) 0.530701754386 [ACCEPT]
[LVL9] rall6(A,B) :- no6(B,C), \+somenot6(C,A) 0.0758145363409 (2.0, 13.0, 95.0, 6.0) 0.530701754386 [ACCEPT]
[LVL9] rall6(A,B) :- no6(C,B), all6(C,D) 0.353801169591 (2.0, 2.0, 106.0, 6.0) 0.530701754386 [ACCEPT]
[LVL9] rall6(A,B) :- no6(C,B), all6(D,A) 0.353801169591 (2.0, 2.0, 106.0, 6.0) 0.530701754386 [ACCEPT]
[LVL9] rall6(A,B) :- no6(C,B), \+all6(A,C) 0.0758145363409 (2.0, 13.0, 95.0, 6.0) 0.530701754386 [ACCEPT]
[LVL9] rall6(A,B) :- no6(C,B), \+some6(A,C) 0.0758145363409 (2.0, 13.0, 95.0, 6.0) 0.530701754386 [ACCEPT]
[LVL9] rall6(A,B) :- no6(C,B), \+some6(C,A) 0.0758145363409 (2.0, 13.0, 95.0, 6.0) 0.530701754386 [ACCEPT]
[LVL9] rall6(A,B) :- no6(C,B), \+no6(A,C) 0.0707602339181 (2.0, 14.0, 94.0, 6.0) 0.530701754386 [ACCEPT]
[LVL9] rall6(A,B) :- no6(C,B), \+no6(C,A) 0.0758145363409 (2.0, 13.0, 95.0, 6.0) 0.530701754386 [ACCEPT]
[LVL9] rall6(A,B) :- no6(C,B), \+somenot6(A,C) 0.0758145363409 (2.0, 13.0, 95.0, 6.0) 0.530701754386 [ACCEPT]
[LVL9] rall6(A,B) :- no6(C,B), \+somenot6(C,A) 0.0758145363409 (2.0, 13.0, 95.0, 6.0) 0.530701754386 [ACCEPT]
[DEBUG] Best rule so far: rall6(A,B) :- all6(B,C), all6(A,C) [0.353801169591]
[DEBUG] Candidates for iteration 3:
[DEBUG] ==================================
[DEBUG] rall6(A,B) :- all6(B,C), all6(A,C) 0.353801169591
[DEBUG] rall6(A,B) :- all6(B,C), all6(A,D) 0.353801169591
[DEBUG] rall6(A,B) :- all6(B,C), no6(A,C) 0.353801169591
[DEBUG] rall6(A,B) :- all6(B,C), no6(C,A) 0.353801169591
[DEBUG] rall6(A,B) :- all6(B,C), no6(A,D) 0.353801169591
[DEBUG] rall6(A,B) :- all6(B,C), no6(C,D) 0.353801169591
[DEBUG] rall6(A,B) :- all6(B,C), no6(D,A) 0.353801169591
[DEBUG] rall6(A,B) :- all6(B,C), no6(D,C) 0.353801169591
[DEBUG] rall6(A,B) :- all6(C,A), no6(C,B) 0.353801169591
[DEBUG] rall6(A,B) :- all6(C,A), no6(B,C) 0.353801169591
[DEBUG] rall6(A,B) :- all6(C,A), no6(C,D) 0.353801169591
[DEBUG] rall6(A,B) :- all6(C,A), no6(B,D) 0.353801169591
[DEBUG] rall6(A,B) :- all6(C,A), no6(D,C) 0.353801169591
[DEBUG] rall6(A,B) :- all6(C,A), no6(D,B) 0.353801169591
[DEBUG] rall6(A,B) :- all6(C,B), all6(A,C) 0.353801169591
[DEBUG] rall6(A,B) :- all6(C,B), all6(A,D) 0.353801169591
[DEBUG] rall6(A,B) :- all6(C,B), all6(D,C) 0.353801169591
[DEBUG] rall6(A,B) :- all6(C,B), no6(C,A) 0.353801169591
[DEBUG] rall6(A,B) :- all6(C,B), no6(C,D) 0.353801169591
[DEBUG] rall6(A,B) :- all6(C,B), no6(D,A) 0.353801169591
[DEBUG] rall6(A,B) :- no6(C,A), all6(C,D) 0.353801169591
[DEBUG] rall6(A,B) :- no6(C,A), all6(B,D) 0.353801169591
[DEBUG] rall6(A,B) :- no6(C,A), all6(D,C) 0.353801169591
[DEBUG] rall6(A,B) :- no6(C,A), all6(D,B) 0.353801169591
[DEBUG] rall6(A,B) :- all6(A,C), all6(C,D) 0.353801169591
[DEBUG] rall6(A,B) :- all6(A,C), all6(B,D) 0.353801169591
[DEBUG] rall6(A,B) :- all6(A,C), all6(D,B) 0.353801169591
[DEBUG] rall6(A,B) :- no6(A,C), all6(B,D) 0.353801169591
[DEBUG] rall6(A,B) :- no6(A,C), all6(D,C) 0.353801169591
[DEBUG] rall6(A,B) :- no6(B,C), all6(C,D) 0.353801169591
[DEBUG] rall6(A,B) :- no6(B,C), all6(D,A) 0.353801169591
[DEBUG] rall6(A,B) :- no6(C,B), all6(C,D) 0.353801169591
[DEBUG] rall6(A,B) :- no6(C,B), all6(D,A) 0.353801169591
[DEBUG] rall6(A,B) :- all6(C,A), \+all6(B,C) 0.206140350877
[DEBUG] rall6(A,B) :- all6(C,A), \+somenot6(B,C) 0.206140350877
[DEBUG] rall6(A,B) :- all6(C,B), \+no6(A,C) 0.206140350877
[DEBUG] rall6(A,B) :- all6(C,B), \+somenot6(A,C) 0.206140350877
[DEBUG] rall6(A,B) :- all6(B,C), \+all6(C,A) 0.204093567251
[DEBUG] rall6(A,B) :- all6(B,C), \+some6(A,C) 0.204093567251
[DEBUG] rall6(A,B) :- all6(B,C), \+some6(C,A) 0.204093567251
[DEBUG] rall6(A,B) :- all6(B,C), \+somenot6(A,C) 0.204093567251
[DEBUG] rall6(A,B) :- all6(B,C), \+somenot6(C,A) 0.204093567251
[DEBUG] rall6(A,B) :- all6(C,A), \+some6(C,B) 0.187400318979
[DEBUG] rall6(A,B) :- all6(C,A), \+some6(B,C) 0.187400318979
[DEBUG] rall6(A,B) :- all6(C,A), \+somenot6(C,B) 0.187400318979
[DEBUG] rall6(A,B) :- all6(C,B), \+some6(A,C) 0.187400318979
[DEBUG] rall6(A,B) :- all6(C,B), \+some6(C,A) 0.187400318979
[DEBUG] rall6(A,B) :- all6(C,B), \+somenot6(C,A) 0.187400318979
[DEBUG] rall6(A,B) :- no6(C,A), \+some6(C,B) 0.147243107769
[DEBUG] rall6(A,B) :- no6(C,A), \+some6(B,C) 0.147243107769
[DEBUG] rall6(A,B) :- no6(C,A), \+no6(C,B) 0.147243107769
[DEBUG] rall6(A,B) :- no6(C,A), \+somenot6(C,B) 0.147243107769
[DEBUG] rall6(A,B) :- no6(C,A), \+somenot6(B,C) 0.147243107769
[DEBUG] rall6(A,B) :- all6(B,C), \+all6(A,C) 0.137426900585
[DEBUG] rall6(A,B) :- all6(B,C), \+no6(A,C) 0.137426900585
[DEBUG] rall6(A,B) :- all6(B,C), \+no6(C,A) 0.137426900585
[DEBUG] rall6(A,B) :- no6(C,A), \+no6(B,C) 0.137426900585
[DEBUG] rall6(A,B) :- all6(A,C), \+some6(C,B) 0.137426900585
[DEBUG] rall6(A,B) :- all6(A,C), \+some6(B,C) 0.137426900585
[DEBUG] rall6(A,B) :- all6(A,C), \+no6(C,B) 0.137426900585
[DEBUG] rall6(A,B) :- all6(A,C), \+no6(B,C) 0.137426900585
[DEBUG] rall6(A,B) :- all6(A,C), \+somenot6(C,B) 0.137426900585
[DEBUG] rall6(A,B) :- all6(A,C), \+somenot6(B,C) 0.137426900585
[DEBUG] rall6(A,B) :- all6(C,A), \+no6(C,B) 0.106140350877
[DEBUG] rall6(A,B) :- all6(C,A), \+no6(B,C) 0.106140350877
[DEBUG] rall6(A,B) :- all6(C,B), \+all6(A,C) 0.106140350877
[DEBUG] rall6(A,B) :- all6(C,B), \+no6(C,A) 0.106140350877
[DEBUG] rall6(A,B) :- no6(C,A), \+all6(C,B) 0.0758145363409
[DEBUG] rall6(A,B) :- no6(C,A), \+all6(B,C) 0.0758145363409
[DEBUG] rall6(A,B) :- no6(A,C), \+all6(C,B) 0.0758145363409
[DEBUG] rall6(A,B) :- no6(A,C), \+some6(C,B) 0.0758145363409
[DEBUG] rall6(A,B) :- no6(A,C), \+some6(B,C) 0.0758145363409
[DEBUG] rall6(A,B) :- no6(A,C), \+no6(B,C) 0.0758145363409
[DEBUG] rall6(A,B) :- no6(A,C), \+somenot6(C,B) 0.0758145363409
[DEBUG] rall6(A,B) :- no6(A,C), \+somenot6(B,C) 0.0758145363409
[DEBUG] rall6(A,B) :- no6(B,C), \+all6(A,C) 0.0758145363409
[DEBUG] rall6(A,B) :- no6(B,C), \+some6(A,C) 0.0758145363409
[DEBUG] rall6(A,B) :- no6(B,C), \+some6(C,A) 0.0758145363409
[DEBUG] rall6(A,B) :- no6(B,C), \+no6(A,C) 0.0758145363409
[DEBUG] rall6(A,B) :- no6(B,C), \+somenot6(A,C) 0.0758145363409
[DEBUG] rall6(A,B) :- no6(B,C), \+somenot6(C,A) 0.0758145363409
[DEBUG] rall6(A,B) :- no6(C,B), \+all6(A,C) 0.0758145363409
[DEBUG] rall6(A,B) :- no6(C,B), \+some6(A,C) 0.0758145363409
[DEBUG] rall6(A,B) :- no6(C,B), \+some6(C,A) 0.0758145363409
[DEBUG] rall6(A,B) :- no6(C,B), \+no6(C,A) 0.0758145363409
[DEBUG] rall6(A,B) :- no6(C,B), \+somenot6(A,C) 0.0758145363409
[DEBUG] rall6(A,B) :- no6(C,B), \+somenot6(C,A) 0.0758145363409
[DEBUG] rall6(A,B) :- all6(A,C), \+all6(C,B) 0.0707602339181
[DEBUG] rall6(A,B) :- all6(A,C), \+all6(B,C) 0.0707602339181
[DEBUG] rall6(A,B) :- no6(A,C), \+no6(C,B) 0.0707602339181
[DEBUG] rall6(A,B) :- no6(B,C), \+no6(C,A) 0.0707602339181
[DEBUG] rall6(A,B) :- no6(C,B), \+no6(A,C) 0.0707602339181
[DEBUG] ==================================
[INFO] RULE LEARNED: rall6(A,B) :- all6(B,C), all6(A,C) 0.931034482759
