[LVL9] Output level: 9
[INFO] Random seed: 0.812122591839
[INFO] Computing scores: 0.0727s
[INFO] Number of examples (M): 122
[INFO] Positive weight (P): 8.0000
[INFO] Negative weight (N): 114.0000
[DEBUG] Best rule so far: rsome35(A,B) :- true [0.0]
[DEBUG] Candidates for iteration 1:
[DEBUG] ==================================
[DEBUG] rsome35(A,B) :- true 0.0
[DEBUG] ==================================
[LVL9] rsome35(A,B) :- all35(A,C) 0.0710382513661 (1.0, 13.0, 101.0, 7.0) 0.532786885246 [ACCEPT]
[LVL9] BETTER RULE rsome35(A,B) :- all35(A,C) (0.07103825136612023, 1.0) > (0.0, 8.0)
[LVL9] rsome35(A,B) :- all35(B,C) 0.0710382513661 (1.0, 13.0, 101.0, 7.0) 0.532786885246 [ACCEPT]
[LVL9] rsome35(A,B) :- all35(C,A) 0.0665983606557 (1.0, 14.0, 100.0, 7.0) 0.532786885246 [ACCEPT]
[LVL9] rsome35(A,B) :- all35(C,B) 0.0665983606557 (1.0, 14.0, 100.0, 7.0) 0.532786885246 [ACCEPT]
[LVL9] rsome35(A,B) :- some35(A,C) 0.191598360656 (3.0, 12.0, 102.0, 5.0) 0.766393442623 [ACCEPT]
[LVL9] BETTER RULE rsome35(A,B) :- some35(A,C) (0.1915983606557377, 3.0) > (0.07103825136612023, 1.0)
[LVL9] rsome35(A,B) :- some35(B,C) 0.129098360656 (2.0, 13.0, 101.0, 6.0) 0.688524590164 [ACCEPT]
[LVL9] rsome35(A,B) :- some35(C,A) 0.0 (1.0, 15.0, 99.0, 7.0) 0.532786885246 [ACCEPT]
[LVL9] rsome35(A,B) :- some35(C,B) 0.121504339441 (2.0, 14.0, 100.0, 6.0) 0.688524590164 [ACCEPT]
[LVL9] rsome35(A,B) :- somenot35(B,C) 0.129098360656 (2.0, 13.0, 101.0, 6.0) 0.688524590164 [ACCEPT]
[LVL9] rsome35(A,B) :- somenot35(C,A) 0.129098360656 (2.0, 13.0, 101.0, 6.0) 0.688524590164 [ACCEPT]
[DEBUG] Best rule so far: rsome35(A,B) :- some35(A,C) [0.191598360656]
[DEBUG] Candidates for iteration 2:
[DEBUG] ==================================
[DEBUG] rsome35(A,B) :- some35(A,C) 0.191598360656
[DEBUG] rsome35(A,B) :- some35(B,C) 0.129098360656
[DEBUG] rsome35(A,B) :- somenot35(B,C) 0.129098360656
[DEBUG] rsome35(A,B) :- somenot35(C,A) 0.129098360656
[DEBUG] rsome35(A,B) :- some35(C,B) 0.121504339441
[DEBUG] rsome35(A,B) :- all35(A,C) 0.0710382513661
[DEBUG] rsome35(A,B) :- all35(B,C) 0.0710382513661
[DEBUG] rsome35(A,B) :- all35(C,A) 0.0665983606557
[DEBUG] rsome35(A,B) :- all35(C,B) 0.0665983606557
[DEBUG] rsome35(A,B) :- some35(C,A) 0.0
[DEBUG] ==================================
[LVL9] rsome35(A,B) :- some35(A,C), all35(C,B) 0.355191256831 (1.0, 1.0, 113.0, 7.0) 0.532786885246 [ACCEPT]
[LVL9] BETTER RULE rsome35(A,B) :- some35(A,C), all35(C,B) (0.3551912568306011, 1.0) > (0.1915983606557377, 3.0)
[LVL9] rsome35(A,B) :- some35(A,C), all35(C,D) 0.355191256831 (1.0, 1.0, 113.0, 7.0) 0.532786885246 [ACCEPT]
[LVL9] rsome35(A,B) :- some35(A,C), all35(D,B) 0.355191256831 (1.0, 1.0, 113.0, 7.0) 0.532786885246 [ACCEPT]
[LVL9] rsome35(A,B) :- some35(A,C), some35(C,B) 0.355191256831 (1.0, 1.0, 113.0, 7.0) 0.532786885246 [ACCEPT]
[LVL9] rsome35(A,B) :- some35(A,C), some35(B,C) 0.355191256831 (1.0, 1.0, 113.0, 7.0) 0.532786885246 [ACCEPT]
[LVL9] rsome35(A,B) :- some35(A,C), some35(C,D) 0.355191256831 (1.0, 1.0, 113.0, 7.0) 0.532786885246 [ACCEPT]
[LVL9] rsome35(A,B) :- some35(A,C), some35(B,D) 0.355191256831 (1.0, 1.0, 113.0, 7.0) 0.532786885246 [ACCEPT]
[LVL9] rsome35(A,B) :- some35(A,C), some35(D,B) 0.355191256831 (1.0, 1.0, 113.0, 7.0) 0.532786885246 [ACCEPT]
[LVL9] rsome35(A,B) :- some35(A,C), \+all35(C,B) 0.147540983607 (2.0, 11.0, 103.0, 6.0) 0.688524590164 [ACCEPT]
[LVL9] rsome35(A,B) :- some35(A,C), \+all35(B,C) 0.218969555035 (3.0, 10.0, 104.0, 5.0) 0.766393442623 [ACCEPT]
[LVL9] rsome35(A,B) :- some35(A,C), \+some35(C,B) 0.147540983607 (2.0, 11.0, 103.0, 6.0) 0.688524590164 [ACCEPT]
[LVL9] rsome35(A,B) :- some35(A,C), \+some35(B,C) 0.147540983607 (2.0, 11.0, 103.0, 6.0) 0.688524590164 [ACCEPT]
[LVL9] rsome35(A,B) :- some35(A,C), \+no35(C,B) 0.218969555035 (3.0, 10.0, 104.0, 5.0) 0.766393442623 [ACCEPT]
[LVL9] rsome35(A,B) :- some35(A,C), \+no35(B,C) 0.218969555035 (3.0, 10.0, 104.0, 5.0) 0.766393442623 [ACCEPT]
[LVL9] rsome35(A,B) :- some35(A,C), \+somenot35(C,B) 0.204371584699 (3.0, 11.0, 103.0, 5.0) 0.766393442623 [ACCEPT]
[LVL9] rsome35(A,B) :- some35(A,C), \+somenot35(B,C) 0.218969555035 (3.0, 10.0, 104.0, 5.0) 0.766393442623 [ACCEPT]
[LVL9] rsome35(A,B) :- some35(B,C), all35(C,A) 0.355191256831 (1.0, 1.0, 113.0, 7.0) 0.532786885246 [ACCEPT]
[LVL9] rsome35(A,B) :- some35(B,C), all35(C,D) 0.355191256831 (1.0, 1.0, 113.0, 7.0) 0.532786885246 [ACCEPT]
[LVL9] rsome35(A,B) :- some35(B,C), all35(D,A) 0.355191256831 (1.0, 1.0, 113.0, 7.0) 0.532786885246 [ACCEPT]
[LVL9] rsome35(A,B) :- some35(B,C), some35(A,D) 0.355191256831 (1.0, 1.0, 113.0, 7.0) 0.532786885246 [ACCEPT]
[LVL9] rsome35(A,B) :- some35(B,C), \+all35(A,C) 0.147540983607 (2.0, 11.0, 103.0, 6.0) 0.688524590164 [ACCEPT]
[LVL9] rsome35(A,B) :- some35(B,C), \+all35(C,A) 0.076112412178 (1.0, 12.0, 102.0, 7.0) 0.532786885246 [ACCEPT]
[LVL9] rsome35(A,B) :- some35(B,C), \+some35(A,C) 0.076112412178 (1.0, 12.0, 102.0, 7.0) 0.532786885246 [ACCEPT]
[LVL9] rsome35(A,B) :- some35(B,C), \+some35(C,A) 0.147540983607 (2.0, 11.0, 103.0, 6.0) 0.688524590164 [ACCEPT]
[LVL9] rsome35(A,B) :- some35(B,C), \+no35(A,C) 0.147540983607 (2.0, 11.0, 103.0, 6.0) 0.688524590164 [ACCEPT]
[LVL9] rsome35(A,B) :- some35(B,C), \+no35(C,A) 0.147540983607 (2.0, 11.0, 103.0, 6.0) 0.688524590164 [ACCEPT]
[LVL9] rsome35(A,B) :- some35(B,C), \+somenot35(A,C) 0.147540983607 (2.0, 11.0, 103.0, 6.0) 0.688524590164 [ACCEPT]
[LVL9] rsome35(A,B) :- some35(B,C), \+somenot35(C,A) 0.137704918033 (2.0, 12.0, 102.0, 6.0) 0.688524590164 [ACCEPT]
[LVL9] rsome35(A,B) :- somenot35(B,C), some35(C,A) 0.355191256831 (1.0, 1.0, 113.0, 7.0) 0.532786885246 [ACCEPT]
[LVL9] rsome35(A,B) :- somenot35(B,C), some35(C,D) 0.355191256831 (1.0, 1.0, 113.0, 7.0) 0.532786885246 [ACCEPT]
[LVL9] rsome35(A,B) :- somenot35(B,C), some35(D,A) 0.355191256831 (1.0, 1.0, 113.0, 7.0) 0.532786885246 [ACCEPT]
[LVL9] rsome35(A,B) :- somenot35(B,C), somenot35(C,A) 0.355191256831 (1.0, 1.0, 113.0, 7.0) 0.532786885246 [ACCEPT]
[LVL9] rsome35(A,B) :- somenot35(B,C), somenot35(C,D) 0.355191256831 (1.0, 1.0, 113.0, 7.0) 0.532786885246 [ACCEPT]
[LVL9] rsome35(A,B) :- somenot35(B,C), somenot35(D,A) 0.355191256831 (1.0, 1.0, 113.0, 7.0) 0.532786885246 [ACCEPT]
[LVL9] rsome35(A,B) :- somenot35(B,C), \+all35(A,C) 0.137704918033 (2.0, 12.0, 102.0, 6.0) 0.688524590164 [ACCEPT]
[LVL9] rsome35(A,B) :- somenot35(B,C), \+all35(C,A) 0.147540983607 (2.0, 11.0, 103.0, 6.0) 0.688524590164 [ACCEPT]
[LVL9] rsome35(A,B) :- somenot35(B,C), \+some35(A,C) 0.147540983607 (2.0, 11.0, 103.0, 6.0) 0.688524590164 [ACCEPT]
[LVL9] rsome35(A,B) :- somenot35(B,C), \+some35(C,A) 0.076112412178 (1.0, 12.0, 102.0, 7.0) 0.532786885246 [ACCEPT]
[LVL9] rsome35(A,B) :- somenot35(B,C), \+no35(A,C) 0.147540983607 (2.0, 11.0, 103.0, 6.0) 0.688524590164 [ACCEPT]
[LVL9] rsome35(A,B) :- somenot35(B,C), \+no35(C,A) 0.147540983607 (2.0, 11.0, 103.0, 6.0) 0.688524590164 [ACCEPT]
[LVL9] rsome35(A,B) :- somenot35(B,C), \+somenot35(A,C) 0.147540983607 (2.0, 11.0, 103.0, 6.0) 0.688524590164 [ACCEPT]
[LVL9] rsome35(A,B) :- somenot35(B,C), \+somenot35(C,A) 0.076112412178 (1.0, 12.0, 102.0, 7.0) 0.532786885246 [ACCEPT]
[LVL9] rsome35(A,B) :- somenot35(C,A), all35(B,C) 0.355191256831 (1.0, 1.0, 113.0, 7.0) 0.532786885246 [ACCEPT]
[LVL9] rsome35(A,B) :- somenot35(C,A), all35(B,D) 0.355191256831 (1.0, 1.0, 113.0, 7.0) 0.532786885246 [ACCEPT]
[LVL9] rsome35(A,B) :- somenot35(C,A), all35(D,C) 0.355191256831 (1.0, 1.0, 113.0, 7.0) 0.532786885246 [ACCEPT]
[LVL9] rsome35(A,B) :- somenot35(C,A), somenot35(B,D) 0.355191256831 (1.0, 1.0, 113.0, 7.0) 0.532786885246 [ACCEPT]
[LVL9] rsome35(A,B) :- somenot35(C,A), somenot35(D,C) 0.355191256831 (1.0, 1.0, 113.0, 7.0) 0.532786885246 [ACCEPT]
[LVL9] rsome35(A,B) :- somenot35(C,A), \+all35(C,B) 0.147540983607 (2.0, 11.0, 103.0, 6.0) 0.688524590164 [ACCEPT]
[LVL9] rsome35(A,B) :- somenot35(C,A), \+all35(B,C) 0.076112412178 (1.0, 12.0, 102.0, 7.0) 0.532786885246 [ACCEPT]
[LVL9] rsome35(A,B) :- somenot35(C,A), \+some35(C,B) 0.147540983607 (2.0, 11.0, 103.0, 6.0) 0.688524590164 [ACCEPT]
[LVL9] rsome35(A,B) :- somenot35(C,A), \+some35(B,C) 0.137704918033 (2.0, 12.0, 102.0, 6.0) 0.688524590164 [ACCEPT]
[LVL9] rsome35(A,B) :- somenot35(C,A), \+no35(C,B) 0.147540983607 (2.0, 11.0, 103.0, 6.0) 0.688524590164 [ACCEPT]
[LVL9] rsome35(A,B) :- somenot35(C,A), \+no35(B,C) 0.147540983607 (2.0, 11.0, 103.0, 6.0) 0.688524590164 [ACCEPT]
[LVL9] rsome35(A,B) :- somenot35(C,A), \+somenot35(C,B) 0.147540983607 (2.0, 11.0, 103.0, 6.0) 0.688524590164 [ACCEPT]
[LVL9] rsome35(A,B) :- somenot35(C,A), \+somenot35(B,C) 0.076112412178 (1.0, 12.0, 102.0, 7.0) 0.532786885246 [ACCEPT]
[LVL9] rsome35(A,B) :- some35(C,B), all35(A,C) 0.355191256831 (1.0, 1.0, 113.0, 7.0) 0.532786885246 [ACCEPT]
[LVL9] rsome35(A,B) :- some35(C,B), all35(A,D) 0.355191256831 (1.0, 1.0, 113.0, 7.0) 0.532786885246 [ACCEPT]
[LVL9] rsome35(A,B) :- some35(C,B), all35(D,C) 0.355191256831 (1.0, 1.0, 113.0, 7.0) 0.532786885246 [ACCEPT]
[LVL9] rsome35(A,B) :- some35(C,B), some35(A,D) 0.355191256831 (1.0, 1.0, 113.0, 7.0) 0.532786885246 [ACCEPT]
[LVL9] rsome35(A,B) :- some35(C,B), some35(D,C) 0.355191256831 (1.0, 1.0, 113.0, 7.0) 0.532786885246 [ACCEPT]
[LVL9] rsome35(A,B) :- some35(C,B), \+all35(A,C) 0.0710382513661 (1.0, 13.0, 101.0, 7.0) 0.532786885246 [ACCEPT]
[LVL9] rsome35(A,B) :- some35(C,B), \+all35(C,A) 0.137704918033 (2.0, 12.0, 102.0, 6.0) 0.688524590164 [ACCEPT]
[LVL9] rsome35(A,B) :- some35(C,B), \+some35(A,C) 0.0710382513661 (1.0, 13.0, 101.0, 7.0) 0.532786885246 [ACCEPT]
[LVL9] rsome35(A,B) :- some35(C,B), \+some35(C,A) 0.137704918033 (2.0, 12.0, 102.0, 6.0) 0.688524590164 [ACCEPT]
[LVL9] rsome35(A,B) :- some35(C,B), \+no35(A,C) 0.137704918033 (2.0, 12.0, 102.0, 6.0) 0.688524590164 [ACCEPT]
[LVL9] rsome35(A,B) :- some35(C,B), \+no35(C,A) 0.137704918033 (2.0, 12.0, 102.0, 6.0) 0.688524590164 [ACCEPT]
[LVL9] rsome35(A,B) :- some35(C,B), \+somenot35(A,C) 0.137704918033 (2.0, 12.0, 102.0, 6.0) 0.688524590164 [ACCEPT]
[LVL9] rsome35(A,B) :- some35(C,B), \+somenot35(C,A) 0.137704918033 (2.0, 12.0, 102.0, 6.0) 0.688524590164 [ACCEPT]
[LVL9] rsome35(A,B) :- all35(A,C), some35(C,D) 0.355191256831 (1.0, 1.0, 113.0, 7.0) 0.532786885246 [ACCEPT]
[LVL9] rsome35(A,B) :- all35(A,C), some35(D,B) 0.355191256831 (1.0, 1.0, 113.0, 7.0) 0.532786885246 [ACCEPT]
[LVL9] rsome35(A,B) :- all35(A,C), \+all35(C,B) 0.076112412178 (1.0, 12.0, 102.0, 7.0) 0.532786885246 [ACCEPT]
[LVL9] rsome35(A,B) :- all35(A,C), \+all35(B,C) 0.0819672131148 (1.0, 11.0, 103.0, 7.0) 0.532786885246 [ACCEPT]
[LVL9] rsome35(A,B) :- all35(A,C), \+some35(B,C) 0.0819672131148 (1.0, 11.0, 103.0, 7.0) 0.532786885246 [ACCEPT]
[LVL9] rsome35(A,B) :- all35(A,C), \+no35(C,B) 0.0819672131148 (1.0, 11.0, 103.0, 7.0) 0.532786885246 [ACCEPT]
[LVL9] rsome35(A,B) :- all35(A,C), \+no35(B,C) 0.0819672131148 (1.0, 11.0, 103.0, 7.0) 0.532786885246 [ACCEPT]
[LVL9] rsome35(A,B) :- all35(A,C), \+somenot35(C,B) 0.0819672131148 (1.0, 11.0, 103.0, 7.0) 0.532786885246 [ACCEPT]
[LVL9] rsome35(A,B) :- all35(A,C), \+somenot35(B,C) 0.076112412178 (1.0, 12.0, 102.0, 7.0) 0.532786885246 [ACCEPT]
[LVL9] rsome35(A,B) :- all35(B,C), somenot35(C,D) 0.355191256831 (1.0, 1.0, 113.0, 7.0) 0.532786885246 [ACCEPT]
[LVL9] rsome35(A,B) :- all35(B,C), somenot35(D,A) 0.355191256831 (1.0, 1.0, 113.0, 7.0) 0.532786885246 [ACCEPT]
[LVL9] rsome35(A,B) :- all35(B,C), \+all35(A,C) 0.0819672131148 (1.0, 11.0, 103.0, 7.0) 0.532786885246 [ACCEPT]
[LVL9] rsome35(A,B) :- all35(B,C), \+all35(C,A) 0.076112412178 (1.0, 12.0, 102.0, 7.0) 0.532786885246 [ACCEPT]
[LVL9] rsome35(A,B) :- all35(B,C), \+some35(A,C) 0.0819672131148 (1.0, 11.0, 103.0, 7.0) 0.532786885246 [ACCEPT]
[LVL9] rsome35(A,B) :- all35(B,C), \+some35(C,A) 0.0819672131148 (1.0, 11.0, 103.0, 7.0) 0.532786885246 [ACCEPT]
[LVL9] rsome35(A,B) :- all35(B,C), \+no35(A,C) 0.0819672131148 (1.0, 11.0, 103.0, 7.0) 0.532786885246 [ACCEPT]
[LVL9] rsome35(A,B) :- all35(B,C), \+no35(C,A) 0.0819672131148 (1.0, 11.0, 103.0, 7.0) 0.532786885246 [ACCEPT]
[LVL9] rsome35(A,B) :- all35(B,C), \+somenot35(A,C) 0.076112412178 (1.0, 12.0, 102.0, 7.0) 0.532786885246 [ACCEPT]
[LVL9] rsome35(A,B) :- all35(C,A), some35(B,D) 0.355191256831 (1.0, 1.0, 113.0, 7.0) 0.532786885246 [ACCEPT]
[LVL9] rsome35(A,B) :- all35(C,A), some35(D,C) 0.355191256831 (1.0, 1.0, 113.0, 7.0) 0.532786885246 [ACCEPT]
[LVL9] rsome35(A,B) :- all35(C,A), \+all35(C,B) 0.076112412178 (1.0, 12.0, 102.0, 7.0) 0.532786885246 [ACCEPT]
[LVL9] rsome35(A,B) :- all35(C,A), \+all35(B,C) 0.0710382513661 (1.0, 13.0, 101.0, 7.0) 0.532786885246 [ACCEPT]
[LVL9] rsome35(A,B) :- all35(C,A), \+some35(C,B) 0.076112412178 (1.0, 12.0, 102.0, 7.0) 0.532786885246 [ACCEPT]
[LVL9] rsome35(A,B) :- all35(C,A), \+no35(C,B) 0.076112412178 (1.0, 12.0, 102.0, 7.0) 0.532786885246 [ACCEPT]
[LVL9] rsome35(A,B) :- all35(C,A), \+no35(B,C) 0.076112412178 (1.0, 12.0, 102.0, 7.0) 0.532786885246 [ACCEPT]
[LVL9] rsome35(A,B) :- all35(C,A), \+somenot35(C,B) 0.076112412178 (1.0, 12.0, 102.0, 7.0) 0.532786885246 [ACCEPT]
[LVL9] rsome35(A,B) :- all35(C,A), \+somenot35(B,C) 0.076112412178 (1.0, 12.0, 102.0, 7.0) 0.532786885246 [ACCEPT]
[LVL9] rsome35(A,B) :- all35(C,B), some35(A,D) 0.355191256831 (1.0, 1.0, 113.0, 7.0) 0.532786885246 [ACCEPT]
[LVL9] rsome35(A,B) :- all35(C,B), some35(D,C) 0.355191256831 (1.0, 1.0, 113.0, 7.0) 0.532786885246 [ACCEPT]
[LVL9] rsome35(A,B) :- all35(C,B), \+all35(A,C) 0.0710382513661 (1.0, 13.0, 101.0, 7.0) 0.532786885246 [ACCEPT]
[LVL9] rsome35(A,B) :- all35(C,B), \+all35(C,A) 0.076112412178 (1.0, 12.0, 102.0, 7.0) 0.532786885246 [ACCEPT]
[LVL9] rsome35(A,B) :- all35(C,B), \+some35(C,A) 0.076112412178 (1.0, 12.0, 102.0, 7.0) 0.532786885246 [ACCEPT]
[LVL9] rsome35(A,B) :- all35(C,B), \+no35(A,C) 0.076112412178 (1.0, 12.0, 102.0, 7.0) 0.532786885246 [ACCEPT]
[LVL9] rsome35(A,B) :- all35(C,B), \+no35(C,A) 0.076112412178 (1.0, 12.0, 102.0, 7.0) 0.532786885246 [ACCEPT]
[LVL9] rsome35(A,B) :- all35(C,B), \+somenot35(A,C) 0.076112412178 (1.0, 12.0, 102.0, 7.0) 0.532786885246 [ACCEPT]
[LVL9] rsome35(A,B) :- all35(C,B), \+somenot35(C,A) 0.076112412178 (1.0, 12.0, 102.0, 7.0) 0.532786885246 [ACCEPT]
[LVL9] rsome35(A,B) :- some35(C,A), somenot35(B,D) 0.355191256831 (1.0, 1.0, 113.0, 7.0) 0.532786885246 [ACCEPT]
[LVL9] rsome35(A,B) :- some35(C,A), somenot35(D,C) 0.355191256831 (1.0, 1.0, 113.0, 7.0) 0.532786885246 [ACCEPT]
[DEBUG] Best rule so far: rsome35(A,B) :- some35(A,C), all35(C,B) [0.355191256831]
[DEBUG] Candidates for iteration 3:
[DEBUG] ==================================
[DEBUG] rsome35(A,B) :- some35(A,C), all35(C,B) 0.355191256831
[DEBUG] rsome35(A,B) :- some35(A,C), all35(C,D) 0.355191256831
[DEBUG] rsome35(A,B) :- some35(A,C), all35(D,B) 0.355191256831
[DEBUG] rsome35(A,B) :- some35(A,C), some35(C,B) 0.355191256831
[DEBUG] rsome35(A,B) :- some35(A,C), some35(B,C) 0.355191256831
[DEBUG] rsome35(A,B) :- some35(A,C), some35(C,D) 0.355191256831
[DEBUG] rsome35(A,B) :- some35(A,C), some35(B,D) 0.355191256831
[DEBUG] rsome35(A,B) :- some35(A,C), some35(D,B) 0.355191256831
[DEBUG] rsome35(A,B) :- some35(B,C), all35(C,A) 0.355191256831
[DEBUG] rsome35(A,B) :- some35(B,C), all35(C,D) 0.355191256831
[DEBUG] rsome35(A,B) :- some35(B,C), all35(D,A) 0.355191256831
[DEBUG] rsome35(A,B) :- some35(B,C), some35(A,D) 0.355191256831
[DEBUG] rsome35(A,B) :- somenot35(B,C), some35(C,A) 0.355191256831
[DEBUG] rsome35(A,B) :- somenot35(B,C), some35(C,D) 0.355191256831
[DEBUG] rsome35(A,B) :- somenot35(B,C), some35(D,A) 0.355191256831
[DEBUG] rsome35(A,B) :- somenot35(B,C), somenot35(C,A) 0.355191256831
[DEBUG] rsome35(A,B) :- somenot35(B,C), somenot35(C,D) 0.355191256831
[DEBUG] rsome35(A,B) :- somenot35(B,C), somenot35(D,A) 0.355191256831
[DEBUG] rsome35(A,B) :- somenot35(C,A), all35(B,C) 0.355191256831
[DEBUG] rsome35(A,B) :- somenot35(C,A), all35(B,D) 0.355191256831
[DEBUG] rsome35(A,B) :- somenot35(C,A), all35(D,C) 0.355191256831
[DEBUG] rsome35(A,B) :- somenot35(C,A), somenot35(B,D) 0.355191256831
[DEBUG] rsome35(A,B) :- somenot35(C,A), somenot35(D,C) 0.355191256831
[DEBUG] rsome35(A,B) :- some35(C,B), all35(A,C) 0.355191256831
[DEBUG] rsome35(A,B) :- some35(C,B), all35(A,D) 0.355191256831
[DEBUG] rsome35(A,B) :- some35(C,B), all35(D,C) 0.355191256831
[DEBUG] rsome35(A,B) :- some35(C,B), some35(A,D) 0.355191256831
[DEBUG] rsome35(A,B) :- some35(C,B), some35(D,C) 0.355191256831
[DEBUG] rsome35(A,B) :- all35(A,C), some35(C,D) 0.355191256831
[DEBUG] rsome35(A,B) :- all35(A,C), some35(D,B) 0.355191256831
[DEBUG] rsome35(A,B) :- all35(B,C), somenot35(C,D) 0.355191256831
[DEBUG] rsome35(A,B) :- all35(B,C), somenot35(D,A) 0.355191256831
[DEBUG] rsome35(A,B) :- all35(C,A), some35(B,D) 0.355191256831
[DEBUG] rsome35(A,B) :- all35(C,A), some35(D,C) 0.355191256831
[DEBUG] rsome35(A,B) :- all35(C,B), some35(A,D) 0.355191256831
[DEBUG] rsome35(A,B) :- all35(C,B), some35(D,C) 0.355191256831
[DEBUG] rsome35(A,B) :- some35(C,A), somenot35(B,D) 0.355191256831
[DEBUG] rsome35(A,B) :- some35(C,A), somenot35(D,C) 0.355191256831
[DEBUG] rsome35(A,B) :- some35(A,C), \+all35(B,C) 0.218969555035
[DEBUG] rsome35(A,B) :- some35(A,C), \+no35(C,B) 0.218969555035
[DEBUG] rsome35(A,B) :- some35(A,C), \+no35(B,C) 0.218969555035
[DEBUG] rsome35(A,B) :- some35(A,C), \+somenot35(B,C) 0.218969555035
[DEBUG] rsome35(A,B) :- some35(A,C), \+somenot35(C,B) 0.204371584699
[DEBUG] rsome35(A,B) :- some35(A,C), \+all35(C,B) 0.147540983607
[DEBUG] rsome35(A,B) :- some35(A,C), \+some35(C,B) 0.147540983607
[DEBUG] rsome35(A,B) :- some35(A,C), \+some35(B,C) 0.147540983607
[DEBUG] rsome35(A,B) :- some35(B,C), \+all35(A,C) 0.147540983607
[DEBUG] rsome35(A,B) :- some35(B,C), \+some35(C,A) 0.147540983607
[DEBUG] rsome35(A,B) :- some35(B,C), \+no35(A,C) 0.147540983607
[DEBUG] rsome35(A,B) :- some35(B,C), \+no35(C,A) 0.147540983607
[DEBUG] rsome35(A,B) :- some35(B,C), \+somenot35(A,C) 0.147540983607
[DEBUG] rsome35(A,B) :- somenot35(B,C), \+all35(C,A) 0.147540983607
[DEBUG] rsome35(A,B) :- somenot35(B,C), \+some35(A,C) 0.147540983607
[DEBUG] rsome35(A,B) :- somenot35(B,C), \+no35(A,C) 0.147540983607
[DEBUG] rsome35(A,B) :- somenot35(B,C), \+no35(C,A) 0.147540983607
[DEBUG] rsome35(A,B) :- somenot35(B,C), \+somenot35(A,C) 0.147540983607
[DEBUG] rsome35(A,B) :- somenot35(C,A), \+all35(C,B) 0.147540983607
[DEBUG] rsome35(A,B) :- somenot35(C,A), \+some35(C,B) 0.147540983607
[DEBUG] rsome35(A,B) :- somenot35(C,A), \+no35(C,B) 0.147540983607
[DEBUG] rsome35(A,B) :- somenot35(C,A), \+no35(B,C) 0.147540983607
[DEBUG] rsome35(A,B) :- somenot35(C,A), \+somenot35(C,B) 0.147540983607
[DEBUG] rsome35(A,B) :- some35(B,C), \+somenot35(C,A) 0.137704918033
[DEBUG] rsome35(A,B) :- somenot35(B,C), \+all35(A,C) 0.137704918033
[DEBUG] rsome35(A,B) :- somenot35(C,A), \+some35(B,C) 0.137704918033
[DEBUG] rsome35(A,B) :- some35(C,B), \+all35(C,A) 0.137704918033
[DEBUG] rsome35(A,B) :- some35(C,B), \+some35(C,A) 0.137704918033
[DEBUG] rsome35(A,B) :- some35(C,B), \+no35(A,C) 0.137704918033
[DEBUG] rsome35(A,B) :- some35(C,B), \+no35(C,A) 0.137704918033
[DEBUG] rsome35(A,B) :- some35(C,B), \+somenot35(A,C) 0.137704918033
[DEBUG] rsome35(A,B) :- some35(C,B), \+somenot35(C,A) 0.137704918033
[DEBUG] rsome35(A,B) :- all35(A,C), \+all35(B,C) 0.0819672131148
[DEBUG] rsome35(A,B) :- all35(A,C), \+some35(B,C) 0.0819672131148
[DEBUG] rsome35(A,B) :- all35(A,C), \+no35(C,B) 0.0819672131148
[DEBUG] rsome35(A,B) :- all35(A,C), \+no35(B,C) 0.0819672131148
[DEBUG] rsome35(A,B) :- all35(A,C), \+somenot35(C,B) 0.0819672131148
[DEBUG] rsome35(A,B) :- all35(B,C), \+all35(A,C) 0.0819672131148
[DEBUG] rsome35(A,B) :- all35(B,C), \+some35(A,C) 0.0819672131148
[DEBUG] rsome35(A,B) :- all35(B,C), \+some35(C,A) 0.0819672131148
[DEBUG] rsome35(A,B) :- all35(B,C), \+no35(A,C) 0.0819672131148
[DEBUG] rsome35(A,B) :- all35(B,C), \+no35(C,A) 0.0819672131148
[DEBUG] rsome35(A,B) :- some35(B,C), \+all35(C,A) 0.076112412178
[DEBUG] rsome35(A,B) :- some35(B,C), \+some35(A,C) 0.076112412178
[DEBUG] rsome35(A,B) :- somenot35(B,C), \+some35(C,A) 0.076112412178
[DEBUG] rsome35(A,B) :- somenot35(B,C), \+somenot35(C,A) 0.076112412178
[DEBUG] rsome35(A,B) :- somenot35(C,A), \+all35(B,C) 0.076112412178
[DEBUG] rsome35(A,B) :- somenot35(C,A), \+somenot35(B,C) 0.076112412178
[DEBUG] rsome35(A,B) :- all35(A,C), \+all35(C,B) 0.076112412178
[DEBUG] rsome35(A,B) :- all35(A,C), \+somenot35(B,C) 0.076112412178
[DEBUG] rsome35(A,B) :- all35(B,C), \+all35(C,A) 0.076112412178
[DEBUG] rsome35(A,B) :- all35(B,C), \+somenot35(A,C) 0.076112412178
[DEBUG] rsome35(A,B) :- all35(C,A), \+all35(C,B) 0.076112412178
[DEBUG] rsome35(A,B) :- all35(C,A), \+some35(C,B) 0.076112412178
[DEBUG] rsome35(A,B) :- all35(C,A), \+no35(C,B) 0.076112412178
[DEBUG] rsome35(A,B) :- all35(C,A), \+no35(B,C) 0.076112412178
[DEBUG] rsome35(A,B) :- all35(C,A), \+somenot35(C,B) 0.076112412178
[DEBUG] rsome35(A,B) :- all35(C,A), \+somenot35(B,C) 0.076112412178
[DEBUG] rsome35(A,B) :- all35(C,B), \+all35(C,A) 0.076112412178
[DEBUG] rsome35(A,B) :- all35(C,B), \+some35(C,A) 0.076112412178
[DEBUG] rsome35(A,B) :- all35(C,B), \+no35(A,C) 0.076112412178
[DEBUG] rsome35(A,B) :- all35(C,B), \+no35(C,A) 0.076112412178
[DEBUG] ==================================
[INFO] RULE LEARNED: rsome35(A,B) :- some35(A,C), all35(C,B) 0.934426229508
[DEBUG] Best rule so far: rsome35(A,B) :- true [0.0583333333333]
[DEBUG] Candidates for iteration 1:
[DEBUG] ==================================
[DEBUG] rsome35(A,B) :- true 0.0583333333333
[DEBUG] ==================================
[LVL9] rsome35(A,B) :- all35(A,C) 0.0705555555556 (2.0, 14.0, 100.0, 6.0) 0.529166666667 [ACCEPT]
[LVL9] BETTER RULE rsome35(A,B) :- all35(A,C) (0.07055555555555555, 2.0) > (0.058333333333333334, 8.0)
[LVL9] rsome35(A,B) :- all35(B,C) 0.0705555555556 (2.0, 14.0, 100.0, 6.0) 0.529166666667 [ACCEPT]
[LVL9] rsome35(A,B) :- all35(C,A) 0.0661458333333 (2.0, 15.0, 99.0, 6.0) 0.529166666667 [ACCEPT]
[LVL9] rsome35(A,B) :- some35(A,C) 0.147023809524 (3.0, 12.0, 102.0, 5.0) 0.686111111111 [ACCEPT]
[LVL9] BETTER RULE rsome35(A,B) :- some35(A,C) (0.1470238095238095, 3.0) > (0.07055555555555555, 2.0)
[LVL9] rsome35(A,B) :- some35(B,C) 0.128645833333 (3.0, 14.0, 100.0, 5.0) 0.686111111111 [ACCEPT]
[LVL9] rsome35(A,B) :- some35(C,A) 0.0622549019608 (2.0, 16.0, 98.0, 6.0) 0.529166666667 [ACCEPT]
[LVL9] rsome35(A,B) :- some35(C,B) 0.121078431373 (3.0, 15.0, 99.0, 5.0) 0.686111111111 [ACCEPT]
[LVL9] rsome35(A,B) :- somenot35(B,C) 0.128645833333 (3.0, 14.0, 100.0, 5.0) 0.686111111111 [ACCEPT]
[LVL9] rsome35(A,B) :- somenot35(C,A) 0.128645833333 (3.0, 14.0, 100.0, 5.0) 0.686111111111 [ACCEPT]
[DEBUG] Best rule so far: rsome35(A,B) :- some35(A,C) [0.147023809524]
[DEBUG] Candidates for iteration 2:
[DEBUG] ==================================
[DEBUG] rsome35(A,B) :- some35(A,C) 0.147023809524
[DEBUG] rsome35(A,B) :- some35(B,C) 0.128645833333
[DEBUG] rsome35(A,B) :- somenot35(B,C) 0.128645833333
[DEBUG] rsome35(A,B) :- somenot35(C,A) 0.128645833333
[DEBUG] rsome35(A,B) :- some35(C,B) 0.121078431373
[DEBUG] rsome35(A,B) :- all35(A,C) 0.0705555555556
[DEBUG] rsome35(A,B) :- all35(B,C) 0.0705555555556
[DEBUG] rsome35(A,B) :- all35(C,A) 0.0661458333333
[DEBUG] rsome35(A,B) :- some35(C,A) 0.0622549019608
[DEBUG] ==================================
[LVL9] rsome35(A,B) :- some35(A,C), some35(C,B) 0.352777777778 (2.0, 2.0, 112.0, 6.0) 0.529166666667 [ACCEPT]
[LVL9] BETTER RULE rsome35(A,B) :- some35(A,C), some35(C,B) (0.3527777777777778, 2.0) > (0.1470238095238095, 3.0)
[LVL9] rsome35(A,B) :- some35(A,C), some35(B,C) 0.352777777778 (2.0, 2.0, 112.0, 6.0) 0.529166666667 [ACCEPT]
[LVL9] rsome35(A,B) :- some35(A,C), some35(C,D) 0.352777777778 (2.0, 2.0, 112.0, 6.0) 0.529166666667 [ACCEPT]
[LVL9] rsome35(A,B) :- some35(A,C), some35(B,D) 0.352777777778 (2.0, 2.0, 112.0, 6.0) 0.529166666667 [ACCEPT]
[LVL9] rsome35(A,B) :- some35(A,C), some35(D,B) 0.352777777778 (2.0, 2.0, 112.0, 6.0) 0.529166666667 [ACCEPT]
[LVL9] rsome35(A,B) :- some35(A,C), \+all35(B,C) 0.171527777778 (3.0, 10.0, 104.0, 5.0) 0.686111111111 [ACCEPT]
[LVL9] rsome35(A,B) :- some35(A,C), \+some35(C,B) 0.0881944444444 (2.0, 11.0, 103.0, 6.0) 0.529166666667 [ACCEPT]
[LVL9] rsome35(A,B) :- some35(A,C), \+some35(B,C) 0.0881944444444 (2.0, 11.0, 103.0, 6.0) 0.529166666667 [ACCEPT]
[LVL9] rsome35(A,B) :- some35(A,C), \+no35(C,B) 0.171527777778 (3.0, 10.0, 104.0, 5.0) 0.686111111111 [ACCEPT]
[LVL9] rsome35(A,B) :- some35(A,C), \+no35(B,C) 0.171527777778 (3.0, 10.0, 104.0, 5.0) 0.686111111111 [ACCEPT]
[LVL9] rsome35(A,B) :- some35(A,C), \+somenot35(C,B) 0.158333333333 (3.0, 11.0, 103.0, 5.0) 0.686111111111 [ACCEPT]
[LVL9] rsome35(A,B) :- some35(A,C), \+somenot35(B,C) 0.171527777778 (3.0, 10.0, 104.0, 5.0) 0.686111111111 [ACCEPT]
[LVL9] rsome35(A,B) :- some35(B,C), all35(C,A) 0.352777777778 (2.0, 2.0, 112.0, 6.0) 0.529166666667 [ACCEPT]
[LVL9] rsome35(A,B) :- some35(B,C), all35(C,D) 0.352777777778 (2.0, 2.0, 112.0, 6.0) 0.529166666667 [ACCEPT]
[LVL9] rsome35(A,B) :- some35(B,C), all35(D,A) 0.352777777778 (2.0, 2.0, 112.0, 6.0) 0.529166666667 [ACCEPT]
[LVL9] rsome35(A,B) :- some35(B,C), some35(A,D) 0.352777777778 (2.0, 2.0, 112.0, 6.0) 0.529166666667 [ACCEPT]
[LVL9] rsome35(A,B) :- some35(B,C), \+all35(A,C) 0.147023809524 (3.0, 12.0, 102.0, 5.0) 0.686111111111 [ACCEPT]
[LVL9] rsome35(A,B) :- some35(B,C), \+all35(C,A) 0.0755952380952 (2.0, 13.0, 101.0, 6.0) 0.529166666667 [ACCEPT]
[LVL9] rsome35(A,B) :- some35(B,C), \+some35(A,C) 0.0755952380952 (2.0, 13.0, 101.0, 6.0) 0.529166666667 [ACCEPT]
[LVL9] rsome35(A,B) :- some35(B,C), \+some35(C,A) 0.147023809524 (3.0, 12.0, 102.0, 5.0) 0.686111111111 [ACCEPT]
[LVL9] rsome35(A,B) :- some35(B,C), \+no35(A,C) 0.147023809524 (3.0, 12.0, 102.0, 5.0) 0.686111111111 [ACCEPT]
[LVL9] rsome35(A,B) :- some35(B,C), \+no35(C,A) 0.147023809524 (3.0, 12.0, 102.0, 5.0) 0.686111111111 [ACCEPT]
[LVL9] rsome35(A,B) :- some35(B,C), \+somenot35(A,C) 0.147023809524 (3.0, 12.0, 102.0, 5.0) 0.686111111111 [ACCEPT]
[LVL9] rsome35(A,B) :- some35(B,C), \+somenot35(C,A) 0.137222222222 (3.0, 13.0, 101.0, 5.0) 0.686111111111 [ACCEPT]
[LVL9] rsome35(A,B) :- somenot35(B,C), some35(C,A) 0.352777777778 (2.0, 2.0, 112.0, 6.0) 0.529166666667 [ACCEPT]
[LVL9] rsome35(A,B) :- somenot35(B,C), some35(C,D) 0.352777777778 (2.0, 2.0, 112.0, 6.0) 0.529166666667 [ACCEPT]
[LVL9] rsome35(A,B) :- somenot35(B,C), some35(D,A) 0.352777777778 (2.0, 2.0, 112.0, 6.0) 0.529166666667 [ACCEPT]
[LVL9] rsome35(A,B) :- somenot35(B,C), somenot35(C,A) 0.352777777778 (2.0, 2.0, 112.0, 6.0) 0.529166666667 [ACCEPT]
[LVL9] rsome35(A,B) :- somenot35(B,C), somenot35(C,D) 0.352777777778 (2.0, 2.0, 112.0, 6.0) 0.529166666667 [ACCEPT]
[LVL9] rsome35(A,B) :- somenot35(B,C), somenot35(D,A) 0.352777777778 (2.0, 2.0, 112.0, 6.0) 0.529166666667 [ACCEPT]
[LVL9] rsome35(A,B) :- somenot35(B,C), \+all35(A,C) 0.137222222222 (3.0, 13.0, 101.0, 5.0) 0.686111111111 [ACCEPT]
[LVL9] rsome35(A,B) :- somenot35(B,C), \+all35(C,A) 0.147023809524 (3.0, 12.0, 102.0, 5.0) 0.686111111111 [ACCEPT]
[LVL9] rsome35(A,B) :- somenot35(B,C), \+some35(A,C) 0.147023809524 (3.0, 12.0, 102.0, 5.0) 0.686111111111 [ACCEPT]
[LVL9] rsome35(A,B) :- somenot35(B,C), \+some35(C,A) 0.0755952380952 (2.0, 13.0, 101.0, 6.0) 0.529166666667 [ACCEPT]
[LVL9] rsome35(A,B) :- somenot35(B,C), \+no35(A,C) 0.147023809524 (3.0, 12.0, 102.0, 5.0) 0.686111111111 [ACCEPT]
[LVL9] rsome35(A,B) :- somenot35(B,C), \+no35(C,A) 0.147023809524 (3.0, 12.0, 102.0, 5.0) 0.686111111111 [ACCEPT]
[LVL9] rsome35(A,B) :- somenot35(B,C), \+somenot35(A,C) 0.147023809524 (3.0, 12.0, 102.0, 5.0) 0.686111111111 [ACCEPT]
[LVL9] rsome35(A,B) :- somenot35(B,C), \+somenot35(C,A) 0.0755952380952 (2.0, 13.0, 101.0, 6.0) 0.529166666667 [ACCEPT]
[LVL9] rsome35(A,B) :- somenot35(C,A), all35(B,C) 0.352777777778 (2.0, 2.0, 112.0, 6.0) 0.529166666667 [ACCEPT]
[LVL9] rsome35(A,B) :- somenot35(C,A), all35(B,D) 0.352777777778 (2.0, 2.0, 112.0, 6.0) 0.529166666667 [ACCEPT]
[LVL9] rsome35(A,B) :- somenot35(C,A), all35(D,C) 0.352777777778 (2.0, 2.0, 112.0, 6.0) 0.529166666667 [ACCEPT]
[LVL9] rsome35(A,B) :- somenot35(C,A), somenot35(B,D) 0.352777777778 (2.0, 2.0, 112.0, 6.0) 0.529166666667 [ACCEPT]
[LVL9] rsome35(A,B) :- somenot35(C,A), somenot35(D,C) 0.352777777778 (2.0, 2.0, 112.0, 6.0) 0.529166666667 [ACCEPT]
[LVL9] rsome35(A,B) :- somenot35(C,A), \+all35(C,B) 0.147023809524 (3.0, 12.0, 102.0, 5.0) 0.686111111111 [ACCEPT]
[LVL9] rsome35(A,B) :- somenot35(C,A), \+all35(B,C) 0.0755952380952 (2.0, 13.0, 101.0, 6.0) 0.529166666667 [ACCEPT]
[LVL9] rsome35(A,B) :- somenot35(C,A), \+some35(C,B) 0.147023809524 (3.0, 12.0, 102.0, 5.0) 0.686111111111 [ACCEPT]
[LVL9] rsome35(A,B) :- somenot35(C,A), \+some35(B,C) 0.137222222222 (3.0, 13.0, 101.0, 5.0) 0.686111111111 [ACCEPT]
[LVL9] rsome35(A,B) :- somenot35(C,A), \+no35(C,B) 0.147023809524 (3.0, 12.0, 102.0, 5.0) 0.686111111111 [ACCEPT]
[LVL9] rsome35(A,B) :- somenot35(C,A), \+no35(B,C) 0.147023809524 (3.0, 12.0, 102.0, 5.0) 0.686111111111 [ACCEPT]
[LVL9] rsome35(A,B) :- somenot35(C,A), \+somenot35(C,B) 0.147023809524 (3.0, 12.0, 102.0, 5.0) 0.686111111111 [ACCEPT]
[LVL9] rsome35(A,B) :- somenot35(C,A), \+somenot35(B,C) 0.0755952380952 (2.0, 13.0, 101.0, 6.0) 0.529166666667 [ACCEPT]
[LVL9] rsome35(A,B) :- some35(C,B), all35(A,C) 0.352777777778 (2.0, 2.0, 112.0, 6.0) 0.529166666667 [ACCEPT]
[LVL9] rsome35(A,B) :- some35(C,B), all35(A,D) 0.352777777778 (2.0, 2.0, 112.0, 6.0) 0.529166666667 [ACCEPT]
[LVL9] rsome35(A,B) :- some35(C,B), all35(D,C) 0.352777777778 (2.0, 2.0, 112.0, 6.0) 0.529166666667 [ACCEPT]
[LVL9] rsome35(A,B) :- some35(C,B), some35(A,D) 0.352777777778 (2.0, 2.0, 112.0, 6.0) 0.529166666667 [ACCEPT]
[LVL9] rsome35(A,B) :- some35(C,B), some35(D,C) 0.352777777778 (2.0, 2.0, 112.0, 6.0) 0.529166666667 [ACCEPT]
[LVL9] rsome35(A,B) :- some35(C,B), \+all35(A,C) 0.0705555555556 (2.0, 14.0, 100.0, 6.0) 0.529166666667 [ACCEPT]
[LVL9] rsome35(A,B) :- some35(C,B), \+all35(C,A) 0.137222222222 (3.0, 13.0, 101.0, 5.0) 0.686111111111 [ACCEPT]
[LVL9] rsome35(A,B) :- some35(C,B), \+some35(A,C) 0.0705555555556 (2.0, 14.0, 100.0, 6.0) 0.529166666667 [ACCEPT]
[LVL9] rsome35(A,B) :- some35(C,B), \+some35(C,A) 0.137222222222 (3.0, 13.0, 101.0, 5.0) 0.686111111111 [ACCEPT]
[LVL9] rsome35(A,B) :- some35(C,B), \+no35(A,C) 0.137222222222 (3.0, 13.0, 101.0, 5.0) 0.686111111111 [ACCEPT]
[LVL9] rsome35(A,B) :- some35(C,B), \+no35(C,A) 0.137222222222 (3.0, 13.0, 101.0, 5.0) 0.686111111111 [ACCEPT]
[LVL9] rsome35(A,B) :- some35(C,B), \+somenot35(A,C) 0.137222222222 (3.0, 13.0, 101.0, 5.0) 0.686111111111 [ACCEPT]
[LVL9] rsome35(A,B) :- some35(C,B), \+somenot35(C,A) 0.137222222222 (3.0, 13.0, 101.0, 5.0) 0.686111111111 [ACCEPT]
[LVL9] rsome35(A,B) :- all35(A,C), some35(C,D) 0.352777777778 (2.0, 2.0, 112.0, 6.0) 0.529166666667 [ACCEPT]
[LVL9] rsome35(A,B) :- all35(A,C), some35(D,B) 0.352777777778 (2.0, 2.0, 112.0, 6.0) 0.529166666667 [ACCEPT]
[LVL9] rsome35(A,B) :- all35(A,C), \+all35(C,B) 0.0755952380952 (2.0, 13.0, 101.0, 6.0) 0.529166666667 [ACCEPT]
[LVL9] rsome35(A,B) :- all35(A,C), \+all35(B,C) 0.0814102564103 (2.0, 12.0, 102.0, 6.0) 0.529166666667 [ACCEPT]
[LVL9] rsome35(A,B) :- all35(A,C), \+some35(B,C) 0.0814102564103 (2.0, 12.0, 102.0, 6.0) 0.529166666667 [ACCEPT]
[LVL9] rsome35(A,B) :- all35(A,C), \+no35(C,B) 0.0814102564103 (2.0, 12.0, 102.0, 6.0) 0.529166666667 [ACCEPT]
[LVL9] rsome35(A,B) :- all35(A,C), \+no35(B,C) 0.0814102564103 (2.0, 12.0, 102.0, 6.0) 0.529166666667 [ACCEPT]
[LVL9] rsome35(A,B) :- all35(A,C), \+somenot35(C,B) 0.0814102564103 (2.0, 12.0, 102.0, 6.0) 0.529166666667 [ACCEPT]
[LVL9] rsome35(A,B) :- all35(A,C), \+somenot35(B,C) 0.0755952380952 (2.0, 13.0, 101.0, 6.0) 0.529166666667 [ACCEPT]
[LVL9] rsome35(A,B) :- all35(B,C), somenot35(C,D) 0.352777777778 (2.0, 2.0, 112.0, 6.0) 0.529166666667 [ACCEPT]
[LVL9] rsome35(A,B) :- all35(B,C), somenot35(D,A) 0.352777777778 (2.0, 2.0, 112.0, 6.0) 0.529166666667 [ACCEPT]
[LVL9] rsome35(A,B) :- all35(B,C), \+all35(A,C) 0.0814102564103 (2.0, 12.0, 102.0, 6.0) 0.529166666667 [ACCEPT]
[LVL9] rsome35(A,B) :- all35(B,C), \+all35(C,A) 0.0755952380952 (2.0, 13.0, 101.0, 6.0) 0.529166666667 [ACCEPT]
[LVL9] rsome35(A,B) :- all35(B,C), \+some35(A,C) 0.0814102564103 (2.0, 12.0, 102.0, 6.0) 0.529166666667 [ACCEPT]
[LVL9] rsome35(A,B) :- all35(B,C), \+some35(C,A) 0.0814102564103 (2.0, 12.0, 102.0, 6.0) 0.529166666667 [ACCEPT]
[LVL9] rsome35(A,B) :- all35(B,C), \+no35(A,C) 0.0814102564103 (2.0, 12.0, 102.0, 6.0) 0.529166666667 [ACCEPT]
[LVL9] rsome35(A,B) :- all35(B,C), \+no35(C,A) 0.0814102564103 (2.0, 12.0, 102.0, 6.0) 0.529166666667 [ACCEPT]
[LVL9] rsome35(A,B) :- all35(B,C), \+somenot35(A,C) 0.0755952380952 (2.0, 13.0, 101.0, 6.0) 0.529166666667 [ACCEPT]
[LVL9] rsome35(A,B) :- all35(C,A), some35(B,D) 0.352777777778 (2.0, 2.0, 112.0, 6.0) 0.529166666667 [ACCEPT]
[LVL9] rsome35(A,B) :- all35(C,A), some35(D,C) 0.352777777778 (2.0, 2.0, 112.0, 6.0) 0.529166666667 [ACCEPT]
[LVL9] rsome35(A,B) :- all35(C,A), \+all35(C,B) 0.0755952380952 (2.0, 13.0, 101.0, 6.0) 0.529166666667 [ACCEPT]
[LVL9] rsome35(A,B) :- all35(C,A), \+all35(B,C) 0.0705555555556 (2.0, 14.0, 100.0, 6.0) 0.529166666667 [ACCEPT]
[LVL9] rsome35(A,B) :- all35(C,A), \+some35(C,B) 0.0755952380952 (2.0, 13.0, 101.0, 6.0) 0.529166666667 [ACCEPT]
[LVL9] rsome35(A,B) :- all35(C,A), \+no35(C,B) 0.0755952380952 (2.0, 13.0, 101.0, 6.0) 0.529166666667 [ACCEPT]
[LVL9] rsome35(A,B) :- all35(C,A), \+no35(B,C) 0.0755952380952 (2.0, 13.0, 101.0, 6.0) 0.529166666667 [ACCEPT]
[LVL9] rsome35(A,B) :- all35(C,A), \+somenot35(C,B) 0.0755952380952 (2.0, 13.0, 101.0, 6.0) 0.529166666667 [ACCEPT]
[LVL9] rsome35(A,B) :- all35(C,A), \+somenot35(B,C) 0.0755952380952 (2.0, 13.0, 101.0, 6.0) 0.529166666667 [ACCEPT]
[LVL9] rsome35(A,B) :- some35(C,A), somenot35(B,D) 0.352777777778 (2.0, 2.0, 112.0, 6.0) 0.529166666667 [ACCEPT]
[LVL9] rsome35(A,B) :- some35(C,A), somenot35(D,C) 0.352777777778 (2.0, 2.0, 112.0, 6.0) 0.529166666667 [ACCEPT]
[LVL9] rsome35(A,B) :- some35(C,A), \+all35(C,B) 0.0705555555556 (2.0, 14.0, 100.0, 6.0) 0.529166666667 [ACCEPT]
[LVL9] rsome35(A,B) :- some35(C,A), \+all35(B,C) 0.0705555555556 (2.0, 14.0, 100.0, 6.0) 0.529166666667 [ACCEPT]
[LVL9] rsome35(A,B) :- some35(C,A), \+some35(C,B) 0.0705555555556 (2.0, 14.0, 100.0, 6.0) 0.529166666667 [ACCEPT]
[LVL9] rsome35(A,B) :- some35(C,A), \+some35(B,C) 0.0705555555556 (2.0, 14.0, 100.0, 6.0) 0.529166666667 [ACCEPT]
[LVL9] rsome35(A,B) :- some35(C,A), \+no35(C,B) 0.0705555555556 (2.0, 14.0, 100.0, 6.0) 0.529166666667 [ACCEPT]
[LVL9] rsome35(A,B) :- some35(C,A), \+no35(B,C) 0.0705555555556 (2.0, 14.0, 100.0, 6.0) 0.529166666667 [ACCEPT]
[LVL9] rsome35(A,B) :- some35(C,A), \+somenot35(C,B) 0.0705555555556 (2.0, 14.0, 100.0, 6.0) 0.529166666667 [ACCEPT]
[DEBUG] Best rule so far: rsome35(A,B) :- some35(A,C), some35(C,B) [0.352777777778]
[DEBUG] Candidates for iteration 3:
[DEBUG] ==================================
[DEBUG] rsome35(A,B) :- some35(A,C), some35(C,B) 0.352777777778
[DEBUG] rsome35(A,B) :- some35(A,C), some35(B,C) 0.352777777778
[DEBUG] rsome35(A,B) :- some35(A,C), some35(C,D) 0.352777777778
[DEBUG] rsome35(A,B) :- some35(A,C), some35(B,D) 0.352777777778
[DEBUG] rsome35(A,B) :- some35(A,C), some35(D,B) 0.352777777778
[DEBUG] rsome35(A,B) :- some35(B,C), all35(C,A) 0.352777777778
[DEBUG] rsome35(A,B) :- some35(B,C), all35(C,D) 0.352777777778
[DEBUG] rsome35(A,B) :- some35(B,C), all35(D,A) 0.352777777778
[DEBUG] rsome35(A,B) :- some35(B,C), some35(A,D) 0.352777777778
[DEBUG] rsome35(A,B) :- somenot35(B,C), some35(C,A) 0.352777777778
[DEBUG] rsome35(A,B) :- somenot35(B,C), some35(C,D) 0.352777777778
[DEBUG] rsome35(A,B) :- somenot35(B,C), some35(D,A) 0.352777777778
[DEBUG] rsome35(A,B) :- somenot35(B,C), somenot35(C,A) 0.352777777778
[DEBUG] rsome35(A,B) :- somenot35(B,C), somenot35(C,D) 0.352777777778
[DEBUG] rsome35(A,B) :- somenot35(B,C), somenot35(D,A) 0.352777777778
[DEBUG] rsome35(A,B) :- somenot35(C,A), all35(B,C) 0.352777777778
[DEBUG] rsome35(A,B) :- somenot35(C,A), all35(B,D) 0.352777777778
[DEBUG] rsome35(A,B) :- somenot35(C,A), all35(D,C) 0.352777777778
[DEBUG] rsome35(A,B) :- somenot35(C,A), somenot35(B,D) 0.352777777778
[DEBUG] rsome35(A,B) :- somenot35(C,A), somenot35(D,C) 0.352777777778
[DEBUG] rsome35(A,B) :- some35(C,B), all35(A,C) 0.352777777778
[DEBUG] rsome35(A,B) :- some35(C,B), all35(A,D) 0.352777777778
[DEBUG] rsome35(A,B) :- some35(C,B), all35(D,C) 0.352777777778
[DEBUG] rsome35(A,B) :- some35(C,B), some35(A,D) 0.352777777778
[DEBUG] rsome35(A,B) :- some35(C,B), some35(D,C) 0.352777777778
[DEBUG] rsome35(A,B) :- all35(A,C), some35(C,D) 0.352777777778
[DEBUG] rsome35(A,B) :- all35(A,C), some35(D,B) 0.352777777778
[DEBUG] rsome35(A,B) :- all35(B,C), somenot35(C,D) 0.352777777778
[DEBUG] rsome35(A,B) :- all35(B,C), somenot35(D,A) 0.352777777778
[DEBUG] rsome35(A,B) :- all35(C,A), some35(B,D) 0.352777777778
[DEBUG] rsome35(A,B) :- all35(C,A), some35(D,C) 0.352777777778
[DEBUG] rsome35(A,B) :- some35(C,A), somenot35(B,D) 0.352777777778
[DEBUG] rsome35(A,B) :- some35(C,A), somenot35(D,C) 0.352777777778
[DEBUG] rsome35(A,B) :- some35(A,C), \+all35(B,C) 0.171527777778
[DEBUG] rsome35(A,B) :- some35(A,C), \+no35(C,B) 0.171527777778
[DEBUG] rsome35(A,B) :- some35(A,C), \+no35(B,C) 0.171527777778
[DEBUG] rsome35(A,B) :- some35(A,C), \+somenot35(B,C) 0.171527777778
[DEBUG] rsome35(A,B) :- some35(A,C), \+somenot35(C,B) 0.158333333333
[DEBUG] rsome35(A,B) :- some35(B,C), \+all35(A,C) 0.147023809524
[DEBUG] rsome35(A,B) :- some35(B,C), \+some35(C,A) 0.147023809524
[DEBUG] rsome35(A,B) :- some35(B,C), \+no35(A,C) 0.147023809524
[DEBUG] rsome35(A,B) :- some35(B,C), \+no35(C,A) 0.147023809524
[DEBUG] rsome35(A,B) :- some35(B,C), \+somenot35(A,C) 0.147023809524
[DEBUG] rsome35(A,B) :- somenot35(B,C), \+all35(C,A) 0.147023809524
[DEBUG] rsome35(A,B) :- somenot35(B,C), \+some35(A,C) 0.147023809524
[DEBUG] rsome35(A,B) :- somenot35(B,C), \+no35(A,C) 0.147023809524
[DEBUG] rsome35(A,B) :- somenot35(B,C), \+no35(C,A) 0.147023809524
[DEBUG] rsome35(A,B) :- somenot35(B,C), \+somenot35(A,C) 0.147023809524
[DEBUG] rsome35(A,B) :- somenot35(C,A), \+all35(C,B) 0.147023809524
[DEBUG] rsome35(A,B) :- somenot35(C,A), \+some35(C,B) 0.147023809524
[DEBUG] rsome35(A,B) :- somenot35(C,A), \+no35(C,B) 0.147023809524
[DEBUG] rsome35(A,B) :- somenot35(C,A), \+no35(B,C) 0.147023809524
[DEBUG] rsome35(A,B) :- somenot35(C,A), \+somenot35(C,B) 0.147023809524
[DEBUG] rsome35(A,B) :- some35(B,C), \+somenot35(C,A) 0.137222222222
[DEBUG] rsome35(A,B) :- somenot35(B,C), \+all35(A,C) 0.137222222222
[DEBUG] rsome35(A,B) :- somenot35(C,A), \+some35(B,C) 0.137222222222
[DEBUG] rsome35(A,B) :- some35(C,B), \+all35(C,A) 0.137222222222
[DEBUG] rsome35(A,B) :- some35(C,B), \+some35(C,A) 0.137222222222
[DEBUG] rsome35(A,B) :- some35(C,B), \+no35(A,C) 0.137222222222
[DEBUG] rsome35(A,B) :- some35(C,B), \+no35(C,A) 0.137222222222
[DEBUG] rsome35(A,B) :- some35(C,B), \+somenot35(A,C) 0.137222222222
[DEBUG] rsome35(A,B) :- some35(C,B), \+somenot35(C,A) 0.137222222222
[DEBUG] rsome35(A,B) :- some35(A,C), \+some35(C,B) 0.0881944444444
[DEBUG] rsome35(A,B) :- some35(A,C), \+some35(B,C) 0.0881944444444
[DEBUG] rsome35(A,B) :- all35(A,C), \+all35(B,C) 0.0814102564103
[DEBUG] rsome35(A,B) :- all35(A,C), \+some35(B,C) 0.0814102564103
[DEBUG] rsome35(A,B) :- all35(A,C), \+no35(C,B) 0.0814102564103
[DEBUG] rsome35(A,B) :- all35(A,C), \+no35(B,C) 0.0814102564103
[DEBUG] rsome35(A,B) :- all35(A,C), \+somenot35(C,B) 0.0814102564103
[DEBUG] rsome35(A,B) :- all35(B,C), \+all35(A,C) 0.0814102564103
[DEBUG] rsome35(A,B) :- all35(B,C), \+some35(A,C) 0.0814102564103
[DEBUG] rsome35(A,B) :- all35(B,C), \+some35(C,A) 0.0814102564103
[DEBUG] rsome35(A,B) :- all35(B,C), \+no35(A,C) 0.0814102564103
[DEBUG] rsome35(A,B) :- all35(B,C), \+no35(C,A) 0.0814102564103
[DEBUG] rsome35(A,B) :- some35(B,C), \+all35(C,A) 0.0755952380952
[DEBUG] rsome35(A,B) :- some35(B,C), \+some35(A,C) 0.0755952380952
[DEBUG] rsome35(A,B) :- somenot35(B,C), \+some35(C,A) 0.0755952380952
[DEBUG] rsome35(A,B) :- somenot35(B,C), \+somenot35(C,A) 0.0755952380952
[DEBUG] rsome35(A,B) :- somenot35(C,A), \+all35(B,C) 0.0755952380952
[DEBUG] rsome35(A,B) :- somenot35(C,A), \+somenot35(B,C) 0.0755952380952
[DEBUG] rsome35(A,B) :- all35(A,C), \+all35(C,B) 0.0755952380952
[DEBUG] rsome35(A,B) :- all35(A,C), \+somenot35(B,C) 0.0755952380952
[DEBUG] rsome35(A,B) :- all35(B,C), \+all35(C,A) 0.0755952380952
[DEBUG] rsome35(A,B) :- all35(B,C), \+somenot35(A,C) 0.0755952380952
[DEBUG] rsome35(A,B) :- all35(C,A), \+all35(C,B) 0.0755952380952
[DEBUG] rsome35(A,B) :- all35(C,A), \+some35(C,B) 0.0755952380952
[DEBUG] rsome35(A,B) :- all35(C,A), \+no35(C,B) 0.0755952380952
[DEBUG] rsome35(A,B) :- all35(C,A), \+no35(B,C) 0.0755952380952
[DEBUG] rsome35(A,B) :- all35(C,A), \+somenot35(C,B) 0.0755952380952
[DEBUG] rsome35(A,B) :- all35(C,A), \+somenot35(B,C) 0.0755952380952
[DEBUG] rsome35(A,B) :- some35(C,B), \+all35(A,C) 0.0705555555556
[DEBUG] rsome35(A,B) :- some35(C,B), \+some35(A,C) 0.0705555555556
[DEBUG] rsome35(A,B) :- all35(C,A), \+all35(B,C) 0.0705555555556
[DEBUG] rsome35(A,B) :- some35(C,A), \+all35(C,B) 0.0705555555556
[DEBUG] rsome35(A,B) :- some35(C,A), \+all35(B,C) 0.0705555555556
[DEBUG] rsome35(A,B) :- some35(C,A), \+some35(C,B) 0.0705555555556
[DEBUG] rsome35(A,B) :- some35(C,A), \+some35(B,C) 0.0705555555556
[DEBUG] rsome35(A,B) :- some35(C,A), \+no35(C,B) 0.0705555555556
[DEBUG] rsome35(A,B) :- some35(C,A), \+no35(B,C) 0.0705555555556
[DEBUG] rsome35(A,B) :- some35(C,A), \+somenot35(C,B) 0.0705555555556
[DEBUG] ==================================
[INFO] RULE LEARNED: rsome35(A,B) :- some35(A,C), some35(C,B) 0.934426229508
