[LVL9] Output level: 9
[INFO] Random seed: 0.601826214864
[INFO] Computing scores: 0.0392s
[INFO] Number of examples (M): 110
[INFO] Positive weight (P): 9.0000
[INFO] Negative weight (N): 101.0000
[DEBUG] Best rule so far: rno115(A,B) :- true [0.0818181818182]
[DEBUG] Candidates for iteration 1:
[DEBUG] ==================================
[DEBUG] rno115(A,B) :- true 0.0818181818182
[DEBUG] ==================================
[LVL9] rno115(A,B) :- all115(A,C) 0.0 (1.0, 13.0, 88.0, 8.0) 0.540909090909 [ACCEPT]
[LVL9] rno115(A,B) :- all115(B,C) 0.0 (1.0, 13.0, 88.0, 8.0) 0.540909090909 [ACCEPT]
[LVL9] rno115(A,B) :- all115(C,A) 0.130113636364 (2.0, 13.0, 88.0, 7.0) 0.693939393939 [ACCEPT]
[LVL9] BETTER RULE rno115(A,B) :- all115(C,A) (0.13011363636363638, 2.0) > (0.08181818181818182, 9.0)
[LVL9] rno115(A,B) :- all115(C,B) 0.0 (1.0, 14.0, 87.0, 8.0) 0.540909090909 [ACCEPT]
[LVL9] rno115(A,B) :- some115(B,C) 0.0 (1.0, 13.0, 88.0, 8.0) 0.540909090909 [ACCEPT]
[LVL9] rno115(A,B) :- some115(C,B) 0.0 (1.0, 12.0, 89.0, 8.0) 0.540909090909 [ACCEPT]
[LVL9] rno115(A,B) :- no115(A,C) 0.272121212121 (4.0, 10.0, 91.0, 5.0) 0.816363636364 [ACCEPT]
[LVL9] BETTER RULE rno115(A,B) :- no115(A,C) (0.27212121212121215, 4.0) > (0.13011363636363638, 2.0)
[LVL9] rno115(A,B) :- no115(B,C) 0.0 (1.0, 13.0, 88.0, 8.0) 0.540909090909 [ACCEPT]
[LVL9] rno115(A,B) :- no115(C,A) 0.138787878788 (2.0, 12.0, 89.0, 7.0) 0.693939393939 [ACCEPT]
[LVL9] rno115(A,B) :- no115(C,B) 0.138787878788 (2.0, 12.0, 89.0, 7.0) 0.693939393939 [ACCEPT]
[LVL9] rno115(A,B) :- somenot115(C,B) 0.148701298701 (2.0, 11.0, 90.0, 7.0) 0.693939393939 [ACCEPT]
[DEBUG] Best rule so far: rno115(A,B) :- no115(A,C) [0.272121212121]
[DEBUG] Candidates for iteration 2:
[DEBUG] ==================================
[DEBUG] rno115(A,B) :- no115(A,C) 0.272121212121
[DEBUG] rno115(A,B) :- somenot115(C,B) 0.148701298701
[DEBUG] rno115(A,B) :- no115(C,A) 0.138787878788
[DEBUG] rno115(A,B) :- no115(C,B) 0.138787878788
[DEBUG] rno115(A,B) :- all115(C,A) 0.130113636364
[DEBUG] rno115(A,B) :- all115(A,C) 0.0
[DEBUG] rno115(A,B) :- all115(B,C) 0.0
[DEBUG] rno115(A,B) :- all115(C,B) 0.0
[DEBUG] rno115(A,B) :- some115(B,C) 0.0
[DEBUG] rno115(A,B) :- some115(C,B) 0.0
[DEBUG] rno115(A,B) :- no115(B,C) 0.0
[DEBUG] ==================================
[LVL9] rno115(A,B) :- no115(A,C), all115(C,B) 0.360606060606 (1.0, 1.0, 100.0, 8.0) 0.540909090909 [ACCEPT]
[LVL9] BETTER RULE rno115(A,B) :- no115(A,C), all115(C,B) (0.3606060606060606, 1.0) > (0.27212121212121215, 4.0)
[LVL9] rno115(A,B) :- no115(A,C), all115(B,C) 0.360606060606 (1.0, 1.0, 100.0, 8.0) 0.540909090909 [ACCEPT]
[LVL9] rno115(A,B) :- no115(A,C), all115(C,D) 0.360606060606 (1.0, 1.0, 100.0, 8.0) 0.540909090909 [ACCEPT]
[LVL9] rno115(A,B) :- no115(A,C), all115(B,D) 0.360606060606 (1.0, 1.0, 100.0, 8.0) 0.540909090909 [ACCEPT]
[LVL9] rno115(A,B) :- no115(A,C), all115(D,C) 0.360606060606 (1.0, 1.0, 100.0, 8.0) 0.540909090909 [ACCEPT]
[LVL9] rno115(A,B) :- no115(A,C), all115(D,B) 0.360606060606 (1.0, 1.0, 100.0, 8.0) 0.540909090909 [ACCEPT]
[LVL9] rno115(A,B) :- no115(A,C), some115(B,C) 0.540909090909 (1.0, 0.0, 101.0, 8.0) 0.540909090909 [REJECT* fp] 0.0
[LVL9] BETTER RULE rno115(A,B) :- no115(A,C), some115(B,C) (0.5409090909090909, 1.0) > (0.3606060606060606, 1.0)
[LVL9] rno115(A,B) :- no115(A,C), \+all115(C,B) 0.237062937063 (3.0, 9.0, 92.0, 6.0) 0.770454545455 [ACCEPT]
[LVL9] rno115(A,B) :- no115(A,C), \+all115(B,C) 0.237062937063 (3.0, 9.0, 92.0, 6.0) 0.770454545455 [ACCEPT]
[LVL9] rno115(A,B) :- no115(A,C), \+some115(C,B) 0.313986013986 (4.0, 8.0, 93.0, 5.0) 0.816363636364 [ACCEPT]
[LVL9] rno115(A,B) :- no115(A,C), \+no115(C,B) 0.313986013986 (4.0, 8.0, 93.0, 5.0) 0.816363636364 [ACCEPT]
[LVL9] rno115(A,B) :- no115(A,C), \+no115(B,C) 0.313986013986 (4.0, 8.0, 93.0, 5.0) 0.816363636364 [ACCEPT]
[LVL9] rno115(A,B) :- no115(A,C), \+somenot115(C,B) 0.237062937063 (3.0, 9.0, 92.0, 6.0) 0.770454545455 [ACCEPT]
[LVL9] rno115(A,B) :- no115(A,C), \+somenot115(B,C) 0.291558441558 (4.0, 9.0, 92.0, 5.0) 0.816363636364 [ACCEPT]
[LVL9] rno115(A,B) :- somenot115(C,B), \+all115(A,C) 0.173484848485 (2.0, 9.0, 92.0, 7.0) 0.693939393939 [ACCEPT]
[LVL9] rno115(A,B) :- somenot115(C,B), \+all115(C,A) 0.173484848485 (2.0, 9.0, 92.0, 7.0) 0.693939393939 [ACCEPT]
[LVL9] rno115(A,B) :- somenot115(C,B), \+some115(A,C) 0.173484848485 (2.0, 9.0, 92.0, 7.0) 0.693939393939 [ACCEPT]
[LVL9] rno115(A,B) :- somenot115(C,B), \+some115(C,A) 0.173484848485 (2.0, 9.0, 92.0, 7.0) 0.693939393939 [ACCEPT]
[LVL9] rno115(A,B) :- somenot115(C,B), \+somenot115(A,C) 0.16013986014 (2.0, 10.0, 91.0, 7.0) 0.693939393939 [ACCEPT]
[LVL9] rno115(A,B) :- no115(C,A), \+all115(C,B) 0.16013986014 (2.0, 10.0, 91.0, 7.0) 0.693939393939 [ACCEPT]
[LVL9] rno115(A,B) :- no115(C,A), \+all115(B,C) 0.148701298701 (2.0, 11.0, 90.0, 7.0) 0.693939393939 [ACCEPT]
[LVL9] rno115(A,B) :- no115(C,A), \+some115(B,C) 0.16013986014 (2.0, 10.0, 91.0, 7.0) 0.693939393939 [ACCEPT]
[LVL9] rno115(A,B) :- no115(C,A), \+no115(C,B) 0.16013986014 (2.0, 10.0, 91.0, 7.0) 0.693939393939 [ACCEPT]
[LVL9] rno115(A,B) :- no115(C,A), \+no115(B,C) 0.16013986014 (2.0, 10.0, 91.0, 7.0) 0.693939393939 [ACCEPT]
[LVL9] rno115(A,B) :- no115(C,A), \+somenot115(B,C) 0.16013986014 (2.0, 10.0, 91.0, 7.0) 0.693939393939 [ACCEPT]
[LVL9] rno115(A,B) :- no115(C,B), \+some115(A,C) 0.16013986014 (2.0, 10.0, 91.0, 7.0) 0.693939393939 [ACCEPT]
[LVL9] rno115(A,B) :- no115(C,B), \+some115(C,A) 0.148701298701 (2.0, 11.0, 90.0, 7.0) 0.693939393939 [ACCEPT]
[LVL9] rno115(A,B) :- no115(C,B), \+no115(A,C) 0.16013986014 (2.0, 10.0, 91.0, 7.0) 0.693939393939 [ACCEPT]
[LVL9] rno115(A,B) :- no115(C,B), \+no115(C,A) 0.16013986014 (2.0, 10.0, 91.0, 7.0) 0.693939393939 [ACCEPT]
[LVL9] rno115(A,B) :- no115(C,B), \+somenot115(A,C) 0.16013986014 (2.0, 10.0, 91.0, 7.0) 0.693939393939 [ACCEPT]
[LVL9] rno115(A,B) :- no115(C,B), \+somenot115(C,A) 0.16013986014 (2.0, 10.0, 91.0, 7.0) 0.693939393939 [ACCEPT]
[LVL9] rno115(A,B) :- all115(C,A), \+all115(C,B) 0.148701298701 (2.0, 11.0, 90.0, 7.0) 0.693939393939 [ACCEPT]
[LVL9] rno115(A,B) :- all115(C,A), \+all115(B,C) 0.148701298701 (2.0, 11.0, 90.0, 7.0) 0.693939393939 [ACCEPT]
[LVL9] rno115(A,B) :- all115(C,A), \+some115(C,B) 0.148701298701 (2.0, 11.0, 90.0, 7.0) 0.693939393939 [ACCEPT]
[LVL9] rno115(A,B) :- all115(C,A), \+some115(B,C) 0.138787878788 (2.0, 12.0, 89.0, 7.0) 0.693939393939 [ACCEPT]
[LVL9] rno115(A,B) :- all115(C,A), \+somenot115(C,B) 0.148701298701 (2.0, 11.0, 90.0, 7.0) 0.693939393939 [ACCEPT]
[LVL9] rno115(A,B) :- all115(C,A), \+somenot115(B,C) 0.148701298701 (2.0, 11.0, 90.0, 7.0) 0.693939393939 [ACCEPT]
[DEBUG] Best rule so far: rno115(A,B) :- no115(A,C), some115(B,C) [0.540909090909]
[DEBUG] Candidates for iteration 3:
[DEBUG] ==================================
[DEBUG] rno115(A,B) :- no115(A,C), all115(C,B) 0.360606060606
[DEBUG] rno115(A,B) :- no115(A,C), all115(B,C) 0.360606060606
[DEBUG] rno115(A,B) :- no115(A,C), all115(C,D) 0.360606060606
[DEBUG] rno115(A,B) :- no115(A,C), all115(B,D) 0.360606060606
[DEBUG] rno115(A,B) :- no115(A,C), all115(D,C) 0.360606060606
[DEBUG] rno115(A,B) :- no115(A,C), all115(D,B) 0.360606060606
[DEBUG] rno115(A,B) :- no115(A,C), \+some115(C,B) 0.313986013986
[DEBUG] rno115(A,B) :- no115(A,C), \+no115(C,B) 0.313986013986
[DEBUG] rno115(A,B) :- no115(A,C), \+no115(B,C) 0.313986013986
[DEBUG] rno115(A,B) :- no115(A,C), \+somenot115(B,C) 0.291558441558
[DEBUG] rno115(A,B) :- no115(A,C), \+all115(C,B) 0.237062937063
[DEBUG] rno115(A,B) :- no115(A,C), \+all115(B,C) 0.237062937063
[DEBUG] rno115(A,B) :- no115(A,C), \+somenot115(C,B) 0.237062937063
[DEBUG] rno115(A,B) :- somenot115(C,B), \+all115(A,C) 0.173484848485
[DEBUG] rno115(A,B) :- somenot115(C,B), \+all115(C,A) 0.173484848485
[DEBUG] rno115(A,B) :- somenot115(C,B), \+some115(A,C) 0.173484848485
[DEBUG] rno115(A,B) :- somenot115(C,B), \+some115(C,A) 0.173484848485
[DEBUG] rno115(A,B) :- somenot115(C,B), \+somenot115(A,C) 0.16013986014
[DEBUG] rno115(A,B) :- no115(C,A), \+all115(C,B) 0.16013986014
[DEBUG] rno115(A,B) :- no115(C,A), \+some115(B,C) 0.16013986014
[DEBUG] rno115(A,B) :- no115(C,A), \+no115(C,B) 0.16013986014
[DEBUG] rno115(A,B) :- no115(C,A), \+no115(B,C) 0.16013986014
[DEBUG] rno115(A,B) :- no115(C,A), \+somenot115(B,C) 0.16013986014
[DEBUG] rno115(A,B) :- no115(C,B), \+some115(A,C) 0.16013986014
[DEBUG] rno115(A,B) :- no115(C,B), \+no115(A,C) 0.16013986014
[DEBUG] rno115(A,B) :- no115(C,B), \+no115(C,A) 0.16013986014
[DEBUG] rno115(A,B) :- no115(C,B), \+somenot115(A,C) 0.16013986014
[DEBUG] rno115(A,B) :- no115(C,B), \+somenot115(C,A) 0.16013986014
[DEBUG] rno115(A,B) :- no115(C,A), \+all115(B,C) 0.148701298701
[DEBUG] rno115(A,B) :- no115(C,B), \+some115(C,A) 0.148701298701
[DEBUG] rno115(A,B) :- all115(C,A), \+all115(C,B) 0.148701298701
[DEBUG] rno115(A,B) :- all115(C,A), \+all115(B,C) 0.148701298701
[DEBUG] rno115(A,B) :- all115(C,A), \+some115(C,B) 0.148701298701
[DEBUG] rno115(A,B) :- all115(C,A), \+somenot115(C,B) 0.148701298701
[DEBUG] rno115(A,B) :- all115(C,A), \+somenot115(B,C) 0.148701298701
[DEBUG] rno115(A,B) :- all115(C,A), \+some115(B,C) 0.138787878788
[DEBUG] ==================================
[INFO] RULE LEARNED: rno115(A,B) :- no115(A,C), some115(B,C) 0.927272727273
[DEBUG] Best rule so far: rno115(A,B) :- true [0.0]
[DEBUG] Candidates for iteration 1:
[DEBUG] ==================================
[DEBUG] rno115(A,B) :- true 0.0
[DEBUG] ==================================
[LVL9] rno115(A,B) :- all115(A,C) 0.0 (2.0, 13.0, 88.0, 7.0) 0.536697247706 [ACCEPT]
[LVL9] rno115(A,B) :- all115(B,C) 0.0 (2.0, 13.0, 88.0, 7.0) 0.536697247706 [ACCEPT]
[LVL9] rno115(A,B) :- all115(C,A) 0.129587155963 (3.0, 13.0, 88.0, 6.0) 0.691131498471 [ACCEPT]
[LVL9] BETTER RULE rno115(A,B) :- all115(C,A) (0.12958715596330275, 3.0) > (0.0, 9.0)
[LVL9] rno115(A,B) :- all115(C,B) 0.0 (2.0, 14.0, 87.0, 7.0) 0.536697247706 [ACCEPT]
[LVL9] rno115(A,B) :- some115(C,B) 0.0766710353866 (2.0, 12.0, 89.0, 7.0) 0.536697247706 [ACCEPT]
[LVL9] rno115(A,B) :- no115(A,C) 0.219528178244 (4.0, 10.0, 91.0, 5.0) 0.768348623853 [ACCEPT]
[LVL9] BETTER RULE rno115(A,B) :- no115(A,C) (0.21952817824377457, 4.0) > (0.12958715596330275, 3.0)
[LVL9] rno115(A,B) :- no115(B,C) 0.0 (2.0, 13.0, 88.0, 7.0) 0.536697247706 [ACCEPT]
[LVL9] rno115(A,B) :- no115(C,A) 0.138226299694 (3.0, 12.0, 89.0, 6.0) 0.691131498471 [ACCEPT]
[LVL9] rno115(A,B) :- no115(C,B) 0.138226299694 (3.0, 12.0, 89.0, 6.0) 0.691131498471 [ACCEPT]
[LVL9] rno115(A,B) :- somenot115(C,B) 0.148099606815 (3.0, 11.0, 90.0, 6.0) 0.691131498471 [ACCEPT]
[DEBUG] Best rule so far: rno115(A,B) :- no115(A,C) [0.219528178244]
[DEBUG] Candidates for iteration 2:
[DEBUG] ==================================
[DEBUG] rno115(A,B) :- no115(A,C) 0.219528178244
[DEBUG] rno115(A,B) :- somenot115(C,B) 0.148099606815
[DEBUG] rno115(A,B) :- no115(C,A) 0.138226299694
[DEBUG] rno115(A,B) :- no115(C,B) 0.138226299694
[DEBUG] rno115(A,B) :- all115(C,A) 0.129587155963
[DEBUG] rno115(A,B) :- some115(C,B) 0.0766710353866
[DEBUG] rno115(A,B) :- all115(A,C) 0.0
[DEBUG] rno115(A,B) :- all115(B,C) 0.0
[DEBUG] rno115(A,B) :- all115(C,B) 0.0
[DEBUG] rno115(A,B) :- no115(B,C) 0.0
[DEBUG] ==================================
[LVL9] rno115(A,B) :- no115(A,C), all115(C,B) 0.357798165138 (2.0, 1.0, 100.0, 7.0) 0.536697247706 [ACCEPT]
[LVL9] BETTER RULE rno115(A,B) :- no115(A,C), all115(C,B) (0.3577981651376147, 2.0) > (0.21952817824377457, 4.0)
[LVL9] rno115(A,B) :- no115(A,C), all115(B,C) 0.357798165138 (2.0, 1.0, 100.0, 7.0) 0.536697247706 [ACCEPT]
[LVL9] rno115(A,B) :- no115(A,C), all115(C,D) 0.357798165138 (2.0, 1.0, 100.0, 7.0) 0.536697247706 [ACCEPT]
[LVL9] rno115(A,B) :- no115(A,C), all115(B,D) 0.357798165138 (2.0, 1.0, 100.0, 7.0) 0.536697247706 [ACCEPT]
[LVL9] rno115(A,B) :- no115(A,C), all115(D,C) 0.357798165138 (2.0, 1.0, 100.0, 7.0) 0.536697247706 [ACCEPT]
[LVL9] rno115(A,B) :- no115(A,C), all115(D,B) 0.357798165138 (2.0, 1.0, 100.0, 7.0) 0.536697247706 [ACCEPT]
[LVL9] rno115(A,B) :- no115(A,C), somenot115(C,B) 0.357798165138 (2.0, 1.0, 100.0, 7.0) 0.536697247706 [ACCEPT]
[LVL9] rno115(A,B) :- no115(A,C), somenot115(C,D) 0.357798165138 (2.0, 1.0, 100.0, 7.0) 0.536697247706 [ACCEPT]
[LVL9] rno115(A,B) :- no115(A,C), somenot115(D,B) 0.357798165138 (2.0, 1.0, 100.0, 7.0) 0.536697247706 [ACCEPT]
[LVL9] rno115(A,B) :- no115(A,C), \+all115(C,B) 0.172782874618 (3.0, 9.0, 92.0, 6.0) 0.691131498471 [ACCEPT]
[LVL9] rno115(A,B) :- no115(A,C), \+all115(B,C) 0.172782874618 (3.0, 9.0, 92.0, 6.0) 0.691131498471 [ACCEPT]
[LVL9] rno115(A,B) :- no115(A,C), \+some115(C,B) 0.256116207951 (4.0, 8.0, 93.0, 5.0) 0.768348623853 [ACCEPT]
[LVL9] rno115(A,B) :- no115(A,C), \+no115(C,B) 0.256116207951 (4.0, 8.0, 93.0, 5.0) 0.768348623853 [ACCEPT]
[LVL9] rno115(A,B) :- no115(A,C), \+no115(B,C) 0.256116207951 (4.0, 8.0, 93.0, 5.0) 0.768348623853 [ACCEPT]
[LVL9] rno115(A,B) :- no115(A,C), \+somenot115(C,B) 0.172782874618 (3.0, 9.0, 92.0, 6.0) 0.691131498471 [ACCEPT]
[LVL9] rno115(A,B) :- no115(A,C), \+somenot115(B,C) 0.236414961186 (4.0, 9.0, 92.0, 5.0) 0.768348623853 [ACCEPT]
[LVL9] rno115(A,B) :- somenot115(C,B), no115(C,A) 0.357798165138 (2.0, 1.0, 100.0, 7.0) 0.536697247706 [ACCEPT]
[LVL9] rno115(A,B) :- somenot115(C,B), no115(A,D) 0.357798165138 (2.0, 1.0, 100.0, 7.0) 0.536697247706 [ACCEPT]
[LVL9] rno115(A,B) :- somenot115(C,B), no115(C,D) 0.357798165138 (2.0, 1.0, 100.0, 7.0) 0.536697247706 [ACCEPT]
[LVL9] rno115(A,B) :- somenot115(C,B), no115(D,A) 0.357798165138 (2.0, 1.0, 100.0, 7.0) 0.536697247706 [ACCEPT]
[LVL9] rno115(A,B) :- somenot115(C,B), no115(D,C) 0.357798165138 (2.0, 1.0, 100.0, 7.0) 0.536697247706 [ACCEPT]
[LVL9] rno115(A,B) :- somenot115(C,B), \+all115(A,C) 0.172782874618 (3.0, 9.0, 92.0, 6.0) 0.691131498471 [ACCEPT]
[LVL9] rno115(A,B) :- somenot115(C,B), \+all115(C,A) 0.172782874618 (3.0, 9.0, 92.0, 6.0) 0.691131498471 [ACCEPT]
[LVL9] rno115(A,B) :- somenot115(C,B), \+some115(A,C) 0.172782874618 (3.0, 9.0, 92.0, 6.0) 0.691131498471 [ACCEPT]
[LVL9] rno115(A,B) :- somenot115(C,B), \+some115(C,A) 0.172782874618 (3.0, 9.0, 92.0, 6.0) 0.691131498471 [ACCEPT]
[LVL9] rno115(A,B) :- somenot115(C,B), \+no115(A,C) 0.0894495412844 (2.0, 10.0, 91.0, 7.0) 0.536697247706 [ACCEPT]
[LVL9] rno115(A,B) :- somenot115(C,B), \+no115(C,A) 0.0894495412844 (2.0, 10.0, 91.0, 7.0) 0.536697247706 [ACCEPT]
[LVL9] rno115(A,B) :- somenot115(C,B), \+somenot115(A,C) 0.159491884263 (3.0, 10.0, 91.0, 6.0) 0.691131498471 [ACCEPT]
[LVL9] rno115(A,B) :- no115(C,A), some115(C,B) 0.536697247706 (2.0, 0.0, 101.0, 7.0) 0.536697247706 [REJECT* fp] 1.0
[LVL9] BETTER RULE rno115(A,B) :- no115(C,A), some115(C,B) (0.536697247706422, 2.0) > (0.3577981651376147, 2.0)
[LVL9] rno115(A,B) :- no115(C,A), \+all115(C,B) 0.159491884263 (3.0, 10.0, 91.0, 6.0) 0.691131498471 [ACCEPT]
[LVL9] rno115(A,B) :- no115(C,A), \+all115(B,C) 0.148099606815 (3.0, 11.0, 90.0, 6.0) 0.691131498471 [ACCEPT]
[LVL9] rno115(A,B) :- no115(C,A), \+some115(B,C) 0.159491884263 (3.0, 10.0, 91.0, 6.0) 0.691131498471 [ACCEPT]
[LVL9] rno115(A,B) :- no115(C,A), \+no115(C,B) 0.159491884263 (3.0, 10.0, 91.0, 6.0) 0.691131498471 [ACCEPT]
[LVL9] rno115(A,B) :- no115(C,A), \+no115(B,C) 0.159491884263 (3.0, 10.0, 91.0, 6.0) 0.691131498471 [ACCEPT]
[LVL9] rno115(A,B) :- no115(C,A), \+somenot115(B,C) 0.159491884263 (3.0, 10.0, 91.0, 6.0) 0.691131498471 [ACCEPT]
[LVL9] rno115(A,B) :- no115(C,B), \+some115(A,C) 0.159491884263 (3.0, 10.0, 91.0, 6.0) 0.691131498471 [ACCEPT]
[LVL9] rno115(A,B) :- no115(C,B), \+some115(C,A) 0.148099606815 (3.0, 11.0, 90.0, 6.0) 0.691131498471 [ACCEPT]
[LVL9] rno115(A,B) :- no115(C,B), \+no115(A,C) 0.159491884263 (3.0, 10.0, 91.0, 6.0) 0.691131498471 [ACCEPT]
[LVL9] rno115(A,B) :- no115(C,B), \+no115(C,A) 0.159491884263 (3.0, 10.0, 91.0, 6.0) 0.691131498471 [ACCEPT]
[LVL9] rno115(A,B) :- no115(C,B), \+somenot115(A,C) 0.159491884263 (3.0, 10.0, 91.0, 6.0) 0.691131498471 [ACCEPT]
[LVL9] rno115(A,B) :- no115(C,B), \+somenot115(C,A) 0.159491884263 (3.0, 10.0, 91.0, 6.0) 0.691131498471 [ACCEPT]
[LVL9] rno115(A,B) :- all115(C,A), \+all115(C,B) 0.148099606815 (3.0, 11.0, 90.0, 6.0) 0.691131498471 [ACCEPT]
[LVL9] rno115(A,B) :- all115(C,A), \+all115(B,C) 0.148099606815 (3.0, 11.0, 90.0, 6.0) 0.691131498471 [ACCEPT]
[LVL9] rno115(A,B) :- all115(C,A), \+some115(C,B) 0.148099606815 (3.0, 11.0, 90.0, 6.0) 0.691131498471 [ACCEPT]
[LVL9] rno115(A,B) :- all115(C,A), \+some115(B,C) 0.138226299694 (3.0, 12.0, 89.0, 6.0) 0.691131498471 [ACCEPT]
[LVL9] rno115(A,B) :- all115(C,A), \+somenot115(C,B) 0.148099606815 (3.0, 11.0, 90.0, 6.0) 0.691131498471 [ACCEPT]
[LVL9] rno115(A,B) :- all115(C,A), \+somenot115(B,C) 0.148099606815 (3.0, 11.0, 90.0, 6.0) 0.691131498471 [ACCEPT]
[DEBUG] Best rule so far: rno115(A,B) :- no115(C,A), some115(C,B) [0.536697247706]
[DEBUG] Candidates for iteration 3:
[DEBUG] ==================================
[DEBUG] rno115(A,B) :- no115(A,C), all115(C,B) 0.357798165138
[DEBUG] rno115(A,B) :- no115(A,C), all115(B,C) 0.357798165138
[DEBUG] rno115(A,B) :- no115(A,C), all115(C,D) 0.357798165138
[DEBUG] rno115(A,B) :- no115(A,C), all115(B,D) 0.357798165138
[DEBUG] rno115(A,B) :- no115(A,C), all115(D,C) 0.357798165138
[DEBUG] rno115(A,B) :- no115(A,C), all115(D,B) 0.357798165138
[DEBUG] rno115(A,B) :- no115(A,C), somenot115(C,B) 0.357798165138
[DEBUG] rno115(A,B) :- no115(A,C), somenot115(C,D) 0.357798165138
[DEBUG] rno115(A,B) :- no115(A,C), somenot115(D,B) 0.357798165138
[DEBUG] rno115(A,B) :- somenot115(C,B), no115(C,A) 0.357798165138
[DEBUG] rno115(A,B) :- somenot115(C,B), no115(A,D) 0.357798165138
[DEBUG] rno115(A,B) :- somenot115(C,B), no115(C,D) 0.357798165138
[DEBUG] rno115(A,B) :- somenot115(C,B), no115(D,A) 0.357798165138
[DEBUG] rno115(A,B) :- somenot115(C,B), no115(D,C) 0.357798165138
[DEBUG] rno115(A,B) :- no115(A,C), \+some115(C,B) 0.256116207951
[DEBUG] rno115(A,B) :- no115(A,C), \+no115(C,B) 0.256116207951
[DEBUG] rno115(A,B) :- no115(A,C), \+no115(B,C) 0.256116207951
[DEBUG] rno115(A,B) :- no115(A,C), \+somenot115(B,C) 0.236414961186
[DEBUG] rno115(A,B) :- no115(A,C), \+all115(C,B) 0.172782874618
[DEBUG] rno115(A,B) :- no115(A,C), \+all115(B,C) 0.172782874618
[DEBUG] rno115(A,B) :- no115(A,C), \+somenot115(C,B) 0.172782874618
[DEBUG] rno115(A,B) :- somenot115(C,B), \+all115(A,C) 0.172782874618
[DEBUG] rno115(A,B) :- somenot115(C,B), \+all115(C,A) 0.172782874618
[DEBUG] rno115(A,B) :- somenot115(C,B), \+some115(A,C) 0.172782874618
[DEBUG] rno115(A,B) :- somenot115(C,B), \+some115(C,A) 0.172782874618
[DEBUG] rno115(A,B) :- somenot115(C,B), \+somenot115(A,C) 0.159491884263
[DEBUG] rno115(A,B) :- no115(C,A), \+all115(C,B) 0.159491884263
[DEBUG] rno115(A,B) :- no115(C,A), \+some115(B,C) 0.159491884263
[DEBUG] rno115(A,B) :- no115(C,A), \+no115(C,B) 0.159491884263
[DEBUG] rno115(A,B) :- no115(C,A), \+no115(B,C) 0.159491884263
[DEBUG] rno115(A,B) :- no115(C,A), \+somenot115(B,C) 0.159491884263
[DEBUG] rno115(A,B) :- no115(C,B), \+some115(A,C) 0.159491884263
[DEBUG] rno115(A,B) :- no115(C,B), \+no115(A,C) 0.159491884263
[DEBUG] rno115(A,B) :- no115(C,B), \+no115(C,A) 0.159491884263
[DEBUG] rno115(A,B) :- no115(C,B), \+somenot115(A,C) 0.159491884263
[DEBUG] rno115(A,B) :- no115(C,B), \+somenot115(C,A) 0.159491884263
[DEBUG] rno115(A,B) :- no115(C,A), \+all115(B,C) 0.148099606815
[DEBUG] rno115(A,B) :- no115(C,B), \+some115(C,A) 0.148099606815
[DEBUG] rno115(A,B) :- all115(C,A), \+all115(C,B) 0.148099606815
[DEBUG] rno115(A,B) :- all115(C,A), \+all115(B,C) 0.148099606815
[DEBUG] rno115(A,B) :- all115(C,A), \+some115(C,B) 0.148099606815
[DEBUG] rno115(A,B) :- all115(C,A), \+somenot115(C,B) 0.148099606815
[DEBUG] rno115(A,B) :- all115(C,A), \+somenot115(B,C) 0.148099606815
[DEBUG] rno115(A,B) :- all115(C,A), \+some115(B,C) 0.138226299694
[DEBUG] rno115(A,B) :- somenot115(C,B), \+no115(A,C) 0.0894495412844
[DEBUG] rno115(A,B) :- somenot115(C,B), \+no115(C,A) 0.0894495412844
[DEBUG] ==================================
[INFO] RULE LEARNED: rno115(A,B) :- no115(C,A), some115(C,B) 0.936363636364
[DEBUG] Best rule so far: rno115(A,B) :- true [0.0648148148148]
[DEBUG] Candidates for iteration 1:
[DEBUG] ==================================
[DEBUG] rno115(A,B) :- true 0.0648148148148
[DEBUG] ==================================
[LVL9] rno115(A,B) :- all115(A,C) 0.070987654321 (3.0, 13.0, 88.0, 6.0) 0.532407407407 [ACCEPT]
[LVL9] BETTER RULE rno115(A,B) :- all115(A,C) (0.07098765432098766, 3.0) > (0.06481481481481481, 9.0)
[LVL9] rno115(A,B) :- all115(B,C) 0.070987654321 (3.0, 13.0, 88.0, 6.0) 0.532407407407 [ACCEPT]
[LVL9] rno115(A,B) :- all115(C,A) 0.129050925926 (4.0, 13.0, 88.0, 5.0) 0.688271604938 [ACCEPT]
[LVL9] BETTER RULE rno115(A,B) :- all115(C,A) (0.12905092592592593, 4.0) > (0.07098765432098766, 3.0)
[LVL9] rno115(A,B) :- all115(C,B) 0.0665509259259 (3.0, 14.0, 87.0, 6.0) 0.532407407407 [ACCEPT]
[LVL9] rno115(A,B) :- no115(A,C) 0.218915343915 (5.0, 10.0, 91.0, 4.0) 0.766203703704 [ACCEPT]
[LVL9] BETTER RULE rno115(A,B) :- no115(A,C) (0.21891534391534392, 5.0) > (0.12905092592592593, 4.0)
[LVL9] rno115(A,B) :- no115(B,C) 0.070987654321 (3.0, 13.0, 88.0, 6.0) 0.532407407407 [ACCEPT]
[LVL9] rno115(A,B) :- no115(C,A) 0.0760582010582 (3.0, 12.0, 89.0, 6.0) 0.532407407407 [ACCEPT]
[LVL9] rno115(A,B) :- no115(C,B) 0.137654320988 (4.0, 12.0, 89.0, 5.0) 0.688271604938 [ACCEPT]
[LVL9] rno115(A,B) :- somenot115(C,B) 0.147486772487 (4.0, 11.0, 90.0, 5.0) 0.688271604938 [ACCEPT]
[DEBUG] Best rule so far: rno115(A,B) :- no115(A,C) [0.218915343915]
[DEBUG] Candidates for iteration 2:
[DEBUG] ==================================
[DEBUG] rno115(A,B) :- no115(A,C) 0.218915343915
[DEBUG] rno115(A,B) :- somenot115(C,B) 0.147486772487
[DEBUG] rno115(A,B) :- no115(C,B) 0.137654320988
[DEBUG] rno115(A,B) :- all115(C,A) 0.129050925926
[DEBUG] rno115(A,B) :- no115(C,A) 0.0760582010582
[DEBUG] rno115(A,B) :- all115(A,C) 0.070987654321
[DEBUG] rno115(A,B) :- all115(B,C) 0.070987654321
[DEBUG] rno115(A,B) :- no115(B,C) 0.070987654321
[DEBUG] rno115(A,B) :- all115(C,B) 0.0665509259259
[DEBUG] ==================================
[LVL9] rno115(A,B) :- no115(A,C), all115(C,B) 0.354938271605 (3.0, 1.0, 100.0, 6.0) 0.532407407407 [ACCEPT]
[LVL9] BETTER RULE rno115(A,B) :- no115(A,C), all115(C,B) (0.3549382716049383, 3.0) > (0.21891534391534392, 5.0)
[LVL9] rno115(A,B) :- no115(A,C), all115(B,C) 0.354938271605 (3.0, 1.0, 100.0, 6.0) 0.532407407407 [ACCEPT]
[LVL9] rno115(A,B) :- no115(A,C), all115(C,D) 0.354938271605 (3.0, 1.0, 100.0, 6.0) 0.532407407407 [ACCEPT]
[LVL9] rno115(A,B) :- no115(A,C), all115(B,D) 0.354938271605 (3.0, 1.0, 100.0, 6.0) 0.532407407407 [ACCEPT]
[LVL9] rno115(A,B) :- no115(A,C), all115(D,C) 0.354938271605 (3.0, 1.0, 100.0, 6.0) 0.532407407407 [ACCEPT]
[LVL9] rno115(A,B) :- no115(A,C), all115(D,B) 0.354938271605 (3.0, 1.0, 100.0, 6.0) 0.532407407407 [ACCEPT]
[LVL9] rno115(A,B) :- no115(A,C), somenot115(C,B) 0.354938271605 (3.0, 1.0, 100.0, 6.0) 0.532407407407 [ACCEPT]
[LVL9] rno115(A,B) :- no115(A,C), somenot115(C,D) 0.354938271605 (3.0, 1.0, 100.0, 6.0) 0.532407407407 [ACCEPT]
[LVL9] rno115(A,B) :- no115(A,C), somenot115(D,B) 0.354938271605 (3.0, 1.0, 100.0, 6.0) 0.532407407407 [ACCEPT]
[LVL9] rno115(A,B) :- no115(A,C), \+all115(C,B) 0.172067901235 (4.0, 9.0, 92.0, 5.0) 0.688271604938 [ACCEPT]
[LVL9] rno115(A,B) :- no115(A,C), \+all115(B,C) 0.172067901235 (4.0, 9.0, 92.0, 5.0) 0.688271604938 [ACCEPT]
[LVL9] rno115(A,B) :- no115(A,C), \+some115(C,B) 0.255401234568 (5.0, 8.0, 93.0, 4.0) 0.766203703704 [ACCEPT]
[LVL9] rno115(A,B) :- no115(A,C), \+no115(C,B) 0.255401234568 (5.0, 8.0, 93.0, 4.0) 0.766203703704 [ACCEPT]
[LVL9] rno115(A,B) :- no115(A,C), \+no115(B,C) 0.255401234568 (5.0, 8.0, 93.0, 4.0) 0.766203703704 [ACCEPT]
[LVL9] rno115(A,B) :- no115(A,C), \+somenot115(C,B) 0.172067901235 (4.0, 9.0, 92.0, 5.0) 0.688271604938 [ACCEPT]
[LVL9] rno115(A,B) :- no115(A,C), \+somenot115(B,C) 0.235754985755 (5.0, 9.0, 92.0, 4.0) 0.766203703704 [ACCEPT]
[LVL9] rno115(A,B) :- somenot115(C,B), no115(C,A) 0.354938271605 (3.0, 1.0, 100.0, 6.0) 0.532407407407 [ACCEPT]
[LVL9] rno115(A,B) :- somenot115(C,B), no115(A,D) 0.354938271605 (3.0, 1.0, 100.0, 6.0) 0.532407407407 [ACCEPT]
[LVL9] rno115(A,B) :- somenot115(C,B), no115(C,D) 0.354938271605 (3.0, 1.0, 100.0, 6.0) 0.532407407407 [ACCEPT]
[LVL9] rno115(A,B) :- somenot115(C,B), no115(D,A) 0.354938271605 (3.0, 1.0, 100.0, 6.0) 0.532407407407 [ACCEPT]
[LVL9] rno115(A,B) :- somenot115(C,B), no115(D,C) 0.354938271605 (3.0, 1.0, 100.0, 6.0) 0.532407407407 [ACCEPT]
[LVL9] rno115(A,B) :- somenot115(C,B), \+all115(A,C) 0.172067901235 (4.0, 9.0, 92.0, 5.0) 0.688271604938 [ACCEPT]
[LVL9] rno115(A,B) :- somenot115(C,B), \+all115(C,A) 0.172067901235 (4.0, 9.0, 92.0, 5.0) 0.688271604938 [ACCEPT]
[LVL9] rno115(A,B) :- somenot115(C,B), \+some115(A,C) 0.172067901235 (4.0, 9.0, 92.0, 5.0) 0.688271604938 [ACCEPT]
[LVL9] rno115(A,B) :- somenot115(C,B), \+some115(C,A) 0.172067901235 (4.0, 9.0, 92.0, 5.0) 0.688271604938 [ACCEPT]
[LVL9] rno115(A,B) :- somenot115(C,B), \+no115(A,C) 0.0887345679012 (3.0, 10.0, 91.0, 6.0) 0.532407407407 [ACCEPT]
[LVL9] rno115(A,B) :- somenot115(C,B), \+no115(C,A) 0.0887345679012 (3.0, 10.0, 91.0, 6.0) 0.532407407407 [ACCEPT]
[LVL9] rno115(A,B) :- somenot115(C,B), \+somenot115(A,C) 0.158831908832 (4.0, 10.0, 91.0, 5.0) 0.688271604938 [ACCEPT]
[LVL9] rno115(A,B) :- no115(C,B), all115(A,C) 0.532407407407 (3.0, 0.0, 101.0, 6.0) 0.532407407407 [REJECT* fp] 2.0
[LVL9] BETTER RULE rno115(A,B) :- no115(C,B), all115(A,C) (0.5324074074074074, 3.0) > (0.3549382716049383, 3.0)
[LVL9] rno115(A,B) :- no115(C,B), \+some115(A,C) 0.158831908832 (4.0, 10.0, 91.0, 5.0) 0.688271604938 [ACCEPT]
[LVL9] rno115(A,B) :- no115(C,B), \+some115(C,A) 0.147486772487 (4.0, 11.0, 90.0, 5.0) 0.688271604938 [ACCEPT]
[LVL9] rno115(A,B) :- no115(C,B), \+no115(A,C) 0.158831908832 (4.0, 10.0, 91.0, 5.0) 0.688271604938 [ACCEPT]
[LVL9] rno115(A,B) :- no115(C,B), \+no115(C,A) 0.158831908832 (4.0, 10.0, 91.0, 5.0) 0.688271604938 [ACCEPT]
[LVL9] rno115(A,B) :- no115(C,B), \+somenot115(A,C) 0.158831908832 (4.0, 10.0, 91.0, 5.0) 0.688271604938 [ACCEPT]
[LVL9] rno115(A,B) :- no115(C,B), \+somenot115(C,A) 0.158831908832 (4.0, 10.0, 91.0, 5.0) 0.688271604938 [ACCEPT]
[LVL9] rno115(A,B) :- all115(C,A), \+all115(C,B) 0.147486772487 (4.0, 11.0, 90.0, 5.0) 0.688271604938 [ACCEPT]
[LVL9] rno115(A,B) :- all115(C,A), \+all115(B,C) 0.147486772487 (4.0, 11.0, 90.0, 5.0) 0.688271604938 [ACCEPT]
[LVL9] rno115(A,B) :- all115(C,A), \+some115(C,B) 0.147486772487 (4.0, 11.0, 90.0, 5.0) 0.688271604938 [ACCEPT]
[LVL9] rno115(A,B) :- all115(C,A), \+some115(B,C) 0.137654320988 (4.0, 12.0, 89.0, 5.0) 0.688271604938 [ACCEPT]
[LVL9] rno115(A,B) :- all115(C,A), \+somenot115(C,B) 0.147486772487 (4.0, 11.0, 90.0, 5.0) 0.688271604938 [ACCEPT]
[LVL9] rno115(A,B) :- all115(C,A), \+somenot115(B,C) 0.147486772487 (4.0, 11.0, 90.0, 5.0) 0.688271604938 [ACCEPT]
[DEBUG] Best rule so far: rno115(A,B) :- no115(C,B), all115(A,C) [0.532407407407]
[DEBUG] Candidates for iteration 3:
[DEBUG] ==================================
[DEBUG] rno115(A,B) :- no115(A,C), all115(C,B) 0.354938271605
[DEBUG] rno115(A,B) :- no115(A,C), all115(B,C) 0.354938271605
[DEBUG] rno115(A,B) :- no115(A,C), all115(C,D) 0.354938271605
[DEBUG] rno115(A,B) :- no115(A,C), all115(B,D) 0.354938271605
[DEBUG] rno115(A,B) :- no115(A,C), all115(D,C) 0.354938271605
[DEBUG] rno115(A,B) :- no115(A,C), all115(D,B) 0.354938271605
[DEBUG] rno115(A,B) :- no115(A,C), somenot115(C,B) 0.354938271605
[DEBUG] rno115(A,B) :- no115(A,C), somenot115(C,D) 0.354938271605
[DEBUG] rno115(A,B) :- no115(A,C), somenot115(D,B) 0.354938271605
[DEBUG] rno115(A,B) :- somenot115(C,B), no115(C,A) 0.354938271605
[DEBUG] rno115(A,B) :- somenot115(C,B), no115(A,D) 0.354938271605
[DEBUG] rno115(A,B) :- somenot115(C,B), no115(C,D) 0.354938271605
[DEBUG] rno115(A,B) :- somenot115(C,B), no115(D,A) 0.354938271605
[DEBUG] rno115(A,B) :- somenot115(C,B), no115(D,C) 0.354938271605
[DEBUG] rno115(A,B) :- no115(A,C), \+some115(C,B) 0.255401234568
[DEBUG] rno115(A,B) :- no115(A,C), \+no115(C,B) 0.255401234568
[DEBUG] rno115(A,B) :- no115(A,C), \+no115(B,C) 0.255401234568
[DEBUG] rno115(A,B) :- no115(A,C), \+somenot115(B,C) 0.235754985755
[DEBUG] rno115(A,B) :- no115(A,C), \+all115(C,B) 0.172067901235
[DEBUG] rno115(A,B) :- no115(A,C), \+all115(B,C) 0.172067901235
[DEBUG] rno115(A,B) :- no115(A,C), \+somenot115(C,B) 0.172067901235
[DEBUG] rno115(A,B) :- somenot115(C,B), \+all115(A,C) 0.172067901235
[DEBUG] rno115(A,B) :- somenot115(C,B), \+all115(C,A) 0.172067901235
[DEBUG] rno115(A,B) :- somenot115(C,B), \+some115(A,C) 0.172067901235
[DEBUG] rno115(A,B) :- somenot115(C,B), \+some115(C,A) 0.172067901235
[DEBUG] rno115(A,B) :- somenot115(C,B), \+somenot115(A,C) 0.158831908832
[DEBUG] rno115(A,B) :- no115(C,B), \+some115(A,C) 0.158831908832
[DEBUG] rno115(A,B) :- no115(C,B), \+no115(A,C) 0.158831908832
[DEBUG] rno115(A,B) :- no115(C,B), \+no115(C,A) 0.158831908832
[DEBUG] rno115(A,B) :- no115(C,B), \+somenot115(A,C) 0.158831908832
[DEBUG] rno115(A,B) :- no115(C,B), \+somenot115(C,A) 0.158831908832
[DEBUG] rno115(A,B) :- no115(C,B), \+some115(C,A) 0.147486772487
[DEBUG] rno115(A,B) :- all115(C,A), \+all115(C,B) 0.147486772487
[DEBUG] rno115(A,B) :- all115(C,A), \+all115(B,C) 0.147486772487
[DEBUG] rno115(A,B) :- all115(C,A), \+some115(C,B) 0.147486772487
[DEBUG] rno115(A,B) :- all115(C,A), \+somenot115(C,B) 0.147486772487
[DEBUG] rno115(A,B) :- all115(C,A), \+somenot115(B,C) 0.147486772487
[DEBUG] rno115(A,B) :- all115(C,A), \+some115(B,C) 0.137654320988
[DEBUG] rno115(A,B) :- somenot115(C,B), \+no115(A,C) 0.0887345679012
[DEBUG] rno115(A,B) :- somenot115(C,B), \+no115(C,A) 0.0887345679012
[DEBUG] ==================================
[INFO] RULE LEARNED: rno115(A,B) :- no115(C,B), all115(A,C) 0.945454545455
[DEBUG] Best rule so far: rno115(A,B) :- true [0.0560747663551]
[DEBUG] Candidates for iteration 1:
[DEBUG] ==================================
[DEBUG] rno115(A,B) :- true 0.0560747663551
[DEBUG] ==================================
[LVL9] rno115(A,B) :- all115(B,C) 0.0704049844237 (4.0, 13.0, 88.0, 5.0) 0.528037383178 [ACCEPT]
[LVL9] BETTER RULE rno115(A,B) :- all115(B,C) (0.07040498442367601, 4.0) > (0.056074766355140186, 9.0)
[LVL9] rno115(A,B) :- all115(C,A) 0.128504672897 (5.0, 13.0, 88.0, 4.0) 0.685358255452 [ACCEPT]
[LVL9] BETTER RULE rno115(A,B) :- all115(C,A) (0.12850467289719625, 5.0) > (0.07040498442367601, 4.0)
[LVL9] rno115(A,B) :- all115(C,B) 0.0660046728972 (4.0, 14.0, 87.0, 5.0) 0.528037383178 [ACCEPT]
[LVL9] rno115(A,B) :- no115(A,C) 0.21829105474 (6.0, 10.0, 91.0, 3.0) 0.764018691589 [ACCEPT]
[LVL9] BETTER RULE rno115(A,B) :- no115(A,C) (0.21829105473965285, 6.0) > (0.12850467289719625, 5.0)
[LVL9] rno115(A,B) :- no115(B,C) 0.0704049844237 (4.0, 13.0, 88.0, 5.0) 0.528037383178 [ACCEPT]
[LVL9] rno115(A,B) :- no115(C,A) 0.0754339118825 (4.0, 12.0, 89.0, 5.0) 0.528037383178 [ACCEPT]
[LVL9] rno115(A,B) :- no115(C,B) 0.0754339118825 (4.0, 12.0, 89.0, 5.0) 0.528037383178 [ACCEPT]
[LVL9] rno115(A,B) :- somenot115(C,B) 0.146862483311 (5.0, 11.0, 90.0, 4.0) 0.685358255452 [ACCEPT]
[DEBUG] Best rule so far: rno115(A,B) :- no115(A,C) [0.21829105474]
[DEBUG] Candidates for iteration 2:
[DEBUG] ==================================
[DEBUG] rno115(A,B) :- no115(A,C) 0.21829105474
[DEBUG] rno115(A,B) :- somenot115(C,B) 0.146862483311
[DEBUG] rno115(A,B) :- all115(C,A) 0.128504672897
[DEBUG] rno115(A,B) :- no115(C,A) 0.0754339118825
[DEBUG] rno115(A,B) :- no115(C,B) 0.0754339118825
[DEBUG] rno115(A,B) :- all115(B,C) 0.0704049844237
[DEBUG] rno115(A,B) :- no115(B,C) 0.0704049844237
[DEBUG] rno115(A,B) :- all115(C,B) 0.0660046728972
[DEBUG] ==================================
[LVL9] rno115(A,B) :- no115(A,C), all115(C,B) 0.352024922118 (4.0, 1.0, 100.0, 5.0) 0.528037383178 [ACCEPT]
[LVL9] BETTER RULE rno115(A,B) :- no115(A,C), all115(C,B) (0.35202492211838005, 4.0) > (0.21829105473965285, 6.0)
[LVL9] rno115(A,B) :- no115(A,C), all115(B,C) 0.352024922118 (4.0, 1.0, 100.0, 5.0) 0.528037383178 [ACCEPT]
[LVL9] rno115(A,B) :- no115(A,C), all115(C,D) 0.352024922118 (4.0, 1.0, 100.0, 5.0) 0.528037383178 [ACCEPT]
[LVL9] rno115(A,B) :- no115(A,C), all115(B,D) 0.352024922118 (4.0, 1.0, 100.0, 5.0) 0.528037383178 [ACCEPT]
[LVL9] rno115(A,B) :- no115(A,C), all115(D,C) 0.352024922118 (4.0, 1.0, 100.0, 5.0) 0.528037383178 [ACCEPT]
[LVL9] rno115(A,B) :- no115(A,C), all115(D,B) 0.352024922118 (4.0, 1.0, 100.0, 5.0) 0.528037383178 [ACCEPT]
[LVL9] rno115(A,B) :- no115(A,C), somenot115(C,B) 0.352024922118 (4.0, 1.0, 100.0, 5.0) 0.528037383178 [ACCEPT]
[LVL9] rno115(A,B) :- no115(A,C), somenot115(C,D) 0.352024922118 (4.0, 1.0, 100.0, 5.0) 0.528037383178 [ACCEPT]
[LVL9] rno115(A,B) :- no115(A,C), somenot115(D,B) 0.352024922118 (4.0, 1.0, 100.0, 5.0) 0.528037383178 [ACCEPT]
[LVL9] rno115(A,B) :- no115(A,C), \+all115(C,B) 0.171339563863 (5.0, 9.0, 92.0, 4.0) 0.685358255452 [ACCEPT]
[LVL9] rno115(A,B) :- no115(A,C), \+all115(B,C) 0.171339563863 (5.0, 9.0, 92.0, 4.0) 0.685358255452 [ACCEPT]
[LVL9] rno115(A,B) :- no115(A,C), \+some115(C,B) 0.254672897196 (6.0, 8.0, 93.0, 3.0) 0.764018691589 [ACCEPT]
[LVL9] rno115(A,B) :- no115(A,C), \+no115(C,B) 0.254672897196 (6.0, 8.0, 93.0, 3.0) 0.764018691589 [ACCEPT]
[LVL9] rno115(A,B) :- no115(A,C), \+no115(B,C) 0.254672897196 (6.0, 8.0, 93.0, 3.0) 0.764018691589 [ACCEPT]
[LVL9] rno115(A,B) :- no115(A,C), \+somenot115(C,B) 0.171339563863 (5.0, 9.0, 92.0, 4.0) 0.685358255452 [ACCEPT]
[LVL9] rno115(A,B) :- no115(A,C), \+somenot115(B,C) 0.235082674335 (6.0, 9.0, 92.0, 3.0) 0.764018691589 [ACCEPT]
[LVL9] rno115(A,B) :- somenot115(C,B), no115(C,A) 0.352024922118 (4.0, 1.0, 100.0, 5.0) 0.528037383178 [ACCEPT]
[LVL9] rno115(A,B) :- somenot115(C,B), no115(A,D) 0.352024922118 (4.0, 1.0, 100.0, 5.0) 0.528037383178 [ACCEPT]
[LVL9] rno115(A,B) :- somenot115(C,B), no115(C,D) 0.352024922118 (4.0, 1.0, 100.0, 5.0) 0.528037383178 [ACCEPT]
[LVL9] rno115(A,B) :- somenot115(C,B), no115(D,A) 0.352024922118 (4.0, 1.0, 100.0, 5.0) 0.528037383178 [ACCEPT]
[LVL9] rno115(A,B) :- somenot115(C,B), no115(D,C) 0.352024922118 (4.0, 1.0, 100.0, 5.0) 0.528037383178 [ACCEPT]
[LVL9] rno115(A,B) :- somenot115(C,B), \+all115(A,C) 0.171339563863 (5.0, 9.0, 92.0, 4.0) 0.685358255452 [ACCEPT]
[LVL9] rno115(A,B) :- somenot115(C,B), \+all115(C,A) 0.171339563863 (5.0, 9.0, 92.0, 4.0) 0.685358255452 [ACCEPT]
[LVL9] rno115(A,B) :- somenot115(C,B), \+some115(A,C) 0.171339563863 (5.0, 9.0, 92.0, 4.0) 0.685358255452 [ACCEPT]
[LVL9] rno115(A,B) :- somenot115(C,B), \+some115(C,A) 0.171339563863 (5.0, 9.0, 92.0, 4.0) 0.685358255452 [ACCEPT]
[LVL9] rno115(A,B) :- somenot115(C,B), \+no115(A,C) 0.0880062305296 (4.0, 10.0, 91.0, 5.0) 0.528037383178 [ACCEPT]
[LVL9] rno115(A,B) :- somenot115(C,B), \+no115(C,A) 0.0880062305296 (4.0, 10.0, 91.0, 5.0) 0.528037383178 [ACCEPT]
[LVL9] rno115(A,B) :- somenot115(C,B), \+somenot115(A,C) 0.158159597412 (5.0, 10.0, 91.0, 4.0) 0.685358255452 [ACCEPT]
[LVL9] rno115(A,B) :- all115(C,A), no115(C,B) 0.352024922118 (4.0, 1.0, 100.0, 5.0) 0.528037383178 [ACCEPT]
[LVL9] rno115(A,B) :- all115(C,A), no115(B,C) 0.352024922118 (4.0, 1.0, 100.0, 5.0) 0.528037383178 [ACCEPT]
[LVL9] rno115(A,B) :- all115(C,A), no115(C,D) 0.352024922118 (4.0, 1.0, 100.0, 5.0) 0.528037383178 [ACCEPT]
[LVL9] rno115(A,B) :- all115(C,A), no115(B,D) 0.352024922118 (4.0, 1.0, 100.0, 5.0) 0.528037383178 [ACCEPT]
[LVL9] rno115(A,B) :- all115(C,A), no115(D,C) 0.352024922118 (4.0, 1.0, 100.0, 5.0) 0.528037383178 [ACCEPT]
[LVL9] rno115(A,B) :- all115(C,A), no115(D,B) 0.352024922118 (4.0, 1.0, 100.0, 5.0) 0.528037383178 [ACCEPT]
[LVL9] rno115(A,B) :- all115(C,A), \+all115(C,B) 0.146862483311 (5.0, 11.0, 90.0, 4.0) 0.685358255452 [ACCEPT]
[LVL9] rno115(A,B) :- all115(C,A), \+all115(B,C) 0.146862483311 (5.0, 11.0, 90.0, 4.0) 0.685358255452 [ACCEPT]
[LVL9] rno115(A,B) :- all115(C,A), \+some115(C,B) 0.146862483311 (5.0, 11.0, 90.0, 4.0) 0.685358255452 [ACCEPT]
[LVL9] rno115(A,B) :- all115(C,A), \+some115(B,C) 0.13707165109 (5.0, 12.0, 89.0, 4.0) 0.685358255452 [ACCEPT]
[LVL9] rno115(A,B) :- all115(C,A), \+no115(C,B) 0.0754339118825 (4.0, 12.0, 89.0, 5.0) 0.528037383178 [ACCEPT]
[LVL9] rno115(A,B) :- all115(C,A), \+no115(B,C) 0.0754339118825 (4.0, 12.0, 89.0, 5.0) 0.528037383178 [ACCEPT]
[LVL9] rno115(A,B) :- all115(C,A), \+somenot115(C,B) 0.146862483311 (5.0, 11.0, 90.0, 4.0) 0.685358255452 [ACCEPT]
[LVL9] rno115(A,B) :- all115(C,A), \+somenot115(B,C) 0.146862483311 (5.0, 11.0, 90.0, 4.0) 0.685358255452 [ACCEPT]
[LVL9] rno115(A,B) :- no115(C,A), somenot115(C,D) 0.352024922118 (4.0, 1.0, 100.0, 5.0) 0.528037383178 [ACCEPT]
[LVL9] rno115(A,B) :- no115(C,A), somenot115(D,B) 0.352024922118 (4.0, 1.0, 100.0, 5.0) 0.528037383178 [ACCEPT]
[LVL9] rno115(A,B) :- no115(C,A), \+all115(C,B) 0.0880062305296 (4.0, 10.0, 91.0, 5.0) 0.528037383178 [ACCEPT]
[LVL9] rno115(A,B) :- no115(C,A), \+all115(B,C) 0.0812365204889 (4.0, 11.0, 90.0, 5.0) 0.528037383178 [ACCEPT]
[LVL9] rno115(A,B) :- no115(C,A), \+some115(B,C) 0.0880062305296 (4.0, 10.0, 91.0, 5.0) 0.528037383178 [ACCEPT]
[LVL9] rno115(A,B) :- no115(C,A), \+no115(C,B) 0.0880062305296 (4.0, 10.0, 91.0, 5.0) 0.528037383178 [ACCEPT]
[LVL9] rno115(A,B) :- no115(C,A), \+no115(B,C) 0.0880062305296 (4.0, 10.0, 91.0, 5.0) 0.528037383178 [ACCEPT]
[LVL9] rno115(A,B) :- no115(C,A), \+somenot115(B,C) 0.0880062305296 (4.0, 10.0, 91.0, 5.0) 0.528037383178 [ACCEPT]
[LVL9] rno115(A,B) :- no115(C,B), all115(C,D) 0.352024922118 (4.0, 1.0, 100.0, 5.0) 0.528037383178 [ACCEPT]
[LVL9] rno115(A,B) :- no115(C,B), all115(D,A) 0.352024922118 (4.0, 1.0, 100.0, 5.0) 0.528037383178 [ACCEPT]
[LVL9] rno115(A,B) :- no115(C,B), \+some115(A,C) 0.0880062305296 (4.0, 10.0, 91.0, 5.0) 0.528037383178 [ACCEPT]
[LVL9] rno115(A,B) :- no115(C,B), \+some115(C,A) 0.0812365204889 (4.0, 11.0, 90.0, 5.0) 0.528037383178 [ACCEPT]
[LVL9] rno115(A,B) :- no115(C,B), \+no115(A,C) 0.0880062305296 (4.0, 10.0, 91.0, 5.0) 0.528037383178 [ACCEPT]
[LVL9] rno115(A,B) :- no115(C,B), \+no115(C,A) 0.0880062305296 (4.0, 10.0, 91.0, 5.0) 0.528037383178 [ACCEPT]
[LVL9] rno115(A,B) :- no115(C,B), \+somenot115(A,C) 0.0880062305296 (4.0, 10.0, 91.0, 5.0) 0.528037383178 [ACCEPT]
[LVL9] rno115(A,B) :- no115(C,B), \+somenot115(C,A) 0.0880062305296 (4.0, 10.0, 91.0, 5.0) 0.528037383178 [ACCEPT]
[LVL9] rno115(A,B) :- all115(B,C), no115(A,D) 0.352024922118 (4.0, 1.0, 100.0, 5.0) 0.528037383178 [ACCEPT]
[LVL9] rno115(A,B) :- all115(B,C), no115(D,C) 0.352024922118 (4.0, 1.0, 100.0, 5.0) 0.528037383178 [ACCEPT]
[LVL9] rno115(A,B) :- all115(B,C), \+all115(A,C) 0.0812365204889 (4.0, 11.0, 90.0, 5.0) 0.528037383178 [ACCEPT]
[LVL9] rno115(A,B) :- all115(B,C), \+all115(C,A) 0.0812365204889 (4.0, 11.0, 90.0, 5.0) 0.528037383178 [ACCEPT]
[LVL9] rno115(A,B) :- all115(B,C), \+some115(A,C) 0.0812365204889 (4.0, 11.0, 90.0, 5.0) 0.528037383178 [ACCEPT]
[LVL9] rno115(A,B) :- all115(B,C), \+some115(C,A) 0.0754339118825 (4.0, 12.0, 89.0, 5.0) 0.528037383178 [ACCEPT]
[LVL9] rno115(A,B) :- all115(B,C), \+no115(C,A) 0.0754339118825 (4.0, 12.0, 89.0, 5.0) 0.528037383178 [ACCEPT]
[LVL9] rno115(A,B) :- all115(B,C), \+somenot115(A,C) 0.0812365204889 (4.0, 11.0, 90.0, 5.0) 0.528037383178 [ACCEPT]
[LVL9] rno115(A,B) :- all115(B,C), \+somenot115(C,A) 0.0812365204889 (4.0, 11.0, 90.0, 5.0) 0.528037383178 [ACCEPT]
[LVL9] rno115(A,B) :- no115(B,C), all115(C,D) 0.352024922118 (4.0, 1.0, 100.0, 5.0) 0.528037383178 [ACCEPT]
[LVL9] rno115(A,B) :- no115(B,C), all115(D,A) 0.352024922118 (4.0, 1.0, 100.0, 5.0) 0.528037383178 [ACCEPT]
[LVL9] rno115(A,B) :- no115(B,C), \+all115(A,C) 0.0812365204889 (4.0, 11.0, 90.0, 5.0) 0.528037383178 [ACCEPT]
[LVL9] rno115(A,B) :- no115(B,C), \+some115(A,C) 0.0754339118825 (4.0, 12.0, 89.0, 5.0) 0.528037383178 [ACCEPT]
[LVL9] rno115(A,B) :- no115(B,C), \+some115(C,A) 0.0812365204889 (4.0, 11.0, 90.0, 5.0) 0.528037383178 [ACCEPT]
[LVL9] rno115(A,B) :- no115(B,C), \+no115(A,C) 0.0812365204889 (4.0, 11.0, 90.0, 5.0) 0.528037383178 [ACCEPT]
[LVL9] rno115(A,B) :- no115(B,C), \+no115(C,A) 0.0812365204889 (4.0, 11.0, 90.0, 5.0) 0.528037383178 [ACCEPT]
[LVL9] rno115(A,B) :- no115(B,C), \+somenot115(A,C) 0.0754339118825 (4.0, 12.0, 89.0, 5.0) 0.528037383178 [ACCEPT]
[LVL9] rno115(A,B) :- no115(B,C), \+somenot115(C,A) 0.0812365204889 (4.0, 11.0, 90.0, 5.0) 0.528037383178 [ACCEPT]
[LVL9] rno115(A,B) :- all115(C,B), no115(A,D) 0.352024922118 (4.0, 1.0, 100.0, 5.0) 0.528037383178 [ACCEPT]
[LVL9] rno115(A,B) :- all115(C,B), no115(D,C) 0.352024922118 (4.0, 1.0, 100.0, 5.0) 0.528037383178 [ACCEPT]
[LVL9] rno115(A,B) :- all115(C,B), \+all115(A,C) 0.0754339118825 (4.0, 12.0, 89.0, 5.0) 0.528037383178 [ACCEPT]
[LVL9] rno115(A,B) :- all115(C,B), \+all115(C,A) 0.0754339118825 (4.0, 12.0, 89.0, 5.0) 0.528037383178 [ACCEPT]
[LVL9] rno115(A,B) :- all115(C,B), \+some115(A,C) 0.0704049844237 (4.0, 13.0, 88.0, 5.0) 0.528037383178 [ACCEPT]
[LVL9] rno115(A,B) :- all115(C,B), \+some115(C,A) 0.0754339118825 (4.0, 12.0, 89.0, 5.0) 0.528037383178 [ACCEPT]
[LVL9] rno115(A,B) :- all115(C,B), \+no115(C,A) 0.0754339118825 (4.0, 12.0, 89.0, 5.0) 0.528037383178 [ACCEPT]
[LVL9] rno115(A,B) :- all115(C,B), \+somenot115(A,C) 0.0754339118825 (4.0, 12.0, 89.0, 5.0) 0.528037383178 [ACCEPT]
[LVL9] rno115(A,B) :- all115(C,B), \+somenot115(C,A) 0.0754339118825 (4.0, 12.0, 89.0, 5.0) 0.528037383178 [ACCEPT]
[DEBUG] Best rule so far: rno115(A,B) :- no115(A,C), all115(C,B) [0.352024922118]
[DEBUG] Candidates for iteration 3:
[DEBUG] ==================================
[DEBUG] rno115(A,B) :- no115(A,C), all115(C,B) 0.352024922118
[DEBUG] rno115(A,B) :- no115(A,C), all115(B,C) 0.352024922118
[DEBUG] rno115(A,B) :- no115(A,C), all115(C,D) 0.352024922118
[DEBUG] rno115(A,B) :- no115(A,C), all115(B,D) 0.352024922118
[DEBUG] rno115(A,B) :- no115(A,C), all115(D,C) 0.352024922118
[DEBUG] rno115(A,B) :- no115(A,C), all115(D,B) 0.352024922118
[DEBUG] rno115(A,B) :- no115(A,C), somenot115(C,B) 0.352024922118
[DEBUG] rno115(A,B) :- no115(A,C), somenot115(C,D) 0.352024922118
[DEBUG] rno115(A,B) :- no115(A,C), somenot115(D,B) 0.352024922118
[DEBUG] rno115(A,B) :- somenot115(C,B), no115(C,A) 0.352024922118
[DEBUG] rno115(A,B) :- somenot115(C,B), no115(A,D) 0.352024922118
[DEBUG] rno115(A,B) :- somenot115(C,B), no115(C,D) 0.352024922118
[DEBUG] rno115(A,B) :- somenot115(C,B), no115(D,A) 0.352024922118
[DEBUG] rno115(A,B) :- somenot115(C,B), no115(D,C) 0.352024922118
[DEBUG] rno115(A,B) :- all115(C,A), no115(C,B) 0.352024922118
[DEBUG] rno115(A,B) :- all115(C,A), no115(B,C) 0.352024922118
[DEBUG] rno115(A,B) :- all115(C,A), no115(C,D) 0.352024922118
[DEBUG] rno115(A,B) :- all115(C,A), no115(B,D) 0.352024922118
[DEBUG] rno115(A,B) :- all115(C,A), no115(D,C) 0.352024922118
[DEBUG] rno115(A,B) :- all115(C,A), no115(D,B) 0.352024922118
[DEBUG] rno115(A,B) :- no115(C,A), somenot115(C,D) 0.352024922118
[DEBUG] rno115(A,B) :- no115(C,A), somenot115(D,B) 0.352024922118
[DEBUG] rno115(A,B) :- no115(C,B), all115(C,D) 0.352024922118
[DEBUG] rno115(A,B) :- no115(C,B), all115(D,A) 0.352024922118
[DEBUG] rno115(A,B) :- all115(B,C), no115(A,D) 0.352024922118
[DEBUG] rno115(A,B) :- all115(B,C), no115(D,C) 0.352024922118
[DEBUG] rno115(A,B) :- no115(B,C), all115(C,D) 0.352024922118
[DEBUG] rno115(A,B) :- no115(B,C), all115(D,A) 0.352024922118
[DEBUG] rno115(A,B) :- all115(C,B), no115(A,D) 0.352024922118
[DEBUG] rno115(A,B) :- all115(C,B), no115(D,C) 0.352024922118
[DEBUG] rno115(A,B) :- no115(A,C), \+some115(C,B) 0.254672897196
[DEBUG] rno115(A,B) :- no115(A,C), \+no115(C,B) 0.254672897196
[DEBUG] rno115(A,B) :- no115(A,C), \+no115(B,C) 0.254672897196
[DEBUG] rno115(A,B) :- no115(A,C), \+somenot115(B,C) 0.235082674335
[DEBUG] rno115(A,B) :- no115(A,C), \+all115(C,B) 0.171339563863
[DEBUG] rno115(A,B) :- no115(A,C), \+all115(B,C) 0.171339563863
[DEBUG] rno115(A,B) :- no115(A,C), \+somenot115(C,B) 0.171339563863
[DEBUG] rno115(A,B) :- somenot115(C,B), \+all115(A,C) 0.171339563863
[DEBUG] rno115(A,B) :- somenot115(C,B), \+all115(C,A) 0.171339563863
[DEBUG] rno115(A,B) :- somenot115(C,B), \+some115(A,C) 0.171339563863
[DEBUG] rno115(A,B) :- somenot115(C,B), \+some115(C,A) 0.171339563863
[DEBUG] rno115(A,B) :- somenot115(C,B), \+somenot115(A,C) 0.158159597412
[DEBUG] rno115(A,B) :- all115(C,A), \+all115(C,B) 0.146862483311
[DEBUG] rno115(A,B) :- all115(C,A), \+all115(B,C) 0.146862483311
[DEBUG] rno115(A,B) :- all115(C,A), \+some115(C,B) 0.146862483311
[DEBUG] rno115(A,B) :- all115(C,A), \+somenot115(C,B) 0.146862483311
[DEBUG] rno115(A,B) :- all115(C,A), \+somenot115(B,C) 0.146862483311
[DEBUG] rno115(A,B) :- all115(C,A), \+some115(B,C) 0.13707165109
[DEBUG] rno115(A,B) :- somenot115(C,B), \+no115(A,C) 0.0880062305296
[DEBUG] rno115(A,B) :- somenot115(C,B), \+no115(C,A) 0.0880062305296
[DEBUG] rno115(A,B) :- no115(C,A), \+all115(C,B) 0.0880062305296
[DEBUG] rno115(A,B) :- no115(C,A), \+some115(B,C) 0.0880062305296
[DEBUG] rno115(A,B) :- no115(C,A), \+no115(C,B) 0.0880062305296
[DEBUG] rno115(A,B) :- no115(C,A), \+no115(B,C) 0.0880062305296
[DEBUG] rno115(A,B) :- no115(C,A), \+somenot115(B,C) 0.0880062305296
[DEBUG] rno115(A,B) :- no115(C,B), \+some115(A,C) 0.0880062305296
[DEBUG] rno115(A,B) :- no115(C,B), \+no115(A,C) 0.0880062305296
[DEBUG] rno115(A,B) :- no115(C,B), \+no115(C,A) 0.0880062305296
[DEBUG] rno115(A,B) :- no115(C,B), \+somenot115(A,C) 0.0880062305296
[DEBUG] rno115(A,B) :- no115(C,B), \+somenot115(C,A) 0.0880062305296
[DEBUG] rno115(A,B) :- no115(C,A), \+all115(B,C) 0.0812365204889
[DEBUG] rno115(A,B) :- no115(C,B), \+some115(C,A) 0.0812365204889
[DEBUG] rno115(A,B) :- all115(B,C), \+all115(A,C) 0.0812365204889
[DEBUG] rno115(A,B) :- all115(B,C), \+all115(C,A) 0.0812365204889
[DEBUG] rno115(A,B) :- all115(B,C), \+some115(A,C) 0.0812365204889
[DEBUG] rno115(A,B) :- all115(B,C), \+somenot115(A,C) 0.0812365204889
[DEBUG] rno115(A,B) :- all115(B,C), \+somenot115(C,A) 0.0812365204889
[DEBUG] rno115(A,B) :- no115(B,C), \+all115(A,C) 0.0812365204889
[DEBUG] rno115(A,B) :- no115(B,C), \+some115(C,A) 0.0812365204889
[DEBUG] rno115(A,B) :- no115(B,C), \+no115(A,C) 0.0812365204889
[DEBUG] rno115(A,B) :- no115(B,C), \+no115(C,A) 0.0812365204889
[DEBUG] rno115(A,B) :- no115(B,C), \+somenot115(C,A) 0.0812365204889
[DEBUG] rno115(A,B) :- all115(C,A), \+no115(C,B) 0.0754339118825
[DEBUG] rno115(A,B) :- all115(C,A), \+no115(B,C) 0.0754339118825
[DEBUG] rno115(A,B) :- all115(B,C), \+some115(C,A) 0.0754339118825
[DEBUG] rno115(A,B) :- all115(B,C), \+no115(C,A) 0.0754339118825
[DEBUG] rno115(A,B) :- no115(B,C), \+some115(A,C) 0.0754339118825
[DEBUG] rno115(A,B) :- no115(B,C), \+somenot115(A,C) 0.0754339118825
[DEBUG] rno115(A,B) :- all115(C,B), \+all115(A,C) 0.0754339118825
[DEBUG] rno115(A,B) :- all115(C,B), \+all115(C,A) 0.0754339118825
[DEBUG] rno115(A,B) :- all115(C,B), \+some115(C,A) 0.0754339118825
[DEBUG] rno115(A,B) :- all115(C,B), \+no115(C,A) 0.0754339118825
[DEBUG] rno115(A,B) :- all115(C,B), \+somenot115(A,C) 0.0754339118825
[DEBUG] rno115(A,B) :- all115(C,B), \+somenot115(C,A) 0.0754339118825
[DEBUG] rno115(A,B) :- all115(C,B), \+some115(A,C) 0.0704049844237
[DEBUG] ==================================
[INFO] RULE LEARNED: rno115(A,B) :- no115(A,C), all115(C,B) 0.945454545455
