[LVL9] Output level: 9
[INFO] Random seed: 0.316604893749
[INFO] Computing scores: 0.0902s
[INFO] Number of examples (M): 116
[INFO] Positive weight (P): 4.0000
[INFO] Negative weight (N): 112.0000
[DEBUG] Best rule so far: rall133(A,B) :- true [0.0344827586207]
[DEBUG] Candidates for iteration 1:
[DEBUG] ==================================
[DEBUG] rall133(A,B) :- true 0.0344827586207
[DEBUG] ==================================
[LVL9] rall133(A,B) :- all133(A,C) 0.0646551724138 (1.0, 14.0, 98.0, 3.0) 0.51724137931 [ACCEPT]
[LVL9] BETTER RULE rall133(A,B) :- all133(A,C) (0.06465517241379311, 1.0) > (0.034482758620689655, 4.0)
[LVL9] rall133(A,B) :- all133(B,C) 0.0646551724138 (1.0, 14.0, 98.0, 3.0) 0.51724137931 [ACCEPT]
[LVL9] rall133(A,B) :- all133(C,A) 0.127155172414 (2.0, 13.0, 99.0, 2.0) 0.67816091954 [ACCEPT]
[LVL9] BETTER RULE rall133(A,B) :- all133(C,A) (0.1271551724137931, 2.0) > (0.06465517241379311, 1.0)
[LVL9] rall133(A,B) :- all133(C,B) 0.127155172414 (2.0, 13.0, 99.0, 2.0) 0.67816091954 [ACCEPT]
[LVL9] rall133(A,B) :- no133(B,C) 0.0646551724138 (1.0, 14.0, 98.0, 3.0) 0.51724137931 [ACCEPT]
[LVL9] rall133(A,B) :- no133(C,A) 0.079575596817 (1.0, 11.0, 101.0, 3.0) 0.51724137931 [ACCEPT]
[DEBUG] Best rule so far: rall133(A,B) :- all133(C,A) [0.127155172414]
[DEBUG] Candidates for iteration 2:
[DEBUG] ==================================
[DEBUG] rall133(A,B) :- all133(C,A) 0.127155172414
[DEBUG] rall133(A,B) :- all133(C,B) 0.127155172414
[DEBUG] rall133(A,B) :- no133(C,A) 0.079575596817
[DEBUG] rall133(A,B) :- all133(A,C) 0.0646551724138
[DEBUG] rall133(A,B) :- all133(B,C) 0.0646551724138
[DEBUG] rall133(A,B) :- no133(B,C) 0.0646551724138
[DEBUG] ==================================
[LVL9] rall133(A,B) :- all133(C,A), all133(B,C) 0.344827586207 (1.0, 1.0, 111.0, 3.0) 0.51724137931 [ACCEPT]
[LVL9] BETTER RULE rall133(A,B) :- all133(C,A), all133(B,C) (0.3448275862068966, 1.0) > (0.1271551724137931, 2.0)
[LVL9] rall133(A,B) :- all133(C,A), all133(B,D) 0.344827586207 (1.0, 1.0, 111.0, 3.0) 0.51724137931 [ACCEPT]
[LVL9] rall133(A,B) :- all133(C,A), all133(D,C) 0.344827586207 (1.0, 1.0, 111.0, 3.0) 0.51724137931 [ACCEPT]
[LVL9] rall133(A,B) :- all133(C,A), no133(B,C) 0.344827586207 (1.0, 1.0, 111.0, 3.0) 0.51724137931 [ACCEPT]
[LVL9] rall133(A,B) :- all133(C,A), no133(B,D) 0.344827586207 (1.0, 1.0, 111.0, 3.0) 0.51724137931 [ACCEPT]
[LVL9] rall133(A,B) :- all133(C,A), no133(D,C) 0.344827586207 (1.0, 1.0, 111.0, 3.0) 0.51724137931 [ACCEPT]
[LVL9] rall133(A,B) :- all133(C,A), \+all133(C,B) 0.145320197044 (2.0, 11.0, 101.0, 2.0) 0.67816091954 [ACCEPT]
[LVL9] rall133(A,B) :- all133(C,A), \+all133(B,C) 0.0738916256158 (1.0, 12.0, 100.0, 3.0) 0.51724137931 [ACCEPT]
[LVL9] rall133(A,B) :- all133(C,A), \+some133(C,B) 0.135632183908 (2.0, 12.0, 100.0, 2.0) 0.67816091954 [ACCEPT]
[LVL9] rall133(A,B) :- all133(C,A), \+some133(B,C) 0.145320197044 (2.0, 11.0, 101.0, 2.0) 0.67816091954 [ACCEPT]
[LVL9] rall133(A,B) :- all133(C,A), \+no133(C,B) 0.145320197044 (2.0, 11.0, 101.0, 2.0) 0.67816091954 [ACCEPT]
[LVL9] rall133(A,B) :- all133(C,A), \+no133(B,C) 0.0738916256158 (1.0, 12.0, 100.0, 3.0) 0.51724137931 [ACCEPT]
[LVL9] rall133(A,B) :- all133(C,A), \+somenot133(C,B) 0.145320197044 (2.0, 11.0, 101.0, 2.0) 0.67816091954 [ACCEPT]
[LVL9] rall133(A,B) :- all133(C,A), \+somenot133(B,C) 0.145320197044 (2.0, 11.0, 101.0, 2.0) 0.67816091954 [ACCEPT]
[LVL9] rall133(A,B) :- all133(C,B), all133(A,C) 0.344827586207 (1.0, 1.0, 111.0, 3.0) 0.51724137931 [ACCEPT]
[LVL9] rall133(A,B) :- all133(C,B), all133(A,D) 0.344827586207 (1.0, 1.0, 111.0, 3.0) 0.51724137931 [ACCEPT]
[LVL9] rall133(A,B) :- all133(C,B), all133(D,C) 0.344827586207 (1.0, 1.0, 111.0, 3.0) 0.51724137931 [ACCEPT]
[LVL9] rall133(A,B) :- all133(C,B), no133(C,A) 0.344827586207 (1.0, 1.0, 111.0, 3.0) 0.51724137931 [ACCEPT]
[LVL9] rall133(A,B) :- all133(C,B), no133(C,D) 0.344827586207 (1.0, 1.0, 111.0, 3.0) 0.51724137931 [ACCEPT]
[LVL9] rall133(A,B) :- all133(C,B), no133(D,A) 0.344827586207 (1.0, 1.0, 111.0, 3.0) 0.51724137931 [ACCEPT]
[LVL9] rall133(A,B) :- all133(C,B), \+all133(A,C) 0.0738916256158 (1.0, 12.0, 100.0, 3.0) 0.51724137931 [ACCEPT]
[LVL9] rall133(A,B) :- all133(C,B), \+all133(C,A) 0.145320197044 (2.0, 11.0, 101.0, 2.0) 0.67816091954 [ACCEPT]
[LVL9] rall133(A,B) :- all133(C,B), \+some133(A,C) 0.145320197044 (2.0, 11.0, 101.0, 2.0) 0.67816091954 [ACCEPT]
[LVL9] rall133(A,B) :- all133(C,B), \+some133(C,A) 0.135632183908 (2.0, 12.0, 100.0, 2.0) 0.67816091954 [ACCEPT]
[LVL9] rall133(A,B) :- all133(C,B), \+no133(A,C) 0.145320197044 (2.0, 11.0, 101.0, 2.0) 0.67816091954 [ACCEPT]
[LVL9] rall133(A,B) :- all133(C,B), \+no133(C,A) 0.0738916256158 (1.0, 12.0, 100.0, 3.0) 0.51724137931 [ACCEPT]
[LVL9] rall133(A,B) :- all133(C,B), \+somenot133(A,C) 0.145320197044 (2.0, 11.0, 101.0, 2.0) 0.67816091954 [ACCEPT]
[LVL9] rall133(A,B) :- all133(C,B), \+somenot133(C,A) 0.145320197044 (2.0, 11.0, 101.0, 2.0) 0.67816091954 [ACCEPT]
[LVL9] rall133(A,B) :- no133(C,A), all133(C,D) 0.344827586207 (1.0, 1.0, 111.0, 3.0) 0.51724137931 [ACCEPT]
[LVL9] rall133(A,B) :- no133(C,A), all133(D,B) 0.344827586207 (1.0, 1.0, 111.0, 3.0) 0.51724137931 [ACCEPT]
[LVL9] rall133(A,B) :- no133(C,A), \+all133(B,C) 0.0862068965517 (1.0, 10.0, 102.0, 3.0) 0.51724137931 [ACCEPT]
[LVL9] rall133(A,B) :- no133(C,A), \+some133(C,B) 0.0862068965517 (1.0, 10.0, 102.0, 3.0) 0.51724137931 [ACCEPT]
[LVL9] rall133(A,B) :- no133(C,A), \+some133(B,C) 0.0940438871473 (1.0, 9.0, 103.0, 3.0) 0.51724137931 [ACCEPT]
[LVL9] rall133(A,B) :- no133(C,A), \+no133(B,C) 0.0940438871473 (1.0, 9.0, 103.0, 3.0) 0.51724137931 [ACCEPT]
[LVL9] rall133(A,B) :- no133(C,A), \+somenot133(C,B) 0.0940438871473 (1.0, 9.0, 103.0, 3.0) 0.51724137931 [ACCEPT]
[LVL9] rall133(A,B) :- no133(C,A), \+somenot133(B,C) 0.0940438871473 (1.0, 9.0, 103.0, 3.0) 0.51724137931 [ACCEPT]
[LVL9] rall133(A,B) :- all133(A,C), all133(C,D) 0.344827586207 (1.0, 1.0, 111.0, 3.0) 0.51724137931 [ACCEPT]
[LVL9] rall133(A,B) :- all133(A,C), all133(D,B) 0.344827586207 (1.0, 1.0, 111.0, 3.0) 0.51724137931 [ACCEPT]
[LVL9] rall133(A,B) :- all133(A,C), \+all133(B,C) 0.0738916256158 (1.0, 12.0, 100.0, 3.0) 0.51724137931 [ACCEPT]
[LVL9] rall133(A,B) :- all133(A,C), \+some133(C,B) 0.0738916256158 (1.0, 12.0, 100.0, 3.0) 0.51724137931 [ACCEPT]
[LVL9] rall133(A,B) :- all133(A,C), \+some133(B,C) 0.0738916256158 (1.0, 12.0, 100.0, 3.0) 0.51724137931 [ACCEPT]
[LVL9] rall133(A,B) :- all133(A,C), \+no133(C,B) 0.0689655172414 (1.0, 13.0, 99.0, 3.0) 0.51724137931 [ACCEPT]
[LVL9] rall133(A,B) :- all133(A,C), \+no133(B,C) 0.0738916256158 (1.0, 12.0, 100.0, 3.0) 0.51724137931 [ACCEPT]
[LVL9] rall133(A,B) :- all133(A,C), \+somenot133(C,B) 0.0738916256158 (1.0, 12.0, 100.0, 3.0) 0.51724137931 [ACCEPT]
[LVL9] rall133(A,B) :- all133(A,C), \+somenot133(B,C) 0.0738916256158 (1.0, 12.0, 100.0, 3.0) 0.51724137931 [ACCEPT]
[LVL9] rall133(A,B) :- all133(B,C), all133(C,D) 0.344827586207 (1.0, 1.0, 111.0, 3.0) 0.51724137931 [ACCEPT]
[LVL9] rall133(A,B) :- all133(B,C), all133(D,A) 0.344827586207 (1.0, 1.0, 111.0, 3.0) 0.51724137931 [ACCEPT]
[LVL9] rall133(A,B) :- all133(B,C), \+all133(A,C) 0.0738916256158 (1.0, 12.0, 100.0, 3.0) 0.51724137931 [ACCEPT]
[LVL9] rall133(A,B) :- all133(B,C), \+some133(A,C) 0.0738916256158 (1.0, 12.0, 100.0, 3.0) 0.51724137931 [ACCEPT]
[LVL9] rall133(A,B) :- all133(B,C), \+some133(C,A) 0.0738916256158 (1.0, 12.0, 100.0, 3.0) 0.51724137931 [ACCEPT]
[LVL9] rall133(A,B) :- all133(B,C), \+no133(A,C) 0.0738916256158 (1.0, 12.0, 100.0, 3.0) 0.51724137931 [ACCEPT]
[LVL9] rall133(A,B) :- all133(B,C), \+no133(C,A) 0.0689655172414 (1.0, 13.0, 99.0, 3.0) 0.51724137931 [ACCEPT]
[LVL9] rall133(A,B) :- all133(B,C), \+somenot133(A,C) 0.0738916256158 (1.0, 12.0, 100.0, 3.0) 0.51724137931 [ACCEPT]
[LVL9] rall133(A,B) :- all133(B,C), \+somenot133(C,A) 0.0738916256158 (1.0, 12.0, 100.0, 3.0) 0.51724137931 [ACCEPT]
[LVL9] rall133(A,B) :- no133(B,C), all133(C,D) 0.344827586207 (1.0, 1.0, 111.0, 3.0) 0.51724137931 [ACCEPT]
[LVL9] rall133(A,B) :- no133(B,C), all133(D,A) 0.344827586207 (1.0, 1.0, 111.0, 3.0) 0.51724137931 [ACCEPT]
[LVL9] rall133(A,B) :- no133(B,C), \+all133(A,C) 0.0738916256158 (1.0, 12.0, 100.0, 3.0) 0.51724137931 [ACCEPT]
[LVL9] rall133(A,B) :- no133(B,C), \+some133(A,C) 0.0738916256158 (1.0, 12.0, 100.0, 3.0) 0.51724137931 [ACCEPT]
[LVL9] rall133(A,B) :- no133(B,C), \+some133(C,A) 0.0738916256158 (1.0, 12.0, 100.0, 3.0) 0.51724137931 [ACCEPT]
[LVL9] rall133(A,B) :- no133(B,C), \+no133(A,C) 0.0738916256158 (1.0, 12.0, 100.0, 3.0) 0.51724137931 [ACCEPT]
[LVL9] rall133(A,B) :- no133(B,C), \+no133(C,A) 0.0738916256158 (1.0, 12.0, 100.0, 3.0) 0.51724137931 [ACCEPT]
[LVL9] rall133(A,B) :- no133(B,C), \+somenot133(A,C) 0.0689655172414 (1.0, 13.0, 99.0, 3.0) 0.51724137931 [ACCEPT]
[LVL9] rall133(A,B) :- no133(B,C), \+somenot133(C,A) 0.0738916256158 (1.0, 12.0, 100.0, 3.0) 0.51724137931 [ACCEPT]
[DEBUG] Best rule so far: rall133(A,B) :- all133(C,A), all133(B,C) [0.344827586207]
[DEBUG] Candidates for iteration 3:
[DEBUG] ==================================
[DEBUG] rall133(A,B) :- all133(C,A), all133(B,C) 0.344827586207
[DEBUG] rall133(A,B) :- all133(C,A), all133(B,D) 0.344827586207
[DEBUG] rall133(A,B) :- all133(C,A), all133(D,C) 0.344827586207
[DEBUG] rall133(A,B) :- all133(C,A), no133(B,C) 0.344827586207
[DEBUG] rall133(A,B) :- all133(C,A), no133(B,D) 0.344827586207
[DEBUG] rall133(A,B) :- all133(C,A), no133(D,C) 0.344827586207
[DEBUG] rall133(A,B) :- all133(C,B), all133(A,C) 0.344827586207
[DEBUG] rall133(A,B) :- all133(C,B), all133(A,D) 0.344827586207
[DEBUG] rall133(A,B) :- all133(C,B), all133(D,C) 0.344827586207
[DEBUG] rall133(A,B) :- all133(C,B), no133(C,A) 0.344827586207
[DEBUG] rall133(A,B) :- all133(C,B), no133(C,D) 0.344827586207
[DEBUG] rall133(A,B) :- all133(C,B), no133(D,A) 0.344827586207
[DEBUG] rall133(A,B) :- no133(C,A), all133(C,D) 0.344827586207
[DEBUG] rall133(A,B) :- no133(C,A), all133(D,B) 0.344827586207
[DEBUG] rall133(A,B) :- all133(A,C), all133(C,D) 0.344827586207
[DEBUG] rall133(A,B) :- all133(A,C), all133(D,B) 0.344827586207
[DEBUG] rall133(A,B) :- all133(B,C), all133(C,D) 0.344827586207
[DEBUG] rall133(A,B) :- all133(B,C), all133(D,A) 0.344827586207
[DEBUG] rall133(A,B) :- no133(B,C), all133(C,D) 0.344827586207
[DEBUG] rall133(A,B) :- no133(B,C), all133(D,A) 0.344827586207
[DEBUG] rall133(A,B) :- all133(C,A), \+all133(C,B) 0.145320197044
[DEBUG] rall133(A,B) :- all133(C,A), \+some133(B,C) 0.145320197044
[DEBUG] rall133(A,B) :- all133(C,A), \+no133(C,B) 0.145320197044
[DEBUG] rall133(A,B) :- all133(C,A), \+somenot133(C,B) 0.145320197044
[DEBUG] rall133(A,B) :- all133(C,A), \+somenot133(B,C) 0.145320197044
[DEBUG] rall133(A,B) :- all133(C,B), \+all133(C,A) 0.145320197044
[DEBUG] rall133(A,B) :- all133(C,B), \+some133(A,C) 0.145320197044
[DEBUG] rall133(A,B) :- all133(C,B), \+no133(A,C) 0.145320197044
[DEBUG] rall133(A,B) :- all133(C,B), \+somenot133(A,C) 0.145320197044
[DEBUG] rall133(A,B) :- all133(C,B), \+somenot133(C,A) 0.145320197044
[DEBUG] rall133(A,B) :- all133(C,A), \+some133(C,B) 0.135632183908
[DEBUG] rall133(A,B) :- all133(C,B), \+some133(C,A) 0.135632183908
[DEBUG] rall133(A,B) :- no133(C,A), \+some133(B,C) 0.0940438871473
[DEBUG] rall133(A,B) :- no133(C,A), \+no133(B,C) 0.0940438871473
[DEBUG] rall133(A,B) :- no133(C,A), \+somenot133(C,B) 0.0940438871473
[DEBUG] rall133(A,B) :- no133(C,A), \+somenot133(B,C) 0.0940438871473
[DEBUG] rall133(A,B) :- no133(C,A), \+all133(B,C) 0.0862068965517
[DEBUG] rall133(A,B) :- no133(C,A), \+some133(C,B) 0.0862068965517
[DEBUG] rall133(A,B) :- all133(C,A), \+all133(B,C) 0.0738916256158
[DEBUG] rall133(A,B) :- all133(C,A), \+no133(B,C) 0.0738916256158
[DEBUG] rall133(A,B) :- all133(C,B), \+all133(A,C) 0.0738916256158
[DEBUG] rall133(A,B) :- all133(C,B), \+no133(C,A) 0.0738916256158
[DEBUG] rall133(A,B) :- all133(A,C), \+all133(B,C) 0.0738916256158
[DEBUG] rall133(A,B) :- all133(A,C), \+some133(C,B) 0.0738916256158
[DEBUG] rall133(A,B) :- all133(A,C), \+some133(B,C) 0.0738916256158
[DEBUG] rall133(A,B) :- all133(A,C), \+no133(B,C) 0.0738916256158
[DEBUG] rall133(A,B) :- all133(A,C), \+somenot133(C,B) 0.0738916256158
[DEBUG] rall133(A,B) :- all133(A,C), \+somenot133(B,C) 0.0738916256158
[DEBUG] rall133(A,B) :- all133(B,C), \+all133(A,C) 0.0738916256158
[DEBUG] rall133(A,B) :- all133(B,C), \+some133(A,C) 0.0738916256158
[DEBUG] rall133(A,B) :- all133(B,C), \+some133(C,A) 0.0738916256158
[DEBUG] rall133(A,B) :- all133(B,C), \+no133(A,C) 0.0738916256158
[DEBUG] rall133(A,B) :- all133(B,C), \+somenot133(A,C) 0.0738916256158
[DEBUG] rall133(A,B) :- all133(B,C), \+somenot133(C,A) 0.0738916256158
[DEBUG] rall133(A,B) :- no133(B,C), \+all133(A,C) 0.0738916256158
[DEBUG] rall133(A,B) :- no133(B,C), \+some133(A,C) 0.0738916256158
[DEBUG] rall133(A,B) :- no133(B,C), \+some133(C,A) 0.0738916256158
[DEBUG] rall133(A,B) :- no133(B,C), \+no133(A,C) 0.0738916256158
[DEBUG] rall133(A,B) :- no133(B,C), \+no133(C,A) 0.0738916256158
[DEBUG] rall133(A,B) :- no133(B,C), \+somenot133(C,A) 0.0738916256158
[DEBUG] rall133(A,B) :- all133(A,C), \+no133(C,B) 0.0689655172414
[DEBUG] rall133(A,B) :- all133(B,C), \+no133(C,A) 0.0689655172414
[DEBUG] rall133(A,B) :- no133(B,C), \+somenot133(A,C) 0.0689655172414
[DEBUG] ==================================
[INFO] RULE LEARNED: rall133(A,B) :- all133(C,A), all133(B,C) 0.965517241379
[DEBUG] Best rule so far: rall133(A,B) :- true [0.0263157894737]
[DEBUG] Candidates for iteration 1:
[DEBUG] ==================================
[DEBUG] rall133(A,B) :- true 0.0263157894737
[DEBUG] ==================================
[LVL9] rall133(A,B) :- all133(A,C) 0.0641447368421 (2.0, 15.0, 97.0, 2.0) 0.513157894737 [ACCEPT]
[LVL9] BETTER RULE rall133(A,B) :- all133(A,C) (0.06414473684210527, 2.0) > (0.02631578947368421, 4.0)
[LVL9] rall133(A,B) :- all133(C,A) 0.0733082706767 (2.0, 13.0, 99.0, 2.0) 0.513157894737 [ACCEPT]
[LVL9] BETTER RULE rall133(A,B) :- all133(C,A) (0.07330827067669174, 2.0) > (0.06414473684210527, 2.0)
[LVL9] rall133(A,B) :- all133(C,B) 0.126644736842 (3.0, 14.0, 98.0, 1.0) 0.675438596491 [ACCEPT]
[LVL9] BETTER RULE rall133(A,B) :- all133(C,B) (0.12664473684210525, 3.0) > (0.07330827067669174, 2.0)
[LVL9] rall133(A,B) :- no133(B,C) 0.0641447368421 (2.0, 15.0, 97.0, 2.0) 0.513157894737 [ACCEPT]
[LVL9] rall133(A,B) :- no133(C,A) 0.0789473684211 (2.0, 12.0, 100.0, 2.0) 0.513157894737 [ACCEPT]
[DEBUG] Best rule so far: rall133(A,B) :- all133(C,B) [0.126644736842]
[DEBUG] Candidates for iteration 2:
[DEBUG] ==================================
[DEBUG] rall133(A,B) :- all133(C,B) 0.126644736842
[DEBUG] rall133(A,B) :- no133(C,A) 0.0789473684211
[DEBUG] rall133(A,B) :- all133(C,A) 0.0733082706767
[DEBUG] rall133(A,B) :- all133(A,C) 0.0641447368421
[DEBUG] rall133(A,B) :- no133(B,C) 0.0641447368421
[DEBUG] ==================================
[LVL9] rall133(A,B) :- all133(C,B), all133(A,C) 0.342105263158 (2.0, 2.0, 110.0, 2.0) 0.513157894737 [ACCEPT]
[LVL9] BETTER RULE rall133(A,B) :- all133(C,B), all133(A,C) (0.34210526315789475, 2.0) > (0.12664473684210525, 3.0)
[LVL9] rall133(A,B) :- all133(C,B), all133(A,D) 0.342105263158 (2.0, 2.0, 110.0, 2.0) 0.513157894737 [ACCEPT]
[LVL9] rall133(A,B) :- all133(C,B), all133(D,C) 0.342105263158 (2.0, 2.0, 110.0, 2.0) 0.513157894737 [ACCEPT]
[LVL9] rall133(A,B) :- all133(C,B), no133(C,A) 0.342105263158 (2.0, 2.0, 110.0, 2.0) 0.513157894737 [ACCEPT]
[LVL9] rall133(A,B) :- all133(C,B), no133(C,D) 0.342105263158 (2.0, 2.0, 110.0, 2.0) 0.513157894737 [ACCEPT]
[LVL9] rall133(A,B) :- all133(C,B), no133(D,A) 0.342105263158 (2.0, 2.0, 110.0, 2.0) 0.513157894737 [ACCEPT]
[LVL9] rall133(A,B) :- all133(C,B), \+all133(A,C) 0.0733082706767 (2.0, 13.0, 99.0, 2.0) 0.513157894737 [ACCEPT]
[LVL9] rall133(A,B) :- all133(C,B), \+all133(C,A) 0.144736842105 (3.0, 12.0, 100.0, 1.0) 0.675438596491 [ACCEPT]
[LVL9] rall133(A,B) :- all133(C,B), \+some133(A,C) 0.144736842105 (3.0, 12.0, 100.0, 1.0) 0.675438596491 [ACCEPT]
[LVL9] rall133(A,B) :- all133(C,B), \+some133(C,A) 0.135087719298 (3.0, 13.0, 99.0, 1.0) 0.675438596491 [ACCEPT]
[LVL9] rall133(A,B) :- all133(C,B), \+no133(A,C) 0.144736842105 (3.0, 12.0, 100.0, 1.0) 0.675438596491 [ACCEPT]
[LVL9] rall133(A,B) :- all133(C,B), \+no133(C,A) 0.0733082706767 (2.0, 13.0, 99.0, 2.0) 0.513157894737 [ACCEPT]
[LVL9] rall133(A,B) :- all133(C,B), \+somenot133(A,C) 0.144736842105 (3.0, 12.0, 100.0, 1.0) 0.675438596491 [ACCEPT]
[LVL9] rall133(A,B) :- all133(C,B), \+somenot133(C,A) 0.144736842105 (3.0, 12.0, 100.0, 1.0) 0.675438596491 [ACCEPT]
[LVL9] rall133(A,B) :- no133(C,A), all133(C,D) 0.342105263158 (2.0, 2.0, 110.0, 2.0) 0.513157894737 [ACCEPT]
[LVL9] rall133(A,B) :- no133(C,A), all133(D,B) 0.342105263158 (2.0, 2.0, 110.0, 2.0) 0.513157894737 [ACCEPT]
[LVL9] rall133(A,B) :- no133(C,A), \+all133(B,C) 0.0855263157895 (2.0, 11.0, 101.0, 2.0) 0.513157894737 [ACCEPT]
[LVL9] rall133(A,B) :- no133(C,A), \+some133(C,B) 0.0855263157895 (2.0, 11.0, 101.0, 2.0) 0.513157894737 [ACCEPT]
[LVL9] rall133(A,B) :- no133(C,A), \+some133(B,C) 0.0933014354067 (2.0, 10.0, 102.0, 2.0) 0.513157894737 [ACCEPT]
[LVL9] rall133(A,B) :- no133(C,A), \+no133(B,C) 0.0933014354067 (2.0, 10.0, 102.0, 2.0) 0.513157894737 [ACCEPT]
[LVL9] rall133(A,B) :- no133(C,A), \+somenot133(C,B) 0.0933014354067 (2.0, 10.0, 102.0, 2.0) 0.513157894737 [ACCEPT]
[LVL9] rall133(A,B) :- no133(C,A), \+somenot133(B,C) 0.0933014354067 (2.0, 10.0, 102.0, 2.0) 0.513157894737 [ACCEPT]
[LVL9] rall133(A,B) :- all133(C,A), no133(B,C) 0.342105263158 (2.0, 2.0, 110.0, 2.0) 0.513157894737 [ACCEPT]
[LVL9] rall133(A,B) :- all133(C,A), no133(B,D) 0.342105263158 (2.0, 2.0, 110.0, 2.0) 0.513157894737 [ACCEPT]
[LVL9] rall133(A,B) :- all133(C,A), no133(D,C) 0.342105263158 (2.0, 2.0, 110.0, 2.0) 0.513157894737 [ACCEPT]
[LVL9] rall133(A,B) :- all133(C,A), \+all133(C,B) 0.0855263157895 (2.0, 11.0, 101.0, 2.0) 0.513157894737 [ACCEPT]
[LVL9] rall133(A,B) :- all133(C,A), \+some133(C,B) 0.0789473684211 (2.0, 12.0, 100.0, 2.0) 0.513157894737 [ACCEPT]
[LVL9] rall133(A,B) :- all133(C,A), \+some133(B,C) 0.0855263157895 (2.0, 11.0, 101.0, 2.0) 0.513157894737 [ACCEPT]
[LVL9] rall133(A,B) :- all133(C,A), \+no133(C,B) 0.0855263157895 (2.0, 11.0, 101.0, 2.0) 0.513157894737 [ACCEPT]
[LVL9] rall133(A,B) :- all133(C,A), \+somenot133(C,B) 0.0855263157895 (2.0, 11.0, 101.0, 2.0) 0.513157894737 [ACCEPT]
[LVL9] rall133(A,B) :- all133(C,A), \+somenot133(B,C) 0.0855263157895 (2.0, 11.0, 101.0, 2.0) 0.513157894737 [ACCEPT]
[LVL9] rall133(A,B) :- all133(A,C), all133(C,D) 0.342105263158 (2.0, 2.0, 110.0, 2.0) 0.513157894737 [ACCEPT]
[LVL9] rall133(A,B) :- all133(A,C), all133(D,B) 0.342105263158 (2.0, 2.0, 110.0, 2.0) 0.513157894737 [ACCEPT]
[LVL9] rall133(A,B) :- all133(A,C), \+all133(B,C) 0.0733082706767 (2.0, 13.0, 99.0, 2.0) 0.513157894737 [ACCEPT]
[LVL9] rall133(A,B) :- all133(A,C), \+some133(C,B) 0.0733082706767 (2.0, 13.0, 99.0, 2.0) 0.513157894737 [ACCEPT]
[LVL9] rall133(A,B) :- all133(A,C), \+some133(B,C) 0.0733082706767 (2.0, 13.0, 99.0, 2.0) 0.513157894737 [ACCEPT]
[LVL9] rall133(A,B) :- all133(A,C), \+no133(C,B) 0.0684210526316 (2.0, 14.0, 98.0, 2.0) 0.513157894737 [ACCEPT]
[LVL9] rall133(A,B) :- all133(A,C), \+no133(B,C) 0.0733082706767 (2.0, 13.0, 99.0, 2.0) 0.513157894737 [ACCEPT]
[LVL9] rall133(A,B) :- all133(A,C), \+somenot133(C,B) 0.0733082706767 (2.0, 13.0, 99.0, 2.0) 0.513157894737 [ACCEPT]
[LVL9] rall133(A,B) :- all133(A,C), \+somenot133(B,C) 0.0733082706767 (2.0, 13.0, 99.0, 2.0) 0.513157894737 [ACCEPT]
[LVL9] rall133(A,B) :- no133(B,C), all133(C,D) 0.342105263158 (2.0, 2.0, 110.0, 2.0) 0.513157894737 [ACCEPT]
[LVL9] rall133(A,B) :- no133(B,C), all133(D,A) 0.342105263158 (2.0, 2.0, 110.0, 2.0) 0.513157894737 [ACCEPT]
[LVL9] rall133(A,B) :- no133(B,C), \+all133(A,C) 0.0733082706767 (2.0, 13.0, 99.0, 2.0) 0.513157894737 [ACCEPT]
[LVL9] rall133(A,B) :- no133(B,C), \+some133(A,C) 0.0733082706767 (2.0, 13.0, 99.0, 2.0) 0.513157894737 [ACCEPT]
[LVL9] rall133(A,B) :- no133(B,C), \+some133(C,A) 0.0733082706767 (2.0, 13.0, 99.0, 2.0) 0.513157894737 [ACCEPT]
[LVL9] rall133(A,B) :- no133(B,C), \+no133(A,C) 0.0733082706767 (2.0, 13.0, 99.0, 2.0) 0.513157894737 [ACCEPT]
[LVL9] rall133(A,B) :- no133(B,C), \+no133(C,A) 0.0733082706767 (2.0, 13.0, 99.0, 2.0) 0.513157894737 [ACCEPT]
[LVL9] rall133(A,B) :- no133(B,C), \+somenot133(A,C) 0.0684210526316 (2.0, 14.0, 98.0, 2.0) 0.513157894737 [ACCEPT]
[LVL9] rall133(A,B) :- no133(B,C), \+somenot133(C,A) 0.0733082706767 (2.0, 13.0, 99.0, 2.0) 0.513157894737 [ACCEPT]
[DEBUG] Best rule so far: rall133(A,B) :- all133(C,B), all133(A,C) [0.342105263158]
[DEBUG] Candidates for iteration 3:
[DEBUG] ==================================
[DEBUG] rall133(A,B) :- all133(C,B), all133(A,C) 0.342105263158
[DEBUG] rall133(A,B) :- all133(C,B), all133(A,D) 0.342105263158
[DEBUG] rall133(A,B) :- all133(C,B), all133(D,C) 0.342105263158
[DEBUG] rall133(A,B) :- all133(C,B), no133(C,A) 0.342105263158
[DEBUG] rall133(A,B) :- all133(C,B), no133(C,D) 0.342105263158
[DEBUG] rall133(A,B) :- all133(C,B), no133(D,A) 0.342105263158
[DEBUG] rall133(A,B) :- no133(C,A), all133(C,D) 0.342105263158
[DEBUG] rall133(A,B) :- no133(C,A), all133(D,B) 0.342105263158
[DEBUG] rall133(A,B) :- all133(C,A), no133(B,C) 0.342105263158
[DEBUG] rall133(A,B) :- all133(C,A), no133(B,D) 0.342105263158
[DEBUG] rall133(A,B) :- all133(C,A), no133(D,C) 0.342105263158
[DEBUG] rall133(A,B) :- all133(A,C), all133(C,D) 0.342105263158
[DEBUG] rall133(A,B) :- all133(A,C), all133(D,B) 0.342105263158
[DEBUG] rall133(A,B) :- no133(B,C), all133(C,D) 0.342105263158
[DEBUG] rall133(A,B) :- no133(B,C), all133(D,A) 0.342105263158
[DEBUG] rall133(A,B) :- all133(C,B), \+all133(C,A) 0.144736842105
[DEBUG] rall133(A,B) :- all133(C,B), \+some133(A,C) 0.144736842105
[DEBUG] rall133(A,B) :- all133(C,B), \+no133(A,C) 0.144736842105
[DEBUG] rall133(A,B) :- all133(C,B), \+somenot133(A,C) 0.144736842105
[DEBUG] rall133(A,B) :- all133(C,B), \+somenot133(C,A) 0.144736842105
[DEBUG] rall133(A,B) :- all133(C,B), \+some133(C,A) 0.135087719298
[DEBUG] rall133(A,B) :- no133(C,A), \+some133(B,C) 0.0933014354067
[DEBUG] rall133(A,B) :- no133(C,A), \+no133(B,C) 0.0933014354067
[DEBUG] rall133(A,B) :- no133(C,A), \+somenot133(C,B) 0.0933014354067
[DEBUG] rall133(A,B) :- no133(C,A), \+somenot133(B,C) 0.0933014354067
[DEBUG] rall133(A,B) :- no133(C,A), \+all133(B,C) 0.0855263157895
[DEBUG] rall133(A,B) :- no133(C,A), \+some133(C,B) 0.0855263157895
[DEBUG] rall133(A,B) :- all133(C,A), \+all133(C,B) 0.0855263157895
[DEBUG] rall133(A,B) :- all133(C,A), \+some133(B,C) 0.0855263157895
[DEBUG] rall133(A,B) :- all133(C,A), \+no133(C,B) 0.0855263157895
[DEBUG] rall133(A,B) :- all133(C,A), \+somenot133(C,B) 0.0855263157895
[DEBUG] rall133(A,B) :- all133(C,A), \+somenot133(B,C) 0.0855263157895
[DEBUG] rall133(A,B) :- all133(C,A), \+some133(C,B) 0.0789473684211
[DEBUG] rall133(A,B) :- all133(C,B), \+all133(A,C) 0.0733082706767
[DEBUG] rall133(A,B) :- all133(C,B), \+no133(C,A) 0.0733082706767
[DEBUG] rall133(A,B) :- all133(A,C), \+all133(B,C) 0.0733082706767
[DEBUG] rall133(A,B) :- all133(A,C), \+some133(C,B) 0.0733082706767
[DEBUG] rall133(A,B) :- all133(A,C), \+some133(B,C) 0.0733082706767
[DEBUG] rall133(A,B) :- all133(A,C), \+no133(B,C) 0.0733082706767
[DEBUG] rall133(A,B) :- all133(A,C), \+somenot133(C,B) 0.0733082706767
[DEBUG] rall133(A,B) :- all133(A,C), \+somenot133(B,C) 0.0733082706767
[DEBUG] rall133(A,B) :- no133(B,C), \+all133(A,C) 0.0733082706767
[DEBUG] rall133(A,B) :- no133(B,C), \+some133(A,C) 0.0733082706767
[DEBUG] rall133(A,B) :- no133(B,C), \+some133(C,A) 0.0733082706767
[DEBUG] rall133(A,B) :- no133(B,C), \+no133(A,C) 0.0733082706767
[DEBUG] rall133(A,B) :- no133(B,C), \+no133(C,A) 0.0733082706767
[DEBUG] rall133(A,B) :- no133(B,C), \+somenot133(C,A) 0.0733082706767
[DEBUG] rall133(A,B) :- all133(A,C), \+no133(C,B) 0.0684210526316
[DEBUG] rall133(A,B) :- no133(B,C), \+somenot133(A,C) 0.0684210526316
[DEBUG] ==================================
[INFO] RULE LEARNED: rall133(A,B) :- all133(C,B), all133(A,C) 0.965517241379
