[LVL9] Output level: 9
[INFO] Random seed: 0.0854898514287
[INFO] Computing scores: 0.1094s
[INFO] Number of examples (M): 122
[INFO] Positive weight (P): 23.0000
[INFO] Negative weight (N): 99.0000
[DEBUG] Best rule so far: rsomenot43(A,B) :- true [0.188524590164]
[DEBUG] Candidates for iteration 1:
[DEBUG] ==================================
[DEBUG] rsomenot43(A,B) :- true 0.188524590164
[DEBUG] ==================================
[LVL9] rsomenot43(A,B) :- all43(A,C) 0.0 (2.0, 12.0, 87.0, 21.0) 0.729508196721 [ACCEPT]
[LVL9] rsomenot43(A,B) :- all43(B,C) 0.212568306011 (3.0, 11.0, 88.0, 20.0) 0.797131147541 [ACCEPT]
[LVL9] BETTER RULE rsomenot43(A,B) :- all43(B,C) (0.21256830601092896, 3.0) > (0.1885245901639344, 23.0)
[LVL9] rsomenot43(A,B) :- all43(C,A) 0.199282786885 (3.0, 12.0, 87.0, 20.0) 0.797131147541 [ACCEPT]
[LVL9] rsomenot43(A,B) :- all43(C,B) 0.199282786885 (3.0, 12.0, 87.0, 20.0) 0.797131147541 [ACCEPT]
[LVL9] rsomenot43(A,B) :- some43(A,C) 0.199282786885 (3.0, 12.0, 87.0, 20.0) 0.797131147541 [ACCEPT]
[LVL9] rsomenot43(A,B) :- some43(B,C) 0.0 (2.0, 13.0, 86.0, 21.0) 0.729508196721 [ACCEPT]
[LVL9] rsomenot43(A,B) :- some43(C,A) 0.305207328833 (5.0, 11.0, 88.0, 18.0) 0.864754098361 [ACCEPT]
[LVL9] BETTER RULE rsomenot43(A,B) :- some43(C,A) (0.30520732883317264, 5.0) > (0.21256830601092896, 3.0)
[LVL9] rsomenot43(A,B) :- some43(C,B) 0.0 (3.0, 13.0, 86.0, 20.0) 0.797131147541 [ACCEPT]
[LVL9] rsomenot43(A,B) :- no43(A,C) 0.0 (1.0, 13.0, 86.0, 22.0) 0.594262295082 [ACCEPT]
[LVL9] rsomenot43(A,B) :- no43(B,C) 0.0 (1.0, 13.0, 86.0, 22.0) 0.594262295082 [ACCEPT]
[LVL9] rsomenot43(A,B) :- no43(C,A) 0.0 (2.0, 14.0, 85.0, 21.0) 0.729508196721 [ACCEPT]
[LVL9] rsomenot43(A,B) :- no43(C,B) 0.246383799421 (4.0, 12.0, 87.0, 19.0) 0.837704918033 [ACCEPT]
[LVL9] rsomenot43(A,B) :- somenot43(A,C) 0.422854387657 (7.0, 9.0, 90.0, 16.0) 0.89856557377 [ACCEPT]
[LVL9] BETTER RULE rsomenot43(A,B) :- somenot43(A,C) (0.422854387656702, 7.0) > (0.30520732883317264, 5.0)
[LVL9] rsomenot43(A,B) :- somenot43(B,C) 0.0 (2.0, 14.0, 85.0, 21.0) 0.729508196721 [ACCEPT]
[LVL9] rsomenot43(A,B) :- somenot43(C,B) 0.305207328833 (5.0, 11.0, 88.0, 18.0) 0.864754098361 [ACCEPT]
[DEBUG] Best rule so far: rsomenot43(A,B) :- somenot43(A,C) [0.422854387657]
[DEBUG] Candidates for iteration 2:
[DEBUG] ==================================
[DEBUG] rsomenot43(A,B) :- somenot43(A,C) 0.422854387657
[DEBUG] rsomenot43(A,B) :- some43(C,A) 0.305207328833
[DEBUG] rsomenot43(A,B) :- somenot43(C,B) 0.305207328833
[DEBUG] rsomenot43(A,B) :- no43(C,B) 0.246383799421
[DEBUG] rsomenot43(A,B) :- all43(B,C) 0.212568306011
[DEBUG] rsomenot43(A,B) :- all43(C,A) 0.199282786885
[DEBUG] rsomenot43(A,B) :- all43(C,B) 0.199282786885
[DEBUG] rsomenot43(A,B) :- some43(A,C) 0.199282786885
[DEBUG] rsomenot43(A,B) :- some43(C,B) 0.0
[DEBUG] rsomenot43(A,B) :- all43(A,C) 0.0
[DEBUG] rsomenot43(A,B) :- some43(B,C) 0.0
[DEBUG] rsomenot43(A,B) :- no43(C,A) 0.0
[DEBUG] rsomenot43(A,B) :- somenot43(B,C) 0.0
[DEBUG] rsomenot43(A,B) :- no43(A,C) 0.0
[DEBUG] rsomenot43(A,B) :- no43(B,C) 0.0
[DEBUG] ==================================
[LVL9] rsomenot43(A,B) :- somenot43(A,C), all43(C,B) 0.396174863388 (1.0, 1.0, 98.0, 22.0) 0.594262295082 [ACCEPT]
[LVL9] rsomenot43(A,B) :- somenot43(A,C), all43(B,C) 0.396174863388 (1.0, 1.0, 98.0, 22.0) 0.594262295082 [ACCEPT]
[LVL9] rsomenot43(A,B) :- somenot43(A,C), all43(C,D) 0.396174863388 (1.0, 1.0, 98.0, 22.0) 0.594262295082 [ACCEPT]
[LVL9] rsomenot43(A,B) :- somenot43(A,C), all43(B,D) 0.396174863388 (1.0, 1.0, 98.0, 22.0) 0.594262295082 [ACCEPT]
[LVL9] rsomenot43(A,B) :- somenot43(A,C), all43(D,C) 0.396174863388 (1.0, 1.0, 98.0, 22.0) 0.594262295082 [ACCEPT]
[LVL9] rsomenot43(A,B) :- somenot43(A,C), all43(D,B) 0.396174863388 (1.0, 1.0, 98.0, 22.0) 0.594262295082 [ACCEPT]
[LVL9] rsomenot43(A,B) :- somenot43(A,C), some43(C,B) 0.396174863388 (1.0, 1.0, 98.0, 22.0) 0.594262295082 [ACCEPT]
[LVL9] rsomenot43(A,B) :- somenot43(A,C), some43(C,D) 0.396174863388 (1.0, 1.0, 98.0, 22.0) 0.594262295082 [ACCEPT]
[LVL9] rsomenot43(A,B) :- somenot43(A,C), some43(D,B) 0.396174863388 (1.0, 1.0, 98.0, 22.0) 0.594262295082 [ACCEPT]
[LVL9] rsomenot43(A,B) :- somenot43(A,C), no43(C,B) 0.729508196721 (2.0, 0.0, 99.0, 21.0) 0.729508196721 [REJECT* fp] 0.0
[LVL9] BETTER RULE rsomenot43(A,B) :- somenot43(A,C), no43(C,B) (0.7295081967213114, 2.0) > (0.422854387656702, 7.0)
[LVL9] rsomenot43(A,B) :- somenot43(A,C), \+all43(C,B) 0.412568306011 (6.0, 8.0, 91.0, 17.0) 0.884074941452 [ACCEPT]
[LVL9] rsomenot43(A,B) :- somenot43(A,C), \+all43(B,C) 0.412568306011 (6.0, 8.0, 91.0, 17.0) 0.884074941452 [ACCEPT]
[LVL9] rsomenot43(A,B) :- somenot43(A,C), \+some43(C,B) 0.412568306011 (6.0, 8.0, 91.0, 17.0) 0.884074941452 [ACCEPT]
[LVL9] rsomenot43(A,B) :- somenot43(A,C), \+some43(B,C) 0.479234972678 (7.0, 7.0, 92.0, 16.0) 0.89856557377 [ACCEPT]
[LVL9] rsomenot43(A,B) :- somenot43(A,C), \+no43(B,C) 0.412568306011 (6.0, 8.0, 91.0, 17.0) 0.884074941452 [ACCEPT]
[LVL9] rsomenot43(A,B) :- somenot43(A,C), \+somenot43(C,B) 0.412568306011 (6.0, 8.0, 91.0, 17.0) 0.884074941452 [ACCEPT]
[LVL9] rsomenot43(A,B) :- somenot43(A,C), \+somenot43(B,C) 0.479234972678 (7.0, 7.0, 92.0, 16.0) 0.89856557377 [ACCEPT]
[LVL9] rsomenot43(A,B) :- some43(C,A), \+all43(C,B) 0.279234972678 (4.0, 10.0, 89.0, 19.0) 0.837704918033 [ACCEPT]
[LVL9] rsomenot43(A,B) :- some43(C,A), \+all43(B,C) 0.279234972678 (4.0, 10.0, 89.0, 19.0) 0.837704918033 [ACCEPT]
[LVL9] rsomenot43(A,B) :- some43(C,A), \+some43(C,B) 0.345901639344 (5.0, 9.0, 90.0, 18.0) 0.864754098361 [ACCEPT]
[LVL9] rsomenot43(A,B) :- some43(C,A), \+some43(B,C) 0.279234972678 (4.0, 10.0, 89.0, 19.0) 0.837704918033 [ACCEPT]
[LVL9] rsomenot43(A,B) :- some43(C,A), \+no43(C,B) 0.279234972678 (4.0, 10.0, 89.0, 19.0) 0.837704918033 [ACCEPT]
[LVL9] rsomenot43(A,B) :- some43(C,A), \+no43(B,C) 0.345901639344 (5.0, 9.0, 90.0, 18.0) 0.864754098361 [ACCEPT]
[LVL9] rsomenot43(A,B) :- some43(C,A), \+somenot43(C,B) 0.345901639344 (5.0, 9.0, 90.0, 18.0) 0.864754098361 [ACCEPT]
[LVL9] rsomenot43(A,B) :- some43(C,A), \+somenot43(B,C) 0.279234972678 (4.0, 10.0, 89.0, 19.0) 0.837704918033 [ACCEPT]
[LVL9] rsomenot43(A,B) :- somenot43(C,B), \+all43(A,C) 0.279234972678 (4.0, 10.0, 89.0, 19.0) 0.837704918033 [ACCEPT]
[LVL9] rsomenot43(A,B) :- somenot43(C,B), \+all43(C,A) 0.279234972678 (4.0, 10.0, 89.0, 19.0) 0.837704918033 [ACCEPT]
[LVL9] rsomenot43(A,B) :- somenot43(C,B), \+some43(A,C) 0.279234972678 (4.0, 10.0, 89.0, 19.0) 0.837704918033 [ACCEPT]
[LVL9] rsomenot43(A,B) :- somenot43(C,B), \+some43(C,A) 0.345901639344 (5.0, 9.0, 90.0, 18.0) 0.864754098361 [ACCEPT]
[LVL9] rsomenot43(A,B) :- somenot43(C,B), \+no43(A,C) 0.345901639344 (5.0, 9.0, 90.0, 18.0) 0.864754098361 [ACCEPT]
[LVL9] rsomenot43(A,B) :- somenot43(C,B), \+no43(C,A) 0.279234972678 (4.0, 10.0, 89.0, 19.0) 0.837704918033 [ACCEPT]
[LVL9] rsomenot43(A,B) :- somenot43(C,B), \+somenot43(A,C) 0.279234972678 (4.0, 10.0, 89.0, 19.0) 0.837704918033 [ACCEPT]
[LVL9] rsomenot43(A,B) :- somenot43(C,B), \+somenot43(C,A) 0.345901639344 (5.0, 9.0, 90.0, 18.0) 0.864754098361 [ACCEPT]
[LVL9] rsomenot43(A,B) :- no43(C,B), \+all43(A,C) 0.279234972678 (4.0, 10.0, 89.0, 19.0) 0.837704918033 [ACCEPT]
[LVL9] rsomenot43(A,B) :- no43(C,B), \+all43(C,A) 0.279234972678 (4.0, 10.0, 89.0, 19.0) 0.837704918033 [ACCEPT]
[LVL9] rsomenot43(A,B) :- no43(C,B), \+some43(A,C) 0.212568306011 (3.0, 11.0, 88.0, 20.0) 0.797131147541 [ACCEPT]
[LVL9] rsomenot43(A,B) :- no43(C,B), \+some43(C,A) 0.212568306011 (3.0, 11.0, 88.0, 20.0) 0.797131147541 [ACCEPT]
[LVL9] rsomenot43(A,B) :- no43(C,B), \+no43(A,C) 0.279234972678 (4.0, 10.0, 89.0, 19.0) 0.837704918033 [ACCEPT]
[LVL9] rsomenot43(A,B) :- no43(C,B), \+no43(C,A) 0.279234972678 (4.0, 10.0, 89.0, 19.0) 0.837704918033 [ACCEPT]
[LVL9] rsomenot43(A,B) :- no43(C,B), \+somenot43(C,A) 0.279234972678 (4.0, 10.0, 89.0, 19.0) 0.837704918033 [ACCEPT]
[LVL9] rsomenot43(A,B) :- all43(B,C), \+all43(A,C) 0.24527112232 (3.0, 9.0, 90.0, 20.0) 0.797131147541 [ACCEPT]
[LVL9] rsomenot43(A,B) :- all43(B,C), \+all43(C,A) 0.24527112232 (3.0, 9.0, 90.0, 20.0) 0.797131147541 [ACCEPT]
[LVL9] rsomenot43(A,B) :- all43(B,C), \+no43(A,C) 0.22775175644 (3.0, 10.0, 89.0, 20.0) 0.797131147541 [ACCEPT]
[LVL9] rsomenot43(A,B) :- all43(B,C), \+no43(C,A) 0.24527112232 (3.0, 9.0, 90.0, 20.0) 0.797131147541 [ACCEPT]
[LVL9] rsomenot43(A,B) :- all43(B,C), \+somenot43(C,A) 0.24527112232 (3.0, 9.0, 90.0, 20.0) 0.797131147541 [ACCEPT]
[LVL9] rsomenot43(A,B) :- all43(C,A), \+all43(B,C) 0.22775175644 (3.0, 10.0, 89.0, 20.0) 0.797131147541 [ACCEPT]
[LVL9] rsomenot43(A,B) :- all43(C,A), \+some43(B,C) 0.22775175644 (3.0, 10.0, 89.0, 20.0) 0.797131147541 [ACCEPT]
[LVL9] rsomenot43(A,B) :- all43(C,A), \+no43(C,B) 0.22775175644 (3.0, 10.0, 89.0, 20.0) 0.797131147541 [ACCEPT]
[LVL9] rsomenot43(A,B) :- all43(C,A), \+no43(B,C) 0.212568306011 (3.0, 11.0, 88.0, 20.0) 0.797131147541 [ACCEPT]
[LVL9] rsomenot43(A,B) :- all43(C,A), \+somenot43(B,C) 0.22775175644 (3.0, 10.0, 89.0, 20.0) 0.797131147541 [ACCEPT]
[LVL9] rsomenot43(A,B) :- all43(C,B), \+all43(A,C) 0.22775175644 (3.0, 10.0, 89.0, 20.0) 0.797131147541 [ACCEPT]
[LVL9] rsomenot43(A,B) :- all43(C,B), \+some43(A,C) 0.22775175644 (3.0, 10.0, 89.0, 20.0) 0.797131147541 [ACCEPT]
[LVL9] rsomenot43(A,B) :- all43(C,B), \+no43(A,C) 0.212568306011 (3.0, 11.0, 88.0, 20.0) 0.797131147541 [ACCEPT]
[LVL9] rsomenot43(A,B) :- all43(C,B), \+no43(C,A) 0.22775175644 (3.0, 10.0, 89.0, 20.0) 0.797131147541 [ACCEPT]
[LVL9] rsomenot43(A,B) :- all43(C,B), \+somenot43(C,A) 0.22775175644 (3.0, 10.0, 89.0, 20.0) 0.797131147541 [ACCEPT]
[LVL9] rsomenot43(A,B) :- some43(A,C), \+all43(C,B) 0.22775175644 (3.0, 10.0, 89.0, 20.0) 0.797131147541 [ACCEPT]
[LVL9] rsomenot43(A,B) :- some43(A,C), \+some43(C,B) 0.22775175644 (3.0, 10.0, 89.0, 20.0) 0.797131147541 [ACCEPT]
[LVL9] rsomenot43(A,B) :- some43(A,C), \+some43(B,C) 0.22775175644 (3.0, 10.0, 89.0, 20.0) 0.797131147541 [ACCEPT]
[LVL9] rsomenot43(A,B) :- some43(A,C), \+no43(B,C) 0.22775175644 (3.0, 10.0, 89.0, 20.0) 0.797131147541 [ACCEPT]
[LVL9] rsomenot43(A,B) :- some43(A,C), \+somenot43(B,C) 0.22775175644 (3.0, 10.0, 89.0, 20.0) 0.797131147541 [ACCEPT]
[LVL9] rsomenot43(A,B) :- some43(C,B), \+all43(A,C) 0.212568306011 (3.0, 11.0, 88.0, 20.0) 0.797131147541 [ACCEPT]
[LVL9] rsomenot43(A,B) :- some43(C,B), \+some43(A,C) 0.212568306011 (3.0, 11.0, 88.0, 20.0) 0.797131147541 [ACCEPT]
[LVL9] rsomenot43(A,B) :- some43(C,B), \+some43(C,A) 0.212568306011 (3.0, 11.0, 88.0, 20.0) 0.797131147541 [ACCEPT]
[LVL9] rsomenot43(A,B) :- some43(C,B), \+no43(A,C) 0.212568306011 (3.0, 11.0, 88.0, 20.0) 0.797131147541 [ACCEPT]
[LVL9] rsomenot43(A,B) :- some43(C,B), \+somenot43(C,A) 0.212568306011 (3.0, 11.0, 88.0, 20.0) 0.797131147541 [ACCEPT]
[DEBUG] Best rule so far: rsomenot43(A,B) :- somenot43(A,C), no43(C,B) [0.729508196721]
[DEBUG] Candidates for iteration 3:
[DEBUG] ==================================
[DEBUG] rsomenot43(A,B) :- somenot43(A,C), \+some43(B,C) 0.479234972678
[DEBUG] rsomenot43(A,B) :- somenot43(A,C), \+somenot43(B,C) 0.479234972678
[DEBUG] rsomenot43(A,B) :- somenot43(A,C), \+all43(C,B) 0.412568306011
[DEBUG] rsomenot43(A,B) :- somenot43(A,C), \+all43(B,C) 0.412568306011
[DEBUG] rsomenot43(A,B) :- somenot43(A,C), \+some43(C,B) 0.412568306011
[DEBUG] rsomenot43(A,B) :- somenot43(A,C), \+no43(B,C) 0.412568306011
[DEBUG] rsomenot43(A,B) :- somenot43(A,C), \+somenot43(C,B) 0.412568306011
[DEBUG] rsomenot43(A,B) :- somenot43(A,C), all43(C,B) 0.396174863388
[DEBUG] rsomenot43(A,B) :- somenot43(A,C), all43(B,C) 0.396174863388
[DEBUG] rsomenot43(A,B) :- somenot43(A,C), all43(C,D) 0.396174863388
[DEBUG] rsomenot43(A,B) :- somenot43(A,C), all43(B,D) 0.396174863388
[DEBUG] rsomenot43(A,B) :- somenot43(A,C), all43(D,C) 0.396174863388
[DEBUG] rsomenot43(A,B) :- somenot43(A,C), all43(D,B) 0.396174863388
[DEBUG] rsomenot43(A,B) :- somenot43(A,C), some43(C,B) 0.396174863388
[DEBUG] rsomenot43(A,B) :- somenot43(A,C), some43(C,D) 0.396174863388
[DEBUG] rsomenot43(A,B) :- somenot43(A,C), some43(D,B) 0.396174863388
[DEBUG] rsomenot43(A,B) :- some43(C,A), \+some43(C,B) 0.345901639344
[DEBUG] rsomenot43(A,B) :- some43(C,A), \+no43(B,C) 0.345901639344
[DEBUG] rsomenot43(A,B) :- some43(C,A), \+somenot43(C,B) 0.345901639344
[DEBUG] rsomenot43(A,B) :- somenot43(C,B), \+some43(C,A) 0.345901639344
[DEBUG] rsomenot43(A,B) :- somenot43(C,B), \+no43(A,C) 0.345901639344
[DEBUG] rsomenot43(A,B) :- somenot43(C,B), \+somenot43(C,A) 0.345901639344
[DEBUG] rsomenot43(A,B) :- some43(C,A), \+all43(C,B) 0.279234972678
[DEBUG] rsomenot43(A,B) :- some43(C,A), \+all43(B,C) 0.279234972678
[DEBUG] rsomenot43(A,B) :- some43(C,A), \+some43(B,C) 0.279234972678
[DEBUG] rsomenot43(A,B) :- some43(C,A), \+no43(C,B) 0.279234972678
[DEBUG] rsomenot43(A,B) :- some43(C,A), \+somenot43(B,C) 0.279234972678
[DEBUG] rsomenot43(A,B) :- somenot43(C,B), \+all43(A,C) 0.279234972678
[DEBUG] rsomenot43(A,B) :- somenot43(C,B), \+all43(C,A) 0.279234972678
[DEBUG] rsomenot43(A,B) :- somenot43(C,B), \+some43(A,C) 0.279234972678
[DEBUG] rsomenot43(A,B) :- somenot43(C,B), \+no43(C,A) 0.279234972678
[DEBUG] rsomenot43(A,B) :- somenot43(C,B), \+somenot43(A,C) 0.279234972678
[DEBUG] rsomenot43(A,B) :- no43(C,B), \+all43(A,C) 0.279234972678
[DEBUG] rsomenot43(A,B) :- no43(C,B), \+all43(C,A) 0.279234972678
[DEBUG] rsomenot43(A,B) :- no43(C,B), \+no43(A,C) 0.279234972678
[DEBUG] rsomenot43(A,B) :- no43(C,B), \+no43(C,A) 0.279234972678
[DEBUG] rsomenot43(A,B) :- no43(C,B), \+somenot43(C,A) 0.279234972678
[DEBUG] rsomenot43(A,B) :- all43(B,C), \+all43(A,C) 0.24527112232
[DEBUG] rsomenot43(A,B) :- all43(B,C), \+all43(C,A) 0.24527112232
[DEBUG] rsomenot43(A,B) :- all43(B,C), \+no43(C,A) 0.24527112232
[DEBUG] rsomenot43(A,B) :- all43(B,C), \+somenot43(C,A) 0.24527112232
[DEBUG] rsomenot43(A,B) :- all43(B,C), \+no43(A,C) 0.22775175644
[DEBUG] rsomenot43(A,B) :- all43(C,A), \+all43(B,C) 0.22775175644
[DEBUG] rsomenot43(A,B) :- all43(C,A), \+some43(B,C) 0.22775175644
[DEBUG] rsomenot43(A,B) :- all43(C,A), \+no43(C,B) 0.22775175644
[DEBUG] rsomenot43(A,B) :- all43(C,A), \+somenot43(B,C) 0.22775175644
[DEBUG] rsomenot43(A,B) :- all43(C,B), \+all43(A,C) 0.22775175644
[DEBUG] rsomenot43(A,B) :- all43(C,B), \+some43(A,C) 0.22775175644
[DEBUG] rsomenot43(A,B) :- all43(C,B), \+no43(C,A) 0.22775175644
[DEBUG] rsomenot43(A,B) :- all43(C,B), \+somenot43(C,A) 0.22775175644
[DEBUG] rsomenot43(A,B) :- some43(A,C), \+all43(C,B) 0.22775175644
[DEBUG] rsomenot43(A,B) :- some43(A,C), \+some43(C,B) 0.22775175644
[DEBUG] rsomenot43(A,B) :- some43(A,C), \+some43(B,C) 0.22775175644
[DEBUG] rsomenot43(A,B) :- some43(A,C), \+no43(B,C) 0.22775175644
[DEBUG] rsomenot43(A,B) :- some43(A,C), \+somenot43(B,C) 0.22775175644
[DEBUG] rsomenot43(A,B) :- no43(C,B), \+some43(A,C) 0.212568306011
[DEBUG] rsomenot43(A,B) :- no43(C,B), \+some43(C,A) 0.212568306011
[DEBUG] rsomenot43(A,B) :- all43(C,A), \+no43(B,C) 0.212568306011
[DEBUG] rsomenot43(A,B) :- all43(C,B), \+no43(A,C) 0.212568306011
[DEBUG] rsomenot43(A,B) :- some43(C,B), \+all43(A,C) 0.212568306011
[DEBUG] rsomenot43(A,B) :- some43(C,B), \+some43(A,C) 0.212568306011
[DEBUG] rsomenot43(A,B) :- some43(C,B), \+some43(C,A) 0.212568306011
[DEBUG] rsomenot43(A,B) :- some43(C,B), \+no43(A,C) 0.212568306011
[DEBUG] rsomenot43(A,B) :- some43(C,B), \+somenot43(C,A) 0.212568306011
[DEBUG] ==================================
[INFO] RULE LEARNED: rsomenot43(A,B) :- somenot43(A,C), no43(C,B) 0.827868852459
[DEBUG] Best rule so far: rsomenot43(A,B) :- true [0.175]
[DEBUG] Candidates for iteration 1:
[DEBUG] ==================================
[DEBUG] rsomenot43(A,B) :- true 0.175
[DEBUG] ==================================
[LVL9] rsomenot43(A,B) :- all43(A,C) 0.0 (4.0, 12.0, 87.0, 19.0) 0.725 [ACCEPT]
[LVL9] rsomenot43(A,B) :- all43(B,C) 0.211666666667 (5.0, 11.0, 88.0, 18.0) 0.79375 [ACCEPT]
[LVL9] BETTER RULE rsomenot43(A,B) :- all43(B,C) (0.21166666666666664, 5.0) > (0.17500000000000002, 23.0)
[LVL9] rsomenot43(A,B) :- all43(C,A) 0.1984375 (5.0, 12.0, 87.0, 18.0) 0.79375 [ACCEPT]
[LVL9] rsomenot43(A,B) :- all43(C,B) 0.1984375 (5.0, 12.0, 87.0, 18.0) 0.79375 [ACCEPT]
[LVL9] rsomenot43(A,B) :- some43(A,C) 0.1984375 (5.0, 12.0, 87.0, 18.0) 0.79375 [ACCEPT]
[LVL9] rsomenot43(A,B) :- some43(B,C) 0.0 (4.0, 13.0, 86.0, 19.0) 0.725 [ACCEPT]
[LVL9] rsomenot43(A,B) :- some43(C,A) 0.304411764706 (7.0, 11.0, 88.0, 16.0) 0.8625 [ACCEPT]
[LVL9] BETTER RULE rsomenot43(A,B) :- some43(C,A) (0.3044117647058823, 7.0) > (0.21166666666666664, 5.0)
[LVL9] rsomenot43(A,B) :- some43(C,B) 0.186764705882 (5.0, 13.0, 86.0, 18.0) 0.79375 [ACCEPT]
[LVL9] rsomenot43(A,B) :- no43(A,C) 0.0 (3.0, 13.0, 86.0, 20.0) 0.5875 [ACCEPT]
[LVL9] rsomenot43(A,B) :- no43(B,C) 0.0 (3.0, 13.0, 86.0, 20.0) 0.5875 [ACCEPT]
[LVL9] rsomenot43(A,B) :- no43(C,A) 0.0 (4.0, 14.0, 85.0, 19.0) 0.725 [ACCEPT]
[LVL9] rsomenot43(A,B) :- no43(C,B) 0.0 (4.0, 12.0, 87.0, 19.0) 0.725 [ACCEPT]
[LVL9] rsomenot43(A,B) :- somenot43(A,C) 0.345 (7.0, 9.0, 90.0, 16.0) 0.8625 [ACCEPT]
[LVL9] BETTER RULE rsomenot43(A,B) :- somenot43(A,C) (0.345, 7.0) > (0.3044117647058823, 7.0)
[LVL9] rsomenot43(A,B) :- somenot43(B,C) 0.0 (4.0, 14.0, 85.0, 19.0) 0.725 [ACCEPT]
[LVL9] rsomenot43(A,B) :- somenot43(C,B) 0.304411764706 (7.0, 11.0, 88.0, 16.0) 0.8625 [ACCEPT]
[DEBUG] Best rule so far: rsomenot43(A,B) :- somenot43(A,C) [0.345]
[DEBUG] Candidates for iteration 2:
[DEBUG] ==================================
[DEBUG] rsomenot43(A,B) :- somenot43(A,C) 0.345
[DEBUG] rsomenot43(A,B) :- some43(C,A) 0.304411764706
[DEBUG] rsomenot43(A,B) :- somenot43(C,B) 0.304411764706
[DEBUG] rsomenot43(A,B) :- all43(B,C) 0.211666666667
[DEBUG] rsomenot43(A,B) :- all43(C,A) 0.1984375
[DEBUG] rsomenot43(A,B) :- all43(C,B) 0.1984375
[DEBUG] rsomenot43(A,B) :- some43(A,C) 0.1984375
[DEBUG] rsomenot43(A,B) :- some43(C,B) 0.186764705882
[DEBUG] rsomenot43(A,B) :- all43(A,C) 0.0
[DEBUG] rsomenot43(A,B) :- some43(B,C) 0.0
[DEBUG] rsomenot43(A,B) :- no43(C,A) 0.0
[DEBUG] rsomenot43(A,B) :- no43(C,B) 0.0
[DEBUG] rsomenot43(A,B) :- somenot43(B,C) 0.0
[DEBUG] rsomenot43(A,B) :- no43(A,C) 0.0
[DEBUG] rsomenot43(A,B) :- no43(B,C) 0.0
[DEBUG] ==================================
[LVL9] rsomenot43(A,B) :- somenot43(A,C), all43(C,B) 0.391666666667 (3.0, 1.0, 98.0, 20.0) 0.5875 [ACCEPT]
[LVL9] BETTER RULE rsomenot43(A,B) :- somenot43(A,C), all43(C,B) (0.39166666666666666, 3.0) > (0.345, 7.0)
[LVL9] rsomenot43(A,B) :- somenot43(A,C), all43(B,C) 0.391666666667 (3.0, 1.0, 98.0, 20.0) 0.5875 [ACCEPT]
[LVL9] rsomenot43(A,B) :- somenot43(A,C), all43(C,D) 0.391666666667 (3.0, 1.0, 98.0, 20.0) 0.5875 [ACCEPT]
[LVL9] rsomenot43(A,B) :- somenot43(A,C), all43(B,D) 0.391666666667 (3.0, 1.0, 98.0, 20.0) 0.5875 [ACCEPT]
[LVL9] rsomenot43(A,B) :- somenot43(A,C), all43(D,C) 0.391666666667 (3.0, 1.0, 98.0, 20.0) 0.5875 [ACCEPT]
[LVL9] rsomenot43(A,B) :- somenot43(A,C), all43(D,B) 0.391666666667 (3.0, 1.0, 98.0, 20.0) 0.5875 [ACCEPT]
[LVL9] rsomenot43(A,B) :- somenot43(A,C), some43(C,B) 0.391666666667 (3.0, 1.0, 98.0, 20.0) 0.5875 [ACCEPT]
[LVL9] rsomenot43(A,B) :- somenot43(A,C), some43(C,D) 0.391666666667 (3.0, 1.0, 98.0, 20.0) 0.5875 [ACCEPT]
[LVL9] rsomenot43(A,B) :- somenot43(A,C), some43(D,B) 0.391666666667 (3.0, 1.0, 98.0, 20.0) 0.5875 [ACCEPT]
[LVL9] rsomenot43(A,B) :- somenot43(A,C), no43(B,C) 0.391666666667 (3.0, 1.0, 98.0, 20.0) 0.5875 [ACCEPT]
[LVL9] rsomenot43(A,B) :- somenot43(A,C), no43(B,D) 0.391666666667 (3.0, 1.0, 98.0, 20.0) 0.5875 [ACCEPT]
[LVL9] rsomenot43(A,B) :- somenot43(A,C), no43(D,C) 0.391666666667 (3.0, 1.0, 98.0, 20.0) 0.5875 [ACCEPT]
[LVL9] rsomenot43(A,B) :- somenot43(A,C), somenot43(C,B) 0.391666666667 (3.0, 1.0, 98.0, 20.0) 0.5875 [ACCEPT]
[LVL9] rsomenot43(A,B) :- somenot43(A,C), somenot43(C,D) 0.391666666667 (3.0, 1.0, 98.0, 20.0) 0.5875 [ACCEPT]
[LVL9] rsomenot43(A,B) :- somenot43(A,C), somenot43(D,B) 0.391666666667 (3.0, 1.0, 98.0, 20.0) 0.5875 [ACCEPT]
[LVL9] rsomenot43(A,B) :- somenot43(A,C), \+all43(C,B) 0.321153846154 (6.0, 8.0, 91.0, 17.0) 0.835 [ACCEPT]
[LVL9] rsomenot43(A,B) :- somenot43(A,C), \+all43(B,C) 0.321153846154 (6.0, 8.0, 91.0, 17.0) 0.835 [ACCEPT]
[LVL9] rsomenot43(A,B) :- somenot43(A,C), \+some43(C,B) 0.321153846154 (6.0, 8.0, 91.0, 17.0) 0.835 [ACCEPT]
[LVL9] rsomenot43(A,B) :- somenot43(A,C), \+some43(B,C) 0.398076923077 (7.0, 7.0, 92.0, 16.0) 0.8625 [ACCEPT]
[LVL9] BETTER RULE rsomenot43(A,B) :- somenot43(A,C), \+some43(B,C) (0.39807692307692305, 7.0) > (0.39166666666666666, 3.0)
[LVL9] rsomenot43(A,B) :- somenot43(A,C), \+no43(B,C) 0.321153846154 (6.0, 8.0, 91.0, 17.0) 0.835 [ACCEPT]
[LVL9] rsomenot43(A,B) :- somenot43(A,C), \+somenot43(C,B) 0.321153846154 (6.0, 8.0, 91.0, 17.0) 0.835 [ACCEPT]
[LVL9] rsomenot43(A,B) :- somenot43(A,C), \+somenot43(B,C) 0.398076923077 (7.0, 7.0, 92.0, 16.0) 0.8625 [ACCEPT]
[LVL9] rsomenot43(A,B) :- some43(C,A), all43(C,B) 0.391666666667 (3.0, 1.0, 98.0, 20.0) 0.5875 [ACCEPT]
[LVL9] rsomenot43(A,B) :- some43(C,A), all43(B,C) 0.391666666667 (3.0, 1.0, 98.0, 20.0) 0.5875 [ACCEPT]
[LVL9] rsomenot43(A,B) :- some43(C,A), all43(C,D) 0.391666666667 (3.0, 1.0, 98.0, 20.0) 0.5875 [ACCEPT]
[LVL9] rsomenot43(A,B) :- some43(C,A), all43(B,D) 0.391666666667 (3.0, 1.0, 98.0, 20.0) 0.5875 [ACCEPT]
[LVL9] rsomenot43(A,B) :- some43(C,A), all43(D,C) 0.391666666667 (3.0, 1.0, 98.0, 20.0) 0.5875 [ACCEPT]
[LVL9] rsomenot43(A,B) :- some43(C,A), all43(D,B) 0.391666666667 (3.0, 1.0, 98.0, 20.0) 0.5875 [ACCEPT]
[LVL9] rsomenot43(A,B) :- some43(C,A), some43(B,C) 0.391666666667 (3.0, 1.0, 98.0, 20.0) 0.5875 [ACCEPT]
[LVL9] rsomenot43(A,B) :- some43(C,A), some43(B,D) 0.391666666667 (3.0, 1.0, 98.0, 20.0) 0.5875 [ACCEPT]
[LVL9] rsomenot43(A,B) :- some43(C,A), some43(D,C) 0.391666666667 (3.0, 1.0, 98.0, 20.0) 0.5875 [ACCEPT]
[LVL9] rsomenot43(A,B) :- some43(C,A), no43(C,B) 0.391666666667 (3.0, 1.0, 98.0, 20.0) 0.5875 [ACCEPT]
[LVL9] rsomenot43(A,B) :- some43(C,A), no43(C,D) 0.391666666667 (3.0, 1.0, 98.0, 20.0) 0.5875 [ACCEPT]
[LVL9] rsomenot43(A,B) :- some43(C,A), no43(D,B) 0.391666666667 (3.0, 1.0, 98.0, 20.0) 0.5875 [ACCEPT]
[LVL9] rsomenot43(A,B) :- some43(C,A), somenot43(B,C) 0.391666666667 (3.0, 1.0, 98.0, 20.0) 0.5875 [ACCEPT]
[LVL9] rsomenot43(A,B) :- some43(C,A), somenot43(B,D) 0.391666666667 (3.0, 1.0, 98.0, 20.0) 0.5875 [ACCEPT]
[LVL9] rsomenot43(A,B) :- some43(C,A), somenot43(D,C) 0.391666666667 (3.0, 1.0, 98.0, 20.0) 0.5875 [ACCEPT]
[LVL9] rsomenot43(A,B) :- some43(C,A), \+all43(C,B) 0.278333333333 (6.0, 10.0, 89.0, 17.0) 0.835 [ACCEPT]
[LVL9] rsomenot43(A,B) :- some43(C,A), \+all43(B,C) 0.278333333333 (6.0, 10.0, 89.0, 17.0) 0.835 [ACCEPT]
[LVL9] rsomenot43(A,B) :- some43(C,A), \+some43(C,B) 0.345 (7.0, 9.0, 90.0, 16.0) 0.8625 [ACCEPT]
[LVL9] rsomenot43(A,B) :- some43(C,A), \+some43(B,C) 0.278333333333 (6.0, 10.0, 89.0, 17.0) 0.835 [ACCEPT]
[LVL9] rsomenot43(A,B) :- some43(C,A), \+no43(C,B) 0.278333333333 (6.0, 10.0, 89.0, 17.0) 0.835 [ACCEPT]
[LVL9] rsomenot43(A,B) :- some43(C,A), \+no43(B,C) 0.345 (7.0, 9.0, 90.0, 16.0) 0.8625 [ACCEPT]
[LVL9] rsomenot43(A,B) :- some43(C,A), \+somenot43(C,B) 0.345 (7.0, 9.0, 90.0, 16.0) 0.8625 [ACCEPT]
[LVL9] rsomenot43(A,B) :- some43(C,A), \+somenot43(B,C) 0.278333333333 (6.0, 10.0, 89.0, 17.0) 0.835 [ACCEPT]
[LVL9] rsomenot43(A,B) :- somenot43(C,B), all43(A,C) 0.391666666667 (3.0, 1.0, 98.0, 20.0) 0.5875 [ACCEPT]
[LVL9] rsomenot43(A,B) :- somenot43(C,B), all43(C,A) 0.391666666667 (3.0, 1.0, 98.0, 20.0) 0.5875 [ACCEPT]
[LVL9] rsomenot43(A,B) :- somenot43(C,B), all43(A,D) 0.391666666667 (3.0, 1.0, 98.0, 20.0) 0.5875 [ACCEPT]
[LVL9] rsomenot43(A,B) :- somenot43(C,B), all43(C,D) 0.391666666667 (3.0, 1.0, 98.0, 20.0) 0.5875 [ACCEPT]
[LVL9] rsomenot43(A,B) :- somenot43(C,B), all43(D,A) 0.391666666667 (3.0, 1.0, 98.0, 20.0) 0.5875 [ACCEPT]
[LVL9] rsomenot43(A,B) :- somenot43(C,B), all43(D,C) 0.391666666667 (3.0, 1.0, 98.0, 20.0) 0.5875 [ACCEPT]
[LVL9] rsomenot43(A,B) :- somenot43(C,B), some43(A,C) 0.391666666667 (3.0, 1.0, 98.0, 20.0) 0.5875 [ACCEPT]
[LVL9] rsomenot43(A,B) :- somenot43(C,B), some43(A,D) 0.391666666667 (3.0, 1.0, 98.0, 20.0) 0.5875 [ACCEPT]
[LVL9] rsomenot43(A,B) :- somenot43(C,B), some43(D,C) 0.391666666667 (3.0, 1.0, 98.0, 20.0) 0.5875 [ACCEPT]
[LVL9] rsomenot43(A,B) :- somenot43(C,B), no43(C,A) 0.391666666667 (3.0, 1.0, 98.0, 20.0) 0.5875 [ACCEPT]
[LVL9] rsomenot43(A,B) :- somenot43(C,B), no43(C,D) 0.391666666667 (3.0, 1.0, 98.0, 20.0) 0.5875 [ACCEPT]
[LVL9] rsomenot43(A,B) :- somenot43(C,B), no43(D,A) 0.391666666667 (3.0, 1.0, 98.0, 20.0) 0.5875 [ACCEPT]
[LVL9] rsomenot43(A,B) :- somenot43(C,B), somenot43(A,D) 0.391666666667 (3.0, 1.0, 98.0, 20.0) 0.5875 [ACCEPT]
[LVL9] rsomenot43(A,B) :- somenot43(C,B), somenot43(D,C) 0.391666666667 (3.0, 1.0, 98.0, 20.0) 0.5875 [ACCEPT]
[LVL9] rsomenot43(A,B) :- somenot43(C,B), \+all43(A,C) 0.278333333333 (6.0, 10.0, 89.0, 17.0) 0.835 [ACCEPT]
[LVL9] rsomenot43(A,B) :- somenot43(C,B), \+all43(C,A) 0.278333333333 (6.0, 10.0, 89.0, 17.0) 0.835 [ACCEPT]
[LVL9] rsomenot43(A,B) :- somenot43(C,B), \+some43(A,C) 0.278333333333 (6.0, 10.0, 89.0, 17.0) 0.835 [ACCEPT]
[LVL9] rsomenot43(A,B) :- somenot43(C,B), \+some43(C,A) 0.345 (7.0, 9.0, 90.0, 16.0) 0.8625 [ACCEPT]
[LVL9] rsomenot43(A,B) :- somenot43(C,B), \+no43(A,C) 0.345 (7.0, 9.0, 90.0, 16.0) 0.8625 [ACCEPT]
[LVL9] rsomenot43(A,B) :- somenot43(C,B), \+no43(C,A) 0.278333333333 (6.0, 10.0, 89.0, 17.0) 0.835 [ACCEPT]
[LVL9] rsomenot43(A,B) :- somenot43(C,B), \+somenot43(A,C) 0.278333333333 (6.0, 10.0, 89.0, 17.0) 0.835 [ACCEPT]
[LVL9] rsomenot43(A,B) :- somenot43(C,B), \+somenot43(C,A) 0.345 (7.0, 9.0, 90.0, 16.0) 0.8625 [ACCEPT]
[LVL9] rsomenot43(A,B) :- all43(B,C), some43(A,C) 0.5875 (3.0, 0.0, 99.0, 20.0) 0.5875 [REJECT* fp] 2.0
[LVL9] BETTER RULE rsomenot43(A,B) :- all43(B,C), some43(A,C) (0.5875, 3.0) > (0.39807692307692305, 7.0)
[LVL9] rsomenot43(A,B) :- all43(B,C), \+all43(A,C) 0.244230769231 (5.0, 9.0, 90.0, 18.0) 0.79375 [ACCEPT]
[LVL9] rsomenot43(A,B) :- all43(B,C), \+all43(C,A) 0.244230769231 (5.0, 9.0, 90.0, 18.0) 0.79375 [ACCEPT]
[LVL9] rsomenot43(A,B) :- all43(B,C), \+some43(C,A) 0.0 (4.0, 10.0, 89.0, 19.0) 0.725 [ACCEPT]
[LVL9] rsomenot43(A,B) :- all43(B,C), \+no43(A,C) 0.226785714286 (5.0, 10.0, 89.0, 18.0) 0.79375 [ACCEPT]
[LVL9] rsomenot43(A,B) :- all43(B,C), \+no43(C,A) 0.244230769231 (5.0, 9.0, 90.0, 18.0) 0.79375 [ACCEPT]
[LVL9] rsomenot43(A,B) :- all43(B,C), \+somenot43(A,C) 0.0 (4.0, 10.0, 89.0, 19.0) 0.725 [ACCEPT]
[LVL9] rsomenot43(A,B) :- all43(B,C), \+somenot43(C,A) 0.244230769231 (5.0, 9.0, 90.0, 18.0) 0.79375 [ACCEPT]
[LVL9] rsomenot43(A,B) :- all43(C,A), \+all43(C,B) 0.0 (4.0, 11.0, 88.0, 19.0) 0.725 [ACCEPT]
[LVL9] rsomenot43(A,B) :- all43(C,A), \+all43(B,C) 0.226785714286 (5.0, 10.0, 89.0, 18.0) 0.79375 [ACCEPT]
[LVL9] rsomenot43(A,B) :- all43(C,A), \+some43(C,B) 0.0 (4.0, 11.0, 88.0, 19.0) 0.725 [ACCEPT]
[LVL9] rsomenot43(A,B) :- all43(C,A), \+some43(B,C) 0.226785714286 (5.0, 10.0, 89.0, 18.0) 0.79375 [ACCEPT]
[LVL9] rsomenot43(A,B) :- all43(C,A), \+no43(C,B) 0.226785714286 (5.0, 10.0, 89.0, 18.0) 0.79375 [ACCEPT]
[LVL9] rsomenot43(A,B) :- all43(C,A), \+no43(B,C) 0.211666666667 (5.0, 11.0, 88.0, 18.0) 0.79375 [ACCEPT]
[LVL9] rsomenot43(A,B) :- all43(C,A), \+somenot43(C,B) 0.0 (4.0, 11.0, 88.0, 19.0) 0.725 [ACCEPT]
[LVL9] rsomenot43(A,B) :- all43(C,A), \+somenot43(B,C) 0.226785714286 (5.0, 10.0, 89.0, 18.0) 0.79375 [ACCEPT]
[LVL9] rsomenot43(A,B) :- all43(C,B), \+all43(A,C) 0.226785714286 (5.0, 10.0, 89.0, 18.0) 0.79375 [ACCEPT]
[LVL9] rsomenot43(A,B) :- all43(C,B), \+all43(C,A) 0.0 (4.0, 11.0, 88.0, 19.0) 0.725 [ACCEPT]
[LVL9] rsomenot43(A,B) :- all43(C,B), \+some43(A,C) 0.226785714286 (5.0, 10.0, 89.0, 18.0) 0.79375 [ACCEPT]
[LVL9] rsomenot43(A,B) :- all43(C,B), \+some43(C,A) 0.0 (4.0, 11.0, 88.0, 19.0) 0.725 [ACCEPT]
[LVL9] rsomenot43(A,B) :- all43(C,B), \+no43(A,C) 0.211666666667 (5.0, 11.0, 88.0, 18.0) 0.79375 [ACCEPT]
[LVL9] rsomenot43(A,B) :- all43(C,B), \+no43(C,A) 0.226785714286 (5.0, 10.0, 89.0, 18.0) 0.79375 [ACCEPT]
[LVL9] rsomenot43(A,B) :- all43(C,B), \+somenot43(A,C) 0.0 (4.0, 11.0, 88.0, 19.0) 0.725 [ACCEPT]
[LVL9] rsomenot43(A,B) :- all43(C,B), \+somenot43(C,A) 0.226785714286 (5.0, 10.0, 89.0, 18.0) 0.79375 [ACCEPT]
[LVL9] rsomenot43(A,B) :- some43(A,C), \+all43(C,B) 0.226785714286 (5.0, 10.0, 89.0, 18.0) 0.79375 [ACCEPT]
[LVL9] rsomenot43(A,B) :- some43(A,C), \+some43(C,B) 0.226785714286 (5.0, 10.0, 89.0, 18.0) 0.79375 [ACCEPT]
[LVL9] rsomenot43(A,B) :- some43(A,C), \+some43(B,C) 0.226785714286 (5.0, 10.0, 89.0, 18.0) 0.79375 [ACCEPT]
[LVL9] rsomenot43(A,B) :- some43(A,C), \+no43(C,B) 0.0 (4.0, 11.0, 88.0, 19.0) 0.725 [ACCEPT]
[LVL9] rsomenot43(A,B) :- some43(A,C), \+no43(B,C) 0.226785714286 (5.0, 10.0, 89.0, 18.0) 0.79375 [ACCEPT]
[LVL9] rsomenot43(A,B) :- some43(A,C), \+somenot43(C,B) 0.0 (4.0, 11.0, 88.0, 19.0) 0.725 [ACCEPT]
[LVL9] rsomenot43(A,B) :- some43(A,C), \+somenot43(B,C) 0.226785714286 (5.0, 10.0, 89.0, 18.0) 0.79375 [ACCEPT]
[LVL9] rsomenot43(A,B) :- some43(C,B), \+all43(A,C) 0.211666666667 (5.0, 11.0, 88.0, 18.0) 0.79375 [ACCEPT]
[LVL9] rsomenot43(A,B) :- some43(C,B), \+all43(C,A) 0.0 (4.0, 12.0, 87.0, 19.0) 0.725 [ACCEPT]
[LVL9] rsomenot43(A,B) :- some43(C,B), \+some43(A,C) 0.211666666667 (5.0, 11.0, 88.0, 18.0) 0.79375 [ACCEPT]
[LVL9] rsomenot43(A,B) :- some43(C,B), \+some43(C,A) 0.211666666667 (5.0, 11.0, 88.0, 18.0) 0.79375 [ACCEPT]
[LVL9] rsomenot43(A,B) :- some43(C,B), \+no43(A,C) 0.211666666667 (5.0, 11.0, 88.0, 18.0) 0.79375 [ACCEPT]
[LVL9] rsomenot43(A,B) :- some43(C,B), \+somenot43(C,A) 0.211666666667 (5.0, 11.0, 88.0, 18.0) 0.79375 [ACCEPT]
[DEBUG] Best rule so far: rsomenot43(A,B) :- all43(B,C), some43(A,C) [0.5875]
[DEBUG] Candidates for iteration 3:
[DEBUG] ==================================
[DEBUG] rsomenot43(A,B) :- somenot43(A,C), \+some43(B,C) 0.398076923077
[DEBUG] rsomenot43(A,B) :- somenot43(A,C), \+somenot43(B,C) 0.398076923077
[DEBUG] rsomenot43(A,B) :- somenot43(A,C), all43(C,B) 0.391666666667
[DEBUG] rsomenot43(A,B) :- somenot43(A,C), all43(B,C) 0.391666666667
[DEBUG] rsomenot43(A,B) :- somenot43(A,C), all43(C,D) 0.391666666667
[DEBUG] rsomenot43(A,B) :- somenot43(A,C), all43(B,D) 0.391666666667
[DEBUG] rsomenot43(A,B) :- somenot43(A,C), all43(D,C) 0.391666666667
[DEBUG] rsomenot43(A,B) :- somenot43(A,C), all43(D,B) 0.391666666667
[DEBUG] rsomenot43(A,B) :- somenot43(A,C), some43(C,B) 0.391666666667
[DEBUG] rsomenot43(A,B) :- somenot43(A,C), some43(C,D) 0.391666666667
[DEBUG] rsomenot43(A,B) :- somenot43(A,C), some43(D,B) 0.391666666667
[DEBUG] rsomenot43(A,B) :- somenot43(A,C), no43(B,C) 0.391666666667
[DEBUG] rsomenot43(A,B) :- somenot43(A,C), no43(B,D) 0.391666666667
[DEBUG] rsomenot43(A,B) :- somenot43(A,C), no43(D,C) 0.391666666667
[DEBUG] rsomenot43(A,B) :- somenot43(A,C), somenot43(C,B) 0.391666666667
[DEBUG] rsomenot43(A,B) :- somenot43(A,C), somenot43(C,D) 0.391666666667
[DEBUG] rsomenot43(A,B) :- somenot43(A,C), somenot43(D,B) 0.391666666667
[DEBUG] rsomenot43(A,B) :- some43(C,A), all43(C,B) 0.391666666667
[DEBUG] rsomenot43(A,B) :- some43(C,A), all43(B,C) 0.391666666667
[DEBUG] rsomenot43(A,B) :- some43(C,A), all43(C,D) 0.391666666667
[DEBUG] rsomenot43(A,B) :- some43(C,A), all43(B,D) 0.391666666667
[DEBUG] rsomenot43(A,B) :- some43(C,A), all43(D,C) 0.391666666667
[DEBUG] rsomenot43(A,B) :- some43(C,A), all43(D,B) 0.391666666667
[DEBUG] rsomenot43(A,B) :- some43(C,A), some43(B,C) 0.391666666667
[DEBUG] rsomenot43(A,B) :- some43(C,A), some43(B,D) 0.391666666667
[DEBUG] rsomenot43(A,B) :- some43(C,A), some43(D,C) 0.391666666667
[DEBUG] rsomenot43(A,B) :- some43(C,A), no43(C,B) 0.391666666667
[DEBUG] rsomenot43(A,B) :- some43(C,A), no43(C,D) 0.391666666667
[DEBUG] rsomenot43(A,B) :- some43(C,A), no43(D,B) 0.391666666667
[DEBUG] rsomenot43(A,B) :- some43(C,A), somenot43(B,C) 0.391666666667
[DEBUG] rsomenot43(A,B) :- some43(C,A), somenot43(B,D) 0.391666666667
[DEBUG] rsomenot43(A,B) :- some43(C,A), somenot43(D,C) 0.391666666667
[DEBUG] rsomenot43(A,B) :- somenot43(C,B), all43(A,C) 0.391666666667
[DEBUG] rsomenot43(A,B) :- somenot43(C,B), all43(C,A) 0.391666666667
[DEBUG] rsomenot43(A,B) :- somenot43(C,B), all43(A,D) 0.391666666667
[DEBUG] rsomenot43(A,B) :- somenot43(C,B), all43(C,D) 0.391666666667
[DEBUG] rsomenot43(A,B) :- somenot43(C,B), all43(D,A) 0.391666666667
[DEBUG] rsomenot43(A,B) :- somenot43(C,B), all43(D,C) 0.391666666667
[DEBUG] rsomenot43(A,B) :- somenot43(C,B), some43(A,C) 0.391666666667
[DEBUG] rsomenot43(A,B) :- somenot43(C,B), some43(A,D) 0.391666666667
[DEBUG] rsomenot43(A,B) :- somenot43(C,B), some43(D,C) 0.391666666667
[DEBUG] rsomenot43(A,B) :- somenot43(C,B), no43(C,A) 0.391666666667
[DEBUG] rsomenot43(A,B) :- somenot43(C,B), no43(C,D) 0.391666666667
[DEBUG] rsomenot43(A,B) :- somenot43(C,B), no43(D,A) 0.391666666667
[DEBUG] rsomenot43(A,B) :- somenot43(C,B), somenot43(A,D) 0.391666666667
[DEBUG] rsomenot43(A,B) :- somenot43(C,B), somenot43(D,C) 0.391666666667
[DEBUG] rsomenot43(A,B) :- some43(C,A), \+some43(C,B) 0.345
[DEBUG] rsomenot43(A,B) :- some43(C,A), \+no43(B,C) 0.345
[DEBUG] rsomenot43(A,B) :- some43(C,A), \+somenot43(C,B) 0.345
[DEBUG] rsomenot43(A,B) :- somenot43(C,B), \+some43(C,A) 0.345
[DEBUG] rsomenot43(A,B) :- somenot43(C,B), \+no43(A,C) 0.345
[DEBUG] rsomenot43(A,B) :- somenot43(C,B), \+somenot43(C,A) 0.345
[DEBUG] rsomenot43(A,B) :- somenot43(A,C), \+all43(C,B) 0.321153846154
[DEBUG] rsomenot43(A,B) :- somenot43(A,C), \+all43(B,C) 0.321153846154
[DEBUG] rsomenot43(A,B) :- somenot43(A,C), \+some43(C,B) 0.321153846154
[DEBUG] rsomenot43(A,B) :- somenot43(A,C), \+no43(B,C) 0.321153846154
[DEBUG] rsomenot43(A,B) :- somenot43(A,C), \+somenot43(C,B) 0.321153846154
[DEBUG] rsomenot43(A,B) :- some43(C,A), \+all43(C,B) 0.278333333333
[DEBUG] rsomenot43(A,B) :- some43(C,A), \+all43(B,C) 0.278333333333
[DEBUG] rsomenot43(A,B) :- some43(C,A), \+some43(B,C) 0.278333333333
[DEBUG] rsomenot43(A,B) :- some43(C,A), \+no43(C,B) 0.278333333333
[DEBUG] rsomenot43(A,B) :- some43(C,A), \+somenot43(B,C) 0.278333333333
[DEBUG] rsomenot43(A,B) :- somenot43(C,B), \+all43(A,C) 0.278333333333
[DEBUG] rsomenot43(A,B) :- somenot43(C,B), \+all43(C,A) 0.278333333333
[DEBUG] rsomenot43(A,B) :- somenot43(C,B), \+some43(A,C) 0.278333333333
[DEBUG] rsomenot43(A,B) :- somenot43(C,B), \+no43(C,A) 0.278333333333
[DEBUG] rsomenot43(A,B) :- somenot43(C,B), \+somenot43(A,C) 0.278333333333
[DEBUG] rsomenot43(A,B) :- all43(B,C), \+all43(A,C) 0.244230769231
[DEBUG] rsomenot43(A,B) :- all43(B,C), \+all43(C,A) 0.244230769231
[DEBUG] rsomenot43(A,B) :- all43(B,C), \+no43(C,A) 0.244230769231
[DEBUG] rsomenot43(A,B) :- all43(B,C), \+somenot43(C,A) 0.244230769231
[DEBUG] rsomenot43(A,B) :- all43(B,C), \+no43(A,C) 0.226785714286
[DEBUG] rsomenot43(A,B) :- all43(C,A), \+all43(B,C) 0.226785714286
[DEBUG] rsomenot43(A,B) :- all43(C,A), \+some43(B,C) 0.226785714286
[DEBUG] rsomenot43(A,B) :- all43(C,A), \+no43(C,B) 0.226785714286
[DEBUG] rsomenot43(A,B) :- all43(C,A), \+somenot43(B,C) 0.226785714286
[DEBUG] rsomenot43(A,B) :- all43(C,B), \+all43(A,C) 0.226785714286
[DEBUG] rsomenot43(A,B) :- all43(C,B), \+some43(A,C) 0.226785714286
[DEBUG] rsomenot43(A,B) :- all43(C,B), \+no43(C,A) 0.226785714286
[DEBUG] rsomenot43(A,B) :- all43(C,B), \+somenot43(C,A) 0.226785714286
[DEBUG] rsomenot43(A,B) :- some43(A,C), \+all43(C,B) 0.226785714286
[DEBUG] rsomenot43(A,B) :- some43(A,C), \+some43(C,B) 0.226785714286
[DEBUG] rsomenot43(A,B) :- some43(A,C), \+some43(B,C) 0.226785714286
[DEBUG] rsomenot43(A,B) :- some43(A,C), \+no43(B,C) 0.226785714286
[DEBUG] rsomenot43(A,B) :- some43(A,C), \+somenot43(B,C) 0.226785714286
[DEBUG] rsomenot43(A,B) :- all43(C,A), \+no43(B,C) 0.211666666667
[DEBUG] rsomenot43(A,B) :- all43(C,B), \+no43(A,C) 0.211666666667
[DEBUG] rsomenot43(A,B) :- some43(C,B), \+all43(A,C) 0.211666666667
[DEBUG] rsomenot43(A,B) :- some43(C,B), \+some43(A,C) 0.211666666667
[DEBUG] rsomenot43(A,B) :- some43(C,B), \+some43(C,A) 0.211666666667
[DEBUG] rsomenot43(A,B) :- some43(C,B), \+no43(A,C) 0.211666666667
[DEBUG] rsomenot43(A,B) :- some43(C,B), \+somenot43(C,A) 0.211666666667
[DEBUG] rsomenot43(A,B) :- all43(B,C), \+some43(C,A) 0.0
[DEBUG] rsomenot43(A,B) :- all43(B,C), \+somenot43(A,C) 0.0
[DEBUG] rsomenot43(A,B) :- all43(C,A), \+all43(C,B) 0.0
[DEBUG] rsomenot43(A,B) :- all43(C,A), \+some43(C,B) 0.0
[DEBUG] rsomenot43(A,B) :- all43(C,A), \+somenot43(C,B) 0.0
[DEBUG] rsomenot43(A,B) :- all43(C,B), \+all43(C,A) 0.0
[DEBUG] rsomenot43(A,B) :- all43(C,B), \+some43(C,A) 0.0
[DEBUG] rsomenot43(A,B) :- all43(C,B), \+somenot43(A,C) 0.0
[DEBUG] ==================================
[INFO] RULE LEARNED: rsomenot43(A,B) :- all43(B,C), some43(A,C) 0.83606557377
[DEBUG] Best rule so far: rsomenot43(A,B) :- true [0.0]
[DEBUG] Candidates for iteration 1:
[DEBUG] ==================================
[DEBUG] rsomenot43(A,B) :- true 0.0
[DEBUG] ==================================
[LVL9] rsomenot43(A,B) :- all43(A,C) 0.0 (5.0, 12.0, 87.0, 18.0) 0.72268907563 [ACCEPT]
[LVL9] rsomenot43(A,B) :- all43(B,C) 0.0 (5.0, 11.0, 88.0, 18.0) 0.72268907563 [ACCEPT]
[LVL9] rsomenot43(A,B) :- all43(C,A) 0.198004201681 (6.0, 12.0, 87.0, 17.0) 0.792016806723 [ACCEPT]
[LVL9] BETTER RULE rsomenot43(A,B) :- all43(C,A) (0.19800420168067226, 6.0) > (0.0, 23.0)
[LVL9] rsomenot43(A,B) :- all43(C,B) 0.198004201681 (6.0, 12.0, 87.0, 17.0) 0.792016806723 [ACCEPT]
[LVL9] rsomenot43(A,B) :- some43(A,C) 0.0 (5.0, 12.0, 87.0, 18.0) 0.72268907563 [ACCEPT]
[LVL9] rsomenot43(A,B) :- some43(B,C) 0.0 (5.0, 13.0, 86.0, 18.0) 0.72268907563 [ACCEPT]
[LVL9] rsomenot43(A,B) :- some43(C,A) 0.304003954523 (8.0, 11.0, 88.0, 15.0) 0.861344537815 [ACCEPT]
[LVL9] BETTER RULE rsomenot43(A,B) :- some43(C,A) (0.3040039545229857, 8.0) > (0.19800420168067226, 6.0)
[LVL9] rsomenot43(A,B) :- some43(C,B) 0.186356895699 (6.0, 13.0, 86.0, 17.0) 0.792016806723 [ACCEPT]
[LVL9] rsomenot43(A,B) :- no43(A,C) 0.0 (4.0, 13.0, 86.0, 19.0) 0.584033613445 [ACCEPT]
[LVL9] rsomenot43(A,B) :- no43(B,C) 0.0 (4.0, 13.0, 86.0, 19.0) 0.584033613445 [ACCEPT]
[LVL9] rsomenot43(A,B) :- no43(C,A) 0.0 (5.0, 14.0, 85.0, 18.0) 0.72268907563 [ACCEPT]
[LVL9] rsomenot43(A,B) :- no43(C,B) 0.0 (5.0, 12.0, 87.0, 18.0) 0.72268907563 [ACCEPT]
[LVL9] rsomenot43(A,B) :- somenot43(A,C) 0.344537815126 (8.0, 9.0, 90.0, 15.0) 0.861344537815 [ACCEPT]
[LVL9] BETTER RULE rsomenot43(A,B) :- somenot43(A,C) (0.3445378151260504, 8.0) > (0.3040039545229857, 8.0)
[LVL9] rsomenot43(A,B) :- somenot43(B,C) 0.0 (5.0, 14.0, 85.0, 18.0) 0.72268907563 [ACCEPT]
[LVL9] rsomenot43(A,B) :- somenot43(C,B) 0.304003954523 (8.0, 11.0, 88.0, 15.0) 0.861344537815 [ACCEPT]
[DEBUG] Best rule so far: rsomenot43(A,B) :- somenot43(A,C) [0.344537815126]
[DEBUG] Candidates for iteration 2:
[DEBUG] ==================================
[DEBUG] rsomenot43(A,B) :- somenot43(A,C) 0.344537815126
[DEBUG] rsomenot43(A,B) :- some43(C,A) 0.304003954523
[DEBUG] rsomenot43(A,B) :- somenot43(C,B) 0.304003954523
[DEBUG] rsomenot43(A,B) :- all43(C,A) 0.198004201681
[DEBUG] rsomenot43(A,B) :- all43(C,B) 0.198004201681
[DEBUG] rsomenot43(A,B) :- some43(C,B) 0.186356895699
[DEBUG] rsomenot43(A,B) :- all43(A,C) 0.0
[DEBUG] rsomenot43(A,B) :- all43(B,C) 0.0
[DEBUG] rsomenot43(A,B) :- some43(A,C) 0.0
[DEBUG] rsomenot43(A,B) :- some43(B,C) 0.0
[DEBUG] rsomenot43(A,B) :- no43(C,A) 0.0
[DEBUG] rsomenot43(A,B) :- no43(C,B) 0.0
[DEBUG] rsomenot43(A,B) :- somenot43(B,C) 0.0
[DEBUG] rsomenot43(A,B) :- no43(A,C) 0.0
[DEBUG] rsomenot43(A,B) :- no43(B,C) 0.0
[DEBUG] ==================================
[LVL9] rsomenot43(A,B) :- somenot43(A,C), all43(C,B) 0.389355742297 (4.0, 1.0, 98.0, 19.0) 0.584033613445 [ACCEPT]
[LVL9] BETTER RULE rsomenot43(A,B) :- somenot43(A,C), all43(C,B) (0.38935574229691877, 4.0) > (0.3445378151260504, 8.0)
[LVL9] rsomenot43(A,B) :- somenot43(A,C), all43(B,C) 0.389355742297 (4.0, 1.0, 98.0, 19.0) 0.584033613445 [ACCEPT]
[LVL9] rsomenot43(A,B) :- somenot43(A,C), all43(C,D) 0.389355742297 (4.0, 1.0, 98.0, 19.0) 0.584033613445 [ACCEPT]
[LVL9] rsomenot43(A,B) :- somenot43(A,C), all43(B,D) 0.389355742297 (4.0, 1.0, 98.0, 19.0) 0.584033613445 [ACCEPT]
[LVL9] rsomenot43(A,B) :- somenot43(A,C), all43(D,C) 0.389355742297 (4.0, 1.0, 98.0, 19.0) 0.584033613445 [ACCEPT]
[LVL9] rsomenot43(A,B) :- somenot43(A,C), all43(D,B) 0.389355742297 (4.0, 1.0, 98.0, 19.0) 0.584033613445 [ACCEPT]
[LVL9] rsomenot43(A,B) :- somenot43(A,C), some43(C,B) 0.389355742297 (4.0, 1.0, 98.0, 19.0) 0.584033613445 [ACCEPT]
[LVL9] rsomenot43(A,B) :- somenot43(A,C), some43(C,D) 0.389355742297 (4.0, 1.0, 98.0, 19.0) 0.584033613445 [ACCEPT]
[LVL9] rsomenot43(A,B) :- somenot43(A,C), some43(D,B) 0.389355742297 (4.0, 1.0, 98.0, 19.0) 0.584033613445 [ACCEPT]
[LVL9] rsomenot43(A,B) :- somenot43(A,C), no43(B,C) 0.389355742297 (4.0, 1.0, 98.0, 19.0) 0.584033613445 [ACCEPT]
[LVL9] rsomenot43(A,B) :- somenot43(A,C), no43(B,D) 0.389355742297 (4.0, 1.0, 98.0, 19.0) 0.584033613445 [ACCEPT]
[LVL9] rsomenot43(A,B) :- somenot43(A,C), no43(D,C) 0.389355742297 (4.0, 1.0, 98.0, 19.0) 0.584033613445 [ACCEPT]
[LVL9] rsomenot43(A,B) :- somenot43(A,C), somenot43(C,B) 0.389355742297 (4.0, 1.0, 98.0, 19.0) 0.584033613445 [ACCEPT]
[LVL9] rsomenot43(A,B) :- somenot43(A,C), somenot43(C,D) 0.389355742297 (4.0, 1.0, 98.0, 19.0) 0.584033613445 [ACCEPT]
[LVL9] rsomenot43(A,B) :- somenot43(A,C), somenot43(D,B) 0.389355742297 (4.0, 1.0, 98.0, 19.0) 0.584033613445 [ACCEPT]
[LVL9] rsomenot43(A,B) :- somenot43(A,C), \+all43(C,B) 0.320620555915 (7.0, 8.0, 91.0, 16.0) 0.833613445378 [ACCEPT]
[LVL9] rsomenot43(A,B) :- somenot43(A,C), \+all43(B,C) 0.320620555915 (7.0, 8.0, 91.0, 16.0) 0.833613445378 [ACCEPT]
[LVL9] rsomenot43(A,B) :- somenot43(A,C), \+some43(C,B) 0.320620555915 (7.0, 8.0, 91.0, 16.0) 0.833613445378 [ACCEPT]
[LVL9] rsomenot43(A,B) :- somenot43(A,C), \+some43(B,C) 0.397543632838 (8.0, 7.0, 92.0, 15.0) 0.861344537815 [ACCEPT]
[LVL9] BETTER RULE rsomenot43(A,B) :- somenot43(A,C), \+some43(B,C) (0.3975436328377505, 8.0) > (0.38935574229691877, 4.0)
[LVL9] rsomenot43(A,B) :- somenot43(A,C), \+no43(B,C) 0.320620555915 (7.0, 8.0, 91.0, 16.0) 0.833613445378 [ACCEPT]
[LVL9] rsomenot43(A,B) :- somenot43(A,C), \+somenot43(C,B) 0.320620555915 (7.0, 8.0, 91.0, 16.0) 0.833613445378 [ACCEPT]
[LVL9] rsomenot43(A,B) :- somenot43(A,C), \+somenot43(B,C) 0.397543632838 (8.0, 7.0, 92.0, 15.0) 0.861344537815 [ACCEPT]
[LVL9] rsomenot43(A,B) :- some43(C,A), all43(C,B) 0.389355742297 (4.0, 1.0, 98.0, 19.0) 0.584033613445 [ACCEPT]
[LVL9] rsomenot43(A,B) :- some43(C,A), all43(B,C) 0.389355742297 (4.0, 1.0, 98.0, 19.0) 0.584033613445 [ACCEPT]
[LVL9] rsomenot43(A,B) :- some43(C,A), all43(C,D) 0.389355742297 (4.0, 1.0, 98.0, 19.0) 0.584033613445 [ACCEPT]
[LVL9] rsomenot43(A,B) :- some43(C,A), all43(B,D) 0.389355742297 (4.0, 1.0, 98.0, 19.0) 0.584033613445 [ACCEPT]
[LVL9] rsomenot43(A,B) :- some43(C,A), all43(D,C) 0.389355742297 (4.0, 1.0, 98.0, 19.0) 0.584033613445 [ACCEPT]
[LVL9] rsomenot43(A,B) :- some43(C,A), all43(D,B) 0.389355742297 (4.0, 1.0, 98.0, 19.0) 0.584033613445 [ACCEPT]
[LVL9] rsomenot43(A,B) :- some43(C,A), some43(B,C) 0.389355742297 (4.0, 1.0, 98.0, 19.0) 0.584033613445 [ACCEPT]
[LVL9] rsomenot43(A,B) :- some43(C,A), some43(B,D) 0.389355742297 (4.0, 1.0, 98.0, 19.0) 0.584033613445 [ACCEPT]
[LVL9] rsomenot43(A,B) :- some43(C,A), some43(D,C) 0.389355742297 (4.0, 1.0, 98.0, 19.0) 0.584033613445 [ACCEPT]
[LVL9] rsomenot43(A,B) :- some43(C,A), no43(C,B) 0.389355742297 (4.0, 1.0, 98.0, 19.0) 0.584033613445 [ACCEPT]
[LVL9] rsomenot43(A,B) :- some43(C,A), no43(C,D) 0.389355742297 (4.0, 1.0, 98.0, 19.0) 0.584033613445 [ACCEPT]
[LVL9] rsomenot43(A,B) :- some43(C,A), no43(D,B) 0.389355742297 (4.0, 1.0, 98.0, 19.0) 0.584033613445 [ACCEPT]
[LVL9] rsomenot43(A,B) :- some43(C,A), somenot43(B,C) 0.389355742297 (4.0, 1.0, 98.0, 19.0) 0.584033613445 [ACCEPT]
[LVL9] rsomenot43(A,B) :- some43(C,A), somenot43(B,D) 0.389355742297 (4.0, 1.0, 98.0, 19.0) 0.584033613445 [ACCEPT]
[LVL9] rsomenot43(A,B) :- some43(C,A), somenot43(D,C) 0.389355742297 (4.0, 1.0, 98.0, 19.0) 0.584033613445 [ACCEPT]
[LVL9] rsomenot43(A,B) :- some43(C,A), \+all43(C,B) 0.277871148459 (7.0, 10.0, 89.0, 16.0) 0.833613445378 [ACCEPT]
[LVL9] rsomenot43(A,B) :- some43(C,A), \+all43(B,C) 0.277871148459 (7.0, 10.0, 89.0, 16.0) 0.833613445378 [ACCEPT]
[LVL9] rsomenot43(A,B) :- some43(C,A), \+some43(C,B) 0.344537815126 (8.0, 9.0, 90.0, 15.0) 0.861344537815 [ACCEPT]
[LVL9] rsomenot43(A,B) :- some43(C,A), \+some43(B,C) 0.277871148459 (7.0, 10.0, 89.0, 16.0) 0.833613445378 [ACCEPT]
[LVL9] rsomenot43(A,B) :- some43(C,A), \+no43(C,B) 0.277871148459 (7.0, 10.0, 89.0, 16.0) 0.833613445378 [ACCEPT]
[LVL9] rsomenot43(A,B) :- some43(C,A), \+no43(B,C) 0.344537815126 (8.0, 9.0, 90.0, 15.0) 0.861344537815 [ACCEPT]
[LVL9] rsomenot43(A,B) :- some43(C,A), \+somenot43(C,B) 0.344537815126 (8.0, 9.0, 90.0, 15.0) 0.861344537815 [ACCEPT]
[LVL9] rsomenot43(A,B) :- some43(C,A), \+somenot43(B,C) 0.277871148459 (7.0, 10.0, 89.0, 16.0) 0.833613445378 [ACCEPT]
[LVL9] rsomenot43(A,B) :- somenot43(C,B), all43(A,C) 0.389355742297 (4.0, 1.0, 98.0, 19.0) 0.584033613445 [ACCEPT]
[LVL9] rsomenot43(A,B) :- somenot43(C,B), all43(C,A) 0.389355742297 (4.0, 1.0, 98.0, 19.0) 0.584033613445 [ACCEPT]
[LVL9] rsomenot43(A,B) :- somenot43(C,B), all43(A,D) 0.389355742297 (4.0, 1.0, 98.0, 19.0) 0.584033613445 [ACCEPT]
[LVL9] rsomenot43(A,B) :- somenot43(C,B), all43(C,D) 0.389355742297 (4.0, 1.0, 98.0, 19.0) 0.584033613445 [ACCEPT]
[LVL9] rsomenot43(A,B) :- somenot43(C,B), all43(D,A) 0.389355742297 (4.0, 1.0, 98.0, 19.0) 0.584033613445 [ACCEPT]
[LVL9] rsomenot43(A,B) :- somenot43(C,B), all43(D,C) 0.389355742297 (4.0, 1.0, 98.0, 19.0) 0.584033613445 [ACCEPT]
[LVL9] rsomenot43(A,B) :- somenot43(C,B), some43(A,C) 0.389355742297 (4.0, 1.0, 98.0, 19.0) 0.584033613445 [ACCEPT]
[LVL9] rsomenot43(A,B) :- somenot43(C,B), some43(A,D) 0.389355742297 (4.0, 1.0, 98.0, 19.0) 0.584033613445 [ACCEPT]
[LVL9] rsomenot43(A,B) :- somenot43(C,B), some43(D,C) 0.389355742297 (4.0, 1.0, 98.0, 19.0) 0.584033613445 [ACCEPT]
[LVL9] rsomenot43(A,B) :- somenot43(C,B), no43(C,A) 0.389355742297 (4.0, 1.0, 98.0, 19.0) 0.584033613445 [ACCEPT]
[LVL9] rsomenot43(A,B) :- somenot43(C,B), no43(C,D) 0.389355742297 (4.0, 1.0, 98.0, 19.0) 0.584033613445 [ACCEPT]
[LVL9] rsomenot43(A,B) :- somenot43(C,B), no43(D,A) 0.389355742297 (4.0, 1.0, 98.0, 19.0) 0.584033613445 [ACCEPT]
[LVL9] rsomenot43(A,B) :- somenot43(C,B), somenot43(A,D) 0.389355742297 (4.0, 1.0, 98.0, 19.0) 0.584033613445 [ACCEPT]
[LVL9] rsomenot43(A,B) :- somenot43(C,B), somenot43(D,C) 0.389355742297 (4.0, 1.0, 98.0, 19.0) 0.584033613445 [ACCEPT]
[LVL9] rsomenot43(A,B) :- somenot43(C,B), \+all43(A,C) 0.277871148459 (7.0, 10.0, 89.0, 16.0) 0.833613445378 [ACCEPT]
[LVL9] rsomenot43(A,B) :- somenot43(C,B), \+all43(C,A) 0.277871148459 (7.0, 10.0, 89.0, 16.0) 0.833613445378 [ACCEPT]
[LVL9] rsomenot43(A,B) :- somenot43(C,B), \+some43(A,C) 0.277871148459 (7.0, 10.0, 89.0, 16.0) 0.833613445378 [ACCEPT]
[LVL9] rsomenot43(A,B) :- somenot43(C,B), \+some43(C,A) 0.344537815126 (8.0, 9.0, 90.0, 15.0) 0.861344537815 [ACCEPT]
[LVL9] rsomenot43(A,B) :- somenot43(C,B), \+no43(A,C) 0.344537815126 (8.0, 9.0, 90.0, 15.0) 0.861344537815 [ACCEPT]
[LVL9] rsomenot43(A,B) :- somenot43(C,B), \+no43(C,A) 0.277871148459 (7.0, 10.0, 89.0, 16.0) 0.833613445378 [ACCEPT]
[LVL9] rsomenot43(A,B) :- somenot43(C,B), \+somenot43(A,C) 0.277871148459 (7.0, 10.0, 89.0, 16.0) 0.833613445378 [ACCEPT]
[LVL9] rsomenot43(A,B) :- somenot43(C,B), \+somenot43(C,A) 0.344537815126 (8.0, 9.0, 90.0, 15.0) 0.861344537815 [ACCEPT]
[LVL9] rsomenot43(A,B) :- all43(C,A), all43(C,B) 0.389355742297 (4.0, 1.0, 98.0, 19.0) 0.584033613445 [ACCEPT]
[LVL9] rsomenot43(A,B) :- all43(C,A), all43(D,B) 0.389355742297 (4.0, 1.0, 98.0, 19.0) 0.584033613445 [ACCEPT]
[LVL9] rsomenot43(A,B) :- all43(C,A), some43(C,B) 0.389355742297 (4.0, 1.0, 98.0, 19.0) 0.584033613445 [ACCEPT]
[LVL9] rsomenot43(A,B) :- all43(C,A), some43(C,D) 0.389355742297 (4.0, 1.0, 98.0, 19.0) 0.584033613445 [ACCEPT]
[LVL9] rsomenot43(A,B) :- all43(C,A), some43(D,B) 0.389355742297 (4.0, 1.0, 98.0, 19.0) 0.584033613445 [ACCEPT]
[LVL9] rsomenot43(A,B) :- all43(C,A), somenot43(C,D) 0.389355742297 (4.0, 1.0, 98.0, 19.0) 0.584033613445 [ACCEPT]
[LVL9] rsomenot43(A,B) :- all43(C,A), somenot43(D,B) 0.389355742297 (4.0, 1.0, 98.0, 19.0) 0.584033613445 [ACCEPT]
[LVL9] rsomenot43(A,B) :- all43(C,A), \+all43(C,B) 0.0 (5.0, 11.0, 88.0, 18.0) 0.72268907563 [ACCEPT]
[LVL9] rsomenot43(A,B) :- all43(C,A), \+all43(B,C) 0.226290516206 (6.0, 10.0, 89.0, 17.0) 0.792016806723 [ACCEPT]
[LVL9] rsomenot43(A,B) :- all43(C,A), \+some43(C,B) 0.0 (5.0, 11.0, 88.0, 18.0) 0.72268907563 [ACCEPT]
[LVL9] rsomenot43(A,B) :- all43(C,A), \+some43(B,C) 0.226290516206 (6.0, 10.0, 89.0, 17.0) 0.792016806723 [ACCEPT]
[LVL9] rsomenot43(A,B) :- all43(C,A), \+no43(C,B) 0.226290516206 (6.0, 10.0, 89.0, 17.0) 0.792016806723 [ACCEPT]
[LVL9] rsomenot43(A,B) :- all43(C,A), \+no43(B,C) 0.211204481793 (6.0, 11.0, 88.0, 17.0) 0.792016806723 [ACCEPT]
[LVL9] rsomenot43(A,B) :- all43(C,A), \+somenot43(C,B) 0.0 (5.0, 11.0, 88.0, 18.0) 0.72268907563 [ACCEPT]
[LVL9] rsomenot43(A,B) :- all43(C,A), \+somenot43(B,C) 0.226290516206 (6.0, 10.0, 89.0, 17.0) 0.792016806723 [ACCEPT]
[LVL9] rsomenot43(A,B) :- all43(C,B), all43(D,A) 0.389355742297 (4.0, 1.0, 98.0, 19.0) 0.584033613445 [ACCEPT]
[LVL9] rsomenot43(A,B) :- all43(C,B), some43(C,D) 0.389355742297 (4.0, 1.0, 98.0, 19.0) 0.584033613445 [ACCEPT]
[LVL9] rsomenot43(A,B) :- all43(C,B), some43(D,A) 0.389355742297 (4.0, 1.0, 98.0, 19.0) 0.584033613445 [ACCEPT]
[LVL9] rsomenot43(A,B) :- all43(C,B), somenot43(A,D) 0.389355742297 (4.0, 1.0, 98.0, 19.0) 0.584033613445 [ACCEPT]
[LVL9] rsomenot43(A,B) :- all43(C,B), somenot43(D,C) 0.389355742297 (4.0, 1.0, 98.0, 19.0) 0.584033613445 [ACCEPT]
[LVL9] rsomenot43(A,B) :- all43(C,B), \+all43(A,C) 0.226290516206 (6.0, 10.0, 89.0, 17.0) 0.792016806723 [ACCEPT]
[LVL9] rsomenot43(A,B) :- all43(C,B), \+all43(C,A) 0.0 (5.0, 11.0, 88.0, 18.0) 0.72268907563 [ACCEPT]
[LVL9] rsomenot43(A,B) :- all43(C,B), \+some43(A,C) 0.226290516206 (6.0, 10.0, 89.0, 17.0) 0.792016806723 [ACCEPT]
[LVL9] rsomenot43(A,B) :- all43(C,B), \+some43(C,A) 0.0 (5.0, 11.0, 88.0, 18.0) 0.72268907563 [ACCEPT]
[LVL9] rsomenot43(A,B) :- all43(C,B), \+no43(A,C) 0.211204481793 (6.0, 11.0, 88.0, 17.0) 0.792016806723 [ACCEPT]
[LVL9] rsomenot43(A,B) :- all43(C,B), \+no43(C,A) 0.226290516206 (6.0, 10.0, 89.0, 17.0) 0.792016806723 [ACCEPT]
[LVL9] rsomenot43(A,B) :- all43(C,B), \+somenot43(A,C) 0.0 (5.0, 11.0, 88.0, 18.0) 0.72268907563 [ACCEPT]
[LVL9] rsomenot43(A,B) :- all43(C,B), \+somenot43(C,A) 0.226290516206 (6.0, 10.0, 89.0, 17.0) 0.792016806723 [ACCEPT]
[LVL9] rsomenot43(A,B) :- some43(C,B), all43(C,D) 0.389355742297 (4.0, 1.0, 98.0, 19.0) 0.584033613445 [ACCEPT]
[LVL9] rsomenot43(A,B) :- some43(C,B), all43(D,A) 0.389355742297 (4.0, 1.0, 98.0, 19.0) 0.584033613445 [ACCEPT]
[LVL9] rsomenot43(A,B) :- some43(C,B), no43(C,A) 0.389355742297 (4.0, 1.0, 98.0, 19.0) 0.584033613445 [ACCEPT]
[LVL9] rsomenot43(A,B) :- some43(C,B), no43(C,D) 0.389355742297 (4.0, 1.0, 98.0, 19.0) 0.584033613445 [ACCEPT]
[LVL9] rsomenot43(A,B) :- some43(C,B), no43(D,A) 0.389355742297 (4.0, 1.0, 98.0, 19.0) 0.584033613445 [ACCEPT]
[LVL9] rsomenot43(A,B) :- some43(C,B), somenot43(A,D) 0.389355742297 (4.0, 1.0, 98.0, 19.0) 0.584033613445 [ACCEPT]
[LVL9] rsomenot43(A,B) :- some43(C,B), somenot43(D,C) 0.389355742297 (4.0, 1.0, 98.0, 19.0) 0.584033613445 [ACCEPT]
[LVL9] rsomenot43(A,B) :- some43(C,B), \+all43(A,C) 0.211204481793 (6.0, 11.0, 88.0, 17.0) 0.792016806723 [ACCEPT]
[LVL9] rsomenot43(A,B) :- some43(C,B), \+some43(A,C) 0.211204481793 (6.0, 11.0, 88.0, 17.0) 0.792016806723 [ACCEPT]
[LVL9] rsomenot43(A,B) :- some43(C,B), \+some43(C,A) 0.211204481793 (6.0, 11.0, 88.0, 17.0) 0.792016806723 [ACCEPT]
[LVL9] rsomenot43(A,B) :- some43(C,B), \+no43(A,C) 0.211204481793 (6.0, 11.0, 88.0, 17.0) 0.792016806723 [ACCEPT]
[LVL9] rsomenot43(A,B) :- all43(A,C), somenot43(B,C) 0.389355742297 (4.0, 1.0, 98.0, 19.0) 0.584033613445 [ACCEPT]
[LVL9] rsomenot43(A,B) :- all43(A,C), somenot43(C,D) 0.389355742297 (4.0, 1.0, 98.0, 19.0) 0.584033613445 [ACCEPT]
[LVL9] rsomenot43(A,B) :- all43(A,C), somenot43(B,D) 0.389355742297 (4.0, 1.0, 98.0, 19.0) 0.584033613445 [ACCEPT]
[LVL9] rsomenot43(A,B) :- all43(A,C), somenot43(D,C) 0.389355742297 (4.0, 1.0, 98.0, 19.0) 0.584033613445 [ACCEPT]
[LVL9] rsomenot43(A,B) :- all43(A,C), somenot43(D,B) 0.389355742297 (4.0, 1.0, 98.0, 19.0) 0.584033613445 [ACCEPT]
[LVL9] rsomenot43(A,B) :- all43(B,C), some43(C,D) 0.389355742297 (4.0, 1.0, 98.0, 19.0) 0.584033613445 [ACCEPT]
[LVL9] rsomenot43(A,B) :- all43(B,C), some43(D,A) 0.389355742297 (4.0, 1.0, 98.0, 19.0) 0.584033613445 [ACCEPT]
[LVL9] rsomenot43(A,B) :- all43(B,C), somenot43(A,D) 0.389355742297 (4.0, 1.0, 98.0, 19.0) 0.584033613445 [ACCEPT]
[LVL9] rsomenot43(A,B) :- all43(B,C), somenot43(D,C) 0.389355742297 (4.0, 1.0, 98.0, 19.0) 0.584033613445 [ACCEPT]
[LVL9] rsomenot43(A,B) :- some43(A,C), no43(C,B) 0.389355742297 (4.0, 1.0, 98.0, 19.0) 0.584033613445 [ACCEPT]
[LVL9] rsomenot43(A,B) :- some43(A,C), no43(C,D) 0.389355742297 (4.0, 1.0, 98.0, 19.0) 0.584033613445 [ACCEPT]
[LVL9] rsomenot43(A,B) :- some43(A,C), no43(D,B) 0.389355742297 (4.0, 1.0, 98.0, 19.0) 0.584033613445 [ACCEPT]
[LVL9] rsomenot43(A,B) :- some43(A,C), somenot43(C,D) 0.389355742297 (4.0, 1.0, 98.0, 19.0) 0.584033613445 [ACCEPT]
[LVL9] rsomenot43(A,B) :- some43(A,C), somenot43(D,B) 0.389355742297 (4.0, 1.0, 98.0, 19.0) 0.584033613445 [ACCEPT]
[LVL9] rsomenot43(A,B) :- some43(B,C), some43(C,D) 0.389355742297 (4.0, 1.0, 98.0, 19.0) 0.584033613445 [ACCEPT]
[LVL9] rsomenot43(A,B) :- some43(B,C), some43(D,A) 0.389355742297 (4.0, 1.0, 98.0, 19.0) 0.584033613445 [ACCEPT]
[LVL9] rsomenot43(A,B) :- some43(B,C), no43(A,C) 0.389355742297 (4.0, 1.0, 98.0, 19.0) 0.584033613445 [ACCEPT]
[LVL9] rsomenot43(A,B) :- some43(B,C), no43(A,D) 0.389355742297 (4.0, 1.0, 98.0, 19.0) 0.584033613445 [ACCEPT]
[LVL9] rsomenot43(A,B) :- some43(B,C), no43(D,C) 0.389355742297 (4.0, 1.0, 98.0, 19.0) 0.584033613445 [ACCEPT]
[LVL9] rsomenot43(A,B) :- no43(C,A), some43(C,D) 0.389355742297 (4.0, 1.0, 98.0, 19.0) 0.584033613445 [ACCEPT]
[LVL9] rsomenot43(A,B) :- no43(C,A), some43(D,B) 0.389355742297 (4.0, 1.0, 98.0, 19.0) 0.584033613445 [ACCEPT]
[LVL9] rsomenot43(A,B) :- no43(C,A), somenot43(C,D) 0.389355742297 (4.0, 1.0, 98.0, 19.0) 0.584033613445 [ACCEPT]
[LVL9] rsomenot43(A,B) :- no43(C,A), somenot43(D,B) 0.389355742297 (4.0, 1.0, 98.0, 19.0) 0.584033613445 [ACCEPT]
[LVL9] rsomenot43(A,B) :- no43(C,B), some43(A,D) 0.389355742297 (4.0, 1.0, 98.0, 19.0) 0.584033613445 [ACCEPT]
[LVL9] rsomenot43(A,B) :- no43(C,B), some43(C,D) 0.389355742297 (4.0, 1.0, 98.0, 19.0) 0.584033613445 [ACCEPT]
[LVL9] rsomenot43(A,B) :- no43(C,B), some43(D,A) 0.389355742297 (4.0, 1.0, 98.0, 19.0) 0.584033613445 [ACCEPT]
[LVL9] rsomenot43(A,B) :- no43(C,B), some43(D,C) 0.389355742297 (4.0, 1.0, 98.0, 19.0) 0.584033613445 [ACCEPT]
[LVL9] rsomenot43(A,B) :- somenot43(B,C), all43(A,D) 0.389355742297 (4.0, 1.0, 98.0, 19.0) 0.584033613445 [ACCEPT]
[LVL9] rsomenot43(A,B) :- somenot43(B,C), all43(D,C) 0.389355742297 (4.0, 1.0, 98.0, 19.0) 0.584033613445 [ACCEPT]
[LVL9] rsomenot43(A,B) :- somenot43(B,C), some43(C,D) 0.389355742297 (4.0, 1.0, 98.0, 19.0) 0.584033613445 [ACCEPT]
[LVL9] rsomenot43(A,B) :- somenot43(B,C), some43(D,A) 0.389355742297 (4.0, 1.0, 98.0, 19.0) 0.584033613445 [ACCEPT]
[LVL9] rsomenot43(A,B) :- no43(A,C), some43(B,D) 0.389355742297 (4.0, 1.0, 98.0, 19.0) 0.584033613445 [ACCEPT]
[LVL9] rsomenot43(A,B) :- no43(A,C), some43(D,C) 0.389355742297 (4.0, 1.0, 98.0, 19.0) 0.584033613445 [ACCEPT]
[LVL9] rsomenot43(A,B) :- no43(B,C), somenot43(A,D) 0.389355742297 (4.0, 1.0, 98.0, 19.0) 0.584033613445 [ACCEPT]
[LVL9] rsomenot43(A,B) :- no43(B,C), somenot43(D,C) 0.389355742297 (4.0, 1.0, 98.0, 19.0) 0.584033613445 [ACCEPT]
[DEBUG] Best rule so far: rsomenot43(A,B) :- somenot43(A,C), \+some43(B,C) [0.397543632838]
[DEBUG] Candidates for iteration 3:
[DEBUG] ==================================
[DEBUG] rsomenot43(A,B) :- somenot43(A,C), \+some43(B,C) 0.397543632838
[DEBUG] rsomenot43(A,B) :- somenot43(A,C), \+somenot43(B,C) 0.397543632838
[DEBUG] rsomenot43(A,B) :- somenot43(A,C), all43(C,B) 0.389355742297
[DEBUG] rsomenot43(A,B) :- somenot43(A,C), all43(B,C) 0.389355742297
[DEBUG] rsomenot43(A,B) :- somenot43(A,C), all43(C,D) 0.389355742297
[DEBUG] rsomenot43(A,B) :- somenot43(A,C), all43(B,D) 0.389355742297
[DEBUG] rsomenot43(A,B) :- somenot43(A,C), all43(D,C) 0.389355742297
[DEBUG] rsomenot43(A,B) :- somenot43(A,C), all43(D,B) 0.389355742297
[DEBUG] rsomenot43(A,B) :- somenot43(A,C), some43(C,B) 0.389355742297
[DEBUG] rsomenot43(A,B) :- somenot43(A,C), some43(C,D) 0.389355742297
[DEBUG] rsomenot43(A,B) :- somenot43(A,C), some43(D,B) 0.389355742297
[DEBUG] rsomenot43(A,B) :- somenot43(A,C), no43(B,C) 0.389355742297
[DEBUG] rsomenot43(A,B) :- somenot43(A,C), no43(B,D) 0.389355742297
[DEBUG] rsomenot43(A,B) :- somenot43(A,C), no43(D,C) 0.389355742297
[DEBUG] rsomenot43(A,B) :- somenot43(A,C), somenot43(C,B) 0.389355742297
[DEBUG] rsomenot43(A,B) :- somenot43(A,C), somenot43(C,D) 0.389355742297
[DEBUG] rsomenot43(A,B) :- somenot43(A,C), somenot43(D,B) 0.389355742297
[DEBUG] rsomenot43(A,B) :- some43(C,A), all43(C,B) 0.389355742297
[DEBUG] rsomenot43(A,B) :- some43(C,A), all43(B,C) 0.389355742297
[DEBUG] rsomenot43(A,B) :- some43(C,A), all43(C,D) 0.389355742297
[DEBUG] rsomenot43(A,B) :- some43(C,A), all43(B,D) 0.389355742297
[DEBUG] rsomenot43(A,B) :- some43(C,A), all43(D,C) 0.389355742297
[DEBUG] rsomenot43(A,B) :- some43(C,A), all43(D,B) 0.389355742297
[DEBUG] rsomenot43(A,B) :- some43(C,A), some43(B,C) 0.389355742297
[DEBUG] rsomenot43(A,B) :- some43(C,A), some43(B,D) 0.389355742297
[DEBUG] rsomenot43(A,B) :- some43(C,A), some43(D,C) 0.389355742297
[DEBUG] rsomenot43(A,B) :- some43(C,A), no43(C,B) 0.389355742297
[DEBUG] rsomenot43(A,B) :- some43(C,A), no43(C,D) 0.389355742297
[DEBUG] rsomenot43(A,B) :- some43(C,A), no43(D,B) 0.389355742297
[DEBUG] rsomenot43(A,B) :- some43(C,A), somenot43(B,C) 0.389355742297
[DEBUG] rsomenot43(A,B) :- some43(C,A), somenot43(B,D) 0.389355742297
[DEBUG] rsomenot43(A,B) :- some43(C,A), somenot43(D,C) 0.389355742297
[DEBUG] rsomenot43(A,B) :- somenot43(C,B), all43(A,C) 0.389355742297
[DEBUG] rsomenot43(A,B) :- somenot43(C,B), all43(C,A) 0.389355742297
[DEBUG] rsomenot43(A,B) :- somenot43(C,B), all43(A,D) 0.389355742297
[DEBUG] rsomenot43(A,B) :- somenot43(C,B), all43(C,D) 0.389355742297
[DEBUG] rsomenot43(A,B) :- somenot43(C,B), all43(D,A) 0.389355742297
[DEBUG] rsomenot43(A,B) :- somenot43(C,B), all43(D,C) 0.389355742297
[DEBUG] rsomenot43(A,B) :- somenot43(C,B), some43(A,C) 0.389355742297
[DEBUG] rsomenot43(A,B) :- somenot43(C,B), some43(A,D) 0.389355742297
[DEBUG] rsomenot43(A,B) :- somenot43(C,B), some43(D,C) 0.389355742297
[DEBUG] rsomenot43(A,B) :- somenot43(C,B), no43(C,A) 0.389355742297
[DEBUG] rsomenot43(A,B) :- somenot43(C,B), no43(C,D) 0.389355742297
[DEBUG] rsomenot43(A,B) :- somenot43(C,B), no43(D,A) 0.389355742297
[DEBUG] rsomenot43(A,B) :- somenot43(C,B), somenot43(A,D) 0.389355742297
[DEBUG] rsomenot43(A,B) :- somenot43(C,B), somenot43(D,C) 0.389355742297
[DEBUG] rsomenot43(A,B) :- all43(C,A), all43(C,B) 0.389355742297
[DEBUG] rsomenot43(A,B) :- all43(C,A), all43(D,B) 0.389355742297
[DEBUG] rsomenot43(A,B) :- all43(C,A), some43(C,B) 0.389355742297
[DEBUG] rsomenot43(A,B) :- all43(C,A), some43(C,D) 0.389355742297
[DEBUG] rsomenot43(A,B) :- all43(C,A), some43(D,B) 0.389355742297
[DEBUG] rsomenot43(A,B) :- all43(C,A), somenot43(C,D) 0.389355742297
[DEBUG] rsomenot43(A,B) :- all43(C,A), somenot43(D,B) 0.389355742297
[DEBUG] rsomenot43(A,B) :- all43(C,B), all43(D,A) 0.389355742297
[DEBUG] rsomenot43(A,B) :- all43(C,B), some43(C,D) 0.389355742297
[DEBUG] rsomenot43(A,B) :- all43(C,B), some43(D,A) 0.389355742297
[DEBUG] rsomenot43(A,B) :- all43(C,B), somenot43(A,D) 0.389355742297
[DEBUG] rsomenot43(A,B) :- all43(C,B), somenot43(D,C) 0.389355742297
[DEBUG] rsomenot43(A,B) :- some43(C,B), all43(C,D) 0.389355742297
[DEBUG] rsomenot43(A,B) :- some43(C,B), all43(D,A) 0.389355742297
[DEBUG] rsomenot43(A,B) :- some43(C,B), no43(C,A) 0.389355742297
[DEBUG] rsomenot43(A,B) :- some43(C,B), no43(C,D) 0.389355742297
[DEBUG] rsomenot43(A,B) :- some43(C,B), no43(D,A) 0.389355742297
[DEBUG] rsomenot43(A,B) :- some43(C,B), somenot43(A,D) 0.389355742297
[DEBUG] rsomenot43(A,B) :- some43(C,B), somenot43(D,C) 0.389355742297
[DEBUG] rsomenot43(A,B) :- all43(A,C), somenot43(B,C) 0.389355742297
[DEBUG] rsomenot43(A,B) :- all43(A,C), somenot43(C,D) 0.389355742297
[DEBUG] rsomenot43(A,B) :- all43(A,C), somenot43(B,D) 0.389355742297
[DEBUG] rsomenot43(A,B) :- all43(A,C), somenot43(D,C) 0.389355742297
[DEBUG] rsomenot43(A,B) :- all43(A,C), somenot43(D,B) 0.389355742297
[DEBUG] rsomenot43(A,B) :- all43(B,C), some43(C,D) 0.389355742297
[DEBUG] rsomenot43(A,B) :- all43(B,C), some43(D,A) 0.389355742297
[DEBUG] rsomenot43(A,B) :- all43(B,C), somenot43(A,D) 0.389355742297
[DEBUG] rsomenot43(A,B) :- all43(B,C), somenot43(D,C) 0.389355742297
[DEBUG] rsomenot43(A,B) :- some43(A,C), no43(C,B) 0.389355742297
[DEBUG] rsomenot43(A,B) :- some43(A,C), no43(C,D) 0.389355742297
[DEBUG] rsomenot43(A,B) :- some43(A,C), no43(D,B) 0.389355742297
[DEBUG] rsomenot43(A,B) :- some43(A,C), somenot43(C,D) 0.389355742297
[DEBUG] rsomenot43(A,B) :- some43(A,C), somenot43(D,B) 0.389355742297
[DEBUG] rsomenot43(A,B) :- some43(B,C), some43(C,D) 0.389355742297
[DEBUG] rsomenot43(A,B) :- some43(B,C), some43(D,A) 0.389355742297
[DEBUG] rsomenot43(A,B) :- some43(B,C), no43(A,C) 0.389355742297
[DEBUG] rsomenot43(A,B) :- some43(B,C), no43(A,D) 0.389355742297
[DEBUG] rsomenot43(A,B) :- some43(B,C), no43(D,C) 0.389355742297
[DEBUG] rsomenot43(A,B) :- no43(C,A), some43(C,D) 0.389355742297
[DEBUG] rsomenot43(A,B) :- no43(C,A), some43(D,B) 0.389355742297
[DEBUG] rsomenot43(A,B) :- no43(C,A), somenot43(C,D) 0.389355742297
[DEBUG] rsomenot43(A,B) :- no43(C,A), somenot43(D,B) 0.389355742297
[DEBUG] rsomenot43(A,B) :- no43(C,B), some43(A,D) 0.389355742297
[DEBUG] rsomenot43(A,B) :- no43(C,B), some43(C,D) 0.389355742297
[DEBUG] rsomenot43(A,B) :- no43(C,B), some43(D,A) 0.389355742297
[DEBUG] rsomenot43(A,B) :- no43(C,B), some43(D,C) 0.389355742297
[DEBUG] rsomenot43(A,B) :- somenot43(B,C), all43(A,D) 0.389355742297
[DEBUG] rsomenot43(A,B) :- somenot43(B,C), all43(D,C) 0.389355742297
[DEBUG] rsomenot43(A,B) :- somenot43(B,C), some43(C,D) 0.389355742297
[DEBUG] rsomenot43(A,B) :- somenot43(B,C), some43(D,A) 0.389355742297
[DEBUG] rsomenot43(A,B) :- no43(A,C), some43(B,D) 0.389355742297
[DEBUG] rsomenot43(A,B) :- no43(A,C), some43(D,C) 0.389355742297
[DEBUG] rsomenot43(A,B) :- no43(B,C), somenot43(A,D) 0.389355742297
[DEBUG] rsomenot43(A,B) :- no43(B,C), somenot43(D,C) 0.389355742297
[DEBUG] ==================================
[INFO] RULE LEARNED: rsomenot43(A,B) :- somenot43(A,C), \+some43(B,C) 0.819672131148
