[LVL9] Output level: 9
[INFO] Random seed: 0.421070465059
[INFO] Computing scores: 0.0401s
[INFO] Number of examples (M): 108
[INFO] Positive weight (P): 9.0000
[INFO] Negative weight (N): 99.0000
[DEBUG] Best rule so far: rsomenot93(A,B) :- true [0.0833333333333]
[DEBUG] Candidates for iteration 1:
[DEBUG] ==================================
[DEBUG] rsomenot93(A,B) :- true 0.0833333333333
[DEBUG] ==================================
[LVL9] rsomenot93(A,B) :- all93(A,C) 0.0 (1.0, 12.0, 87.0, 8.0) 0.541666666667 [ACCEPT]
[LVL9] rsomenot93(A,B) :- all93(C,A) 0.0 (1.0, 13.0, 86.0, 8.0) 0.541666666667 [ACCEPT]
[LVL9] rsomenot93(A,B) :- some93(A,C) 0.173611111111 (2.0, 9.0, 90.0, 7.0) 0.694444444444 [ACCEPT]
[LVL9] BETTER RULE rsomenot93(A,B) :- some93(A,C) (0.17361111111111113, 2.0) > (0.08333333333333334, 9.0)
[LVL9] rsomenot93(A,B) :- some93(C,A) 0.0 (1.0, 13.0, 86.0, 8.0) 0.541666666667 [ACCEPT]
[LVL9] rsomenot93(A,B) :- some93(C,B) 0.138888888889 (2.0, 12.0, 87.0, 7.0) 0.694444444444 [ACCEPT]
[LVL9] rsomenot93(A,B) :- no93(A,C) 0.0 (1.0, 14.0, 85.0, 8.0) 0.541666666667 [ACCEPT]
[LVL9] rsomenot93(A,B) :- no93(B,C) 0.0 (1.0, 14.0, 85.0, 8.0) 0.541666666667 [ACCEPT]
[LVL9] rsomenot93(A,B) :- somenot93(A,C) 0.130208333333 (2.0, 13.0, 86.0, 7.0) 0.694444444444 [ACCEPT]
[LVL9] rsomenot93(A,B) :- somenot93(C,A) 0.0 (1.0, 14.0, 85.0, 8.0) 0.541666666667 [ACCEPT]
[LVL9] rsomenot93(A,B) :- somenot93(C,B) 0.380208333333 (6.0, 9.0, 90.0, 3.0) 0.869047619048 [ACCEPT]
[LVL9] BETTER RULE rsomenot93(A,B) :- somenot93(C,B) (0.3802083333333333, 6.0) > (0.17361111111111113, 2.0)
[DEBUG] Best rule so far: rsomenot93(A,B) :- somenot93(C,B) [0.380208333333]
[DEBUG] Candidates for iteration 2:
[DEBUG] ==================================
[DEBUG] rsomenot93(A,B) :- somenot93(C,B) 0.380208333333
[DEBUG] rsomenot93(A,B) :- some93(A,C) 0.173611111111
[DEBUG] rsomenot93(A,B) :- some93(C,B) 0.138888888889
[DEBUG] rsomenot93(A,B) :- somenot93(A,C) 0.130208333333
[DEBUG] rsomenot93(A,B) :- all93(A,C) 0.0
[DEBUG] rsomenot93(A,B) :- all93(C,A) 0.0
[DEBUG] rsomenot93(A,B) :- some93(C,A) 0.0
[DEBUG] rsomenot93(A,B) :- no93(A,C) 0.0
[DEBUG] rsomenot93(A,B) :- no93(B,C) 0.0
[DEBUG] rsomenot93(A,B) :- somenot93(C,A) 0.0
[DEBUG] ==================================
[LVL9] rsomenot93(A,B) :- somenot93(C,B), all93(A,C) 0.361111111111 (1.0, 1.0, 98.0, 8.0) 0.541666666667 [ACCEPT]
[LVL9] rsomenot93(A,B) :- somenot93(C,B), all93(C,A) 0.361111111111 (1.0, 1.0, 98.0, 8.0) 0.541666666667 [ACCEPT]
[LVL9] rsomenot93(A,B) :- somenot93(C,B), all93(A,D) 0.361111111111 (1.0, 1.0, 98.0, 8.0) 0.541666666667 [ACCEPT]
[LVL9] rsomenot93(A,B) :- somenot93(C,B), all93(C,D) 0.361111111111 (1.0, 1.0, 98.0, 8.0) 0.541666666667 [ACCEPT]
[LVL9] rsomenot93(A,B) :- somenot93(C,B), all93(D,A) 0.361111111111 (1.0, 1.0, 98.0, 8.0) 0.541666666667 [ACCEPT]
[LVL9] rsomenot93(A,B) :- somenot93(C,B), all93(D,C) 0.361111111111 (1.0, 1.0, 98.0, 8.0) 0.541666666667 [ACCEPT]
[LVL9] rsomenot93(A,B) :- somenot93(C,B), some93(A,C) 0.361111111111 (1.0, 1.0, 98.0, 8.0) 0.541666666667 [ACCEPT]
[LVL9] rsomenot93(A,B) :- somenot93(C,B), some93(A,D) 0.361111111111 (1.0, 1.0, 98.0, 8.0) 0.541666666667 [ACCEPT]
[LVL9] rsomenot93(A,B) :- somenot93(C,B), some93(D,C) 0.361111111111 (1.0, 1.0, 98.0, 8.0) 0.541666666667 [ACCEPT]
[LVL9] rsomenot93(A,B) :- somenot93(C,B), no93(A,C) 0.541666666667 (1.0, 0.0, 99.0, 8.0) 0.541666666667 [REJECT* fp] 0.0
[LVL9] BETTER RULE rsomenot93(A,B) :- somenot93(C,B), no93(A,C) (0.5416666666666666, 1.0) > (0.3802083333333333, 6.0)
[LVL9] rsomenot93(A,B) :- somenot93(C,B), \+all93(A,C) 0.363095238095 (5.0, 8.0, 91.0, 4.0) 0.847222222222 [ACCEPT]
[LVL9] rsomenot93(A,B) :- somenot93(C,B), \+all93(C,A) 0.363095238095 (5.0, 8.0, 91.0, 4.0) 0.847222222222 [ACCEPT]
[LVL9] rsomenot93(A,B) :- somenot93(C,B), \+some93(A,C) 0.363095238095 (5.0, 8.0, 91.0, 4.0) 0.847222222222 [ACCEPT]
[LVL9] rsomenot93(A,B) :- somenot93(C,B), \+some93(C,A) 0.434523809524 (6.0, 7.0, 92.0, 3.0) 0.869047619048 [ACCEPT]
[LVL9] rsomenot93(A,B) :- somenot93(C,B), \+no93(C,A) 0.434523809524 (6.0, 7.0, 92.0, 3.0) 0.869047619048 [ACCEPT]
[LVL9] rsomenot93(A,B) :- somenot93(C,B), \+somenot93(A,C) 0.363095238095 (5.0, 8.0, 91.0, 4.0) 0.847222222222 [ACCEPT]
[LVL9] rsomenot93(A,B) :- somenot93(C,B), \+somenot93(C,A) 0.363095238095 (5.0, 8.0, 91.0, 4.0) 0.847222222222 [ACCEPT]
[LVL9] rsomenot93(A,B) :- some93(A,C), \+all93(C,B) 0.189393939394 (2.0, 8.0, 91.0, 7.0) 0.694444444444 [ACCEPT]
[LVL9] rsomenot93(A,B) :- some93(A,C), \+all93(B,C) 0.189393939394 (2.0, 8.0, 91.0, 7.0) 0.694444444444 [ACCEPT]
[LVL9] rsomenot93(A,B) :- some93(A,C), \+no93(C,B) 0.189393939394 (2.0, 8.0, 91.0, 7.0) 0.694444444444 [ACCEPT]
[LVL9] rsomenot93(A,B) :- some93(A,C), \+no93(B,C) 0.208333333333 (2.0, 7.0, 92.0, 7.0) 0.694444444444 [ACCEPT]
[LVL9] rsomenot93(A,B) :- some93(A,C), \+somenot93(B,C) 0.208333333333 (2.0, 7.0, 92.0, 7.0) 0.694444444444 [ACCEPT]
[LVL9] rsomenot93(A,B) :- some93(C,B), \+all93(A,C) 0.160256410256 (2.0, 10.0, 89.0, 7.0) 0.694444444444 [ACCEPT]
[LVL9] rsomenot93(A,B) :- some93(C,B), \+all93(C,A) 0.14880952381 (2.0, 11.0, 88.0, 7.0) 0.694444444444 [ACCEPT]
[LVL9] rsomenot93(A,B) :- some93(C,B), \+some93(C,A) 0.160256410256 (2.0, 10.0, 89.0, 7.0) 0.694444444444 [ACCEPT]
[LVL9] rsomenot93(A,B) :- some93(C,B), \+no93(A,C) 0.160256410256 (2.0, 10.0, 89.0, 7.0) 0.694444444444 [ACCEPT]
[LVL9] rsomenot93(A,B) :- some93(C,B), \+no93(C,A) 0.14880952381 (2.0, 11.0, 88.0, 7.0) 0.694444444444 [ACCEPT]
[LVL9] rsomenot93(A,B) :- some93(C,B), \+somenot93(C,A) 0.160256410256 (2.0, 10.0, 89.0, 7.0) 0.694444444444 [ACCEPT]
[LVL9] rsomenot93(A,B) :- somenot93(A,C), \+all93(C,B) 0.14880952381 (2.0, 11.0, 88.0, 7.0) 0.694444444444 [ACCEPT]
[LVL9] rsomenot93(A,B) :- somenot93(A,C), \+all93(B,C) 0.14880952381 (2.0, 11.0, 88.0, 7.0) 0.694444444444 [ACCEPT]
[LVL9] rsomenot93(A,B) :- somenot93(A,C), \+some93(B,C) 0.14880952381 (2.0, 11.0, 88.0, 7.0) 0.694444444444 [ACCEPT]
[LVL9] rsomenot93(A,B) :- somenot93(A,C), \+no93(C,B) 0.138888888889 (2.0, 12.0, 87.0, 7.0) 0.694444444444 [ACCEPT]
[LVL9] rsomenot93(A,B) :- somenot93(A,C), \+no93(B,C) 0.14880952381 (2.0, 11.0, 88.0, 7.0) 0.694444444444 [ACCEPT]
[LVL9] rsomenot93(A,B) :- somenot93(A,C), \+somenot93(B,C) 0.14880952381 (2.0, 11.0, 88.0, 7.0) 0.694444444444 [ACCEPT]
[DEBUG] Best rule so far: rsomenot93(A,B) :- somenot93(C,B), no93(A,C) [0.541666666667]
[DEBUG] Candidates for iteration 3:
[DEBUG] ==================================
[DEBUG] rsomenot93(A,B) :- somenot93(C,B), \+some93(C,A) 0.434523809524
[DEBUG] rsomenot93(A,B) :- somenot93(C,B), \+no93(C,A) 0.434523809524
[DEBUG] rsomenot93(A,B) :- somenot93(C,B), \+all93(A,C) 0.363095238095
[DEBUG] rsomenot93(A,B) :- somenot93(C,B), \+all93(C,A) 0.363095238095
[DEBUG] rsomenot93(A,B) :- somenot93(C,B), \+some93(A,C) 0.363095238095
[DEBUG] rsomenot93(A,B) :- somenot93(C,B), \+somenot93(A,C) 0.363095238095
[DEBUG] rsomenot93(A,B) :- somenot93(C,B), \+somenot93(C,A) 0.363095238095
[DEBUG] rsomenot93(A,B) :- somenot93(C,B), all93(A,C) 0.361111111111
[DEBUG] rsomenot93(A,B) :- somenot93(C,B), all93(C,A) 0.361111111111
[DEBUG] rsomenot93(A,B) :- somenot93(C,B), all93(A,D) 0.361111111111
[DEBUG] rsomenot93(A,B) :- somenot93(C,B), all93(C,D) 0.361111111111
[DEBUG] rsomenot93(A,B) :- somenot93(C,B), all93(D,A) 0.361111111111
[DEBUG] rsomenot93(A,B) :- somenot93(C,B), all93(D,C) 0.361111111111
[DEBUG] rsomenot93(A,B) :- somenot93(C,B), some93(A,C) 0.361111111111
[DEBUG] rsomenot93(A,B) :- somenot93(C,B), some93(A,D) 0.361111111111
[DEBUG] rsomenot93(A,B) :- somenot93(C,B), some93(D,C) 0.361111111111
[DEBUG] rsomenot93(A,B) :- some93(A,C), \+no93(B,C) 0.208333333333
[DEBUG] rsomenot93(A,B) :- some93(A,C), \+somenot93(B,C) 0.208333333333
[DEBUG] rsomenot93(A,B) :- some93(A,C), \+all93(C,B) 0.189393939394
[DEBUG] rsomenot93(A,B) :- some93(A,C), \+all93(B,C) 0.189393939394
[DEBUG] rsomenot93(A,B) :- some93(A,C), \+no93(C,B) 0.189393939394
[DEBUG] rsomenot93(A,B) :- some93(C,B), \+all93(A,C) 0.160256410256
[DEBUG] rsomenot93(A,B) :- some93(C,B), \+some93(C,A) 0.160256410256
[DEBUG] rsomenot93(A,B) :- some93(C,B), \+no93(A,C) 0.160256410256
[DEBUG] rsomenot93(A,B) :- some93(C,B), \+somenot93(C,A) 0.160256410256
[DEBUG] rsomenot93(A,B) :- some93(C,B), \+all93(C,A) 0.14880952381
[DEBUG] rsomenot93(A,B) :- some93(C,B), \+no93(C,A) 0.14880952381
[DEBUG] rsomenot93(A,B) :- somenot93(A,C), \+all93(C,B) 0.14880952381
[DEBUG] rsomenot93(A,B) :- somenot93(A,C), \+all93(B,C) 0.14880952381
[DEBUG] rsomenot93(A,B) :- somenot93(A,C), \+some93(B,C) 0.14880952381
[DEBUG] rsomenot93(A,B) :- somenot93(A,C), \+no93(B,C) 0.14880952381
[DEBUG] rsomenot93(A,B) :- somenot93(A,C), \+somenot93(B,C) 0.14880952381
[DEBUG] rsomenot93(A,B) :- somenot93(A,C), \+no93(C,B) 0.138888888889
[DEBUG] ==================================
[INFO] RULE LEARNED: rsomenot93(A,B) :- somenot93(C,B), no93(A,C) 0.925925925926
[DEBUG] Best rule so far: rsomenot93(A,B) :- true [0.0747663551402]
[DEBUG] Candidates for iteration 1:
[DEBUG] ==================================
[DEBUG] rsomenot93(A,B) :- true 0.0747663551402
[DEBUG] ==================================
[LVL9] rsomenot93(A,B) :- all93(A,C) 0.0767690253672 (2.0, 12.0, 87.0, 7.0) 0.53738317757 [ACCEPT]
[LVL9] BETTER RULE rsomenot93(A,B) :- all93(A,C) (0.07676902536715621, 2.0) > (0.07476635514018691, 9.0)
[LVL9] rsomenot93(A,B) :- all93(C,A) 0.0 (2.0, 13.0, 86.0, 7.0) 0.53738317757 [ACCEPT]
[LVL9] rsomenot93(A,B) :- some93(A,C) 0.172897196262 (3.0, 9.0, 90.0, 6.0) 0.691588785047 [ACCEPT]
[LVL9] BETTER RULE rsomenot93(A,B) :- some93(A,C) (0.17289719626168223, 3.0) > (0.07676902536715621, 2.0)
[LVL9] rsomenot93(A,B) :- some93(C,A) 0.0 (2.0, 13.0, 86.0, 7.0) 0.53738317757 [ACCEPT]
[LVL9] rsomenot93(A,B) :- some93(C,B) 0.138317757009 (3.0, 12.0, 87.0, 6.0) 0.691588785047 [ACCEPT]
[LVL9] rsomenot93(A,B) :- no93(B,C) 0.0 (2.0, 14.0, 85.0, 7.0) 0.53738317757 [ACCEPT]
[LVL9] rsomenot93(A,B) :- somenot93(A,C) 0.129672897196 (3.0, 13.0, 86.0, 6.0) 0.691588785047 [ACCEPT]
[LVL9] rsomenot93(A,B) :- somenot93(C,A) 0.0 (2.0, 14.0, 85.0, 7.0) 0.53738317757 [ACCEPT]
[LVL9] rsomenot93(A,B) :- somenot93(C,B) 0.338317757009 (6.0, 9.0, 90.0, 3.0) 0.845794392523 [ACCEPT]
[LVL9] BETTER RULE rsomenot93(A,B) :- somenot93(C,B) (0.3383177570093458, 6.0) > (0.17289719626168223, 3.0)
[DEBUG] Best rule so far: rsomenot93(A,B) :- somenot93(C,B) [0.338317757009]
[DEBUG] Candidates for iteration 2:
[DEBUG] ==================================
[DEBUG] rsomenot93(A,B) :- somenot93(C,B) 0.338317757009
[DEBUG] rsomenot93(A,B) :- some93(A,C) 0.172897196262
[DEBUG] rsomenot93(A,B) :- some93(C,B) 0.138317757009
[DEBUG] rsomenot93(A,B) :- somenot93(A,C) 0.129672897196
[DEBUG] rsomenot93(A,B) :- all93(A,C) 0.0767690253672
[DEBUG] rsomenot93(A,B) :- all93(C,A) 0.0
[DEBUG] rsomenot93(A,B) :- some93(C,A) 0.0
[DEBUG] rsomenot93(A,B) :- no93(B,C) 0.0
[DEBUG] rsomenot93(A,B) :- somenot93(C,A) 0.0
[DEBUG] ==================================
[LVL9] rsomenot93(A,B) :- somenot93(C,B), all93(A,C) 0.358255451713 (2.0, 1.0, 98.0, 7.0) 0.53738317757 [ACCEPT]
[LVL9] BETTER RULE rsomenot93(A,B) :- somenot93(C,B), all93(A,C) (0.3582554517133956, 2.0) > (0.3383177570093458, 6.0)
[LVL9] rsomenot93(A,B) :- somenot93(C,B), all93(C,A) 0.358255451713 (2.0, 1.0, 98.0, 7.0) 0.53738317757 [ACCEPT]
[LVL9] rsomenot93(A,B) :- somenot93(C,B), all93(A,D) 0.358255451713 (2.0, 1.0, 98.0, 7.0) 0.53738317757 [ACCEPT]
[LVL9] rsomenot93(A,B) :- somenot93(C,B), all93(C,D) 0.358255451713 (2.0, 1.0, 98.0, 7.0) 0.53738317757 [ACCEPT]
[LVL9] rsomenot93(A,B) :- somenot93(C,B), all93(D,A) 0.358255451713 (2.0, 1.0, 98.0, 7.0) 0.53738317757 [ACCEPT]
[LVL9] rsomenot93(A,B) :- somenot93(C,B), all93(D,C) 0.358255451713 (2.0, 1.0, 98.0, 7.0) 0.53738317757 [ACCEPT]
[LVL9] rsomenot93(A,B) :- somenot93(C,B), some93(A,C) 0.358255451713 (2.0, 1.0, 98.0, 7.0) 0.53738317757 [ACCEPT]
[LVL9] rsomenot93(A,B) :- somenot93(C,B), some93(A,D) 0.358255451713 (2.0, 1.0, 98.0, 7.0) 0.53738317757 [ACCEPT]
[LVL9] rsomenot93(A,B) :- somenot93(C,B), some93(D,C) 0.358255451713 (2.0, 1.0, 98.0, 7.0) 0.53738317757 [ACCEPT]
[LVL9] rsomenot93(A,B) :- somenot93(C,B), somenot93(A,C) 0.358255451713 (2.0, 1.0, 98.0, 7.0) 0.53738317757 [ACCEPT]
[LVL9] rsomenot93(A,B) :- somenot93(C,B), somenot93(C,A) 0.358255451713 (2.0, 1.0, 98.0, 7.0) 0.53738317757 [ACCEPT]
[LVL9] rsomenot93(A,B) :- somenot93(C,B), somenot93(A,D) 0.358255451713 (2.0, 1.0, 98.0, 7.0) 0.53738317757 [ACCEPT]
[LVL9] rsomenot93(A,B) :- somenot93(C,B), somenot93(D,A) 0.358255451713 (2.0, 1.0, 98.0, 7.0) 0.53738317757 [ACCEPT]
[LVL9] rsomenot93(A,B) :- somenot93(C,B), somenot93(D,C) 0.358255451713 (2.0, 1.0, 98.0, 7.0) 0.53738317757 [ACCEPT]
[LVL9] rsomenot93(A,B) :- somenot93(C,B), \+all93(A,C) 0.31344356578 (5.0, 8.0, 91.0, 4.0) 0.814953271028 [ACCEPT]
[LVL9] rsomenot93(A,B) :- somenot93(C,B), \+all93(C,A) 0.31344356578 (5.0, 8.0, 91.0, 4.0) 0.814953271028 [ACCEPT]
[LVL9] rsomenot93(A,B) :- somenot93(C,B), \+some93(A,C) 0.31344356578 (5.0, 8.0, 91.0, 4.0) 0.814953271028 [ACCEPT]
[LVL9] rsomenot93(A,B) :- somenot93(C,B), \+some93(C,A) 0.390366642703 (6.0, 7.0, 92.0, 3.0) 0.845794392523 [ACCEPT]
[LVL9] BETTER RULE rsomenot93(A,B) :- somenot93(C,B), \+some93(C,A) (0.3903666427030913, 6.0) > (0.3582554517133956, 2.0)
[LVL9] rsomenot93(A,B) :- somenot93(C,B), \+no93(C,A) 0.390366642703 (6.0, 7.0, 92.0, 3.0) 0.845794392523 [ACCEPT]
[LVL9] rsomenot93(A,B) :- somenot93(C,B), \+somenot93(A,C) 0.31344356578 (5.0, 8.0, 91.0, 4.0) 0.814953271028 [ACCEPT]
[LVL9] rsomenot93(A,B) :- somenot93(C,B), \+somenot93(C,A) 0.31344356578 (5.0, 8.0, 91.0, 4.0) 0.814953271028 [ACCEPT]
[LVL9] rsomenot93(A,B) :- some93(A,C), some93(C,B) 0.358255451713 (2.0, 1.0, 98.0, 7.0) 0.53738317757 [ACCEPT]
[LVL9] rsomenot93(A,B) :- some93(A,C), some93(C,D) 0.358255451713 (2.0, 1.0, 98.0, 7.0) 0.53738317757 [ACCEPT]
[LVL9] rsomenot93(A,B) :- some93(A,C), some93(D,B) 0.358255451713 (2.0, 1.0, 98.0, 7.0) 0.53738317757 [ACCEPT]
[LVL9] rsomenot93(A,B) :- some93(A,C), somenot93(C,D) 0.358255451713 (2.0, 1.0, 98.0, 7.0) 0.53738317757 [ACCEPT]
[LVL9] rsomenot93(A,B) :- some93(A,C), somenot93(D,B) 0.358255451713 (2.0, 1.0, 98.0, 7.0) 0.53738317757 [ACCEPT]
[LVL9] rsomenot93(A,B) :- some93(A,C), \+all93(C,B) 0.188615123195 (3.0, 8.0, 91.0, 6.0) 0.691588785047 [ACCEPT]
[LVL9] rsomenot93(A,B) :- some93(A,C), \+all93(B,C) 0.188615123195 (3.0, 8.0, 91.0, 6.0) 0.691588785047 [ACCEPT]
[LVL9] rsomenot93(A,B) :- some93(A,C), \+some93(C,B) 0.107476635514 (2.0, 8.0, 91.0, 7.0) 0.53738317757 [ACCEPT]
[LVL9] rsomenot93(A,B) :- some93(A,C), \+no93(C,B) 0.188615123195 (3.0, 8.0, 91.0, 6.0) 0.691588785047 [ACCEPT]
[LVL9] rsomenot93(A,B) :- some93(A,C), \+no93(B,C) 0.207476635514 (3.0, 7.0, 92.0, 6.0) 0.691588785047 [ACCEPT]
[LVL9] rsomenot93(A,B) :- some93(A,C), \+somenot93(C,B) 0.107476635514 (2.0, 8.0, 91.0, 7.0) 0.53738317757 [ACCEPT]
[LVL9] rsomenot93(A,B) :- some93(A,C), \+somenot93(B,C) 0.207476635514 (3.0, 7.0, 92.0, 6.0) 0.691588785047 [ACCEPT]
[LVL9] rsomenot93(A,B) :- some93(C,B), some93(A,D) 0.358255451713 (2.0, 1.0, 98.0, 7.0) 0.53738317757 [ACCEPT]
[LVL9] rsomenot93(A,B) :- some93(C,B), some93(D,C) 0.358255451713 (2.0, 1.0, 98.0, 7.0) 0.53738317757 [ACCEPT]
[LVL9] rsomenot93(A,B) :- some93(C,B), somenot93(A,C) 0.358255451713 (2.0, 1.0, 98.0, 7.0) 0.53738317757 [ACCEPT]
[LVL9] rsomenot93(A,B) :- some93(C,B), somenot93(A,D) 0.358255451713 (2.0, 1.0, 98.0, 7.0) 0.53738317757 [ACCEPT]
[LVL9] rsomenot93(A,B) :- some93(C,B), somenot93(D,C) 0.358255451713 (2.0, 1.0, 98.0, 7.0) 0.53738317757 [ACCEPT]
[LVL9] rsomenot93(A,B) :- some93(C,B), \+all93(A,C) 0.159597411934 (3.0, 10.0, 89.0, 6.0) 0.691588785047 [ACCEPT]
[LVL9] rsomenot93(A,B) :- some93(C,B), \+all93(C,A) 0.148197596796 (3.0, 11.0, 88.0, 6.0) 0.691588785047 [ACCEPT]
[LVL9] rsomenot93(A,B) :- some93(C,B), \+some93(A,C) 0.0826743350108 (2.0, 11.0, 88.0, 7.0) 0.53738317757 [ACCEPT]
[LVL9] rsomenot93(A,B) :- some93(C,B), \+some93(C,A) 0.159597411934 (3.0, 10.0, 89.0, 6.0) 0.691588785047 [ACCEPT]
[LVL9] rsomenot93(A,B) :- some93(C,B), \+no93(A,C) 0.159597411934 (3.0, 10.0, 89.0, 6.0) 0.691588785047 [ACCEPT]
[LVL9] rsomenot93(A,B) :- some93(C,B), \+no93(C,A) 0.148197596796 (3.0, 11.0, 88.0, 6.0) 0.691588785047 [ACCEPT]
[LVL9] rsomenot93(A,B) :- some93(C,B), \+somenot93(A,C) 0.0826743350108 (2.0, 11.0, 88.0, 7.0) 0.53738317757 [ACCEPT]
[LVL9] rsomenot93(A,B) :- some93(C,B), \+somenot93(C,A) 0.159597411934 (3.0, 10.0, 89.0, 6.0) 0.691588785047 [ACCEPT]
[LVL9] rsomenot93(A,B) :- somenot93(A,C), some93(C,D) 0.358255451713 (2.0, 1.0, 98.0, 7.0) 0.53738317757 [ACCEPT]
[LVL9] rsomenot93(A,B) :- somenot93(A,C), some93(D,B) 0.358255451713 (2.0, 1.0, 98.0, 7.0) 0.53738317757 [ACCEPT]
[LVL9] rsomenot93(A,B) :- somenot93(A,C), somenot93(C,D) 0.358255451713 (2.0, 1.0, 98.0, 7.0) 0.53738317757 [ACCEPT]
[LVL9] rsomenot93(A,B) :- somenot93(A,C), somenot93(D,B) 0.358255451713 (2.0, 1.0, 98.0, 7.0) 0.53738317757 [ACCEPT]
[LVL9] rsomenot93(A,B) :- somenot93(A,C), \+all93(C,B) 0.148197596796 (3.0, 11.0, 88.0, 6.0) 0.691588785047 [ACCEPT]
[LVL9] rsomenot93(A,B) :- somenot93(A,C), \+all93(B,C) 0.148197596796 (3.0, 11.0, 88.0, 6.0) 0.691588785047 [ACCEPT]
[LVL9] rsomenot93(A,B) :- somenot93(A,C), \+some93(C,B) 0.0767690253672 (2.0, 12.0, 87.0, 7.0) 0.53738317757 [ACCEPT]
[LVL9] rsomenot93(A,B) :- somenot93(A,C), \+some93(B,C) 0.148197596796 (3.0, 11.0, 88.0, 6.0) 0.691588785047 [ACCEPT]
[LVL9] rsomenot93(A,B) :- somenot93(A,C), \+no93(C,B) 0.138317757009 (3.0, 12.0, 87.0, 6.0) 0.691588785047 [ACCEPT]
[LVL9] rsomenot93(A,B) :- somenot93(A,C), \+no93(B,C) 0.148197596796 (3.0, 11.0, 88.0, 6.0) 0.691588785047 [ACCEPT]
[LVL9] rsomenot93(A,B) :- somenot93(A,C), \+somenot93(C,B) 0.0767690253672 (2.0, 12.0, 87.0, 7.0) 0.53738317757 [ACCEPT]
[LVL9] rsomenot93(A,B) :- somenot93(A,C), \+somenot93(B,C) 0.148197596796 (3.0, 11.0, 88.0, 6.0) 0.691588785047 [ACCEPT]
[LVL9] rsomenot93(A,B) :- all93(A,C), somenot93(C,D) 0.358255451713 (2.0, 1.0, 98.0, 7.0) 0.53738317757 [ACCEPT]
[LVL9] rsomenot93(A,B) :- all93(A,C), somenot93(D,B) 0.358255451713 (2.0, 1.0, 98.0, 7.0) 0.53738317757 [ACCEPT]
[LVL9] rsomenot93(A,B) :- all93(A,C), \+all93(C,B) 0.0895638629283 (2.0, 10.0, 89.0, 7.0) 0.53738317757 [ACCEPT]
[LVL9] rsomenot93(A,B) :- all93(A,C), \+all93(B,C) 0.0895638629283 (2.0, 10.0, 89.0, 7.0) 0.53738317757 [ACCEPT]
[LVL9] rsomenot93(A,B) :- all93(A,C), \+some93(C,B) 0.0895638629283 (2.0, 10.0, 89.0, 7.0) 0.53738317757 [ACCEPT]
[LVL9] rsomenot93(A,B) :- all93(A,C), \+some93(B,C) 0.0826743350108 (2.0, 11.0, 88.0, 7.0) 0.53738317757 [ACCEPT]
[LVL9] rsomenot93(A,B) :- all93(A,C), \+no93(B,C) 0.0895638629283 (2.0, 10.0, 89.0, 7.0) 0.53738317757 [ACCEPT]
[LVL9] rsomenot93(A,B) :- all93(A,C), \+somenot93(B,C) 0.0895638629283 (2.0, 10.0, 89.0, 7.0) 0.53738317757 [ACCEPT]
[LVL9] rsomenot93(A,B) :- all93(C,A), somenot93(C,D) 0.358255451713 (2.0, 1.0, 98.0, 7.0) 0.53738317757 [ACCEPT]
[LVL9] rsomenot93(A,B) :- all93(C,A), somenot93(D,B) 0.358255451713 (2.0, 1.0, 98.0, 7.0) 0.53738317757 [ACCEPT]
[LVL9] rsomenot93(A,B) :- all93(C,A), \+all93(C,B) 0.0826743350108 (2.0, 11.0, 88.0, 7.0) 0.53738317757 [ACCEPT]
[LVL9] rsomenot93(A,B) :- all93(C,A), \+all93(B,C) 0.0826743350108 (2.0, 11.0, 88.0, 7.0) 0.53738317757 [ACCEPT]
[LVL9] rsomenot93(A,B) :- all93(C,A), \+some93(C,B) 0.0767690253672 (2.0, 12.0, 87.0, 7.0) 0.53738317757 [ACCEPT]
[LVL9] rsomenot93(A,B) :- all93(C,A), \+some93(B,C) 0.0767690253672 (2.0, 12.0, 87.0, 7.0) 0.53738317757 [ACCEPT]
[LVL9] rsomenot93(A,B) :- all93(C,A), \+no93(C,B) 0.0826743350108 (2.0, 11.0, 88.0, 7.0) 0.53738317757 [ACCEPT]
[LVL9] rsomenot93(A,B) :- all93(C,A), \+no93(B,C) 0.0826743350108 (2.0, 11.0, 88.0, 7.0) 0.53738317757 [ACCEPT]
[LVL9] rsomenot93(A,B) :- all93(C,A), \+somenot93(B,C) 0.0826743350108 (2.0, 11.0, 88.0, 7.0) 0.53738317757 [ACCEPT]
[LVL9] rsomenot93(A,B) :- some93(C,A), no93(B,C) 0.358255451713 (2.0, 1.0, 98.0, 7.0) 0.53738317757 [ACCEPT]
[LVL9] rsomenot93(A,B) :- some93(C,A), no93(B,D) 0.358255451713 (2.0, 1.0, 98.0, 7.0) 0.53738317757 [ACCEPT]
[LVL9] rsomenot93(A,B) :- some93(C,A), no93(D,C) 0.358255451713 (2.0, 1.0, 98.0, 7.0) 0.53738317757 [ACCEPT]
[LVL9] rsomenot93(A,B) :- some93(C,A), \+all93(C,B) 0.0767690253672 (2.0, 12.0, 87.0, 7.0) 0.53738317757 [ACCEPT]
[LVL9] rsomenot93(A,B) :- some93(C,A), \+all93(B,C) 0.0826743350108 (2.0, 11.0, 88.0, 7.0) 0.53738317757 [ACCEPT]
[LVL9] rsomenot93(A,B) :- some93(C,A), \+some93(C,B) 0.0826743350108 (2.0, 11.0, 88.0, 7.0) 0.53738317757 [ACCEPT]
[LVL9] rsomenot93(A,B) :- some93(C,A), \+some93(B,C) 0.0826743350108 (2.0, 11.0, 88.0, 7.0) 0.53738317757 [ACCEPT]
[LVL9] rsomenot93(A,B) :- some93(C,A), \+no93(C,B) 0.0767690253672 (2.0, 12.0, 87.0, 7.0) 0.53738317757 [ACCEPT]
[LVL9] rsomenot93(A,B) :- some93(C,A), \+somenot93(C,B) 0.0826743350108 (2.0, 11.0, 88.0, 7.0) 0.53738317757 [ACCEPT]
[LVL9] rsomenot93(A,B) :- some93(C,A), \+somenot93(B,C) 0.0826743350108 (2.0, 11.0, 88.0, 7.0) 0.53738317757 [ACCEPT]
[LVL9] rsomenot93(A,B) :- no93(B,C), some93(C,D) 0.358255451713 (2.0, 1.0, 98.0, 7.0) 0.53738317757 [ACCEPT]
[LVL9] rsomenot93(A,B) :- no93(B,C), some93(D,A) 0.358255451713 (2.0, 1.0, 98.0, 7.0) 0.53738317757 [ACCEPT]
[LVL9] rsomenot93(A,B) :- no93(B,C), \+all93(A,C) 0.0767690253672 (2.0, 12.0, 87.0, 7.0) 0.53738317757 [ACCEPT]
[LVL9] rsomenot93(A,B) :- no93(B,C), \+all93(C,A) 0.0767690253672 (2.0, 12.0, 87.0, 7.0) 0.53738317757 [ACCEPT]
[LVL9] rsomenot93(A,B) :- no93(B,C), \+some93(A,C) 0.0767690253672 (2.0, 12.0, 87.0, 7.0) 0.53738317757 [ACCEPT]
[LVL9] rsomenot93(A,B) :- no93(B,C), \+no93(A,C) 0.0767690253672 (2.0, 12.0, 87.0, 7.0) 0.53738317757 [ACCEPT]
[LVL9] rsomenot93(A,B) :- no93(B,C), \+no93(C,A) 0.0767690253672 (2.0, 12.0, 87.0, 7.0) 0.53738317757 [ACCEPT]
[LVL9] rsomenot93(A,B) :- no93(B,C), \+somenot93(A,C) 0.0767690253672 (2.0, 12.0, 87.0, 7.0) 0.53738317757 [ACCEPT]
[LVL9] rsomenot93(A,B) :- no93(B,C), \+somenot93(C,A) 0.0 (2.0, 13.0, 86.0, 7.0) 0.53738317757 [ACCEPT]
[LVL9] rsomenot93(A,B) :- somenot93(C,A), somenot93(D,B) 0.358255451713 (2.0, 1.0, 98.0, 7.0) 0.53738317757 [ACCEPT]
[LVL9] rsomenot93(A,B) :- somenot93(C,A), \+all93(C,B) 0.0767690253672 (2.0, 12.0, 87.0, 7.0) 0.53738317757 [ACCEPT]
[LVL9] rsomenot93(A,B) :- somenot93(C,A), \+all93(B,C) 0.0767690253672 (2.0, 12.0, 87.0, 7.0) 0.53738317757 [ACCEPT]
[LVL9] rsomenot93(A,B) :- somenot93(C,A), \+some93(C,B) 0.0767690253672 (2.0, 12.0, 87.0, 7.0) 0.53738317757 [ACCEPT]
[LVL9] rsomenot93(A,B) :- somenot93(C,A), \+some93(B,C) 0.0767690253672 (2.0, 12.0, 87.0, 7.0) 0.53738317757 [ACCEPT]
[LVL9] rsomenot93(A,B) :- somenot93(C,A), \+no93(C,B) 0.0767690253672 (2.0, 12.0, 87.0, 7.0) 0.53738317757 [ACCEPT]
[LVL9] rsomenot93(A,B) :- somenot93(C,A), \+somenot93(B,C) 0.0767690253672 (2.0, 12.0, 87.0, 7.0) 0.53738317757 [ACCEPT]
[DEBUG] Best rule so far: rsomenot93(A,B) :- somenot93(C,B), \+some93(C,A) [0.390366642703]
[DEBUG] Candidates for iteration 3:
[DEBUG] ==================================
[DEBUG] rsomenot93(A,B) :- somenot93(C,B), \+some93(C,A) 0.390366642703
[DEBUG] rsomenot93(A,B) :- somenot93(C,B), \+no93(C,A) 0.390366642703
[DEBUG] rsomenot93(A,B) :- somenot93(C,B), all93(A,C) 0.358255451713
[DEBUG] rsomenot93(A,B) :- somenot93(C,B), all93(C,A) 0.358255451713
[DEBUG] rsomenot93(A,B) :- somenot93(C,B), all93(A,D) 0.358255451713
[DEBUG] rsomenot93(A,B) :- somenot93(C,B), all93(C,D) 0.358255451713
[DEBUG] rsomenot93(A,B) :- somenot93(C,B), all93(D,A) 0.358255451713
[DEBUG] rsomenot93(A,B) :- somenot93(C,B), all93(D,C) 0.358255451713
[DEBUG] rsomenot93(A,B) :- somenot93(C,B), some93(A,C) 0.358255451713
[DEBUG] rsomenot93(A,B) :- somenot93(C,B), some93(A,D) 0.358255451713
[DEBUG] rsomenot93(A,B) :- somenot93(C,B), some93(D,C) 0.358255451713
[DEBUG] rsomenot93(A,B) :- somenot93(C,B), somenot93(A,C) 0.358255451713
[DEBUG] rsomenot93(A,B) :- somenot93(C,B), somenot93(C,A) 0.358255451713
[DEBUG] rsomenot93(A,B) :- somenot93(C,B), somenot93(A,D) 0.358255451713
[DEBUG] rsomenot93(A,B) :- somenot93(C,B), somenot93(D,A) 0.358255451713
[DEBUG] rsomenot93(A,B) :- somenot93(C,B), somenot93(D,C) 0.358255451713
[DEBUG] rsomenot93(A,B) :- some93(A,C), some93(C,B) 0.358255451713
[DEBUG] rsomenot93(A,B) :- some93(A,C), some93(C,D) 0.358255451713
[DEBUG] rsomenot93(A,B) :- some93(A,C), some93(D,B) 0.358255451713
[DEBUG] rsomenot93(A,B) :- some93(A,C), somenot93(C,D) 0.358255451713
[DEBUG] rsomenot93(A,B) :- some93(A,C), somenot93(D,B) 0.358255451713
[DEBUG] rsomenot93(A,B) :- some93(C,B), some93(A,D) 0.358255451713
[DEBUG] rsomenot93(A,B) :- some93(C,B), some93(D,C) 0.358255451713
[DEBUG] rsomenot93(A,B) :- some93(C,B), somenot93(A,C) 0.358255451713
[DEBUG] rsomenot93(A,B) :- some93(C,B), somenot93(A,D) 0.358255451713
[DEBUG] rsomenot93(A,B) :- some93(C,B), somenot93(D,C) 0.358255451713
[DEBUG] rsomenot93(A,B) :- somenot93(A,C), some93(C,D) 0.358255451713
[DEBUG] rsomenot93(A,B) :- somenot93(A,C), some93(D,B) 0.358255451713
[DEBUG] rsomenot93(A,B) :- somenot93(A,C), somenot93(C,D) 0.358255451713
[DEBUG] rsomenot93(A,B) :- somenot93(A,C), somenot93(D,B) 0.358255451713
[DEBUG] rsomenot93(A,B) :- all93(A,C), somenot93(C,D) 0.358255451713
[DEBUG] rsomenot93(A,B) :- all93(A,C), somenot93(D,B) 0.358255451713
[DEBUG] rsomenot93(A,B) :- all93(C,A), somenot93(C,D) 0.358255451713
[DEBUG] rsomenot93(A,B) :- all93(C,A), somenot93(D,B) 0.358255451713
[DEBUG] rsomenot93(A,B) :- some93(C,A), no93(B,C) 0.358255451713
[DEBUG] rsomenot93(A,B) :- some93(C,A), no93(B,D) 0.358255451713
[DEBUG] rsomenot93(A,B) :- some93(C,A), no93(D,C) 0.358255451713
[DEBUG] rsomenot93(A,B) :- no93(B,C), some93(C,D) 0.358255451713
[DEBUG] rsomenot93(A,B) :- no93(B,C), some93(D,A) 0.358255451713
[DEBUG] rsomenot93(A,B) :- somenot93(C,A), somenot93(D,B) 0.358255451713
[DEBUG] rsomenot93(A,B) :- somenot93(C,B), \+all93(A,C) 0.31344356578
[DEBUG] rsomenot93(A,B) :- somenot93(C,B), \+all93(C,A) 0.31344356578
[DEBUG] rsomenot93(A,B) :- somenot93(C,B), \+some93(A,C) 0.31344356578
[DEBUG] rsomenot93(A,B) :- somenot93(C,B), \+somenot93(A,C) 0.31344356578
[DEBUG] rsomenot93(A,B) :- somenot93(C,B), \+somenot93(C,A) 0.31344356578
[DEBUG] rsomenot93(A,B) :- some93(A,C), \+no93(B,C) 0.207476635514
[DEBUG] rsomenot93(A,B) :- some93(A,C), \+somenot93(B,C) 0.207476635514
[DEBUG] rsomenot93(A,B) :- some93(A,C), \+all93(C,B) 0.188615123195
[DEBUG] rsomenot93(A,B) :- some93(A,C), \+all93(B,C) 0.188615123195
[DEBUG] rsomenot93(A,B) :- some93(A,C), \+no93(C,B) 0.188615123195
[DEBUG] rsomenot93(A,B) :- some93(C,B), \+all93(A,C) 0.159597411934
[DEBUG] rsomenot93(A,B) :- some93(C,B), \+some93(C,A) 0.159597411934
[DEBUG] rsomenot93(A,B) :- some93(C,B), \+no93(A,C) 0.159597411934
[DEBUG] rsomenot93(A,B) :- some93(C,B), \+somenot93(C,A) 0.159597411934
[DEBUG] rsomenot93(A,B) :- some93(C,B), \+all93(C,A) 0.148197596796
[DEBUG] rsomenot93(A,B) :- some93(C,B), \+no93(C,A) 0.148197596796
[DEBUG] rsomenot93(A,B) :- somenot93(A,C), \+all93(C,B) 0.148197596796
[DEBUG] rsomenot93(A,B) :- somenot93(A,C), \+all93(B,C) 0.148197596796
[DEBUG] rsomenot93(A,B) :- somenot93(A,C), \+some93(B,C) 0.148197596796
[DEBUG] rsomenot93(A,B) :- somenot93(A,C), \+no93(B,C) 0.148197596796
[DEBUG] rsomenot93(A,B) :- somenot93(A,C), \+somenot93(B,C) 0.148197596796
[DEBUG] rsomenot93(A,B) :- somenot93(A,C), \+no93(C,B) 0.138317757009
[DEBUG] rsomenot93(A,B) :- some93(A,C), \+some93(C,B) 0.107476635514
[DEBUG] rsomenot93(A,B) :- some93(A,C), \+somenot93(C,B) 0.107476635514
[DEBUG] rsomenot93(A,B) :- all93(A,C), \+all93(C,B) 0.0895638629283
[DEBUG] rsomenot93(A,B) :- all93(A,C), \+all93(B,C) 0.0895638629283
[DEBUG] rsomenot93(A,B) :- all93(A,C), \+some93(C,B) 0.0895638629283
[DEBUG] rsomenot93(A,B) :- all93(A,C), \+no93(B,C) 0.0895638629283
[DEBUG] rsomenot93(A,B) :- all93(A,C), \+somenot93(B,C) 0.0895638629283
[DEBUG] rsomenot93(A,B) :- some93(C,B), \+some93(A,C) 0.0826743350108
[DEBUG] rsomenot93(A,B) :- some93(C,B), \+somenot93(A,C) 0.0826743350108
[DEBUG] rsomenot93(A,B) :- all93(A,C), \+some93(B,C) 0.0826743350108
[DEBUG] rsomenot93(A,B) :- all93(C,A), \+all93(C,B) 0.0826743350108
[DEBUG] rsomenot93(A,B) :- all93(C,A), \+all93(B,C) 0.0826743350108
[DEBUG] rsomenot93(A,B) :- all93(C,A), \+no93(C,B) 0.0826743350108
[DEBUG] rsomenot93(A,B) :- all93(C,A), \+no93(B,C) 0.0826743350108
[DEBUG] rsomenot93(A,B) :- all93(C,A), \+somenot93(B,C) 0.0826743350108
[DEBUG] rsomenot93(A,B) :- some93(C,A), \+all93(B,C) 0.0826743350108
[DEBUG] rsomenot93(A,B) :- some93(C,A), \+some93(C,B) 0.0826743350108
[DEBUG] rsomenot93(A,B) :- some93(C,A), \+some93(B,C) 0.0826743350108
[DEBUG] rsomenot93(A,B) :- some93(C,A), \+somenot93(C,B) 0.0826743350108
[DEBUG] rsomenot93(A,B) :- some93(C,A), \+somenot93(B,C) 0.0826743350108
[DEBUG] rsomenot93(A,B) :- somenot93(A,C), \+some93(C,B) 0.0767690253672
[DEBUG] rsomenot93(A,B) :- somenot93(A,C), \+somenot93(C,B) 0.0767690253672
[DEBUG] rsomenot93(A,B) :- all93(C,A), \+some93(C,B) 0.0767690253672
[DEBUG] rsomenot93(A,B) :- all93(C,A), \+some93(B,C) 0.0767690253672
[DEBUG] rsomenot93(A,B) :- some93(C,A), \+all93(C,B) 0.0767690253672
[DEBUG] rsomenot93(A,B) :- some93(C,A), \+no93(C,B) 0.0767690253672
[DEBUG] rsomenot93(A,B) :- no93(B,C), \+all93(A,C) 0.0767690253672
[DEBUG] rsomenot93(A,B) :- no93(B,C), \+all93(C,A) 0.0767690253672
[DEBUG] rsomenot93(A,B) :- no93(B,C), \+some93(A,C) 0.0767690253672
[DEBUG] rsomenot93(A,B) :- no93(B,C), \+no93(A,C) 0.0767690253672
[DEBUG] rsomenot93(A,B) :- no93(B,C), \+no93(C,A) 0.0767690253672
[DEBUG] rsomenot93(A,B) :- no93(B,C), \+somenot93(A,C) 0.0767690253672
[DEBUG] rsomenot93(A,B) :- somenot93(C,A), \+all93(C,B) 0.0767690253672
[DEBUG] rsomenot93(A,B) :- somenot93(C,A), \+all93(B,C) 0.0767690253672
[DEBUG] rsomenot93(A,B) :- somenot93(C,A), \+some93(C,B) 0.0767690253672
[DEBUG] rsomenot93(A,B) :- somenot93(C,A), \+some93(B,C) 0.0767690253672
[DEBUG] rsomenot93(A,B) :- somenot93(C,A), \+no93(C,B) 0.0767690253672
[DEBUG] rsomenot93(A,B) :- somenot93(C,A), \+somenot93(B,C) 0.0767690253672
[DEBUG] ==================================
[INFO] RULE LEARNED: rsomenot93(A,B) :- somenot93(C,B), \+some93(C,A) 0.907407407407
