[LVL9] Output level: 9
[INFO] Random seed: 0.0479307964145
[INFO] Computing scores: 0.0465s
[INFO] Number of examples (M): 61
[INFO] Positive weight (P): 32.0000
[INFO] Negative weight (N): 29.0000
[DEBUG] Best rule so far: rnvc16(A,B) :- true [0.524590163934]
[DEBUG] Candidates for iteration 1:
[DEBUG] ==================================
[DEBUG] rnvc16(A,B) :- true 0.524590163934
[DEBUG] ==================================
[LVL9] rnvc16(A,B) :- all16(A,C) 0.0 (3.0, 5.0, 24.0, 29.0) 0.881147540984 [ACCEPT]
[LVL9] rnvc16(A,B) :- all16(B,C) 0.0 (2.0, 6.0, 23.0, 30.0) 0.841530054645 [ACCEPT]
[LVL9] rnvc16(A,B) :- all16(C,A) 0.0 (2.0, 6.0, 23.0, 30.0) 0.841530054645 [ACCEPT]
[LVL9] rnvc16(A,B) :- all16(C,B) 0.0 (4.0, 4.0, 25.0, 28.0) 0.904918032787 [ACCEPT]
[LVL9] rnvc16(A,B) :- some16(A,C) 0.0 (2.0, 6.0, 23.0, 30.0) 0.841530054645 [ACCEPT]
[LVL9] rnvc16(A,B) :- some16(B,C) 0.646370023419 (4.0, 2.0, 27.0, 28.0) 0.904918032787 [ACCEPT]
[LVL9] BETTER RULE rnvc16(A,B) :- some16(B,C) (0.6463700234192037, 4.0) > (0.5245901639344263, 32.0)
[LVL9] rnvc16(A,B) :- some16(C,A) 0.0 (3.0, 3.0, 26.0, 29.0) 0.881147540984 [ACCEPT]
[LVL9] rnvc16(A,B) :- some16(C,B) 0.0 (4.0, 4.0, 25.0, 28.0) 0.904918032787 [ACCEPT]
[LVL9] rnvc16(A,B) :- no16(A,C) 0.83606557377 (7.0, 1.0, 28.0, 25.0) 0.940573770492 [ACCEPT]
[LVL9] BETTER RULE rnvc16(A,B) :- no16(A,C) (0.8360655737704917, 7.0) > (0.6463700234192037, 4.0)
[LVL9] rnvc16(A,B) :- no16(B,C) 0.613843351548 (5.0, 3.0, 26.0, 27.0) 0.920765027322 [ACCEPT]
[LVL9] rnvc16(A,B) :- no16(C,A) 0.815573770492 (6.0, 1.0, 28.0, 26.0) 0.932084309133 [ACCEPT]
[LVL9] rnvc16(A,B) :- no16(C,B) 0.613843351548 (5.0, 3.0, 26.0, 27.0) 0.920765027322 [ACCEPT]
[LVL9] rnvc16(A,B) :- somenot16(A,C) 0.0 (4.0, 4.0, 25.0, 28.0) 0.904918032787 [ACCEPT]
[LVL9] rnvc16(A,B) :- somenot16(B,C) 0.690573770492 (5.0, 2.0, 27.0, 27.0) 0.920765027322 [ACCEPT]
[LVL9] rnvc16(A,B) :- somenot16(C,A) 0.613843351548 (5.0, 3.0, 26.0, 27.0) 0.920765027322 [ACCEPT]
[LVL9] rnvc16(A,B) :- somenot16(C,B) 0.0 (3.0, 5.0, 24.0, 29.0) 0.881147540984 [ACCEPT]
[DEBUG] Best rule so far: rnvc16(A,B) :- no16(A,C) [0.83606557377]
[DEBUG] Candidates for iteration 2:
[DEBUG] ==================================
[DEBUG] rnvc16(A,B) :- no16(A,C) 0.83606557377
[DEBUG] rnvc16(A,B) :- no16(C,A) 0.815573770492
[DEBUG] rnvc16(A,B) :- somenot16(B,C) 0.690573770492
[DEBUG] rnvc16(A,B) :- some16(B,C) 0.646370023419
[DEBUG] rnvc16(A,B) :- no16(B,C) 0.613843351548
[DEBUG] rnvc16(A,B) :- no16(C,B) 0.613843351548
[DEBUG] rnvc16(A,B) :- somenot16(C,A) 0.613843351548
[DEBUG] rnvc16(A,B) :- all16(C,B) 0.0
[DEBUG] rnvc16(A,B) :- some16(C,B) 0.0
[DEBUG] rnvc16(A,B) :- somenot16(A,C) 0.0
[DEBUG] rnvc16(A,B) :- all16(A,C) 0.0
[DEBUG] rnvc16(A,B) :- some16(C,A) 0.0
[DEBUG] rnvc16(A,B) :- somenot16(C,B) 0.0
[DEBUG] rnvc16(A,B) :- all16(B,C) 0.0
[DEBUG] rnvc16(A,B) :- all16(C,A) 0.0
[DEBUG] rnvc16(A,B) :- some16(A,C) 0.0
[DEBUG] ==================================
[LVL9] rnvc16(A,B) :- no16(A,C), \+all16(B,C) 0.940573770492 (7.0, 0.0, 29.0, 25.0) 0.940573770492 [REJECT* fp] 0.0
[LVL9] BETTER RULE rnvc16(A,B) :- no16(A,C), \+all16(B,C) (0.9405737704918032, 7.0) > (0.8360655737704917, 7.0)
[INFO] RULE LEARNED: rnvc16(A,B) :- no16(A,C), \+all16(B,C) 0.590163934426
[DEBUG] Best rule so far: rnvc16(A,B) :- true [0.462962962963]
[DEBUG] Candidates for iteration 1:
[DEBUG] ==================================
[DEBUG] rnvc16(A,B) :- true 0.462962962963
[DEBUG] ==================================
[LVL9] rnvc16(A,B) :- all16(A,C) 0.0 (10.0, 5.0, 24.0, 22.0) 0.865740740741 [ACCEPT]
[LVL9] rnvc16(A,B) :- all16(B,C) 0.0 (9.0, 6.0, 23.0, 23.0) 0.820987654321 [ACCEPT]
[LVL9] rnvc16(A,B) :- all16(C,A) 0.0 (9.0, 6.0, 23.0, 23.0) 0.820987654321 [ACCEPT]
[LVL9] rnvc16(A,B) :- all16(C,B) 0.0 (10.0, 4.0, 25.0, 22.0) 0.865740740741 [ACCEPT]
[LVL9] rnvc16(A,B) :- some16(A,C) 0.0 (9.0, 6.0, 23.0, 23.0) 0.820987654321 [ACCEPT]
[LVL9] rnvc16(A,B) :- some16(B,C) 0.577160493827 (10.0, 2.0, 27.0, 22.0) 0.865740740741 [ACCEPT]
[LVL9] BETTER RULE rnvc16(A,B) :- some16(B,C) (0.5771604938271605, 10.0) > (0.46296296296296297, 32.0)
[LVL9] rnvc16(A,B) :- some16(C,A) 0.494708994709 (10.0, 3.0, 26.0, 22.0) 0.865740740741 [ACCEPT]
[LVL9] rnvc16(A,B) :- some16(C,B) 0.0 (10.0, 4.0, 25.0, 22.0) 0.865740740741 [ACCEPT]
[LVL9] rnvc16(A,B) :- no16(B,C) 0.55787037037 (11.0, 3.0, 26.0, 21.0) 0.892592592593 [ACCEPT]
[LVL9] rnvc16(A,B) :- no16(C,A) 0.80787037037 (13.0, 1.0, 28.0, 19.0) 0.92328042328 [ACCEPT]
[LVL9] BETTER RULE rnvc16(A,B) :- no16(C,A) (0.8078703703703703, 13.0) > (0.5771604938271605, 10.0)
[LVL9] rnvc16(A,B) :- no16(C,B) 0.55787037037 (11.0, 3.0, 26.0, 21.0) 0.892592592593 [ACCEPT]
[LVL9] rnvc16(A,B) :- somenot16(A,C) 0.495884773663 (11.0, 4.0, 25.0, 21.0) 0.892592592593 [ACCEPT]
[LVL9] rnvc16(A,B) :- somenot16(B,C) 0.637566137566 (11.0, 2.0, 27.0, 21.0) 0.892592592593 [ACCEPT]
[LVL9] rnvc16(A,B) :- somenot16(C,A) 0.606995884774 (12.0, 3.0, 26.0, 20.0) 0.91049382716 [ACCEPT]
[LVL9] rnvc16(A,B) :- somenot16(C,B) 0.0 (9.0, 5.0, 24.0, 23.0) 0.820987654321 [ACCEPT]
[DEBUG] Best rule so far: rnvc16(A,B) :- no16(C,A) [0.80787037037]
[DEBUG] Candidates for iteration 2:
[DEBUG] ==================================
[DEBUG] rnvc16(A,B) :- no16(C,A) 0.80787037037
[DEBUG] rnvc16(A,B) :- somenot16(B,C) 0.637566137566
[DEBUG] rnvc16(A,B) :- somenot16(C,A) 0.606995884774
[DEBUG] rnvc16(A,B) :- some16(B,C) 0.577160493827
[DEBUG] rnvc16(A,B) :- no16(B,C) 0.55787037037
[DEBUG] rnvc16(A,B) :- no16(C,B) 0.55787037037
[DEBUG] rnvc16(A,B) :- somenot16(A,C) 0.495884773663
[DEBUG] rnvc16(A,B) :- some16(C,A) 0.494708994709
[DEBUG] rnvc16(A,B) :- all16(A,C) 0.0
[DEBUG] rnvc16(A,B) :- all16(C,B) 0.0
[DEBUG] rnvc16(A,B) :- some16(C,B) 0.0
[DEBUG] rnvc16(A,B) :- all16(B,C) 0.0
[DEBUG] rnvc16(A,B) :- all16(C,A) 0.0
[DEBUG] rnvc16(A,B) :- some16(A,C) 0.0
[DEBUG] rnvc16(A,B) :- somenot16(C,B) 0.0
[DEBUG] ==================================
[LVL9] rnvc16(A,B) :- no16(C,A), \+all16(B,C) 0.92328042328 (13.0, 0.0, 29.0, 19.0) 0.92328042328 [REJECT* fp] 7.0
[LVL9] BETTER RULE rnvc16(A,B) :- no16(C,A), \+all16(B,C) (0.9232804232804233, 13.0) > (0.8078703703703703, 13.0)
[INFO] RULE LEARNED: rnvc16(A,B) :- no16(C,A), \+all16(B,C) 0.688524590164
[DEBUG] Best rule so far: rnvc16(A,B) :- true [0.395833333333]
[DEBUG] Candidates for iteration 1:
[DEBUG] ==================================
[DEBUG] rnvc16(A,B) :- true 0.395833333333
[DEBUG] ==================================
[LVL9] rnvc16(A,B) :- all16(A,C) 0.0 (16.0, 5.0, 24.0, 16.0) 0.848958333333 [ACCEPT]
[LVL9] rnvc16(A,B) :- all16(B,C) 0.0 (15.0, 6.0, 23.0, 17.0) 0.798611111111 [ACCEPT]
[LVL9] rnvc16(A,B) :- all16(C,A) 0.0 (15.0, 6.0, 23.0, 17.0) 0.798611111111 [ACCEPT]
[LVL9] rnvc16(A,B) :- all16(C,B) 0.0 (15.0, 4.0, 25.0, 17.0) 0.798611111111 [ACCEPT]
[LVL9] rnvc16(A,B) :- some16(A,C) 0.0 (15.0, 6.0, 23.0, 17.0) 0.798611111111 [ACCEPT]
[LVL9] rnvc16(A,B) :- some16(B,C) 0.565972222222 (16.0, 2.0, 27.0, 16.0) 0.848958333333 [ACCEPT]
[LVL9] BETTER RULE rnvc16(A,B) :- some16(B,C) (0.5659722222222222, 16.0) > (0.3958333333333333, 32.0)
[LVL9] rnvc16(A,B) :- some16(C,A) 0.485119047619 (16.0, 3.0, 26.0, 16.0) 0.848958333333 [ACCEPT]
[LVL9] rnvc16(A,B) :- some16(C,B) 0.0 (15.0, 4.0, 25.0, 17.0) 0.798611111111 [ACCEPT]
[LVL9] rnvc16(A,B) :- no16(B,C) 0.485119047619 (16.0, 3.0, 26.0, 16.0) 0.848958333333 [ACCEPT]
[LVL9] rnvc16(A,B) :- no16(C,B) 0.485119047619 (16.0, 3.0, 26.0, 16.0) 0.848958333333 [ACCEPT]
[LVL9] rnvc16(A,B) :- somenot16(A,C) 0.488425925926 (17.0, 4.0, 25.0, 15.0) 0.879166666667 [ACCEPT]
[LVL9] rnvc16(A,B) :- somenot16(B,C) 0.565972222222 (16.0, 2.0, 27.0, 16.0) 0.848958333333 [ACCEPT]
[LVL9] rnvc16(A,B) :- somenot16(C,A) 0.599537037037 (18.0, 3.0, 26.0, 14.0) 0.899305555556 [ACCEPT]
[LVL9] BETTER RULE rnvc16(A,B) :- somenot16(C,A) (0.599537037037037, 18.0) > (0.5659722222222222, 16.0)
[LVL9] rnvc16(A,B) :- somenot16(C,B) 0.0 (14.0, 5.0, 24.0, 18.0) 0.697916666667 [ACCEPT]
[DEBUG] Best rule so far: rnvc16(A,B) :- somenot16(C,A) [0.599537037037]
[DEBUG] Candidates for iteration 2:
[DEBUG] ==================================
[DEBUG] rnvc16(A,B) :- somenot16(C,A) 0.599537037037
[DEBUG] rnvc16(A,B) :- some16(B,C) 0.565972222222
[DEBUG] rnvc16(A,B) :- somenot16(B,C) 0.565972222222
[DEBUG] rnvc16(A,B) :- somenot16(A,C) 0.488425925926
[DEBUG] rnvc16(A,B) :- some16(C,A) 0.485119047619
[DEBUG] rnvc16(A,B) :- no16(B,C) 0.485119047619
[DEBUG] rnvc16(A,B) :- no16(C,B) 0.485119047619
[DEBUG] rnvc16(A,B) :- all16(A,C) 0.0
[DEBUG] rnvc16(A,B) :- all16(B,C) 0.0
[DEBUG] rnvc16(A,B) :- all16(C,A) 0.0
[DEBUG] rnvc16(A,B) :- all16(C,B) 0.0
[DEBUG] rnvc16(A,B) :- some16(A,C) 0.0
[DEBUG] rnvc16(A,B) :- some16(C,B) 0.0
[DEBUG] rnvc16(A,B) :- somenot16(C,B) 0.0
[DEBUG] ==================================
[LVL9] rnvc16(A,B) :- somenot16(C,A), some16(C,B) 0.697916666667 (14.0, 0.0, 29.0, 18.0) 0.697916666667 [REJECT* fp] 13.0
[LVL9] BETTER RULE rnvc16(A,B) :- somenot16(C,A), some16(C,B) (0.6979166666666666, 14.0) > (0.599537037037037, 18.0)
[LVL9] rnvc16(A,B) :- somenot16(C,A), \+all16(C,B) 0.674479166667 (18.0, 2.0, 27.0, 14.0) 0.899305555556 [ACCEPT]
[LVL9] rnvc16(A,B) :- somenot16(C,A), \+all16(B,C) 0.674479166667 (18.0, 2.0, 27.0, 14.0) 0.899305555556 [ACCEPT]
[LVL9] rnvc16(A,B) :- somenot16(C,A), \+somenot16(B,C) 0.674479166667 (18.0, 2.0, 27.0, 14.0) 0.899305555556 [ACCEPT]
[LVL9] rnvc16(A,B) :- some16(B,C), \+all16(C,A) 0.679166666667 (16.0, 1.0, 28.0, 16.0) 0.848958333333 [ACCEPT]
[LVL9] rnvc16(A,B) :- some16(B,C), \+some16(A,C) 0.679166666667 (16.0, 1.0, 28.0, 16.0) 0.848958333333 [ACCEPT]
[LVL9] rnvc16(A,B) :- somenot16(B,C), \+all16(C,A) 0.679166666667 (16.0, 1.0, 28.0, 16.0) 0.848958333333 [ACCEPT]
[LVL9] rnvc16(A,B) :- somenot16(B,C), \+somenot16(C,A) 0.679166666667 (16.0, 1.0, 28.0, 16.0) 0.848958333333 [ACCEPT]
[LVL9] rnvc16(A,B) :- somenot16(A,C), \+all16(B,C) 0.549479166667 (17.0, 3.0, 26.0, 15.0) 0.879166666667 [ACCEPT]
[LVL9] rnvc16(A,B) :- somenot16(A,C), \+some16(C,B) 0.549479166667 (17.0, 3.0, 26.0, 15.0) 0.879166666667 [ACCEPT]
[LVL9] rnvc16(A,B) :- somenot16(A,C), \+no16(C,B) 0.549479166667 (17.0, 3.0, 26.0, 15.0) 0.879166666667 [ACCEPT]
[LVL9] rnvc16(A,B) :- somenot16(A,C), \+somenot16(C,B) 0.549479166667 (17.0, 3.0, 26.0, 15.0) 0.879166666667 [ACCEPT]
[LVL9] rnvc16(A,B) :- some16(C,A), \+all16(C,B) 0.565972222222 (16.0, 2.0, 27.0, 16.0) 0.848958333333 [ACCEPT]
[LVL9] rnvc16(A,B) :- some16(C,A), \+all16(B,C) 0.565972222222 (16.0, 2.0, 27.0, 16.0) 0.848958333333 [ACCEPT]
[LVL9] rnvc16(A,B) :- some16(C,A), \+somenot16(C,B) 0.565972222222 (16.0, 2.0, 27.0, 16.0) 0.848958333333 [ACCEPT]
[LVL9] rnvc16(A,B) :- no16(B,C), \+all16(A,C) 0.565972222222 (16.0, 2.0, 27.0, 16.0) 0.848958333333 [ACCEPT]
[LVL9] rnvc16(A,B) :- no16(B,C), \+all16(C,A) 0.565972222222 (16.0, 2.0, 27.0, 16.0) 0.848958333333 [ACCEPT]
[LVL9] rnvc16(A,B) :- no16(B,C), \+some16(A,C) 0.565972222222 (16.0, 2.0, 27.0, 16.0) 0.848958333333 [ACCEPT]
[LVL9] rnvc16(A,B) :- no16(C,B), \+all16(A,C) 0.565972222222 (16.0, 2.0, 27.0, 16.0) 0.848958333333 [ACCEPT]
[LVL9] rnvc16(A,B) :- no16(C,B), \+some16(A,C) 0.565972222222 (16.0, 2.0, 27.0, 16.0) 0.848958333333 [ACCEPT]
[LVL9] rnvc16(A,B) :- no16(C,B), \+somenot16(A,C) 0.565972222222 (16.0, 2.0, 27.0, 16.0) 0.848958333333 [ACCEPT]
[LVL9] rnvc16(A,B) :- all16(A,C), \+all16(C,B) 0.424479166667 (16.0, 4.0, 25.0, 16.0) 0.848958333333 [ACCEPT]
[LVL9] rnvc16(A,B) :- all16(A,C), \+some16(C,B) 0.424479166667 (16.0, 4.0, 25.0, 16.0) 0.848958333333 [ACCEPT]
[LVL9] rnvc16(A,B) :- all16(A,C), \+no16(C,B) 0.424479166667 (16.0, 4.0, 25.0, 16.0) 0.848958333333 [ACCEPT]
[LVL9] rnvc16(A,B) :- all16(A,C), \+no16(B,C) 0.424479166667 (16.0, 4.0, 25.0, 16.0) 0.848958333333 [ACCEPT]
[LVL9] rnvc16(A,B) :- all16(A,C), \+somenot16(C,B) 0.424479166667 (16.0, 4.0, 25.0, 16.0) 0.848958333333 [ACCEPT]
[LVL9] rnvc16(A,B) :- all16(B,C), \+all16(C,A) 0.0 (15.0, 5.0, 24.0, 17.0) 0.798611111111 [ACCEPT]
[LVL9] rnvc16(A,B) :- all16(B,C), \+some16(C,A) 0.0 (15.0, 5.0, 24.0, 17.0) 0.798611111111 [ACCEPT]
[LVL9] rnvc16(A,B) :- all16(B,C), \+no16(A,C) 0.0 (15.0, 5.0, 24.0, 17.0) 0.798611111111 [ACCEPT]
[LVL9] rnvc16(A,B) :- all16(B,C), \+no16(C,A) 0.0 (15.0, 5.0, 24.0, 17.0) 0.798611111111 [ACCEPT]
[LVL9] rnvc16(A,B) :- all16(B,C), \+somenot16(A,C) 0.0 (15.0, 5.0, 24.0, 17.0) 0.798611111111 [ACCEPT]
[LVL9] rnvc16(A,B) :- all16(B,C), \+somenot16(C,A) 0.0 (15.0, 5.0, 24.0, 17.0) 0.798611111111 [ACCEPT]
[LVL9] rnvc16(A,B) :- all16(C,A), \+all16(B,C) 0.0 (15.0, 5.0, 24.0, 17.0) 0.798611111111 [ACCEPT]
[LVL9] rnvc16(A,B) :- all16(C,A), \+some16(C,B) 0.0 (15.0, 5.0, 24.0, 17.0) 0.798611111111 [ACCEPT]
[LVL9] rnvc16(A,B) :- all16(C,A), \+some16(B,C) 0.0 (15.0, 5.0, 24.0, 17.0) 0.798611111111 [ACCEPT]
[LVL9] rnvc16(A,B) :- all16(C,A), \+no16(B,C) 0.0 (15.0, 5.0, 24.0, 17.0) 0.798611111111 [ACCEPT]
[LVL9] rnvc16(A,B) :- all16(C,A), \+somenot16(C,B) 0.0 (15.0, 5.0, 24.0, 17.0) 0.798611111111 [ACCEPT]
[LVL9] rnvc16(A,B) :- all16(C,A), \+somenot16(B,C) 0.0 (15.0, 5.0, 24.0, 17.0) 0.798611111111 [ACCEPT]
[LVL9] rnvc16(A,B) :- all16(C,B), \+all16(A,C) 0.399305555556 (15.0, 3.0, 26.0, 17.0) 0.798611111111 [ACCEPT]
[LVL9] rnvc16(A,B) :- all16(C,B), \+some16(A,C) 0.399305555556 (15.0, 3.0, 26.0, 17.0) 0.798611111111 [ACCEPT]
[LVL9] rnvc16(A,B) :- all16(C,B), \+some16(C,A) 0.399305555556 (15.0, 3.0, 26.0, 17.0) 0.798611111111 [ACCEPT]
[LVL9] rnvc16(A,B) :- all16(C,B), \+somenot16(C,A) 0.399305555556 (15.0, 3.0, 26.0, 17.0) 0.798611111111 [ACCEPT]
[LVL9] rnvc16(A,B) :- some16(A,C), \+all16(C,B) 0.0 (15.0, 5.0, 24.0, 17.0) 0.798611111111 [ACCEPT]
[LVL9] rnvc16(A,B) :- some16(A,C), \+some16(C,B) 0.0 (15.0, 5.0, 24.0, 17.0) 0.798611111111 [ACCEPT]
[LVL9] rnvc16(A,B) :- some16(A,C), \+some16(B,C) 0.0 (15.0, 5.0, 24.0, 17.0) 0.798611111111 [ACCEPT]
[LVL9] rnvc16(A,B) :- some16(A,C), \+no16(C,B) 0.0 (15.0, 5.0, 24.0, 17.0) 0.798611111111 [ACCEPT]
[LVL9] rnvc16(A,B) :- some16(A,C), \+no16(B,C) 0.0 (15.0, 5.0, 24.0, 17.0) 0.798611111111 [ACCEPT]
[LVL9] rnvc16(A,B) :- some16(A,C), \+somenot16(C,B) 0.0 (15.0, 5.0, 24.0, 17.0) 0.798611111111 [ACCEPT]
[LVL9] rnvc16(A,B) :- some16(C,B), \+all16(A,C) 0.399305555556 (15.0, 3.0, 26.0, 17.0) 0.798611111111 [ACCEPT]
[LVL9] rnvc16(A,B) :- some16(C,B), \+all16(C,A) 0.399305555556 (15.0, 3.0, 26.0, 17.0) 0.798611111111 [ACCEPT]
[LVL9] rnvc16(A,B) :- some16(C,B), \+some16(A,C) 0.399305555556 (15.0, 3.0, 26.0, 17.0) 0.798611111111 [ACCEPT]
[LVL9] rnvc16(A,B) :- some16(C,B), \+somenot16(A,C) 0.399305555556 (15.0, 3.0, 26.0, 17.0) 0.798611111111 [ACCEPT]
[DEBUG] Best rule so far: rnvc16(A,B) :- somenot16(C,A), some16(C,B) [0.697916666667]
[DEBUG] Candidates for iteration 3:
[DEBUG] ==================================
[DEBUG] rnvc16(A,B) :- some16(B,C), \+all16(C,A) 0.679166666667
[DEBUG] rnvc16(A,B) :- some16(B,C), \+some16(A,C) 0.679166666667
[DEBUG] rnvc16(A,B) :- somenot16(B,C), \+all16(C,A) 0.679166666667
[DEBUG] rnvc16(A,B) :- somenot16(B,C), \+somenot16(C,A) 0.679166666667
[DEBUG] rnvc16(A,B) :- somenot16(C,A), \+all16(C,B) 0.674479166667
[DEBUG] rnvc16(A,B) :- somenot16(C,A), \+all16(B,C) 0.674479166667
[DEBUG] rnvc16(A,B) :- somenot16(C,A), \+somenot16(B,C) 0.674479166667
[DEBUG] rnvc16(A,B) :- some16(C,A), \+all16(C,B) 0.565972222222
[DEBUG] rnvc16(A,B) :- some16(C,A), \+all16(B,C) 0.565972222222
[DEBUG] rnvc16(A,B) :- some16(C,A), \+somenot16(C,B) 0.565972222222
[DEBUG] rnvc16(A,B) :- no16(B,C), \+all16(A,C) 0.565972222222
[DEBUG] rnvc16(A,B) :- no16(B,C), \+all16(C,A) 0.565972222222
[DEBUG] rnvc16(A,B) :- no16(B,C), \+some16(A,C) 0.565972222222
[DEBUG] rnvc16(A,B) :- no16(C,B), \+all16(A,C) 0.565972222222
[DEBUG] rnvc16(A,B) :- no16(C,B), \+some16(A,C) 0.565972222222
[DEBUG] rnvc16(A,B) :- no16(C,B), \+somenot16(A,C) 0.565972222222
[DEBUG] rnvc16(A,B) :- somenot16(A,C), \+all16(B,C) 0.549479166667
[DEBUG] rnvc16(A,B) :- somenot16(A,C), \+some16(C,B) 0.549479166667
[DEBUG] rnvc16(A,B) :- somenot16(A,C), \+no16(C,B) 0.549479166667
[DEBUG] rnvc16(A,B) :- somenot16(A,C), \+somenot16(C,B) 0.549479166667
[DEBUG] rnvc16(A,B) :- all16(A,C), \+all16(C,B) 0.424479166667
[DEBUG] rnvc16(A,B) :- all16(A,C), \+some16(C,B) 0.424479166667
[DEBUG] rnvc16(A,B) :- all16(A,C), \+no16(C,B) 0.424479166667
[DEBUG] rnvc16(A,B) :- all16(A,C), \+no16(B,C) 0.424479166667
[DEBUG] rnvc16(A,B) :- all16(A,C), \+somenot16(C,B) 0.424479166667
[DEBUG] rnvc16(A,B) :- all16(C,B), \+all16(A,C) 0.399305555556
[DEBUG] rnvc16(A,B) :- all16(C,B), \+some16(A,C) 0.399305555556
[DEBUG] rnvc16(A,B) :- all16(C,B), \+some16(C,A) 0.399305555556
[DEBUG] rnvc16(A,B) :- all16(C,B), \+somenot16(C,A) 0.399305555556
[DEBUG] rnvc16(A,B) :- some16(C,B), \+all16(A,C) 0.399305555556
[DEBUG] rnvc16(A,B) :- some16(C,B), \+all16(C,A) 0.399305555556
[DEBUG] rnvc16(A,B) :- some16(C,B), \+some16(A,C) 0.399305555556
[DEBUG] rnvc16(A,B) :- some16(C,B), \+somenot16(A,C) 0.399305555556
[DEBUG] rnvc16(A,B) :- all16(B,C), \+all16(C,A) 0.0
[DEBUG] rnvc16(A,B) :- all16(B,C), \+some16(C,A) 0.0
[DEBUG] rnvc16(A,B) :- all16(B,C), \+no16(A,C) 0.0
[DEBUG] rnvc16(A,B) :- all16(B,C), \+no16(C,A) 0.0
[DEBUG] rnvc16(A,B) :- all16(B,C), \+somenot16(A,C) 0.0
[DEBUG] rnvc16(A,B) :- all16(B,C), \+somenot16(C,A) 0.0
[DEBUG] rnvc16(A,B) :- all16(C,A), \+all16(B,C) 0.0
[DEBUG] rnvc16(A,B) :- all16(C,A), \+some16(C,B) 0.0
[DEBUG] rnvc16(A,B) :- all16(C,A), \+some16(B,C) 0.0
[DEBUG] rnvc16(A,B) :- all16(C,A), \+no16(B,C) 0.0
[DEBUG] rnvc16(A,B) :- all16(C,A), \+somenot16(C,B) 0.0
[DEBUG] rnvc16(A,B) :- all16(C,A), \+somenot16(B,C) 0.0
[DEBUG] rnvc16(A,B) :- some16(A,C), \+all16(C,B) 0.0
[DEBUG] rnvc16(A,B) :- some16(A,C), \+some16(C,B) 0.0
[DEBUG] rnvc16(A,B) :- some16(A,C), \+some16(B,C) 0.0
[DEBUG] rnvc16(A,B) :- some16(A,C), \+no16(C,B) 0.0
[DEBUG] rnvc16(A,B) :- some16(A,C), \+no16(B,C) 0.0
[DEBUG] rnvc16(A,B) :- some16(A,C), \+somenot16(C,B) 0.0
[DEBUG] ==================================
[INFO] RULE LEARNED: rnvc16(A,B) :- somenot16(C,A), some16(C,B) 0.704918032787
