[LVL9] Output level: 9
[INFO] Random seed: 0.253735200959
[INFO] Computing scores: 0.1000s
[INFO] Number of examples (M): 116
[INFO] Positive weight (P): 11.0000
[INFO] Negative weight (N): 105.0000
[DEBUG] Best rule so far: rall39(A,B) :- true [0.0948275862069]
[DEBUG] Candidates for iteration 1:
[DEBUG] ==================================
[DEBUG] rall39(A,B) :- true 0.0948275862069
[DEBUG] ==================================
[LVL9] rall39(A,B) :- all39(A,C) 0.272988505747 (4.0, 10.0, 95.0, 7.0) 0.818965517241 [ACCEPT]
[LVL9] BETTER RULE rall39(A,B) :- all39(A,C) (0.27298850574712646, 4.0) > (0.09482758620689655, 11.0)
[LVL9] rall39(A,B) :- all39(B,C) 0.20632183908 (3.0, 11.0, 94.0, 8.0) 0.773706896552 [ACCEPT]
[LVL9] rall39(A,B) :- all39(C,A) 0.182048681542 (3.0, 13.0, 92.0, 8.0) 0.773706896552 [ACCEPT]
[LVL9] rall39(A,B) :- all39(C,B) 0.182048681542 (3.0, 13.0, 92.0, 8.0) 0.773706896552 [ACCEPT]
[LVL9] rall39(A,B) :- some39(A,C) 0.0 (1.0, 15.0, 90.0, 10.0) 0.547413793103 [ACCEPT]
[LVL9] rall39(A,B) :- no39(A,C) 0.0 (1.0, 14.0, 91.0, 10.0) 0.547413793103 [ACCEPT]
[LVL9] rall39(A,B) :- no39(B,C) 0.193426724138 (3.0, 12.0, 93.0, 8.0) 0.773706896552 [ACCEPT]
[LVL9] rall39(A,B) :- no39(C,A) 0.0 (1.0, 13.0, 92.0, 10.0) 0.547413793103 [ACCEPT]
[LVL9] rall39(A,B) :- no39(C,B) 0.139655172414 (2.0, 12.0, 93.0, 9.0) 0.698275862069 [ACCEPT]
[LVL9] rall39(A,B) :- somenot39(C,A) 0.0 (1.0, 12.0, 93.0, 10.0) 0.547413793103 [ACCEPT]
[DEBUG] Best rule so far: rall39(A,B) :- all39(A,C) [0.272988505747]
[DEBUG] Candidates for iteration 2:
[DEBUG] ==================================
[DEBUG] rall39(A,B) :- all39(A,C) 0.272988505747
[DEBUG] rall39(A,B) :- all39(B,C) 0.20632183908
[DEBUG] rall39(A,B) :- no39(B,C) 0.193426724138
[DEBUG] rall39(A,B) :- all39(C,A) 0.182048681542
[DEBUG] rall39(A,B) :- all39(C,B) 0.182048681542
[DEBUG] rall39(A,B) :- no39(C,B) 0.139655172414
[DEBUG] rall39(A,B) :- some39(A,C) 0.0
[DEBUG] rall39(A,B) :- no39(A,C) 0.0
[DEBUG] rall39(A,B) :- no39(C,A) 0.0
[DEBUG] rall39(A,B) :- somenot39(C,A) 0.0
[DEBUG] ==================================
[LVL9] rall39(A,B) :- all39(A,C), all39(C,B) 0.364942528736 (1.0, 1.0, 104.0, 10.0) 0.547413793103 [ACCEPT]
[LVL9] BETTER RULE rall39(A,B) :- all39(A,C), all39(C,B) (0.3649425287356322, 1.0) > (0.27298850574712646, 4.0)
[LVL9] rall39(A,B) :- all39(A,C), all39(B,C) 0.364942528736 (1.0, 1.0, 104.0, 10.0) 0.547413793103 [ACCEPT]
[LVL9] rall39(A,B) :- all39(A,C), all39(C,D) 0.364942528736 (1.0, 1.0, 104.0, 10.0) 0.547413793103 [ACCEPT]
[LVL9] rall39(A,B) :- all39(A,C), all39(B,D) 0.364942528736 (1.0, 1.0, 104.0, 10.0) 0.547413793103 [ACCEPT]
[LVL9] rall39(A,B) :- all39(A,C), all39(D,B) 0.364942528736 (1.0, 1.0, 104.0, 10.0) 0.547413793103 [ACCEPT]
[LVL9] rall39(A,B) :- all39(A,C), no39(C,B) 0.364942528736 (1.0, 1.0, 104.0, 10.0) 0.547413793103 [ACCEPT]
[LVL9] rall39(A,B) :- all39(A,C), no39(B,C) 0.547413793103 (1.0, 0.0, 105.0, 10.0) 0.547413793103 [REJECT* fp] 0.0
[LVL9] BETTER RULE rall39(A,B) :- all39(A,C), no39(B,C) (0.5474137931034483, 1.0) > (0.3649425287356322, 1.0)
[LVL9] rall39(A,B) :- all39(A,C), \+all39(C,B) 0.238063660477 (3.0, 9.0, 96.0, 8.0) 0.773706896552 [ACCEPT]
[LVL9] rall39(A,B) :- all39(A,C), \+all39(B,C) 0.238063660477 (3.0, 9.0, 96.0, 8.0) 0.773706896552 [ACCEPT]
[LVL9] rall39(A,B) :- all39(A,C), \+some39(C,B) 0.314986737401 (4.0, 8.0, 97.0, 7.0) 0.818965517241 [ACCEPT]
[LVL9] rall39(A,B) :- all39(A,C), \+some39(B,C) 0.314986737401 (4.0, 8.0, 97.0, 7.0) 0.818965517241 [ACCEPT]
[LVL9] rall39(A,B) :- all39(A,C), \+no39(C,B) 0.238063660477 (3.0, 9.0, 96.0, 8.0) 0.773706896552 [ACCEPT]
[LVL9] rall39(A,B) :- all39(A,C), \+somenot39(C,B) 0.314986737401 (4.0, 8.0, 97.0, 7.0) 0.818965517241 [ACCEPT]
[LVL9] rall39(A,B) :- all39(A,C), \+somenot39(B,C) 0.292487684729 (4.0, 9.0, 96.0, 7.0) 0.818965517241 [ACCEPT]
[LVL9] rall39(A,B) :- all39(B,C), \+all39(A,C) 0.161140583554 (2.0, 10.0, 95.0, 9.0) 0.698275862069 [ACCEPT]
[LVL9] rall39(A,B) :- all39(B,C), \+all39(C,A) 0.161140583554 (2.0, 10.0, 95.0, 9.0) 0.698275862069 [ACCEPT]
[LVL9] rall39(A,B) :- all39(B,C), \+some39(A,C) 0.238063660477 (3.0, 9.0, 96.0, 8.0) 0.773706896552 [ACCEPT]
[LVL9] rall39(A,B) :- all39(B,C), \+some39(C,A) 0.238063660477 (3.0, 9.0, 96.0, 8.0) 0.773706896552 [ACCEPT]
[LVL9] rall39(A,B) :- all39(B,C), \+no39(A,C) 0.2210591133 (3.0, 10.0, 95.0, 8.0) 0.773706896552 [ACCEPT]
[LVL9] rall39(A,B) :- all39(B,C), \+no39(C,A) 0.161140583554 (2.0, 10.0, 95.0, 9.0) 0.698275862069 [ACCEPT]
[LVL9] rall39(A,B) :- all39(B,C), \+somenot39(A,C) 0.2210591133 (3.0, 10.0, 95.0, 8.0) 0.773706896552 [ACCEPT]
[LVL9] rall39(A,B) :- all39(B,C), \+somenot39(C,A) 0.238063660477 (3.0, 9.0, 96.0, 8.0) 0.773706896552 [ACCEPT]
[LVL9] rall39(A,B) :- no39(B,C), \+all39(C,A) 0.2210591133 (3.0, 10.0, 95.0, 8.0) 0.773706896552 [ACCEPT]
[LVL9] rall39(A,B) :- no39(B,C), \+some39(A,C) 0.149630541872 (2.0, 11.0, 94.0, 9.0) 0.698275862069 [ACCEPT]
[LVL9] rall39(A,B) :- no39(B,C), \+some39(C,A) 0.2210591133 (3.0, 10.0, 95.0, 8.0) 0.773706896552 [ACCEPT]
[LVL9] rall39(A,B) :- no39(B,C), \+no39(A,C) 0.2210591133 (3.0, 10.0, 95.0, 8.0) 0.773706896552 [ACCEPT]
[LVL9] rall39(A,B) :- no39(B,C), \+no39(C,A) 0.2210591133 (3.0, 10.0, 95.0, 8.0) 0.773706896552 [ACCEPT]
[LVL9] rall39(A,B) :- no39(B,C), \+somenot39(A,C) 0.2210591133 (3.0, 10.0, 95.0, 8.0) 0.773706896552 [ACCEPT]
[LVL9] rall39(A,B) :- no39(B,C), \+somenot39(C,A) 0.149630541872 (2.0, 11.0, 94.0, 9.0) 0.698275862069 [ACCEPT]
[LVL9] rall39(A,B) :- all39(C,A), \+all39(C,B) 0.139655172414 (2.0, 12.0, 93.0, 9.0) 0.698275862069 [ACCEPT]
[LVL9] rall39(A,B) :- all39(C,A), \+all39(B,C) 0.139655172414 (2.0, 12.0, 93.0, 9.0) 0.698275862069 [ACCEPT]
[LVL9] rall39(A,B) :- all39(C,A), \+some39(C,B) 0.20632183908 (3.0, 11.0, 94.0, 8.0) 0.773706896552 [ACCEPT]
[LVL9] rall39(A,B) :- all39(C,A), \+some39(B,C) 0.20632183908 (3.0, 11.0, 94.0, 8.0) 0.773706896552 [ACCEPT]
[LVL9] rall39(A,B) :- all39(C,A), \+no39(C,B) 0.139655172414 (2.0, 12.0, 93.0, 9.0) 0.698275862069 [ACCEPT]
[LVL9] rall39(A,B) :- all39(C,A), \+no39(B,C) 0.20632183908 (3.0, 11.0, 94.0, 8.0) 0.773706896552 [ACCEPT]
[LVL9] rall39(A,B) :- all39(C,A), \+somenot39(C,B) 0.20632183908 (3.0, 11.0, 94.0, 8.0) 0.773706896552 [ACCEPT]
[LVL9] rall39(A,B) :- all39(C,A), \+somenot39(B,C) 0.20632183908 (3.0, 11.0, 94.0, 8.0) 0.773706896552 [ACCEPT]
[LVL9] rall39(A,B) :- all39(C,B), \+all39(A,C) 0.139655172414 (2.0, 12.0, 93.0, 9.0) 0.698275862069 [ACCEPT]
[LVL9] rall39(A,B) :- all39(C,B), \+all39(C,A) 0.139655172414 (2.0, 12.0, 93.0, 9.0) 0.698275862069 [ACCEPT]
[LVL9] rall39(A,B) :- all39(C,B), \+some39(A,C) 0.20632183908 (3.0, 11.0, 94.0, 8.0) 0.773706896552 [ACCEPT]
[LVL9] rall39(A,B) :- all39(C,B), \+some39(C,A) 0.20632183908 (3.0, 11.0, 94.0, 8.0) 0.773706896552 [ACCEPT]
[LVL9] rall39(A,B) :- all39(C,B), \+no39(A,C) 0.139655172414 (2.0, 12.0, 93.0, 9.0) 0.698275862069 [ACCEPT]
[LVL9] rall39(A,B) :- all39(C,B), \+no39(C,A) 0.20632183908 (3.0, 11.0, 94.0, 8.0) 0.773706896552 [ACCEPT]
[LVL9] rall39(A,B) :- all39(C,B), \+somenot39(A,C) 0.20632183908 (3.0, 11.0, 94.0, 8.0) 0.773706896552 [ACCEPT]
[LVL9] rall39(A,B) :- all39(C,B), \+somenot39(C,A) 0.20632183908 (3.0, 11.0, 94.0, 8.0) 0.773706896552 [ACCEPT]
[LVL9] rall39(A,B) :- no39(C,B), \+some39(A,C) 0.161140583554 (2.0, 10.0, 95.0, 9.0) 0.698275862069 [ACCEPT]
[LVL9] rall39(A,B) :- no39(C,B), \+some39(C,A) 0.149630541872 (2.0, 11.0, 94.0, 9.0) 0.698275862069 [ACCEPT]
[LVL9] rall39(A,B) :- no39(C,B), \+no39(A,C) 0.161140583554 (2.0, 10.0, 95.0, 9.0) 0.698275862069 [ACCEPT]
[LVL9] rall39(A,B) :- no39(C,B), \+no39(C,A) 0.161140583554 (2.0, 10.0, 95.0, 9.0) 0.698275862069 [ACCEPT]
[LVL9] rall39(A,B) :- no39(C,B), \+somenot39(A,C) 0.161140583554 (2.0, 10.0, 95.0, 9.0) 0.698275862069 [ACCEPT]
[LVL9] rall39(A,B) :- no39(C,B), \+somenot39(C,A) 0.149630541872 (2.0, 11.0, 94.0, 9.0) 0.698275862069 [ACCEPT]
[DEBUG] Best rule so far: rall39(A,B) :- all39(A,C), no39(B,C) [0.547413793103]
[DEBUG] Candidates for iteration 3:
[DEBUG] ==================================
[DEBUG] rall39(A,B) :- all39(A,C), all39(C,B) 0.364942528736
[DEBUG] rall39(A,B) :- all39(A,C), all39(B,C) 0.364942528736
[DEBUG] rall39(A,B) :- all39(A,C), all39(C,D) 0.364942528736
[DEBUG] rall39(A,B) :- all39(A,C), all39(B,D) 0.364942528736
[DEBUG] rall39(A,B) :- all39(A,C), all39(D,B) 0.364942528736
[DEBUG] rall39(A,B) :- all39(A,C), no39(C,B) 0.364942528736
[DEBUG] rall39(A,B) :- all39(A,C), \+some39(C,B) 0.314986737401
[DEBUG] rall39(A,B) :- all39(A,C), \+some39(B,C) 0.314986737401
[DEBUG] rall39(A,B) :- all39(A,C), \+somenot39(C,B) 0.314986737401
[DEBUG] rall39(A,B) :- all39(A,C), \+somenot39(B,C) 0.292487684729
[DEBUG] rall39(A,B) :- all39(A,C), \+all39(C,B) 0.238063660477
[DEBUG] rall39(A,B) :- all39(A,C), \+all39(B,C) 0.238063660477
[DEBUG] rall39(A,B) :- all39(A,C), \+no39(C,B) 0.238063660477
[DEBUG] rall39(A,B) :- all39(B,C), \+some39(A,C) 0.238063660477
[DEBUG] rall39(A,B) :- all39(B,C), \+some39(C,A) 0.238063660477
[DEBUG] rall39(A,B) :- all39(B,C), \+somenot39(C,A) 0.238063660477
[DEBUG] rall39(A,B) :- all39(B,C), \+no39(A,C) 0.2210591133
[DEBUG] rall39(A,B) :- all39(B,C), \+somenot39(A,C) 0.2210591133
[DEBUG] rall39(A,B) :- no39(B,C), \+all39(C,A) 0.2210591133
[DEBUG] rall39(A,B) :- no39(B,C), \+some39(C,A) 0.2210591133
[DEBUG] rall39(A,B) :- no39(B,C), \+no39(A,C) 0.2210591133
[DEBUG] rall39(A,B) :- no39(B,C), \+no39(C,A) 0.2210591133
[DEBUG] rall39(A,B) :- no39(B,C), \+somenot39(A,C) 0.2210591133
[DEBUG] rall39(A,B) :- all39(C,A), \+some39(C,B) 0.20632183908
[DEBUG] rall39(A,B) :- all39(C,A), \+some39(B,C) 0.20632183908
[DEBUG] rall39(A,B) :- all39(C,A), \+no39(B,C) 0.20632183908
[DEBUG] rall39(A,B) :- all39(C,A), \+somenot39(C,B) 0.20632183908
[DEBUG] rall39(A,B) :- all39(C,A), \+somenot39(B,C) 0.20632183908
[DEBUG] rall39(A,B) :- all39(C,B), \+some39(A,C) 0.20632183908
[DEBUG] rall39(A,B) :- all39(C,B), \+some39(C,A) 0.20632183908
[DEBUG] rall39(A,B) :- all39(C,B), \+no39(C,A) 0.20632183908
[DEBUG] rall39(A,B) :- all39(C,B), \+somenot39(A,C) 0.20632183908
[DEBUG] rall39(A,B) :- all39(C,B), \+somenot39(C,A) 0.20632183908
[DEBUG] rall39(A,B) :- all39(B,C), \+all39(A,C) 0.161140583554
[DEBUG] rall39(A,B) :- all39(B,C), \+all39(C,A) 0.161140583554
[DEBUG] rall39(A,B) :- all39(B,C), \+no39(C,A) 0.161140583554
[DEBUG] rall39(A,B) :- no39(C,B), \+some39(A,C) 0.161140583554
[DEBUG] rall39(A,B) :- no39(C,B), \+no39(A,C) 0.161140583554
[DEBUG] rall39(A,B) :- no39(C,B), \+no39(C,A) 0.161140583554
[DEBUG] rall39(A,B) :- no39(C,B), \+somenot39(A,C) 0.161140583554
[DEBUG] rall39(A,B) :- no39(B,C), \+some39(A,C) 0.149630541872
[DEBUG] rall39(A,B) :- no39(B,C), \+somenot39(C,A) 0.149630541872
[DEBUG] rall39(A,B) :- no39(C,B), \+some39(C,A) 0.149630541872
[DEBUG] rall39(A,B) :- no39(C,B), \+somenot39(C,A) 0.149630541872
[DEBUG] rall39(A,B) :- all39(C,A), \+all39(C,B) 0.139655172414
[DEBUG] rall39(A,B) :- all39(C,A), \+all39(B,C) 0.139655172414
[DEBUG] rall39(A,B) :- all39(C,A), \+no39(C,B) 0.139655172414
[DEBUG] rall39(A,B) :- all39(C,B), \+all39(A,C) 0.139655172414
[DEBUG] rall39(A,B) :- all39(C,B), \+all39(C,A) 0.139655172414
[DEBUG] rall39(A,B) :- all39(C,B), \+no39(A,C) 0.139655172414
[DEBUG] ==================================
[INFO] RULE LEARNED: rall39(A,B) :- all39(A,C), no39(B,C) 0.913793103448
[DEBUG] Best rule so far: rall39(A,B) :- true [0.0869565217391]
[DEBUG] Candidates for iteration 1:
[DEBUG] ==================================
[DEBUG] rall39(A,B) :- true 0.0869565217391
[DEBUG] ==================================
[LVL9] rall39(A,B) :- all39(A,C) 0.22049689441 (4.0, 10.0, 95.0, 7.0) 0.771739130435 [ACCEPT]
[LVL9] BETTER RULE rall39(A,B) :- all39(A,C) (0.2204968944099379, 4.0) > (0.08695652173913043, 11.0)
[LVL9] rall39(A,B) :- all39(B,C) 0.205797101449 (4.0, 11.0, 94.0, 7.0) 0.771739130435 [ACCEPT]
[LVL9] rall39(A,B) :- all39(C,A) 0.181585677749 (4.0, 13.0, 92.0, 7.0) 0.771739130435 [ACCEPT]
[LVL9] rall39(A,B) :- all39(C,B) 0.181585677749 (4.0, 13.0, 92.0, 7.0) 0.771739130435 [ACCEPT]
[LVL9] rall39(A,B) :- some39(A,C) 0.0 (2.0, 15.0, 90.0, 9.0) 0.54347826087 [ACCEPT]
[LVL9] rall39(A,B) :- no39(A,C) 0.0 (2.0, 14.0, 91.0, 9.0) 0.54347826087 [ACCEPT]
[LVL9] rall39(A,B) :- no39(B,C) 0.139130434783 (3.0, 12.0, 93.0, 8.0) 0.695652173913 [ACCEPT]
[LVL9] rall39(A,B) :- no39(C,A) 0.0 (2.0, 13.0, 92.0, 9.0) 0.54347826087 [ACCEPT]
[LVL9] rall39(A,B) :- no39(C,B) 0.139130434783 (3.0, 12.0, 93.0, 8.0) 0.695652173913 [ACCEPT]
[LVL9] rall39(A,B) :- somenot39(C,A) 0.0 (2.0, 12.0, 93.0, 9.0) 0.54347826087 [ACCEPT]
[DEBUG] Best rule so far: rall39(A,B) :- all39(A,C) [0.22049689441]
[DEBUG] Candidates for iteration 2:
[DEBUG] ==================================
[DEBUG] rall39(A,B) :- all39(A,C) 0.22049689441
[DEBUG] rall39(A,B) :- all39(B,C) 0.205797101449
[DEBUG] rall39(A,B) :- all39(C,A) 0.181585677749
[DEBUG] rall39(A,B) :- all39(C,B) 0.181585677749
[DEBUG] rall39(A,B) :- no39(B,C) 0.139130434783
[DEBUG] rall39(A,B) :- no39(C,B) 0.139130434783
[DEBUG] rall39(A,B) :- some39(A,C) 0.0
[DEBUG] rall39(A,B) :- no39(A,C) 0.0
[DEBUG] rall39(A,B) :- no39(C,A) 0.0
[DEBUG] rall39(A,B) :- somenot39(C,A) 0.0
[DEBUG] ==================================
[LVL9] rall39(A,B) :- all39(A,C), all39(C,B) 0.36231884058 (2.0, 1.0, 104.0, 9.0) 0.54347826087 [ACCEPT]
[LVL9] BETTER RULE rall39(A,B) :- all39(A,C), all39(C,B) (0.36231884057971014, 2.0) > (0.2204968944099379, 4.0)
[LVL9] rall39(A,B) :- all39(A,C), all39(B,C) 0.36231884058 (2.0, 1.0, 104.0, 9.0) 0.54347826087 [ACCEPT]
[LVL9] rall39(A,B) :- all39(A,C), all39(C,D) 0.36231884058 (2.0, 1.0, 104.0, 9.0) 0.54347826087 [ACCEPT]
[LVL9] rall39(A,B) :- all39(A,C), all39(B,D) 0.36231884058 (2.0, 1.0, 104.0, 9.0) 0.54347826087 [ACCEPT]
[LVL9] rall39(A,B) :- all39(A,C), all39(D,B) 0.36231884058 (2.0, 1.0, 104.0, 9.0) 0.54347826087 [ACCEPT]
[LVL9] rall39(A,B) :- all39(A,C), no39(C,B) 0.36231884058 (2.0, 1.0, 104.0, 9.0) 0.54347826087 [ACCEPT]
[LVL9] rall39(A,B) :- all39(A,C), no39(C,D) 0.36231884058 (2.0, 1.0, 104.0, 9.0) 0.54347826087 [ACCEPT]
[LVL9] rall39(A,B) :- all39(A,C), no39(D,B) 0.36231884058 (2.0, 1.0, 104.0, 9.0) 0.54347826087 [ACCEPT]
[LVL9] rall39(A,B) :- all39(A,C), \+all39(C,B) 0.173913043478 (3.0, 9.0, 96.0, 8.0) 0.695652173913 [ACCEPT]
[LVL9] rall39(A,B) :- all39(A,C), \+all39(B,C) 0.173913043478 (3.0, 9.0, 96.0, 8.0) 0.695652173913 [ACCEPT]
[LVL9] rall39(A,B) :- all39(A,C), \+some39(C,B) 0.257246376812 (4.0, 8.0, 97.0, 7.0) 0.771739130435 [ACCEPT]
[LVL9] rall39(A,B) :- all39(A,C), \+some39(B,C) 0.257246376812 (4.0, 8.0, 97.0, 7.0) 0.771739130435 [ACCEPT]
[LVL9] rall39(A,B) :- all39(A,C), \+no39(C,B) 0.173913043478 (3.0, 9.0, 96.0, 8.0) 0.695652173913 [ACCEPT]
[LVL9] rall39(A,B) :- all39(A,C), \+somenot39(C,B) 0.257246376812 (4.0, 8.0, 97.0, 7.0) 0.771739130435 [ACCEPT]
[LVL9] rall39(A,B) :- all39(A,C), \+somenot39(B,C) 0.23745819398 (4.0, 9.0, 96.0, 7.0) 0.771739130435 [ACCEPT]
[LVL9] rall39(A,B) :- all39(B,C), all39(C,A) 0.36231884058 (2.0, 1.0, 104.0, 9.0) 0.54347826087 [ACCEPT]
[LVL9] rall39(A,B) :- all39(B,C), all39(A,D) 0.36231884058 (2.0, 1.0, 104.0, 9.0) 0.54347826087 [ACCEPT]
[LVL9] rall39(A,B) :- all39(B,C), all39(C,D) 0.36231884058 (2.0, 1.0, 104.0, 9.0) 0.54347826087 [ACCEPT]
[LVL9] rall39(A,B) :- all39(B,C), all39(D,A) 0.36231884058 (2.0, 1.0, 104.0, 9.0) 0.54347826087 [ACCEPT]
[LVL9] rall39(A,B) :- all39(B,C), no39(C,A) 0.36231884058 (2.0, 1.0, 104.0, 9.0) 0.54347826087 [ACCEPT]
[LVL9] rall39(A,B) :- all39(B,C), no39(C,D) 0.36231884058 (2.0, 1.0, 104.0, 9.0) 0.54347826087 [ACCEPT]
[LVL9] rall39(A,B) :- all39(B,C), no39(D,A) 0.36231884058 (2.0, 1.0, 104.0, 9.0) 0.54347826087 [ACCEPT]
[LVL9] rall39(A,B) :- all39(B,C), \+all39(A,C) 0.160535117057 (3.0, 10.0, 95.0, 8.0) 0.695652173913 [ACCEPT]
[LVL9] rall39(A,B) :- all39(B,C), \+all39(C,A) 0.160535117057 (3.0, 10.0, 95.0, 8.0) 0.695652173913 [ACCEPT]
[LVL9] rall39(A,B) :- all39(B,C), \+some39(A,C) 0.23745819398 (4.0, 9.0, 96.0, 7.0) 0.771739130435 [ACCEPT]
[LVL9] rall39(A,B) :- all39(B,C), \+some39(C,A) 0.23745819398 (4.0, 9.0, 96.0, 7.0) 0.771739130435 [ACCEPT]
[LVL9] rall39(A,B) :- all39(B,C), \+no39(A,C) 0.22049689441 (4.0, 10.0, 95.0, 7.0) 0.771739130435 [ACCEPT]
[LVL9] rall39(A,B) :- all39(B,C), \+no39(C,A) 0.160535117057 (3.0, 10.0, 95.0, 8.0) 0.695652173913 [ACCEPT]
[LVL9] rall39(A,B) :- all39(B,C), \+somenot39(A,C) 0.22049689441 (4.0, 10.0, 95.0, 7.0) 0.771739130435 [ACCEPT]
[LVL9] rall39(A,B) :- all39(B,C), \+somenot39(C,A) 0.23745819398 (4.0, 9.0, 96.0, 7.0) 0.771739130435 [ACCEPT]
[LVL9] rall39(A,B) :- all39(C,A), all39(C,B) 0.36231884058 (2.0, 1.0, 104.0, 9.0) 0.54347826087 [ACCEPT]
[LVL9] rall39(A,B) :- all39(C,A), all39(B,D) 0.36231884058 (2.0, 1.0, 104.0, 9.0) 0.54347826087 [ACCEPT]
[LVL9] rall39(A,B) :- all39(C,A), all39(D,C) 0.36231884058 (2.0, 1.0, 104.0, 9.0) 0.54347826087 [ACCEPT]
[LVL9] rall39(A,B) :- all39(C,A), all39(D,B) 0.36231884058 (2.0, 1.0, 104.0, 9.0) 0.54347826087 [ACCEPT]
[LVL9] rall39(A,B) :- all39(C,A), no39(C,B) 0.36231884058 (2.0, 1.0, 104.0, 9.0) 0.54347826087 [ACCEPT]
[LVL9] rall39(A,B) :- all39(C,A), no39(C,D) 0.36231884058 (2.0, 1.0, 104.0, 9.0) 0.54347826087 [ACCEPT]
[LVL9] rall39(A,B) :- all39(C,A), no39(D,B) 0.36231884058 (2.0, 1.0, 104.0, 9.0) 0.54347826087 [ACCEPT]
[LVL9] rall39(A,B) :- all39(C,A), \+all39(C,B) 0.139130434783 (3.0, 12.0, 93.0, 8.0) 0.695652173913 [ACCEPT]
[LVL9] rall39(A,B) :- all39(C,A), \+all39(B,C) 0.139130434783 (3.0, 12.0, 93.0, 8.0) 0.695652173913 [ACCEPT]
[LVL9] rall39(A,B) :- all39(C,A), \+some39(C,B) 0.205797101449 (4.0, 11.0, 94.0, 7.0) 0.771739130435 [ACCEPT]
[LVL9] rall39(A,B) :- all39(C,A), \+some39(B,C) 0.205797101449 (4.0, 11.0, 94.0, 7.0) 0.771739130435 [ACCEPT]
[LVL9] rall39(A,B) :- all39(C,A), \+no39(C,B) 0.139130434783 (3.0, 12.0, 93.0, 8.0) 0.695652173913 [ACCEPT]
[LVL9] rall39(A,B) :- all39(C,A), \+no39(B,C) 0.205797101449 (4.0, 11.0, 94.0, 7.0) 0.771739130435 [ACCEPT]
[LVL9] rall39(A,B) :- all39(C,A), \+somenot39(C,B) 0.205797101449 (4.0, 11.0, 94.0, 7.0) 0.771739130435 [ACCEPT]
[LVL9] rall39(A,B) :- all39(C,A), \+somenot39(B,C) 0.205797101449 (4.0, 11.0, 94.0, 7.0) 0.771739130435 [ACCEPT]
[LVL9] rall39(A,B) :- all39(C,B), all39(A,D) 0.36231884058 (2.0, 1.0, 104.0, 9.0) 0.54347826087 [ACCEPT]
[LVL9] rall39(A,B) :- all39(C,B), all39(D,A) 0.36231884058 (2.0, 1.0, 104.0, 9.0) 0.54347826087 [ACCEPT]
[LVL9] rall39(A,B) :- all39(C,B), all39(D,C) 0.36231884058 (2.0, 1.0, 104.0, 9.0) 0.54347826087 [ACCEPT]
[LVL9] rall39(A,B) :- all39(C,B), no39(A,C) 0.36231884058 (2.0, 1.0, 104.0, 9.0) 0.54347826087 [ACCEPT]
[LVL9] rall39(A,B) :- all39(C,B), no39(A,D) 0.36231884058 (2.0, 1.0, 104.0, 9.0) 0.54347826087 [ACCEPT]
[LVL9] rall39(A,B) :- all39(C,B), no39(D,C) 0.36231884058 (2.0, 1.0, 104.0, 9.0) 0.54347826087 [ACCEPT]
[LVL9] rall39(A,B) :- all39(C,B), \+all39(A,C) 0.139130434783 (3.0, 12.0, 93.0, 8.0) 0.695652173913 [ACCEPT]
[LVL9] rall39(A,B) :- all39(C,B), \+all39(C,A) 0.139130434783 (3.0, 12.0, 93.0, 8.0) 0.695652173913 [ACCEPT]
[LVL9] rall39(A,B) :- all39(C,B), \+some39(A,C) 0.205797101449 (4.0, 11.0, 94.0, 7.0) 0.771739130435 [ACCEPT]
[LVL9] rall39(A,B) :- all39(C,B), \+some39(C,A) 0.205797101449 (4.0, 11.0, 94.0, 7.0) 0.771739130435 [ACCEPT]
[LVL9] rall39(A,B) :- all39(C,B), \+no39(A,C) 0.139130434783 (3.0, 12.0, 93.0, 8.0) 0.695652173913 [ACCEPT]
[LVL9] rall39(A,B) :- all39(C,B), \+no39(C,A) 0.205797101449 (4.0, 11.0, 94.0, 7.0) 0.771739130435 [ACCEPT]
[LVL9] rall39(A,B) :- all39(C,B), \+somenot39(A,C) 0.205797101449 (4.0, 11.0, 94.0, 7.0) 0.771739130435 [ACCEPT]
[LVL9] rall39(A,B) :- all39(C,B), \+somenot39(C,A) 0.205797101449 (4.0, 11.0, 94.0, 7.0) 0.771739130435 [ACCEPT]
[LVL9] rall39(A,B) :- no39(B,C), some39(A,C) 0.36231884058 (2.0, 1.0, 104.0, 9.0) 0.54347826087 [ACCEPT]
[LVL9] rall39(A,B) :- no39(B,C), some39(A,D) 0.36231884058 (2.0, 1.0, 104.0, 9.0) 0.54347826087 [ACCEPT]
[LVL9] rall39(A,B) :- no39(B,C), some39(D,C) 0.36231884058 (2.0, 1.0, 104.0, 9.0) 0.54347826087 [ACCEPT]
[LVL9] rall39(A,B) :- no39(B,C), somenot39(C,A) 0.36231884058 (2.0, 1.0, 104.0, 9.0) 0.54347826087 [ACCEPT]
[LVL9] rall39(A,B) :- no39(B,C), somenot39(C,D) 0.36231884058 (2.0, 1.0, 104.0, 9.0) 0.54347826087 [ACCEPT]
[LVL9] rall39(A,B) :- no39(B,C), somenot39(D,A) 0.36231884058 (2.0, 1.0, 104.0, 9.0) 0.54347826087 [ACCEPT]
[LVL9] rall39(A,B) :- no39(B,C), \+all39(C,A) 0.160535117057 (3.0, 10.0, 95.0, 8.0) 0.695652173913 [ACCEPT]
[LVL9] rall39(A,B) :- no39(B,C), \+some39(A,C) 0.0 (2.0, 11.0, 94.0, 9.0) 0.54347826087 [ACCEPT]
[LVL9] rall39(A,B) :- no39(B,C), \+some39(C,A) 0.160535117057 (3.0, 10.0, 95.0, 8.0) 0.695652173913 [ACCEPT]
[LVL9] rall39(A,B) :- no39(B,C), \+no39(A,C) 0.160535117057 (3.0, 10.0, 95.0, 8.0) 0.695652173913 [ACCEPT]
[LVL9] rall39(A,B) :- no39(B,C), \+no39(C,A) 0.160535117057 (3.0, 10.0, 95.0, 8.0) 0.695652173913 [ACCEPT]
[LVL9] rall39(A,B) :- no39(B,C), \+somenot39(A,C) 0.160535117057 (3.0, 10.0, 95.0, 8.0) 0.695652173913 [ACCEPT]
[LVL9] rall39(A,B) :- no39(B,C), \+somenot39(C,A) 0.0 (2.0, 11.0, 94.0, 9.0) 0.54347826087 [ACCEPT]
[LVL9] rall39(A,B) :- no39(C,B), all39(A,D) 0.36231884058 (2.0, 1.0, 104.0, 9.0) 0.54347826087 [ACCEPT]
[LVL9] rall39(A,B) :- no39(C,B), all39(C,D) 0.36231884058 (2.0, 1.0, 104.0, 9.0) 0.54347826087 [ACCEPT]
[LVL9] rall39(A,B) :- no39(C,B), all39(D,A) 0.36231884058 (2.0, 1.0, 104.0, 9.0) 0.54347826087 [ACCEPT]
[LVL9] rall39(A,B) :- no39(C,B), all39(D,C) 0.36231884058 (2.0, 1.0, 104.0, 9.0) 0.54347826087 [ACCEPT]
[LVL9] rall39(A,B) :- no39(C,B), \+all39(A,C) 0.0 (2.0, 11.0, 94.0, 9.0) 0.54347826087 [ACCEPT]
[LVL9] rall39(A,B) :- no39(C,B), \+all39(C,A) 0.0 (2.0, 11.0, 94.0, 9.0) 0.54347826087 [ACCEPT]
[LVL9] rall39(A,B) :- no39(C,B), \+some39(A,C) 0.160535117057 (3.0, 10.0, 95.0, 8.0) 0.695652173913 [ACCEPT]
[LVL9] rall39(A,B) :- no39(C,B), \+some39(C,A) 0.149068322981 (3.0, 11.0, 94.0, 8.0) 0.695652173913 [ACCEPT]
[LVL9] rall39(A,B) :- no39(C,B), \+no39(A,C) 0.160535117057 (3.0, 10.0, 95.0, 8.0) 0.695652173913 [ACCEPT]
[LVL9] rall39(A,B) :- no39(C,B), \+no39(C,A) 0.160535117057 (3.0, 10.0, 95.0, 8.0) 0.695652173913 [ACCEPT]
[LVL9] rall39(A,B) :- no39(C,B), \+somenot39(A,C) 0.160535117057 (3.0, 10.0, 95.0, 8.0) 0.695652173913 [ACCEPT]
[LVL9] rall39(A,B) :- no39(C,B), \+somenot39(C,A) 0.149068322981 (3.0, 11.0, 94.0, 8.0) 0.695652173913 [ACCEPT]
[LVL9] rall39(A,B) :- some39(A,C), no39(B,D) 0.36231884058 (2.0, 1.0, 104.0, 9.0) 0.54347826087 [ACCEPT]
[LVL9] rall39(A,B) :- some39(A,C), no39(D,C) 0.36231884058 (2.0, 1.0, 104.0, 9.0) 0.54347826087 [ACCEPT]
[LVL9] rall39(A,B) :- some39(A,C), \+all39(C,B) 0.0 (2.0, 13.0, 92.0, 9.0) 0.54347826087 [ACCEPT]
[LVL9] rall39(A,B) :- some39(A,C), \+all39(B,C) 0.0 (2.0, 13.0, 92.0, 9.0) 0.54347826087 [ACCEPT]
[LVL9] rall39(A,B) :- some39(A,C), \+some39(C,B) 0.0 (2.0, 13.0, 92.0, 9.0) 0.54347826087 [ACCEPT]
[LVL9] rall39(A,B) :- some39(A,C), \+some39(B,C) 0.0 (2.0, 13.0, 92.0, 9.0) 0.54347826087 [ACCEPT]
[LVL9] rall39(A,B) :- some39(A,C), \+no39(C,B) 0.0 (2.0, 13.0, 92.0, 9.0) 0.54347826087 [ACCEPT]
[LVL9] rall39(A,B) :- some39(A,C), \+somenot39(C,B) 0.0 (2.0, 13.0, 92.0, 9.0) 0.54347826087 [ACCEPT]
[LVL9] rall39(A,B) :- some39(A,C), \+somenot39(B,C) 0.0 (2.0, 13.0, 92.0, 9.0) 0.54347826087 [ACCEPT]
[LVL9] rall39(A,B) :- no39(A,C), all39(C,D) 0.36231884058 (2.0, 1.0, 104.0, 9.0) 0.54347826087 [ACCEPT]
[LVL9] rall39(A,B) :- no39(A,C), all39(D,B) 0.36231884058 (2.0, 1.0, 104.0, 9.0) 0.54347826087 [ACCEPT]
[LVL9] rall39(A,B) :- no39(A,C), \+all39(B,C) 0.0 (2.0, 13.0, 92.0, 9.0) 0.54347826087 [ACCEPT]
[LVL9] rall39(A,B) :- no39(A,C), \+some39(C,B) 0.0 (2.0, 12.0, 93.0, 9.0) 0.54347826087 [ACCEPT]
[LVL9] rall39(A,B) :- no39(A,C), \+some39(B,C) 0.0 (2.0, 12.0, 93.0, 9.0) 0.54347826087 [ACCEPT]
[LVL9] rall39(A,B) :- no39(A,C), \+no39(C,B) 0.0 (2.0, 12.0, 93.0, 9.0) 0.54347826087 [ACCEPT]
[LVL9] rall39(A,B) :- no39(A,C), \+no39(B,C) 0.0 (2.0, 12.0, 93.0, 9.0) 0.54347826087 [ACCEPT]
[LVL9] rall39(A,B) :- no39(C,A), all39(B,D) 0.36231884058 (2.0, 1.0, 104.0, 9.0) 0.54347826087 [ACCEPT]
[LVL9] rall39(A,B) :- no39(C,A), all39(D,C) 0.36231884058 (2.0, 1.0, 104.0, 9.0) 0.54347826087 [ACCEPT]
[LVL9] rall39(A,B) :- somenot39(C,A), no39(B,D) 0.36231884058 (2.0, 1.0, 104.0, 9.0) 0.54347826087 [ACCEPT]
[LVL9] rall39(A,B) :- somenot39(C,A), no39(D,C) 0.36231884058 (2.0, 1.0, 104.0, 9.0) 0.54347826087 [ACCEPT]
[LVL9] rall39(A,B) :- somenot39(C,A), \+all39(C,B) 0.0905797101449 (2.0, 10.0, 95.0, 9.0) 0.54347826087 [ACCEPT]
[LVL9] rall39(A,B) :- somenot39(C,A), \+all39(B,C) 0.0905797101449 (2.0, 10.0, 95.0, 9.0) 0.54347826087 [ACCEPT]
[LVL9] rall39(A,B) :- somenot39(C,A), \+some39(C,B) 0.0905797101449 (2.0, 10.0, 95.0, 9.0) 0.54347826087 [ACCEPT]
[LVL9] rall39(A,B) :- somenot39(C,A), \+some39(B,C) 0.0905797101449 (2.0, 10.0, 95.0, 9.0) 0.54347826087 [ACCEPT]
[LVL9] rall39(A,B) :- somenot39(C,A), \+somenot39(B,C) 0.0905797101449 (2.0, 10.0, 95.0, 9.0) 0.54347826087 [ACCEPT]
[DEBUG] Best rule so far: rall39(A,B) :- all39(A,C), all39(C,B) [0.36231884058]
[DEBUG] Candidates for iteration 3:
[DEBUG] ==================================
[DEBUG] rall39(A,B) :- all39(A,C), all39(C,B) 0.36231884058
[DEBUG] rall39(A,B) :- all39(A,C), all39(B,C) 0.36231884058
[DEBUG] rall39(A,B) :- all39(A,C), all39(C,D) 0.36231884058
[DEBUG] rall39(A,B) :- all39(A,C), all39(B,D) 0.36231884058
[DEBUG] rall39(A,B) :- all39(A,C), all39(D,B) 0.36231884058
[DEBUG] rall39(A,B) :- all39(A,C), no39(C,B) 0.36231884058
[DEBUG] rall39(A,B) :- all39(A,C), no39(C,D) 0.36231884058
[DEBUG] rall39(A,B) :- all39(A,C), no39(D,B) 0.36231884058
[DEBUG] rall39(A,B) :- all39(B,C), all39(C,A) 0.36231884058
[DEBUG] rall39(A,B) :- all39(B,C), all39(A,D) 0.36231884058
[DEBUG] rall39(A,B) :- all39(B,C), all39(C,D) 0.36231884058
[DEBUG] rall39(A,B) :- all39(B,C), all39(D,A) 0.36231884058
[DEBUG] rall39(A,B) :- all39(B,C), no39(C,A) 0.36231884058
[DEBUG] rall39(A,B) :- all39(B,C), no39(C,D) 0.36231884058
[DEBUG] rall39(A,B) :- all39(B,C), no39(D,A) 0.36231884058
[DEBUG] rall39(A,B) :- all39(C,A), all39(C,B) 0.36231884058
[DEBUG] rall39(A,B) :- all39(C,A), all39(B,D) 0.36231884058
[DEBUG] rall39(A,B) :- all39(C,A), all39(D,C) 0.36231884058
[DEBUG] rall39(A,B) :- all39(C,A), all39(D,B) 0.36231884058
[DEBUG] rall39(A,B) :- all39(C,A), no39(C,B) 0.36231884058
[DEBUG] rall39(A,B) :- all39(C,A), no39(C,D) 0.36231884058
[DEBUG] rall39(A,B) :- all39(C,A), no39(D,B) 0.36231884058
[DEBUG] rall39(A,B) :- all39(C,B), all39(A,D) 0.36231884058
[DEBUG] rall39(A,B) :- all39(C,B), all39(D,A) 0.36231884058
[DEBUG] rall39(A,B) :- all39(C,B), all39(D,C) 0.36231884058
[DEBUG] rall39(A,B) :- all39(C,B), no39(A,C) 0.36231884058
[DEBUG] rall39(A,B) :- all39(C,B), no39(A,D) 0.36231884058
[DEBUG] rall39(A,B) :- all39(C,B), no39(D,C) 0.36231884058
[DEBUG] rall39(A,B) :- no39(B,C), some39(A,C) 0.36231884058
[DEBUG] rall39(A,B) :- no39(B,C), some39(A,D) 0.36231884058
[DEBUG] rall39(A,B) :- no39(B,C), some39(D,C) 0.36231884058
[DEBUG] rall39(A,B) :- no39(B,C), somenot39(C,A) 0.36231884058
[DEBUG] rall39(A,B) :- no39(B,C), somenot39(C,D) 0.36231884058
[DEBUG] rall39(A,B) :- no39(B,C), somenot39(D,A) 0.36231884058
[DEBUG] rall39(A,B) :- no39(C,B), all39(A,D) 0.36231884058
[DEBUG] rall39(A,B) :- no39(C,B), all39(C,D) 0.36231884058
[DEBUG] rall39(A,B) :- no39(C,B), all39(D,A) 0.36231884058
[DEBUG] rall39(A,B) :- no39(C,B), all39(D,C) 0.36231884058
[DEBUG] rall39(A,B) :- some39(A,C), no39(B,D) 0.36231884058
[DEBUG] rall39(A,B) :- some39(A,C), no39(D,C) 0.36231884058
[DEBUG] rall39(A,B) :- no39(A,C), all39(C,D) 0.36231884058
[DEBUG] rall39(A,B) :- no39(A,C), all39(D,B) 0.36231884058
[DEBUG] rall39(A,B) :- no39(C,A), all39(B,D) 0.36231884058
[DEBUG] rall39(A,B) :- no39(C,A), all39(D,C) 0.36231884058
[DEBUG] rall39(A,B) :- somenot39(C,A), no39(B,D) 0.36231884058
[DEBUG] rall39(A,B) :- somenot39(C,A), no39(D,C) 0.36231884058
[DEBUG] rall39(A,B) :- all39(A,C), \+some39(C,B) 0.257246376812
[DEBUG] rall39(A,B) :- all39(A,C), \+some39(B,C) 0.257246376812
[DEBUG] rall39(A,B) :- all39(A,C), \+somenot39(C,B) 0.257246376812
[DEBUG] rall39(A,B) :- all39(A,C), \+somenot39(B,C) 0.23745819398
[DEBUG] rall39(A,B) :- all39(B,C), \+some39(A,C) 0.23745819398
[DEBUG] rall39(A,B) :- all39(B,C), \+some39(C,A) 0.23745819398
[DEBUG] rall39(A,B) :- all39(B,C), \+somenot39(C,A) 0.23745819398
[DEBUG] rall39(A,B) :- all39(B,C), \+no39(A,C) 0.22049689441
[DEBUG] rall39(A,B) :- all39(B,C), \+somenot39(A,C) 0.22049689441
[DEBUG] rall39(A,B) :- all39(C,A), \+some39(C,B) 0.205797101449
[DEBUG] rall39(A,B) :- all39(C,A), \+some39(B,C) 0.205797101449
[DEBUG] rall39(A,B) :- all39(C,A), \+no39(B,C) 0.205797101449
[DEBUG] rall39(A,B) :- all39(C,A), \+somenot39(C,B) 0.205797101449
[DEBUG] rall39(A,B) :- all39(C,A), \+somenot39(B,C) 0.205797101449
[DEBUG] rall39(A,B) :- all39(C,B), \+some39(A,C) 0.205797101449
[DEBUG] rall39(A,B) :- all39(C,B), \+some39(C,A) 0.205797101449
[DEBUG] rall39(A,B) :- all39(C,B), \+no39(C,A) 0.205797101449
[DEBUG] rall39(A,B) :- all39(C,B), \+somenot39(A,C) 0.205797101449
[DEBUG] rall39(A,B) :- all39(C,B), \+somenot39(C,A) 0.205797101449
[DEBUG] rall39(A,B) :- all39(A,C), \+all39(C,B) 0.173913043478
[DEBUG] rall39(A,B) :- all39(A,C), \+all39(B,C) 0.173913043478
[DEBUG] rall39(A,B) :- all39(A,C), \+no39(C,B) 0.173913043478
[DEBUG] rall39(A,B) :- all39(B,C), \+all39(A,C) 0.160535117057
[DEBUG] rall39(A,B) :- all39(B,C), \+all39(C,A) 0.160535117057
[DEBUG] rall39(A,B) :- all39(B,C), \+no39(C,A) 0.160535117057
[DEBUG] rall39(A,B) :- no39(B,C), \+all39(C,A) 0.160535117057
[DEBUG] rall39(A,B) :- no39(B,C), \+some39(C,A) 0.160535117057
[DEBUG] rall39(A,B) :- no39(B,C), \+no39(A,C) 0.160535117057
[DEBUG] rall39(A,B) :- no39(B,C), \+no39(C,A) 0.160535117057
[DEBUG] rall39(A,B) :- no39(B,C), \+somenot39(A,C) 0.160535117057
[DEBUG] rall39(A,B) :- no39(C,B), \+some39(A,C) 0.160535117057
[DEBUG] rall39(A,B) :- no39(C,B), \+no39(A,C) 0.160535117057
[DEBUG] rall39(A,B) :- no39(C,B), \+no39(C,A) 0.160535117057
[DEBUG] rall39(A,B) :- no39(C,B), \+somenot39(A,C) 0.160535117057
[DEBUG] rall39(A,B) :- no39(C,B), \+some39(C,A) 0.149068322981
[DEBUG] rall39(A,B) :- no39(C,B), \+somenot39(C,A) 0.149068322981
[DEBUG] rall39(A,B) :- all39(C,A), \+all39(C,B) 0.139130434783
[DEBUG] rall39(A,B) :- all39(C,A), \+all39(B,C) 0.139130434783
[DEBUG] rall39(A,B) :- all39(C,A), \+no39(C,B) 0.139130434783
[DEBUG] rall39(A,B) :- all39(C,B), \+all39(A,C) 0.139130434783
[DEBUG] rall39(A,B) :- all39(C,B), \+all39(C,A) 0.139130434783
[DEBUG] rall39(A,B) :- all39(C,B), \+no39(A,C) 0.139130434783
[DEBUG] rall39(A,B) :- somenot39(C,A), \+all39(C,B) 0.0905797101449
[DEBUG] rall39(A,B) :- somenot39(C,A), \+all39(B,C) 0.0905797101449
[DEBUG] rall39(A,B) :- somenot39(C,A), \+some39(C,B) 0.0905797101449
[DEBUG] rall39(A,B) :- somenot39(C,A), \+some39(B,C) 0.0905797101449
[DEBUG] rall39(A,B) :- somenot39(C,A), \+somenot39(B,C) 0.0905797101449
[DEBUG] rall39(A,B) :- no39(B,C), \+some39(A,C) 0.0
[DEBUG] rall39(A,B) :- no39(B,C), \+somenot39(C,A) 0.0
[DEBUG] rall39(A,B) :- no39(C,B), \+all39(A,C) 0.0
[DEBUG] rall39(A,B) :- no39(C,B), \+all39(C,A) 0.0
[DEBUG] rall39(A,B) :- some39(A,C), \+all39(C,B) 0.0
[DEBUG] rall39(A,B) :- some39(A,C), \+all39(B,C) 0.0
[DEBUG] rall39(A,B) :- some39(A,C), \+some39(C,B) 0.0
[DEBUG] ==================================
[INFO] RULE LEARNED: rall39(A,B) :- all39(A,C), all39(C,B) 0.913793103448
