[LVL9] Output level: 9
[INFO] Random seed: 0.87494691095
[INFO] Computing scores: 0.0493s
[INFO] Number of examples (M): 124
[INFO] Positive weight (P): 10.0000
[INFO] Negative weight (N): 114.0000
[DEBUG] Best rule so far: rno90(A,B) :- true [0.0806451612903]
[DEBUG] Candidates for iteration 1:
[DEBUG] ==================================
[DEBUG] rno90(A,B) :- true 0.0806451612903
[DEBUG] ==================================
[LVL9] rno90(A,B) :- all90(A,C) 0.130040322581 (2.0, 13.0, 101.0, 8.0) 0.693548387097 [ACCEPT]
[LVL9] BETTER RULE rno90(A,B) :- all90(A,C) (0.13004032258064516, 2.0) > (0.08064516129032258, 10.0)
[LVL9] rno90(A,B) :- all90(B,C) 0.130040322581 (2.0, 13.0, 101.0, 8.0) 0.693548387097 [ACCEPT]
[LVL9] rno90(A,B) :- all90(C,A) 0.192540322581 (3.0, 12.0, 102.0, 7.0) 0.770161290323 [ACCEPT]
[LVL9] BETTER RULE rno90(A,B) :- all90(C,A) (0.19254032258064516, 3.0) > (0.13004032258064516, 2.0)
[LVL9] rno90(A,B) :- all90(C,B) 0.0 (1.0, 14.0, 100.0, 9.0) 0.540322580645 [ACCEPT]
[LVL9] rno90(A,B) :- some90(C,A) 0.0 (1.0, 14.0, 100.0, 9.0) 0.540322580645 [ACCEPT]
[LVL9] rno90(A,B) :- some90(C,B) 0.0 (1.0, 14.0, 100.0, 9.0) 0.540322580645 [ACCEPT]
[LVL9] rno90(A,B) :- no90(A,C) 0.0 (1.0, 15.0, 99.0, 9.0) 0.540322580645 [ACCEPT]
[LVL9] rno90(A,B) :- no90(B,C) 0.122390891841 (2.0, 14.0, 100.0, 8.0) 0.693548387097 [ACCEPT]
[LVL9] rno90(A,B) :- no90(C,A) 0.192540322581 (3.0, 12.0, 102.0, 7.0) 0.770161290323 [ACCEPT]
[LVL9] rno90(A,B) :- no90(C,B) 0.255040322581 (4.0, 11.0, 103.0, 6.0) 0.816129032258 [ACCEPT]
[LVL9] BETTER RULE rno90(A,B) :- no90(C,B) (0.2550403225806452, 4.0) > (0.19254032258064516, 3.0)
[DEBUG] Best rule so far: rno90(A,B) :- no90(C,B) [0.255040322581]
[DEBUG] Candidates for iteration 2:
[DEBUG] ==================================
[DEBUG] rno90(A,B) :- no90(C,B) 0.255040322581
[DEBUG] rno90(A,B) :- all90(C,A) 0.192540322581
[DEBUG] rno90(A,B) :- no90(C,A) 0.192540322581
[DEBUG] rno90(A,B) :- all90(A,C) 0.130040322581
[DEBUG] rno90(A,B) :- all90(B,C) 0.130040322581
[DEBUG] rno90(A,B) :- no90(B,C) 0.122390891841
[DEBUG] rno90(A,B) :- all90(C,B) 0.0
[DEBUG] rno90(A,B) :- some90(C,A) 0.0
[DEBUG] rno90(A,B) :- some90(C,B) 0.0
[DEBUG] rno90(A,B) :- no90(A,C) 0.0
[DEBUG] ==================================
[LVL9] rno90(A,B) :- no90(C,B), all90(A,C) 0.360215053763 (1.0, 1.0, 113.0, 9.0) 0.540322580645 [ACCEPT]
[LVL9] BETTER RULE rno90(A,B) :- no90(C,B), all90(A,C) (0.3602150537634408, 1.0) > (0.2550403225806452, 4.0)
[LVL9] rno90(A,B) :- no90(C,B), all90(C,A) 0.360215053763 (1.0, 1.0, 113.0, 9.0) 0.540322580645 [ACCEPT]
[LVL9] rno90(A,B) :- no90(C,B), all90(A,D) 0.360215053763 (1.0, 1.0, 113.0, 9.0) 0.540322580645 [ACCEPT]
[LVL9] rno90(A,B) :- no90(C,B), all90(C,D) 0.360215053763 (1.0, 1.0, 113.0, 9.0) 0.540322580645 [ACCEPT]
[LVL9] rno90(A,B) :- no90(C,B), all90(D,A) 0.360215053763 (1.0, 1.0, 113.0, 9.0) 0.540322580645 [ACCEPT]
[LVL9] rno90(A,B) :- no90(C,B), all90(D,C) 0.360215053763 (1.0, 1.0, 113.0, 9.0) 0.540322580645 [ACCEPT]
[LVL9] rno90(A,B) :- no90(C,B), some90(C,A) 0.540322580645 (1.0, 0.0, 114.0, 9.0) 0.540322580645 [REJECT* fp] 0.0
[LVL9] BETTER RULE rno90(A,B) :- no90(C,B), some90(C,A) (0.5403225806451613, 1.0) > (0.3602150537634408, 1.0)
[LVL9] rno90(A,B) :- no90(C,B), \+all90(A,C) 0.220046082949 (3.0, 10.0, 104.0, 7.0) 0.770161290323 [ACCEPT]
[LVL9] rno90(A,B) :- no90(C,B), \+all90(C,A) 0.220046082949 (3.0, 10.0, 104.0, 7.0) 0.770161290323 [ACCEPT]
[LVL9] rno90(A,B) :- no90(C,B), \+some90(A,C) 0.291474654378 (4.0, 9.0, 105.0, 6.0) 0.816129032258 [ACCEPT]
[LVL9] rno90(A,B) :- no90(C,B), \+no90(A,C) 0.291474654378 (4.0, 9.0, 105.0, 6.0) 0.816129032258 [ACCEPT]
[LVL9] rno90(A,B) :- no90(C,B), \+no90(C,A) 0.220046082949 (3.0, 10.0, 104.0, 7.0) 0.770161290323 [ACCEPT]
[LVL9] rno90(A,B) :- no90(C,B), \+somenot90(A,C) 0.291474654378 (4.0, 9.0, 105.0, 6.0) 0.816129032258 [ACCEPT]
[LVL9] rno90(A,B) :- no90(C,B), \+somenot90(C,A) 0.291474654378 (4.0, 9.0, 105.0, 6.0) 0.816129032258 [ACCEPT]
[LVL9] rno90(A,B) :- all90(C,A), \+all90(C,B) 0.220046082949 (3.0, 10.0, 104.0, 7.0) 0.770161290323 [ACCEPT]
[LVL9] rno90(A,B) :- all90(C,A), \+some90(C,B) 0.220046082949 (3.0, 10.0, 104.0, 7.0) 0.770161290323 [ACCEPT]
[LVL9] rno90(A,B) :- all90(C,A), \+some90(B,C) 0.220046082949 (3.0, 10.0, 104.0, 7.0) 0.770161290323 [ACCEPT]
[LVL9] rno90(A,B) :- all90(C,A), \+no90(C,B) 0.148617511521 (2.0, 11.0, 103.0, 8.0) 0.693548387097 [ACCEPT]
[LVL9] rno90(A,B) :- all90(C,A), \+no90(B,C) 0.148617511521 (2.0, 11.0, 103.0, 8.0) 0.693548387097 [ACCEPT]
[LVL9] rno90(A,B) :- all90(C,A), \+somenot90(C,B) 0.220046082949 (3.0, 10.0, 104.0, 7.0) 0.770161290323 [ACCEPT]
[LVL9] rno90(A,B) :- all90(C,A), \+somenot90(B,C) 0.220046082949 (3.0, 10.0, 104.0, 7.0) 0.770161290323 [ACCEPT]
[LVL9] rno90(A,B) :- no90(C,A), \+all90(C,B) 0.148617511521 (2.0, 11.0, 103.0, 8.0) 0.693548387097 [ACCEPT]
[LVL9] rno90(A,B) :- no90(C,A), \+all90(B,C) 0.148617511521 (2.0, 11.0, 103.0, 8.0) 0.693548387097 [ACCEPT]
[LVL9] rno90(A,B) :- no90(C,A), \+some90(C,B) 0.205376344086 (3.0, 11.0, 103.0, 7.0) 0.770161290323 [ACCEPT]
[LVL9] rno90(A,B) :- no90(C,A), \+some90(B,C) 0.220046082949 (3.0, 10.0, 104.0, 7.0) 0.770161290323 [ACCEPT]
[LVL9] rno90(A,B) :- no90(C,A), \+no90(C,B) 0.148617511521 (2.0, 11.0, 103.0, 8.0) 0.693548387097 [ACCEPT]
[LVL9] rno90(A,B) :- no90(C,A), \+no90(B,C) 0.220046082949 (3.0, 10.0, 104.0, 7.0) 0.770161290323 [ACCEPT]
[LVL9] rno90(A,B) :- no90(C,A), \+somenot90(C,B) 0.220046082949 (3.0, 10.0, 104.0, 7.0) 0.770161290323 [ACCEPT]
[LVL9] rno90(A,B) :- no90(C,A), \+somenot90(B,C) 0.220046082949 (3.0, 10.0, 104.0, 7.0) 0.770161290323 [ACCEPT]
[LVL9] rno90(A,B) :- all90(A,C), \+all90(C,B) 0.138709677419 (2.0, 12.0, 102.0, 8.0) 0.693548387097 [ACCEPT]
[LVL9] rno90(A,B) :- all90(A,C), \+all90(B,C) 0.148617511521 (2.0, 11.0, 103.0, 8.0) 0.693548387097 [ACCEPT]
[LVL9] rno90(A,B) :- all90(A,C), \+some90(C,B) 0.148617511521 (2.0, 11.0, 103.0, 8.0) 0.693548387097 [ACCEPT]
[LVL9] rno90(A,B) :- all90(A,C), \+some90(B,C) 0.148617511521 (2.0, 11.0, 103.0, 8.0) 0.693548387097 [ACCEPT]
[LVL9] rno90(A,B) :- all90(A,C), \+somenot90(C,B) 0.148617511521 (2.0, 11.0, 103.0, 8.0) 0.693548387097 [ACCEPT]
[LVL9] rno90(A,B) :- all90(A,C), \+somenot90(B,C) 0.148617511521 (2.0, 11.0, 103.0, 8.0) 0.693548387097 [ACCEPT]
[LVL9] rno90(A,B) :- all90(B,C), \+all90(A,C) 0.148617511521 (2.0, 11.0, 103.0, 8.0) 0.693548387097 [ACCEPT]
[LVL9] rno90(A,B) :- all90(B,C), \+some90(A,C) 0.148617511521 (2.0, 11.0, 103.0, 8.0) 0.693548387097 [ACCEPT]
[LVL9] rno90(A,B) :- all90(B,C), \+some90(C,A) 0.148617511521 (2.0, 11.0, 103.0, 8.0) 0.693548387097 [ACCEPT]
[LVL9] rno90(A,B) :- all90(B,C), \+no90(A,C) 0.148617511521 (2.0, 11.0, 103.0, 8.0) 0.693548387097 [ACCEPT]
[LVL9] rno90(A,B) :- all90(B,C), \+somenot90(A,C) 0.148617511521 (2.0, 11.0, 103.0, 8.0) 0.693548387097 [ACCEPT]
[LVL9] rno90(A,B) :- all90(B,C), \+somenot90(C,A) 0.148617511521 (2.0, 11.0, 103.0, 8.0) 0.693548387097 [ACCEPT]
[LVL9] rno90(A,B) :- no90(B,C), \+some90(A,C) 0.138709677419 (2.0, 12.0, 102.0, 8.0) 0.693548387097 [ACCEPT]
[LVL9] rno90(A,B) :- no90(B,C), \+some90(C,A) 0.138709677419 (2.0, 12.0, 102.0, 8.0) 0.693548387097 [ACCEPT]
[LVL9] rno90(A,B) :- no90(B,C), \+no90(A,C) 0.138709677419 (2.0, 12.0, 102.0, 8.0) 0.693548387097 [ACCEPT]
[LVL9] rno90(A,B) :- no90(B,C), \+no90(C,A) 0.138709677419 (2.0, 12.0, 102.0, 8.0) 0.693548387097 [ACCEPT]
[LVL9] rno90(A,B) :- no90(B,C), \+somenot90(A,C) 0.138709677419 (2.0, 12.0, 102.0, 8.0) 0.693548387097 [ACCEPT]
[LVL9] rno90(A,B) :- no90(B,C), \+somenot90(C,A) 0.138709677419 (2.0, 12.0, 102.0, 8.0) 0.693548387097 [ACCEPT]
[DEBUG] Best rule so far: rno90(A,B) :- no90(C,B), some90(C,A) [0.540322580645]
[DEBUG] Candidates for iteration 3:
[DEBUG] ==================================
[DEBUG] rno90(A,B) :- no90(C,B), all90(A,C) 0.360215053763
[DEBUG] rno90(A,B) :- no90(C,B), all90(C,A) 0.360215053763
[DEBUG] rno90(A,B) :- no90(C,B), all90(A,D) 0.360215053763
[DEBUG] rno90(A,B) :- no90(C,B), all90(C,D) 0.360215053763
[DEBUG] rno90(A,B) :- no90(C,B), all90(D,A) 0.360215053763
[DEBUG] rno90(A,B) :- no90(C,B), all90(D,C) 0.360215053763
[DEBUG] rno90(A,B) :- no90(C,B), \+some90(A,C) 0.291474654378
[DEBUG] rno90(A,B) :- no90(C,B), \+no90(A,C) 0.291474654378
[DEBUG] rno90(A,B) :- no90(C,B), \+somenot90(A,C) 0.291474654378
[DEBUG] rno90(A,B) :- no90(C,B), \+somenot90(C,A) 0.291474654378
[DEBUG] rno90(A,B) :- no90(C,B), \+all90(A,C) 0.220046082949
[DEBUG] rno90(A,B) :- no90(C,B), \+all90(C,A) 0.220046082949
[DEBUG] rno90(A,B) :- no90(C,B), \+no90(C,A) 0.220046082949
[DEBUG] rno90(A,B) :- all90(C,A), \+all90(C,B) 0.220046082949
[DEBUG] rno90(A,B) :- all90(C,A), \+some90(C,B) 0.220046082949
[DEBUG] rno90(A,B) :- all90(C,A), \+some90(B,C) 0.220046082949
[DEBUG] rno90(A,B) :- all90(C,A), \+somenot90(C,B) 0.220046082949
[DEBUG] rno90(A,B) :- all90(C,A), \+somenot90(B,C) 0.220046082949
[DEBUG] rno90(A,B) :- no90(C,A), \+some90(B,C) 0.220046082949
[DEBUG] rno90(A,B) :- no90(C,A), \+no90(B,C) 0.220046082949
[DEBUG] rno90(A,B) :- no90(C,A), \+somenot90(C,B) 0.220046082949
[DEBUG] rno90(A,B) :- no90(C,A), \+somenot90(B,C) 0.220046082949
[DEBUG] rno90(A,B) :- no90(C,A), \+some90(C,B) 0.205376344086
[DEBUG] rno90(A,B) :- all90(C,A), \+no90(C,B) 0.148617511521
[DEBUG] rno90(A,B) :- all90(C,A), \+no90(B,C) 0.148617511521
[DEBUG] rno90(A,B) :- no90(C,A), \+all90(C,B) 0.148617511521
[DEBUG] rno90(A,B) :- no90(C,A), \+all90(B,C) 0.148617511521
[DEBUG] rno90(A,B) :- no90(C,A), \+no90(C,B) 0.148617511521
[DEBUG] rno90(A,B) :- all90(A,C), \+all90(B,C) 0.148617511521
[DEBUG] rno90(A,B) :- all90(A,C), \+some90(C,B) 0.148617511521
[DEBUG] rno90(A,B) :- all90(A,C), \+some90(B,C) 0.148617511521
[DEBUG] rno90(A,B) :- all90(A,C), \+somenot90(C,B) 0.148617511521
[DEBUG] rno90(A,B) :- all90(A,C), \+somenot90(B,C) 0.148617511521
[DEBUG] rno90(A,B) :- all90(B,C), \+all90(A,C) 0.148617511521
[DEBUG] rno90(A,B) :- all90(B,C), \+some90(A,C) 0.148617511521
[DEBUG] rno90(A,B) :- all90(B,C), \+some90(C,A) 0.148617511521
[DEBUG] rno90(A,B) :- all90(B,C), \+no90(A,C) 0.148617511521
[DEBUG] rno90(A,B) :- all90(B,C), \+somenot90(A,C) 0.148617511521
[DEBUG] rno90(A,B) :- all90(B,C), \+somenot90(C,A) 0.148617511521
[DEBUG] rno90(A,B) :- all90(A,C), \+all90(C,B) 0.138709677419
[DEBUG] rno90(A,B) :- no90(B,C), \+some90(A,C) 0.138709677419
[DEBUG] rno90(A,B) :- no90(B,C), \+some90(C,A) 0.138709677419
[DEBUG] rno90(A,B) :- no90(B,C), \+no90(A,C) 0.138709677419
[DEBUG] rno90(A,B) :- no90(B,C), \+no90(C,A) 0.138709677419
[DEBUG] rno90(A,B) :- no90(B,C), \+somenot90(A,C) 0.138709677419
[DEBUG] rno90(A,B) :- no90(B,C), \+somenot90(C,A) 0.138709677419
[DEBUG] ==================================
[INFO] RULE LEARNED: rno90(A,B) :- no90(C,B), some90(C,A) 0.927419354839
[DEBUG] Best rule so far: rno90(A,B) :- true [0.0731707317073]
[DEBUG] Candidates for iteration 1:
[DEBUG] ==================================
[DEBUG] rno90(A,B) :- true 0.0731707317073
[DEBUG] ==================================
[LVL9] rno90(A,B) :- all90(A,C) 0.129573170732 (3.0, 13.0, 101.0, 7.0) 0.691056910569 [ACCEPT]
[LVL9] BETTER RULE rno90(A,B) :- all90(A,C) (0.12957317073170732, 3.0) > (0.07317073170731707, 10.0)
[LVL9] rno90(A,B) :- all90(B,C) 0.129573170732 (3.0, 13.0, 101.0, 7.0) 0.691056910569 [ACCEPT]
[LVL9] rno90(A,B) :- all90(C,A) 0.192073170732 (4.0, 12.0, 102.0, 6.0) 0.768292682927 [ACCEPT]
[LVL9] BETTER RULE rno90(A,B) :- all90(C,A) (0.19207317073170732, 4.0) > (0.12957317073170732, 3.0)
[LVL9] rno90(A,B) :- all90(C,B) 0.0 (2.0, 14.0, 100.0, 8.0) 0.536585365854 [ACCEPT]
[LVL9] rno90(A,B) :- some90(C,B) 0.0 (2.0, 14.0, 100.0, 8.0) 0.536585365854 [ACCEPT]
[LVL9] rno90(A,B) :- no90(A,C) 0.0 (2.0, 15.0, 99.0, 8.0) 0.536585365854 [ACCEPT]
[LVL9] rno90(A,B) :- no90(B,C) 0.121951219512 (3.0, 14.0, 100.0, 7.0) 0.691056910569 [ACCEPT]
[LVL9] rno90(A,B) :- no90(C,A) 0.192073170732 (4.0, 12.0, 102.0, 6.0) 0.768292682927 [ACCEPT]
[LVL9] rno90(A,B) :- no90(C,B) 0.20487804878 (4.0, 11.0, 103.0, 6.0) 0.768292682927 [ACCEPT]
[LVL9] BETTER RULE rno90(A,B) :- no90(C,B) (0.20487804878048782, 4.0) > (0.19207317073170732, 4.0)
[DEBUG] Best rule so far: rno90(A,B) :- no90(C,B) [0.20487804878]
[DEBUG] Candidates for iteration 2:
[DEBUG] ==================================
[DEBUG] rno90(A,B) :- no90(C,B) 0.20487804878
[DEBUG] rno90(A,B) :- all90(C,A) 0.192073170732
[DEBUG] rno90(A,B) :- no90(C,A) 0.192073170732
[DEBUG] rno90(A,B) :- all90(A,C) 0.129573170732
[DEBUG] rno90(A,B) :- all90(B,C) 0.129573170732
[DEBUG] rno90(A,B) :- no90(B,C) 0.121951219512
[DEBUG] rno90(A,B) :- all90(C,B) 0.0
[DEBUG] rno90(A,B) :- some90(C,B) 0.0
[DEBUG] rno90(A,B) :- no90(A,C) 0.0
[DEBUG] ==================================
[LVL9] rno90(A,B) :- no90(C,B), all90(A,C) 0.357723577236 (2.0, 1.0, 113.0, 8.0) 0.536585365854 [ACCEPT]
[LVL9] BETTER RULE rno90(A,B) :- no90(C,B), all90(A,C) (0.35772357723577236, 2.0) > (0.20487804878048782, 4.0)
[LVL9] rno90(A,B) :- no90(C,B), all90(C,A) 0.357723577236 (2.0, 1.0, 113.0, 8.0) 0.536585365854 [ACCEPT]
[LVL9] rno90(A,B) :- no90(C,B), all90(A,D) 0.357723577236 (2.0, 1.0, 113.0, 8.0) 0.536585365854 [ACCEPT]
[LVL9] rno90(A,B) :- no90(C,B), all90(C,D) 0.357723577236 (2.0, 1.0, 113.0, 8.0) 0.536585365854 [ACCEPT]
[LVL9] rno90(A,B) :- no90(C,B), all90(D,A) 0.357723577236 (2.0, 1.0, 113.0, 8.0) 0.536585365854 [ACCEPT]
[LVL9] rno90(A,B) :- no90(C,B), all90(D,C) 0.357723577236 (2.0, 1.0, 113.0, 8.0) 0.536585365854 [ACCEPT]
[LVL9] rno90(A,B) :- no90(C,B), no90(C,A) 0.357723577236 (2.0, 1.0, 113.0, 8.0) 0.536585365854 [ACCEPT]
[LVL9] rno90(A,B) :- no90(C,B), no90(D,A) 0.357723577236 (2.0, 1.0, 113.0, 8.0) 0.536585365854 [ACCEPT]
[LVL9] rno90(A,B) :- no90(C,B), \+all90(A,C) 0.15947467167 (3.0, 10.0, 104.0, 7.0) 0.691056910569 [ACCEPT]
[LVL9] rno90(A,B) :- no90(C,B), \+all90(C,A) 0.15947467167 (3.0, 10.0, 104.0, 7.0) 0.691056910569 [ACCEPT]
[LVL9] rno90(A,B) :- no90(C,B), \+some90(A,C) 0.236397748593 (4.0, 9.0, 105.0, 6.0) 0.768292682927 [ACCEPT]
[LVL9] rno90(A,B) :- no90(C,B), \+no90(A,C) 0.236397748593 (4.0, 9.0, 105.0, 6.0) 0.768292682927 [ACCEPT]
[LVL9] rno90(A,B) :- no90(C,B), \+no90(C,A) 0.15947467167 (3.0, 10.0, 104.0, 7.0) 0.691056910569 [ACCEPT]
[LVL9] rno90(A,B) :- no90(C,B), \+somenot90(A,C) 0.236397748593 (4.0, 9.0, 105.0, 6.0) 0.768292682927 [ACCEPT]
[LVL9] rno90(A,B) :- no90(C,B), \+somenot90(C,A) 0.236397748593 (4.0, 9.0, 105.0, 6.0) 0.768292682927 [ACCEPT]
[LVL9] rno90(A,B) :- all90(C,A), all90(B,C) 0.536585365854 (2.0, 0.0, 114.0, 8.0) 0.536585365854 [REJECT* fp] 1.0
[LVL9] BETTER RULE rno90(A,B) :- all90(C,A), all90(B,C) (0.5365853658536586, 2.0) > (0.35772357723577236, 2.0)
[LVL9] rno90(A,B) :- all90(C,A), \+all90(C,B) 0.219512195122 (4.0, 10.0, 104.0, 6.0) 0.768292682927 [ACCEPT]
[LVL9] rno90(A,B) :- all90(C,A), \+some90(C,B) 0.219512195122 (4.0, 10.0, 104.0, 6.0) 0.768292682927 [ACCEPT]
[LVL9] rno90(A,B) :- all90(C,A), \+some90(B,C) 0.219512195122 (4.0, 10.0, 104.0, 6.0) 0.768292682927 [ACCEPT]
[LVL9] rno90(A,B) :- all90(C,A), \+no90(C,B) 0.148083623693 (3.0, 11.0, 103.0, 7.0) 0.691056910569 [ACCEPT]
[LVL9] rno90(A,B) :- all90(C,A), \+no90(B,C) 0.148083623693 (3.0, 11.0, 103.0, 7.0) 0.691056910569 [ACCEPT]
[LVL9] rno90(A,B) :- all90(C,A), \+somenot90(C,B) 0.219512195122 (4.0, 10.0, 104.0, 6.0) 0.768292682927 [ACCEPT]
[LVL9] rno90(A,B) :- all90(C,A), \+somenot90(B,C) 0.219512195122 (4.0, 10.0, 104.0, 6.0) 0.768292682927 [ACCEPT]
[LVL9] rno90(A,B) :- no90(C,A), \+all90(C,B) 0.148083623693 (3.0, 11.0, 103.0, 7.0) 0.691056910569 [ACCEPT]
[LVL9] rno90(A,B) :- no90(C,A), \+all90(B,C) 0.148083623693 (3.0, 11.0, 103.0, 7.0) 0.691056910569 [ACCEPT]
[LVL9] rno90(A,B) :- no90(C,A), \+some90(C,B) 0.20487804878 (4.0, 11.0, 103.0, 6.0) 0.768292682927 [ACCEPT]
[LVL9] rno90(A,B) :- no90(C,A), \+some90(B,C) 0.219512195122 (4.0, 10.0, 104.0, 6.0) 0.768292682927 [ACCEPT]
[LVL9] rno90(A,B) :- no90(C,A), \+no90(C,B) 0.148083623693 (3.0, 11.0, 103.0, 7.0) 0.691056910569 [ACCEPT]
[LVL9] rno90(A,B) :- no90(C,A), \+no90(B,C) 0.219512195122 (4.0, 10.0, 104.0, 6.0) 0.768292682927 [ACCEPT]
[LVL9] rno90(A,B) :- no90(C,A), \+somenot90(C,B) 0.219512195122 (4.0, 10.0, 104.0, 6.0) 0.768292682927 [ACCEPT]
[LVL9] rno90(A,B) :- no90(C,A), \+somenot90(B,C) 0.219512195122 (4.0, 10.0, 104.0, 6.0) 0.768292682927 [ACCEPT]
[LVL9] rno90(A,B) :- all90(A,C), \+all90(C,B) 0.138211382114 (3.0, 12.0, 102.0, 7.0) 0.691056910569 [ACCEPT]
[LVL9] rno90(A,B) :- all90(A,C), \+all90(B,C) 0.148083623693 (3.0, 11.0, 103.0, 7.0) 0.691056910569 [ACCEPT]
[LVL9] rno90(A,B) :- all90(A,C), \+some90(C,B) 0.148083623693 (3.0, 11.0, 103.0, 7.0) 0.691056910569 [ACCEPT]
[LVL9] rno90(A,B) :- all90(A,C), \+some90(B,C) 0.148083623693 (3.0, 11.0, 103.0, 7.0) 0.691056910569 [ACCEPT]
[LVL9] rno90(A,B) :- all90(A,C), \+somenot90(C,B) 0.148083623693 (3.0, 11.0, 103.0, 7.0) 0.691056910569 [ACCEPT]
[LVL9] rno90(A,B) :- all90(A,C), \+somenot90(B,C) 0.148083623693 (3.0, 11.0, 103.0, 7.0) 0.691056910569 [ACCEPT]
[LVL9] rno90(A,B) :- all90(B,C), \+all90(A,C) 0.148083623693 (3.0, 11.0, 103.0, 7.0) 0.691056910569 [ACCEPT]
[LVL9] rno90(A,B) :- all90(B,C), \+some90(A,C) 0.148083623693 (3.0, 11.0, 103.0, 7.0) 0.691056910569 [ACCEPT]
[LVL9] rno90(A,B) :- all90(B,C), \+some90(C,A) 0.148083623693 (3.0, 11.0, 103.0, 7.0) 0.691056910569 [ACCEPT]
[LVL9] rno90(A,B) :- all90(B,C), \+no90(A,C) 0.148083623693 (3.0, 11.0, 103.0, 7.0) 0.691056910569 [ACCEPT]
[LVL9] rno90(A,B) :- all90(B,C), \+somenot90(A,C) 0.148083623693 (3.0, 11.0, 103.0, 7.0) 0.691056910569 [ACCEPT]
[LVL9] rno90(A,B) :- all90(B,C), \+somenot90(C,A) 0.148083623693 (3.0, 11.0, 103.0, 7.0) 0.691056910569 [ACCEPT]
[LVL9] rno90(A,B) :- no90(B,C), \+some90(A,C) 0.138211382114 (3.0, 12.0, 102.0, 7.0) 0.691056910569 [ACCEPT]
[LVL9] rno90(A,B) :- no90(B,C), \+some90(C,A) 0.138211382114 (3.0, 12.0, 102.0, 7.0) 0.691056910569 [ACCEPT]
[LVL9] rno90(A,B) :- no90(B,C), \+no90(A,C) 0.138211382114 (3.0, 12.0, 102.0, 7.0) 0.691056910569 [ACCEPT]
[LVL9] rno90(A,B) :- no90(B,C), \+no90(C,A) 0.138211382114 (3.0, 12.0, 102.0, 7.0) 0.691056910569 [ACCEPT]
[LVL9] rno90(A,B) :- no90(B,C), \+somenot90(A,C) 0.138211382114 (3.0, 12.0, 102.0, 7.0) 0.691056910569 [ACCEPT]
[LVL9] rno90(A,B) :- no90(B,C), \+somenot90(C,A) 0.138211382114 (3.0, 12.0, 102.0, 7.0) 0.691056910569 [ACCEPT]
[DEBUG] Best rule so far: rno90(A,B) :- all90(C,A), all90(B,C) [0.536585365854]
[DEBUG] Candidates for iteration 3:
[DEBUG] ==================================
[DEBUG] rno90(A,B) :- no90(C,B), all90(A,C) 0.357723577236
[DEBUG] rno90(A,B) :- no90(C,B), all90(C,A) 0.357723577236
[DEBUG] rno90(A,B) :- no90(C,B), all90(A,D) 0.357723577236
[DEBUG] rno90(A,B) :- no90(C,B), all90(C,D) 0.357723577236
[DEBUG] rno90(A,B) :- no90(C,B), all90(D,A) 0.357723577236
[DEBUG] rno90(A,B) :- no90(C,B), all90(D,C) 0.357723577236
[DEBUG] rno90(A,B) :- no90(C,B), no90(C,A) 0.357723577236
[DEBUG] rno90(A,B) :- no90(C,B), no90(D,A) 0.357723577236
[DEBUG] rno90(A,B) :- no90(C,B), \+some90(A,C) 0.236397748593
[DEBUG] rno90(A,B) :- no90(C,B), \+no90(A,C) 0.236397748593
[DEBUG] rno90(A,B) :- no90(C,B), \+somenot90(A,C) 0.236397748593
[DEBUG] rno90(A,B) :- no90(C,B), \+somenot90(C,A) 0.236397748593
[DEBUG] rno90(A,B) :- all90(C,A), \+all90(C,B) 0.219512195122
[DEBUG] rno90(A,B) :- all90(C,A), \+some90(C,B) 0.219512195122
[DEBUG] rno90(A,B) :- all90(C,A), \+some90(B,C) 0.219512195122
[DEBUG] rno90(A,B) :- all90(C,A), \+somenot90(C,B) 0.219512195122
[DEBUG] rno90(A,B) :- all90(C,A), \+somenot90(B,C) 0.219512195122
[DEBUG] rno90(A,B) :- no90(C,A), \+some90(B,C) 0.219512195122
[DEBUG] rno90(A,B) :- no90(C,A), \+no90(B,C) 0.219512195122
[DEBUG] rno90(A,B) :- no90(C,A), \+somenot90(C,B) 0.219512195122
[DEBUG] rno90(A,B) :- no90(C,A), \+somenot90(B,C) 0.219512195122
[DEBUG] rno90(A,B) :- no90(C,A), \+some90(C,B) 0.20487804878
[DEBUG] rno90(A,B) :- no90(C,B), \+all90(A,C) 0.15947467167
[DEBUG] rno90(A,B) :- no90(C,B), \+all90(C,A) 0.15947467167
[DEBUG] rno90(A,B) :- no90(C,B), \+no90(C,A) 0.15947467167
[DEBUG] rno90(A,B) :- all90(C,A), \+no90(C,B) 0.148083623693
[DEBUG] rno90(A,B) :- all90(C,A), \+no90(B,C) 0.148083623693
[DEBUG] rno90(A,B) :- no90(C,A), \+all90(C,B) 0.148083623693
[DEBUG] rno90(A,B) :- no90(C,A), \+all90(B,C) 0.148083623693
[DEBUG] rno90(A,B) :- no90(C,A), \+no90(C,B) 0.148083623693
[DEBUG] rno90(A,B) :- all90(A,C), \+all90(B,C) 0.148083623693
[DEBUG] rno90(A,B) :- all90(A,C), \+some90(C,B) 0.148083623693
[DEBUG] rno90(A,B) :- all90(A,C), \+some90(B,C) 0.148083623693
[DEBUG] rno90(A,B) :- all90(A,C), \+somenot90(C,B) 0.148083623693
[DEBUG] rno90(A,B) :- all90(A,C), \+somenot90(B,C) 0.148083623693
[DEBUG] rno90(A,B) :- all90(B,C), \+all90(A,C) 0.148083623693
[DEBUG] rno90(A,B) :- all90(B,C), \+some90(A,C) 0.148083623693
[DEBUG] rno90(A,B) :- all90(B,C), \+some90(C,A) 0.148083623693
[DEBUG] rno90(A,B) :- all90(B,C), \+no90(A,C) 0.148083623693
[DEBUG] rno90(A,B) :- all90(B,C), \+somenot90(A,C) 0.148083623693
[DEBUG] rno90(A,B) :- all90(B,C), \+somenot90(C,A) 0.148083623693
[DEBUG] rno90(A,B) :- all90(A,C), \+all90(C,B) 0.138211382114
[DEBUG] rno90(A,B) :- no90(B,C), \+some90(A,C) 0.138211382114
[DEBUG] rno90(A,B) :- no90(B,C), \+some90(C,A) 0.138211382114
[DEBUG] rno90(A,B) :- no90(B,C), \+no90(A,C) 0.138211382114
[DEBUG] rno90(A,B) :- no90(B,C), \+no90(C,A) 0.138211382114
[DEBUG] rno90(A,B) :- no90(B,C), \+somenot90(A,C) 0.138211382114
[DEBUG] rno90(A,B) :- no90(B,C), \+somenot90(C,A) 0.138211382114
[DEBUG] ==================================
[INFO] RULE LEARNED: rno90(A,B) :- all90(C,A), all90(B,C) 0.935483870968
[DEBUG] Best rule so far: rno90(A,B) :- true [0.0]
[DEBUG] Candidates for iteration 1:
[DEBUG] ==================================
[DEBUG] rno90(A,B) :- true 0.0
[DEBUG] ==================================
[LVL9] rno90(A,B) :- all90(A,C) 0.129098360656 (4.0, 13.0, 101.0, 6.0) 0.688524590164 [ACCEPT]
[LVL9] BETTER RULE rno90(A,B) :- all90(A,C) (0.1290983606557377, 4.0) > (0.0, 10.0)
[LVL9] rno90(A,B) :- all90(B,C) 0.0710382513661 (3.0, 13.0, 101.0, 7.0) 0.532786885246 [ACCEPT]
[LVL9] rno90(A,B) :- all90(C,A) 0.137704918033 (4.0, 12.0, 102.0, 6.0) 0.688524590164 [ACCEPT]
[LVL9] BETTER RULE rno90(A,B) :- all90(C,A) (0.1377049180327869, 4.0) > (0.1290983606557377, 4.0)
[LVL9] rno90(A,B) :- all90(C,B) 0.0665983606557 (3.0, 14.0, 100.0, 7.0) 0.532786885246 [ACCEPT]
[LVL9] rno90(A,B) :- some90(C,B) 0.0665983606557 (3.0, 14.0, 100.0, 7.0) 0.532786885246 [ACCEPT]
[LVL9] rno90(A,B) :- no90(A,C) 0.0 (3.0, 15.0, 99.0, 7.0) 0.532786885246 [ACCEPT]
[LVL9] rno90(A,B) :- no90(B,C) 0.121504339441 (4.0, 14.0, 100.0, 6.0) 0.688524590164 [ACCEPT]
[LVL9] rno90(A,B) :- no90(C,A) 0.191598360656 (5.0, 12.0, 102.0, 5.0) 0.766393442623 [ACCEPT]
[LVL9] BETTER RULE rno90(A,B) :- no90(C,A) (0.1915983606557377, 5.0) > (0.1377049180327869, 4.0)
[LVL9] rno90(A,B) :- no90(C,B) 0.204371584699 (5.0, 11.0, 103.0, 5.0) 0.766393442623 [ACCEPT]
[LVL9] BETTER RULE rno90(A,B) :- no90(C,B) (0.20437158469945355, 5.0) > (0.1915983606557377, 5.0)
[DEBUG] Best rule so far: rno90(A,B) :- no90(C,B) [0.204371584699]
[DEBUG] Candidates for iteration 2:
[DEBUG] ==================================
[DEBUG] rno90(A,B) :- no90(C,B) 0.204371584699
[DEBUG] rno90(A,B) :- no90(C,A) 0.191598360656
[DEBUG] rno90(A,B) :- all90(C,A) 0.137704918033
[DEBUG] rno90(A,B) :- all90(A,C) 0.129098360656
[DEBUG] rno90(A,B) :- no90(B,C) 0.121504339441
[DEBUG] rno90(A,B) :- all90(B,C) 0.0710382513661
[DEBUG] rno90(A,B) :- all90(C,B) 0.0665983606557
[DEBUG] rno90(A,B) :- some90(C,B) 0.0665983606557
[DEBUG] rno90(A,B) :- no90(A,C) 0.0
[DEBUG] ==================================
[LVL9] rno90(A,B) :- no90(C,B), all90(A,C) 0.355191256831 (3.0, 1.0, 113.0, 7.0) 0.532786885246 [ACCEPT]
[LVL9] BETTER RULE rno90(A,B) :- no90(C,B), all90(A,C) (0.3551912568306011, 3.0) > (0.20437158469945355, 5.0)
[LVL9] rno90(A,B) :- no90(C,B), all90(C,A) 0.355191256831 (3.0, 1.0, 113.0, 7.0) 0.532786885246 [ACCEPT]
[LVL9] rno90(A,B) :- no90(C,B), all90(A,D) 0.355191256831 (3.0, 1.0, 113.0, 7.0) 0.532786885246 [ACCEPT]
[LVL9] rno90(A,B) :- no90(C,B), all90(C,D) 0.355191256831 (3.0, 1.0, 113.0, 7.0) 0.532786885246 [ACCEPT]
[LVL9] rno90(A,B) :- no90(C,B), all90(D,A) 0.355191256831 (3.0, 1.0, 113.0, 7.0) 0.532786885246 [ACCEPT]
[LVL9] rno90(A,B) :- no90(C,B), all90(D,C) 0.355191256831 (3.0, 1.0, 113.0, 7.0) 0.532786885246 [ACCEPT]
[LVL9] rno90(A,B) :- no90(C,B), no90(C,A) 0.355191256831 (3.0, 1.0, 113.0, 7.0) 0.532786885246 [ACCEPT]
[LVL9] rno90(A,B) :- no90(C,B), no90(D,A) 0.355191256831 (3.0, 1.0, 113.0, 7.0) 0.532786885246 [ACCEPT]
[LVL9] rno90(A,B) :- no90(C,B), \+all90(A,C) 0.158890290038 (4.0, 10.0, 104.0, 6.0) 0.688524590164 [ACCEPT]
[LVL9] rno90(A,B) :- no90(C,B), \+all90(C,A) 0.158890290038 (4.0, 10.0, 104.0, 6.0) 0.688524590164 [ACCEPT]
[LVL9] rno90(A,B) :- no90(C,B), \+some90(A,C) 0.235813366961 (5.0, 9.0, 105.0, 5.0) 0.766393442623 [ACCEPT]
[LVL9] rno90(A,B) :- no90(C,B), \+no90(A,C) 0.235813366961 (5.0, 9.0, 105.0, 5.0) 0.766393442623 [ACCEPT]
[LVL9] rno90(A,B) :- no90(C,B), \+no90(C,A) 0.158890290038 (4.0, 10.0, 104.0, 6.0) 0.688524590164 [ACCEPT]
[LVL9] rno90(A,B) :- no90(C,B), \+somenot90(A,C) 0.235813366961 (5.0, 9.0, 105.0, 5.0) 0.766393442623 [ACCEPT]
[LVL9] rno90(A,B) :- no90(C,B), \+somenot90(C,A) 0.235813366961 (5.0, 9.0, 105.0, 5.0) 0.766393442623 [ACCEPT]
[LVL9] rno90(A,B) :- no90(C,A), all90(C,B) 0.355191256831 (3.0, 1.0, 113.0, 7.0) 0.532786885246 [ACCEPT]
[LVL9] rno90(A,B) :- no90(C,A), all90(B,C) 0.355191256831 (3.0, 1.0, 113.0, 7.0) 0.532786885246 [ACCEPT]
[LVL9] rno90(A,B) :- no90(C,A), all90(C,D) 0.355191256831 (3.0, 1.0, 113.0, 7.0) 0.532786885246 [ACCEPT]
[LVL9] rno90(A,B) :- no90(C,A), all90(B,D) 0.355191256831 (3.0, 1.0, 113.0, 7.0) 0.532786885246 [ACCEPT]
[LVL9] rno90(A,B) :- no90(C,A), all90(D,C) 0.355191256831 (3.0, 1.0, 113.0, 7.0) 0.532786885246 [ACCEPT]
[LVL9] rno90(A,B) :- no90(C,A), all90(D,B) 0.355191256831 (3.0, 1.0, 113.0, 7.0) 0.532786885246 [ACCEPT]
[LVL9] rno90(A,B) :- no90(C,A), no90(D,B) 0.355191256831 (3.0, 1.0, 113.0, 7.0) 0.532786885246 [ACCEPT]
[LVL9] rno90(A,B) :- no90(C,A), \+all90(C,B) 0.147540983607 (4.0, 11.0, 103.0, 6.0) 0.688524590164 [ACCEPT]
[LVL9] rno90(A,B) :- no90(C,A), \+all90(B,C) 0.147540983607 (4.0, 11.0, 103.0, 6.0) 0.688524590164 [ACCEPT]
[LVL9] rno90(A,B) :- no90(C,A), \+some90(C,B) 0.204371584699 (5.0, 11.0, 103.0, 5.0) 0.766393442623 [ACCEPT]
[LVL9] rno90(A,B) :- no90(C,A), \+some90(B,C) 0.218969555035 (5.0, 10.0, 104.0, 5.0) 0.766393442623 [ACCEPT]
[LVL9] rno90(A,B) :- no90(C,A), \+no90(C,B) 0.147540983607 (4.0, 11.0, 103.0, 6.0) 0.688524590164 [ACCEPT]
[LVL9] rno90(A,B) :- no90(C,A), \+no90(B,C) 0.218969555035 (5.0, 10.0, 104.0, 5.0) 0.766393442623 [ACCEPT]
[LVL9] rno90(A,B) :- no90(C,A), \+somenot90(C,B) 0.218969555035 (5.0, 10.0, 104.0, 5.0) 0.766393442623 [ACCEPT]
[LVL9] rno90(A,B) :- no90(C,A), \+somenot90(B,C) 0.218969555035 (5.0, 10.0, 104.0, 5.0) 0.766393442623 [ACCEPT]
[LVL9] rno90(A,B) :- all90(C,A), no90(B,C) 0.355191256831 (3.0, 1.0, 113.0, 7.0) 0.532786885246 [ACCEPT]
[LVL9] rno90(A,B) :- all90(C,A), no90(C,D) 0.355191256831 (3.0, 1.0, 113.0, 7.0) 0.532786885246 [ACCEPT]
[LVL9] rno90(A,B) :- all90(C,A), no90(B,D) 0.355191256831 (3.0, 1.0, 113.0, 7.0) 0.532786885246 [ACCEPT]
[LVL9] rno90(A,B) :- all90(C,A), no90(D,C) 0.355191256831 (3.0, 1.0, 113.0, 7.0) 0.532786885246 [ACCEPT]
[LVL9] rno90(A,B) :- all90(C,A), no90(D,B) 0.355191256831 (3.0, 1.0, 113.0, 7.0) 0.532786885246 [ACCEPT]
[LVL9] rno90(A,B) :- all90(C,A), \+all90(C,B) 0.158890290038 (4.0, 10.0, 104.0, 6.0) 0.688524590164 [ACCEPT]
[LVL9] rno90(A,B) :- all90(C,A), \+some90(C,B) 0.158890290038 (4.0, 10.0, 104.0, 6.0) 0.688524590164 [ACCEPT]
[LVL9] rno90(A,B) :- all90(C,A), \+some90(B,C) 0.158890290038 (4.0, 10.0, 104.0, 6.0) 0.688524590164 [ACCEPT]
[LVL9] rno90(A,B) :- all90(C,A), \+no90(C,B) 0.0819672131148 (3.0, 11.0, 103.0, 7.0) 0.532786885246 [ACCEPT]
[LVL9] rno90(A,B) :- all90(C,A), \+no90(B,C) 0.0819672131148 (3.0, 11.0, 103.0, 7.0) 0.532786885246 [ACCEPT]
[LVL9] rno90(A,B) :- all90(C,A), \+somenot90(C,B) 0.158890290038 (4.0, 10.0, 104.0, 6.0) 0.688524590164 [ACCEPT]
[LVL9] rno90(A,B) :- all90(C,A), \+somenot90(B,C) 0.158890290038 (4.0, 10.0, 104.0, 6.0) 0.688524590164 [ACCEPT]
[LVL9] rno90(A,B) :- all90(A,C), no90(B,C) 0.355191256831 (3.0, 1.0, 113.0, 7.0) 0.532786885246 [ACCEPT]
[LVL9] rno90(A,B) :- all90(A,C), no90(C,D) 0.355191256831 (3.0, 1.0, 113.0, 7.0) 0.532786885246 [ACCEPT]
[LVL9] rno90(A,B) :- all90(A,C), no90(B,D) 0.355191256831 (3.0, 1.0, 113.0, 7.0) 0.532786885246 [ACCEPT]
[LVL9] rno90(A,B) :- all90(A,C), no90(D,C) 0.355191256831 (3.0, 1.0, 113.0, 7.0) 0.532786885246 [ACCEPT]
[LVL9] rno90(A,B) :- all90(A,C), no90(D,B) 0.355191256831 (3.0, 1.0, 113.0, 7.0) 0.532786885246 [ACCEPT]
[LVL9] rno90(A,B) :- all90(A,C), \+all90(C,B) 0.137704918033 (4.0, 12.0, 102.0, 6.0) 0.688524590164 [ACCEPT]
[LVL9] rno90(A,B) :- all90(A,C), \+all90(B,C) 0.147540983607 (4.0, 11.0, 103.0, 6.0) 0.688524590164 [ACCEPT]
[LVL9] rno90(A,B) :- all90(A,C), \+some90(C,B) 0.147540983607 (4.0, 11.0, 103.0, 6.0) 0.688524590164 [ACCEPT]
[LVL9] rno90(A,B) :- all90(A,C), \+some90(B,C) 0.147540983607 (4.0, 11.0, 103.0, 6.0) 0.688524590164 [ACCEPT]
[LVL9] rno90(A,B) :- all90(A,C), \+no90(C,B) 0.076112412178 (3.0, 12.0, 102.0, 7.0) 0.532786885246 [ACCEPT]
[LVL9] rno90(A,B) :- all90(A,C), \+no90(B,C) 0.076112412178 (3.0, 12.0, 102.0, 7.0) 0.532786885246 [ACCEPT]
[LVL9] rno90(A,B) :- all90(A,C), \+somenot90(C,B) 0.147540983607 (4.0, 11.0, 103.0, 6.0) 0.688524590164 [ACCEPT]
[LVL9] rno90(A,B) :- all90(A,C), \+somenot90(B,C) 0.147540983607 (4.0, 11.0, 103.0, 6.0) 0.688524590164 [ACCEPT]
[LVL9] rno90(A,B) :- no90(B,C), all90(A,D) 0.355191256831 (3.0, 1.0, 113.0, 7.0) 0.532786885246 [ACCEPT]
[LVL9] rno90(A,B) :- no90(B,C), all90(C,D) 0.355191256831 (3.0, 1.0, 113.0, 7.0) 0.532786885246 [ACCEPT]
[LVL9] rno90(A,B) :- no90(B,C), all90(D,A) 0.355191256831 (3.0, 1.0, 113.0, 7.0) 0.532786885246 [ACCEPT]
[LVL9] rno90(A,B) :- no90(B,C), all90(D,C) 0.355191256831 (3.0, 1.0, 113.0, 7.0) 0.532786885246 [ACCEPT]
[LVL9] rno90(A,B) :- no90(B,C), \+all90(A,C) 0.0710382513661 (3.0, 13.0, 101.0, 7.0) 0.532786885246 [ACCEPT]
[LVL9] rno90(A,B) :- no90(B,C), \+all90(C,A) 0.0710382513661 (3.0, 13.0, 101.0, 7.0) 0.532786885246 [ACCEPT]
[LVL9] rno90(A,B) :- no90(B,C), \+some90(A,C) 0.137704918033 (4.0, 12.0, 102.0, 6.0) 0.688524590164 [ACCEPT]
[LVL9] rno90(A,B) :- no90(B,C), \+some90(C,A) 0.137704918033 (4.0, 12.0, 102.0, 6.0) 0.688524590164 [ACCEPT]
[LVL9] rno90(A,B) :- no90(B,C), \+no90(A,C) 0.137704918033 (4.0, 12.0, 102.0, 6.0) 0.688524590164 [ACCEPT]
[LVL9] rno90(A,B) :- no90(B,C), \+no90(C,A) 0.137704918033 (4.0, 12.0, 102.0, 6.0) 0.688524590164 [ACCEPT]
[LVL9] rno90(A,B) :- no90(B,C), \+somenot90(A,C) 0.137704918033 (4.0, 12.0, 102.0, 6.0) 0.688524590164 [ACCEPT]
[LVL9] rno90(A,B) :- no90(B,C), \+somenot90(C,A) 0.137704918033 (4.0, 12.0, 102.0, 6.0) 0.688524590164 [ACCEPT]
[LVL9] rno90(A,B) :- all90(B,C), no90(C,D) 0.355191256831 (3.0, 1.0, 113.0, 7.0) 0.532786885246 [ACCEPT]
[LVL9] rno90(A,B) :- all90(B,C), no90(D,A) 0.355191256831 (3.0, 1.0, 113.0, 7.0) 0.532786885246 [ACCEPT]
[LVL9] rno90(A,B) :- all90(B,C), \+all90(A,C) 0.0819672131148 (3.0, 11.0, 103.0, 7.0) 0.532786885246 [ACCEPT]
[LVL9] rno90(A,B) :- all90(B,C), \+some90(A,C) 0.0819672131148 (3.0, 11.0, 103.0, 7.0) 0.532786885246 [ACCEPT]
[LVL9] rno90(A,B) :- all90(B,C), \+some90(C,A) 0.0819672131148 (3.0, 11.0, 103.0, 7.0) 0.532786885246 [ACCEPT]
[LVL9] rno90(A,B) :- all90(B,C), \+no90(A,C) 0.0819672131148 (3.0, 11.0, 103.0, 7.0) 0.532786885246 [ACCEPT]
[LVL9] rno90(A,B) :- all90(B,C), \+somenot90(A,C) 0.0819672131148 (3.0, 11.0, 103.0, 7.0) 0.532786885246 [ACCEPT]
[LVL9] rno90(A,B) :- all90(B,C), \+somenot90(C,A) 0.0819672131148 (3.0, 11.0, 103.0, 7.0) 0.532786885246 [ACCEPT]
[LVL9] rno90(A,B) :- all90(C,B), no90(C,D) 0.355191256831 (3.0, 1.0, 113.0, 7.0) 0.532786885246 [ACCEPT]
[LVL9] rno90(A,B) :- all90(C,B), no90(D,A) 0.355191256831 (3.0, 1.0, 113.0, 7.0) 0.532786885246 [ACCEPT]
[LVL9] rno90(A,B) :- all90(C,B), \+all90(A,C) 0.0710382513661 (3.0, 13.0, 101.0, 7.0) 0.532786885246 [ACCEPT]
[LVL9] rno90(A,B) :- all90(C,B), \+all90(C,A) 0.076112412178 (3.0, 12.0, 102.0, 7.0) 0.532786885246 [ACCEPT]
[LVL9] rno90(A,B) :- all90(C,B), \+some90(A,C) 0.076112412178 (3.0, 12.0, 102.0, 7.0) 0.532786885246 [ACCEPT]
[LVL9] rno90(A,B) :- all90(C,B), \+some90(C,A) 0.076112412178 (3.0, 12.0, 102.0, 7.0) 0.532786885246 [ACCEPT]
[LVL9] rno90(A,B) :- all90(C,B), \+no90(A,C) 0.076112412178 (3.0, 12.0, 102.0, 7.0) 0.532786885246 [ACCEPT]
[LVL9] rno90(A,B) :- all90(C,B), \+somenot90(A,C) 0.076112412178 (3.0, 12.0, 102.0, 7.0) 0.532786885246 [ACCEPT]
[LVL9] rno90(A,B) :- all90(C,B), \+somenot90(C,A) 0.076112412178 (3.0, 12.0, 102.0, 7.0) 0.532786885246 [ACCEPT]
[LVL9] rno90(A,B) :- some90(C,B), no90(A,C) 0.355191256831 (3.0, 1.0, 113.0, 7.0) 0.532786885246 [ACCEPT]
[LVL9] rno90(A,B) :- some90(C,B), no90(A,D) 0.355191256831 (3.0, 1.0, 113.0, 7.0) 0.532786885246 [ACCEPT]
[LVL9] rno90(A,B) :- some90(C,B), no90(D,C) 0.355191256831 (3.0, 1.0, 113.0, 7.0) 0.532786885246 [ACCEPT]
[LVL9] rno90(A,B) :- some90(C,B), \+all90(A,C) 0.076112412178 (3.0, 12.0, 102.0, 7.0) 0.532786885246 [ACCEPT]
[LVL9] rno90(A,B) :- some90(C,B), \+all90(C,A) 0.076112412178 (3.0, 12.0, 102.0, 7.0) 0.532786885246 [ACCEPT]
[LVL9] rno90(A,B) :- some90(C,B), \+some90(A,C) 0.076112412178 (3.0, 12.0, 102.0, 7.0) 0.532786885246 [ACCEPT]
[LVL9] rno90(A,B) :- some90(C,B), \+some90(C,A) 0.076112412178 (3.0, 12.0, 102.0, 7.0) 0.532786885246 [ACCEPT]
[LVL9] rno90(A,B) :- some90(C,B), \+no90(C,A) 0.0710382513661 (3.0, 13.0, 101.0, 7.0) 0.532786885246 [ACCEPT]
[LVL9] rno90(A,B) :- some90(C,B), \+somenot90(A,C) 0.076112412178 (3.0, 12.0, 102.0, 7.0) 0.532786885246 [ACCEPT]
[LVL9] rno90(A,B) :- some90(C,B), \+somenot90(C,A) 0.076112412178 (3.0, 12.0, 102.0, 7.0) 0.532786885246 [ACCEPT]
[LVL9] rno90(A,B) :- no90(A,C), some90(C,D) 0.355191256831 (3.0, 1.0, 113.0, 7.0) 0.532786885246 [ACCEPT]
[LVL9] rno90(A,B) :- no90(A,C), some90(D,B) 0.355191256831 (3.0, 1.0, 113.0, 7.0) 0.532786885246 [ACCEPT]
[LVL9] rno90(A,B) :- no90(A,C), \+all90(C,B) 0.0710382513661 (3.0, 13.0, 101.0, 7.0) 0.532786885246 [ACCEPT]
[LVL9] rno90(A,B) :- no90(A,C), \+all90(B,C) 0.0710382513661 (3.0, 13.0, 101.0, 7.0) 0.532786885246 [ACCEPT]
[LVL9] rno90(A,B) :- no90(A,C), \+some90(B,C) 0.0710382513661 (3.0, 13.0, 101.0, 7.0) 0.532786885246 [ACCEPT]
[LVL9] rno90(A,B) :- no90(A,C), \+no90(C,B) 0.0710382513661 (3.0, 13.0, 101.0, 7.0) 0.532786885246 [ACCEPT]
[DEBUG] Best rule so far: rno90(A,B) :- no90(C,B), all90(A,C) [0.355191256831]
[DEBUG] Candidates for iteration 3:
[DEBUG] ==================================
[DEBUG] rno90(A,B) :- no90(C,B), all90(A,C) 0.355191256831
[DEBUG] rno90(A,B) :- no90(C,B), all90(C,A) 0.355191256831
[DEBUG] rno90(A,B) :- no90(C,B), all90(A,D) 0.355191256831
[DEBUG] rno90(A,B) :- no90(C,B), all90(C,D) 0.355191256831
[DEBUG] rno90(A,B) :- no90(C,B), all90(D,A) 0.355191256831
[DEBUG] rno90(A,B) :- no90(C,B), all90(D,C) 0.355191256831
[DEBUG] rno90(A,B) :- no90(C,B), no90(C,A) 0.355191256831
[DEBUG] rno90(A,B) :- no90(C,B), no90(D,A) 0.355191256831
[DEBUG] rno90(A,B) :- no90(C,A), all90(C,B) 0.355191256831
[DEBUG] rno90(A,B) :- no90(C,A), all90(B,C) 0.355191256831
[DEBUG] rno90(A,B) :- no90(C,A), all90(C,D) 0.355191256831
[DEBUG] rno90(A,B) :- no90(C,A), all90(B,D) 0.355191256831
[DEBUG] rno90(A,B) :- no90(C,A), all90(D,C) 0.355191256831
[DEBUG] rno90(A,B) :- no90(C,A), all90(D,B) 0.355191256831
[DEBUG] rno90(A,B) :- no90(C,A), no90(D,B) 0.355191256831
[DEBUG] rno90(A,B) :- all90(C,A), no90(B,C) 0.355191256831
[DEBUG] rno90(A,B) :- all90(C,A), no90(C,D) 0.355191256831
[DEBUG] rno90(A,B) :- all90(C,A), no90(B,D) 0.355191256831
[DEBUG] rno90(A,B) :- all90(C,A), no90(D,C) 0.355191256831
[DEBUG] rno90(A,B) :- all90(C,A), no90(D,B) 0.355191256831
[DEBUG] rno90(A,B) :- all90(A,C), no90(B,C) 0.355191256831
[DEBUG] rno90(A,B) :- all90(A,C), no90(C,D) 0.355191256831
[DEBUG] rno90(A,B) :- all90(A,C), no90(B,D) 0.355191256831
[DEBUG] rno90(A,B) :- all90(A,C), no90(D,C) 0.355191256831
[DEBUG] rno90(A,B) :- all90(A,C), no90(D,B) 0.355191256831
[DEBUG] rno90(A,B) :- no90(B,C), all90(A,D) 0.355191256831
[DEBUG] rno90(A,B) :- no90(B,C), all90(C,D) 0.355191256831
[DEBUG] rno90(A,B) :- no90(B,C), all90(D,A) 0.355191256831
[DEBUG] rno90(A,B) :- no90(B,C), all90(D,C) 0.355191256831
[DEBUG] rno90(A,B) :- all90(B,C), no90(C,D) 0.355191256831
[DEBUG] rno90(A,B) :- all90(B,C), no90(D,A) 0.355191256831
[DEBUG] rno90(A,B) :- all90(C,B), no90(C,D) 0.355191256831
[DEBUG] rno90(A,B) :- all90(C,B), no90(D,A) 0.355191256831
[DEBUG] rno90(A,B) :- some90(C,B), no90(A,C) 0.355191256831
[DEBUG] rno90(A,B) :- some90(C,B), no90(A,D) 0.355191256831
[DEBUG] rno90(A,B) :- some90(C,B), no90(D,C) 0.355191256831
[DEBUG] rno90(A,B) :- no90(A,C), some90(C,D) 0.355191256831
[DEBUG] rno90(A,B) :- no90(A,C), some90(D,B) 0.355191256831
[DEBUG] rno90(A,B) :- no90(C,B), \+some90(A,C) 0.235813366961
[DEBUG] rno90(A,B) :- no90(C,B), \+no90(A,C) 0.235813366961
[DEBUG] rno90(A,B) :- no90(C,B), \+somenot90(A,C) 0.235813366961
[DEBUG] rno90(A,B) :- no90(C,B), \+somenot90(C,A) 0.235813366961
[DEBUG] rno90(A,B) :- no90(C,A), \+some90(B,C) 0.218969555035
[DEBUG] rno90(A,B) :- no90(C,A), \+no90(B,C) 0.218969555035
[DEBUG] rno90(A,B) :- no90(C,A), \+somenot90(C,B) 0.218969555035
[DEBUG] rno90(A,B) :- no90(C,A), \+somenot90(B,C) 0.218969555035
[DEBUG] rno90(A,B) :- no90(C,A), \+some90(C,B) 0.204371584699
[DEBUG] rno90(A,B) :- no90(C,B), \+all90(A,C) 0.158890290038
[DEBUG] rno90(A,B) :- no90(C,B), \+all90(C,A) 0.158890290038
[DEBUG] rno90(A,B) :- no90(C,B), \+no90(C,A) 0.158890290038
[DEBUG] rno90(A,B) :- all90(C,A), \+all90(C,B) 0.158890290038
[DEBUG] rno90(A,B) :- all90(C,A), \+some90(C,B) 0.158890290038
[DEBUG] rno90(A,B) :- all90(C,A), \+some90(B,C) 0.158890290038
[DEBUG] rno90(A,B) :- all90(C,A), \+somenot90(C,B) 0.158890290038
[DEBUG] rno90(A,B) :- all90(C,A), \+somenot90(B,C) 0.158890290038
[DEBUG] rno90(A,B) :- no90(C,A), \+all90(C,B) 0.147540983607
[DEBUG] rno90(A,B) :- no90(C,A), \+all90(B,C) 0.147540983607
[DEBUG] rno90(A,B) :- no90(C,A), \+no90(C,B) 0.147540983607
[DEBUG] rno90(A,B) :- all90(A,C), \+all90(B,C) 0.147540983607
[DEBUG] rno90(A,B) :- all90(A,C), \+some90(C,B) 0.147540983607
[DEBUG] rno90(A,B) :- all90(A,C), \+some90(B,C) 0.147540983607
[DEBUG] rno90(A,B) :- all90(A,C), \+somenot90(C,B) 0.147540983607
[DEBUG] rno90(A,B) :- all90(A,C), \+somenot90(B,C) 0.147540983607
[DEBUG] rno90(A,B) :- all90(A,C), \+all90(C,B) 0.137704918033
[DEBUG] rno90(A,B) :- no90(B,C), \+some90(A,C) 0.137704918033
[DEBUG] rno90(A,B) :- no90(B,C), \+some90(C,A) 0.137704918033
[DEBUG] rno90(A,B) :- no90(B,C), \+no90(A,C) 0.137704918033
[DEBUG] rno90(A,B) :- no90(B,C), \+no90(C,A) 0.137704918033
[DEBUG] rno90(A,B) :- no90(B,C), \+somenot90(A,C) 0.137704918033
[DEBUG] rno90(A,B) :- no90(B,C), \+somenot90(C,A) 0.137704918033
[DEBUG] rno90(A,B) :- all90(C,A), \+no90(C,B) 0.0819672131148
[DEBUG] rno90(A,B) :- all90(C,A), \+no90(B,C) 0.0819672131148
[DEBUG] rno90(A,B) :- all90(B,C), \+all90(A,C) 0.0819672131148
[DEBUG] rno90(A,B) :- all90(B,C), \+some90(A,C) 0.0819672131148
[DEBUG] rno90(A,B) :- all90(B,C), \+some90(C,A) 0.0819672131148
[DEBUG] rno90(A,B) :- all90(B,C), \+no90(A,C) 0.0819672131148
[DEBUG] rno90(A,B) :- all90(B,C), \+somenot90(A,C) 0.0819672131148
[DEBUG] rno90(A,B) :- all90(B,C), \+somenot90(C,A) 0.0819672131148
[DEBUG] rno90(A,B) :- all90(A,C), \+no90(C,B) 0.076112412178
[DEBUG] rno90(A,B) :- all90(A,C), \+no90(B,C) 0.076112412178
[DEBUG] rno90(A,B) :- all90(C,B), \+all90(C,A) 0.076112412178
[DEBUG] rno90(A,B) :- all90(C,B), \+some90(A,C) 0.076112412178
[DEBUG] rno90(A,B) :- all90(C,B), \+some90(C,A) 0.076112412178
[DEBUG] rno90(A,B) :- all90(C,B), \+no90(A,C) 0.076112412178
[DEBUG] rno90(A,B) :- all90(C,B), \+somenot90(A,C) 0.076112412178
[DEBUG] rno90(A,B) :- all90(C,B), \+somenot90(C,A) 0.076112412178
[DEBUG] rno90(A,B) :- some90(C,B), \+all90(A,C) 0.076112412178
[DEBUG] rno90(A,B) :- some90(C,B), \+all90(C,A) 0.076112412178
[DEBUG] rno90(A,B) :- some90(C,B), \+some90(A,C) 0.076112412178
[DEBUG] rno90(A,B) :- some90(C,B), \+some90(C,A) 0.076112412178
[DEBUG] rno90(A,B) :- some90(C,B), \+somenot90(A,C) 0.076112412178
[DEBUG] rno90(A,B) :- some90(C,B), \+somenot90(C,A) 0.076112412178
[DEBUG] rno90(A,B) :- no90(B,C), \+all90(A,C) 0.0710382513661
[DEBUG] rno90(A,B) :- no90(B,C), \+all90(C,A) 0.0710382513661
[DEBUG] rno90(A,B) :- all90(C,B), \+all90(A,C) 0.0710382513661
[DEBUG] rno90(A,B) :- some90(C,B), \+no90(C,A) 0.0710382513661
[DEBUG] rno90(A,B) :- no90(A,C), \+all90(C,B) 0.0710382513661
[DEBUG] rno90(A,B) :- no90(A,C), \+all90(B,C) 0.0710382513661
[DEBUG] rno90(A,B) :- no90(A,C), \+some90(B,C) 0.0710382513661
[DEBUG] rno90(A,B) :- no90(A,C), \+no90(C,B) 0.0710382513661
[DEBUG] ==================================
[INFO] RULE LEARNED: rno90(A,B) :- no90(C,B), all90(A,C) 0.935483870968
