[LVL9] Output level: 9
[INFO] Random seed: 0.705863158509
[INFO] Computing scores: 0.0677s
[INFO] Number of examples (M): 114
[INFO] Positive weight (P): 6.0000
[INFO] Negative weight (N): 108.0000
[DEBUG] Best rule so far: rsome67(A,B) :- true [0.0526315789474]
[DEBUG] Candidates for iteration 1:
[DEBUG] ==================================
[DEBUG] rsome67(A,B) :- true 0.0526315789474
[DEBUG] ==================================
[LVL9] rsome67(A,B) :- all67(A,C) 0.0751879699248 (1.0, 12.0, 96.0, 5.0) 0.526315789474 [ACCEPT]
[LVL9] BETTER RULE rsome67(A,B) :- all67(A,C) (0.07518796992481203, 1.0) > (0.05263157894736842, 6.0)
[LVL9] rsome67(A,B) :- all67(B,C) 0.0751879699248 (1.0, 12.0, 96.0, 5.0) 0.526315789474 [ACCEPT]
[LVL9] rsome67(A,B) :- all67(C,B) 0.128289473684 (2.0, 13.0, 95.0, 4.0) 0.684210526316 [ACCEPT]
[LVL9] BETTER RULE rsome67(A,B) :- all67(C,B) (0.12828947368421054, 2.0) > (0.07518796992481203, 1.0)
[LVL9] rsome67(A,B) :- some67(A,C) 0.080971659919 (1.0, 11.0, 97.0, 5.0) 0.526315789474 [ACCEPT]
[LVL9] rsome67(A,B) :- some67(B,C) 0.080971659919 (1.0, 11.0, 97.0, 5.0) 0.526315789474 [ACCEPT]
[LVL9] rsome67(A,B) :- some67(C,B) 0.136842105263 (2.0, 12.0, 96.0, 4.0) 0.684210526316 [ACCEPT]
[LVL9] BETTER RULE rsome67(A,B) :- some67(C,B) (0.1368421052631579, 2.0) > (0.12828947368421054, 2.0)
[LVL9] rsome67(A,B) :- somenot67(A,C) 0.0701754385965 (1.0, 13.0, 95.0, 5.0) 0.526315789474 [ACCEPT]
[LVL9] rsome67(A,B) :- somenot67(C,A) 0.190789473684 (3.0, 12.0, 96.0, 3.0) 0.763157894737 [ACCEPT]
[LVL9] BETTER RULE rsome67(A,B) :- somenot67(C,A) (0.19078947368421054, 3.0) > (0.1368421052631579, 2.0)
[DEBUG] Best rule so far: rsome67(A,B) :- somenot67(C,A) [0.190789473684]
[DEBUG] Candidates for iteration 2:
[DEBUG] ==================================
[DEBUG] rsome67(A,B) :- somenot67(C,A) 0.190789473684
[DEBUG] rsome67(A,B) :- some67(C,B) 0.136842105263
[DEBUG] rsome67(A,B) :- all67(C,B) 0.128289473684
[DEBUG] rsome67(A,B) :- some67(A,C) 0.080971659919
[DEBUG] rsome67(A,B) :- some67(B,C) 0.080971659919
[DEBUG] rsome67(A,B) :- all67(A,C) 0.0751879699248
[DEBUG] rsome67(A,B) :- all67(B,C) 0.0751879699248
[DEBUG] rsome67(A,B) :- somenot67(A,C) 0.0701754385965
[DEBUG] ==================================
[LVL9] rsome67(A,B) :- somenot67(C,A), all67(C,B) 0.350877192982 (1.0, 1.0, 107.0, 5.0) 0.526315789474 [ACCEPT]
[LVL9] BETTER RULE rsome67(A,B) :- somenot67(C,A), all67(C,B) (0.3508771929824561, 1.0) > (0.19078947368421054, 3.0)
[LVL9] rsome67(A,B) :- somenot67(C,A), all67(B,C) 0.350877192982 (1.0, 1.0, 107.0, 5.0) 0.526315789474 [ACCEPT]
[LVL9] rsome67(A,B) :- somenot67(C,A), all67(C,D) 0.350877192982 (1.0, 1.0, 107.0, 5.0) 0.526315789474 [ACCEPT]
[LVL9] rsome67(A,B) :- somenot67(C,A), all67(B,D) 0.350877192982 (1.0, 1.0, 107.0, 5.0) 0.526315789474 [ACCEPT]
[LVL9] rsome67(A,B) :- somenot67(C,A), all67(D,C) 0.350877192982 (1.0, 1.0, 107.0, 5.0) 0.526315789474 [ACCEPT]
[LVL9] rsome67(A,B) :- somenot67(C,A), all67(D,B) 0.350877192982 (1.0, 1.0, 107.0, 5.0) 0.526315789474 [ACCEPT]
[LVL9] rsome67(A,B) :- somenot67(C,A), some67(B,C) 0.350877192982 (1.0, 1.0, 107.0, 5.0) 0.526315789474 [ACCEPT]
[LVL9] rsome67(A,B) :- somenot67(C,A), some67(B,D) 0.350877192982 (1.0, 1.0, 107.0, 5.0) 0.526315789474 [ACCEPT]
[LVL9] rsome67(A,B) :- somenot67(C,A), some67(D,C) 0.350877192982 (1.0, 1.0, 107.0, 5.0) 0.526315789474 [ACCEPT]
[LVL9] rsome67(A,B) :- somenot67(C,A), \+all67(C,B) 0.146616541353 (2.0, 11.0, 97.0, 4.0) 0.684210526316 [ACCEPT]
[LVL9] rsome67(A,B) :- somenot67(C,A), \+all67(B,C) 0.146616541353 (2.0, 11.0, 97.0, 4.0) 0.684210526316 [ACCEPT]
[LVL9] rsome67(A,B) :- somenot67(C,A), \+some67(C,B) 0.20350877193 (3.0, 11.0, 97.0, 3.0) 0.763157894737 [ACCEPT]
[LVL9] rsome67(A,B) :- somenot67(C,A), \+some67(B,C) 0.146616541353 (2.0, 11.0, 97.0, 4.0) 0.684210526316 [ACCEPT]
[LVL9] rsome67(A,B) :- somenot67(C,A), \+no67(C,B) 0.218045112782 (3.0, 10.0, 98.0, 3.0) 0.763157894737 [ACCEPT]
[LVL9] rsome67(A,B) :- somenot67(C,A), \+no67(B,C) 0.218045112782 (3.0, 10.0, 98.0, 3.0) 0.763157894737 [ACCEPT]
[LVL9] rsome67(A,B) :- somenot67(C,A), \+somenot67(C,B) 0.218045112782 (3.0, 10.0, 98.0, 3.0) 0.763157894737 [ACCEPT]
[LVL9] rsome67(A,B) :- somenot67(C,A), \+somenot67(B,C) 0.218045112782 (3.0, 10.0, 98.0, 3.0) 0.763157894737 [ACCEPT]
[LVL9] rsome67(A,B) :- some67(C,B), all67(A,C) 0.526315789474 (1.0, 0.0, 108.0, 5.0) 0.526315789474 [REJECT* fp] 0.0
[LVL9] BETTER RULE rsome67(A,B) :- some67(C,B), all67(A,C) (0.5263157894736842, 1.0) > (0.3508771929824561, 1.0)
[LVL9] rsome67(A,B) :- some67(C,B), \+all67(C,A) 0.157894736842 (2.0, 10.0, 98.0, 4.0) 0.684210526316 [ACCEPT]
[LVL9] rsome67(A,B) :- some67(C,B), \+some67(A,C) 0.157894736842 (2.0, 10.0, 98.0, 4.0) 0.684210526316 [ACCEPT]
[LVL9] rsome67(A,B) :- some67(C,B), \+some67(C,A) 0.157894736842 (2.0, 10.0, 98.0, 4.0) 0.684210526316 [ACCEPT]
[LVL9] rsome67(A,B) :- some67(C,B), \+no67(A,C) 0.157894736842 (2.0, 10.0, 98.0, 4.0) 0.684210526316 [ACCEPT]
[LVL9] rsome67(A,B) :- some67(C,B), \+no67(C,A) 0.157894736842 (2.0, 10.0, 98.0, 4.0) 0.684210526316 [ACCEPT]
[LVL9] rsome67(A,B) :- some67(C,B), \+somenot67(C,A) 0.146616541353 (2.0, 11.0, 97.0, 4.0) 0.684210526316 [ACCEPT]
[LVL9] rsome67(A,B) :- all67(C,B), \+all67(A,C) 0.146616541353 (2.0, 11.0, 97.0, 4.0) 0.684210526316 [ACCEPT]
[LVL9] rsome67(A,B) :- all67(C,B), \+all67(C,A) 0.146616541353 (2.0, 11.0, 97.0, 4.0) 0.684210526316 [ACCEPT]
[LVL9] rsome67(A,B) :- all67(C,B), \+some67(C,A) 0.146616541353 (2.0, 11.0, 97.0, 4.0) 0.684210526316 [ACCEPT]
[LVL9] rsome67(A,B) :- all67(C,B), \+no67(A,C) 0.146616541353 (2.0, 11.0, 97.0, 4.0) 0.684210526316 [ACCEPT]
[LVL9] rsome67(A,B) :- all67(C,B), \+no67(C,A) 0.146616541353 (2.0, 11.0, 97.0, 4.0) 0.684210526316 [ACCEPT]
[LVL9] rsome67(A,B) :- all67(C,B), \+somenot67(A,C) 0.136842105263 (2.0, 12.0, 96.0, 4.0) 0.684210526316 [ACCEPT]
[DEBUG] Best rule so far: rsome67(A,B) :- some67(C,B), all67(A,C) [0.526315789474]
[DEBUG] Candidates for iteration 3:
[DEBUG] ==================================
[DEBUG] rsome67(A,B) :- somenot67(C,A), all67(C,B) 0.350877192982
[DEBUG] rsome67(A,B) :- somenot67(C,A), all67(B,C) 0.350877192982
[DEBUG] rsome67(A,B) :- somenot67(C,A), all67(C,D) 0.350877192982
[DEBUG] rsome67(A,B) :- somenot67(C,A), all67(B,D) 0.350877192982
[DEBUG] rsome67(A,B) :- somenot67(C,A), all67(D,C) 0.350877192982
[DEBUG] rsome67(A,B) :- somenot67(C,A), all67(D,B) 0.350877192982
[DEBUG] rsome67(A,B) :- somenot67(C,A), some67(B,C) 0.350877192982
[DEBUG] rsome67(A,B) :- somenot67(C,A), some67(B,D) 0.350877192982
[DEBUG] rsome67(A,B) :- somenot67(C,A), some67(D,C) 0.350877192982
[DEBUG] rsome67(A,B) :- somenot67(C,A), \+no67(C,B) 0.218045112782
[DEBUG] rsome67(A,B) :- somenot67(C,A), \+no67(B,C) 0.218045112782
[DEBUG] rsome67(A,B) :- somenot67(C,A), \+somenot67(C,B) 0.218045112782
[DEBUG] rsome67(A,B) :- somenot67(C,A), \+somenot67(B,C) 0.218045112782
[DEBUG] rsome67(A,B) :- somenot67(C,A), \+some67(C,B) 0.20350877193
[DEBUG] rsome67(A,B) :- some67(C,B), \+all67(C,A) 0.157894736842
[DEBUG] rsome67(A,B) :- some67(C,B), \+some67(A,C) 0.157894736842
[DEBUG] rsome67(A,B) :- some67(C,B), \+some67(C,A) 0.157894736842
[DEBUG] rsome67(A,B) :- some67(C,B), \+no67(A,C) 0.157894736842
[DEBUG] rsome67(A,B) :- some67(C,B), \+no67(C,A) 0.157894736842
[DEBUG] rsome67(A,B) :- somenot67(C,A), \+all67(C,B) 0.146616541353
[DEBUG] rsome67(A,B) :- somenot67(C,A), \+all67(B,C) 0.146616541353
[DEBUG] rsome67(A,B) :- somenot67(C,A), \+some67(B,C) 0.146616541353
[DEBUG] rsome67(A,B) :- some67(C,B), \+somenot67(C,A) 0.146616541353
[DEBUG] rsome67(A,B) :- all67(C,B), \+all67(A,C) 0.146616541353
[DEBUG] rsome67(A,B) :- all67(C,B), \+all67(C,A) 0.146616541353
[DEBUG] rsome67(A,B) :- all67(C,B), \+some67(C,A) 0.146616541353
[DEBUG] rsome67(A,B) :- all67(C,B), \+no67(A,C) 0.146616541353
[DEBUG] rsome67(A,B) :- all67(C,B), \+no67(C,A) 0.146616541353
[DEBUG] rsome67(A,B) :- all67(C,B), \+somenot67(A,C) 0.136842105263
[DEBUG] ==================================
[INFO] RULE LEARNED: rsome67(A,B) :- some67(C,B), all67(A,C) 0.956140350877
[DEBUG] Best rule so far: rsome67(A,B) :- true [0.0442477876106]
[DEBUG] Candidates for iteration 1:
[DEBUG] ==================================
[DEBUG] rsome67(A,B) :- true 0.0442477876106
[DEBUG] ==================================
[LVL9] rsome67(A,B) :- all67(B,C) 0.0745891276865 (2.0, 12.0, 96.0, 4.0) 0.522123893805 [ACCEPT]
[LVL9] BETTER RULE rsome67(A,B) :- all67(B,C) (0.07458912768647283, 2.0) > (0.04424778761061947, 6.0)
[LVL9] rsome67(A,B) :- all67(C,B) 0.127765486726 (3.0, 13.0, 95.0, 3.0) 0.681415929204 [ACCEPT]
[LVL9] BETTER RULE rsome67(A,B) :- all67(C,B) (0.1277654867256637, 3.0) > (0.07458912768647283, 2.0)
[LVL9] rsome67(A,B) :- some67(A,C) 0.0803267528931 (2.0, 11.0, 97.0, 4.0) 0.522123893805 [ACCEPT]
[LVL9] rsome67(A,B) :- some67(B,C) 0.0803267528931 (2.0, 11.0, 97.0, 4.0) 0.522123893805 [ACCEPT]
[LVL9] rsome67(A,B) :- some67(C,B) 0.0745891276865 (2.0, 12.0, 96.0, 4.0) 0.522123893805 [ACCEPT]
[LVL9] rsome67(A,B) :- somenot67(A,C) 0.069616519174 (2.0, 13.0, 95.0, 4.0) 0.522123893805 [ACCEPT]
[LVL9] rsome67(A,B) :- somenot67(C,A) 0.190265486726 (4.0, 12.0, 96.0, 2.0) 0.761061946903 [ACCEPT]
[LVL9] BETTER RULE rsome67(A,B) :- somenot67(C,A) (0.1902654867256637, 4.0) > (0.1277654867256637, 3.0)
[DEBUG] Best rule so far: rsome67(A,B) :- somenot67(C,A) [0.190265486726]
[DEBUG] Candidates for iteration 2:
[DEBUG] ==================================
[DEBUG] rsome67(A,B) :- somenot67(C,A) 0.190265486726
[DEBUG] rsome67(A,B) :- all67(C,B) 0.127765486726
[DEBUG] rsome67(A,B) :- some67(A,C) 0.0803267528931
[DEBUG] rsome67(A,B) :- some67(B,C) 0.0803267528931
[DEBUG] rsome67(A,B) :- all67(B,C) 0.0745891276865
[DEBUG] rsome67(A,B) :- some67(C,B) 0.0745891276865
[DEBUG] rsome67(A,B) :- somenot67(A,C) 0.069616519174
[DEBUG] ==================================
[LVL9] rsome67(A,B) :- somenot67(C,A), all67(C,B) 0.34808259587 (2.0, 1.0, 107.0, 4.0) 0.522123893805 [ACCEPT]
[LVL9] BETTER RULE rsome67(A,B) :- somenot67(C,A), all67(C,B) (0.3480825958702065, 2.0) > (0.1902654867256637, 4.0)
[LVL9] rsome67(A,B) :- somenot67(C,A), all67(B,C) 0.34808259587 (2.0, 1.0, 107.0, 4.0) 0.522123893805 [ACCEPT]
[LVL9] rsome67(A,B) :- somenot67(C,A), all67(C,D) 0.34808259587 (2.0, 1.0, 107.0, 4.0) 0.522123893805 [ACCEPT]
[LVL9] rsome67(A,B) :- somenot67(C,A), all67(B,D) 0.34808259587 (2.0, 1.0, 107.0, 4.0) 0.522123893805 [ACCEPT]
[LVL9] rsome67(A,B) :- somenot67(C,A), all67(D,C) 0.34808259587 (2.0, 1.0, 107.0, 4.0) 0.522123893805 [ACCEPT]
[LVL9] rsome67(A,B) :- somenot67(C,A), all67(D,B) 0.34808259587 (2.0, 1.0, 107.0, 4.0) 0.522123893805 [ACCEPT]
[LVL9] rsome67(A,B) :- somenot67(C,A), some67(B,C) 0.34808259587 (2.0, 1.0, 107.0, 4.0) 0.522123893805 [ACCEPT]
[LVL9] rsome67(A,B) :- somenot67(C,A), some67(B,D) 0.34808259587 (2.0, 1.0, 107.0, 4.0) 0.522123893805 [ACCEPT]
[LVL9] rsome67(A,B) :- somenot67(C,A), some67(D,C) 0.34808259587 (2.0, 1.0, 107.0, 4.0) 0.522123893805 [ACCEPT]
[LVL9] rsome67(A,B) :- somenot67(C,A), \+all67(C,B) 0.146017699115 (3.0, 11.0, 97.0, 3.0) 0.681415929204 [ACCEPT]
[LVL9] rsome67(A,B) :- somenot67(C,A), \+all67(B,C) 0.146017699115 (3.0, 11.0, 97.0, 3.0) 0.681415929204 [ACCEPT]
[LVL9] rsome67(A,B) :- somenot67(C,A), \+some67(C,B) 0.202949852507 (4.0, 11.0, 97.0, 2.0) 0.761061946903 [ACCEPT]
[LVL9] rsome67(A,B) :- somenot67(C,A), \+some67(B,C) 0.146017699115 (3.0, 11.0, 97.0, 3.0) 0.681415929204 [ACCEPT]
[LVL9] rsome67(A,B) :- somenot67(C,A), \+no67(C,B) 0.217446270544 (4.0, 10.0, 98.0, 2.0) 0.761061946903 [ACCEPT]
[LVL9] rsome67(A,B) :- somenot67(C,A), \+no67(B,C) 0.217446270544 (4.0, 10.0, 98.0, 2.0) 0.761061946903 [ACCEPT]
[LVL9] rsome67(A,B) :- somenot67(C,A), \+somenot67(C,B) 0.217446270544 (4.0, 10.0, 98.0, 2.0) 0.761061946903 [ACCEPT]
[LVL9] rsome67(A,B) :- somenot67(C,A), \+somenot67(B,C) 0.217446270544 (4.0, 10.0, 98.0, 2.0) 0.761061946903 [ACCEPT]
[LVL9] rsome67(A,B) :- all67(C,B), some67(A,C) 0.34808259587 (2.0, 1.0, 107.0, 4.0) 0.522123893805 [ACCEPT]
[LVL9] rsome67(A,B) :- all67(C,B), some67(A,D) 0.34808259587 (2.0, 1.0, 107.0, 4.0) 0.522123893805 [ACCEPT]
[LVL9] rsome67(A,B) :- all67(C,B), some67(D,C) 0.34808259587 (2.0, 1.0, 107.0, 4.0) 0.522123893805 [ACCEPT]
[LVL9] rsome67(A,B) :- all67(C,B), somenot67(C,D) 0.34808259587 (2.0, 1.0, 107.0, 4.0) 0.522123893805 [ACCEPT]
[LVL9] rsome67(A,B) :- all67(C,B), somenot67(D,A) 0.34808259587 (2.0, 1.0, 107.0, 4.0) 0.522123893805 [ACCEPT]
[LVL9] rsome67(A,B) :- all67(C,B), \+all67(A,C) 0.146017699115 (3.0, 11.0, 97.0, 3.0) 0.681415929204 [ACCEPT]
[LVL9] rsome67(A,B) :- all67(C,B), \+all67(C,A) 0.146017699115 (3.0, 11.0, 97.0, 3.0) 0.681415929204 [ACCEPT]
[LVL9] rsome67(A,B) :- all67(C,B), \+some67(A,C) 0.0745891276865 (2.0, 12.0, 96.0, 4.0) 0.522123893805 [ACCEPT]
[LVL9] rsome67(A,B) :- all67(C,B), \+some67(C,A) 0.146017699115 (3.0, 11.0, 97.0, 3.0) 0.681415929204 [ACCEPT]
[LVL9] rsome67(A,B) :- all67(C,B), \+no67(A,C) 0.146017699115 (3.0, 11.0, 97.0, 3.0) 0.681415929204 [ACCEPT]
[LVL9] rsome67(A,B) :- all67(C,B), \+no67(C,A) 0.146017699115 (3.0, 11.0, 97.0, 3.0) 0.681415929204 [ACCEPT]
[LVL9] rsome67(A,B) :- all67(C,B), \+somenot67(A,C) 0.136283185841 (3.0, 12.0, 96.0, 3.0) 0.681415929204 [ACCEPT]
[LVL9] rsome67(A,B) :- all67(C,B), \+somenot67(C,A) 0.0745891276865 (2.0, 12.0, 96.0, 4.0) 0.522123893805 [ACCEPT]
[LVL9] rsome67(A,B) :- some67(A,C), all67(C,D) 0.34808259587 (2.0, 1.0, 107.0, 4.0) 0.522123893805 [ACCEPT]
[LVL9] rsome67(A,B) :- some67(A,C), all67(D,B) 0.34808259587 (2.0, 1.0, 107.0, 4.0) 0.522123893805 [ACCEPT]
[LVL9] rsome67(A,B) :- some67(A,C), \+all67(B,C) 0.0870206489676 (2.0, 10.0, 98.0, 4.0) 0.522123893805 [ACCEPT]
[LVL9] rsome67(A,B) :- some67(A,C), \+some67(C,B) 0.0949316170555 (2.0, 9.0, 99.0, 4.0) 0.522123893805 [ACCEPT]
[LVL9] rsome67(A,B) :- some67(A,C), \+no67(C,B) 0.0949316170555 (2.0, 9.0, 99.0, 4.0) 0.522123893805 [ACCEPT]
[LVL9] rsome67(A,B) :- some67(A,C), \+no67(B,C) 0.0870206489676 (2.0, 10.0, 98.0, 4.0) 0.522123893805 [ACCEPT]
[LVL9] rsome67(A,B) :- some67(A,C), \+somenot67(C,B) 0.0949316170555 (2.0, 9.0, 99.0, 4.0) 0.522123893805 [ACCEPT]
[LVL9] rsome67(A,B) :- some67(A,C), \+somenot67(B,C) 0.0949316170555 (2.0, 9.0, 99.0, 4.0) 0.522123893805 [ACCEPT]
[LVL9] rsome67(A,B) :- some67(B,C), somenot67(C,D) 0.34808259587 (2.0, 1.0, 107.0, 4.0) 0.522123893805 [ACCEPT]
[LVL9] rsome67(A,B) :- some67(B,C), somenot67(D,A) 0.34808259587 (2.0, 1.0, 107.0, 4.0) 0.522123893805 [ACCEPT]
[LVL9] rsome67(A,B) :- some67(B,C), \+all67(A,C) 0.0870206489676 (2.0, 10.0, 98.0, 4.0) 0.522123893805 [ACCEPT]
[LVL9] rsome67(A,B) :- some67(B,C), \+all67(C,A) 0.0949316170555 (2.0, 9.0, 99.0, 4.0) 0.522123893805 [ACCEPT]
[LVL9] rsome67(A,B) :- some67(B,C), \+some67(C,A) 0.0949316170555 (2.0, 9.0, 99.0, 4.0) 0.522123893805 [ACCEPT]
[LVL9] rsome67(A,B) :- some67(B,C), \+no67(A,C) 0.0870206489676 (2.0, 10.0, 98.0, 4.0) 0.522123893805 [ACCEPT]
[LVL9] rsome67(A,B) :- some67(B,C), \+no67(C,A) 0.0949316170555 (2.0, 9.0, 99.0, 4.0) 0.522123893805 [ACCEPT]
[LVL9] rsome67(A,B) :- some67(B,C), \+somenot67(A,C) 0.0949316170555 (2.0, 9.0, 99.0, 4.0) 0.522123893805 [ACCEPT]
[LVL9] rsome67(A,B) :- all67(B,C), somenot67(C,D) 0.34808259587 (2.0, 1.0, 107.0, 4.0) 0.522123893805 [ACCEPT]
[LVL9] rsome67(A,B) :- all67(B,C), somenot67(D,A) 0.34808259587 (2.0, 1.0, 107.0, 4.0) 0.522123893805 [ACCEPT]
[LVL9] rsome67(A,B) :- all67(B,C), \+all67(A,C) 0.0870206489676 (2.0, 10.0, 98.0, 4.0) 0.522123893805 [ACCEPT]
[LVL9] rsome67(A,B) :- all67(B,C), \+all67(C,A) 0.0870206489676 (2.0, 10.0, 98.0, 4.0) 0.522123893805 [ACCEPT]
[LVL9] rsome67(A,B) :- all67(B,C), \+some67(A,C) 0.0803267528931 (2.0, 11.0, 97.0, 4.0) 0.522123893805 [ACCEPT]
[LVL9] rsome67(A,B) :- all67(B,C), \+some67(C,A) 0.0803267528931 (2.0, 11.0, 97.0, 4.0) 0.522123893805 [ACCEPT]
[LVL9] rsome67(A,B) :- all67(B,C), \+no67(A,C) 0.0870206489676 (2.0, 10.0, 98.0, 4.0) 0.522123893805 [ACCEPT]
[LVL9] rsome67(A,B) :- all67(B,C), \+no67(C,A) 0.0870206489676 (2.0, 10.0, 98.0, 4.0) 0.522123893805 [ACCEPT]
[LVL9] rsome67(A,B) :- all67(B,C), \+somenot67(A,C) 0.0803267528931 (2.0, 11.0, 97.0, 4.0) 0.522123893805 [ACCEPT]
[LVL9] rsome67(A,B) :- some67(C,B), somenot67(A,C) 0.34808259587 (2.0, 1.0, 107.0, 4.0) 0.522123893805 [ACCEPT]
[LVL9] rsome67(A,B) :- some67(C,B), somenot67(A,D) 0.34808259587 (2.0, 1.0, 107.0, 4.0) 0.522123893805 [ACCEPT]
[LVL9] rsome67(A,B) :- some67(C,B), somenot67(D,C) 0.34808259587 (2.0, 1.0, 107.0, 4.0) 0.522123893805 [ACCEPT]
[LVL9] rsome67(A,B) :- some67(C,B), \+all67(C,A) 0.0870206489676 (2.0, 10.0, 98.0, 4.0) 0.522123893805 [ACCEPT]
[LVL9] rsome67(A,B) :- some67(C,B), \+some67(A,C) 0.0870206489676 (2.0, 10.0, 98.0, 4.0) 0.522123893805 [ACCEPT]
[LVL9] rsome67(A,B) :- some67(C,B), \+some67(C,A) 0.0870206489676 (2.0, 10.0, 98.0, 4.0) 0.522123893805 [ACCEPT]
[LVL9] rsome67(A,B) :- some67(C,B), \+no67(A,C) 0.0870206489676 (2.0, 10.0, 98.0, 4.0) 0.522123893805 [ACCEPT]
[LVL9] rsome67(A,B) :- some67(C,B), \+no67(C,A) 0.0870206489676 (2.0, 10.0, 98.0, 4.0) 0.522123893805 [ACCEPT]
[LVL9] rsome67(A,B) :- some67(C,B), \+somenot67(C,A) 0.0803267528931 (2.0, 11.0, 97.0, 4.0) 0.522123893805 [ACCEPT]
[LVL9] rsome67(A,B) :- somenot67(A,C), some67(C,D) 0.34808259587 (2.0, 1.0, 107.0, 4.0) 0.522123893805 [ACCEPT]
[LVL9] rsome67(A,B) :- somenot67(A,C), some67(D,B) 0.34808259587 (2.0, 1.0, 107.0, 4.0) 0.522123893805 [ACCEPT]
[LVL9] rsome67(A,B) :- somenot67(A,C), \+all67(C,B) 0.0745891276865 (2.0, 12.0, 96.0, 4.0) 0.522123893805 [ACCEPT]
[LVL9] rsome67(A,B) :- somenot67(A,C), \+all67(B,C) 0.0745891276865 (2.0, 12.0, 96.0, 4.0) 0.522123893805 [ACCEPT]
[LVL9] rsome67(A,B) :- somenot67(A,C), \+some67(B,C) 0.0803267528931 (2.0, 11.0, 97.0, 4.0) 0.522123893805 [ACCEPT]
[LVL9] rsome67(A,B) :- somenot67(A,C), \+no67(C,B) 0.0803267528931 (2.0, 11.0, 97.0, 4.0) 0.522123893805 [ACCEPT]
[LVL9] rsome67(A,B) :- somenot67(A,C), \+no67(B,C) 0.0803267528931 (2.0, 11.0, 97.0, 4.0) 0.522123893805 [ACCEPT]
[LVL9] rsome67(A,B) :- somenot67(A,C), \+somenot67(C,B) 0.0803267528931 (2.0, 11.0, 97.0, 4.0) 0.522123893805 [ACCEPT]
[LVL9] rsome67(A,B) :- somenot67(A,C), \+somenot67(B,C) 0.0803267528931 (2.0, 11.0, 97.0, 4.0) 0.522123893805 [ACCEPT]
[DEBUG] Best rule so far: rsome67(A,B) :- somenot67(C,A), all67(C,B) [0.34808259587]
[DEBUG] Candidates for iteration 3:
[DEBUG] ==================================
[DEBUG] rsome67(A,B) :- somenot67(C,A), all67(C,B) 0.34808259587
[DEBUG] rsome67(A,B) :- somenot67(C,A), all67(B,C) 0.34808259587
[DEBUG] rsome67(A,B) :- somenot67(C,A), all67(C,D) 0.34808259587
[DEBUG] rsome67(A,B) :- somenot67(C,A), all67(B,D) 0.34808259587
[DEBUG] rsome67(A,B) :- somenot67(C,A), all67(D,C) 0.34808259587
[DEBUG] rsome67(A,B) :- somenot67(C,A), all67(D,B) 0.34808259587
[DEBUG] rsome67(A,B) :- somenot67(C,A), some67(B,C) 0.34808259587
[DEBUG] rsome67(A,B) :- somenot67(C,A), some67(B,D) 0.34808259587
[DEBUG] rsome67(A,B) :- somenot67(C,A), some67(D,C) 0.34808259587
[DEBUG] rsome67(A,B) :- all67(C,B), some67(A,C) 0.34808259587
[DEBUG] rsome67(A,B) :- all67(C,B), some67(A,D) 0.34808259587
[DEBUG] rsome67(A,B) :- all67(C,B), some67(D,C) 0.34808259587
[DEBUG] rsome67(A,B) :- all67(C,B), somenot67(C,D) 0.34808259587
[DEBUG] rsome67(A,B) :- all67(C,B), somenot67(D,A) 0.34808259587
[DEBUG] rsome67(A,B) :- some67(A,C), all67(C,D) 0.34808259587
[DEBUG] rsome67(A,B) :- some67(A,C), all67(D,B) 0.34808259587
[DEBUG] rsome67(A,B) :- some67(B,C), somenot67(C,D) 0.34808259587
[DEBUG] rsome67(A,B) :- some67(B,C), somenot67(D,A) 0.34808259587
[DEBUG] rsome67(A,B) :- all67(B,C), somenot67(C,D) 0.34808259587
[DEBUG] rsome67(A,B) :- all67(B,C), somenot67(D,A) 0.34808259587
[DEBUG] rsome67(A,B) :- some67(C,B), somenot67(A,C) 0.34808259587
[DEBUG] rsome67(A,B) :- some67(C,B), somenot67(A,D) 0.34808259587
[DEBUG] rsome67(A,B) :- some67(C,B), somenot67(D,C) 0.34808259587
[DEBUG] rsome67(A,B) :- somenot67(A,C), some67(C,D) 0.34808259587
[DEBUG] rsome67(A,B) :- somenot67(A,C), some67(D,B) 0.34808259587
[DEBUG] rsome67(A,B) :- somenot67(C,A), \+no67(C,B) 0.217446270544
[DEBUG] rsome67(A,B) :- somenot67(C,A), \+no67(B,C) 0.217446270544
[DEBUG] rsome67(A,B) :- somenot67(C,A), \+somenot67(C,B) 0.217446270544
[DEBUG] rsome67(A,B) :- somenot67(C,A), \+somenot67(B,C) 0.217446270544
[DEBUG] rsome67(A,B) :- somenot67(C,A), \+some67(C,B) 0.202949852507
[DEBUG] rsome67(A,B) :- somenot67(C,A), \+all67(C,B) 0.146017699115
[DEBUG] rsome67(A,B) :- somenot67(C,A), \+all67(B,C) 0.146017699115
[DEBUG] rsome67(A,B) :- somenot67(C,A), \+some67(B,C) 0.146017699115
[DEBUG] rsome67(A,B) :- all67(C,B), \+all67(A,C) 0.146017699115
[DEBUG] rsome67(A,B) :- all67(C,B), \+all67(C,A) 0.146017699115
[DEBUG] rsome67(A,B) :- all67(C,B), \+some67(C,A) 0.146017699115
[DEBUG] rsome67(A,B) :- all67(C,B), \+no67(A,C) 0.146017699115
[DEBUG] rsome67(A,B) :- all67(C,B), \+no67(C,A) 0.146017699115
[DEBUG] rsome67(A,B) :- all67(C,B), \+somenot67(A,C) 0.136283185841
[DEBUG] rsome67(A,B) :- some67(A,C), \+some67(C,B) 0.0949316170555
[DEBUG] rsome67(A,B) :- some67(A,C), \+no67(C,B) 0.0949316170555
[DEBUG] rsome67(A,B) :- some67(A,C), \+somenot67(C,B) 0.0949316170555
[DEBUG] rsome67(A,B) :- some67(A,C), \+somenot67(B,C) 0.0949316170555
[DEBUG] rsome67(A,B) :- some67(B,C), \+all67(C,A) 0.0949316170555
[DEBUG] rsome67(A,B) :- some67(B,C), \+some67(C,A) 0.0949316170555
[DEBUG] rsome67(A,B) :- some67(B,C), \+no67(C,A) 0.0949316170555
[DEBUG] rsome67(A,B) :- some67(B,C), \+somenot67(A,C) 0.0949316170555
[DEBUG] rsome67(A,B) :- some67(A,C), \+all67(B,C) 0.0870206489676
[DEBUG] rsome67(A,B) :- some67(A,C), \+no67(B,C) 0.0870206489676
[DEBUG] rsome67(A,B) :- some67(B,C), \+all67(A,C) 0.0870206489676
[DEBUG] rsome67(A,B) :- some67(B,C), \+no67(A,C) 0.0870206489676
[DEBUG] rsome67(A,B) :- all67(B,C), \+all67(A,C) 0.0870206489676
[DEBUG] rsome67(A,B) :- all67(B,C), \+all67(C,A) 0.0870206489676
[DEBUG] rsome67(A,B) :- all67(B,C), \+no67(A,C) 0.0870206489676
[DEBUG] rsome67(A,B) :- all67(B,C), \+no67(C,A) 0.0870206489676
[DEBUG] rsome67(A,B) :- some67(C,B), \+all67(C,A) 0.0870206489676
[DEBUG] rsome67(A,B) :- some67(C,B), \+some67(A,C) 0.0870206489676
[DEBUG] rsome67(A,B) :- some67(C,B), \+some67(C,A) 0.0870206489676
[DEBUG] rsome67(A,B) :- some67(C,B), \+no67(A,C) 0.0870206489676
[DEBUG] rsome67(A,B) :- some67(C,B), \+no67(C,A) 0.0870206489676
[DEBUG] rsome67(A,B) :- all67(B,C), \+some67(A,C) 0.0803267528931
[DEBUG] rsome67(A,B) :- all67(B,C), \+some67(C,A) 0.0803267528931
[DEBUG] rsome67(A,B) :- all67(B,C), \+somenot67(A,C) 0.0803267528931
[DEBUG] rsome67(A,B) :- some67(C,B), \+somenot67(C,A) 0.0803267528931
[DEBUG] rsome67(A,B) :- somenot67(A,C), \+some67(B,C) 0.0803267528931
[DEBUG] rsome67(A,B) :- somenot67(A,C), \+no67(C,B) 0.0803267528931
[DEBUG] rsome67(A,B) :- somenot67(A,C), \+no67(B,C) 0.0803267528931
[DEBUG] rsome67(A,B) :- somenot67(A,C), \+somenot67(C,B) 0.0803267528931
[DEBUG] rsome67(A,B) :- somenot67(A,C), \+somenot67(B,C) 0.0803267528931
[DEBUG] rsome67(A,B) :- all67(C,B), \+some67(A,C) 0.0745891276865
[DEBUG] rsome67(A,B) :- all67(C,B), \+somenot67(C,A) 0.0745891276865
[DEBUG] rsome67(A,B) :- somenot67(A,C), \+all67(C,B) 0.0745891276865
[DEBUG] rsome67(A,B) :- somenot67(A,C), \+all67(B,C) 0.0745891276865
[DEBUG] ==================================
[INFO] RULE LEARNED: rsome67(A,B) :- somenot67(C,A), all67(C,B) 0.956140350877
