[LVL9] Output level: 9
[INFO] Random seed: 0.306789173838
[INFO] Computing scores: 0.0533s
[INFO] Number of examples (M): 110
[INFO] Positive weight (P): 5.0000
[INFO] Negative weight (N): 105.0000
[DEBUG] Best rule so far: rno124(A,B) :- true [0.0454545454545]
[DEBUG] Candidates for iteration 1:
[DEBUG] ==================================
[DEBUG] rno124(A,B) :- true 0.0454545454545
[DEBUG] ==================================
[LVL9] rno124(A,B) :- all124(A,C) 0.095041322314 (1.0, 9.0, 96.0, 4.0) 0.522727272727 [ACCEPT]
[LVL9] BETTER RULE rno124(A,B) :- all124(A,C) (0.09504132231404959, 1.0) > (0.045454545454545456, 5.0)
[LVL9] rno124(A,B) :- all124(B,C) 0.185950413223 (2.0, 8.0, 97.0, 3.0) 0.681818181818 [ACCEPT]
[LVL9] BETTER RULE rno124(A,B) :- all124(B,C) (0.1859504132231405, 2.0) > (0.09504132231404959, 1.0)
[LVL9] rno124(A,B) :- all124(C,A) 0.0653409090909 (1.0, 14.0, 91.0, 4.0) 0.522727272727 [ACCEPT]
[LVL9] rno124(A,B) :- all124(C,B) 0.0653409090909 (1.0, 14.0, 91.0, 4.0) 0.522727272727 [ACCEPT]
[LVL9] rno124(A,B) :- some124(C,B) 0.069696969697 (1.0, 13.0, 92.0, 4.0) 0.522727272727 [ACCEPT]
[LVL9] rno124(A,B) :- no124(A,C) 0.20303030303 (3.0, 11.0, 94.0, 2.0) 0.761363636364 [ACCEPT]
[LVL9] BETTER RULE rno124(A,B) :- no124(A,C) (0.20303030303030303, 3.0) > (0.1859504132231405, 2.0)
[LVL9] rno124(A,B) :- no124(C,B) 0.0653409090909 (1.0, 14.0, 91.0, 4.0) 0.522727272727 [ACCEPT]
[DEBUG] Best rule so far: rno124(A,B) :- no124(A,C) [0.20303030303]
[DEBUG] Candidates for iteration 2:
[DEBUG] ==================================
[DEBUG] rno124(A,B) :- no124(A,C) 0.20303030303
[DEBUG] rno124(A,B) :- all124(B,C) 0.185950413223
[DEBUG] rno124(A,B) :- all124(A,C) 0.095041322314
[DEBUG] rno124(A,B) :- some124(C,B) 0.069696969697
[DEBUG] rno124(A,B) :- all124(C,A) 0.0653409090909
[DEBUG] rno124(A,B) :- all124(C,B) 0.0653409090909
[DEBUG] rno124(A,B) :- no124(C,B) 0.0653409090909
[DEBUG] ==================================
[LVL9] rno124(A,B) :- no124(A,C), all124(C,B) 0.348484848485 (1.0, 1.0, 104.0, 4.0) 0.522727272727 [ACCEPT]
[LVL9] BETTER RULE rno124(A,B) :- no124(A,C), all124(C,B) (0.34848484848484845, 1.0) > (0.20303030303030303, 3.0)
[LVL9] rno124(A,B) :- no124(A,C), all124(B,C) 0.522727272727 (1.0, 0.0, 105.0, 4.0) 0.522727272727 [REJECT* fp] 0.0
[LVL9] BETTER RULE rno124(A,B) :- no124(A,C), all124(B,C) (0.5227272727272727, 1.0) > (0.34848484848484845, 1.0)
[LVL9] rno124(A,B) :- no124(A,C), \+all124(C,B) 0.157342657343 (2.0, 10.0, 95.0, 3.0) 0.681818181818 [ACCEPT]
[LVL9] rno124(A,B) :- no124(A,C), \+some124(C,B) 0.157342657343 (2.0, 10.0, 95.0, 3.0) 0.681818181818 [ACCEPT]
[LVL9] rno124(A,B) :- no124(A,C), \+some124(B,C) 0.234265734266 (3.0, 9.0, 96.0, 2.0) 0.761363636364 [ACCEPT]
[LVL9] rno124(A,B) :- no124(A,C), \+no124(C,B) 0.234265734266 (3.0, 9.0, 96.0, 2.0) 0.761363636364 [ACCEPT]
[LVL9] rno124(A,B) :- no124(A,C), \+no124(B,C) 0.234265734266 (3.0, 9.0, 96.0, 2.0) 0.761363636364 [ACCEPT]
[LVL9] rno124(A,B) :- no124(A,C), \+somenot124(C,B) 0.234265734266 (3.0, 9.0, 96.0, 2.0) 0.761363636364 [ACCEPT]
[LVL9] rno124(A,B) :- no124(A,C), \+somenot124(B,C) 0.217532467532 (3.0, 10.0, 95.0, 2.0) 0.761363636364 [ACCEPT]
[LVL9] rno124(A,B) :- all124(B,C), \+some124(A,C) 0.204545454545 (2.0, 7.0, 98.0, 3.0) 0.681818181818 [ACCEPT]
[LVL9] rno124(A,B) :- all124(B,C), \+some124(C,A) 0.204545454545 (2.0, 7.0, 98.0, 3.0) 0.681818181818 [ACCEPT]
[LVL9] rno124(A,B) :- all124(B,C), \+no124(C,A) 0.227272727273 (2.0, 6.0, 99.0, 3.0) 0.681818181818 [ACCEPT]
[LVL9] rno124(A,B) :- all124(B,C), \+somenot124(A,C) 0.204545454545 (2.0, 7.0, 98.0, 3.0) 0.681818181818 [ACCEPT]
[LVL9] rno124(A,B) :- all124(B,C), \+somenot124(C,A) 0.227272727273 (2.0, 6.0, 99.0, 3.0) 0.681818181818 [ACCEPT]
[DEBUG] Best rule so far: rno124(A,B) :- no124(A,C), all124(B,C) [0.522727272727]
[DEBUG] Candidates for iteration 3:
[DEBUG] ==================================
[DEBUG] rno124(A,B) :- no124(A,C), all124(C,B) 0.348484848485
[DEBUG] rno124(A,B) :- no124(A,C), \+some124(B,C) 0.234265734266
[DEBUG] rno124(A,B) :- no124(A,C), \+no124(C,B) 0.234265734266
[DEBUG] rno124(A,B) :- no124(A,C), \+no124(B,C) 0.234265734266
[DEBUG] rno124(A,B) :- no124(A,C), \+somenot124(C,B) 0.234265734266
[DEBUG] rno124(A,B) :- all124(B,C), \+no124(C,A) 0.227272727273
[DEBUG] rno124(A,B) :- all124(B,C), \+somenot124(C,A) 0.227272727273
[DEBUG] rno124(A,B) :- no124(A,C), \+somenot124(B,C) 0.217532467532
[DEBUG] rno124(A,B) :- all124(B,C), \+some124(A,C) 0.204545454545
[DEBUG] rno124(A,B) :- all124(B,C), \+some124(C,A) 0.204545454545
[DEBUG] rno124(A,B) :- all124(B,C), \+somenot124(A,C) 0.204545454545
[DEBUG] rno124(A,B) :- no124(A,C), \+all124(C,B) 0.157342657343
[DEBUG] rno124(A,B) :- no124(A,C), \+some124(C,B) 0.157342657343
[DEBUG] ==================================
[INFO] RULE LEARNED: rno124(A,B) :- no124(A,C), all124(B,C) 0.963636363636
[DEBUG] Best rule so far: rno124(A,B) :- true [0.0]
[DEBUG] Candidates for iteration 1:
[DEBUG] ==================================
[DEBUG] rno124(A,B) :- true 0.0
[DEBUG] ==================================
[LVL9] rno124(A,B) :- all124(A,C) 0.0942452043369 (2.0, 9.0, 96.0, 3.0) 0.518348623853 [ACCEPT]
[LVL9] BETTER RULE rno124(A,B) :- all124(A,C) (0.09424520433694746, 2.0) > (0.0, 5.0)
[LVL9] rno124(A,B) :- all124(B,C) 0.103669724771 (2.0, 8.0, 97.0, 3.0) 0.518348623853 [ACCEPT]
[LVL9] BETTER RULE rno124(A,B) :- all124(B,C) (0.10366972477064221, 2.0) > (0.09424520433694746, 2.0)
[LVL9] rno124(A,B) :- all124(C,A) 0.0647935779817 (2.0, 14.0, 91.0, 3.0) 0.518348623853 [ACCEPT]
[LVL9] rno124(A,B) :- all124(C,B) 0.0647935779817 (2.0, 14.0, 91.0, 3.0) 0.518348623853 [ACCEPT]
[LVL9] rno124(A,B) :- some124(C,B) 0.0691131498471 (2.0, 13.0, 92.0, 3.0) 0.518348623853 [ACCEPT]
[LVL9] rno124(A,B) :- no124(A,C) 0.145478374836 (3.0, 11.0, 94.0, 2.0) 0.678899082569 [ACCEPT]
[LVL9] BETTER RULE rno124(A,B) :- no124(A,C) (0.14547837483617299, 3.0) > (0.10366972477064221, 2.0)
[LVL9] rno124(A,B) :- no124(C,B) 0.0647935779817 (2.0, 14.0, 91.0, 3.0) 0.518348623853 [ACCEPT]
[DEBUG] Best rule so far: rno124(A,B) :- no124(A,C) [0.145478374836]
[DEBUG] Candidates for iteration 2:
[DEBUG] ==================================
[DEBUG] rno124(A,B) :- no124(A,C) 0.145478374836
[DEBUG] rno124(A,B) :- all124(B,C) 0.103669724771
[DEBUG] rno124(A,B) :- all124(A,C) 0.0942452043369
[DEBUG] rno124(A,B) :- some124(C,B) 0.0691131498471
[DEBUG] rno124(A,B) :- all124(C,A) 0.0647935779817
[DEBUG] rno124(A,B) :- all124(C,B) 0.0647935779817
[DEBUG] rno124(A,B) :- no124(C,B) 0.0647935779817
[DEBUG] ==================================
[LVL9] rno124(A,B) :- no124(A,C), all124(C,B) 0.345565749235 (2.0, 1.0, 104.0, 3.0) 0.518348623853 [ACCEPT]
[LVL9] BETTER RULE rno124(A,B) :- no124(A,C), all124(C,B) (0.345565749235474, 2.0) > (0.14547837483617299, 3.0)
[LVL9] rno124(A,B) :- no124(A,C), all124(C,D) 0.345565749235 (2.0, 1.0, 104.0, 3.0) 0.518348623853 [ACCEPT]
[LVL9] rno124(A,B) :- no124(A,C), all124(D,B) 0.345565749235 (2.0, 1.0, 104.0, 3.0) 0.518348623853 [ACCEPT]
[LVL9] rno124(A,B) :- no124(A,C), some124(C,B) 0.345565749235 (2.0, 1.0, 104.0, 3.0) 0.518348623853 [ACCEPT]
[LVL9] rno124(A,B) :- no124(A,C), some124(C,D) 0.345565749235 (2.0, 1.0, 104.0, 3.0) 0.518348623853 [ACCEPT]
[LVL9] rno124(A,B) :- no124(A,C), some124(D,B) 0.345565749235 (2.0, 1.0, 104.0, 3.0) 0.518348623853 [ACCEPT]
[LVL9] rno124(A,B) :- no124(A,C), \+all124(C,B) 0.0863914373089 (2.0, 10.0, 95.0, 3.0) 0.518348623853 [ACCEPT]
[LVL9] rno124(A,B) :- no124(A,C), \+some124(C,B) 0.0863914373089 (2.0, 10.0, 95.0, 3.0) 0.518348623853 [ACCEPT]
[LVL9] rno124(A,B) :- no124(A,C), \+some124(B,C) 0.169724770642 (3.0, 9.0, 96.0, 2.0) 0.678899082569 [ACCEPT]
[LVL9] rno124(A,B) :- no124(A,C), \+no124(C,B) 0.169724770642 (3.0, 9.0, 96.0, 2.0) 0.678899082569 [ACCEPT]
[LVL9] rno124(A,B) :- no124(A,C), \+no124(B,C) 0.169724770642 (3.0, 9.0, 96.0, 2.0) 0.678899082569 [ACCEPT]
[LVL9] rno124(A,B) :- no124(A,C), \+somenot124(C,B) 0.169724770642 (3.0, 9.0, 96.0, 2.0) 0.678899082569 [ACCEPT]
[LVL9] rno124(A,B) :- no124(A,C), \+somenot124(B,C) 0.156669019054 (3.0, 10.0, 95.0, 2.0) 0.678899082569 [ACCEPT]
[LVL9] rno124(A,B) :- all124(B,C), all124(C,A) 0.345565749235 (2.0, 1.0, 104.0, 3.0) 0.518348623853 [ACCEPT]
[LVL9] rno124(A,B) :- all124(B,C), all124(C,D) 0.345565749235 (2.0, 1.0, 104.0, 3.0) 0.518348623853 [ACCEPT]
[LVL9] rno124(A,B) :- all124(B,C), all124(D,A) 0.345565749235 (2.0, 1.0, 104.0, 3.0) 0.518348623853 [ACCEPT]
[LVL9] rno124(A,B) :- all124(B,C), \+some124(A,C) 0.115188583078 (2.0, 7.0, 98.0, 3.0) 0.518348623853 [ACCEPT]
[LVL9] rno124(A,B) :- all124(B,C), \+some124(C,A) 0.115188583078 (2.0, 7.0, 98.0, 3.0) 0.518348623853 [ACCEPT]
[LVL9] rno124(A,B) :- all124(B,C), \+no124(C,A) 0.129587155963 (2.0, 6.0, 99.0, 3.0) 0.518348623853 [ACCEPT]
[LVL9] rno124(A,B) :- all124(B,C), \+somenot124(A,C) 0.115188583078 (2.0, 7.0, 98.0, 3.0) 0.518348623853 [ACCEPT]
[LVL9] rno124(A,B) :- all124(B,C), \+somenot124(C,A) 0.129587155963 (2.0, 6.0, 99.0, 3.0) 0.518348623853 [ACCEPT]
[LVL9] rno124(A,B) :- all124(A,C), no124(C,B) 0.345565749235 (2.0, 1.0, 104.0, 3.0) 0.518348623853 [ACCEPT]
[LVL9] rno124(A,B) :- all124(A,C), no124(C,D) 0.345565749235 (2.0, 1.0, 104.0, 3.0) 0.518348623853 [ACCEPT]
[LVL9] rno124(A,B) :- all124(A,C), no124(D,B) 0.345565749235 (2.0, 1.0, 104.0, 3.0) 0.518348623853 [ACCEPT]
[LVL9] rno124(A,B) :- all124(A,C), \+all124(C,B) 0.115188583078 (2.0, 7.0, 98.0, 3.0) 0.518348623853 [ACCEPT]
[LVL9] rno124(A,B) :- all124(A,C), \+some124(C,B) 0.103669724771 (2.0, 8.0, 97.0, 3.0) 0.518348623853 [ACCEPT]
[LVL9] rno124(A,B) :- all124(A,C), \+some124(B,C) 0.103669724771 (2.0, 8.0, 97.0, 3.0) 0.518348623853 [ACCEPT]
[LVL9] rno124(A,B) :- all124(A,C), \+no124(B,C) 0.103669724771 (2.0, 8.0, 97.0, 3.0) 0.518348623853 [ACCEPT]
[LVL9] rno124(A,B) :- all124(A,C), \+somenot124(C,B) 0.115188583078 (2.0, 7.0, 98.0, 3.0) 0.518348623853 [ACCEPT]
[LVL9] rno124(A,B) :- all124(A,C), \+somenot124(B,C) 0.103669724771 (2.0, 8.0, 97.0, 3.0) 0.518348623853 [ACCEPT]
[LVL9] rno124(A,B) :- some124(C,B), no124(A,D) 0.345565749235 (2.0, 1.0, 104.0, 3.0) 0.518348623853 [ACCEPT]
[LVL9] rno124(A,B) :- some124(C,B), no124(D,C) 0.345565749235 (2.0, 1.0, 104.0, 3.0) 0.518348623853 [ACCEPT]
[LVL9] rno124(A,B) :- some124(C,B), \+all124(A,C) 0.0740498034076 (2.0, 12.0, 93.0, 3.0) 0.518348623853 [ACCEPT]
[LVL9] rno124(A,B) :- some124(C,B), \+all124(C,A) 0.0797459421313 (2.0, 11.0, 94.0, 3.0) 0.518348623853 [ACCEPT]
[LVL9] rno124(A,B) :- some124(C,B), \+some124(A,C) 0.0797459421313 (2.0, 11.0, 94.0, 3.0) 0.518348623853 [ACCEPT]
[LVL9] rno124(A,B) :- some124(C,B), \+some124(C,A) 0.0797459421313 (2.0, 11.0, 94.0, 3.0) 0.518348623853 [ACCEPT]
[LVL9] rno124(A,B) :- some124(C,B), \+no124(C,A) 0.0740498034076 (2.0, 12.0, 93.0, 3.0) 0.518348623853 [ACCEPT]
[LVL9] rno124(A,B) :- some124(C,B), \+somenot124(A,C) 0.0797459421313 (2.0, 11.0, 94.0, 3.0) 0.518348623853 [ACCEPT]
[LVL9] rno124(A,B) :- some124(C,B), \+somenot124(C,A) 0.0797459421313 (2.0, 11.0, 94.0, 3.0) 0.518348623853 [ACCEPT]
[LVL9] rno124(A,B) :- all124(C,A), all124(B,D) 0.345565749235 (2.0, 1.0, 104.0, 3.0) 0.518348623853 [ACCEPT]
[LVL9] rno124(A,B) :- all124(C,A), all124(D,C) 0.345565749235 (2.0, 1.0, 104.0, 3.0) 0.518348623853 [ACCEPT]
[LVL9] rno124(A,B) :- all124(C,A), \+all124(C,B) 0.0740498034076 (2.0, 12.0, 93.0, 3.0) 0.518348623853 [ACCEPT]
[LVL9] rno124(A,B) :- all124(C,A), \+some124(C,B) 0.0740498034076 (2.0, 12.0, 93.0, 3.0) 0.518348623853 [ACCEPT]
[LVL9] rno124(A,B) :- all124(C,A), \+some124(B,C) 0.0691131498471 (2.0, 13.0, 92.0, 3.0) 0.518348623853 [ACCEPT]
[LVL9] rno124(A,B) :- all124(C,A), \+no124(C,B) 0.0740498034076 (2.0, 12.0, 93.0, 3.0) 0.518348623853 [ACCEPT]
[LVL9] rno124(A,B) :- all124(C,A), \+no124(B,C) 0.0740498034076 (2.0, 12.0, 93.0, 3.0) 0.518348623853 [ACCEPT]
[LVL9] rno124(A,B) :- all124(C,A), \+somenot124(C,B) 0.0740498034076 (2.0, 12.0, 93.0, 3.0) 0.518348623853 [ACCEPT]
[LVL9] rno124(A,B) :- all124(C,A), \+somenot124(B,C) 0.0740498034076 (2.0, 12.0, 93.0, 3.0) 0.518348623853 [ACCEPT]
[LVL9] rno124(A,B) :- all124(C,B), no124(A,D) 0.345565749235 (2.0, 1.0, 104.0, 3.0) 0.518348623853 [ACCEPT]
[LVL9] rno124(A,B) :- all124(C,B), no124(D,C) 0.345565749235 (2.0, 1.0, 104.0, 3.0) 0.518348623853 [ACCEPT]
[LVL9] rno124(A,B) :- all124(C,B), \+all124(A,C) 0.0740498034076 (2.0, 12.0, 93.0, 3.0) 0.518348623853 [ACCEPT]
[LVL9] rno124(A,B) :- all124(C,B), \+all124(C,A) 0.0740498034076 (2.0, 12.0, 93.0, 3.0) 0.518348623853 [ACCEPT]
[LVL9] rno124(A,B) :- all124(C,B), \+some124(A,C) 0.0691131498471 (2.0, 13.0, 92.0, 3.0) 0.518348623853 [ACCEPT]
[LVL9] rno124(A,B) :- all124(C,B), \+some124(C,A) 0.0740498034076 (2.0, 12.0, 93.0, 3.0) 0.518348623853 [ACCEPT]
[LVL9] rno124(A,B) :- all124(C,B), \+no124(C,A) 0.0740498034076 (2.0, 12.0, 93.0, 3.0) 0.518348623853 [ACCEPT]
[LVL9] rno124(A,B) :- all124(C,B), \+somenot124(A,C) 0.0740498034076 (2.0, 12.0, 93.0, 3.0) 0.518348623853 [ACCEPT]
[LVL9] rno124(A,B) :- all124(C,B), \+somenot124(C,A) 0.0740498034076 (2.0, 12.0, 93.0, 3.0) 0.518348623853 [ACCEPT]
[LVL9] rno124(A,B) :- no124(C,B), all124(A,D) 0.345565749235 (2.0, 1.0, 104.0, 3.0) 0.518348623853 [ACCEPT]
[LVL9] rno124(A,B) :- no124(C,B), all124(D,C) 0.345565749235 (2.0, 1.0, 104.0, 3.0) 0.518348623853 [ACCEPT]
[LVL9] rno124(A,B) :- no124(C,B), \+all124(C,A) 0.0740498034076 (2.0, 12.0, 93.0, 3.0) 0.518348623853 [ACCEPT]
[LVL9] rno124(A,B) :- no124(C,B), \+some124(A,C) 0.0740498034076 (2.0, 12.0, 93.0, 3.0) 0.518348623853 [ACCEPT]
[LVL9] rno124(A,B) :- no124(C,B), \+some124(C,A) 0.0691131498471 (2.0, 13.0, 92.0, 3.0) 0.518348623853 [ACCEPT]
[LVL9] rno124(A,B) :- no124(C,B), \+no124(A,C) 0.0740498034076 (2.0, 12.0, 93.0, 3.0) 0.518348623853 [ACCEPT]
[LVL9] rno124(A,B) :- no124(C,B), \+no124(C,A) 0.0740498034076 (2.0, 12.0, 93.0, 3.0) 0.518348623853 [ACCEPT]
[LVL9] rno124(A,B) :- no124(C,B), \+somenot124(A,C) 0.0740498034076 (2.0, 12.0, 93.0, 3.0) 0.518348623853 [ACCEPT]
[LVL9] rno124(A,B) :- no124(C,B), \+somenot124(C,A) 0.0740498034076 (2.0, 12.0, 93.0, 3.0) 0.518348623853 [ACCEPT]
[DEBUG] Best rule so far: rno124(A,B) :- no124(A,C), all124(C,B) [0.345565749235]
[DEBUG] Candidates for iteration 3:
[DEBUG] ==================================
[DEBUG] rno124(A,B) :- no124(A,C), all124(C,B) 0.345565749235
[DEBUG] rno124(A,B) :- no124(A,C), all124(C,D) 0.345565749235
[DEBUG] rno124(A,B) :- no124(A,C), all124(D,B) 0.345565749235
[DEBUG] rno124(A,B) :- no124(A,C), some124(C,B) 0.345565749235
[DEBUG] rno124(A,B) :- no124(A,C), some124(C,D) 0.345565749235
[DEBUG] rno124(A,B) :- no124(A,C), some124(D,B) 0.345565749235
[DEBUG] rno124(A,B) :- all124(B,C), all124(C,A) 0.345565749235
[DEBUG] rno124(A,B) :- all124(B,C), all124(C,D) 0.345565749235
[DEBUG] rno124(A,B) :- all124(B,C), all124(D,A) 0.345565749235
[DEBUG] rno124(A,B) :- all124(A,C), no124(C,B) 0.345565749235
[DEBUG] rno124(A,B) :- all124(A,C), no124(C,D) 0.345565749235
[DEBUG] rno124(A,B) :- all124(A,C), no124(D,B) 0.345565749235
[DEBUG] rno124(A,B) :- some124(C,B), no124(A,D) 0.345565749235
[DEBUG] rno124(A,B) :- some124(C,B), no124(D,C) 0.345565749235
[DEBUG] rno124(A,B) :- all124(C,A), all124(B,D) 0.345565749235
[DEBUG] rno124(A,B) :- all124(C,A), all124(D,C) 0.345565749235
[DEBUG] rno124(A,B) :- all124(C,B), no124(A,D) 0.345565749235
[DEBUG] rno124(A,B) :- all124(C,B), no124(D,C) 0.345565749235
[DEBUG] rno124(A,B) :- no124(C,B), all124(A,D) 0.345565749235
[DEBUG] rno124(A,B) :- no124(C,B), all124(D,C) 0.345565749235
[DEBUG] rno124(A,B) :- no124(A,C), \+some124(B,C) 0.169724770642
[DEBUG] rno124(A,B) :- no124(A,C), \+no124(C,B) 0.169724770642
[DEBUG] rno124(A,B) :- no124(A,C), \+no124(B,C) 0.169724770642
[DEBUG] rno124(A,B) :- no124(A,C), \+somenot124(C,B) 0.169724770642
[DEBUG] rno124(A,B) :- no124(A,C), \+somenot124(B,C) 0.156669019054
[DEBUG] rno124(A,B) :- all124(B,C), \+no124(C,A) 0.129587155963
[DEBUG] rno124(A,B) :- all124(B,C), \+somenot124(C,A) 0.129587155963
[DEBUG] rno124(A,B) :- all124(B,C), \+some124(A,C) 0.115188583078
[DEBUG] rno124(A,B) :- all124(B,C), \+some124(C,A) 0.115188583078
[DEBUG] rno124(A,B) :- all124(B,C), \+somenot124(A,C) 0.115188583078
[DEBUG] rno124(A,B) :- all124(A,C), \+all124(C,B) 0.115188583078
[DEBUG] rno124(A,B) :- all124(A,C), \+somenot124(C,B) 0.115188583078
[DEBUG] rno124(A,B) :- all124(A,C), \+some124(C,B) 0.103669724771
[DEBUG] rno124(A,B) :- all124(A,C), \+some124(B,C) 0.103669724771
[DEBUG] rno124(A,B) :- all124(A,C), \+no124(B,C) 0.103669724771
[DEBUG] rno124(A,B) :- all124(A,C), \+somenot124(B,C) 0.103669724771
[DEBUG] rno124(A,B) :- no124(A,C), \+all124(C,B) 0.0863914373089
[DEBUG] rno124(A,B) :- no124(A,C), \+some124(C,B) 0.0863914373089
[DEBUG] rno124(A,B) :- some124(C,B), \+all124(C,A) 0.0797459421313
[DEBUG] rno124(A,B) :- some124(C,B), \+some124(A,C) 0.0797459421313
[DEBUG] rno124(A,B) :- some124(C,B), \+some124(C,A) 0.0797459421313
[DEBUG] rno124(A,B) :- some124(C,B), \+somenot124(A,C) 0.0797459421313
[DEBUG] rno124(A,B) :- some124(C,B), \+somenot124(C,A) 0.0797459421313
[DEBUG] rno124(A,B) :- some124(C,B), \+all124(A,C) 0.0740498034076
[DEBUG] rno124(A,B) :- some124(C,B), \+no124(C,A) 0.0740498034076
[DEBUG] rno124(A,B) :- all124(C,A), \+all124(C,B) 0.0740498034076
[DEBUG] rno124(A,B) :- all124(C,A), \+some124(C,B) 0.0740498034076
[DEBUG] rno124(A,B) :- all124(C,A), \+no124(C,B) 0.0740498034076
[DEBUG] rno124(A,B) :- all124(C,A), \+no124(B,C) 0.0740498034076
[DEBUG] rno124(A,B) :- all124(C,A), \+somenot124(C,B) 0.0740498034076
[DEBUG] rno124(A,B) :- all124(C,A), \+somenot124(B,C) 0.0740498034076
[DEBUG] rno124(A,B) :- all124(C,B), \+all124(A,C) 0.0740498034076
[DEBUG] rno124(A,B) :- all124(C,B), \+all124(C,A) 0.0740498034076
[DEBUG] rno124(A,B) :- all124(C,B), \+some124(C,A) 0.0740498034076
[DEBUG] rno124(A,B) :- all124(C,B), \+no124(C,A) 0.0740498034076
[DEBUG] rno124(A,B) :- all124(C,B), \+somenot124(A,C) 0.0740498034076
[DEBUG] rno124(A,B) :- all124(C,B), \+somenot124(C,A) 0.0740498034076
[DEBUG] rno124(A,B) :- no124(C,B), \+all124(C,A) 0.0740498034076
[DEBUG] rno124(A,B) :- no124(C,B), \+some124(A,C) 0.0740498034076
[DEBUG] rno124(A,B) :- no124(C,B), \+no124(A,C) 0.0740498034076
[DEBUG] rno124(A,B) :- no124(C,B), \+no124(C,A) 0.0740498034076
[DEBUG] rno124(A,B) :- no124(C,B), \+somenot124(A,C) 0.0740498034076
[DEBUG] rno124(A,B) :- no124(C,B), \+somenot124(C,A) 0.0740498034076
[DEBUG] rno124(A,B) :- all124(C,A), \+some124(B,C) 0.0691131498471
[DEBUG] rno124(A,B) :- all124(C,B), \+some124(A,C) 0.0691131498471
[DEBUG] rno124(A,B) :- no124(C,B), \+some124(C,A) 0.0691131498471
[DEBUG] ==================================
[INFO] RULE LEARNED: rno124(A,B) :- no124(A,C), all124(C,B) 0.963636363636
