[LVL9] Output level: 9
[INFO] Random seed: 0.816756806068
[INFO] Computing scores: 0.0203s
[INFO] Number of examples (M): 60
[INFO] Positive weight (P): 32.0000
[INFO] Negative weight (N): 28.0000
[DEBUG] Best rule so far: rnvc95(A,B) :- true [0.533333333333]
[DEBUG] Candidates for iteration 1:
[DEBUG] ==================================
[DEBUG] rnvc95(A,B) :- true 0.533333333333
[DEBUG] ==================================
[LVL9] rnvc95(A,B) :- all95(A,C) 0.566666666667 (4.0, 3.0, 25.0, 28.0) 0.906666666667 [ACCEPT]
[LVL9] BETTER RULE rnvc95(A,B) :- all95(A,C) (0.5666666666666667, 4.0) > (0.5333333333333333, 32.0)
[LVL9] rnvc95(A,B) :- all95(B,C) 0.0 (1.0, 7.0, 21.0, 31.0) 0.766666666667 [ACCEPT]
[LVL9] rnvc95(A,B) :- all95(C,A) 0.0 (2.0, 6.0, 22.0, 30.0) 0.844444444444 [ACCEPT]
[LVL9] rnvc95(A,B) :- all95(C,B) 0.0 (3.0, 4.0, 24.0, 29.0) 0.883333333333 [ACCEPT]
[LVL9] rnvc95(A,B) :- some95(A,C) 0.0 (2.0, 5.0, 23.0, 30.0) 0.844444444444 [ACCEPT]
[LVL9] rnvc95(A,B) :- some95(B,C) 0.614814814815 (5.0, 3.0, 25.0, 27.0) 0.922222222222 [ACCEPT]
[LVL9] BETTER RULE rnvc95(A,B) :- some95(B,C) (0.6148148148148148, 5.0) > (0.5666666666666667, 4.0)
[LVL9] rnvc95(A,B) :- some95(C,A) 0.566666666667 (4.0, 3.0, 25.0, 28.0) 0.906666666667 [ACCEPT]
[LVL9] rnvc95(A,B) :- some95(C,B) 0.566666666667 (4.0, 3.0, 25.0, 28.0) 0.906666666667 [ACCEPT]
[LVL9] rnvc95(A,B) :- no95(A,C) 0.614814814815 (5.0, 3.0, 25.0, 27.0) 0.922222222222 [ACCEPT]
[LVL9] rnvc95(A,B) :- no95(B,C) 0.725925925926 (6.0, 2.0, 26.0, 26.0) 0.933333333333 [ACCEPT]
[LVL9] BETTER RULE rnvc95(A,B) :- no95(B,C) (0.7259259259259259, 6.0) > (0.6148148148148148, 5.0)
[LVL9] rnvc95(A,B) :- no95(C,A) 0.691666666667 (5.0, 2.0, 26.0, 27.0) 0.922222222222 [ACCEPT]
[LVL9] rnvc95(A,B) :- no95(C,B) 0.0 (4.0, 4.0, 24.0, 28.0) 0.906666666667 [ACCEPT]
[LVL9] rnvc95(A,B) :- somenot95(A,C) 0.614814814815 (5.0, 3.0, 25.0, 27.0) 0.922222222222 [ACCEPT]
[LVL9] rnvc95(A,B) :- somenot95(B,C) 0.816666666667 (6.0, 1.0, 27.0, 26.0) 0.933333333333 [ACCEPT]
[LVL9] BETTER RULE rnvc95(A,B) :- somenot95(B,C) (0.8166666666666667, 6.0) > (0.7259259259259259, 6.0)
[LVL9] rnvc95(A,B) :- somenot95(C,A) 0.614814814815 (5.0, 3.0, 25.0, 27.0) 0.922222222222 [ACCEPT]
[LVL9] rnvc95(A,B) :- somenot95(C,B) 0.0 (3.0, 4.0, 24.0, 29.0) 0.883333333333 [ACCEPT]
[DEBUG] Best rule so far: rnvc95(A,B) :- somenot95(B,C) [0.816666666667]
[DEBUG] Candidates for iteration 2:
[DEBUG] ==================================
[DEBUG] rnvc95(A,B) :- somenot95(B,C) 0.816666666667
[DEBUG] rnvc95(A,B) :- no95(B,C) 0.725925925926
[DEBUG] rnvc95(A,B) :- no95(C,A) 0.691666666667
[DEBUG] rnvc95(A,B) :- some95(B,C) 0.614814814815
[DEBUG] rnvc95(A,B) :- no95(A,C) 0.614814814815
[DEBUG] rnvc95(A,B) :- somenot95(A,C) 0.614814814815
[DEBUG] rnvc95(A,B) :- somenot95(C,A) 0.614814814815
[DEBUG] rnvc95(A,B) :- all95(A,C) 0.566666666667
[DEBUG] rnvc95(A,B) :- some95(C,A) 0.566666666667
[DEBUG] rnvc95(A,B) :- some95(C,B) 0.566666666667
[DEBUG] rnvc95(A,B) :- no95(C,B) 0.0
[DEBUG] rnvc95(A,B) :- all95(C,B) 0.0
[DEBUG] rnvc95(A,B) :- somenot95(C,B) 0.0
[DEBUG] rnvc95(A,B) :- all95(C,A) 0.0
[DEBUG] rnvc95(A,B) :- some95(A,C) 0.0
[DEBUG] rnvc95(A,B) :- all95(B,C) 0.0
[DEBUG] ==================================
[LVL9] rnvc95(A,B) :- somenot95(B,C), \+no95(A,C) 0.933333333333 (6.0, 0.0, 28.0, 26.0) 0.933333333333 [REJECT* fp] 0.0
[LVL9] BETTER RULE rnvc95(A,B) :- somenot95(B,C), \+no95(A,C) (0.9333333333333333, 6.0) > (0.8166666666666667, 6.0)
[INFO] RULE LEARNED: rnvc95(A,B) :- somenot95(B,C), \+no95(A,C) 0.566666666667
[DEBUG] Best rule so far: rnvc95(A,B) :- true [0.481481481481]
[DEBUG] Candidates for iteration 1:
[DEBUG] ==================================
[DEBUG] rnvc95(A,B) :- true 0.481481481481
[DEBUG] ==================================
[LVL9] rnvc95(A,B) :- all95(A,C) 0.497354497354 (9.0, 3.0, 25.0, 23.0) 0.87037037037 [ACCEPT]
[LVL9] BETTER RULE rnvc95(A,B) :- all95(A,C) (0.4973544973544973, 9.0) > (0.48148148148148145, 32.0)
[LVL9] rnvc95(A,B) :- all95(B,C) 0.0 (7.0, 7.0, 21.0, 25.0) 0.740740740741 [ACCEPT]
[LVL9] rnvc95(A,B) :- all95(C,A) 0.0 (7.0, 6.0, 22.0, 25.0) 0.740740740741 [ACCEPT]
[LVL9] rnvc95(A,B) :- all95(C,B) 0.0 (9.0, 4.0, 24.0, 23.0) 0.87037037037 [ACCEPT]
[LVL9] rnvc95(A,B) :- some95(A,C) 0.0 (7.0, 5.0, 23.0, 25.0) 0.740740740741 [ACCEPT]
[LVL9] rnvc95(A,B) :- some95(B,C) 0.609053497942 (11.0, 3.0, 25.0, 21.0) 0.913580246914 [ACCEPT]
[LVL9] BETTER RULE rnvc95(A,B) :- some95(B,C) (0.6090534979423868, 11.0) > (0.4973544973544973, 9.0)
[LVL9] rnvc95(A,B) :- some95(C,A) 0.497354497354 (9.0, 3.0, 25.0, 23.0) 0.87037037037 [ACCEPT]
[LVL9] rnvc95(A,B) :- some95(C,B) 0.560185185185 (10.0, 3.0, 25.0, 22.0) 0.896296296296 [ACCEPT]
[LVL9] rnvc95(A,B) :- no95(A,C) 0.609053497942 (11.0, 3.0, 25.0, 21.0) 0.913580246914 [ACCEPT]
[LVL9] rnvc95(A,B) :- no95(B,C) 0.720164609053 (12.0, 2.0, 26.0, 20.0) 0.925925925926 [ACCEPT]
[LVL9] BETTER RULE rnvc95(A,B) :- no95(B,C) (0.720164609053498, 12.0) > (0.6090534979423868, 11.0)
[LVL9] rnvc95(A,B) :- no95(C,A) 0.685185185185 (11.0, 2.0, 26.0, 21.0) 0.913580246914 [ACCEPT]
[LVL9] rnvc95(A,B) :- no95(C,B) 0.497942386831 (10.0, 4.0, 24.0, 22.0) 0.896296296296 [ACCEPT]
[LVL9] rnvc95(A,B) :- somenot95(A,C) 0.560185185185 (10.0, 3.0, 25.0, 22.0) 0.896296296296 [ACCEPT]
[LVL9] rnvc95(A,B) :- somenot95(C,A) 0.560185185185 (10.0, 3.0, 25.0, 22.0) 0.896296296296 [ACCEPT]
[LVL9] rnvc95(A,B) :- somenot95(C,B) 0.0 (9.0, 4.0, 24.0, 23.0) 0.87037037037 [ACCEPT]
[DEBUG] Best rule so far: rnvc95(A,B) :- no95(B,C) [0.720164609053]
[DEBUG] Candidates for iteration 2:
[DEBUG] ==================================
[DEBUG] rnvc95(A,B) :- no95(B,C) 0.720164609053
[DEBUG] rnvc95(A,B) :- no95(C,A) 0.685185185185
[DEBUG] rnvc95(A,B) :- some95(B,C) 0.609053497942
[DEBUG] rnvc95(A,B) :- no95(A,C) 0.609053497942
[DEBUG] rnvc95(A,B) :- some95(C,B) 0.560185185185
[DEBUG] rnvc95(A,B) :- somenot95(A,C) 0.560185185185
[DEBUG] rnvc95(A,B) :- somenot95(C,A) 0.560185185185
[DEBUG] rnvc95(A,B) :- no95(C,B) 0.497942386831
[DEBUG] rnvc95(A,B) :- all95(A,C) 0.497354497354
[DEBUG] rnvc95(A,B) :- some95(C,A) 0.497354497354
[DEBUG] rnvc95(A,B) :- all95(C,B) 0.0
[DEBUG] rnvc95(A,B) :- somenot95(C,B) 0.0
[DEBUG] rnvc95(A,B) :- all95(B,C) 0.0
[DEBUG] rnvc95(A,B) :- all95(C,A) 0.0
[DEBUG] rnvc95(A,B) :- some95(A,C) 0.0
[DEBUG] ==================================
[LVL9] rnvc95(A,B) :- no95(B,C), all95(A,C) 0.740740740741 (7.0, 0.0, 28.0, 25.0) 0.740740740741 [REJECT* fp] 6.0
[LVL9] BETTER RULE rnvc95(A,B) :- no95(B,C), all95(A,C) (0.7407407407407407, 7.0) > (0.720164609053498, 12.0)
[LVL9] rnvc95(A,B) :- no95(B,C), \+some95(A,C) 0.810185185185 (12.0, 1.0, 27.0, 20.0) 0.925925925926 [ACCEPT]
[LVL9] BETTER RULE rnvc95(A,B) :- no95(B,C), \+some95(A,C) (0.8101851851851852, 12.0) > (0.7407407407407407, 7.0)
[LVL9] rnvc95(A,B) :- no95(B,C), \+somenot95(A,C) 0.810185185185 (12.0, 1.0, 27.0, 20.0) 0.925925925926 [ACCEPT]
[LVL9] rnvc95(A,B) :- no95(C,A), \+all95(B,C) 0.783068783069 (11.0, 1.0, 27.0, 21.0) 0.913580246914 [ACCEPT]
[LVL9] rnvc95(A,B) :- no95(C,A), \+some95(C,B) 0.783068783069 (11.0, 1.0, 27.0, 21.0) 0.913580246914 [ACCEPT]
[LVL9] rnvc95(A,B) :- some95(B,C), \+all95(C,A) 0.685185185185 (11.0, 2.0, 26.0, 21.0) 0.913580246914 [ACCEPT]
[LVL9] rnvc95(A,B) :- some95(B,C), \+some95(C,A) 0.685185185185 (11.0, 2.0, 26.0, 21.0) 0.913580246914 [ACCEPT]
[LVL9] rnvc95(A,B) :- some95(B,C), \+somenot95(C,A) 0.685185185185 (11.0, 2.0, 26.0, 21.0) 0.913580246914 [ACCEPT]
[LVL9] rnvc95(A,B) :- no95(A,C), \+all95(B,C) 0.685185185185 (11.0, 2.0, 26.0, 21.0) 0.913580246914 [ACCEPT]
[LVL9] rnvc95(A,B) :- no95(A,C), \+no95(C,B) 0.685185185185 (11.0, 2.0, 26.0, 21.0) 0.913580246914 [ACCEPT]
[LVL9] rnvc95(A,B) :- no95(A,C), \+somenot95(B,C) 0.685185185185 (11.0, 2.0, 26.0, 21.0) 0.913580246914 [ACCEPT]
[LVL9] rnvc95(A,B) :- some95(C,B), \+all95(A,C) 0.640211640212 (10.0, 2.0, 26.0, 22.0) 0.896296296296 [ACCEPT]
[LVL9] rnvc95(A,B) :- some95(C,B), \+all95(C,A) 0.640211640212 (10.0, 2.0, 26.0, 22.0) 0.896296296296 [ACCEPT]
[LVL9] rnvc95(A,B) :- some95(C,B), \+no95(C,A) 0.640211640212 (10.0, 2.0, 26.0, 22.0) 0.896296296296 [ACCEPT]
[LVL9] rnvc95(A,B) :- somenot95(A,C), \+all95(B,C) 0.640211640212 (10.0, 2.0, 26.0, 22.0) 0.896296296296 [ACCEPT]
[LVL9] rnvc95(A,B) :- somenot95(A,C), \+no95(B,C) 0.640211640212 (10.0, 2.0, 26.0, 22.0) 0.896296296296 [ACCEPT]
[LVL9] rnvc95(A,B) :- somenot95(A,C), \+somenot95(C,B) 0.640211640212 (10.0, 2.0, 26.0, 22.0) 0.896296296296 [ACCEPT]
[LVL9] rnvc95(A,B) :- somenot95(C,A), \+all95(C,B) 0.640211640212 (10.0, 2.0, 26.0, 22.0) 0.896296296296 [ACCEPT]
[LVL9] rnvc95(A,B) :- somenot95(C,A), \+all95(B,C) 0.640211640212 (10.0, 2.0, 26.0, 22.0) 0.896296296296 [ACCEPT]
[LVL9] rnvc95(A,B) :- somenot95(C,A), \+some95(B,C) 0.640211640212 (10.0, 2.0, 26.0, 22.0) 0.896296296296 [ACCEPT]
[LVL9] rnvc95(A,B) :- no95(C,B), \+all95(A,C) 0.560185185185 (10.0, 3.0, 25.0, 22.0) 0.896296296296 [ACCEPT]
[LVL9] rnvc95(A,B) :- no95(C,B), \+all95(C,A) 0.560185185185 (10.0, 3.0, 25.0, 22.0) 0.896296296296 [ACCEPT]
[LVL9] rnvc95(A,B) :- no95(C,B), \+some95(A,C) 0.560185185185 (10.0, 3.0, 25.0, 22.0) 0.896296296296 [ACCEPT]
[LVL9] rnvc95(A,B) :- no95(C,B), \+no95(A,C) 0.560185185185 (10.0, 3.0, 25.0, 22.0) 0.896296296296 [ACCEPT]
[LVL9] rnvc95(A,B) :- all95(A,C), \+some95(C,B) 0.58024691358 (9.0, 2.0, 26.0, 23.0) 0.87037037037 [ACCEPT]
[LVL9] rnvc95(A,B) :- all95(A,C), \+no95(C,B) 0.58024691358 (9.0, 2.0, 26.0, 23.0) 0.87037037037 [ACCEPT]
[LVL9] rnvc95(A,B) :- all95(A,C), \+somenot95(C,B) 0.58024691358 (9.0, 2.0, 26.0, 23.0) 0.87037037037 [ACCEPT]
[LVL9] rnvc95(A,B) :- some95(C,A), \+all95(C,B) 0.58024691358 (9.0, 2.0, 26.0, 23.0) 0.87037037037 [ACCEPT]
[LVL9] rnvc95(A,B) :- some95(C,A), \+all95(B,C) 0.58024691358 (9.0, 2.0, 26.0, 23.0) 0.87037037037 [ACCEPT]
[LVL9] rnvc95(A,B) :- some95(C,A), \+some95(B,C) 0.58024691358 (9.0, 2.0, 26.0, 23.0) 0.87037037037 [ACCEPT]
[LVL9] rnvc95(A,B) :- all95(C,B), \+all95(C,A) 0.497354497354 (9.0, 3.0, 25.0, 23.0) 0.87037037037 [ACCEPT]
[LVL9] rnvc95(A,B) :- all95(C,B), \+some95(A,C) 0.497354497354 (9.0, 3.0, 25.0, 23.0) 0.87037037037 [ACCEPT]
[LVL9] rnvc95(A,B) :- all95(C,B), \+some95(C,A) 0.497354497354 (9.0, 3.0, 25.0, 23.0) 0.87037037037 [ACCEPT]
[LVL9] rnvc95(A,B) :- all95(C,B), \+somenot95(C,A) 0.497354497354 (9.0, 3.0, 25.0, 23.0) 0.87037037037 [ACCEPT]
[LVL9] rnvc95(A,B) :- somenot95(C,B), \+all95(A,C) 0.497354497354 (9.0, 3.0, 25.0, 23.0) 0.87037037037 [ACCEPT]
[LVL9] rnvc95(A,B) :- somenot95(C,B), \+all95(C,A) 0.497354497354 (9.0, 3.0, 25.0, 23.0) 0.87037037037 [ACCEPT]
[LVL9] rnvc95(A,B) :- somenot95(C,B), \+some95(A,C) 0.497354497354 (9.0, 3.0, 25.0, 23.0) 0.87037037037 [ACCEPT]
[LVL9] rnvc95(A,B) :- somenot95(C,B), \+somenot95(A,C) 0.497354497354 (9.0, 3.0, 25.0, 23.0) 0.87037037037 [ACCEPT]
[DEBUG] Best rule so far: rnvc95(A,B) :- no95(B,C), \+some95(A,C) [0.810185185185]
[DEBUG] Candidates for iteration 3:
[DEBUG] ==================================
[DEBUG] rnvc95(A,B) :- no95(B,C), \+some95(A,C) 0.810185185185
[DEBUG] rnvc95(A,B) :- no95(B,C), \+somenot95(A,C) 0.810185185185
[DEBUG] rnvc95(A,B) :- no95(C,A), \+all95(B,C) 0.783068783069
[DEBUG] rnvc95(A,B) :- no95(C,A), \+some95(C,B) 0.783068783069
[DEBUG] rnvc95(A,B) :- some95(B,C), \+all95(C,A) 0.685185185185
[DEBUG] rnvc95(A,B) :- some95(B,C), \+some95(C,A) 0.685185185185
[DEBUG] rnvc95(A,B) :- some95(B,C), \+somenot95(C,A) 0.685185185185
[DEBUG] rnvc95(A,B) :- no95(A,C), \+all95(B,C) 0.685185185185
[DEBUG] rnvc95(A,B) :- no95(A,C), \+no95(C,B) 0.685185185185
[DEBUG] rnvc95(A,B) :- no95(A,C), \+somenot95(B,C) 0.685185185185
[DEBUG] rnvc95(A,B) :- some95(C,B), \+all95(A,C) 0.640211640212
[DEBUG] rnvc95(A,B) :- some95(C,B), \+all95(C,A) 0.640211640212
[DEBUG] rnvc95(A,B) :- some95(C,B), \+no95(C,A) 0.640211640212
[DEBUG] rnvc95(A,B) :- somenot95(A,C), \+all95(B,C) 0.640211640212
[DEBUG] rnvc95(A,B) :- somenot95(A,C), \+no95(B,C) 0.640211640212
[DEBUG] rnvc95(A,B) :- somenot95(A,C), \+somenot95(C,B) 0.640211640212
[DEBUG] rnvc95(A,B) :- somenot95(C,A), \+all95(C,B) 0.640211640212
[DEBUG] rnvc95(A,B) :- somenot95(C,A), \+all95(B,C) 0.640211640212
[DEBUG] rnvc95(A,B) :- somenot95(C,A), \+some95(B,C) 0.640211640212
[DEBUG] rnvc95(A,B) :- all95(A,C), \+some95(C,B) 0.58024691358
[DEBUG] rnvc95(A,B) :- all95(A,C), \+no95(C,B) 0.58024691358
[DEBUG] rnvc95(A,B) :- all95(A,C), \+somenot95(C,B) 0.58024691358
[DEBUG] rnvc95(A,B) :- some95(C,A), \+all95(C,B) 0.58024691358
[DEBUG] rnvc95(A,B) :- some95(C,A), \+all95(B,C) 0.58024691358
[DEBUG] rnvc95(A,B) :- some95(C,A), \+some95(B,C) 0.58024691358
[DEBUG] rnvc95(A,B) :- no95(C,B), \+all95(A,C) 0.560185185185
[DEBUG] rnvc95(A,B) :- no95(C,B), \+all95(C,A) 0.560185185185
[DEBUG] rnvc95(A,B) :- no95(C,B), \+some95(A,C) 0.560185185185
[DEBUG] rnvc95(A,B) :- no95(C,B), \+no95(A,C) 0.560185185185
[DEBUG] rnvc95(A,B) :- all95(C,B), \+all95(C,A) 0.497354497354
[DEBUG] rnvc95(A,B) :- all95(C,B), \+some95(A,C) 0.497354497354
[DEBUG] rnvc95(A,B) :- all95(C,B), \+some95(C,A) 0.497354497354
[DEBUG] rnvc95(A,B) :- all95(C,B), \+somenot95(C,A) 0.497354497354
[DEBUG] rnvc95(A,B) :- somenot95(C,B), \+all95(A,C) 0.497354497354
[DEBUG] rnvc95(A,B) :- somenot95(C,B), \+all95(C,A) 0.497354497354
[DEBUG] rnvc95(A,B) :- somenot95(C,B), \+some95(A,C) 0.497354497354
[DEBUG] rnvc95(A,B) :- somenot95(C,B), \+somenot95(A,C) 0.497354497354
[DEBUG] ==================================
[INFO] RULE LEARNED: rnvc95(A,B) :- no95(B,C), \+some95(A,C) 0.65
[DEBUG] Best rule so far: rnvc95(A,B) :- true [0.425531914894]
[DEBUG] Candidates for iteration 1:
[DEBUG] ==================================
[DEBUG] rnvc95(A,B) :- true 0.425531914894
[DEBUG] ==================================
[LVL9] rnvc95(A,B) :- all95(A,C) 0.0 (14.0, 4.0, 24.0, 18.0) 0.808510638298 [ACCEPT]
[LVL9] rnvc95(A,B) :- all95(B,C) 0.0 (13.0, 8.0, 20.0, 19.0) 0.712765957447 [ACCEPT]
[LVL9] rnvc95(A,B) :- all95(C,B) 0.428191489362 (15.0, 5.0, 23.0, 17.0) 0.856382978723 [ACCEPT]
[LVL9] BETTER RULE rnvc95(A,B) :- all95(C,B) (0.42819148936170215, 15.0) > (0.425531914893617, 32.0)
[LVL9] rnvc95(A,B) :- some95(A,C) 0.0 (13.0, 6.0, 22.0, 19.0) 0.712765957447 [ACCEPT]
[LVL9] rnvc95(A,B) :- some95(B,C) 0.602836879433 (17.0, 4.0, 24.0, 15.0) 0.904255319149 [ACCEPT]
[LVL9] BETTER RULE rnvc95(A,B) :- some95(B,C) (0.6028368794326241, 17.0) > (0.42819148936170215, 15.0)
[LVL9] rnvc95(A,B) :- some95(C,A) 0.0 (14.0, 4.0, 24.0, 18.0) 0.808510638298 [ACCEPT]
[LVL9] rnvc95(A,B) :- some95(C,B) 0.553191489362 (16.0, 4.0, 24.0, 16.0) 0.885106382979 [ACCEPT]
[LVL9] rnvc95(A,B) :- no95(A,C) 0.553191489362 (16.0, 4.0, 24.0, 16.0) 0.885106382979 [ACCEPT]
[LVL9] rnvc95(A,B) :- no95(C,A) 0.632218844985 (16.0, 3.0, 25.0, 16.0) 0.885106382979 [ACCEPT]
[LVL9] BETTER RULE rnvc95(A,B) :- no95(C,A) (0.6322188449848024, 16.0) > (0.6028368794326241, 17.0)
[LVL9] rnvc95(A,B) :- no95(C,B) 0.491725768322 (16.0, 5.0, 23.0, 16.0) 0.885106382979 [ACCEPT]
[LVL9] rnvc95(A,B) :- somenot95(A,C) 0.632218844985 (16.0, 3.0, 25.0, 16.0) 0.885106382979 [ACCEPT]
[LVL9] rnvc95(A,B) :- somenot95(C,A) 0.489361702128 (15.0, 4.0, 24.0, 17.0) 0.856382978723 [ACCEPT]
[LVL9] rnvc95(A,B) :- somenot95(C,B) 0.428191489362 (15.0, 5.0, 23.0, 17.0) 0.856382978723 [ACCEPT]
[DEBUG] Best rule so far: rnvc95(A,B) :- no95(C,A) [0.632218844985]
[DEBUG] Candidates for iteration 2:
[DEBUG] ==================================
[DEBUG] rnvc95(A,B) :- no95(C,A) 0.632218844985
[DEBUG] rnvc95(A,B) :- somenot95(A,C) 0.632218844985
[DEBUG] rnvc95(A,B) :- some95(B,C) 0.602836879433
[DEBUG] rnvc95(A,B) :- some95(C,B) 0.553191489362
[DEBUG] rnvc95(A,B) :- no95(A,C) 0.553191489362
[DEBUG] rnvc95(A,B) :- no95(C,B) 0.491725768322
[DEBUG] rnvc95(A,B) :- somenot95(C,A) 0.489361702128
[DEBUG] rnvc95(A,B) :- all95(C,B) 0.428191489362
[DEBUG] rnvc95(A,B) :- somenot95(C,B) 0.428191489362
[DEBUG] rnvc95(A,B) :- all95(A,C) 0.0
[DEBUG] rnvc95(A,B) :- some95(C,A) 0.0
[DEBUG] rnvc95(A,B) :- all95(B,C) 0.0
[DEBUG] rnvc95(A,B) :- some95(A,C) 0.0
[DEBUG] ==================================
[LVL9] rnvc95(A,B) :- no95(C,A), all95(C,B) 0.712765957447 (13.0, 1.0, 27.0, 19.0) 0.712765957447 [ACCEPT]
[LVL9] BETTER RULE rnvc95(A,B) :- no95(C,A), all95(C,B) (0.7127659574468085, 13.0) > (0.6322188449848024, 16.0)
[LVL9] rnvc95(A,B) :- no95(C,A), \+all95(B,C) 0.737588652482 (16.0, 2.0, 26.0, 16.0) 0.885106382979 [ACCEPT]
[LVL9] BETTER RULE rnvc95(A,B) :- no95(C,A), \+all95(B,C) (0.7375886524822696, 16.0) > (0.7127659574468085, 13.0)
[LVL9] rnvc95(A,B) :- no95(C,A), \+some95(C,B) 0.737588652482 (16.0, 2.0, 26.0, 16.0) 0.885106382979 [ACCEPT]
[LVL9] rnvc95(A,B) :- somenot95(A,C), \+all95(B,C) 0.737588652482 (16.0, 2.0, 26.0, 16.0) 0.885106382979 [ACCEPT]
[LVL9] rnvc95(A,B) :- somenot95(A,C), \+somenot95(C,B) 0.737588652482 (16.0, 2.0, 26.0, 16.0) 0.885106382979 [ACCEPT]
[LVL9] rnvc95(A,B) :- some95(B,C), \+all95(C,A) 0.678191489362 (17.0, 3.0, 25.0, 15.0) 0.904255319149 [ACCEPT]
[LVL9] rnvc95(A,B) :- some95(B,C), \+some95(C,A) 0.678191489362 (17.0, 3.0, 25.0, 15.0) 0.904255319149 [ACCEPT]
[LVL9] rnvc95(A,B) :- some95(B,C), \+somenot95(C,A) 0.678191489362 (17.0, 3.0, 25.0, 15.0) 0.904255319149 [ACCEPT]
[LVL9] rnvc95(A,B) :- some95(C,B), \+all95(A,C) 0.632218844985 (16.0, 3.0, 25.0, 16.0) 0.885106382979 [ACCEPT]
[LVL9] rnvc95(A,B) :- some95(C,B), \+all95(C,A) 0.632218844985 (16.0, 3.0, 25.0, 16.0) 0.885106382979 [ACCEPT]
[LVL9] rnvc95(A,B) :- some95(C,B), \+no95(C,A) 0.632218844985 (16.0, 3.0, 25.0, 16.0) 0.885106382979 [ACCEPT]
[LVL9] rnvc95(A,B) :- no95(A,C), \+all95(B,C) 0.632218844985 (16.0, 3.0, 25.0, 16.0) 0.885106382979 [ACCEPT]
[LVL9] rnvc95(A,B) :- no95(A,C), \+no95(C,B) 0.632218844985 (16.0, 3.0, 25.0, 16.0) 0.885106382979 [ACCEPT]
[LVL9] rnvc95(A,B) :- no95(A,C), \+somenot95(B,C) 0.632218844985 (16.0, 3.0, 25.0, 16.0) 0.885106382979 [ACCEPT]
[LVL9] rnvc95(A,B) :- no95(C,B), \+all95(A,C) 0.553191489362 (16.0, 4.0, 24.0, 16.0) 0.885106382979 [ACCEPT]
[LVL9] rnvc95(A,B) :- no95(C,B), \+all95(C,A) 0.553191489362 (16.0, 4.0, 24.0, 16.0) 0.885106382979 [ACCEPT]
[LVL9] rnvc95(A,B) :- no95(C,B), \+some95(A,C) 0.553191489362 (16.0, 4.0, 24.0, 16.0) 0.885106382979 [ACCEPT]
[LVL9] rnvc95(A,B) :- no95(C,B), \+no95(A,C) 0.553191489362 (16.0, 4.0, 24.0, 16.0) 0.885106382979 [ACCEPT]
[LVL9] rnvc95(A,B) :- somenot95(C,A), \+all95(C,B) 0.570921985816 (15.0, 3.0, 25.0, 17.0) 0.856382978723 [ACCEPT]
[LVL9] rnvc95(A,B) :- somenot95(C,A), \+all95(B,C) 0.570921985816 (15.0, 3.0, 25.0, 17.0) 0.856382978723 [ACCEPT]
[LVL9] rnvc95(A,B) :- somenot95(C,A), \+some95(B,C) 0.570921985816 (15.0, 3.0, 25.0, 17.0) 0.856382978723 [ACCEPT]
[LVL9] rnvc95(A,B) :- all95(C,B), \+all95(C,A) 0.489361702128 (15.0, 4.0, 24.0, 17.0) 0.856382978723 [ACCEPT]
[LVL9] rnvc95(A,B) :- all95(C,B), \+some95(A,C) 0.489361702128 (15.0, 4.0, 24.0, 17.0) 0.856382978723 [ACCEPT]
[LVL9] rnvc95(A,B) :- all95(C,B), \+some95(C,A) 0.489361702128 (15.0, 4.0, 24.0, 17.0) 0.856382978723 [ACCEPT]
[LVL9] rnvc95(A,B) :- all95(C,B), \+somenot95(C,A) 0.489361702128 (15.0, 4.0, 24.0, 17.0) 0.856382978723 [ACCEPT]
[LVL9] rnvc95(A,B) :- somenot95(C,B), \+all95(A,C) 0.489361702128 (15.0, 4.0, 24.0, 17.0) 0.856382978723 [ACCEPT]
[LVL9] rnvc95(A,B) :- somenot95(C,B), \+all95(C,A) 0.489361702128 (15.0, 4.0, 24.0, 17.0) 0.856382978723 [ACCEPT]
[LVL9] rnvc95(A,B) :- somenot95(C,B), \+some95(A,C) 0.489361702128 (15.0, 4.0, 24.0, 17.0) 0.856382978723 [ACCEPT]
[LVL9] rnvc95(A,B) :- somenot95(C,B), \+somenot95(A,C) 0.489361702128 (15.0, 4.0, 24.0, 17.0) 0.856382978723 [ACCEPT]
[LVL9] rnvc95(A,B) :- all95(A,C), \+some95(C,B) 0.485106382979 (14.0, 3.0, 25.0, 18.0) 0.808510638298 [ACCEPT]
[LVL9] rnvc95(A,B) :- all95(A,C), \+no95(C,B) 0.485106382979 (14.0, 3.0, 25.0, 18.0) 0.808510638298 [ACCEPT]
[LVL9] rnvc95(A,B) :- all95(A,C), \+somenot95(C,B) 0.485106382979 (14.0, 3.0, 25.0, 18.0) 0.808510638298 [ACCEPT]
[LVL9] rnvc95(A,B) :- some95(C,A), \+all95(C,B) 0.485106382979 (14.0, 3.0, 25.0, 18.0) 0.808510638298 [ACCEPT]
[LVL9] rnvc95(A,B) :- some95(C,A), \+all95(B,C) 0.485106382979 (14.0, 3.0, 25.0, 18.0) 0.808510638298 [ACCEPT]
[LVL9] rnvc95(A,B) :- some95(C,A), \+some95(B,C) 0.485106382979 (14.0, 3.0, 25.0, 18.0) 0.808510638298 [ACCEPT]
[DEBUG] Best rule so far: rnvc95(A,B) :- no95(C,A), \+all95(B,C) [0.737588652482]
[DEBUG] Candidates for iteration 3:
[DEBUG] ==================================
[DEBUG] rnvc95(A,B) :- no95(C,A), \+all95(B,C) 0.737588652482
[DEBUG] rnvc95(A,B) :- no95(C,A), \+some95(C,B) 0.737588652482
[DEBUG] rnvc95(A,B) :- somenot95(A,C), \+all95(B,C) 0.737588652482
[DEBUG] rnvc95(A,B) :- somenot95(A,C), \+somenot95(C,B) 0.737588652482
[DEBUG] rnvc95(A,B) :- no95(C,A), all95(C,B) 0.712765957447
[DEBUG] rnvc95(A,B) :- some95(B,C), \+all95(C,A) 0.678191489362
[DEBUG] rnvc95(A,B) :- some95(B,C), \+some95(C,A) 0.678191489362
[DEBUG] rnvc95(A,B) :- some95(B,C), \+somenot95(C,A) 0.678191489362
[DEBUG] rnvc95(A,B) :- some95(C,B), \+all95(A,C) 0.632218844985
[DEBUG] rnvc95(A,B) :- some95(C,B), \+all95(C,A) 0.632218844985
[DEBUG] rnvc95(A,B) :- some95(C,B), \+no95(C,A) 0.632218844985
[DEBUG] rnvc95(A,B) :- no95(A,C), \+all95(B,C) 0.632218844985
[DEBUG] rnvc95(A,B) :- no95(A,C), \+no95(C,B) 0.632218844985
[DEBUG] rnvc95(A,B) :- no95(A,C), \+somenot95(B,C) 0.632218844985
[DEBUG] rnvc95(A,B) :- somenot95(C,A), \+all95(C,B) 0.570921985816
[DEBUG] rnvc95(A,B) :- somenot95(C,A), \+all95(B,C) 0.570921985816
[DEBUG] rnvc95(A,B) :- somenot95(C,A), \+some95(B,C) 0.570921985816
[DEBUG] rnvc95(A,B) :- no95(C,B), \+all95(A,C) 0.553191489362
[DEBUG] rnvc95(A,B) :- no95(C,B), \+all95(C,A) 0.553191489362
[DEBUG] rnvc95(A,B) :- no95(C,B), \+some95(A,C) 0.553191489362
[DEBUG] rnvc95(A,B) :- no95(C,B), \+no95(A,C) 0.553191489362
[DEBUG] rnvc95(A,B) :- all95(C,B), \+all95(C,A) 0.489361702128
[DEBUG] rnvc95(A,B) :- all95(C,B), \+some95(A,C) 0.489361702128
[DEBUG] rnvc95(A,B) :- all95(C,B), \+some95(C,A) 0.489361702128
[DEBUG] rnvc95(A,B) :- all95(C,B), \+somenot95(C,A) 0.489361702128
[DEBUG] rnvc95(A,B) :- somenot95(C,B), \+all95(A,C) 0.489361702128
[DEBUG] rnvc95(A,B) :- somenot95(C,B), \+all95(C,A) 0.489361702128
[DEBUG] rnvc95(A,B) :- somenot95(C,B), \+some95(A,C) 0.489361702128
[DEBUG] rnvc95(A,B) :- somenot95(C,B), \+somenot95(A,C) 0.489361702128
[DEBUG] rnvc95(A,B) :- all95(A,C), \+some95(C,B) 0.485106382979
[DEBUG] rnvc95(A,B) :- all95(A,C), \+no95(C,B) 0.485106382979
[DEBUG] rnvc95(A,B) :- all95(A,C), \+somenot95(C,B) 0.485106382979
[DEBUG] rnvc95(A,B) :- some95(C,A), \+all95(C,B) 0.485106382979
[DEBUG] rnvc95(A,B) :- some95(C,A), \+all95(B,C) 0.485106382979
[DEBUG] rnvc95(A,B) :- some95(C,A), \+some95(B,C) 0.485106382979
[DEBUG] ==================================
[INFO] RULE LEARNED: rnvc95(A,B) :- no95(C,A), \+all95(B,C) 0.7
