[LVL9] Output level: 9
[INFO] Random seed: 0.422952699482
[INFO] Computing scores: 0.0192s
[INFO] Number of examples (M): 58
[INFO] Positive weight (P): 3.0000
[INFO] Negative weight (N): 55.0000
[DEBUG] Best rule so far: rnvc94(A,B) :- true [0.051724137931]
[DEBUG] Candidates for iteration 1:
[DEBUG] ==================================
[DEBUG] rnvc94(A,B) :- true 0.051724137931
[DEBUG] ==================================
[LVL9] rnvc94(A,B) :- all94(A,C) 0.116858237548 (1.0, 7.0, 48.0, 2.0) 0.525862068966 [ACCEPT]
[LVL9] BETTER RULE rnvc94(A,B) :- all94(A,C) (0.11685823754789272, 1.0) > (0.05172413793103449, 3.0)
[LVL9] rnvc94(A,B) :- all94(C,B) 0.131465517241 (1.0, 6.0, 49.0, 2.0) 0.525862068966 [ACCEPT]
[LVL9] BETTER RULE rnvc94(A,B) :- all94(C,B) (0.1314655172413793, 1.0) > (0.11685823754789272, 1.0)
[LVL9] rnvc94(A,B) :- some94(A,C) 0.116858237548 (1.0, 7.0, 48.0, 2.0) 0.525862068966 [ACCEPT]
[LVL9] rnvc94(A,B) :- some94(C,A) 0.131465517241 (1.0, 6.0, 49.0, 2.0) 0.525862068966 [ACCEPT]
[LVL9] rnvc94(A,B) :- somenot94(C,B) 0.256465517241 (2.0, 5.0, 50.0, 1.0) 0.683908045977 [ACCEPT]
[LVL9] BETTER RULE rnvc94(A,B) :- somenot94(C,B) (0.25646551724137934, 2.0) > (0.1314655172413793, 1.0)
[DEBUG] Best rule so far: rnvc94(A,B) :- somenot94(C,B) [0.256465517241]
[DEBUG] Candidates for iteration 2:
[DEBUG] ==================================
[DEBUG] rnvc94(A,B) :- somenot94(C,B) 0.256465517241
[DEBUG] rnvc94(A,B) :- all94(C,B) 0.131465517241
[DEBUG] rnvc94(A,B) :- some94(C,A) 0.131465517241
[DEBUG] rnvc94(A,B) :- all94(A,C) 0.116858237548
[DEBUG] rnvc94(A,B) :- some94(A,C) 0.116858237548
[DEBUG] ==================================
[LVL9] rnvc94(A,B) :- somenot94(C,B), some94(A,C) 0.525862068966 (1.0, 0.0, 55.0, 2.0) 0.525862068966 [REJECT* fp] 0.0
[LVL9] BETTER RULE rnvc94(A,B) :- somenot94(C,B), some94(A,C) (0.5258620689655172, 1.0) > (0.25646551724137934, 2.0)
[LVL9] rnvc94(A,B) :- somenot94(C,B), \+all94(A,C) 0.293103448276 (2.0, 4.0, 51.0, 1.0) 0.683908045977 [ACCEPT]
[LVL9] rnvc94(A,B) :- somenot94(C,B), \+all94(C,A) 0.293103448276 (2.0, 4.0, 51.0, 1.0) 0.683908045977 [ACCEPT]
[LVL9] rnvc94(A,B) :- somenot94(C,B), \+no94(C,A) 0.293103448276 (2.0, 4.0, 51.0, 1.0) 0.683908045977 [ACCEPT]
[LVL9] rnvc94(A,B) :- somenot94(C,B), \+somenot94(A,C) 0.293103448276 (2.0, 4.0, 51.0, 1.0) 0.683908045977 [ACCEPT]
[LVL9] rnvc94(A,B) :- somenot94(C,B), \+somenot94(C,A) 0.293103448276 (2.0, 4.0, 51.0, 1.0) 0.683908045977 [ACCEPT]
[DEBUG] Best rule so far: rnvc94(A,B) :- somenot94(C,B), some94(A,C) [0.525862068966]
[DEBUG] Candidates for iteration 3:
[DEBUG] ==================================
[DEBUG] rnvc94(A,B) :- somenot94(C,B), \+all94(A,C) 0.293103448276
[DEBUG] rnvc94(A,B) :- somenot94(C,B), \+all94(C,A) 0.293103448276
[DEBUG] rnvc94(A,B) :- somenot94(C,B), \+no94(C,A) 0.293103448276
[DEBUG] rnvc94(A,B) :- somenot94(C,B), \+somenot94(A,C) 0.293103448276
[DEBUG] rnvc94(A,B) :- somenot94(C,B), \+somenot94(C,A) 0.293103448276
[DEBUG] ==================================
[INFO] RULE LEARNED: rnvc94(A,B) :- somenot94(C,B), some94(A,C) 0.965517241379
[DEBUG] Best rule so far: rnvc94(A,B) :- true [0.0350877192982]
[DEBUG] Candidates for iteration 1:
[DEBUG] ==================================
[DEBUG] rnvc94(A,B) :- true 0.0350877192982
[DEBUG] ==================================
[LVL9] rnvc94(A,B) :- all94(A,C) 0.115009746589 (2.0, 7.0, 48.0, 1.0) 0.517543859649 [ACCEPT]
[LVL9] BETTER RULE rnvc94(A,B) :- all94(A,C) (0.11500974658869396, 2.0) > (0.03508771929824562, 3.0)
[LVL9] rnvc94(A,B) :- all94(C,B) 0.129385964912 (2.0, 6.0, 49.0, 1.0) 0.517543859649 [ACCEPT]
[LVL9] BETTER RULE rnvc94(A,B) :- all94(C,B) (0.12938596491228072, 2.0) > (0.11500974658869396, 2.0)
[LVL9] rnvc94(A,B) :- some94(C,A) 0.129385964912 (2.0, 6.0, 49.0, 1.0) 0.517543859649 [ACCEPT]
[LVL9] rnvc94(A,B) :- somenot94(C,B) 0.147869674185 (2.0, 5.0, 50.0, 1.0) 0.517543859649 [ACCEPT]
[LVL9] BETTER RULE rnvc94(A,B) :- somenot94(C,B) (0.14786967418546368, 2.0) > (0.12938596491228072, 2.0)
[DEBUG] Best rule so far: rnvc94(A,B) :- somenot94(C,B) [0.147869674185]
[DEBUG] Candidates for iteration 2:
[DEBUG] ==================================
[DEBUG] rnvc94(A,B) :- somenot94(C,B) 0.147869674185
[DEBUG] rnvc94(A,B) :- all94(C,B) 0.129385964912
[DEBUG] rnvc94(A,B) :- some94(C,A) 0.129385964912
[DEBUG] rnvc94(A,B) :- all94(A,C) 0.115009746589
[DEBUG] ==================================
[LVL9] rnvc94(A,B) :- somenot94(C,B), some94(C,A) 0.517543859649 (2.0, 0.0, 55.0, 1.0) 0.517543859649 [REJECT* fp] 1.0
[LVL9] BETTER RULE rnvc94(A,B) :- somenot94(C,B), some94(C,A) (0.5175438596491229, 2.0) > (0.14786967418546368, 2.0)
[INFO] RULE LEARNED: rnvc94(A,B) :- somenot94(C,B), some94(C,A) 0.98275862069
[DEBUG] Best rule so far: rnvc94(A,B) :- true [0.0178571428571]
[DEBUG] Candidates for iteration 1:
[DEBUG] ==================================
[DEBUG] rnvc94(A,B) :- true 0.0178571428571
[DEBUG] ==================================
[LVL9] rnvc94(A,B) :- all94(A,C) 0.113095238095 (3.0, 7.0, 48.0, 0.0) 0.508928571429 [ACCEPT]
[LVL9] BETTER RULE rnvc94(A,B) :- all94(A,C) (0.11309523809523808, 3.0) > (0.017857142857142856, 3.0)
[LVL9] rnvc94(A,B) :- all94(C,B) 0.127232142857 (3.0, 6.0, 49.0, 0.0) 0.508928571429 [ACCEPT]
[LVL9] BETTER RULE rnvc94(A,B) :- all94(C,B) (0.12723214285714285, 3.0) > (0.11309523809523808, 3.0)
[DEBUG] Best rule so far: rnvc94(A,B) :- all94(C,B) [0.127232142857]
[DEBUG] Candidates for iteration 2:
[DEBUG] ==================================
[DEBUG] rnvc94(A,B) :- all94(C,B) 0.127232142857
[DEBUG] rnvc94(A,B) :- all94(A,C) 0.113095238095
[DEBUG] ==================================
[LVL9] rnvc94(A,B) :- all94(C,B), all94(A,C) 0.508928571429 (3.0, 0.0, 55.0, 0.0) 0.508928571429 [REJECT* fp] 2.0
[LVL9] BETTER RULE rnvc94(A,B) :- all94(C,B), all94(A,C) (0.5089285714285714, 3.0) > (0.12723214285714285, 3.0)
[INFO] RULE LEARNED: rnvc94(A,B) :- all94(C,B), all94(A,C) 1.0
[DEBUG] Best rule so far: rnvc94(A,B) :- true [0.0]
[DEBUG] Candidates for iteration 1:
[DEBUG] ==================================
[DEBUG] rnvc94(A,B) :- true 0.0
[DEBUG] ==================================
[INFO] RULE LEARNED: rnvc94(A,B) :- true 1.0
