[LVL9] Output level: 9
[INFO] Random seed: 0.58957473487
[INFO] Computing scores: 0.0530s
[INFO] Number of examples (M): 59
[INFO] Positive weight (P): 6.0000
[INFO] Negative weight (N): 53.0000
[DEBUG] Best rule so far: rnvc52(A,B) :- true [0.0]
[DEBUG] Candidates for iteration 1:
[DEBUG] ==================================
[DEBUG] rnvc52(A,B) :- true 0.0
[DEBUG] ==================================
[LVL9] rnvc52(A,B) :- all52(B,C) 0.137711864407 (1.0, 6.0, 47.0, 5.0) 0.550847457627 [ACCEPT]
[LVL9] BETTER RULE rnvc52(A,B) :- all52(B,C) (0.13771186440677965, 1.0) > (0.0, 6.0)
[LVL9] rnvc52(A,B) :- all52(C,A) 0.122410546139 (1.0, 7.0, 46.0, 5.0) 0.550847457627 [ACCEPT]
[LVL9] rnvc52(A,B) :- some52(A,C) 0.157384987893 (1.0, 5.0, 48.0, 5.0) 0.550847457627 [ACCEPT]
[LVL9] BETTER RULE rnvc52(A,B) :- some52(A,C) (0.15738498789346247, 1.0) > (0.13771186440677965, 1.0)
[LVL9] rnvc52(A,B) :- no52(A,C) 0.122410546139 (1.0, 7.0, 46.0, 5.0) 0.550847457627 [ACCEPT]
[LVL9] rnvc52(A,B) :- no52(B,C) 0.137711864407 (1.0, 6.0, 47.0, 5.0) 0.550847457627 [ACCEPT]
[LVL9] rnvc52(A,B) :- no52(C,A) 0.262711864407 (2.0, 5.0, 48.0, 4.0) 0.700564971751 [ACCEPT]
[LVL9] BETTER RULE rnvc52(A,B) :- no52(C,A) (0.2627118644067797, 2.0) > (0.15738498789346247, 1.0)
[LVL9] rnvc52(A,B) :- no52(C,B) 0.23352165725 (2.0, 6.0, 47.0, 4.0) 0.700564971751 [ACCEPT]
[LVL9] rnvc52(A,B) :- somenot52(B,C) 0.23352165725 (2.0, 6.0, 47.0, 4.0) 0.700564971751 [ACCEPT]
[LVL9] rnvc52(A,B) :- somenot52(C,A) 0.122410546139 (1.0, 7.0, 46.0, 5.0) 0.550847457627 [ACCEPT]
[DEBUG] Best rule so far: rnvc52(A,B) :- no52(C,A) [0.262711864407]
[DEBUG] Candidates for iteration 2:
[DEBUG] ==================================
[DEBUG] rnvc52(A,B) :- no52(C,A) 0.262711864407
[DEBUG] rnvc52(A,B) :- no52(C,B) 0.23352165725
[DEBUG] rnvc52(A,B) :- somenot52(B,C) 0.23352165725
[DEBUG] rnvc52(A,B) :- some52(A,C) 0.157384987893
[DEBUG] rnvc52(A,B) :- all52(B,C) 0.137711864407
[DEBUG] rnvc52(A,B) :- no52(B,C) 0.137711864407
[DEBUG] rnvc52(A,B) :- all52(C,A) 0.122410546139
[DEBUG] rnvc52(A,B) :- no52(A,C) 0.122410546139
[DEBUG] rnvc52(A,B) :- somenot52(C,A) 0.122410546139
[DEBUG] ==================================
[LVL9] rnvc52(A,B) :- no52(C,A), all52(B,C) 0.550847457627 (1.0, 0.0, 53.0, 5.0) 0.550847457627 [REJECT* fp] 0.0
[LVL9] BETTER RULE rnvc52(A,B) :- no52(C,A), all52(B,C) (0.5508474576271186, 1.0) > (0.2627118644067797, 2.0)
[LVL9] rnvc52(A,B) :- no52(C,A), \+all52(C,B) 0.300242130751 (2.0, 4.0, 49.0, 4.0) 0.700564971751 [ACCEPT]
[LVL9] rnvc52(A,B) :- no52(C,A), \+some52(C,B) 0.300242130751 (2.0, 4.0, 49.0, 4.0) 0.700564971751 [ACCEPT]
[LVL9] rnvc52(A,B) :- no52(C,A), \+no52(B,C) 0.300242130751 (2.0, 4.0, 49.0, 4.0) 0.700564971751 [ACCEPT]
[LVL9] rnvc52(A,B) :- no52(C,A), \+somenot52(C,B) 0.300242130751 (2.0, 4.0, 49.0, 4.0) 0.700564971751 [ACCEPT]
[LVL9] rnvc52(A,B) :- no52(C,A), \+somenot52(B,C) 0.300242130751 (2.0, 4.0, 49.0, 4.0) 0.700564971751 [ACCEPT]
[LVL9] rnvc52(A,B) :- no52(C,B), \+all52(A,C) 0.262711864407 (2.0, 5.0, 48.0, 4.0) 0.700564971751 [ACCEPT]
[LVL9] rnvc52(A,B) :- no52(C,B), \+some52(A,C) 0.262711864407 (2.0, 5.0, 48.0, 4.0) 0.700564971751 [ACCEPT]
[LVL9] rnvc52(A,B) :- no52(C,B), \+some52(C,A) 0.262711864407 (2.0, 5.0, 48.0, 4.0) 0.700564971751 [ACCEPT]
[LVL9] rnvc52(A,B) :- no52(C,B), \+no52(A,C) 0.262711864407 (2.0, 5.0, 48.0, 4.0) 0.700564971751 [ACCEPT]
[LVL9] rnvc52(A,B) :- no52(C,B), \+somenot52(A,C) 0.262711864407 (2.0, 5.0, 48.0, 4.0) 0.700564971751 [ACCEPT]
[LVL9] rnvc52(A,B) :- no52(C,B), \+somenot52(C,A) 0.262711864407 (2.0, 5.0, 48.0, 4.0) 0.700564971751 [ACCEPT]
[LVL9] rnvc52(A,B) :- somenot52(B,C), \+all52(A,C) 0.262711864407 (2.0, 5.0, 48.0, 4.0) 0.700564971751 [ACCEPT]
[LVL9] rnvc52(A,B) :- somenot52(B,C), \+all52(C,A) 0.262711864407 (2.0, 5.0, 48.0, 4.0) 0.700564971751 [ACCEPT]
[LVL9] rnvc52(A,B) :- somenot52(B,C), \+some52(C,A) 0.262711864407 (2.0, 5.0, 48.0, 4.0) 0.700564971751 [ACCEPT]
[LVL9] rnvc52(A,B) :- somenot52(B,C), \+no52(A,C) 0.262711864407 (2.0, 5.0, 48.0, 4.0) 0.700564971751 [ACCEPT]
[LVL9] rnvc52(A,B) :- somenot52(B,C), \+no52(C,A) 0.262711864407 (2.0, 5.0, 48.0, 4.0) 0.700564971751 [ACCEPT]
[LVL9] rnvc52(A,B) :- somenot52(B,C), \+somenot52(A,C) 0.262711864407 (2.0, 5.0, 48.0, 4.0) 0.700564971751 [ACCEPT]
[DEBUG] Best rule so far: rnvc52(A,B) :- no52(C,A), all52(B,C) [0.550847457627]
[DEBUG] Candidates for iteration 3:
[DEBUG] ==================================
[DEBUG] rnvc52(A,B) :- no52(C,A), \+all52(C,B) 0.300242130751
[DEBUG] rnvc52(A,B) :- no52(C,A), \+some52(C,B) 0.300242130751
[DEBUG] rnvc52(A,B) :- no52(C,A), \+no52(B,C) 0.300242130751
[DEBUG] rnvc52(A,B) :- no52(C,A), \+somenot52(C,B) 0.300242130751
[DEBUG] rnvc52(A,B) :- no52(C,A), \+somenot52(B,C) 0.300242130751
[DEBUG] rnvc52(A,B) :- no52(C,B), \+all52(A,C) 0.262711864407
[DEBUG] rnvc52(A,B) :- no52(C,B), \+some52(A,C) 0.262711864407
[DEBUG] rnvc52(A,B) :- no52(C,B), \+some52(C,A) 0.262711864407
[DEBUG] rnvc52(A,B) :- no52(C,B), \+no52(A,C) 0.262711864407
[DEBUG] rnvc52(A,B) :- no52(C,B), \+somenot52(A,C) 0.262711864407
[DEBUG] rnvc52(A,B) :- no52(C,B), \+somenot52(C,A) 0.262711864407
[DEBUG] rnvc52(A,B) :- somenot52(B,C), \+all52(A,C) 0.262711864407
[DEBUG] rnvc52(A,B) :- somenot52(B,C), \+all52(C,A) 0.262711864407
[DEBUG] rnvc52(A,B) :- somenot52(B,C), \+some52(C,A) 0.262711864407
[DEBUG] rnvc52(A,B) :- somenot52(B,C), \+no52(A,C) 0.262711864407
[DEBUG] rnvc52(A,B) :- somenot52(B,C), \+no52(C,A) 0.262711864407
[DEBUG] rnvc52(A,B) :- somenot52(B,C), \+somenot52(A,C) 0.262711864407
[DEBUG] ==================================
[INFO] RULE LEARNED: rnvc52(A,B) :- no52(C,A), all52(B,C) 0.915254237288
[DEBUG] Best rule so far: rnvc52(A,B) :- true [0.0862068965517]
[DEBUG] Candidates for iteration 1:
[DEBUG] ==================================
[DEBUG] rnvc52(A,B) :- true 0.0862068965517
[DEBUG] ==================================
[LVL9] rnvc52(A,B) :- all52(C,A) 0.120689655172 (2.0, 7.0, 46.0, 4.0) 0.543103448276 [ACCEPT]
[LVL9] BETTER RULE rnvc52(A,B) :- all52(C,A) (0.1206896551724138, 2.0) > (0.08620689655172414, 6.0)
[LVL9] rnvc52(A,B) :- some52(A,C) 0.155172413793 (2.0, 5.0, 48.0, 4.0) 0.543103448276 [ACCEPT]
[LVL9] BETTER RULE rnvc52(A,B) :- some52(A,C) (0.15517241379310345, 2.0) > (0.1206896551724138, 2.0)
[LVL9] rnvc52(A,B) :- no52(A,C) 0.120689655172 (2.0, 7.0, 46.0, 4.0) 0.543103448276 [ACCEPT]
[LVL9] rnvc52(A,B) :- no52(B,C) 0.135775862069 (2.0, 6.0, 47.0, 4.0) 0.543103448276 [ACCEPT]
[LVL9] rnvc52(A,B) :- no52(C,A) 0.155172413793 (2.0, 5.0, 48.0, 4.0) 0.543103448276 [ACCEPT]
[LVL9] rnvc52(A,B) :- no52(C,B) 0.231800766284 (3.0, 6.0, 47.0, 3.0) 0.695402298851 [ACCEPT]
[LVL9] BETTER RULE rnvc52(A,B) :- no52(C,B) (0.23180076628352492, 3.0) > (0.15517241379310345, 2.0)
[LVL9] rnvc52(A,B) :- somenot52(B,C) 0.231800766284 (3.0, 6.0, 47.0, 3.0) 0.695402298851 [ACCEPT]
[LVL9] rnvc52(A,B) :- somenot52(C,A) 0.120689655172 (2.0, 7.0, 46.0, 4.0) 0.543103448276 [ACCEPT]
[DEBUG] Best rule so far: rnvc52(A,B) :- no52(C,B) [0.231800766284]
[DEBUG] Candidates for iteration 2:
[DEBUG] ==================================
[DEBUG] rnvc52(A,B) :- no52(C,B) 0.231800766284
[DEBUG] rnvc52(A,B) :- somenot52(B,C) 0.231800766284
[DEBUG] rnvc52(A,B) :- some52(A,C) 0.155172413793
[DEBUG] rnvc52(A,B) :- no52(C,A) 0.155172413793
[DEBUG] rnvc52(A,B) :- no52(B,C) 0.135775862069
[DEBUG] rnvc52(A,B) :- all52(C,A) 0.120689655172
[DEBUG] rnvc52(A,B) :- no52(A,C) 0.120689655172
[DEBUG] rnvc52(A,B) :- somenot52(C,A) 0.120689655172
[DEBUG] ==================================
[LVL9] rnvc52(A,B) :- no52(C,B), all52(C,A) 0.543103448276 (2.0, 0.0, 53.0, 4.0) 0.543103448276 [REJECT* fp] 1.0
[LVL9] BETTER RULE rnvc52(A,B) :- no52(C,B), all52(C,A) (0.5431034482758621, 2.0) > (0.23180076628352492, 3.0)
[LVL9] rnvc52(A,B) :- no52(C,B), \+all52(A,C) 0.260775862069 (3.0, 5.0, 48.0, 3.0) 0.695402298851 [ACCEPT]
[LVL9] rnvc52(A,B) :- no52(C,B), \+some52(A,C) 0.260775862069 (3.0, 5.0, 48.0, 3.0) 0.695402298851 [ACCEPT]
[LVL9] rnvc52(A,B) :- no52(C,B), \+some52(C,A) 0.260775862069 (3.0, 5.0, 48.0, 3.0) 0.695402298851 [ACCEPT]
[LVL9] rnvc52(A,B) :- no52(C,B), \+no52(A,C) 0.260775862069 (3.0, 5.0, 48.0, 3.0) 0.695402298851 [ACCEPT]
[LVL9] rnvc52(A,B) :- no52(C,B), \+somenot52(A,C) 0.260775862069 (3.0, 5.0, 48.0, 3.0) 0.695402298851 [ACCEPT]
[LVL9] rnvc52(A,B) :- no52(C,B), \+somenot52(C,A) 0.260775862069 (3.0, 5.0, 48.0, 3.0) 0.695402298851 [ACCEPT]
[LVL9] rnvc52(A,B) :- somenot52(B,C), \+all52(A,C) 0.260775862069 (3.0, 5.0, 48.0, 3.0) 0.695402298851 [ACCEPT]
[LVL9] rnvc52(A,B) :- somenot52(B,C), \+all52(C,A) 0.260775862069 (3.0, 5.0, 48.0, 3.0) 0.695402298851 [ACCEPT]
[LVL9] rnvc52(A,B) :- somenot52(B,C), \+some52(C,A) 0.260775862069 (3.0, 5.0, 48.0, 3.0) 0.695402298851 [ACCEPT]
[LVL9] rnvc52(A,B) :- somenot52(B,C), \+no52(A,C) 0.260775862069 (3.0, 5.0, 48.0, 3.0) 0.695402298851 [ACCEPT]
[LVL9] rnvc52(A,B) :- somenot52(B,C), \+no52(C,A) 0.260775862069 (3.0, 5.0, 48.0, 3.0) 0.695402298851 [ACCEPT]
[LVL9] rnvc52(A,B) :- somenot52(B,C), \+somenot52(A,C) 0.260775862069 (3.0, 5.0, 48.0, 3.0) 0.695402298851 [ACCEPT]
[DEBUG] Best rule so far: rnvc52(A,B) :- no52(C,B), all52(C,A) [0.543103448276]
[DEBUG] Candidates for iteration 3:
[DEBUG] ==================================
[DEBUG] rnvc52(A,B) :- no52(C,B), \+all52(A,C) 0.260775862069
[DEBUG] rnvc52(A,B) :- no52(C,B), \+some52(A,C) 0.260775862069
[DEBUG] rnvc52(A,B) :- no52(C,B), \+some52(C,A) 0.260775862069
[DEBUG] rnvc52(A,B) :- no52(C,B), \+no52(A,C) 0.260775862069
[DEBUG] rnvc52(A,B) :- no52(C,B), \+somenot52(A,C) 0.260775862069
[DEBUG] rnvc52(A,B) :- no52(C,B), \+somenot52(C,A) 0.260775862069
[DEBUG] rnvc52(A,B) :- somenot52(B,C), \+all52(A,C) 0.260775862069
[DEBUG] rnvc52(A,B) :- somenot52(B,C), \+all52(C,A) 0.260775862069
[DEBUG] rnvc52(A,B) :- somenot52(B,C), \+some52(C,A) 0.260775862069
[DEBUG] rnvc52(A,B) :- somenot52(B,C), \+no52(A,C) 0.260775862069
[DEBUG] rnvc52(A,B) :- somenot52(B,C), \+no52(C,A) 0.260775862069
[DEBUG] rnvc52(A,B) :- somenot52(B,C), \+somenot52(A,C) 0.260775862069
[DEBUG] ==================================
[INFO] RULE LEARNED: rnvc52(A,B) :- no52(C,B), all52(C,A) 0.932203389831
[DEBUG] Best rule so far: rnvc52(A,B) :- true [0.0701754385965]
[DEBUG] Candidates for iteration 1:
[DEBUG] ==================================
[DEBUG] rnvc52(A,B) :- true 0.0701754385965
[DEBUG] ==================================
[LVL9] rnvc52(A,B) :- some52(A,C) 0.152882205514 (3.0, 5.0, 48.0, 3.0) 0.535087719298 [ACCEPT]
[LVL9] BETTER RULE rnvc52(A,B) :- some52(A,C) (0.15288220551378445, 3.0) > (0.07017543859649124, 6.0)
[LVL9] rnvc52(A,B) :- no52(A,C) 0.118908382066 (3.0, 7.0, 46.0, 3.0) 0.535087719298 [ACCEPT]
[LVL9] rnvc52(A,B) :- no52(B,C) 0.133771929825 (3.0, 6.0, 47.0, 3.0) 0.535087719298 [ACCEPT]
[LVL9] rnvc52(A,B) :- no52(C,A) 0.152882205514 (3.0, 5.0, 48.0, 3.0) 0.535087719298 [ACCEPT]
[LVL9] rnvc52(A,B) :- no52(C,B) 0.133771929825 (3.0, 6.0, 47.0, 3.0) 0.535087719298 [ACCEPT]
[LVL9] rnvc52(A,B) :- somenot52(B,C) 0.230019493177 (4.0, 6.0, 47.0, 2.0) 0.690058479532 [ACCEPT]
[LVL9] BETTER RULE rnvc52(A,B) :- somenot52(B,C) (0.23001949317738793, 4.0) > (0.15288220551378445, 3.0)
[LVL9] rnvc52(A,B) :- somenot52(C,A) 0.118908382066 (3.0, 7.0, 46.0, 3.0) 0.535087719298 [ACCEPT]
[DEBUG] Best rule so far: rnvc52(A,B) :- somenot52(B,C) [0.230019493177]
[DEBUG] Candidates for iteration 2:
[DEBUG] ==================================
[DEBUG] rnvc52(A,B) :- somenot52(B,C) 0.230019493177
[DEBUG] rnvc52(A,B) :- some52(A,C) 0.152882205514
[DEBUG] rnvc52(A,B) :- no52(C,A) 0.152882205514
[DEBUG] rnvc52(A,B) :- no52(B,C) 0.133771929825
[DEBUG] rnvc52(A,B) :- no52(C,B) 0.133771929825
[DEBUG] rnvc52(A,B) :- no52(A,C) 0.118908382066
[DEBUG] rnvc52(A,B) :- somenot52(C,A) 0.118908382066
[DEBUG] ==================================
[LVL9] rnvc52(A,B) :- somenot52(B,C), some52(A,C) 0.535087719298 (3.0, 0.0, 53.0, 3.0) 0.535087719298 [REJECT* fp] 2.0
[LVL9] BETTER RULE rnvc52(A,B) :- somenot52(B,C), some52(A,C) (0.5350877192982456, 3.0) > (0.23001949317738793, 4.0)
[LVL9] rnvc52(A,B) :- somenot52(B,C), \+all52(A,C) 0.258771929825 (4.0, 5.0, 48.0, 2.0) 0.690058479532 [ACCEPT]
[LVL9] rnvc52(A,B) :- somenot52(B,C), \+all52(C,A) 0.258771929825 (4.0, 5.0, 48.0, 2.0) 0.690058479532 [ACCEPT]
[LVL9] rnvc52(A,B) :- somenot52(B,C), \+some52(C,A) 0.258771929825 (4.0, 5.0, 48.0, 2.0) 0.690058479532 [ACCEPT]
[LVL9] rnvc52(A,B) :- somenot52(B,C), \+no52(A,C) 0.258771929825 (4.0, 5.0, 48.0, 2.0) 0.690058479532 [ACCEPT]
[LVL9] rnvc52(A,B) :- somenot52(B,C), \+no52(C,A) 0.258771929825 (4.0, 5.0, 48.0, 2.0) 0.690058479532 [ACCEPT]
[LVL9] rnvc52(A,B) :- somenot52(B,C), \+somenot52(A,C) 0.258771929825 (4.0, 5.0, 48.0, 2.0) 0.690058479532 [ACCEPT]
[DEBUG] Best rule so far: rnvc52(A,B) :- somenot52(B,C), some52(A,C) [0.535087719298]
[DEBUG] Candidates for iteration 3:
[DEBUG] ==================================
[DEBUG] rnvc52(A,B) :- somenot52(B,C), \+all52(A,C) 0.258771929825
[DEBUG] rnvc52(A,B) :- somenot52(B,C), \+all52(C,A) 0.258771929825
[DEBUG] rnvc52(A,B) :- somenot52(B,C), \+some52(C,A) 0.258771929825
[DEBUG] rnvc52(A,B) :- somenot52(B,C), \+no52(A,C) 0.258771929825
[DEBUG] rnvc52(A,B) :- somenot52(B,C), \+no52(C,A) 0.258771929825
[DEBUG] rnvc52(A,B) :- somenot52(B,C), \+somenot52(A,C) 0.258771929825
[DEBUG] ==================================
[INFO] RULE LEARNED: rnvc52(A,B) :- somenot52(B,C), some52(A,C) 0.949152542373
[DEBUG] Best rule so far: rnvc52(A,B) :- true [0.0535714285714]
[DEBUG] Candidates for iteration 1:
[DEBUG] ==================================
[DEBUG] rnvc52(A,B) :- true 0.0535714285714
[DEBUG] ==================================
[LVL9] rnvc52(A,B) :- no52(A,C) 0.117063492063 (4.0, 7.0, 46.0, 2.0) 0.526785714286 [ACCEPT]
[LVL9] BETTER RULE rnvc52(A,B) :- no52(A,C) (0.11706349206349206, 4.0) > (0.05357142857142857, 6.0)
[LVL9] rnvc52(A,B) :- no52(B,C) 0.131696428571 (4.0, 6.0, 47.0, 2.0) 0.526785714286 [ACCEPT]
[LVL9] BETTER RULE rnvc52(A,B) :- no52(B,C) (0.13169642857142858, 4.0) > (0.11706349206349206, 4.0)
[LVL9] rnvc52(A,B) :- no52(C,A) 0.150510204082 (4.0, 5.0, 48.0, 2.0) 0.526785714286 [ACCEPT]
[LVL9] BETTER RULE rnvc52(A,B) :- no52(C,A) (0.15051020408163265, 4.0) > (0.13169642857142858, 4.0)
[LVL9] rnvc52(A,B) :- no52(C,B) 0.131696428571 (4.0, 6.0, 47.0, 2.0) 0.526785714286 [ACCEPT]
[LVL9] rnvc52(A,B) :- somenot52(B,C) 0.131696428571 (4.0, 6.0, 47.0, 2.0) 0.526785714286 [ACCEPT]
[LVL9] rnvc52(A,B) :- somenot52(C,A) 0.117063492063 (4.0, 7.0, 46.0, 2.0) 0.526785714286 [ACCEPT]
[DEBUG] Best rule so far: rnvc52(A,B) :- no52(C,A) [0.150510204082]
[DEBUG] Candidates for iteration 2:
[DEBUG] ==================================
[DEBUG] rnvc52(A,B) :- no52(C,A) 0.150510204082
[DEBUG] rnvc52(A,B) :- no52(B,C) 0.131696428571
[DEBUG] rnvc52(A,B) :- no52(C,B) 0.131696428571
[DEBUG] rnvc52(A,B) :- somenot52(B,C) 0.131696428571
[DEBUG] rnvc52(A,B) :- no52(A,C) 0.117063492063
[DEBUG] rnvc52(A,B) :- somenot52(C,A) 0.117063492063
[DEBUG] ==================================
[LVL9] rnvc52(A,B) :- no52(C,A), no52(C,B) 0.526785714286 (4.0, 0.0, 53.0, 2.0) 0.526785714286 [REJECT* fp] 3.0
[LVL9] BETTER RULE rnvc52(A,B) :- no52(C,A), no52(C,B) (0.5267857142857143, 4.0) > (0.15051020408163265, 4.0)
[INFO] RULE LEARNED: rnvc52(A,B) :- no52(C,A), no52(C,B) 0.966101694915
[DEBUG] Best rule so far: rnvc52(A,B) :- true [0.0363636363636]
[DEBUG] Candidates for iteration 1:
[DEBUG] ==================================
[DEBUG] rnvc52(A,B) :- true 0.0363636363636
[DEBUG] ==================================
[LVL9] rnvc52(A,B) :- no52(A,C) 0.115151515152 (5.0, 7.0, 46.0, 1.0) 0.518181818182 [ACCEPT]
[LVL9] BETTER RULE rnvc52(A,B) :- no52(A,C) (0.11515151515151516, 5.0) > (0.03636363636363636, 6.0)
[LVL9] rnvc52(A,B) :- no52(B,C) 0.129545454545 (5.0, 6.0, 47.0, 1.0) 0.518181818182 [ACCEPT]
[LVL9] BETTER RULE rnvc52(A,B) :- no52(B,C) (0.12954545454545455, 5.0) > (0.11515151515151516, 5.0)
[LVL9] rnvc52(A,B) :- somenot52(B,C) 0.129545454545 (5.0, 6.0, 47.0, 1.0) 0.518181818182 [ACCEPT]
[LVL9] rnvc52(A,B) :- somenot52(C,A) 0.115151515152 (5.0, 7.0, 46.0, 1.0) 0.518181818182 [ACCEPT]
[DEBUG] Best rule so far: rnvc52(A,B) :- no52(B,C) [0.129545454545]
[DEBUG] Candidates for iteration 2:
[DEBUG] ==================================
[DEBUG] rnvc52(A,B) :- no52(B,C) 0.129545454545
[DEBUG] rnvc52(A,B) :- somenot52(B,C) 0.129545454545
[DEBUG] rnvc52(A,B) :- no52(A,C) 0.115151515152
[DEBUG] rnvc52(A,B) :- somenot52(C,A) 0.115151515152
[DEBUG] ==================================
[LVL9] rnvc52(A,B) :- no52(B,C), no52(A,C) 0.518181818182 (5.0, 0.0, 53.0, 1.0) 0.518181818182 [REJECT* fp] 4.0
[LVL9] BETTER RULE rnvc52(A,B) :- no52(B,C), no52(A,C) (0.5181818181818182, 5.0) > (0.12954545454545455, 5.0)
[INFO] RULE LEARNED: rnvc52(A,B) :- no52(B,C), no52(A,C) 0.983050847458
[DEBUG] Best rule so far: rnvc52(A,B) :- true [0.0185185185185]
[DEBUG] Candidates for iteration 1:
[DEBUG] ==================================
[DEBUG] rnvc52(A,B) :- true 0.0185185185185
[DEBUG] ==================================
[LVL9] rnvc52(A,B) :- somenot52(B,C) 0.127314814815 (6.0, 6.0, 47.0, 0.0) 0.509259259259 [ACCEPT]
[LVL9] BETTER RULE rnvc52(A,B) :- somenot52(B,C) (0.12731481481481483, 6.0) > (0.01851851851851852, 6.0)
[LVL9] rnvc52(A,B) :- somenot52(C,A) 0.11316872428 (6.0, 7.0, 46.0, 0.0) 0.509259259259 [ACCEPT]
[DEBUG] Best rule so far: rnvc52(A,B) :- somenot52(B,C) [0.127314814815]
[DEBUG] Candidates for iteration 2:
[DEBUG] ==================================
[DEBUG] rnvc52(A,B) :- somenot52(B,C) 0.127314814815
[DEBUG] rnvc52(A,B) :- somenot52(C,A) 0.11316872428
[DEBUG] ==================================
[LVL9] rnvc52(A,B) :- somenot52(B,C), somenot52(C,A) 0.509259259259 (6.0, 0.0, 53.0, 0.0) 0.509259259259 [REJECT* fp] 5.0
[LVL9] BETTER RULE rnvc52(A,B) :- somenot52(B,C), somenot52(C,A) (0.5092592592592593, 6.0) > (0.12731481481481483, 6.0)
[INFO] RULE LEARNED: rnvc52(A,B) :- somenot52(B,C), somenot52(C,A) 1.0
[DEBUG] Best rule so far: rnvc52(A,B) :- true [0.0]
[DEBUG] Candidates for iteration 1:
[DEBUG] ==================================
[DEBUG] rnvc52(A,B) :- true 0.0
[DEBUG] ==================================
[INFO] RULE LEARNED: rnvc52(A,B) :- true 1.0
