[LVL9] Output level: 9
[INFO] Random seed: 0.227210538974
[INFO] Computing scores: 0.0686s
[INFO] Number of examples (M): 114
[INFO] Positive weight (P): 19.0000
[INFO] Negative weight (N): 95.0000
[DEBUG] Best rule so far: rsome4(A,B) :- true [0.166666666667]
[DEBUG] Candidates for iteration 1:
[DEBUG] ==================================
[DEBUG] rsome4(A,B) :- true 0.166666666667
[DEBUG] ==================================
[LVL9] rsome4(A,B) :- all4(A,C) 0.0 (2.0, 12.0, 83.0, 17.0) 0.722222222222 [ACCEPT]
[LVL9] rsome4(A,B) :- all4(B,C) 0.0 (2.0, 12.0, 83.0, 17.0) 0.722222222222 [ACCEPT]
[LVL9] rsome4(A,B) :- all4(C,B) 0.0 (1.0, 15.0, 80.0, 18.0) 0.583333333333 [ACCEPT]
[LVL9] rsome4(A,B) :- some4(A,C) 0.0 (1.0, 15.0, 80.0, 18.0) 0.583333333333 [ACCEPT]
[LVL9] rsome4(A,B) :- some4(B,C) 0.245098039216 (4.0, 12.0, 83.0, 15.0) 0.833333333333 [ACCEPT]
[LVL9] BETTER RULE rsome4(A,B) :- some4(B,C) (0.2450980392156863, 4.0) > (0.16666666666666669, 19.0)
[LVL9] rsome4(A,B) :- some4(C,A) 0.0 (2.0, 14.0, 81.0, 17.0) 0.722222222222 [ACCEPT]
[LVL9] rsome4(A,B) :- some4(C,B) 0.303921568627 (5.0, 11.0, 84.0, 14.0) 0.861111111111 [ACCEPT]
[LVL9] BETTER RULE rsome4(A,B) :- some4(C,B) (0.303921568627451, 5.0) > (0.2450980392156863, 4.0)
[LVL9] rsome4(A,B) :- no4(A,C) 0.245098039216 (4.0, 12.0, 83.0, 15.0) 0.833333333333 [ACCEPT]
[LVL9] rsome4(A,B) :- no4(B,C) 0.0 (1.0, 15.0, 80.0, 18.0) 0.583333333333 [ACCEPT]
[LVL9] rsome4(A,B) :- no4(C,A) 0.347222222222 (4.0, 7.0, 88.0, 15.0) 0.833333333333 [ACCEPT]
[LVL9] BETTER RULE rsome4(A,B) :- no4(C,A) (0.34722222222222227, 4.0) > (0.303921568627451, 5.0)
[LVL9] rsome4(A,B) :- no4(C,B) 0.0 (1.0, 10.0, 85.0, 18.0) 0.583333333333 [ACCEPT]
[LVL9] rsome4(A,B) :- somenot4(A,C) 0.320512820513 (4.0, 8.0, 87.0, 15.0) 0.833333333333 [ACCEPT]
[LVL9] rsome4(A,B) :- somenot4(B,C) 0.24358974359 (3.0, 9.0, 86.0, 16.0) 0.791666666667 [ACCEPT]
[LVL9] rsome4(A,B) :- somenot4(C,A) 0.0 (2.0, 11.0, 84.0, 17.0) 0.722222222222 [ACCEPT]
[LVL9] rsome4(A,B) :- somenot4(C,B) 0.0 (2.0, 11.0, 84.0, 17.0) 0.722222222222 [ACCEPT]
[DEBUG] Best rule so far: rsome4(A,B) :- no4(C,A) [0.347222222222]
[DEBUG] Candidates for iteration 2:
[DEBUG] ==================================
[DEBUG] rsome4(A,B) :- no4(C,A) 0.347222222222
[DEBUG] rsome4(A,B) :- somenot4(A,C) 0.320512820513
[DEBUG] rsome4(A,B) :- some4(C,B) 0.303921568627
[DEBUG] rsome4(A,B) :- some4(B,C) 0.245098039216
[DEBUG] rsome4(A,B) :- no4(A,C) 0.245098039216
[DEBUG] rsome4(A,B) :- somenot4(B,C) 0.24358974359
[DEBUG] rsome4(A,B) :- all4(A,C) 0.0
[DEBUG] rsome4(A,B) :- all4(B,C) 0.0
[DEBUG] rsome4(A,B) :- some4(C,A) 0.0
[DEBUG] rsome4(A,B) :- somenot4(C,A) 0.0
[DEBUG] rsome4(A,B) :- somenot4(C,B) 0.0
[DEBUG] rsome4(A,B) :- all4(C,B) 0.0
[DEBUG] rsome4(A,B) :- some4(A,C) 0.0
[DEBUG] rsome4(A,B) :- no4(B,C) 0.0
[DEBUG] rsome4(A,B) :- no4(C,B) 0.0
[DEBUG] ==================================
[LVL9] rsome4(A,B) :- no4(C,A), some4(C,B) 0.388888888889 (1.0, 1.0, 94.0, 18.0) 0.583333333333 [ACCEPT]
[LVL9] BETTER RULE rsome4(A,B) :- no4(C,A), some4(C,B) (0.3888888888888889, 1.0) > (0.34722222222222227, 4.0)
[LVL9] rsome4(A,B) :- no4(C,A), some4(B,C) 0.388888888889 (1.0, 1.0, 94.0, 18.0) 0.583333333333 [ACCEPT]
[LVL9] rsome4(A,B) :- no4(C,A), some4(C,D) 0.388888888889 (1.0, 1.0, 94.0, 18.0) 0.583333333333 [ACCEPT]
[LVL9] rsome4(A,B) :- no4(C,A), some4(B,D) 0.388888888889 (1.0, 1.0, 94.0, 18.0) 0.583333333333 [ACCEPT]
[LVL9] rsome4(A,B) :- no4(C,A), some4(D,C) 0.388888888889 (1.0, 1.0, 94.0, 18.0) 0.583333333333 [ACCEPT]
[LVL9] rsome4(A,B) :- no4(C,A), some4(D,B) 0.388888888889 (1.0, 1.0, 94.0, 18.0) 0.583333333333 [ACCEPT]
[LVL9] rsome4(A,B) :- no4(C,A), no4(B,C) 0.388888888889 (1.0, 1.0, 94.0, 18.0) 0.583333333333 [ACCEPT]
[LVL9] rsome4(A,B) :- no4(C,A), no4(B,D) 0.388888888889 (1.0, 1.0, 94.0, 18.0) 0.583333333333 [ACCEPT]
[LVL9] rsome4(A,B) :- no4(C,A), no4(D,C) 0.388888888889 (1.0, 1.0, 94.0, 18.0) 0.583333333333 [ACCEPT]
[LVL9] rsome4(A,B) :- no4(C,A), somenot4(C,B) 0.583333333333 (1.0, 0.0, 95.0, 18.0) 0.583333333333 [REJECT* fp] 0.0
[LVL9] BETTER RULE rsome4(A,B) :- no4(C,A), somenot4(C,B) (0.5833333333333334, 1.0) > (0.3888888888888889, 1.0)
[LVL9] rsome4(A,B) :- no4(C,A), \+all4(C,B) 0.416666666667 (4.0, 5.0, 90.0, 15.0) 0.833333333333 [ACCEPT]
[LVL9] rsome4(A,B) :- no4(C,A), \+all4(B,C) 0.378787878788 (4.0, 6.0, 89.0, 15.0) 0.833333333333 [ACCEPT]
[LVL9] rsome4(A,B) :- no4(C,A), \+some4(C,B) 0.316666666667 (3.0, 6.0, 89.0, 16.0) 0.791666666667 [ACCEPT]
[LVL9] rsome4(A,B) :- no4(C,A), \+some4(B,C) 0.316666666667 (3.0, 6.0, 89.0, 16.0) 0.791666666667 [ACCEPT]
[LVL9] rsome4(A,B) :- no4(C,A), \+no4(B,C) 0.316666666667 (3.0, 6.0, 89.0, 16.0) 0.791666666667 [ACCEPT]
[LVL9] rsome4(A,B) :- no4(C,A), \+somenot4(B,C) 0.378787878788 (4.0, 6.0, 89.0, 15.0) 0.833333333333 [ACCEPT]
[LVL9] rsome4(A,B) :- somenot4(A,C), \+all4(C,B) 0.378787878788 (4.0, 6.0, 89.0, 15.0) 0.833333333333 [ACCEPT]
[LVL9] rsome4(A,B) :- somenot4(A,C), \+all4(B,C) 0.287878787879 (3.0, 7.0, 88.0, 16.0) 0.791666666667 [ACCEPT]
[LVL9] rsome4(A,B) :- somenot4(A,C), \+some4(C,B) 0.287878787879 (3.0, 7.0, 88.0, 16.0) 0.791666666667 [ACCEPT]
[LVL9] rsome4(A,B) :- somenot4(A,C), \+some4(B,C) 0.287878787879 (3.0, 7.0, 88.0, 16.0) 0.791666666667 [ACCEPT]
[LVL9] rsome4(A,B) :- somenot4(A,C), \+no4(B,C) 0.378787878788 (4.0, 6.0, 89.0, 15.0) 0.833333333333 [ACCEPT]
[LVL9] rsome4(A,B) :- somenot4(A,C), \+somenot4(C,B) 0.347222222222 (4.0, 7.0, 88.0, 15.0) 0.833333333333 [ACCEPT]
[LVL9] rsome4(A,B) :- some4(C,B), \+all4(A,C) 0.277777777778 (4.0, 10.0, 85.0, 15.0) 0.833333333333 [ACCEPT]
[LVL9] rsome4(A,B) :- some4(C,B), \+all4(C,A) 0.344444444444 (5.0, 9.0, 86.0, 14.0) 0.861111111111 [ACCEPT]
[LVL9] rsome4(A,B) :- some4(C,B), \+some4(A,C) 0.344444444444 (5.0, 9.0, 86.0, 14.0) 0.861111111111 [ACCEPT]
[LVL9] rsome4(A,B) :- some4(C,B), \+some4(C,A) 0.277777777778 (4.0, 10.0, 85.0, 15.0) 0.833333333333 [ACCEPT]
[LVL9] rsome4(A,B) :- some4(C,B), \+no4(A,C) 0.277777777778 (4.0, 10.0, 85.0, 15.0) 0.833333333333 [ACCEPT]
[LVL9] rsome4(A,B) :- some4(C,B), \+no4(C,A) 0.277777777778 (4.0, 10.0, 85.0, 15.0) 0.833333333333 [ACCEPT]
[LVL9] rsome4(A,B) :- some4(C,B), \+somenot4(A,C) 0.277777777778 (4.0, 10.0, 85.0, 15.0) 0.833333333333 [ACCEPT]
[LVL9] rsome4(A,B) :- some4(C,B), \+somenot4(C,A) 0.344444444444 (5.0, 9.0, 86.0, 14.0) 0.861111111111 [ACCEPT]
[LVL9] rsome4(A,B) :- some4(B,C), \+all4(A,C) 0.277777777778 (4.0, 10.0, 85.0, 15.0) 0.833333333333 [ACCEPT]
[LVL9] rsome4(A,B) :- some4(B,C), \+all4(C,A) 0.277777777778 (4.0, 10.0, 85.0, 15.0) 0.833333333333 [ACCEPT]
[LVL9] rsome4(A,B) :- some4(B,C), \+some4(A,C) 0.277777777778 (4.0, 10.0, 85.0, 15.0) 0.833333333333 [ACCEPT]
[LVL9] rsome4(A,B) :- some4(B,C), \+some4(C,A) 0.277777777778 (4.0, 10.0, 85.0, 15.0) 0.833333333333 [ACCEPT]
[LVL9] rsome4(A,B) :- some4(B,C), \+no4(A,C) 0.211111111111 (3.0, 11.0, 84.0, 16.0) 0.791666666667 [ACCEPT]
[LVL9] rsome4(A,B) :- some4(B,C), \+no4(C,A) 0.211111111111 (3.0, 11.0, 84.0, 16.0) 0.791666666667 [ACCEPT]
[LVL9] rsome4(A,B) :- some4(B,C), \+somenot4(A,C) 0.211111111111 (3.0, 11.0, 84.0, 16.0) 0.791666666667 [ACCEPT]
[LVL9] rsome4(A,B) :- some4(B,C), \+somenot4(C,A) 0.211111111111 (3.0, 11.0, 84.0, 16.0) 0.791666666667 [ACCEPT]
[LVL9] rsome4(A,B) :- no4(A,C), \+all4(C,B) 0.277777777778 (4.0, 10.0, 85.0, 15.0) 0.833333333333 [ACCEPT]
[LVL9] rsome4(A,B) :- no4(A,C), \+all4(B,C) 0.277777777778 (4.0, 10.0, 85.0, 15.0) 0.833333333333 [ACCEPT]
[LVL9] rsome4(A,B) :- no4(A,C), \+some4(C,B) 0.211111111111 (3.0, 11.0, 84.0, 16.0) 0.791666666667 [ACCEPT]
[LVL9] rsome4(A,B) :- no4(A,C), \+some4(B,C) 0.211111111111 (3.0, 11.0, 84.0, 16.0) 0.791666666667 [ACCEPT]
[LVL9] rsome4(A,B) :- no4(A,C), \+no4(C,B) 0.277777777778 (4.0, 10.0, 85.0, 15.0) 0.833333333333 [ACCEPT]
[LVL9] rsome4(A,B) :- no4(A,C), \+no4(B,C) 0.277777777778 (4.0, 10.0, 85.0, 15.0) 0.833333333333 [ACCEPT]
[LVL9] rsome4(A,B) :- no4(A,C), \+somenot4(C,B) 0.211111111111 (3.0, 11.0, 84.0, 16.0) 0.791666666667 [ACCEPT]
[LVL9] rsome4(A,B) :- no4(A,C), \+somenot4(B,C) 0.211111111111 (3.0, 11.0, 84.0, 16.0) 0.791666666667 [ACCEPT]
[LVL9] rsome4(A,B) :- somenot4(B,C), \+all4(A,C) 0.19696969697 (2.0, 8.0, 87.0, 17.0) 0.722222222222 [ACCEPT]
[LVL9] rsome4(A,B) :- somenot4(B,C), \+all4(C,A) 0.287878787879 (3.0, 7.0, 88.0, 16.0) 0.791666666667 [ACCEPT]
[LVL9] rsome4(A,B) :- somenot4(B,C), \+some4(A,C) 0.287878787879 (3.0, 7.0, 88.0, 16.0) 0.791666666667 [ACCEPT]
[LVL9] rsome4(A,B) :- somenot4(B,C), \+some4(C,A) 0.19696969697 (2.0, 8.0, 87.0, 17.0) 0.722222222222 [ACCEPT]
[LVL9] rsome4(A,B) :- somenot4(B,C), \+no4(A,C) 0.19696969697 (2.0, 8.0, 87.0, 17.0) 0.722222222222 [ACCEPT]
[LVL9] rsome4(A,B) :- somenot4(B,C), \+no4(C,A) 0.263888888889 (3.0, 8.0, 87.0, 16.0) 0.791666666667 [ACCEPT]
[LVL9] rsome4(A,B) :- somenot4(B,C), \+somenot4(C,A) 0.263888888889 (3.0, 8.0, 87.0, 16.0) 0.791666666667 [ACCEPT]
[LVL9] rsome4(A,B) :- all4(A,C), \+all4(C,B) 0.166666666667 (2.0, 10.0, 85.0, 17.0) 0.722222222222 [ACCEPT]
[LVL9] rsome4(A,B) :- all4(A,C), \+all4(B,C) 0.166666666667 (2.0, 10.0, 85.0, 17.0) 0.722222222222 [ACCEPT]
[LVL9] rsome4(A,B) :- all4(A,C), \+some4(B,C) 0.166666666667 (2.0, 10.0, 85.0, 17.0) 0.722222222222 [ACCEPT]
[LVL9] rsome4(A,B) :- all4(A,C), \+no4(C,B) 0.0 (2.0, 11.0, 84.0, 17.0) 0.722222222222 [ACCEPT]
[LVL9] rsome4(A,B) :- all4(A,C), \+no4(B,C) 0.166666666667 (2.0, 10.0, 85.0, 17.0) 0.722222222222 [ACCEPT]
[LVL9] rsome4(A,B) :- all4(A,C), \+somenot4(C,B) 0.0 (2.0, 11.0, 84.0, 17.0) 0.722222222222 [ACCEPT]
[LVL9] rsome4(A,B) :- all4(B,C), \+all4(A,C) 0.166666666667 (2.0, 10.0, 85.0, 17.0) 0.722222222222 [ACCEPT]
[LVL9] rsome4(A,B) :- all4(B,C), \+all4(C,A) 0.166666666667 (2.0, 10.0, 85.0, 17.0) 0.722222222222 [ACCEPT]
[LVL9] rsome4(A,B) :- all4(B,C), \+some4(C,A) 0.166666666667 (2.0, 10.0, 85.0, 17.0) 0.722222222222 [ACCEPT]
[LVL9] rsome4(A,B) :- all4(B,C), \+no4(A,C) 0.166666666667 (2.0, 10.0, 85.0, 17.0) 0.722222222222 [ACCEPT]
[LVL9] rsome4(A,B) :- all4(B,C), \+no4(C,A) 0.0 (2.0, 11.0, 84.0, 17.0) 0.722222222222 [ACCEPT]
[LVL9] rsome4(A,B) :- all4(B,C), \+somenot4(C,A) 0.0 (2.0, 11.0, 84.0, 17.0) 0.722222222222 [ACCEPT]
[LVL9] rsome4(A,B) :- some4(C,A), \+all4(C,B) 0.0 (2.0, 12.0, 83.0, 17.0) 0.722222222222 [ACCEPT]
[LVL9] rsome4(A,B) :- some4(C,A), \+all4(B,C) 0.0 (2.0, 12.0, 83.0, 17.0) 0.722222222222 [ACCEPT]
[LVL9] rsome4(A,B) :- some4(C,A), \+some4(B,C) 0.0 (2.0, 12.0, 83.0, 17.0) 0.722222222222 [ACCEPT]
[LVL9] rsome4(A,B) :- some4(C,A), \+no4(C,B) 0.0 (2.0, 12.0, 83.0, 17.0) 0.722222222222 [ACCEPT]
[LVL9] rsome4(A,B) :- some4(C,A), \+no4(B,C) 0.0 (2.0, 12.0, 83.0, 17.0) 0.722222222222 [ACCEPT]
[LVL9] rsome4(A,B) :- some4(C,A), \+somenot4(C,B) 0.0 (2.0, 12.0, 83.0, 17.0) 0.722222222222 [ACCEPT]
[LVL9] rsome4(A,B) :- somenot4(C,A), \+all4(B,C) 0.166666666667 (2.0, 10.0, 85.0, 17.0) 0.722222222222 [ACCEPT]
[LVL9] rsome4(A,B) :- somenot4(C,A), \+some4(C,B) 0.180555555556 (2.0, 9.0, 86.0, 17.0) 0.722222222222 [ACCEPT]
[LVL9] rsome4(A,B) :- somenot4(C,A), \+no4(C,B) 0.166666666667 (2.0, 10.0, 85.0, 17.0) 0.722222222222 [ACCEPT]
[LVL9] rsome4(A,B) :- somenot4(C,A), \+no4(B,C) 0.180555555556 (2.0, 9.0, 86.0, 17.0) 0.722222222222 [ACCEPT]
[LVL9] rsome4(A,B) :- somenot4(C,A), \+somenot4(C,B) 0.180555555556 (2.0, 9.0, 86.0, 17.0) 0.722222222222 [ACCEPT]
[LVL9] rsome4(A,B) :- somenot4(C,A), \+somenot4(B,C) 0.166666666667 (2.0, 10.0, 85.0, 17.0) 0.722222222222 [ACCEPT]
[LVL9] rsome4(A,B) :- somenot4(C,B), \+all4(A,C) 0.166666666667 (2.0, 10.0, 85.0, 17.0) 0.722222222222 [ACCEPT]
[LVL9] rsome4(A,B) :- somenot4(C,B), \+all4(C,A) 0.180555555556 (2.0, 9.0, 86.0, 17.0) 0.722222222222 [ACCEPT]
[LVL9] rsome4(A,B) :- somenot4(C,B), \+some4(A,C) 0.180555555556 (2.0, 9.0, 86.0, 17.0) 0.722222222222 [ACCEPT]
[LVL9] rsome4(A,B) :- somenot4(C,B), \+some4(C,A) 0.180555555556 (2.0, 9.0, 86.0, 17.0) 0.722222222222 [ACCEPT]
[LVL9] rsome4(A,B) :- somenot4(C,B), \+somenot4(A,C) 0.166666666667 (2.0, 10.0, 85.0, 17.0) 0.722222222222 [ACCEPT]
[LVL9] rsome4(A,B) :- somenot4(C,B), \+somenot4(C,A) 0.180555555556 (2.0, 9.0, 86.0, 17.0) 0.722222222222 [ACCEPT]
[DEBUG] Best rule so far: rsome4(A,B) :- no4(C,A), somenot4(C,B) [0.583333333333]
[DEBUG] Candidates for iteration 3:
[DEBUG] ==================================
[DEBUG] rsome4(A,B) :- no4(C,A), \+all4(C,B) 0.416666666667
[DEBUG] rsome4(A,B) :- no4(C,A), some4(C,B) 0.388888888889
[DEBUG] rsome4(A,B) :- no4(C,A), some4(B,C) 0.388888888889
[DEBUG] rsome4(A,B) :- no4(C,A), some4(C,D) 0.388888888889
[DEBUG] rsome4(A,B) :- no4(C,A), some4(B,D) 0.388888888889
[DEBUG] rsome4(A,B) :- no4(C,A), some4(D,C) 0.388888888889
[DEBUG] rsome4(A,B) :- no4(C,A), some4(D,B) 0.388888888889
[DEBUG] rsome4(A,B) :- no4(C,A), no4(B,C) 0.388888888889
[DEBUG] rsome4(A,B) :- no4(C,A), no4(B,D) 0.388888888889
[DEBUG] rsome4(A,B) :- no4(C,A), no4(D,C) 0.388888888889
[DEBUG] rsome4(A,B) :- no4(C,A), \+all4(B,C) 0.378787878788
[DEBUG] rsome4(A,B) :- no4(C,A), \+somenot4(B,C) 0.378787878788
[DEBUG] rsome4(A,B) :- somenot4(A,C), \+all4(C,B) 0.378787878788
[DEBUG] rsome4(A,B) :- somenot4(A,C), \+no4(B,C) 0.378787878788
[DEBUG] rsome4(A,B) :- somenot4(A,C), \+somenot4(C,B) 0.347222222222
[DEBUG] rsome4(A,B) :- some4(C,B), \+all4(C,A) 0.344444444444
[DEBUG] rsome4(A,B) :- some4(C,B), \+some4(A,C) 0.344444444444
[DEBUG] rsome4(A,B) :- some4(C,B), \+somenot4(C,A) 0.344444444444
[DEBUG] rsome4(A,B) :- no4(C,A), \+some4(C,B) 0.316666666667
[DEBUG] rsome4(A,B) :- no4(C,A), \+some4(B,C) 0.316666666667
[DEBUG] rsome4(A,B) :- no4(C,A), \+no4(B,C) 0.316666666667
[DEBUG] rsome4(A,B) :- somenot4(A,C), \+all4(B,C) 0.287878787879
[DEBUG] rsome4(A,B) :- somenot4(A,C), \+some4(C,B) 0.287878787879
[DEBUG] rsome4(A,B) :- somenot4(A,C), \+some4(B,C) 0.287878787879
[DEBUG] rsome4(A,B) :- somenot4(B,C), \+all4(C,A) 0.287878787879
[DEBUG] rsome4(A,B) :- somenot4(B,C), \+some4(A,C) 0.287878787879
[DEBUG] rsome4(A,B) :- some4(C,B), \+all4(A,C) 0.277777777778
[DEBUG] rsome4(A,B) :- some4(C,B), \+some4(C,A) 0.277777777778
[DEBUG] rsome4(A,B) :- some4(C,B), \+no4(A,C) 0.277777777778
[DEBUG] rsome4(A,B) :- some4(C,B), \+no4(C,A) 0.277777777778
[DEBUG] rsome4(A,B) :- some4(C,B), \+somenot4(A,C) 0.277777777778
[DEBUG] rsome4(A,B) :- some4(B,C), \+all4(A,C) 0.277777777778
[DEBUG] rsome4(A,B) :- some4(B,C), \+all4(C,A) 0.277777777778
[DEBUG] rsome4(A,B) :- some4(B,C), \+some4(A,C) 0.277777777778
[DEBUG] rsome4(A,B) :- some4(B,C), \+some4(C,A) 0.277777777778
[DEBUG] rsome4(A,B) :- no4(A,C), \+all4(C,B) 0.277777777778
[DEBUG] rsome4(A,B) :- no4(A,C), \+all4(B,C) 0.277777777778
[DEBUG] rsome4(A,B) :- no4(A,C), \+no4(C,B) 0.277777777778
[DEBUG] rsome4(A,B) :- no4(A,C), \+no4(B,C) 0.277777777778
[DEBUG] rsome4(A,B) :- somenot4(B,C), \+no4(C,A) 0.263888888889
[DEBUG] rsome4(A,B) :- somenot4(B,C), \+somenot4(C,A) 0.263888888889
[DEBUG] rsome4(A,B) :- some4(B,C), \+no4(A,C) 0.211111111111
[DEBUG] rsome4(A,B) :- some4(B,C), \+no4(C,A) 0.211111111111
[DEBUG] rsome4(A,B) :- some4(B,C), \+somenot4(A,C) 0.211111111111
[DEBUG] rsome4(A,B) :- some4(B,C), \+somenot4(C,A) 0.211111111111
[DEBUG] rsome4(A,B) :- no4(A,C), \+some4(C,B) 0.211111111111
[DEBUG] rsome4(A,B) :- no4(A,C), \+some4(B,C) 0.211111111111
[DEBUG] rsome4(A,B) :- no4(A,C), \+somenot4(C,B) 0.211111111111
[DEBUG] rsome4(A,B) :- no4(A,C), \+somenot4(B,C) 0.211111111111
[DEBUG] rsome4(A,B) :- somenot4(B,C), \+all4(A,C) 0.19696969697
[DEBUG] rsome4(A,B) :- somenot4(B,C), \+some4(C,A) 0.19696969697
[DEBUG] rsome4(A,B) :- somenot4(B,C), \+no4(A,C) 0.19696969697
[DEBUG] rsome4(A,B) :- somenot4(C,A), \+some4(C,B) 0.180555555556
[DEBUG] rsome4(A,B) :- somenot4(C,A), \+no4(B,C) 0.180555555556
[DEBUG] rsome4(A,B) :- somenot4(C,A), \+somenot4(C,B) 0.180555555556
[DEBUG] rsome4(A,B) :- somenot4(C,B), \+all4(C,A) 0.180555555556
[DEBUG] rsome4(A,B) :- somenot4(C,B), \+some4(A,C) 0.180555555556
[DEBUG] rsome4(A,B) :- somenot4(C,B), \+some4(C,A) 0.180555555556
[DEBUG] rsome4(A,B) :- somenot4(C,B), \+somenot4(C,A) 0.180555555556
[DEBUG] rsome4(A,B) :- all4(A,C), \+all4(C,B) 0.166666666667
[DEBUG] rsome4(A,B) :- all4(A,C), \+all4(B,C) 0.166666666667
[DEBUG] rsome4(A,B) :- all4(A,C), \+some4(B,C) 0.166666666667
[DEBUG] rsome4(A,B) :- all4(A,C), \+no4(B,C) 0.166666666667
[DEBUG] rsome4(A,B) :- all4(B,C), \+all4(A,C) 0.166666666667
[DEBUG] rsome4(A,B) :- all4(B,C), \+all4(C,A) 0.166666666667
[DEBUG] rsome4(A,B) :- all4(B,C), \+some4(C,A) 0.166666666667
[DEBUG] rsome4(A,B) :- all4(B,C), \+no4(A,C) 0.166666666667
[DEBUG] rsome4(A,B) :- somenot4(C,A), \+all4(B,C) 0.166666666667
[DEBUG] rsome4(A,B) :- somenot4(C,A), \+no4(C,B) 0.166666666667
[DEBUG] rsome4(A,B) :- somenot4(C,A), \+somenot4(B,C) 0.166666666667
[DEBUG] rsome4(A,B) :- somenot4(C,B), \+all4(A,C) 0.166666666667
[DEBUG] rsome4(A,B) :- somenot4(C,B), \+somenot4(A,C) 0.166666666667
[DEBUG] rsome4(A,B) :- all4(A,C), \+no4(C,B) 0.0
[DEBUG] rsome4(A,B) :- all4(A,C), \+somenot4(C,B) 0.0
[DEBUG] rsome4(A,B) :- all4(B,C), \+no4(C,A) 0.0
[DEBUG] rsome4(A,B) :- all4(B,C), \+somenot4(C,A) 0.0
[DEBUG] rsome4(A,B) :- some4(C,A), \+all4(C,B) 0.0
[DEBUG] rsome4(A,B) :- some4(C,A), \+all4(B,C) 0.0
[DEBUG] rsome4(A,B) :- some4(C,A), \+some4(B,C) 0.0
[DEBUG] rsome4(A,B) :- some4(C,A), \+no4(C,B) 0.0
[DEBUG] rsome4(A,B) :- some4(C,A), \+no4(B,C) 0.0
[DEBUG] rsome4(A,B) :- some4(C,A), \+somenot4(C,B) 0.0
[DEBUG] ==================================
[INFO] RULE LEARNED: rsome4(A,B) :- no4(C,A), somenot4(C,B) 0.842105263158
[DEBUG] Best rule so far: rsome4(A,B) :- true [0.159292035398]
[DEBUG] Candidates for iteration 1:
[DEBUG] ==================================
[DEBUG] rsome4(A,B) :- true 0.159292035398
[DEBUG] ==================================
[LVL9] rsome4(A,B) :- all4(A,C) 0.0 (3.0, 12.0, 83.0, 16.0) 0.719764011799 [ACCEPT]
[LVL9] rsome4(A,B) :- all4(B,C) 0.0 (3.0, 12.0, 83.0, 16.0) 0.719764011799 [ACCEPT]
[LVL9] rsome4(A,B) :- all4(C,B) 0.0 (2.0, 15.0, 80.0, 17.0) 0.579646017699 [ACCEPT]
[LVL9] rsome4(A,B) :- some4(A,C) 0.0 (2.0, 15.0, 80.0, 17.0) 0.579646017699 [ACCEPT]
[LVL9] rsome4(A,B) :- some4(B,C) 0.244664237376 (5.0, 12.0, 83.0, 14.0) 0.83185840708 [ACCEPT]
[LVL9] BETTER RULE rsome4(A,B) :- some4(B,C) (0.24466423737636647, 5.0) > (0.1592920353982301, 19.0)
[LVL9] rsome4(A,B) :- some4(C,A) 0.0 (3.0, 14.0, 81.0, 16.0) 0.719764011799 [ACCEPT]
[LVL9] rsome4(A,B) :- some4(C,B) 0.303487766788 (6.0, 11.0, 84.0, 13.0) 0.8598820059 [ACCEPT]
[LVL9] BETTER RULE rsome4(A,B) :- some4(C,B) (0.30348776678813116, 6.0) > (0.24466423737636647, 5.0)
[LVL9] rsome4(A,B) :- no4(A,C) 0.244664237376 (5.0, 12.0, 83.0, 14.0) 0.83185840708 [ACCEPT]
[LVL9] rsome4(A,B) :- no4(B,C) 0.0 (2.0, 15.0, 80.0, 17.0) 0.579646017699 [ACCEPT]
[LVL9] rsome4(A,B) :- no4(C,A) 0.287208366854 (4.0, 7.0, 88.0, 15.0) 0.78982300885 [ACCEPT]
[LVL9] rsome4(A,B) :- no4(C,B) 0.0 (2.0, 10.0, 85.0, 17.0) 0.579646017699 [ACCEPT]
[LVL9] rsome4(A,B) :- somenot4(A,C) 0.319945541184 (5.0, 8.0, 87.0, 14.0) 0.83185840708 [ACCEPT]
[LVL9] BETTER RULE rsome4(A,B) :- somenot4(A,C) (0.3199455411844792, 5.0) > (0.30348776678813116, 6.0)
[LVL9] rsome4(A,B) :- somenot4(B,C) 0.243022464261 (4.0, 9.0, 86.0, 15.0) 0.78982300885 [ACCEPT]
[LVL9] rsome4(A,B) :- somenot4(C,A) 0.0 (3.0, 11.0, 84.0, 16.0) 0.719764011799 [ACCEPT]
[LVL9] rsome4(A,B) :- somenot4(C,B) 0.0 (2.0, 11.0, 84.0, 17.0) 0.579646017699 [ACCEPT]
[DEBUG] Best rule so far: rsome4(A,B) :- somenot4(A,C) [0.319945541184]
[DEBUG] Candidates for iteration 2:
[DEBUG] ==================================
[DEBUG] rsome4(A,B) :- somenot4(A,C) 0.319945541184
[DEBUG] rsome4(A,B) :- some4(C,B) 0.303487766788
[DEBUG] rsome4(A,B) :- no4(C,A) 0.287208366854
[DEBUG] rsome4(A,B) :- some4(B,C) 0.244664237376
[DEBUG] rsome4(A,B) :- no4(A,C) 0.244664237376
[DEBUG] rsome4(A,B) :- somenot4(B,C) 0.243022464261
[DEBUG] rsome4(A,B) :- all4(A,C) 0.0
[DEBUG] rsome4(A,B) :- all4(B,C) 0.0
[DEBUG] rsome4(A,B) :- some4(C,A) 0.0
[DEBUG] rsome4(A,B) :- somenot4(C,A) 0.0
[DEBUG] rsome4(A,B) :- all4(C,B) 0.0
[DEBUG] rsome4(A,B) :- some4(A,C) 0.0
[DEBUG] rsome4(A,B) :- no4(B,C) 0.0
[DEBUG] rsome4(A,B) :- no4(C,B) 0.0
[DEBUG] rsome4(A,B) :- somenot4(C,B) 0.0
[DEBUG] ==================================
[LVL9] rsome4(A,B) :- somenot4(A,C), all4(B,C) 0.386430678466 (2.0, 1.0, 94.0, 17.0) 0.579646017699 [ACCEPT]
[LVL9] BETTER RULE rsome4(A,B) :- somenot4(A,C), all4(B,C) (0.3864306784660767, 2.0) > (0.3199455411844792, 5.0)
[LVL9] rsome4(A,B) :- somenot4(A,C), all4(B,D) 0.386430678466 (2.0, 1.0, 94.0, 17.0) 0.579646017699 [ACCEPT]
[LVL9] rsome4(A,B) :- somenot4(A,C), all4(D,C) 0.386430678466 (2.0, 1.0, 94.0, 17.0) 0.579646017699 [ACCEPT]
[LVL9] rsome4(A,B) :- somenot4(A,C), some4(C,B) 0.386430678466 (2.0, 1.0, 94.0, 17.0) 0.579646017699 [ACCEPT]
[LVL9] rsome4(A,B) :- somenot4(A,C), some4(B,C) 0.386430678466 (2.0, 1.0, 94.0, 17.0) 0.579646017699 [ACCEPT]
[LVL9] rsome4(A,B) :- somenot4(A,C), some4(C,D) 0.386430678466 (2.0, 1.0, 94.0, 17.0) 0.579646017699 [ACCEPT]
[LVL9] rsome4(A,B) :- somenot4(A,C), some4(B,D) 0.386430678466 (2.0, 1.0, 94.0, 17.0) 0.579646017699 [ACCEPT]
[LVL9] rsome4(A,B) :- somenot4(A,C), some4(D,C) 0.386430678466 (2.0, 1.0, 94.0, 17.0) 0.579646017699 [ACCEPT]
[LVL9] rsome4(A,B) :- somenot4(A,C), some4(D,B) 0.386430678466 (2.0, 1.0, 94.0, 17.0) 0.579646017699 [ACCEPT]
[LVL9] rsome4(A,B) :- somenot4(A,C), no4(C,B) 0.579646017699 (2.0, 0.0, 95.0, 17.0) 0.579646017699 [REJECT* fp] 1.0
[LVL9] BETTER RULE rsome4(A,B) :- somenot4(A,C), no4(C,B) (0.5796460176991151, 2.0) > (0.3864306784660767, 2.0)
[LVL9] rsome4(A,B) :- somenot4(A,C), \+all4(C,B) 0.378117457763 (5.0, 6.0, 89.0, 14.0) 0.83185840708 [ACCEPT]
[LVL9] rsome4(A,B) :- somenot4(A,C), \+all4(B,C) 0.287208366854 (4.0, 7.0, 88.0, 15.0) 0.78982300885 [ACCEPT]
[LVL9] rsome4(A,B) :- somenot4(A,C), \+some4(C,B) 0.287208366854 (4.0, 7.0, 88.0, 15.0) 0.78982300885 [ACCEPT]
[LVL9] rsome4(A,B) :- somenot4(A,C), \+some4(B,C) 0.287208366854 (4.0, 7.0, 88.0, 15.0) 0.78982300885 [ACCEPT]
[LVL9] rsome4(A,B) :- somenot4(A,C), \+no4(B,C) 0.378117457763 (5.0, 6.0, 89.0, 14.0) 0.83185840708 [ACCEPT]
[LVL9] rsome4(A,B) :- somenot4(A,C), \+somenot4(C,B) 0.346607669617 (5.0, 7.0, 88.0, 14.0) 0.83185840708 [ACCEPT]
[LVL9] rsome4(A,B) :- some4(C,B), \+all4(A,C) 0.277286135693 (5.0, 10.0, 85.0, 14.0) 0.83185840708 [ACCEPT]
[LVL9] rsome4(A,B) :- some4(C,B), \+all4(C,A) 0.34395280236 (6.0, 9.0, 86.0, 13.0) 0.8598820059 [ACCEPT]
[LVL9] rsome4(A,B) :- some4(C,B), \+some4(A,C) 0.34395280236 (6.0, 9.0, 86.0, 13.0) 0.8598820059 [ACCEPT]
[LVL9] rsome4(A,B) :- some4(C,B), \+some4(C,A) 0.277286135693 (5.0, 10.0, 85.0, 14.0) 0.83185840708 [ACCEPT]
[LVL9] rsome4(A,B) :- some4(C,B), \+no4(A,C) 0.277286135693 (5.0, 10.0, 85.0, 14.0) 0.83185840708 [ACCEPT]
[LVL9] rsome4(A,B) :- some4(C,B), \+no4(C,A) 0.277286135693 (5.0, 10.0, 85.0, 14.0) 0.83185840708 [ACCEPT]
[LVL9] rsome4(A,B) :- some4(C,B), \+somenot4(A,C) 0.277286135693 (5.0, 10.0, 85.0, 14.0) 0.83185840708 [ACCEPT]
[LVL9] rsome4(A,B) :- some4(C,B), \+somenot4(C,A) 0.34395280236 (6.0, 9.0, 86.0, 13.0) 0.8598820059 [ACCEPT]
[LVL9] rsome4(A,B) :- no4(C,A), \+all4(C,B) 0.351032448378 (4.0, 5.0, 90.0, 15.0) 0.78982300885 [ACCEPT]
[LVL9] rsome4(A,B) :- no4(C,A), \+all4(B,C) 0.31592920354 (4.0, 6.0, 89.0, 15.0) 0.78982300885 [ACCEPT]
[LVL9] rsome4(A,B) :- no4(C,A), \+some4(C,B) 0.239921337266 (3.0, 6.0, 89.0, 16.0) 0.719764011799 [ACCEPT]
[LVL9] rsome4(A,B) :- no4(C,A), \+some4(B,C) 0.239921337266 (3.0, 6.0, 89.0, 16.0) 0.719764011799 [ACCEPT]
[LVL9] rsome4(A,B) :- no4(C,A), \+no4(B,C) 0.239921337266 (3.0, 6.0, 89.0, 16.0) 0.719764011799 [ACCEPT]
[LVL9] rsome4(A,B) :- no4(C,A), \+somenot4(B,C) 0.31592920354 (4.0, 6.0, 89.0, 15.0) 0.78982300885 [ACCEPT]
[LVL9] rsome4(A,B) :- some4(B,C), \+all4(A,C) 0.277286135693 (5.0, 10.0, 85.0, 14.0) 0.83185840708 [ACCEPT]
[LVL9] rsome4(A,B) :- some4(B,C), \+all4(C,A) 0.277286135693 (5.0, 10.0, 85.0, 14.0) 0.83185840708 [ACCEPT]
[LVL9] rsome4(A,B) :- some4(B,C), \+some4(A,C) 0.277286135693 (5.0, 10.0, 85.0, 14.0) 0.83185840708 [ACCEPT]
[LVL9] rsome4(A,B) :- some4(B,C), \+some4(C,A) 0.277286135693 (5.0, 10.0, 85.0, 14.0) 0.83185840708 [ACCEPT]
[LVL9] rsome4(A,B) :- some4(B,C), \+no4(A,C) 0.210619469027 (4.0, 11.0, 84.0, 15.0) 0.78982300885 [ACCEPT]
[LVL9] rsome4(A,B) :- some4(B,C), \+no4(C,A) 0.210619469027 (4.0, 11.0, 84.0, 15.0) 0.78982300885 [ACCEPT]
[LVL9] rsome4(A,B) :- some4(B,C), \+somenot4(A,C) 0.210619469027 (4.0, 11.0, 84.0, 15.0) 0.78982300885 [ACCEPT]
[LVL9] rsome4(A,B) :- some4(B,C), \+somenot4(C,A) 0.210619469027 (4.0, 11.0, 84.0, 15.0) 0.78982300885 [ACCEPT]
[LVL9] rsome4(A,B) :- no4(A,C), \+all4(C,B) 0.277286135693 (5.0, 10.0, 85.0, 14.0) 0.83185840708 [ACCEPT]
[LVL9] rsome4(A,B) :- no4(A,C), \+all4(B,C) 0.277286135693 (5.0, 10.0, 85.0, 14.0) 0.83185840708 [ACCEPT]
[LVL9] rsome4(A,B) :- no4(A,C), \+some4(C,B) 0.210619469027 (4.0, 11.0, 84.0, 15.0) 0.78982300885 [ACCEPT]
[LVL9] rsome4(A,B) :- no4(A,C), \+some4(B,C) 0.210619469027 (4.0, 11.0, 84.0, 15.0) 0.78982300885 [ACCEPT]
[LVL9] rsome4(A,B) :- no4(A,C), \+no4(C,B) 0.277286135693 (5.0, 10.0, 85.0, 14.0) 0.83185840708 [ACCEPT]
[LVL9] rsome4(A,B) :- no4(A,C), \+no4(B,C) 0.277286135693 (5.0, 10.0, 85.0, 14.0) 0.83185840708 [ACCEPT]
[LVL9] rsome4(A,B) :- no4(A,C), \+somenot4(C,B) 0.210619469027 (4.0, 11.0, 84.0, 15.0) 0.78982300885 [ACCEPT]
[LVL9] rsome4(A,B) :- no4(A,C), \+somenot4(B,C) 0.210619469027 (4.0, 11.0, 84.0, 15.0) 0.78982300885 [ACCEPT]
[LVL9] rsome4(A,B) :- somenot4(B,C), \+all4(A,C) 0.196299275945 (3.0, 8.0, 87.0, 16.0) 0.719764011799 [ACCEPT]
[LVL9] rsome4(A,B) :- somenot4(B,C), \+all4(C,A) 0.287208366854 (4.0, 7.0, 88.0, 15.0) 0.78982300885 [ACCEPT]
[LVL9] rsome4(A,B) :- somenot4(B,C), \+some4(A,C) 0.287208366854 (4.0, 7.0, 88.0, 15.0) 0.78982300885 [ACCEPT]
[LVL9] rsome4(A,B) :- somenot4(B,C), \+some4(C,A) 0.196299275945 (3.0, 8.0, 87.0, 16.0) 0.719764011799 [ACCEPT]
[LVL9] rsome4(A,B) :- somenot4(B,C), \+no4(A,C) 0.196299275945 (3.0, 8.0, 87.0, 16.0) 0.719764011799 [ACCEPT]
[LVL9] rsome4(A,B) :- somenot4(B,C), \+no4(C,A) 0.263274336283 (4.0, 8.0, 87.0, 15.0) 0.78982300885 [ACCEPT]
[LVL9] rsome4(A,B) :- somenot4(B,C), \+somenot4(C,A) 0.263274336283 (4.0, 8.0, 87.0, 15.0) 0.78982300885 [ACCEPT]
[LVL9] rsome4(A,B) :- all4(A,C), \+all4(C,B) 0.166099387338 (3.0, 10.0, 85.0, 16.0) 0.719764011799 [ACCEPT]
[LVL9] rsome4(A,B) :- all4(A,C), \+all4(B,C) 0.166099387338 (3.0, 10.0, 85.0, 16.0) 0.719764011799 [ACCEPT]
[LVL9] rsome4(A,B) :- all4(A,C), \+some4(B,C) 0.166099387338 (3.0, 10.0, 85.0, 16.0) 0.719764011799 [ACCEPT]
[LVL9] rsome4(A,B) :- all4(A,C), \+no4(C,B) 0.0 (3.0, 11.0, 84.0, 16.0) 0.719764011799 [ACCEPT]
[LVL9] rsome4(A,B) :- all4(A,C), \+no4(B,C) 0.166099387338 (3.0, 10.0, 85.0, 16.0) 0.719764011799 [ACCEPT]
[LVL9] rsome4(A,B) :- all4(A,C), \+somenot4(C,B) 0.0 (3.0, 11.0, 84.0, 16.0) 0.719764011799 [ACCEPT]
[LVL9] rsome4(A,B) :- all4(B,C), \+all4(A,C) 0.166099387338 (3.0, 10.0, 85.0, 16.0) 0.719764011799 [ACCEPT]
[LVL9] rsome4(A,B) :- all4(B,C), \+all4(C,A) 0.166099387338 (3.0, 10.0, 85.0, 16.0) 0.719764011799 [ACCEPT]
[LVL9] rsome4(A,B) :- all4(B,C), \+some4(C,A) 0.166099387338 (3.0, 10.0, 85.0, 16.0) 0.719764011799 [ACCEPT]
[LVL9] rsome4(A,B) :- all4(B,C), \+no4(A,C) 0.166099387338 (3.0, 10.0, 85.0, 16.0) 0.719764011799 [ACCEPT]
[LVL9] rsome4(A,B) :- all4(B,C), \+no4(C,A) 0.0 (3.0, 11.0, 84.0, 16.0) 0.719764011799 [ACCEPT]
[LVL9] rsome4(A,B) :- all4(B,C), \+somenot4(C,A) 0.0 (3.0, 11.0, 84.0, 16.0) 0.719764011799 [ACCEPT]
[LVL9] rsome4(A,B) :- some4(C,A), \+all4(C,B) 0.0 (3.0, 12.0, 83.0, 16.0) 0.719764011799 [ACCEPT]
[LVL9] rsome4(A,B) :- some4(C,A), \+all4(B,C) 0.0 (3.0, 12.0, 83.0, 16.0) 0.719764011799 [ACCEPT]
[LVL9] rsome4(A,B) :- some4(C,A), \+some4(B,C) 0.0 (3.0, 12.0, 83.0, 16.0) 0.719764011799 [ACCEPT]
[LVL9] rsome4(A,B) :- some4(C,A), \+no4(C,B) 0.0 (3.0, 12.0, 83.0, 16.0) 0.719764011799 [ACCEPT]
[LVL9] rsome4(A,B) :- some4(C,A), \+no4(B,C) 0.0 (3.0, 12.0, 83.0, 16.0) 0.719764011799 [ACCEPT]
[LVL9] rsome4(A,B) :- some4(C,A), \+somenot4(C,B) 0.0 (3.0, 12.0, 83.0, 16.0) 0.719764011799 [ACCEPT]
[LVL9] rsome4(A,B) :- somenot4(C,A), \+all4(B,C) 0.166099387338 (3.0, 10.0, 85.0, 16.0) 0.719764011799 [ACCEPT]
[LVL9] rsome4(A,B) :- somenot4(C,A), \+some4(C,B) 0.17994100295 (3.0, 9.0, 86.0, 16.0) 0.719764011799 [ACCEPT]
[LVL9] rsome4(A,B) :- somenot4(C,A), \+no4(C,B) 0.166099387338 (3.0, 10.0, 85.0, 16.0) 0.719764011799 [ACCEPT]
[LVL9] rsome4(A,B) :- somenot4(C,A), \+no4(B,C) 0.17994100295 (3.0, 9.0, 86.0, 16.0) 0.719764011799 [ACCEPT]
[LVL9] rsome4(A,B) :- somenot4(C,A), \+somenot4(C,B) 0.17994100295 (3.0, 9.0, 86.0, 16.0) 0.719764011799 [ACCEPT]
[LVL9] rsome4(A,B) :- somenot4(C,A), \+somenot4(B,C) 0.166099387338 (3.0, 10.0, 85.0, 16.0) 0.719764011799 [ACCEPT]
[DEBUG] Best rule so far: rsome4(A,B) :- somenot4(A,C), no4(C,B) [0.579646017699]
[DEBUG] Candidates for iteration 3:
[DEBUG] ==================================
[DEBUG] rsome4(A,B) :- somenot4(A,C), all4(B,C) 0.386430678466
[DEBUG] rsome4(A,B) :- somenot4(A,C), all4(B,D) 0.386430678466
[DEBUG] rsome4(A,B) :- somenot4(A,C), all4(D,C) 0.386430678466
[DEBUG] rsome4(A,B) :- somenot4(A,C), some4(C,B) 0.386430678466
[DEBUG] rsome4(A,B) :- somenot4(A,C), some4(B,C) 0.386430678466
[DEBUG] rsome4(A,B) :- somenot4(A,C), some4(C,D) 0.386430678466
[DEBUG] rsome4(A,B) :- somenot4(A,C), some4(B,D) 0.386430678466
[DEBUG] rsome4(A,B) :- somenot4(A,C), some4(D,C) 0.386430678466
[DEBUG] rsome4(A,B) :- somenot4(A,C), some4(D,B) 0.386430678466
[DEBUG] rsome4(A,B) :- somenot4(A,C), \+all4(C,B) 0.378117457763
[DEBUG] rsome4(A,B) :- somenot4(A,C), \+no4(B,C) 0.378117457763
[DEBUG] rsome4(A,B) :- no4(C,A), \+all4(C,B) 0.351032448378
[DEBUG] rsome4(A,B) :- somenot4(A,C), \+somenot4(C,B) 0.346607669617
[DEBUG] rsome4(A,B) :- some4(C,B), \+all4(C,A) 0.34395280236
[DEBUG] rsome4(A,B) :- some4(C,B), \+some4(A,C) 0.34395280236
[DEBUG] rsome4(A,B) :- some4(C,B), \+somenot4(C,A) 0.34395280236
[DEBUG] rsome4(A,B) :- no4(C,A), \+all4(B,C) 0.31592920354
[DEBUG] rsome4(A,B) :- no4(C,A), \+somenot4(B,C) 0.31592920354
[DEBUG] rsome4(A,B) :- somenot4(A,C), \+all4(B,C) 0.287208366854
[DEBUG] rsome4(A,B) :- somenot4(A,C), \+some4(C,B) 0.287208366854
[DEBUG] rsome4(A,B) :- somenot4(A,C), \+some4(B,C) 0.287208366854
[DEBUG] rsome4(A,B) :- somenot4(B,C), \+all4(C,A) 0.287208366854
[DEBUG] rsome4(A,B) :- somenot4(B,C), \+some4(A,C) 0.287208366854
[DEBUG] rsome4(A,B) :- some4(C,B), \+all4(A,C) 0.277286135693
[DEBUG] rsome4(A,B) :- some4(C,B), \+some4(C,A) 0.277286135693
[DEBUG] rsome4(A,B) :- some4(C,B), \+no4(A,C) 0.277286135693
[DEBUG] rsome4(A,B) :- some4(C,B), \+no4(C,A) 0.277286135693
[DEBUG] rsome4(A,B) :- some4(C,B), \+somenot4(A,C) 0.277286135693
[DEBUG] rsome4(A,B) :- some4(B,C), \+all4(A,C) 0.277286135693
[DEBUG] rsome4(A,B) :- some4(B,C), \+all4(C,A) 0.277286135693
[DEBUG] rsome4(A,B) :- some4(B,C), \+some4(A,C) 0.277286135693
[DEBUG] rsome4(A,B) :- some4(B,C), \+some4(C,A) 0.277286135693
[DEBUG] rsome4(A,B) :- no4(A,C), \+all4(C,B) 0.277286135693
[DEBUG] rsome4(A,B) :- no4(A,C), \+all4(B,C) 0.277286135693
[DEBUG] rsome4(A,B) :- no4(A,C), \+no4(C,B) 0.277286135693
[DEBUG] rsome4(A,B) :- no4(A,C), \+no4(B,C) 0.277286135693
[DEBUG] rsome4(A,B) :- somenot4(B,C), \+no4(C,A) 0.263274336283
[DEBUG] rsome4(A,B) :- somenot4(B,C), \+somenot4(C,A) 0.263274336283
[DEBUG] rsome4(A,B) :- no4(C,A), \+some4(C,B) 0.239921337266
[DEBUG] rsome4(A,B) :- no4(C,A), \+some4(B,C) 0.239921337266
[DEBUG] rsome4(A,B) :- no4(C,A), \+no4(B,C) 0.239921337266
[DEBUG] rsome4(A,B) :- some4(B,C), \+no4(A,C) 0.210619469027
[DEBUG] rsome4(A,B) :- some4(B,C), \+no4(C,A) 0.210619469027
[DEBUG] rsome4(A,B) :- some4(B,C), \+somenot4(A,C) 0.210619469027
[DEBUG] rsome4(A,B) :- some4(B,C), \+somenot4(C,A) 0.210619469027
[DEBUG] rsome4(A,B) :- no4(A,C), \+some4(C,B) 0.210619469027
[DEBUG] rsome4(A,B) :- no4(A,C), \+some4(B,C) 0.210619469027
[DEBUG] rsome4(A,B) :- no4(A,C), \+somenot4(C,B) 0.210619469027
[DEBUG] rsome4(A,B) :- no4(A,C), \+somenot4(B,C) 0.210619469027
[DEBUG] rsome4(A,B) :- somenot4(B,C), \+all4(A,C) 0.196299275945
[DEBUG] rsome4(A,B) :- somenot4(B,C), \+some4(C,A) 0.196299275945
[DEBUG] rsome4(A,B) :- somenot4(B,C), \+no4(A,C) 0.196299275945
[DEBUG] rsome4(A,B) :- somenot4(C,A), \+some4(C,B) 0.17994100295
[DEBUG] rsome4(A,B) :- somenot4(C,A), \+no4(B,C) 0.17994100295
[DEBUG] rsome4(A,B) :- somenot4(C,A), \+somenot4(C,B) 0.17994100295
[DEBUG] rsome4(A,B) :- all4(A,C), \+all4(C,B) 0.166099387338
[DEBUG] rsome4(A,B) :- all4(A,C), \+all4(B,C) 0.166099387338
[DEBUG] rsome4(A,B) :- all4(A,C), \+some4(B,C) 0.166099387338
[DEBUG] rsome4(A,B) :- all4(A,C), \+no4(B,C) 0.166099387338
[DEBUG] rsome4(A,B) :- all4(B,C), \+all4(A,C) 0.166099387338
[DEBUG] rsome4(A,B) :- all4(B,C), \+all4(C,A) 0.166099387338
[DEBUG] rsome4(A,B) :- all4(B,C), \+some4(C,A) 0.166099387338
[DEBUG] rsome4(A,B) :- all4(B,C), \+no4(A,C) 0.166099387338
[DEBUG] rsome4(A,B) :- somenot4(C,A), \+all4(B,C) 0.166099387338
[DEBUG] rsome4(A,B) :- somenot4(C,A), \+no4(C,B) 0.166099387338
[DEBUG] rsome4(A,B) :- somenot4(C,A), \+somenot4(B,C) 0.166099387338
[DEBUG] rsome4(A,B) :- all4(A,C), \+no4(C,B) 0.0
[DEBUG] rsome4(A,B) :- all4(A,C), \+somenot4(C,B) 0.0
[DEBUG] rsome4(A,B) :- all4(B,C), \+no4(C,A) 0.0
[DEBUG] rsome4(A,B) :- all4(B,C), \+somenot4(C,A) 0.0
[DEBUG] rsome4(A,B) :- some4(C,A), \+all4(C,B) 0.0
[DEBUG] rsome4(A,B) :- some4(C,A), \+all4(B,C) 0.0
[DEBUG] rsome4(A,B) :- some4(C,A), \+some4(B,C) 0.0
[DEBUG] rsome4(A,B) :- some4(C,A), \+no4(C,B) 0.0
[DEBUG] rsome4(A,B) :- some4(C,A), \+no4(B,C) 0.0
[DEBUG] rsome4(A,B) :- some4(C,A), \+somenot4(C,B) 0.0
[DEBUG] ==================================
[INFO] RULE LEARNED: rsome4(A,B) :- somenot4(A,C), no4(C,B) 0.850877192982
[DEBUG] Best rule so far: rsome4(A,B) :- true [0.151785714286]
[DEBUG] Candidates for iteration 1:
[DEBUG] ==================================
[DEBUG] rsome4(A,B) :- true 0.151785714286
[DEBUG] ==================================
[LVL9] rsome4(A,B) :- all4(A,C) 0.0 (4.0, 12.0, 83.0, 15.0) 0.717261904762 [ACCEPT]
[LVL9] rsome4(A,B) :- all4(B,C) 0.0 (4.0, 12.0, 83.0, 15.0) 0.717261904762 [ACCEPT]
[LVL9] rsome4(A,B) :- all4(C,B) 0.0 (3.0, 15.0, 80.0, 16.0) 0.575892857143 [ACCEPT]
[LVL9] rsome4(A,B) :- some4(A,C) 0.0 (3.0, 15.0, 80.0, 16.0) 0.575892857143 [ACCEPT]
[LVL9] rsome4(A,B) :- some4(B,C) 0.244222689076 (6.0, 12.0, 83.0, 13.0) 0.830357142857 [ACCEPT]
[LVL9] BETTER RULE rsome4(A,B) :- some4(B,C) (0.24422268907563027, 6.0) > (0.1517857142857143, 19.0)
[LVL9] rsome4(A,B) :- some4(C,A) 0.0 (4.0, 14.0, 81.0, 15.0) 0.717261904762 [ACCEPT]
[LVL9] rsome4(A,B) :- some4(C,B) 0.303046218487 (7.0, 11.0, 84.0, 12.0) 0.858630952381 [ACCEPT]
[LVL9] BETTER RULE rsome4(A,B) :- some4(C,B) (0.303046218487395, 7.0) > (0.24422268907563027, 6.0)
[LVL9] rsome4(A,B) :- no4(A,C) 0.244222689076 (6.0, 12.0, 83.0, 13.0) 0.830357142857 [ACCEPT]
[LVL9] rsome4(A,B) :- no4(B,C) 0.0 (3.0, 15.0, 80.0, 16.0) 0.575892857143 [ACCEPT]
[LVL9] rsome4(A,B) :- no4(C,A) 0.286525974026 (5.0, 7.0, 88.0, 14.0) 0.787946428571 [ACCEPT]
[LVL9] rsome4(A,B) :- somenot4(A,C) 0.262648809524 (5.0, 8.0, 87.0, 14.0) 0.787946428571 [ACCEPT]
[LVL9] rsome4(A,B) :- somenot4(B,C) 0.242445054945 (5.0, 9.0, 86.0, 14.0) 0.787946428571 [ACCEPT]
[LVL9] rsome4(A,B) :- somenot4(C,A) 0.153698979592 (4.0, 11.0, 84.0, 15.0) 0.717261904762 [ACCEPT]
[LVL9] rsome4(A,B) :- somenot4(C,B) 0.0 (3.0, 11.0, 84.0, 16.0) 0.575892857143 [ACCEPT]
[DEBUG] Best rule so far: rsome4(A,B) :- some4(C,B) [0.303046218487]
[DEBUG] Candidates for iteration 2:
[DEBUG] ==================================
[DEBUG] rsome4(A,B) :- some4(C,B) 0.303046218487
[DEBUG] rsome4(A,B) :- no4(C,A) 0.286525974026
[DEBUG] rsome4(A,B) :- somenot4(A,C) 0.262648809524
[DEBUG] rsome4(A,B) :- some4(B,C) 0.244222689076
[DEBUG] rsome4(A,B) :- no4(A,C) 0.244222689076
[DEBUG] rsome4(A,B) :- somenot4(B,C) 0.242445054945
[DEBUG] rsome4(A,B) :- somenot4(C,A) 0.153698979592
[DEBUG] rsome4(A,B) :- all4(A,C) 0.0
[DEBUG] rsome4(A,B) :- all4(B,C) 0.0
[DEBUG] rsome4(A,B) :- some4(C,A) 0.0
[DEBUG] rsome4(A,B) :- all4(C,B) 0.0
[DEBUG] rsome4(A,B) :- some4(A,C) 0.0
[DEBUG] rsome4(A,B) :- no4(B,C) 0.0
[DEBUG] rsome4(A,B) :- somenot4(C,B) 0.0
[DEBUG] ==================================
[LVL9] rsome4(A,B) :- some4(C,B), all4(A,C) 0.383928571429 (3.0, 1.0, 94.0, 16.0) 0.575892857143 [ACCEPT]
[LVL9] BETTER RULE rsome4(A,B) :- some4(C,B), all4(A,C) (0.3839285714285714, 3.0) > (0.303046218487395, 7.0)
[LVL9] rsome4(A,B) :- some4(C,B), all4(A,D) 0.383928571429 (3.0, 1.0, 94.0, 16.0) 0.575892857143 [ACCEPT]
[LVL9] rsome4(A,B) :- some4(C,B), all4(D,C) 0.383928571429 (3.0, 1.0, 94.0, 16.0) 0.575892857143 [ACCEPT]
[LVL9] rsome4(A,B) :- some4(C,B), some4(C,A) 0.383928571429 (3.0, 1.0, 94.0, 16.0) 0.575892857143 [ACCEPT]
[LVL9] rsome4(A,B) :- some4(C,B), some4(D,A) 0.383928571429 (3.0, 1.0, 94.0, 16.0) 0.575892857143 [ACCEPT]
[LVL9] rsome4(A,B) :- some4(C,B), no4(A,C) 0.383928571429 (3.0, 1.0, 94.0, 16.0) 0.575892857143 [ACCEPT]
[LVL9] rsome4(A,B) :- some4(C,B), no4(C,A) 0.383928571429 (3.0, 1.0, 94.0, 16.0) 0.575892857143 [ACCEPT]
[LVL9] rsome4(A,B) :- some4(C,B), no4(A,D) 0.383928571429 (3.0, 1.0, 94.0, 16.0) 0.575892857143 [ACCEPT]
[LVL9] rsome4(A,B) :- some4(C,B), no4(C,D) 0.383928571429 (3.0, 1.0, 94.0, 16.0) 0.575892857143 [ACCEPT]
[LVL9] rsome4(A,B) :- some4(C,B), no4(D,A) 0.383928571429 (3.0, 1.0, 94.0, 16.0) 0.575892857143 [ACCEPT]
[LVL9] rsome4(A,B) :- some4(C,B), no4(D,C) 0.383928571429 (3.0, 1.0, 94.0, 16.0) 0.575892857143 [ACCEPT]
[LVL9] rsome4(A,B) :- some4(C,B), somenot4(A,C) 0.383928571429 (3.0, 1.0, 94.0, 16.0) 0.575892857143 [ACCEPT]
[LVL9] rsome4(A,B) :- some4(C,B), somenot4(A,D) 0.383928571429 (3.0, 1.0, 94.0, 16.0) 0.575892857143 [ACCEPT]
[LVL9] rsome4(A,B) :- some4(C,B), somenot4(D,C) 0.383928571429 (3.0, 1.0, 94.0, 16.0) 0.575892857143 [ACCEPT]
[LVL9] rsome4(A,B) :- some4(C,B), \+all4(A,C) 0.276785714286 (6.0, 10.0, 85.0, 13.0) 0.830357142857 [ACCEPT]
[LVL9] rsome4(A,B) :- some4(C,B), \+all4(C,A) 0.343452380952 (7.0, 9.0, 86.0, 12.0) 0.858630952381 [ACCEPT]
[LVL9] rsome4(A,B) :- some4(C,B), \+some4(A,C) 0.343452380952 (7.0, 9.0, 86.0, 12.0) 0.858630952381 [ACCEPT]
[LVL9] rsome4(A,B) :- some4(C,B), \+some4(C,A) 0.276785714286 (6.0, 10.0, 85.0, 13.0) 0.830357142857 [ACCEPT]
[LVL9] rsome4(A,B) :- some4(C,B), \+no4(A,C) 0.276785714286 (6.0, 10.0, 85.0, 13.0) 0.830357142857 [ACCEPT]
[LVL9] rsome4(A,B) :- some4(C,B), \+no4(C,A) 0.276785714286 (6.0, 10.0, 85.0, 13.0) 0.830357142857 [ACCEPT]
[LVL9] rsome4(A,B) :- some4(C,B), \+somenot4(A,C) 0.276785714286 (6.0, 10.0, 85.0, 13.0) 0.830357142857 [ACCEPT]
[LVL9] rsome4(A,B) :- some4(C,B), \+somenot4(C,A) 0.343452380952 (7.0, 9.0, 86.0, 12.0) 0.858630952381 [ACCEPT]
[LVL9] rsome4(A,B) :- no4(C,A), some4(B,C) 0.383928571429 (3.0, 1.0, 94.0, 16.0) 0.575892857143 [ACCEPT]
[LVL9] rsome4(A,B) :- no4(C,A), some4(C,D) 0.383928571429 (3.0, 1.0, 94.0, 16.0) 0.575892857143 [ACCEPT]
[LVL9] rsome4(A,B) :- no4(C,A), some4(B,D) 0.383928571429 (3.0, 1.0, 94.0, 16.0) 0.575892857143 [ACCEPT]
[LVL9] rsome4(A,B) :- no4(C,A), some4(D,C) 0.383928571429 (3.0, 1.0, 94.0, 16.0) 0.575892857143 [ACCEPT]
[LVL9] rsome4(A,B) :- no4(C,A), some4(D,B) 0.383928571429 (3.0, 1.0, 94.0, 16.0) 0.575892857143 [ACCEPT]
[LVL9] rsome4(A,B) :- no4(C,A), no4(B,C) 0.383928571429 (3.0, 1.0, 94.0, 16.0) 0.575892857143 [ACCEPT]
[LVL9] rsome4(A,B) :- no4(C,A), no4(B,D) 0.383928571429 (3.0, 1.0, 94.0, 16.0) 0.575892857143 [ACCEPT]
[LVL9] rsome4(A,B) :- no4(C,A), no4(D,C) 0.383928571429 (3.0, 1.0, 94.0, 16.0) 0.575892857143 [ACCEPT]
[LVL9] rsome4(A,B) :- no4(C,A), \+all4(C,B) 0.350198412698 (5.0, 5.0, 90.0, 14.0) 0.787946428571 [ACCEPT]
[LVL9] rsome4(A,B) :- no4(C,A), \+all4(B,C) 0.315178571429 (5.0, 6.0, 89.0, 14.0) 0.787946428571 [ACCEPT]
[LVL9] rsome4(A,B) :- no4(C,A), \+some4(C,B) 0.239087301587 (4.0, 6.0, 89.0, 15.0) 0.717261904762 [ACCEPT]
[LVL9] rsome4(A,B) :- no4(C,A), \+some4(B,C) 0.239087301587 (4.0, 6.0, 89.0, 15.0) 0.717261904762 [ACCEPT]
[LVL9] rsome4(A,B) :- no4(C,A), \+no4(B,C) 0.239087301587 (4.0, 6.0, 89.0, 15.0) 0.717261904762 [ACCEPT]
[LVL9] rsome4(A,B) :- no4(C,A), \+somenot4(B,C) 0.315178571429 (5.0, 6.0, 89.0, 14.0) 0.787946428571 [ACCEPT]
[LVL9] rsome4(A,B) :- somenot4(A,C), all4(B,C) 0.383928571429 (3.0, 1.0, 94.0, 16.0) 0.575892857143 [ACCEPT]
[LVL9] rsome4(A,B) :- somenot4(A,C), all4(B,D) 0.383928571429 (3.0, 1.0, 94.0, 16.0) 0.575892857143 [ACCEPT]
[LVL9] rsome4(A,B) :- somenot4(A,C), all4(D,C) 0.383928571429 (3.0, 1.0, 94.0, 16.0) 0.575892857143 [ACCEPT]
[LVL9] rsome4(A,B) :- somenot4(A,C), some4(B,C) 0.383928571429 (3.0, 1.0, 94.0, 16.0) 0.575892857143 [ACCEPT]
[LVL9] rsome4(A,B) :- somenot4(A,C), some4(C,D) 0.383928571429 (3.0, 1.0, 94.0, 16.0) 0.575892857143 [ACCEPT]
[LVL9] rsome4(A,B) :- somenot4(A,C), some4(B,D) 0.383928571429 (3.0, 1.0, 94.0, 16.0) 0.575892857143 [ACCEPT]
[LVL9] rsome4(A,B) :- somenot4(A,C), some4(D,C) 0.383928571429 (3.0, 1.0, 94.0, 16.0) 0.575892857143 [ACCEPT]
[LVL9] rsome4(A,B) :- somenot4(A,C), some4(D,B) 0.383928571429 (3.0, 1.0, 94.0, 16.0) 0.575892857143 [ACCEPT]
[LVL9] rsome4(A,B) :- somenot4(A,C), \+all4(C,B) 0.315178571429 (5.0, 6.0, 89.0, 14.0) 0.787946428571 [ACCEPT]
[LVL9] rsome4(A,B) :- somenot4(A,C), \+all4(B,C) 0.215178571429 (4.0, 7.0, 88.0, 15.0) 0.717261904762 [ACCEPT]
[LVL9] rsome4(A,B) :- somenot4(A,C), \+some4(C,B) 0.215178571429 (4.0, 7.0, 88.0, 15.0) 0.717261904762 [ACCEPT]
[LVL9] rsome4(A,B) :- somenot4(A,C), \+some4(B,C) 0.215178571429 (4.0, 7.0, 88.0, 15.0) 0.717261904762 [ACCEPT]
[LVL9] rsome4(A,B) :- somenot4(A,C), \+no4(B,C) 0.315178571429 (5.0, 6.0, 89.0, 14.0) 0.787946428571 [ACCEPT]
[LVL9] rsome4(A,B) :- somenot4(A,C), \+somenot4(C,B) 0.286525974026 (5.0, 7.0, 88.0, 14.0) 0.787946428571 [ACCEPT]
[LVL9] rsome4(A,B) :- some4(B,C), no4(A,C) 0.383928571429 (3.0, 1.0, 94.0, 16.0) 0.575892857143 [ACCEPT]
[LVL9] rsome4(A,B) :- some4(B,C), no4(A,D) 0.383928571429 (3.0, 1.0, 94.0, 16.0) 0.575892857143 [ACCEPT]
[LVL9] rsome4(A,B) :- some4(B,C), no4(C,D) 0.383928571429 (3.0, 1.0, 94.0, 16.0) 0.575892857143 [ACCEPT]
[LVL9] rsome4(A,B) :- some4(B,C), no4(D,A) 0.383928571429 (3.0, 1.0, 94.0, 16.0) 0.575892857143 [ACCEPT]
[LVL9] rsome4(A,B) :- some4(B,C), no4(D,C) 0.383928571429 (3.0, 1.0, 94.0, 16.0) 0.575892857143 [ACCEPT]
[LVL9] rsome4(A,B) :- some4(B,C), somenot4(C,A) 0.383928571429 (3.0, 1.0, 94.0, 16.0) 0.575892857143 [ACCEPT]
[LVL9] rsome4(A,B) :- some4(B,C), somenot4(A,D) 0.383928571429 (3.0, 1.0, 94.0, 16.0) 0.575892857143 [ACCEPT]
[LVL9] rsome4(A,B) :- some4(B,C), somenot4(C,D) 0.383928571429 (3.0, 1.0, 94.0, 16.0) 0.575892857143 [ACCEPT]
[LVL9] rsome4(A,B) :- some4(B,C), somenot4(D,A) 0.383928571429 (3.0, 1.0, 94.0, 16.0) 0.575892857143 [ACCEPT]
[LVL9] rsome4(A,B) :- some4(B,C), somenot4(D,C) 0.383928571429 (3.0, 1.0, 94.0, 16.0) 0.575892857143 [ACCEPT]
[LVL9] rsome4(A,B) :- some4(B,C), \+all4(A,C) 0.276785714286 (6.0, 10.0, 85.0, 13.0) 0.830357142857 [ACCEPT]
[LVL9] rsome4(A,B) :- some4(B,C), \+all4(C,A) 0.276785714286 (6.0, 10.0, 85.0, 13.0) 0.830357142857 [ACCEPT]
[LVL9] rsome4(A,B) :- some4(B,C), \+some4(A,C) 0.276785714286 (6.0, 10.0, 85.0, 13.0) 0.830357142857 [ACCEPT]
[LVL9] rsome4(A,B) :- some4(B,C), \+some4(C,A) 0.276785714286 (6.0, 10.0, 85.0, 13.0) 0.830357142857 [ACCEPT]
[LVL9] rsome4(A,B) :- some4(B,C), \+no4(A,C) 0.210119047619 (5.0, 11.0, 84.0, 14.0) 0.787946428571 [ACCEPT]
[LVL9] rsome4(A,B) :- some4(B,C), \+no4(C,A) 0.210119047619 (5.0, 11.0, 84.0, 14.0) 0.787946428571 [ACCEPT]
[LVL9] rsome4(A,B) :- some4(B,C), \+somenot4(A,C) 0.210119047619 (5.0, 11.0, 84.0, 14.0) 0.787946428571 [ACCEPT]
[LVL9] rsome4(A,B) :- some4(B,C), \+somenot4(C,A) 0.210119047619 (5.0, 11.0, 84.0, 14.0) 0.787946428571 [ACCEPT]
[LVL9] rsome4(A,B) :- no4(A,C), some4(C,D) 0.383928571429 (3.0, 1.0, 94.0, 16.0) 0.575892857143 [ACCEPT]
[LVL9] rsome4(A,B) :- no4(A,C), some4(B,D) 0.383928571429 (3.0, 1.0, 94.0, 16.0) 0.575892857143 [ACCEPT]
[LVL9] rsome4(A,B) :- no4(A,C), some4(D,C) 0.383928571429 (3.0, 1.0, 94.0, 16.0) 0.575892857143 [ACCEPT]
[LVL9] rsome4(A,B) :- no4(A,C), some4(D,B) 0.383928571429 (3.0, 1.0, 94.0, 16.0) 0.575892857143 [ACCEPT]
[LVL9] rsome4(A,B) :- no4(A,C), somenot4(C,B) 0.383928571429 (3.0, 1.0, 94.0, 16.0) 0.575892857143 [ACCEPT]
[LVL9] rsome4(A,B) :- no4(A,C), somenot4(B,C) 0.383928571429 (3.0, 1.0, 94.0, 16.0) 0.575892857143 [ACCEPT]
[LVL9] rsome4(A,B) :- no4(A,C), somenot4(C,D) 0.383928571429 (3.0, 1.0, 94.0, 16.0) 0.575892857143 [ACCEPT]
[LVL9] rsome4(A,B) :- no4(A,C), somenot4(B,D) 0.383928571429 (3.0, 1.0, 94.0, 16.0) 0.575892857143 [ACCEPT]
[LVL9] rsome4(A,B) :- no4(A,C), somenot4(D,C) 0.383928571429 (3.0, 1.0, 94.0, 16.0) 0.575892857143 [ACCEPT]
[LVL9] rsome4(A,B) :- no4(A,C), somenot4(D,B) 0.383928571429 (3.0, 1.0, 94.0, 16.0) 0.575892857143 [ACCEPT]
[LVL9] rsome4(A,B) :- no4(A,C), \+all4(C,B) 0.276785714286 (6.0, 10.0, 85.0, 13.0) 0.830357142857 [ACCEPT]
[LVL9] rsome4(A,B) :- no4(A,C), \+all4(B,C) 0.276785714286 (6.0, 10.0, 85.0, 13.0) 0.830357142857 [ACCEPT]
[LVL9] rsome4(A,B) :- no4(A,C), \+some4(C,B) 0.210119047619 (5.0, 11.0, 84.0, 14.0) 0.787946428571 [ACCEPT]
[LVL9] rsome4(A,B) :- no4(A,C), \+some4(B,C) 0.210119047619 (5.0, 11.0, 84.0, 14.0) 0.787946428571 [ACCEPT]
[LVL9] rsome4(A,B) :- no4(A,C), \+no4(C,B) 0.276785714286 (6.0, 10.0, 85.0, 13.0) 0.830357142857 [ACCEPT]
[LVL9] rsome4(A,B) :- no4(A,C), \+no4(B,C) 0.276785714286 (6.0, 10.0, 85.0, 13.0) 0.830357142857 [ACCEPT]
[LVL9] rsome4(A,B) :- no4(A,C), \+somenot4(C,B) 0.210119047619 (5.0, 11.0, 84.0, 14.0) 0.787946428571 [ACCEPT]
[LVL9] rsome4(A,B) :- no4(A,C), \+somenot4(B,C) 0.210119047619 (5.0, 11.0, 84.0, 14.0) 0.787946428571 [ACCEPT]
[LVL9] rsome4(A,B) :- somenot4(B,C), all4(A,C) 0.383928571429 (3.0, 1.0, 94.0, 16.0) 0.575892857143 [ACCEPT]
[LVL9] rsome4(A,B) :- somenot4(B,C), all4(A,D) 0.383928571429 (3.0, 1.0, 94.0, 16.0) 0.575892857143 [ACCEPT]
[LVL9] rsome4(A,B) :- somenot4(B,C), all4(D,C) 0.383928571429 (3.0, 1.0, 94.0, 16.0) 0.575892857143 [ACCEPT]
[LVL9] rsome4(A,B) :- somenot4(B,C), some4(C,A) 0.383928571429 (3.0, 1.0, 94.0, 16.0) 0.575892857143 [ACCEPT]
[LVL9] rsome4(A,B) :- somenot4(B,C), some4(C,D) 0.383928571429 (3.0, 1.0, 94.0, 16.0) 0.575892857143 [ACCEPT]
[LVL9] rsome4(A,B) :- somenot4(B,C), some4(D,A) 0.383928571429 (3.0, 1.0, 94.0, 16.0) 0.575892857143 [ACCEPT]
[LVL9] rsome4(A,B) :- somenot4(B,C), no4(A,D) 0.383928571429 (3.0, 1.0, 94.0, 16.0) 0.575892857143 [ACCEPT]
[LVL9] rsome4(A,B) :- somenot4(B,C), no4(D,C) 0.383928571429 (3.0, 1.0, 94.0, 16.0) 0.575892857143 [ACCEPT]
[LVL9] rsome4(A,B) :- somenot4(B,C), \+all4(A,C) 0.195616883117 (4.0, 8.0, 87.0, 15.0) 0.717261904762 [ACCEPT]
[LVL9] rsome4(A,B) :- somenot4(B,C), \+all4(C,A) 0.286525974026 (5.0, 7.0, 88.0, 14.0) 0.787946428571 [ACCEPT]
[LVL9] rsome4(A,B) :- somenot4(B,C), \+some4(A,C) 0.286525974026 (5.0, 7.0, 88.0, 14.0) 0.787946428571 [ACCEPT]
[LVL9] rsome4(A,B) :- somenot4(B,C), \+some4(C,A) 0.195616883117 (4.0, 8.0, 87.0, 15.0) 0.717261904762 [ACCEPT]
[LVL9] rsome4(A,B) :- somenot4(B,C), \+no4(A,C) 0.195616883117 (4.0, 8.0, 87.0, 15.0) 0.717261904762 [ACCEPT]
[LVL9] rsome4(A,B) :- somenot4(B,C), \+no4(C,A) 0.262648809524 (5.0, 8.0, 87.0, 14.0) 0.787946428571 [ACCEPT]
[LVL9] rsome4(A,B) :- somenot4(B,C), \+somenot4(C,A) 0.262648809524 (5.0, 8.0, 87.0, 14.0) 0.787946428571 [ACCEPT]
[LVL9] rsome4(A,B) :- somenot4(C,A), all4(C,B) 0.383928571429 (3.0, 1.0, 94.0, 16.0) 0.575892857143 [ACCEPT]
[LVL9] rsome4(A,B) :- somenot4(C,A), all4(C,D) 0.383928571429 (3.0, 1.0, 94.0, 16.0) 0.575892857143 [ACCEPT]
[LVL9] rsome4(A,B) :- somenot4(C,A), all4(D,B) 0.383928571429 (3.0, 1.0, 94.0, 16.0) 0.575892857143 [ACCEPT]
[LVL9] rsome4(A,B) :- somenot4(C,A), some4(B,D) 0.383928571429 (3.0, 1.0, 94.0, 16.0) 0.575892857143 [ACCEPT]
[LVL9] rsome4(A,B) :- somenot4(C,A), some4(D,C) 0.383928571429 (3.0, 1.0, 94.0, 16.0) 0.575892857143 [ACCEPT]
[LVL9] rsome4(A,B) :- all4(A,C), some4(C,D) 0.383928571429 (3.0, 1.0, 94.0, 16.0) 0.575892857143 [ACCEPT]
[LVL9] rsome4(A,B) :- all4(A,C), some4(D,B) 0.383928571429 (3.0, 1.0, 94.0, 16.0) 0.575892857143 [ACCEPT]
[LVL9] rsome4(A,B) :- all4(A,C), somenot4(B,D) 0.383928571429 (3.0, 1.0, 94.0, 16.0) 0.575892857143 [ACCEPT]
[LVL9] rsome4(A,B) :- all4(A,C), somenot4(D,C) 0.383928571429 (3.0, 1.0, 94.0, 16.0) 0.575892857143 [ACCEPT]
[LVL9] rsome4(A,B) :- all4(B,C), some4(A,C) 0.383928571429 (3.0, 1.0, 94.0, 16.0) 0.575892857143 [ACCEPT]
[LVL9] rsome4(A,B) :- all4(B,C), some4(A,D) 0.383928571429 (3.0, 1.0, 94.0, 16.0) 0.575892857143 [ACCEPT]
[LVL9] rsome4(A,B) :- all4(B,C), some4(D,C) 0.383928571429 (3.0, 1.0, 94.0, 16.0) 0.575892857143 [ACCEPT]
[LVL9] rsome4(A,B) :- all4(B,C), somenot4(A,D) 0.383928571429 (3.0, 1.0, 94.0, 16.0) 0.575892857143 [ACCEPT]
[LVL9] rsome4(A,B) :- all4(B,C), somenot4(D,C) 0.383928571429 (3.0, 1.0, 94.0, 16.0) 0.575892857143 [ACCEPT]
[LVL9] rsome4(A,B) :- some4(C,A), some4(D,B) 0.383928571429 (3.0, 1.0, 94.0, 16.0) 0.575892857143 [ACCEPT]
[LVL9] rsome4(A,B) :- some4(C,A), somenot4(B,D) 0.383928571429 (3.0, 1.0, 94.0, 16.0) 0.575892857143 [ACCEPT]
[LVL9] rsome4(A,B) :- some4(C,A), somenot4(D,C) 0.383928571429 (3.0, 1.0, 94.0, 16.0) 0.575892857143 [ACCEPT]
[LVL9] rsome4(A,B) :- all4(C,B), somenot4(C,D) 0.383928571429 (3.0, 1.0, 94.0, 16.0) 0.575892857143 [ACCEPT]
[LVL9] rsome4(A,B) :- all4(C,B), somenot4(D,A) 0.383928571429 (3.0, 1.0, 94.0, 16.0) 0.575892857143 [ACCEPT]
[LVL9] rsome4(A,B) :- some4(A,C), all4(B,D) 0.383928571429 (3.0, 1.0, 94.0, 16.0) 0.575892857143 [ACCEPT]
[LVL9] rsome4(A,B) :- some4(A,C), all4(D,C) 0.383928571429 (3.0, 1.0, 94.0, 16.0) 0.575892857143 [ACCEPT]
[LVL9] rsome4(A,B) :- no4(B,C), no4(C,D) 0.383928571429 (3.0, 1.0, 94.0, 16.0) 0.575892857143 [ACCEPT]
[LVL9] rsome4(A,B) :- no4(B,C), no4(D,A) 0.383928571429 (3.0, 1.0, 94.0, 16.0) 0.575892857143 [ACCEPT]
[LVL9] rsome4(A,B) :- somenot4(C,B), no4(A,D) 0.383928571429 (3.0, 1.0, 94.0, 16.0) 0.575892857143 [ACCEPT]
[LVL9] rsome4(A,B) :- somenot4(C,B), no4(D,C) 0.383928571429 (3.0, 1.0, 94.0, 16.0) 0.575892857143 [ACCEPT]
[DEBUG] Best rule so far: rsome4(A,B) :- some4(C,B), all4(A,C) [0.383928571429]
[DEBUG] Candidates for iteration 3:
[DEBUG] ==================================
[DEBUG] rsome4(A,B) :- some4(C,B), all4(A,C) 0.383928571429
[DEBUG] rsome4(A,B) :- some4(C,B), all4(A,D) 0.383928571429
[DEBUG] rsome4(A,B) :- some4(C,B), all4(D,C) 0.383928571429
[DEBUG] rsome4(A,B) :- some4(C,B), some4(C,A) 0.383928571429
[DEBUG] rsome4(A,B) :- some4(C,B), some4(D,A) 0.383928571429
[DEBUG] rsome4(A,B) :- some4(C,B), no4(A,C) 0.383928571429
[DEBUG] rsome4(A,B) :- some4(C,B), no4(C,A) 0.383928571429
[DEBUG] rsome4(A,B) :- some4(C,B), no4(A,D) 0.383928571429
[DEBUG] rsome4(A,B) :- some4(C,B), no4(C,D) 0.383928571429
[DEBUG] rsome4(A,B) :- some4(C,B), no4(D,A) 0.383928571429
[DEBUG] rsome4(A,B) :- some4(C,B), no4(D,C) 0.383928571429
[DEBUG] rsome4(A,B) :- some4(C,B), somenot4(A,C) 0.383928571429
[DEBUG] rsome4(A,B) :- some4(C,B), somenot4(A,D) 0.383928571429
[DEBUG] rsome4(A,B) :- some4(C,B), somenot4(D,C) 0.383928571429
[DEBUG] rsome4(A,B) :- no4(C,A), some4(B,C) 0.383928571429
[DEBUG] rsome4(A,B) :- no4(C,A), some4(C,D) 0.383928571429
[DEBUG] rsome4(A,B) :- no4(C,A), some4(B,D) 0.383928571429
[DEBUG] rsome4(A,B) :- no4(C,A), some4(D,C) 0.383928571429
[DEBUG] rsome4(A,B) :- no4(C,A), some4(D,B) 0.383928571429
[DEBUG] rsome4(A,B) :- no4(C,A), no4(B,C) 0.383928571429
[DEBUG] rsome4(A,B) :- no4(C,A), no4(B,D) 0.383928571429
[DEBUG] rsome4(A,B) :- no4(C,A), no4(D,C) 0.383928571429
[DEBUG] rsome4(A,B) :- somenot4(A,C), all4(B,C) 0.383928571429
[DEBUG] rsome4(A,B) :- somenot4(A,C), all4(B,D) 0.383928571429
[DEBUG] rsome4(A,B) :- somenot4(A,C), all4(D,C) 0.383928571429
[DEBUG] rsome4(A,B) :- somenot4(A,C), some4(B,C) 0.383928571429
[DEBUG] rsome4(A,B) :- somenot4(A,C), some4(C,D) 0.383928571429
[DEBUG] rsome4(A,B) :- somenot4(A,C), some4(B,D) 0.383928571429
[DEBUG] rsome4(A,B) :- somenot4(A,C), some4(D,C) 0.383928571429
[DEBUG] rsome4(A,B) :- somenot4(A,C), some4(D,B) 0.383928571429
[DEBUG] rsome4(A,B) :- some4(B,C), no4(A,C) 0.383928571429
[DEBUG] rsome4(A,B) :- some4(B,C), no4(A,D) 0.383928571429
[DEBUG] rsome4(A,B) :- some4(B,C), no4(C,D) 0.383928571429
[DEBUG] rsome4(A,B) :- some4(B,C), no4(D,A) 0.383928571429
[DEBUG] rsome4(A,B) :- some4(B,C), no4(D,C) 0.383928571429
[DEBUG] rsome4(A,B) :- some4(B,C), somenot4(C,A) 0.383928571429
[DEBUG] rsome4(A,B) :- some4(B,C), somenot4(A,D) 0.383928571429
[DEBUG] rsome4(A,B) :- some4(B,C), somenot4(C,D) 0.383928571429
[DEBUG] rsome4(A,B) :- some4(B,C), somenot4(D,A) 0.383928571429
[DEBUG] rsome4(A,B) :- some4(B,C), somenot4(D,C) 0.383928571429
[DEBUG] rsome4(A,B) :- no4(A,C), some4(C,D) 0.383928571429
[DEBUG] rsome4(A,B) :- no4(A,C), some4(B,D) 0.383928571429
[DEBUG] rsome4(A,B) :- no4(A,C), some4(D,C) 0.383928571429
[DEBUG] rsome4(A,B) :- no4(A,C), some4(D,B) 0.383928571429
[DEBUG] rsome4(A,B) :- no4(A,C), somenot4(C,B) 0.383928571429
[DEBUG] rsome4(A,B) :- no4(A,C), somenot4(B,C) 0.383928571429
[DEBUG] rsome4(A,B) :- no4(A,C), somenot4(C,D) 0.383928571429
[DEBUG] rsome4(A,B) :- no4(A,C), somenot4(B,D) 0.383928571429
[DEBUG] rsome4(A,B) :- no4(A,C), somenot4(D,C) 0.383928571429
[DEBUG] rsome4(A,B) :- no4(A,C), somenot4(D,B) 0.383928571429
[DEBUG] rsome4(A,B) :- somenot4(B,C), all4(A,C) 0.383928571429
[DEBUG] rsome4(A,B) :- somenot4(B,C), all4(A,D) 0.383928571429
[DEBUG] rsome4(A,B) :- somenot4(B,C), all4(D,C) 0.383928571429
[DEBUG] rsome4(A,B) :- somenot4(B,C), some4(C,A) 0.383928571429
[DEBUG] rsome4(A,B) :- somenot4(B,C), some4(C,D) 0.383928571429
[DEBUG] rsome4(A,B) :- somenot4(B,C), some4(D,A) 0.383928571429
[DEBUG] rsome4(A,B) :- somenot4(B,C), no4(A,D) 0.383928571429
[DEBUG] rsome4(A,B) :- somenot4(B,C), no4(D,C) 0.383928571429
[DEBUG] rsome4(A,B) :- somenot4(C,A), all4(C,B) 0.383928571429
[DEBUG] rsome4(A,B) :- somenot4(C,A), all4(C,D) 0.383928571429
[DEBUG] rsome4(A,B) :- somenot4(C,A), all4(D,B) 0.383928571429
[DEBUG] rsome4(A,B) :- somenot4(C,A), some4(B,D) 0.383928571429
[DEBUG] rsome4(A,B) :- somenot4(C,A), some4(D,C) 0.383928571429
[DEBUG] rsome4(A,B) :- all4(A,C), some4(C,D) 0.383928571429
[DEBUG] rsome4(A,B) :- all4(A,C), some4(D,B) 0.383928571429
[DEBUG] rsome4(A,B) :- all4(A,C), somenot4(B,D) 0.383928571429
[DEBUG] rsome4(A,B) :- all4(A,C), somenot4(D,C) 0.383928571429
[DEBUG] rsome4(A,B) :- all4(B,C), some4(A,C) 0.383928571429
[DEBUG] rsome4(A,B) :- all4(B,C), some4(A,D) 0.383928571429
[DEBUG] rsome4(A,B) :- all4(B,C), some4(D,C) 0.383928571429
[DEBUG] rsome4(A,B) :- all4(B,C), somenot4(A,D) 0.383928571429
[DEBUG] rsome4(A,B) :- all4(B,C), somenot4(D,C) 0.383928571429
[DEBUG] rsome4(A,B) :- some4(C,A), some4(D,B) 0.383928571429
[DEBUG] rsome4(A,B) :- some4(C,A), somenot4(B,D) 0.383928571429
[DEBUG] rsome4(A,B) :- some4(C,A), somenot4(D,C) 0.383928571429
[DEBUG] rsome4(A,B) :- all4(C,B), somenot4(C,D) 0.383928571429
[DEBUG] rsome4(A,B) :- all4(C,B), somenot4(D,A) 0.383928571429
[DEBUG] rsome4(A,B) :- some4(A,C), all4(B,D) 0.383928571429
[DEBUG] rsome4(A,B) :- some4(A,C), all4(D,C) 0.383928571429
[DEBUG] rsome4(A,B) :- no4(B,C), no4(C,D) 0.383928571429
[DEBUG] rsome4(A,B) :- no4(B,C), no4(D,A) 0.383928571429
[DEBUG] rsome4(A,B) :- somenot4(C,B), no4(A,D) 0.383928571429
[DEBUG] rsome4(A,B) :- somenot4(C,B), no4(D,C) 0.383928571429
[DEBUG] rsome4(A,B) :- no4(C,A), \+all4(C,B) 0.350198412698
[DEBUG] rsome4(A,B) :- some4(C,B), \+all4(C,A) 0.343452380952
[DEBUG] rsome4(A,B) :- some4(C,B), \+some4(A,C) 0.343452380952
[DEBUG] rsome4(A,B) :- some4(C,B), \+somenot4(C,A) 0.343452380952
[DEBUG] rsome4(A,B) :- no4(C,A), \+all4(B,C) 0.315178571429
[DEBUG] rsome4(A,B) :- no4(C,A), \+somenot4(B,C) 0.315178571429
[DEBUG] rsome4(A,B) :- somenot4(A,C), \+all4(C,B) 0.315178571429
[DEBUG] rsome4(A,B) :- somenot4(A,C), \+no4(B,C) 0.315178571429
[DEBUG] rsome4(A,B) :- somenot4(A,C), \+somenot4(C,B) 0.286525974026
[DEBUG] rsome4(A,B) :- somenot4(B,C), \+all4(C,A) 0.286525974026
[DEBUG] rsome4(A,B) :- somenot4(B,C), \+some4(A,C) 0.286525974026
[DEBUG] rsome4(A,B) :- some4(C,B), \+all4(A,C) 0.276785714286
[DEBUG] rsome4(A,B) :- some4(C,B), \+some4(C,A) 0.276785714286
[DEBUG] rsome4(A,B) :- some4(C,B), \+no4(A,C) 0.276785714286
[DEBUG] rsome4(A,B) :- some4(C,B), \+no4(C,A) 0.276785714286
[DEBUG] rsome4(A,B) :- some4(C,B), \+somenot4(A,C) 0.276785714286
[DEBUG] rsome4(A,B) :- some4(B,C), \+all4(A,C) 0.276785714286
[DEBUG] ==================================
[INFO] RULE LEARNED: rsome4(A,B) :- some4(C,B), all4(A,C) 0.850877192982
