[LVL9] Output level: 9
[INFO] Random seed: 0.982129368045
[INFO] Computing scores: 0.0699s
[INFO] Number of examples (M): 110
[INFO] Positive weight (P): 4.0000
[INFO] Negative weight (N): 106.0000
[DEBUG] Best rule so far: rall129(A,B) :- true [0.0363636363636]
[DEBUG] Candidates for iteration 1:
[DEBUG] ==================================
[DEBUG] rall129(A,B) :- true 0.0363636363636
[DEBUG] ==================================
[LVL9] rall129(A,B) :- all129(A,C) 0.135757575758 (2.0, 12.0, 94.0, 2.0) 0.678787878788 [ACCEPT]
[LVL9] BETTER RULE rall129(A,B) :- all129(A,C) (0.13575757575757574, 2.0) > (0.03636363636363636, 4.0)
[LVL9] rall129(A,B) :- all129(B,C) 0.0690909090909 (1.0, 13.0, 93.0, 3.0) 0.518181818182 [ACCEPT]
[LVL9] rall129(A,B) :- all129(C,A) 0.074025974026 (1.0, 12.0, 94.0, 3.0) 0.518181818182 [ACCEPT]
[LVL9] rall129(A,B) :- all129(C,B) 0.074025974026 (1.0, 12.0, 94.0, 3.0) 0.518181818182 [ACCEPT]
[LVL9] rall129(A,B) :- no129(B,C) 0.145454545455 (2.0, 11.0, 95.0, 2.0) 0.678787878788 [ACCEPT]
[LVL9] BETTER RULE rall129(A,B) :- no129(B,C) (0.14545454545454545, 2.0) > (0.13575757575757574, 2.0)
[LVL9] rall129(A,B) :- no129(C,A) 0.0942148760331 (1.0, 9.0, 97.0, 3.0) 0.518181818182 [ACCEPT]
[DEBUG] Best rule so far: rall129(A,B) :- no129(B,C) [0.145454545455]
[DEBUG] Candidates for iteration 2:
[DEBUG] ==================================
[DEBUG] rall129(A,B) :- no129(B,C) 0.145454545455
[DEBUG] rall129(A,B) :- all129(A,C) 0.135757575758
[DEBUG] rall129(A,B) :- no129(C,A) 0.0942148760331
[DEBUG] rall129(A,B) :- all129(C,A) 0.074025974026
[DEBUG] rall129(A,B) :- all129(C,B) 0.074025974026
[DEBUG] rall129(A,B) :- all129(B,C) 0.0690909090909
[DEBUG] ==================================
[LVL9] rall129(A,B) :- no129(B,C), all129(A,C) 0.345454545455 (1.0, 1.0, 105.0, 3.0) 0.518181818182 [ACCEPT]
[LVL9] BETTER RULE rall129(A,B) :- no129(B,C), all129(A,C) (0.34545454545454546, 1.0) > (0.14545454545454545, 2.0)
[LVL9] rall129(A,B) :- no129(B,C), all129(C,A) 0.345454545455 (1.0, 1.0, 105.0, 3.0) 0.518181818182 [ACCEPT]
[LVL9] rall129(A,B) :- no129(B,C), all129(A,D) 0.345454545455 (1.0, 1.0, 105.0, 3.0) 0.518181818182 [ACCEPT]
[LVL9] rall129(A,B) :- no129(B,C), all129(C,D) 0.345454545455 (1.0, 1.0, 105.0, 3.0) 0.518181818182 [ACCEPT]
[LVL9] rall129(A,B) :- no129(B,C), all129(D,A) 0.345454545455 (1.0, 1.0, 105.0, 3.0) 0.518181818182 [ACCEPT]
[LVL9] rall129(A,B) :- no129(B,C), all129(D,C) 0.345454545455 (1.0, 1.0, 105.0, 3.0) 0.518181818182 [ACCEPT]
[LVL9] rall129(A,B) :- no129(B,C), \+all129(A,C) 0.0863636363636 (1.0, 10.0, 96.0, 3.0) 0.518181818182 [ACCEPT]
[LVL9] rall129(A,B) :- no129(B,C), \+all129(C,A) 0.0863636363636 (1.0, 10.0, 96.0, 3.0) 0.518181818182 [ACCEPT]
[LVL9] rall129(A,B) :- no129(B,C), \+some129(A,C) 0.169696969697 (2.0, 9.0, 97.0, 2.0) 0.678787878788 [ACCEPT]
[LVL9] rall129(A,B) :- no129(B,C), \+some129(C,A) 0.169696969697 (2.0, 9.0, 97.0, 2.0) 0.678787878788 [ACCEPT]
[LVL9] rall129(A,B) :- no129(B,C), \+no129(C,A) 0.156643356643 (2.0, 10.0, 96.0, 2.0) 0.678787878788 [ACCEPT]
[LVL9] rall129(A,B) :- no129(B,C), \+somenot129(A,C) 0.169696969697 (2.0, 9.0, 97.0, 2.0) 0.678787878788 [ACCEPT]
[LVL9] rall129(A,B) :- no129(B,C), \+somenot129(C,A) 0.169696969697 (2.0, 9.0, 97.0, 2.0) 0.678787878788 [ACCEPT]
[LVL9] rall129(A,B) :- all129(A,C), all129(C,B) 0.345454545455 (1.0, 1.0, 105.0, 3.0) 0.518181818182 [ACCEPT]
[LVL9] rall129(A,B) :- all129(A,C), all129(C,D) 0.345454545455 (1.0, 1.0, 105.0, 3.0) 0.518181818182 [ACCEPT]
[LVL9] rall129(A,B) :- all129(A,C), all129(D,B) 0.345454545455 (1.0, 1.0, 105.0, 3.0) 0.518181818182 [ACCEPT]
[LVL9] rall129(A,B) :- all129(A,C), no129(B,D) 0.345454545455 (1.0, 1.0, 105.0, 3.0) 0.518181818182 [ACCEPT]
[LVL9] rall129(A,B) :- all129(A,C), no129(D,C) 0.345454545455 (1.0, 1.0, 105.0, 3.0) 0.518181818182 [ACCEPT]
[LVL9] rall129(A,B) :- all129(A,C), \+all129(C,B) 0.0797202797203 (1.0, 11.0, 95.0, 3.0) 0.518181818182 [ACCEPT]
[LVL9] rall129(A,B) :- all129(A,C), \+some129(C,B) 0.156643356643 (2.0, 10.0, 96.0, 2.0) 0.678787878788 [ACCEPT]
[LVL9] rall129(A,B) :- all129(A,C), \+some129(B,C) 0.156643356643 (2.0, 10.0, 96.0, 2.0) 0.678787878788 [ACCEPT]
[LVL9] rall129(A,B) :- all129(A,C), \+no129(C,B) 0.156643356643 (2.0, 10.0, 96.0, 2.0) 0.678787878788 [ACCEPT]
[LVL9] rall129(A,B) :- all129(A,C), \+no129(B,C) 0.0797202797203 (1.0, 11.0, 95.0, 3.0) 0.518181818182 [ACCEPT]
[LVL9] rall129(A,B) :- all129(A,C), \+somenot129(C,B) 0.156643356643 (2.0, 10.0, 96.0, 2.0) 0.678787878788 [ACCEPT]
[LVL9] rall129(A,B) :- all129(A,C), \+somenot129(B,C) 0.156643356643 (2.0, 10.0, 96.0, 2.0) 0.678787878788 [ACCEPT]
[LVL9] rall129(A,B) :- no129(C,A), all129(B,C) 0.345454545455 (1.0, 1.0, 105.0, 3.0) 0.518181818182 [ACCEPT]
[LVL9] rall129(A,B) :- no129(C,A), all129(B,D) 0.345454545455 (1.0, 1.0, 105.0, 3.0) 0.518181818182 [ACCEPT]
[LVL9] rall129(A,B) :- no129(C,A), all129(D,C) 0.345454545455 (1.0, 1.0, 105.0, 3.0) 0.518181818182 [ACCEPT]
[LVL9] rall129(A,B) :- no129(C,A), \+all129(C,B) 0.103636363636 (1.0, 8.0, 98.0, 3.0) 0.518181818182 [ACCEPT]
[LVL9] rall129(A,B) :- no129(C,A), \+some129(C,B) 0.115151515152 (1.0, 7.0, 99.0, 3.0) 0.518181818182 [ACCEPT]
[LVL9] rall129(A,B) :- no129(C,A), \+some129(B,C) 0.103636363636 (1.0, 8.0, 98.0, 3.0) 0.518181818182 [ACCEPT]
[LVL9] rall129(A,B) :- no129(C,A), \+no129(B,C) 0.103636363636 (1.0, 8.0, 98.0, 3.0) 0.518181818182 [ACCEPT]
[LVL9] rall129(A,B) :- no129(C,A), \+somenot129(C,B) 0.115151515152 (1.0, 7.0, 99.0, 3.0) 0.518181818182 [ACCEPT]
[LVL9] rall129(A,B) :- no129(C,A), \+somenot129(B,C) 0.103636363636 (1.0, 8.0, 98.0, 3.0) 0.518181818182 [ACCEPT]
[LVL9] rall129(A,B) :- all129(C,A), no129(B,D) 0.345454545455 (1.0, 1.0, 105.0, 3.0) 0.518181818182 [ACCEPT]
[LVL9] rall129(A,B) :- all129(C,A), no129(D,C) 0.345454545455 (1.0, 1.0, 105.0, 3.0) 0.518181818182 [ACCEPT]
[LVL9] rall129(A,B) :- all129(C,A), \+all129(C,B) 0.0863636363636 (1.0, 10.0, 96.0, 3.0) 0.518181818182 [ACCEPT]
[LVL9] rall129(A,B) :- all129(C,A), \+all129(B,C) 0.0863636363636 (1.0, 10.0, 96.0, 3.0) 0.518181818182 [ACCEPT]
[LVL9] rall129(A,B) :- all129(C,A), \+some129(C,B) 0.0797202797203 (1.0, 11.0, 95.0, 3.0) 0.518181818182 [ACCEPT]
[LVL9] rall129(A,B) :- all129(C,A), \+some129(B,C) 0.0863636363636 (1.0, 10.0, 96.0, 3.0) 0.518181818182 [ACCEPT]
[LVL9] rall129(A,B) :- all129(C,A), \+no129(C,B) 0.0797202797203 (1.0, 11.0, 95.0, 3.0) 0.518181818182 [ACCEPT]
[LVL9] rall129(A,B) :- all129(C,A), \+somenot129(C,B) 0.0797202797203 (1.0, 11.0, 95.0, 3.0) 0.518181818182 [ACCEPT]
[LVL9] rall129(A,B) :- all129(C,A), \+somenot129(B,C) 0.0863636363636 (1.0, 10.0, 96.0, 3.0) 0.518181818182 [ACCEPT]
[LVL9] rall129(A,B) :- all129(C,B), all129(A,D) 0.345454545455 (1.0, 1.0, 105.0, 3.0) 0.518181818182 [ACCEPT]
[LVL9] rall129(A,B) :- all129(C,B), all129(D,C) 0.345454545455 (1.0, 1.0, 105.0, 3.0) 0.518181818182 [ACCEPT]
[LVL9] rall129(A,B) :- all129(C,B), \+all129(C,A) 0.0863636363636 (1.0, 10.0, 96.0, 3.0) 0.518181818182 [ACCEPT]
[LVL9] rall129(A,B) :- all129(C,B), \+some129(A,C) 0.0863636363636 (1.0, 10.0, 96.0, 3.0) 0.518181818182 [ACCEPT]
[LVL9] rall129(A,B) :- all129(C,B), \+some129(C,A) 0.0797202797203 (1.0, 11.0, 95.0, 3.0) 0.518181818182 [ACCEPT]
[LVL9] rall129(A,B) :- all129(C,B), \+no129(A,C) 0.0863636363636 (1.0, 10.0, 96.0, 3.0) 0.518181818182 [ACCEPT]
[LVL9] rall129(A,B) :- all129(C,B), \+no129(C,A) 0.0797202797203 (1.0, 11.0, 95.0, 3.0) 0.518181818182 [ACCEPT]
[LVL9] rall129(A,B) :- all129(C,B), \+somenot129(A,C) 0.0863636363636 (1.0, 10.0, 96.0, 3.0) 0.518181818182 [ACCEPT]
[LVL9] rall129(A,B) :- all129(C,B), \+somenot129(C,A) 0.0797202797203 (1.0, 11.0, 95.0, 3.0) 0.518181818182 [ACCEPT]
[LVL9] rall129(A,B) :- all129(B,C), no129(C,D) 0.345454545455 (1.0, 1.0, 105.0, 3.0) 0.518181818182 [ACCEPT]
[LVL9] rall129(A,B) :- all129(B,C), no129(D,A) 0.345454545455 (1.0, 1.0, 105.0, 3.0) 0.518181818182 [ACCEPT]
[LVL9] rall129(A,B) :- all129(B,C), \+all129(C,A) 0.0797202797203 (1.0, 11.0, 95.0, 3.0) 0.518181818182 [ACCEPT]
[LVL9] rall129(A,B) :- all129(B,C), \+some129(A,C) 0.0797202797203 (1.0, 11.0, 95.0, 3.0) 0.518181818182 [ACCEPT]
[LVL9] rall129(A,B) :- all129(B,C), \+some129(C,A) 0.0797202797203 (1.0, 11.0, 95.0, 3.0) 0.518181818182 [ACCEPT]
[LVL9] rall129(A,B) :- all129(B,C), \+no129(A,C) 0.0797202797203 (1.0, 11.0, 95.0, 3.0) 0.518181818182 [ACCEPT]
[LVL9] rall129(A,B) :- all129(B,C), \+somenot129(A,C) 0.0797202797203 (1.0, 11.0, 95.0, 3.0) 0.518181818182 [ACCEPT]
[LVL9] rall129(A,B) :- all129(B,C), \+somenot129(C,A) 0.0797202797203 (1.0, 11.0, 95.0, 3.0) 0.518181818182 [ACCEPT]
[DEBUG] Best rule so far: rall129(A,B) :- no129(B,C), all129(A,C) [0.345454545455]
[DEBUG] Candidates for iteration 3:
[DEBUG] ==================================
[DEBUG] rall129(A,B) :- no129(B,C), all129(A,C) 0.345454545455
[DEBUG] rall129(A,B) :- no129(B,C), all129(C,A) 0.345454545455
[DEBUG] rall129(A,B) :- no129(B,C), all129(A,D) 0.345454545455
[DEBUG] rall129(A,B) :- no129(B,C), all129(C,D) 0.345454545455
[DEBUG] rall129(A,B) :- no129(B,C), all129(D,A) 0.345454545455
[DEBUG] rall129(A,B) :- no129(B,C), all129(D,C) 0.345454545455
[DEBUG] rall129(A,B) :- all129(A,C), all129(C,B) 0.345454545455
[DEBUG] rall129(A,B) :- all129(A,C), all129(C,D) 0.345454545455
[DEBUG] rall129(A,B) :- all129(A,C), all129(D,B) 0.345454545455
[DEBUG] rall129(A,B) :- all129(A,C), no129(B,D) 0.345454545455
[DEBUG] rall129(A,B) :- all129(A,C), no129(D,C) 0.345454545455
[DEBUG] rall129(A,B) :- no129(C,A), all129(B,C) 0.345454545455
[DEBUG] rall129(A,B) :- no129(C,A), all129(B,D) 0.345454545455
[DEBUG] rall129(A,B) :- no129(C,A), all129(D,C) 0.345454545455
[DEBUG] rall129(A,B) :- all129(C,A), no129(B,D) 0.345454545455
[DEBUG] rall129(A,B) :- all129(C,A), no129(D,C) 0.345454545455
[DEBUG] rall129(A,B) :- all129(C,B), all129(A,D) 0.345454545455
[DEBUG] rall129(A,B) :- all129(C,B), all129(D,C) 0.345454545455
[DEBUG] rall129(A,B) :- all129(B,C), no129(C,D) 0.345454545455
[DEBUG] rall129(A,B) :- all129(B,C), no129(D,A) 0.345454545455
[DEBUG] rall129(A,B) :- no129(B,C), \+some129(A,C) 0.169696969697
[DEBUG] rall129(A,B) :- no129(B,C), \+some129(C,A) 0.169696969697
[DEBUG] rall129(A,B) :- no129(B,C), \+somenot129(A,C) 0.169696969697
[DEBUG] rall129(A,B) :- no129(B,C), \+somenot129(C,A) 0.169696969697
[DEBUG] rall129(A,B) :- no129(B,C), \+no129(C,A) 0.156643356643
[DEBUG] rall129(A,B) :- all129(A,C), \+some129(C,B) 0.156643356643
[DEBUG] rall129(A,B) :- all129(A,C), \+some129(B,C) 0.156643356643
[DEBUG] rall129(A,B) :- all129(A,C), \+no129(C,B) 0.156643356643
[DEBUG] rall129(A,B) :- all129(A,C), \+somenot129(C,B) 0.156643356643
[DEBUG] rall129(A,B) :- all129(A,C), \+somenot129(B,C) 0.156643356643
[DEBUG] rall129(A,B) :- no129(C,A), \+some129(C,B) 0.115151515152
[DEBUG] rall129(A,B) :- no129(C,A), \+somenot129(C,B) 0.115151515152
[DEBUG] rall129(A,B) :- no129(C,A), \+all129(C,B) 0.103636363636
[DEBUG] rall129(A,B) :- no129(C,A), \+some129(B,C) 0.103636363636
[DEBUG] rall129(A,B) :- no129(C,A), \+no129(B,C) 0.103636363636
[DEBUG] rall129(A,B) :- no129(C,A), \+somenot129(B,C) 0.103636363636
[DEBUG] rall129(A,B) :- no129(B,C), \+all129(A,C) 0.0863636363636
[DEBUG] rall129(A,B) :- no129(B,C), \+all129(C,A) 0.0863636363636
[DEBUG] rall129(A,B) :- all129(C,A), \+all129(C,B) 0.0863636363636
[DEBUG] rall129(A,B) :- all129(C,A), \+all129(B,C) 0.0863636363636
[DEBUG] rall129(A,B) :- all129(C,A), \+some129(B,C) 0.0863636363636
[DEBUG] rall129(A,B) :- all129(C,A), \+somenot129(B,C) 0.0863636363636
[DEBUG] rall129(A,B) :- all129(C,B), \+all129(C,A) 0.0863636363636
[DEBUG] rall129(A,B) :- all129(C,B), \+some129(A,C) 0.0863636363636
[DEBUG] rall129(A,B) :- all129(C,B), \+no129(A,C) 0.0863636363636
[DEBUG] rall129(A,B) :- all129(C,B), \+somenot129(A,C) 0.0863636363636
[DEBUG] rall129(A,B) :- all129(A,C), \+all129(C,B) 0.0797202797203
[DEBUG] rall129(A,B) :- all129(A,C), \+no129(B,C) 0.0797202797203
[DEBUG] rall129(A,B) :- all129(C,A), \+some129(C,B) 0.0797202797203
[DEBUG] rall129(A,B) :- all129(C,A), \+no129(C,B) 0.0797202797203
[DEBUG] rall129(A,B) :- all129(C,A), \+somenot129(C,B) 0.0797202797203
[DEBUG] rall129(A,B) :- all129(C,B), \+some129(C,A) 0.0797202797203
[DEBUG] rall129(A,B) :- all129(C,B), \+no129(C,A) 0.0797202797203
[DEBUG] rall129(A,B) :- all129(C,B), \+somenot129(C,A) 0.0797202797203
[DEBUG] rall129(A,B) :- all129(B,C), \+all129(C,A) 0.0797202797203
[DEBUG] rall129(A,B) :- all129(B,C), \+some129(A,C) 0.0797202797203
[DEBUG] rall129(A,B) :- all129(B,C), \+some129(C,A) 0.0797202797203
[DEBUG] rall129(A,B) :- all129(B,C), \+no129(A,C) 0.0797202797203
[DEBUG] rall129(A,B) :- all129(B,C), \+somenot129(A,C) 0.0797202797203
[DEBUG] rall129(A,B) :- all129(B,C), \+somenot129(C,A) 0.0797202797203
[DEBUG] ==================================
[INFO] RULE LEARNED: rall129(A,B) :- no129(B,C), all129(A,C) 0.963636363636
[DEBUG] Best rule so far: rall129(A,B) :- true [0.0277777777778]
[DEBUG] Candidates for iteration 1:
[DEBUG] ==================================
[DEBUG] rall129(A,B) :- true 0.0277777777778
[DEBUG] ==================================
[LVL9] rall129(A,B) :- all129(A,C) 0.0790598290598 (2.0, 12.0, 94.0, 2.0) 0.513888888889 [ACCEPT]
[LVL9] BETTER RULE rall129(A,B) :- all129(A,C) (0.07905982905982906, 2.0) > (0.027777777777777776, 4.0)
[LVL9] rall129(A,B) :- all129(B,C) 0.0685185185185 (2.0, 14.0, 92.0, 2.0) 0.513888888889 [ACCEPT]
[LVL9] rall129(A,B) :- all129(C,A) 0.0734126984127 (2.0, 13.0, 93.0, 2.0) 0.513888888889 [ACCEPT]
[LVL9] rall129(A,B) :- all129(C,B) 0.0734126984127 (2.0, 13.0, 93.0, 2.0) 0.513888888889 [ACCEPT]
[LVL9] rall129(A,B) :- no129(B,C) 0.0856481481481 (2.0, 11.0, 95.0, 2.0) 0.513888888889 [ACCEPT]
[LVL9] BETTER RULE rall129(A,B) :- no129(B,C) (0.08564814814814814, 2.0) > (0.07905982905982906, 2.0)
[LVL9] rall129(A,B) :- no129(C,A) 0.0934343434343 (2.0, 10.0, 96.0, 2.0) 0.513888888889 [ACCEPT]
[LVL9] BETTER RULE rall129(A,B) :- no129(C,A) (0.09343434343434343, 2.0) > (0.08564814814814814, 2.0)
[DEBUG] Best rule so far: rall129(A,B) :- no129(C,A) [0.0934343434343]
[DEBUG] Candidates for iteration 2:
[DEBUG] ==================================
[DEBUG] rall129(A,B) :- no129(C,A) 0.0934343434343
[DEBUG] rall129(A,B) :- no129(B,C) 0.0856481481481
[DEBUG] rall129(A,B) :- all129(A,C) 0.0790598290598
[DEBUG] rall129(A,B) :- all129(C,A) 0.0734126984127
[DEBUG] rall129(A,B) :- all129(C,B) 0.0734126984127
[DEBUG] rall129(A,B) :- all129(B,C) 0.0685185185185
[DEBUG] ==================================
[LVL9] rall129(A,B) :- no129(C,A), all129(B,C) 0.342592592593 (2.0, 2.0, 104.0, 2.0) 0.513888888889 [ACCEPT]
[LVL9] BETTER RULE rall129(A,B) :- no129(C,A), all129(B,C) (0.34259259259259256, 2.0) > (0.09343434343434343, 2.0)
[LVL9] rall129(A,B) :- no129(C,A), all129(B,D) 0.342592592593 (2.0, 2.0, 104.0, 2.0) 0.513888888889 [ACCEPT]
[LVL9] rall129(A,B) :- no129(C,A), all129(D,C) 0.342592592593 (2.0, 2.0, 104.0, 2.0) 0.513888888889 [ACCEPT]
[LVL9] rall129(A,B) :- no129(C,A), \+all129(C,B) 0.102777777778 (2.0, 9.0, 97.0, 2.0) 0.513888888889 [ACCEPT]
[LVL9] rall129(A,B) :- no129(C,A), \+some129(C,B) 0.114197530864 (2.0, 8.0, 98.0, 2.0) 0.513888888889 [ACCEPT]
[LVL9] rall129(A,B) :- no129(C,A), \+some129(B,C) 0.102777777778 (2.0, 9.0, 97.0, 2.0) 0.513888888889 [ACCEPT]
[LVL9] rall129(A,B) :- no129(C,A), \+no129(B,C) 0.102777777778 (2.0, 9.0, 97.0, 2.0) 0.513888888889 [ACCEPT]
[LVL9] rall129(A,B) :- no129(C,A), \+somenot129(C,B) 0.114197530864 (2.0, 8.0, 98.0, 2.0) 0.513888888889 [ACCEPT]
[LVL9] rall129(A,B) :- no129(C,A), \+somenot129(B,C) 0.102777777778 (2.0, 9.0, 97.0, 2.0) 0.513888888889 [ACCEPT]
[LVL9] rall129(A,B) :- no129(B,C), all129(C,A) 0.342592592593 (2.0, 2.0, 104.0, 2.0) 0.513888888889 [ACCEPT]
[LVL9] rall129(A,B) :- no129(B,C), all129(C,D) 0.342592592593 (2.0, 2.0, 104.0, 2.0) 0.513888888889 [ACCEPT]
[LVL9] rall129(A,B) :- no129(B,C), all129(D,A) 0.342592592593 (2.0, 2.0, 104.0, 2.0) 0.513888888889 [ACCEPT]
[LVL9] rall129(A,B) :- no129(B,C), \+some129(A,C) 0.102777777778 (2.0, 9.0, 97.0, 2.0) 0.513888888889 [ACCEPT]
[LVL9] rall129(A,B) :- no129(B,C), \+some129(C,A) 0.102777777778 (2.0, 9.0, 97.0, 2.0) 0.513888888889 [ACCEPT]
[LVL9] rall129(A,B) :- no129(B,C), \+no129(C,A) 0.0934343434343 (2.0, 10.0, 96.0, 2.0) 0.513888888889 [ACCEPT]
[LVL9] rall129(A,B) :- no129(B,C), \+somenot129(A,C) 0.102777777778 (2.0, 9.0, 97.0, 2.0) 0.513888888889 [ACCEPT]
[LVL9] rall129(A,B) :- no129(B,C), \+somenot129(C,A) 0.102777777778 (2.0, 9.0, 97.0, 2.0) 0.513888888889 [ACCEPT]
[LVL9] rall129(A,B) :- all129(A,C), all129(C,B) 0.342592592593 (2.0, 2.0, 104.0, 2.0) 0.513888888889 [ACCEPT]
[LVL9] rall129(A,B) :- all129(A,C), all129(C,D) 0.342592592593 (2.0, 2.0, 104.0, 2.0) 0.513888888889 [ACCEPT]
[LVL9] rall129(A,B) :- all129(A,C), all129(D,B) 0.342592592593 (2.0, 2.0, 104.0, 2.0) 0.513888888889 [ACCEPT]
[LVL9] rall129(A,B) :- all129(A,C), \+some129(C,B) 0.0934343434343 (2.0, 10.0, 96.0, 2.0) 0.513888888889 [ACCEPT]
[LVL9] rall129(A,B) :- all129(A,C), \+some129(B,C) 0.0934343434343 (2.0, 10.0, 96.0, 2.0) 0.513888888889 [ACCEPT]
[LVL9] rall129(A,B) :- all129(A,C), \+no129(C,B) 0.0934343434343 (2.0, 10.0, 96.0, 2.0) 0.513888888889 [ACCEPT]
[LVL9] rall129(A,B) :- all129(A,C), \+somenot129(C,B) 0.0934343434343 (2.0, 10.0, 96.0, 2.0) 0.513888888889 [ACCEPT]
[LVL9] rall129(A,B) :- all129(A,C), \+somenot129(B,C) 0.0934343434343 (2.0, 10.0, 96.0, 2.0) 0.513888888889 [ACCEPT]
[LVL9] rall129(A,B) :- all129(C,A), no129(B,D) 0.342592592593 (2.0, 2.0, 104.0, 2.0) 0.513888888889 [ACCEPT]
[LVL9] rall129(A,B) :- all129(C,A), no129(D,C) 0.342592592593 (2.0, 2.0, 104.0, 2.0) 0.513888888889 [ACCEPT]
[LVL9] rall129(A,B) :- all129(C,A), \+all129(C,B) 0.0856481481481 (2.0, 11.0, 95.0, 2.0) 0.513888888889 [ACCEPT]
[LVL9] rall129(A,B) :- all129(C,A), \+all129(B,C) 0.0856481481481 (2.0, 11.0, 95.0, 2.0) 0.513888888889 [ACCEPT]
[LVL9] rall129(A,B) :- all129(C,A), \+some129(C,B) 0.0790598290598 (2.0, 12.0, 94.0, 2.0) 0.513888888889 [ACCEPT]
[LVL9] rall129(A,B) :- all129(C,A), \+some129(B,C) 0.0856481481481 (2.0, 11.0, 95.0, 2.0) 0.513888888889 [ACCEPT]
[LVL9] rall129(A,B) :- all129(C,A), \+no129(C,B) 0.0790598290598 (2.0, 12.0, 94.0, 2.0) 0.513888888889 [ACCEPT]
[LVL9] rall129(A,B) :- all129(C,A), \+somenot129(C,B) 0.0790598290598 (2.0, 12.0, 94.0, 2.0) 0.513888888889 [ACCEPT]
[LVL9] rall129(A,B) :- all129(C,A), \+somenot129(B,C) 0.0856481481481 (2.0, 11.0, 95.0, 2.0) 0.513888888889 [ACCEPT]
[LVL9] rall129(A,B) :- all129(C,B), all129(A,D) 0.342592592593 (2.0, 2.0, 104.0, 2.0) 0.513888888889 [ACCEPT]
[LVL9] rall129(A,B) :- all129(C,B), all129(D,C) 0.342592592593 (2.0, 2.0, 104.0, 2.0) 0.513888888889 [ACCEPT]
[LVL9] rall129(A,B) :- all129(C,B), \+all129(C,A) 0.0856481481481 (2.0, 11.0, 95.0, 2.0) 0.513888888889 [ACCEPT]
[LVL9] rall129(A,B) :- all129(C,B), \+some129(A,C) 0.0856481481481 (2.0, 11.0, 95.0, 2.0) 0.513888888889 [ACCEPT]
[LVL9] rall129(A,B) :- all129(C,B), \+some129(C,A) 0.0790598290598 (2.0, 12.0, 94.0, 2.0) 0.513888888889 [ACCEPT]
[LVL9] rall129(A,B) :- all129(C,B), \+no129(A,C) 0.0856481481481 (2.0, 11.0, 95.0, 2.0) 0.513888888889 [ACCEPT]
[LVL9] rall129(A,B) :- all129(C,B), \+no129(C,A) 0.0790598290598 (2.0, 12.0, 94.0, 2.0) 0.513888888889 [ACCEPT]
[LVL9] rall129(A,B) :- all129(C,B), \+somenot129(A,C) 0.0856481481481 (2.0, 11.0, 95.0, 2.0) 0.513888888889 [ACCEPT]
[LVL9] rall129(A,B) :- all129(C,B), \+somenot129(C,A) 0.0790598290598 (2.0, 12.0, 94.0, 2.0) 0.513888888889 [ACCEPT]
[LVL9] rall129(A,B) :- all129(B,C), no129(C,D) 0.342592592593 (2.0, 2.0, 104.0, 2.0) 0.513888888889 [ACCEPT]
[LVL9] rall129(A,B) :- all129(B,C), no129(D,A) 0.342592592593 (2.0, 2.0, 104.0, 2.0) 0.513888888889 [ACCEPT]
[LVL9] rall129(A,B) :- all129(B,C), \+all129(C,A) 0.0790598290598 (2.0, 12.0, 94.0, 2.0) 0.513888888889 [ACCEPT]
[LVL9] rall129(A,B) :- all129(B,C), \+some129(A,C) 0.0790598290598 (2.0, 12.0, 94.0, 2.0) 0.513888888889 [ACCEPT]
[LVL9] rall129(A,B) :- all129(B,C), \+some129(C,A) 0.0790598290598 (2.0, 12.0, 94.0, 2.0) 0.513888888889 [ACCEPT]
[LVL9] rall129(A,B) :- all129(B,C), \+no129(A,C) 0.0790598290598 (2.0, 12.0, 94.0, 2.0) 0.513888888889 [ACCEPT]
[LVL9] rall129(A,B) :- all129(B,C), \+somenot129(A,C) 0.0790598290598 (2.0, 12.0, 94.0, 2.0) 0.513888888889 [ACCEPT]
[LVL9] rall129(A,B) :- all129(B,C), \+somenot129(C,A) 0.0790598290598 (2.0, 12.0, 94.0, 2.0) 0.513888888889 [ACCEPT]
[DEBUG] Best rule so far: rall129(A,B) :- no129(C,A), all129(B,C) [0.342592592593]
[DEBUG] Candidates for iteration 3:
[DEBUG] ==================================
[DEBUG] rall129(A,B) :- no129(C,A), all129(B,C) 0.342592592593
[DEBUG] rall129(A,B) :- no129(C,A), all129(B,D) 0.342592592593
[DEBUG] rall129(A,B) :- no129(C,A), all129(D,C) 0.342592592593
[DEBUG] rall129(A,B) :- no129(B,C), all129(C,A) 0.342592592593
[DEBUG] rall129(A,B) :- no129(B,C), all129(C,D) 0.342592592593
[DEBUG] rall129(A,B) :- no129(B,C), all129(D,A) 0.342592592593
[DEBUG] rall129(A,B) :- all129(A,C), all129(C,B) 0.342592592593
[DEBUG] rall129(A,B) :- all129(A,C), all129(C,D) 0.342592592593
[DEBUG] rall129(A,B) :- all129(A,C), all129(D,B) 0.342592592593
[DEBUG] rall129(A,B) :- all129(C,A), no129(B,D) 0.342592592593
[DEBUG] rall129(A,B) :- all129(C,A), no129(D,C) 0.342592592593
[DEBUG] rall129(A,B) :- all129(C,B), all129(A,D) 0.342592592593
[DEBUG] rall129(A,B) :- all129(C,B), all129(D,C) 0.342592592593
[DEBUG] rall129(A,B) :- all129(B,C), no129(C,D) 0.342592592593
[DEBUG] rall129(A,B) :- all129(B,C), no129(D,A) 0.342592592593
[DEBUG] rall129(A,B) :- no129(C,A), \+some129(C,B) 0.114197530864
[DEBUG] rall129(A,B) :- no129(C,A), \+somenot129(C,B) 0.114197530864
[DEBUG] rall129(A,B) :- no129(C,A), \+all129(C,B) 0.102777777778
[DEBUG] rall129(A,B) :- no129(C,A), \+some129(B,C) 0.102777777778
[DEBUG] rall129(A,B) :- no129(C,A), \+no129(B,C) 0.102777777778
[DEBUG] rall129(A,B) :- no129(C,A), \+somenot129(B,C) 0.102777777778
[DEBUG] rall129(A,B) :- no129(B,C), \+some129(A,C) 0.102777777778
[DEBUG] rall129(A,B) :- no129(B,C), \+some129(C,A) 0.102777777778
[DEBUG] rall129(A,B) :- no129(B,C), \+somenot129(A,C) 0.102777777778
[DEBUG] rall129(A,B) :- no129(B,C), \+somenot129(C,A) 0.102777777778
[DEBUG] rall129(A,B) :- no129(B,C), \+no129(C,A) 0.0934343434343
[DEBUG] rall129(A,B) :- all129(A,C), \+some129(C,B) 0.0934343434343
[DEBUG] rall129(A,B) :- all129(A,C), \+some129(B,C) 0.0934343434343
[DEBUG] rall129(A,B) :- all129(A,C), \+no129(C,B) 0.0934343434343
[DEBUG] rall129(A,B) :- all129(A,C), \+somenot129(C,B) 0.0934343434343
[DEBUG] rall129(A,B) :- all129(A,C), \+somenot129(B,C) 0.0934343434343
[DEBUG] rall129(A,B) :- all129(C,A), \+all129(C,B) 0.0856481481481
[DEBUG] rall129(A,B) :- all129(C,A), \+all129(B,C) 0.0856481481481
[DEBUG] rall129(A,B) :- all129(C,A), \+some129(B,C) 0.0856481481481
[DEBUG] rall129(A,B) :- all129(C,A), \+somenot129(B,C) 0.0856481481481
[DEBUG] rall129(A,B) :- all129(C,B), \+all129(C,A) 0.0856481481481
[DEBUG] rall129(A,B) :- all129(C,B), \+some129(A,C) 0.0856481481481
[DEBUG] rall129(A,B) :- all129(C,B), \+no129(A,C) 0.0856481481481
[DEBUG] rall129(A,B) :- all129(C,B), \+somenot129(A,C) 0.0856481481481
[DEBUG] rall129(A,B) :- all129(C,A), \+some129(C,B) 0.0790598290598
[DEBUG] rall129(A,B) :- all129(C,A), \+no129(C,B) 0.0790598290598
[DEBUG] rall129(A,B) :- all129(C,A), \+somenot129(C,B) 0.0790598290598
[DEBUG] rall129(A,B) :- all129(C,B), \+some129(C,A) 0.0790598290598
[DEBUG] rall129(A,B) :- all129(C,B), \+no129(C,A) 0.0790598290598
[DEBUG] rall129(A,B) :- all129(C,B), \+somenot129(C,A) 0.0790598290598
[DEBUG] rall129(A,B) :- all129(B,C), \+all129(C,A) 0.0790598290598
[DEBUG] rall129(A,B) :- all129(B,C), \+some129(A,C) 0.0790598290598
[DEBUG] rall129(A,B) :- all129(B,C), \+some129(C,A) 0.0790598290598
[DEBUG] rall129(A,B) :- all129(B,C), \+no129(A,C) 0.0790598290598
[DEBUG] rall129(A,B) :- all129(B,C), \+somenot129(A,C) 0.0790598290598
[DEBUG] rall129(A,B) :- all129(B,C), \+somenot129(C,A) 0.0790598290598
[DEBUG] ==================================
[INFO] RULE LEARNED: rall129(A,B) :- no129(C,A), all129(B,C) 0.963636363636
