[LVL9] Output level: 9
[INFO] Random seed: 0.00738899739551
[INFO] Computing scores: 0.0673s
[INFO] Number of examples (M): 112
[INFO] Positive weight (P): 13.0000
[INFO] Negative weight (N): 99.0000
[DEBUG] Best rule so far: rall57(A,B) :- true [0.116071428571]
[DEBUG] Candidates for iteration 1:
[DEBUG] ==================================
[DEBUG] rall57(A,B) :- true 0.116071428571
[DEBUG] ==================================
[LVL9] rall57(A,B) :- all57(A,C) 0.365433673469 (5.0, 8.0, 91.0, 8.0) 0.852678571429 [ACCEPT]
[LVL9] BETTER RULE rall57(A,B) :- all57(A,C) (0.36543367346938777, 5.0) > (0.11607142857142858, 13.0)
[LVL9] rall57(A,B) :- all57(B,C) 0.0 (1.0, 12.0, 87.0, 12.0) 0.558035714286 [ACCEPT]
[LVL9] rall57(A,B) :- all57(C,A) 0.222576530612 (3.0, 10.0, 89.0, 10.0) 0.779017857143 [ACCEPT]
[LVL9] rall57(A,B) :- all57(C,B) 0.222576530612 (3.0, 10.0, 89.0, 10.0) 0.779017857143 [ACCEPT]
[LVL9] rall57(A,B) :- some57(B,C) 0.0 (1.0, 15.0, 84.0, 12.0) 0.558035714286 [ACCEPT]
[LVL9] rall57(A,B) :- no57(A,C) 0.0 (1.0, 14.0, 85.0, 12.0) 0.558035714286 [ACCEPT]
[LVL9] rall57(A,B) :- no57(B,C) 0.257254464286 (4.0, 11.0, 88.0, 9.0) 0.823214285714 [ACCEPT]
[LVL9] rall57(A,B) :- no57(C,A) 0.124474789916 (2.0, 14.0, 85.0, 11.0) 0.705357142857 [ACCEPT]
[LVL9] rall57(A,B) :- no57(C,B) 0.124474789916 (2.0, 14.0, 85.0, 11.0) 0.705357142857 [ACCEPT]
[LVL9] rall57(A,B) :- somenot57(A,C) 0.0 (1.0, 11.0, 88.0, 12.0) 0.558035714286 [ACCEPT]
[LVL9] rall57(A,B) :- somenot57(B,C) 0.0 (1.0, 11.0, 88.0, 12.0) 0.558035714286 [ACCEPT]
[LVL9] rall57(A,B) :- somenot57(C,A) 0.0 (1.0, 15.0, 84.0, 12.0) 0.558035714286 [ACCEPT]
[LVL9] rall57(A,B) :- somenot57(C,B) 0.0 (1.0, 15.0, 84.0, 12.0) 0.558035714286 [ACCEPT]
[DEBUG] Best rule so far: rall57(A,B) :- all57(A,C) [0.365433673469]
[DEBUG] Candidates for iteration 2:
[DEBUG] ==================================
[DEBUG] rall57(A,B) :- all57(A,C) 0.365433673469
[DEBUG] rall57(A,B) :- no57(B,C) 0.257254464286
[DEBUG] rall57(A,B) :- all57(C,A) 0.222576530612
[DEBUG] rall57(A,B) :- all57(C,B) 0.222576530612
[DEBUG] rall57(A,B) :- no57(C,A) 0.124474789916
[DEBUG] rall57(A,B) :- no57(C,B) 0.124474789916
[DEBUG] rall57(A,B) :- all57(B,C) 0.0
[DEBUG] rall57(A,B) :- some57(B,C) 0.0
[DEBUG] rall57(A,B) :- no57(A,C) 0.0
[DEBUG] rall57(A,B) :- somenot57(A,C) 0.0
[DEBUG] rall57(A,B) :- somenot57(B,C) 0.0
[DEBUG] rall57(A,B) :- somenot57(C,A) 0.0
[DEBUG] rall57(A,B) :- somenot57(C,B) 0.0
[DEBUG] ==================================
[LVL9] rall57(A,B) :- all57(A,C), all57(C,B) 0.372023809524 (1.0, 1.0, 98.0, 12.0) 0.558035714286 [ACCEPT]
[LVL9] BETTER RULE rall57(A,B) :- all57(A,C), all57(C,B) (0.37202380952380953, 1.0) > (0.36543367346938777, 5.0)
[LVL9] rall57(A,B) :- all57(A,C), all57(B,C) 0.372023809524 (1.0, 1.0, 98.0, 12.0) 0.558035714286 [ACCEPT]
[LVL9] rall57(A,B) :- all57(A,C), all57(C,D) 0.372023809524 (1.0, 1.0, 98.0, 12.0) 0.558035714286 [ACCEPT]
[LVL9] rall57(A,B) :- all57(A,C), all57(B,D) 0.372023809524 (1.0, 1.0, 98.0, 12.0) 0.558035714286 [ACCEPT]
[LVL9] rall57(A,B) :- all57(A,C), all57(D,B) 0.372023809524 (1.0, 1.0, 98.0, 12.0) 0.558035714286 [ACCEPT]
[LVL9] rall57(A,B) :- all57(A,C), some57(B,C) 0.372023809524 (1.0, 1.0, 98.0, 12.0) 0.558035714286 [ACCEPT]
[LVL9] rall57(A,B) :- all57(A,C), some57(B,D) 0.372023809524 (1.0, 1.0, 98.0, 12.0) 0.558035714286 [ACCEPT]
[LVL9] rall57(A,B) :- all57(A,C), some57(D,C) 0.372023809524 (1.0, 1.0, 98.0, 12.0) 0.558035714286 [ACCEPT]
[LVL9] rall57(A,B) :- all57(A,C), no57(C,B) 0.372023809524 (1.0, 1.0, 98.0, 12.0) 0.558035714286 [ACCEPT]
[LVL9] rall57(A,B) :- all57(A,C), no57(B,C) 0.558035714286 (1.0, 0.0, 99.0, 12.0) 0.558035714286 [REJECT* fp] 0.0
[LVL9] BETTER RULE rall57(A,B) :- all57(A,C), no57(B,C) (0.5580357142857143, 1.0) > (0.37202380952380953, 1.0)
[LVL9] rall57(A,B) :- all57(A,C), \+all57(C,B) 0.343005952381 (4.0, 7.0, 92.0, 9.0) 0.823214285714 [ACCEPT]
[LVL9] rall57(A,B) :- all57(A,C), \+all57(B,C) 0.343005952381 (4.0, 7.0, 92.0, 9.0) 0.823214285714 [ACCEPT]
[LVL9] rall57(A,B) :- all57(A,C), \+some57(C,B) 0.393543956044 (5.0, 7.0, 92.0, 8.0) 0.852678571429 [ACCEPT]
[LVL9] rall57(A,B) :- all57(A,C), \+some57(B,C) 0.343005952381 (4.0, 7.0, 92.0, 9.0) 0.823214285714 [ACCEPT]
[LVL9] rall57(A,B) :- all57(A,C), \+no57(C,B) 0.343005952381 (4.0, 7.0, 92.0, 9.0) 0.823214285714 [ACCEPT]
[LVL9] rall57(A,B) :- all57(A,C), \+somenot57(C,B) 0.426339285714 (5.0, 6.0, 93.0, 8.0) 0.852678571429 [ACCEPT]
[LVL9] rall57(A,B) :- all57(A,C), \+somenot57(B,C) 0.393543956044 (5.0, 7.0, 92.0, 8.0) 0.852678571429 [ACCEPT]
[LVL9] rall57(A,B) :- no57(B,C), \+all57(C,A) 0.222576530612 (3.0, 10.0, 89.0, 10.0) 0.779017857143 [ACCEPT]
[LVL9] rall57(A,B) :- no57(B,C), \+some57(A,C) 0.294005102041 (4.0, 9.0, 90.0, 9.0) 0.823214285714 [ACCEPT]
[LVL9] rall57(A,B) :- no57(B,C), \+some57(C,A) 0.294005102041 (4.0, 9.0, 90.0, 9.0) 0.823214285714 [ACCEPT]
[LVL9] rall57(A,B) :- no57(B,C), \+no57(A,C) 0.294005102041 (4.0, 9.0, 90.0, 9.0) 0.823214285714 [ACCEPT]
[LVL9] rall57(A,B) :- no57(B,C), \+no57(C,A) 0.222576530612 (3.0, 10.0, 89.0, 10.0) 0.779017857143 [ACCEPT]
[LVL9] rall57(A,B) :- no57(B,C), \+somenot57(A,C) 0.294005102041 (4.0, 9.0, 90.0, 9.0) 0.823214285714 [ACCEPT]
[LVL9] rall57(A,B) :- no57(B,C), \+somenot57(C,A) 0.222576530612 (3.0, 10.0, 89.0, 10.0) 0.779017857143 [ACCEPT]
[LVL9] rall57(A,B) :- all57(C,A), \+all57(C,B) 0.176339285714 (2.0, 9.0, 90.0, 11.0) 0.705357142857 [ACCEPT]
[LVL9] rall57(A,B) :- all57(C,A), \+all57(B,C) 0.259672619048 (3.0, 8.0, 91.0, 10.0) 0.779017857143 [ACCEPT]
[LVL9] rall57(A,B) :- all57(C,A), \+some57(C,B) 0.239697802198 (3.0, 9.0, 90.0, 10.0) 0.779017857143 [ACCEPT]
[LVL9] rall57(A,B) :- all57(C,A), \+some57(B,C) 0.259672619048 (3.0, 8.0, 91.0, 10.0) 0.779017857143 [ACCEPT]
[LVL9] rall57(A,B) :- all57(C,A), \+no57(C,B) 0.259672619048 (3.0, 8.0, 91.0, 10.0) 0.779017857143 [ACCEPT]
[LVL9] rall57(A,B) :- all57(C,A), \+no57(B,C) 0.176339285714 (2.0, 9.0, 90.0, 11.0) 0.705357142857 [ACCEPT]
[LVL9] rall57(A,B) :- all57(C,A), \+somenot57(C,B) 0.176339285714 (2.0, 9.0, 90.0, 11.0) 0.705357142857 [ACCEPT]
[LVL9] rall57(A,B) :- all57(C,B), \+all57(A,C) 0.176339285714 (2.0, 9.0, 90.0, 11.0) 0.705357142857 [ACCEPT]
[LVL9] rall57(A,B) :- all57(C,B), \+all57(C,A) 0.176339285714 (2.0, 9.0, 90.0, 11.0) 0.705357142857 [ACCEPT]
[LVL9] rall57(A,B) :- all57(C,B), \+some57(A,C) 0.259672619048 (3.0, 8.0, 91.0, 10.0) 0.779017857143 [ACCEPT]
[LVL9] rall57(A,B) :- all57(C,B), \+some57(C,A) 0.239697802198 (3.0, 9.0, 90.0, 10.0) 0.779017857143 [ACCEPT]
[LVL9] rall57(A,B) :- all57(C,B), \+no57(A,C) 0.176339285714 (2.0, 9.0, 90.0, 11.0) 0.705357142857 [ACCEPT]
[LVL9] rall57(A,B) :- all57(C,B), \+no57(C,A) 0.259672619048 (3.0, 8.0, 91.0, 10.0) 0.779017857143 [ACCEPT]
[LVL9] rall57(A,B) :- all57(C,B), \+somenot57(C,A) 0.259672619048 (3.0, 8.0, 91.0, 10.0) 0.779017857143 [ACCEPT]
[LVL9] rall57(A,B) :- no57(C,A), \+all57(C,B) 0.141071428571 (2.0, 12.0, 87.0, 11.0) 0.705357142857 [ACCEPT]
[LVL9] rall57(A,B) :- no57(C,A), \+all57(B,C) 0.141071428571 (2.0, 12.0, 87.0, 11.0) 0.705357142857 [ACCEPT]
[LVL9] rall57(A,B) :- no57(C,A), \+some57(C,B) 0.141071428571 (2.0, 12.0, 87.0, 11.0) 0.705357142857 [ACCEPT]
[LVL9] rall57(A,B) :- no57(C,A), \+some57(B,C) 0.141071428571 (2.0, 12.0, 87.0, 11.0) 0.705357142857 [ACCEPT]
[LVL9] rall57(A,B) :- no57(C,A), \+no57(C,B) 0.141071428571 (2.0, 12.0, 87.0, 11.0) 0.705357142857 [ACCEPT]
[LVL9] rall57(A,B) :- no57(C,A), \+somenot57(C,B) 0.141071428571 (2.0, 12.0, 87.0, 11.0) 0.705357142857 [ACCEPT]
[LVL9] rall57(A,B) :- no57(C,B), \+all57(C,A) 0.141071428571 (2.0, 12.0, 87.0, 11.0) 0.705357142857 [ACCEPT]
[LVL9] rall57(A,B) :- no57(C,B), \+some57(A,C) 0.141071428571 (2.0, 12.0, 87.0, 11.0) 0.705357142857 [ACCEPT]
[LVL9] rall57(A,B) :- no57(C,B), \+some57(C,A) 0.141071428571 (2.0, 12.0, 87.0, 11.0) 0.705357142857 [ACCEPT]
[LVL9] rall57(A,B) :- no57(C,B), \+no57(A,C) 0.141071428571 (2.0, 12.0, 87.0, 11.0) 0.705357142857 [ACCEPT]
[LVL9] rall57(A,B) :- no57(C,B), \+no57(C,A) 0.141071428571 (2.0, 12.0, 87.0, 11.0) 0.705357142857 [ACCEPT]
[LVL9] rall57(A,B) :- no57(C,B), \+somenot57(C,A) 0.141071428571 (2.0, 12.0, 87.0, 11.0) 0.705357142857 [ACCEPT]
[DEBUG] Best rule so far: rall57(A,B) :- all57(A,C), no57(B,C) [0.558035714286]
[DEBUG] Candidates for iteration 3:
[DEBUG] ==================================
[DEBUG] rall57(A,B) :- all57(A,C), \+somenot57(C,B) 0.426339285714
[DEBUG] rall57(A,B) :- all57(A,C), \+some57(C,B) 0.393543956044
[DEBUG] rall57(A,B) :- all57(A,C), \+somenot57(B,C) 0.393543956044
[DEBUG] rall57(A,B) :- all57(A,C), all57(C,B) 0.372023809524
[DEBUG] rall57(A,B) :- all57(A,C), all57(B,C) 0.372023809524
[DEBUG] rall57(A,B) :- all57(A,C), all57(C,D) 0.372023809524
[DEBUG] rall57(A,B) :- all57(A,C), all57(B,D) 0.372023809524
[DEBUG] rall57(A,B) :- all57(A,C), all57(D,B) 0.372023809524
[DEBUG] rall57(A,B) :- all57(A,C), some57(B,C) 0.372023809524
[DEBUG] rall57(A,B) :- all57(A,C), some57(B,D) 0.372023809524
[DEBUG] rall57(A,B) :- all57(A,C), some57(D,C) 0.372023809524
[DEBUG] rall57(A,B) :- all57(A,C), no57(C,B) 0.372023809524
[DEBUG] rall57(A,B) :- all57(A,C), \+all57(C,B) 0.343005952381
[DEBUG] rall57(A,B) :- all57(A,C), \+all57(B,C) 0.343005952381
[DEBUG] rall57(A,B) :- all57(A,C), \+some57(B,C) 0.343005952381
[DEBUG] rall57(A,B) :- all57(A,C), \+no57(C,B) 0.343005952381
[DEBUG] rall57(A,B) :- no57(B,C), \+some57(A,C) 0.294005102041
[DEBUG] rall57(A,B) :- no57(B,C), \+some57(C,A) 0.294005102041
[DEBUG] rall57(A,B) :- no57(B,C), \+no57(A,C) 0.294005102041
[DEBUG] rall57(A,B) :- no57(B,C), \+somenot57(A,C) 0.294005102041
[DEBUG] rall57(A,B) :- all57(C,A), \+all57(B,C) 0.259672619048
[DEBUG] rall57(A,B) :- all57(C,A), \+some57(B,C) 0.259672619048
[DEBUG] rall57(A,B) :- all57(C,A), \+no57(C,B) 0.259672619048
[DEBUG] rall57(A,B) :- all57(C,B), \+some57(A,C) 0.259672619048
[DEBUG] rall57(A,B) :- all57(C,B), \+no57(C,A) 0.259672619048
[DEBUG] rall57(A,B) :- all57(C,B), \+somenot57(C,A) 0.259672619048
[DEBUG] rall57(A,B) :- all57(C,A), \+some57(C,B) 0.239697802198
[DEBUG] rall57(A,B) :- all57(C,B), \+some57(C,A) 0.239697802198
[DEBUG] rall57(A,B) :- no57(B,C), \+all57(C,A) 0.222576530612
[DEBUG] rall57(A,B) :- no57(B,C), \+no57(C,A) 0.222576530612
[DEBUG] rall57(A,B) :- no57(B,C), \+somenot57(C,A) 0.222576530612
[DEBUG] rall57(A,B) :- all57(C,A), \+all57(C,B) 0.176339285714
[DEBUG] rall57(A,B) :- all57(C,A), \+no57(B,C) 0.176339285714
[DEBUG] rall57(A,B) :- all57(C,A), \+somenot57(C,B) 0.176339285714
[DEBUG] rall57(A,B) :- all57(C,B), \+all57(A,C) 0.176339285714
[DEBUG] rall57(A,B) :- all57(C,B), \+all57(C,A) 0.176339285714
[DEBUG] rall57(A,B) :- all57(C,B), \+no57(A,C) 0.176339285714
[DEBUG] rall57(A,B) :- no57(C,A), \+all57(C,B) 0.141071428571
[DEBUG] rall57(A,B) :- no57(C,A), \+all57(B,C) 0.141071428571
[DEBUG] rall57(A,B) :- no57(C,A), \+some57(C,B) 0.141071428571
[DEBUG] rall57(A,B) :- no57(C,A), \+some57(B,C) 0.141071428571
[DEBUG] rall57(A,B) :- no57(C,A), \+no57(C,B) 0.141071428571
[DEBUG] rall57(A,B) :- no57(C,A), \+somenot57(C,B) 0.141071428571
[DEBUG] rall57(A,B) :- no57(C,B), \+all57(C,A) 0.141071428571
[DEBUG] rall57(A,B) :- no57(C,B), \+some57(A,C) 0.141071428571
[DEBUG] rall57(A,B) :- no57(C,B), \+some57(C,A) 0.141071428571
[DEBUG] rall57(A,B) :- no57(C,B), \+no57(A,C) 0.141071428571
[DEBUG] rall57(A,B) :- no57(C,B), \+no57(C,A) 0.141071428571
[DEBUG] rall57(A,B) :- no57(C,B), \+somenot57(C,A) 0.141071428571
[DEBUG] ==================================
[INFO] RULE LEARNED: rall57(A,B) :- all57(A,C), no57(B,C) 0.892857142857
[DEBUG] Best rule so far: rall57(A,B) :- true [0.108108108108]
[DEBUG] Candidates for iteration 1:
[DEBUG] ==================================
[DEBUG] rall57(A,B) :- true 0.108108108108
[DEBUG] ==================================
[LVL9] rall57(A,B) :- all57(A,C) 0.316008316008 (5.0, 8.0, 91.0, 8.0) 0.821621621622 [ACCEPT]
[LVL9] BETTER RULE rall57(A,B) :- all57(A,C) (0.31600831600831597, 5.0) > (0.10810810810810811, 13.0)
[LVL9] rall57(A,B) :- all57(B,C) 0.0 (2.0, 12.0, 87.0, 11.0) 0.554054054054 [ACCEPT]
[LVL9] rall57(A,B) :- all57(C,A) 0.222007722008 (4.0, 10.0, 89.0, 9.0) 0.777027027027 [ACCEPT]
[LVL9] rall57(A,B) :- all57(C,B) 0.222007722008 (4.0, 10.0, 89.0, 9.0) 0.777027027027 [ACCEPT]
[LVL9] rall57(A,B) :- some57(B,C) 0.0 (2.0, 15.0, 84.0, 11.0) 0.554054054054 [ACCEPT]
[LVL9] rall57(A,B) :- no57(A,C) 0.0 (2.0, 14.0, 85.0, 11.0) 0.554054054054 [ACCEPT]
[LVL9] rall57(A,B) :- no57(B,C) 0.207207207207 (4.0, 11.0, 88.0, 9.0) 0.777027027027 [ACCEPT]
[LVL9] rall57(A,B) :- no57(C,A) 0.1240063593 (3.0, 14.0, 85.0, 10.0) 0.702702702703 [ACCEPT]
[LVL9] rall57(A,B) :- no57(C,B) 0.1240063593 (3.0, 14.0, 85.0, 10.0) 0.702702702703 [ACCEPT]
[LVL9] rall57(A,B) :- somenot57(A,C) 0.0 (2.0, 11.0, 88.0, 11.0) 0.554054054054 [ACCEPT]
[LVL9] rall57(A,B) :- somenot57(B,C) 0.0 (2.0, 11.0, 88.0, 11.0) 0.554054054054 [ACCEPT]
[LVL9] rall57(A,B) :- somenot57(C,A) 0.0 (2.0, 15.0, 84.0, 11.0) 0.554054054054 [ACCEPT]
[LVL9] rall57(A,B) :- somenot57(C,B) 0.0 (2.0, 15.0, 84.0, 11.0) 0.554054054054 [ACCEPT]
[DEBUG] Best rule so far: rall57(A,B) :- all57(A,C) [0.316008316008]
[DEBUG] Candidates for iteration 2:
[DEBUG] ==================================
[DEBUG] rall57(A,B) :- all57(A,C) 0.316008316008
[DEBUG] rall57(A,B) :- all57(C,A) 0.222007722008
[DEBUG] rall57(A,B) :- all57(C,B) 0.222007722008
[DEBUG] rall57(A,B) :- no57(B,C) 0.207207207207
[DEBUG] rall57(A,B) :- no57(C,A) 0.1240063593
[DEBUG] rall57(A,B) :- no57(C,B) 0.1240063593
[DEBUG] rall57(A,B) :- all57(B,C) 0.0
[DEBUG] rall57(A,B) :- some57(B,C) 0.0
[DEBUG] rall57(A,B) :- no57(A,C) 0.0
[DEBUG] rall57(A,B) :- somenot57(A,C) 0.0
[DEBUG] rall57(A,B) :- somenot57(B,C) 0.0
[DEBUG] rall57(A,B) :- somenot57(C,A) 0.0
[DEBUG] rall57(A,B) :- somenot57(C,B) 0.0
[DEBUG] ==================================
[LVL9] rall57(A,B) :- all57(A,C), all57(C,B) 0.369369369369 (2.0, 1.0, 98.0, 11.0) 0.554054054054 [ACCEPT]
[LVL9] BETTER RULE rall57(A,B) :- all57(A,C), all57(C,B) (0.36936936936936937, 2.0) > (0.31600831600831597, 5.0)
[LVL9] rall57(A,B) :- all57(A,C), all57(B,C) 0.369369369369 (2.0, 1.0, 98.0, 11.0) 0.554054054054 [ACCEPT]
[LVL9] rall57(A,B) :- all57(A,C), all57(C,D) 0.369369369369 (2.0, 1.0, 98.0, 11.0) 0.554054054054 [ACCEPT]
[LVL9] rall57(A,B) :- all57(A,C), all57(B,D) 0.369369369369 (2.0, 1.0, 98.0, 11.0) 0.554054054054 [ACCEPT]
[LVL9] rall57(A,B) :- all57(A,C), all57(D,B) 0.369369369369 (2.0, 1.0, 98.0, 11.0) 0.554054054054 [ACCEPT]
[LVL9] rall57(A,B) :- all57(A,C), some57(B,C) 0.369369369369 (2.0, 1.0, 98.0, 11.0) 0.554054054054 [ACCEPT]
[LVL9] rall57(A,B) :- all57(A,C), some57(B,D) 0.369369369369 (2.0, 1.0, 98.0, 11.0) 0.554054054054 [ACCEPT]
[LVL9] rall57(A,B) :- all57(A,C), some57(D,C) 0.369369369369 (2.0, 1.0, 98.0, 11.0) 0.554054054054 [ACCEPT]
[LVL9] rall57(A,B) :- all57(A,C), no57(C,B) 0.369369369369 (2.0, 1.0, 98.0, 11.0) 0.554054054054 [ACCEPT]
[LVL9] rall57(A,B) :- all57(A,C), no57(C,D) 0.369369369369 (2.0, 1.0, 98.0, 11.0) 0.554054054054 [ACCEPT]
[LVL9] rall57(A,B) :- all57(A,C), no57(D,B) 0.369369369369 (2.0, 1.0, 98.0, 11.0) 0.554054054054 [ACCEPT]
[LVL9] rall57(A,B) :- all57(A,C), \+all57(C,B) 0.282555282555 (4.0, 7.0, 92.0, 9.0) 0.777027027027 [ACCEPT]
[LVL9] rall57(A,B) :- all57(A,C), \+all57(B,C) 0.282555282555 (4.0, 7.0, 92.0, 9.0) 0.777027027027 [ACCEPT]
[LVL9] rall57(A,B) :- all57(A,C), \+some57(C,B) 0.342342342342 (5.0, 7.0, 92.0, 8.0) 0.821621621622 [ACCEPT]
[LVL9] rall57(A,B) :- all57(A,C), \+some57(B,C) 0.282555282555 (4.0, 7.0, 92.0, 9.0) 0.777027027027 [ACCEPT]
[LVL9] rall57(A,B) :- all57(A,C), \+no57(C,B) 0.282555282555 (4.0, 7.0, 92.0, 9.0) 0.777027027027 [ACCEPT]
[LVL9] rall57(A,B) :- all57(A,C), \+somenot57(C,B) 0.373464373464 (5.0, 6.0, 93.0, 8.0) 0.821621621622 [ACCEPT]
[LVL9] BETTER RULE rall57(A,B) :- all57(A,C), \+somenot57(C,B) (0.37346437346437344, 5.0) > (0.36936936936936937, 2.0)
[LVL9] rall57(A,B) :- all57(A,C), \+somenot57(B,C) 0.342342342342 (5.0, 7.0, 92.0, 8.0) 0.821621621622 [ACCEPT]
[LVL9] rall57(A,B) :- all57(C,A), all57(C,B) 0.369369369369 (2.0, 1.0, 98.0, 11.0) 0.554054054054 [ACCEPT]
[LVL9] rall57(A,B) :- all57(C,A), all57(D,B) 0.369369369369 (2.0, 1.0, 98.0, 11.0) 0.554054054054 [ACCEPT]
[LVL9] rall57(A,B) :- all57(C,A), no57(B,C) 0.369369369369 (2.0, 1.0, 98.0, 11.0) 0.554054054054 [ACCEPT]
[LVL9] rall57(A,B) :- all57(C,A), no57(B,D) 0.369369369369 (2.0, 1.0, 98.0, 11.0) 0.554054054054 [ACCEPT]
[LVL9] rall57(A,B) :- all57(C,A), no57(D,C) 0.369369369369 (2.0, 1.0, 98.0, 11.0) 0.554054054054 [ACCEPT]
[LVL9] rall57(A,B) :- all57(C,A), somenot57(C,B) 0.369369369369 (2.0, 1.0, 98.0, 11.0) 0.554054054054 [ACCEPT]
[LVL9] rall57(A,B) :- all57(C,A), somenot57(C,D) 0.369369369369 (2.0, 1.0, 98.0, 11.0) 0.554054054054 [ACCEPT]
[LVL9] rall57(A,B) :- all57(C,A), somenot57(D,B) 0.369369369369 (2.0, 1.0, 98.0, 11.0) 0.554054054054 [ACCEPT]
[LVL9] rall57(A,B) :- all57(C,A), \+all57(C,B) 0.175675675676 (3.0, 9.0, 90.0, 10.0) 0.702702702703 [ACCEPT]
[LVL9] rall57(A,B) :- all57(C,A), \+all57(B,C) 0.259009009009 (4.0, 8.0, 91.0, 9.0) 0.777027027027 [ACCEPT]
[LVL9] rall57(A,B) :- all57(C,A), \+some57(C,B) 0.239085239085 (4.0, 9.0, 90.0, 9.0) 0.777027027027 [ACCEPT]
[LVL9] rall57(A,B) :- all57(C,A), \+some57(B,C) 0.259009009009 (4.0, 8.0, 91.0, 9.0) 0.777027027027 [ACCEPT]
[LVL9] rall57(A,B) :- all57(C,A), \+no57(C,B) 0.259009009009 (4.0, 8.0, 91.0, 9.0) 0.777027027027 [ACCEPT]
[LVL9] rall57(A,B) :- all57(C,A), \+no57(B,C) 0.175675675676 (3.0, 9.0, 90.0, 10.0) 0.702702702703 [ACCEPT]
[LVL9] rall57(A,B) :- all57(C,A), \+somenot57(C,B) 0.175675675676 (3.0, 9.0, 90.0, 10.0) 0.702702702703 [ACCEPT]
[LVL9] rall57(A,B) :- all57(C,B), all57(A,D) 0.369369369369 (2.0, 1.0, 98.0, 11.0) 0.554054054054 [ACCEPT]
[LVL9] rall57(A,B) :- all57(C,B), all57(D,A) 0.369369369369 (2.0, 1.0, 98.0, 11.0) 0.554054054054 [ACCEPT]
[LVL9] rall57(A,B) :- all57(C,B), all57(D,C) 0.369369369369 (2.0, 1.0, 98.0, 11.0) 0.554054054054 [ACCEPT]
[LVL9] rall57(A,B) :- all57(C,B), no57(A,C) 0.369369369369 (2.0, 1.0, 98.0, 11.0) 0.554054054054 [ACCEPT]
[LVL9] rall57(A,B) :- all57(C,B), no57(A,D) 0.369369369369 (2.0, 1.0, 98.0, 11.0) 0.554054054054 [ACCEPT]
[LVL9] rall57(A,B) :- all57(C,B), no57(D,C) 0.369369369369 (2.0, 1.0, 98.0, 11.0) 0.554054054054 [ACCEPT]
[LVL9] rall57(A,B) :- all57(C,B), \+all57(A,C) 0.175675675676 (3.0, 9.0, 90.0, 10.0) 0.702702702703 [ACCEPT]
[LVL9] rall57(A,B) :- all57(C,B), \+all57(C,A) 0.175675675676 (3.0, 9.0, 90.0, 10.0) 0.702702702703 [ACCEPT]
[LVL9] rall57(A,B) :- all57(C,B), \+some57(A,C) 0.259009009009 (4.0, 8.0, 91.0, 9.0) 0.777027027027 [ACCEPT]
[LVL9] rall57(A,B) :- all57(C,B), \+some57(C,A) 0.239085239085 (4.0, 9.0, 90.0, 9.0) 0.777027027027 [ACCEPT]
[LVL9] rall57(A,B) :- all57(C,B), \+no57(A,C) 0.175675675676 (3.0, 9.0, 90.0, 10.0) 0.702702702703 [ACCEPT]
[LVL9] rall57(A,B) :- all57(C,B), \+no57(C,A) 0.259009009009 (4.0, 8.0, 91.0, 9.0) 0.777027027027 [ACCEPT]
[LVL9] rall57(A,B) :- all57(C,B), \+somenot57(C,A) 0.259009009009 (4.0, 8.0, 91.0, 9.0) 0.777027027027 [ACCEPT]
[LVL9] rall57(A,B) :- no57(B,C), all57(C,D) 0.369369369369 (2.0, 1.0, 98.0, 11.0) 0.554054054054 [ACCEPT]
[LVL9] rall57(A,B) :- no57(B,C), all57(D,A) 0.369369369369 (2.0, 1.0, 98.0, 11.0) 0.554054054054 [ACCEPT]
[LVL9] rall57(A,B) :- no57(B,C), no57(C,A) 0.369369369369 (2.0, 1.0, 98.0, 11.0) 0.554054054054 [ACCEPT]
[LVL9] rall57(A,B) :- no57(B,C), no57(C,D) 0.369369369369 (2.0, 1.0, 98.0, 11.0) 0.554054054054 [ACCEPT]
[LVL9] rall57(A,B) :- no57(B,C), no57(D,A) 0.369369369369 (2.0, 1.0, 98.0, 11.0) 0.554054054054 [ACCEPT]
[LVL9] rall57(A,B) :- no57(B,C), somenot57(C,A) 0.369369369369 (2.0, 1.0, 98.0, 11.0) 0.554054054054 [ACCEPT]
[LVL9] rall57(A,B) :- no57(B,C), somenot57(C,D) 0.369369369369 (2.0, 1.0, 98.0, 11.0) 0.554054054054 [ACCEPT]
[LVL9] rall57(A,B) :- no57(B,C), somenot57(D,A) 0.369369369369 (2.0, 1.0, 98.0, 11.0) 0.554054054054 [ACCEPT]
[LVL9] rall57(A,B) :- no57(B,C), \+all57(C,A) 0.162162162162 (3.0, 10.0, 89.0, 10.0) 0.702702702703 [ACCEPT]
[LVL9] rall57(A,B) :- no57(B,C), \+some57(A,C) 0.239085239085 (4.0, 9.0, 90.0, 9.0) 0.777027027027 [ACCEPT]
[LVL9] rall57(A,B) :- no57(B,C), \+some57(C,A) 0.239085239085 (4.0, 9.0, 90.0, 9.0) 0.777027027027 [ACCEPT]
[LVL9] rall57(A,B) :- no57(B,C), \+no57(A,C) 0.239085239085 (4.0, 9.0, 90.0, 9.0) 0.777027027027 [ACCEPT]
[LVL9] rall57(A,B) :- no57(B,C), \+no57(C,A) 0.162162162162 (3.0, 10.0, 89.0, 10.0) 0.702702702703 [ACCEPT]
[LVL9] rall57(A,B) :- no57(B,C), \+somenot57(A,C) 0.239085239085 (4.0, 9.0, 90.0, 9.0) 0.777027027027 [ACCEPT]
[LVL9] rall57(A,B) :- no57(B,C), \+somenot57(C,A) 0.162162162162 (3.0, 10.0, 89.0, 10.0) 0.702702702703 [ACCEPT]
[LVL9] rall57(A,B) :- no57(C,A), no57(B,D) 0.369369369369 (2.0, 1.0, 98.0, 11.0) 0.554054054054 [ACCEPT]
[LVL9] rall57(A,B) :- no57(C,A), no57(D,C) 0.369369369369 (2.0, 1.0, 98.0, 11.0) 0.554054054054 [ACCEPT]
[LVL9] rall57(A,B) :- no57(C,A), somenot57(B,C) 0.369369369369 (2.0, 1.0, 98.0, 11.0) 0.554054054054 [ACCEPT]
[LVL9] rall57(A,B) :- no57(C,A), somenot57(B,D) 0.369369369369 (2.0, 1.0, 98.0, 11.0) 0.554054054054 [ACCEPT]
[LVL9] rall57(A,B) :- no57(C,A), somenot57(D,C) 0.369369369369 (2.0, 1.0, 98.0, 11.0) 0.554054054054 [ACCEPT]
[LVL9] rall57(A,B) :- no57(C,A), \+all57(C,B) 0.140540540541 (3.0, 12.0, 87.0, 10.0) 0.702702702703 [ACCEPT]
[LVL9] rall57(A,B) :- no57(C,A), \+all57(B,C) 0.140540540541 (3.0, 12.0, 87.0, 10.0) 0.702702702703 [ACCEPT]
[LVL9] rall57(A,B) :- no57(C,A), \+some57(C,B) 0.140540540541 (3.0, 12.0, 87.0, 10.0) 0.702702702703 [ACCEPT]
[LVL9] rall57(A,B) :- no57(C,A), \+some57(B,C) 0.140540540541 (3.0, 12.0, 87.0, 10.0) 0.702702702703 [ACCEPT]
[LVL9] rall57(A,B) :- no57(C,A), \+no57(C,B) 0.140540540541 (3.0, 12.0, 87.0, 10.0) 0.702702702703 [ACCEPT]
[LVL9] rall57(A,B) :- no57(C,A), \+no57(B,C) 0.0 (2.0, 13.0, 86.0, 11.0) 0.554054054054 [ACCEPT]
[LVL9] rall57(A,B) :- no57(C,A), \+somenot57(C,B) 0.140540540541 (3.0, 12.0, 87.0, 10.0) 0.702702702703 [ACCEPT]
[LVL9] rall57(A,B) :- no57(C,A), \+somenot57(B,C) 0.0 (2.0, 13.0, 86.0, 11.0) 0.554054054054 [ACCEPT]
[LVL9] rall57(A,B) :- no57(C,B), all57(A,D) 0.369369369369 (2.0, 1.0, 98.0, 11.0) 0.554054054054 [ACCEPT]
[LVL9] rall57(A,B) :- no57(C,B), all57(D,C) 0.369369369369 (2.0, 1.0, 98.0, 11.0) 0.554054054054 [ACCEPT]
[LVL9] rall57(A,B) :- no57(C,B), somenot57(A,C) 0.369369369369 (2.0, 1.0, 98.0, 11.0) 0.554054054054 [ACCEPT]
[LVL9] rall57(A,B) :- no57(C,B), somenot57(A,D) 0.369369369369 (2.0, 1.0, 98.0, 11.0) 0.554054054054 [ACCEPT]
[LVL9] rall57(A,B) :- no57(C,B), somenot57(D,C) 0.369369369369 (2.0, 1.0, 98.0, 11.0) 0.554054054054 [ACCEPT]
[LVL9] rall57(A,B) :- no57(C,B), \+all57(A,C) 0.0 (2.0, 13.0, 86.0, 11.0) 0.554054054054 [ACCEPT]
[LVL9] rall57(A,B) :- no57(C,B), \+all57(C,A) 0.140540540541 (3.0, 12.0, 87.0, 10.0) 0.702702702703 [ACCEPT]
[LVL9] rall57(A,B) :- no57(C,B), \+some57(A,C) 0.140540540541 (3.0, 12.0, 87.0, 10.0) 0.702702702703 [ACCEPT]
[LVL9] rall57(A,B) :- no57(C,B), \+some57(C,A) 0.140540540541 (3.0, 12.0, 87.0, 10.0) 0.702702702703 [ACCEPT]
[LVL9] rall57(A,B) :- no57(C,B), \+no57(A,C) 0.140540540541 (3.0, 12.0, 87.0, 10.0) 0.702702702703 [ACCEPT]
[LVL9] rall57(A,B) :- no57(C,B), \+no57(C,A) 0.140540540541 (3.0, 12.0, 87.0, 10.0) 0.702702702703 [ACCEPT]
[LVL9] rall57(A,B) :- no57(C,B), \+somenot57(A,C) 0.0 (2.0, 13.0, 86.0, 11.0) 0.554054054054 [ACCEPT]
[LVL9] rall57(A,B) :- no57(C,B), \+somenot57(C,A) 0.140540540541 (3.0, 12.0, 87.0, 10.0) 0.702702702703 [ACCEPT]
[LVL9] rall57(A,B) :- all57(B,C), all57(A,D) 0.369369369369 (2.0, 1.0, 98.0, 11.0) 0.554054054054 [ACCEPT]
[LVL9] rall57(A,B) :- all57(B,C), \+all57(C,A) 0.0 (2.0, 10.0, 89.0, 11.0) 0.554054054054 [ACCEPT]
[LVL9] rall57(A,B) :- all57(B,C), \+some57(A,C) 0.0 (2.0, 10.0, 89.0, 11.0) 0.554054054054 [ACCEPT]
[LVL9] rall57(A,B) :- all57(B,C), \+some57(C,A) 0.0 (2.0, 11.0, 88.0, 11.0) 0.554054054054 [ACCEPT]
[LVL9] rall57(A,B) :- all57(B,C), \+no57(A,C) 0.0 (2.0, 11.0, 88.0, 11.0) 0.554054054054 [ACCEPT]
[LVL9] rall57(A,B) :- all57(B,C), \+no57(C,A) 0.0 (2.0, 10.0, 89.0, 11.0) 0.554054054054 [ACCEPT]
[LVL9] rall57(A,B) :- all57(B,C), \+somenot57(A,C) 0.0 (2.0, 11.0, 88.0, 11.0) 0.554054054054 [ACCEPT]
[LVL9] rall57(A,B) :- all57(B,C), \+somenot57(C,A) 0.0 (2.0, 10.0, 89.0, 11.0) 0.554054054054 [ACCEPT]
[LVL9] rall57(A,B) :- some57(B,C), all57(A,D) 0.369369369369 (2.0, 1.0, 98.0, 11.0) 0.554054054054 [ACCEPT]
[LVL9] rall57(A,B) :- some57(B,C), all57(D,C) 0.369369369369 (2.0, 1.0, 98.0, 11.0) 0.554054054054 [ACCEPT]
[LVL9] rall57(A,B) :- some57(B,C), \+all57(C,A) 0.0 (2.0, 13.0, 86.0, 11.0) 0.554054054054 [ACCEPT]
[LVL9] rall57(A,B) :- some57(B,C), \+some57(A,C) 0.0 (2.0, 13.0, 86.0, 11.0) 0.554054054054 [ACCEPT]
[LVL9] rall57(A,B) :- some57(B,C), \+some57(C,A) 0.0 (2.0, 13.0, 86.0, 11.0) 0.554054054054 [ACCEPT]
[LVL9] rall57(A,B) :- no57(A,C), all57(C,D) 0.369369369369 (2.0, 1.0, 98.0, 11.0) 0.554054054054 [ACCEPT]
[LVL9] rall57(A,B) :- no57(A,C), all57(D,B) 0.369369369369 (2.0, 1.0, 98.0, 11.0) 0.554054054054 [ACCEPT]
[LVL9] rall57(A,B) :- somenot57(A,C), no57(C,D) 0.369369369369 (2.0, 1.0, 98.0, 11.0) 0.554054054054 [ACCEPT]
[LVL9] rall57(A,B) :- somenot57(A,C), no57(D,B) 0.369369369369 (2.0, 1.0, 98.0, 11.0) 0.554054054054 [ACCEPT]
[LVL9] rall57(A,B) :- somenot57(B,C), no57(C,D) 0.369369369369 (2.0, 1.0, 98.0, 11.0) 0.554054054054 [ACCEPT]
[LVL9] rall57(A,B) :- somenot57(B,C), no57(D,A) 0.369369369369 (2.0, 1.0, 98.0, 11.0) 0.554054054054 [ACCEPT]
[LVL9] rall57(A,B) :- somenot57(C,A), no57(B,D) 0.369369369369 (2.0, 1.0, 98.0, 11.0) 0.554054054054 [ACCEPT]
[LVL9] rall57(A,B) :- somenot57(C,A), no57(D,C) 0.369369369369 (2.0, 1.0, 98.0, 11.0) 0.554054054054 [ACCEPT]
[LVL9] rall57(A,B) :- somenot57(C,B), all57(C,D) 0.369369369369 (2.0, 1.0, 98.0, 11.0) 0.554054054054 [ACCEPT]
[LVL9] rall57(A,B) :- somenot57(C,B), all57(D,A) 0.369369369369 (2.0, 1.0, 98.0, 11.0) 0.554054054054 [ACCEPT]
[DEBUG] Best rule so far: rall57(A,B) :- all57(A,C), \+somenot57(C,B) [0.373464373464]
[DEBUG] Candidates for iteration 3:
[DEBUG] ==================================
[DEBUG] rall57(A,B) :- all57(A,C), \+somenot57(C,B) 0.373464373464
[DEBUG] rall57(A,B) :- all57(A,C), all57(C,B) 0.369369369369
[DEBUG] rall57(A,B) :- all57(A,C), all57(B,C) 0.369369369369
[DEBUG] rall57(A,B) :- all57(A,C), all57(C,D) 0.369369369369
[DEBUG] rall57(A,B) :- all57(A,C), all57(B,D) 0.369369369369
[DEBUG] rall57(A,B) :- all57(A,C), all57(D,B) 0.369369369369
[DEBUG] rall57(A,B) :- all57(A,C), some57(B,C) 0.369369369369
[DEBUG] rall57(A,B) :- all57(A,C), some57(B,D) 0.369369369369
[DEBUG] rall57(A,B) :- all57(A,C), some57(D,C) 0.369369369369
[DEBUG] rall57(A,B) :- all57(A,C), no57(C,B) 0.369369369369
[DEBUG] rall57(A,B) :- all57(A,C), no57(C,D) 0.369369369369
[DEBUG] rall57(A,B) :- all57(A,C), no57(D,B) 0.369369369369
[DEBUG] rall57(A,B) :- all57(C,A), all57(C,B) 0.369369369369
[DEBUG] rall57(A,B) :- all57(C,A), all57(D,B) 0.369369369369
[DEBUG] rall57(A,B) :- all57(C,A), no57(B,C) 0.369369369369
[DEBUG] rall57(A,B) :- all57(C,A), no57(B,D) 0.369369369369
[DEBUG] rall57(A,B) :- all57(C,A), no57(D,C) 0.369369369369
[DEBUG] rall57(A,B) :- all57(C,A), somenot57(C,B) 0.369369369369
[DEBUG] rall57(A,B) :- all57(C,A), somenot57(C,D) 0.369369369369
[DEBUG] rall57(A,B) :- all57(C,A), somenot57(D,B) 0.369369369369
[DEBUG] rall57(A,B) :- all57(C,B), all57(A,D) 0.369369369369
[DEBUG] rall57(A,B) :- all57(C,B), all57(D,A) 0.369369369369
[DEBUG] rall57(A,B) :- all57(C,B), all57(D,C) 0.369369369369
[DEBUG] rall57(A,B) :- all57(C,B), no57(A,C) 0.369369369369
[DEBUG] rall57(A,B) :- all57(C,B), no57(A,D) 0.369369369369
[DEBUG] rall57(A,B) :- all57(C,B), no57(D,C) 0.369369369369
[DEBUG] rall57(A,B) :- no57(B,C), all57(C,D) 0.369369369369
[DEBUG] rall57(A,B) :- no57(B,C), all57(D,A) 0.369369369369
[DEBUG] rall57(A,B) :- no57(B,C), no57(C,A) 0.369369369369
[DEBUG] rall57(A,B) :- no57(B,C), no57(C,D) 0.369369369369
[DEBUG] rall57(A,B) :- no57(B,C), no57(D,A) 0.369369369369
[DEBUG] rall57(A,B) :- no57(B,C), somenot57(C,A) 0.369369369369
[DEBUG] rall57(A,B) :- no57(B,C), somenot57(C,D) 0.369369369369
[DEBUG] rall57(A,B) :- no57(B,C), somenot57(D,A) 0.369369369369
[DEBUG] rall57(A,B) :- no57(C,A), no57(B,D) 0.369369369369
[DEBUG] rall57(A,B) :- no57(C,A), no57(D,C) 0.369369369369
[DEBUG] rall57(A,B) :- no57(C,A), somenot57(B,C) 0.369369369369
[DEBUG] rall57(A,B) :- no57(C,A), somenot57(B,D) 0.369369369369
[DEBUG] rall57(A,B) :- no57(C,A), somenot57(D,C) 0.369369369369
[DEBUG] rall57(A,B) :- no57(C,B), all57(A,D) 0.369369369369
[DEBUG] rall57(A,B) :- no57(C,B), all57(D,C) 0.369369369369
[DEBUG] rall57(A,B) :- no57(C,B), somenot57(A,C) 0.369369369369
[DEBUG] rall57(A,B) :- no57(C,B), somenot57(A,D) 0.369369369369
[DEBUG] rall57(A,B) :- no57(C,B), somenot57(D,C) 0.369369369369
[DEBUG] rall57(A,B) :- all57(B,C), all57(A,D) 0.369369369369
[DEBUG] rall57(A,B) :- some57(B,C), all57(A,D) 0.369369369369
[DEBUG] rall57(A,B) :- some57(B,C), all57(D,C) 0.369369369369
[DEBUG] rall57(A,B) :- no57(A,C), all57(C,D) 0.369369369369
[DEBUG] rall57(A,B) :- no57(A,C), all57(D,B) 0.369369369369
[DEBUG] rall57(A,B) :- somenot57(A,C), no57(C,D) 0.369369369369
[DEBUG] rall57(A,B) :- somenot57(A,C), no57(D,B) 0.369369369369
[DEBUG] rall57(A,B) :- somenot57(B,C), no57(C,D) 0.369369369369
[DEBUG] rall57(A,B) :- somenot57(B,C), no57(D,A) 0.369369369369
[DEBUG] rall57(A,B) :- somenot57(C,A), no57(B,D) 0.369369369369
[DEBUG] rall57(A,B) :- somenot57(C,A), no57(D,C) 0.369369369369
[DEBUG] rall57(A,B) :- somenot57(C,B), all57(C,D) 0.369369369369
[DEBUG] rall57(A,B) :- somenot57(C,B), all57(D,A) 0.369369369369
[DEBUG] rall57(A,B) :- all57(A,C), \+some57(C,B) 0.342342342342
[DEBUG] rall57(A,B) :- all57(A,C), \+somenot57(B,C) 0.342342342342
[DEBUG] rall57(A,B) :- all57(A,C), \+all57(C,B) 0.282555282555
[DEBUG] rall57(A,B) :- all57(A,C), \+all57(B,C) 0.282555282555
[DEBUG] rall57(A,B) :- all57(A,C), \+some57(B,C) 0.282555282555
[DEBUG] rall57(A,B) :- all57(A,C), \+no57(C,B) 0.282555282555
[DEBUG] rall57(A,B) :- all57(C,A), \+all57(B,C) 0.259009009009
[DEBUG] rall57(A,B) :- all57(C,A), \+some57(B,C) 0.259009009009
[DEBUG] rall57(A,B) :- all57(C,A), \+no57(C,B) 0.259009009009
[DEBUG] rall57(A,B) :- all57(C,B), \+some57(A,C) 0.259009009009
[DEBUG] rall57(A,B) :- all57(C,B), \+no57(C,A) 0.259009009009
[DEBUG] rall57(A,B) :- all57(C,B), \+somenot57(C,A) 0.259009009009
[DEBUG] rall57(A,B) :- all57(C,A), \+some57(C,B) 0.239085239085
[DEBUG] rall57(A,B) :- all57(C,B), \+some57(C,A) 0.239085239085
[DEBUG] rall57(A,B) :- no57(B,C), \+some57(A,C) 0.239085239085
[DEBUG] rall57(A,B) :- no57(B,C), \+some57(C,A) 0.239085239085
[DEBUG] rall57(A,B) :- no57(B,C), \+no57(A,C) 0.239085239085
[DEBUG] rall57(A,B) :- no57(B,C), \+somenot57(A,C) 0.239085239085
[DEBUG] rall57(A,B) :- all57(C,A), \+all57(C,B) 0.175675675676
[DEBUG] rall57(A,B) :- all57(C,A), \+no57(B,C) 0.175675675676
[DEBUG] rall57(A,B) :- all57(C,A), \+somenot57(C,B) 0.175675675676
[DEBUG] rall57(A,B) :- all57(C,B), \+all57(A,C) 0.175675675676
[DEBUG] rall57(A,B) :- all57(C,B), \+all57(C,A) 0.175675675676
[DEBUG] rall57(A,B) :- all57(C,B), \+no57(A,C) 0.175675675676
[DEBUG] rall57(A,B) :- no57(B,C), \+all57(C,A) 0.162162162162
[DEBUG] rall57(A,B) :- no57(B,C), \+no57(C,A) 0.162162162162
[DEBUG] rall57(A,B) :- no57(B,C), \+somenot57(C,A) 0.162162162162
[DEBUG] rall57(A,B) :- no57(C,A), \+all57(C,B) 0.140540540541
[DEBUG] rall57(A,B) :- no57(C,A), \+all57(B,C) 0.140540540541
[DEBUG] rall57(A,B) :- no57(C,A), \+some57(C,B) 0.140540540541
[DEBUG] rall57(A,B) :- no57(C,A), \+some57(B,C) 0.140540540541
[DEBUG] rall57(A,B) :- no57(C,A), \+no57(C,B) 0.140540540541
[DEBUG] rall57(A,B) :- no57(C,A), \+somenot57(C,B) 0.140540540541
[DEBUG] rall57(A,B) :- no57(C,B), \+all57(C,A) 0.140540540541
[DEBUG] rall57(A,B) :- no57(C,B), \+some57(A,C) 0.140540540541
[DEBUG] rall57(A,B) :- no57(C,B), \+some57(C,A) 0.140540540541
[DEBUG] rall57(A,B) :- no57(C,B), \+no57(A,C) 0.140540540541
[DEBUG] rall57(A,B) :- no57(C,B), \+no57(C,A) 0.140540540541
[DEBUG] rall57(A,B) :- no57(C,B), \+somenot57(C,A) 0.140540540541
[DEBUG] rall57(A,B) :- no57(C,A), \+no57(B,C) 0.0
[DEBUG] rall57(A,B) :- no57(C,A), \+somenot57(B,C) 0.0
[DEBUG] rall57(A,B) :- no57(C,B), \+all57(A,C) 0.0
[DEBUG] rall57(A,B) :- no57(C,B), \+somenot57(A,C) 0.0
[DEBUG] ==================================
[INFO] RULE LEARNED: rall57(A,B) :- all57(A,C), \+somenot57(C,B) 0.875
