[LVL9] Output level: 9
[INFO] Random seed: 0.146430246457
[INFO] Computing scores: 0.0778s
[INFO] Number of examples (M): 124
[INFO] Positive weight (P): 7.0000
[INFO] Negative weight (N): 117.0000
[DEBUG] Best rule so far: rno76(A,B) :- true [0.0564516129032]
[DEBUG] Candidates for iteration 1:
[DEBUG] ==================================
[DEBUG] rno76(A,B) :- true 0.0564516129032
[DEBUG] ==================================
[LVL9] rno76(A,B) :- all76(B,C) 0.120967741935 (2.0, 14.0, 103.0, 5.0) 0.685483870968 [ACCEPT]
[LVL9] BETTER RULE rno76(A,B) :- all76(B,C) (0.12096774193548387, 2.0) > (0.056451612903225805, 7.0)
[LVL9] rno76(A,B) :- all76(C,A) 0.0621442125237 (1.0, 15.0, 102.0, 6.0) 0.528225806452 [ACCEPT]
[LVL9] rno76(A,B) :- all76(C,B) 0.120967741935 (2.0, 14.0, 103.0, 5.0) 0.685483870968 [ACCEPT]
[LVL9] rno76(A,B) :- some76(A,C) 0.0660282258065 (1.0, 14.0, 103.0, 6.0) 0.528225806452 [ACCEPT]
[LVL9] rno76(A,B) :- some76(B,C) 0.0660282258065 (1.0, 14.0, 103.0, 6.0) 0.528225806452 [ACCEPT]
[LVL9] rno76(A,B) :- some76(C,B) 0.0660282258065 (1.0, 14.0, 103.0, 6.0) 0.528225806452 [ACCEPT]
[LVL9] rno76(A,B) :- no76(A,C) 0.179791271347 (3.0, 13.0, 104.0, 4.0) 0.764112903226 [ACCEPT]
[LVL9] BETTER RULE rno76(A,B) :- no76(A,C) (0.1797912713472486, 3.0) > (0.12096774193548387, 2.0)
[LVL9] rno76(A,B) :- no76(C,A) 0.120967741935 (2.0, 14.0, 103.0, 5.0) 0.685483870968 [ACCEPT]
[LVL9] rno76(A,B) :- somenot76(B,C) 0.0621442125237 (1.0, 15.0, 102.0, 6.0) 0.528225806452 [ACCEPT]
[DEBUG] Best rule so far: rno76(A,B) :- no76(A,C) [0.179791271347]
[DEBUG] Candidates for iteration 2:
[DEBUG] ==================================
[DEBUG] rno76(A,B) :- no76(A,C) 0.179791271347
[DEBUG] rno76(A,B) :- all76(B,C) 0.120967741935
[DEBUG] rno76(A,B) :- all76(C,B) 0.120967741935
[DEBUG] rno76(A,B) :- no76(C,A) 0.120967741935
[DEBUG] rno76(A,B) :- some76(A,C) 0.0660282258065
[DEBUG] rno76(A,B) :- some76(B,C) 0.0660282258065
[DEBUG] rno76(A,B) :- some76(C,B) 0.0660282258065
[DEBUG] rno76(A,B) :- all76(C,A) 0.0621442125237
[DEBUG] rno76(A,B) :- somenot76(B,C) 0.0621442125237
[DEBUG] ==================================
[LVL9] rno76(A,B) :- no76(A,C), all76(C,B) 0.352150537634 (1.0, 1.0, 116.0, 6.0) 0.528225806452 [ACCEPT]
[LVL9] BETTER RULE rno76(A,B) :- no76(A,C), all76(C,B) (0.35215053763440857, 1.0) > (0.1797912713472486, 3.0)
[LVL9] rno76(A,B) :- no76(A,C), all76(B,C) 0.352150537634 (1.0, 1.0, 116.0, 6.0) 0.528225806452 [ACCEPT]
[LVL9] rno76(A,B) :- no76(A,C), all76(C,D) 0.352150537634 (1.0, 1.0, 116.0, 6.0) 0.528225806452 [ACCEPT]
[LVL9] rno76(A,B) :- no76(A,C), all76(B,D) 0.352150537634 (1.0, 1.0, 116.0, 6.0) 0.528225806452 [ACCEPT]
[LVL9] rno76(A,B) :- no76(A,C), all76(D,C) 0.352150537634 (1.0, 1.0, 116.0, 6.0) 0.528225806452 [ACCEPT]
[LVL9] rno76(A,B) :- no76(A,C), all76(D,B) 0.352150537634 (1.0, 1.0, 116.0, 6.0) 0.528225806452 [ACCEPT]
[LVL9] rno76(A,B) :- no76(A,C), some76(C,B) 0.352150537634 (1.0, 1.0, 116.0, 6.0) 0.528225806452 [ACCEPT]
[LVL9] rno76(A,B) :- no76(A,C), some76(C,D) 0.352150537634 (1.0, 1.0, 116.0, 6.0) 0.528225806452 [ACCEPT]
[LVL9] rno76(A,B) :- no76(A,C), some76(D,B) 0.352150537634 (1.0, 1.0, 116.0, 6.0) 0.528225806452 [ACCEPT]
[LVL9] rno76(A,B) :- no76(A,C), \+all76(C,B) 0.137096774194 (2.0, 12.0, 105.0, 5.0) 0.685483870968 [ACCEPT]
[LVL9] rno76(A,B) :- no76(A,C), \+all76(B,C) 0.137096774194 (2.0, 12.0, 105.0, 5.0) 0.685483870968 [ACCEPT]
[LVL9] rno76(A,B) :- no76(A,C), \+some76(C,B) 0.137096774194 (2.0, 12.0, 105.0, 5.0) 0.685483870968 [ACCEPT]
[LVL9] rno76(A,B) :- no76(A,C), \+some76(B,C) 0.20376344086 (3.0, 11.0, 106.0, 4.0) 0.764112903226 [ACCEPT]
[LVL9] rno76(A,B) :- no76(A,C), \+no76(C,B) 0.20376344086 (3.0, 11.0, 106.0, 4.0) 0.764112903226 [ACCEPT]
[LVL9] rno76(A,B) :- no76(A,C), \+no76(B,C) 0.20376344086 (3.0, 11.0, 106.0, 4.0) 0.764112903226 [ACCEPT]
[LVL9] rno76(A,B) :- no76(A,C), \+somenot76(C,B) 0.20376344086 (3.0, 11.0, 106.0, 4.0) 0.764112903226 [ACCEPT]
[LVL9] rno76(A,B) :- no76(A,C), \+somenot76(B,C) 0.20376344086 (3.0, 11.0, 106.0, 4.0) 0.764112903226 [ACCEPT]
[LVL9] rno76(A,B) :- all76(B,C), all76(C,A) 0.352150537634 (1.0, 1.0, 116.0, 6.0) 0.528225806452 [ACCEPT]
[LVL9] rno76(A,B) :- all76(B,C), all76(C,D) 0.352150537634 (1.0, 1.0, 116.0, 6.0) 0.528225806452 [ACCEPT]
[LVL9] rno76(A,B) :- all76(B,C), all76(D,A) 0.352150537634 (1.0, 1.0, 116.0, 6.0) 0.528225806452 [ACCEPT]
[LVL9] rno76(A,B) :- all76(B,C), no76(A,D) 0.352150537634 (1.0, 1.0, 116.0, 6.0) 0.528225806452 [ACCEPT]
[LVL9] rno76(A,B) :- all76(B,C), no76(D,C) 0.352150537634 (1.0, 1.0, 116.0, 6.0) 0.528225806452 [ACCEPT]
[LVL9] rno76(A,B) :- all76(B,C), \+all76(A,C) 0.137096774194 (2.0, 12.0, 105.0, 5.0) 0.685483870968 [ACCEPT]
[LVL9] rno76(A,B) :- all76(B,C), \+all76(C,A) 0.0704301075269 (1.0, 13.0, 104.0, 6.0) 0.528225806452 [ACCEPT]
[LVL9] rno76(A,B) :- all76(B,C), \+some76(A,C) 0.137096774194 (2.0, 12.0, 105.0, 5.0) 0.685483870968 [ACCEPT]
[LVL9] rno76(A,B) :- all76(B,C), \+some76(C,A) 0.137096774194 (2.0, 12.0, 105.0, 5.0) 0.685483870968 [ACCEPT]
[LVL9] rno76(A,B) :- all76(B,C), \+no76(A,C) 0.0704301075269 (1.0, 13.0, 104.0, 6.0) 0.528225806452 [ACCEPT]
[LVL9] rno76(A,B) :- all76(B,C), \+no76(C,A) 0.137096774194 (2.0, 12.0, 105.0, 5.0) 0.685483870968 [ACCEPT]
[LVL9] rno76(A,B) :- all76(B,C), \+somenot76(A,C) 0.137096774194 (2.0, 12.0, 105.0, 5.0) 0.685483870968 [ACCEPT]
[LVL9] rno76(A,B) :- all76(B,C), \+somenot76(C,A) 0.137096774194 (2.0, 12.0, 105.0, 5.0) 0.685483870968 [ACCEPT]
[LVL9] rno76(A,B) :- all76(C,B), no76(C,A) 0.352150537634 (1.0, 1.0, 116.0, 6.0) 0.528225806452 [ACCEPT]
[LVL9] rno76(A,B) :- all76(C,B), no76(A,D) 0.352150537634 (1.0, 1.0, 116.0, 6.0) 0.528225806452 [ACCEPT]
[LVL9] rno76(A,B) :- all76(C,B), no76(C,D) 0.352150537634 (1.0, 1.0, 116.0, 6.0) 0.528225806452 [ACCEPT]
[LVL9] rno76(A,B) :- all76(C,B), no76(D,A) 0.352150537634 (1.0, 1.0, 116.0, 6.0) 0.528225806452 [ACCEPT]
[LVL9] rno76(A,B) :- all76(C,B), no76(D,C) 0.352150537634 (1.0, 1.0, 116.0, 6.0) 0.528225806452 [ACCEPT]
[LVL9] rno76(A,B) :- all76(C,B), \+all76(A,C) 0.137096774194 (2.0, 12.0, 105.0, 5.0) 0.685483870968 [ACCEPT]
[LVL9] rno76(A,B) :- all76(C,B), \+all76(C,A) 0.137096774194 (2.0, 12.0, 105.0, 5.0) 0.685483870968 [ACCEPT]
[LVL9] rno76(A,B) :- all76(C,B), \+some76(A,C) 0.137096774194 (2.0, 12.0, 105.0, 5.0) 0.685483870968 [ACCEPT]
[LVL9] rno76(A,B) :- all76(C,B), \+some76(C,A) 0.137096774194 (2.0, 12.0, 105.0, 5.0) 0.685483870968 [ACCEPT]
[LVL9] rno76(A,B) :- all76(C,B), \+no76(A,C) 0.0704301075269 (1.0, 13.0, 104.0, 6.0) 0.528225806452 [ACCEPT]
[LVL9] rno76(A,B) :- all76(C,B), \+no76(C,A) 0.0704301075269 (1.0, 13.0, 104.0, 6.0) 0.528225806452 [ACCEPT]
[LVL9] rno76(A,B) :- all76(C,B), \+somenot76(A,C) 0.137096774194 (2.0, 12.0, 105.0, 5.0) 0.685483870968 [ACCEPT]
[LVL9] rno76(A,B) :- all76(C,B), \+somenot76(C,A) 0.137096774194 (2.0, 12.0, 105.0, 5.0) 0.685483870968 [ACCEPT]
[LVL9] rno76(A,B) :- no76(C,A), all76(C,D) 0.352150537634 (1.0, 1.0, 116.0, 6.0) 0.528225806452 [ACCEPT]
[LVL9] rno76(A,B) :- no76(C,A), all76(D,B) 0.352150537634 (1.0, 1.0, 116.0, 6.0) 0.528225806452 [ACCEPT]
[LVL9] rno76(A,B) :- no76(C,A), some76(B,C) 0.352150537634 (1.0, 1.0, 116.0, 6.0) 0.528225806452 [ACCEPT]
[LVL9] rno76(A,B) :- no76(C,A), some76(B,D) 0.352150537634 (1.0, 1.0, 116.0, 6.0) 0.528225806452 [ACCEPT]
[LVL9] rno76(A,B) :- no76(C,A), some76(D,C) 0.352150537634 (1.0, 1.0, 116.0, 6.0) 0.528225806452 [ACCEPT]
[LVL9] rno76(A,B) :- no76(C,A), \+all76(C,B) 0.0704301075269 (1.0, 13.0, 104.0, 6.0) 0.528225806452 [ACCEPT]
[LVL9] rno76(A,B) :- no76(C,A), \+all76(B,C) 0.137096774194 (2.0, 12.0, 105.0, 5.0) 0.685483870968 [ACCEPT]
[LVL9] rno76(A,B) :- no76(C,A), \+some76(C,B) 0.137096774194 (2.0, 12.0, 105.0, 5.0) 0.685483870968 [ACCEPT]
[LVL9] rno76(A,B) :- no76(C,A), \+some76(B,C) 0.0704301075269 (1.0, 13.0, 104.0, 6.0) 0.528225806452 [ACCEPT]
[LVL9] rno76(A,B) :- no76(C,A), \+no76(C,B) 0.137096774194 (2.0, 12.0, 105.0, 5.0) 0.685483870968 [ACCEPT]
[LVL9] rno76(A,B) :- no76(C,A), \+no76(B,C) 0.137096774194 (2.0, 12.0, 105.0, 5.0) 0.685483870968 [ACCEPT]
[LVL9] rno76(A,B) :- no76(C,A), \+somenot76(C,B) 0.137096774194 (2.0, 12.0, 105.0, 5.0) 0.685483870968 [ACCEPT]
[LVL9] rno76(A,B) :- no76(C,A), \+somenot76(B,C) 0.137096774194 (2.0, 12.0, 105.0, 5.0) 0.685483870968 [ACCEPT]
[LVL9] rno76(A,B) :- some76(A,C), somenot76(B,C) 0.352150537634 (1.0, 1.0, 116.0, 6.0) 0.528225806452 [ACCEPT]
[LVL9] rno76(A,B) :- some76(A,C), somenot76(B,D) 0.352150537634 (1.0, 1.0, 116.0, 6.0) 0.528225806452 [ACCEPT]
[LVL9] rno76(A,B) :- some76(A,C), somenot76(D,C) 0.352150537634 (1.0, 1.0, 116.0, 6.0) 0.528225806452 [ACCEPT]
[LVL9] rno76(A,B) :- some76(A,C), \+all76(C,B) 0.0754608294931 (1.0, 12.0, 105.0, 6.0) 0.528225806452 [ACCEPT]
[LVL9] rno76(A,B) :- some76(A,C), \+all76(B,C) 0.0754608294931 (1.0, 12.0, 105.0, 6.0) 0.528225806452 [ACCEPT]
[LVL9] rno76(A,B) :- some76(A,C), \+some76(C,B) 0.0754608294931 (1.0, 12.0, 105.0, 6.0) 0.528225806452 [ACCEPT]
[LVL9] rno76(A,B) :- some76(A,C), \+some76(B,C) 0.0754608294931 (1.0, 12.0, 105.0, 6.0) 0.528225806452 [ACCEPT]
[LVL9] rno76(A,B) :- some76(A,C), \+no76(C,B) 0.0754608294931 (1.0, 12.0, 105.0, 6.0) 0.528225806452 [ACCEPT]
[LVL9] rno76(A,B) :- some76(A,C), \+no76(B,C) 0.0754608294931 (1.0, 12.0, 105.0, 6.0) 0.528225806452 [ACCEPT]
[LVL9] rno76(A,B) :- some76(A,C), \+somenot76(C,B) 0.0704301075269 (1.0, 13.0, 104.0, 6.0) 0.528225806452 [ACCEPT]
[LVL9] rno76(A,B) :- some76(B,C), no76(C,D) 0.352150537634 (1.0, 1.0, 116.0, 6.0) 0.528225806452 [ACCEPT]
[LVL9] rno76(A,B) :- some76(B,C), no76(D,A) 0.352150537634 (1.0, 1.0, 116.0, 6.0) 0.528225806452 [ACCEPT]
[LVL9] rno76(A,B) :- some76(B,C), \+all76(A,C) 0.0754608294931 (1.0, 12.0, 105.0, 6.0) 0.528225806452 [ACCEPT]
[LVL9] rno76(A,B) :- some76(B,C), \+all76(C,A) 0.0754608294931 (1.0, 12.0, 105.0, 6.0) 0.528225806452 [ACCEPT]
[LVL9] rno76(A,B) :- some76(B,C), \+some76(A,C) 0.0754608294931 (1.0, 12.0, 105.0, 6.0) 0.528225806452 [ACCEPT]
[LVL9] rno76(A,B) :- some76(B,C), \+some76(C,A) 0.0754608294931 (1.0, 12.0, 105.0, 6.0) 0.528225806452 [ACCEPT]
[LVL9] rno76(A,B) :- some76(B,C), \+no76(A,C) 0.0754608294931 (1.0, 12.0, 105.0, 6.0) 0.528225806452 [ACCEPT]
[LVL9] rno76(A,B) :- some76(B,C), \+somenot76(A,C) 0.0754608294931 (1.0, 12.0, 105.0, 6.0) 0.528225806452 [ACCEPT]
[LVL9] rno76(A,B) :- some76(B,C), \+somenot76(C,A) 0.0704301075269 (1.0, 13.0, 104.0, 6.0) 0.528225806452 [ACCEPT]
[LVL9] rno76(A,B) :- some76(C,B), no76(A,D) 0.352150537634 (1.0, 1.0, 116.0, 6.0) 0.528225806452 [ACCEPT]
[LVL9] rno76(A,B) :- some76(C,B), no76(D,C) 0.352150537634 (1.0, 1.0, 116.0, 6.0) 0.528225806452 [ACCEPT]
[LVL9] rno76(A,B) :- some76(C,B), \+all76(A,C) 0.0754608294931 (1.0, 12.0, 105.0, 6.0) 0.528225806452 [ACCEPT]
[LVL9] rno76(A,B) :- some76(C,B), \+all76(C,A) 0.0754608294931 (1.0, 12.0, 105.0, 6.0) 0.528225806452 [ACCEPT]
[LVL9] rno76(A,B) :- some76(C,B), \+some76(A,C) 0.0754608294931 (1.0, 12.0, 105.0, 6.0) 0.528225806452 [ACCEPT]
[LVL9] rno76(A,B) :- some76(C,B), \+some76(C,A) 0.0754608294931 (1.0, 12.0, 105.0, 6.0) 0.528225806452 [ACCEPT]
[LVL9] rno76(A,B) :- some76(C,B), \+no76(C,A) 0.0754608294931 (1.0, 12.0, 105.0, 6.0) 0.528225806452 [ACCEPT]
[LVL9] rno76(A,B) :- some76(C,B), \+somenot76(A,C) 0.0754608294931 (1.0, 12.0, 105.0, 6.0) 0.528225806452 [ACCEPT]
[LVL9] rno76(A,B) :- some76(C,B), \+somenot76(C,A) 0.0704301075269 (1.0, 13.0, 104.0, 6.0) 0.528225806452 [ACCEPT]
[LVL9] rno76(A,B) :- all76(C,A), all76(B,D) 0.352150537634 (1.0, 1.0, 116.0, 6.0) 0.528225806452 [ACCEPT]
[LVL9] rno76(A,B) :- all76(C,A), all76(D,C) 0.352150537634 (1.0, 1.0, 116.0, 6.0) 0.528225806452 [ACCEPT]
[LVL9] rno76(A,B) :- all76(C,A), \+all76(C,B) 0.0704301075269 (1.0, 13.0, 104.0, 6.0) 0.528225806452 [ACCEPT]
[LVL9] rno76(A,B) :- all76(C,A), \+some76(C,B) 0.0704301075269 (1.0, 13.0, 104.0, 6.0) 0.528225806452 [ACCEPT]
[LVL9] rno76(A,B) :- all76(C,A), \+some76(B,C) 0.0704301075269 (1.0, 13.0, 104.0, 6.0) 0.528225806452 [ACCEPT]
[LVL9] rno76(A,B) :- all76(C,A), \+no76(C,B) 0.0704301075269 (1.0, 13.0, 104.0, 6.0) 0.528225806452 [ACCEPT]
[LVL9] rno76(A,B) :- all76(C,A), \+no76(B,C) 0.0704301075269 (1.0, 13.0, 104.0, 6.0) 0.528225806452 [ACCEPT]
[LVL9] rno76(A,B) :- all76(C,A), \+somenot76(C,B) 0.0704301075269 (1.0, 13.0, 104.0, 6.0) 0.528225806452 [ACCEPT]
[LVL9] rno76(A,B) :- all76(C,A), \+somenot76(B,C) 0.0704301075269 (1.0, 13.0, 104.0, 6.0) 0.528225806452 [ACCEPT]
[LVL9] rno76(A,B) :- somenot76(B,C), some76(A,D) 0.352150537634 (1.0, 1.0, 116.0, 6.0) 0.528225806452 [ACCEPT]
[LVL9] rno76(A,B) :- somenot76(B,C), some76(D,C) 0.352150537634 (1.0, 1.0, 116.0, 6.0) 0.528225806452 [ACCEPT]
[LVL9] rno76(A,B) :- somenot76(B,C), \+all76(A,C) 0.0704301075269 (1.0, 13.0, 104.0, 6.0) 0.528225806452 [ACCEPT]
[LVL9] rno76(A,B) :- somenot76(B,C), \+all76(C,A) 0.0704301075269 (1.0, 13.0, 104.0, 6.0) 0.528225806452 [ACCEPT]
[LVL9] rno76(A,B) :- somenot76(B,C), \+some76(C,A) 0.0704301075269 (1.0, 13.0, 104.0, 6.0) 0.528225806452 [ACCEPT]
[LVL9] rno76(A,B) :- somenot76(B,C), \+no76(A,C) 0.0704301075269 (1.0, 13.0, 104.0, 6.0) 0.528225806452 [ACCEPT]
[LVL9] rno76(A,B) :- somenot76(B,C), \+no76(C,A) 0.0704301075269 (1.0, 13.0, 104.0, 6.0) 0.528225806452 [ACCEPT]
[DEBUG] Best rule so far: rno76(A,B) :- no76(A,C), all76(C,B) [0.352150537634]
[DEBUG] Candidates for iteration 3:
[DEBUG] ==================================
[DEBUG] rno76(A,B) :- no76(A,C), all76(C,B) 0.352150537634
[DEBUG] rno76(A,B) :- no76(A,C), all76(B,C) 0.352150537634
[DEBUG] rno76(A,B) :- no76(A,C), all76(C,D) 0.352150537634
[DEBUG] rno76(A,B) :- no76(A,C), all76(B,D) 0.352150537634
[DEBUG] rno76(A,B) :- no76(A,C), all76(D,C) 0.352150537634
[DEBUG] rno76(A,B) :- no76(A,C), all76(D,B) 0.352150537634
[DEBUG] rno76(A,B) :- no76(A,C), some76(C,B) 0.352150537634
[DEBUG] rno76(A,B) :- no76(A,C), some76(C,D) 0.352150537634
[DEBUG] rno76(A,B) :- no76(A,C), some76(D,B) 0.352150537634
[DEBUG] rno76(A,B) :- all76(B,C), all76(C,A) 0.352150537634
[DEBUG] rno76(A,B) :- all76(B,C), all76(C,D) 0.352150537634
[DEBUG] rno76(A,B) :- all76(B,C), all76(D,A) 0.352150537634
[DEBUG] rno76(A,B) :- all76(B,C), no76(A,D) 0.352150537634
[DEBUG] rno76(A,B) :- all76(B,C), no76(D,C) 0.352150537634
[DEBUG] rno76(A,B) :- all76(C,B), no76(C,A) 0.352150537634
[DEBUG] rno76(A,B) :- all76(C,B), no76(A,D) 0.352150537634
[DEBUG] rno76(A,B) :- all76(C,B), no76(C,D) 0.352150537634
[DEBUG] rno76(A,B) :- all76(C,B), no76(D,A) 0.352150537634
[DEBUG] rno76(A,B) :- all76(C,B), no76(D,C) 0.352150537634
[DEBUG] rno76(A,B) :- no76(C,A), all76(C,D) 0.352150537634
[DEBUG] rno76(A,B) :- no76(C,A), all76(D,B) 0.352150537634
[DEBUG] rno76(A,B) :- no76(C,A), some76(B,C) 0.352150537634
[DEBUG] rno76(A,B) :- no76(C,A), some76(B,D) 0.352150537634
[DEBUG] rno76(A,B) :- no76(C,A), some76(D,C) 0.352150537634
[DEBUG] rno76(A,B) :- some76(A,C), somenot76(B,C) 0.352150537634
[DEBUG] rno76(A,B) :- some76(A,C), somenot76(B,D) 0.352150537634
[DEBUG] rno76(A,B) :- some76(A,C), somenot76(D,C) 0.352150537634
[DEBUG] rno76(A,B) :- some76(B,C), no76(C,D) 0.352150537634
[DEBUG] rno76(A,B) :- some76(B,C), no76(D,A) 0.352150537634
[DEBUG] rno76(A,B) :- some76(C,B), no76(A,D) 0.352150537634
[DEBUG] rno76(A,B) :- some76(C,B), no76(D,C) 0.352150537634
[DEBUG] rno76(A,B) :- all76(C,A), all76(B,D) 0.352150537634
[DEBUG] rno76(A,B) :- all76(C,A), all76(D,C) 0.352150537634
[DEBUG] rno76(A,B) :- somenot76(B,C), some76(A,D) 0.352150537634
[DEBUG] rno76(A,B) :- somenot76(B,C), some76(D,C) 0.352150537634
[DEBUG] rno76(A,B) :- no76(A,C), \+some76(B,C) 0.20376344086
[DEBUG] rno76(A,B) :- no76(A,C), \+no76(C,B) 0.20376344086
[DEBUG] rno76(A,B) :- no76(A,C), \+no76(B,C) 0.20376344086
[DEBUG] rno76(A,B) :- no76(A,C), \+somenot76(C,B) 0.20376344086
[DEBUG] rno76(A,B) :- no76(A,C), \+somenot76(B,C) 0.20376344086
[DEBUG] rno76(A,B) :- no76(A,C), \+all76(C,B) 0.137096774194
[DEBUG] rno76(A,B) :- no76(A,C), \+all76(B,C) 0.137096774194
[DEBUG] rno76(A,B) :- no76(A,C), \+some76(C,B) 0.137096774194
[DEBUG] rno76(A,B) :- all76(B,C), \+all76(A,C) 0.137096774194
[DEBUG] rno76(A,B) :- all76(B,C), \+some76(A,C) 0.137096774194
[DEBUG] rno76(A,B) :- all76(B,C), \+some76(C,A) 0.137096774194
[DEBUG] rno76(A,B) :- all76(B,C), \+no76(C,A) 0.137096774194
[DEBUG] rno76(A,B) :- all76(B,C), \+somenot76(A,C) 0.137096774194
[DEBUG] rno76(A,B) :- all76(B,C), \+somenot76(C,A) 0.137096774194
[DEBUG] rno76(A,B) :- all76(C,B), \+all76(A,C) 0.137096774194
[DEBUG] rno76(A,B) :- all76(C,B), \+all76(C,A) 0.137096774194
[DEBUG] rno76(A,B) :- all76(C,B), \+some76(A,C) 0.137096774194
[DEBUG] rno76(A,B) :- all76(C,B), \+some76(C,A) 0.137096774194
[DEBUG] rno76(A,B) :- all76(C,B), \+somenot76(A,C) 0.137096774194
[DEBUG] rno76(A,B) :- all76(C,B), \+somenot76(C,A) 0.137096774194
[DEBUG] rno76(A,B) :- no76(C,A), \+all76(B,C) 0.137096774194
[DEBUG] rno76(A,B) :- no76(C,A), \+some76(C,B) 0.137096774194
[DEBUG] rno76(A,B) :- no76(C,A), \+no76(C,B) 0.137096774194
[DEBUG] rno76(A,B) :- no76(C,A), \+no76(B,C) 0.137096774194
[DEBUG] rno76(A,B) :- no76(C,A), \+somenot76(C,B) 0.137096774194
[DEBUG] rno76(A,B) :- no76(C,A), \+somenot76(B,C) 0.137096774194
[DEBUG] rno76(A,B) :- some76(A,C), \+all76(C,B) 0.0754608294931
[DEBUG] rno76(A,B) :- some76(A,C), \+all76(B,C) 0.0754608294931
[DEBUG] rno76(A,B) :- some76(A,C), \+some76(C,B) 0.0754608294931
[DEBUG] rno76(A,B) :- some76(A,C), \+some76(B,C) 0.0754608294931
[DEBUG] rno76(A,B) :- some76(A,C), \+no76(C,B) 0.0754608294931
[DEBUG] rno76(A,B) :- some76(A,C), \+no76(B,C) 0.0754608294931
[DEBUG] rno76(A,B) :- some76(B,C), \+all76(A,C) 0.0754608294931
[DEBUG] rno76(A,B) :- some76(B,C), \+all76(C,A) 0.0754608294931
[DEBUG] rno76(A,B) :- some76(B,C), \+some76(A,C) 0.0754608294931
[DEBUG] rno76(A,B) :- some76(B,C), \+some76(C,A) 0.0754608294931
[DEBUG] rno76(A,B) :- some76(B,C), \+no76(A,C) 0.0754608294931
[DEBUG] rno76(A,B) :- some76(B,C), \+somenot76(A,C) 0.0754608294931
[DEBUG] rno76(A,B) :- some76(C,B), \+all76(A,C) 0.0754608294931
[DEBUG] rno76(A,B) :- some76(C,B), \+all76(C,A) 0.0754608294931
[DEBUG] rno76(A,B) :- some76(C,B), \+some76(A,C) 0.0754608294931
[DEBUG] rno76(A,B) :- some76(C,B), \+some76(C,A) 0.0754608294931
[DEBUG] rno76(A,B) :- some76(C,B), \+no76(C,A) 0.0754608294931
[DEBUG] rno76(A,B) :- some76(C,B), \+somenot76(A,C) 0.0754608294931
[DEBUG] rno76(A,B) :- all76(B,C), \+all76(C,A) 0.0704301075269
[DEBUG] rno76(A,B) :- all76(B,C), \+no76(A,C) 0.0704301075269
[DEBUG] rno76(A,B) :- all76(C,B), \+no76(A,C) 0.0704301075269
[DEBUG] rno76(A,B) :- all76(C,B), \+no76(C,A) 0.0704301075269
[DEBUG] rno76(A,B) :- no76(C,A), \+all76(C,B) 0.0704301075269
[DEBUG] rno76(A,B) :- no76(C,A), \+some76(B,C) 0.0704301075269
[DEBUG] rno76(A,B) :- some76(A,C), \+somenot76(C,B) 0.0704301075269
[DEBUG] rno76(A,B) :- some76(B,C), \+somenot76(C,A) 0.0704301075269
[DEBUG] rno76(A,B) :- some76(C,B), \+somenot76(C,A) 0.0704301075269
[DEBUG] rno76(A,B) :- all76(C,A), \+all76(C,B) 0.0704301075269
[DEBUG] rno76(A,B) :- all76(C,A), \+some76(C,B) 0.0704301075269
[DEBUG] rno76(A,B) :- all76(C,A), \+some76(B,C) 0.0704301075269
[DEBUG] rno76(A,B) :- all76(C,A), \+no76(C,B) 0.0704301075269
[DEBUG] rno76(A,B) :- all76(C,A), \+no76(B,C) 0.0704301075269
[DEBUG] rno76(A,B) :- all76(C,A), \+somenot76(C,B) 0.0704301075269
[DEBUG] rno76(A,B) :- all76(C,A), \+somenot76(B,C) 0.0704301075269
[DEBUG] rno76(A,B) :- somenot76(B,C), \+all76(A,C) 0.0704301075269
[DEBUG] rno76(A,B) :- somenot76(B,C), \+all76(C,A) 0.0704301075269
[DEBUG] rno76(A,B) :- somenot76(B,C), \+some76(C,A) 0.0704301075269
[DEBUG] rno76(A,B) :- somenot76(B,C), \+no76(A,C) 0.0704301075269
[DEBUG] rno76(A,B) :- somenot76(B,C), \+no76(C,A) 0.0704301075269
[DEBUG] ==================================
[INFO] RULE LEARNED: rno76(A,B) :- no76(A,C), all76(C,B) 0.943548387097
[DEBUG] Best rule so far: rno76(A,B) :- true [0.0491803278689]
[DEBUG] Candidates for iteration 1:
[DEBUG] ==================================
[DEBUG] rno76(A,B) :- true 0.0491803278689
[DEBUG] ==================================
[LVL9] rno76(A,B) :- all76(B,C) 0.120540019286 (3.0, 15.0, 102.0, 4.0) 0.68306010929 [ACCEPT]
[LVL9] BETTER RULE rno76(A,B) :- all76(B,C) (0.12054001928640308, 3.0) > (0.04918032786885246, 7.0)
[LVL9] rno76(A,B) :- all76(C,A) 0.0617164898746 (2.0, 16.0, 101.0, 5.0) 0.524590163934 [ACCEPT]
[LVL9] rno76(A,B) :- all76(C,B) 0.0699453551913 (2.0, 14.0, 103.0, 5.0) 0.524590163934 [ACCEPT]
[LVL9] rno76(A,B) :- some76(A,C) 0.0655737704918 (2.0, 15.0, 102.0, 5.0) 0.524590163934 [ACCEPT]
[LVL9] rno76(A,B) :- some76(B,C) 0.0655737704918 (2.0, 15.0, 102.0, 5.0) 0.524590163934 [ACCEPT]
[LVL9] rno76(A,B) :- some76(C,B) 0.0655737704918 (2.0, 15.0, 102.0, 5.0) 0.524590163934 [ACCEPT]
[LVL9] rno76(A,B) :- no76(A,C) 0.136612021858 (3.0, 13.0, 104.0, 4.0) 0.68306010929 [ACCEPT]
[LVL9] BETTER RULE rno76(A,B) :- no76(A,C) (0.13661202185792348, 3.0) > (0.12054001928640308, 3.0)
[LVL9] rno76(A,B) :- no76(C,A) 0.120540019286 (3.0, 15.0, 102.0, 4.0) 0.68306010929 [ACCEPT]
[LVL9] rno76(A,B) :- somenot76(B,C) 0.0617164898746 (2.0, 16.0, 101.0, 5.0) 0.524590163934 [ACCEPT]
[DEBUG] Best rule so far: rno76(A,B) :- no76(A,C) [0.136612021858]
[DEBUG] Candidates for iteration 2:
[DEBUG] ==================================
[DEBUG] rno76(A,B) :- no76(A,C) 0.136612021858
[DEBUG] rno76(A,B) :- all76(B,C) 0.120540019286
[DEBUG] rno76(A,B) :- no76(C,A) 0.120540019286
[DEBUG] rno76(A,B) :- all76(C,B) 0.0699453551913
[DEBUG] rno76(A,B) :- some76(A,C) 0.0655737704918
[DEBUG] rno76(A,B) :- some76(B,C) 0.0655737704918
[DEBUG] rno76(A,B) :- some76(C,B) 0.0655737704918
[DEBUG] rno76(A,B) :- all76(C,A) 0.0617164898746
[DEBUG] rno76(A,B) :- somenot76(B,C) 0.0617164898746
[DEBUG] ==================================
[LVL9] rno76(A,B) :- no76(A,C), all76(B,C) 0.349726775956 (2.0, 2.0, 115.0, 5.0) 0.524590163934 [ACCEPT]
[LVL9] BETTER RULE rno76(A,B) :- no76(A,C), all76(B,C) (0.34972677595628415, 2.0) > (0.13661202185792348, 3.0)
[LVL9] rno76(A,B) :- no76(A,C), all76(B,D) 0.349726775956 (2.0, 2.0, 115.0, 5.0) 0.524590163934 [ACCEPT]
[LVL9] rno76(A,B) :- no76(A,C), all76(D,C) 0.349726775956 (2.0, 2.0, 115.0, 5.0) 0.524590163934 [ACCEPT]
[LVL9] rno76(A,B) :- no76(A,C), some76(C,B) 0.349726775956 (2.0, 2.0, 115.0, 5.0) 0.524590163934 [ACCEPT]
[LVL9] rno76(A,B) :- no76(A,C), some76(C,D) 0.349726775956 (2.0, 2.0, 115.0, 5.0) 0.524590163934 [ACCEPT]
[LVL9] rno76(A,B) :- no76(A,C), some76(D,B) 0.349726775956 (2.0, 2.0, 115.0, 5.0) 0.524590163934 [ACCEPT]
[LVL9] rno76(A,B) :- no76(A,C), \+all76(B,C) 0.0807061790668 (2.0, 12.0, 105.0, 5.0) 0.524590163934 [ACCEPT]
[LVL9] rno76(A,B) :- no76(A,C), \+some76(C,B) 0.0807061790668 (2.0, 12.0, 105.0, 5.0) 0.524590163934 [ACCEPT]
[LVL9] rno76(A,B) :- no76(A,C), \+some76(B,C) 0.15762925599 (3.0, 11.0, 106.0, 4.0) 0.68306010929 [ACCEPT]
[LVL9] rno76(A,B) :- no76(A,C), \+no76(C,B) 0.15762925599 (3.0, 11.0, 106.0, 4.0) 0.68306010929 [ACCEPT]
[LVL9] rno76(A,B) :- no76(A,C), \+no76(B,C) 0.15762925599 (3.0, 11.0, 106.0, 4.0) 0.68306010929 [ACCEPT]
[LVL9] rno76(A,B) :- no76(A,C), \+somenot76(C,B) 0.15762925599 (3.0, 11.0, 106.0, 4.0) 0.68306010929 [ACCEPT]
[LVL9] rno76(A,B) :- no76(A,C), \+somenot76(B,C) 0.15762925599 (3.0, 11.0, 106.0, 4.0) 0.68306010929 [ACCEPT]
[LVL9] rno76(A,B) :- all76(B,C), all76(C,A) 0.349726775956 (2.0, 2.0, 115.0, 5.0) 0.524590163934 [ACCEPT]
[LVL9] rno76(A,B) :- all76(B,C), all76(C,D) 0.349726775956 (2.0, 2.0, 115.0, 5.0) 0.524590163934 [ACCEPT]
[LVL9] rno76(A,B) :- all76(B,C), all76(D,A) 0.349726775956 (2.0, 2.0, 115.0, 5.0) 0.524590163934 [ACCEPT]
[LVL9] rno76(A,B) :- all76(B,C), no76(A,D) 0.349726775956 (2.0, 2.0, 115.0, 5.0) 0.524590163934 [ACCEPT]
[LVL9] rno76(A,B) :- all76(B,C), no76(D,C) 0.349726775956 (2.0, 2.0, 115.0, 5.0) 0.524590163934 [ACCEPT]
[LVL9] rno76(A,B) :- all76(B,C), \+all76(A,C) 0.136612021858 (3.0, 13.0, 104.0, 4.0) 0.68306010929 [ACCEPT]
[LVL9] rno76(A,B) :- all76(B,C), \+all76(C,A) 0.0699453551913 (2.0, 14.0, 103.0, 5.0) 0.524590163934 [ACCEPT]
[LVL9] rno76(A,B) :- all76(B,C), \+some76(A,C) 0.136612021858 (3.0, 13.0, 104.0, 4.0) 0.68306010929 [ACCEPT]
[LVL9] rno76(A,B) :- all76(B,C), \+some76(C,A) 0.136612021858 (3.0, 13.0, 104.0, 4.0) 0.68306010929 [ACCEPT]
[LVL9] rno76(A,B) :- all76(B,C), \+no76(A,C) 0.0699453551913 (2.0, 14.0, 103.0, 5.0) 0.524590163934 [ACCEPT]
[LVL9] rno76(A,B) :- all76(B,C), \+no76(C,A) 0.136612021858 (3.0, 13.0, 104.0, 4.0) 0.68306010929 [ACCEPT]
[LVL9] rno76(A,B) :- all76(B,C), \+somenot76(A,C) 0.136612021858 (3.0, 13.0, 104.0, 4.0) 0.68306010929 [ACCEPT]
[LVL9] rno76(A,B) :- all76(B,C), \+somenot76(C,A) 0.136612021858 (3.0, 13.0, 104.0, 4.0) 0.68306010929 [ACCEPT]
[LVL9] rno76(A,B) :- no76(C,A), all76(C,B) 0.349726775956 (2.0, 2.0, 115.0, 5.0) 0.524590163934 [ACCEPT]
[LVL9] rno76(A,B) :- no76(C,A), all76(C,D) 0.349726775956 (2.0, 2.0, 115.0, 5.0) 0.524590163934 [ACCEPT]
[LVL9] rno76(A,B) :- no76(C,A), all76(D,B) 0.349726775956 (2.0, 2.0, 115.0, 5.0) 0.524590163934 [ACCEPT]
[LVL9] rno76(A,B) :- no76(C,A), some76(B,C) 0.349726775956 (2.0, 2.0, 115.0, 5.0) 0.524590163934 [ACCEPT]
[LVL9] rno76(A,B) :- no76(C,A), some76(B,D) 0.349726775956 (2.0, 2.0, 115.0, 5.0) 0.524590163934 [ACCEPT]
[LVL9] rno76(A,B) :- no76(C,A), some76(D,C) 0.349726775956 (2.0, 2.0, 115.0, 5.0) 0.524590163934 [ACCEPT]
[LVL9] rno76(A,B) :- no76(C,A), \+all76(C,B) 0.0699453551913 (2.0, 14.0, 103.0, 5.0) 0.524590163934 [ACCEPT]
[LVL9] rno76(A,B) :- no76(C,A), \+all76(B,C) 0.136612021858 (3.0, 13.0, 104.0, 4.0) 0.68306010929 [ACCEPT]
[LVL9] rno76(A,B) :- no76(C,A), \+some76(C,B) 0.136612021858 (3.0, 13.0, 104.0, 4.0) 0.68306010929 [ACCEPT]
[LVL9] rno76(A,B) :- no76(C,A), \+some76(B,C) 0.0699453551913 (2.0, 14.0, 103.0, 5.0) 0.524590163934 [ACCEPT]
[LVL9] rno76(A,B) :- no76(C,A), \+no76(C,B) 0.136612021858 (3.0, 13.0, 104.0, 4.0) 0.68306010929 [ACCEPT]
[LVL9] rno76(A,B) :- no76(C,A), \+no76(B,C) 0.136612021858 (3.0, 13.0, 104.0, 4.0) 0.68306010929 [ACCEPT]
[LVL9] rno76(A,B) :- no76(C,A), \+somenot76(C,B) 0.136612021858 (3.0, 13.0, 104.0, 4.0) 0.68306010929 [ACCEPT]
[LVL9] rno76(A,B) :- no76(C,A), \+somenot76(B,C) 0.136612021858 (3.0, 13.0, 104.0, 4.0) 0.68306010929 [ACCEPT]
[LVL9] rno76(A,B) :- all76(C,B), no76(C,D) 0.349726775956 (2.0, 2.0, 115.0, 5.0) 0.524590163934 [ACCEPT]
[LVL9] rno76(A,B) :- all76(C,B), no76(D,A) 0.349726775956 (2.0, 2.0, 115.0, 5.0) 0.524590163934 [ACCEPT]
[LVL9] rno76(A,B) :- all76(C,B), \+all76(A,C) 0.0807061790668 (2.0, 12.0, 105.0, 5.0) 0.524590163934 [ACCEPT]
[LVL9] rno76(A,B) :- all76(C,B), \+all76(C,A) 0.0807061790668 (2.0, 12.0, 105.0, 5.0) 0.524590163934 [ACCEPT]
[LVL9] rno76(A,B) :- all76(C,B), \+some76(A,C) 0.0807061790668 (2.0, 12.0, 105.0, 5.0) 0.524590163934 [ACCEPT]
[LVL9] rno76(A,B) :- all76(C,B), \+some76(C,A) 0.0807061790668 (2.0, 12.0, 105.0, 5.0) 0.524590163934 [ACCEPT]
[LVL9] rno76(A,B) :- all76(C,B), \+somenot76(A,C) 0.0807061790668 (2.0, 12.0, 105.0, 5.0) 0.524590163934 [ACCEPT]
[LVL9] rno76(A,B) :- all76(C,B), \+somenot76(C,A) 0.0807061790668 (2.0, 12.0, 105.0, 5.0) 0.524590163934 [ACCEPT]
[LVL9] rno76(A,B) :- some76(A,C), somenot76(B,C) 0.349726775956 (2.0, 2.0, 115.0, 5.0) 0.524590163934 [ACCEPT]
[LVL9] rno76(A,B) :- some76(A,C), somenot76(B,D) 0.349726775956 (2.0, 2.0, 115.0, 5.0) 0.524590163934 [ACCEPT]
[LVL9] rno76(A,B) :- some76(A,C), somenot76(D,C) 0.349726775956 (2.0, 2.0, 115.0, 5.0) 0.524590163934 [ACCEPT]
[LVL9] rno76(A,B) :- some76(A,C), \+all76(C,B) 0.0749414519906 (2.0, 13.0, 104.0, 5.0) 0.524590163934 [ACCEPT]
[LVL9] rno76(A,B) :- some76(A,C), \+all76(B,C) 0.0749414519906 (2.0, 13.0, 104.0, 5.0) 0.524590163934 [ACCEPT]
[LVL9] rno76(A,B) :- some76(A,C), \+some76(C,B) 0.0749414519906 (2.0, 13.0, 104.0, 5.0) 0.524590163934 [ACCEPT]
[LVL9] rno76(A,B) :- some76(A,C), \+some76(B,C) 0.0749414519906 (2.0, 13.0, 104.0, 5.0) 0.524590163934 [ACCEPT]
[LVL9] rno76(A,B) :- some76(A,C), \+no76(C,B) 0.0749414519906 (2.0, 13.0, 104.0, 5.0) 0.524590163934 [ACCEPT]
[LVL9] rno76(A,B) :- some76(A,C), \+no76(B,C) 0.0749414519906 (2.0, 13.0, 104.0, 5.0) 0.524590163934 [ACCEPT]
[LVL9] rno76(A,B) :- some76(A,C), \+somenot76(C,B) 0.0699453551913 (2.0, 14.0, 103.0, 5.0) 0.524590163934 [ACCEPT]
[LVL9] rno76(A,B) :- some76(B,C), no76(C,D) 0.349726775956 (2.0, 2.0, 115.0, 5.0) 0.524590163934 [ACCEPT]
[LVL9] rno76(A,B) :- some76(B,C), no76(D,A) 0.349726775956 (2.0, 2.0, 115.0, 5.0) 0.524590163934 [ACCEPT]
[LVL9] rno76(A,B) :- some76(B,C), \+all76(A,C) 0.0749414519906 (2.0, 13.0, 104.0, 5.0) 0.524590163934 [ACCEPT]
[LVL9] rno76(A,B) :- some76(B,C), \+all76(C,A) 0.0749414519906 (2.0, 13.0, 104.0, 5.0) 0.524590163934 [ACCEPT]
[LVL9] rno76(A,B) :- some76(B,C), \+some76(A,C) 0.0749414519906 (2.0, 13.0, 104.0, 5.0) 0.524590163934 [ACCEPT]
[LVL9] rno76(A,B) :- some76(B,C), \+some76(C,A) 0.0749414519906 (2.0, 13.0, 104.0, 5.0) 0.524590163934 [ACCEPT]
[LVL9] rno76(A,B) :- some76(B,C), \+no76(A,C) 0.0749414519906 (2.0, 13.0, 104.0, 5.0) 0.524590163934 [ACCEPT]
[LVL9] rno76(A,B) :- some76(B,C), \+somenot76(A,C) 0.0749414519906 (2.0, 13.0, 104.0, 5.0) 0.524590163934 [ACCEPT]
[LVL9] rno76(A,B) :- some76(B,C), \+somenot76(C,A) 0.0699453551913 (2.0, 14.0, 103.0, 5.0) 0.524590163934 [ACCEPT]
[LVL9] rno76(A,B) :- some76(C,B), no76(A,D) 0.349726775956 (2.0, 2.0, 115.0, 5.0) 0.524590163934 [ACCEPT]
[LVL9] rno76(A,B) :- some76(C,B), no76(D,C) 0.349726775956 (2.0, 2.0, 115.0, 5.0) 0.524590163934 [ACCEPT]
[LVL9] rno76(A,B) :- some76(C,B), \+all76(A,C) 0.0749414519906 (2.0, 13.0, 104.0, 5.0) 0.524590163934 [ACCEPT]
[LVL9] rno76(A,B) :- some76(C,B), \+all76(C,A) 0.0749414519906 (2.0, 13.0, 104.0, 5.0) 0.524590163934 [ACCEPT]
[LVL9] rno76(A,B) :- some76(C,B), \+some76(A,C) 0.0749414519906 (2.0, 13.0, 104.0, 5.0) 0.524590163934 [ACCEPT]
[LVL9] rno76(A,B) :- some76(C,B), \+some76(C,A) 0.0749414519906 (2.0, 13.0, 104.0, 5.0) 0.524590163934 [ACCEPT]
[LVL9] rno76(A,B) :- some76(C,B), \+no76(C,A) 0.0749414519906 (2.0, 13.0, 104.0, 5.0) 0.524590163934 [ACCEPT]
[LVL9] rno76(A,B) :- some76(C,B), \+somenot76(A,C) 0.0749414519906 (2.0, 13.0, 104.0, 5.0) 0.524590163934 [ACCEPT]
[LVL9] rno76(A,B) :- some76(C,B), \+somenot76(C,A) 0.0699453551913 (2.0, 14.0, 103.0, 5.0) 0.524590163934 [ACCEPT]
[LVL9] rno76(A,B) :- all76(C,A), all76(B,D) 0.349726775956 (2.0, 2.0, 115.0, 5.0) 0.524590163934 [ACCEPT]
[LVL9] rno76(A,B) :- all76(C,A), all76(D,C) 0.349726775956 (2.0, 2.0, 115.0, 5.0) 0.524590163934 [ACCEPT]
[LVL9] rno76(A,B) :- all76(C,A), \+all76(C,B) 0.0699453551913 (2.0, 14.0, 103.0, 5.0) 0.524590163934 [ACCEPT]
[LVL9] rno76(A,B) :- all76(C,A), \+some76(C,B) 0.0699453551913 (2.0, 14.0, 103.0, 5.0) 0.524590163934 [ACCEPT]
[LVL9] rno76(A,B) :- all76(C,A), \+some76(B,C) 0.0699453551913 (2.0, 14.0, 103.0, 5.0) 0.524590163934 [ACCEPT]
[LVL9] rno76(A,B) :- all76(C,A), \+no76(C,B) 0.0699453551913 (2.0, 14.0, 103.0, 5.0) 0.524590163934 [ACCEPT]
[LVL9] rno76(A,B) :- all76(C,A), \+no76(B,C) 0.0699453551913 (2.0, 14.0, 103.0, 5.0) 0.524590163934 [ACCEPT]
[LVL9] rno76(A,B) :- all76(C,A), \+somenot76(C,B) 0.0699453551913 (2.0, 14.0, 103.0, 5.0) 0.524590163934 [ACCEPT]
[LVL9] rno76(A,B) :- all76(C,A), \+somenot76(B,C) 0.0699453551913 (2.0, 14.0, 103.0, 5.0) 0.524590163934 [ACCEPT]
[LVL9] rno76(A,B) :- somenot76(B,C), some76(A,D) 0.349726775956 (2.0, 2.0, 115.0, 5.0) 0.524590163934 [ACCEPT]
[LVL9] rno76(A,B) :- somenot76(B,C), some76(D,C) 0.349726775956 (2.0, 2.0, 115.0, 5.0) 0.524590163934 [ACCEPT]
[LVL9] rno76(A,B) :- somenot76(B,C), \+all76(A,C) 0.0699453551913 (2.0, 14.0, 103.0, 5.0) 0.524590163934 [ACCEPT]
[LVL9] rno76(A,B) :- somenot76(B,C), \+all76(C,A) 0.0699453551913 (2.0, 14.0, 103.0, 5.0) 0.524590163934 [ACCEPT]
[LVL9] rno76(A,B) :- somenot76(B,C), \+some76(C,A) 0.0699453551913 (2.0, 14.0, 103.0, 5.0) 0.524590163934 [ACCEPT]
[LVL9] rno76(A,B) :- somenot76(B,C), \+no76(A,C) 0.0699453551913 (2.0, 14.0, 103.0, 5.0) 0.524590163934 [ACCEPT]
[LVL9] rno76(A,B) :- somenot76(B,C), \+no76(C,A) 0.0699453551913 (2.0, 14.0, 103.0, 5.0) 0.524590163934 [ACCEPT]
[LVL9] rno76(A,B) :- somenot76(B,C), \+somenot76(A,C) 0.0699453551913 (2.0, 14.0, 103.0, 5.0) 0.524590163934 [ACCEPT]
[LVL9] rno76(A,B) :- somenot76(B,C), \+somenot76(C,A) 0.0699453551913 (2.0, 14.0, 103.0, 5.0) 0.524590163934 [ACCEPT]
[DEBUG] Best rule so far: rno76(A,B) :- no76(A,C), all76(B,C) [0.349726775956]
[DEBUG] Candidates for iteration 3:
[DEBUG] ==================================
[DEBUG] rno76(A,B) :- no76(A,C), all76(B,C) 0.349726775956
[DEBUG] rno76(A,B) :- no76(A,C), all76(B,D) 0.349726775956
[DEBUG] rno76(A,B) :- no76(A,C), all76(D,C) 0.349726775956
[DEBUG] rno76(A,B) :- no76(A,C), some76(C,B) 0.349726775956
[DEBUG] rno76(A,B) :- no76(A,C), some76(C,D) 0.349726775956
[DEBUG] rno76(A,B) :- no76(A,C), some76(D,B) 0.349726775956
[DEBUG] rno76(A,B) :- all76(B,C), all76(C,A) 0.349726775956
[DEBUG] rno76(A,B) :- all76(B,C), all76(C,D) 0.349726775956
[DEBUG] rno76(A,B) :- all76(B,C), all76(D,A) 0.349726775956
[DEBUG] rno76(A,B) :- all76(B,C), no76(A,D) 0.349726775956
[DEBUG] rno76(A,B) :- all76(B,C), no76(D,C) 0.349726775956
[DEBUG] rno76(A,B) :- no76(C,A), all76(C,B) 0.349726775956
[DEBUG] rno76(A,B) :- no76(C,A), all76(C,D) 0.349726775956
[DEBUG] rno76(A,B) :- no76(C,A), all76(D,B) 0.349726775956
[DEBUG] rno76(A,B) :- no76(C,A), some76(B,C) 0.349726775956
[DEBUG] rno76(A,B) :- no76(C,A), some76(B,D) 0.349726775956
[DEBUG] rno76(A,B) :- no76(C,A), some76(D,C) 0.349726775956
[DEBUG] rno76(A,B) :- all76(C,B), no76(C,D) 0.349726775956
[DEBUG] rno76(A,B) :- all76(C,B), no76(D,A) 0.349726775956
[DEBUG] rno76(A,B) :- some76(A,C), somenot76(B,C) 0.349726775956
[DEBUG] rno76(A,B) :- some76(A,C), somenot76(B,D) 0.349726775956
[DEBUG] rno76(A,B) :- some76(A,C), somenot76(D,C) 0.349726775956
[DEBUG] rno76(A,B) :- some76(B,C), no76(C,D) 0.349726775956
[DEBUG] rno76(A,B) :- some76(B,C), no76(D,A) 0.349726775956
[DEBUG] rno76(A,B) :- some76(C,B), no76(A,D) 0.349726775956
[DEBUG] rno76(A,B) :- some76(C,B), no76(D,C) 0.349726775956
[DEBUG] rno76(A,B) :- all76(C,A), all76(B,D) 0.349726775956
[DEBUG] rno76(A,B) :- all76(C,A), all76(D,C) 0.349726775956
[DEBUG] rno76(A,B) :- somenot76(B,C), some76(A,D) 0.349726775956
[DEBUG] rno76(A,B) :- somenot76(B,C), some76(D,C) 0.349726775956
[DEBUG] rno76(A,B) :- no76(A,C), \+some76(B,C) 0.15762925599
[DEBUG] rno76(A,B) :- no76(A,C), \+no76(C,B) 0.15762925599
[DEBUG] rno76(A,B) :- no76(A,C), \+no76(B,C) 0.15762925599
[DEBUG] rno76(A,B) :- no76(A,C), \+somenot76(C,B) 0.15762925599
[DEBUG] rno76(A,B) :- no76(A,C), \+somenot76(B,C) 0.15762925599
[DEBUG] rno76(A,B) :- all76(B,C), \+all76(A,C) 0.136612021858
[DEBUG] rno76(A,B) :- all76(B,C), \+some76(A,C) 0.136612021858
[DEBUG] rno76(A,B) :- all76(B,C), \+some76(C,A) 0.136612021858
[DEBUG] rno76(A,B) :- all76(B,C), \+no76(C,A) 0.136612021858
[DEBUG] rno76(A,B) :- all76(B,C), \+somenot76(A,C) 0.136612021858
[DEBUG] rno76(A,B) :- all76(B,C), \+somenot76(C,A) 0.136612021858
[DEBUG] rno76(A,B) :- no76(C,A), \+all76(B,C) 0.136612021858
[DEBUG] rno76(A,B) :- no76(C,A), \+some76(C,B) 0.136612021858
[DEBUG] rno76(A,B) :- no76(C,A), \+no76(C,B) 0.136612021858
[DEBUG] rno76(A,B) :- no76(C,A), \+no76(B,C) 0.136612021858
[DEBUG] rno76(A,B) :- no76(C,A), \+somenot76(C,B) 0.136612021858
[DEBUG] rno76(A,B) :- no76(C,A), \+somenot76(B,C) 0.136612021858
[DEBUG] rno76(A,B) :- no76(A,C), \+all76(B,C) 0.0807061790668
[DEBUG] rno76(A,B) :- no76(A,C), \+some76(C,B) 0.0807061790668
[DEBUG] rno76(A,B) :- all76(C,B), \+all76(A,C) 0.0807061790668
[DEBUG] rno76(A,B) :- all76(C,B), \+all76(C,A) 0.0807061790668
[DEBUG] rno76(A,B) :- all76(C,B), \+some76(A,C) 0.0807061790668
[DEBUG] rno76(A,B) :- all76(C,B), \+some76(C,A) 0.0807061790668
[DEBUG] rno76(A,B) :- all76(C,B), \+somenot76(A,C) 0.0807061790668
[DEBUG] rno76(A,B) :- all76(C,B), \+somenot76(C,A) 0.0807061790668
[DEBUG] rno76(A,B) :- some76(A,C), \+all76(C,B) 0.0749414519906
[DEBUG] rno76(A,B) :- some76(A,C), \+all76(B,C) 0.0749414519906
[DEBUG] rno76(A,B) :- some76(A,C), \+some76(C,B) 0.0749414519906
[DEBUG] rno76(A,B) :- some76(A,C), \+some76(B,C) 0.0749414519906
[DEBUG] rno76(A,B) :- some76(A,C), \+no76(C,B) 0.0749414519906
[DEBUG] rno76(A,B) :- some76(A,C), \+no76(B,C) 0.0749414519906
[DEBUG] rno76(A,B) :- some76(B,C), \+all76(A,C) 0.0749414519906
[DEBUG] rno76(A,B) :- some76(B,C), \+all76(C,A) 0.0749414519906
[DEBUG] rno76(A,B) :- some76(B,C), \+some76(A,C) 0.0749414519906
[DEBUG] rno76(A,B) :- some76(B,C), \+some76(C,A) 0.0749414519906
[DEBUG] rno76(A,B) :- some76(B,C), \+no76(A,C) 0.0749414519906
[DEBUG] rno76(A,B) :- some76(B,C), \+somenot76(A,C) 0.0749414519906
[DEBUG] rno76(A,B) :- some76(C,B), \+all76(A,C) 0.0749414519906
[DEBUG] rno76(A,B) :- some76(C,B), \+all76(C,A) 0.0749414519906
[DEBUG] rno76(A,B) :- some76(C,B), \+some76(A,C) 0.0749414519906
[DEBUG] rno76(A,B) :- some76(C,B), \+some76(C,A) 0.0749414519906
[DEBUG] rno76(A,B) :- some76(C,B), \+no76(C,A) 0.0749414519906
[DEBUG] rno76(A,B) :- some76(C,B), \+somenot76(A,C) 0.0749414519906
[DEBUG] rno76(A,B) :- all76(B,C), \+all76(C,A) 0.0699453551913
[DEBUG] rno76(A,B) :- all76(B,C), \+no76(A,C) 0.0699453551913
[DEBUG] rno76(A,B) :- no76(C,A), \+all76(C,B) 0.0699453551913
[DEBUG] rno76(A,B) :- no76(C,A), \+some76(B,C) 0.0699453551913
[DEBUG] rno76(A,B) :- some76(A,C), \+somenot76(C,B) 0.0699453551913
[DEBUG] rno76(A,B) :- some76(B,C), \+somenot76(C,A) 0.0699453551913
[DEBUG] rno76(A,B) :- some76(C,B), \+somenot76(C,A) 0.0699453551913
[DEBUG] rno76(A,B) :- all76(C,A), \+all76(C,B) 0.0699453551913
[DEBUG] rno76(A,B) :- all76(C,A), \+some76(C,B) 0.0699453551913
[DEBUG] rno76(A,B) :- all76(C,A), \+some76(B,C) 0.0699453551913
[DEBUG] rno76(A,B) :- all76(C,A), \+no76(C,B) 0.0699453551913
[DEBUG] rno76(A,B) :- all76(C,A), \+no76(B,C) 0.0699453551913
[DEBUG] rno76(A,B) :- all76(C,A), \+somenot76(C,B) 0.0699453551913
[DEBUG] rno76(A,B) :- all76(C,A), \+somenot76(B,C) 0.0699453551913
[DEBUG] rno76(A,B) :- somenot76(B,C), \+all76(A,C) 0.0699453551913
[DEBUG] rno76(A,B) :- somenot76(B,C), \+all76(C,A) 0.0699453551913
[DEBUG] rno76(A,B) :- somenot76(B,C), \+some76(C,A) 0.0699453551913
[DEBUG] rno76(A,B) :- somenot76(B,C), \+no76(A,C) 0.0699453551913
[DEBUG] rno76(A,B) :- somenot76(B,C), \+no76(C,A) 0.0699453551913
[DEBUG] rno76(A,B) :- somenot76(B,C), \+somenot76(A,C) 0.0699453551913
[DEBUG] rno76(A,B) :- somenot76(B,C), \+somenot76(C,A) 0.0699453551913
[DEBUG] ==================================
[INFO] RULE LEARNED: rno76(A,B) :- no76(A,C), all76(B,C) 0.943548387097
