[LVL9] Output level: 9
[INFO] Random seed: 0.766860186361
[INFO] Computing scores: 0.0803s
[INFO] Number of examples (M): 104
[INFO] Positive weight (P): 7.0000
[INFO] Negative weight (N): 97.0000
[DEBUG] Best rule so far: rall138(A,B) :- true [0.0673076923077]
[DEBUG] Candidates for iteration 1:
[DEBUG] ==================================
[DEBUG] rall138(A,B) :- true 0.0673076923077
[DEBUG] ==================================
[LVL9] rall138(A,B) :- all138(A,C) 0.159023668639 (2.0, 10.0, 87.0, 5.0) 0.689102564103 [ACCEPT]
[LVL9] BETTER RULE rall138(A,B) :- all138(A,C) (0.15902366863905326, 2.0) > (0.0673076923076923, 7.0)
[LVL9] rall138(A,B) :- all138(B,C) 0.082100591716 (1.0, 11.0, 86.0, 6.0) 0.533653846154 [ACCEPT]
[LVL9] rall138(A,B) :- all138(C,A) 0.204487179487 (3.0, 11.0, 86.0, 4.0) 0.766826923077 [ACCEPT]
[LVL9] BETTER RULE rall138(A,B) :- all138(C,A) (0.2044871794871795, 3.0) > (0.15902366863905326, 2.0)
[LVL9] rall138(A,B) :- all138(C,B) 0.0711538461538 (1.0, 13.0, 84.0, 6.0) 0.533653846154 [ACCEPT]
[LVL9] rall138(A,B) :- some138(B,C) 0.147664835165 (2.0, 11.0, 86.0, 5.0) 0.689102564103 [ACCEPT]
[LVL9] rall138(A,B) :- some138(C,B) 0.0711538461538 (1.0, 13.0, 84.0, 6.0) 0.533653846154 [ACCEPT]
[LVL9] rall138(A,B) :- no138(A,C) 0.0762362637363 (1.0, 12.0, 85.0, 6.0) 0.533653846154 [ACCEPT]
[LVL9] rall138(A,B) :- no138(C,B) 0.159023668639 (2.0, 10.0, 87.0, 5.0) 0.689102564103 [ACCEPT]
[LVL9] rall138(A,B) :- somenot138(C,A) 0.0762362637363 (1.0, 12.0, 85.0, 6.0) 0.533653846154 [ACCEPT]
[DEBUG] Best rule so far: rall138(A,B) :- all138(C,A) [0.204487179487]
[DEBUG] Candidates for iteration 2:
[DEBUG] ==================================
[DEBUG] rall138(A,B) :- all138(C,A) 0.204487179487
[DEBUG] rall138(A,B) :- all138(A,C) 0.159023668639
[DEBUG] rall138(A,B) :- no138(C,B) 0.159023668639
[DEBUG] rall138(A,B) :- some138(B,C) 0.147664835165
[DEBUG] rall138(A,B) :- all138(B,C) 0.082100591716
[DEBUG] rall138(A,B) :- no138(A,C) 0.0762362637363
[DEBUG] rall138(A,B) :- somenot138(C,A) 0.0762362637363
[DEBUG] rall138(A,B) :- all138(C,B) 0.0711538461538
[DEBUG] rall138(A,B) :- some138(C,B) 0.0711538461538
[DEBUG] ==================================
[LVL9] rall138(A,B) :- all138(C,A), all138(C,B) 0.355769230769 (1.0, 1.0, 96.0, 6.0) 0.533653846154 [ACCEPT]
[LVL9] BETTER RULE rall138(A,B) :- all138(C,A), all138(C,B) (0.3557692307692308, 1.0) > (0.2044871794871795, 3.0)
[LVL9] rall138(A,B) :- all138(C,A), all138(D,B) 0.355769230769 (1.0, 1.0, 96.0, 6.0) 0.533653846154 [ACCEPT]
[LVL9] rall138(A,B) :- all138(C,A), some138(C,B) 0.355769230769 (1.0, 1.0, 96.0, 6.0) 0.533653846154 [ACCEPT]
[LVL9] rall138(A,B) :- all138(C,A), some138(C,D) 0.355769230769 (1.0, 1.0, 96.0, 6.0) 0.533653846154 [ACCEPT]
[LVL9] rall138(A,B) :- all138(C,A), some138(D,B) 0.355769230769 (1.0, 1.0, 96.0, 6.0) 0.533653846154 [ACCEPT]
[LVL9] rall138(A,B) :- all138(C,A), no138(C,B) 0.355769230769 (1.0, 1.0, 96.0, 6.0) 0.533653846154 [ACCEPT]
[LVL9] rall138(A,B) :- all138(C,A), no138(C,D) 0.355769230769 (1.0, 1.0, 96.0, 6.0) 0.533653846154 [ACCEPT]
[LVL9] rall138(A,B) :- all138(C,A), no138(D,B) 0.355769230769 (1.0, 1.0, 96.0, 6.0) 0.533653846154 [ACCEPT]
[LVL9] rall138(A,B) :- all138(C,A), \+all138(C,B) 0.159023668639 (2.0, 10.0, 87.0, 5.0) 0.689102564103 [ACCEPT]
[LVL9] rall138(A,B) :- all138(C,A), \+all138(B,C) 0.235946745562 (3.0, 9.0, 88.0, 4.0) 0.766826923077 [ACCEPT]
[LVL9] rall138(A,B) :- all138(C,A), \+some138(C,B) 0.159023668639 (2.0, 10.0, 87.0, 5.0) 0.689102564103 [ACCEPT]
[LVL9] rall138(A,B) :- all138(C,A), \+some138(B,C) 0.235946745562 (3.0, 9.0, 88.0, 4.0) 0.766826923077 [ACCEPT]
[LVL9] rall138(A,B) :- all138(C,A), \+no138(C,B) 0.159023668639 (2.0, 10.0, 87.0, 5.0) 0.689102564103 [ACCEPT]
[LVL9] rall138(A,B) :- all138(C,A), \+no138(B,C) 0.235946745562 (3.0, 9.0, 88.0, 4.0) 0.766826923077 [ACCEPT]
[LVL9] rall138(A,B) :- all138(C,A), \+somenot138(C,B) 0.219093406593 (3.0, 10.0, 87.0, 4.0) 0.766826923077 [ACCEPT]
[LVL9] rall138(A,B) :- all138(C,A), \+somenot138(B,C) 0.219093406593 (3.0, 10.0, 87.0, 4.0) 0.766826923077 [ACCEPT]
[LVL9] rall138(A,B) :- all138(A,C), some138(B,C) 0.355769230769 (1.0, 1.0, 96.0, 6.0) 0.533653846154 [ACCEPT]
[LVL9] rall138(A,B) :- all138(A,C), some138(B,D) 0.355769230769 (1.0, 1.0, 96.0, 6.0) 0.533653846154 [ACCEPT]
[LVL9] rall138(A,B) :- all138(A,C), some138(D,C) 0.355769230769 (1.0, 1.0, 96.0, 6.0) 0.533653846154 [ACCEPT]
[LVL9] rall138(A,B) :- all138(A,C), no138(C,B) 0.533653846154 (1.0, 0.0, 97.0, 6.0) 0.533653846154 [REJECT* fp] 0.0
[LVL9] BETTER RULE rall138(A,B) :- all138(A,C), no138(C,B) (0.5336538461538461, 1.0) > (0.3557692307692308, 1.0)
[LVL9] rall138(A,B) :- all138(A,C), \+all138(C,B) 0.187937062937 (2.0, 8.0, 89.0, 5.0) 0.689102564103 [ACCEPT]
[LVL9] rall138(A,B) :- all138(A,C), \+all138(B,C) 0.187937062937 (2.0, 8.0, 89.0, 5.0) 0.689102564103 [ACCEPT]
[LVL9] rall138(A,B) :- all138(A,C), \+some138(C,B) 0.172275641026 (2.0, 9.0, 88.0, 5.0) 0.689102564103 [ACCEPT]
[LVL9] rall138(A,B) :- all138(A,C), \+no138(B,C) 0.187937062937 (2.0, 8.0, 89.0, 5.0) 0.689102564103 [ACCEPT]
[LVL9] rall138(A,B) :- all138(A,C), \+somenot138(C,B) 0.172275641026 (2.0, 9.0, 88.0, 5.0) 0.689102564103 [ACCEPT]
[LVL9] rall138(A,B) :- all138(A,C), \+somenot138(B,C) 0.172275641026 (2.0, 9.0, 88.0, 5.0) 0.689102564103 [ACCEPT]
[LVL9] rall138(A,B) :- no138(C,B), \+some138(C,A) 0.187937062937 (2.0, 8.0, 89.0, 5.0) 0.689102564103 [ACCEPT]
[LVL9] rall138(A,B) :- no138(C,B), \+no138(A,C) 0.172275641026 (2.0, 9.0, 88.0, 5.0) 0.689102564103 [ACCEPT]
[LVL9] rall138(A,B) :- no138(C,B), \+no138(C,A) 0.187937062937 (2.0, 8.0, 89.0, 5.0) 0.689102564103 [ACCEPT]
[LVL9] rall138(A,B) :- no138(C,B), \+somenot138(A,C) 0.187937062937 (2.0, 8.0, 89.0, 5.0) 0.689102564103 [ACCEPT]
[LVL9] rall138(A,B) :- no138(C,B), \+somenot138(C,A) 0.187937062937 (2.0, 8.0, 89.0, 5.0) 0.689102564103 [ACCEPT]
[LVL9] rall138(A,B) :- some138(B,C), \+all138(C,A) 0.172275641026 (2.0, 9.0, 88.0, 5.0) 0.689102564103 [ACCEPT]
[LVL9] rall138(A,B) :- some138(B,C), \+some138(A,C) 0.172275641026 (2.0, 9.0, 88.0, 5.0) 0.689102564103 [ACCEPT]
[LVL9] rall138(A,B) :- some138(B,C), \+some138(C,A) 0.172275641026 (2.0, 9.0, 88.0, 5.0) 0.689102564103 [ACCEPT]
[LVL9] rall138(A,B) :- some138(B,C), \+no138(A,C) 0.159023668639 (2.0, 10.0, 87.0, 5.0) 0.689102564103 [ACCEPT]
[LVL9] rall138(A,B) :- some138(B,C), \+somenot138(A,C) 0.172275641026 (2.0, 9.0, 88.0, 5.0) 0.689102564103 [ACCEPT]
[DEBUG] Best rule so far: rall138(A,B) :- all138(A,C), no138(C,B) [0.533653846154]
[DEBUG] Candidates for iteration 3:
[DEBUG] ==================================
[DEBUG] rall138(A,B) :- all138(C,A), all138(C,B) 0.355769230769
[DEBUG] rall138(A,B) :- all138(C,A), all138(D,B) 0.355769230769
[DEBUG] rall138(A,B) :- all138(C,A), some138(C,B) 0.355769230769
[DEBUG] rall138(A,B) :- all138(C,A), some138(C,D) 0.355769230769
[DEBUG] rall138(A,B) :- all138(C,A), some138(D,B) 0.355769230769
[DEBUG] rall138(A,B) :- all138(C,A), no138(C,B) 0.355769230769
[DEBUG] rall138(A,B) :- all138(C,A), no138(C,D) 0.355769230769
[DEBUG] rall138(A,B) :- all138(C,A), no138(D,B) 0.355769230769
[DEBUG] rall138(A,B) :- all138(A,C), some138(B,C) 0.355769230769
[DEBUG] rall138(A,B) :- all138(A,C), some138(B,D) 0.355769230769
[DEBUG] rall138(A,B) :- all138(A,C), some138(D,C) 0.355769230769
[DEBUG] rall138(A,B) :- all138(C,A), \+all138(B,C) 0.235946745562
[DEBUG] rall138(A,B) :- all138(C,A), \+some138(B,C) 0.235946745562
[DEBUG] rall138(A,B) :- all138(C,A), \+no138(B,C) 0.235946745562
[DEBUG] rall138(A,B) :- all138(C,A), \+somenot138(C,B) 0.219093406593
[DEBUG] rall138(A,B) :- all138(C,A), \+somenot138(B,C) 0.219093406593
[DEBUG] rall138(A,B) :- all138(A,C), \+all138(C,B) 0.187937062937
[DEBUG] rall138(A,B) :- all138(A,C), \+all138(B,C) 0.187937062937
[DEBUG] rall138(A,B) :- all138(A,C), \+no138(B,C) 0.187937062937
[DEBUG] rall138(A,B) :- no138(C,B), \+some138(C,A) 0.187937062937
[DEBUG] rall138(A,B) :- no138(C,B), \+no138(C,A) 0.187937062937
[DEBUG] rall138(A,B) :- no138(C,B), \+somenot138(A,C) 0.187937062937
[DEBUG] rall138(A,B) :- no138(C,B), \+somenot138(C,A) 0.187937062937
[DEBUG] rall138(A,B) :- all138(A,C), \+some138(C,B) 0.172275641026
[DEBUG] rall138(A,B) :- all138(A,C), \+somenot138(C,B) 0.172275641026
[DEBUG] rall138(A,B) :- all138(A,C), \+somenot138(B,C) 0.172275641026
[DEBUG] rall138(A,B) :- no138(C,B), \+no138(A,C) 0.172275641026
[DEBUG] rall138(A,B) :- some138(B,C), \+all138(C,A) 0.172275641026
[DEBUG] rall138(A,B) :- some138(B,C), \+some138(A,C) 0.172275641026
[DEBUG] rall138(A,B) :- some138(B,C), \+some138(C,A) 0.172275641026
[DEBUG] rall138(A,B) :- some138(B,C), \+somenot138(A,C) 0.172275641026
[DEBUG] rall138(A,B) :- all138(C,A), \+all138(C,B) 0.159023668639
[DEBUG] rall138(A,B) :- all138(C,A), \+some138(C,B) 0.159023668639
[DEBUG] rall138(A,B) :- all138(C,A), \+no138(C,B) 0.159023668639
[DEBUG] rall138(A,B) :- some138(B,C), \+no138(A,C) 0.159023668639
[DEBUG] ==================================
[INFO] RULE LEARNED: rall138(A,B) :- all138(A,C), no138(C,B) 0.942307692308
[DEBUG] Best rule so far: rall138(A,B) :- true [0.0582524271845]
[DEBUG] Candidates for iteration 1:
[DEBUG] ==================================
[DEBUG] rall138(A,B) :- true 0.0582524271845
[DEBUG] ==================================
[LVL9] rall138(A,B) :- all138(A,C) 0.0881877022654 (2.0, 10.0, 87.0, 5.0) 0.529126213592 [ACCEPT]
[LVL9] BETTER RULE rall138(A,B) :- all138(A,C) (0.08818770226537216, 2.0) > (0.05825242718446602, 7.0)
[LVL9] rall138(A,B) :- all138(B,C) 0.0814040328603 (2.0, 11.0, 86.0, 5.0) 0.529126213592 [ACCEPT]
[LVL9] rall138(A,B) :- all138(C,A) 0.203883495146 (4.0, 11.0, 86.0, 3.0) 0.764563106796 [ACCEPT]
[LVL9] BETTER RULE rall138(A,B) :- all138(C,A) (0.20388349514563106, 4.0) > (0.08818770226537216, 2.0)
[LVL9] rall138(A,B) :- all138(C,B) 0.0705501618123 (2.0, 13.0, 84.0, 5.0) 0.529126213592 [ACCEPT]
[LVL9] rall138(A,B) :- some138(B,C) 0.147018030513 (3.0, 11.0, 86.0, 4.0) 0.686084142395 [ACCEPT]
[LVL9] rall138(A,B) :- some138(C,B) 0.0705501618123 (2.0, 13.0, 84.0, 5.0) 0.529126213592 [ACCEPT]
[LVL9] rall138(A,B) :- no138(A,C) 0.0755894590846 (2.0, 12.0, 85.0, 5.0) 0.529126213592 [ACCEPT]
[LVL9] rall138(A,B) :- no138(C,B) 0.0881877022654 (2.0, 10.0, 87.0, 5.0) 0.529126213592 [ACCEPT]
[LVL9] rall138(A,B) :- somenot138(C,A) 0.0755894590846 (2.0, 12.0, 85.0, 5.0) 0.529126213592 [ACCEPT]
[DEBUG] Best rule so far: rall138(A,B) :- all138(C,A) [0.203883495146]
[DEBUG] Candidates for iteration 2:
[DEBUG] ==================================
[DEBUG] rall138(A,B) :- all138(C,A) 0.203883495146
[DEBUG] rall138(A,B) :- some138(B,C) 0.147018030513
[DEBUG] rall138(A,B) :- all138(A,C) 0.0881877022654
[DEBUG] rall138(A,B) :- no138(C,B) 0.0881877022654
[DEBUG] rall138(A,B) :- all138(B,C) 0.0814040328603
[DEBUG] rall138(A,B) :- no138(A,C) 0.0755894590846
[DEBUG] rall138(A,B) :- somenot138(C,A) 0.0755894590846
[DEBUG] rall138(A,B) :- all138(C,B) 0.0705501618123
[DEBUG] rall138(A,B) :- some138(C,B) 0.0705501618123
[DEBUG] ==================================
[LVL9] rall138(A,B) :- all138(C,A), all138(C,B) 0.352750809061 (2.0, 1.0, 96.0, 5.0) 0.529126213592 [ACCEPT]
[LVL9] BETTER RULE rall138(A,B) :- all138(C,A), all138(C,B) (0.35275080906148865, 2.0) > (0.20388349514563106, 4.0)
[LVL9] rall138(A,B) :- all138(C,A), all138(D,B) 0.352750809061 (2.0, 1.0, 96.0, 5.0) 0.529126213592 [ACCEPT]
[LVL9] rall138(A,B) :- all138(C,A), some138(C,B) 0.352750809061 (2.0, 1.0, 96.0, 5.0) 0.529126213592 [ACCEPT]
[LVL9] rall138(A,B) :- all138(C,A), some138(C,D) 0.352750809061 (2.0, 1.0, 96.0, 5.0) 0.529126213592 [ACCEPT]
[LVL9] rall138(A,B) :- all138(C,A), some138(D,B) 0.352750809061 (2.0, 1.0, 96.0, 5.0) 0.529126213592 [ACCEPT]
[LVL9] rall138(A,B) :- all138(C,A), no138(C,B) 0.352750809061 (2.0, 1.0, 96.0, 5.0) 0.529126213592 [ACCEPT]
[LVL9] rall138(A,B) :- all138(C,A), no138(C,D) 0.352750809061 (2.0, 1.0, 96.0, 5.0) 0.529126213592 [ACCEPT]
[LVL9] rall138(A,B) :- all138(C,A), no138(D,B) 0.352750809061 (2.0, 1.0, 96.0, 5.0) 0.529126213592 [ACCEPT]
[LVL9] rall138(A,B) :- all138(C,A), \+all138(C,B) 0.158327109783 (3.0, 10.0, 87.0, 4.0) 0.686084142395 [ACCEPT]
[LVL9] rall138(A,B) :- all138(C,A), \+all138(B,C) 0.235250186706 (4.0, 9.0, 88.0, 3.0) 0.764563106796 [ACCEPT]
[LVL9] rall138(A,B) :- all138(C,A), \+some138(C,B) 0.158327109783 (3.0, 10.0, 87.0, 4.0) 0.686084142395 [ACCEPT]
[LVL9] rall138(A,B) :- all138(C,A), \+some138(B,C) 0.235250186706 (4.0, 9.0, 88.0, 3.0) 0.764563106796 [ACCEPT]
[LVL9] rall138(A,B) :- all138(C,A), \+no138(C,B) 0.158327109783 (3.0, 10.0, 87.0, 4.0) 0.686084142395 [ACCEPT]
[LVL9] rall138(A,B) :- all138(C,A), \+no138(B,C) 0.235250186706 (4.0, 9.0, 88.0, 3.0) 0.764563106796 [ACCEPT]
[LVL9] rall138(A,B) :- all138(C,A), \+somenot138(C,B) 0.218446601942 (4.0, 10.0, 87.0, 3.0) 0.764563106796 [ACCEPT]
[LVL9] rall138(A,B) :- all138(C,A), \+somenot138(B,C) 0.218446601942 (4.0, 10.0, 87.0, 3.0) 0.764563106796 [ACCEPT]
[LVL9] rall138(A,B) :- some138(B,C), all138(A,C) 0.352750809061 (2.0, 1.0, 96.0, 5.0) 0.529126213592 [ACCEPT]
[LVL9] rall138(A,B) :- some138(B,C), all138(A,D) 0.352750809061 (2.0, 1.0, 96.0, 5.0) 0.529126213592 [ACCEPT]
[LVL9] rall138(A,B) :- some138(B,C), all138(D,C) 0.352750809061 (2.0, 1.0, 96.0, 5.0) 0.529126213592 [ACCEPT]
[LVL9] rall138(A,B) :- some138(B,C), somenot138(C,A) 0.352750809061 (2.0, 1.0, 96.0, 5.0) 0.529126213592 [ACCEPT]
[LVL9] rall138(A,B) :- some138(B,C), somenot138(C,D) 0.352750809061 (2.0, 1.0, 96.0, 5.0) 0.529126213592 [ACCEPT]
[LVL9] rall138(A,B) :- some138(B,C), somenot138(D,A) 0.352750809061 (2.0, 1.0, 96.0, 5.0) 0.529126213592 [ACCEPT]
[LVL9] rall138(A,B) :- some138(B,C), \+all138(A,C) 0.0881877022654 (2.0, 10.0, 87.0, 5.0) 0.529126213592 [ACCEPT]
[LVL9] rall138(A,B) :- some138(B,C), \+all138(C,A) 0.171521035599 (3.0, 9.0, 88.0, 4.0) 0.686084142395 [ACCEPT]
[LVL9] rall138(A,B) :- some138(B,C), \+some138(A,C) 0.171521035599 (3.0, 9.0, 88.0, 4.0) 0.686084142395 [ACCEPT]
[LVL9] rall138(A,B) :- some138(B,C), \+some138(C,A) 0.171521035599 (3.0, 9.0, 88.0, 4.0) 0.686084142395 [ACCEPT]
[LVL9] rall138(A,B) :- some138(B,C), \+no138(A,C) 0.158327109783 (3.0, 10.0, 87.0, 4.0) 0.686084142395 [ACCEPT]
[LVL9] rall138(A,B) :- some138(B,C), \+somenot138(A,C) 0.171521035599 (3.0, 9.0, 88.0, 4.0) 0.686084142395 [ACCEPT]
[LVL9] rall138(A,B) :- some138(B,C), \+somenot138(C,A) 0.0881877022654 (2.0, 10.0, 87.0, 5.0) 0.529126213592 [ACCEPT]
[LVL9] rall138(A,B) :- all138(A,C), some138(B,D) 0.352750809061 (2.0, 1.0, 96.0, 5.0) 0.529126213592 [ACCEPT]
[LVL9] rall138(A,B) :- all138(A,C), some138(D,C) 0.352750809061 (2.0, 1.0, 96.0, 5.0) 0.529126213592 [ACCEPT]
[LVL9] rall138(A,B) :- all138(A,C), \+all138(C,B) 0.105825242718 (2.0, 8.0, 89.0, 5.0) 0.529126213592 [ACCEPT]
[LVL9] rall138(A,B) :- all138(A,C), \+all138(B,C) 0.105825242718 (2.0, 8.0, 89.0, 5.0) 0.529126213592 [ACCEPT]
[LVL9] rall138(A,B) :- all138(A,C), \+some138(C,B) 0.0962047661077 (2.0, 9.0, 88.0, 5.0) 0.529126213592 [ACCEPT]
[LVL9] rall138(A,B) :- all138(A,C), \+no138(B,C) 0.105825242718 (2.0, 8.0, 89.0, 5.0) 0.529126213592 [ACCEPT]
[LVL9] rall138(A,B) :- all138(A,C), \+somenot138(C,B) 0.0962047661077 (2.0, 9.0, 88.0, 5.0) 0.529126213592 [ACCEPT]
[LVL9] rall138(A,B) :- all138(A,C), \+somenot138(B,C) 0.0962047661077 (2.0, 9.0, 88.0, 5.0) 0.529126213592 [ACCEPT]
[LVL9] rall138(A,B) :- no138(C,B), all138(C,D) 0.352750809061 (2.0, 1.0, 96.0, 5.0) 0.529126213592 [ACCEPT]
[LVL9] rall138(A,B) :- no138(C,B), all138(D,A) 0.352750809061 (2.0, 1.0, 96.0, 5.0) 0.529126213592 [ACCEPT]
[LVL9] rall138(A,B) :- no138(C,B), \+some138(C,A) 0.105825242718 (2.0, 8.0, 89.0, 5.0) 0.529126213592 [ACCEPT]
[LVL9] rall138(A,B) :- no138(C,B), \+no138(A,C) 0.0962047661077 (2.0, 9.0, 88.0, 5.0) 0.529126213592 [ACCEPT]
[LVL9] rall138(A,B) :- no138(C,B), \+no138(C,A) 0.105825242718 (2.0, 8.0, 89.0, 5.0) 0.529126213592 [ACCEPT]
[LVL9] rall138(A,B) :- no138(C,B), \+somenot138(A,C) 0.105825242718 (2.0, 8.0, 89.0, 5.0) 0.529126213592 [ACCEPT]
[LVL9] rall138(A,B) :- no138(C,B), \+somenot138(C,A) 0.105825242718 (2.0, 8.0, 89.0, 5.0) 0.529126213592 [ACCEPT]
[LVL9] rall138(A,B) :- all138(B,C), no138(A,C) 0.352750809061 (2.0, 1.0, 96.0, 5.0) 0.529126213592 [ACCEPT]
[LVL9] rall138(A,B) :- all138(B,C), no138(A,D) 0.352750809061 (2.0, 1.0, 96.0, 5.0) 0.529126213592 [ACCEPT]
[LVL9] rall138(A,B) :- all138(B,C), no138(D,C) 0.352750809061 (2.0, 1.0, 96.0, 5.0) 0.529126213592 [ACCEPT]
[LVL9] rall138(A,B) :- all138(B,C), \+all138(A,C) 0.0962047661077 (2.0, 9.0, 88.0, 5.0) 0.529126213592 [ACCEPT]
[LVL9] rall138(A,B) :- all138(B,C), \+all138(C,A) 0.0962047661077 (2.0, 9.0, 88.0, 5.0) 0.529126213592 [ACCEPT]
[LVL9] rall138(A,B) :- all138(B,C), \+some138(A,C) 0.0962047661077 (2.0, 9.0, 88.0, 5.0) 0.529126213592 [ACCEPT]
[LVL9] rall138(A,B) :- all138(B,C), \+some138(C,A) 0.0881877022654 (2.0, 10.0, 87.0, 5.0) 0.529126213592 [ACCEPT]
[LVL9] rall138(A,B) :- all138(B,C), \+no138(C,A) 0.0881877022654 (2.0, 10.0, 87.0, 5.0) 0.529126213592 [ACCEPT]
[LVL9] rall138(A,B) :- all138(B,C), \+somenot138(A,C) 0.0881877022654 (2.0, 10.0, 87.0, 5.0) 0.529126213592 [ACCEPT]
[LVL9] rall138(A,B) :- all138(B,C), \+somenot138(C,A) 0.0881877022654 (2.0, 10.0, 87.0, 5.0) 0.529126213592 [ACCEPT]
[LVL9] rall138(A,B) :- no138(A,C), all138(B,D) 0.352750809061 (2.0, 1.0, 96.0, 5.0) 0.529126213592 [ACCEPT]
[LVL9] rall138(A,B) :- no138(A,C), all138(D,C) 0.352750809061 (2.0, 1.0, 96.0, 5.0) 0.529126213592 [ACCEPT]
[LVL9] rall138(A,B) :- no138(A,C), \+all138(C,B) 0.0881877022654 (2.0, 10.0, 87.0, 5.0) 0.529126213592 [ACCEPT]
[LVL9] rall138(A,B) :- no138(A,C), \+some138(C,B) 0.0814040328603 (2.0, 11.0, 86.0, 5.0) 0.529126213592 [ACCEPT]
[LVL9] rall138(A,B) :- no138(A,C), \+some138(B,C) 0.0814040328603 (2.0, 11.0, 86.0, 5.0) 0.529126213592 [ACCEPT]
[LVL9] rall138(A,B) :- no138(A,C), \+no138(C,B) 0.0814040328603 (2.0, 11.0, 86.0, 5.0) 0.529126213592 [ACCEPT]
[LVL9] rall138(A,B) :- no138(A,C), \+no138(B,C) 0.0881877022654 (2.0, 10.0, 87.0, 5.0) 0.529126213592 [ACCEPT]
[LVL9] rall138(A,B) :- no138(A,C), \+somenot138(C,B) 0.0881877022654 (2.0, 10.0, 87.0, 5.0) 0.529126213592 [ACCEPT]
[LVL9] rall138(A,B) :- no138(A,C), \+somenot138(B,C) 0.0881877022654 (2.0, 10.0, 87.0, 5.0) 0.529126213592 [ACCEPT]
[LVL9] rall138(A,B) :- somenot138(C,A), some138(B,D) 0.352750809061 (2.0, 1.0, 96.0, 5.0) 0.529126213592 [ACCEPT]
[LVL9] rall138(A,B) :- somenot138(C,A), some138(D,C) 0.352750809061 (2.0, 1.0, 96.0, 5.0) 0.529126213592 [ACCEPT]
[LVL9] rall138(A,B) :- somenot138(C,A), \+all138(C,B) 0.0814040328603 (2.0, 11.0, 86.0, 5.0) 0.529126213592 [ACCEPT]
[LVL9] rall138(A,B) :- somenot138(C,A), \+all138(B,C) 0.0814040328603 (2.0, 11.0, 86.0, 5.0) 0.529126213592 [ACCEPT]
[LVL9] rall138(A,B) :- somenot138(C,A), \+some138(C,B) 0.0881877022654 (2.0, 10.0, 87.0, 5.0) 0.529126213592 [ACCEPT]
[LVL9] rall138(A,B) :- somenot138(C,A), \+no138(C,B) 0.0881877022654 (2.0, 10.0, 87.0, 5.0) 0.529126213592 [ACCEPT]
[LVL9] rall138(A,B) :- somenot138(C,A), \+no138(B,C) 0.0881877022654 (2.0, 10.0, 87.0, 5.0) 0.529126213592 [ACCEPT]
[LVL9] rall138(A,B) :- somenot138(C,A), \+somenot138(C,B) 0.0881877022654 (2.0, 10.0, 87.0, 5.0) 0.529126213592 [ACCEPT]
[LVL9] rall138(A,B) :- somenot138(C,A), \+somenot138(B,C) 0.0814040328603 (2.0, 11.0, 86.0, 5.0) 0.529126213592 [ACCEPT]
[LVL9] rall138(A,B) :- all138(C,B), all138(D,A) 0.352750809061 (2.0, 1.0, 96.0, 5.0) 0.529126213592 [ACCEPT]
[LVL9] rall138(A,B) :- all138(C,B), \+all138(A,C) 0.0814040328603 (2.0, 11.0, 86.0, 5.0) 0.529126213592 [ACCEPT]
[LVL9] rall138(A,B) :- all138(C,B), \+some138(A,C) 0.0814040328603 (2.0, 11.0, 86.0, 5.0) 0.529126213592 [ACCEPT]
[LVL9] rall138(A,B) :- all138(C,B), \+some138(C,A) 0.0814040328603 (2.0, 11.0, 86.0, 5.0) 0.529126213592 [ACCEPT]
[LVL9] rall138(A,B) :- all138(C,B), \+no138(A,C) 0.0814040328603 (2.0, 11.0, 86.0, 5.0) 0.529126213592 [ACCEPT]
[LVL9] rall138(A,B) :- all138(C,B), \+no138(C,A) 0.0814040328603 (2.0, 11.0, 86.0, 5.0) 0.529126213592 [ACCEPT]
[LVL9] rall138(A,B) :- all138(C,B), \+somenot138(A,C) 0.0755894590846 (2.0, 12.0, 85.0, 5.0) 0.529126213592 [ACCEPT]
[LVL9] rall138(A,B) :- all138(C,B), \+somenot138(C,A) 0.0755894590846 (2.0, 12.0, 85.0, 5.0) 0.529126213592 [ACCEPT]
[LVL9] rall138(A,B) :- some138(C,B), all138(C,D) 0.352750809061 (2.0, 1.0, 96.0, 5.0) 0.529126213592 [ACCEPT]
[LVL9] rall138(A,B) :- some138(C,B), all138(D,A) 0.352750809061 (2.0, 1.0, 96.0, 5.0) 0.529126213592 [ACCEPT]
[LVL9] rall138(A,B) :- some138(C,B), \+all138(A,C) 0.0755894590846 (2.0, 12.0, 85.0, 5.0) 0.529126213592 [ACCEPT]
[LVL9] rall138(A,B) :- some138(C,B), \+some138(A,C) 0.0814040328603 (2.0, 11.0, 86.0, 5.0) 0.529126213592 [ACCEPT]
[LVL9] rall138(A,B) :- some138(C,B), \+some138(C,A) 0.0814040328603 (2.0, 11.0, 86.0, 5.0) 0.529126213592 [ACCEPT]
[LVL9] rall138(A,B) :- some138(C,B), \+no138(A,C) 0.0755894590846 (2.0, 12.0, 85.0, 5.0) 0.529126213592 [ACCEPT]
[LVL9] rall138(A,B) :- some138(C,B), \+no138(C,A) 0.0814040328603 (2.0, 11.0, 86.0, 5.0) 0.529126213592 [ACCEPT]
[LVL9] rall138(A,B) :- some138(C,B), \+somenot138(A,C) 0.0814040328603 (2.0, 11.0, 86.0, 5.0) 0.529126213592 [ACCEPT]
[LVL9] rall138(A,B) :- some138(C,B), \+somenot138(C,A) 0.0814040328603 (2.0, 11.0, 86.0, 5.0) 0.529126213592 [ACCEPT]
[DEBUG] Best rule so far: rall138(A,B) :- all138(C,A), all138(C,B) [0.352750809061]
[DEBUG] Candidates for iteration 3:
[DEBUG] ==================================
[DEBUG] rall138(A,B) :- all138(C,A), all138(C,B) 0.352750809061
[DEBUG] rall138(A,B) :- all138(C,A), all138(D,B) 0.352750809061
[DEBUG] rall138(A,B) :- all138(C,A), some138(C,B) 0.352750809061
[DEBUG] rall138(A,B) :- all138(C,A), some138(C,D) 0.352750809061
[DEBUG] rall138(A,B) :- all138(C,A), some138(D,B) 0.352750809061
[DEBUG] rall138(A,B) :- all138(C,A), no138(C,B) 0.352750809061
[DEBUG] rall138(A,B) :- all138(C,A), no138(C,D) 0.352750809061
[DEBUG] rall138(A,B) :- all138(C,A), no138(D,B) 0.352750809061
[DEBUG] rall138(A,B) :- some138(B,C), all138(A,C) 0.352750809061
[DEBUG] rall138(A,B) :- some138(B,C), all138(A,D) 0.352750809061
[DEBUG] rall138(A,B) :- some138(B,C), all138(D,C) 0.352750809061
[DEBUG] rall138(A,B) :- some138(B,C), somenot138(C,A) 0.352750809061
[DEBUG] rall138(A,B) :- some138(B,C), somenot138(C,D) 0.352750809061
[DEBUG] rall138(A,B) :- some138(B,C), somenot138(D,A) 0.352750809061
[DEBUG] rall138(A,B) :- all138(A,C), some138(B,D) 0.352750809061
[DEBUG] rall138(A,B) :- all138(A,C), some138(D,C) 0.352750809061
[DEBUG] rall138(A,B) :- no138(C,B), all138(C,D) 0.352750809061
[DEBUG] rall138(A,B) :- no138(C,B), all138(D,A) 0.352750809061
[DEBUG] rall138(A,B) :- all138(B,C), no138(A,C) 0.352750809061
[DEBUG] rall138(A,B) :- all138(B,C), no138(A,D) 0.352750809061
[DEBUG] rall138(A,B) :- all138(B,C), no138(D,C) 0.352750809061
[DEBUG] rall138(A,B) :- no138(A,C), all138(B,D) 0.352750809061
[DEBUG] rall138(A,B) :- no138(A,C), all138(D,C) 0.352750809061
[DEBUG] rall138(A,B) :- somenot138(C,A), some138(B,D) 0.352750809061
[DEBUG] rall138(A,B) :- somenot138(C,A), some138(D,C) 0.352750809061
[DEBUG] rall138(A,B) :- all138(C,B), all138(D,A) 0.352750809061
[DEBUG] rall138(A,B) :- some138(C,B), all138(C,D) 0.352750809061
[DEBUG] rall138(A,B) :- some138(C,B), all138(D,A) 0.352750809061
[DEBUG] rall138(A,B) :- all138(C,A), \+all138(B,C) 0.235250186706
[DEBUG] rall138(A,B) :- all138(C,A), \+some138(B,C) 0.235250186706
[DEBUG] rall138(A,B) :- all138(C,A), \+no138(B,C) 0.235250186706
[DEBUG] rall138(A,B) :- all138(C,A), \+somenot138(C,B) 0.218446601942
[DEBUG] rall138(A,B) :- all138(C,A), \+somenot138(B,C) 0.218446601942
[DEBUG] rall138(A,B) :- some138(B,C), \+all138(C,A) 0.171521035599
[DEBUG] rall138(A,B) :- some138(B,C), \+some138(A,C) 0.171521035599
[DEBUG] rall138(A,B) :- some138(B,C), \+some138(C,A) 0.171521035599
[DEBUG] rall138(A,B) :- some138(B,C), \+somenot138(A,C) 0.171521035599
[DEBUG] rall138(A,B) :- all138(C,A), \+all138(C,B) 0.158327109783
[DEBUG] rall138(A,B) :- all138(C,A), \+some138(C,B) 0.158327109783
[DEBUG] rall138(A,B) :- all138(C,A), \+no138(C,B) 0.158327109783
[DEBUG] rall138(A,B) :- some138(B,C), \+no138(A,C) 0.158327109783
[DEBUG] rall138(A,B) :- all138(A,C), \+all138(C,B) 0.105825242718
[DEBUG] rall138(A,B) :- all138(A,C), \+all138(B,C) 0.105825242718
[DEBUG] rall138(A,B) :- all138(A,C), \+no138(B,C) 0.105825242718
[DEBUG] rall138(A,B) :- no138(C,B), \+some138(C,A) 0.105825242718
[DEBUG] rall138(A,B) :- no138(C,B), \+no138(C,A) 0.105825242718
[DEBUG] rall138(A,B) :- no138(C,B), \+somenot138(A,C) 0.105825242718
[DEBUG] rall138(A,B) :- no138(C,B), \+somenot138(C,A) 0.105825242718
[DEBUG] rall138(A,B) :- all138(A,C), \+some138(C,B) 0.0962047661077
[DEBUG] rall138(A,B) :- all138(A,C), \+somenot138(C,B) 0.0962047661077
[DEBUG] rall138(A,B) :- all138(A,C), \+somenot138(B,C) 0.0962047661077
[DEBUG] rall138(A,B) :- no138(C,B), \+no138(A,C) 0.0962047661077
[DEBUG] rall138(A,B) :- all138(B,C), \+all138(A,C) 0.0962047661077
[DEBUG] rall138(A,B) :- all138(B,C), \+all138(C,A) 0.0962047661077
[DEBUG] rall138(A,B) :- all138(B,C), \+some138(A,C) 0.0962047661077
[DEBUG] rall138(A,B) :- some138(B,C), \+all138(A,C) 0.0881877022654
[DEBUG] rall138(A,B) :- some138(B,C), \+somenot138(C,A) 0.0881877022654
[DEBUG] rall138(A,B) :- all138(B,C), \+some138(C,A) 0.0881877022654
[DEBUG] rall138(A,B) :- all138(B,C), \+no138(C,A) 0.0881877022654
[DEBUG] rall138(A,B) :- all138(B,C), \+somenot138(A,C) 0.0881877022654
[DEBUG] rall138(A,B) :- all138(B,C), \+somenot138(C,A) 0.0881877022654
[DEBUG] rall138(A,B) :- no138(A,C), \+all138(C,B) 0.0881877022654
[DEBUG] rall138(A,B) :- no138(A,C), \+no138(B,C) 0.0881877022654
[DEBUG] rall138(A,B) :- no138(A,C), \+somenot138(C,B) 0.0881877022654
[DEBUG] rall138(A,B) :- no138(A,C), \+somenot138(B,C) 0.0881877022654
[DEBUG] rall138(A,B) :- somenot138(C,A), \+some138(C,B) 0.0881877022654
[DEBUG] rall138(A,B) :- somenot138(C,A), \+no138(C,B) 0.0881877022654
[DEBUG] rall138(A,B) :- somenot138(C,A), \+no138(B,C) 0.0881877022654
[DEBUG] rall138(A,B) :- somenot138(C,A), \+somenot138(C,B) 0.0881877022654
[DEBUG] rall138(A,B) :- no138(A,C), \+some138(C,B) 0.0814040328603
[DEBUG] rall138(A,B) :- no138(A,C), \+some138(B,C) 0.0814040328603
[DEBUG] rall138(A,B) :- no138(A,C), \+no138(C,B) 0.0814040328603
[DEBUG] rall138(A,B) :- somenot138(C,A), \+all138(C,B) 0.0814040328603
[DEBUG] rall138(A,B) :- somenot138(C,A), \+all138(B,C) 0.0814040328603
[DEBUG] rall138(A,B) :- somenot138(C,A), \+somenot138(B,C) 0.0814040328603
[DEBUG] rall138(A,B) :- all138(C,B), \+all138(A,C) 0.0814040328603
[DEBUG] rall138(A,B) :- all138(C,B), \+some138(A,C) 0.0814040328603
[DEBUG] rall138(A,B) :- all138(C,B), \+some138(C,A) 0.0814040328603
[DEBUG] rall138(A,B) :- all138(C,B), \+no138(A,C) 0.0814040328603
[DEBUG] rall138(A,B) :- all138(C,B), \+no138(C,A) 0.0814040328603
[DEBUG] rall138(A,B) :- some138(C,B), \+some138(A,C) 0.0814040328603
[DEBUG] rall138(A,B) :- some138(C,B), \+some138(C,A) 0.0814040328603
[DEBUG] rall138(A,B) :- some138(C,B), \+no138(C,A) 0.0814040328603
[DEBUG] rall138(A,B) :- some138(C,B), \+somenot138(A,C) 0.0814040328603
[DEBUG] rall138(A,B) :- some138(C,B), \+somenot138(C,A) 0.0814040328603
[DEBUG] rall138(A,B) :- all138(C,B), \+somenot138(A,C) 0.0755894590846
[DEBUG] rall138(A,B) :- all138(C,B), \+somenot138(C,A) 0.0755894590846
[DEBUG] rall138(A,B) :- some138(C,B), \+all138(A,C) 0.0755894590846
[DEBUG] rall138(A,B) :- some138(C,B), \+no138(A,C) 0.0755894590846
[DEBUG] ==================================
[INFO] RULE LEARNED: rall138(A,B) :- all138(C,A), all138(C,B) 0.942307692308
