[LVL9] Output level: 9
[INFO] Random seed: 0.953427220703
[INFO] Computing scores: 0.0419s
[INFO] Number of examples (M): 116
[INFO] Positive weight (P): 19.0000
[INFO] Negative weight (N): 97.0000
[DEBUG] Best rule so far: rsome94(A,B) :- true [0.163793103448]
[DEBUG] Candidates for iteration 1:
[DEBUG] ==================================
[DEBUG] rsome94(A,B) :- true 0.163793103448
[DEBUG] ==================================
[LVL9] rsome94(A,B) :- all94(A,C) 0.0 (2.0, 14.0, 83.0, 17.0) 0.721264367816 [ACCEPT]
[LVL9] rsome94(A,B) :- all94(B,C) 0.0 (2.0, 14.0, 83.0, 17.0) 0.721264367816 [ACCEPT]
[LVL9] rsome94(A,B) :- all94(C,A) 0.260237068966 (4.0, 11.0, 86.0, 15.0) 0.83275862069 [ACCEPT]
[LVL9] BETTER RULE rsome94(A,B) :- all94(C,A) (0.26023706896551724, 4.0) > (0.16379310344827588, 19.0)
[LVL9] rsome94(A,B) :- all94(C,B) 0.0 (2.0, 13.0, 84.0, 17.0) 0.721264367816 [ACCEPT]
[LVL9] rsome94(A,B) :- some94(A,C) 0.260237068966 (4.0, 11.0, 86.0, 15.0) 0.83275862069 [ACCEPT]
[LVL9] rsome94(A,B) :- some94(B,C) 0.322737068966 (5.0, 10.0, 87.0, 14.0) 0.860632183908 [ACCEPT]
[LVL9] BETTER RULE rsome94(A,B) :- some94(B,C) (0.32273706896551724, 5.0) > (0.26023706896551724, 4.0)
[LVL9] rsome94(A,B) :- some94(C,A) 0.0 (2.0, 11.0, 86.0, 17.0) 0.721264367816 [ACCEPT]
[LVL9] rsome94(A,B) :- some94(C,B) 0.368842364532 (5.0, 8.0, 89.0, 14.0) 0.860632183908 [ACCEPT]
[LVL9] BETTER RULE rsome94(A,B) :- some94(C,B) (0.3688423645320197, 5.0) > (0.32273706896551724, 5.0)
[LVL9] rsome94(A,B) :- no94(B,C) 0.0 (1.0, 12.0, 85.0, 18.0) 0.581896551724 [ACCEPT]
[LVL9] rsome94(A,B) :- no94(C,A) 0.0 (1.0, 14.0, 83.0, 18.0) 0.581896551724 [ACCEPT]
[LVL9] rsome94(A,B) :- somenot94(A,C) 0.344252873563 (5.0, 9.0, 88.0, 14.0) 0.860632183908 [ACCEPT]
[LVL9] rsome94(A,B) :- somenot94(B,C) 0.0 (2.0, 12.0, 85.0, 17.0) 0.721264367816 [ACCEPT]
[LVL9] rsome94(A,B) :- somenot94(C,A) 0.0 (1.0, 14.0, 83.0, 18.0) 0.581896551724 [ACCEPT]
[LVL9] rsome94(A,B) :- somenot94(C,B) 0.0 (2.0, 13.0, 84.0, 17.0) 0.721264367816 [ACCEPT]
[DEBUG] Best rule so far: rsome94(A,B) :- some94(C,B) [0.368842364532]
[DEBUG] Candidates for iteration 2:
[DEBUG] ==================================
[DEBUG] rsome94(A,B) :- some94(C,B) 0.368842364532
[DEBUG] rsome94(A,B) :- somenot94(A,C) 0.344252873563
[DEBUG] rsome94(A,B) :- some94(B,C) 0.322737068966
[DEBUG] rsome94(A,B) :- all94(C,A) 0.260237068966
[DEBUG] rsome94(A,B) :- some94(A,C) 0.260237068966
[DEBUG] rsome94(A,B) :- all94(A,C) 0.0
[DEBUG] rsome94(A,B) :- all94(B,C) 0.0
[DEBUG] rsome94(A,B) :- all94(C,B) 0.0
[DEBUG] rsome94(A,B) :- some94(C,A) 0.0
[DEBUG] rsome94(A,B) :- somenot94(B,C) 0.0
[DEBUG] rsome94(A,B) :- somenot94(C,B) 0.0
[DEBUG] rsome94(A,B) :- no94(B,C) 0.0
[DEBUG] rsome94(A,B) :- no94(C,A) 0.0
[DEBUG] rsome94(A,B) :- somenot94(C,A) 0.0
[DEBUG] ==================================
[LVL9] rsome94(A,B) :- some94(C,B), all94(A,C) 0.387931034483 (1.0, 1.0, 96.0, 18.0) 0.581896551724 [ACCEPT]
[LVL9] BETTER RULE rsome94(A,B) :- some94(C,B), all94(A,C) (0.3879310344827586, 1.0) > (0.3688423645320197, 5.0)
[LVL9] rsome94(A,B) :- some94(C,B), all94(C,A) 0.721264367816 (2.0, 0.0, 97.0, 17.0) 0.721264367816 [REJECT* fp] 0.0
[LVL9] BETTER RULE rsome94(A,B) :- some94(C,B), all94(C,A) (0.7212643678160919, 2.0) > (0.3879310344827586, 1.0)
[LVL9] rsome94(A,B) :- some94(C,B), \+all94(A,C) 0.346982758621 (4.0, 7.0, 90.0, 15.0) 0.83275862069 [ACCEPT]
[LVL9] rsome94(A,B) :- some94(C,B), \+some94(A,C) 0.346982758621 (4.0, 7.0, 90.0, 15.0) 0.83275862069 [ACCEPT]
[LVL9] rsome94(A,B) :- some94(C,B), \+some94(C,A) 0.346982758621 (4.0, 7.0, 90.0, 15.0) 0.83275862069 [ACCEPT]
[LVL9] rsome94(A,B) :- some94(C,B), \+no94(A,C) 0.430316091954 (5.0, 6.0, 91.0, 14.0) 0.860632183908 [ACCEPT]
[LVL9] rsome94(A,B) :- some94(C,B), \+no94(C,A) 0.397214854111 (5.0, 7.0, 90.0, 14.0) 0.860632183908 [ACCEPT]
[LVL9] rsome94(A,B) :- some94(C,B), \+somenot94(C,A) 0.430316091954 (5.0, 6.0, 91.0, 14.0) 0.860632183908 [ACCEPT]
[LVL9] rsome94(A,B) :- somenot94(A,C), \+all94(C,B) 0.397214854111 (5.0, 7.0, 90.0, 14.0) 0.860632183908 [ACCEPT]
[LVL9] rsome94(A,B) :- somenot94(A,C), \+all94(B,C) 0.320291777188 (4.0, 8.0, 89.0, 15.0) 0.83275862069 [ACCEPT]
[LVL9] rsome94(A,B) :- somenot94(A,C), \+some94(B,C) 0.320291777188 (4.0, 8.0, 89.0, 15.0) 0.83275862069 [ACCEPT]
[LVL9] rsome94(A,B) :- somenot94(A,C), \+no94(C,B) 0.397214854111 (5.0, 7.0, 90.0, 14.0) 0.860632183908 [ACCEPT]
[LVL9] rsome94(A,B) :- somenot94(A,C), \+no94(B,C) 0.320291777188 (4.0, 8.0, 89.0, 15.0) 0.83275862069 [ACCEPT]
[LVL9] rsome94(A,B) :- somenot94(A,C), \+somenot94(C,B) 0.320291777188 (4.0, 8.0, 89.0, 15.0) 0.83275862069 [ACCEPT]
[LVL9] rsome94(A,B) :- somenot94(A,C), \+somenot94(B,C) 0.320291777188 (4.0, 8.0, 89.0, 15.0) 0.83275862069 [ACCEPT]
[LVL9] rsome94(A,B) :- some94(B,C), \+all94(A,C) 0.297413793103 (4.0, 9.0, 88.0, 15.0) 0.83275862069 [ACCEPT]
[LVL9] rsome94(A,B) :- some94(B,C), \+all94(C,A) 0.297413793103 (4.0, 9.0, 88.0, 15.0) 0.83275862069 [ACCEPT]
[LVL9] rsome94(A,B) :- some94(B,C), \+some94(A,C) 0.297413793103 (4.0, 9.0, 88.0, 15.0) 0.83275862069 [ACCEPT]
[LVL9] rsome94(A,B) :- some94(B,C), \+some94(C,A) 0.297413793103 (4.0, 9.0, 88.0, 15.0) 0.83275862069 [ACCEPT]
[LVL9] rsome94(A,B) :- some94(B,C), \+no94(A,C) 0.344252873563 (5.0, 9.0, 88.0, 14.0) 0.860632183908 [ACCEPT]
[LVL9] rsome94(A,B) :- some94(B,C), \+no94(C,A) 0.368842364532 (5.0, 8.0, 89.0, 14.0) 0.860632183908 [ACCEPT]
[LVL9] rsome94(A,B) :- some94(B,C), \+somenot94(A,C) 0.297413793103 (4.0, 9.0, 88.0, 15.0) 0.83275862069 [ACCEPT]
[LVL9] rsome94(A,B) :- some94(B,C), \+somenot94(C,A) 0.368842364532 (5.0, 8.0, 89.0, 14.0) 0.860632183908 [ACCEPT]
[LVL9] rsome94(A,B) :- all94(C,A), \+all94(C,B) 0.297413793103 (4.0, 9.0, 88.0, 15.0) 0.83275862069 [ACCEPT]
[LVL9] rsome94(A,B) :- all94(C,A), \+all94(B,C) 0.297413793103 (4.0, 9.0, 88.0, 15.0) 0.83275862069 [ACCEPT]
[LVL9] rsome94(A,B) :- all94(C,A), \+some94(B,C) 0.225985221675 (3.0, 10.0, 87.0, 16.0) 0.790948275862 [ACCEPT]
[LVL9] rsome94(A,B) :- all94(C,A), \+no94(C,B) 0.297413793103 (4.0, 9.0, 88.0, 15.0) 0.83275862069 [ACCEPT]
[LVL9] rsome94(A,B) :- all94(C,A), \+no94(B,C) 0.277586206897 (4.0, 10.0, 87.0, 15.0) 0.83275862069 [ACCEPT]
[LVL9] rsome94(A,B) :- all94(C,A), \+somenot94(C,B) 0.225985221675 (3.0, 10.0, 87.0, 16.0) 0.790948275862 [ACCEPT]
[LVL9] rsome94(A,B) :- all94(C,A), \+somenot94(B,C) 0.297413793103 (4.0, 9.0, 88.0, 15.0) 0.83275862069 [ACCEPT]
[LVL9] rsome94(A,B) :- some94(A,C), \+all94(C,B) 0.225985221675 (3.0, 10.0, 87.0, 16.0) 0.790948275862 [ACCEPT]
[LVL9] rsome94(A,B) :- some94(A,C), \+all94(B,C) 0.225985221675 (3.0, 10.0, 87.0, 16.0) 0.790948275862 [ACCEPT]
[LVL9] rsome94(A,B) :- some94(A,C), \+some94(C,B) 0.225985221675 (3.0, 10.0, 87.0, 16.0) 0.790948275862 [ACCEPT]
[LVL9] rsome94(A,B) :- some94(A,C), \+some94(B,C) 0.225985221675 (3.0, 10.0, 87.0, 16.0) 0.790948275862 [ACCEPT]
[LVL9] rsome94(A,B) :- some94(A,C), \+no94(C,B) 0.297413793103 (4.0, 9.0, 88.0, 15.0) 0.83275862069 [ACCEPT]
[LVL9] rsome94(A,B) :- some94(A,C), \+no94(B,C) 0.277586206897 (4.0, 10.0, 87.0, 15.0) 0.83275862069 [ACCEPT]
[LVL9] rsome94(A,B) :- some94(A,C), \+somenot94(C,B) 0.297413793103 (4.0, 9.0, 88.0, 15.0) 0.83275862069 [ACCEPT]
[LVL9] rsome94(A,B) :- some94(A,C), \+somenot94(B,C) 0.297413793103 (4.0, 9.0, 88.0, 15.0) 0.83275862069 [ACCEPT]
[DEBUG] Best rule so far: rsome94(A,B) :- some94(C,B), all94(C,A) [0.721264367816]
[DEBUG] Candidates for iteration 3:
[DEBUG] ==================================
[DEBUG] rsome94(A,B) :- some94(C,B), \+no94(A,C) 0.430316091954
[DEBUG] rsome94(A,B) :- some94(C,B), \+somenot94(C,A) 0.430316091954
[DEBUG] rsome94(A,B) :- some94(C,B), \+no94(C,A) 0.397214854111
[DEBUG] rsome94(A,B) :- somenot94(A,C), \+all94(C,B) 0.397214854111
[DEBUG] rsome94(A,B) :- somenot94(A,C), \+no94(C,B) 0.397214854111
[DEBUG] rsome94(A,B) :- some94(C,B), all94(A,C) 0.387931034483
[DEBUG] rsome94(A,B) :- some94(B,C), \+no94(C,A) 0.368842364532
[DEBUG] rsome94(A,B) :- some94(B,C), \+somenot94(C,A) 0.368842364532
[DEBUG] rsome94(A,B) :- some94(C,B), \+all94(A,C) 0.346982758621
[DEBUG] rsome94(A,B) :- some94(C,B), \+some94(A,C) 0.346982758621
[DEBUG] rsome94(A,B) :- some94(C,B), \+some94(C,A) 0.346982758621
[DEBUG] rsome94(A,B) :- some94(B,C), \+no94(A,C) 0.344252873563
[DEBUG] rsome94(A,B) :- somenot94(A,C), \+all94(B,C) 0.320291777188
[DEBUG] rsome94(A,B) :- somenot94(A,C), \+some94(B,C) 0.320291777188
[DEBUG] rsome94(A,B) :- somenot94(A,C), \+no94(B,C) 0.320291777188
[DEBUG] rsome94(A,B) :- somenot94(A,C), \+somenot94(C,B) 0.320291777188
[DEBUG] rsome94(A,B) :- somenot94(A,C), \+somenot94(B,C) 0.320291777188
[DEBUG] rsome94(A,B) :- some94(B,C), \+all94(A,C) 0.297413793103
[DEBUG] rsome94(A,B) :- some94(B,C), \+all94(C,A) 0.297413793103
[DEBUG] rsome94(A,B) :- some94(B,C), \+some94(A,C) 0.297413793103
[DEBUG] rsome94(A,B) :- some94(B,C), \+some94(C,A) 0.297413793103
[DEBUG] rsome94(A,B) :- some94(B,C), \+somenot94(A,C) 0.297413793103
[DEBUG] rsome94(A,B) :- all94(C,A), \+all94(C,B) 0.297413793103
[DEBUG] rsome94(A,B) :- all94(C,A), \+all94(B,C) 0.297413793103
[DEBUG] rsome94(A,B) :- all94(C,A), \+no94(C,B) 0.297413793103
[DEBUG] rsome94(A,B) :- all94(C,A), \+somenot94(B,C) 0.297413793103
[DEBUG] rsome94(A,B) :- some94(A,C), \+no94(C,B) 0.297413793103
[DEBUG] rsome94(A,B) :- some94(A,C), \+somenot94(C,B) 0.297413793103
[DEBUG] rsome94(A,B) :- some94(A,C), \+somenot94(B,C) 0.297413793103
[DEBUG] rsome94(A,B) :- all94(C,A), \+no94(B,C) 0.277586206897
[DEBUG] rsome94(A,B) :- some94(A,C), \+no94(B,C) 0.277586206897
[DEBUG] rsome94(A,B) :- all94(C,A), \+some94(B,C) 0.225985221675
[DEBUG] rsome94(A,B) :- all94(C,A), \+somenot94(C,B) 0.225985221675
[DEBUG] rsome94(A,B) :- some94(A,C), \+all94(C,B) 0.225985221675
[DEBUG] rsome94(A,B) :- some94(A,C), \+all94(B,C) 0.225985221675
[DEBUG] rsome94(A,B) :- some94(A,C), \+some94(C,B) 0.225985221675
[DEBUG] rsome94(A,B) :- some94(A,C), \+some94(B,C) 0.225985221675
[DEBUG] ==================================
[INFO] RULE LEARNED: rsome94(A,B) :- some94(C,B), all94(C,A) 0.853448275862
[DEBUG] Best rule so far: rsome94(A,B) :- true [0.149122807018]
[DEBUG] Candidates for iteration 1:
[DEBUG] ==================================
[DEBUG] rsome94(A,B) :- true 0.149122807018
[DEBUG] ==================================
[LVL9] rsome94(A,B) :- all94(A,C) 0.0 (4.0, 14.0, 83.0, 15.0) 0.716374269006 [ACCEPT]
[LVL9] rsome94(A,B) :- all94(B,C) 0.0 (4.0, 14.0, 83.0, 15.0) 0.716374269006 [ACCEPT]
[LVL9] rsome94(A,B) :- all94(C,A) 0.15350877193 (4.0, 11.0, 86.0, 15.0) 0.716374269006 [ACCEPT]
[LVL9] BETTER RULE rsome94(A,B) :- all94(C,A) (0.15350877192982454, 4.0) > (0.14912280701754388, 19.0)
[LVL9] rsome94(A,B) :- all94(C,B) 0.0 (4.0, 13.0, 84.0, 15.0) 0.716374269006 [ACCEPT]
[LVL9] rsome94(A,B) :- some94(A,C) 0.259320175439 (6.0, 11.0, 86.0, 13.0) 0.829824561404 [ACCEPT]
[LVL9] BETTER RULE rsome94(A,B) :- some94(A,C) (0.2593201754385965, 6.0) > (0.15350877192982454, 4.0)
[LVL9] rsome94(A,B) :- some94(B,C) 0.321820175439 (7.0, 10.0, 87.0, 12.0) 0.858187134503 [ACCEPT]
[LVL9] BETTER RULE rsome94(A,B) :- some94(B,C) (0.3218201754385965, 7.0) > (0.2593201754385965, 6.0)
[LVL9] rsome94(A,B) :- some94(C,A) 0.15350877193 (4.0, 11.0, 86.0, 15.0) 0.716374269006 [ACCEPT]
[LVL9] rsome94(A,B) :- some94(C,B) 0.262426900585 (5.0, 8.0, 89.0, 14.0) 0.787280701754 [ACCEPT]
[LVL9] rsome94(A,B) :- no94(B,C) 0.0 (3.0, 12.0, 85.0, 16.0) 0.574561403509 [ACCEPT]
[LVL9] rsome94(A,B) :- no94(C,A) 0.0 (3.0, 14.0, 83.0, 16.0) 0.574561403509 [ACCEPT]
[LVL9] rsome94(A,B) :- somenot94(A,C) 0.343274853801 (7.0, 9.0, 88.0, 12.0) 0.858187134503 [ACCEPT]
[LVL9] BETTER RULE rsome94(A,B) :- somenot94(A,C) (0.34327485380116957, 7.0) > (0.3218201754385965, 7.0)
[LVL9] rsome94(A,B) :- somenot94(B,C) 0.0 (4.0, 12.0, 85.0, 15.0) 0.716374269006 [ACCEPT]
[LVL9] rsome94(A,B) :- somenot94(C,A) 0.0 (3.0, 14.0, 83.0, 16.0) 0.574561403509 [ACCEPT]
[LVL9] rsome94(A,B) :- somenot94(C,B) 0.0 (4.0, 13.0, 84.0, 15.0) 0.716374269006 [ACCEPT]
[DEBUG] Best rule so far: rsome94(A,B) :- somenot94(A,C) [0.343274853801]
[DEBUG] Candidates for iteration 2:
[DEBUG] ==================================
[DEBUG] rsome94(A,B) :- somenot94(A,C) 0.343274853801
[DEBUG] rsome94(A,B) :- some94(B,C) 0.321820175439
[DEBUG] rsome94(A,B) :- some94(C,B) 0.262426900585
[DEBUG] rsome94(A,B) :- some94(A,C) 0.259320175439
[DEBUG] rsome94(A,B) :- all94(C,A) 0.15350877193
[DEBUG] rsome94(A,B) :- some94(C,A) 0.15350877193
[DEBUG] rsome94(A,B) :- all94(A,C) 0.0
[DEBUG] rsome94(A,B) :- all94(B,C) 0.0
[DEBUG] rsome94(A,B) :- all94(C,B) 0.0
[DEBUG] rsome94(A,B) :- somenot94(B,C) 0.0
[DEBUG] rsome94(A,B) :- somenot94(C,B) 0.0
[DEBUG] rsome94(A,B) :- no94(B,C) 0.0
[DEBUG] rsome94(A,B) :- no94(C,A) 0.0
[DEBUG] rsome94(A,B) :- somenot94(C,A) 0.0
[DEBUG] ==================================
[LVL9] rsome94(A,B) :- somenot94(A,C), all94(B,C) 0.383040935673 (3.0, 1.0, 96.0, 16.0) 0.574561403509 [ACCEPT]
[LVL9] BETTER RULE rsome94(A,B) :- somenot94(A,C), all94(B,C) (0.3830409356725146, 3.0) > (0.34327485380116957, 7.0)
[LVL9] rsome94(A,B) :- somenot94(A,C), all94(B,D) 0.383040935673 (3.0, 1.0, 96.0, 16.0) 0.574561403509 [ACCEPT]
[LVL9] rsome94(A,B) :- somenot94(A,C), all94(D,C) 0.383040935673 (3.0, 1.0, 96.0, 16.0) 0.574561403509 [ACCEPT]
[LVL9] rsome94(A,B) :- somenot94(A,C), some94(B,C) 0.383040935673 (3.0, 1.0, 96.0, 16.0) 0.574561403509 [ACCEPT]
[LVL9] rsome94(A,B) :- somenot94(A,C), some94(B,D) 0.383040935673 (3.0, 1.0, 96.0, 16.0) 0.574561403509 [ACCEPT]
[LVL9] rsome94(A,B) :- somenot94(A,C), some94(D,C) 0.383040935673 (3.0, 1.0, 96.0, 16.0) 0.574561403509 [ACCEPT]
[LVL9] rsome94(A,B) :- somenot94(A,C), no94(B,C) 0.383040935673 (3.0, 1.0, 96.0, 16.0) 0.574561403509 [ACCEPT]
[LVL9] rsome94(A,B) :- somenot94(A,C), no94(B,D) 0.383040935673 (3.0, 1.0, 96.0, 16.0) 0.574561403509 [ACCEPT]
[LVL9] rsome94(A,B) :- somenot94(A,C), no94(D,C) 0.383040935673 (3.0, 1.0, 96.0, 16.0) 0.574561403509 [ACCEPT]
[LVL9] rsome94(A,B) :- somenot94(A,C), somenot94(C,B) 0.383040935673 (3.0, 1.0, 96.0, 16.0) 0.574561403509 [ACCEPT]
[LVL9] rsome94(A,B) :- somenot94(A,C), somenot94(B,C) 0.383040935673 (3.0, 1.0, 96.0, 16.0) 0.574561403509 [ACCEPT]
[LVL9] rsome94(A,B) :- somenot94(A,C), somenot94(C,D) 0.383040935673 (3.0, 1.0, 96.0, 16.0) 0.574561403509 [ACCEPT]
[LVL9] rsome94(A,B) :- somenot94(A,C), somenot94(B,D) 0.383040935673 (3.0, 1.0, 96.0, 16.0) 0.574561403509 [ACCEPT]
[LVL9] rsome94(A,B) :- somenot94(A,C), somenot94(D,B) 0.383040935673 (3.0, 1.0, 96.0, 16.0) 0.574561403509 [ACCEPT]
[LVL9] rsome94(A,B) :- somenot94(A,C), \+all94(C,B) 0.396086369771 (7.0, 7.0, 90.0, 12.0) 0.858187134503 [ACCEPT]
[LVL9] BETTER RULE rsome94(A,B) :- somenot94(A,C), \+all94(C,B) (0.39608636977058026, 7.0) > (0.3830409356725146, 3.0)
[LVL9] rsome94(A,B) :- somenot94(A,C), \+all94(B,C) 0.319163292848 (6.0, 8.0, 89.0, 13.0) 0.829824561404 [ACCEPT]
[LVL9] rsome94(A,B) :- somenot94(A,C), \+some94(B,C) 0.319163292848 (6.0, 8.0, 89.0, 13.0) 0.829824561404 [ACCEPT]
[LVL9] rsome94(A,B) :- somenot94(A,C), \+no94(C,B) 0.396086369771 (7.0, 7.0, 90.0, 12.0) 0.858187134503 [ACCEPT]
[LVL9] rsome94(A,B) :- somenot94(A,C), \+no94(B,C) 0.319163292848 (6.0, 8.0, 89.0, 13.0) 0.829824561404 [ACCEPT]
[LVL9] rsome94(A,B) :- somenot94(A,C), \+somenot94(C,B) 0.319163292848 (6.0, 8.0, 89.0, 13.0) 0.829824561404 [ACCEPT]
[LVL9] rsome94(A,B) :- somenot94(A,C), \+somenot94(B,C) 0.319163292848 (6.0, 8.0, 89.0, 13.0) 0.829824561404 [ACCEPT]
[LVL9] rsome94(A,B) :- some94(B,C), all94(A,C) 0.383040935673 (3.0, 1.0, 96.0, 16.0) 0.574561403509 [ACCEPT]
[LVL9] rsome94(A,B) :- some94(B,C), all94(C,A) 0.383040935673 (3.0, 1.0, 96.0, 16.0) 0.574561403509 [ACCEPT]
[LVL9] rsome94(A,B) :- some94(B,C), all94(A,D) 0.383040935673 (3.0, 1.0, 96.0, 16.0) 0.574561403509 [ACCEPT]
[LVL9] rsome94(A,B) :- some94(B,C), all94(C,D) 0.383040935673 (3.0, 1.0, 96.0, 16.0) 0.574561403509 [ACCEPT]
[LVL9] rsome94(A,B) :- some94(B,C), all94(D,A) 0.383040935673 (3.0, 1.0, 96.0, 16.0) 0.574561403509 [ACCEPT]
[LVL9] rsome94(A,B) :- some94(B,C), all94(D,C) 0.383040935673 (3.0, 1.0, 96.0, 16.0) 0.574561403509 [ACCEPT]
[LVL9] rsome94(A,B) :- some94(B,C), some94(A,C) 0.383040935673 (3.0, 1.0, 96.0, 16.0) 0.574561403509 [ACCEPT]
[LVL9] rsome94(A,B) :- some94(B,C), some94(C,A) 0.383040935673 (3.0, 1.0, 96.0, 16.0) 0.574561403509 [ACCEPT]
[LVL9] rsome94(A,B) :- some94(B,C), some94(A,D) 0.383040935673 (3.0, 1.0, 96.0, 16.0) 0.574561403509 [ACCEPT]
[LVL9] rsome94(A,B) :- some94(B,C), some94(C,D) 0.383040935673 (3.0, 1.0, 96.0, 16.0) 0.574561403509 [ACCEPT]
[LVL9] rsome94(A,B) :- some94(B,C), some94(D,A) 0.383040935673 (3.0, 1.0, 96.0, 16.0) 0.574561403509 [ACCEPT]
[LVL9] rsome94(A,B) :- some94(B,C), somenot94(A,D) 0.383040935673 (3.0, 1.0, 96.0, 16.0) 0.574561403509 [ACCEPT]
[LVL9] rsome94(A,B) :- some94(B,C), somenot94(D,C) 0.383040935673 (3.0, 1.0, 96.0, 16.0) 0.574561403509 [ACCEPT]
[LVL9] rsome94(A,B) :- some94(B,C), \+all94(A,C) 0.296365914787 (6.0, 9.0, 88.0, 13.0) 0.829824561404 [ACCEPT]
[LVL9] rsome94(A,B) :- some94(B,C), \+all94(C,A) 0.296365914787 (6.0, 9.0, 88.0, 13.0) 0.829824561404 [ACCEPT]
[LVL9] rsome94(A,B) :- some94(B,C), \+some94(A,C) 0.296365914787 (6.0, 9.0, 88.0, 13.0) 0.829824561404 [ACCEPT]
[LVL9] rsome94(A,B) :- some94(B,C), \+some94(C,A) 0.296365914787 (6.0, 9.0, 88.0, 13.0) 0.829824561404 [ACCEPT]
[LVL9] rsome94(A,B) :- some94(B,C), \+no94(A,C) 0.343274853801 (7.0, 9.0, 88.0, 12.0) 0.858187134503 [ACCEPT]
[LVL9] rsome94(A,B) :- some94(B,C), \+no94(C,A) 0.367794486216 (7.0, 8.0, 89.0, 12.0) 0.858187134503 [ACCEPT]
[LVL9] rsome94(A,B) :- some94(B,C), \+somenot94(A,C) 0.296365914787 (6.0, 9.0, 88.0, 13.0) 0.829824561404 [ACCEPT]
[LVL9] rsome94(A,B) :- some94(B,C), \+somenot94(C,A) 0.367794486216 (7.0, 8.0, 89.0, 12.0) 0.858187134503 [ACCEPT]
[LVL9] rsome94(A,B) :- some94(C,B), all94(A,C) 0.383040935673 (3.0, 1.0, 96.0, 16.0) 0.574561403509 [ACCEPT]
[LVL9] rsome94(A,B) :- some94(C,B), all94(A,D) 0.383040935673 (3.0, 1.0, 96.0, 16.0) 0.574561403509 [ACCEPT]
[LVL9] rsome94(A,B) :- some94(C,B), all94(D,C) 0.383040935673 (3.0, 1.0, 96.0, 16.0) 0.574561403509 [ACCEPT]
[LVL9] rsome94(A,B) :- some94(C,B), some94(A,C) 0.383040935673 (3.0, 1.0, 96.0, 16.0) 0.574561403509 [ACCEPT]
[LVL9] rsome94(A,B) :- some94(C,B), some94(C,A) 0.383040935673 (3.0, 1.0, 96.0, 16.0) 0.574561403509 [ACCEPT]
[LVL9] rsome94(A,B) :- some94(C,B), some94(A,D) 0.383040935673 (3.0, 1.0, 96.0, 16.0) 0.574561403509 [ACCEPT]
[LVL9] rsome94(A,B) :- some94(C,B), some94(D,A) 0.383040935673 (3.0, 1.0, 96.0, 16.0) 0.574561403509 [ACCEPT]
[LVL9] rsome94(A,B) :- some94(C,B), some94(D,C) 0.383040935673 (3.0, 1.0, 96.0, 16.0) 0.574561403509 [ACCEPT]
[LVL9] rsome94(A,B) :- some94(C,B), \+all94(A,C) 0.214912280702 (4.0, 7.0, 90.0, 15.0) 0.716374269006 [ACCEPT]
[LVL9] rsome94(A,B) :- some94(C,B), \+some94(A,C) 0.214912280702 (4.0, 7.0, 90.0, 15.0) 0.716374269006 [ACCEPT]
[LVL9] rsome94(A,B) :- some94(C,B), \+some94(C,A) 0.214912280702 (4.0, 7.0, 90.0, 15.0) 0.716374269006 [ACCEPT]
[LVL9] rsome94(A,B) :- some94(C,B), \+no94(A,C) 0.314912280702 (5.0, 6.0, 91.0, 14.0) 0.787280701754 [ACCEPT]
[LVL9] rsome94(A,B) :- some94(C,B), \+no94(C,A) 0.286283891547 (5.0, 7.0, 90.0, 14.0) 0.787280701754 [ACCEPT]
[LVL9] rsome94(A,B) :- some94(C,B), \+somenot94(C,A) 0.314912280702 (5.0, 6.0, 91.0, 14.0) 0.787280701754 [ACCEPT]
[LVL9] rsome94(A,B) :- some94(A,C), all94(C,B) 0.383040935673 (3.0, 1.0, 96.0, 16.0) 0.574561403509 [ACCEPT]
[LVL9] rsome94(A,B) :- some94(A,C), all94(B,C) 0.383040935673 (3.0, 1.0, 96.0, 16.0) 0.574561403509 [ACCEPT]
[LVL9] rsome94(A,B) :- some94(A,C), all94(C,D) 0.383040935673 (3.0, 1.0, 96.0, 16.0) 0.574561403509 [ACCEPT]
[LVL9] rsome94(A,B) :- some94(A,C), all94(B,D) 0.383040935673 (3.0, 1.0, 96.0, 16.0) 0.574561403509 [ACCEPT]
[LVL9] rsome94(A,B) :- some94(A,C), all94(D,C) 0.383040935673 (3.0, 1.0, 96.0, 16.0) 0.574561403509 [ACCEPT]
[LVL9] rsome94(A,B) :- some94(A,C), all94(D,B) 0.383040935673 (3.0, 1.0, 96.0, 16.0) 0.574561403509 [ACCEPT]
[LVL9] rsome94(A,B) :- some94(A,C), some94(C,D) 0.383040935673 (3.0, 1.0, 96.0, 16.0) 0.574561403509 [ACCEPT]
[LVL9] rsome94(A,B) :- some94(A,C), some94(B,D) 0.383040935673 (3.0, 1.0, 96.0, 16.0) 0.574561403509 [ACCEPT]
[LVL9] rsome94(A,B) :- some94(A,C), some94(D,B) 0.383040935673 (3.0, 1.0, 96.0, 16.0) 0.574561403509 [ACCEPT]
[LVL9] rsome94(A,B) :- some94(A,C), \+all94(C,B) 0.224937343358 (5.0, 10.0, 87.0, 14.0) 0.787280701754 [ACCEPT]
[LVL9] rsome94(A,B) :- some94(A,C), \+all94(B,C) 0.224937343358 (5.0, 10.0, 87.0, 14.0) 0.787280701754 [ACCEPT]
[LVL9] rsome94(A,B) :- some94(A,C), \+some94(C,B) 0.224937343358 (5.0, 10.0, 87.0, 14.0) 0.787280701754 [ACCEPT]
[LVL9] rsome94(A,B) :- some94(A,C), \+some94(B,C) 0.224937343358 (5.0, 10.0, 87.0, 14.0) 0.787280701754 [ACCEPT]
[LVL9] rsome94(A,B) :- some94(A,C), \+no94(C,B) 0.296365914787 (6.0, 9.0, 88.0, 13.0) 0.829824561404 [ACCEPT]
[LVL9] rsome94(A,B) :- some94(A,C), \+no94(B,C) 0.276608187135 (6.0, 10.0, 87.0, 13.0) 0.829824561404 [ACCEPT]
[LVL9] rsome94(A,B) :- some94(A,C), \+somenot94(C,B) 0.296365914787 (6.0, 9.0, 88.0, 13.0) 0.829824561404 [ACCEPT]
[LVL9] rsome94(A,B) :- some94(A,C), \+somenot94(B,C) 0.296365914787 (6.0, 9.0, 88.0, 13.0) 0.829824561404 [ACCEPT]
[LVL9] rsome94(A,B) :- all94(C,A), some94(B,D) 0.383040935673 (3.0, 1.0, 96.0, 16.0) 0.574561403509 [ACCEPT]
[LVL9] rsome94(A,B) :- all94(C,A), some94(D,C) 0.383040935673 (3.0, 1.0, 96.0, 16.0) 0.574561403509 [ACCEPT]
[LVL9] rsome94(A,B) :- all94(C,A), somenot94(C,B) 0.383040935673 (3.0, 1.0, 96.0, 16.0) 0.574561403509 [ACCEPT]
[LVL9] rsome94(A,B) :- all94(C,A), somenot94(C,D) 0.383040935673 (3.0, 1.0, 96.0, 16.0) 0.574561403509 [ACCEPT]
[LVL9] rsome94(A,B) :- all94(C,A), somenot94(D,B) 0.383040935673 (3.0, 1.0, 96.0, 16.0) 0.574561403509 [ACCEPT]
[LVL9] rsome94(A,B) :- all94(C,A), \+all94(C,B) 0.179093567251 (4.0, 9.0, 88.0, 15.0) 0.716374269006 [ACCEPT]
[LVL9] rsome94(A,B) :- all94(C,A), \+all94(B,C) 0.179093567251 (4.0, 9.0, 88.0, 15.0) 0.716374269006 [ACCEPT]
[LVL9] rsome94(A,B) :- all94(C,A), \+some94(B,C) 0.0 (3.0, 10.0, 87.0, 16.0) 0.574561403509 [ACCEPT]
[LVL9] rsome94(A,B) :- all94(C,A), \+no94(C,B) 0.179093567251 (4.0, 9.0, 88.0, 15.0) 0.716374269006 [ACCEPT]
[LVL9] rsome94(A,B) :- all94(C,A), \+no94(B,C) 0.165317139001 (4.0, 10.0, 87.0, 15.0) 0.716374269006 [ACCEPT]
[LVL9] rsome94(A,B) :- all94(C,A), \+somenot94(C,B) 0.0 (3.0, 10.0, 87.0, 16.0) 0.574561403509 [ACCEPT]
[LVL9] rsome94(A,B) :- all94(C,A), \+somenot94(B,C) 0.179093567251 (4.0, 9.0, 88.0, 15.0) 0.716374269006 [ACCEPT]
[LVL9] rsome94(A,B) :- some94(C,A), some94(B,D) 0.383040935673 (3.0, 1.0, 96.0, 16.0) 0.574561403509 [ACCEPT]
[LVL9] rsome94(A,B) :- some94(C,A), some94(D,C) 0.383040935673 (3.0, 1.0, 96.0, 16.0) 0.574561403509 [ACCEPT]
[LVL9] rsome94(A,B) :- some94(C,A), some94(D,B) 0.383040935673 (3.0, 1.0, 96.0, 16.0) 0.574561403509 [ACCEPT]
[LVL9] rsome94(A,B) :- some94(C,A), \+all94(C,B) 0.179093567251 (4.0, 9.0, 88.0, 15.0) 0.716374269006 [ACCEPT]
[LVL9] rsome94(A,B) :- some94(C,A), \+all94(B,C) 0.179093567251 (4.0, 9.0, 88.0, 15.0) 0.716374269006 [ACCEPT]
[LVL9] rsome94(A,B) :- some94(C,A), \+some94(C,B) 0.0 (3.0, 10.0, 87.0, 16.0) 0.574561403509 [ACCEPT]
[LVL9] rsome94(A,B) :- some94(C,A), \+some94(B,C) 0.0 (3.0, 10.0, 87.0, 16.0) 0.574561403509 [ACCEPT]
[LVL9] rsome94(A,B) :- some94(C,A), \+no94(C,B) 0.165317139001 (4.0, 10.0, 87.0, 15.0) 0.716374269006 [ACCEPT]
[LVL9] rsome94(A,B) :- some94(C,A), \+no94(B,C) 0.179093567251 (4.0, 9.0, 88.0, 15.0) 0.716374269006 [ACCEPT]
[LVL9] rsome94(A,B) :- some94(C,A), \+somenot94(C,B) 0.179093567251 (4.0, 9.0, 88.0, 15.0) 0.716374269006 [ACCEPT]
[LVL9] rsome94(A,B) :- all94(A,C), some94(C,D) 0.383040935673 (3.0, 1.0, 96.0, 16.0) 0.574561403509 [ACCEPT]
[LVL9] rsome94(A,B) :- all94(A,C), some94(B,D) 0.383040935673 (3.0, 1.0, 96.0, 16.0) 0.574561403509 [ACCEPT]
[LVL9] rsome94(A,B) :- all94(A,C), some94(D,C) 0.383040935673 (3.0, 1.0, 96.0, 16.0) 0.574561403509 [ACCEPT]
[LVL9] rsome94(A,B) :- all94(A,C), some94(D,B) 0.383040935673 (3.0, 1.0, 96.0, 16.0) 0.574561403509 [ACCEPT]
[LVL9] rsome94(A,B) :- all94(A,C), \+all94(C,B) 0.0 (4.0, 12.0, 85.0, 15.0) 0.716374269006 [ACCEPT]
[LVL9] rsome94(A,B) :- all94(A,C), \+all94(B,C) 0.0 (4.0, 12.0, 85.0, 15.0) 0.716374269006 [ACCEPT]
[LVL9] rsome94(A,B) :- all94(A,C), \+no94(C,B) 0.0 (4.0, 12.0, 85.0, 15.0) 0.716374269006 [ACCEPT]
[LVL9] rsome94(A,B) :- all94(A,C), \+no94(B,C) 0.0 (4.0, 12.0, 85.0, 15.0) 0.716374269006 [ACCEPT]
[LVL9] rsome94(A,B) :- all94(A,C), \+somenot94(C,B) 0.0 (4.0, 12.0, 85.0, 15.0) 0.716374269006 [ACCEPT]
[LVL9] rsome94(A,B) :- all94(B,C), some94(A,D) 0.383040935673 (3.0, 1.0, 96.0, 16.0) 0.574561403509 [ACCEPT]
[LVL9] rsome94(A,B) :- all94(B,C), some94(D,C) 0.383040935673 (3.0, 1.0, 96.0, 16.0) 0.574561403509 [ACCEPT]
[LVL9] rsome94(A,B) :- all94(B,C), somenot94(A,D) 0.383040935673 (3.0, 1.0, 96.0, 16.0) 0.574561403509 [ACCEPT]
[LVL9] rsome94(A,B) :- all94(B,C), somenot94(D,C) 0.383040935673 (3.0, 1.0, 96.0, 16.0) 0.574561403509 [ACCEPT]
[LVL9] rsome94(A,B) :- all94(C,B), some94(A,D) 0.383040935673 (3.0, 1.0, 96.0, 16.0) 0.574561403509 [ACCEPT]
[LVL9] rsome94(A,B) :- all94(C,B), some94(D,C) 0.383040935673 (3.0, 1.0, 96.0, 16.0) 0.574561403509 [ACCEPT]
[LVL9] rsome94(A,B) :- all94(C,B), somenot94(C,A) 0.383040935673 (3.0, 1.0, 96.0, 16.0) 0.574561403509 [ACCEPT]
[LVL9] rsome94(A,B) :- all94(C,B), somenot94(C,D) 0.383040935673 (3.0, 1.0, 96.0, 16.0) 0.574561403509 [ACCEPT]
[LVL9] rsome94(A,B) :- all94(C,B), somenot94(D,A) 0.383040935673 (3.0, 1.0, 96.0, 16.0) 0.574561403509 [ACCEPT]
[LVL9] rsome94(A,B) :- somenot94(B,C), no94(C,A) 0.383040935673 (3.0, 1.0, 96.0, 16.0) 0.574561403509 [ACCEPT]
[LVL9] rsome94(A,B) :- somenot94(B,C), no94(C,D) 0.383040935673 (3.0, 1.0, 96.0, 16.0) 0.574561403509 [ACCEPT]
[LVL9] rsome94(A,B) :- somenot94(B,C), no94(D,A) 0.383040935673 (3.0, 1.0, 96.0, 16.0) 0.574561403509 [ACCEPT]
[LVL9] rsome94(A,B) :- somenot94(B,C), somenot94(A,D) 0.383040935673 (3.0, 1.0, 96.0, 16.0) 0.574561403509 [ACCEPT]
[LVL9] rsome94(A,B) :- somenot94(C,B), all94(C,D) 0.383040935673 (3.0, 1.0, 96.0, 16.0) 0.574561403509 [ACCEPT]
[LVL9] rsome94(A,B) :- somenot94(C,B), all94(D,A) 0.383040935673 (3.0, 1.0, 96.0, 16.0) 0.574561403509 [ACCEPT]
[LVL9] rsome94(A,B) :- somenot94(C,B), somenot94(A,D) 0.383040935673 (3.0, 1.0, 96.0, 16.0) 0.574561403509 [ACCEPT]
[LVL9] rsome94(A,B) :- somenot94(C,B), somenot94(D,C) 0.383040935673 (3.0, 1.0, 96.0, 16.0) 0.574561403509 [ACCEPT]
[LVL9] rsome94(A,B) :- no94(B,C), somenot94(A,D) 0.383040935673 (3.0, 1.0, 96.0, 16.0) 0.574561403509 [ACCEPT]
[LVL9] rsome94(A,B) :- no94(B,C), somenot94(D,C) 0.383040935673 (3.0, 1.0, 96.0, 16.0) 0.574561403509 [ACCEPT]
[LVL9] rsome94(A,B) :- no94(C,A), somenot94(B,D) 0.383040935673 (3.0, 1.0, 96.0, 16.0) 0.574561403509 [ACCEPT]
[LVL9] rsome94(A,B) :- no94(C,A), somenot94(D,C) 0.383040935673 (3.0, 1.0, 96.0, 16.0) 0.574561403509 [ACCEPT]
[LVL9] rsome94(A,B) :- somenot94(C,A), all94(C,D) 0.383040935673 (3.0, 1.0, 96.0, 16.0) 0.574561403509 [ACCEPT]
[LVL9] rsome94(A,B) :- somenot94(C,A), all94(D,B) 0.383040935673 (3.0, 1.0, 96.0, 16.0) 0.574561403509 [ACCEPT]
[DEBUG] Best rule so far: rsome94(A,B) :- somenot94(A,C), \+all94(C,B) [0.396086369771]
[DEBUG] Candidates for iteration 3:
[DEBUG] ==================================
[DEBUG] rsome94(A,B) :- somenot94(A,C), \+all94(C,B) 0.396086369771
[DEBUG] rsome94(A,B) :- somenot94(A,C), \+no94(C,B) 0.396086369771
[DEBUG] rsome94(A,B) :- somenot94(A,C), all94(B,C) 0.383040935673
[DEBUG] rsome94(A,B) :- somenot94(A,C), all94(B,D) 0.383040935673
[DEBUG] rsome94(A,B) :- somenot94(A,C), all94(D,C) 0.383040935673
[DEBUG] rsome94(A,B) :- somenot94(A,C), some94(B,C) 0.383040935673
[DEBUG] rsome94(A,B) :- somenot94(A,C), some94(B,D) 0.383040935673
[DEBUG] rsome94(A,B) :- somenot94(A,C), some94(D,C) 0.383040935673
[DEBUG] rsome94(A,B) :- somenot94(A,C), no94(B,C) 0.383040935673
[DEBUG] rsome94(A,B) :- somenot94(A,C), no94(B,D) 0.383040935673
[DEBUG] rsome94(A,B) :- somenot94(A,C), no94(D,C) 0.383040935673
[DEBUG] rsome94(A,B) :- somenot94(A,C), somenot94(C,B) 0.383040935673
[DEBUG] rsome94(A,B) :- somenot94(A,C), somenot94(B,C) 0.383040935673
[DEBUG] rsome94(A,B) :- somenot94(A,C), somenot94(C,D) 0.383040935673
[DEBUG] rsome94(A,B) :- somenot94(A,C), somenot94(B,D) 0.383040935673
[DEBUG] rsome94(A,B) :- somenot94(A,C), somenot94(D,B) 0.383040935673
[DEBUG] rsome94(A,B) :- some94(B,C), all94(A,C) 0.383040935673
[DEBUG] rsome94(A,B) :- some94(B,C), all94(C,A) 0.383040935673
[DEBUG] rsome94(A,B) :- some94(B,C), all94(A,D) 0.383040935673
[DEBUG] rsome94(A,B) :- some94(B,C), all94(C,D) 0.383040935673
[DEBUG] rsome94(A,B) :- some94(B,C), all94(D,A) 0.383040935673
[DEBUG] rsome94(A,B) :- some94(B,C), all94(D,C) 0.383040935673
[DEBUG] rsome94(A,B) :- some94(B,C), some94(A,C) 0.383040935673
[DEBUG] rsome94(A,B) :- some94(B,C), some94(C,A) 0.383040935673
[DEBUG] rsome94(A,B) :- some94(B,C), some94(A,D) 0.383040935673
[DEBUG] rsome94(A,B) :- some94(B,C), some94(C,D) 0.383040935673
[DEBUG] rsome94(A,B) :- some94(B,C), some94(D,A) 0.383040935673
[DEBUG] rsome94(A,B) :- some94(B,C), somenot94(A,D) 0.383040935673
[DEBUG] rsome94(A,B) :- some94(B,C), somenot94(D,C) 0.383040935673
[DEBUG] rsome94(A,B) :- some94(C,B), all94(A,C) 0.383040935673
[DEBUG] rsome94(A,B) :- some94(C,B), all94(A,D) 0.383040935673
[DEBUG] rsome94(A,B) :- some94(C,B), all94(D,C) 0.383040935673
[DEBUG] rsome94(A,B) :- some94(C,B), some94(A,C) 0.383040935673
[DEBUG] rsome94(A,B) :- some94(C,B), some94(C,A) 0.383040935673
[DEBUG] rsome94(A,B) :- some94(C,B), some94(A,D) 0.383040935673
[DEBUG] rsome94(A,B) :- some94(C,B), some94(D,A) 0.383040935673
[DEBUG] rsome94(A,B) :- some94(C,B), some94(D,C) 0.383040935673
[DEBUG] rsome94(A,B) :- some94(A,C), all94(C,B) 0.383040935673
[DEBUG] rsome94(A,B) :- some94(A,C), all94(B,C) 0.383040935673
[DEBUG] rsome94(A,B) :- some94(A,C), all94(C,D) 0.383040935673
[DEBUG] rsome94(A,B) :- some94(A,C), all94(B,D) 0.383040935673
[DEBUG] rsome94(A,B) :- some94(A,C), all94(D,C) 0.383040935673
[DEBUG] rsome94(A,B) :- some94(A,C), all94(D,B) 0.383040935673
[DEBUG] rsome94(A,B) :- some94(A,C), some94(C,D) 0.383040935673
[DEBUG] rsome94(A,B) :- some94(A,C), some94(B,D) 0.383040935673
[DEBUG] rsome94(A,B) :- some94(A,C), some94(D,B) 0.383040935673
[DEBUG] rsome94(A,B) :- all94(C,A), some94(B,D) 0.383040935673
[DEBUG] rsome94(A,B) :- all94(C,A), some94(D,C) 0.383040935673
[DEBUG] rsome94(A,B) :- all94(C,A), somenot94(C,B) 0.383040935673
[DEBUG] rsome94(A,B) :- all94(C,A), somenot94(C,D) 0.383040935673
[DEBUG] rsome94(A,B) :- all94(C,A), somenot94(D,B) 0.383040935673
[DEBUG] rsome94(A,B) :- some94(C,A), some94(B,D) 0.383040935673
[DEBUG] rsome94(A,B) :- some94(C,A), some94(D,C) 0.383040935673
[DEBUG] rsome94(A,B) :- some94(C,A), some94(D,B) 0.383040935673
[DEBUG] rsome94(A,B) :- all94(A,C), some94(C,D) 0.383040935673
[DEBUG] rsome94(A,B) :- all94(A,C), some94(B,D) 0.383040935673
[DEBUG] rsome94(A,B) :- all94(A,C), some94(D,C) 0.383040935673
[DEBUG] rsome94(A,B) :- all94(A,C), some94(D,B) 0.383040935673
[DEBUG] rsome94(A,B) :- all94(B,C), some94(A,D) 0.383040935673
[DEBUG] rsome94(A,B) :- all94(B,C), some94(D,C) 0.383040935673
[DEBUG] rsome94(A,B) :- all94(B,C), somenot94(A,D) 0.383040935673
[DEBUG] rsome94(A,B) :- all94(B,C), somenot94(D,C) 0.383040935673
[DEBUG] rsome94(A,B) :- all94(C,B), some94(A,D) 0.383040935673
[DEBUG] rsome94(A,B) :- all94(C,B), some94(D,C) 0.383040935673
[DEBUG] rsome94(A,B) :- all94(C,B), somenot94(C,A) 0.383040935673
[DEBUG] rsome94(A,B) :- all94(C,B), somenot94(C,D) 0.383040935673
[DEBUG] rsome94(A,B) :- all94(C,B), somenot94(D,A) 0.383040935673
[DEBUG] rsome94(A,B) :- somenot94(B,C), no94(C,A) 0.383040935673
[DEBUG] rsome94(A,B) :- somenot94(B,C), no94(C,D) 0.383040935673
[DEBUG] rsome94(A,B) :- somenot94(B,C), no94(D,A) 0.383040935673
[DEBUG] rsome94(A,B) :- somenot94(B,C), somenot94(A,D) 0.383040935673
[DEBUG] rsome94(A,B) :- somenot94(C,B), all94(C,D) 0.383040935673
[DEBUG] rsome94(A,B) :- somenot94(C,B), all94(D,A) 0.383040935673
[DEBUG] rsome94(A,B) :- somenot94(C,B), somenot94(A,D) 0.383040935673
[DEBUG] rsome94(A,B) :- somenot94(C,B), somenot94(D,C) 0.383040935673
[DEBUG] rsome94(A,B) :- no94(B,C), somenot94(A,D) 0.383040935673
[DEBUG] rsome94(A,B) :- no94(B,C), somenot94(D,C) 0.383040935673
[DEBUG] rsome94(A,B) :- no94(C,A), somenot94(B,D) 0.383040935673
[DEBUG] rsome94(A,B) :- no94(C,A), somenot94(D,C) 0.383040935673
[DEBUG] rsome94(A,B) :- somenot94(C,A), all94(C,D) 0.383040935673
[DEBUG] rsome94(A,B) :- somenot94(C,A), all94(D,B) 0.383040935673
[DEBUG] rsome94(A,B) :- some94(B,C), \+no94(C,A) 0.367794486216
[DEBUG] rsome94(A,B) :- some94(B,C), \+somenot94(C,A) 0.367794486216
[DEBUG] rsome94(A,B) :- some94(B,C), \+no94(A,C) 0.343274853801
[DEBUG] rsome94(A,B) :- somenot94(A,C), \+all94(B,C) 0.319163292848
[DEBUG] rsome94(A,B) :- somenot94(A,C), \+some94(B,C) 0.319163292848
[DEBUG] rsome94(A,B) :- somenot94(A,C), \+no94(B,C) 0.319163292848
[DEBUG] rsome94(A,B) :- somenot94(A,C), \+somenot94(C,B) 0.319163292848
[DEBUG] rsome94(A,B) :- somenot94(A,C), \+somenot94(B,C) 0.319163292848
[DEBUG] rsome94(A,B) :- some94(C,B), \+no94(A,C) 0.314912280702
[DEBUG] rsome94(A,B) :- some94(C,B), \+somenot94(C,A) 0.314912280702
[DEBUG] rsome94(A,B) :- some94(B,C), \+all94(A,C) 0.296365914787
[DEBUG] rsome94(A,B) :- some94(B,C), \+all94(C,A) 0.296365914787
[DEBUG] rsome94(A,B) :- some94(B,C), \+some94(A,C) 0.296365914787
[DEBUG] rsome94(A,B) :- some94(B,C), \+some94(C,A) 0.296365914787
[DEBUG] rsome94(A,B) :- some94(B,C), \+somenot94(A,C) 0.296365914787
[DEBUG] rsome94(A,B) :- some94(A,C), \+no94(C,B) 0.296365914787
[DEBUG] rsome94(A,B) :- some94(A,C), \+somenot94(C,B) 0.296365914787
[DEBUG] rsome94(A,B) :- some94(A,C), \+somenot94(B,C) 0.296365914787
[DEBUG] rsome94(A,B) :- some94(C,B), \+no94(C,A) 0.286283891547
[DEBUG] ==================================
[INFO] RULE LEARNED: rsome94(A,B) :- somenot94(A,C), \+all94(C,B) 0.836206896552
