[LVL9] Output level: 9
[INFO] Random seed: 0.435524268247
[INFO] Computing scores: 0.0427s
[INFO] Number of examples (M): 114
[INFO] Positive weight (P): 9.0000
[INFO] Negative weight (N): 105.0000
[DEBUG] Best rule so far: rall84(A,B) :- true [0.0789473684211]
[DEBUG] Candidates for iteration 1:
[DEBUG] ==================================
[DEBUG] rall84(A,B) :- true 0.0789473684211
[DEBUG] ==================================
[LVL9] rall84(A,B) :- all84(B,C) 0.082995951417 (1.0, 11.0, 94.0, 8.0) 0.539473684211 [ACCEPT]
[LVL9] BETTER RULE rall84(A,B) :- all84(B,C) (0.08299595141700405, 1.0) > (0.07894736842105264, 9.0)
[LVL9] rall84(A,B) :- all84(C,A) 0.0 (1.0, 15.0, 90.0, 8.0) 0.539473684211 [ACCEPT]
[LVL9] rall84(A,B) :- all84(C,B) 0.122291021672 (2.0, 14.0, 91.0, 7.0) 0.69298245614 [ACCEPT]
[LVL9] BETTER RULE rall84(A,B) :- all84(C,B) (0.12229102167182662, 2.0) > (0.08299595141700405, 1.0)
[LVL9] rall84(A,B) :- some84(A,C) 0.082995951417 (1.0, 11.0, 94.0, 8.0) 0.539473684211 [ACCEPT]
[LVL9] rall84(A,B) :- some84(C,B) 0.205263157895 (3.0, 11.0, 94.0, 6.0) 0.769736842105 [ACCEPT]
[LVL9] BETTER RULE rall84(A,B) :- some84(C,B) (0.20526315789473684, 3.0) > (0.12229102167182662, 2.0)
[LVL9] rall84(A,B) :- no84(A,C) 0.0 (1.0, 15.0, 90.0, 8.0) 0.539473684211 [ACCEPT]
[LVL9] rall84(A,B) :- no84(B,C) 0.0 (1.0, 15.0, 90.0, 8.0) 0.539473684211 [ACCEPT]
[LVL9] rall84(A,B) :- no84(C,A) 0.138596491228 (2.0, 12.0, 93.0, 7.0) 0.69298245614 [ACCEPT]
[LVL9] rall84(A,B) :- no84(C,B) 0.138596491228 (2.0, 12.0, 93.0, 7.0) 0.69298245614 [ACCEPT]
[LVL9] rall84(A,B) :- somenot84(A,C) 0.129934210526 (2.0, 13.0, 92.0, 7.0) 0.69298245614 [ACCEPT]
[LVL9] rall84(A,B) :- somenot84(C,A) 0.129934210526 (2.0, 13.0, 92.0, 7.0) 0.69298245614 [ACCEPT]
[DEBUG] Best rule so far: rall84(A,B) :- some84(C,B) [0.205263157895]
[DEBUG] Candidates for iteration 2:
[DEBUG] ==================================
[DEBUG] rall84(A,B) :- some84(C,B) 0.205263157895
[DEBUG] rall84(A,B) :- no84(C,A) 0.138596491228
[DEBUG] rall84(A,B) :- no84(C,B) 0.138596491228
[DEBUG] rall84(A,B) :- somenot84(A,C) 0.129934210526
[DEBUG] rall84(A,B) :- somenot84(C,A) 0.129934210526
[DEBUG] rall84(A,B) :- all84(C,B) 0.122291021672
[DEBUG] rall84(A,B) :- all84(B,C) 0.082995951417
[DEBUG] rall84(A,B) :- some84(A,C) 0.082995951417
[DEBUG] rall84(A,B) :- all84(C,A) 0.0
[DEBUG] rall84(A,B) :- no84(A,C) 0.0
[DEBUG] rall84(A,B) :- no84(B,C) 0.0
[DEBUG] ==================================
[LVL9] rall84(A,B) :- some84(C,B), no84(C,A) 0.539473684211 (1.0, 0.0, 105.0, 8.0) 0.539473684211 [REJECT* fp] 0.0
[LVL9] BETTER RULE rall84(A,B) :- some84(C,B), no84(C,A) (0.5394736842105263, 1.0) > (0.20526315789473684, 3.0)
[LVL9] rall84(A,B) :- some84(C,B), somenot84(A,C) 0.69298245614 (2.0, 0.0, 105.0, 7.0) 0.69298245614 [REJECT* fp] 0.0
[LVL9] BETTER RULE rall84(A,B) :- some84(C,B), somenot84(A,C) (0.6929824561403509, 2.0) > (0.5394736842105263, 1.0)
[LVL9] rall84(A,B) :- some84(C,B), \+all84(A,C) 0.236842105263 (3.0, 9.0, 96.0, 6.0) 0.769736842105 [ACCEPT]
[LVL9] rall84(A,B) :- some84(C,B), \+all84(C,A) 0.236842105263 (3.0, 9.0, 96.0, 6.0) 0.769736842105 [ACCEPT]
[LVL9] rall84(A,B) :- some84(C,B), \+some84(A,C) 0.21992481203 (3.0, 10.0, 95.0, 6.0) 0.769736842105 [ACCEPT]
[LVL9] rall84(A,B) :- some84(C,B), \+some84(C,A) 0.236842105263 (3.0, 9.0, 96.0, 6.0) 0.769736842105 [ACCEPT]
[LVL9] rall84(A,B) :- some84(C,B), \+no84(A,C) 0.236842105263 (3.0, 9.0, 96.0, 6.0) 0.769736842105 [ACCEPT]
[LVL9] rall84(A,B) :- some84(C,B), \+somenot84(C,A) 0.236842105263 (3.0, 9.0, 96.0, 6.0) 0.769736842105 [ACCEPT]
[DEBUG] Best rule so far: rall84(A,B) :- some84(C,B), somenot84(A,C) [0.69298245614]
[DEBUG] Candidates for iteration 3:
[DEBUG] ==================================
[DEBUG] rall84(A,B) :- some84(C,B), \+all84(A,C) 0.236842105263
[DEBUG] rall84(A,B) :- some84(C,B), \+all84(C,A) 0.236842105263
[DEBUG] rall84(A,B) :- some84(C,B), \+some84(C,A) 0.236842105263
[DEBUG] rall84(A,B) :- some84(C,B), \+no84(A,C) 0.236842105263
[DEBUG] rall84(A,B) :- some84(C,B), \+somenot84(C,A) 0.236842105263
[DEBUG] rall84(A,B) :- some84(C,B), \+some84(A,C) 0.21992481203
[DEBUG] ==================================
[INFO] RULE LEARNED: rall84(A,B) :- some84(C,B), somenot84(A,C) 0.938596491228
[DEBUG] Best rule so far: rall84(A,B) :- true [0.0625]
[DEBUG] Candidates for iteration 1:
[DEBUG] ==================================
[DEBUG] rall84(A,B) :- true 0.0625
[DEBUG] ==================================
[LVL9] rall84(A,B) :- all84(B,C) 0.0817307692308 (3.0, 11.0, 94.0, 6.0) 0.53125 [ACCEPT]
[LVL9] BETTER RULE rall84(A,B) :- all84(B,C) (0.08173076923076923, 3.0) > (0.0625, 9.0)
[LVL9] rall84(A,B) :- all84(C,A) 0.0625 (3.0, 15.0, 90.0, 6.0) 0.53125 [ACCEPT]
[LVL9] rall84(A,B) :- all84(C,B) 0.121323529412 (4.0, 14.0, 91.0, 5.0) 0.6875 [ACCEPT]
[LVL9] BETTER RULE rall84(A,B) :- all84(C,B) (0.1213235294117647, 4.0) > (0.08173076923076923, 3.0)
[LVL9] rall84(A,B) :- some84(A,C) 0.0817307692308 (3.0, 11.0, 94.0, 6.0) 0.53125 [ACCEPT]
[LVL9] rall84(A,B) :- some84(C,B) 0.0817307692308 (3.0, 11.0, 94.0, 6.0) 0.53125 [ACCEPT]
[LVL9] rall84(A,B) :- no84(A,C) 0.0625 (3.0, 15.0, 90.0, 6.0) 0.53125 [ACCEPT]
[LVL9] rall84(A,B) :- no84(B,C) 0.0625 (3.0, 15.0, 90.0, 6.0) 0.53125 [ACCEPT]
[LVL9] rall84(A,B) :- no84(C,A) 0.1375 (4.0, 12.0, 93.0, 5.0) 0.6875 [ACCEPT]
[LVL9] BETTER RULE rall84(A,B) :- no84(C,A) (0.1375, 4.0) > (0.1213235294117647, 4.0)
[LVL9] rall84(A,B) :- no84(C,B) 0.1375 (4.0, 12.0, 93.0, 5.0) 0.6875 [ACCEPT]
[LVL9] rall84(A,B) :- somenot84(C,A) 0.12890625 (4.0, 13.0, 92.0, 5.0) 0.6875 [ACCEPT]
[DEBUG] Best rule so far: rall84(A,B) :- no84(C,A) [0.1375]
[DEBUG] Candidates for iteration 2:
[DEBUG] ==================================
[DEBUG] rall84(A,B) :- no84(C,A) 0.1375
[DEBUG] rall84(A,B) :- no84(C,B) 0.1375
[DEBUG] rall84(A,B) :- somenot84(C,A) 0.12890625
[DEBUG] rall84(A,B) :- all84(C,B) 0.121323529412
[DEBUG] rall84(A,B) :- all84(B,C) 0.0817307692308
[DEBUG] rall84(A,B) :- some84(A,C) 0.0817307692308
[DEBUG] rall84(A,B) :- some84(C,B) 0.0817307692308
[DEBUG] rall84(A,B) :- all84(C,A) 0.0625
[DEBUG] rall84(A,B) :- no84(A,C) 0.0625
[DEBUG] rall84(A,B) :- no84(B,C) 0.0625
[DEBUG] ==================================
[LVL9] rall84(A,B) :- no84(C,A), some84(C,B) 0.53125 (3.0, 0.0, 105.0, 6.0) 0.53125 [REJECT* fp] 2.0
[LVL9] BETTER RULE rall84(A,B) :- no84(C,A), some84(C,B) (0.53125, 3.0) > (0.1375, 4.0)
[LVL9] rall84(A,B) :- no84(C,A), \+all84(C,B) 0.158653846154 (4.0, 10.0, 95.0, 5.0) 0.6875 [ACCEPT]
[LVL9] rall84(A,B) :- no84(C,A), \+all84(B,C) 0.158653846154 (4.0, 10.0, 95.0, 5.0) 0.6875 [ACCEPT]
[LVL9] rall84(A,B) :- no84(C,A), \+some84(B,C) 0.158653846154 (4.0, 10.0, 95.0, 5.0) 0.6875 [ACCEPT]
[LVL9] rall84(A,B) :- no84(C,A), \+no84(B,C) 0.158653846154 (4.0, 10.0, 95.0, 5.0) 0.6875 [ACCEPT]
[LVL9] rall84(A,B) :- no84(C,A), \+somenot84(C,B) 0.147321428571 (4.0, 11.0, 94.0, 5.0) 0.6875 [ACCEPT]
[LVL9] rall84(A,B) :- no84(C,A), \+somenot84(B,C) 0.158653846154 (4.0, 10.0, 95.0, 5.0) 0.6875 [ACCEPT]
[LVL9] rall84(A,B) :- no84(C,B), \+all84(A,C) 0.158653846154 (4.0, 10.0, 95.0, 5.0) 0.6875 [ACCEPT]
[LVL9] rall84(A,B) :- no84(C,B), \+all84(C,A) 0.158653846154 (4.0, 10.0, 95.0, 5.0) 0.6875 [ACCEPT]
[LVL9] rall84(A,B) :- no84(C,B), \+some84(C,A) 0.147321428571 (4.0, 11.0, 94.0, 5.0) 0.6875 [ACCEPT]
[LVL9] rall84(A,B) :- no84(C,B), \+no84(A,C) 0.158653846154 (4.0, 10.0, 95.0, 5.0) 0.6875 [ACCEPT]
[LVL9] rall84(A,B) :- no84(C,B), \+somenot84(A,C) 0.158653846154 (4.0, 10.0, 95.0, 5.0) 0.6875 [ACCEPT]
[LVL9] rall84(A,B) :- no84(C,B), \+somenot84(C,A) 0.147321428571 (4.0, 11.0, 94.0, 5.0) 0.6875 [ACCEPT]
[LVL9] rall84(A,B) :- somenot84(C,A), \+some84(C,B) 0.147321428571 (4.0, 11.0, 94.0, 5.0) 0.6875 [ACCEPT]
[LVL9] rall84(A,B) :- somenot84(C,A), \+some84(B,C) 0.147321428571 (4.0, 11.0, 94.0, 5.0) 0.6875 [ACCEPT]
[LVL9] rall84(A,B) :- somenot84(C,A), \+no84(C,B) 0.1375 (4.0, 12.0, 93.0, 5.0) 0.6875 [ACCEPT]
[LVL9] rall84(A,B) :- somenot84(C,A), \+no84(B,C) 0.147321428571 (4.0, 11.0, 94.0, 5.0) 0.6875 [ACCEPT]
[LVL9] rall84(A,B) :- somenot84(C,A), \+somenot84(C,B) 0.147321428571 (4.0, 11.0, 94.0, 5.0) 0.6875 [ACCEPT]
[LVL9] rall84(A,B) :- somenot84(C,A), \+somenot84(B,C) 0.147321428571 (4.0, 11.0, 94.0, 5.0) 0.6875 [ACCEPT]
[LVL9] rall84(A,B) :- all84(C,B), \+all84(A,C) 0.1375 (4.0, 12.0, 93.0, 5.0) 0.6875 [ACCEPT]
[LVL9] rall84(A,B) :- all84(C,B), \+some84(A,C) 0.1375 (4.0, 12.0, 93.0, 5.0) 0.6875 [ACCEPT]
[LVL9] rall84(A,B) :- all84(C,B), \+some84(C,A) 0.1375 (4.0, 12.0, 93.0, 5.0) 0.6875 [ACCEPT]
[LVL9] rall84(A,B) :- all84(C,B), \+no84(A,C) 0.1375 (4.0, 12.0, 93.0, 5.0) 0.6875 [ACCEPT]
[LVL9] rall84(A,B) :- all84(C,B), \+no84(C,A) 0.1375 (4.0, 12.0, 93.0, 5.0) 0.6875 [ACCEPT]
[LVL9] rall84(A,B) :- all84(C,B), \+somenot84(A,C) 0.1375 (4.0, 12.0, 93.0, 5.0) 0.6875 [ACCEPT]
[DEBUG] Best rule so far: rall84(A,B) :- no84(C,A), some84(C,B) [0.53125]
[DEBUG] Candidates for iteration 3:
[DEBUG] ==================================
[DEBUG] rall84(A,B) :- no84(C,A), \+all84(C,B) 0.158653846154
[DEBUG] rall84(A,B) :- no84(C,A), \+all84(B,C) 0.158653846154
[DEBUG] rall84(A,B) :- no84(C,A), \+some84(B,C) 0.158653846154
[DEBUG] rall84(A,B) :- no84(C,A), \+no84(B,C) 0.158653846154
[DEBUG] rall84(A,B) :- no84(C,A), \+somenot84(B,C) 0.158653846154
[DEBUG] rall84(A,B) :- no84(C,B), \+all84(A,C) 0.158653846154
[DEBUG] rall84(A,B) :- no84(C,B), \+all84(C,A) 0.158653846154
[DEBUG] rall84(A,B) :- no84(C,B), \+no84(A,C) 0.158653846154
[DEBUG] rall84(A,B) :- no84(C,B), \+somenot84(A,C) 0.158653846154
[DEBUG] rall84(A,B) :- no84(C,A), \+somenot84(C,B) 0.147321428571
[DEBUG] rall84(A,B) :- no84(C,B), \+some84(C,A) 0.147321428571
[DEBUG] rall84(A,B) :- no84(C,B), \+somenot84(C,A) 0.147321428571
[DEBUG] rall84(A,B) :- somenot84(C,A), \+some84(C,B) 0.147321428571
[DEBUG] rall84(A,B) :- somenot84(C,A), \+some84(B,C) 0.147321428571
[DEBUG] rall84(A,B) :- somenot84(C,A), \+no84(B,C) 0.147321428571
[DEBUG] rall84(A,B) :- somenot84(C,A), \+somenot84(C,B) 0.147321428571
[DEBUG] rall84(A,B) :- somenot84(C,A), \+somenot84(B,C) 0.147321428571
[DEBUG] rall84(A,B) :- somenot84(C,A), \+no84(C,B) 0.1375
[DEBUG] rall84(A,B) :- all84(C,B), \+all84(A,C) 0.1375
[DEBUG] rall84(A,B) :- all84(C,B), \+some84(A,C) 0.1375
[DEBUG] rall84(A,B) :- all84(C,B), \+some84(C,A) 0.1375
[DEBUG] rall84(A,B) :- all84(C,B), \+no84(A,C) 0.1375
[DEBUG] rall84(A,B) :- all84(C,B), \+no84(C,A) 0.1375
[DEBUG] rall84(A,B) :- all84(C,B), \+somenot84(A,C) 0.1375
[DEBUG] ==================================
[INFO] RULE LEARNED: rall84(A,B) :- no84(C,A), some84(C,B) 0.947368421053
[DEBUG] Best rule so far: rall84(A,B) :- true [0.0540540540541]
[DEBUG] Candidates for iteration 1:
[DEBUG] ==================================
[DEBUG] rall84(A,B) :- true 0.0540540540541
[DEBUG] ==================================
[LVL9] rall84(A,B) :- all84(B,C) 0.0810810810811 (4.0, 11.0, 94.0, 5.0) 0.527027027027 [ACCEPT]
[LVL9] BETTER RULE rall84(A,B) :- all84(B,C) (0.08108108108108107, 4.0) > (0.05405405405405406, 9.0)
[LVL9] rall84(A,B) :- all84(C,A) 0.0620031796502 (4.0, 15.0, 90.0, 5.0) 0.527027027027 [ACCEPT]
[LVL9] rall84(A,B) :- all84(C,B) 0.120826709062 (5.0, 14.0, 91.0, 4.0) 0.684684684685 [ACCEPT]
[LVL9] BETTER RULE rall84(A,B) :- all84(C,B) (0.12082670906200317, 5.0) > (0.08108108108108107, 4.0)
[LVL9] rall84(A,B) :- some84(A,C) 0.0810810810811 (4.0, 11.0, 94.0, 5.0) 0.527027027027 [ACCEPT]
[LVL9] rall84(A,B) :- no84(A,C) 0.0620031796502 (4.0, 15.0, 90.0, 5.0) 0.527027027027 [ACCEPT]
[LVL9] rall84(A,B) :- no84(B,C) 0.0620031796502 (4.0, 15.0, 90.0, 5.0) 0.527027027027 [ACCEPT]
[LVL9] rall84(A,B) :- no84(C,A) 0.0752895752896 (4.0, 12.0, 93.0, 5.0) 0.527027027027 [ACCEPT]
[LVL9] rall84(A,B) :- no84(C,B) 0.136936936937 (5.0, 12.0, 93.0, 4.0) 0.684684684685 [ACCEPT]
[LVL9] BETTER RULE rall84(A,B) :- no84(C,B) (0.13693693693693693, 5.0) > (0.12082670906200317, 5.0)
[LVL9] rall84(A,B) :- somenot84(C,A) 0.128378378378 (5.0, 13.0, 92.0, 4.0) 0.684684684685 [ACCEPT]
[DEBUG] Best rule so far: rall84(A,B) :- no84(C,B) [0.136936936937]
[DEBUG] Candidates for iteration 2:
[DEBUG] ==================================
[DEBUG] rall84(A,B) :- no84(C,B) 0.136936936937
[DEBUG] rall84(A,B) :- somenot84(C,A) 0.128378378378
[DEBUG] rall84(A,B) :- all84(C,B) 0.120826709062
[DEBUG] rall84(A,B) :- all84(B,C) 0.0810810810811
[DEBUG] rall84(A,B) :- some84(A,C) 0.0810810810811
[DEBUG] rall84(A,B) :- no84(C,A) 0.0752895752896
[DEBUG] rall84(A,B) :- all84(C,A) 0.0620031796502
[DEBUG] rall84(A,B) :- no84(A,C) 0.0620031796502
[DEBUG] rall84(A,B) :- no84(B,C) 0.0620031796502
[DEBUG] ==================================
[LVL9] rall84(A,B) :- no84(C,B), some84(A,C) 0.351351351351 (4.0, 1.0, 104.0, 5.0) 0.527027027027 [ACCEPT]
[LVL9] BETTER RULE rall84(A,B) :- no84(C,B), some84(A,C) (0.3513513513513513, 4.0) > (0.13693693693693693, 5.0)
[LVL9] rall84(A,B) :- no84(C,B), some84(A,D) 0.351351351351 (4.0, 1.0, 104.0, 5.0) 0.527027027027 [ACCEPT]
[LVL9] rall84(A,B) :- no84(C,B), some84(D,C) 0.351351351351 (4.0, 1.0, 104.0, 5.0) 0.527027027027 [ACCEPT]
[LVL9] rall84(A,B) :- no84(C,B), no84(C,A) 0.351351351351 (4.0, 1.0, 104.0, 5.0) 0.527027027027 [ACCEPT]
[LVL9] rall84(A,B) :- no84(C,B), no84(D,A) 0.351351351351 (4.0, 1.0, 104.0, 5.0) 0.527027027027 [ACCEPT]
[LVL9] rall84(A,B) :- no84(C,B), \+all84(A,C) 0.158004158004 (5.0, 10.0, 95.0, 4.0) 0.684684684685 [ACCEPT]
[LVL9] rall84(A,B) :- no84(C,B), \+all84(C,A) 0.158004158004 (5.0, 10.0, 95.0, 4.0) 0.684684684685 [ACCEPT]
[LVL9] rall84(A,B) :- no84(C,B), \+some84(A,C) 0.0810810810811 (4.0, 11.0, 94.0, 5.0) 0.527027027027 [ACCEPT]
[LVL9] rall84(A,B) :- no84(C,B), \+some84(C,A) 0.146718146718 (5.0, 11.0, 94.0, 4.0) 0.684684684685 [ACCEPT]
[LVL9] rall84(A,B) :- no84(C,B), \+no84(A,C) 0.158004158004 (5.0, 10.0, 95.0, 4.0) 0.684684684685 [ACCEPT]
[LVL9] rall84(A,B) :- no84(C,B), \+no84(C,A) 0.0810810810811 (4.0, 11.0, 94.0, 5.0) 0.527027027027 [ACCEPT]
[LVL9] rall84(A,B) :- no84(C,B), \+somenot84(A,C) 0.158004158004 (5.0, 10.0, 95.0, 4.0) 0.684684684685 [ACCEPT]
[LVL9] rall84(A,B) :- no84(C,B), \+somenot84(C,A) 0.146718146718 (5.0, 11.0, 94.0, 4.0) 0.684684684685 [ACCEPT]
[LVL9] rall84(A,B) :- somenot84(C,A), all84(C,B) 0.351351351351 (4.0, 1.0, 104.0, 5.0) 0.527027027027 [ACCEPT]
[LVL9] rall84(A,B) :- somenot84(C,A), all84(B,C) 0.351351351351 (4.0, 1.0, 104.0, 5.0) 0.527027027027 [ACCEPT]
[LVL9] rall84(A,B) :- somenot84(C,A), all84(C,D) 0.351351351351 (4.0, 1.0, 104.0, 5.0) 0.527027027027 [ACCEPT]
[LVL9] rall84(A,B) :- somenot84(C,A), all84(B,D) 0.351351351351 (4.0, 1.0, 104.0, 5.0) 0.527027027027 [ACCEPT]
[LVL9] rall84(A,B) :- somenot84(C,A), all84(D,C) 0.351351351351 (4.0, 1.0, 104.0, 5.0) 0.527027027027 [ACCEPT]
[LVL9] rall84(A,B) :- somenot84(C,A), all84(D,B) 0.351351351351 (4.0, 1.0, 104.0, 5.0) 0.527027027027 [ACCEPT]
[LVL9] rall84(A,B) :- somenot84(C,A), \+all84(C,B) 0.0752895752896 (4.0, 12.0, 93.0, 5.0) 0.527027027027 [ACCEPT]
[LVL9] rall84(A,B) :- somenot84(C,A), \+all84(B,C) 0.0752895752896 (4.0, 12.0, 93.0, 5.0) 0.527027027027 [ACCEPT]
[LVL9] rall84(A,B) :- somenot84(C,A), \+some84(C,B) 0.146718146718 (5.0, 11.0, 94.0, 4.0) 0.684684684685 [ACCEPT]
[LVL9] rall84(A,B) :- somenot84(C,A), \+some84(B,C) 0.146718146718 (5.0, 11.0, 94.0, 4.0) 0.684684684685 [ACCEPT]
[LVL9] rall84(A,B) :- somenot84(C,A), \+no84(C,B) 0.136936936937 (5.0, 12.0, 93.0, 4.0) 0.684684684685 [ACCEPT]
[LVL9] rall84(A,B) :- somenot84(C,A), \+no84(B,C) 0.146718146718 (5.0, 11.0, 94.0, 4.0) 0.684684684685 [ACCEPT]
[LVL9] rall84(A,B) :- somenot84(C,A), \+somenot84(C,B) 0.146718146718 (5.0, 11.0, 94.0, 4.0) 0.684684684685 [ACCEPT]
[LVL9] rall84(A,B) :- somenot84(C,A), \+somenot84(B,C) 0.146718146718 (5.0, 11.0, 94.0, 4.0) 0.684684684685 [ACCEPT]
[LVL9] rall84(A,B) :- all84(C,B), all84(C,A) 0.351351351351 (4.0, 1.0, 104.0, 5.0) 0.527027027027 [ACCEPT]
[LVL9] rall84(A,B) :- all84(C,B), all84(D,A) 0.351351351351 (4.0, 1.0, 104.0, 5.0) 0.527027027027 [ACCEPT]
[LVL9] rall84(A,B) :- all84(C,B), somenot84(C,D) 0.351351351351 (4.0, 1.0, 104.0, 5.0) 0.527027027027 [ACCEPT]
[LVL9] rall84(A,B) :- all84(C,B), somenot84(D,A) 0.351351351351 (4.0, 1.0, 104.0, 5.0) 0.527027027027 [ACCEPT]
[LVL9] rall84(A,B) :- all84(C,B), \+all84(A,C) 0.136936936937 (5.0, 12.0, 93.0, 4.0) 0.684684684685 [ACCEPT]
[LVL9] rall84(A,B) :- all84(C,B), \+all84(C,A) 0.0702702702703 (4.0, 13.0, 92.0, 5.0) 0.527027027027 [ACCEPT]
[LVL9] rall84(A,B) :- all84(C,B), \+some84(A,C) 0.136936936937 (5.0, 12.0, 93.0, 4.0) 0.684684684685 [ACCEPT]
[LVL9] rall84(A,B) :- all84(C,B), \+some84(C,A) 0.136936936937 (5.0, 12.0, 93.0, 4.0) 0.684684684685 [ACCEPT]
[LVL9] rall84(A,B) :- all84(C,B), \+no84(A,C) 0.136936936937 (5.0, 12.0, 93.0, 4.0) 0.684684684685 [ACCEPT]
[LVL9] rall84(A,B) :- all84(C,B), \+no84(C,A) 0.136936936937 (5.0, 12.0, 93.0, 4.0) 0.684684684685 [ACCEPT]
[LVL9] rall84(A,B) :- all84(C,B), \+somenot84(A,C) 0.136936936937 (5.0, 12.0, 93.0, 4.0) 0.684684684685 [ACCEPT]
[LVL9] rall84(A,B) :- all84(C,B), \+somenot84(C,A) 0.0702702702703 (4.0, 13.0, 92.0, 5.0) 0.527027027027 [ACCEPT]
[LVL9] rall84(A,B) :- all84(B,C), somenot84(C,D) 0.351351351351 (4.0, 1.0, 104.0, 5.0) 0.527027027027 [ACCEPT]
[LVL9] rall84(A,B) :- all84(B,C), somenot84(D,A) 0.351351351351 (4.0, 1.0, 104.0, 5.0) 0.527027027027 [ACCEPT]
[LVL9] rall84(A,B) :- all84(B,C), \+all84(C,A) 0.0958230958231 (4.0, 9.0, 96.0, 5.0) 0.527027027027 [ACCEPT]
[LVL9] rall84(A,B) :- all84(B,C), \+some84(A,C) 0.0878378378378 (4.0, 10.0, 95.0, 5.0) 0.527027027027 [ACCEPT]
[LVL9] rall84(A,B) :- all84(B,C), \+some84(C,A) 0.0958230958231 (4.0, 9.0, 96.0, 5.0) 0.527027027027 [ACCEPT]
[LVL9] rall84(A,B) :- all84(B,C), \+no84(A,C) 0.0958230958231 (4.0, 9.0, 96.0, 5.0) 0.527027027027 [ACCEPT]
[LVL9] rall84(A,B) :- all84(B,C), \+no84(C,A) 0.0958230958231 (4.0, 9.0, 96.0, 5.0) 0.527027027027 [ACCEPT]
[LVL9] rall84(A,B) :- all84(B,C), \+somenot84(A,C) 0.0878378378378 (4.0, 10.0, 95.0, 5.0) 0.527027027027 [ACCEPT]
[LVL9] rall84(A,B) :- some84(A,C), no84(C,D) 0.351351351351 (4.0, 1.0, 104.0, 5.0) 0.527027027027 [ACCEPT]
[LVL9] rall84(A,B) :- some84(A,C), no84(D,B) 0.351351351351 (4.0, 1.0, 104.0, 5.0) 0.527027027027 [ACCEPT]
[LVL9] rall84(A,B) :- some84(A,C), \+all84(C,B) 0.0958230958231 (4.0, 9.0, 96.0, 5.0) 0.527027027027 [ACCEPT]
[LVL9] rall84(A,B) :- some84(A,C), \+all84(B,C) 0.0878378378378 (4.0, 10.0, 95.0, 5.0) 0.527027027027 [ACCEPT]
[LVL9] rall84(A,B) :- some84(A,C), \+some84(C,B) 0.0878378378378 (4.0, 10.0, 95.0, 5.0) 0.527027027027 [ACCEPT]
[LVL9] rall84(A,B) :- some84(A,C), \+no84(B,C) 0.0958230958231 (4.0, 9.0, 96.0, 5.0) 0.527027027027 [ACCEPT]
[LVL9] rall84(A,B) :- some84(A,C), \+somenot84(C,B) 0.0958230958231 (4.0, 9.0, 96.0, 5.0) 0.527027027027 [ACCEPT]
[LVL9] rall84(A,B) :- some84(A,C), \+somenot84(B,C) 0.0958230958231 (4.0, 9.0, 96.0, 5.0) 0.527027027027 [ACCEPT]
[LVL9] rall84(A,B) :- no84(C,A), no84(D,B) 0.351351351351 (4.0, 1.0, 104.0, 5.0) 0.527027027027 [ACCEPT]
[LVL9] rall84(A,B) :- no84(C,A), \+all84(C,B) 0.0878378378378 (4.0, 10.0, 95.0, 5.0) 0.527027027027 [ACCEPT]
[LVL9] rall84(A,B) :- no84(C,A), \+all84(B,C) 0.0878378378378 (4.0, 10.0, 95.0, 5.0) 0.527027027027 [ACCEPT]
[LVL9] rall84(A,B) :- no84(C,A), \+some84(B,C) 0.0878378378378 (4.0, 10.0, 95.0, 5.0) 0.527027027027 [ACCEPT]
[LVL9] rall84(A,B) :- no84(C,A), \+no84(B,C) 0.0878378378378 (4.0, 10.0, 95.0, 5.0) 0.527027027027 [ACCEPT]
[LVL9] rall84(A,B) :- no84(C,A), \+somenot84(C,B) 0.0810810810811 (4.0, 11.0, 94.0, 5.0) 0.527027027027 [ACCEPT]
[LVL9] rall84(A,B) :- no84(C,A), \+somenot84(B,C) 0.0878378378378 (4.0, 10.0, 95.0, 5.0) 0.527027027027 [ACCEPT]
[LVL9] rall84(A,B) :- all84(C,A), all84(D,B) 0.351351351351 (4.0, 1.0, 104.0, 5.0) 0.527027027027 [ACCEPT]
[LVL9] rall84(A,B) :- all84(C,A), \+all84(B,C) 0.0702702702703 (4.0, 13.0, 92.0, 5.0) 0.527027027027 [ACCEPT]
[LVL9] rall84(A,B) :- all84(C,A), \+some84(C,B) 0.0702702702703 (4.0, 13.0, 92.0, 5.0) 0.527027027027 [ACCEPT]
[LVL9] rall84(A,B) :- all84(C,A), \+some84(B,C) 0.0702702702703 (4.0, 13.0, 92.0, 5.0) 0.527027027027 [ACCEPT]
[LVL9] rall84(A,B) :- all84(C,A), \+no84(C,B) 0.0702702702703 (4.0, 13.0, 92.0, 5.0) 0.527027027027 [ACCEPT]
[LVL9] rall84(A,B) :- all84(C,A), \+no84(B,C) 0.0702702702703 (4.0, 13.0, 92.0, 5.0) 0.527027027027 [ACCEPT]
[LVL9] rall84(A,B) :- all84(C,A), \+somenot84(C,B) 0.0702702702703 (4.0, 13.0, 92.0, 5.0) 0.527027027027 [ACCEPT]
[LVL9] rall84(A,B) :- all84(C,A), \+somenot84(B,C) 0.0702702702703 (4.0, 13.0, 92.0, 5.0) 0.527027027027 [ACCEPT]
[LVL9] rall84(A,B) :- no84(A,C), no84(B,C) 0.351351351351 (4.0, 1.0, 104.0, 5.0) 0.527027027027 [ACCEPT]
[LVL9] rall84(A,B) :- no84(A,C), no84(B,D) 0.351351351351 (4.0, 1.0, 104.0, 5.0) 0.527027027027 [ACCEPT]
[LVL9] rall84(A,B) :- no84(A,C), \+all84(C,B) 0.0702702702703 (4.0, 13.0, 92.0, 5.0) 0.527027027027 [ACCEPT]
[LVL9] rall84(A,B) :- no84(A,C), \+all84(B,C) 0.0702702702703 (4.0, 13.0, 92.0, 5.0) 0.527027027027 [ACCEPT]
[LVL9] rall84(A,B) :- no84(A,C), \+some84(C,B) 0.0702702702703 (4.0, 13.0, 92.0, 5.0) 0.527027027027 [ACCEPT]
[LVL9] rall84(A,B) :- no84(A,C), \+some84(B,C) 0.0702702702703 (4.0, 13.0, 92.0, 5.0) 0.527027027027 [ACCEPT]
[LVL9] rall84(A,B) :- no84(A,C), \+no84(C,B) 0.0702702702703 (4.0, 13.0, 92.0, 5.0) 0.527027027027 [ACCEPT]
[LVL9] rall84(A,B) :- no84(A,C), \+somenot84(C,B) 0.0702702702703 (4.0, 13.0, 92.0, 5.0) 0.527027027027 [ACCEPT]
[LVL9] rall84(A,B) :- no84(A,C), \+somenot84(B,C) 0.0702702702703 (4.0, 13.0, 92.0, 5.0) 0.527027027027 [ACCEPT]
[LVL9] rall84(A,B) :- no84(B,C), no84(A,D) 0.351351351351 (4.0, 1.0, 104.0, 5.0) 0.527027027027 [ACCEPT]
[LVL9] rall84(A,B) :- no84(B,C), \+all84(A,C) 0.0702702702703 (4.0, 13.0, 92.0, 5.0) 0.527027027027 [ACCEPT]
[LVL9] rall84(A,B) :- no84(B,C), \+all84(C,A) 0.0702702702703 (4.0, 13.0, 92.0, 5.0) 0.527027027027 [ACCEPT]
[LVL9] rall84(A,B) :- no84(B,C), \+some84(A,C) 0.0702702702703 (4.0, 13.0, 92.0, 5.0) 0.527027027027 [ACCEPT]
[LVL9] rall84(A,B) :- no84(B,C), \+some84(C,A) 0.0702702702703 (4.0, 13.0, 92.0, 5.0) 0.527027027027 [ACCEPT]
[LVL9] rall84(A,B) :- no84(B,C), \+no84(C,A) 0.0702702702703 (4.0, 13.0, 92.0, 5.0) 0.527027027027 [ACCEPT]
[LVL9] rall84(A,B) :- no84(B,C), \+somenot84(A,C) 0.0702702702703 (4.0, 13.0, 92.0, 5.0) 0.527027027027 [ACCEPT]
[LVL9] rall84(A,B) :- no84(B,C), \+somenot84(C,A) 0.0702702702703 (4.0, 13.0, 92.0, 5.0) 0.527027027027 [ACCEPT]
[DEBUG] Best rule so far: rall84(A,B) :- no84(C,B), some84(A,C) [0.351351351351]
[DEBUG] Candidates for iteration 3:
[DEBUG] ==================================
[DEBUG] rall84(A,B) :- no84(C,B), some84(A,C) 0.351351351351
[DEBUG] rall84(A,B) :- no84(C,B), some84(A,D) 0.351351351351
[DEBUG] rall84(A,B) :- no84(C,B), some84(D,C) 0.351351351351
[DEBUG] rall84(A,B) :- no84(C,B), no84(C,A) 0.351351351351
[DEBUG] rall84(A,B) :- no84(C,B), no84(D,A) 0.351351351351
[DEBUG] rall84(A,B) :- somenot84(C,A), all84(C,B) 0.351351351351
[DEBUG] rall84(A,B) :- somenot84(C,A), all84(B,C) 0.351351351351
[DEBUG] rall84(A,B) :- somenot84(C,A), all84(C,D) 0.351351351351
[DEBUG] rall84(A,B) :- somenot84(C,A), all84(B,D) 0.351351351351
[DEBUG] rall84(A,B) :- somenot84(C,A), all84(D,C) 0.351351351351
[DEBUG] rall84(A,B) :- somenot84(C,A), all84(D,B) 0.351351351351
[DEBUG] rall84(A,B) :- all84(C,B), all84(C,A) 0.351351351351
[DEBUG] rall84(A,B) :- all84(C,B), all84(D,A) 0.351351351351
[DEBUG] rall84(A,B) :- all84(C,B), somenot84(C,D) 0.351351351351
[DEBUG] rall84(A,B) :- all84(C,B), somenot84(D,A) 0.351351351351
[DEBUG] rall84(A,B) :- all84(B,C), somenot84(C,D) 0.351351351351
[DEBUG] rall84(A,B) :- all84(B,C), somenot84(D,A) 0.351351351351
[DEBUG] rall84(A,B) :- some84(A,C), no84(C,D) 0.351351351351
[DEBUG] rall84(A,B) :- some84(A,C), no84(D,B) 0.351351351351
[DEBUG] rall84(A,B) :- no84(C,A), no84(D,B) 0.351351351351
[DEBUG] rall84(A,B) :- all84(C,A), all84(D,B) 0.351351351351
[DEBUG] rall84(A,B) :- no84(A,C), no84(B,C) 0.351351351351
[DEBUG] rall84(A,B) :- no84(A,C), no84(B,D) 0.351351351351
[DEBUG] rall84(A,B) :- no84(B,C), no84(A,D) 0.351351351351
[DEBUG] rall84(A,B) :- no84(C,B), \+all84(A,C) 0.158004158004
[DEBUG] rall84(A,B) :- no84(C,B), \+all84(C,A) 0.158004158004
[DEBUG] rall84(A,B) :- no84(C,B), \+no84(A,C) 0.158004158004
[DEBUG] rall84(A,B) :- no84(C,B), \+somenot84(A,C) 0.158004158004
[DEBUG] rall84(A,B) :- no84(C,B), \+some84(C,A) 0.146718146718
[DEBUG] rall84(A,B) :- no84(C,B), \+somenot84(C,A) 0.146718146718
[DEBUG] rall84(A,B) :- somenot84(C,A), \+some84(C,B) 0.146718146718
[DEBUG] rall84(A,B) :- somenot84(C,A), \+some84(B,C) 0.146718146718
[DEBUG] rall84(A,B) :- somenot84(C,A), \+no84(B,C) 0.146718146718
[DEBUG] rall84(A,B) :- somenot84(C,A), \+somenot84(C,B) 0.146718146718
[DEBUG] rall84(A,B) :- somenot84(C,A), \+somenot84(B,C) 0.146718146718
[DEBUG] rall84(A,B) :- somenot84(C,A), \+no84(C,B) 0.136936936937
[DEBUG] rall84(A,B) :- all84(C,B), \+all84(A,C) 0.136936936937
[DEBUG] rall84(A,B) :- all84(C,B), \+some84(A,C) 0.136936936937
[DEBUG] rall84(A,B) :- all84(C,B), \+some84(C,A) 0.136936936937
[DEBUG] rall84(A,B) :- all84(C,B), \+no84(A,C) 0.136936936937
[DEBUG] rall84(A,B) :- all84(C,B), \+no84(C,A) 0.136936936937
[DEBUG] rall84(A,B) :- all84(C,B), \+somenot84(A,C) 0.136936936937
[DEBUG] rall84(A,B) :- all84(B,C), \+all84(C,A) 0.0958230958231
[DEBUG] rall84(A,B) :- all84(B,C), \+some84(C,A) 0.0958230958231
[DEBUG] rall84(A,B) :- all84(B,C), \+no84(A,C) 0.0958230958231
[DEBUG] rall84(A,B) :- all84(B,C), \+no84(C,A) 0.0958230958231
[DEBUG] rall84(A,B) :- some84(A,C), \+all84(C,B) 0.0958230958231
[DEBUG] rall84(A,B) :- some84(A,C), \+no84(B,C) 0.0958230958231
[DEBUG] rall84(A,B) :- some84(A,C), \+somenot84(C,B) 0.0958230958231
[DEBUG] rall84(A,B) :- some84(A,C), \+somenot84(B,C) 0.0958230958231
[DEBUG] rall84(A,B) :- all84(B,C), \+some84(A,C) 0.0878378378378
[DEBUG] rall84(A,B) :- all84(B,C), \+somenot84(A,C) 0.0878378378378
[DEBUG] rall84(A,B) :- some84(A,C), \+all84(B,C) 0.0878378378378
[DEBUG] rall84(A,B) :- some84(A,C), \+some84(C,B) 0.0878378378378
[DEBUG] rall84(A,B) :- no84(C,A), \+all84(C,B) 0.0878378378378
[DEBUG] rall84(A,B) :- no84(C,A), \+all84(B,C) 0.0878378378378
[DEBUG] rall84(A,B) :- no84(C,A), \+some84(B,C) 0.0878378378378
[DEBUG] rall84(A,B) :- no84(C,A), \+no84(B,C) 0.0878378378378
[DEBUG] rall84(A,B) :- no84(C,A), \+somenot84(B,C) 0.0878378378378
[DEBUG] rall84(A,B) :- no84(C,B), \+some84(A,C) 0.0810810810811
[DEBUG] rall84(A,B) :- no84(C,B), \+no84(C,A) 0.0810810810811
[DEBUG] rall84(A,B) :- no84(C,A), \+somenot84(C,B) 0.0810810810811
[DEBUG] rall84(A,B) :- somenot84(C,A), \+all84(C,B) 0.0752895752896
[DEBUG] rall84(A,B) :- somenot84(C,A), \+all84(B,C) 0.0752895752896
[DEBUG] rall84(A,B) :- all84(C,B), \+all84(C,A) 0.0702702702703
[DEBUG] rall84(A,B) :- all84(C,B), \+somenot84(C,A) 0.0702702702703
[DEBUG] rall84(A,B) :- all84(C,A), \+all84(B,C) 0.0702702702703
[DEBUG] rall84(A,B) :- all84(C,A), \+some84(C,B) 0.0702702702703
[DEBUG] rall84(A,B) :- all84(C,A), \+some84(B,C) 0.0702702702703
[DEBUG] rall84(A,B) :- all84(C,A), \+no84(C,B) 0.0702702702703
[DEBUG] rall84(A,B) :- all84(C,A), \+no84(B,C) 0.0702702702703
[DEBUG] rall84(A,B) :- all84(C,A), \+somenot84(C,B) 0.0702702702703
[DEBUG] rall84(A,B) :- all84(C,A), \+somenot84(B,C) 0.0702702702703
[DEBUG] rall84(A,B) :- no84(A,C), \+all84(C,B) 0.0702702702703
[DEBUG] rall84(A,B) :- no84(A,C), \+all84(B,C) 0.0702702702703
[DEBUG] rall84(A,B) :- no84(A,C), \+some84(C,B) 0.0702702702703
[DEBUG] rall84(A,B) :- no84(A,C), \+some84(B,C) 0.0702702702703
[DEBUG] rall84(A,B) :- no84(A,C), \+no84(C,B) 0.0702702702703
[DEBUG] rall84(A,B) :- no84(A,C), \+somenot84(C,B) 0.0702702702703
[DEBUG] rall84(A,B) :- no84(A,C), \+somenot84(B,C) 0.0702702702703
[DEBUG] rall84(A,B) :- no84(B,C), \+all84(A,C) 0.0702702702703
[DEBUG] rall84(A,B) :- no84(B,C), \+all84(C,A) 0.0702702702703
[DEBUG] rall84(A,B) :- no84(B,C), \+some84(A,C) 0.0702702702703
[DEBUG] rall84(A,B) :- no84(B,C), \+some84(C,A) 0.0702702702703
[DEBUG] rall84(A,B) :- no84(B,C), \+no84(C,A) 0.0702702702703
[DEBUG] rall84(A,B) :- no84(B,C), \+somenot84(A,C) 0.0702702702703
[DEBUG] rall84(A,B) :- no84(B,C), \+somenot84(C,A) 0.0702702702703
[DEBUG] ==================================
[INFO] RULE LEARNED: rall84(A,B) :- no84(C,B), some84(A,C) 0.947368421053
