[LVL9] Output level: 9
[INFO] Random seed: 0.357042334962
[INFO] Computing scores: 0.0714s
[INFO] Number of examples (M): 104
[INFO] Positive weight (P): 4.0000
[INFO] Negative weight (N): 100.0000
[DEBUG] Best rule so far: rno123(A,B) :- true [0.0384615384615]
[DEBUG] Candidates for iteration 1:
[DEBUG] ==================================
[DEBUG] rno123(A,B) :- true 0.0384615384615
[DEBUG] ==================================
[LVL9] rno123(A,B) :- all123(A,C) 0.0944055944056 (1.0, 9.0, 91.0, 3.0) 0.519230769231 [ACCEPT]
[LVL9] BETTER RULE rno123(A,B) :- all123(A,C) (0.09440559440559441, 1.0) > (0.038461538461538464, 4.0)
[LVL9] rno123(A,B) :- all123(B,C) 0.0944055944056 (1.0, 9.0, 91.0, 3.0) 0.519230769231 [ACCEPT]
[LVL9] rno123(A,B) :- all123(C,A) 0.135897435897 (2.0, 12.0, 88.0, 2.0) 0.679487179487 [ACCEPT]
[LVL9] BETTER RULE rno123(A,B) :- all123(C,A) (0.1358974358974359, 2.0) > (0.09440559440559441, 1.0)
[LVL9] rno123(A,B) :- all123(C,B) 0.0692307692308 (1.0, 13.0, 87.0, 3.0) 0.519230769231 [ACCEPT]
[LVL9] rno123(A,B) :- no123(A,C) 0.0741758241758 (1.0, 12.0, 88.0, 3.0) 0.519230769231 [ACCEPT]
[LVL9] rno123(A,B) :- no123(C,B) 0.135897435897 (2.0, 12.0, 88.0, 2.0) 0.679487179487 [ACCEPT]
[DEBUG] Best rule so far: rno123(A,B) :- all123(C,A) [0.135897435897]
[DEBUG] Candidates for iteration 2:
[DEBUG] ==================================
[DEBUG] rno123(A,B) :- all123(C,A) 0.135897435897
[DEBUG] rno123(A,B) :- no123(C,B) 0.135897435897
[DEBUG] rno123(A,B) :- all123(A,C) 0.0944055944056
[DEBUG] rno123(A,B) :- all123(B,C) 0.0944055944056
[DEBUG] rno123(A,B) :- no123(A,C) 0.0741758241758
[DEBUG] rno123(A,B) :- all123(C,B) 0.0692307692308
[DEBUG] ==================================
[LVL9] rno123(A,B) :- all123(C,A), all123(B,C) 0.519230769231 (1.0, 0.0, 100.0, 3.0) 0.519230769231 [REJECT* fp] 0.0
[LVL9] BETTER RULE rno123(A,B) :- all123(C,A), all123(B,C) (0.5192307692307693, 1.0) > (0.1358974358974359, 2.0)
[LVL9] rno123(A,B) :- all123(C,A), \+all123(C,B) 0.156804733728 (2.0, 10.0, 90.0, 2.0) 0.679487179487 [ACCEPT]
[LVL9] rno123(A,B) :- all123(C,A), \+some123(C,B) 0.156804733728 (2.0, 10.0, 90.0, 2.0) 0.679487179487 [ACCEPT]
[LVL9] rno123(A,B) :- all123(C,A), \+some123(B,C) 0.156804733728 (2.0, 10.0, 90.0, 2.0) 0.679487179487 [ACCEPT]
[LVL9] rno123(A,B) :- all123(C,A), \+no123(B,C) 0.156804733728 (2.0, 10.0, 90.0, 2.0) 0.679487179487 [ACCEPT]
[LVL9] rno123(A,B) :- all123(C,A), \+somenot123(C,B) 0.156804733728 (2.0, 10.0, 90.0, 2.0) 0.679487179487 [ACCEPT]
[LVL9] rno123(A,B) :- all123(C,A), \+somenot123(B,C) 0.145604395604 (2.0, 11.0, 89.0, 2.0) 0.679487179487 [ACCEPT]
[LVL9] rno123(A,B) :- no123(C,B), \+some123(A,C) 0.156804733728 (2.0, 10.0, 90.0, 2.0) 0.679487179487 [ACCEPT]
[LVL9] rno123(A,B) :- no123(C,B), \+some123(C,A) 0.156804733728 (2.0, 10.0, 90.0, 2.0) 0.679487179487 [ACCEPT]
[LVL9] rno123(A,B) :- no123(C,B), \+no123(A,C) 0.156804733728 (2.0, 10.0, 90.0, 2.0) 0.679487179487 [ACCEPT]
[LVL9] rno123(A,B) :- no123(C,B), \+no123(C,A) 0.156804733728 (2.0, 10.0, 90.0, 2.0) 0.679487179487 [ACCEPT]
[LVL9] rno123(A,B) :- no123(C,B), \+somenot123(A,C) 0.156804733728 (2.0, 10.0, 90.0, 2.0) 0.679487179487 [ACCEPT]
[LVL9] rno123(A,B) :- no123(C,B), \+somenot123(C,A) 0.145604395604 (2.0, 11.0, 89.0, 2.0) 0.679487179487 [ACCEPT]
[DEBUG] Best rule so far: rno123(A,B) :- all123(C,A), all123(B,C) [0.519230769231]
[DEBUG] Candidates for iteration 3:
[DEBUG] ==================================
[DEBUG] rno123(A,B) :- all123(C,A), \+all123(C,B) 0.156804733728
[DEBUG] rno123(A,B) :- all123(C,A), \+some123(C,B) 0.156804733728
[DEBUG] rno123(A,B) :- all123(C,A), \+some123(B,C) 0.156804733728
[DEBUG] rno123(A,B) :- all123(C,A), \+no123(B,C) 0.156804733728
[DEBUG] rno123(A,B) :- all123(C,A), \+somenot123(C,B) 0.156804733728
[DEBUG] rno123(A,B) :- no123(C,B), \+some123(A,C) 0.156804733728
[DEBUG] rno123(A,B) :- no123(C,B), \+some123(C,A) 0.156804733728
[DEBUG] rno123(A,B) :- no123(C,B), \+no123(A,C) 0.156804733728
[DEBUG] rno123(A,B) :- no123(C,B), \+no123(C,A) 0.156804733728
[DEBUG] rno123(A,B) :- no123(C,B), \+somenot123(A,C) 0.156804733728
[DEBUG] rno123(A,B) :- all123(C,A), \+somenot123(B,C) 0.145604395604
[DEBUG] rno123(A,B) :- no123(C,B), \+somenot123(C,A) 0.145604395604
[DEBUG] ==================================
[INFO] RULE LEARNED: rno123(A,B) :- all123(C,A), all123(B,C) 0.971153846154
[DEBUG] Best rule so far: rno123(A,B) :- true [0.0291262135922]
[DEBUG] Candidates for iteration 1:
[DEBUG] ==================================
[DEBUG] rno123(A,B) :- true 0.0291262135922
[DEBUG] ==================================
[LVL9] rno123(A,B) :- all123(A,C) 0.0935569285084 (2.0, 9.0, 91.0, 2.0) 0.514563106796 [ACCEPT]
[LVL9] BETTER RULE rno123(A,B) :- all123(A,C) (0.09355692850838482, 2.0) > (0.02912621359223301, 4.0)
[LVL9] rno123(A,B) :- all123(C,A) 0.0735090152566 (2.0, 12.0, 88.0, 2.0) 0.514563106796 [ACCEPT]
[LVL9] rno123(A,B) :- all123(C,B) 0.0686084142395 (2.0, 13.0, 87.0, 2.0) 0.514563106796 [ACCEPT]
[LVL9] rno123(A,B) :- no123(A,C) 0.0735090152566 (2.0, 12.0, 88.0, 2.0) 0.514563106796 [ACCEPT]
[LVL9] rno123(A,B) :- no123(C,B) 0.135275080906 (3.0, 12.0, 88.0, 1.0) 0.676375404531 [ACCEPT]
[LVL9] BETTER RULE rno123(A,B) :- no123(C,B) (0.13527508090614887, 3.0) > (0.09355692850838482, 2.0)
[DEBUG] Best rule so far: rno123(A,B) :- no123(C,B) [0.135275080906]
[DEBUG] Candidates for iteration 2:
[DEBUG] ==================================
[DEBUG] rno123(A,B) :- no123(C,B) 0.135275080906
[DEBUG] rno123(A,B) :- all123(A,C) 0.0935569285084
[DEBUG] rno123(A,B) :- all123(C,A) 0.0735090152566
[DEBUG] rno123(A,B) :- no123(A,C) 0.0735090152566
[DEBUG] rno123(A,B) :- all123(C,B) 0.0686084142395
[DEBUG] ==================================
[LVL9] rno123(A,B) :- no123(C,B), all123(A,C) 0.514563106796 (2.0, 0.0, 100.0, 2.0) 0.514563106796 [REJECT* fp] 1.0
[LVL9] BETTER RULE rno123(A,B) :- no123(C,B), all123(A,C) (0.5145631067961165, 2.0) > (0.13527508090614887, 3.0)
[LVL9] rno123(A,B) :- no123(C,B), \+some123(A,C) 0.156086631815 (3.0, 10.0, 90.0, 1.0) 0.676375404531 [ACCEPT]
[LVL9] rno123(A,B) :- no123(C,B), \+some123(C,A) 0.156086631815 (3.0, 10.0, 90.0, 1.0) 0.676375404531 [ACCEPT]
[LVL9] rno123(A,B) :- no123(C,B), \+no123(A,C) 0.156086631815 (3.0, 10.0, 90.0, 1.0) 0.676375404531 [ACCEPT]
[LVL9] rno123(A,B) :- no123(C,B), \+no123(C,A) 0.156086631815 (3.0, 10.0, 90.0, 1.0) 0.676375404531 [ACCEPT]
[LVL9] rno123(A,B) :- no123(C,B), \+somenot123(A,C) 0.156086631815 (3.0, 10.0, 90.0, 1.0) 0.676375404531 [ACCEPT]
[LVL9] rno123(A,B) :- no123(C,B), \+somenot123(C,A) 0.144937586685 (3.0, 11.0, 89.0, 1.0) 0.676375404531 [ACCEPT]
[DEBUG] Best rule so far: rno123(A,B) :- no123(C,B), all123(A,C) [0.514563106796]
[DEBUG] Candidates for iteration 3:
[DEBUG] ==================================
[DEBUG] rno123(A,B) :- no123(C,B), \+some123(A,C) 0.156086631815
[DEBUG] rno123(A,B) :- no123(C,B), \+some123(C,A) 0.156086631815
[DEBUG] rno123(A,B) :- no123(C,B), \+no123(A,C) 0.156086631815
[DEBUG] rno123(A,B) :- no123(C,B), \+no123(C,A) 0.156086631815
[DEBUG] rno123(A,B) :- no123(C,B), \+somenot123(A,C) 0.156086631815
[DEBUG] rno123(A,B) :- no123(C,B), \+somenot123(C,A) 0.144937586685
[DEBUG] ==================================
[INFO] RULE LEARNED: rno123(A,B) :- no123(C,B), all123(A,C) 0.980769230769
[DEBUG] Best rule so far: rno123(A,B) :- true [0.0196078431373]
[DEBUG] Candidates for iteration 1:
[DEBUG] ==================================
[DEBUG] rno123(A,B) :- true 0.0196078431373
[DEBUG] ==================================
[LVL9] rno123(A,B) :- all123(C,A) 0.0728291316527 (3.0, 12.0, 88.0, 1.0) 0.509803921569 [ACCEPT]
[LVL9] BETTER RULE rno123(A,B) :- all123(C,A) (0.07282913165266106, 3.0) > (0.0196078431372549, 4.0)
[LVL9] rno123(A,B) :- all123(C,B) 0.0679738562092 (3.0, 13.0, 87.0, 1.0) 0.509803921569 [ACCEPT]
[LVL9] rno123(A,B) :- no123(A,C) 0.0728291316527 (3.0, 12.0, 88.0, 1.0) 0.509803921569 [ACCEPT]
[LVL9] rno123(A,B) :- no123(C,B) 0.0728291316527 (3.0, 12.0, 88.0, 1.0) 0.509803921569 [ACCEPT]
[DEBUG] Best rule so far: rno123(A,B) :- all123(C,A) [0.0728291316527]
[DEBUG] Candidates for iteration 2:
[DEBUG] ==================================
[DEBUG] rno123(A,B) :- all123(C,A) 0.0728291316527
[DEBUG] rno123(A,B) :- no123(A,C) 0.0728291316527
[DEBUG] rno123(A,B) :- no123(C,B) 0.0728291316527
[DEBUG] rno123(A,B) :- all123(C,B) 0.0679738562092
[DEBUG] ==================================
[LVL9] rno123(A,B) :- all123(C,A), no123(C,B) 0.339869281046 (3.0, 1.0, 99.0, 1.0) 0.509803921569 [ACCEPT]
[LVL9] BETTER RULE rno123(A,B) :- all123(C,A), no123(C,B) (0.3398692810457516, 3.0) > (0.07282913165266106, 3.0)
[LVL9] rno123(A,B) :- all123(C,A), no123(C,D) 0.339869281046 (3.0, 1.0, 99.0, 1.0) 0.509803921569 [ACCEPT]
[LVL9] rno123(A,B) :- all123(C,A), no123(D,B) 0.339869281046 (3.0, 1.0, 99.0, 1.0) 0.509803921569 [ACCEPT]
[LVL9] rno123(A,B) :- all123(C,A), \+all123(C,B) 0.0849673202614 (3.0, 10.0, 90.0, 1.0) 0.509803921569 [ACCEPT]
[LVL9] rno123(A,B) :- all123(C,A), \+some123(C,B) 0.0849673202614 (3.0, 10.0, 90.0, 1.0) 0.509803921569 [ACCEPT]
[LVL9] rno123(A,B) :- all123(C,A), \+some123(B,C) 0.0849673202614 (3.0, 10.0, 90.0, 1.0) 0.509803921569 [ACCEPT]
[LVL9] rno123(A,B) :- all123(C,A), \+no123(B,C) 0.0849673202614 (3.0, 10.0, 90.0, 1.0) 0.509803921569 [ACCEPT]
[LVL9] rno123(A,B) :- all123(C,A), \+somenot123(C,B) 0.0849673202614 (3.0, 10.0, 90.0, 1.0) 0.509803921569 [ACCEPT]
[LVL9] rno123(A,B) :- all123(C,A), \+somenot123(B,C) 0.078431372549 (3.0, 11.0, 89.0, 1.0) 0.509803921569 [ACCEPT]
[LVL9] rno123(A,B) :- no123(A,C), all123(C,B) 0.339869281046 (3.0, 1.0, 99.0, 1.0) 0.509803921569 [ACCEPT]
[LVL9] rno123(A,B) :- no123(A,C), all123(C,D) 0.339869281046 (3.0, 1.0, 99.0, 1.0) 0.509803921569 [ACCEPT]
[LVL9] rno123(A,B) :- no123(A,C), all123(D,B) 0.339869281046 (3.0, 1.0, 99.0, 1.0) 0.509803921569 [ACCEPT]
[LVL9] rno123(A,B) :- no123(A,C), \+all123(B,C) 0.078431372549 (3.0, 11.0, 89.0, 1.0) 0.509803921569 [ACCEPT]
[LVL9] rno123(A,B) :- no123(A,C), \+some123(C,B) 0.0849673202614 (3.0, 10.0, 90.0, 1.0) 0.509803921569 [ACCEPT]
[LVL9] rno123(A,B) :- no123(A,C), \+some123(B,C) 0.0849673202614 (3.0, 10.0, 90.0, 1.0) 0.509803921569 [ACCEPT]
[LVL9] rno123(A,B) :- no123(A,C), \+no123(C,B) 0.0849673202614 (3.0, 10.0, 90.0, 1.0) 0.509803921569 [ACCEPT]
[LVL9] rno123(A,B) :- no123(A,C), \+somenot123(C,B) 0.0849673202614 (3.0, 10.0, 90.0, 1.0) 0.509803921569 [ACCEPT]
[LVL9] rno123(A,B) :- no123(A,C), \+somenot123(B,C) 0.0849673202614 (3.0, 10.0, 90.0, 1.0) 0.509803921569 [ACCEPT]
[LVL9] rno123(A,B) :- no123(C,B), all123(C,D) 0.339869281046 (3.0, 1.0, 99.0, 1.0) 0.509803921569 [ACCEPT]
[LVL9] rno123(A,B) :- no123(C,B), all123(D,A) 0.339869281046 (3.0, 1.0, 99.0, 1.0) 0.509803921569 [ACCEPT]
[LVL9] rno123(A,B) :- no123(C,B), \+some123(A,C) 0.0849673202614 (3.0, 10.0, 90.0, 1.0) 0.509803921569 [ACCEPT]
[LVL9] rno123(A,B) :- no123(C,B), \+some123(C,A) 0.0849673202614 (3.0, 10.0, 90.0, 1.0) 0.509803921569 [ACCEPT]
[LVL9] rno123(A,B) :- no123(C,B), \+no123(A,C) 0.0849673202614 (3.0, 10.0, 90.0, 1.0) 0.509803921569 [ACCEPT]
[LVL9] rno123(A,B) :- no123(C,B), \+no123(C,A) 0.0849673202614 (3.0, 10.0, 90.0, 1.0) 0.509803921569 [ACCEPT]
[LVL9] rno123(A,B) :- no123(C,B), \+somenot123(A,C) 0.0849673202614 (3.0, 10.0, 90.0, 1.0) 0.509803921569 [ACCEPT]
[LVL9] rno123(A,B) :- no123(C,B), \+somenot123(C,A) 0.078431372549 (3.0, 11.0, 89.0, 1.0) 0.509803921569 [ACCEPT]
[LVL9] rno123(A,B) :- all123(C,B), no123(A,D) 0.339869281046 (3.0, 1.0, 99.0, 1.0) 0.509803921569 [ACCEPT]
[LVL9] rno123(A,B) :- all123(C,B), no123(D,C) 0.339869281046 (3.0, 1.0, 99.0, 1.0) 0.509803921569 [ACCEPT]
[LVL9] rno123(A,B) :- all123(C,B), \+all123(A,C) 0.0728291316527 (3.0, 12.0, 88.0, 1.0) 0.509803921569 [ACCEPT]
[LVL9] rno123(A,B) :- all123(C,B), \+all123(C,A) 0.078431372549 (3.0, 11.0, 89.0, 1.0) 0.509803921569 [ACCEPT]
[LVL9] rno123(A,B) :- all123(C,B), \+some123(A,C) 0.078431372549 (3.0, 11.0, 89.0, 1.0) 0.509803921569 [ACCEPT]
[LVL9] rno123(A,B) :- all123(C,B), \+some123(C,A) 0.078431372549 (3.0, 11.0, 89.0, 1.0) 0.509803921569 [ACCEPT]
[LVL9] rno123(A,B) :- all123(C,B), \+no123(C,A) 0.078431372549 (3.0, 11.0, 89.0, 1.0) 0.509803921569 [ACCEPT]
[LVL9] rno123(A,B) :- all123(C,B), \+somenot123(A,C) 0.0728291316527 (3.0, 12.0, 88.0, 1.0) 0.509803921569 [ACCEPT]
[LVL9] rno123(A,B) :- all123(C,B), \+somenot123(C,A) 0.078431372549 (3.0, 11.0, 89.0, 1.0) 0.509803921569 [ACCEPT]
[DEBUG] Best rule so far: rno123(A,B) :- all123(C,A), no123(C,B) [0.339869281046]
[DEBUG] Candidates for iteration 3:
[DEBUG] ==================================
[DEBUG] rno123(A,B) :- all123(C,A), no123(C,B) 0.339869281046
[DEBUG] rno123(A,B) :- all123(C,A), no123(C,D) 0.339869281046
[DEBUG] rno123(A,B) :- all123(C,A), no123(D,B) 0.339869281046
[DEBUG] rno123(A,B) :- no123(A,C), all123(C,B) 0.339869281046
[DEBUG] rno123(A,B) :- no123(A,C), all123(C,D) 0.339869281046
[DEBUG] rno123(A,B) :- no123(A,C), all123(D,B) 0.339869281046
[DEBUG] rno123(A,B) :- no123(C,B), all123(C,D) 0.339869281046
[DEBUG] rno123(A,B) :- no123(C,B), all123(D,A) 0.339869281046
[DEBUG] rno123(A,B) :- all123(C,B), no123(A,D) 0.339869281046
[DEBUG] rno123(A,B) :- all123(C,B), no123(D,C) 0.339869281046
[DEBUG] rno123(A,B) :- all123(C,A), \+all123(C,B) 0.0849673202614
[DEBUG] rno123(A,B) :- all123(C,A), \+some123(C,B) 0.0849673202614
[DEBUG] rno123(A,B) :- all123(C,A), \+some123(B,C) 0.0849673202614
[DEBUG] rno123(A,B) :- all123(C,A), \+no123(B,C) 0.0849673202614
[DEBUG] rno123(A,B) :- all123(C,A), \+somenot123(C,B) 0.0849673202614
[DEBUG] rno123(A,B) :- no123(A,C), \+some123(C,B) 0.0849673202614
[DEBUG] rno123(A,B) :- no123(A,C), \+some123(B,C) 0.0849673202614
[DEBUG] rno123(A,B) :- no123(A,C), \+no123(C,B) 0.0849673202614
[DEBUG] rno123(A,B) :- no123(A,C), \+somenot123(C,B) 0.0849673202614
[DEBUG] rno123(A,B) :- no123(A,C), \+somenot123(B,C) 0.0849673202614
[DEBUG] rno123(A,B) :- no123(C,B), \+some123(A,C) 0.0849673202614
[DEBUG] rno123(A,B) :- no123(C,B), \+some123(C,A) 0.0849673202614
[DEBUG] rno123(A,B) :- no123(C,B), \+no123(A,C) 0.0849673202614
[DEBUG] rno123(A,B) :- no123(C,B), \+no123(C,A) 0.0849673202614
[DEBUG] rno123(A,B) :- no123(C,B), \+somenot123(A,C) 0.0849673202614
[DEBUG] rno123(A,B) :- all123(C,A), \+somenot123(B,C) 0.078431372549
[DEBUG] rno123(A,B) :- no123(A,C), \+all123(B,C) 0.078431372549
[DEBUG] rno123(A,B) :- no123(C,B), \+somenot123(C,A) 0.078431372549
[DEBUG] rno123(A,B) :- all123(C,B), \+all123(C,A) 0.078431372549
[DEBUG] rno123(A,B) :- all123(C,B), \+some123(A,C) 0.078431372549
[DEBUG] rno123(A,B) :- all123(C,B), \+some123(C,A) 0.078431372549
[DEBUG] rno123(A,B) :- all123(C,B), \+no123(C,A) 0.078431372549
[DEBUG] rno123(A,B) :- all123(C,B), \+somenot123(C,A) 0.078431372549
[DEBUG] rno123(A,B) :- all123(C,B), \+all123(A,C) 0.0728291316527
[DEBUG] rno123(A,B) :- all123(C,B), \+somenot123(A,C) 0.0728291316527
[DEBUG] ==================================
[INFO] RULE LEARNED: rno123(A,B) :- all123(C,A), no123(C,B) 0.980769230769
