[LVL9] Output level: 9
[INFO] Random seed: 0.207479210401
[INFO] Computing scores: 0.1043s
[INFO] Number of examples (M): 110
[INFO] Positive weight (P): 8.0000
[INFO] Negative weight (N): 102.0000
[DEBUG] Best rule so far: rall53(A,B) :- true [0.0727272727273]
[DEBUG] Candidates for iteration 1:
[DEBUG] ==================================
[DEBUG] rall53(A,B) :- true 0.0727272727273
[DEBUG] ==================================
[LVL9] rall53(A,B) :- all53(A,C) 0.0825174825175 (1.0, 11.0, 91.0, 7.0) 0.536363636364 [ACCEPT]
[LVL9] BETTER RULE rall53(A,B) :- all53(A,C) (0.08251748251748252, 1.0) > (0.07272727272727272, 8.0)
[LVL9] rall53(A,B) :- all53(B,C) 0.236363636364 (3.0, 9.0, 93.0, 5.0) 0.768181818182 [ACCEPT]
[LVL9] BETTER RULE rall53(A,B) :- all53(B,C) (0.23636363636363636, 3.0) > (0.08251748251748252, 1.0)
[LVL9] rall53(A,B) :- all53(C,A) 0.256060606061 (3.0, 8.0, 94.0, 5.0) 0.768181818182 [ACCEPT]
[LVL9] BETTER RULE rall53(A,B) :- all53(C,A) (0.25606060606060604, 3.0) > (0.23636363636363636, 3.0)
[LVL9] rall53(A,B) :- all53(C,B) 0.172727272727 (2.0, 9.0, 93.0, 6.0) 0.690909090909 [ACCEPT]
[LVL9] rall53(A,B) :- no53(A,C) 0.0 (1.0, 14.0, 88.0, 7.0) 0.536363636364 [ACCEPT]
[LVL9] rall53(A,B) :- no53(B,C) 0.129545454545 (2.0, 13.0, 89.0, 6.0) 0.690909090909 [ACCEPT]
[LVL9] rall53(A,B) :- no53(C,A) 0.192045454545 (3.0, 12.0, 90.0, 5.0) 0.768181818182 [ACCEPT]
[LVL9] rall53(A,B) :- no53(C,B) 0.0 (1.0, 14.0, 88.0, 7.0) 0.536363636364 [ACCEPT]
[DEBUG] Best rule so far: rall53(A,B) :- all53(C,A) [0.256060606061]
[DEBUG] Candidates for iteration 2:
[DEBUG] ==================================
[DEBUG] rall53(A,B) :- all53(C,A) 0.256060606061
[DEBUG] rall53(A,B) :- all53(B,C) 0.236363636364
[DEBUG] rall53(A,B) :- no53(C,A) 0.192045454545
[DEBUG] rall53(A,B) :- all53(C,B) 0.172727272727
[DEBUG] rall53(A,B) :- no53(B,C) 0.129545454545
[DEBUG] rall53(A,B) :- all53(A,C) 0.0825174825175
[DEBUG] rall53(A,B) :- no53(A,C) 0.0
[DEBUG] rall53(A,B) :- no53(C,B) 0.0
[DEBUG] ==================================
[LVL9] rall53(A,B) :- all53(C,A), all53(C,B) 0.357575757576 (1.0, 1.0, 101.0, 7.0) 0.536363636364 [ACCEPT]
[LVL9] BETTER RULE rall53(A,B) :- all53(C,A), all53(C,B) (0.3575757575757576, 1.0) > (0.25606060606060604, 3.0)
[LVL9] rall53(A,B) :- all53(C,A), all53(B,C) 0.536363636364 (1.0, 0.0, 102.0, 7.0) 0.536363636364 [REJECT* fp] 0.0
[LVL9] BETTER RULE rall53(A,B) :- all53(C,A), all53(B,C) (0.5363636363636364, 1.0) > (0.3575757575757576, 1.0)
[LVL9] rall53(A,B) :- all53(C,A), \+all53(C,B) 0.207272727273 (2.0, 7.0, 95.0, 6.0) 0.690909090909 [ACCEPT]
[LVL9] rall53(A,B) :- all53(C,A), \+some53(C,B) 0.307272727273 (3.0, 6.0, 96.0, 5.0) 0.768181818182 [ACCEPT]
[LVL9] rall53(A,B) :- all53(C,A), \+some53(B,C) 0.307272727273 (3.0, 6.0, 96.0, 5.0) 0.768181818182 [ACCEPT]
[LVL9] rall53(A,B) :- all53(C,A), \+no53(C,B) 0.279338842975 (3.0, 7.0, 95.0, 5.0) 0.768181818182 [ACCEPT]
[LVL9] rall53(A,B) :- all53(C,A), \+no53(B,C) 0.207272727273 (2.0, 7.0, 95.0, 6.0) 0.690909090909 [ACCEPT]
[LVL9] rall53(A,B) :- all53(C,A), \+somenot53(C,B) 0.279338842975 (3.0, 7.0, 95.0, 5.0) 0.768181818182 [ACCEPT]
[LVL9] rall53(A,B) :- all53(B,C), \+some53(A,C) 0.279338842975 (3.0, 7.0, 95.0, 5.0) 0.768181818182 [ACCEPT]
[LVL9] rall53(A,B) :- all53(B,C), \+some53(C,A) 0.279338842975 (3.0, 7.0, 95.0, 5.0) 0.768181818182 [ACCEPT]
[LVL9] rall53(A,B) :- all53(B,C), \+no53(A,C) 0.188429752066 (2.0, 8.0, 94.0, 6.0) 0.690909090909 [ACCEPT]
[LVL9] rall53(A,B) :- all53(B,C), \+no53(C,A) 0.188429752066 (2.0, 8.0, 94.0, 6.0) 0.690909090909 [ACCEPT]
[LVL9] rall53(A,B) :- all53(B,C), \+somenot53(A,C) 0.279338842975 (3.0, 7.0, 95.0, 5.0) 0.768181818182 [ACCEPT]
[LVL9] rall53(A,B) :- all53(B,C), \+somenot53(C,A) 0.256060606061 (3.0, 8.0, 94.0, 5.0) 0.768181818182 [ACCEPT]
[LVL9] rall53(A,B) :- no53(C,A), \+all53(B,C) 0.148051948052 (2.0, 11.0, 91.0, 6.0) 0.690909090909 [ACCEPT]
[LVL9] rall53(A,B) :- no53(C,A), \+some53(C,B) 0.219480519481 (3.0, 10.0, 92.0, 5.0) 0.768181818182 [ACCEPT]
[LVL9] rall53(A,B) :- no53(C,A), \+some53(B,C) 0.219480519481 (3.0, 10.0, 92.0, 5.0) 0.768181818182 [ACCEPT]
[LVL9] rall53(A,B) :- no53(C,A), \+no53(C,B) 0.148051948052 (2.0, 11.0, 91.0, 6.0) 0.690909090909 [ACCEPT]
[LVL9] rall53(A,B) :- no53(C,A), \+no53(B,C) 0.219480519481 (3.0, 10.0, 92.0, 5.0) 0.768181818182 [ACCEPT]
[LVL9] rall53(A,B) :- no53(C,A), \+somenot53(C,B) 0.219480519481 (3.0, 10.0, 92.0, 5.0) 0.768181818182 [ACCEPT]
[LVL9] rall53(A,B) :- no53(C,A), \+somenot53(B,C) 0.219480519481 (3.0, 10.0, 92.0, 5.0) 0.768181818182 [ACCEPT]
[LVL9] rall53(A,B) :- all53(C,B), \+all53(A,C) 0.188429752066 (2.0, 8.0, 94.0, 6.0) 0.690909090909 [ACCEPT]
[LVL9] rall53(A,B) :- all53(C,B), \+some53(A,C) 0.207272727273 (2.0, 7.0, 95.0, 6.0) 0.690909090909 [ACCEPT]
[LVL9] rall53(A,B) :- all53(C,B), \+some53(C,A) 0.207272727273 (2.0, 7.0, 95.0, 6.0) 0.690909090909 [ACCEPT]
[LVL9] rall53(A,B) :- all53(C,B), \+no53(A,C) 0.207272727273 (2.0, 7.0, 95.0, 6.0) 0.690909090909 [ACCEPT]
[LVL9] rall53(A,B) :- all53(C,B), \+somenot53(C,A) 0.188429752066 (2.0, 8.0, 94.0, 6.0) 0.690909090909 [ACCEPT]
[LVL9] rall53(A,B) :- no53(B,C), \+some53(A,C) 0.148051948052 (2.0, 11.0, 91.0, 6.0) 0.690909090909 [ACCEPT]
[LVL9] rall53(A,B) :- no53(B,C), \+some53(C,A) 0.138181818182 (2.0, 12.0, 90.0, 6.0) 0.690909090909 [ACCEPT]
[LVL9] rall53(A,B) :- no53(B,C), \+no53(A,C) 0.148051948052 (2.0, 11.0, 91.0, 6.0) 0.690909090909 [ACCEPT]
[LVL9] rall53(A,B) :- no53(B,C), \+no53(C,A) 0.148051948052 (2.0, 11.0, 91.0, 6.0) 0.690909090909 [ACCEPT]
[LVL9] rall53(A,B) :- no53(B,C), \+somenot53(A,C) 0.148051948052 (2.0, 11.0, 91.0, 6.0) 0.690909090909 [ACCEPT]
[LVL9] rall53(A,B) :- no53(B,C), \+somenot53(C,A) 0.148051948052 (2.0, 11.0, 91.0, 6.0) 0.690909090909 [ACCEPT]
[DEBUG] Best rule so far: rall53(A,B) :- all53(C,A), all53(B,C) [0.536363636364]
[DEBUG] Candidates for iteration 3:
[DEBUG] ==================================
[DEBUG] rall53(A,B) :- all53(C,A), all53(C,B) 0.357575757576
[DEBUG] rall53(A,B) :- all53(C,A), \+some53(C,B) 0.307272727273
[DEBUG] rall53(A,B) :- all53(C,A), \+some53(B,C) 0.307272727273
[DEBUG] rall53(A,B) :- all53(C,A), \+no53(C,B) 0.279338842975
[DEBUG] rall53(A,B) :- all53(C,A), \+somenot53(C,B) 0.279338842975
[DEBUG] rall53(A,B) :- all53(B,C), \+some53(A,C) 0.279338842975
[DEBUG] rall53(A,B) :- all53(B,C), \+some53(C,A) 0.279338842975
[DEBUG] rall53(A,B) :- all53(B,C), \+somenot53(A,C) 0.279338842975
[DEBUG] rall53(A,B) :- all53(B,C), \+somenot53(C,A) 0.256060606061
[DEBUG] rall53(A,B) :- no53(C,A), \+some53(C,B) 0.219480519481
[DEBUG] rall53(A,B) :- no53(C,A), \+some53(B,C) 0.219480519481
[DEBUG] rall53(A,B) :- no53(C,A), \+no53(B,C) 0.219480519481
[DEBUG] rall53(A,B) :- no53(C,A), \+somenot53(C,B) 0.219480519481
[DEBUG] rall53(A,B) :- no53(C,A), \+somenot53(B,C) 0.219480519481
[DEBUG] rall53(A,B) :- all53(C,A), \+all53(C,B) 0.207272727273
[DEBUG] rall53(A,B) :- all53(C,A), \+no53(B,C) 0.207272727273
[DEBUG] rall53(A,B) :- all53(C,B), \+some53(A,C) 0.207272727273
[DEBUG] rall53(A,B) :- all53(C,B), \+some53(C,A) 0.207272727273
[DEBUG] rall53(A,B) :- all53(C,B), \+no53(A,C) 0.207272727273
[DEBUG] rall53(A,B) :- all53(B,C), \+no53(A,C) 0.188429752066
[DEBUG] rall53(A,B) :- all53(B,C), \+no53(C,A) 0.188429752066
[DEBUG] rall53(A,B) :- all53(C,B), \+all53(A,C) 0.188429752066
[DEBUG] rall53(A,B) :- all53(C,B), \+somenot53(C,A) 0.188429752066
[DEBUG] rall53(A,B) :- no53(C,A), \+all53(B,C) 0.148051948052
[DEBUG] rall53(A,B) :- no53(C,A), \+no53(C,B) 0.148051948052
[DEBUG] rall53(A,B) :- no53(B,C), \+some53(A,C) 0.148051948052
[DEBUG] rall53(A,B) :- no53(B,C), \+no53(A,C) 0.148051948052
[DEBUG] rall53(A,B) :- no53(B,C), \+no53(C,A) 0.148051948052
[DEBUG] rall53(A,B) :- no53(B,C), \+somenot53(A,C) 0.148051948052
[DEBUG] rall53(A,B) :- no53(B,C), \+somenot53(C,A) 0.148051948052
[DEBUG] rall53(A,B) :- no53(B,C), \+some53(C,A) 0.138181818182
[DEBUG] ==================================
[INFO] RULE LEARNED: rall53(A,B) :- all53(C,A), all53(B,C) 0.936363636364
[DEBUG] Best rule so far: rall53(A,B) :- true [0.0642201834862]
[DEBUG] Candidates for iteration 1:
[DEBUG] ==================================
[DEBUG] rall53(A,B) :- true 0.0642201834862
[DEBUG] ==================================
[LVL9] rall53(A,B) :- all53(A,C) 0.0818630910374 (2.0, 11.0, 91.0, 6.0) 0.532110091743 [ACCEPT]
[LVL9] BETTER RULE rall53(A,B) :- all53(A,C) (0.08186309103740297, 2.0) > (0.06422018348623854, 8.0)
[LVL9] rall53(A,B) :- all53(B,C) 0.172018348624 (3.0, 9.0, 93.0, 5.0) 0.688073394495 [ACCEPT]
[LVL9] BETTER RULE rall53(A,B) :- all53(B,C) (0.1720183486238532, 3.0) > (0.08186309103740297, 2.0)
[LVL9] rall53(A,B) :- all53(C,A) 0.187656380317 (3.0, 8.0, 94.0, 5.0) 0.688073394495 [ACCEPT]
[LVL9] BETTER RULE rall53(A,B) :- all53(C,A) (0.18765638031693077, 3.0) > (0.1720183486238532, 3.0)
[LVL9] rall53(A,B) :- all53(C,B) 0.172018348624 (3.0, 9.0, 93.0, 5.0) 0.688073394495 [ACCEPT]
[LVL9] rall53(A,B) :- no53(A,C) 0.0665137614679 (2.0, 14.0, 88.0, 6.0) 0.532110091743 [ACCEPT]
[LVL9] rall53(A,B) :- no53(B,C) 0.129013761468 (3.0, 13.0, 89.0, 5.0) 0.688073394495 [ACCEPT]
[LVL9] rall53(A,B) :- no53(C,A) 0.191513761468 (4.0, 12.0, 90.0, 4.0) 0.766055045872 [ACCEPT]
[LVL9] BETTER RULE rall53(A,B) :- no53(C,A) (0.1915137614678899, 4.0) > (0.18765638031693077, 3.0)
[LVL9] rall53(A,B) :- no53(C,B) 0.0665137614679 (2.0, 14.0, 88.0, 6.0) 0.532110091743 [ACCEPT]
[DEBUG] Best rule so far: rall53(A,B) :- no53(C,A) [0.191513761468]
[DEBUG] Candidates for iteration 2:
[DEBUG] ==================================
[DEBUG] rall53(A,B) :- no53(C,A) 0.191513761468
[DEBUG] rall53(A,B) :- all53(C,A) 0.187656380317
[DEBUG] rall53(A,B) :- all53(B,C) 0.172018348624
[DEBUG] rall53(A,B) :- all53(C,B) 0.172018348624
[DEBUG] rall53(A,B) :- no53(B,C) 0.129013761468
[DEBUG] rall53(A,B) :- all53(A,C) 0.0818630910374
[DEBUG] rall53(A,B) :- no53(A,C) 0.0665137614679
[DEBUG] rall53(A,B) :- no53(C,B) 0.0665137614679
[DEBUG] ==================================
[LVL9] rall53(A,B) :- no53(C,A), all53(C,B) 0.532110091743 (2.0, 0.0, 102.0, 6.0) 0.532110091743 [REJECT* fp] 1.0
[LVL9] BETTER RULE rall53(A,B) :- no53(C,A), all53(C,B) (0.5321100917431193, 2.0) > (0.1915137614678899, 4.0)
[LVL9] rall53(A,B) :- no53(C,A), \+all53(B,C) 0.14744429882 (3.0, 11.0, 91.0, 5.0) 0.688073394495 [ACCEPT]
[LVL9] rall53(A,B) :- no53(C,A), \+some53(C,B) 0.218872870249 (4.0, 10.0, 92.0, 4.0) 0.766055045872 [ACCEPT]
[LVL9] rall53(A,B) :- no53(C,A), \+some53(B,C) 0.218872870249 (4.0, 10.0, 92.0, 4.0) 0.766055045872 [ACCEPT]
[LVL9] rall53(A,B) :- no53(C,A), \+no53(C,B) 0.14744429882 (3.0, 11.0, 91.0, 5.0) 0.688073394495 [ACCEPT]
[LVL9] rall53(A,B) :- no53(C,A), \+no53(B,C) 0.218872870249 (4.0, 10.0, 92.0, 4.0) 0.766055045872 [ACCEPT]
[LVL9] rall53(A,B) :- no53(C,A), \+somenot53(C,B) 0.218872870249 (4.0, 10.0, 92.0, 4.0) 0.766055045872 [ACCEPT]
[LVL9] rall53(A,B) :- no53(C,A), \+somenot53(B,C) 0.218872870249 (4.0, 10.0, 92.0, 4.0) 0.766055045872 [ACCEPT]
[LVL9] rall53(A,B) :- all53(C,A), \+some53(C,B) 0.229357798165 (3.0, 6.0, 96.0, 5.0) 0.688073394495 [ACCEPT]
[LVL9] rall53(A,B) :- all53(C,A), \+some53(B,C) 0.229357798165 (3.0, 6.0, 96.0, 5.0) 0.688073394495 [ACCEPT]
[LVL9] rall53(A,B) :- all53(C,A), \+no53(C,B) 0.206422018349 (3.0, 7.0, 95.0, 5.0) 0.688073394495 [ACCEPT]
[LVL9] rall53(A,B) :- all53(C,A), \+somenot53(C,B) 0.206422018349 (3.0, 7.0, 95.0, 5.0) 0.688073394495 [ACCEPT]
[LVL9] rall53(A,B) :- all53(B,C), \+some53(A,C) 0.206422018349 (3.0, 7.0, 95.0, 5.0) 0.688073394495 [ACCEPT]
[LVL9] rall53(A,B) :- all53(B,C), \+some53(C,A) 0.206422018349 (3.0, 7.0, 95.0, 5.0) 0.688073394495 [ACCEPT]
[LVL9] rall53(A,B) :- all53(B,C), \+somenot53(A,C) 0.206422018349 (3.0, 7.0, 95.0, 5.0) 0.688073394495 [ACCEPT]
[LVL9] rall53(A,B) :- all53(B,C), \+somenot53(C,A) 0.187656380317 (3.0, 8.0, 94.0, 5.0) 0.688073394495 [ACCEPT]
[LVL9] rall53(A,B) :- all53(C,B), \+all53(A,C) 0.187656380317 (3.0, 8.0, 94.0, 5.0) 0.688073394495 [ACCEPT]
[LVL9] rall53(A,B) :- all53(C,B), \+some53(A,C) 0.206422018349 (3.0, 7.0, 95.0, 5.0) 0.688073394495 [ACCEPT]
[LVL9] rall53(A,B) :- all53(C,B), \+some53(C,A) 0.206422018349 (3.0, 7.0, 95.0, 5.0) 0.688073394495 [ACCEPT]
[LVL9] rall53(A,B) :- all53(C,B), \+no53(A,C) 0.206422018349 (3.0, 7.0, 95.0, 5.0) 0.688073394495 [ACCEPT]
[LVL9] rall53(A,B) :- all53(C,B), \+somenot53(C,A) 0.187656380317 (3.0, 8.0, 94.0, 5.0) 0.688073394495 [ACCEPT]
[LVL9] rall53(A,B) :- no53(B,C), \+some53(A,C) 0.14744429882 (3.0, 11.0, 91.0, 5.0) 0.688073394495 [ACCEPT]
[LVL9] rall53(A,B) :- no53(B,C), \+some53(C,A) 0.137614678899 (3.0, 12.0, 90.0, 5.0) 0.688073394495 [ACCEPT]
[LVL9] rall53(A,B) :- no53(B,C), \+no53(A,C) 0.14744429882 (3.0, 11.0, 91.0, 5.0) 0.688073394495 [ACCEPT]
[LVL9] rall53(A,B) :- no53(B,C), \+no53(C,A) 0.14744429882 (3.0, 11.0, 91.0, 5.0) 0.688073394495 [ACCEPT]
[LVL9] rall53(A,B) :- no53(B,C), \+somenot53(A,C) 0.14744429882 (3.0, 11.0, 91.0, 5.0) 0.688073394495 [ACCEPT]
[LVL9] rall53(A,B) :- no53(B,C), \+somenot53(C,A) 0.14744429882 (3.0, 11.0, 91.0, 5.0) 0.688073394495 [ACCEPT]
[DEBUG] Best rule so far: rall53(A,B) :- no53(C,A), all53(C,B) [0.532110091743]
[DEBUG] Candidates for iteration 3:
[DEBUG] ==================================
[DEBUG] rall53(A,B) :- all53(C,A), \+some53(C,B) 0.229357798165
[DEBUG] rall53(A,B) :- all53(C,A), \+some53(B,C) 0.229357798165
[DEBUG] rall53(A,B) :- no53(C,A), \+some53(C,B) 0.218872870249
[DEBUG] rall53(A,B) :- no53(C,A), \+some53(B,C) 0.218872870249
[DEBUG] rall53(A,B) :- no53(C,A), \+no53(B,C) 0.218872870249
[DEBUG] rall53(A,B) :- no53(C,A), \+somenot53(C,B) 0.218872870249
[DEBUG] rall53(A,B) :- no53(C,A), \+somenot53(B,C) 0.218872870249
[DEBUG] rall53(A,B) :- all53(C,A), \+no53(C,B) 0.206422018349
[DEBUG] rall53(A,B) :- all53(C,A), \+somenot53(C,B) 0.206422018349
[DEBUG] rall53(A,B) :- all53(B,C), \+some53(A,C) 0.206422018349
[DEBUG] rall53(A,B) :- all53(B,C), \+some53(C,A) 0.206422018349
[DEBUG] rall53(A,B) :- all53(B,C), \+somenot53(A,C) 0.206422018349
[DEBUG] rall53(A,B) :- all53(C,B), \+some53(A,C) 0.206422018349
[DEBUG] rall53(A,B) :- all53(C,B), \+some53(C,A) 0.206422018349
[DEBUG] rall53(A,B) :- all53(C,B), \+no53(A,C) 0.206422018349
[DEBUG] rall53(A,B) :- all53(B,C), \+somenot53(C,A) 0.187656380317
[DEBUG] rall53(A,B) :- all53(C,B), \+all53(A,C) 0.187656380317
[DEBUG] rall53(A,B) :- all53(C,B), \+somenot53(C,A) 0.187656380317
[DEBUG] rall53(A,B) :- no53(C,A), \+all53(B,C) 0.14744429882
[DEBUG] rall53(A,B) :- no53(C,A), \+no53(C,B) 0.14744429882
[DEBUG] rall53(A,B) :- no53(B,C), \+some53(A,C) 0.14744429882
[DEBUG] rall53(A,B) :- no53(B,C), \+no53(A,C) 0.14744429882
[DEBUG] rall53(A,B) :- no53(B,C), \+no53(C,A) 0.14744429882
[DEBUG] rall53(A,B) :- no53(B,C), \+somenot53(A,C) 0.14744429882
[DEBUG] rall53(A,B) :- no53(B,C), \+somenot53(C,A) 0.14744429882
[DEBUG] rall53(A,B) :- no53(B,C), \+some53(C,A) 0.137614678899
[DEBUG] ==================================
[INFO] RULE LEARNED: rall53(A,B) :- no53(C,A), all53(C,B) 0.945454545455
[DEBUG] Best rule so far: rall53(A,B) :- true [0.0555555555556]
[DEBUG] Candidates for iteration 1:
[DEBUG] ==================================
[DEBUG] rall53(A,B) :- true 0.0555555555556
[DEBUG] ==================================
[LVL9] rall53(A,B) :- all53(A,C) 0.0811965811966 (3.0, 11.0, 91.0, 5.0) 0.527777777778 [ACCEPT]
[LVL9] BETTER RULE rall53(A,B) :- all53(A,C) (0.0811965811965812, 3.0) > (0.05555555555555555, 8.0)
[LVL9] rall53(A,B) :- all53(B,C) 0.171296296296 (4.0, 9.0, 93.0, 4.0) 0.685185185185 [ACCEPT]
[LVL9] BETTER RULE rall53(A,B) :- all53(B,C) (0.17129629629629628, 4.0) > (0.0811965811965812, 3.0)
[LVL9] rall53(A,B) :- all53(C,A) 0.186868686869 (4.0, 8.0, 94.0, 4.0) 0.685185185185 [ACCEPT]
[LVL9] BETTER RULE rall53(A,B) :- all53(C,A) (0.18686868686868685, 4.0) > (0.17129629629629628, 4.0)
[LVL9] rall53(A,B) :- all53(C,B) 0.0959595959596 (3.0, 9.0, 93.0, 5.0) 0.527777777778 [ACCEPT]
[LVL9] rall53(A,B) :- no53(A,C) 0.0659722222222 (3.0, 14.0, 88.0, 5.0) 0.527777777778 [ACCEPT]
[LVL9] rall53(A,B) :- no53(B,C) 0.128472222222 (4.0, 13.0, 89.0, 4.0) 0.685185185185 [ACCEPT]
[LVL9] rall53(A,B) :- no53(C,A) 0.137037037037 (4.0, 12.0, 90.0, 4.0) 0.685185185185 [ACCEPT]
[LVL9] rall53(A,B) :- no53(C,B) 0.0659722222222 (3.0, 14.0, 88.0, 5.0) 0.527777777778 [ACCEPT]
[DEBUG] Best rule so far: rall53(A,B) :- all53(C,A) [0.186868686869]
[DEBUG] Candidates for iteration 2:
[DEBUG] ==================================
[DEBUG] rall53(A,B) :- all53(C,A) 0.186868686869
[DEBUG] rall53(A,B) :- all53(B,C) 0.171296296296
[DEBUG] rall53(A,B) :- no53(C,A) 0.137037037037
[DEBUG] rall53(A,B) :- no53(B,C) 0.128472222222
[DEBUG] rall53(A,B) :- all53(C,B) 0.0959595959596
[DEBUG] rall53(A,B) :- all53(A,C) 0.0811965811966
[DEBUG] rall53(A,B) :- no53(A,C) 0.0659722222222
[DEBUG] rall53(A,B) :- no53(C,B) 0.0659722222222
[DEBUG] ==================================
[LVL9] rall53(A,B) :- all53(C,A), all53(C,B) 0.351851851852 (3.0, 1.0, 101.0, 5.0) 0.527777777778 [ACCEPT]
[LVL9] BETTER RULE rall53(A,B) :- all53(C,A), all53(C,B) (0.35185185185185186, 3.0) > (0.18686868686868685, 4.0)
[LVL9] rall53(A,B) :- all53(C,A), all53(D,B) 0.351851851852 (3.0, 1.0, 101.0, 5.0) 0.527777777778 [ACCEPT]
[LVL9] rall53(A,B) :- all53(C,A), no53(B,C) 0.351851851852 (3.0, 1.0, 101.0, 5.0) 0.527777777778 [ACCEPT]
[LVL9] rall53(A,B) :- all53(C,A), no53(B,D) 0.351851851852 (3.0, 1.0, 101.0, 5.0) 0.527777777778 [ACCEPT]
[LVL9] rall53(A,B) :- all53(C,A), no53(D,C) 0.351851851852 (3.0, 1.0, 101.0, 5.0) 0.527777777778 [ACCEPT]
[LVL9] rall53(A,B) :- all53(C,A), \+all53(C,B) 0.117283950617 (3.0, 7.0, 95.0, 5.0) 0.527777777778 [ACCEPT]
[LVL9] rall53(A,B) :- all53(C,A), \+some53(C,B) 0.228395061728 (4.0, 6.0, 96.0, 4.0) 0.685185185185 [ACCEPT]
[LVL9] rall53(A,B) :- all53(C,A), \+some53(B,C) 0.228395061728 (4.0, 6.0, 96.0, 4.0) 0.685185185185 [ACCEPT]
[LVL9] rall53(A,B) :- all53(C,A), \+no53(C,B) 0.205555555556 (4.0, 7.0, 95.0, 4.0) 0.685185185185 [ACCEPT]
[LVL9] rall53(A,B) :- all53(C,A), \+no53(B,C) 0.117283950617 (3.0, 7.0, 95.0, 5.0) 0.527777777778 [ACCEPT]
[LVL9] rall53(A,B) :- all53(C,A), \+somenot53(C,B) 0.205555555556 (4.0, 7.0, 95.0, 4.0) 0.685185185185 [ACCEPT]
[LVL9] rall53(A,B) :- all53(B,C), no53(A,C) 0.351851851852 (3.0, 1.0, 101.0, 5.0) 0.527777777778 [ACCEPT]
[LVL9] rall53(A,B) :- all53(B,C), no53(C,A) 0.351851851852 (3.0, 1.0, 101.0, 5.0) 0.527777777778 [ACCEPT]
[LVL9] rall53(A,B) :- all53(B,C), no53(A,D) 0.351851851852 (3.0, 1.0, 101.0, 5.0) 0.527777777778 [ACCEPT]
[LVL9] rall53(A,B) :- all53(B,C), no53(C,D) 0.351851851852 (3.0, 1.0, 101.0, 5.0) 0.527777777778 [ACCEPT]
[LVL9] rall53(A,B) :- all53(B,C), no53(D,A) 0.351851851852 (3.0, 1.0, 101.0, 5.0) 0.527777777778 [ACCEPT]
[LVL9] rall53(A,B) :- all53(B,C), no53(D,C) 0.351851851852 (3.0, 1.0, 101.0, 5.0) 0.527777777778 [ACCEPT]
[LVL9] rall53(A,B) :- all53(B,C), \+some53(A,C) 0.205555555556 (4.0, 7.0, 95.0, 4.0) 0.685185185185 [ACCEPT]
[LVL9] rall53(A,B) :- all53(B,C), \+some53(C,A) 0.205555555556 (4.0, 7.0, 95.0, 4.0) 0.685185185185 [ACCEPT]
[LVL9] rall53(A,B) :- all53(B,C), \+no53(A,C) 0.105555555556 (3.0, 8.0, 94.0, 5.0) 0.527777777778 [ACCEPT]
[LVL9] rall53(A,B) :- all53(B,C), \+no53(C,A) 0.105555555556 (3.0, 8.0, 94.0, 5.0) 0.527777777778 [ACCEPT]
[LVL9] rall53(A,B) :- all53(B,C), \+somenot53(A,C) 0.205555555556 (4.0, 7.0, 95.0, 4.0) 0.685185185185 [ACCEPT]
[LVL9] rall53(A,B) :- all53(B,C), \+somenot53(C,A) 0.186868686869 (4.0, 8.0, 94.0, 4.0) 0.685185185185 [ACCEPT]
[LVL9] rall53(A,B) :- no53(C,A), all53(B,D) 0.351851851852 (3.0, 1.0, 101.0, 5.0) 0.527777777778 [ACCEPT]
[LVL9] rall53(A,B) :- no53(C,A), all53(D,C) 0.351851851852 (3.0, 1.0, 101.0, 5.0) 0.527777777778 [ACCEPT]
[LVL9] rall53(A,B) :- no53(C,A), no53(C,B) 0.351851851852 (3.0, 1.0, 101.0, 5.0) 0.527777777778 [ACCEPT]
[LVL9] rall53(A,B) :- no53(C,A), no53(D,B) 0.351851851852 (3.0, 1.0, 101.0, 5.0) 0.527777777778 [ACCEPT]
[LVL9] rall53(A,B) :- no53(C,A), \+all53(B,C) 0.0811965811966 (3.0, 11.0, 91.0, 5.0) 0.527777777778 [ACCEPT]
[LVL9] rall53(A,B) :- no53(C,A), \+some53(C,B) 0.15811965812 (4.0, 10.0, 92.0, 4.0) 0.685185185185 [ACCEPT]
[LVL9] rall53(A,B) :- no53(C,A), \+some53(B,C) 0.15811965812 (4.0, 10.0, 92.0, 4.0) 0.685185185185 [ACCEPT]
[LVL9] rall53(A,B) :- no53(C,A), \+no53(C,B) 0.0811965811966 (3.0, 11.0, 91.0, 5.0) 0.527777777778 [ACCEPT]
[LVL9] rall53(A,B) :- no53(C,A), \+no53(B,C) 0.15811965812 (4.0, 10.0, 92.0, 4.0) 0.685185185185 [ACCEPT]
[LVL9] rall53(A,B) :- no53(C,A), \+somenot53(C,B) 0.15811965812 (4.0, 10.0, 92.0, 4.0) 0.685185185185 [ACCEPT]
[LVL9] rall53(A,B) :- no53(C,A), \+somenot53(B,C) 0.15811965812 (4.0, 10.0, 92.0, 4.0) 0.685185185185 [ACCEPT]
[LVL9] rall53(A,B) :- no53(B,C), all53(A,C) 0.351851851852 (3.0, 1.0, 101.0, 5.0) 0.527777777778 [ACCEPT]
[LVL9] rall53(A,B) :- no53(B,C), all53(A,D) 0.351851851852 (3.0, 1.0, 101.0, 5.0) 0.527777777778 [ACCEPT]
[LVL9] rall53(A,B) :- no53(B,C), all53(C,D) 0.351851851852 (3.0, 1.0, 101.0, 5.0) 0.527777777778 [ACCEPT]
[LVL9] rall53(A,B) :- no53(B,C), all53(D,A) 0.351851851852 (3.0, 1.0, 101.0, 5.0) 0.527777777778 [ACCEPT]
[LVL9] rall53(A,B) :- no53(B,C), all53(D,C) 0.351851851852 (3.0, 1.0, 101.0, 5.0) 0.527777777778 [ACCEPT]
[LVL9] rall53(A,B) :- no53(B,C), \+all53(A,C) 0.0753968253968 (3.0, 12.0, 90.0, 5.0) 0.527777777778 [ACCEPT]
[LVL9] rall53(A,B) :- no53(B,C), \+all53(C,A) 0.0753968253968 (3.0, 12.0, 90.0, 5.0) 0.527777777778 [ACCEPT]
[LVL9] rall53(A,B) :- no53(B,C), \+some53(A,C) 0.146825396825 (4.0, 11.0, 91.0, 4.0) 0.685185185185 [ACCEPT]
[LVL9] rall53(A,B) :- no53(B,C), \+some53(C,A) 0.137037037037 (4.0, 12.0, 90.0, 4.0) 0.685185185185 [ACCEPT]
[LVL9] rall53(A,B) :- no53(B,C), \+no53(A,C) 0.146825396825 (4.0, 11.0, 91.0, 4.0) 0.685185185185 [ACCEPT]
[LVL9] rall53(A,B) :- no53(B,C), \+no53(C,A) 0.146825396825 (4.0, 11.0, 91.0, 4.0) 0.685185185185 [ACCEPT]
[LVL9] rall53(A,B) :- no53(B,C), \+somenot53(A,C) 0.146825396825 (4.0, 11.0, 91.0, 4.0) 0.685185185185 [ACCEPT]
[LVL9] rall53(A,B) :- no53(B,C), \+somenot53(C,A) 0.146825396825 (4.0, 11.0, 91.0, 4.0) 0.685185185185 [ACCEPT]
[LVL9] rall53(A,B) :- all53(C,B), all53(D,A) 0.351851851852 (3.0, 1.0, 101.0, 5.0) 0.527777777778 [ACCEPT]
[LVL9] rall53(A,B) :- all53(C,B), \+all53(A,C) 0.105555555556 (3.0, 8.0, 94.0, 5.0) 0.527777777778 [ACCEPT]
[LVL9] rall53(A,B) :- all53(C,B), \+some53(A,C) 0.117283950617 (3.0, 7.0, 95.0, 5.0) 0.527777777778 [ACCEPT]
[LVL9] rall53(A,B) :- all53(C,B), \+some53(C,A) 0.117283950617 (3.0, 7.0, 95.0, 5.0) 0.527777777778 [ACCEPT]
[LVL9] rall53(A,B) :- all53(C,B), \+no53(A,C) 0.117283950617 (3.0, 7.0, 95.0, 5.0) 0.527777777778 [ACCEPT]
[LVL9] rall53(A,B) :- all53(C,B), \+somenot53(C,A) 0.105555555556 (3.0, 8.0, 94.0, 5.0) 0.527777777778 [ACCEPT]
[LVL9] rall53(A,B) :- all53(A,C), no53(B,D) 0.351851851852 (3.0, 1.0, 101.0, 5.0) 0.527777777778 [ACCEPT]
[LVL9] rall53(A,B) :- all53(A,C), no53(D,C) 0.351851851852 (3.0, 1.0, 101.0, 5.0) 0.527777777778 [ACCEPT]
[LVL9] rall53(A,B) :- all53(A,C), \+all53(C,B) 0.087962962963 (3.0, 10.0, 92.0, 5.0) 0.527777777778 [ACCEPT]
[LVL9] rall53(A,B) :- all53(A,C), \+some53(C,B) 0.0959595959596 (3.0, 9.0, 93.0, 5.0) 0.527777777778 [ACCEPT]
[LVL9] rall53(A,B) :- all53(A,C), \+some53(B,C) 0.0959595959596 (3.0, 9.0, 93.0, 5.0) 0.527777777778 [ACCEPT]
[LVL9] rall53(A,B) :- all53(A,C), \+no53(C,B) 0.0959595959596 (3.0, 9.0, 93.0, 5.0) 0.527777777778 [ACCEPT]
[LVL9] rall53(A,B) :- all53(A,C), \+somenot53(C,B) 0.087962962963 (3.0, 10.0, 92.0, 5.0) 0.527777777778 [ACCEPT]
[LVL9] rall53(A,B) :- all53(A,C), \+somenot53(B,C) 0.0959595959596 (3.0, 9.0, 93.0, 5.0) 0.527777777778 [ACCEPT]
[LVL9] rall53(A,B) :- no53(A,C), all53(B,D) 0.351851851852 (3.0, 1.0, 101.0, 5.0) 0.527777777778 [ACCEPT]
[LVL9] rall53(A,B) :- no53(A,C), all53(D,C) 0.351851851852 (3.0, 1.0, 101.0, 5.0) 0.527777777778 [ACCEPT]
[LVL9] rall53(A,B) :- no53(A,C), \+all53(C,B) 0.0753968253968 (3.0, 12.0, 90.0, 5.0) 0.527777777778 [ACCEPT]
[LVL9] rall53(A,B) :- no53(A,C), \+some53(C,B) 0.0703703703704 (3.0, 13.0, 89.0, 5.0) 0.527777777778 [ACCEPT]
[LVL9] rall53(A,B) :- no53(A,C), \+some53(B,C) 0.0753968253968 (3.0, 12.0, 90.0, 5.0) 0.527777777778 [ACCEPT]
[LVL9] rall53(A,B) :- no53(A,C), \+no53(C,B) 0.0753968253968 (3.0, 12.0, 90.0, 5.0) 0.527777777778 [ACCEPT]
[LVL9] rall53(A,B) :- no53(A,C), \+no53(B,C) 0.0753968253968 (3.0, 12.0, 90.0, 5.0) 0.527777777778 [ACCEPT]
[LVL9] rall53(A,B) :- no53(A,C), \+somenot53(C,B) 0.0753968253968 (3.0, 12.0, 90.0, 5.0) 0.527777777778 [ACCEPT]
[LVL9] rall53(A,B) :- no53(A,C), \+somenot53(B,C) 0.0753968253968 (3.0, 12.0, 90.0, 5.0) 0.527777777778 [ACCEPT]
[LVL9] rall53(A,B) :- no53(C,B), no53(D,A) 0.351851851852 (3.0, 1.0, 101.0, 5.0) 0.527777777778 [ACCEPT]
[LVL9] rall53(A,B) :- no53(C,B), \+all53(A,C) 0.0753968253968 (3.0, 12.0, 90.0, 5.0) 0.527777777778 [ACCEPT]
[LVL9] rall53(A,B) :- no53(C,B), \+all53(C,A) 0.0703703703704 (3.0, 13.0, 89.0, 5.0) 0.527777777778 [ACCEPT]
[LVL9] rall53(A,B) :- no53(C,B), \+some53(A,C) 0.0753968253968 (3.0, 12.0, 90.0, 5.0) 0.527777777778 [ACCEPT]
[LVL9] rall53(A,B) :- no53(C,B), \+some53(C,A) 0.0753968253968 (3.0, 12.0, 90.0, 5.0) 0.527777777778 [ACCEPT]
[LVL9] rall53(A,B) :- no53(C,B), \+no53(A,C) 0.0753968253968 (3.0, 12.0, 90.0, 5.0) 0.527777777778 [ACCEPT]
[LVL9] rall53(A,B) :- no53(C,B), \+somenot53(A,C) 0.0753968253968 (3.0, 12.0, 90.0, 5.0) 0.527777777778 [ACCEPT]
[LVL9] rall53(A,B) :- no53(C,B), \+somenot53(C,A) 0.0753968253968 (3.0, 12.0, 90.0, 5.0) 0.527777777778 [ACCEPT]
[DEBUG] Best rule so far: rall53(A,B) :- all53(C,A), all53(C,B) [0.351851851852]
[DEBUG] Candidates for iteration 3:
[DEBUG] ==================================
[DEBUG] rall53(A,B) :- all53(C,A), all53(C,B) 0.351851851852
[DEBUG] rall53(A,B) :- all53(C,A), all53(D,B) 0.351851851852
[DEBUG] rall53(A,B) :- all53(C,A), no53(B,C) 0.351851851852
[DEBUG] rall53(A,B) :- all53(C,A), no53(B,D) 0.351851851852
[DEBUG] rall53(A,B) :- all53(C,A), no53(D,C) 0.351851851852
[DEBUG] rall53(A,B) :- all53(B,C), no53(A,C) 0.351851851852
[DEBUG] rall53(A,B) :- all53(B,C), no53(C,A) 0.351851851852
[DEBUG] rall53(A,B) :- all53(B,C), no53(A,D) 0.351851851852
[DEBUG] rall53(A,B) :- all53(B,C), no53(C,D) 0.351851851852
[DEBUG] rall53(A,B) :- all53(B,C), no53(D,A) 0.351851851852
[DEBUG] rall53(A,B) :- all53(B,C), no53(D,C) 0.351851851852
[DEBUG] rall53(A,B) :- no53(C,A), all53(B,D) 0.351851851852
[DEBUG] rall53(A,B) :- no53(C,A), all53(D,C) 0.351851851852
[DEBUG] rall53(A,B) :- no53(C,A), no53(C,B) 0.351851851852
[DEBUG] rall53(A,B) :- no53(C,A), no53(D,B) 0.351851851852
[DEBUG] rall53(A,B) :- no53(B,C), all53(A,C) 0.351851851852
[DEBUG] rall53(A,B) :- no53(B,C), all53(A,D) 0.351851851852
[DEBUG] rall53(A,B) :- no53(B,C), all53(C,D) 0.351851851852
[DEBUG] rall53(A,B) :- no53(B,C), all53(D,A) 0.351851851852
[DEBUG] rall53(A,B) :- no53(B,C), all53(D,C) 0.351851851852
[DEBUG] rall53(A,B) :- all53(C,B), all53(D,A) 0.351851851852
[DEBUG] rall53(A,B) :- all53(A,C), no53(B,D) 0.351851851852
[DEBUG] rall53(A,B) :- all53(A,C), no53(D,C) 0.351851851852
[DEBUG] rall53(A,B) :- no53(A,C), all53(B,D) 0.351851851852
[DEBUG] rall53(A,B) :- no53(A,C), all53(D,C) 0.351851851852
[DEBUG] rall53(A,B) :- no53(C,B), no53(D,A) 0.351851851852
[DEBUG] rall53(A,B) :- all53(C,A), \+some53(C,B) 0.228395061728
[DEBUG] rall53(A,B) :- all53(C,A), \+some53(B,C) 0.228395061728
[DEBUG] rall53(A,B) :- all53(C,A), \+no53(C,B) 0.205555555556
[DEBUG] rall53(A,B) :- all53(C,A), \+somenot53(C,B) 0.205555555556
[DEBUG] rall53(A,B) :- all53(B,C), \+some53(A,C) 0.205555555556
[DEBUG] rall53(A,B) :- all53(B,C), \+some53(C,A) 0.205555555556
[DEBUG] rall53(A,B) :- all53(B,C), \+somenot53(A,C) 0.205555555556
[DEBUG] rall53(A,B) :- all53(B,C), \+somenot53(C,A) 0.186868686869
[DEBUG] rall53(A,B) :- no53(C,A), \+some53(C,B) 0.15811965812
[DEBUG] rall53(A,B) :- no53(C,A), \+some53(B,C) 0.15811965812
[DEBUG] rall53(A,B) :- no53(C,A), \+no53(B,C) 0.15811965812
[DEBUG] rall53(A,B) :- no53(C,A), \+somenot53(C,B) 0.15811965812
[DEBUG] rall53(A,B) :- no53(C,A), \+somenot53(B,C) 0.15811965812
[DEBUG] rall53(A,B) :- no53(B,C), \+some53(A,C) 0.146825396825
[DEBUG] rall53(A,B) :- no53(B,C), \+no53(A,C) 0.146825396825
[DEBUG] rall53(A,B) :- no53(B,C), \+no53(C,A) 0.146825396825
[DEBUG] rall53(A,B) :- no53(B,C), \+somenot53(A,C) 0.146825396825
[DEBUG] rall53(A,B) :- no53(B,C), \+somenot53(C,A) 0.146825396825
[DEBUG] rall53(A,B) :- no53(B,C), \+some53(C,A) 0.137037037037
[DEBUG] rall53(A,B) :- all53(C,A), \+all53(C,B) 0.117283950617
[DEBUG] rall53(A,B) :- all53(C,A), \+no53(B,C) 0.117283950617
[DEBUG] rall53(A,B) :- all53(C,B), \+some53(A,C) 0.117283950617
[DEBUG] rall53(A,B) :- all53(C,B), \+some53(C,A) 0.117283950617
[DEBUG] rall53(A,B) :- all53(C,B), \+no53(A,C) 0.117283950617
[DEBUG] rall53(A,B) :- all53(B,C), \+no53(A,C) 0.105555555556
[DEBUG] rall53(A,B) :- all53(B,C), \+no53(C,A) 0.105555555556
[DEBUG] rall53(A,B) :- all53(C,B), \+all53(A,C) 0.105555555556
[DEBUG] rall53(A,B) :- all53(C,B), \+somenot53(C,A) 0.105555555556
[DEBUG] rall53(A,B) :- all53(A,C), \+some53(C,B) 0.0959595959596
[DEBUG] rall53(A,B) :- all53(A,C), \+some53(B,C) 0.0959595959596
[DEBUG] rall53(A,B) :- all53(A,C), \+no53(C,B) 0.0959595959596
[DEBUG] rall53(A,B) :- all53(A,C), \+somenot53(B,C) 0.0959595959596
[DEBUG] rall53(A,B) :- all53(A,C), \+all53(C,B) 0.087962962963
[DEBUG] rall53(A,B) :- all53(A,C), \+somenot53(C,B) 0.087962962963
[DEBUG] rall53(A,B) :- no53(C,A), \+all53(B,C) 0.0811965811966
[DEBUG] rall53(A,B) :- no53(C,A), \+no53(C,B) 0.0811965811966
[DEBUG] rall53(A,B) :- no53(B,C), \+all53(A,C) 0.0753968253968
[DEBUG] rall53(A,B) :- no53(B,C), \+all53(C,A) 0.0753968253968
[DEBUG] rall53(A,B) :- no53(A,C), \+all53(C,B) 0.0753968253968
[DEBUG] rall53(A,B) :- no53(A,C), \+some53(B,C) 0.0753968253968
[DEBUG] rall53(A,B) :- no53(A,C), \+no53(C,B) 0.0753968253968
[DEBUG] rall53(A,B) :- no53(A,C), \+no53(B,C) 0.0753968253968
[DEBUG] rall53(A,B) :- no53(A,C), \+somenot53(C,B) 0.0753968253968
[DEBUG] rall53(A,B) :- no53(A,C), \+somenot53(B,C) 0.0753968253968
[DEBUG] rall53(A,B) :- no53(C,B), \+all53(A,C) 0.0753968253968
[DEBUG] rall53(A,B) :- no53(C,B), \+some53(A,C) 0.0753968253968
[DEBUG] rall53(A,B) :- no53(C,B), \+some53(C,A) 0.0753968253968
[DEBUG] rall53(A,B) :- no53(C,B), \+no53(A,C) 0.0753968253968
[DEBUG] rall53(A,B) :- no53(C,B), \+somenot53(A,C) 0.0753968253968
[DEBUG] rall53(A,B) :- no53(C,B), \+somenot53(C,A) 0.0753968253968
[DEBUG] rall53(A,B) :- no53(A,C), \+some53(C,B) 0.0703703703704
[DEBUG] rall53(A,B) :- no53(C,B), \+all53(C,A) 0.0703703703704
[DEBUG] ==================================
[INFO] RULE LEARNED: rall53(A,B) :- all53(C,A), all53(C,B) 0.945454545455
