[LVL9] Output level: 9
[INFO] Random seed: 0.57454352562
[INFO] Computing scores: 0.0827s
[INFO] Number of examples (M): 104
[INFO] Positive weight (P): 19.0000
[INFO] Negative weight (N): 85.0000
[DEBUG] Best rule so far: rsome132(A,B) :- true [0.182692307692]
[DEBUG] Candidates for iteration 1:
[DEBUG] ==================================
[DEBUG] rsome132(A,B) :- true 0.182692307692
[DEBUG] ==================================
[LVL9] rsome132(A,B) :- all132(A,C) 0.0 (2.0, 12.0, 73.0, 17.0) 0.727564102564 [ACCEPT]
[LVL9] rsome132(A,B) :- all132(B,C) 0.278846153846 (4.0, 10.0, 75.0, 15.0) 0.836538461538 [ACCEPT]
[LVL9] BETTER RULE rsome132(A,B) :- all132(B,C) (0.27884615384615385, 4.0) > (0.18269230769230768, 19.0)
[LVL9] rsome132(A,B) :- all132(C,B) 0.0 (1.0, 10.0, 75.0, 18.0) 0.591346153846 [ACCEPT]
[LVL9] rsome132(A,B) :- some132(A,C) 0.348557692308 (4.0, 7.0, 78.0, 15.0) 0.836538461538 [ACCEPT]
[LVL9] BETTER RULE rsome132(A,B) :- some132(A,C) (0.3485576923076923, 4.0) > (0.27884615384615385, 4.0)
[LVL9] rsome132(A,B) :- some132(B,C) 0.0 (1.0, 10.0, 75.0, 18.0) 0.591346153846 [ACCEPT]
[LVL9] rsome132(A,B) :- some132(C,A) 0.0 (1.0, 11.0, 74.0, 18.0) 0.591346153846 [ACCEPT]
[LVL9] rsome132(A,B) :- some132(C,B) 0.244822485207 (3.0, 9.0, 76.0, 16.0) 0.795673076923 [ACCEPT]
[LVL9] rsome132(A,B) :- no132(A,C) 0.0 (2.0, 14.0, 71.0, 17.0) 0.727564102564 [ACCEPT]
[LVL9] rsome132(A,B) :- no132(B,C) 0.0 (1.0, 15.0, 70.0, 18.0) 0.591346153846 [ACCEPT]
[LVL9] rsome132(A,B) :- no132(C,A) 0.212179487179 (3.0, 11.0, 74.0, 16.0) 0.795673076923 [ACCEPT]
[LVL9] rsome132(A,B) :- no132(C,B) 0.278846153846 (4.0, 10.0, 75.0, 15.0) 0.836538461538 [ACCEPT]
[LVL9] rsome132(A,B) :- somenot132(A,C) 0.227335164835 (3.0, 10.0, 75.0, 16.0) 0.795673076923 [ACCEPT]
[LVL9] rsome132(A,B) :- somenot132(B,C) 0.298763736264 (4.0, 9.0, 76.0, 15.0) 0.836538461538 [ACCEPT]
[LVL9] rsome132(A,B) :- somenot132(C,A) 0.298763736264 (4.0, 9.0, 76.0, 15.0) 0.836538461538 [ACCEPT]
[LVL9] rsome132(A,B) :- somenot132(C,B) 0.0 (1.0, 12.0, 73.0, 18.0) 0.591346153846 [ACCEPT]
[DEBUG] Best rule so far: rsome132(A,B) :- some132(A,C) [0.348557692308]
[DEBUG] Candidates for iteration 2:
[DEBUG] ==================================
[DEBUG] rsome132(A,B) :- some132(A,C) 0.348557692308
[DEBUG] rsome132(A,B) :- somenot132(B,C) 0.298763736264
[DEBUG] rsome132(A,B) :- somenot132(C,A) 0.298763736264
[DEBUG] rsome132(A,B) :- all132(B,C) 0.278846153846
[DEBUG] rsome132(A,B) :- no132(C,B) 0.278846153846
[DEBUG] rsome132(A,B) :- some132(C,B) 0.244822485207
[DEBUG] rsome132(A,B) :- somenot132(A,C) 0.227335164835
[DEBUG] rsome132(A,B) :- no132(C,A) 0.212179487179
[DEBUG] rsome132(A,B) :- all132(A,C) 0.0
[DEBUG] rsome132(A,B) :- no132(A,C) 0.0
[DEBUG] rsome132(A,B) :- all132(C,B) 0.0
[DEBUG] rsome132(A,B) :- some132(B,C) 0.0
[DEBUG] rsome132(A,B) :- some132(C,A) 0.0
[DEBUG] rsome132(A,B) :- no132(B,C) 0.0
[DEBUG] rsome132(A,B) :- somenot132(C,B) 0.0
[DEBUG] ==================================
[LVL9] rsome132(A,B) :- some132(A,C), all132(B,C) 0.591346153846 (1.0, 0.0, 85.0, 18.0) 0.591346153846 [REJECT* fp] 0.0
[LVL9] BETTER RULE rsome132(A,B) :- some132(A,C), all132(B,C) (0.5913461538461539, 1.0) > (0.3485576923076923, 4.0)
[LVL9] rsome132(A,B) :- some132(A,C), \+some132(C,B) 0.318269230769 (3.0, 6.0, 79.0, 16.0) 0.795673076923 [ACCEPT]
[LVL9] rsome132(A,B) :- some132(A,C), \+some132(B,C) 0.318269230769 (3.0, 6.0, 79.0, 16.0) 0.795673076923 [ACCEPT]
[LVL9] rsome132(A,B) :- some132(A,C), \+no132(C,B) 0.418269230769 (4.0, 5.0, 80.0, 15.0) 0.836538461538 [ACCEPT]
[LVL9] rsome132(A,B) :- some132(A,C), \+no132(B,C) 0.418269230769 (4.0, 5.0, 80.0, 15.0) 0.836538461538 [ACCEPT]
[LVL9] rsome132(A,B) :- some132(A,C), \+somenot132(C,B) 0.380244755245 (4.0, 6.0, 79.0, 15.0) 0.836538461538 [ACCEPT]
[LVL9] rsome132(A,B) :- somenot132(B,C), \+all132(A,C) 0.348557692308 (4.0, 7.0, 78.0, 15.0) 0.836538461538 [ACCEPT]
[LVL9] rsome132(A,B) :- somenot132(B,C), \+all132(C,A) 0.32174556213 (4.0, 8.0, 77.0, 15.0) 0.836538461538 [ACCEPT]
[LVL9] rsome132(A,B) :- somenot132(B,C), \+some132(C,A) 0.32174556213 (4.0, 8.0, 77.0, 15.0) 0.836538461538 [ACCEPT]
[LVL9] rsome132(A,B) :- somenot132(B,C), \+no132(A,C) 0.348557692308 (4.0, 7.0, 78.0, 15.0) 0.836538461538 [ACCEPT]
[LVL9] rsome132(A,B) :- somenot132(B,C), \+no132(C,A) 0.265224358974 (3.0, 8.0, 77.0, 16.0) 0.795673076923 [ACCEPT]
[LVL9] rsome132(A,B) :- somenot132(B,C), \+somenot132(A,C) 0.265224358974 (3.0, 8.0, 77.0, 16.0) 0.795673076923 [ACCEPT]
[LVL9] rsome132(A,B) :- somenot132(B,C), \+somenot132(C,A) 0.265224358974 (3.0, 8.0, 77.0, 16.0) 0.795673076923 [ACCEPT]
[LVL9] rsome132(A,B) :- somenot132(C,A), \+all132(B,C) 0.265224358974 (3.0, 8.0, 77.0, 16.0) 0.795673076923 [ACCEPT]
[LVL9] rsome132(A,B) :- somenot132(C,A), \+some132(C,B) 0.32174556213 (4.0, 8.0, 77.0, 15.0) 0.836538461538 [ACCEPT]
[LVL9] rsome132(A,B) :- somenot132(C,A), \+some132(B,C) 0.32174556213 (4.0, 8.0, 77.0, 15.0) 0.836538461538 [ACCEPT]
[LVL9] rsome132(A,B) :- somenot132(C,A), \+no132(C,B) 0.265224358974 (3.0, 8.0, 77.0, 16.0) 0.795673076923 [ACCEPT]
[LVL9] rsome132(A,B) :- somenot132(C,A), \+no132(B,C) 0.348557692308 (4.0, 7.0, 78.0, 15.0) 0.836538461538 [ACCEPT]
[LVL9] rsome132(A,B) :- somenot132(C,A), \+somenot132(C,B) 0.348557692308 (4.0, 7.0, 78.0, 15.0) 0.836538461538 [ACCEPT]
[LVL9] rsome132(A,B) :- somenot132(C,A), \+somenot132(B,C) 0.265224358974 (3.0, 8.0, 77.0, 16.0) 0.795673076923 [ACCEPT]
[LVL9] rsome132(A,B) :- all132(B,C), \+all132(A,C) 0.244822485207 (3.0, 9.0, 76.0, 16.0) 0.795673076923 [ACCEPT]
[LVL9] rsome132(A,B) :- all132(B,C), \+all132(C,A) 0.32174556213 (4.0, 8.0, 77.0, 15.0) 0.836538461538 [ACCEPT]
[LVL9] rsome132(A,B) :- all132(B,C), \+some132(C,A) 0.32174556213 (4.0, 8.0, 77.0, 15.0) 0.836538461538 [ACCEPT]
[LVL9] rsome132(A,B) :- all132(B,C), \+no132(A,C) 0.32174556213 (4.0, 8.0, 77.0, 15.0) 0.836538461538 [ACCEPT]
[LVL9] rsome132(A,B) :- all132(B,C), \+no132(C,A) 0.298763736264 (4.0, 9.0, 76.0, 15.0) 0.836538461538 [ACCEPT]
[LVL9] rsome132(A,B) :- all132(B,C), \+somenot132(A,C) 0.244822485207 (3.0, 9.0, 76.0, 16.0) 0.795673076923 [ACCEPT]
[LVL9] rsome132(A,B) :- all132(B,C), \+somenot132(C,A) 0.244822485207 (3.0, 9.0, 76.0, 16.0) 0.795673076923 [ACCEPT]
[LVL9] rsome132(A,B) :- no132(C,B), \+all132(A,C) 0.298763736264 (4.0, 9.0, 76.0, 15.0) 0.836538461538 [ACCEPT]
[LVL9] rsome132(A,B) :- no132(C,B), \+all132(C,A) 0.32174556213 (4.0, 8.0, 77.0, 15.0) 0.836538461538 [ACCEPT]
[LVL9] rsome132(A,B) :- no132(C,B), \+some132(A,C) 0.32174556213 (4.0, 8.0, 77.0, 15.0) 0.836538461538 [ACCEPT]
[LVL9] rsome132(A,B) :- no132(C,B), \+some132(C,A) 0.298763736264 (4.0, 9.0, 76.0, 15.0) 0.836538461538 [ACCEPT]
[LVL9] rsome132(A,B) :- no132(C,B), \+no132(A,C) 0.244822485207 (3.0, 9.0, 76.0, 16.0) 0.795673076923 [ACCEPT]
[LVL9] rsome132(A,B) :- no132(C,B), \+no132(C,A) 0.244822485207 (3.0, 9.0, 76.0, 16.0) 0.795673076923 [ACCEPT]
[LVL9] rsome132(A,B) :- no132(C,B), \+somenot132(A,C) 0.244822485207 (3.0, 9.0, 76.0, 16.0) 0.795673076923 [ACCEPT]
[LVL9] rsome132(A,B) :- no132(C,B), \+somenot132(C,A) 0.244822485207 (3.0, 9.0, 76.0, 16.0) 0.795673076923 [ACCEPT]
[LVL9] rsome132(A,B) :- some132(C,B), \+all132(A,C) 0.198426573427 (2.0, 8.0, 77.0, 17.0) 0.727564102564 [ACCEPT]
[LVL9] rsome132(A,B) :- some132(C,B), \+all132(C,A) 0.265224358974 (3.0, 8.0, 77.0, 16.0) 0.795673076923 [ACCEPT]
[LVL9] rsome132(A,B) :- some132(C,B), \+some132(A,C) 0.198426573427 (2.0, 8.0, 77.0, 17.0) 0.727564102564 [ACCEPT]
[LVL9] rsome132(A,B) :- some132(C,B), \+some132(C,A) 0.289335664336 (3.0, 7.0, 78.0, 16.0) 0.795673076923 [ACCEPT]
[LVL9] rsome132(A,B) :- some132(C,B), \+no132(A,C) 0.198426573427 (2.0, 8.0, 77.0, 17.0) 0.727564102564 [ACCEPT]
[LVL9] rsome132(A,B) :- some132(C,B), \+no132(C,A) 0.265224358974 (3.0, 8.0, 77.0, 16.0) 0.795673076923 [ACCEPT]
[LVL9] rsome132(A,B) :- some132(C,B), \+somenot132(A,C) 0.265224358974 (3.0, 8.0, 77.0, 16.0) 0.795673076923 [ACCEPT]
[LVL9] rsome132(A,B) :- some132(C,B), \+somenot132(C,A) 0.265224358974 (3.0, 8.0, 77.0, 16.0) 0.795673076923 [ACCEPT]
[LVL9] rsome132(A,B) :- somenot132(A,C), \+all132(C,B) 0.244822485207 (3.0, 9.0, 76.0, 16.0) 0.795673076923 [ACCEPT]
[LVL9] rsome132(A,B) :- somenot132(A,C), \+all132(B,C) 0.0 (2.0, 9.0, 76.0, 17.0) 0.727564102564 [ACCEPT]
[LVL9] rsome132(A,B) :- somenot132(A,C), \+some132(C,B) 0.244822485207 (3.0, 9.0, 76.0, 16.0) 0.795673076923 [ACCEPT]
[LVL9] rsome132(A,B) :- somenot132(A,C), \+some132(B,C) 0.244822485207 (3.0, 9.0, 76.0, 16.0) 0.795673076923 [ACCEPT]
[LVL9] rsome132(A,B) :- somenot132(A,C), \+no132(C,B) 0.0 (2.0, 9.0, 76.0, 17.0) 0.727564102564 [ACCEPT]
[LVL9] rsome132(A,B) :- somenot132(A,C), \+no132(B,C) 0.265224358974 (3.0, 8.0, 77.0, 16.0) 0.795673076923 [ACCEPT]
[LVL9] rsome132(A,B) :- somenot132(A,C), \+somenot132(C,B) 0.265224358974 (3.0, 8.0, 77.0, 16.0) 0.795673076923 [ACCEPT]
[LVL9] rsome132(A,B) :- somenot132(A,C), \+somenot132(B,C) 0.0 (2.0, 9.0, 76.0, 17.0) 0.727564102564 [ACCEPT]
[LVL9] rsome132(A,B) :- no132(C,A), \+all132(C,B) 0.244822485207 (3.0, 9.0, 76.0, 16.0) 0.795673076923 [ACCEPT]
[LVL9] rsome132(A,B) :- no132(C,A), \+all132(B,C) 0.227335164835 (3.0, 10.0, 75.0, 16.0) 0.795673076923 [ACCEPT]
[LVL9] rsome132(A,B) :- no132(C,A), \+some132(C,B) 0.227335164835 (3.0, 10.0, 75.0, 16.0) 0.795673076923 [ACCEPT]
[LVL9] rsome132(A,B) :- no132(C,A), \+some132(B,C) 0.244822485207 (3.0, 9.0, 76.0, 16.0) 0.795673076923 [ACCEPT]
[LVL9] rsome132(A,B) :- no132(C,A), \+no132(C,B) 0.0 (2.0, 10.0, 75.0, 17.0) 0.727564102564 [ACCEPT]
[LVL9] rsome132(A,B) :- no132(C,A), \+no132(B,C) 0.244822485207 (3.0, 9.0, 76.0, 16.0) 0.795673076923 [ACCEPT]
[LVL9] rsome132(A,B) :- no132(C,A), \+somenot132(C,B) 0.0 (2.0, 10.0, 75.0, 17.0) 0.727564102564 [ACCEPT]
[LVL9] rsome132(A,B) :- no132(C,A), \+somenot132(B,C) 0.0 (2.0, 10.0, 75.0, 17.0) 0.727564102564 [ACCEPT]
[LVL9] rsome132(A,B) :- all132(A,C), \+all132(C,B) 0.0 (2.0, 10.0, 75.0, 17.0) 0.727564102564 [ACCEPT]
[LVL9] rsome132(A,B) :- all132(A,C), \+some132(B,C) 0.0 (2.0, 11.0, 74.0, 17.0) 0.727564102564 [ACCEPT]
[LVL9] rsome132(A,B) :- all132(A,C), \+no132(C,B) 0.0 (2.0, 11.0, 74.0, 17.0) 0.727564102564 [ACCEPT]
[LVL9] rsome132(A,B) :- all132(A,C), \+no132(B,C) 0.0 (2.0, 10.0, 75.0, 17.0) 0.727564102564 [ACCEPT]
[LVL9] rsome132(A,B) :- all132(A,C), \+somenot132(C,B) 0.0 (2.0, 10.0, 75.0, 17.0) 0.727564102564 [ACCEPT]
[LVL9] rsome132(A,B) :- all132(A,C), \+somenot132(B,C) 0.0 (2.0, 10.0, 75.0, 17.0) 0.727564102564 [ACCEPT]
[LVL9] rsome132(A,B) :- no132(A,C), \+all132(C,B) 0.0 (2.0, 12.0, 73.0, 17.0) 0.727564102564 [ACCEPT]
[LVL9] rsome132(A,B) :- no132(A,C), \+all132(B,C) 0.0 (2.0, 12.0, 73.0, 17.0) 0.727564102564 [ACCEPT]
[LVL9] rsome132(A,B) :- no132(A,C), \+some132(B,C) 0.0 (2.0, 12.0, 73.0, 17.0) 0.727564102564 [ACCEPT]
[LVL9] rsome132(A,B) :- no132(A,C), \+no132(B,C) 0.0 (2.0, 12.0, 73.0, 17.0) 0.727564102564 [ACCEPT]
[LVL9] rsome132(A,B) :- no132(A,C), \+somenot132(C,B) 0.0 (2.0, 12.0, 73.0, 17.0) 0.727564102564 [ACCEPT]
[LVL9] rsome132(A,B) :- no132(A,C), \+somenot132(B,C) 0.0 (2.0, 12.0, 73.0, 17.0) 0.727564102564 [ACCEPT]
[DEBUG] Best rule so far: rsome132(A,B) :- some132(A,C), all132(B,C) [0.591346153846]
[DEBUG] Candidates for iteration 3:
[DEBUG] ==================================
[DEBUG] rsome132(A,B) :- some132(A,C), \+no132(C,B) 0.418269230769
[DEBUG] rsome132(A,B) :- some132(A,C), \+no132(B,C) 0.418269230769
[DEBUG] rsome132(A,B) :- some132(A,C), \+somenot132(C,B) 0.380244755245
[DEBUG] rsome132(A,B) :- somenot132(B,C), \+all132(A,C) 0.348557692308
[DEBUG] rsome132(A,B) :- somenot132(B,C), \+no132(A,C) 0.348557692308
[DEBUG] rsome132(A,B) :- somenot132(C,A), \+no132(B,C) 0.348557692308
[DEBUG] rsome132(A,B) :- somenot132(C,A), \+somenot132(C,B) 0.348557692308
[DEBUG] rsome132(A,B) :- somenot132(B,C), \+all132(C,A) 0.32174556213
[DEBUG] rsome132(A,B) :- somenot132(B,C), \+some132(C,A) 0.32174556213
[DEBUG] rsome132(A,B) :- somenot132(C,A), \+some132(C,B) 0.32174556213
[DEBUG] rsome132(A,B) :- somenot132(C,A), \+some132(B,C) 0.32174556213
[DEBUG] rsome132(A,B) :- all132(B,C), \+all132(C,A) 0.32174556213
[DEBUG] rsome132(A,B) :- all132(B,C), \+some132(C,A) 0.32174556213
[DEBUG] rsome132(A,B) :- all132(B,C), \+no132(A,C) 0.32174556213
[DEBUG] rsome132(A,B) :- no132(C,B), \+all132(C,A) 0.32174556213
[DEBUG] rsome132(A,B) :- no132(C,B), \+some132(A,C) 0.32174556213
[DEBUG] rsome132(A,B) :- some132(A,C), \+some132(C,B) 0.318269230769
[DEBUG] rsome132(A,B) :- some132(A,C), \+some132(B,C) 0.318269230769
[DEBUG] rsome132(A,B) :- all132(B,C), \+no132(C,A) 0.298763736264
[DEBUG] rsome132(A,B) :- no132(C,B), \+all132(A,C) 0.298763736264
[DEBUG] rsome132(A,B) :- no132(C,B), \+some132(C,A) 0.298763736264
[DEBUG] rsome132(A,B) :- some132(C,B), \+some132(C,A) 0.289335664336
[DEBUG] rsome132(A,B) :- somenot132(B,C), \+no132(C,A) 0.265224358974
[DEBUG] rsome132(A,B) :- somenot132(B,C), \+somenot132(A,C) 0.265224358974
[DEBUG] rsome132(A,B) :- somenot132(B,C), \+somenot132(C,A) 0.265224358974
[DEBUG] rsome132(A,B) :- somenot132(C,A), \+all132(B,C) 0.265224358974
[DEBUG] rsome132(A,B) :- somenot132(C,A), \+no132(C,B) 0.265224358974
[DEBUG] rsome132(A,B) :- somenot132(C,A), \+somenot132(B,C) 0.265224358974
[DEBUG] rsome132(A,B) :- some132(C,B), \+all132(C,A) 0.265224358974
[DEBUG] rsome132(A,B) :- some132(C,B), \+no132(C,A) 0.265224358974
[DEBUG] rsome132(A,B) :- some132(C,B), \+somenot132(A,C) 0.265224358974
[DEBUG] rsome132(A,B) :- some132(C,B), \+somenot132(C,A) 0.265224358974
[DEBUG] rsome132(A,B) :- somenot132(A,C), \+no132(B,C) 0.265224358974
[DEBUG] rsome132(A,B) :- somenot132(A,C), \+somenot132(C,B) 0.265224358974
[DEBUG] rsome132(A,B) :- all132(B,C), \+all132(A,C) 0.244822485207
[DEBUG] rsome132(A,B) :- all132(B,C), \+somenot132(A,C) 0.244822485207
[DEBUG] rsome132(A,B) :- all132(B,C), \+somenot132(C,A) 0.244822485207
[DEBUG] rsome132(A,B) :- no132(C,B), \+no132(A,C) 0.244822485207
[DEBUG] rsome132(A,B) :- no132(C,B), \+no132(C,A) 0.244822485207
[DEBUG] rsome132(A,B) :- no132(C,B), \+somenot132(A,C) 0.244822485207
[DEBUG] rsome132(A,B) :- no132(C,B), \+somenot132(C,A) 0.244822485207
[DEBUG] rsome132(A,B) :- somenot132(A,C), \+all132(C,B) 0.244822485207
[DEBUG] rsome132(A,B) :- somenot132(A,C), \+some132(C,B) 0.244822485207
[DEBUG] rsome132(A,B) :- somenot132(A,C), \+some132(B,C) 0.244822485207
[DEBUG] rsome132(A,B) :- no132(C,A), \+all132(C,B) 0.244822485207
[DEBUG] rsome132(A,B) :- no132(C,A), \+some132(B,C) 0.244822485207
[DEBUG] rsome132(A,B) :- no132(C,A), \+no132(B,C) 0.244822485207
[DEBUG] rsome132(A,B) :- no132(C,A), \+all132(B,C) 0.227335164835
[DEBUG] rsome132(A,B) :- no132(C,A), \+some132(C,B) 0.227335164835
[DEBUG] rsome132(A,B) :- some132(C,B), \+all132(A,C) 0.198426573427
[DEBUG] rsome132(A,B) :- some132(C,B), \+some132(A,C) 0.198426573427
[DEBUG] rsome132(A,B) :- some132(C,B), \+no132(A,C) 0.198426573427
[DEBUG] rsome132(A,B) :- somenot132(A,C), \+all132(B,C) 0.0
[DEBUG] rsome132(A,B) :- somenot132(A,C), \+no132(C,B) 0.0
[DEBUG] rsome132(A,B) :- somenot132(A,C), \+somenot132(B,C) 0.0
[DEBUG] rsome132(A,B) :- no132(C,A), \+no132(C,B) 0.0
[DEBUG] rsome132(A,B) :- no132(C,A), \+somenot132(C,B) 0.0
[DEBUG] rsome132(A,B) :- no132(C,A), \+somenot132(B,C) 0.0
[DEBUG] rsome132(A,B) :- all132(A,C), \+all132(C,B) 0.0
[DEBUG] rsome132(A,B) :- all132(A,C), \+some132(B,C) 0.0
[DEBUG] rsome132(A,B) :- all132(A,C), \+no132(C,B) 0.0
[DEBUG] rsome132(A,B) :- all132(A,C), \+no132(B,C) 0.0
[DEBUG] rsome132(A,B) :- all132(A,C), \+somenot132(C,B) 0.0
[DEBUG] rsome132(A,B) :- all132(A,C), \+somenot132(B,C) 0.0
[DEBUG] rsome132(A,B) :- no132(A,C), \+all132(C,B) 0.0
[DEBUG] rsome132(A,B) :- no132(A,C), \+all132(B,C) 0.0
[DEBUG] rsome132(A,B) :- no132(A,C), \+some132(B,C) 0.0
[DEBUG] rsome132(A,B) :- no132(A,C), \+no132(B,C) 0.0
[DEBUG] rsome132(A,B) :- no132(A,C), \+somenot132(C,B) 0.0
[DEBUG] rsome132(A,B) :- no132(A,C), \+somenot132(B,C) 0.0
[DEBUG] ==================================
[INFO] RULE LEARNED: rsome132(A,B) :- some132(A,C), all132(B,C) 0.826923076923
[DEBUG] Best rule so far: rsome132(A,B) :- true [0.0]
[DEBUG] Candidates for iteration 1:
[DEBUG] ==================================
[DEBUG] rsome132(A,B) :- true 0.0
[DEBUG] ==================================
[LVL9] rsome132(A,B) :- all132(A,C) 0.0 (3.0, 12.0, 73.0, 16.0) 0.724919093851 [ACCEPT]
[LVL9] rsome132(A,B) :- all132(B,C) 0.226768377254 (4.0, 10.0, 75.0, 15.0) 0.793689320388 [ACCEPT]
[LVL9] BETTER RULE rsome132(A,B) :- all132(B,C) (0.22676837725381413, 4.0) > (0.0, 19.0)
[LVL9] rsome132(A,B) :- all132(C,B) 0.0 (2.0, 10.0, 75.0, 17.0) 0.587378640777 [ACCEPT]
[LVL9] rsome132(A,B) :- some132(A,C) 0.288614298323 (4.0, 7.0, 78.0, 15.0) 0.793689320388 [ACCEPT]
[LVL9] BETTER RULE rsome132(A,B) :- some132(A,C) (0.2886142983230362, 4.0) > (0.22676837725381413, 4.0)
[LVL9] rsome132(A,B) :- some132(B,C) 0.0 (2.0, 10.0, 75.0, 17.0) 0.587378640777 [ACCEPT]
[LVL9] rsome132(A,B) :- some132(C,A) 0.0 (2.0, 11.0, 74.0, 17.0) 0.587378640777 [ACCEPT]
[LVL9] rsome132(A,B) :- some132(C,B) 0.244212098581 (4.0, 9.0, 76.0, 15.0) 0.793689320388 [ACCEPT]
[LVL9] rsome132(A,B) :- no132(A,C) 0.0 (3.0, 14.0, 71.0, 16.0) 0.724919093851 [ACCEPT]
[LVL9] rsome132(A,B) :- no132(B,C) 0.0 (2.0, 15.0, 70.0, 17.0) 0.587378640777 [ACCEPT]
[LVL9] rsome132(A,B) :- no132(C,A) 0.211650485437 (4.0, 11.0, 74.0, 15.0) 0.793689320388 [ACCEPT]
[LVL9] rsome132(A,B) :- no132(C,B) 0.278317152104 (5.0, 10.0, 75.0, 14.0) 0.834951456311 [ACCEPT]
[LVL9] rsome132(A,B) :- somenot132(A,C) 0.226768377254 (4.0, 10.0, 75.0, 15.0) 0.793689320388 [ACCEPT]
[LVL9] rsome132(A,B) :- somenot132(B,C) 0.298196948682 (5.0, 9.0, 76.0, 14.0) 0.834951456311 [ACCEPT]
[LVL9] BETTER RULE rsome132(A,B) :- somenot132(B,C) (0.29819694868238555, 5.0) > (0.2886142983230362, 4.0)
[LVL9] rsome132(A,B) :- somenot132(C,A) 0.298196948682 (5.0, 9.0, 76.0, 14.0) 0.834951456311 [ACCEPT]
[LVL9] rsome132(A,B) :- somenot132(C,B) 0.0 (2.0, 12.0, 73.0, 17.0) 0.587378640777 [ACCEPT]
[DEBUG] Best rule so far: rsome132(A,B) :- somenot132(B,C) [0.298196948682]
[DEBUG] Candidates for iteration 2:
[DEBUG] ==================================
[DEBUG] rsome132(A,B) :- somenot132(B,C) 0.298196948682
[DEBUG] rsome132(A,B) :- somenot132(C,A) 0.298196948682
[DEBUG] rsome132(A,B) :- some132(A,C) 0.288614298323
[DEBUG] rsome132(A,B) :- no132(C,B) 0.278317152104
[DEBUG] rsome132(A,B) :- some132(C,B) 0.244212098581
[DEBUG] rsome132(A,B) :- all132(B,C) 0.226768377254
[DEBUG] rsome132(A,B) :- somenot132(A,C) 0.226768377254
[DEBUG] rsome132(A,B) :- no132(C,A) 0.211650485437
[DEBUG] rsome132(A,B) :- all132(A,C) 0.0
[DEBUG] rsome132(A,B) :- no132(A,C) 0.0
[DEBUG] rsome132(A,B) :- all132(C,B) 0.0
[DEBUG] rsome132(A,B) :- some132(B,C) 0.0
[DEBUG] rsome132(A,B) :- some132(C,A) 0.0
[DEBUG] rsome132(A,B) :- no132(B,C) 0.0
[DEBUG] rsome132(A,B) :- somenot132(C,B) 0.0
[DEBUG] ==================================
[LVL9] rsome132(A,B) :- somenot132(B,C), some132(A,C) 0.587378640777 (2.0, 0.0, 85.0, 17.0) 0.587378640777 [REJECT* fp] 1.0
[LVL9] BETTER RULE rsome132(A,B) :- somenot132(B,C), some132(A,C) (0.587378640776699, 2.0) > (0.29819694868238555, 5.0)
[LVL9] rsome132(A,B) :- somenot132(B,C), \+all132(A,C) 0.347896440129 (5.0, 7.0, 78.0, 14.0) 0.834951456311 [ACCEPT]
[LVL9] rsome132(A,B) :- somenot132(B,C), \+all132(C,A) 0.321135175504 (5.0, 8.0, 77.0, 14.0) 0.834951456311 [ACCEPT]
[LVL9] rsome132(A,B) :- somenot132(B,C), \+some132(C,A) 0.321135175504 (5.0, 8.0, 77.0, 14.0) 0.834951456311 [ACCEPT]
[LVL9] rsome132(A,B) :- somenot132(B,C), \+no132(A,C) 0.347896440129 (5.0, 7.0, 78.0, 14.0) 0.834951456311 [ACCEPT]
[LVL9] rsome132(A,B) :- somenot132(B,C), \+no132(C,A) 0.264563106796 (4.0, 8.0, 77.0, 15.0) 0.793689320388 [ACCEPT]
[LVL9] rsome132(A,B) :- somenot132(B,C), \+somenot132(A,C) 0.264563106796 (4.0, 8.0, 77.0, 15.0) 0.793689320388 [ACCEPT]
[LVL9] rsome132(A,B) :- somenot132(B,C), \+somenot132(C,A) 0.264563106796 (4.0, 8.0, 77.0, 15.0) 0.793689320388 [ACCEPT]
[LVL9] rsome132(A,B) :- somenot132(C,A), \+all132(B,C) 0.264563106796 (4.0, 8.0, 77.0, 15.0) 0.793689320388 [ACCEPT]
[LVL9] rsome132(A,B) :- somenot132(C,A), \+some132(C,B) 0.321135175504 (5.0, 8.0, 77.0, 14.0) 0.834951456311 [ACCEPT]
[LVL9] rsome132(A,B) :- somenot132(C,A), \+some132(B,C) 0.321135175504 (5.0, 8.0, 77.0, 14.0) 0.834951456311 [ACCEPT]
[LVL9] rsome132(A,B) :- somenot132(C,A), \+no132(C,B) 0.264563106796 (4.0, 8.0, 77.0, 15.0) 0.793689320388 [ACCEPT]
[LVL9] rsome132(A,B) :- somenot132(C,A), \+no132(B,C) 0.347896440129 (5.0, 7.0, 78.0, 14.0) 0.834951456311 [ACCEPT]
[LVL9] rsome132(A,B) :- somenot132(C,A), \+somenot132(C,B) 0.347896440129 (5.0, 7.0, 78.0, 14.0) 0.834951456311 [ACCEPT]
[LVL9] rsome132(A,B) :- somenot132(C,A), \+somenot132(B,C) 0.264563106796 (4.0, 8.0, 77.0, 15.0) 0.793689320388 [ACCEPT]
[LVL9] rsome132(A,B) :- some132(A,C), \+some132(C,B) 0.24163969795 (3.0, 6.0, 79.0, 16.0) 0.724919093851 [ACCEPT]
[LVL9] rsome132(A,B) :- some132(A,C), \+some132(B,C) 0.24163969795 (3.0, 6.0, 79.0, 16.0) 0.724919093851 [ACCEPT]
[LVL9] rsome132(A,B) :- some132(A,C), \+no132(C,B) 0.352750809061 (4.0, 5.0, 80.0, 15.0) 0.793689320388 [ACCEPT]
[LVL9] rsome132(A,B) :- some132(A,C), \+no132(B,C) 0.352750809061 (4.0, 5.0, 80.0, 15.0) 0.793689320388 [ACCEPT]
[LVL9] rsome132(A,B) :- some132(A,C), \+somenot132(C,B) 0.317475728155 (4.0, 6.0, 79.0, 15.0) 0.793689320388 [ACCEPT]
[LVL9] rsome132(A,B) :- no132(C,B), \+all132(A,C) 0.298196948682 (5.0, 9.0, 76.0, 14.0) 0.834951456311 [ACCEPT]
[LVL9] rsome132(A,B) :- no132(C,B), \+all132(C,A) 0.321135175504 (5.0, 8.0, 77.0, 14.0) 0.834951456311 [ACCEPT]
[LVL9] rsome132(A,B) :- no132(C,B), \+some132(A,C) 0.321135175504 (5.0, 8.0, 77.0, 14.0) 0.834951456311 [ACCEPT]
[LVL9] rsome132(A,B) :- no132(C,B), \+some132(C,A) 0.298196948682 (5.0, 9.0, 76.0, 14.0) 0.834951456311 [ACCEPT]
[LVL9] rsome132(A,B) :- no132(C,B), \+no132(A,C) 0.244212098581 (4.0, 9.0, 76.0, 15.0) 0.793689320388 [ACCEPT]
[LVL9] rsome132(A,B) :- no132(C,B), \+no132(C,A) 0.244212098581 (4.0, 9.0, 76.0, 15.0) 0.793689320388 [ACCEPT]
[LVL9] rsome132(A,B) :- no132(C,B), \+somenot132(A,C) 0.244212098581 (4.0, 9.0, 76.0, 15.0) 0.793689320388 [ACCEPT]
[LVL9] rsome132(A,B) :- no132(C,B), \+somenot132(C,A) 0.244212098581 (4.0, 9.0, 76.0, 15.0) 0.793689320388 [ACCEPT]
[LVL9] rsome132(A,B) :- some132(C,B), \+all132(A,C) 0.197705207414 (3.0, 8.0, 77.0, 16.0) 0.724919093851 [ACCEPT]
[LVL9] rsome132(A,B) :- some132(C,B), \+all132(C,A) 0.264563106796 (4.0, 8.0, 77.0, 15.0) 0.793689320388 [ACCEPT]
[LVL9] rsome132(A,B) :- some132(C,B), \+some132(A,C) 0.197705207414 (3.0, 8.0, 77.0, 16.0) 0.724919093851 [ACCEPT]
[LVL9] rsome132(A,B) :- some132(C,B), \+some132(C,A) 0.288614298323 (4.0, 7.0, 78.0, 15.0) 0.793689320388 [ACCEPT]
[LVL9] rsome132(A,B) :- some132(C,B), \+no132(A,C) 0.197705207414 (3.0, 8.0, 77.0, 16.0) 0.724919093851 [ACCEPT]
[LVL9] rsome132(A,B) :- some132(C,B), \+no132(C,A) 0.264563106796 (4.0, 8.0, 77.0, 15.0) 0.793689320388 [ACCEPT]
[LVL9] rsome132(A,B) :- some132(C,B), \+somenot132(A,C) 0.264563106796 (4.0, 8.0, 77.0, 15.0) 0.793689320388 [ACCEPT]
[LVL9] rsome132(A,B) :- some132(C,B), \+somenot132(C,A) 0.264563106796 (4.0, 8.0, 77.0, 15.0) 0.793689320388 [ACCEPT]
[LVL9] rsome132(A,B) :- all132(B,C), \+all132(A,C) 0.181229773463 (3.0, 9.0, 76.0, 16.0) 0.724919093851 [ACCEPT]
[LVL9] rsome132(A,B) :- all132(B,C), \+all132(C,A) 0.264563106796 (4.0, 8.0, 77.0, 15.0) 0.793689320388 [ACCEPT]
[LVL9] rsome132(A,B) :- all132(B,C), \+some132(C,A) 0.264563106796 (4.0, 8.0, 77.0, 15.0) 0.793689320388 [ACCEPT]
[LVL9] rsome132(A,B) :- all132(B,C), \+no132(A,C) 0.264563106796 (4.0, 8.0, 77.0, 15.0) 0.793689320388 [ACCEPT]
[LVL9] rsome132(A,B) :- all132(B,C), \+no132(C,A) 0.244212098581 (4.0, 9.0, 76.0, 15.0) 0.793689320388 [ACCEPT]
[LVL9] rsome132(A,B) :- all132(B,C), \+somenot132(A,C) 0.181229773463 (3.0, 9.0, 76.0, 16.0) 0.724919093851 [ACCEPT]
[LVL9] rsome132(A,B) :- all132(B,C), \+somenot132(C,A) 0.181229773463 (3.0, 9.0, 76.0, 16.0) 0.724919093851 [ACCEPT]
[LVL9] rsome132(A,B) :- somenot132(A,C), \+all132(C,B) 0.244212098581 (4.0, 9.0, 76.0, 15.0) 0.793689320388 [ACCEPT]
[LVL9] rsome132(A,B) :- somenot132(A,C), \+all132(B,C) 0.181229773463 (3.0, 9.0, 76.0, 16.0) 0.724919093851 [ACCEPT]
[LVL9] rsome132(A,B) :- somenot132(A,C), \+some132(C,B) 0.244212098581 (4.0, 9.0, 76.0, 15.0) 0.793689320388 [ACCEPT]
[LVL9] rsome132(A,B) :- somenot132(A,C), \+some132(B,C) 0.244212098581 (4.0, 9.0, 76.0, 15.0) 0.793689320388 [ACCEPT]
[LVL9] rsome132(A,B) :- somenot132(A,C), \+no132(C,B) 0.181229773463 (3.0, 9.0, 76.0, 16.0) 0.724919093851 [ACCEPT]
[LVL9] rsome132(A,B) :- somenot132(A,C), \+no132(B,C) 0.264563106796 (4.0, 8.0, 77.0, 15.0) 0.793689320388 [ACCEPT]
[LVL9] rsome132(A,B) :- somenot132(A,C), \+somenot132(C,B) 0.264563106796 (4.0, 8.0, 77.0, 15.0) 0.793689320388 [ACCEPT]
[LVL9] rsome132(A,B) :- somenot132(A,C), \+somenot132(B,C) 0.181229773463 (3.0, 9.0, 76.0, 16.0) 0.724919093851 [ACCEPT]
[LVL9] rsome132(A,B) :- no132(C,A), \+all132(C,B) 0.244212098581 (4.0, 9.0, 76.0, 15.0) 0.793689320388 [ACCEPT]
[LVL9] rsome132(A,B) :- no132(C,A), \+all132(B,C) 0.226768377254 (4.0, 10.0, 75.0, 15.0) 0.793689320388 [ACCEPT]
[LVL9] rsome132(A,B) :- no132(C,A), \+some132(C,B) 0.226768377254 (4.0, 10.0, 75.0, 15.0) 0.793689320388 [ACCEPT]
[LVL9] rsome132(A,B) :- no132(C,A), \+some132(B,C) 0.244212098581 (4.0, 9.0, 76.0, 15.0) 0.793689320388 [ACCEPT]
[LVL9] rsome132(A,B) :- no132(C,A), \+no132(C,B) 0.0 (3.0, 10.0, 75.0, 16.0) 0.724919093851 [ACCEPT]
[LVL9] rsome132(A,B) :- no132(C,A), \+no132(B,C) 0.244212098581 (4.0, 9.0, 76.0, 15.0) 0.793689320388 [ACCEPT]
[LVL9] rsome132(A,B) :- no132(C,A), \+somenot132(C,B) 0.0 (3.0, 10.0, 75.0, 16.0) 0.724919093851 [ACCEPT]
[LVL9] rsome132(A,B) :- no132(C,A), \+somenot132(B,C) 0.0 (3.0, 10.0, 75.0, 16.0) 0.724919093851 [ACCEPT]
[LVL9] rsome132(A,B) :- all132(A,C), \+all132(C,B) 0.0 (3.0, 10.0, 75.0, 16.0) 0.724919093851 [ACCEPT]
[LVL9] rsome132(A,B) :- all132(A,C), \+some132(B,C) 0.0 (3.0, 11.0, 74.0, 16.0) 0.724919093851 [ACCEPT]
[LVL9] rsome132(A,B) :- all132(A,C), \+no132(C,B) 0.0 (3.0, 11.0, 74.0, 16.0) 0.724919093851 [ACCEPT]
[LVL9] rsome132(A,B) :- all132(A,C), \+no132(B,C) 0.0 (3.0, 10.0, 75.0, 16.0) 0.724919093851 [ACCEPT]
[LVL9] rsome132(A,B) :- all132(A,C), \+somenot132(C,B) 0.0 (3.0, 10.0, 75.0, 16.0) 0.724919093851 [ACCEPT]
[LVL9] rsome132(A,B) :- all132(A,C), \+somenot132(B,C) 0.0 (3.0, 10.0, 75.0, 16.0) 0.724919093851 [ACCEPT]
[LVL9] rsome132(A,B) :- no132(A,C), \+all132(C,B) 0.0 (3.0, 12.0, 73.0, 16.0) 0.724919093851 [ACCEPT]
[LVL9] rsome132(A,B) :- no132(A,C), \+all132(B,C) 0.0 (3.0, 12.0, 73.0, 16.0) 0.724919093851 [ACCEPT]
[LVL9] rsome132(A,B) :- no132(A,C), \+some132(B,C) 0.0 (3.0, 12.0, 73.0, 16.0) 0.724919093851 [ACCEPT]
[LVL9] rsome132(A,B) :- no132(A,C), \+no132(B,C) 0.0 (3.0, 12.0, 73.0, 16.0) 0.724919093851 [ACCEPT]
[LVL9] rsome132(A,B) :- no132(A,C), \+somenot132(C,B) 0.0 (3.0, 12.0, 73.0, 16.0) 0.724919093851 [ACCEPT]
[LVL9] rsome132(A,B) :- no132(A,C), \+somenot132(B,C) 0.0 (3.0, 12.0, 73.0, 16.0) 0.724919093851 [ACCEPT]
[DEBUG] Best rule so far: rsome132(A,B) :- somenot132(B,C), some132(A,C) [0.587378640777]
[DEBUG] Candidates for iteration 3:
[DEBUG] ==================================
[DEBUG] rsome132(A,B) :- some132(A,C), \+no132(C,B) 0.352750809061
[DEBUG] rsome132(A,B) :- some132(A,C), \+no132(B,C) 0.352750809061
[DEBUG] rsome132(A,B) :- somenot132(B,C), \+all132(A,C) 0.347896440129
[DEBUG] rsome132(A,B) :- somenot132(B,C), \+no132(A,C) 0.347896440129
[DEBUG] rsome132(A,B) :- somenot132(C,A), \+no132(B,C) 0.347896440129
[DEBUG] rsome132(A,B) :- somenot132(C,A), \+somenot132(C,B) 0.347896440129
[DEBUG] rsome132(A,B) :- somenot132(B,C), \+all132(C,A) 0.321135175504
[DEBUG] rsome132(A,B) :- somenot132(B,C), \+some132(C,A) 0.321135175504
[DEBUG] rsome132(A,B) :- somenot132(C,A), \+some132(C,B) 0.321135175504
[DEBUG] rsome132(A,B) :- somenot132(C,A), \+some132(B,C) 0.321135175504
[DEBUG] rsome132(A,B) :- no132(C,B), \+all132(C,A) 0.321135175504
[DEBUG] rsome132(A,B) :- no132(C,B), \+some132(A,C) 0.321135175504
[DEBUG] rsome132(A,B) :- some132(A,C), \+somenot132(C,B) 0.317475728155
[DEBUG] rsome132(A,B) :- no132(C,B), \+all132(A,C) 0.298196948682
[DEBUG] rsome132(A,B) :- no132(C,B), \+some132(C,A) 0.298196948682
[DEBUG] rsome132(A,B) :- some132(C,B), \+some132(C,A) 0.288614298323
[DEBUG] rsome132(A,B) :- somenot132(B,C), \+no132(C,A) 0.264563106796
[DEBUG] rsome132(A,B) :- somenot132(B,C), \+somenot132(A,C) 0.264563106796
[DEBUG] rsome132(A,B) :- somenot132(B,C), \+somenot132(C,A) 0.264563106796
[DEBUG] rsome132(A,B) :- somenot132(C,A), \+all132(B,C) 0.264563106796
[DEBUG] rsome132(A,B) :- somenot132(C,A), \+no132(C,B) 0.264563106796
[DEBUG] rsome132(A,B) :- somenot132(C,A), \+somenot132(B,C) 0.264563106796
[DEBUG] rsome132(A,B) :- some132(C,B), \+all132(C,A) 0.264563106796
[DEBUG] rsome132(A,B) :- some132(C,B), \+no132(C,A) 0.264563106796
[DEBUG] rsome132(A,B) :- some132(C,B), \+somenot132(A,C) 0.264563106796
[DEBUG] rsome132(A,B) :- some132(C,B), \+somenot132(C,A) 0.264563106796
[DEBUG] rsome132(A,B) :- all132(B,C), \+all132(C,A) 0.264563106796
[DEBUG] rsome132(A,B) :- all132(B,C), \+some132(C,A) 0.264563106796
[DEBUG] rsome132(A,B) :- all132(B,C), \+no132(A,C) 0.264563106796
[DEBUG] rsome132(A,B) :- somenot132(A,C), \+no132(B,C) 0.264563106796
[DEBUG] rsome132(A,B) :- somenot132(A,C), \+somenot132(C,B) 0.264563106796
[DEBUG] rsome132(A,B) :- no132(C,B), \+no132(A,C) 0.244212098581
[DEBUG] rsome132(A,B) :- no132(C,B), \+no132(C,A) 0.244212098581
[DEBUG] rsome132(A,B) :- no132(C,B), \+somenot132(A,C) 0.244212098581
[DEBUG] rsome132(A,B) :- no132(C,B), \+somenot132(C,A) 0.244212098581
[DEBUG] rsome132(A,B) :- all132(B,C), \+no132(C,A) 0.244212098581
[DEBUG] rsome132(A,B) :- somenot132(A,C), \+all132(C,B) 0.244212098581
[DEBUG] rsome132(A,B) :- somenot132(A,C), \+some132(C,B) 0.244212098581
[DEBUG] rsome132(A,B) :- somenot132(A,C), \+some132(B,C) 0.244212098581
[DEBUG] rsome132(A,B) :- no132(C,A), \+all132(C,B) 0.244212098581
[DEBUG] rsome132(A,B) :- no132(C,A), \+some132(B,C) 0.244212098581
[DEBUG] rsome132(A,B) :- no132(C,A), \+no132(B,C) 0.244212098581
[DEBUG] rsome132(A,B) :- some132(A,C), \+some132(C,B) 0.24163969795
[DEBUG] rsome132(A,B) :- some132(A,C), \+some132(B,C) 0.24163969795
[DEBUG] rsome132(A,B) :- no132(C,A), \+all132(B,C) 0.226768377254
[DEBUG] rsome132(A,B) :- no132(C,A), \+some132(C,B) 0.226768377254
[DEBUG] rsome132(A,B) :- some132(C,B), \+all132(A,C) 0.197705207414
[DEBUG] rsome132(A,B) :- some132(C,B), \+some132(A,C) 0.197705207414
[DEBUG] rsome132(A,B) :- some132(C,B), \+no132(A,C) 0.197705207414
[DEBUG] rsome132(A,B) :- all132(B,C), \+all132(A,C) 0.181229773463
[DEBUG] rsome132(A,B) :- all132(B,C), \+somenot132(A,C) 0.181229773463
[DEBUG] rsome132(A,B) :- all132(B,C), \+somenot132(C,A) 0.181229773463
[DEBUG] rsome132(A,B) :- somenot132(A,C), \+all132(B,C) 0.181229773463
[DEBUG] rsome132(A,B) :- somenot132(A,C), \+no132(C,B) 0.181229773463
[DEBUG] rsome132(A,B) :- somenot132(A,C), \+somenot132(B,C) 0.181229773463
[DEBUG] rsome132(A,B) :- no132(C,A), \+no132(C,B) 0.0
[DEBUG] rsome132(A,B) :- no132(C,A), \+somenot132(C,B) 0.0
[DEBUG] rsome132(A,B) :- no132(C,A), \+somenot132(B,C) 0.0
[DEBUG] rsome132(A,B) :- all132(A,C), \+all132(C,B) 0.0
[DEBUG] rsome132(A,B) :- all132(A,C), \+some132(B,C) 0.0
[DEBUG] rsome132(A,B) :- all132(A,C), \+no132(C,B) 0.0
[DEBUG] rsome132(A,B) :- all132(A,C), \+no132(B,C) 0.0
[DEBUG] rsome132(A,B) :- all132(A,C), \+somenot132(C,B) 0.0
[DEBUG] rsome132(A,B) :- all132(A,C), \+somenot132(B,C) 0.0
[DEBUG] rsome132(A,B) :- no132(A,C), \+all132(C,B) 0.0
[DEBUG] rsome132(A,B) :- no132(A,C), \+all132(B,C) 0.0
[DEBUG] rsome132(A,B) :- no132(A,C), \+some132(B,C) 0.0
[DEBUG] rsome132(A,B) :- no132(A,C), \+no132(B,C) 0.0
[DEBUG] rsome132(A,B) :- no132(A,C), \+somenot132(C,B) 0.0
[DEBUG] rsome132(A,B) :- no132(A,C), \+somenot132(B,C) 0.0
[DEBUG] ==================================
[INFO] RULE LEARNED: rsome132(A,B) :- somenot132(B,C), some132(A,C) 0.836538461538
[DEBUG] Best rule so far: rsome132(A,B) :- true [0.166666666667]
[DEBUG] Candidates for iteration 1:
[DEBUG] ==================================
[DEBUG] rsome132(A,B) :- true 0.166666666667
[DEBUG] ==================================
[LVL9] rsome132(A,B) :- all132(A,C) 0.0 (4.0, 12.0, 73.0, 15.0) 0.722222222222 [ACCEPT]
[LVL9] rsome132(A,B) :- all132(B,C) 0.22619047619 (5.0, 10.0, 75.0, 14.0) 0.791666666667 [ACCEPT]
[LVL9] BETTER RULE rsome132(A,B) :- all132(B,C) (0.2261904761904762, 5.0) > (0.16666666666666669, 19.0)
[LVL9] rsome132(A,B) :- all132(C,B) 0.0 (3.0, 10.0, 75.0, 16.0) 0.583333333333 [ACCEPT]
[LVL9] rsome132(A,B) :- some132(A,C) 0.216666666667 (4.0, 7.0, 78.0, 15.0) 0.722222222222 [ACCEPT]
[LVL9] rsome132(A,B) :- some132(B,C) 0.0 (3.0, 10.0, 75.0, 16.0) 0.583333333333 [ACCEPT]
[LVL9] rsome132(A,B) :- some132(C,A) 0.0 (3.0, 11.0, 74.0, 16.0) 0.583333333333 [ACCEPT]
[LVL9] rsome132(A,B) :- some132(C,B) 0.24358974359 (5.0, 9.0, 76.0, 14.0) 0.791666666667 [ACCEPT]
[LVL9] BETTER RULE rsome132(A,B) :- some132(C,B) (0.24358974358974358, 5.0) > (0.2261904761904762, 5.0)
[LVL9] rsome132(A,B) :- no132(A,C) 0.0 (4.0, 14.0, 71.0, 15.0) 0.722222222222 [ACCEPT]
[LVL9] rsome132(A,B) :- no132(B,C) 0.0 (3.0, 15.0, 70.0, 16.0) 0.583333333333 [ACCEPT]
[LVL9] rsome132(A,B) :- no132(C,A) 0.211111111111 (5.0, 11.0, 74.0, 14.0) 0.791666666667 [ACCEPT]
[LVL9] rsome132(A,B) :- no132(C,B) 0.277777777778 (6.0, 10.0, 75.0, 13.0) 0.833333333333 [ACCEPT]
[LVL9] BETTER RULE rsome132(A,B) :- no132(C,B) (0.2777777777777778, 6.0) > (0.24358974358974358, 5.0)
[LVL9] rsome132(A,B) :- somenot132(A,C) 0.22619047619 (5.0, 10.0, 75.0, 14.0) 0.791666666667 [ACCEPT]
[LVL9] rsome132(A,B) :- somenot132(B,C) 0.24358974359 (5.0, 9.0, 76.0, 14.0) 0.791666666667 [ACCEPT]
[LVL9] rsome132(A,B) :- somenot132(C,A) 0.297619047619 (6.0, 9.0, 76.0, 13.0) 0.833333333333 [ACCEPT]
[LVL9] BETTER RULE rsome132(A,B) :- somenot132(C,A) (0.2976190476190476, 6.0) > (0.2777777777777778, 6.0)
[LVL9] rsome132(A,B) :- somenot132(C,B) 0.0 (3.0, 12.0, 73.0, 16.0) 0.583333333333 [ACCEPT]
[DEBUG] Best rule so far: rsome132(A,B) :- somenot132(C,A) [0.297619047619]
[DEBUG] Candidates for iteration 2:
[DEBUG] ==================================
[DEBUG] rsome132(A,B) :- somenot132(C,A) 0.297619047619
[DEBUG] rsome132(A,B) :- no132(C,B) 0.277777777778
[DEBUG] rsome132(A,B) :- some132(C,B) 0.24358974359
[DEBUG] rsome132(A,B) :- somenot132(B,C) 0.24358974359
[DEBUG] rsome132(A,B) :- all132(B,C) 0.22619047619
[DEBUG] rsome132(A,B) :- somenot132(A,C) 0.22619047619
[DEBUG] rsome132(A,B) :- some132(A,C) 0.216666666667
[DEBUG] rsome132(A,B) :- no132(C,A) 0.211111111111
[DEBUG] rsome132(A,B) :- all132(A,C) 0.0
[DEBUG] rsome132(A,B) :- no132(A,C) 0.0
[DEBUG] rsome132(A,B) :- all132(C,B) 0.0
[DEBUG] rsome132(A,B) :- some132(B,C) 0.0
[DEBUG] rsome132(A,B) :- some132(C,A) 0.0
[DEBUG] rsome132(A,B) :- no132(B,C) 0.0
[DEBUG] rsome132(A,B) :- somenot132(C,B) 0.0
[DEBUG] ==================================
[LVL9] rsome132(A,B) :- somenot132(C,A), all132(C,B) 0.583333333333 (3.0, 0.0, 85.0, 16.0) 0.583333333333 [REJECT* fp] 2.0
[LVL9] BETTER RULE rsome132(A,B) :- somenot132(C,A), all132(C,B) (0.5833333333333334, 3.0) > (0.2976190476190476, 6.0)
[LVL9] rsome132(A,B) :- somenot132(C,A), \+all132(B,C) 0.263888888889 (5.0, 8.0, 77.0, 14.0) 0.791666666667 [ACCEPT]
[LVL9] rsome132(A,B) :- somenot132(C,A), \+some132(C,B) 0.320512820513 (6.0, 8.0, 77.0, 13.0) 0.833333333333 [ACCEPT]
[LVL9] rsome132(A,B) :- somenot132(C,A), \+some132(B,C) 0.320512820513 (6.0, 8.0, 77.0, 13.0) 0.833333333333 [ACCEPT]
[LVL9] rsome132(A,B) :- somenot132(C,A), \+no132(C,B) 0.263888888889 (5.0, 8.0, 77.0, 14.0) 0.791666666667 [ACCEPT]
[LVL9] rsome132(A,B) :- somenot132(C,A), \+no132(B,C) 0.347222222222 (6.0, 7.0, 78.0, 13.0) 0.833333333333 [ACCEPT]
[LVL9] rsome132(A,B) :- somenot132(C,A), \+somenot132(C,B) 0.347222222222 (6.0, 7.0, 78.0, 13.0) 0.833333333333 [ACCEPT]
[LVL9] rsome132(A,B) :- somenot132(C,A), \+somenot132(B,C) 0.263888888889 (5.0, 8.0, 77.0, 14.0) 0.791666666667 [ACCEPT]
[LVL9] rsome132(A,B) :- no132(C,B), \+all132(A,C) 0.297619047619 (6.0, 9.0, 76.0, 13.0) 0.833333333333 [ACCEPT]
[LVL9] rsome132(A,B) :- no132(C,B), \+all132(C,A) 0.320512820513 (6.0, 8.0, 77.0, 13.0) 0.833333333333 [ACCEPT]
[LVL9] rsome132(A,B) :- no132(C,B), \+some132(A,C) 0.320512820513 (6.0, 8.0, 77.0, 13.0) 0.833333333333 [ACCEPT]
[LVL9] rsome132(A,B) :- no132(C,B), \+some132(C,A) 0.297619047619 (6.0, 9.0, 76.0, 13.0) 0.833333333333 [ACCEPT]
[LVL9] rsome132(A,B) :- no132(C,B), \+no132(A,C) 0.24358974359 (5.0, 9.0, 76.0, 14.0) 0.791666666667 [ACCEPT]
[LVL9] rsome132(A,B) :- no132(C,B), \+no132(C,A) 0.24358974359 (5.0, 9.0, 76.0, 14.0) 0.791666666667 [ACCEPT]
[LVL9] rsome132(A,B) :- no132(C,B), \+somenot132(A,C) 0.24358974359 (5.0, 9.0, 76.0, 14.0) 0.791666666667 [ACCEPT]
[LVL9] rsome132(A,B) :- no132(C,B), \+somenot132(C,A) 0.24358974359 (5.0, 9.0, 76.0, 14.0) 0.791666666667 [ACCEPT]
[LVL9] rsome132(A,B) :- some132(C,B), \+all132(A,C) 0.19696969697 (4.0, 8.0, 77.0, 15.0) 0.722222222222 [ACCEPT]
[LVL9] rsome132(A,B) :- some132(C,B), \+all132(C,A) 0.263888888889 (5.0, 8.0, 77.0, 14.0) 0.791666666667 [ACCEPT]
[LVL9] rsome132(A,B) :- some132(C,B), \+some132(A,C) 0.19696969697 (4.0, 8.0, 77.0, 15.0) 0.722222222222 [ACCEPT]
[LVL9] rsome132(A,B) :- some132(C,B), \+some132(C,A) 0.287878787879 (5.0, 7.0, 78.0, 14.0) 0.791666666667 [ACCEPT]
[LVL9] rsome132(A,B) :- some132(C,B), \+no132(A,C) 0.19696969697 (4.0, 8.0, 77.0, 15.0) 0.722222222222 [ACCEPT]
[LVL9] rsome132(A,B) :- some132(C,B), \+no132(C,A) 0.263888888889 (5.0, 8.0, 77.0, 14.0) 0.791666666667 [ACCEPT]
[LVL9] rsome132(A,B) :- some132(C,B), \+somenot132(A,C) 0.263888888889 (5.0, 8.0, 77.0, 14.0) 0.791666666667 [ACCEPT]
[LVL9] rsome132(A,B) :- some132(C,B), \+somenot132(C,A) 0.263888888889 (5.0, 8.0, 77.0, 14.0) 0.791666666667 [ACCEPT]
[LVL9] rsome132(A,B) :- somenot132(B,C), \+all132(A,C) 0.287878787879 (5.0, 7.0, 78.0, 14.0) 0.791666666667 [ACCEPT]
[LVL9] rsome132(A,B) :- somenot132(B,C), \+all132(C,A) 0.263888888889 (5.0, 8.0, 77.0, 14.0) 0.791666666667 [ACCEPT]
[LVL9] rsome132(A,B) :- somenot132(B,C), \+some132(C,A) 0.263888888889 (5.0, 8.0, 77.0, 14.0) 0.791666666667 [ACCEPT]
[LVL9] rsome132(A,B) :- somenot132(B,C), \+no132(A,C) 0.287878787879 (5.0, 7.0, 78.0, 14.0) 0.791666666667 [ACCEPT]
[LVL9] rsome132(A,B) :- somenot132(B,C), \+no132(C,A) 0.19696969697 (4.0, 8.0, 77.0, 15.0) 0.722222222222 [ACCEPT]
[LVL9] rsome132(A,B) :- somenot132(B,C), \+somenot132(A,C) 0.19696969697 (4.0, 8.0, 77.0, 15.0) 0.722222222222 [ACCEPT]
[LVL9] rsome132(A,B) :- somenot132(B,C), \+somenot132(C,A) 0.19696969697 (4.0, 8.0, 77.0, 15.0) 0.722222222222 [ACCEPT]
[LVL9] rsome132(A,B) :- all132(B,C), \+all132(A,C) 0.180555555556 (4.0, 9.0, 76.0, 15.0) 0.722222222222 [ACCEPT]
[LVL9] rsome132(A,B) :- all132(B,C), \+all132(C,A) 0.263888888889 (5.0, 8.0, 77.0, 14.0) 0.791666666667 [ACCEPT]
[LVL9] rsome132(A,B) :- all132(B,C), \+some132(C,A) 0.263888888889 (5.0, 8.0, 77.0, 14.0) 0.791666666667 [ACCEPT]
[LVL9] rsome132(A,B) :- all132(B,C), \+no132(A,C) 0.263888888889 (5.0, 8.0, 77.0, 14.0) 0.791666666667 [ACCEPT]
[LVL9] rsome132(A,B) :- all132(B,C), \+no132(C,A) 0.24358974359 (5.0, 9.0, 76.0, 14.0) 0.791666666667 [ACCEPT]
[LVL9] rsome132(A,B) :- all132(B,C), \+somenot132(A,C) 0.180555555556 (4.0, 9.0, 76.0, 15.0) 0.722222222222 [ACCEPT]
[LVL9] rsome132(A,B) :- all132(B,C), \+somenot132(C,A) 0.180555555556 (4.0, 9.0, 76.0, 15.0) 0.722222222222 [ACCEPT]
[LVL9] rsome132(A,B) :- somenot132(A,C), \+all132(C,B) 0.24358974359 (5.0, 9.0, 76.0, 14.0) 0.791666666667 [ACCEPT]
[LVL9] rsome132(A,B) :- somenot132(A,C), \+all132(B,C) 0.180555555556 (4.0, 9.0, 76.0, 15.0) 0.722222222222 [ACCEPT]
[LVL9] rsome132(A,B) :- somenot132(A,C), \+some132(C,B) 0.24358974359 (5.0, 9.0, 76.0, 14.0) 0.791666666667 [ACCEPT]
[LVL9] rsome132(A,B) :- somenot132(A,C), \+some132(B,C) 0.24358974359 (5.0, 9.0, 76.0, 14.0) 0.791666666667 [ACCEPT]
[LVL9] rsome132(A,B) :- somenot132(A,C), \+no132(C,B) 0.180555555556 (4.0, 9.0, 76.0, 15.0) 0.722222222222 [ACCEPT]
[LVL9] rsome132(A,B) :- somenot132(A,C), \+no132(B,C) 0.263888888889 (5.0, 8.0, 77.0, 14.0) 0.791666666667 [ACCEPT]
[LVL9] rsome132(A,B) :- somenot132(A,C), \+somenot132(C,B) 0.263888888889 (5.0, 8.0, 77.0, 14.0) 0.791666666667 [ACCEPT]
[LVL9] rsome132(A,B) :- somenot132(A,C), \+somenot132(B,C) 0.180555555556 (4.0, 9.0, 76.0, 15.0) 0.722222222222 [ACCEPT]
[LVL9] rsome132(A,B) :- some132(A,C), \+no132(C,B) 0.270833333333 (4.0, 5.0, 80.0, 15.0) 0.722222222222 [ACCEPT]
[LVL9] rsome132(A,B) :- some132(A,C), \+no132(B,C) 0.270833333333 (4.0, 5.0, 80.0, 15.0) 0.722222222222 [ACCEPT]
[LVL9] rsome132(A,B) :- some132(A,C), \+somenot132(C,B) 0.240740740741 (4.0, 6.0, 79.0, 15.0) 0.722222222222 [ACCEPT]
[LVL9] rsome132(A,B) :- no132(C,A), \+all132(C,B) 0.24358974359 (5.0, 9.0, 76.0, 14.0) 0.791666666667 [ACCEPT]
[LVL9] rsome132(A,B) :- no132(C,A), \+all132(B,C) 0.22619047619 (5.0, 10.0, 75.0, 14.0) 0.791666666667 [ACCEPT]
[LVL9] rsome132(A,B) :- no132(C,A), \+some132(C,B) 0.22619047619 (5.0, 10.0, 75.0, 14.0) 0.791666666667 [ACCEPT]
[LVL9] rsome132(A,B) :- no132(C,A), \+some132(B,C) 0.24358974359 (5.0, 9.0, 76.0, 14.0) 0.791666666667 [ACCEPT]
[LVL9] rsome132(A,B) :- no132(C,A), \+no132(C,B) 0.166666666667 (4.0, 10.0, 75.0, 15.0) 0.722222222222 [ACCEPT]
[LVL9] rsome132(A,B) :- no132(C,A), \+no132(B,C) 0.24358974359 (5.0, 9.0, 76.0, 14.0) 0.791666666667 [ACCEPT]
[LVL9] rsome132(A,B) :- no132(C,A), \+somenot132(C,B) 0.166666666667 (4.0, 10.0, 75.0, 15.0) 0.722222222222 [ACCEPT]
[LVL9] rsome132(A,B) :- no132(C,A), \+somenot132(B,C) 0.166666666667 (4.0, 10.0, 75.0, 15.0) 0.722222222222 [ACCEPT]
[LVL9] rsome132(A,B) :- all132(A,C), \+all132(C,B) 0.166666666667 (4.0, 10.0, 75.0, 15.0) 0.722222222222 [ACCEPT]
[LVL9] rsome132(A,B) :- all132(A,C), \+some132(B,C) 0.0 (4.0, 11.0, 74.0, 15.0) 0.722222222222 [ACCEPT]
[LVL9] rsome132(A,B) :- all132(A,C), \+no132(C,B) 0.0 (4.0, 11.0, 74.0, 15.0) 0.722222222222 [ACCEPT]
[LVL9] rsome132(A,B) :- all132(A,C), \+no132(B,C) 0.166666666667 (4.0, 10.0, 75.0, 15.0) 0.722222222222 [ACCEPT]
[LVL9] rsome132(A,B) :- all132(A,C), \+somenot132(C,B) 0.166666666667 (4.0, 10.0, 75.0, 15.0) 0.722222222222 [ACCEPT]
[LVL9] rsome132(A,B) :- all132(A,C), \+somenot132(B,C) 0.166666666667 (4.0, 10.0, 75.0, 15.0) 0.722222222222 [ACCEPT]
[LVL9] rsome132(A,B) :- no132(A,C), \+all132(C,B) 0.0 (4.0, 12.0, 73.0, 15.0) 0.722222222222 [ACCEPT]
[LVL9] rsome132(A,B) :- no132(A,C), \+all132(B,C) 0.0 (4.0, 12.0, 73.0, 15.0) 0.722222222222 [ACCEPT]
[LVL9] rsome132(A,B) :- no132(A,C), \+some132(B,C) 0.0 (4.0, 12.0, 73.0, 15.0) 0.722222222222 [ACCEPT]
[LVL9] rsome132(A,B) :- no132(A,C), \+no132(B,C) 0.0 (4.0, 12.0, 73.0, 15.0) 0.722222222222 [ACCEPT]
[LVL9] rsome132(A,B) :- no132(A,C), \+somenot132(C,B) 0.0 (4.0, 12.0, 73.0, 15.0) 0.722222222222 [ACCEPT]
[LVL9] rsome132(A,B) :- no132(A,C), \+somenot132(B,C) 0.0 (4.0, 12.0, 73.0, 15.0) 0.722222222222 [ACCEPT]
[DEBUG] Best rule so far: rsome132(A,B) :- somenot132(C,A), all132(C,B) [0.583333333333]
[DEBUG] Candidates for iteration 3:
[DEBUG] ==================================
[DEBUG] rsome132(A,B) :- somenot132(C,A), \+no132(B,C) 0.347222222222
[DEBUG] rsome132(A,B) :- somenot132(C,A), \+somenot132(C,B) 0.347222222222
[DEBUG] rsome132(A,B) :- somenot132(C,A), \+some132(C,B) 0.320512820513
[DEBUG] rsome132(A,B) :- somenot132(C,A), \+some132(B,C) 0.320512820513
[DEBUG] rsome132(A,B) :- no132(C,B), \+all132(C,A) 0.320512820513
[DEBUG] rsome132(A,B) :- no132(C,B), \+some132(A,C) 0.320512820513
[DEBUG] rsome132(A,B) :- no132(C,B), \+all132(A,C) 0.297619047619
[DEBUG] rsome132(A,B) :- no132(C,B), \+some132(C,A) 0.297619047619
[DEBUG] rsome132(A,B) :- some132(C,B), \+some132(C,A) 0.287878787879
[DEBUG] rsome132(A,B) :- somenot132(B,C), \+all132(A,C) 0.287878787879
[DEBUG] rsome132(A,B) :- somenot132(B,C), \+no132(A,C) 0.287878787879
[DEBUG] rsome132(A,B) :- some132(A,C), \+no132(C,B) 0.270833333333
[DEBUG] rsome132(A,B) :- some132(A,C), \+no132(B,C) 0.270833333333
[DEBUG] rsome132(A,B) :- somenot132(C,A), \+all132(B,C) 0.263888888889
[DEBUG] rsome132(A,B) :- somenot132(C,A), \+no132(C,B) 0.263888888889
[DEBUG] rsome132(A,B) :- somenot132(C,A), \+somenot132(B,C) 0.263888888889
[DEBUG] rsome132(A,B) :- some132(C,B), \+all132(C,A) 0.263888888889
[DEBUG] rsome132(A,B) :- some132(C,B), \+no132(C,A) 0.263888888889
[DEBUG] rsome132(A,B) :- some132(C,B), \+somenot132(A,C) 0.263888888889
[DEBUG] rsome132(A,B) :- some132(C,B), \+somenot132(C,A) 0.263888888889
[DEBUG] rsome132(A,B) :- somenot132(B,C), \+all132(C,A) 0.263888888889
[DEBUG] rsome132(A,B) :- somenot132(B,C), \+some132(C,A) 0.263888888889
[DEBUG] rsome132(A,B) :- all132(B,C), \+all132(C,A) 0.263888888889
[DEBUG] rsome132(A,B) :- all132(B,C), \+some132(C,A) 0.263888888889
[DEBUG] rsome132(A,B) :- all132(B,C), \+no132(A,C) 0.263888888889
[DEBUG] rsome132(A,B) :- somenot132(A,C), \+no132(B,C) 0.263888888889
[DEBUG] rsome132(A,B) :- somenot132(A,C), \+somenot132(C,B) 0.263888888889
[DEBUG] rsome132(A,B) :- no132(C,B), \+no132(A,C) 0.24358974359
[DEBUG] rsome132(A,B) :- no132(C,B), \+no132(C,A) 0.24358974359
[DEBUG] rsome132(A,B) :- no132(C,B), \+somenot132(A,C) 0.24358974359
[DEBUG] rsome132(A,B) :- no132(C,B), \+somenot132(C,A) 0.24358974359
[DEBUG] rsome132(A,B) :- all132(B,C), \+no132(C,A) 0.24358974359
[DEBUG] rsome132(A,B) :- somenot132(A,C), \+all132(C,B) 0.24358974359
[DEBUG] rsome132(A,B) :- somenot132(A,C), \+some132(C,B) 0.24358974359
[DEBUG] rsome132(A,B) :- somenot132(A,C), \+some132(B,C) 0.24358974359
[DEBUG] rsome132(A,B) :- no132(C,A), \+all132(C,B) 0.24358974359
[DEBUG] rsome132(A,B) :- no132(C,A), \+some132(B,C) 0.24358974359
[DEBUG] rsome132(A,B) :- no132(C,A), \+no132(B,C) 0.24358974359
[DEBUG] rsome132(A,B) :- some132(A,C), \+somenot132(C,B) 0.240740740741
[DEBUG] rsome132(A,B) :- no132(C,A), \+all132(B,C) 0.22619047619
[DEBUG] rsome132(A,B) :- no132(C,A), \+some132(C,B) 0.22619047619
[DEBUG] rsome132(A,B) :- some132(C,B), \+all132(A,C) 0.19696969697
[DEBUG] rsome132(A,B) :- some132(C,B), \+some132(A,C) 0.19696969697
[DEBUG] rsome132(A,B) :- some132(C,B), \+no132(A,C) 0.19696969697
[DEBUG] rsome132(A,B) :- somenot132(B,C), \+no132(C,A) 0.19696969697
[DEBUG] rsome132(A,B) :- somenot132(B,C), \+somenot132(A,C) 0.19696969697
[DEBUG] rsome132(A,B) :- somenot132(B,C), \+somenot132(C,A) 0.19696969697
[DEBUG] rsome132(A,B) :- all132(B,C), \+all132(A,C) 0.180555555556
[DEBUG] rsome132(A,B) :- all132(B,C), \+somenot132(A,C) 0.180555555556
[DEBUG] rsome132(A,B) :- all132(B,C), \+somenot132(C,A) 0.180555555556
[DEBUG] rsome132(A,B) :- somenot132(A,C), \+all132(B,C) 0.180555555556
[DEBUG] rsome132(A,B) :- somenot132(A,C), \+no132(C,B) 0.180555555556
[DEBUG] rsome132(A,B) :- somenot132(A,C), \+somenot132(B,C) 0.180555555556
[DEBUG] rsome132(A,B) :- no132(C,A), \+no132(C,B) 0.166666666667
[DEBUG] rsome132(A,B) :- no132(C,A), \+somenot132(C,B) 0.166666666667
[DEBUG] rsome132(A,B) :- no132(C,A), \+somenot132(B,C) 0.166666666667
[DEBUG] rsome132(A,B) :- all132(A,C), \+all132(C,B) 0.166666666667
[DEBUG] rsome132(A,B) :- all132(A,C), \+no132(B,C) 0.166666666667
[DEBUG] rsome132(A,B) :- all132(A,C), \+somenot132(C,B) 0.166666666667
[DEBUG] rsome132(A,B) :- all132(A,C), \+somenot132(B,C) 0.166666666667
[DEBUG] rsome132(A,B) :- all132(A,C), \+some132(B,C) 0.0
[DEBUG] rsome132(A,B) :- all132(A,C), \+no132(C,B) 0.0
[DEBUG] rsome132(A,B) :- no132(A,C), \+all132(C,B) 0.0
[DEBUG] rsome132(A,B) :- no132(A,C), \+all132(B,C) 0.0
[DEBUG] rsome132(A,B) :- no132(A,C), \+some132(B,C) 0.0
[DEBUG] rsome132(A,B) :- no132(A,C), \+no132(B,C) 0.0
[DEBUG] rsome132(A,B) :- no132(A,C), \+somenot132(C,B) 0.0
[DEBUG] rsome132(A,B) :- no132(A,C), \+somenot132(B,C) 0.0
[DEBUG] ==================================
[INFO] RULE LEARNED: rsome132(A,B) :- somenot132(C,A), all132(C,B) 0.846153846154
[DEBUG] Best rule so far: rsome132(A,B) :- true [0.158415841584]
[DEBUG] Candidates for iteration 1:
[DEBUG] ==================================
[DEBUG] rsome132(A,B) :- true 0.158415841584
[DEBUG] ==================================
[LVL9] rsome132(A,B) :- all132(A,C) 0.0 (5.0, 12.0, 73.0, 14.0) 0.719471947195 [ACCEPT]
[LVL9] rsome132(A,B) :- all132(B,C) 0.225601131542 (6.0, 10.0, 75.0, 13.0) 0.789603960396 [ACCEPT]
[LVL9] BETTER RULE rsome132(A,B) :- all132(B,C) (0.22560113154172562, 6.0) > (0.15841584158415842, 19.0)
[LVL9] rsome132(A,B) :- some132(A,C) 0.215841584158 (5.0, 7.0, 78.0, 14.0) 0.719471947195 [ACCEPT]
[LVL9] rsome132(A,B) :- some132(B,C) 0.0 (4.0, 10.0, 75.0, 15.0) 0.579207920792 [ACCEPT]
[LVL9] rsome132(A,B) :- some132(C,A) 0.0 (4.0, 11.0, 74.0, 15.0) 0.579207920792 [ACCEPT]
[LVL9] rsome132(A,B) :- some132(C,B) 0.242955064737 (6.0, 9.0, 76.0, 13.0) 0.789603960396 [ACCEPT]
[LVL9] BETTER RULE rsome132(A,B) :- some132(C,B) (0.24295506473724296, 6.0) > (0.22560113154172562, 6.0)
[LVL9] rsome132(A,B) :- no132(A,C) 0.0 (5.0, 14.0, 71.0, 14.0) 0.719471947195 [ACCEPT]
[LVL9] rsome132(A,B) :- no132(B,C) 0.0 (4.0, 15.0, 70.0, 15.0) 0.579207920792 [ACCEPT]
[LVL9] rsome132(A,B) :- no132(C,A) 0.210561056106 (6.0, 11.0, 74.0, 13.0) 0.789603960396 [ACCEPT]
[LVL9] rsome132(A,B) :- no132(C,B) 0.277227722772 (7.0, 10.0, 75.0, 12.0) 0.831683168317 [ACCEPT]
[LVL9] BETTER RULE rsome132(A,B) :- no132(C,B) (0.27722772277227725, 7.0) > (0.24295506473724296, 6.0)
[LVL9] rsome132(A,B) :- somenot132(A,C) 0.225601131542 (6.0, 10.0, 75.0, 13.0) 0.789603960396 [ACCEPT]
[LVL9] rsome132(A,B) :- somenot132(B,C) 0.242955064737 (6.0, 9.0, 76.0, 13.0) 0.789603960396 [ACCEPT]
[LVL9] rsome132(A,B) :- somenot132(C,A) 0.242955064737 (6.0, 9.0, 76.0, 13.0) 0.789603960396 [ACCEPT]
[LVL9] rsome132(A,B) :- somenot132(C,B) 0.0 (4.0, 12.0, 73.0, 15.0) 0.579207920792 [ACCEPT]
[DEBUG] Best rule so far: rsome132(A,B) :- no132(C,B) [0.277227722772]
[DEBUG] Candidates for iteration 2:
[DEBUG] ==================================
[DEBUG] rsome132(A,B) :- no132(C,B) 0.277227722772
[DEBUG] rsome132(A,B) :- some132(C,B) 0.242955064737
[DEBUG] rsome132(A,B) :- somenot132(B,C) 0.242955064737
[DEBUG] rsome132(A,B) :- somenot132(C,A) 0.242955064737
[DEBUG] rsome132(A,B) :- all132(B,C) 0.225601131542
[DEBUG] rsome132(A,B) :- somenot132(A,C) 0.225601131542
[DEBUG] rsome132(A,B) :- some132(A,C) 0.215841584158
[DEBUG] rsome132(A,B) :- no132(C,A) 0.210561056106
[DEBUG] rsome132(A,B) :- all132(A,C) 0.0
[DEBUG] rsome132(A,B) :- no132(A,C) 0.0
[DEBUG] rsome132(A,B) :- some132(B,C) 0.0
[DEBUG] rsome132(A,B) :- some132(C,A) 0.0
[DEBUG] rsome132(A,B) :- no132(B,C) 0.0
[DEBUG] rsome132(A,B) :- somenot132(C,B) 0.0
[DEBUG] ==================================
[LVL9] rsome132(A,B) :- no132(C,B), no132(A,C) 0.386138613861 (4.0, 1.0, 84.0, 15.0) 0.579207920792 [ACCEPT]
[LVL9] BETTER RULE rsome132(A,B) :- no132(C,B), no132(A,C) (0.3861386138613861, 4.0) > (0.27722772277227725, 7.0)
[LVL9] rsome132(A,B) :- no132(C,B), no132(C,A) 0.386138613861 (4.0, 1.0, 84.0, 15.0) 0.579207920792 [ACCEPT]
[LVL9] rsome132(A,B) :- no132(C,B), no132(A,D) 0.386138613861 (4.0, 1.0, 84.0, 15.0) 0.579207920792 [ACCEPT]
[LVL9] rsome132(A,B) :- no132(C,B), no132(D,A) 0.386138613861 (4.0, 1.0, 84.0, 15.0) 0.579207920792 [ACCEPT]
[LVL9] rsome132(A,B) :- no132(C,B), no132(D,C) 0.386138613861 (4.0, 1.0, 84.0, 15.0) 0.579207920792 [ACCEPT]
[LVL9] rsome132(A,B) :- no132(C,B), somenot132(A,C) 0.386138613861 (4.0, 1.0, 84.0, 15.0) 0.579207920792 [ACCEPT]
[LVL9] rsome132(A,B) :- no132(C,B), somenot132(C,A) 0.386138613861 (4.0, 1.0, 84.0, 15.0) 0.579207920792 [ACCEPT]
[LVL9] rsome132(A,B) :- no132(C,B), somenot132(A,D) 0.386138613861 (4.0, 1.0, 84.0, 15.0) 0.579207920792 [ACCEPT]
[LVL9] rsome132(A,B) :- no132(C,B), somenot132(C,D) 0.386138613861 (4.0, 1.0, 84.0, 15.0) 0.579207920792 [ACCEPT]
[LVL9] rsome132(A,B) :- no132(C,B), somenot132(D,A) 0.386138613861 (4.0, 1.0, 84.0, 15.0) 0.579207920792 [ACCEPT]
[LVL9] rsome132(A,B) :- no132(C,B), somenot132(D,C) 0.386138613861 (4.0, 1.0, 84.0, 15.0) 0.579207920792 [ACCEPT]
[LVL9] rsome132(A,B) :- no132(C,B), \+all132(A,C) 0.29702970297 (7.0, 9.0, 76.0, 12.0) 0.831683168317 [ACCEPT]
[LVL9] rsome132(A,B) :- no132(C,B), \+all132(C,A) 0.31987814166 (7.0, 8.0, 77.0, 12.0) 0.831683168317 [ACCEPT]
[LVL9] rsome132(A,B) :- no132(C,B), \+some132(A,C) 0.31987814166 (7.0, 8.0, 77.0, 12.0) 0.831683168317 [ACCEPT]
[LVL9] rsome132(A,B) :- no132(C,B), \+some132(C,A) 0.29702970297 (7.0, 9.0, 76.0, 12.0) 0.831683168317 [ACCEPT]
[LVL9] rsome132(A,B) :- no132(C,B), \+no132(A,C) 0.242955064737 (6.0, 9.0, 76.0, 13.0) 0.789603960396 [ACCEPT]
[LVL9] rsome132(A,B) :- no132(C,B), \+no132(C,A) 0.242955064737 (6.0, 9.0, 76.0, 13.0) 0.789603960396 [ACCEPT]
[LVL9] rsome132(A,B) :- no132(C,B), \+somenot132(A,C) 0.242955064737 (6.0, 9.0, 76.0, 13.0) 0.789603960396 [ACCEPT]
[LVL9] rsome132(A,B) :- no132(C,B), \+somenot132(C,A) 0.242955064737 (6.0, 9.0, 76.0, 13.0) 0.789603960396 [ACCEPT]
[LVL9] rsome132(A,B) :- some132(C,B), all132(A,C) 0.386138613861 (4.0, 1.0, 84.0, 15.0) 0.579207920792 [ACCEPT]
[LVL9] rsome132(A,B) :- some132(C,B), all132(A,D) 0.386138613861 (4.0, 1.0, 84.0, 15.0) 0.579207920792 [ACCEPT]
[LVL9] rsome132(A,B) :- some132(C,B), all132(D,C) 0.386138613861 (4.0, 1.0, 84.0, 15.0) 0.579207920792 [ACCEPT]
[LVL9] rsome132(A,B) :- some132(C,B), some132(A,C) 0.386138613861 (4.0, 1.0, 84.0, 15.0) 0.579207920792 [ACCEPT]
[LVL9] rsome132(A,B) :- some132(C,B), some132(A,D) 0.386138613861 (4.0, 1.0, 84.0, 15.0) 0.579207920792 [ACCEPT]
[LVL9] rsome132(A,B) :- some132(C,B), some132(D,C) 0.386138613861 (4.0, 1.0, 84.0, 15.0) 0.579207920792 [ACCEPT]
[LVL9] rsome132(A,B) :- some132(C,B), no132(A,C) 0.386138613861 (4.0, 1.0, 84.0, 15.0) 0.579207920792 [ACCEPT]
[LVL9] rsome132(A,B) :- some132(C,B), no132(A,D) 0.386138613861 (4.0, 1.0, 84.0, 15.0) 0.579207920792 [ACCEPT]
[LVL9] rsome132(A,B) :- some132(C,B), no132(D,C) 0.386138613861 (4.0, 1.0, 84.0, 15.0) 0.579207920792 [ACCEPT]
[LVL9] rsome132(A,B) :- some132(C,B), \+all132(A,C) 0.196219621962 (5.0, 8.0, 77.0, 14.0) 0.719471947195 [ACCEPT]
[LVL9] rsome132(A,B) :- some132(C,B), \+all132(C,A) 0.263201320132 (6.0, 8.0, 77.0, 13.0) 0.789603960396 [ACCEPT]
[LVL9] rsome132(A,B) :- some132(C,B), \+some132(A,C) 0.196219621962 (5.0, 8.0, 77.0, 14.0) 0.719471947195 [ACCEPT]
[LVL9] rsome132(A,B) :- some132(C,B), \+some132(C,A) 0.287128712871 (6.0, 7.0, 78.0, 13.0) 0.789603960396 [ACCEPT]
[LVL9] rsome132(A,B) :- some132(C,B), \+no132(A,C) 0.196219621962 (5.0, 8.0, 77.0, 14.0) 0.719471947195 [ACCEPT]
[LVL9] rsome132(A,B) :- some132(C,B), \+no132(C,A) 0.263201320132 (6.0, 8.0, 77.0, 13.0) 0.789603960396 [ACCEPT]
[LVL9] rsome132(A,B) :- some132(C,B), \+somenot132(A,C) 0.263201320132 (6.0, 8.0, 77.0, 13.0) 0.789603960396 [ACCEPT]
[LVL9] rsome132(A,B) :- some132(C,B), \+somenot132(C,A) 0.263201320132 (6.0, 8.0, 77.0, 13.0) 0.789603960396 [ACCEPT]
[LVL9] rsome132(A,B) :- somenot132(B,C), no132(C,A) 0.386138613861 (4.0, 1.0, 84.0, 15.0) 0.579207920792 [ACCEPT]
[LVL9] rsome132(A,B) :- somenot132(B,C), no132(C,D) 0.386138613861 (4.0, 1.0, 84.0, 15.0) 0.579207920792 [ACCEPT]
[LVL9] rsome132(A,B) :- somenot132(B,C), no132(D,A) 0.386138613861 (4.0, 1.0, 84.0, 15.0) 0.579207920792 [ACCEPT]
[LVL9] rsome132(A,B) :- somenot132(B,C), somenot132(A,C) 0.386138613861 (4.0, 1.0, 84.0, 15.0) 0.579207920792 [ACCEPT]
[LVL9] rsome132(A,B) :- somenot132(B,C), somenot132(C,A) 0.386138613861 (4.0, 1.0, 84.0, 15.0) 0.579207920792 [ACCEPT]
[LVL9] rsome132(A,B) :- somenot132(B,C), somenot132(A,D) 0.386138613861 (4.0, 1.0, 84.0, 15.0) 0.579207920792 [ACCEPT]
[LVL9] rsome132(A,B) :- somenot132(B,C), somenot132(C,D) 0.386138613861 (4.0, 1.0, 84.0, 15.0) 0.579207920792 [ACCEPT]
[LVL9] rsome132(A,B) :- somenot132(B,C), somenot132(D,A) 0.386138613861 (4.0, 1.0, 84.0, 15.0) 0.579207920792 [ACCEPT]
[LVL9] rsome132(A,B) :- somenot132(B,C), \+all132(A,C) 0.287128712871 (6.0, 7.0, 78.0, 13.0) 0.789603960396 [ACCEPT]
[LVL9] rsome132(A,B) :- somenot132(B,C), \+all132(C,A) 0.263201320132 (6.0, 8.0, 77.0, 13.0) 0.789603960396 [ACCEPT]
[LVL9] rsome132(A,B) :- somenot132(B,C), \+some132(C,A) 0.263201320132 (6.0, 8.0, 77.0, 13.0) 0.789603960396 [ACCEPT]
[LVL9] rsome132(A,B) :- somenot132(B,C), \+no132(A,C) 0.287128712871 (6.0, 7.0, 78.0, 13.0) 0.789603960396 [ACCEPT]
[LVL9] rsome132(A,B) :- somenot132(B,C), \+no132(C,A) 0.196219621962 (5.0, 8.0, 77.0, 14.0) 0.719471947195 [ACCEPT]
[LVL9] rsome132(A,B) :- somenot132(B,C), \+somenot132(A,C) 0.196219621962 (5.0, 8.0, 77.0, 14.0) 0.719471947195 [ACCEPT]
[LVL9] rsome132(A,B) :- somenot132(B,C), \+somenot132(C,A) 0.196219621962 (5.0, 8.0, 77.0, 14.0) 0.719471947195 [ACCEPT]
[LVL9] rsome132(A,B) :- somenot132(C,A), all132(B,C) 0.386138613861 (4.0, 1.0, 84.0, 15.0) 0.579207920792 [ACCEPT]
[LVL9] rsome132(A,B) :- somenot132(C,A), all132(B,D) 0.386138613861 (4.0, 1.0, 84.0, 15.0) 0.579207920792 [ACCEPT]
[LVL9] rsome132(A,B) :- somenot132(C,A), all132(D,C) 0.386138613861 (4.0, 1.0, 84.0, 15.0) 0.579207920792 [ACCEPT]
[LVL9] rsome132(A,B) :- somenot132(C,A), no132(C,D) 0.386138613861 (4.0, 1.0, 84.0, 15.0) 0.579207920792 [ACCEPT]
[LVL9] rsome132(A,B) :- somenot132(C,A), no132(D,B) 0.386138613861 (4.0, 1.0, 84.0, 15.0) 0.579207920792 [ACCEPT]
[LVL9] rsome132(A,B) :- somenot132(C,A), somenot132(B,D) 0.386138613861 (4.0, 1.0, 84.0, 15.0) 0.579207920792 [ACCEPT]
[LVL9] rsome132(A,B) :- somenot132(C,A), somenot132(D,C) 0.386138613861 (4.0, 1.0, 84.0, 15.0) 0.579207920792 [ACCEPT]
[LVL9] rsome132(A,B) :- somenot132(C,A), \+all132(B,C) 0.196219621962 (5.0, 8.0, 77.0, 14.0) 0.719471947195 [ACCEPT]
[LVL9] rsome132(A,B) :- somenot132(C,A), \+some132(C,B) 0.263201320132 (6.0, 8.0, 77.0, 13.0) 0.789603960396 [ACCEPT]
[LVL9] rsome132(A,B) :- somenot132(C,A), \+some132(B,C) 0.263201320132 (6.0, 8.0, 77.0, 13.0) 0.789603960396 [ACCEPT]
[LVL9] rsome132(A,B) :- somenot132(C,A), \+no132(C,B) 0.196219621962 (5.0, 8.0, 77.0, 14.0) 0.719471947195 [ACCEPT]
[LVL9] rsome132(A,B) :- somenot132(C,A), \+no132(B,C) 0.287128712871 (6.0, 7.0, 78.0, 13.0) 0.789603960396 [ACCEPT]
[LVL9] rsome132(A,B) :- somenot132(C,A), \+somenot132(C,B) 0.287128712871 (6.0, 7.0, 78.0, 13.0) 0.789603960396 [ACCEPT]
[LVL9] rsome132(A,B) :- somenot132(C,A), \+somenot132(B,C) 0.196219621962 (5.0, 8.0, 77.0, 14.0) 0.719471947195 [ACCEPT]
[LVL9] rsome132(A,B) :- all132(B,C), all132(A,C) 0.386138613861 (4.0, 1.0, 84.0, 15.0) 0.579207920792 [ACCEPT]
[LVL9] rsome132(A,B) :- all132(B,C), all132(A,D) 0.386138613861 (4.0, 1.0, 84.0, 15.0) 0.579207920792 [ACCEPT]
[LVL9] rsome132(A,B) :- all132(B,C), somenot132(A,C) 0.386138613861 (4.0, 1.0, 84.0, 15.0) 0.579207920792 [ACCEPT]
[LVL9] rsome132(A,B) :- all132(B,C), somenot132(A,D) 0.386138613861 (4.0, 1.0, 84.0, 15.0) 0.579207920792 [ACCEPT]
[LVL9] rsome132(A,B) :- all132(B,C), somenot132(C,D) 0.386138613861 (4.0, 1.0, 84.0, 15.0) 0.579207920792 [ACCEPT]
[LVL9] rsome132(A,B) :- all132(B,C), somenot132(D,A) 0.386138613861 (4.0, 1.0, 84.0, 15.0) 0.579207920792 [ACCEPT]
[LVL9] rsome132(A,B) :- all132(B,C), somenot132(D,C) 0.386138613861 (4.0, 1.0, 84.0, 15.0) 0.579207920792 [ACCEPT]
[LVL9] rsome132(A,B) :- all132(B,C), \+all132(A,C) 0.179867986799 (5.0, 9.0, 76.0, 14.0) 0.719471947195 [ACCEPT]
[LVL9] rsome132(A,B) :- all132(B,C), \+all132(C,A) 0.263201320132 (6.0, 8.0, 77.0, 13.0) 0.789603960396 [ACCEPT]
[LVL9] rsome132(A,B) :- all132(B,C), \+some132(C,A) 0.263201320132 (6.0, 8.0, 77.0, 13.0) 0.789603960396 [ACCEPT]
[LVL9] rsome132(A,B) :- all132(B,C), \+no132(A,C) 0.263201320132 (6.0, 8.0, 77.0, 13.0) 0.789603960396 [ACCEPT]
[LVL9] rsome132(A,B) :- all132(B,C), \+no132(C,A) 0.242955064737 (6.0, 9.0, 76.0, 13.0) 0.789603960396 [ACCEPT]
[LVL9] rsome132(A,B) :- all132(B,C), \+somenot132(A,C) 0.179867986799 (5.0, 9.0, 76.0, 14.0) 0.719471947195 [ACCEPT]
[LVL9] rsome132(A,B) :- all132(B,C), \+somenot132(C,A) 0.179867986799 (5.0, 9.0, 76.0, 14.0) 0.719471947195 [ACCEPT]
[LVL9] rsome132(A,B) :- somenot132(A,C), all132(B,D) 0.386138613861 (4.0, 1.0, 84.0, 15.0) 0.579207920792 [ACCEPT]
[LVL9] rsome132(A,B) :- somenot132(A,C), all132(D,C) 0.386138613861 (4.0, 1.0, 84.0, 15.0) 0.579207920792 [ACCEPT]
[LVL9] rsome132(A,B) :- somenot132(A,C), no132(C,D) 0.386138613861 (4.0, 1.0, 84.0, 15.0) 0.579207920792 [ACCEPT]
[LVL9] rsome132(A,B) :- somenot132(A,C), no132(D,B) 0.386138613861 (4.0, 1.0, 84.0, 15.0) 0.579207920792 [ACCEPT]
[LVL9] rsome132(A,B) :- somenot132(A,C), somenot132(B,D) 0.386138613861 (4.0, 1.0, 84.0, 15.0) 0.579207920792 [ACCEPT]
[LVL9] rsome132(A,B) :- somenot132(A,C), \+all132(C,B) 0.242955064737 (6.0, 9.0, 76.0, 13.0) 0.789603960396 [ACCEPT]
[LVL9] rsome132(A,B) :- somenot132(A,C), \+all132(B,C) 0.179867986799 (5.0, 9.0, 76.0, 14.0) 0.719471947195 [ACCEPT]
[LVL9] rsome132(A,B) :- somenot132(A,C), \+some132(C,B) 0.242955064737 (6.0, 9.0, 76.0, 13.0) 0.789603960396 [ACCEPT]
[LVL9] rsome132(A,B) :- somenot132(A,C), \+some132(B,C) 0.242955064737 (6.0, 9.0, 76.0, 13.0) 0.789603960396 [ACCEPT]
[LVL9] rsome132(A,B) :- somenot132(A,C), \+no132(C,B) 0.179867986799 (5.0, 9.0, 76.0, 14.0) 0.719471947195 [ACCEPT]
[LVL9] rsome132(A,B) :- somenot132(A,C), \+no132(B,C) 0.263201320132 (6.0, 8.0, 77.0, 13.0) 0.789603960396 [ACCEPT]
[LVL9] rsome132(A,B) :- somenot132(A,C), \+somenot132(C,B) 0.263201320132 (6.0, 8.0, 77.0, 13.0) 0.789603960396 [ACCEPT]
[LVL9] rsome132(A,B) :- somenot132(A,C), \+somenot132(B,C) 0.179867986799 (5.0, 9.0, 76.0, 14.0) 0.719471947195 [ACCEPT]
[LVL9] rsome132(A,B) :- some132(A,C), some132(B,C) 0.386138613861 (4.0, 1.0, 84.0, 15.0) 0.579207920792 [ACCEPT]
[LVL9] rsome132(A,B) :- some132(A,C), some132(C,D) 0.386138613861 (4.0, 1.0, 84.0, 15.0) 0.579207920792 [ACCEPT]
[LVL9] rsome132(A,B) :- some132(A,C), some132(B,D) 0.386138613861 (4.0, 1.0, 84.0, 15.0) 0.579207920792 [ACCEPT]
[LVL9] rsome132(A,B) :- some132(A,C), some132(D,B) 0.386138613861 (4.0, 1.0, 84.0, 15.0) 0.579207920792 [ACCEPT]
[LVL9] rsome132(A,B) :- some132(A,C), \+some132(C,B) 0.0 (4.0, 6.0, 79.0, 15.0) 0.579207920792 [ACCEPT]
[LVL9] rsome132(A,B) :- some132(A,C), \+some132(B,C) 0.0 (4.0, 6.0, 79.0, 15.0) 0.579207920792 [ACCEPT]
[LVL9] rsome132(A,B) :- some132(A,C), \+no132(C,B) 0.269801980198 (5.0, 5.0, 80.0, 14.0) 0.719471947195 [ACCEPT]
[LVL9] rsome132(A,B) :- some132(A,C), \+no132(B,C) 0.269801980198 (5.0, 5.0, 80.0, 14.0) 0.719471947195 [ACCEPT]
[LVL9] rsome132(A,B) :- some132(A,C), \+somenot132(C,B) 0.239823982398 (5.0, 6.0, 79.0, 14.0) 0.719471947195 [ACCEPT]
[LVL9] rsome132(A,B) :- no132(C,A), no132(D,B) 0.386138613861 (4.0, 1.0, 84.0, 15.0) 0.579207920792 [ACCEPT]
[LVL9] rsome132(A,B) :- no132(C,A), somenot132(C,B) 0.386138613861 (4.0, 1.0, 84.0, 15.0) 0.579207920792 [ACCEPT]
[LVL9] rsome132(A,B) :- no132(C,A), somenot132(C,D) 0.386138613861 (4.0, 1.0, 84.0, 15.0) 0.579207920792 [ACCEPT]
[LVL9] rsome132(A,B) :- no132(C,A), somenot132(B,D) 0.386138613861 (4.0, 1.0, 84.0, 15.0) 0.579207920792 [ACCEPT]
[LVL9] rsome132(A,B) :- no132(C,A), somenot132(D,C) 0.386138613861 (4.0, 1.0, 84.0, 15.0) 0.579207920792 [ACCEPT]
[LVL9] rsome132(A,B) :- no132(C,A), somenot132(D,B) 0.386138613861 (4.0, 1.0, 84.0, 15.0) 0.579207920792 [ACCEPT]
[LVL9] rsome132(A,B) :- no132(C,A), \+all132(C,B) 0.242955064737 (6.0, 9.0, 76.0, 13.0) 0.789603960396 [ACCEPT]
[LVL9] rsome132(A,B) :- no132(C,A), \+all132(B,C) 0.225601131542 (6.0, 10.0, 75.0, 13.0) 0.789603960396 [ACCEPT]
[LVL9] rsome132(A,B) :- no132(C,A), \+some132(C,B) 0.225601131542 (6.0, 10.0, 75.0, 13.0) 0.789603960396 [ACCEPT]
[LVL9] rsome132(A,B) :- no132(C,A), \+some132(B,C) 0.242955064737 (6.0, 9.0, 76.0, 13.0) 0.789603960396 [ACCEPT]
[LVL9] rsome132(A,B) :- no132(C,A), \+no132(B,C) 0.242955064737 (6.0, 9.0, 76.0, 13.0) 0.789603960396 [ACCEPT]
[LVL9] rsome132(A,B) :- all132(A,C), all132(B,D) 0.386138613861 (4.0, 1.0, 84.0, 15.0) 0.579207920792 [ACCEPT]
[LVL9] rsome132(A,B) :- all132(A,C), some132(C,D) 0.386138613861 (4.0, 1.0, 84.0, 15.0) 0.579207920792 [ACCEPT]
[LVL9] rsome132(A,B) :- all132(A,C), some132(D,B) 0.386138613861 (4.0, 1.0, 84.0, 15.0) 0.579207920792 [ACCEPT]
[LVL9] rsome132(A,B) :- no132(A,C), some132(C,D) 0.386138613861 (4.0, 1.0, 84.0, 15.0) 0.579207920792 [ACCEPT]
[LVL9] rsome132(A,B) :- no132(A,C), some132(D,B) 0.386138613861 (4.0, 1.0, 84.0, 15.0) 0.579207920792 [ACCEPT]
[LVL9] rsome132(A,B) :- no132(A,C), no132(C,D) 0.386138613861 (4.0, 1.0, 84.0, 15.0) 0.579207920792 [ACCEPT]
[LVL9] rsome132(A,B) :- no132(A,C), no132(D,B) 0.386138613861 (4.0, 1.0, 84.0, 15.0) 0.579207920792 [ACCEPT]
[LVL9] rsome132(A,B) :- some132(B,C), some132(A,D) 0.386138613861 (4.0, 1.0, 84.0, 15.0) 0.579207920792 [ACCEPT]
[LVL9] rsome132(A,B) :- some132(C,A), no132(B,C) 0.386138613861 (4.0, 1.0, 84.0, 15.0) 0.579207920792 [ACCEPT]
[LVL9] rsome132(A,B) :- some132(C,A), no132(B,D) 0.386138613861 (4.0, 1.0, 84.0, 15.0) 0.579207920792 [ACCEPT]
[LVL9] rsome132(A,B) :- some132(C,A), no132(D,C) 0.386138613861 (4.0, 1.0, 84.0, 15.0) 0.579207920792 [ACCEPT]
[LVL9] rsome132(A,B) :- no132(B,C), some132(C,D) 0.386138613861 (4.0, 1.0, 84.0, 15.0) 0.579207920792 [ACCEPT]
[LVL9] rsome132(A,B) :- no132(B,C), some132(D,A) 0.386138613861 (4.0, 1.0, 84.0, 15.0) 0.579207920792 [ACCEPT]
[LVL9] rsome132(A,B) :- somenot132(C,B), no132(C,D) 0.386138613861 (4.0, 1.0, 84.0, 15.0) 0.579207920792 [ACCEPT]
[LVL9] rsome132(A,B) :- somenot132(C,B), no132(D,A) 0.386138613861 (4.0, 1.0, 84.0, 15.0) 0.579207920792 [ACCEPT]
[DEBUG] Best rule so far: rsome132(A,B) :- no132(C,B), no132(A,C) [0.386138613861]
[DEBUG] Candidates for iteration 3:
[DEBUG] ==================================
[DEBUG] rsome132(A,B) :- no132(C,B), no132(A,C) 0.386138613861
[DEBUG] rsome132(A,B) :- no132(C,B), no132(C,A) 0.386138613861
[DEBUG] rsome132(A,B) :- no132(C,B), no132(A,D) 0.386138613861
[DEBUG] rsome132(A,B) :- no132(C,B), no132(D,A) 0.386138613861
[DEBUG] rsome132(A,B) :- no132(C,B), no132(D,C) 0.386138613861
[DEBUG] rsome132(A,B) :- no132(C,B), somenot132(A,C) 0.386138613861
[DEBUG] rsome132(A,B) :- no132(C,B), somenot132(C,A) 0.386138613861
[DEBUG] rsome132(A,B) :- no132(C,B), somenot132(A,D) 0.386138613861
[DEBUG] rsome132(A,B) :- no132(C,B), somenot132(C,D) 0.386138613861
[DEBUG] rsome132(A,B) :- no132(C,B), somenot132(D,A) 0.386138613861
[DEBUG] rsome132(A,B) :- no132(C,B), somenot132(D,C) 0.386138613861
[DEBUG] rsome132(A,B) :- some132(C,B), all132(A,C) 0.386138613861
[DEBUG] rsome132(A,B) :- some132(C,B), all132(A,D) 0.386138613861
[DEBUG] rsome132(A,B) :- some132(C,B), all132(D,C) 0.386138613861
[DEBUG] rsome132(A,B) :- some132(C,B), some132(A,C) 0.386138613861
[DEBUG] rsome132(A,B) :- some132(C,B), some132(A,D) 0.386138613861
[DEBUG] rsome132(A,B) :- some132(C,B), some132(D,C) 0.386138613861
[DEBUG] rsome132(A,B) :- some132(C,B), no132(A,C) 0.386138613861
[DEBUG] rsome132(A,B) :- some132(C,B), no132(A,D) 0.386138613861
[DEBUG] rsome132(A,B) :- some132(C,B), no132(D,C) 0.386138613861
[DEBUG] rsome132(A,B) :- somenot132(B,C), no132(C,A) 0.386138613861
[DEBUG] rsome132(A,B) :- somenot132(B,C), no132(C,D) 0.386138613861
[DEBUG] rsome132(A,B) :- somenot132(B,C), no132(D,A) 0.386138613861
[DEBUG] rsome132(A,B) :- somenot132(B,C), somenot132(A,C) 0.386138613861
[DEBUG] rsome132(A,B) :- somenot132(B,C), somenot132(C,A) 0.386138613861
[DEBUG] rsome132(A,B) :- somenot132(B,C), somenot132(A,D) 0.386138613861
[DEBUG] rsome132(A,B) :- somenot132(B,C), somenot132(C,D) 0.386138613861
[DEBUG] rsome132(A,B) :- somenot132(B,C), somenot132(D,A) 0.386138613861
[DEBUG] rsome132(A,B) :- somenot132(C,A), all132(B,C) 0.386138613861
[DEBUG] rsome132(A,B) :- somenot132(C,A), all132(B,D) 0.386138613861
[DEBUG] rsome132(A,B) :- somenot132(C,A), all132(D,C) 0.386138613861
[DEBUG] rsome132(A,B) :- somenot132(C,A), no132(C,D) 0.386138613861
[DEBUG] rsome132(A,B) :- somenot132(C,A), no132(D,B) 0.386138613861
[DEBUG] rsome132(A,B) :- somenot132(C,A), somenot132(B,D) 0.386138613861
[DEBUG] rsome132(A,B) :- somenot132(C,A), somenot132(D,C) 0.386138613861
[DEBUG] rsome132(A,B) :- all132(B,C), all132(A,C) 0.386138613861
[DEBUG] rsome132(A,B) :- all132(B,C), all132(A,D) 0.386138613861
[DEBUG] rsome132(A,B) :- all132(B,C), somenot132(A,C) 0.386138613861
[DEBUG] rsome132(A,B) :- all132(B,C), somenot132(A,D) 0.386138613861
[DEBUG] rsome132(A,B) :- all132(B,C), somenot132(C,D) 0.386138613861
[DEBUG] rsome132(A,B) :- all132(B,C), somenot132(D,A) 0.386138613861
[DEBUG] rsome132(A,B) :- all132(B,C), somenot132(D,C) 0.386138613861
[DEBUG] rsome132(A,B) :- somenot132(A,C), all132(B,D) 0.386138613861
[DEBUG] rsome132(A,B) :- somenot132(A,C), all132(D,C) 0.386138613861
[DEBUG] rsome132(A,B) :- somenot132(A,C), no132(C,D) 0.386138613861
[DEBUG] rsome132(A,B) :- somenot132(A,C), no132(D,B) 0.386138613861
[DEBUG] rsome132(A,B) :- somenot132(A,C), somenot132(B,D) 0.386138613861
[DEBUG] rsome132(A,B) :- some132(A,C), some132(B,C) 0.386138613861
[DEBUG] rsome132(A,B) :- some132(A,C), some132(C,D) 0.386138613861
[DEBUG] rsome132(A,B) :- some132(A,C), some132(B,D) 0.386138613861
[DEBUG] rsome132(A,B) :- some132(A,C), some132(D,B) 0.386138613861
[DEBUG] rsome132(A,B) :- no132(C,A), no132(D,B) 0.386138613861
[DEBUG] rsome132(A,B) :- no132(C,A), somenot132(C,B) 0.386138613861
[DEBUG] rsome132(A,B) :- no132(C,A), somenot132(C,D) 0.386138613861
[DEBUG] rsome132(A,B) :- no132(C,A), somenot132(B,D) 0.386138613861
[DEBUG] rsome132(A,B) :- no132(C,A), somenot132(D,C) 0.386138613861
[DEBUG] rsome132(A,B) :- no132(C,A), somenot132(D,B) 0.386138613861
[DEBUG] rsome132(A,B) :- all132(A,C), all132(B,D) 0.386138613861
[DEBUG] rsome132(A,B) :- all132(A,C), some132(C,D) 0.386138613861
[DEBUG] rsome132(A,B) :- all132(A,C), some132(D,B) 0.386138613861
[DEBUG] rsome132(A,B) :- no132(A,C), some132(C,D) 0.386138613861
[DEBUG] rsome132(A,B) :- no132(A,C), some132(D,B) 0.386138613861
[DEBUG] rsome132(A,B) :- no132(A,C), no132(C,D) 0.386138613861
[DEBUG] rsome132(A,B) :- no132(A,C), no132(D,B) 0.386138613861
[DEBUG] rsome132(A,B) :- some132(B,C), some132(A,D) 0.386138613861
[DEBUG] rsome132(A,B) :- some132(C,A), no132(B,C) 0.386138613861
[DEBUG] rsome132(A,B) :- some132(C,A), no132(B,D) 0.386138613861
[DEBUG] rsome132(A,B) :- some132(C,A), no132(D,C) 0.386138613861
[DEBUG] rsome132(A,B) :- no132(B,C), some132(C,D) 0.386138613861
[DEBUG] rsome132(A,B) :- no132(B,C), some132(D,A) 0.386138613861
[DEBUG] rsome132(A,B) :- somenot132(C,B), no132(C,D) 0.386138613861
[DEBUG] rsome132(A,B) :- somenot132(C,B), no132(D,A) 0.386138613861
[DEBUG] rsome132(A,B) :- no132(C,B), \+all132(C,A) 0.31987814166
[DEBUG] rsome132(A,B) :- no132(C,B), \+some132(A,C) 0.31987814166
[DEBUG] rsome132(A,B) :- no132(C,B), \+all132(A,C) 0.29702970297
[DEBUG] rsome132(A,B) :- no132(C,B), \+some132(C,A) 0.29702970297
[DEBUG] rsome132(A,B) :- some132(C,B), \+some132(C,A) 0.287128712871
[DEBUG] rsome132(A,B) :- somenot132(B,C), \+all132(A,C) 0.287128712871
[DEBUG] rsome132(A,B) :- somenot132(B,C), \+no132(A,C) 0.287128712871
[DEBUG] rsome132(A,B) :- somenot132(C,A), \+no132(B,C) 0.287128712871
[DEBUG] rsome132(A,B) :- somenot132(C,A), \+somenot132(C,B) 0.287128712871
[DEBUG] rsome132(A,B) :- some132(A,C), \+no132(C,B) 0.269801980198
[DEBUG] rsome132(A,B) :- some132(A,C), \+no132(B,C) 0.269801980198
[DEBUG] rsome132(A,B) :- some132(C,B), \+all132(C,A) 0.263201320132
[DEBUG] rsome132(A,B) :- some132(C,B), \+no132(C,A) 0.263201320132
[DEBUG] rsome132(A,B) :- some132(C,B), \+somenot132(A,C) 0.263201320132
[DEBUG] rsome132(A,B) :- some132(C,B), \+somenot132(C,A) 0.263201320132
[DEBUG] rsome132(A,B) :- somenot132(B,C), \+all132(C,A) 0.263201320132
[DEBUG] rsome132(A,B) :- somenot132(B,C), \+some132(C,A) 0.263201320132
[DEBUG] rsome132(A,B) :- somenot132(C,A), \+some132(C,B) 0.263201320132
[DEBUG] rsome132(A,B) :- somenot132(C,A), \+some132(B,C) 0.263201320132
[DEBUG] rsome132(A,B) :- all132(B,C), \+all132(C,A) 0.263201320132
[DEBUG] rsome132(A,B) :- all132(B,C), \+some132(C,A) 0.263201320132
[DEBUG] rsome132(A,B) :- all132(B,C), \+no132(A,C) 0.263201320132
[DEBUG] rsome132(A,B) :- somenot132(A,C), \+no132(B,C) 0.263201320132
[DEBUG] rsome132(A,B) :- somenot132(A,C), \+somenot132(C,B) 0.263201320132
[DEBUG] rsome132(A,B) :- no132(C,B), \+no132(A,C) 0.242955064737
[DEBUG] rsome132(A,B) :- no132(C,B), \+no132(C,A) 0.242955064737
[DEBUG] rsome132(A,B) :- no132(C,B), \+somenot132(A,C) 0.242955064737
[DEBUG] rsome132(A,B) :- no132(C,B), \+somenot132(C,A) 0.242955064737
[DEBUG] ==================================
[INFO] RULE LEARNED: rsome132(A,B) :- no132(C,B), no132(A,C) 0.846153846154
