[LVL9] Output level: 9
[INFO] Random seed: 0.865029249831
[INFO] Computing scores: 0.0443s
[INFO] Number of examples (M): 122
[INFO] Positive weight (P): 8.0000
[INFO] Negative weight (N): 114.0000
[DEBUG] Best rule so far: rall100(A,B) :- true [0.0]
[DEBUG] Candidates for iteration 1:
[DEBUG] ==================================
[DEBUG] rall100(A,B) :- true 0.0
[DEBUG] ==================================
[LVL9] rall100(A,B) :- all100(A,C) 0.129098360656 (2.0, 13.0, 101.0, 6.0) 0.688524590164 [ACCEPT]
[LVL9] BETTER RULE rall100(A,B) :- all100(A,C) (0.1290983606557377, 2.0) > (0.0, 8.0)
[LVL9] rall100(A,B) :- all100(B,C) 0.191598360656 (3.0, 12.0, 102.0, 5.0) 0.766393442623 [ACCEPT]
[LVL9] BETTER RULE rall100(A,B) :- all100(B,C) (0.1915983606557377, 3.0) > (0.1290983606557377, 2.0)
[LVL9] rall100(A,B) :- all100(C,A) 0.137704918033 (2.0, 12.0, 102.0, 6.0) 0.688524590164 [ACCEPT]
[LVL9] rall100(A,B) :- all100(C,B) 0.0710382513661 (1.0, 13.0, 101.0, 7.0) 0.532786885246 [ACCEPT]
[LVL9] rall100(A,B) :- some100(C,A) 0.0 (1.0, 15.0, 99.0, 7.0) 0.532786885246 [ACCEPT]
[LVL9] rall100(A,B) :- no100(B,C) 0.0 (1.0, 15.0, 99.0, 7.0) 0.532786885246 [ACCEPT]
[LVL9] rall100(A,B) :- no100(C,A) 0.0665983606557 (1.0, 14.0, 100.0, 7.0) 0.532786885246 [ACCEPT]
[LVL9] rall100(A,B) :- no100(C,B) 0.191598360656 (3.0, 12.0, 102.0, 5.0) 0.766393442623 [ACCEPT]
[LVL9] rall100(A,B) :- somenot100(A,C) 0.129098360656 (2.0, 13.0, 101.0, 6.0) 0.688524590164 [ACCEPT]
[DEBUG] Best rule so far: rall100(A,B) :- all100(B,C) [0.191598360656]
[DEBUG] Candidates for iteration 2:
[DEBUG] ==================================
[DEBUG] rall100(A,B) :- all100(B,C) 0.191598360656
[DEBUG] rall100(A,B) :- no100(C,B) 0.191598360656
[DEBUG] rall100(A,B) :- all100(C,A) 0.137704918033
[DEBUG] rall100(A,B) :- all100(A,C) 0.129098360656
[DEBUG] rall100(A,B) :- somenot100(A,C) 0.129098360656
[DEBUG] rall100(A,B) :- all100(C,B) 0.0710382513661
[DEBUG] rall100(A,B) :- no100(C,A) 0.0665983606557
[DEBUG] rall100(A,B) :- some100(C,A) 0.0
[DEBUG] rall100(A,B) :- no100(B,C) 0.0
[DEBUG] ==================================
[LVL9] rall100(A,B) :- all100(B,C), all100(A,C) 0.355191256831 (1.0, 1.0, 113.0, 7.0) 0.532786885246 [ACCEPT]
[LVL9] BETTER RULE rall100(A,B) :- all100(B,C), all100(A,C) (0.3551912568306011, 1.0) > (0.1915983606557377, 3.0)
[LVL9] rall100(A,B) :- all100(B,C), all100(C,A) 0.355191256831 (1.0, 1.0, 113.0, 7.0) 0.532786885246 [ACCEPT]
[LVL9] rall100(A,B) :- all100(B,C), all100(A,D) 0.355191256831 (1.0, 1.0, 113.0, 7.0) 0.532786885246 [ACCEPT]
[LVL9] rall100(A,B) :- all100(B,C), all100(C,D) 0.355191256831 (1.0, 1.0, 113.0, 7.0) 0.532786885246 [ACCEPT]
[LVL9] rall100(A,B) :- all100(B,C), all100(D,A) 0.355191256831 (1.0, 1.0, 113.0, 7.0) 0.532786885246 [ACCEPT]
[LVL9] rall100(A,B) :- all100(B,C), somenot100(A,C) 0.355191256831 (1.0, 1.0, 113.0, 7.0) 0.532786885246 [ACCEPT]
[LVL9] rall100(A,B) :- all100(B,C), somenot100(A,D) 0.355191256831 (1.0, 1.0, 113.0, 7.0) 0.532786885246 [ACCEPT]
[LVL9] rall100(A,B) :- all100(B,C), somenot100(D,C) 0.355191256831 (1.0, 1.0, 113.0, 7.0) 0.532786885246 [ACCEPT]
[LVL9] rall100(A,B) :- all100(B,C), \+all100(A,C) 0.147540983607 (2.0, 11.0, 103.0, 6.0) 0.688524590164 [ACCEPT]
[LVL9] rall100(A,B) :- all100(B,C), \+all100(C,A) 0.147540983607 (2.0, 11.0, 103.0, 6.0) 0.688524590164 [ACCEPT]
[LVL9] rall100(A,B) :- all100(B,C), \+some100(A,C) 0.218969555035 (3.0, 10.0, 104.0, 5.0) 0.766393442623 [ACCEPT]
[LVL9] rall100(A,B) :- all100(B,C), \+some100(C,A) 0.218969555035 (3.0, 10.0, 104.0, 5.0) 0.766393442623 [ACCEPT]
[LVL9] rall100(A,B) :- all100(B,C), \+no100(A,C) 0.218969555035 (3.0, 10.0, 104.0, 5.0) 0.766393442623 [ACCEPT]
[LVL9] rall100(A,B) :- all100(B,C), \+no100(C,A) 0.204371584699 (3.0, 11.0, 103.0, 5.0) 0.766393442623 [ACCEPT]
[LVL9] rall100(A,B) :- all100(B,C), \+somenot100(A,C) 0.147540983607 (2.0, 11.0, 103.0, 6.0) 0.688524590164 [ACCEPT]
[LVL9] rall100(A,B) :- all100(B,C), \+somenot100(C,A) 0.218969555035 (3.0, 10.0, 104.0, 5.0) 0.766393442623 [ACCEPT]
[LVL9] rall100(A,B) :- no100(C,B), some100(C,A) 0.355191256831 (1.0, 1.0, 113.0, 7.0) 0.532786885246 [ACCEPT]
[LVL9] rall100(A,B) :- no100(C,B), some100(C,D) 0.355191256831 (1.0, 1.0, 113.0, 7.0) 0.532786885246 [ACCEPT]
[LVL9] rall100(A,B) :- no100(C,B), some100(D,A) 0.355191256831 (1.0, 1.0, 113.0, 7.0) 0.532786885246 [ACCEPT]
[LVL9] rall100(A,B) :- no100(C,B), no100(C,A) 0.355191256831 (1.0, 1.0, 113.0, 7.0) 0.532786885246 [ACCEPT]
[LVL9] rall100(A,B) :- no100(C,B), no100(D,A) 0.355191256831 (1.0, 1.0, 113.0, 7.0) 0.532786885246 [ACCEPT]
[LVL9] rall100(A,B) :- no100(C,B), somenot100(A,C) 0.355191256831 (1.0, 1.0, 113.0, 7.0) 0.532786885246 [ACCEPT]
[LVL9] rall100(A,B) :- no100(C,B), somenot100(A,D) 0.355191256831 (1.0, 1.0, 113.0, 7.0) 0.532786885246 [ACCEPT]
[LVL9] rall100(A,B) :- no100(C,B), somenot100(D,C) 0.355191256831 (1.0, 1.0, 113.0, 7.0) 0.532786885246 [ACCEPT]
[LVL9] rall100(A,B) :- no100(C,B), \+all100(A,C) 0.204371584699 (3.0, 11.0, 103.0, 5.0) 0.766393442623 [ACCEPT]
[LVL9] rall100(A,B) :- no100(C,B), \+all100(C,A) 0.218969555035 (3.0, 10.0, 104.0, 5.0) 0.766393442623 [ACCEPT]
[LVL9] rall100(A,B) :- no100(C,B), \+some100(A,C) 0.218969555035 (3.0, 10.0, 104.0, 5.0) 0.766393442623 [ACCEPT]
[LVL9] rall100(A,B) :- no100(C,B), \+some100(C,A) 0.147540983607 (2.0, 11.0, 103.0, 6.0) 0.688524590164 [ACCEPT]
[LVL9] rall100(A,B) :- no100(C,B), \+no100(A,C) 0.218969555035 (3.0, 10.0, 104.0, 5.0) 0.766393442623 [ACCEPT]
[LVL9] rall100(A,B) :- no100(C,B), \+no100(C,A) 0.147540983607 (2.0, 11.0, 103.0, 6.0) 0.688524590164 [ACCEPT]
[LVL9] rall100(A,B) :- no100(C,B), \+somenot100(A,C) 0.147540983607 (2.0, 11.0, 103.0, 6.0) 0.688524590164 [ACCEPT]
[LVL9] rall100(A,B) :- no100(C,B), \+somenot100(C,A) 0.218969555035 (3.0, 10.0, 104.0, 5.0) 0.766393442623 [ACCEPT]
[LVL9] rall100(A,B) :- all100(C,A), all100(B,D) 0.355191256831 (1.0, 1.0, 113.0, 7.0) 0.532786885246 [ACCEPT]
[LVL9] rall100(A,B) :- all100(C,A), all100(D,C) 0.355191256831 (1.0, 1.0, 113.0, 7.0) 0.532786885246 [ACCEPT]
[LVL9] rall100(A,B) :- all100(C,A), no100(B,C) 0.355191256831 (1.0, 1.0, 113.0, 7.0) 0.532786885246 [ACCEPT]
[LVL9] rall100(A,B) :- all100(C,A), no100(B,D) 0.355191256831 (1.0, 1.0, 113.0, 7.0) 0.532786885246 [ACCEPT]
[LVL9] rall100(A,B) :- all100(C,A), no100(D,C) 0.355191256831 (1.0, 1.0, 113.0, 7.0) 0.532786885246 [ACCEPT]
[LVL9] rall100(A,B) :- all100(C,A), \+all100(B,C) 0.0819672131148 (1.0, 11.0, 103.0, 7.0) 0.532786885246 [ACCEPT]
[LVL9] rall100(A,B) :- all100(C,A), \+some100(C,B) 0.158890290038 (2.0, 10.0, 104.0, 6.0) 0.688524590164 [ACCEPT]
[LVL9] rall100(A,B) :- all100(C,A), \+some100(B,C) 0.158890290038 (2.0, 10.0, 104.0, 6.0) 0.688524590164 [ACCEPT]
[LVL9] rall100(A,B) :- all100(C,A), \+no100(C,B) 0.158890290038 (2.0, 10.0, 104.0, 6.0) 0.688524590164 [ACCEPT]
[LVL9] rall100(A,B) :- all100(C,A), \+no100(B,C) 0.0819672131148 (1.0, 11.0, 103.0, 7.0) 0.532786885246 [ACCEPT]
[LVL9] rall100(A,B) :- all100(C,A), \+somenot100(C,B) 0.158890290038 (2.0, 10.0, 104.0, 6.0) 0.688524590164 [ACCEPT]
[LVL9] rall100(A,B) :- all100(C,A), \+somenot100(B,C) 0.158890290038 (2.0, 10.0, 104.0, 6.0) 0.688524590164 [ACCEPT]
[LVL9] rall100(A,B) :- all100(A,C), all100(C,B) 0.355191256831 (1.0, 1.0, 113.0, 7.0) 0.532786885246 [ACCEPT]
[LVL9] rall100(A,B) :- all100(A,C), all100(C,D) 0.355191256831 (1.0, 1.0, 113.0, 7.0) 0.532786885246 [ACCEPT]
[LVL9] rall100(A,B) :- all100(A,C), all100(B,D) 0.355191256831 (1.0, 1.0, 113.0, 7.0) 0.532786885246 [ACCEPT]
[LVL9] rall100(A,B) :- all100(A,C), all100(D,B) 0.355191256831 (1.0, 1.0, 113.0, 7.0) 0.532786885246 [ACCEPT]
[LVL9] rall100(A,B) :- all100(A,C), \+all100(C,B) 0.076112412178 (1.0, 12.0, 102.0, 7.0) 0.532786885246 [ACCEPT]
[LVL9] rall100(A,B) :- all100(A,C), \+all100(B,C) 0.076112412178 (1.0, 12.0, 102.0, 7.0) 0.532786885246 [ACCEPT]
[LVL9] rall100(A,B) :- all100(A,C), \+some100(C,B) 0.147540983607 (2.0, 11.0, 103.0, 6.0) 0.688524590164 [ACCEPT]
[LVL9] rall100(A,B) :- all100(A,C), \+some100(B,C) 0.147540983607 (2.0, 11.0, 103.0, 6.0) 0.688524590164 [ACCEPT]
[LVL9] rall100(A,B) :- all100(A,C), \+no100(C,B) 0.137704918033 (2.0, 12.0, 102.0, 6.0) 0.688524590164 [ACCEPT]
[LVL9] rall100(A,B) :- all100(A,C), \+no100(B,C) 0.147540983607 (2.0, 11.0, 103.0, 6.0) 0.688524590164 [ACCEPT]
[LVL9] rall100(A,B) :- all100(A,C), \+somenot100(C,B) 0.147540983607 (2.0, 11.0, 103.0, 6.0) 0.688524590164 [ACCEPT]
[LVL9] rall100(A,B) :- all100(A,C), \+somenot100(B,C) 0.147540983607 (2.0, 11.0, 103.0, 6.0) 0.688524590164 [ACCEPT]
[LVL9] rall100(A,B) :- somenot100(A,C), all100(B,D) 0.355191256831 (1.0, 1.0, 113.0, 7.0) 0.532786885246 [ACCEPT]
[LVL9] rall100(A,B) :- somenot100(A,C), all100(D,C) 0.355191256831 (1.0, 1.0, 113.0, 7.0) 0.532786885246 [ACCEPT]
[LVL9] rall100(A,B) :- somenot100(A,C), no100(C,D) 0.355191256831 (1.0, 1.0, 113.0, 7.0) 0.532786885246 [ACCEPT]
[LVL9] rall100(A,B) :- somenot100(A,C), no100(D,B) 0.355191256831 (1.0, 1.0, 113.0, 7.0) 0.532786885246 [ACCEPT]
[LVL9] rall100(A,B) :- somenot100(A,C), \+all100(C,B) 0.147540983607 (2.0, 11.0, 103.0, 6.0) 0.688524590164 [ACCEPT]
[LVL9] rall100(A,B) :- somenot100(A,C), \+all100(B,C) 0.076112412178 (1.0, 12.0, 102.0, 7.0) 0.532786885246 [ACCEPT]
[LVL9] rall100(A,B) :- somenot100(A,C), \+some100(C,B) 0.147540983607 (2.0, 11.0, 103.0, 6.0) 0.688524590164 [ACCEPT]
[LVL9] rall100(A,B) :- somenot100(A,C), \+some100(B,C) 0.147540983607 (2.0, 11.0, 103.0, 6.0) 0.688524590164 [ACCEPT]
[LVL9] rall100(A,B) :- somenot100(A,C), \+no100(C,B) 0.076112412178 (1.0, 12.0, 102.0, 7.0) 0.532786885246 [ACCEPT]
[LVL9] rall100(A,B) :- somenot100(A,C), \+no100(B,C) 0.147540983607 (2.0, 11.0, 103.0, 6.0) 0.688524590164 [ACCEPT]
[LVL9] rall100(A,B) :- somenot100(A,C), \+somenot100(C,B) 0.137704918033 (2.0, 12.0, 102.0, 6.0) 0.688524590164 [ACCEPT]
[LVL9] rall100(A,B) :- somenot100(A,C), \+somenot100(B,C) 0.147540983607 (2.0, 11.0, 103.0, 6.0) 0.688524590164 [ACCEPT]
[LVL9] rall100(A,B) :- all100(C,B), all100(A,D) 0.355191256831 (1.0, 1.0, 113.0, 7.0) 0.532786885246 [ACCEPT]
[LVL9] rall100(A,B) :- all100(C,B), all100(D,C) 0.355191256831 (1.0, 1.0, 113.0, 7.0) 0.532786885246 [ACCEPT]
[LVL9] rall100(A,B) :- all100(C,B), \+some100(A,C) 0.0819672131148 (1.0, 11.0, 103.0, 7.0) 0.532786885246 [ACCEPT]
[LVL9] rall100(A,B) :- all100(C,B), \+some100(C,A) 0.0819672131148 (1.0, 11.0, 103.0, 7.0) 0.532786885246 [ACCEPT]
[LVL9] rall100(A,B) :- all100(C,B), \+no100(A,C) 0.0819672131148 (1.0, 11.0, 103.0, 7.0) 0.532786885246 [ACCEPT]
[LVL9] rall100(A,B) :- all100(C,B), \+no100(C,A) 0.0819672131148 (1.0, 11.0, 103.0, 7.0) 0.532786885246 [ACCEPT]
[LVL9] rall100(A,B) :- all100(C,B), \+somenot100(A,C) 0.0819672131148 (1.0, 11.0, 103.0, 7.0) 0.532786885246 [ACCEPT]
[LVL9] rall100(A,B) :- all100(C,B), \+somenot100(C,A) 0.0819672131148 (1.0, 11.0, 103.0, 7.0) 0.532786885246 [ACCEPT]
[LVL9] rall100(A,B) :- no100(C,A), no100(D,B) 0.355191256831 (1.0, 1.0, 113.0, 7.0) 0.532786885246 [ACCEPT]
[LVL9] rall100(A,B) :- no100(C,A), \+all100(C,B) 0.076112412178 (1.0, 12.0, 102.0, 7.0) 0.532786885246 [ACCEPT]
[LVL9] rall100(A,B) :- no100(C,A), \+all100(B,C) 0.0710382513661 (1.0, 13.0, 101.0, 7.0) 0.532786885246 [ACCEPT]
[LVL9] rall100(A,B) :- no100(C,A), \+some100(C,B) 0.076112412178 (1.0, 12.0, 102.0, 7.0) 0.532786885246 [ACCEPT]
[LVL9] rall100(A,B) :- no100(C,A), \+some100(B,C) 0.076112412178 (1.0, 12.0, 102.0, 7.0) 0.532786885246 [ACCEPT]
[LVL9] rall100(A,B) :- no100(C,A), \+no100(B,C) 0.076112412178 (1.0, 12.0, 102.0, 7.0) 0.532786885246 [ACCEPT]
[LVL9] rall100(A,B) :- no100(C,A), \+somenot100(C,B) 0.076112412178 (1.0, 12.0, 102.0, 7.0) 0.532786885246 [ACCEPT]
[LVL9] rall100(A,B) :- no100(C,A), \+somenot100(B,C) 0.076112412178 (1.0, 12.0, 102.0, 7.0) 0.532786885246 [ACCEPT]
[LVL9] rall100(A,B) :- some100(C,A), no100(C,D) 0.355191256831 (1.0, 1.0, 113.0, 7.0) 0.532786885246 [ACCEPT]
[LVL9] rall100(A,B) :- some100(C,A), no100(D,B) 0.355191256831 (1.0, 1.0, 113.0, 7.0) 0.532786885246 [ACCEPT]
[LVL9] rall100(A,B) :- some100(C,A), \+all100(C,B) 0.0710382513661 (1.0, 13.0, 101.0, 7.0) 0.532786885246 [ACCEPT]
[LVL9] rall100(A,B) :- some100(C,A), \+all100(B,C) 0.0710382513661 (1.0, 13.0, 101.0, 7.0) 0.532786885246 [ACCEPT]
[LVL9] rall100(A,B) :- some100(C,A), \+some100(C,B) 0.0710382513661 (1.0, 13.0, 101.0, 7.0) 0.532786885246 [ACCEPT]
[LVL9] rall100(A,B) :- some100(C,A), \+some100(B,C) 0.0710382513661 (1.0, 13.0, 101.0, 7.0) 0.532786885246 [ACCEPT]
[LVL9] rall100(A,B) :- some100(C,A), \+no100(B,C) 0.0710382513661 (1.0, 13.0, 101.0, 7.0) 0.532786885246 [ACCEPT]
[LVL9] rall100(A,B) :- some100(C,A), \+somenot100(C,B) 0.0710382513661 (1.0, 13.0, 101.0, 7.0) 0.532786885246 [ACCEPT]
[LVL9] rall100(A,B) :- some100(C,A), \+somenot100(B,C) 0.0710382513661 (1.0, 13.0, 101.0, 7.0) 0.532786885246 [ACCEPT]
[LVL9] rall100(A,B) :- no100(B,C), all100(C,D) 0.355191256831 (1.0, 1.0, 113.0, 7.0) 0.532786885246 [ACCEPT]
[LVL9] rall100(A,B) :- no100(B,C), all100(D,A) 0.355191256831 (1.0, 1.0, 113.0, 7.0) 0.532786885246 [ACCEPT]
[LVL9] rall100(A,B) :- no100(B,C), \+all100(A,C) 0.0710382513661 (1.0, 13.0, 101.0, 7.0) 0.532786885246 [ACCEPT]
[LVL9] rall100(A,B) :- no100(B,C), \+some100(A,C) 0.0710382513661 (1.0, 13.0, 101.0, 7.0) 0.532786885246 [ACCEPT]
[LVL9] rall100(A,B) :- no100(B,C), \+some100(C,A) 0.0710382513661 (1.0, 13.0, 101.0, 7.0) 0.532786885246 [ACCEPT]
[LVL9] rall100(A,B) :- no100(B,C), \+no100(A,C) 0.0710382513661 (1.0, 13.0, 101.0, 7.0) 0.532786885246 [ACCEPT]
[LVL9] rall100(A,B) :- no100(B,C), \+no100(C,A) 0.0710382513661 (1.0, 13.0, 101.0, 7.0) 0.532786885246 [ACCEPT]
[DEBUG] Best rule so far: rall100(A,B) :- all100(B,C), all100(A,C) [0.355191256831]
[DEBUG] Candidates for iteration 3:
[DEBUG] ==================================
[DEBUG] rall100(A,B) :- all100(B,C), all100(A,C) 0.355191256831
[DEBUG] rall100(A,B) :- all100(B,C), all100(C,A) 0.355191256831
[DEBUG] rall100(A,B) :- all100(B,C), all100(A,D) 0.355191256831
[DEBUG] rall100(A,B) :- all100(B,C), all100(C,D) 0.355191256831
[DEBUG] rall100(A,B) :- all100(B,C), all100(D,A) 0.355191256831
[DEBUG] rall100(A,B) :- all100(B,C), somenot100(A,C) 0.355191256831
[DEBUG] rall100(A,B) :- all100(B,C), somenot100(A,D) 0.355191256831
[DEBUG] rall100(A,B) :- all100(B,C), somenot100(D,C) 0.355191256831
[DEBUG] rall100(A,B) :- no100(C,B), some100(C,A) 0.355191256831
[DEBUG] rall100(A,B) :- no100(C,B), some100(C,D) 0.355191256831
[DEBUG] rall100(A,B) :- no100(C,B), some100(D,A) 0.355191256831
[DEBUG] rall100(A,B) :- no100(C,B), no100(C,A) 0.355191256831
[DEBUG] rall100(A,B) :- no100(C,B), no100(D,A) 0.355191256831
[DEBUG] rall100(A,B) :- no100(C,B), somenot100(A,C) 0.355191256831
[DEBUG] rall100(A,B) :- no100(C,B), somenot100(A,D) 0.355191256831
[DEBUG] rall100(A,B) :- no100(C,B), somenot100(D,C) 0.355191256831
[DEBUG] rall100(A,B) :- all100(C,A), all100(B,D) 0.355191256831
[DEBUG] rall100(A,B) :- all100(C,A), all100(D,C) 0.355191256831
[DEBUG] rall100(A,B) :- all100(C,A), no100(B,C) 0.355191256831
[DEBUG] rall100(A,B) :- all100(C,A), no100(B,D) 0.355191256831
[DEBUG] rall100(A,B) :- all100(C,A), no100(D,C) 0.355191256831
[DEBUG] rall100(A,B) :- all100(A,C), all100(C,B) 0.355191256831
[DEBUG] rall100(A,B) :- all100(A,C), all100(C,D) 0.355191256831
[DEBUG] rall100(A,B) :- all100(A,C), all100(B,D) 0.355191256831
[DEBUG] rall100(A,B) :- all100(A,C), all100(D,B) 0.355191256831
[DEBUG] rall100(A,B) :- somenot100(A,C), all100(B,D) 0.355191256831
[DEBUG] rall100(A,B) :- somenot100(A,C), all100(D,C) 0.355191256831
[DEBUG] rall100(A,B) :- somenot100(A,C), no100(C,D) 0.355191256831
[DEBUG] rall100(A,B) :- somenot100(A,C), no100(D,B) 0.355191256831
[DEBUG] rall100(A,B) :- all100(C,B), all100(A,D) 0.355191256831
[DEBUG] rall100(A,B) :- all100(C,B), all100(D,C) 0.355191256831
[DEBUG] rall100(A,B) :- no100(C,A), no100(D,B) 0.355191256831
[DEBUG] rall100(A,B) :- some100(C,A), no100(C,D) 0.355191256831
[DEBUG] rall100(A,B) :- some100(C,A), no100(D,B) 0.355191256831
[DEBUG] rall100(A,B) :- no100(B,C), all100(C,D) 0.355191256831
[DEBUG] rall100(A,B) :- no100(B,C), all100(D,A) 0.355191256831
[DEBUG] rall100(A,B) :- all100(B,C), \+some100(A,C) 0.218969555035
[DEBUG] rall100(A,B) :- all100(B,C), \+some100(C,A) 0.218969555035
[DEBUG] rall100(A,B) :- all100(B,C), \+no100(A,C) 0.218969555035
[DEBUG] rall100(A,B) :- all100(B,C), \+somenot100(C,A) 0.218969555035
[DEBUG] rall100(A,B) :- no100(C,B), \+all100(C,A) 0.218969555035
[DEBUG] rall100(A,B) :- no100(C,B), \+some100(A,C) 0.218969555035
[DEBUG] rall100(A,B) :- no100(C,B), \+no100(A,C) 0.218969555035
[DEBUG] rall100(A,B) :- no100(C,B), \+somenot100(C,A) 0.218969555035
[DEBUG] rall100(A,B) :- all100(B,C), \+no100(C,A) 0.204371584699
[DEBUG] rall100(A,B) :- no100(C,B), \+all100(A,C) 0.204371584699
[DEBUG] rall100(A,B) :- all100(C,A), \+some100(C,B) 0.158890290038
[DEBUG] rall100(A,B) :- all100(C,A), \+some100(B,C) 0.158890290038
[DEBUG] rall100(A,B) :- all100(C,A), \+no100(C,B) 0.158890290038
[DEBUG] rall100(A,B) :- all100(C,A), \+somenot100(C,B) 0.158890290038
[DEBUG] rall100(A,B) :- all100(C,A), \+somenot100(B,C) 0.158890290038
[DEBUG] rall100(A,B) :- all100(B,C), \+all100(A,C) 0.147540983607
[DEBUG] rall100(A,B) :- all100(B,C), \+all100(C,A) 0.147540983607
[DEBUG] rall100(A,B) :- all100(B,C), \+somenot100(A,C) 0.147540983607
[DEBUG] rall100(A,B) :- no100(C,B), \+some100(C,A) 0.147540983607
[DEBUG] rall100(A,B) :- no100(C,B), \+no100(C,A) 0.147540983607
[DEBUG] rall100(A,B) :- no100(C,B), \+somenot100(A,C) 0.147540983607
[DEBUG] rall100(A,B) :- all100(A,C), \+some100(C,B) 0.147540983607
[DEBUG] rall100(A,B) :- all100(A,C), \+some100(B,C) 0.147540983607
[DEBUG] rall100(A,B) :- all100(A,C), \+no100(B,C) 0.147540983607
[DEBUG] rall100(A,B) :- all100(A,C), \+somenot100(C,B) 0.147540983607
[DEBUG] rall100(A,B) :- all100(A,C), \+somenot100(B,C) 0.147540983607
[DEBUG] rall100(A,B) :- somenot100(A,C), \+all100(C,B) 0.147540983607
[DEBUG] rall100(A,B) :- somenot100(A,C), \+some100(C,B) 0.147540983607
[DEBUG] rall100(A,B) :- somenot100(A,C), \+some100(B,C) 0.147540983607
[DEBUG] rall100(A,B) :- somenot100(A,C), \+no100(B,C) 0.147540983607
[DEBUG] rall100(A,B) :- somenot100(A,C), \+somenot100(B,C) 0.147540983607
[DEBUG] rall100(A,B) :- all100(A,C), \+no100(C,B) 0.137704918033
[DEBUG] rall100(A,B) :- somenot100(A,C), \+somenot100(C,B) 0.137704918033
[DEBUG] rall100(A,B) :- all100(C,A), \+all100(B,C) 0.0819672131148
[DEBUG] rall100(A,B) :- all100(C,A), \+no100(B,C) 0.0819672131148
[DEBUG] rall100(A,B) :- all100(C,B), \+some100(A,C) 0.0819672131148
[DEBUG] rall100(A,B) :- all100(C,B), \+some100(C,A) 0.0819672131148
[DEBUG] rall100(A,B) :- all100(C,B), \+no100(A,C) 0.0819672131148
[DEBUG] rall100(A,B) :- all100(C,B), \+no100(C,A) 0.0819672131148
[DEBUG] rall100(A,B) :- all100(C,B), \+somenot100(A,C) 0.0819672131148
[DEBUG] rall100(A,B) :- all100(C,B), \+somenot100(C,A) 0.0819672131148
[DEBUG] rall100(A,B) :- all100(A,C), \+all100(C,B) 0.076112412178
[DEBUG] rall100(A,B) :- all100(A,C), \+all100(B,C) 0.076112412178
[DEBUG] rall100(A,B) :- somenot100(A,C), \+all100(B,C) 0.076112412178
[DEBUG] rall100(A,B) :- somenot100(A,C), \+no100(C,B) 0.076112412178
[DEBUG] rall100(A,B) :- no100(C,A), \+all100(C,B) 0.076112412178
[DEBUG] rall100(A,B) :- no100(C,A), \+some100(C,B) 0.076112412178
[DEBUG] rall100(A,B) :- no100(C,A), \+some100(B,C) 0.076112412178
[DEBUG] rall100(A,B) :- no100(C,A), \+no100(B,C) 0.076112412178
[DEBUG] rall100(A,B) :- no100(C,A), \+somenot100(C,B) 0.076112412178
[DEBUG] rall100(A,B) :- no100(C,A), \+somenot100(B,C) 0.076112412178
[DEBUG] rall100(A,B) :- no100(C,A), \+all100(B,C) 0.0710382513661
[DEBUG] rall100(A,B) :- some100(C,A), \+all100(C,B) 0.0710382513661
[DEBUG] rall100(A,B) :- some100(C,A), \+all100(B,C) 0.0710382513661
[DEBUG] rall100(A,B) :- some100(C,A), \+some100(C,B) 0.0710382513661
[DEBUG] rall100(A,B) :- some100(C,A), \+some100(B,C) 0.0710382513661
[DEBUG] rall100(A,B) :- some100(C,A), \+no100(B,C) 0.0710382513661
[DEBUG] rall100(A,B) :- some100(C,A), \+somenot100(C,B) 0.0710382513661
[DEBUG] rall100(A,B) :- some100(C,A), \+somenot100(B,C) 0.0710382513661
[DEBUG] rall100(A,B) :- no100(B,C), \+all100(A,C) 0.0710382513661
[DEBUG] rall100(A,B) :- no100(B,C), \+some100(A,C) 0.0710382513661
[DEBUG] rall100(A,B) :- no100(B,C), \+some100(C,A) 0.0710382513661
[DEBUG] rall100(A,B) :- no100(B,C), \+no100(A,C) 0.0710382513661
[DEBUG] rall100(A,B) :- no100(B,C), \+no100(C,A) 0.0710382513661
[DEBUG] ==================================
[INFO] RULE LEARNED: rall100(A,B) :- all100(B,C), all100(A,C) 0.934426229508
[DEBUG] Best rule so far: rall100(A,B) :- true [0.0583333333333]
[DEBUG] Candidates for iteration 1:
[DEBUG] ==================================
[DEBUG] rall100(A,B) :- true 0.0583333333333
[DEBUG] ==================================
[LVL9] rall100(A,B) :- all100(A,C) 0.0755952380952 (2.0, 13.0, 101.0, 6.0) 0.529166666667 [ACCEPT]
[LVL9] BETTER RULE rall100(A,B) :- all100(A,C) (0.07559523809523809, 2.0) > (0.058333333333333334, 8.0)
[LVL9] rall100(A,B) :- all100(B,C) 0.147023809524 (3.0, 12.0, 102.0, 5.0) 0.686111111111 [ACCEPT]
[LVL9] BETTER RULE rall100(A,B) :- all100(B,C) (0.1470238095238095, 3.0) > (0.07559523809523809, 2.0)
[LVL9] rall100(A,B) :- all100(C,A) 0.137222222222 (3.0, 13.0, 101.0, 5.0) 0.686111111111 [ACCEPT]
[LVL9] rall100(A,B) :- all100(C,B) 0.0705555555556 (2.0, 14.0, 100.0, 6.0) 0.529166666667 [ACCEPT]
[LVL9] rall100(A,B) :- some100(C,A) 0.0622549019608 (2.0, 16.0, 98.0, 6.0) 0.529166666667 [ACCEPT]
[LVL9] rall100(A,B) :- no100(B,C) 0.0622549019608 (2.0, 16.0, 98.0, 6.0) 0.529166666667 [ACCEPT]
[LVL9] rall100(A,B) :- no100(C,A) 0.0661458333333 (2.0, 15.0, 99.0, 6.0) 0.529166666667 [ACCEPT]
[LVL9] rall100(A,B) :- no100(C,B) 0.191145833333 (4.0, 13.0, 101.0, 4.0) 0.764583333333 [ACCEPT]
[LVL9] BETTER RULE rall100(A,B) :- no100(C,B) (0.19114583333333332, 4.0) > (0.1470238095238095, 3.0)
[LVL9] rall100(A,B) :- somenot100(A,C) 0.128645833333 (3.0, 14.0, 100.0, 5.0) 0.686111111111 [ACCEPT]
[DEBUG] Best rule so far: rall100(A,B) :- no100(C,B) [0.191145833333]
[DEBUG] Candidates for iteration 2:
[DEBUG] ==================================
[DEBUG] rall100(A,B) :- no100(C,B) 0.191145833333
[DEBUG] rall100(A,B) :- all100(B,C) 0.147023809524
[DEBUG] rall100(A,B) :- all100(C,A) 0.137222222222
[DEBUG] rall100(A,B) :- somenot100(A,C) 0.128645833333
[DEBUG] rall100(A,B) :- all100(A,C) 0.0755952380952
[DEBUG] rall100(A,B) :- all100(C,B) 0.0705555555556
[DEBUG] rall100(A,B) :- no100(C,A) 0.0661458333333
[DEBUG] rall100(A,B) :- some100(C,A) 0.0622549019608
[DEBUG] rall100(A,B) :- no100(B,C) 0.0622549019608
[DEBUG] ==================================
[LVL9] rall100(A,B) :- no100(C,B), some100(C,A) 0.352777777778 (2.0, 2.0, 112.0, 6.0) 0.529166666667 [ACCEPT]
[LVL9] BETTER RULE rall100(A,B) :- no100(C,B), some100(C,A) (0.3527777777777778, 2.0) > (0.19114583333333332, 4.0)
[LVL9] rall100(A,B) :- no100(C,B), some100(C,D) 0.352777777778 (2.0, 2.0, 112.0, 6.0) 0.529166666667 [ACCEPT]
[LVL9] rall100(A,B) :- no100(C,B), some100(D,A) 0.352777777778 (2.0, 2.0, 112.0, 6.0) 0.529166666667 [ACCEPT]
[LVL9] rall100(A,B) :- no100(C,B), no100(C,A) 0.352777777778 (2.0, 2.0, 112.0, 6.0) 0.529166666667 [ACCEPT]
[LVL9] rall100(A,B) :- no100(C,B), no100(D,A) 0.352777777778 (2.0, 2.0, 112.0, 6.0) 0.529166666667 [ACCEPT]
[LVL9] rall100(A,B) :- no100(C,B), somenot100(A,C) 0.352777777778 (2.0, 2.0, 112.0, 6.0) 0.529166666667 [ACCEPT]
[LVL9] rall100(A,B) :- no100(C,B), somenot100(A,D) 0.352777777778 (2.0, 2.0, 112.0, 6.0) 0.529166666667 [ACCEPT]
[LVL9] rall100(A,B) :- no100(C,B), somenot100(D,C) 0.352777777778 (2.0, 2.0, 112.0, 6.0) 0.529166666667 [ACCEPT]
[LVL9] rall100(A,B) :- no100(C,B), \+all100(A,C) 0.203888888889 (4.0, 12.0, 102.0, 4.0) 0.764583333333 [ACCEPT]
[LVL9] rall100(A,B) :- no100(C,B), \+all100(C,A) 0.218452380952 (4.0, 11.0, 103.0, 4.0) 0.764583333333 [ACCEPT]
[LVL9] rall100(A,B) :- no100(C,B), \+some100(A,C) 0.218452380952 (4.0, 11.0, 103.0, 4.0) 0.764583333333 [ACCEPT]
[LVL9] rall100(A,B) :- no100(C,B), \+some100(C,A) 0.147023809524 (3.0, 12.0, 102.0, 5.0) 0.686111111111 [ACCEPT]
[LVL9] rall100(A,B) :- no100(C,B), \+no100(A,C) 0.218452380952 (4.0, 11.0, 103.0, 4.0) 0.764583333333 [ACCEPT]
[LVL9] rall100(A,B) :- no100(C,B), \+no100(C,A) 0.147023809524 (3.0, 12.0, 102.0, 5.0) 0.686111111111 [ACCEPT]
[LVL9] rall100(A,B) :- no100(C,B), \+somenot100(A,C) 0.147023809524 (3.0, 12.0, 102.0, 5.0) 0.686111111111 [ACCEPT]
[LVL9] rall100(A,B) :- no100(C,B), \+somenot100(C,A) 0.218452380952 (4.0, 11.0, 103.0, 4.0) 0.764583333333 [ACCEPT]
[LVL9] rall100(A,B) :- all100(B,C), all100(C,A) 0.352777777778 (2.0, 2.0, 112.0, 6.0) 0.529166666667 [ACCEPT]
[LVL9] rall100(A,B) :- all100(B,C), all100(C,D) 0.352777777778 (2.0, 2.0, 112.0, 6.0) 0.529166666667 [ACCEPT]
[LVL9] rall100(A,B) :- all100(B,C), all100(D,A) 0.352777777778 (2.0, 2.0, 112.0, 6.0) 0.529166666667 [ACCEPT]
[LVL9] rall100(A,B) :- all100(B,C), somenot100(A,C) 0.352777777778 (2.0, 2.0, 112.0, 6.0) 0.529166666667 [ACCEPT]
[LVL9] rall100(A,B) :- all100(B,C), somenot100(A,D) 0.352777777778 (2.0, 2.0, 112.0, 6.0) 0.529166666667 [ACCEPT]
[LVL9] rall100(A,B) :- all100(B,C), somenot100(D,C) 0.352777777778 (2.0, 2.0, 112.0, 6.0) 0.529166666667 [ACCEPT]
[LVL9] rall100(A,B) :- all100(B,C), \+all100(C,A) 0.0881944444444 (2.0, 11.0, 103.0, 6.0) 0.529166666667 [ACCEPT]
[LVL9] rall100(A,B) :- all100(B,C), \+some100(A,C) 0.171527777778 (3.0, 10.0, 104.0, 5.0) 0.686111111111 [ACCEPT]
[LVL9] rall100(A,B) :- all100(B,C), \+some100(C,A) 0.171527777778 (3.0, 10.0, 104.0, 5.0) 0.686111111111 [ACCEPT]
[LVL9] rall100(A,B) :- all100(B,C), \+no100(A,C) 0.171527777778 (3.0, 10.0, 104.0, 5.0) 0.686111111111 [ACCEPT]
[LVL9] rall100(A,B) :- all100(B,C), \+no100(C,A) 0.158333333333 (3.0, 11.0, 103.0, 5.0) 0.686111111111 [ACCEPT]
[LVL9] rall100(A,B) :- all100(B,C), \+somenot100(A,C) 0.0881944444444 (2.0, 11.0, 103.0, 6.0) 0.529166666667 [ACCEPT]
[LVL9] rall100(A,B) :- all100(B,C), \+somenot100(C,A) 0.171527777778 (3.0, 10.0, 104.0, 5.0) 0.686111111111 [ACCEPT]
[LVL9] rall100(A,B) :- all100(C,A), all100(B,D) 0.352777777778 (2.0, 2.0, 112.0, 6.0) 0.529166666667 [ACCEPT]
[LVL9] rall100(A,B) :- all100(C,A), all100(D,C) 0.352777777778 (2.0, 2.0, 112.0, 6.0) 0.529166666667 [ACCEPT]
[LVL9] rall100(A,B) :- all100(C,A), no100(B,C) 0.352777777778 (2.0, 2.0, 112.0, 6.0) 0.529166666667 [ACCEPT]
[LVL9] rall100(A,B) :- all100(C,A), no100(B,D) 0.352777777778 (2.0, 2.0, 112.0, 6.0) 0.529166666667 [ACCEPT]
[LVL9] rall100(A,B) :- all100(C,A), no100(D,C) 0.352777777778 (2.0, 2.0, 112.0, 6.0) 0.529166666667 [ACCEPT]
[LVL9] rall100(A,B) :- all100(C,A), \+all100(B,C) 0.0814102564103 (2.0, 12.0, 102.0, 6.0) 0.529166666667 [ACCEPT]
[LVL9] rall100(A,B) :- all100(C,A), \+some100(C,B) 0.158333333333 (3.0, 11.0, 103.0, 5.0) 0.686111111111 [ACCEPT]
[LVL9] rall100(A,B) :- all100(C,A), \+some100(B,C) 0.158333333333 (3.0, 11.0, 103.0, 5.0) 0.686111111111 [ACCEPT]
[LVL9] rall100(A,B) :- all100(C,A), \+no100(C,B) 0.158333333333 (3.0, 11.0, 103.0, 5.0) 0.686111111111 [ACCEPT]
[LVL9] rall100(A,B) :- all100(C,A), \+no100(B,C) 0.0814102564103 (2.0, 12.0, 102.0, 6.0) 0.529166666667 [ACCEPT]
[LVL9] rall100(A,B) :- all100(C,A), \+somenot100(C,B) 0.158333333333 (3.0, 11.0, 103.0, 5.0) 0.686111111111 [ACCEPT]
[LVL9] rall100(A,B) :- all100(C,A), \+somenot100(B,C) 0.158333333333 (3.0, 11.0, 103.0, 5.0) 0.686111111111 [ACCEPT]
[LVL9] rall100(A,B) :- somenot100(A,C), all100(B,D) 0.352777777778 (2.0, 2.0, 112.0, 6.0) 0.529166666667 [ACCEPT]
[LVL9] rall100(A,B) :- somenot100(A,C), all100(D,C) 0.352777777778 (2.0, 2.0, 112.0, 6.0) 0.529166666667 [ACCEPT]
[LVL9] rall100(A,B) :- somenot100(A,C), no100(C,D) 0.352777777778 (2.0, 2.0, 112.0, 6.0) 0.529166666667 [ACCEPT]
[LVL9] rall100(A,B) :- somenot100(A,C), no100(D,B) 0.352777777778 (2.0, 2.0, 112.0, 6.0) 0.529166666667 [ACCEPT]
[LVL9] rall100(A,B) :- somenot100(A,C), \+all100(C,B) 0.147023809524 (3.0, 12.0, 102.0, 5.0) 0.686111111111 [ACCEPT]
[LVL9] rall100(A,B) :- somenot100(A,C), \+all100(B,C) 0.0755952380952 (2.0, 13.0, 101.0, 6.0) 0.529166666667 [ACCEPT]
[LVL9] rall100(A,B) :- somenot100(A,C), \+some100(C,B) 0.147023809524 (3.0, 12.0, 102.0, 5.0) 0.686111111111 [ACCEPT]
[LVL9] rall100(A,B) :- somenot100(A,C), \+some100(B,C) 0.147023809524 (3.0, 12.0, 102.0, 5.0) 0.686111111111 [ACCEPT]
[LVL9] rall100(A,B) :- somenot100(A,C), \+no100(C,B) 0.0755952380952 (2.0, 13.0, 101.0, 6.0) 0.529166666667 [ACCEPT]
[LVL9] rall100(A,B) :- somenot100(A,C), \+no100(B,C) 0.147023809524 (3.0, 12.0, 102.0, 5.0) 0.686111111111 [ACCEPT]
[LVL9] rall100(A,B) :- somenot100(A,C), \+somenot100(C,B) 0.137222222222 (3.0, 13.0, 101.0, 5.0) 0.686111111111 [ACCEPT]
[LVL9] rall100(A,B) :- somenot100(A,C), \+somenot100(B,C) 0.147023809524 (3.0, 12.0, 102.0, 5.0) 0.686111111111 [ACCEPT]
[LVL9] rall100(A,B) :- all100(A,C), all100(C,B) 0.352777777778 (2.0, 2.0, 112.0, 6.0) 0.529166666667 [ACCEPT]
[LVL9] rall100(A,B) :- all100(A,C), all100(C,D) 0.352777777778 (2.0, 2.0, 112.0, 6.0) 0.529166666667 [ACCEPT]
[LVL9] rall100(A,B) :- all100(A,C), all100(D,B) 0.352777777778 (2.0, 2.0, 112.0, 6.0) 0.529166666667 [ACCEPT]
[LVL9] rall100(A,B) :- all100(A,C), \+some100(C,B) 0.0881944444444 (2.0, 11.0, 103.0, 6.0) 0.529166666667 [ACCEPT]
[LVL9] rall100(A,B) :- all100(A,C), \+some100(B,C) 0.0881944444444 (2.0, 11.0, 103.0, 6.0) 0.529166666667 [ACCEPT]
[LVL9] rall100(A,B) :- all100(A,C), \+no100(C,B) 0.0814102564103 (2.0, 12.0, 102.0, 6.0) 0.529166666667 [ACCEPT]
[LVL9] rall100(A,B) :- all100(A,C), \+no100(B,C) 0.0881944444444 (2.0, 11.0, 103.0, 6.0) 0.529166666667 [ACCEPT]
[LVL9] rall100(A,B) :- all100(A,C), \+somenot100(C,B) 0.0881944444444 (2.0, 11.0, 103.0, 6.0) 0.529166666667 [ACCEPT]
[LVL9] rall100(A,B) :- all100(A,C), \+somenot100(B,C) 0.0881944444444 (2.0, 11.0, 103.0, 6.0) 0.529166666667 [ACCEPT]
[LVL9] rall100(A,B) :- all100(C,B), all100(A,D) 0.352777777778 (2.0, 2.0, 112.0, 6.0) 0.529166666667 [ACCEPT]
[LVL9] rall100(A,B) :- all100(C,B), all100(D,C) 0.352777777778 (2.0, 2.0, 112.0, 6.0) 0.529166666667 [ACCEPT]
[LVL9] rall100(A,B) :- all100(C,B), \+some100(A,C) 0.0814102564103 (2.0, 12.0, 102.0, 6.0) 0.529166666667 [ACCEPT]
[LVL9] rall100(A,B) :- all100(C,B), \+some100(C,A) 0.0814102564103 (2.0, 12.0, 102.0, 6.0) 0.529166666667 [ACCEPT]
[LVL9] rall100(A,B) :- all100(C,B), \+no100(A,C) 0.0814102564103 (2.0, 12.0, 102.0, 6.0) 0.529166666667 [ACCEPT]
[LVL9] rall100(A,B) :- all100(C,B), \+no100(C,A) 0.0814102564103 (2.0, 12.0, 102.0, 6.0) 0.529166666667 [ACCEPT]
[LVL9] rall100(A,B) :- all100(C,B), \+somenot100(A,C) 0.0814102564103 (2.0, 12.0, 102.0, 6.0) 0.529166666667 [ACCEPT]
[LVL9] rall100(A,B) :- all100(C,B), \+somenot100(C,A) 0.0814102564103 (2.0, 12.0, 102.0, 6.0) 0.529166666667 [ACCEPT]
[LVL9] rall100(A,B) :- no100(C,A), no100(D,B) 0.352777777778 (2.0, 2.0, 112.0, 6.0) 0.529166666667 [ACCEPT]
[LVL9] rall100(A,B) :- no100(C,A), \+all100(C,B) 0.0755952380952 (2.0, 13.0, 101.0, 6.0) 0.529166666667 [ACCEPT]
[LVL9] rall100(A,B) :- no100(C,A), \+all100(B,C) 0.0705555555556 (2.0, 14.0, 100.0, 6.0) 0.529166666667 [ACCEPT]
[LVL9] rall100(A,B) :- no100(C,A), \+some100(C,B) 0.0755952380952 (2.0, 13.0, 101.0, 6.0) 0.529166666667 [ACCEPT]
[LVL9] rall100(A,B) :- no100(C,A), \+some100(B,C) 0.0755952380952 (2.0, 13.0, 101.0, 6.0) 0.529166666667 [ACCEPT]
[LVL9] rall100(A,B) :- no100(C,A), \+no100(B,C) 0.0755952380952 (2.0, 13.0, 101.0, 6.0) 0.529166666667 [ACCEPT]
[LVL9] rall100(A,B) :- no100(C,A), \+somenot100(C,B) 0.0755952380952 (2.0, 13.0, 101.0, 6.0) 0.529166666667 [ACCEPT]
[LVL9] rall100(A,B) :- no100(C,A), \+somenot100(B,C) 0.0755952380952 (2.0, 13.0, 101.0, 6.0) 0.529166666667 [ACCEPT]
[LVL9] rall100(A,B) :- some100(C,A), no100(C,D) 0.352777777778 (2.0, 2.0, 112.0, 6.0) 0.529166666667 [ACCEPT]
[LVL9] rall100(A,B) :- some100(C,A), no100(D,B) 0.352777777778 (2.0, 2.0, 112.0, 6.0) 0.529166666667 [ACCEPT]
[LVL9] rall100(A,B) :- some100(C,A), \+all100(C,B) 0.0705555555556 (2.0, 14.0, 100.0, 6.0) 0.529166666667 [ACCEPT]
[LVL9] rall100(A,B) :- some100(C,A), \+all100(B,C) 0.0705555555556 (2.0, 14.0, 100.0, 6.0) 0.529166666667 [ACCEPT]
[LVL9] rall100(A,B) :- some100(C,A), \+some100(C,B) 0.0705555555556 (2.0, 14.0, 100.0, 6.0) 0.529166666667 [ACCEPT]
[LVL9] rall100(A,B) :- some100(C,A), \+some100(B,C) 0.0705555555556 (2.0, 14.0, 100.0, 6.0) 0.529166666667 [ACCEPT]
[LVL9] rall100(A,B) :- some100(C,A), \+no100(B,C) 0.0705555555556 (2.0, 14.0, 100.0, 6.0) 0.529166666667 [ACCEPT]
[LVL9] rall100(A,B) :- some100(C,A), \+somenot100(C,B) 0.0705555555556 (2.0, 14.0, 100.0, 6.0) 0.529166666667 [ACCEPT]
[LVL9] rall100(A,B) :- some100(C,A), \+somenot100(B,C) 0.0705555555556 (2.0, 14.0, 100.0, 6.0) 0.529166666667 [ACCEPT]
[LVL9] rall100(A,B) :- no100(B,C), all100(C,D) 0.352777777778 (2.0, 2.0, 112.0, 6.0) 0.529166666667 [ACCEPT]
[LVL9] rall100(A,B) :- no100(B,C), all100(D,A) 0.352777777778 (2.0, 2.0, 112.0, 6.0) 0.529166666667 [ACCEPT]
[LVL9] rall100(A,B) :- no100(B,C), \+all100(A,C) 0.0705555555556 (2.0, 14.0, 100.0, 6.0) 0.529166666667 [ACCEPT]
[LVL9] rall100(A,B) :- no100(B,C), \+some100(A,C) 0.0705555555556 (2.0, 14.0, 100.0, 6.0) 0.529166666667 [ACCEPT]
[LVL9] rall100(A,B) :- no100(B,C), \+some100(C,A) 0.0705555555556 (2.0, 14.0, 100.0, 6.0) 0.529166666667 [ACCEPT]
[LVL9] rall100(A,B) :- no100(B,C), \+no100(A,C) 0.0705555555556 (2.0, 14.0, 100.0, 6.0) 0.529166666667 [ACCEPT]
[LVL9] rall100(A,B) :- no100(B,C), \+no100(C,A) 0.0705555555556 (2.0, 14.0, 100.0, 6.0) 0.529166666667 [ACCEPT]
[LVL9] rall100(A,B) :- no100(B,C), \+somenot100(A,C) 0.0705555555556 (2.0, 14.0, 100.0, 6.0) 0.529166666667 [ACCEPT]
[LVL9] rall100(A,B) :- no100(B,C), \+somenot100(C,A) 0.0705555555556 (2.0, 14.0, 100.0, 6.0) 0.529166666667 [ACCEPT]
[DEBUG] Best rule so far: rall100(A,B) :- no100(C,B), some100(C,A) [0.352777777778]
[DEBUG] Candidates for iteration 3:
[DEBUG] ==================================
[DEBUG] rall100(A,B) :- no100(C,B), some100(C,A) 0.352777777778
[DEBUG] rall100(A,B) :- no100(C,B), some100(C,D) 0.352777777778
[DEBUG] rall100(A,B) :- no100(C,B), some100(D,A) 0.352777777778
[DEBUG] rall100(A,B) :- no100(C,B), no100(C,A) 0.352777777778
[DEBUG] rall100(A,B) :- no100(C,B), no100(D,A) 0.352777777778
[DEBUG] rall100(A,B) :- no100(C,B), somenot100(A,C) 0.352777777778
[DEBUG] rall100(A,B) :- no100(C,B), somenot100(A,D) 0.352777777778
[DEBUG] rall100(A,B) :- no100(C,B), somenot100(D,C) 0.352777777778
[DEBUG] rall100(A,B) :- all100(B,C), all100(C,A) 0.352777777778
[DEBUG] rall100(A,B) :- all100(B,C), all100(C,D) 0.352777777778
[DEBUG] rall100(A,B) :- all100(B,C), all100(D,A) 0.352777777778
[DEBUG] rall100(A,B) :- all100(B,C), somenot100(A,C) 0.352777777778
[DEBUG] rall100(A,B) :- all100(B,C), somenot100(A,D) 0.352777777778
[DEBUG] rall100(A,B) :- all100(B,C), somenot100(D,C) 0.352777777778
[DEBUG] rall100(A,B) :- all100(C,A), all100(B,D) 0.352777777778
[DEBUG] rall100(A,B) :- all100(C,A), all100(D,C) 0.352777777778
[DEBUG] rall100(A,B) :- all100(C,A), no100(B,C) 0.352777777778
[DEBUG] rall100(A,B) :- all100(C,A), no100(B,D) 0.352777777778
[DEBUG] rall100(A,B) :- all100(C,A), no100(D,C) 0.352777777778
[DEBUG] rall100(A,B) :- somenot100(A,C), all100(B,D) 0.352777777778
[DEBUG] rall100(A,B) :- somenot100(A,C), all100(D,C) 0.352777777778
[DEBUG] rall100(A,B) :- somenot100(A,C), no100(C,D) 0.352777777778
[DEBUG] rall100(A,B) :- somenot100(A,C), no100(D,B) 0.352777777778
[DEBUG] rall100(A,B) :- all100(A,C), all100(C,B) 0.352777777778
[DEBUG] rall100(A,B) :- all100(A,C), all100(C,D) 0.352777777778
[DEBUG] rall100(A,B) :- all100(A,C), all100(D,B) 0.352777777778
[DEBUG] rall100(A,B) :- all100(C,B), all100(A,D) 0.352777777778
[DEBUG] rall100(A,B) :- all100(C,B), all100(D,C) 0.352777777778
[DEBUG] rall100(A,B) :- no100(C,A), no100(D,B) 0.352777777778
[DEBUG] rall100(A,B) :- some100(C,A), no100(C,D) 0.352777777778
[DEBUG] rall100(A,B) :- some100(C,A), no100(D,B) 0.352777777778
[DEBUG] rall100(A,B) :- no100(B,C), all100(C,D) 0.352777777778
[DEBUG] rall100(A,B) :- no100(B,C), all100(D,A) 0.352777777778
[DEBUG] rall100(A,B) :- no100(C,B), \+all100(C,A) 0.218452380952
[DEBUG] rall100(A,B) :- no100(C,B), \+some100(A,C) 0.218452380952
[DEBUG] rall100(A,B) :- no100(C,B), \+no100(A,C) 0.218452380952
[DEBUG] rall100(A,B) :- no100(C,B), \+somenot100(C,A) 0.218452380952
[DEBUG] rall100(A,B) :- no100(C,B), \+all100(A,C) 0.203888888889
[DEBUG] rall100(A,B) :- all100(B,C), \+some100(A,C) 0.171527777778
[DEBUG] rall100(A,B) :- all100(B,C), \+some100(C,A) 0.171527777778
[DEBUG] rall100(A,B) :- all100(B,C), \+no100(A,C) 0.171527777778
[DEBUG] rall100(A,B) :- all100(B,C), \+somenot100(C,A) 0.171527777778
[DEBUG] rall100(A,B) :- all100(B,C), \+no100(C,A) 0.158333333333
[DEBUG] rall100(A,B) :- all100(C,A), \+some100(C,B) 0.158333333333
[DEBUG] rall100(A,B) :- all100(C,A), \+some100(B,C) 0.158333333333
[DEBUG] rall100(A,B) :- all100(C,A), \+no100(C,B) 0.158333333333
[DEBUG] rall100(A,B) :- all100(C,A), \+somenot100(C,B) 0.158333333333
[DEBUG] rall100(A,B) :- all100(C,A), \+somenot100(B,C) 0.158333333333
[DEBUG] rall100(A,B) :- no100(C,B), \+some100(C,A) 0.147023809524
[DEBUG] rall100(A,B) :- no100(C,B), \+no100(C,A) 0.147023809524
[DEBUG] rall100(A,B) :- no100(C,B), \+somenot100(A,C) 0.147023809524
[DEBUG] rall100(A,B) :- somenot100(A,C), \+all100(C,B) 0.147023809524
[DEBUG] rall100(A,B) :- somenot100(A,C), \+some100(C,B) 0.147023809524
[DEBUG] rall100(A,B) :- somenot100(A,C), \+some100(B,C) 0.147023809524
[DEBUG] rall100(A,B) :- somenot100(A,C), \+no100(B,C) 0.147023809524
[DEBUG] rall100(A,B) :- somenot100(A,C), \+somenot100(B,C) 0.147023809524
[DEBUG] rall100(A,B) :- somenot100(A,C), \+somenot100(C,B) 0.137222222222
[DEBUG] rall100(A,B) :- all100(B,C), \+all100(C,A) 0.0881944444444
[DEBUG] rall100(A,B) :- all100(B,C), \+somenot100(A,C) 0.0881944444444
[DEBUG] rall100(A,B) :- all100(A,C), \+some100(C,B) 0.0881944444444
[DEBUG] rall100(A,B) :- all100(A,C), \+some100(B,C) 0.0881944444444
[DEBUG] rall100(A,B) :- all100(A,C), \+no100(B,C) 0.0881944444444
[DEBUG] rall100(A,B) :- all100(A,C), \+somenot100(C,B) 0.0881944444444
[DEBUG] rall100(A,B) :- all100(A,C), \+somenot100(B,C) 0.0881944444444
[DEBUG] rall100(A,B) :- all100(C,A), \+all100(B,C) 0.0814102564103
[DEBUG] rall100(A,B) :- all100(C,A), \+no100(B,C) 0.0814102564103
[DEBUG] rall100(A,B) :- all100(A,C), \+no100(C,B) 0.0814102564103
[DEBUG] rall100(A,B) :- all100(C,B), \+some100(A,C) 0.0814102564103
[DEBUG] rall100(A,B) :- all100(C,B), \+some100(C,A) 0.0814102564103
[DEBUG] rall100(A,B) :- all100(C,B), \+no100(A,C) 0.0814102564103
[DEBUG] rall100(A,B) :- all100(C,B), \+no100(C,A) 0.0814102564103
[DEBUG] rall100(A,B) :- all100(C,B), \+somenot100(A,C) 0.0814102564103
[DEBUG] rall100(A,B) :- all100(C,B), \+somenot100(C,A) 0.0814102564103
[DEBUG] rall100(A,B) :- somenot100(A,C), \+all100(B,C) 0.0755952380952
[DEBUG] rall100(A,B) :- somenot100(A,C), \+no100(C,B) 0.0755952380952
[DEBUG] rall100(A,B) :- no100(C,A), \+all100(C,B) 0.0755952380952
[DEBUG] rall100(A,B) :- no100(C,A), \+some100(C,B) 0.0755952380952
[DEBUG] rall100(A,B) :- no100(C,A), \+some100(B,C) 0.0755952380952
[DEBUG] rall100(A,B) :- no100(C,A), \+no100(B,C) 0.0755952380952
[DEBUG] rall100(A,B) :- no100(C,A), \+somenot100(C,B) 0.0755952380952
[DEBUG] rall100(A,B) :- no100(C,A), \+somenot100(B,C) 0.0755952380952
[DEBUG] rall100(A,B) :- no100(C,A), \+all100(B,C) 0.0705555555556
[DEBUG] rall100(A,B) :- some100(C,A), \+all100(C,B) 0.0705555555556
[DEBUG] rall100(A,B) :- some100(C,A), \+all100(B,C) 0.0705555555556
[DEBUG] rall100(A,B) :- some100(C,A), \+some100(C,B) 0.0705555555556
[DEBUG] rall100(A,B) :- some100(C,A), \+some100(B,C) 0.0705555555556
[DEBUG] rall100(A,B) :- some100(C,A), \+no100(B,C) 0.0705555555556
[DEBUG] rall100(A,B) :- some100(C,A), \+somenot100(C,B) 0.0705555555556
[DEBUG] rall100(A,B) :- some100(C,A), \+somenot100(B,C) 0.0705555555556
[DEBUG] rall100(A,B) :- no100(B,C), \+all100(A,C) 0.0705555555556
[DEBUG] rall100(A,B) :- no100(B,C), \+some100(A,C) 0.0705555555556
[DEBUG] rall100(A,B) :- no100(B,C), \+some100(C,A) 0.0705555555556
[DEBUG] rall100(A,B) :- no100(B,C), \+no100(A,C) 0.0705555555556
[DEBUG] rall100(A,B) :- no100(B,C), \+no100(C,A) 0.0705555555556
[DEBUG] rall100(A,B) :- no100(B,C), \+somenot100(A,C) 0.0705555555556
[DEBUG] rall100(A,B) :- no100(B,C), \+somenot100(C,A) 0.0705555555556
[DEBUG] ==================================
[INFO] RULE LEARNED: rall100(A,B) :- no100(C,B), some100(C,A) 0.934426229508
