[LVL9] Output level: 9
[INFO] Random seed: 0.256738167819
[INFO] Computing scores: 0.0357s
[INFO] Number of examples (M): 60
[INFO] Positive weight (P): 5.0000
[INFO] Negative weight (N): 55.0000
[DEBUG] Best rule so far: rnvc34(A,B) :- true [0.0833333333333]
[DEBUG] Candidates for iteration 1:
[DEBUG] ==================================
[DEBUG] rnvc34(A,B) :- true 0.0833333333333
[DEBUG] ==================================
[LVL9] rnvc34(A,B) :- some34(C,A) 0.135416666667 (1.0, 6.0, 49.0, 4.0) 0.541666666667 [ACCEPT]
[LVL9] BETTER RULE rnvc34(A,B) :- some34(C,A) (0.13541666666666666, 1.0) > (0.08333333333333333, 5.0)
[LVL9] rnvc34(A,B) :- no34(A,C) 0.260416666667 (2.0, 5.0, 50.0, 3.0) 0.694444444444 [ACCEPT]
[LVL9] BETTER RULE rnvc34(A,B) :- no34(A,C) (0.2604166666666667, 2.0) > (0.13541666666666666, 1.0)
[LVL9] rnvc34(A,B) :- no34(B,C) 0.231481481481 (2.0, 6.0, 49.0, 3.0) 0.694444444444 [ACCEPT]
[LVL9] rnvc34(A,B) :- no34(C,A) 0.12037037037 (1.0, 7.0, 48.0, 4.0) 0.541666666667 [ACCEPT]
[LVL9] rnvc34(A,B) :- no34(C,B) 0.260416666667 (2.0, 5.0, 50.0, 3.0) 0.694444444444 [ACCEPT]
[LVL9] rnvc34(A,B) :- somenot34(C,A) 0.135416666667 (1.0, 6.0, 49.0, 4.0) 0.541666666667 [ACCEPT]
[LVL9] rnvc34(A,B) :- somenot34(C,B) 0.12037037037 (1.0, 7.0, 48.0, 4.0) 0.541666666667 [ACCEPT]
[DEBUG] Best rule so far: rnvc34(A,B) :- no34(A,C) [0.260416666667]
[DEBUG] Candidates for iteration 2:
[DEBUG] ==================================
[DEBUG] rnvc34(A,B) :- no34(A,C) 0.260416666667
[DEBUG] rnvc34(A,B) :- no34(C,B) 0.260416666667
[DEBUG] rnvc34(A,B) :- no34(B,C) 0.231481481481
[DEBUG] rnvc34(A,B) :- some34(C,A) 0.135416666667
[DEBUG] rnvc34(A,B) :- somenot34(C,A) 0.135416666667
[DEBUG] rnvc34(A,B) :- no34(C,A) 0.12037037037
[DEBUG] rnvc34(A,B) :- somenot34(C,B) 0.12037037037
[DEBUG] ==================================
[LVL9] rnvc34(A,B) :- no34(A,C), no34(B,C) 0.541666666667 (1.0, 0.0, 55.0, 4.0) 0.541666666667 [REJECT* fp] 0.0
[LVL9] BETTER RULE rnvc34(A,B) :- no34(A,C), no34(B,C) (0.5416666666666666, 1.0) > (0.2604166666666667, 2.0)
[LVL9] rnvc34(A,B) :- no34(A,C), \+all34(C,B) 0.297619047619 (2.0, 4.0, 51.0, 3.0) 0.694444444444 [ACCEPT]
[LVL9] rnvc34(A,B) :- no34(A,C), \+some34(C,B) 0.297619047619 (2.0, 4.0, 51.0, 3.0) 0.694444444444 [ACCEPT]
[LVL9] rnvc34(A,B) :- no34(A,C), \+some34(B,C) 0.297619047619 (2.0, 4.0, 51.0, 3.0) 0.694444444444 [ACCEPT]
[LVL9] rnvc34(A,B) :- no34(A,C), \+no34(C,B) 0.297619047619 (2.0, 4.0, 51.0, 3.0) 0.694444444444 [ACCEPT]
[LVL9] rnvc34(A,B) :- no34(A,C), \+somenot34(B,C) 0.297619047619 (2.0, 4.0, 51.0, 3.0) 0.694444444444 [ACCEPT]
[LVL9] rnvc34(A,B) :- no34(C,B), \+all34(A,C) 0.297619047619 (2.0, 4.0, 51.0, 3.0) 0.694444444444 [ACCEPT]
[LVL9] rnvc34(A,B) :- no34(C,B), \+some34(A,C) 0.297619047619 (2.0, 4.0, 51.0, 3.0) 0.694444444444 [ACCEPT]
[LVL9] rnvc34(A,B) :- no34(C,B), \+no34(A,C) 0.297619047619 (2.0, 4.0, 51.0, 3.0) 0.694444444444 [ACCEPT]
[LVL9] rnvc34(A,B) :- no34(C,B), \+no34(C,A) 0.297619047619 (2.0, 4.0, 51.0, 3.0) 0.694444444444 [ACCEPT]
[LVL9] rnvc34(A,B) :- no34(C,B), \+somenot34(A,C) 0.297619047619 (2.0, 4.0, 51.0, 3.0) 0.694444444444 [ACCEPT]
[LVL9] rnvc34(A,B) :- no34(B,C), \+all34(A,C) 0.260416666667 (2.0, 5.0, 50.0, 3.0) 0.694444444444 [ACCEPT]
[LVL9] rnvc34(A,B) :- no34(B,C), \+all34(C,A) 0.260416666667 (2.0, 5.0, 50.0, 3.0) 0.694444444444 [ACCEPT]
[LVL9] rnvc34(A,B) :- no34(B,C), \+some34(A,C) 0.260416666667 (2.0, 5.0, 50.0, 3.0) 0.694444444444 [ACCEPT]
[LVL9] rnvc34(A,B) :- no34(B,C), \+some34(C,A) 0.260416666667 (2.0, 5.0, 50.0, 3.0) 0.694444444444 [ACCEPT]
[LVL9] rnvc34(A,B) :- no34(B,C), \+somenot34(A,C) 0.260416666667 (2.0, 5.0, 50.0, 3.0) 0.694444444444 [ACCEPT]
[LVL9] rnvc34(A,B) :- no34(B,C), \+somenot34(C,A) 0.260416666667 (2.0, 5.0, 50.0, 3.0) 0.694444444444 [ACCEPT]
[DEBUG] Best rule so far: rnvc34(A,B) :- no34(A,C), no34(B,C) [0.541666666667]
[DEBUG] Candidates for iteration 3:
[DEBUG] ==================================
[DEBUG] rnvc34(A,B) :- no34(A,C), \+all34(C,B) 0.297619047619
[DEBUG] rnvc34(A,B) :- no34(A,C), \+some34(C,B) 0.297619047619
[DEBUG] rnvc34(A,B) :- no34(A,C), \+some34(B,C) 0.297619047619
[DEBUG] rnvc34(A,B) :- no34(A,C), \+no34(C,B) 0.297619047619
[DEBUG] rnvc34(A,B) :- no34(A,C), \+somenot34(B,C) 0.297619047619
[DEBUG] rnvc34(A,B) :- no34(C,B), \+all34(A,C) 0.297619047619
[DEBUG] rnvc34(A,B) :- no34(C,B), \+some34(A,C) 0.297619047619
[DEBUG] rnvc34(A,B) :- no34(C,B), \+no34(A,C) 0.297619047619
[DEBUG] rnvc34(A,B) :- no34(C,B), \+no34(C,A) 0.297619047619
[DEBUG] rnvc34(A,B) :- no34(C,B), \+somenot34(A,C) 0.297619047619
[DEBUG] rnvc34(A,B) :- no34(B,C), \+all34(A,C) 0.260416666667
[DEBUG] rnvc34(A,B) :- no34(B,C), \+all34(C,A) 0.260416666667
[DEBUG] rnvc34(A,B) :- no34(B,C), \+some34(A,C) 0.260416666667
[DEBUG] rnvc34(A,B) :- no34(B,C), \+some34(C,A) 0.260416666667
[DEBUG] rnvc34(A,B) :- no34(B,C), \+somenot34(A,C) 0.260416666667
[DEBUG] rnvc34(A,B) :- no34(B,C), \+somenot34(C,A) 0.260416666667
[DEBUG] ==================================
[INFO] RULE LEARNED: rnvc34(A,B) :- no34(A,C), no34(B,C) 0.933333333333
[DEBUG] Best rule so far: rnvc34(A,B) :- true [0.0677966101695]
[DEBUG] Candidates for iteration 1:
[DEBUG] ==================================
[DEBUG] rnvc34(A,B) :- true 0.0677966101695
[DEBUG] ==================================
[LVL9] rnvc34(A,B) :- some34(C,A) 0.133474576271 (2.0, 6.0, 49.0, 3.0) 0.533898305085 [ACCEPT]
[LVL9] BETTER RULE rnvc34(A,B) :- some34(C,A) (0.13347457627118645, 2.0) > (0.06779661016949153, 5.0)
[LVL9] rnvc34(A,B) :- no34(A,C) 0.152542372881 (2.0, 5.0, 50.0, 3.0) 0.533898305085 [ACCEPT]
[LVL9] BETTER RULE rnvc34(A,B) :- no34(A,C) (0.15254237288135594, 2.0) > (0.13347457627118645, 2.0)
[LVL9] rnvc34(A,B) :- no34(B,C) 0.133474576271 (2.0, 6.0, 49.0, 3.0) 0.533898305085 [ACCEPT]
[LVL9] rnvc34(A,B) :- no34(C,A) 0.118644067797 (2.0, 7.0, 48.0, 3.0) 0.533898305085 [ACCEPT]
[LVL9] rnvc34(A,B) :- no34(C,B) 0.258474576271 (3.0, 5.0, 50.0, 2.0) 0.689265536723 [ACCEPT]
[LVL9] BETTER RULE rnvc34(A,B) :- no34(C,B) (0.2584745762711864, 3.0) > (0.15254237288135594, 2.0)
[LVL9] rnvc34(A,B) :- somenot34(C,A) 0.133474576271 (2.0, 6.0, 49.0, 3.0) 0.533898305085 [ACCEPT]
[LVL9] rnvc34(A,B) :- somenot34(C,B) 0.118644067797 (2.0, 7.0, 48.0, 3.0) 0.533898305085 [ACCEPT]
[DEBUG] Best rule so far: rnvc34(A,B) :- no34(C,B) [0.258474576271]
[DEBUG] Candidates for iteration 2:
[DEBUG] ==================================
[DEBUG] rnvc34(A,B) :- no34(C,B) 0.258474576271
[DEBUG] rnvc34(A,B) :- no34(A,C) 0.152542372881
[DEBUG] rnvc34(A,B) :- some34(C,A) 0.133474576271
[DEBUG] rnvc34(A,B) :- no34(B,C) 0.133474576271
[DEBUG] rnvc34(A,B) :- somenot34(C,A) 0.133474576271
[DEBUG] rnvc34(A,B) :- no34(C,A) 0.118644067797
[DEBUG] rnvc34(A,B) :- somenot34(C,B) 0.118644067797
[DEBUG] ==================================
[LVL9] rnvc34(A,B) :- no34(C,B), some34(C,A) 0.533898305085 (2.0, 0.0, 55.0, 3.0) 0.533898305085 [REJECT* fp] 1.0
[LVL9] BETTER RULE rnvc34(A,B) :- no34(C,B), some34(C,A) (0.5338983050847458, 2.0) > (0.2584745762711864, 3.0)
[LVL9] rnvc34(A,B) :- no34(C,B), \+all34(A,C) 0.295399515738 (3.0, 4.0, 51.0, 2.0) 0.689265536723 [ACCEPT]
[LVL9] rnvc34(A,B) :- no34(C,B), \+some34(A,C) 0.295399515738 (3.0, 4.0, 51.0, 2.0) 0.689265536723 [ACCEPT]
[LVL9] rnvc34(A,B) :- no34(C,B), \+no34(A,C) 0.295399515738 (3.0, 4.0, 51.0, 2.0) 0.689265536723 [ACCEPT]
[LVL9] rnvc34(A,B) :- no34(C,B), \+no34(C,A) 0.295399515738 (3.0, 4.0, 51.0, 2.0) 0.689265536723 [ACCEPT]
[LVL9] rnvc34(A,B) :- no34(C,B), \+somenot34(A,C) 0.295399515738 (3.0, 4.0, 51.0, 2.0) 0.689265536723 [ACCEPT]
[DEBUG] Best rule so far: rnvc34(A,B) :- no34(C,B), some34(C,A) [0.533898305085]
[DEBUG] Candidates for iteration 3:
[DEBUG] ==================================
[DEBUG] rnvc34(A,B) :- no34(C,B), \+all34(A,C) 0.295399515738
[DEBUG] rnvc34(A,B) :- no34(C,B), \+some34(A,C) 0.295399515738
[DEBUG] rnvc34(A,B) :- no34(C,B), \+no34(A,C) 0.295399515738
[DEBUG] rnvc34(A,B) :- no34(C,B), \+no34(C,A) 0.295399515738
[DEBUG] rnvc34(A,B) :- no34(C,B), \+somenot34(A,C) 0.295399515738
[DEBUG] ==================================
[INFO] RULE LEARNED: rnvc34(A,B) :- no34(C,B), some34(C,A) 0.95
[DEBUG] Best rule so far: rnvc34(A,B) :- true [0.051724137931]
[DEBUG] Candidates for iteration 1:
[DEBUG] ==================================
[DEBUG] rnvc34(A,B) :- true 0.051724137931
[DEBUG] ==================================
[LVL9] rnvc34(A,B) :- no34(A,C) 0.150246305419 (3.0, 5.0, 50.0, 2.0) 0.525862068966 [ACCEPT]
[LVL9] BETTER RULE rnvc34(A,B) :- no34(A,C) (0.15024630541871922, 3.0) > (0.05172413793103449, 5.0)
[LVL9] rnvc34(A,B) :- no34(B,C) 0.131465517241 (3.0, 6.0, 49.0, 2.0) 0.525862068966 [ACCEPT]
[LVL9] rnvc34(A,B) :- no34(C,A) 0.116858237548 (3.0, 7.0, 48.0, 2.0) 0.525862068966 [ACCEPT]
[LVL9] rnvc34(A,B) :- no34(C,B) 0.150246305419 (3.0, 5.0, 50.0, 2.0) 0.525862068966 [ACCEPT]
[LVL9] rnvc34(A,B) :- somenot34(C,A) 0.131465517241 (3.0, 6.0, 49.0, 2.0) 0.525862068966 [ACCEPT]
[LVL9] rnvc34(A,B) :- somenot34(C,B) 0.116858237548 (3.0, 7.0, 48.0, 2.0) 0.525862068966 [ACCEPT]
[DEBUG] Best rule so far: rnvc34(A,B) :- no34(A,C) [0.150246305419]
[DEBUG] Candidates for iteration 2:
[DEBUG] ==================================
[DEBUG] rnvc34(A,B) :- no34(A,C) 0.150246305419
[DEBUG] rnvc34(A,B) :- no34(C,B) 0.150246305419
[DEBUG] rnvc34(A,B) :- no34(B,C) 0.131465517241
[DEBUG] rnvc34(A,B) :- somenot34(C,A) 0.131465517241
[DEBUG] rnvc34(A,B) :- no34(C,A) 0.116858237548
[DEBUG] rnvc34(A,B) :- somenot34(C,B) 0.116858237548
[DEBUG] ==================================
[LVL9] rnvc34(A,B) :- no34(A,C), somenot34(C,B) 0.525862068966 (3.0, 0.0, 55.0, 2.0) 0.525862068966 [REJECT* fp] 2.0
[LVL9] BETTER RULE rnvc34(A,B) :- no34(A,C), somenot34(C,B) (0.5258620689655172, 3.0) > (0.15024630541871922, 3.0)
[INFO] RULE LEARNED: rnvc34(A,B) :- no34(A,C), somenot34(C,B) 0.966666666667
[DEBUG] Best rule so far: rnvc34(A,B) :- true [0.0350877192982]
[DEBUG] Candidates for iteration 1:
[DEBUG] ==================================
[DEBUG] rnvc34(A,B) :- true 0.0350877192982
[DEBUG] ==================================
[LVL9] rnvc34(A,B) :- no34(B,C) 0.129385964912 (4.0, 6.0, 49.0, 1.0) 0.517543859649 [ACCEPT]
[LVL9] BETTER RULE rnvc34(A,B) :- no34(B,C) (0.12938596491228072, 4.0) > (0.03508771929824562, 5.0)
[LVL9] rnvc34(A,B) :- no34(C,A) 0.115009746589 (4.0, 7.0, 48.0, 1.0) 0.517543859649 [ACCEPT]
[LVL9] rnvc34(A,B) :- no34(C,B) 0.147869674185 (4.0, 5.0, 50.0, 1.0) 0.517543859649 [ACCEPT]
[LVL9] BETTER RULE rnvc34(A,B) :- no34(C,B) (0.14786967418546368, 4.0) > (0.12938596491228072, 4.0)
[LVL9] rnvc34(A,B) :- somenot34(C,A) 0.129385964912 (4.0, 6.0, 49.0, 1.0) 0.517543859649 [ACCEPT]
[DEBUG] Best rule so far: rnvc34(A,B) :- no34(C,B) [0.147869674185]
[DEBUG] Candidates for iteration 2:
[DEBUG] ==================================
[DEBUG] rnvc34(A,B) :- no34(C,B) 0.147869674185
[DEBUG] rnvc34(A,B) :- no34(B,C) 0.129385964912
[DEBUG] rnvc34(A,B) :- somenot34(C,A) 0.129385964912
[DEBUG] rnvc34(A,B) :- no34(C,A) 0.115009746589
[DEBUG] ==================================
[LVL9] rnvc34(A,B) :- no34(C,B), somenot34(C,A) 0.517543859649 (4.0, 0.0, 55.0, 1.0) 0.517543859649 [REJECT* fp] 3.0
[LVL9] BETTER RULE rnvc34(A,B) :- no34(C,B), somenot34(C,A) (0.5175438596491229, 4.0) > (0.14786967418546368, 4.0)
[INFO] RULE LEARNED: rnvc34(A,B) :- no34(C,B), somenot34(C,A) 0.983333333333
[DEBUG] Best rule so far: rnvc34(A,B) :- true [0.0178571428571]
[DEBUG] Candidates for iteration 1:
[DEBUG] ==================================
[DEBUG] rnvc34(A,B) :- true 0.0178571428571
[DEBUG] ==================================
[LVL9] rnvc34(A,B) :- no34(B,C) 0.127232142857 (5.0, 6.0, 49.0, 0.0) 0.508928571429 [ACCEPT]
[LVL9] BETTER RULE rnvc34(A,B) :- no34(B,C) (0.12723214285714285, 5.0) > (0.017857142857142856, 5.0)
[LVL9] rnvc34(A,B) :- no34(C,A) 0.113095238095 (5.0, 7.0, 48.0, 0.0) 0.508928571429 [ACCEPT]
[DEBUG] Best rule so far: rnvc34(A,B) :- no34(B,C) [0.127232142857]
[DEBUG] Candidates for iteration 2:
[DEBUG] ==================================
[DEBUG] rnvc34(A,B) :- no34(B,C) 0.127232142857
[DEBUG] rnvc34(A,B) :- no34(C,A) 0.113095238095
[DEBUG] ==================================
[LVL9] rnvc34(A,B) :- no34(B,C), no34(C,A) 0.508928571429 (5.0, 0.0, 55.0, 0.0) 0.508928571429 [REJECT* fp] 4.0
[LVL9] BETTER RULE rnvc34(A,B) :- no34(B,C), no34(C,A) (0.5089285714285714, 5.0) > (0.12723214285714285, 5.0)
[INFO] RULE LEARNED: rnvc34(A,B) :- no34(B,C), no34(C,A) 1.0
[DEBUG] Best rule so far: rnvc34(A,B) :- true [0.0]
[DEBUG] Candidates for iteration 1:
[DEBUG] ==================================
[DEBUG] rnvc34(A,B) :- true 0.0
[DEBUG] ==================================
[INFO] RULE LEARNED: rnvc34(A,B) :- true 1.0
