[LVL9] Output level: 9
[INFO] Random seed: 0.844286419698
[INFO] Computing scores: 0.1092s
[INFO] Number of examples (M): 116
[INFO] Positive weight (P): 8.0000
[INFO] Negative weight (N): 108.0000
[DEBUG] Best rule so far: rsome66(A,B) :- true [0.0689655172414]
[DEBUG] Candidates for iteration 1:
[DEBUG] ==================================
[DEBUG] rsome66(A,B) :- true 0.0689655172414
[DEBUG] ==================================
[LVL9] rsome66(A,B) :- all66(A,C) 0.076354679803 (1.0, 12.0, 96.0, 7.0) 0.534482758621 [ACCEPT]
[LVL9] BETTER RULE rsome66(A,B) :- all66(A,C) (0.07635467980295566, 1.0) > (0.06896551724137931, 8.0)
[LVL9] rsome66(A,B) :- all66(C,A) 0.129310344828 (2.0, 13.0, 95.0, 6.0) 0.689655172414 [ACCEPT]
[LVL9] BETTER RULE rsome66(A,B) :- all66(C,A) (0.12931034482758622, 2.0) > (0.07635467980295566, 1.0)
[LVL9] rsome66(A,B) :- all66(C,B) 0.0 (1.0, 14.0, 94.0, 7.0) 0.534482758621 [ACCEPT]
[LVL9] rsome66(A,B) :- some66(A,C) 0.076354679803 (1.0, 12.0, 96.0, 7.0) 0.534482758621 [ACCEPT]
[LVL9] rsome66(A,B) :- some66(B,C) 0.147783251232 (2.0, 11.0, 97.0, 6.0) 0.689655172414 [ACCEPT]
[LVL9] BETTER RULE rsome66(A,B) :- some66(B,C) (0.1477832512315271, 2.0) > (0.12931034482758622, 2.0)
[LVL9] rsome66(A,B) :- some66(C,B) 0.204597701149 (3.0, 11.0, 97.0, 5.0) 0.76724137931 [ACCEPT]
[LVL9] BETTER RULE rsome66(A,B) :- some66(C,B) (0.2045977011494253, 3.0) > (0.1477832512315271, 2.0)
[LVL9] rsome66(A,B) :- no66(A,C) 0.121703853955 (2.0, 14.0, 94.0, 6.0) 0.689655172414 [ACCEPT]
[LVL9] rsome66(A,B) :- no66(C,A) 0.0 (1.0, 14.0, 94.0, 7.0) 0.534482758621 [ACCEPT]
[LVL9] rsome66(A,B) :- somenot66(B,C) 0.121703853955 (2.0, 14.0, 94.0, 6.0) 0.689655172414 [ACCEPT]
[LVL9] rsome66(A,B) :- somenot66(C,A) 0.0712643678161 (1.0, 13.0, 95.0, 7.0) 0.534482758621 [ACCEPT]
[DEBUG] Best rule so far: rsome66(A,B) :- some66(C,B) [0.204597701149]
[DEBUG] Candidates for iteration 2:
[DEBUG] ==================================
[DEBUG] rsome66(A,B) :- some66(C,B) 0.204597701149
[DEBUG] rsome66(A,B) :- some66(B,C) 0.147783251232
[DEBUG] rsome66(A,B) :- all66(C,A) 0.129310344828
[DEBUG] rsome66(A,B) :- no66(A,C) 0.121703853955
[DEBUG] rsome66(A,B) :- somenot66(B,C) 0.121703853955
[DEBUG] rsome66(A,B) :- all66(A,C) 0.076354679803
[DEBUG] rsome66(A,B) :- some66(A,C) 0.076354679803
[DEBUG] rsome66(A,B) :- somenot66(C,A) 0.0712643678161
[DEBUG] rsome66(A,B) :- all66(C,B) 0.0
[DEBUG] rsome66(A,B) :- no66(C,A) 0.0
[DEBUG] ==================================
[LVL9] rsome66(A,B) :- some66(C,B), all66(A,C) 0.534482758621 (1.0, 0.0, 108.0, 7.0) 0.534482758621 [REJECT* fp] 0.0
[LVL9] BETTER RULE rsome66(A,B) :- some66(C,B), all66(A,C) (0.5344827586206896, 1.0) > (0.2045977011494253, 3.0)
[LVL9] rsome66(A,B) :- some66(C,B), \+all66(C,A) 0.159151193634 (2.0, 10.0, 98.0, 6.0) 0.689655172414 [ACCEPT]
[LVL9] rsome66(A,B) :- some66(C,B), \+some66(A,C) 0.159151193634 (2.0, 10.0, 98.0, 6.0) 0.689655172414 [ACCEPT]
[LVL9] rsome66(A,B) :- some66(C,B), \+some66(C,A) 0.236074270557 (3.0, 9.0, 99.0, 5.0) 0.76724137931 [ACCEPT]
[LVL9] rsome66(A,B) :- some66(C,B), \+no66(A,C) 0.236074270557 (3.0, 9.0, 99.0, 5.0) 0.76724137931 [ACCEPT]
[LVL9] rsome66(A,B) :- some66(C,B), \+no66(C,A) 0.21921182266 (3.0, 10.0, 98.0, 5.0) 0.76724137931 [ACCEPT]
[LVL9] rsome66(A,B) :- some66(C,B), \+somenot66(A,C) 0.236074270557 (3.0, 9.0, 99.0, 5.0) 0.76724137931 [ACCEPT]
[LVL9] rsome66(A,B) :- some66(C,B), \+somenot66(C,A) 0.236074270557 (3.0, 9.0, 99.0, 5.0) 0.76724137931 [ACCEPT]
[LVL9] rsome66(A,B) :- some66(B,C), \+all66(A,C) 0.159151193634 (2.0, 10.0, 98.0, 6.0) 0.689655172414 [ACCEPT]
[LVL9] rsome66(A,B) :- some66(B,C), \+all66(C,A) 0.159151193634 (2.0, 10.0, 98.0, 6.0) 0.689655172414 [ACCEPT]
[LVL9] rsome66(A,B) :- some66(B,C), \+some66(A,C) 0.172413793103 (2.0, 9.0, 99.0, 6.0) 0.689655172414 [ACCEPT]
[LVL9] rsome66(A,B) :- some66(B,C), \+some66(C,A) 0.172413793103 (2.0, 9.0, 99.0, 6.0) 0.689655172414 [ACCEPT]
[LVL9] rsome66(A,B) :- some66(B,C), \+somenot66(A,C) 0.172413793103 (2.0, 9.0, 99.0, 6.0) 0.689655172414 [ACCEPT]
[LVL9] rsome66(A,B) :- some66(B,C), \+somenot66(C,A) 0.159151193634 (2.0, 10.0, 98.0, 6.0) 0.689655172414 [ACCEPT]
[LVL9] rsome66(A,B) :- all66(C,A), \+all66(C,B) 0.147783251232 (2.0, 11.0, 97.0, 6.0) 0.689655172414 [ACCEPT]
[LVL9] rsome66(A,B) :- all66(C,A), \+all66(B,C) 0.147783251232 (2.0, 11.0, 97.0, 6.0) 0.689655172414 [ACCEPT]
[LVL9] rsome66(A,B) :- all66(C,A), \+some66(B,C) 0.137931034483 (2.0, 12.0, 96.0, 6.0) 0.689655172414 [ACCEPT]
[LVL9] rsome66(A,B) :- all66(C,A), \+no66(C,B) 0.147783251232 (2.0, 11.0, 97.0, 6.0) 0.689655172414 [ACCEPT]
[LVL9] rsome66(A,B) :- all66(C,A), \+no66(B,C) 0.147783251232 (2.0, 11.0, 97.0, 6.0) 0.689655172414 [ACCEPT]
[LVL9] rsome66(A,B) :- all66(C,A), \+somenot66(C,B) 0.147783251232 (2.0, 11.0, 97.0, 6.0) 0.689655172414 [ACCEPT]
[LVL9] rsome66(A,B) :- no66(A,C), \+all66(C,B) 0.137931034483 (2.0, 12.0, 96.0, 6.0) 0.689655172414 [ACCEPT]
[LVL9] rsome66(A,B) :- no66(A,C), \+all66(B,C) 0.137931034483 (2.0, 12.0, 96.0, 6.0) 0.689655172414 [ACCEPT]
[LVL9] rsome66(A,B) :- no66(A,C), \+some66(C,B) 0.137931034483 (2.0, 12.0, 96.0, 6.0) 0.689655172414 [ACCEPT]
[LVL9] rsome66(A,B) :- no66(A,C), \+no66(C,B) 0.137931034483 (2.0, 12.0, 96.0, 6.0) 0.689655172414 [ACCEPT]
[LVL9] rsome66(A,B) :- no66(A,C), \+no66(B,C) 0.137931034483 (2.0, 12.0, 96.0, 6.0) 0.689655172414 [ACCEPT]
[LVL9] rsome66(A,B) :- no66(A,C), \+somenot66(C,B) 0.137931034483 (2.0, 12.0, 96.0, 6.0) 0.689655172414 [ACCEPT]
[LVL9] rsome66(A,B) :- somenot66(B,C), \+all66(A,C) 0.137931034483 (2.0, 12.0, 96.0, 6.0) 0.689655172414 [ACCEPT]
[LVL9] rsome66(A,B) :- somenot66(B,C), \+some66(A,C) 0.137931034483 (2.0, 12.0, 96.0, 6.0) 0.689655172414 [ACCEPT]
[LVL9] rsome66(A,B) :- somenot66(B,C), \+some66(C,A) 0.137931034483 (2.0, 12.0, 96.0, 6.0) 0.689655172414 [ACCEPT]
[LVL9] rsome66(A,B) :- somenot66(B,C), \+no66(C,A) 0.137931034483 (2.0, 12.0, 96.0, 6.0) 0.689655172414 [ACCEPT]
[LVL9] rsome66(A,B) :- somenot66(B,C), \+somenot66(A,C) 0.137931034483 (2.0, 12.0, 96.0, 6.0) 0.689655172414 [ACCEPT]
[LVL9] rsome66(A,B) :- somenot66(B,C), \+somenot66(C,A) 0.137931034483 (2.0, 12.0, 96.0, 6.0) 0.689655172414 [ACCEPT]
[DEBUG] Best rule so far: rsome66(A,B) :- some66(C,B), all66(A,C) [0.534482758621]
[DEBUG] Candidates for iteration 3:
[DEBUG] ==================================
[DEBUG] rsome66(A,B) :- some66(C,B), \+some66(C,A) 0.236074270557
[DEBUG] rsome66(A,B) :- some66(C,B), \+no66(A,C) 0.236074270557
[DEBUG] rsome66(A,B) :- some66(C,B), \+somenot66(A,C) 0.236074270557
[DEBUG] rsome66(A,B) :- some66(C,B), \+somenot66(C,A) 0.236074270557
[DEBUG] rsome66(A,B) :- some66(C,B), \+no66(C,A) 0.21921182266
[DEBUG] rsome66(A,B) :- some66(B,C), \+some66(A,C) 0.172413793103
[DEBUG] rsome66(A,B) :- some66(B,C), \+some66(C,A) 0.172413793103
[DEBUG] rsome66(A,B) :- some66(B,C), \+somenot66(A,C) 0.172413793103
[DEBUG] rsome66(A,B) :- some66(C,B), \+all66(C,A) 0.159151193634
[DEBUG] rsome66(A,B) :- some66(C,B), \+some66(A,C) 0.159151193634
[DEBUG] rsome66(A,B) :- some66(B,C), \+all66(A,C) 0.159151193634
[DEBUG] rsome66(A,B) :- some66(B,C), \+all66(C,A) 0.159151193634
[DEBUG] rsome66(A,B) :- some66(B,C), \+somenot66(C,A) 0.159151193634
[DEBUG] rsome66(A,B) :- all66(C,A), \+all66(C,B) 0.147783251232
[DEBUG] rsome66(A,B) :- all66(C,A), \+all66(B,C) 0.147783251232
[DEBUG] rsome66(A,B) :- all66(C,A), \+no66(C,B) 0.147783251232
[DEBUG] rsome66(A,B) :- all66(C,A), \+no66(B,C) 0.147783251232
[DEBUG] rsome66(A,B) :- all66(C,A), \+somenot66(C,B) 0.147783251232
[DEBUG] rsome66(A,B) :- all66(C,A), \+some66(B,C) 0.137931034483
[DEBUG] rsome66(A,B) :- no66(A,C), \+all66(C,B) 0.137931034483
[DEBUG] rsome66(A,B) :- no66(A,C), \+all66(B,C) 0.137931034483
[DEBUG] rsome66(A,B) :- no66(A,C), \+some66(C,B) 0.137931034483
[DEBUG] rsome66(A,B) :- no66(A,C), \+no66(C,B) 0.137931034483
[DEBUG] rsome66(A,B) :- no66(A,C), \+no66(B,C) 0.137931034483
[DEBUG] rsome66(A,B) :- no66(A,C), \+somenot66(C,B) 0.137931034483
[DEBUG] rsome66(A,B) :- somenot66(B,C), \+all66(A,C) 0.137931034483
[DEBUG] rsome66(A,B) :- somenot66(B,C), \+some66(A,C) 0.137931034483
[DEBUG] rsome66(A,B) :- somenot66(B,C), \+some66(C,A) 0.137931034483
[DEBUG] rsome66(A,B) :- somenot66(B,C), \+no66(C,A) 0.137931034483
[DEBUG] rsome66(A,B) :- somenot66(B,C), \+somenot66(A,C) 0.137931034483
[DEBUG] rsome66(A,B) :- somenot66(B,C), \+somenot66(C,A) 0.137931034483
[DEBUG] ==================================
[INFO] RULE LEARNED: rsome66(A,B) :- some66(C,B), all66(A,C) 0.939655172414
[DEBUG] Best rule so far: rsome66(A,B) :- true [0.0608695652174]
[DEBUG] Candidates for iteration 1:
[DEBUG] ==================================
[DEBUG] rsome66(A,B) :- true 0.0608695652174
[DEBUG] ==================================
[LVL9] rsome66(A,B) :- all66(C,A) 0.128804347826 (3.0, 13.0, 95.0, 5.0) 0.686956521739 [ACCEPT]
[LVL9] BETTER RULE rsome66(A,B) :- all66(C,A) (0.12880434782608696, 3.0) > (0.06086956521739131, 8.0)
[LVL9] rsome66(A,B) :- all66(C,B) 0.0663043478261 (2.0, 14.0, 94.0, 6.0) 0.530434782609 [ACCEPT]
[LVL9] rsome66(A,B) :- some66(A,C) 0.0757763975155 (2.0, 12.0, 96.0, 6.0) 0.530434782609 [ACCEPT]
[LVL9] rsome66(A,B) :- some66(B,C) 0.147204968944 (3.0, 11.0, 97.0, 5.0) 0.686956521739 [ACCEPT]
[LVL9] BETTER RULE rsome66(A,B) :- some66(B,C) (0.14720496894409937, 3.0) > (0.12880434782608696, 3.0)
[LVL9] rsome66(A,B) :- some66(C,B) 0.147204968944 (3.0, 11.0, 97.0, 5.0) 0.686956521739 [ACCEPT]
[LVL9] rsome66(A,B) :- no66(A,C) 0.121227621483 (3.0, 14.0, 94.0, 5.0) 0.686956521739 [ACCEPT]
[LVL9] rsome66(A,B) :- no66(C,A) 0.0663043478261 (2.0, 14.0, 94.0, 6.0) 0.530434782609 [ACCEPT]
[LVL9] rsome66(A,B) :- somenot66(B,C) 0.121227621483 (3.0, 14.0, 94.0, 5.0) 0.686956521739 [ACCEPT]
[LVL9] rsome66(A,B) :- somenot66(C,A) 0.0707246376812 (2.0, 13.0, 95.0, 6.0) 0.530434782609 [ACCEPT]
[DEBUG] Best rule so far: rsome66(A,B) :- some66(B,C) [0.147204968944]
[DEBUG] Candidates for iteration 2:
[DEBUG] ==================================
[DEBUG] rsome66(A,B) :- some66(B,C) 0.147204968944
[DEBUG] rsome66(A,B) :- some66(C,B) 0.147204968944
[DEBUG] rsome66(A,B) :- all66(C,A) 0.128804347826
[DEBUG] rsome66(A,B) :- no66(A,C) 0.121227621483
[DEBUG] rsome66(A,B) :- somenot66(B,C) 0.121227621483
[DEBUG] rsome66(A,B) :- some66(A,C) 0.0757763975155
[DEBUG] rsome66(A,B) :- somenot66(C,A) 0.0707246376812
[DEBUG] rsome66(A,B) :- all66(C,B) 0.0663043478261
[DEBUG] rsome66(A,B) :- no66(C,A) 0.0663043478261
[DEBUG] ==================================
[LVL9] rsome66(A,B) :- some66(B,C), no66(A,C) 0.353623188406 (2.0, 1.0, 107.0, 6.0) 0.530434782609 [ACCEPT]
[LVL9] BETTER RULE rsome66(A,B) :- some66(B,C), no66(A,C) (0.35362318840579715, 2.0) > (0.14720496894409937, 3.0)
[LVL9] rsome66(A,B) :- some66(B,C), no66(C,A) 0.353623188406 (2.0, 1.0, 107.0, 6.0) 0.530434782609 [ACCEPT]
[LVL9] rsome66(A,B) :- some66(B,C), no66(A,D) 0.353623188406 (2.0, 1.0, 107.0, 6.0) 0.530434782609 [ACCEPT]
[LVL9] rsome66(A,B) :- some66(B,C), no66(C,D) 0.353623188406 (2.0, 1.0, 107.0, 6.0) 0.530434782609 [ACCEPT]
[LVL9] rsome66(A,B) :- some66(B,C), no66(D,A) 0.353623188406 (2.0, 1.0, 107.0, 6.0) 0.530434782609 [ACCEPT]
[LVL9] rsome66(A,B) :- some66(B,C), no66(D,C) 0.353623188406 (2.0, 1.0, 107.0, 6.0) 0.530434782609 [ACCEPT]
[LVL9] rsome66(A,B) :- some66(B,C), \+all66(A,C) 0.158528428094 (3.0, 10.0, 98.0, 5.0) 0.686956521739 [ACCEPT]
[LVL9] rsome66(A,B) :- some66(B,C), \+all66(C,A) 0.158528428094 (3.0, 10.0, 98.0, 5.0) 0.686956521739 [ACCEPT]
[LVL9] rsome66(A,B) :- some66(B,C), \+some66(A,C) 0.171739130435 (3.0, 9.0, 99.0, 5.0) 0.686956521739 [ACCEPT]
[LVL9] rsome66(A,B) :- some66(B,C), \+some66(C,A) 0.171739130435 (3.0, 9.0, 99.0, 5.0) 0.686956521739 [ACCEPT]
[LVL9] rsome66(A,B) :- some66(B,C), \+no66(A,C) 0.0884057971014 (2.0, 10.0, 98.0, 6.0) 0.530434782609 [ACCEPT]
[LVL9] rsome66(A,B) :- some66(B,C), \+no66(C,A) 0.0884057971014 (2.0, 10.0, 98.0, 6.0) 0.530434782609 [ACCEPT]
[LVL9] rsome66(A,B) :- some66(B,C), \+somenot66(A,C) 0.171739130435 (3.0, 9.0, 99.0, 5.0) 0.686956521739 [ACCEPT]
[LVL9] rsome66(A,B) :- some66(B,C), \+somenot66(C,A) 0.158528428094 (3.0, 10.0, 98.0, 5.0) 0.686956521739 [ACCEPT]
[LVL9] rsome66(A,B) :- some66(C,B), all66(C,A) 0.353623188406 (2.0, 1.0, 107.0, 6.0) 0.530434782609 [ACCEPT]
[LVL9] rsome66(A,B) :- some66(C,B), all66(C,D) 0.353623188406 (2.0, 1.0, 107.0, 6.0) 0.530434782609 [ACCEPT]
[LVL9] rsome66(A,B) :- some66(C,B), all66(D,A) 0.353623188406 (2.0, 1.0, 107.0, 6.0) 0.530434782609 [ACCEPT]
[LVL9] rsome66(A,B) :- some66(C,B), some66(A,C) 0.353623188406 (2.0, 1.0, 107.0, 6.0) 0.530434782609 [ACCEPT]
[LVL9] rsome66(A,B) :- some66(C,B), some66(A,D) 0.353623188406 (2.0, 1.0, 107.0, 6.0) 0.530434782609 [ACCEPT]
[LVL9] rsome66(A,B) :- some66(C,B), some66(D,C) 0.353623188406 (2.0, 1.0, 107.0, 6.0) 0.530434782609 [ACCEPT]
[LVL9] rsome66(A,B) :- some66(C,B), \+all66(C,A) 0.0884057971014 (2.0, 10.0, 98.0, 6.0) 0.530434782609 [ACCEPT]
[LVL9] rsome66(A,B) :- some66(C,B), \+some66(A,C) 0.0884057971014 (2.0, 10.0, 98.0, 6.0) 0.530434782609 [ACCEPT]
[LVL9] rsome66(A,B) :- some66(C,B), \+some66(C,A) 0.171739130435 (3.0, 9.0, 99.0, 5.0) 0.686956521739 [ACCEPT]
[LVL9] rsome66(A,B) :- some66(C,B), \+no66(A,C) 0.171739130435 (3.0, 9.0, 99.0, 5.0) 0.686956521739 [ACCEPT]
[LVL9] rsome66(A,B) :- some66(C,B), \+no66(C,A) 0.158528428094 (3.0, 10.0, 98.0, 5.0) 0.686956521739 [ACCEPT]
[LVL9] rsome66(A,B) :- some66(C,B), \+somenot66(A,C) 0.171739130435 (3.0, 9.0, 99.0, 5.0) 0.686956521739 [ACCEPT]
[LVL9] rsome66(A,B) :- some66(C,B), \+somenot66(C,A) 0.171739130435 (3.0, 9.0, 99.0, 5.0) 0.686956521739 [ACCEPT]
[LVL9] rsome66(A,B) :- all66(C,A), some66(C,D) 0.353623188406 (2.0, 1.0, 107.0, 6.0) 0.530434782609 [ACCEPT]
[LVL9] rsome66(A,B) :- all66(C,A), some66(D,B) 0.353623188406 (2.0, 1.0, 107.0, 6.0) 0.530434782609 [ACCEPT]
[LVL9] rsome66(A,B) :- all66(C,A), somenot66(B,C) 0.353623188406 (2.0, 1.0, 107.0, 6.0) 0.530434782609 [ACCEPT]
[LVL9] rsome66(A,B) :- all66(C,A), somenot66(B,D) 0.353623188406 (2.0, 1.0, 107.0, 6.0) 0.530434782609 [ACCEPT]
[LVL9] rsome66(A,B) :- all66(C,A), somenot66(D,C) 0.353623188406 (2.0, 1.0, 107.0, 6.0) 0.530434782609 [ACCEPT]
[LVL9] rsome66(A,B) :- all66(C,A), \+all66(C,B) 0.147204968944 (3.0, 11.0, 97.0, 5.0) 0.686956521739 [ACCEPT]
[LVL9] rsome66(A,B) :- all66(C,A), \+all66(B,C) 0.147204968944 (3.0, 11.0, 97.0, 5.0) 0.686956521739 [ACCEPT]
[LVL9] rsome66(A,B) :- all66(C,A), \+some66(C,B) 0.0757763975155 (2.0, 12.0, 96.0, 6.0) 0.530434782609 [ACCEPT]
[LVL9] rsome66(A,B) :- all66(C,A), \+some66(B,C) 0.137391304348 (3.0, 12.0, 96.0, 5.0) 0.686956521739 [ACCEPT]
[LVL9] rsome66(A,B) :- all66(C,A), \+no66(C,B) 0.147204968944 (3.0, 11.0, 97.0, 5.0) 0.686956521739 [ACCEPT]
[LVL9] rsome66(A,B) :- all66(C,A), \+no66(B,C) 0.147204968944 (3.0, 11.0, 97.0, 5.0) 0.686956521739 [ACCEPT]
[LVL9] rsome66(A,B) :- all66(C,A), \+somenot66(C,B) 0.147204968944 (3.0, 11.0, 97.0, 5.0) 0.686956521739 [ACCEPT]
[LVL9] rsome66(A,B) :- all66(C,A), \+somenot66(B,C) 0.0757763975155 (2.0, 12.0, 96.0, 6.0) 0.530434782609 [ACCEPT]
[LVL9] rsome66(A,B) :- no66(A,C), some66(B,D) 0.353623188406 (2.0, 1.0, 107.0, 6.0) 0.530434782609 [ACCEPT]
[LVL9] rsome66(A,B) :- no66(A,C), some66(D,C) 0.353623188406 (2.0, 1.0, 107.0, 6.0) 0.530434782609 [ACCEPT]
[LVL9] rsome66(A,B) :- no66(A,C), somenot66(B,C) 0.353623188406 (2.0, 1.0, 107.0, 6.0) 0.530434782609 [ACCEPT]
[LVL9] rsome66(A,B) :- no66(A,C), somenot66(B,D) 0.353623188406 (2.0, 1.0, 107.0, 6.0) 0.530434782609 [ACCEPT]
[LVL9] rsome66(A,B) :- no66(A,C), somenot66(D,C) 0.353623188406 (2.0, 1.0, 107.0, 6.0) 0.530434782609 [ACCEPT]
[LVL9] rsome66(A,B) :- no66(A,C), \+all66(C,B) 0.137391304348 (3.0, 12.0, 96.0, 5.0) 0.686956521739 [ACCEPT]
[LVL9] rsome66(A,B) :- no66(A,C), \+all66(B,C) 0.137391304348 (3.0, 12.0, 96.0, 5.0) 0.686956521739 [ACCEPT]
[LVL9] rsome66(A,B) :- no66(A,C), \+some66(C,B) 0.137391304348 (3.0, 12.0, 96.0, 5.0) 0.686956521739 [ACCEPT]
[LVL9] rsome66(A,B) :- no66(A,C), \+some66(B,C) 0.0707246376812 (2.0, 13.0, 95.0, 6.0) 0.530434782609 [ACCEPT]
[LVL9] rsome66(A,B) :- no66(A,C), \+no66(C,B) 0.137391304348 (3.0, 12.0, 96.0, 5.0) 0.686956521739 [ACCEPT]
[LVL9] rsome66(A,B) :- no66(A,C), \+no66(B,C) 0.137391304348 (3.0, 12.0, 96.0, 5.0) 0.686956521739 [ACCEPT]
[LVL9] rsome66(A,B) :- no66(A,C), \+somenot66(C,B) 0.137391304348 (3.0, 12.0, 96.0, 5.0) 0.686956521739 [ACCEPT]
[LVL9] rsome66(A,B) :- no66(A,C), \+somenot66(B,C) 0.0707246376812 (2.0, 13.0, 95.0, 6.0) 0.530434782609 [ACCEPT]
[LVL9] rsome66(A,B) :- somenot66(B,C), all66(C,D) 0.353623188406 (2.0, 1.0, 107.0, 6.0) 0.530434782609 [ACCEPT]
[LVL9] rsome66(A,B) :- somenot66(B,C), all66(D,A) 0.353623188406 (2.0, 1.0, 107.0, 6.0) 0.530434782609 [ACCEPT]
[LVL9] rsome66(A,B) :- somenot66(B,C), no66(A,D) 0.353623188406 (2.0, 1.0, 107.0, 6.0) 0.530434782609 [ACCEPT]
[LVL9] rsome66(A,B) :- somenot66(B,C), no66(D,C) 0.353623188406 (2.0, 1.0, 107.0, 6.0) 0.530434782609 [ACCEPT]
[LVL9] rsome66(A,B) :- somenot66(B,C), \+all66(A,C) 0.137391304348 (3.0, 12.0, 96.0, 5.0) 0.686956521739 [ACCEPT]
[LVL9] rsome66(A,B) :- somenot66(B,C), \+all66(C,A) 0.0707246376812 (2.0, 13.0, 95.0, 6.0) 0.530434782609 [ACCEPT]
[LVL9] rsome66(A,B) :- somenot66(B,C), \+some66(A,C) 0.137391304348 (3.0, 12.0, 96.0, 5.0) 0.686956521739 [ACCEPT]
[LVL9] rsome66(A,B) :- somenot66(B,C), \+some66(C,A) 0.137391304348 (3.0, 12.0, 96.0, 5.0) 0.686956521739 [ACCEPT]
[LVL9] rsome66(A,B) :- somenot66(B,C), \+no66(A,C) 0.0707246376812 (2.0, 13.0, 95.0, 6.0) 0.530434782609 [ACCEPT]
[LVL9] rsome66(A,B) :- somenot66(B,C), \+no66(C,A) 0.137391304348 (3.0, 12.0, 96.0, 5.0) 0.686956521739 [ACCEPT]
[LVL9] rsome66(A,B) :- somenot66(B,C), \+somenot66(A,C) 0.137391304348 (3.0, 12.0, 96.0, 5.0) 0.686956521739 [ACCEPT]
[LVL9] rsome66(A,B) :- somenot66(B,C), \+somenot66(C,A) 0.137391304348 (3.0, 12.0, 96.0, 5.0) 0.686956521739 [ACCEPT]
[LVL9] rsome66(A,B) :- some66(A,C), some66(C,D) 0.353623188406 (2.0, 1.0, 107.0, 6.0) 0.530434782609 [ACCEPT]
[LVL9] rsome66(A,B) :- some66(A,C), some66(D,B) 0.353623188406 (2.0, 1.0, 107.0, 6.0) 0.530434782609 [ACCEPT]
[LVL9] rsome66(A,B) :- some66(A,C), \+all66(C,B) 0.0816053511706 (2.0, 11.0, 97.0, 6.0) 0.530434782609 [ACCEPT]
[LVL9] rsome66(A,B) :- some66(A,C), \+all66(B,C) 0.0816053511706 (2.0, 11.0, 97.0, 6.0) 0.530434782609 [ACCEPT]
[LVL9] rsome66(A,B) :- some66(A,C), \+some66(B,C) 0.0884057971014 (2.0, 10.0, 98.0, 6.0) 0.530434782609 [ACCEPT]
[LVL9] rsome66(A,B) :- some66(A,C), \+no66(C,B) 0.0884057971014 (2.0, 10.0, 98.0, 6.0) 0.530434782609 [ACCEPT]
[LVL9] rsome66(A,B) :- some66(A,C), \+no66(B,C) 0.0884057971014 (2.0, 10.0, 98.0, 6.0) 0.530434782609 [ACCEPT]
[LVL9] rsome66(A,B) :- some66(A,C), \+somenot66(C,B) 0.0816053511706 (2.0, 11.0, 97.0, 6.0) 0.530434782609 [ACCEPT]
[LVL9] rsome66(A,B) :- some66(A,C), \+somenot66(B,C) 0.0884057971014 (2.0, 10.0, 98.0, 6.0) 0.530434782609 [ACCEPT]
[LVL9] rsome66(A,B) :- somenot66(C,A), all66(C,B) 0.353623188406 (2.0, 1.0, 107.0, 6.0) 0.530434782609 [ACCEPT]
[LVL9] rsome66(A,B) :- somenot66(C,A), all66(C,D) 0.353623188406 (2.0, 1.0, 107.0, 6.0) 0.530434782609 [ACCEPT]
[LVL9] rsome66(A,B) :- somenot66(C,A), all66(D,B) 0.353623188406 (2.0, 1.0, 107.0, 6.0) 0.530434782609 [ACCEPT]
[LVL9] rsome66(A,B) :- somenot66(C,A), \+all66(B,C) 0.0757763975155 (2.0, 12.0, 96.0, 6.0) 0.530434782609 [ACCEPT]
[LVL9] rsome66(A,B) :- somenot66(C,A), \+some66(C,B) 0.0816053511706 (2.0, 11.0, 97.0, 6.0) 0.530434782609 [ACCEPT]
[LVL9] rsome66(A,B) :- somenot66(C,A), \+some66(B,C) 0.0757763975155 (2.0, 12.0, 96.0, 6.0) 0.530434782609 [ACCEPT]
[LVL9] rsome66(A,B) :- somenot66(C,A), \+no66(C,B) 0.0816053511706 (2.0, 11.0, 97.0, 6.0) 0.530434782609 [ACCEPT]
[LVL9] rsome66(A,B) :- somenot66(C,A), \+no66(B,C) 0.0816053511706 (2.0, 11.0, 97.0, 6.0) 0.530434782609 [ACCEPT]
[LVL9] rsome66(A,B) :- somenot66(C,A), \+somenot66(C,B) 0.0816053511706 (2.0, 11.0, 97.0, 6.0) 0.530434782609 [ACCEPT]
[LVL9] rsome66(A,B) :- somenot66(C,A), \+somenot66(B,C) 0.0816053511706 (2.0, 11.0, 97.0, 6.0) 0.530434782609 [ACCEPT]
[LVL9] rsome66(A,B) :- all66(C,B), somenot66(C,D) 0.353623188406 (2.0, 1.0, 107.0, 6.0) 0.530434782609 [ACCEPT]
[LVL9] rsome66(A,B) :- all66(C,B), somenot66(D,A) 0.353623188406 (2.0, 1.0, 107.0, 6.0) 0.530434782609 [ACCEPT]
[LVL9] rsome66(A,B) :- all66(C,B), \+all66(A,C) 0.0757763975155 (2.0, 12.0, 96.0, 6.0) 0.530434782609 [ACCEPT]
[LVL9] rsome66(A,B) :- all66(C,B), \+all66(C,A) 0.0757763975155 (2.0, 12.0, 96.0, 6.0) 0.530434782609 [ACCEPT]
[LVL9] rsome66(A,B) :- all66(C,B), \+some66(A,C) 0.0707246376812 (2.0, 13.0, 95.0, 6.0) 0.530434782609 [ACCEPT]
[LVL9] rsome66(A,B) :- all66(C,B), \+some66(C,A) 0.0757763975155 (2.0, 12.0, 96.0, 6.0) 0.530434782609 [ACCEPT]
[LVL9] rsome66(A,B) :- all66(C,B), \+no66(A,C) 0.0757763975155 (2.0, 12.0, 96.0, 6.0) 0.530434782609 [ACCEPT]
[LVL9] rsome66(A,B) :- all66(C,B), \+no66(C,A) 0.0757763975155 (2.0, 12.0, 96.0, 6.0) 0.530434782609 [ACCEPT]
[LVL9] rsome66(A,B) :- all66(C,B), \+somenot66(A,C) 0.0757763975155 (2.0, 12.0, 96.0, 6.0) 0.530434782609 [ACCEPT]
[LVL9] rsome66(A,B) :- no66(C,A), some66(B,D) 0.353623188406 (2.0, 1.0, 107.0, 6.0) 0.530434782609 [ACCEPT]
[LVL9] rsome66(A,B) :- no66(C,A), some66(D,C) 0.353623188406 (2.0, 1.0, 107.0, 6.0) 0.530434782609 [ACCEPT]
[LVL9] rsome66(A,B) :- no66(C,A), \+all66(C,B) 0.0757763975155 (2.0, 12.0, 96.0, 6.0) 0.530434782609 [ACCEPT]
[LVL9] rsome66(A,B) :- no66(C,A), \+all66(B,C) 0.0757763975155 (2.0, 12.0, 96.0, 6.0) 0.530434782609 [ACCEPT]
[LVL9] rsome66(A,B) :- no66(C,A), \+some66(C,B) 0.0707246376812 (2.0, 13.0, 95.0, 6.0) 0.530434782609 [ACCEPT]
[LVL9] rsome66(A,B) :- no66(C,A), \+no66(C,B) 0.0757763975155 (2.0, 12.0, 96.0, 6.0) 0.530434782609 [ACCEPT]
[LVL9] rsome66(A,B) :- no66(C,A), \+no66(B,C) 0.0757763975155 (2.0, 12.0, 96.0, 6.0) 0.530434782609 [ACCEPT]
[LVL9] rsome66(A,B) :- no66(C,A), \+somenot66(C,B) 0.0757763975155 (2.0, 12.0, 96.0, 6.0) 0.530434782609 [ACCEPT]
[LVL9] rsome66(A,B) :- no66(C,A), \+somenot66(B,C) 0.0757763975155 (2.0, 12.0, 96.0, 6.0) 0.530434782609 [ACCEPT]
[DEBUG] Best rule so far: rsome66(A,B) :- some66(B,C), no66(A,C) [0.353623188406]
[DEBUG] Candidates for iteration 3:
[DEBUG] ==================================
[DEBUG] rsome66(A,B) :- some66(B,C), no66(A,C) 0.353623188406
[DEBUG] rsome66(A,B) :- some66(B,C), no66(C,A) 0.353623188406
[DEBUG] rsome66(A,B) :- some66(B,C), no66(A,D) 0.353623188406
[DEBUG] rsome66(A,B) :- some66(B,C), no66(C,D) 0.353623188406
[DEBUG] rsome66(A,B) :- some66(B,C), no66(D,A) 0.353623188406
[DEBUG] rsome66(A,B) :- some66(B,C), no66(D,C) 0.353623188406
[DEBUG] rsome66(A,B) :- some66(C,B), all66(C,A) 0.353623188406
[DEBUG] rsome66(A,B) :- some66(C,B), all66(C,D) 0.353623188406
[DEBUG] rsome66(A,B) :- some66(C,B), all66(D,A) 0.353623188406
[DEBUG] rsome66(A,B) :- some66(C,B), some66(A,C) 0.353623188406
[DEBUG] rsome66(A,B) :- some66(C,B), some66(A,D) 0.353623188406
[DEBUG] rsome66(A,B) :- some66(C,B), some66(D,C) 0.353623188406
[DEBUG] rsome66(A,B) :- all66(C,A), some66(C,D) 0.353623188406
[DEBUG] rsome66(A,B) :- all66(C,A), some66(D,B) 0.353623188406
[DEBUG] rsome66(A,B) :- all66(C,A), somenot66(B,C) 0.353623188406
[DEBUG] rsome66(A,B) :- all66(C,A), somenot66(B,D) 0.353623188406
[DEBUG] rsome66(A,B) :- all66(C,A), somenot66(D,C) 0.353623188406
[DEBUG] rsome66(A,B) :- no66(A,C), some66(B,D) 0.353623188406
[DEBUG] rsome66(A,B) :- no66(A,C), some66(D,C) 0.353623188406
[DEBUG] rsome66(A,B) :- no66(A,C), somenot66(B,C) 0.353623188406
[DEBUG] rsome66(A,B) :- no66(A,C), somenot66(B,D) 0.353623188406
[DEBUG] rsome66(A,B) :- no66(A,C), somenot66(D,C) 0.353623188406
[DEBUG] rsome66(A,B) :- somenot66(B,C), all66(C,D) 0.353623188406
[DEBUG] rsome66(A,B) :- somenot66(B,C), all66(D,A) 0.353623188406
[DEBUG] rsome66(A,B) :- somenot66(B,C), no66(A,D) 0.353623188406
[DEBUG] rsome66(A,B) :- somenot66(B,C), no66(D,C) 0.353623188406
[DEBUG] rsome66(A,B) :- some66(A,C), some66(C,D) 0.353623188406
[DEBUG] rsome66(A,B) :- some66(A,C), some66(D,B) 0.353623188406
[DEBUG] rsome66(A,B) :- somenot66(C,A), all66(C,B) 0.353623188406
[DEBUG] rsome66(A,B) :- somenot66(C,A), all66(C,D) 0.353623188406
[DEBUG] rsome66(A,B) :- somenot66(C,A), all66(D,B) 0.353623188406
[DEBUG] rsome66(A,B) :- all66(C,B), somenot66(C,D) 0.353623188406
[DEBUG] rsome66(A,B) :- all66(C,B), somenot66(D,A) 0.353623188406
[DEBUG] rsome66(A,B) :- no66(C,A), some66(B,D) 0.353623188406
[DEBUG] rsome66(A,B) :- no66(C,A), some66(D,C) 0.353623188406
[DEBUG] rsome66(A,B) :- some66(B,C), \+some66(A,C) 0.171739130435
[DEBUG] rsome66(A,B) :- some66(B,C), \+some66(C,A) 0.171739130435
[DEBUG] rsome66(A,B) :- some66(B,C), \+somenot66(A,C) 0.171739130435
[DEBUG] rsome66(A,B) :- some66(C,B), \+some66(C,A) 0.171739130435
[DEBUG] rsome66(A,B) :- some66(C,B), \+no66(A,C) 0.171739130435
[DEBUG] rsome66(A,B) :- some66(C,B), \+somenot66(A,C) 0.171739130435
[DEBUG] rsome66(A,B) :- some66(C,B), \+somenot66(C,A) 0.171739130435
[DEBUG] rsome66(A,B) :- some66(B,C), \+all66(A,C) 0.158528428094
[DEBUG] rsome66(A,B) :- some66(B,C), \+all66(C,A) 0.158528428094
[DEBUG] rsome66(A,B) :- some66(B,C), \+somenot66(C,A) 0.158528428094
[DEBUG] rsome66(A,B) :- some66(C,B), \+no66(C,A) 0.158528428094
[DEBUG] rsome66(A,B) :- all66(C,A), \+all66(C,B) 0.147204968944
[DEBUG] rsome66(A,B) :- all66(C,A), \+all66(B,C) 0.147204968944
[DEBUG] rsome66(A,B) :- all66(C,A), \+no66(C,B) 0.147204968944
[DEBUG] rsome66(A,B) :- all66(C,A), \+no66(B,C) 0.147204968944
[DEBUG] rsome66(A,B) :- all66(C,A), \+somenot66(C,B) 0.147204968944
[DEBUG] rsome66(A,B) :- all66(C,A), \+some66(B,C) 0.137391304348
[DEBUG] rsome66(A,B) :- no66(A,C), \+all66(C,B) 0.137391304348
[DEBUG] rsome66(A,B) :- no66(A,C), \+all66(B,C) 0.137391304348
[DEBUG] rsome66(A,B) :- no66(A,C), \+some66(C,B) 0.137391304348
[DEBUG] rsome66(A,B) :- no66(A,C), \+no66(C,B) 0.137391304348
[DEBUG] rsome66(A,B) :- no66(A,C), \+no66(B,C) 0.137391304348
[DEBUG] rsome66(A,B) :- no66(A,C), \+somenot66(C,B) 0.137391304348
[DEBUG] rsome66(A,B) :- somenot66(B,C), \+all66(A,C) 0.137391304348
[DEBUG] rsome66(A,B) :- somenot66(B,C), \+some66(A,C) 0.137391304348
[DEBUG] rsome66(A,B) :- somenot66(B,C), \+some66(C,A) 0.137391304348
[DEBUG] rsome66(A,B) :- somenot66(B,C), \+no66(C,A) 0.137391304348
[DEBUG] rsome66(A,B) :- somenot66(B,C), \+somenot66(A,C) 0.137391304348
[DEBUG] rsome66(A,B) :- somenot66(B,C), \+somenot66(C,A) 0.137391304348
[DEBUG] rsome66(A,B) :- some66(B,C), \+no66(A,C) 0.0884057971014
[DEBUG] rsome66(A,B) :- some66(B,C), \+no66(C,A) 0.0884057971014
[DEBUG] rsome66(A,B) :- some66(C,B), \+all66(C,A) 0.0884057971014
[DEBUG] rsome66(A,B) :- some66(C,B), \+some66(A,C) 0.0884057971014
[DEBUG] rsome66(A,B) :- some66(A,C), \+some66(B,C) 0.0884057971014
[DEBUG] rsome66(A,B) :- some66(A,C), \+no66(C,B) 0.0884057971014
[DEBUG] rsome66(A,B) :- some66(A,C), \+no66(B,C) 0.0884057971014
[DEBUG] rsome66(A,B) :- some66(A,C), \+somenot66(B,C) 0.0884057971014
[DEBUG] rsome66(A,B) :- some66(A,C), \+all66(C,B) 0.0816053511706
[DEBUG] rsome66(A,B) :- some66(A,C), \+all66(B,C) 0.0816053511706
[DEBUG] rsome66(A,B) :- some66(A,C), \+somenot66(C,B) 0.0816053511706
[DEBUG] rsome66(A,B) :- somenot66(C,A), \+some66(C,B) 0.0816053511706
[DEBUG] rsome66(A,B) :- somenot66(C,A), \+no66(C,B) 0.0816053511706
[DEBUG] rsome66(A,B) :- somenot66(C,A), \+no66(B,C) 0.0816053511706
[DEBUG] rsome66(A,B) :- somenot66(C,A), \+somenot66(C,B) 0.0816053511706
[DEBUG] rsome66(A,B) :- somenot66(C,A), \+somenot66(B,C) 0.0816053511706
[DEBUG] rsome66(A,B) :- all66(C,A), \+some66(C,B) 0.0757763975155
[DEBUG] rsome66(A,B) :- all66(C,A), \+somenot66(B,C) 0.0757763975155
[DEBUG] rsome66(A,B) :- somenot66(C,A), \+all66(B,C) 0.0757763975155
[DEBUG] rsome66(A,B) :- somenot66(C,A), \+some66(B,C) 0.0757763975155
[DEBUG] rsome66(A,B) :- all66(C,B), \+all66(A,C) 0.0757763975155
[DEBUG] rsome66(A,B) :- all66(C,B), \+all66(C,A) 0.0757763975155
[DEBUG] rsome66(A,B) :- all66(C,B), \+some66(C,A) 0.0757763975155
[DEBUG] rsome66(A,B) :- all66(C,B), \+no66(A,C) 0.0757763975155
[DEBUG] rsome66(A,B) :- all66(C,B), \+no66(C,A) 0.0757763975155
[DEBUG] rsome66(A,B) :- all66(C,B), \+somenot66(A,C) 0.0757763975155
[DEBUG] rsome66(A,B) :- no66(C,A), \+all66(C,B) 0.0757763975155
[DEBUG] rsome66(A,B) :- no66(C,A), \+all66(B,C) 0.0757763975155
[DEBUG] rsome66(A,B) :- no66(C,A), \+no66(C,B) 0.0757763975155
[DEBUG] rsome66(A,B) :- no66(C,A), \+no66(B,C) 0.0757763975155
[DEBUG] rsome66(A,B) :- no66(C,A), \+somenot66(C,B) 0.0757763975155
[DEBUG] rsome66(A,B) :- no66(C,A), \+somenot66(B,C) 0.0757763975155
[DEBUG] rsome66(A,B) :- no66(A,C), \+some66(B,C) 0.0707246376812
[DEBUG] rsome66(A,B) :- no66(A,C), \+somenot66(B,C) 0.0707246376812
[DEBUG] rsome66(A,B) :- somenot66(B,C), \+all66(C,A) 0.0707246376812
[DEBUG] rsome66(A,B) :- somenot66(B,C), \+no66(A,C) 0.0707246376812
[DEBUG] ==================================
[INFO] RULE LEARNED: rsome66(A,B) :- some66(B,C), no66(A,C) 0.939655172414
