[LVL9] Output level: 9
[INFO] Random seed: 0.693060010125
[INFO] Computing scores: 0.1115s
[INFO] Number of examples (M): 116
[INFO] Positive weight (P): 3.0000
[INFO] Negative weight (N): 113.0000
[DEBUG] Best rule so far: rall72(A,B) :- true [0.0258620689655]
[DEBUG] Candidates for iteration 1:
[DEBUG] ==================================
[DEBUG] rall72(A,B) :- true 0.0258620689655
[DEBUG] ==================================
[LVL9] rall72(A,B) :- all72(A,C) 0.0641163793103 (1.0, 14.0, 99.0, 2.0) 0.512931034483 [ACCEPT]
[LVL9] BETTER RULE rall72(A,B) :- all72(A,C) (0.06411637931034483, 1.0) > (0.02586206896551724, 3.0)
[LVL9] rall72(A,B) :- all72(C,B) 0.0641163793103 (1.0, 14.0, 99.0, 2.0) 0.512931034483 [ACCEPT]
[LVL9] rall72(A,B) :- no72(A,C) 0.0683908045977 (1.0, 13.0, 100.0, 2.0) 0.512931034483 [ACCEPT]
[LVL9] BETTER RULE rall72(A,B) :- no72(A,C) (0.06839080459770115, 1.0) > (0.06411637931034483, 1.0)
[LVL9] rall72(A,B) :- somenot72(B,C) 0.119168356998 (2.0, 14.0, 99.0, 1.0) 0.675287356322 [ACCEPT]
[LVL9] BETTER RULE rall72(A,B) :- somenot72(B,C) (0.11916835699797161, 2.0) > (0.06839080459770115, 1.0)
[LVL9] rall72(A,B) :- somenot72(C,A) 0.073275862069 (1.0, 12.0, 101.0, 2.0) 0.512931034483 [ACCEPT]
[DEBUG] Best rule so far: rall72(A,B) :- somenot72(B,C) [0.119168356998]
[DEBUG] Candidates for iteration 2:
[DEBUG] ==================================
[DEBUG] rall72(A,B) :- somenot72(B,C) 0.119168356998
[DEBUG] rall72(A,B) :- somenot72(C,A) 0.073275862069
[DEBUG] rall72(A,B) :- no72(A,C) 0.0683908045977
[DEBUG] rall72(A,B) :- all72(A,C) 0.0641163793103
[DEBUG] rall72(A,B) :- all72(C,B) 0.0641163793103
[DEBUG] ==================================
[LVL9] rall72(A,B) :- somenot72(B,C), no72(A,C) 0.341954022989 (1.0, 1.0, 112.0, 2.0) 0.512931034483 [ACCEPT]
[LVL9] BETTER RULE rall72(A,B) :- somenot72(B,C), no72(A,C) (0.3419540229885058, 1.0) > (0.11916835699797161, 2.0)
[LVL9] rall72(A,B) :- somenot72(B,C), no72(A,D) 0.341954022989 (1.0, 1.0, 112.0, 2.0) 0.512931034483 [ACCEPT]
[LVL9] rall72(A,B) :- somenot72(B,C), no72(D,C) 0.341954022989 (1.0, 1.0, 112.0, 2.0) 0.512931034483 [ACCEPT]
[LVL9] rall72(A,B) :- somenot72(B,C), somenot72(C,A) 0.341954022989 (1.0, 1.0, 112.0, 2.0) 0.512931034483 [ACCEPT]
[LVL9] rall72(A,B) :- somenot72(B,C), somenot72(C,D) 0.341954022989 (1.0, 1.0, 112.0, 2.0) 0.512931034483 [ACCEPT]
[LVL9] rall72(A,B) :- somenot72(B,C), somenot72(D,A) 0.341954022989 (1.0, 1.0, 112.0, 2.0) 0.512931034483 [ACCEPT]
[LVL9] rall72(A,B) :- somenot72(B,C), \+all72(A,C) 0.135057471264 (2.0, 12.0, 101.0, 1.0) 0.675287356322 [ACCEPT]
[LVL9] rall72(A,B) :- somenot72(B,C), \+all72(C,A) 0.135057471264 (2.0, 12.0, 101.0, 1.0) 0.675287356322 [ACCEPT]
[LVL9] rall72(A,B) :- somenot72(B,C), \+some72(A,C) 0.135057471264 (2.0, 12.0, 101.0, 1.0) 0.675287356322 [ACCEPT]
[LVL9] rall72(A,B) :- somenot72(B,C), \+some72(C,A) 0.135057471264 (2.0, 12.0, 101.0, 1.0) 0.675287356322 [ACCEPT]
[LVL9] rall72(A,B) :- somenot72(B,C), \+no72(A,C) 0.0683908045977 (1.0, 13.0, 100.0, 2.0) 0.512931034483 [ACCEPT]
[LVL9] rall72(A,B) :- somenot72(B,C), \+no72(C,A) 0.135057471264 (2.0, 12.0, 101.0, 1.0) 0.675287356322 [ACCEPT]
[LVL9] rall72(A,B) :- somenot72(B,C), \+somenot72(A,C) 0.135057471264 (2.0, 12.0, 101.0, 1.0) 0.675287356322 [ACCEPT]
[LVL9] rall72(A,B) :- somenot72(B,C), \+somenot72(C,A) 0.0683908045977 (1.0, 13.0, 100.0, 2.0) 0.512931034483 [ACCEPT]
[LVL9] rall72(A,B) :- somenot72(C,A), somenot72(B,D) 0.341954022989 (1.0, 1.0, 112.0, 2.0) 0.512931034483 [ACCEPT]
[LVL9] rall72(A,B) :- somenot72(C,A), somenot72(D,C) 0.341954022989 (1.0, 1.0, 112.0, 2.0) 0.512931034483 [ACCEPT]
[LVL9] rall72(A,B) :- somenot72(C,A), \+all72(C,B) 0.0854885057471 (1.0, 10.0, 103.0, 2.0) 0.512931034483 [ACCEPT]
[LVL9] rall72(A,B) :- somenot72(C,A), \+all72(B,C) 0.0854885057471 (1.0, 10.0, 103.0, 2.0) 0.512931034483 [ACCEPT]
[LVL9] rall72(A,B) :- somenot72(C,A), \+some72(C,B) 0.0854885057471 (1.0, 10.0, 103.0, 2.0) 0.512931034483 [ACCEPT]
[LVL9] rall72(A,B) :- somenot72(C,A), \+some72(B,C) 0.0789124668435 (1.0, 11.0, 102.0, 2.0) 0.512931034483 [ACCEPT]
[LVL9] rall72(A,B) :- somenot72(C,A), \+no72(C,B) 0.0854885057471 (1.0, 10.0, 103.0, 2.0) 0.512931034483 [ACCEPT]
[LVL9] rall72(A,B) :- somenot72(C,A), \+no72(B,C) 0.0854885057471 (1.0, 10.0, 103.0, 2.0) 0.512931034483 [ACCEPT]
[LVL9] rall72(A,B) :- no72(A,C), somenot72(B,D) 0.341954022989 (1.0, 1.0, 112.0, 2.0) 0.512931034483 [ACCEPT]
[LVL9] rall72(A,B) :- no72(A,C), somenot72(D,C) 0.341954022989 (1.0, 1.0, 112.0, 2.0) 0.512931034483 [ACCEPT]
[LVL9] rall72(A,B) :- no72(A,C), \+all72(C,B) 0.0789124668435 (1.0, 11.0, 102.0, 2.0) 0.512931034483 [ACCEPT]
[LVL9] rall72(A,B) :- no72(A,C), \+all72(B,C) 0.073275862069 (1.0, 12.0, 101.0, 2.0) 0.512931034483 [ACCEPT]
[LVL9] rall72(A,B) :- no72(A,C), \+some72(C,B) 0.073275862069 (1.0, 12.0, 101.0, 2.0) 0.512931034483 [ACCEPT]
[LVL9] rall72(A,B) :- no72(A,C), \+some72(B,C) 0.0789124668435 (1.0, 11.0, 102.0, 2.0) 0.512931034483 [ACCEPT]
[LVL9] rall72(A,B) :- no72(A,C), \+no72(C,B) 0.0789124668435 (1.0, 11.0, 102.0, 2.0) 0.512931034483 [ACCEPT]
[LVL9] rall72(A,B) :- no72(A,C), \+no72(B,C) 0.0789124668435 (1.0, 11.0, 102.0, 2.0) 0.512931034483 [ACCEPT]
[LVL9] rall72(A,B) :- no72(A,C), \+somenot72(C,B) 0.0789124668435 (1.0, 11.0, 102.0, 2.0) 0.512931034483 [ACCEPT]
[LVL9] rall72(A,B) :- all72(A,C), all72(C,B) 0.341954022989 (1.0, 1.0, 112.0, 2.0) 0.512931034483 [ACCEPT]
[LVL9] rall72(A,B) :- all72(A,C), all72(C,D) 0.341954022989 (1.0, 1.0, 112.0, 2.0) 0.512931034483 [ACCEPT]
[LVL9] rall72(A,B) :- all72(A,C), all72(D,B) 0.341954022989 (1.0, 1.0, 112.0, 2.0) 0.512931034483 [ACCEPT]
[LVL9] rall72(A,B) :- all72(A,C), \+all72(B,C) 0.073275862069 (1.0, 12.0, 101.0, 2.0) 0.512931034483 [ACCEPT]
[LVL9] rall72(A,B) :- all72(A,C), \+some72(C,B) 0.073275862069 (1.0, 12.0, 101.0, 2.0) 0.512931034483 [ACCEPT]
[LVL9] rall72(A,B) :- all72(A,C), \+some72(B,C) 0.073275862069 (1.0, 12.0, 101.0, 2.0) 0.512931034483 [ACCEPT]
[LVL9] rall72(A,B) :- all72(A,C), \+no72(C,B) 0.073275862069 (1.0, 12.0, 101.0, 2.0) 0.512931034483 [ACCEPT]
[LVL9] rall72(A,B) :- all72(A,C), \+no72(B,C) 0.0683908045977 (1.0, 13.0, 100.0, 2.0) 0.512931034483 [ACCEPT]
[LVL9] rall72(A,B) :- all72(A,C), \+somenot72(C,B) 0.073275862069 (1.0, 12.0, 101.0, 2.0) 0.512931034483 [ACCEPT]
[LVL9] rall72(A,B) :- all72(A,C), \+somenot72(B,C) 0.073275862069 (1.0, 12.0, 101.0, 2.0) 0.512931034483 [ACCEPT]
[LVL9] rall72(A,B) :- all72(C,B), all72(A,D) 0.341954022989 (1.0, 1.0, 112.0, 2.0) 0.512931034483 [ACCEPT]
[LVL9] rall72(A,B) :- all72(C,B), all72(D,C) 0.341954022989 (1.0, 1.0, 112.0, 2.0) 0.512931034483 [ACCEPT]
[LVL9] rall72(A,B) :- all72(C,B), \+all72(C,A) 0.073275862069 (1.0, 12.0, 101.0, 2.0) 0.512931034483 [ACCEPT]
[LVL9] rall72(A,B) :- all72(C,B), \+some72(A,C) 0.073275862069 (1.0, 12.0, 101.0, 2.0) 0.512931034483 [ACCEPT]
[LVL9] rall72(A,B) :- all72(C,B), \+some72(C,A) 0.073275862069 (1.0, 12.0, 101.0, 2.0) 0.512931034483 [ACCEPT]
[LVL9] rall72(A,B) :- all72(C,B), \+no72(A,C) 0.073275862069 (1.0, 12.0, 101.0, 2.0) 0.512931034483 [ACCEPT]
[LVL9] rall72(A,B) :- all72(C,B), \+no72(C,A) 0.0683908045977 (1.0, 13.0, 100.0, 2.0) 0.512931034483 [ACCEPT]
[LVL9] rall72(A,B) :- all72(C,B), \+somenot72(A,C) 0.073275862069 (1.0, 12.0, 101.0, 2.0) 0.512931034483 [ACCEPT]
[LVL9] rall72(A,B) :- all72(C,B), \+somenot72(C,A) 0.073275862069 (1.0, 12.0, 101.0, 2.0) 0.512931034483 [ACCEPT]
[DEBUG] Best rule so far: rall72(A,B) :- somenot72(B,C), no72(A,C) [0.341954022989]
[DEBUG] Candidates for iteration 3:
[DEBUG] ==================================
[DEBUG] rall72(A,B) :- somenot72(B,C), no72(A,C) 0.341954022989
[DEBUG] rall72(A,B) :- somenot72(B,C), no72(A,D) 0.341954022989
[DEBUG] rall72(A,B) :- somenot72(B,C), no72(D,C) 0.341954022989
[DEBUG] rall72(A,B) :- somenot72(B,C), somenot72(C,A) 0.341954022989
[DEBUG] rall72(A,B) :- somenot72(B,C), somenot72(C,D) 0.341954022989
[DEBUG] rall72(A,B) :- somenot72(B,C), somenot72(D,A) 0.341954022989
[DEBUG] rall72(A,B) :- somenot72(C,A), somenot72(B,D) 0.341954022989
[DEBUG] rall72(A,B) :- somenot72(C,A), somenot72(D,C) 0.341954022989
[DEBUG] rall72(A,B) :- no72(A,C), somenot72(B,D) 0.341954022989
[DEBUG] rall72(A,B) :- no72(A,C), somenot72(D,C) 0.341954022989
[DEBUG] rall72(A,B) :- all72(A,C), all72(C,B) 0.341954022989
[DEBUG] rall72(A,B) :- all72(A,C), all72(C,D) 0.341954022989
[DEBUG] rall72(A,B) :- all72(A,C), all72(D,B) 0.341954022989
[DEBUG] rall72(A,B) :- all72(C,B), all72(A,D) 0.341954022989
[DEBUG] rall72(A,B) :- all72(C,B), all72(D,C) 0.341954022989
[DEBUG] rall72(A,B) :- somenot72(B,C), \+all72(A,C) 0.135057471264
[DEBUG] rall72(A,B) :- somenot72(B,C), \+all72(C,A) 0.135057471264
[DEBUG] rall72(A,B) :- somenot72(B,C), \+some72(A,C) 0.135057471264
[DEBUG] rall72(A,B) :- somenot72(B,C), \+some72(C,A) 0.135057471264
[DEBUG] rall72(A,B) :- somenot72(B,C), \+no72(C,A) 0.135057471264
[DEBUG] rall72(A,B) :- somenot72(B,C), \+somenot72(A,C) 0.135057471264
[DEBUG] rall72(A,B) :- somenot72(C,A), \+all72(C,B) 0.0854885057471
[DEBUG] rall72(A,B) :- somenot72(C,A), \+all72(B,C) 0.0854885057471
[DEBUG] rall72(A,B) :- somenot72(C,A), \+some72(C,B) 0.0854885057471
[DEBUG] rall72(A,B) :- somenot72(C,A), \+no72(C,B) 0.0854885057471
[DEBUG] rall72(A,B) :- somenot72(C,A), \+no72(B,C) 0.0854885057471
[DEBUG] rall72(A,B) :- somenot72(C,A), \+some72(B,C) 0.0789124668435
[DEBUG] rall72(A,B) :- no72(A,C), \+all72(C,B) 0.0789124668435
[DEBUG] rall72(A,B) :- no72(A,C), \+some72(B,C) 0.0789124668435
[DEBUG] rall72(A,B) :- no72(A,C), \+no72(C,B) 0.0789124668435
[DEBUG] rall72(A,B) :- no72(A,C), \+no72(B,C) 0.0789124668435
[DEBUG] rall72(A,B) :- no72(A,C), \+somenot72(C,B) 0.0789124668435
[DEBUG] rall72(A,B) :- no72(A,C), \+all72(B,C) 0.073275862069
[DEBUG] rall72(A,B) :- no72(A,C), \+some72(C,B) 0.073275862069
[DEBUG] rall72(A,B) :- all72(A,C), \+all72(B,C) 0.073275862069
[DEBUG] rall72(A,B) :- all72(A,C), \+some72(C,B) 0.073275862069
[DEBUG] rall72(A,B) :- all72(A,C), \+some72(B,C) 0.073275862069
[DEBUG] rall72(A,B) :- all72(A,C), \+no72(C,B) 0.073275862069
[DEBUG] rall72(A,B) :- all72(A,C), \+somenot72(C,B) 0.073275862069
[DEBUG] rall72(A,B) :- all72(A,C), \+somenot72(B,C) 0.073275862069
[DEBUG] rall72(A,B) :- all72(C,B), \+all72(C,A) 0.073275862069
[DEBUG] rall72(A,B) :- all72(C,B), \+some72(A,C) 0.073275862069
[DEBUG] rall72(A,B) :- all72(C,B), \+some72(C,A) 0.073275862069
[DEBUG] rall72(A,B) :- all72(C,B), \+no72(A,C) 0.073275862069
[DEBUG] rall72(A,B) :- all72(C,B), \+somenot72(A,C) 0.073275862069
[DEBUG] rall72(A,B) :- all72(C,B), \+somenot72(C,A) 0.073275862069
[DEBUG] rall72(A,B) :- somenot72(B,C), \+no72(A,C) 0.0683908045977
[DEBUG] rall72(A,B) :- somenot72(B,C), \+somenot72(C,A) 0.0683908045977
[DEBUG] rall72(A,B) :- all72(A,C), \+no72(B,C) 0.0683908045977
[DEBUG] rall72(A,B) :- all72(C,B), \+no72(C,A) 0.0683908045977
[DEBUG] ==================================
[INFO] RULE LEARNED: rall72(A,B) :- somenot72(B,C), no72(A,C) 0.974137931034
[DEBUG] Best rule so far: rall72(A,B) :- true [0.0175438596491]
[DEBUG] Candidates for iteration 1:
[DEBUG] ==================================
[DEBUG] rall72(A,B) :- true 0.0175438596491
[DEBUG] ==================================
[LVL9] rall72(A,B) :- all72(A,C) 0.0635964912281 (2.0, 15.0, 98.0, 1.0) 0.508771929825 [ACCEPT]
[LVL9] BETTER RULE rall72(A,B) :- all72(A,C) (0.06359649122807018, 2.0) > (0.017543859649122806, 3.0)
[LVL9] rall72(A,B) :- all72(C,B) 0.0635964912281 (2.0, 15.0, 98.0, 1.0) 0.508771929825 [ACCEPT]
[LVL9] rall72(A,B) :- somenot72(B,C) 0.0678362573099 (2.0, 14.0, 99.0, 1.0) 0.508771929825 [ACCEPT]
[LVL9] BETTER RULE rall72(A,B) :- somenot72(B,C) (0.06783625730994153, 2.0) > (0.06359649122807018, 2.0)
[LVL9] rall72(A,B) :- somenot72(C,A) 0.0726817042607 (2.0, 13.0, 100.0, 1.0) 0.508771929825 [ACCEPT]
[LVL9] BETTER RULE rall72(A,B) :- somenot72(C,A) (0.07268170426065164, 2.0) > (0.06783625730994153, 2.0)
[DEBUG] Best rule so far: rall72(A,B) :- somenot72(C,A) [0.0726817042607]
[DEBUG] Candidates for iteration 2:
[DEBUG] ==================================
[DEBUG] rall72(A,B) :- somenot72(C,A) 0.0726817042607
[DEBUG] rall72(A,B) :- somenot72(B,C) 0.0678362573099
[DEBUG] rall72(A,B) :- all72(A,C) 0.0635964912281
[DEBUG] rall72(A,B) :- all72(C,B) 0.0635964912281
[DEBUG] ==================================
[LVL9] rall72(A,B) :- somenot72(C,A), somenot72(B,C) 0.33918128655 (2.0, 2.0, 111.0, 1.0) 0.508771929825 [ACCEPT]
[LVL9] BETTER RULE rall72(A,B) :- somenot72(C,A), somenot72(B,C) (0.33918128654970764, 2.0) > (0.07268170426065164, 2.0)
[LVL9] rall72(A,B) :- somenot72(C,A), somenot72(B,D) 0.33918128655 (2.0, 2.0, 111.0, 1.0) 0.508771929825 [ACCEPT]
[LVL9] rall72(A,B) :- somenot72(C,A), somenot72(D,C) 0.33918128655 (2.0, 2.0, 111.0, 1.0) 0.508771929825 [ACCEPT]
[LVL9] rall72(A,B) :- somenot72(C,A), \+all72(C,B) 0.0847953216374 (2.0, 11.0, 102.0, 1.0) 0.508771929825 [ACCEPT]
[LVL9] rall72(A,B) :- somenot72(C,A), \+all72(B,C) 0.0847953216374 (2.0, 11.0, 102.0, 1.0) 0.508771929825 [ACCEPT]
[LVL9] rall72(A,B) :- somenot72(C,A), \+some72(C,B) 0.0847953216374 (2.0, 11.0, 102.0, 1.0) 0.508771929825 [ACCEPT]
[LVL9] rall72(A,B) :- somenot72(C,A), \+some72(B,C) 0.0782726045884 (2.0, 12.0, 101.0, 1.0) 0.508771929825 [ACCEPT]
[LVL9] rall72(A,B) :- somenot72(C,A), \+no72(C,B) 0.0847953216374 (2.0, 11.0, 102.0, 1.0) 0.508771929825 [ACCEPT]
[LVL9] rall72(A,B) :- somenot72(C,A), \+no72(B,C) 0.0847953216374 (2.0, 11.0, 102.0, 1.0) 0.508771929825 [ACCEPT]
[LVL9] rall72(A,B) :- somenot72(B,C), somenot72(C,D) 0.33918128655 (2.0, 2.0, 111.0, 1.0) 0.508771929825 [ACCEPT]
[LVL9] rall72(A,B) :- somenot72(B,C), somenot72(D,A) 0.33918128655 (2.0, 2.0, 111.0, 1.0) 0.508771929825 [ACCEPT]
[LVL9] rall72(A,B) :- somenot72(B,C), \+all72(A,C) 0.0782726045884 (2.0, 12.0, 101.0, 1.0) 0.508771929825 [ACCEPT]
[LVL9] rall72(A,B) :- somenot72(B,C), \+all72(C,A) 0.0782726045884 (2.0, 12.0, 101.0, 1.0) 0.508771929825 [ACCEPT]
[LVL9] rall72(A,B) :- somenot72(B,C), \+some72(A,C) 0.0782726045884 (2.0, 12.0, 101.0, 1.0) 0.508771929825 [ACCEPT]
[LVL9] rall72(A,B) :- somenot72(B,C), \+some72(C,A) 0.0782726045884 (2.0, 12.0, 101.0, 1.0) 0.508771929825 [ACCEPT]
[LVL9] rall72(A,B) :- somenot72(B,C), \+no72(C,A) 0.0782726045884 (2.0, 12.0, 101.0, 1.0) 0.508771929825 [ACCEPT]
[LVL9] rall72(A,B) :- somenot72(B,C), \+somenot72(A,C) 0.0782726045884 (2.0, 12.0, 101.0, 1.0) 0.508771929825 [ACCEPT]
[LVL9] rall72(A,B) :- all72(A,C), all72(C,B) 0.33918128655 (2.0, 2.0, 111.0, 1.0) 0.508771929825 [ACCEPT]
[LVL9] rall72(A,B) :- all72(A,C), all72(C,D) 0.33918128655 (2.0, 2.0, 111.0, 1.0) 0.508771929825 [ACCEPT]
[LVL9] rall72(A,B) :- all72(A,C), all72(D,B) 0.33918128655 (2.0, 2.0, 111.0, 1.0) 0.508771929825 [ACCEPT]
[LVL9] rall72(A,B) :- all72(A,C), \+all72(B,C) 0.0726817042607 (2.0, 13.0, 100.0, 1.0) 0.508771929825 [ACCEPT]
[LVL9] rall72(A,B) :- all72(A,C), \+some72(C,B) 0.0726817042607 (2.0, 13.0, 100.0, 1.0) 0.508771929825 [ACCEPT]
[LVL9] rall72(A,B) :- all72(A,C), \+some72(B,C) 0.0726817042607 (2.0, 13.0, 100.0, 1.0) 0.508771929825 [ACCEPT]
[LVL9] rall72(A,B) :- all72(A,C), \+no72(C,B) 0.0726817042607 (2.0, 13.0, 100.0, 1.0) 0.508771929825 [ACCEPT]
[LVL9] rall72(A,B) :- all72(A,C), \+no72(B,C) 0.0678362573099 (2.0, 14.0, 99.0, 1.0) 0.508771929825 [ACCEPT]
[LVL9] rall72(A,B) :- all72(A,C), \+somenot72(C,B) 0.0726817042607 (2.0, 13.0, 100.0, 1.0) 0.508771929825 [ACCEPT]
[LVL9] rall72(A,B) :- all72(A,C), \+somenot72(B,C) 0.0726817042607 (2.0, 13.0, 100.0, 1.0) 0.508771929825 [ACCEPT]
[LVL9] rall72(A,B) :- all72(C,B), all72(A,D) 0.33918128655 (2.0, 2.0, 111.0, 1.0) 0.508771929825 [ACCEPT]
[LVL9] rall72(A,B) :- all72(C,B), all72(D,C) 0.33918128655 (2.0, 2.0, 111.0, 1.0) 0.508771929825 [ACCEPT]
[LVL9] rall72(A,B) :- all72(C,B), \+all72(C,A) 0.0726817042607 (2.0, 13.0, 100.0, 1.0) 0.508771929825 [ACCEPT]
[LVL9] rall72(A,B) :- all72(C,B), \+some72(A,C) 0.0726817042607 (2.0, 13.0, 100.0, 1.0) 0.508771929825 [ACCEPT]
[LVL9] rall72(A,B) :- all72(C,B), \+some72(C,A) 0.0726817042607 (2.0, 13.0, 100.0, 1.0) 0.508771929825 [ACCEPT]
[LVL9] rall72(A,B) :- all72(C,B), \+no72(A,C) 0.0726817042607 (2.0, 13.0, 100.0, 1.0) 0.508771929825 [ACCEPT]
[LVL9] rall72(A,B) :- all72(C,B), \+no72(C,A) 0.0678362573099 (2.0, 14.0, 99.0, 1.0) 0.508771929825 [ACCEPT]
[LVL9] rall72(A,B) :- all72(C,B), \+somenot72(A,C) 0.0726817042607 (2.0, 13.0, 100.0, 1.0) 0.508771929825 [ACCEPT]
[LVL9] rall72(A,B) :- all72(C,B), \+somenot72(C,A) 0.0726817042607 (2.0, 13.0, 100.0, 1.0) 0.508771929825 [ACCEPT]
[DEBUG] Best rule so far: rall72(A,B) :- somenot72(C,A), somenot72(B,C) [0.33918128655]
[DEBUG] Candidates for iteration 3:
[DEBUG] ==================================
[DEBUG] rall72(A,B) :- somenot72(C,A), somenot72(B,C) 0.33918128655
[DEBUG] rall72(A,B) :- somenot72(C,A), somenot72(B,D) 0.33918128655
[DEBUG] rall72(A,B) :- somenot72(C,A), somenot72(D,C) 0.33918128655
[DEBUG] rall72(A,B) :- somenot72(B,C), somenot72(C,D) 0.33918128655
[DEBUG] rall72(A,B) :- somenot72(B,C), somenot72(D,A) 0.33918128655
[DEBUG] rall72(A,B) :- all72(A,C), all72(C,B) 0.33918128655
[DEBUG] rall72(A,B) :- all72(A,C), all72(C,D) 0.33918128655
[DEBUG] rall72(A,B) :- all72(A,C), all72(D,B) 0.33918128655
[DEBUG] rall72(A,B) :- all72(C,B), all72(A,D) 0.33918128655
[DEBUG] rall72(A,B) :- all72(C,B), all72(D,C) 0.33918128655
[DEBUG] rall72(A,B) :- somenot72(C,A), \+all72(C,B) 0.0847953216374
[DEBUG] rall72(A,B) :- somenot72(C,A), \+all72(B,C) 0.0847953216374
[DEBUG] rall72(A,B) :- somenot72(C,A), \+some72(C,B) 0.0847953216374
[DEBUG] rall72(A,B) :- somenot72(C,A), \+no72(C,B) 0.0847953216374
[DEBUG] rall72(A,B) :- somenot72(C,A), \+no72(B,C) 0.0847953216374
[DEBUG] rall72(A,B) :- somenot72(C,A), \+some72(B,C) 0.0782726045884
[DEBUG] rall72(A,B) :- somenot72(B,C), \+all72(A,C) 0.0782726045884
[DEBUG] rall72(A,B) :- somenot72(B,C), \+all72(C,A) 0.0782726045884
[DEBUG] rall72(A,B) :- somenot72(B,C), \+some72(A,C) 0.0782726045884
[DEBUG] rall72(A,B) :- somenot72(B,C), \+some72(C,A) 0.0782726045884
[DEBUG] rall72(A,B) :- somenot72(B,C), \+no72(C,A) 0.0782726045884
[DEBUG] rall72(A,B) :- somenot72(B,C), \+somenot72(A,C) 0.0782726045884
[DEBUG] rall72(A,B) :- all72(A,C), \+all72(B,C) 0.0726817042607
[DEBUG] rall72(A,B) :- all72(A,C), \+some72(C,B) 0.0726817042607
[DEBUG] rall72(A,B) :- all72(A,C), \+some72(B,C) 0.0726817042607
[DEBUG] rall72(A,B) :- all72(A,C), \+no72(C,B) 0.0726817042607
[DEBUG] rall72(A,B) :- all72(A,C), \+somenot72(C,B) 0.0726817042607
[DEBUG] rall72(A,B) :- all72(A,C), \+somenot72(B,C) 0.0726817042607
[DEBUG] rall72(A,B) :- all72(C,B), \+all72(C,A) 0.0726817042607
[DEBUG] rall72(A,B) :- all72(C,B), \+some72(A,C) 0.0726817042607
[DEBUG] rall72(A,B) :- all72(C,B), \+some72(C,A) 0.0726817042607
[DEBUG] rall72(A,B) :- all72(C,B), \+no72(A,C) 0.0726817042607
[DEBUG] rall72(A,B) :- all72(C,B), \+somenot72(A,C) 0.0726817042607
[DEBUG] rall72(A,B) :- all72(C,B), \+somenot72(C,A) 0.0726817042607
[DEBUG] rall72(A,B) :- all72(A,C), \+no72(B,C) 0.0678362573099
[DEBUG] rall72(A,B) :- all72(C,B), \+no72(C,A) 0.0678362573099
[DEBUG] ==================================
[INFO] RULE LEARNED: rall72(A,B) :- somenot72(C,A), somenot72(B,C) 0.974137931034
