[LVL9] Output level: 9
[INFO] Random seed: 0.924559963094
[INFO] Computing scores: 0.0198s
[INFO] Number of examples (M): 58
[INFO] Positive weight (P): 12.0000
[INFO] Negative weight (N): 46.0000
[DEBUG] Best rule so far: rnvc106(A,B) :- true [0.206896551724]
[DEBUG] Candidates for iteration 1:
[DEBUG] ==================================
[DEBUG] rnvc106(A,B) :- true 0.206896551724
[DEBUG] ==================================
[LVL9] rnvc106(A,B) :- all106(A,C) 0.0 (1.0, 6.0, 40.0, 11.0) 0.603448275862 [ACCEPT]
[LVL9] rnvc106(A,B) :- all106(B,C) 0.0 (1.0, 7.0, 39.0, 11.0) 0.603448275862 [ACCEPT]
[LVL9] rnvc106(A,B) :- some106(A,C) 0.0 (1.0, 7.0, 39.0, 11.0) 0.603448275862 [ACCEPT]
[LVL9] rnvc106(A,B) :- some106(B,C) 0.0 (1.0, 7.0, 39.0, 11.0) 0.603448275862 [ACCEPT]
[LVL9] rnvc106(A,B) :- some106(C,A) 0.400862068966 (3.0, 4.0, 42.0, 9.0) 0.801724137931 [ACCEPT]
[LVL9] BETTER RULE rnvc106(A,B) :- some106(C,A) (0.40086206896551724, 3.0) > (0.20689655172413796, 12.0)
[LVL9] rnvc106(A,B) :- some106(C,B) 0.275862068966 (2.0, 5.0, 41.0, 10.0) 0.735632183908 [ACCEPT]
[LVL9] rnvc106(A,B) :- no106(A,C) 0.315270935961 (2.0, 4.0, 42.0, 10.0) 0.735632183908 [ACCEPT]
[LVL9] rnvc106(A,B) :- no106(B,C) 0.315270935961 (2.0, 4.0, 42.0, 10.0) 0.735632183908 [ACCEPT]
[LVL9] rnvc106(A,B) :- no106(C,A) 0.245210727969 (2.0, 6.0, 40.0, 10.0) 0.735632183908 [ACCEPT]
[LVL9] rnvc106(A,B) :- no106(C,B) 0.0 (1.0, 6.0, 40.0, 11.0) 0.603448275862 [ACCEPT]
[LVL9] rnvc106(A,B) :- somenot106(A,C) 0.275862068966 (2.0, 5.0, 41.0, 10.0) 0.735632183908 [ACCEPT]
[LVL9] rnvc106(A,B) :- somenot106(B,C) 0.35632183908 (3.0, 5.0, 41.0, 9.0) 0.801724137931 [ACCEPT]
[LVL9] rnvc106(A,B) :- somenot106(C,A) 0.0 (1.0, 7.0, 39.0, 11.0) 0.603448275862 [ACCEPT]
[LVL9] rnvc106(A,B) :- somenot106(C,B) 0.275862068966 (2.0, 5.0, 41.0, 10.0) 0.735632183908 [ACCEPT]
[DEBUG] Best rule so far: rnvc106(A,B) :- some106(C,A) [0.400862068966]
[DEBUG] Candidates for iteration 2:
[DEBUG] ==================================
[DEBUG] rnvc106(A,B) :- some106(C,A) 0.400862068966
[DEBUG] rnvc106(A,B) :- somenot106(B,C) 0.35632183908
[DEBUG] rnvc106(A,B) :- no106(A,C) 0.315270935961
[DEBUG] rnvc106(A,B) :- no106(B,C) 0.315270935961
[DEBUG] rnvc106(A,B) :- some106(C,B) 0.275862068966
[DEBUG] rnvc106(A,B) :- somenot106(A,C) 0.275862068966
[DEBUG] rnvc106(A,B) :- somenot106(C,B) 0.275862068966
[DEBUG] rnvc106(A,B) :- no106(C,A) 0.245210727969
[DEBUG] rnvc106(A,B) :- all106(A,C) 0.0
[DEBUG] rnvc106(A,B) :- all106(B,C) 0.0
[DEBUG] rnvc106(A,B) :- some106(A,C) 0.0
[DEBUG] rnvc106(A,B) :- some106(B,C) 0.0
[DEBUG] rnvc106(A,B) :- no106(C,B) 0.0
[DEBUG] rnvc106(A,B) :- somenot106(C,A) 0.0
[DEBUG] ==================================
[LVL9] rnvc106(A,B) :- some106(C,A), some106(C,B) 0.603448275862 (1.0, 0.0, 46.0, 11.0) 0.603448275862 [REJECT* fp] 0.0
[LVL9] BETTER RULE rnvc106(A,B) :- some106(C,A), some106(C,B) (0.603448275862069, 1.0) > (0.40086206896551724, 3.0)
[LVL9] rnvc106(A,B) :- some106(C,A), \+all106(B,C) 0.458128078818 (3.0, 3.0, 43.0, 9.0) 0.801724137931 [ACCEPT]
[LVL9] rnvc106(A,B) :- some106(C,A), \+some106(B,C) 0.458128078818 (3.0, 3.0, 43.0, 9.0) 0.801724137931 [ACCEPT]
[LVL9] rnvc106(A,B) :- some106(C,A), \+no106(C,B) 0.458128078818 (3.0, 3.0, 43.0, 9.0) 0.801724137931 [ACCEPT]
[LVL9] rnvc106(A,B) :- some106(C,A), \+somenot106(C,B) 0.458128078818 (3.0, 3.0, 43.0, 9.0) 0.801724137931 [ACCEPT]
[LVL9] rnvc106(A,B) :- somenot106(B,C), \+all106(A,C) 0.400862068966 (3.0, 4.0, 42.0, 9.0) 0.801724137931 [ACCEPT]
[LVL9] rnvc106(A,B) :- somenot106(B,C), \+all106(C,A) 0.400862068966 (3.0, 4.0, 42.0, 9.0) 0.801724137931 [ACCEPT]
[LVL9] rnvc106(A,B) :- somenot106(B,C), \+some106(A,C) 0.400862068966 (3.0, 4.0, 42.0, 9.0) 0.801724137931 [ACCEPT]
[LVL9] rnvc106(A,B) :- somenot106(B,C), \+no106(A,C) 0.400862068966 (3.0, 4.0, 42.0, 9.0) 0.801724137931 [ACCEPT]
[LVL9] rnvc106(A,B) :- somenot106(B,C), \+somenot106(C,A) 0.400862068966 (3.0, 4.0, 42.0, 9.0) 0.801724137931 [ACCEPT]
[LVL9] rnvc106(A,B) :- no106(A,C), \+all106(C,B) 0.367816091954 (2.0, 3.0, 43.0, 10.0) 0.735632183908 [ACCEPT]
[LVL9] rnvc106(A,B) :- no106(A,C), \+all106(B,C) 0.367816091954 (2.0, 3.0, 43.0, 10.0) 0.735632183908 [ACCEPT]
[LVL9] rnvc106(A,B) :- no106(A,C), \+some106(B,C) 0.367816091954 (2.0, 3.0, 43.0, 10.0) 0.735632183908 [ACCEPT]
[LVL9] rnvc106(A,B) :- no106(A,C), \+somenot106(B,C) 0.367816091954 (2.0, 3.0, 43.0, 10.0) 0.735632183908 [ACCEPT]
[LVL9] rnvc106(A,B) :- no106(B,C), \+some106(A,C) 0.367816091954 (2.0, 3.0, 43.0, 10.0) 0.735632183908 [ACCEPT]
[LVL9] rnvc106(A,B) :- no106(B,C), \+no106(C,A) 0.367816091954 (2.0, 3.0, 43.0, 10.0) 0.735632183908 [ACCEPT]
[LVL9] rnvc106(A,B) :- no106(B,C), \+somenot106(A,C) 0.367816091954 (2.0, 3.0, 43.0, 10.0) 0.735632183908 [ACCEPT]
[LVL9] rnvc106(A,B) :- no106(B,C), \+somenot106(C,A) 0.367816091954 (2.0, 3.0, 43.0, 10.0) 0.735632183908 [ACCEPT]
[LVL9] rnvc106(A,B) :- some106(C,B), \+all106(A,C) 0.315270935961 (2.0, 4.0, 42.0, 10.0) 0.735632183908 [ACCEPT]
[LVL9] rnvc106(A,B) :- some106(C,B), \+all106(C,A) 0.315270935961 (2.0, 4.0, 42.0, 10.0) 0.735632183908 [ACCEPT]
[LVL9] rnvc106(A,B) :- some106(C,B), \+some106(A,C) 0.315270935961 (2.0, 4.0, 42.0, 10.0) 0.735632183908 [ACCEPT]
[LVL9] rnvc106(A,B) :- some106(C,B), \+no106(C,A) 0.315270935961 (2.0, 4.0, 42.0, 10.0) 0.735632183908 [ACCEPT]
[LVL9] rnvc106(A,B) :- some106(C,B), \+somenot106(C,A) 0.315270935961 (2.0, 4.0, 42.0, 10.0) 0.735632183908 [ACCEPT]
[LVL9] rnvc106(A,B) :- somenot106(A,C), \+all106(C,B) 0.315270935961 (2.0, 4.0, 42.0, 10.0) 0.735632183908 [ACCEPT]
[LVL9] rnvc106(A,B) :- somenot106(A,C), \+all106(B,C) 0.315270935961 (2.0, 4.0, 42.0, 10.0) 0.735632183908 [ACCEPT]
[LVL9] rnvc106(A,B) :- somenot106(A,C), \+some106(B,C) 0.315270935961 (2.0, 4.0, 42.0, 10.0) 0.735632183908 [ACCEPT]
[LVL9] rnvc106(A,B) :- somenot106(A,C), \+no106(C,B) 0.315270935961 (2.0, 4.0, 42.0, 10.0) 0.735632183908 [ACCEPT]
[LVL9] rnvc106(A,B) :- somenot106(A,C), \+no106(B,C) 0.315270935961 (2.0, 4.0, 42.0, 10.0) 0.735632183908 [ACCEPT]
[LVL9] rnvc106(A,B) :- somenot106(C,B), \+all106(A,C) 0.315270935961 (2.0, 4.0, 42.0, 10.0) 0.735632183908 [ACCEPT]
[LVL9] rnvc106(A,B) :- somenot106(C,B), \+all106(C,A) 0.315270935961 (2.0, 4.0, 42.0, 10.0) 0.735632183908 [ACCEPT]
[LVL9] rnvc106(A,B) :- somenot106(C,B), \+some106(A,C) 0.315270935961 (2.0, 4.0, 42.0, 10.0) 0.735632183908 [ACCEPT]
[LVL9] rnvc106(A,B) :- somenot106(C,B), \+some106(C,A) 0.315270935961 (2.0, 4.0, 42.0, 10.0) 0.735632183908 [ACCEPT]
[LVL9] rnvc106(A,B) :- somenot106(C,B), \+no106(C,A) 0.315270935961 (2.0, 4.0, 42.0, 10.0) 0.735632183908 [ACCEPT]
[LVL9] rnvc106(A,B) :- no106(C,A), \+all106(C,B) 0.275862068966 (2.0, 5.0, 41.0, 10.0) 0.735632183908 [ACCEPT]
[LVL9] rnvc106(A,B) :- no106(C,A), \+all106(B,C) 0.275862068966 (2.0, 5.0, 41.0, 10.0) 0.735632183908 [ACCEPT]
[LVL9] rnvc106(A,B) :- no106(C,A), \+some106(C,B) 0.275862068966 (2.0, 5.0, 41.0, 10.0) 0.735632183908 [ACCEPT]
[LVL9] rnvc106(A,B) :- no106(C,A), \+some106(B,C) 0.275862068966 (2.0, 5.0, 41.0, 10.0) 0.735632183908 [ACCEPT]
[LVL9] rnvc106(A,B) :- no106(C,A), \+no106(B,C) 0.275862068966 (2.0, 5.0, 41.0, 10.0) 0.735632183908 [ACCEPT]
[LVL9] rnvc106(A,B) :- no106(C,A), \+somenot106(C,B) 0.275862068966 (2.0, 5.0, 41.0, 10.0) 0.735632183908 [ACCEPT]
[DEBUG] Best rule so far: rnvc106(A,B) :- some106(C,A), some106(C,B) [0.603448275862]
[DEBUG] Candidates for iteration 3:
[DEBUG] ==================================
[DEBUG] rnvc106(A,B) :- some106(C,A), \+all106(B,C) 0.458128078818
[DEBUG] rnvc106(A,B) :- some106(C,A), \+some106(B,C) 0.458128078818
[DEBUG] rnvc106(A,B) :- some106(C,A), \+no106(C,B) 0.458128078818
[DEBUG] rnvc106(A,B) :- some106(C,A), \+somenot106(C,B) 0.458128078818
[DEBUG] rnvc106(A,B) :- somenot106(B,C), \+all106(A,C) 0.400862068966
[DEBUG] rnvc106(A,B) :- somenot106(B,C), \+all106(C,A) 0.400862068966
[DEBUG] rnvc106(A,B) :- somenot106(B,C), \+some106(A,C) 0.400862068966
[DEBUG] rnvc106(A,B) :- somenot106(B,C), \+no106(A,C) 0.400862068966
[DEBUG] rnvc106(A,B) :- somenot106(B,C), \+somenot106(C,A) 0.400862068966
[DEBUG] rnvc106(A,B) :- no106(A,C), \+all106(C,B) 0.367816091954
[DEBUG] rnvc106(A,B) :- no106(A,C), \+all106(B,C) 0.367816091954
[DEBUG] rnvc106(A,B) :- no106(A,C), \+some106(B,C) 0.367816091954
[DEBUG] rnvc106(A,B) :- no106(A,C), \+somenot106(B,C) 0.367816091954
[DEBUG] rnvc106(A,B) :- no106(B,C), \+some106(A,C) 0.367816091954
[DEBUG] rnvc106(A,B) :- no106(B,C), \+no106(C,A) 0.367816091954
[DEBUG] rnvc106(A,B) :- no106(B,C), \+somenot106(A,C) 0.367816091954
[DEBUG] rnvc106(A,B) :- no106(B,C), \+somenot106(C,A) 0.367816091954
[DEBUG] rnvc106(A,B) :- some106(C,B), \+all106(A,C) 0.315270935961
[DEBUG] rnvc106(A,B) :- some106(C,B), \+all106(C,A) 0.315270935961
[DEBUG] rnvc106(A,B) :- some106(C,B), \+some106(A,C) 0.315270935961
[DEBUG] rnvc106(A,B) :- some106(C,B), \+no106(C,A) 0.315270935961
[DEBUG] rnvc106(A,B) :- some106(C,B), \+somenot106(C,A) 0.315270935961
[DEBUG] rnvc106(A,B) :- somenot106(A,C), \+all106(C,B) 0.315270935961
[DEBUG] rnvc106(A,B) :- somenot106(A,C), \+all106(B,C) 0.315270935961
[DEBUG] rnvc106(A,B) :- somenot106(A,C), \+some106(B,C) 0.315270935961
[DEBUG] rnvc106(A,B) :- somenot106(A,C), \+no106(C,B) 0.315270935961
[DEBUG] rnvc106(A,B) :- somenot106(A,C), \+no106(B,C) 0.315270935961
[DEBUG] rnvc106(A,B) :- somenot106(C,B), \+all106(A,C) 0.315270935961
[DEBUG] rnvc106(A,B) :- somenot106(C,B), \+all106(C,A) 0.315270935961
[DEBUG] rnvc106(A,B) :- somenot106(C,B), \+some106(A,C) 0.315270935961
[DEBUG] rnvc106(A,B) :- somenot106(C,B), \+some106(C,A) 0.315270935961
[DEBUG] rnvc106(A,B) :- somenot106(C,B), \+no106(C,A) 0.315270935961
[DEBUG] rnvc106(A,B) :- no106(C,A), \+all106(C,B) 0.275862068966
[DEBUG] rnvc106(A,B) :- no106(C,A), \+all106(B,C) 0.275862068966
[DEBUG] rnvc106(A,B) :- no106(C,A), \+some106(C,B) 0.275862068966
[DEBUG] rnvc106(A,B) :- no106(C,A), \+some106(B,C) 0.275862068966
[DEBUG] rnvc106(A,B) :- no106(C,A), \+no106(B,C) 0.275862068966
[DEBUG] rnvc106(A,B) :- no106(C,A), \+somenot106(C,B) 0.275862068966
[DEBUG] ==================================
[INFO] RULE LEARNED: rnvc106(A,B) :- some106(C,A), some106(C,B) 0.810344827586
[DEBUG] Best rule so far: rnvc106(A,B) :- true [0.19298245614]
[DEBUG] Candidates for iteration 1:
[DEBUG] ==================================
[DEBUG] rnvc106(A,B) :- true 0.19298245614
[DEBUG] ==================================
[LVL9] rnvc106(A,B) :- all106(A,C) 0.0 (2.0, 6.0, 40.0, 10.0) 0.59649122807 [ACCEPT]
[LVL9] rnvc106(A,B) :- all106(B,C) 0.0 (2.0, 7.0, 39.0, 10.0) 0.59649122807 [ACCEPT]
[LVL9] rnvc106(A,B) :- some106(A,C) 0.0 (2.0, 7.0, 39.0, 10.0) 0.59649122807 [ACCEPT]
[LVL9] rnvc106(A,B) :- some106(B,C) 0.0 (2.0, 7.0, 39.0, 10.0) 0.59649122807 [ACCEPT]
[LVL9] rnvc106(A,B) :- some106(C,A) 0.31328320802 (3.0, 4.0, 42.0, 9.0) 0.730994152047 [ACCEPT]
[LVL9] BETTER RULE rnvc106(A,B) :- some106(C,A) (0.31328320802005016, 3.0) > (0.19298245614035087, 12.0)
[LVL9] rnvc106(A,B) :- some106(C,B) 0.0 (2.0, 5.0, 41.0, 10.0) 0.59649122807 [ACCEPT]
[LVL9] rnvc106(A,B) :- no106(A,C) 0.31328320802 (3.0, 4.0, 42.0, 9.0) 0.730994152047 [ACCEPT]
[LVL9] rnvc106(A,B) :- no106(B,C) 0.31328320802 (3.0, 4.0, 42.0, 9.0) 0.730994152047 [ACCEPT]
[LVL9] rnvc106(A,B) :- no106(C,A) 0.243664717349 (3.0, 6.0, 40.0, 9.0) 0.730994152047 [ACCEPT]
[LVL9] rnvc106(A,B) :- no106(C,B) 0.0 (2.0, 6.0, 40.0, 10.0) 0.59649122807 [ACCEPT]
[LVL9] rnvc106(A,B) :- somenot106(A,C) 0.274122807018 (3.0, 5.0, 41.0, 9.0) 0.730994152047 [ACCEPT]
[LVL9] rnvc106(A,B) :- somenot106(B,C) 0.35477582846 (4.0, 5.0, 41.0, 8.0) 0.798245614035 [ACCEPT]
[LVL9] BETTER RULE rnvc106(A,B) :- somenot106(B,C) (0.354775828460039, 4.0) > (0.31328320802005016, 3.0)
[LVL9] rnvc106(A,B) :- somenot106(C,A) 0.0 (2.0, 7.0, 39.0, 10.0) 0.59649122807 [ACCEPT]
[LVL9] rnvc106(A,B) :- somenot106(C,B) 0.274122807018 (3.0, 5.0, 41.0, 9.0) 0.730994152047 [ACCEPT]
[DEBUG] Best rule so far: rnvc106(A,B) :- somenot106(B,C) [0.35477582846]
[DEBUG] Candidates for iteration 2:
[DEBUG] ==================================
[DEBUG] rnvc106(A,B) :- somenot106(B,C) 0.35477582846
[DEBUG] rnvc106(A,B) :- some106(C,A) 0.31328320802
[DEBUG] rnvc106(A,B) :- no106(A,C) 0.31328320802
[DEBUG] rnvc106(A,B) :- no106(B,C) 0.31328320802
[DEBUG] rnvc106(A,B) :- somenot106(A,C) 0.274122807018
[DEBUG] rnvc106(A,B) :- somenot106(C,B) 0.274122807018
[DEBUG] rnvc106(A,B) :- no106(C,A) 0.243664717349
[DEBUG] rnvc106(A,B) :- all106(A,C) 0.0
[DEBUG] rnvc106(A,B) :- all106(B,C) 0.0
[DEBUG] rnvc106(A,B) :- some106(A,C) 0.0
[DEBUG] rnvc106(A,B) :- some106(B,C) 0.0
[DEBUG] rnvc106(A,B) :- some106(C,B) 0.0
[DEBUG] rnvc106(A,B) :- no106(C,B) 0.0
[DEBUG] rnvc106(A,B) :- somenot106(C,A) 0.0
[DEBUG] ==================================
[LVL9] rnvc106(A,B) :- somenot106(B,C), some106(C,A) 0.59649122807 (2.0, 0.0, 46.0, 10.0) 0.59649122807 [REJECT* fp] 1.0
[LVL9] BETTER RULE rnvc106(A,B) :- somenot106(B,C), some106(C,A) (0.5964912280701754, 2.0) > (0.354775828460039, 4.0)
[LVL9] rnvc106(A,B) :- somenot106(B,C), \+all106(A,C) 0.399122807018 (4.0, 4.0, 42.0, 8.0) 0.798245614035 [ACCEPT]
[LVL9] rnvc106(A,B) :- somenot106(B,C), \+all106(C,A) 0.399122807018 (4.0, 4.0, 42.0, 8.0) 0.798245614035 [ACCEPT]
[LVL9] rnvc106(A,B) :- somenot106(B,C), \+some106(A,C) 0.399122807018 (4.0, 4.0, 42.0, 8.0) 0.798245614035 [ACCEPT]
[LVL9] rnvc106(A,B) :- somenot106(B,C), \+no106(A,C) 0.399122807018 (4.0, 4.0, 42.0, 8.0) 0.798245614035 [ACCEPT]
[LVL9] rnvc106(A,B) :- somenot106(B,C), \+somenot106(C,A) 0.399122807018 (4.0, 4.0, 42.0, 8.0) 0.798245614035 [ACCEPT]
[LVL9] rnvc106(A,B) :- some106(C,A), \+all106(B,C) 0.365497076023 (3.0, 3.0, 43.0, 9.0) 0.730994152047 [ACCEPT]
[LVL9] rnvc106(A,B) :- some106(C,A), \+some106(B,C) 0.365497076023 (3.0, 3.0, 43.0, 9.0) 0.730994152047 [ACCEPT]
[LVL9] rnvc106(A,B) :- some106(C,A), \+no106(C,B) 0.365497076023 (3.0, 3.0, 43.0, 9.0) 0.730994152047 [ACCEPT]
[LVL9] rnvc106(A,B) :- some106(C,A), \+somenot106(C,B) 0.365497076023 (3.0, 3.0, 43.0, 9.0) 0.730994152047 [ACCEPT]
[LVL9] rnvc106(A,B) :- no106(A,C), \+all106(C,B) 0.365497076023 (3.0, 3.0, 43.0, 9.0) 0.730994152047 [ACCEPT]
[LVL9] rnvc106(A,B) :- no106(A,C), \+all106(B,C) 0.365497076023 (3.0, 3.0, 43.0, 9.0) 0.730994152047 [ACCEPT]
[LVL9] rnvc106(A,B) :- no106(A,C), \+some106(B,C) 0.365497076023 (3.0, 3.0, 43.0, 9.0) 0.730994152047 [ACCEPT]
[LVL9] rnvc106(A,B) :- no106(A,C), \+somenot106(B,C) 0.365497076023 (3.0, 3.0, 43.0, 9.0) 0.730994152047 [ACCEPT]
[LVL9] rnvc106(A,B) :- no106(B,C), \+some106(A,C) 0.365497076023 (3.0, 3.0, 43.0, 9.0) 0.730994152047 [ACCEPT]
[LVL9] rnvc106(A,B) :- no106(B,C), \+no106(C,A) 0.365497076023 (3.0, 3.0, 43.0, 9.0) 0.730994152047 [ACCEPT]
[LVL9] rnvc106(A,B) :- no106(B,C), \+somenot106(A,C) 0.365497076023 (3.0, 3.0, 43.0, 9.0) 0.730994152047 [ACCEPT]
[LVL9] rnvc106(A,B) :- no106(B,C), \+somenot106(C,A) 0.365497076023 (3.0, 3.0, 43.0, 9.0) 0.730994152047 [ACCEPT]
[LVL9] rnvc106(A,B) :- somenot106(A,C), \+all106(C,B) 0.31328320802 (3.0, 4.0, 42.0, 9.0) 0.730994152047 [ACCEPT]
[LVL9] rnvc106(A,B) :- somenot106(A,C), \+all106(B,C) 0.31328320802 (3.0, 4.0, 42.0, 9.0) 0.730994152047 [ACCEPT]
[LVL9] rnvc106(A,B) :- somenot106(A,C), \+some106(B,C) 0.31328320802 (3.0, 4.0, 42.0, 9.0) 0.730994152047 [ACCEPT]
[LVL9] rnvc106(A,B) :- somenot106(A,C), \+no106(C,B) 0.31328320802 (3.0, 4.0, 42.0, 9.0) 0.730994152047 [ACCEPT]
[LVL9] rnvc106(A,B) :- somenot106(A,C), \+no106(B,C) 0.31328320802 (3.0, 4.0, 42.0, 9.0) 0.730994152047 [ACCEPT]
[LVL9] rnvc106(A,B) :- somenot106(C,B), \+all106(A,C) 0.31328320802 (3.0, 4.0, 42.0, 9.0) 0.730994152047 [ACCEPT]
[LVL9] rnvc106(A,B) :- somenot106(C,B), \+all106(C,A) 0.31328320802 (3.0, 4.0, 42.0, 9.0) 0.730994152047 [ACCEPT]
[LVL9] rnvc106(A,B) :- somenot106(C,B), \+some106(A,C) 0.31328320802 (3.0, 4.0, 42.0, 9.0) 0.730994152047 [ACCEPT]
[LVL9] rnvc106(A,B) :- somenot106(C,B), \+some106(C,A) 0.31328320802 (3.0, 4.0, 42.0, 9.0) 0.730994152047 [ACCEPT]
[LVL9] rnvc106(A,B) :- somenot106(C,B), \+no106(C,A) 0.31328320802 (3.0, 4.0, 42.0, 9.0) 0.730994152047 [ACCEPT]
[LVL9] rnvc106(A,B) :- no106(C,A), \+all106(C,B) 0.274122807018 (3.0, 5.0, 41.0, 9.0) 0.730994152047 [ACCEPT]
[LVL9] rnvc106(A,B) :- no106(C,A), \+all106(B,C) 0.274122807018 (3.0, 5.0, 41.0, 9.0) 0.730994152047 [ACCEPT]
[LVL9] rnvc106(A,B) :- no106(C,A), \+some106(C,B) 0.274122807018 (3.0, 5.0, 41.0, 9.0) 0.730994152047 [ACCEPT]
[LVL9] rnvc106(A,B) :- no106(C,A), \+some106(B,C) 0.274122807018 (3.0, 5.0, 41.0, 9.0) 0.730994152047 [ACCEPT]
[LVL9] rnvc106(A,B) :- no106(C,A), \+no106(B,C) 0.274122807018 (3.0, 5.0, 41.0, 9.0) 0.730994152047 [ACCEPT]
[LVL9] rnvc106(A,B) :- no106(C,A), \+somenot106(C,B) 0.274122807018 (3.0, 5.0, 41.0, 9.0) 0.730994152047 [ACCEPT]
[DEBUG] Best rule so far: rnvc106(A,B) :- somenot106(B,C), some106(C,A) [0.59649122807]
[DEBUG] Candidates for iteration 3:
[DEBUG] ==================================
[DEBUG] rnvc106(A,B) :- somenot106(B,C), \+all106(A,C) 0.399122807018
[DEBUG] rnvc106(A,B) :- somenot106(B,C), \+all106(C,A) 0.399122807018
[DEBUG] rnvc106(A,B) :- somenot106(B,C), \+some106(A,C) 0.399122807018
[DEBUG] rnvc106(A,B) :- somenot106(B,C), \+no106(A,C) 0.399122807018
[DEBUG] rnvc106(A,B) :- somenot106(B,C), \+somenot106(C,A) 0.399122807018
[DEBUG] rnvc106(A,B) :- some106(C,A), \+all106(B,C) 0.365497076023
[DEBUG] rnvc106(A,B) :- some106(C,A), \+some106(B,C) 0.365497076023
[DEBUG] rnvc106(A,B) :- some106(C,A), \+no106(C,B) 0.365497076023
[DEBUG] rnvc106(A,B) :- some106(C,A), \+somenot106(C,B) 0.365497076023
[DEBUG] rnvc106(A,B) :- no106(A,C), \+all106(C,B) 0.365497076023
[DEBUG] rnvc106(A,B) :- no106(A,C), \+all106(B,C) 0.365497076023
[DEBUG] rnvc106(A,B) :- no106(A,C), \+some106(B,C) 0.365497076023
[DEBUG] rnvc106(A,B) :- no106(A,C), \+somenot106(B,C) 0.365497076023
[DEBUG] rnvc106(A,B) :- no106(B,C), \+some106(A,C) 0.365497076023
[DEBUG] rnvc106(A,B) :- no106(B,C), \+no106(C,A) 0.365497076023
[DEBUG] rnvc106(A,B) :- no106(B,C), \+somenot106(A,C) 0.365497076023
[DEBUG] rnvc106(A,B) :- no106(B,C), \+somenot106(C,A) 0.365497076023
[DEBUG] rnvc106(A,B) :- somenot106(A,C), \+all106(C,B) 0.31328320802
[DEBUG] rnvc106(A,B) :- somenot106(A,C), \+all106(B,C) 0.31328320802
[DEBUG] rnvc106(A,B) :- somenot106(A,C), \+some106(B,C) 0.31328320802
[DEBUG] rnvc106(A,B) :- somenot106(A,C), \+no106(C,B) 0.31328320802
[DEBUG] rnvc106(A,B) :- somenot106(A,C), \+no106(B,C) 0.31328320802
[DEBUG] rnvc106(A,B) :- somenot106(C,B), \+all106(A,C) 0.31328320802
[DEBUG] rnvc106(A,B) :- somenot106(C,B), \+all106(C,A) 0.31328320802
[DEBUG] rnvc106(A,B) :- somenot106(C,B), \+some106(A,C) 0.31328320802
[DEBUG] rnvc106(A,B) :- somenot106(C,B), \+some106(C,A) 0.31328320802
[DEBUG] rnvc106(A,B) :- somenot106(C,B), \+no106(C,A) 0.31328320802
[DEBUG] rnvc106(A,B) :- no106(C,A), \+all106(C,B) 0.274122807018
[DEBUG] rnvc106(A,B) :- no106(C,A), \+all106(B,C) 0.274122807018
[DEBUG] rnvc106(A,B) :- no106(C,A), \+some106(C,B) 0.274122807018
[DEBUG] rnvc106(A,B) :- no106(C,A), \+some106(B,C) 0.274122807018
[DEBUG] rnvc106(A,B) :- no106(C,A), \+no106(B,C) 0.274122807018
[DEBUG] rnvc106(A,B) :- no106(C,A), \+somenot106(C,B) 0.274122807018
[DEBUG] ==================================
[INFO] RULE LEARNED: rnvc106(A,B) :- somenot106(B,C), some106(C,A) 0.827586206897
[DEBUG] Best rule so far: rnvc106(A,B) :- true [0.178571428571]
[DEBUG] Candidates for iteration 1:
[DEBUG] ==================================
[DEBUG] rnvc106(A,B) :- true 0.178571428571
[DEBUG] ==================================
[LVL9] rnvc106(A,B) :- all106(A,C) 0.0 (3.0, 6.0, 40.0, 9.0) 0.589285714286 [ACCEPT]
[LVL9] rnvc106(A,B) :- all106(B,C) 0.0 (3.0, 7.0, 39.0, 9.0) 0.589285714286 [ACCEPT]
[LVL9] rnvc106(A,B) :- some106(A,C) 0.0 (3.0, 7.0, 39.0, 9.0) 0.589285714286 [ACCEPT]
[LVL9] rnvc106(A,B) :- some106(B,C) 0.0 (3.0, 7.0, 39.0, 9.0) 0.589285714286 [ACCEPT]
[LVL9] rnvc106(A,B) :- some106(C,A) 0.196428571429 (3.0, 4.0, 42.0, 9.0) 0.589285714286 [ACCEPT]
[LVL9] BETTER RULE rnvc106(A,B) :- some106(C,A) (0.19642857142857142, 3.0) > (0.17857142857142858, 12.0)
[LVL9] rnvc106(A,B) :- some106(C,B) 0.0 (3.0, 5.0, 41.0, 9.0) 0.589285714286 [ACCEPT]
[LVL9] rnvc106(A,B) :- no106(A,C) 0.311224489796 (4.0, 4.0, 42.0, 8.0) 0.72619047619 [ACCEPT]
[LVL9] BETTER RULE rnvc106(A,B) :- no106(A,C) (0.3112244897959183, 4.0) > (0.19642857142857142, 3.0)
[LVL9] rnvc106(A,B) :- no106(B,C) 0.311224489796 (4.0, 4.0, 42.0, 8.0) 0.72619047619 [ACCEPT]
[LVL9] rnvc106(A,B) :- no106(C,A) 0.242063492063 (4.0, 6.0, 40.0, 8.0) 0.72619047619 [ACCEPT]
[LVL9] rnvc106(A,B) :- no106(C,B) 0.0 (3.0, 6.0, 40.0, 9.0) 0.589285714286 [ACCEPT]
[LVL9] rnvc106(A,B) :- somenot106(A,C) 0.272321428571 (4.0, 5.0, 41.0, 8.0) 0.72619047619 [ACCEPT]
[LVL9] rnvc106(A,B) :- somenot106(B,C) 0.272321428571 (4.0, 5.0, 41.0, 8.0) 0.72619047619 [ACCEPT]
[LVL9] rnvc106(A,B) :- somenot106(C,A) 0.0 (3.0, 7.0, 39.0, 9.0) 0.589285714286 [ACCEPT]
[LVL9] rnvc106(A,B) :- somenot106(C,B) 0.272321428571 (4.0, 5.0, 41.0, 8.0) 0.72619047619 [ACCEPT]
[DEBUG] Best rule so far: rnvc106(A,B) :- no106(A,C) [0.311224489796]
[DEBUG] Candidates for iteration 2:
[DEBUG] ==================================
[DEBUG] rnvc106(A,B) :- no106(A,C) 0.311224489796
[DEBUG] rnvc106(A,B) :- no106(B,C) 0.311224489796
[DEBUG] rnvc106(A,B) :- somenot106(A,C) 0.272321428571
[DEBUG] rnvc106(A,B) :- somenot106(B,C) 0.272321428571
[DEBUG] rnvc106(A,B) :- somenot106(C,B) 0.272321428571
[DEBUG] rnvc106(A,B) :- no106(C,A) 0.242063492063
[DEBUG] rnvc106(A,B) :- some106(C,A) 0.196428571429
[DEBUG] rnvc106(A,B) :- all106(A,C) 0.0
[DEBUG] rnvc106(A,B) :- all106(B,C) 0.0
[DEBUG] rnvc106(A,B) :- some106(A,C) 0.0
[DEBUG] rnvc106(A,B) :- some106(B,C) 0.0
[DEBUG] rnvc106(A,B) :- some106(C,B) 0.0
[DEBUG] rnvc106(A,B) :- no106(C,B) 0.0
[DEBUG] rnvc106(A,B) :- somenot106(C,A) 0.0
[DEBUG] ==================================
[LVL9] rnvc106(A,B) :- no106(A,C), some106(C,B) 0.589285714286 (3.0, 0.0, 46.0, 9.0) 0.589285714286 [REJECT* fp] 2.0
[LVL9] BETTER RULE rnvc106(A,B) :- no106(A,C), some106(C,B) (0.5892857142857143, 3.0) > (0.3112244897959183, 4.0)
[LVL9] rnvc106(A,B) :- no106(A,C), \+all106(C,B) 0.363095238095 (4.0, 3.0, 43.0, 8.0) 0.72619047619 [ACCEPT]
[LVL9] rnvc106(A,B) :- no106(A,C), \+all106(B,C) 0.363095238095 (4.0, 3.0, 43.0, 8.0) 0.72619047619 [ACCEPT]
[LVL9] rnvc106(A,B) :- no106(A,C), \+some106(B,C) 0.363095238095 (4.0, 3.0, 43.0, 8.0) 0.72619047619 [ACCEPT]
[LVL9] rnvc106(A,B) :- no106(A,C), \+somenot106(B,C) 0.363095238095 (4.0, 3.0, 43.0, 8.0) 0.72619047619 [ACCEPT]
[LVL9] rnvc106(A,B) :- no106(B,C), \+some106(A,C) 0.363095238095 (4.0, 3.0, 43.0, 8.0) 0.72619047619 [ACCEPT]
[LVL9] rnvc106(A,B) :- no106(B,C), \+no106(C,A) 0.363095238095 (4.0, 3.0, 43.0, 8.0) 0.72619047619 [ACCEPT]
[LVL9] rnvc106(A,B) :- no106(B,C), \+somenot106(A,C) 0.363095238095 (4.0, 3.0, 43.0, 8.0) 0.72619047619 [ACCEPT]
[LVL9] rnvc106(A,B) :- no106(B,C), \+somenot106(C,A) 0.363095238095 (4.0, 3.0, 43.0, 8.0) 0.72619047619 [ACCEPT]
[LVL9] rnvc106(A,B) :- somenot106(A,C), \+all106(C,B) 0.311224489796 (4.0, 4.0, 42.0, 8.0) 0.72619047619 [ACCEPT]
[LVL9] rnvc106(A,B) :- somenot106(A,C), \+all106(B,C) 0.311224489796 (4.0, 4.0, 42.0, 8.0) 0.72619047619 [ACCEPT]
[LVL9] rnvc106(A,B) :- somenot106(A,C), \+some106(B,C) 0.311224489796 (4.0, 4.0, 42.0, 8.0) 0.72619047619 [ACCEPT]
[LVL9] rnvc106(A,B) :- somenot106(A,C), \+no106(C,B) 0.311224489796 (4.0, 4.0, 42.0, 8.0) 0.72619047619 [ACCEPT]
[LVL9] rnvc106(A,B) :- somenot106(A,C), \+no106(B,C) 0.311224489796 (4.0, 4.0, 42.0, 8.0) 0.72619047619 [ACCEPT]
[LVL9] rnvc106(A,B) :- somenot106(B,C), \+all106(A,C) 0.311224489796 (4.0, 4.0, 42.0, 8.0) 0.72619047619 [ACCEPT]
[LVL9] rnvc106(A,B) :- somenot106(B,C), \+all106(C,A) 0.311224489796 (4.0, 4.0, 42.0, 8.0) 0.72619047619 [ACCEPT]
[LVL9] rnvc106(A,B) :- somenot106(B,C), \+some106(A,C) 0.311224489796 (4.0, 4.0, 42.0, 8.0) 0.72619047619 [ACCEPT]
[LVL9] rnvc106(A,B) :- somenot106(B,C), \+no106(A,C) 0.311224489796 (4.0, 4.0, 42.0, 8.0) 0.72619047619 [ACCEPT]
[LVL9] rnvc106(A,B) :- somenot106(B,C), \+somenot106(C,A) 0.311224489796 (4.0, 4.0, 42.0, 8.0) 0.72619047619 [ACCEPT]
[LVL9] rnvc106(A,B) :- somenot106(C,B), \+all106(A,C) 0.311224489796 (4.0, 4.0, 42.0, 8.0) 0.72619047619 [ACCEPT]
[LVL9] rnvc106(A,B) :- somenot106(C,B), \+all106(C,A) 0.311224489796 (4.0, 4.0, 42.0, 8.0) 0.72619047619 [ACCEPT]
[LVL9] rnvc106(A,B) :- somenot106(C,B), \+some106(A,C) 0.311224489796 (4.0, 4.0, 42.0, 8.0) 0.72619047619 [ACCEPT]
[LVL9] rnvc106(A,B) :- somenot106(C,B), \+some106(C,A) 0.311224489796 (4.0, 4.0, 42.0, 8.0) 0.72619047619 [ACCEPT]
[LVL9] rnvc106(A,B) :- somenot106(C,B), \+no106(C,A) 0.311224489796 (4.0, 4.0, 42.0, 8.0) 0.72619047619 [ACCEPT]
[LVL9] rnvc106(A,B) :- no106(C,A), \+all106(C,B) 0.272321428571 (4.0, 5.0, 41.0, 8.0) 0.72619047619 [ACCEPT]
[LVL9] rnvc106(A,B) :- no106(C,A), \+all106(B,C) 0.272321428571 (4.0, 5.0, 41.0, 8.0) 0.72619047619 [ACCEPT]
[LVL9] rnvc106(A,B) :- no106(C,A), \+some106(C,B) 0.272321428571 (4.0, 5.0, 41.0, 8.0) 0.72619047619 [ACCEPT]
[LVL9] rnvc106(A,B) :- no106(C,A), \+some106(B,C) 0.272321428571 (4.0, 5.0, 41.0, 8.0) 0.72619047619 [ACCEPT]
[LVL9] rnvc106(A,B) :- no106(C,A), \+no106(B,C) 0.272321428571 (4.0, 5.0, 41.0, 8.0) 0.72619047619 [ACCEPT]
[LVL9] rnvc106(A,B) :- no106(C,A), \+somenot106(C,B) 0.272321428571 (4.0, 5.0, 41.0, 8.0) 0.72619047619 [ACCEPT]
[DEBUG] Best rule so far: rnvc106(A,B) :- no106(A,C), some106(C,B) [0.589285714286]
[DEBUG] Candidates for iteration 3:
[DEBUG] ==================================
[DEBUG] rnvc106(A,B) :- no106(A,C), \+all106(C,B) 0.363095238095
[DEBUG] rnvc106(A,B) :- no106(A,C), \+all106(B,C) 0.363095238095
[DEBUG] rnvc106(A,B) :- no106(A,C), \+some106(B,C) 0.363095238095
[DEBUG] rnvc106(A,B) :- no106(A,C), \+somenot106(B,C) 0.363095238095
[DEBUG] rnvc106(A,B) :- no106(B,C), \+some106(A,C) 0.363095238095
[DEBUG] rnvc106(A,B) :- no106(B,C), \+no106(C,A) 0.363095238095
[DEBUG] rnvc106(A,B) :- no106(B,C), \+somenot106(A,C) 0.363095238095
[DEBUG] rnvc106(A,B) :- no106(B,C), \+somenot106(C,A) 0.363095238095
[DEBUG] rnvc106(A,B) :- somenot106(A,C), \+all106(C,B) 0.311224489796
[DEBUG] rnvc106(A,B) :- somenot106(A,C), \+all106(B,C) 0.311224489796
[DEBUG] rnvc106(A,B) :- somenot106(A,C), \+some106(B,C) 0.311224489796
[DEBUG] rnvc106(A,B) :- somenot106(A,C), \+no106(C,B) 0.311224489796
[DEBUG] rnvc106(A,B) :- somenot106(A,C), \+no106(B,C) 0.311224489796
[DEBUG] rnvc106(A,B) :- somenot106(B,C), \+all106(A,C) 0.311224489796
[DEBUG] rnvc106(A,B) :- somenot106(B,C), \+all106(C,A) 0.311224489796
[DEBUG] rnvc106(A,B) :- somenot106(B,C), \+some106(A,C) 0.311224489796
[DEBUG] rnvc106(A,B) :- somenot106(B,C), \+no106(A,C) 0.311224489796
[DEBUG] rnvc106(A,B) :- somenot106(B,C), \+somenot106(C,A) 0.311224489796
[DEBUG] rnvc106(A,B) :- somenot106(C,B), \+all106(A,C) 0.311224489796
[DEBUG] rnvc106(A,B) :- somenot106(C,B), \+all106(C,A) 0.311224489796
[DEBUG] rnvc106(A,B) :- somenot106(C,B), \+some106(A,C) 0.311224489796
[DEBUG] rnvc106(A,B) :- somenot106(C,B), \+some106(C,A) 0.311224489796
[DEBUG] rnvc106(A,B) :- somenot106(C,B), \+no106(C,A) 0.311224489796
[DEBUG] rnvc106(A,B) :- no106(C,A), \+all106(C,B) 0.272321428571
[DEBUG] rnvc106(A,B) :- no106(C,A), \+all106(B,C) 0.272321428571
[DEBUG] rnvc106(A,B) :- no106(C,A), \+some106(C,B) 0.272321428571
[DEBUG] rnvc106(A,B) :- no106(C,A), \+some106(B,C) 0.272321428571
[DEBUG] rnvc106(A,B) :- no106(C,A), \+no106(B,C) 0.272321428571
[DEBUG] rnvc106(A,B) :- no106(C,A), \+somenot106(C,B) 0.272321428571
[DEBUG] ==================================
[INFO] RULE LEARNED: rnvc106(A,B) :- no106(A,C), some106(C,B) 0.844827586207
[DEBUG] Best rule so far: rnvc106(A,B) :- true [0.163636363636]
[DEBUG] Candidates for iteration 1:
[DEBUG] ==================================
[DEBUG] rnvc106(A,B) :- true 0.163636363636
[DEBUG] ==================================
[LVL9] rnvc106(A,B) :- all106(A,C) 0.0 (4.0, 6.0, 40.0, 8.0) 0.581818181818 [ACCEPT]
[LVL9] rnvc106(A,B) :- all106(B,C) 0.0 (4.0, 7.0, 39.0, 8.0) 0.581818181818 [ACCEPT]
[LVL9] rnvc106(A,B) :- some106(A,C) 0.0 (4.0, 7.0, 39.0, 8.0) 0.581818181818 [ACCEPT]
[LVL9] rnvc106(A,B) :- some106(B,C) 0.0 (4.0, 7.0, 39.0, 8.0) 0.581818181818 [ACCEPT]
[LVL9] rnvc106(A,B) :- some106(C,A) 0.193939393939 (4.0, 4.0, 42.0, 8.0) 0.581818181818 [ACCEPT]
[LVL9] BETTER RULE rnvc106(A,B) :- some106(C,A) (0.19393939393939394, 4.0) > (0.16363636363636364, 12.0)
[LVL9] rnvc106(A,B) :- no106(A,C) 0.193939393939 (4.0, 4.0, 42.0, 8.0) 0.581818181818 [ACCEPT]
[LVL9] rnvc106(A,B) :- no106(B,C) 0.309090909091 (5.0, 4.0, 42.0, 7.0) 0.721212121212 [ACCEPT]
[LVL9] BETTER RULE rnvc106(A,B) :- no106(B,C) (0.3090909090909091, 5.0) > (0.19393939393939394, 4.0)
[LVL9] rnvc106(A,B) :- no106(C,A) 0.240404040404 (5.0, 6.0, 40.0, 7.0) 0.721212121212 [ACCEPT]
[LVL9] rnvc106(A,B) :- no106(C,B) 0.0 (4.0, 6.0, 40.0, 8.0) 0.581818181818 [ACCEPT]
[LVL9] rnvc106(A,B) :- somenot106(A,C) 0.270454545455 (5.0, 5.0, 41.0, 7.0) 0.721212121212 [ACCEPT]
[LVL9] rnvc106(A,B) :- somenot106(B,C) 0.270454545455 (5.0, 5.0, 41.0, 7.0) 0.721212121212 [ACCEPT]
[LVL9] rnvc106(A,B) :- somenot106(C,A) 0.0 (4.0, 7.0, 39.0, 8.0) 0.581818181818 [ACCEPT]
[LVL9] rnvc106(A,B) :- somenot106(C,B) 0.270454545455 (5.0, 5.0, 41.0, 7.0) 0.721212121212 [ACCEPT]
[DEBUG] Best rule so far: rnvc106(A,B) :- no106(B,C) [0.309090909091]
[DEBUG] Candidates for iteration 2:
[DEBUG] ==================================
[DEBUG] rnvc106(A,B) :- no106(B,C) 0.309090909091
[DEBUG] rnvc106(A,B) :- somenot106(A,C) 0.270454545455
[DEBUG] rnvc106(A,B) :- somenot106(B,C) 0.270454545455
[DEBUG] rnvc106(A,B) :- somenot106(C,B) 0.270454545455
[DEBUG] rnvc106(A,B) :- no106(C,A) 0.240404040404
[DEBUG] rnvc106(A,B) :- some106(C,A) 0.193939393939
[DEBUG] rnvc106(A,B) :- no106(A,C) 0.193939393939
[DEBUG] rnvc106(A,B) :- all106(A,C) 0.0
[DEBUG] rnvc106(A,B) :- all106(B,C) 0.0
[DEBUG] rnvc106(A,B) :- some106(A,C) 0.0
[DEBUG] rnvc106(A,B) :- some106(B,C) 0.0
[DEBUG] rnvc106(A,B) :- no106(C,B) 0.0
[DEBUG] rnvc106(A,B) :- somenot106(C,A) 0.0
[DEBUG] ==================================
[LVL9] rnvc106(A,B) :- no106(B,C), some106(C,A) 0.581818181818 (4.0, 0.0, 46.0, 8.0) 0.581818181818 [REJECT* fp] 3.0
[LVL9] BETTER RULE rnvc106(A,B) :- no106(B,C), some106(C,A) (0.5818181818181818, 4.0) > (0.3090909090909091, 5.0)
[LVL9] rnvc106(A,B) :- no106(B,C), \+some106(A,C) 0.360606060606 (5.0, 3.0, 43.0, 7.0) 0.721212121212 [ACCEPT]
[LVL9] rnvc106(A,B) :- no106(B,C), \+no106(C,A) 0.360606060606 (5.0, 3.0, 43.0, 7.0) 0.721212121212 [ACCEPT]
[LVL9] rnvc106(A,B) :- no106(B,C), \+somenot106(A,C) 0.360606060606 (5.0, 3.0, 43.0, 7.0) 0.721212121212 [ACCEPT]
[LVL9] rnvc106(A,B) :- no106(B,C), \+somenot106(C,A) 0.360606060606 (5.0, 3.0, 43.0, 7.0) 0.721212121212 [ACCEPT]
[LVL9] rnvc106(A,B) :- somenot106(A,C), \+all106(C,B) 0.309090909091 (5.0, 4.0, 42.0, 7.0) 0.721212121212 [ACCEPT]
[LVL9] rnvc106(A,B) :- somenot106(A,C), \+all106(B,C) 0.309090909091 (5.0, 4.0, 42.0, 7.0) 0.721212121212 [ACCEPT]
[LVL9] rnvc106(A,B) :- somenot106(A,C), \+some106(B,C) 0.309090909091 (5.0, 4.0, 42.0, 7.0) 0.721212121212 [ACCEPT]
[LVL9] rnvc106(A,B) :- somenot106(A,C), \+no106(C,B) 0.309090909091 (5.0, 4.0, 42.0, 7.0) 0.721212121212 [ACCEPT]
[LVL9] rnvc106(A,B) :- somenot106(A,C), \+no106(B,C) 0.309090909091 (5.0, 4.0, 42.0, 7.0) 0.721212121212 [ACCEPT]
[LVL9] rnvc106(A,B) :- somenot106(B,C), \+all106(A,C) 0.309090909091 (5.0, 4.0, 42.0, 7.0) 0.721212121212 [ACCEPT]
[LVL9] rnvc106(A,B) :- somenot106(B,C), \+all106(C,A) 0.309090909091 (5.0, 4.0, 42.0, 7.0) 0.721212121212 [ACCEPT]
[LVL9] rnvc106(A,B) :- somenot106(B,C), \+some106(A,C) 0.309090909091 (5.0, 4.0, 42.0, 7.0) 0.721212121212 [ACCEPT]
[LVL9] rnvc106(A,B) :- somenot106(B,C), \+no106(A,C) 0.309090909091 (5.0, 4.0, 42.0, 7.0) 0.721212121212 [ACCEPT]
[LVL9] rnvc106(A,B) :- somenot106(B,C), \+somenot106(C,A) 0.309090909091 (5.0, 4.0, 42.0, 7.0) 0.721212121212 [ACCEPT]
[LVL9] rnvc106(A,B) :- somenot106(C,B), \+all106(A,C) 0.309090909091 (5.0, 4.0, 42.0, 7.0) 0.721212121212 [ACCEPT]
[LVL9] rnvc106(A,B) :- somenot106(C,B), \+all106(C,A) 0.309090909091 (5.0, 4.0, 42.0, 7.0) 0.721212121212 [ACCEPT]
[LVL9] rnvc106(A,B) :- somenot106(C,B), \+some106(A,C) 0.309090909091 (5.0, 4.0, 42.0, 7.0) 0.721212121212 [ACCEPT]
[LVL9] rnvc106(A,B) :- somenot106(C,B), \+some106(C,A) 0.309090909091 (5.0, 4.0, 42.0, 7.0) 0.721212121212 [ACCEPT]
[LVL9] rnvc106(A,B) :- somenot106(C,B), \+no106(C,A) 0.309090909091 (5.0, 4.0, 42.0, 7.0) 0.721212121212 [ACCEPT]
[LVL9] rnvc106(A,B) :- no106(C,A), \+all106(C,B) 0.270454545455 (5.0, 5.0, 41.0, 7.0) 0.721212121212 [ACCEPT]
[LVL9] rnvc106(A,B) :- no106(C,A), \+all106(B,C) 0.270454545455 (5.0, 5.0, 41.0, 7.0) 0.721212121212 [ACCEPT]
[LVL9] rnvc106(A,B) :- no106(C,A), \+some106(C,B) 0.270454545455 (5.0, 5.0, 41.0, 7.0) 0.721212121212 [ACCEPT]
[LVL9] rnvc106(A,B) :- no106(C,A), \+some106(B,C) 0.270454545455 (5.0, 5.0, 41.0, 7.0) 0.721212121212 [ACCEPT]
[LVL9] rnvc106(A,B) :- no106(C,A), \+no106(B,C) 0.270454545455 (5.0, 5.0, 41.0, 7.0) 0.721212121212 [ACCEPT]
[LVL9] rnvc106(A,B) :- no106(C,A), \+somenot106(C,B) 0.270454545455 (5.0, 5.0, 41.0, 7.0) 0.721212121212 [ACCEPT]
[DEBUG] Best rule so far: rnvc106(A,B) :- no106(B,C), some106(C,A) [0.581818181818]
[DEBUG] Candidates for iteration 3:
[DEBUG] ==================================
[DEBUG] rnvc106(A,B) :- no106(B,C), \+some106(A,C) 0.360606060606
[DEBUG] rnvc106(A,B) :- no106(B,C), \+no106(C,A) 0.360606060606
[DEBUG] rnvc106(A,B) :- no106(B,C), \+somenot106(A,C) 0.360606060606
[DEBUG] rnvc106(A,B) :- no106(B,C), \+somenot106(C,A) 0.360606060606
[DEBUG] rnvc106(A,B) :- somenot106(A,C), \+all106(C,B) 0.309090909091
[DEBUG] rnvc106(A,B) :- somenot106(A,C), \+all106(B,C) 0.309090909091
[DEBUG] rnvc106(A,B) :- somenot106(A,C), \+some106(B,C) 0.309090909091
[DEBUG] rnvc106(A,B) :- somenot106(A,C), \+no106(C,B) 0.309090909091
[DEBUG] rnvc106(A,B) :- somenot106(A,C), \+no106(B,C) 0.309090909091
[DEBUG] rnvc106(A,B) :- somenot106(B,C), \+all106(A,C) 0.309090909091
[DEBUG] rnvc106(A,B) :- somenot106(B,C), \+all106(C,A) 0.309090909091
[DEBUG] rnvc106(A,B) :- somenot106(B,C), \+some106(A,C) 0.309090909091
[DEBUG] rnvc106(A,B) :- somenot106(B,C), \+no106(A,C) 0.309090909091
[DEBUG] rnvc106(A,B) :- somenot106(B,C), \+somenot106(C,A) 0.309090909091
[DEBUG] rnvc106(A,B) :- somenot106(C,B), \+all106(A,C) 0.309090909091
[DEBUG] rnvc106(A,B) :- somenot106(C,B), \+all106(C,A) 0.309090909091
[DEBUG] rnvc106(A,B) :- somenot106(C,B), \+some106(A,C) 0.309090909091
[DEBUG] rnvc106(A,B) :- somenot106(C,B), \+some106(C,A) 0.309090909091
[DEBUG] rnvc106(A,B) :- somenot106(C,B), \+no106(C,A) 0.309090909091
[DEBUG] rnvc106(A,B) :- no106(C,A), \+all106(C,B) 0.270454545455
[DEBUG] rnvc106(A,B) :- no106(C,A), \+all106(B,C) 0.270454545455
[DEBUG] rnvc106(A,B) :- no106(C,A), \+some106(C,B) 0.270454545455
[DEBUG] rnvc106(A,B) :- no106(C,A), \+some106(B,C) 0.270454545455
[DEBUG] rnvc106(A,B) :- no106(C,A), \+no106(B,C) 0.270454545455
[DEBUG] rnvc106(A,B) :- no106(C,A), \+somenot106(C,B) 0.270454545455
[DEBUG] ==================================
[INFO] RULE LEARNED: rnvc106(A,B) :- no106(B,C), some106(C,A) 0.862068965517
[DEBUG] Best rule so far: rnvc106(A,B) :- true [0.148148148148]
[DEBUG] Candidates for iteration 1:
[DEBUG] ==================================
[DEBUG] rnvc106(A,B) :- true 0.148148148148
[DEBUG] ==================================
[LVL9] rnvc106(A,B) :- all106(A,C) 0.0 (5.0, 6.0, 40.0, 7.0) 0.574074074074 [ACCEPT]
[LVL9] rnvc106(A,B) :- all106(B,C) 0.0 (5.0, 7.0, 39.0, 7.0) 0.574074074074 [ACCEPT]
[LVL9] rnvc106(A,B) :- some106(A,C) 0.0 (5.0, 7.0, 39.0, 7.0) 0.574074074074 [ACCEPT]
[LVL9] rnvc106(A,B) :- some106(B,C) 0.0 (5.0, 7.0, 39.0, 7.0) 0.574074074074 [ACCEPT]
[LVL9] rnvc106(A,B) :- no106(A,C) 0.191358024691 (5.0, 4.0, 42.0, 7.0) 0.574074074074 [ACCEPT]
[LVL9] BETTER RULE rnvc106(A,B) :- no106(A,C) (0.19135802469135801, 5.0) > (0.14814814814814817, 12.0)
[LVL9] rnvc106(A,B) :- no106(B,C) 0.191358024691 (5.0, 4.0, 42.0, 7.0) 0.574074074074 [ACCEPT]
[LVL9] rnvc106(A,B) :- no106(C,A) 0.238683127572 (6.0, 6.0, 40.0, 6.0) 0.716049382716 [ACCEPT]
[LVL9] BETTER RULE rnvc106(A,B) :- no106(C,A) (0.23868312757201643, 6.0) > (0.19135802469135801, 5.0)
[LVL9] rnvc106(A,B) :- no106(C,B) 0.0 (5.0, 6.0, 40.0, 7.0) 0.574074074074 [ACCEPT]
[LVL9] rnvc106(A,B) :- somenot106(A,C) 0.268518518519 (6.0, 5.0, 41.0, 6.0) 0.716049382716 [ACCEPT]
[LVL9] BETTER RULE rnvc106(A,B) :- somenot106(A,C) (0.2685185185185185, 6.0) > (0.23868312757201643, 6.0)
[LVL9] rnvc106(A,B) :- somenot106(B,C) 0.268518518519 (6.0, 5.0, 41.0, 6.0) 0.716049382716 [ACCEPT]
[LVL9] rnvc106(A,B) :- somenot106(C,A) 0.0 (5.0, 7.0, 39.0, 7.0) 0.574074074074 [ACCEPT]
[LVL9] rnvc106(A,B) :- somenot106(C,B) 0.268518518519 (6.0, 5.0, 41.0, 6.0) 0.716049382716 [ACCEPT]
[DEBUG] Best rule so far: rnvc106(A,B) :- somenot106(A,C) [0.268518518519]
[DEBUG] Candidates for iteration 2:
[DEBUG] ==================================
[DEBUG] rnvc106(A,B) :- somenot106(A,C) 0.268518518519
[DEBUG] rnvc106(A,B) :- somenot106(B,C) 0.268518518519
[DEBUG] rnvc106(A,B) :- somenot106(C,B) 0.268518518519
[DEBUG] rnvc106(A,B) :- no106(C,A) 0.238683127572
[DEBUG] rnvc106(A,B) :- no106(A,C) 0.191358024691
[DEBUG] rnvc106(A,B) :- no106(B,C) 0.191358024691
[DEBUG] rnvc106(A,B) :- all106(A,C) 0.0
[DEBUG] rnvc106(A,B) :- all106(B,C) 0.0
[DEBUG] rnvc106(A,B) :- some106(A,C) 0.0
[DEBUG] rnvc106(A,B) :- some106(B,C) 0.0
[DEBUG] rnvc106(A,B) :- no106(C,B) 0.0
[DEBUG] rnvc106(A,B) :- somenot106(C,A) 0.0
[DEBUG] ==================================
[LVL9] rnvc106(A,B) :- somenot106(A,C), somenot106(C,B) 0.574074074074 (5.0, 0.0, 46.0, 7.0) 0.574074074074 [REJECT* fp] 4.0
[LVL9] BETTER RULE rnvc106(A,B) :- somenot106(A,C), somenot106(C,B) (0.5740740740740741, 5.0) > (0.2685185185185185, 6.0)
[LVL9] rnvc106(A,B) :- somenot106(A,C), \+all106(C,B) 0.306878306878 (6.0, 4.0, 42.0, 6.0) 0.716049382716 [ACCEPT]
[LVL9] rnvc106(A,B) :- somenot106(A,C), \+all106(B,C) 0.306878306878 (6.0, 4.0, 42.0, 6.0) 0.716049382716 [ACCEPT]
[LVL9] rnvc106(A,B) :- somenot106(A,C), \+some106(B,C) 0.306878306878 (6.0, 4.0, 42.0, 6.0) 0.716049382716 [ACCEPT]
[LVL9] rnvc106(A,B) :- somenot106(A,C), \+no106(C,B) 0.306878306878 (6.0, 4.0, 42.0, 6.0) 0.716049382716 [ACCEPT]
[LVL9] rnvc106(A,B) :- somenot106(A,C), \+no106(B,C) 0.306878306878 (6.0, 4.0, 42.0, 6.0) 0.716049382716 [ACCEPT]
[LVL9] rnvc106(A,B) :- somenot106(B,C), \+all106(A,C) 0.306878306878 (6.0, 4.0, 42.0, 6.0) 0.716049382716 [ACCEPT]
[LVL9] rnvc106(A,B) :- somenot106(B,C), \+all106(C,A) 0.306878306878 (6.0, 4.0, 42.0, 6.0) 0.716049382716 [ACCEPT]
[LVL9] rnvc106(A,B) :- somenot106(B,C), \+some106(A,C) 0.306878306878 (6.0, 4.0, 42.0, 6.0) 0.716049382716 [ACCEPT]
[LVL9] rnvc106(A,B) :- somenot106(B,C), \+no106(A,C) 0.306878306878 (6.0, 4.0, 42.0, 6.0) 0.716049382716 [ACCEPT]
[LVL9] rnvc106(A,B) :- somenot106(B,C), \+somenot106(C,A) 0.306878306878 (6.0, 4.0, 42.0, 6.0) 0.716049382716 [ACCEPT]
[LVL9] rnvc106(A,B) :- somenot106(C,B), \+all106(A,C) 0.306878306878 (6.0, 4.0, 42.0, 6.0) 0.716049382716 [ACCEPT]
[LVL9] rnvc106(A,B) :- somenot106(C,B), \+all106(C,A) 0.306878306878 (6.0, 4.0, 42.0, 6.0) 0.716049382716 [ACCEPT]
[LVL9] rnvc106(A,B) :- somenot106(C,B), \+some106(A,C) 0.306878306878 (6.0, 4.0, 42.0, 6.0) 0.716049382716 [ACCEPT]
[LVL9] rnvc106(A,B) :- somenot106(C,B), \+some106(C,A) 0.306878306878 (6.0, 4.0, 42.0, 6.0) 0.716049382716 [ACCEPT]
[LVL9] rnvc106(A,B) :- somenot106(C,B), \+no106(C,A) 0.306878306878 (6.0, 4.0, 42.0, 6.0) 0.716049382716 [ACCEPT]
[LVL9] rnvc106(A,B) :- no106(C,A), \+all106(C,B) 0.268518518519 (6.0, 5.0, 41.0, 6.0) 0.716049382716 [ACCEPT]
[LVL9] rnvc106(A,B) :- no106(C,A), \+all106(B,C) 0.268518518519 (6.0, 5.0, 41.0, 6.0) 0.716049382716 [ACCEPT]
[LVL9] rnvc106(A,B) :- no106(C,A), \+some106(C,B) 0.268518518519 (6.0, 5.0, 41.0, 6.0) 0.716049382716 [ACCEPT]
[LVL9] rnvc106(A,B) :- no106(C,A), \+some106(B,C) 0.268518518519 (6.0, 5.0, 41.0, 6.0) 0.716049382716 [ACCEPT]
[LVL9] rnvc106(A,B) :- no106(C,A), \+no106(B,C) 0.268518518519 (6.0, 5.0, 41.0, 6.0) 0.716049382716 [ACCEPT]
[LVL9] rnvc106(A,B) :- no106(C,A), \+somenot106(C,B) 0.268518518519 (6.0, 5.0, 41.0, 6.0) 0.716049382716 [ACCEPT]
[DEBUG] Best rule so far: rnvc106(A,B) :- somenot106(A,C), somenot106(C,B) [0.574074074074]
[DEBUG] Candidates for iteration 3:
[DEBUG] ==================================
[DEBUG] rnvc106(A,B) :- somenot106(A,C), \+all106(C,B) 0.306878306878
[DEBUG] rnvc106(A,B) :- somenot106(A,C), \+all106(B,C) 0.306878306878
[DEBUG] rnvc106(A,B) :- somenot106(A,C), \+some106(B,C) 0.306878306878
[DEBUG] rnvc106(A,B) :- somenot106(A,C), \+no106(C,B) 0.306878306878
[DEBUG] rnvc106(A,B) :- somenot106(A,C), \+no106(B,C) 0.306878306878
[DEBUG] rnvc106(A,B) :- somenot106(B,C), \+all106(A,C) 0.306878306878
[DEBUG] rnvc106(A,B) :- somenot106(B,C), \+all106(C,A) 0.306878306878
[DEBUG] rnvc106(A,B) :- somenot106(B,C), \+some106(A,C) 0.306878306878
[DEBUG] rnvc106(A,B) :- somenot106(B,C), \+no106(A,C) 0.306878306878
[DEBUG] rnvc106(A,B) :- somenot106(B,C), \+somenot106(C,A) 0.306878306878
[DEBUG] rnvc106(A,B) :- somenot106(C,B), \+all106(A,C) 0.306878306878
[DEBUG] rnvc106(A,B) :- somenot106(C,B), \+all106(C,A) 0.306878306878
[DEBUG] rnvc106(A,B) :- somenot106(C,B), \+some106(A,C) 0.306878306878
[DEBUG] rnvc106(A,B) :- somenot106(C,B), \+some106(C,A) 0.306878306878
[DEBUG] rnvc106(A,B) :- somenot106(C,B), \+no106(C,A) 0.306878306878
[DEBUG] rnvc106(A,B) :- no106(C,A), \+all106(C,B) 0.268518518519
[DEBUG] rnvc106(A,B) :- no106(C,A), \+all106(B,C) 0.268518518519
[DEBUG] rnvc106(A,B) :- no106(C,A), \+some106(C,B) 0.268518518519
[DEBUG] rnvc106(A,B) :- no106(C,A), \+some106(B,C) 0.268518518519
[DEBUG] rnvc106(A,B) :- no106(C,A), \+no106(B,C) 0.268518518519
[DEBUG] rnvc106(A,B) :- no106(C,A), \+somenot106(C,B) 0.268518518519
[DEBUG] ==================================
[INFO] RULE LEARNED: rnvc106(A,B) :- somenot106(A,C), somenot106(C,B) 0.879310344828
[DEBUG] Best rule so far: rnvc106(A,B) :- true [0.132075471698]
[DEBUG] Candidates for iteration 1:
[DEBUG] ==================================
[DEBUG] rnvc106(A,B) :- true 0.132075471698
[DEBUG] ==================================
[LVL9] rnvc106(A,B) :- all106(A,C) 0.141509433962 (6.0, 6.0, 40.0, 6.0) 0.566037735849 [ACCEPT]
[LVL9] BETTER RULE rnvc106(A,B) :- all106(A,C) (0.14150943396226415, 6.0) > (0.1320754716981132, 12.0)
[LVL9] rnvc106(A,B) :- all106(B,C) 0.0 (6.0, 7.0, 39.0, 6.0) 0.566037735849 [ACCEPT]
[LVL9] rnvc106(A,B) :- some106(A,C) 0.0 (6.0, 7.0, 39.0, 6.0) 0.566037735849 [ACCEPT]
[LVL9] rnvc106(A,B) :- some106(B,C) 0.0 (6.0, 7.0, 39.0, 6.0) 0.566037735849 [ACCEPT]
[LVL9] rnvc106(A,B) :- no106(A,C) 0.188679245283 (6.0, 4.0, 42.0, 6.0) 0.566037735849 [ACCEPT]
[LVL9] BETTER RULE rnvc106(A,B) :- no106(A,C) (0.18867924528301885, 6.0) > (0.14150943396226415, 6.0)
[LVL9] rnvc106(A,B) :- no106(B,C) 0.188679245283 (6.0, 4.0, 42.0, 6.0) 0.566037735849 [ACCEPT]
[LVL9] rnvc106(A,B) :- no106(C,A) 0.236897274633 (7.0, 6.0, 40.0, 5.0) 0.710691823899 [ACCEPT]
[LVL9] BETTER RULE rnvc106(A,B) :- no106(C,A) (0.2368972746331237, 7.0) > (0.18867924528301885, 6.0)
[LVL9] rnvc106(A,B) :- no106(C,B) 0.141509433962 (6.0, 6.0, 40.0, 6.0) 0.566037735849 [ACCEPT]
[LVL9] rnvc106(A,B) :- somenot106(A,C) 0.161725067385 (6.0, 5.0, 41.0, 6.0) 0.566037735849 [ACCEPT]
[LVL9] rnvc106(A,B) :- somenot106(B,C) 0.266509433962 (7.0, 5.0, 41.0, 5.0) 0.710691823899 [ACCEPT]
[LVL9] BETTER RULE rnvc106(A,B) :- somenot106(B,C) (0.2665094339622642, 7.0) > (0.2368972746331237, 7.0)
[LVL9] rnvc106(A,B) :- somenot106(C,A) 0.0 (6.0, 7.0, 39.0, 6.0) 0.566037735849 [ACCEPT]
[LVL9] rnvc106(A,B) :- somenot106(C,B) 0.161725067385 (6.0, 5.0, 41.0, 6.0) 0.566037735849 [ACCEPT]
[DEBUG] Best rule so far: rnvc106(A,B) :- somenot106(B,C) [0.266509433962]
[DEBUG] Candidates for iteration 2:
[DEBUG] ==================================
[DEBUG] rnvc106(A,B) :- somenot106(B,C) 0.266509433962
[DEBUG] rnvc106(A,B) :- no106(C,A) 0.236897274633
[DEBUG] rnvc106(A,B) :- no106(A,C) 0.188679245283
[DEBUG] rnvc106(A,B) :- no106(B,C) 0.188679245283
[DEBUG] rnvc106(A,B) :- somenot106(A,C) 0.161725067385
[DEBUG] rnvc106(A,B) :- somenot106(C,B) 0.161725067385
[DEBUG] rnvc106(A,B) :- all106(A,C) 0.141509433962
[DEBUG] rnvc106(A,B) :- no106(C,B) 0.141509433962
[DEBUG] rnvc106(A,B) :- all106(B,C) 0.0
[DEBUG] rnvc106(A,B) :- some106(A,C) 0.0
[DEBUG] rnvc106(A,B) :- some106(B,C) 0.0
[DEBUG] rnvc106(A,B) :- somenot106(C,A) 0.0
[DEBUG] ==================================
[LVL9] rnvc106(A,B) :- somenot106(B,C), no106(C,A) 0.566037735849 (6.0, 0.0, 46.0, 6.0) 0.566037735849 [REJECT* fp] 5.0
[LVL9] BETTER RULE rnvc106(A,B) :- somenot106(B,C), no106(C,A) (0.5660377358490566, 6.0) > (0.2665094339622642, 7.0)
[LVL9] rnvc106(A,B) :- somenot106(B,C), \+all106(A,C) 0.304582210243 (7.0, 4.0, 42.0, 5.0) 0.710691823899 [ACCEPT]
[LVL9] rnvc106(A,B) :- somenot106(B,C), \+all106(C,A) 0.304582210243 (7.0, 4.0, 42.0, 5.0) 0.710691823899 [ACCEPT]
[LVL9] rnvc106(A,B) :- somenot106(B,C), \+some106(A,C) 0.304582210243 (7.0, 4.0, 42.0, 5.0) 0.710691823899 [ACCEPT]
[LVL9] rnvc106(A,B) :- somenot106(B,C), \+no106(A,C) 0.304582210243 (7.0, 4.0, 42.0, 5.0) 0.710691823899 [ACCEPT]
[LVL9] rnvc106(A,B) :- somenot106(B,C), \+somenot106(C,A) 0.304582210243 (7.0, 4.0, 42.0, 5.0) 0.710691823899 [ACCEPT]
[LVL9] rnvc106(A,B) :- no106(C,A), \+all106(C,B) 0.266509433962 (7.0, 5.0, 41.0, 5.0) 0.710691823899 [ACCEPT]
[LVL9] rnvc106(A,B) :- no106(C,A), \+all106(B,C) 0.266509433962 (7.0, 5.0, 41.0, 5.0) 0.710691823899 [ACCEPT]
[LVL9] rnvc106(A,B) :- no106(C,A), \+some106(C,B) 0.266509433962 (7.0, 5.0, 41.0, 5.0) 0.710691823899 [ACCEPT]
[LVL9] rnvc106(A,B) :- no106(C,A), \+some106(B,C) 0.266509433962 (7.0, 5.0, 41.0, 5.0) 0.710691823899 [ACCEPT]
[LVL9] rnvc106(A,B) :- no106(C,A), \+no106(B,C) 0.266509433962 (7.0, 5.0, 41.0, 5.0) 0.710691823899 [ACCEPT]
[LVL9] rnvc106(A,B) :- no106(C,A), \+somenot106(C,B) 0.266509433962 (7.0, 5.0, 41.0, 5.0) 0.710691823899 [ACCEPT]
[DEBUG] Best rule so far: rnvc106(A,B) :- somenot106(B,C), no106(C,A) [0.566037735849]
[DEBUG] Candidates for iteration 3:
[DEBUG] ==================================
[DEBUG] rnvc106(A,B) :- somenot106(B,C), \+all106(A,C) 0.304582210243
[DEBUG] rnvc106(A,B) :- somenot106(B,C), \+all106(C,A) 0.304582210243
[DEBUG] rnvc106(A,B) :- somenot106(B,C), \+some106(A,C) 0.304582210243
[DEBUG] rnvc106(A,B) :- somenot106(B,C), \+no106(A,C) 0.304582210243
[DEBUG] rnvc106(A,B) :- somenot106(B,C), \+somenot106(C,A) 0.304582210243
[DEBUG] rnvc106(A,B) :- no106(C,A), \+all106(C,B) 0.266509433962
[DEBUG] rnvc106(A,B) :- no106(C,A), \+all106(B,C) 0.266509433962
[DEBUG] rnvc106(A,B) :- no106(C,A), \+some106(C,B) 0.266509433962
[DEBUG] rnvc106(A,B) :- no106(C,A), \+some106(B,C) 0.266509433962
[DEBUG] rnvc106(A,B) :- no106(C,A), \+no106(B,C) 0.266509433962
[DEBUG] rnvc106(A,B) :- no106(C,A), \+somenot106(C,B) 0.266509433962
[DEBUG] ==================================
[INFO] RULE LEARNED: rnvc106(A,B) :- somenot106(B,C), no106(C,A) 0.896551724138
[DEBUG] Best rule so far: rnvc106(A,B) :- true [0.0]
[DEBUG] Candidates for iteration 1:
[DEBUG] ==================================
[DEBUG] rnvc106(A,B) :- true 0.0
[DEBUG] ==================================
[LVL9] rnvc106(A,B) :- all106(A,C) 0.139423076923 (7.0, 6.0, 40.0, 5.0) 0.557692307692 [ACCEPT]
[LVL9] BETTER RULE rnvc106(A,B) :- all106(A,C) (0.13942307692307693, 7.0) > (0.0, 12.0)
[LVL9] rnvc106(A,B) :- all106(B,C) 0.123931623932 (7.0, 7.0, 39.0, 5.0) 0.557692307692 [ACCEPT]
[LVL9] rnvc106(A,B) :- some106(A,C) 0.123931623932 (7.0, 7.0, 39.0, 5.0) 0.557692307692 [ACCEPT]
[LVL9] rnvc106(A,B) :- some106(B,C) 0.123931623932 (7.0, 7.0, 39.0, 5.0) 0.557692307692 [ACCEPT]
[LVL9] rnvc106(A,B) :- no106(A,C) 0.185897435897 (7.0, 4.0, 42.0, 5.0) 0.557692307692 [ACCEPT]
[LVL9] BETTER RULE rnvc106(A,B) :- no106(A,C) (0.1858974358974359, 7.0) > (0.13942307692307693, 7.0)
[LVL9] rnvc106(A,B) :- no106(B,C) 0.185897435897 (7.0, 4.0, 42.0, 5.0) 0.557692307692 [ACCEPT]
[LVL9] rnvc106(A,B) :- no106(C,A) 0.139423076923 (7.0, 6.0, 40.0, 5.0) 0.557692307692 [ACCEPT]
[LVL9] rnvc106(A,B) :- no106(C,B) 0.139423076923 (7.0, 6.0, 40.0, 5.0) 0.557692307692 [ACCEPT]
[LVL9] rnvc106(A,B) :- somenot106(A,C) 0.159340659341 (7.0, 5.0, 41.0, 5.0) 0.557692307692 [ACCEPT]
[LVL9] rnvc106(A,B) :- somenot106(B,C) 0.159340659341 (7.0, 5.0, 41.0, 5.0) 0.557692307692 [ACCEPT]
[LVL9] rnvc106(A,B) :- somenot106(C,A) 0.123931623932 (7.0, 7.0, 39.0, 5.0) 0.557692307692 [ACCEPT]
[LVL9] rnvc106(A,B) :- somenot106(C,B) 0.159340659341 (7.0, 5.0, 41.0, 5.0) 0.557692307692 [ACCEPT]
[DEBUG] Best rule so far: rnvc106(A,B) :- no106(A,C) [0.185897435897]
[DEBUG] Candidates for iteration 2:
[DEBUG] ==================================
[DEBUG] rnvc106(A,B) :- no106(A,C) 0.185897435897
[DEBUG] rnvc106(A,B) :- no106(B,C) 0.185897435897
[DEBUG] rnvc106(A,B) :- somenot106(A,C) 0.159340659341
[DEBUG] rnvc106(A,B) :- somenot106(B,C) 0.159340659341
[DEBUG] rnvc106(A,B) :- somenot106(C,B) 0.159340659341
[DEBUG] rnvc106(A,B) :- all106(A,C) 0.139423076923
[DEBUG] rnvc106(A,B) :- no106(C,A) 0.139423076923
[DEBUG] rnvc106(A,B) :- no106(C,B) 0.139423076923
[DEBUG] rnvc106(A,B) :- all106(B,C) 0.123931623932
[DEBUG] rnvc106(A,B) :- some106(A,C) 0.123931623932
[DEBUG] rnvc106(A,B) :- some106(B,C) 0.123931623932
[DEBUG] rnvc106(A,B) :- somenot106(C,A) 0.123931623932
[DEBUG] ==================================
[LVL9] rnvc106(A,B) :- no106(A,C), no106(B,C) 0.557692307692 (7.0, 0.0, 46.0, 5.0) 0.557692307692 [REJECT* fp] 6.0
[LVL9] BETTER RULE rnvc106(A,B) :- no106(A,C), no106(B,C) (0.5576923076923077, 7.0) > (0.1858974358974359, 7.0)
[INFO] RULE LEARNED: rnvc106(A,B) :- no106(A,C), no106(B,C) 0.913793103448
[DEBUG] Best rule so far: rnvc106(A,B) :- true [0.0980392156863]
[DEBUG] Candidates for iteration 1:
[DEBUG] ==================================
[DEBUG] rnvc106(A,B) :- true 0.0980392156863
[DEBUG] ==================================
[LVL9] rnvc106(A,B) :- all106(A,C) 0.137254901961 (8.0, 6.0, 40.0, 4.0) 0.549019607843 [ACCEPT]
[LVL9] BETTER RULE rnvc106(A,B) :- all106(A,C) (0.13725490196078433, 8.0) > (0.09803921568627451, 12.0)
[LVL9] rnvc106(A,B) :- all106(B,C) 0.122004357298 (8.0, 7.0, 39.0, 4.0) 0.549019607843 [ACCEPT]
[LVL9] rnvc106(A,B) :- some106(A,C) 0.122004357298 (8.0, 7.0, 39.0, 4.0) 0.549019607843 [ACCEPT]
[LVL9] rnvc106(A,B) :- some106(B,C) 0.122004357298 (8.0, 7.0, 39.0, 4.0) 0.549019607843 [ACCEPT]
[LVL9] rnvc106(A,B) :- no106(C,A) 0.137254901961 (8.0, 6.0, 40.0, 4.0) 0.549019607843 [ACCEPT]
[LVL9] rnvc106(A,B) :- no106(C,B) 0.137254901961 (8.0, 6.0, 40.0, 4.0) 0.549019607843 [ACCEPT]
[LVL9] rnvc106(A,B) :- somenot106(A,C) 0.156862745098 (8.0, 5.0, 41.0, 4.0) 0.549019607843 [ACCEPT]
[LVL9] BETTER RULE rnvc106(A,B) :- somenot106(A,C) (0.15686274509803924, 8.0) > (0.13725490196078433, 8.0)
[LVL9] rnvc106(A,B) :- somenot106(B,C) 0.156862745098 (8.0, 5.0, 41.0, 4.0) 0.549019607843 [ACCEPT]
[LVL9] rnvc106(A,B) :- somenot106(C,A) 0.122004357298 (8.0, 7.0, 39.0, 4.0) 0.549019607843 [ACCEPT]
[LVL9] rnvc106(A,B) :- somenot106(C,B) 0.156862745098 (8.0, 5.0, 41.0, 4.0) 0.549019607843 [ACCEPT]
[DEBUG] Best rule so far: rnvc106(A,B) :- somenot106(A,C) [0.156862745098]
[DEBUG] Candidates for iteration 2:
[DEBUG] ==================================
[DEBUG] rnvc106(A,B) :- somenot106(A,C) 0.156862745098
[DEBUG] rnvc106(A,B) :- somenot106(B,C) 0.156862745098
[DEBUG] rnvc106(A,B) :- somenot106(C,B) 0.156862745098
[DEBUG] rnvc106(A,B) :- all106(A,C) 0.137254901961
[DEBUG] rnvc106(A,B) :- no106(C,A) 0.137254901961
[DEBUG] rnvc106(A,B) :- no106(C,B) 0.137254901961
[DEBUG] rnvc106(A,B) :- all106(B,C) 0.122004357298
[DEBUG] rnvc106(A,B) :- some106(A,C) 0.122004357298
[DEBUG] rnvc106(A,B) :- some106(B,C) 0.122004357298
[DEBUG] rnvc106(A,B) :- somenot106(C,A) 0.122004357298
[DEBUG] ==================================
[LVL9] rnvc106(A,B) :- somenot106(A,C), somenot106(B,C) 0.549019607843 (8.0, 0.0, 46.0, 4.0) 0.549019607843 [REJECT* fp] 7.0
[LVL9] BETTER RULE rnvc106(A,B) :- somenot106(A,C), somenot106(B,C) (0.5490196078431373, 8.0) > (0.15686274509803924, 8.0)
[INFO] RULE LEARNED: rnvc106(A,B) :- somenot106(A,C), somenot106(B,C) 0.931034482759
[DEBUG] Best rule so far: rnvc106(A,B) :- true [0.08]
[DEBUG] Candidates for iteration 1:
[DEBUG] ==================================
[DEBUG] rnvc106(A,B) :- true 0.08
[DEBUG] ==================================
[LVL9] rnvc106(A,B) :- all106(A,C) 0.135 (9.0, 6.0, 40.0, 3.0) 0.54 [ACCEPT]
[LVL9] BETTER RULE rnvc106(A,B) :- all106(A,C) (0.135, 9.0) > (0.08, 12.0)
[LVL9] rnvc106(A,B) :- all106(B,C) 0.12 (9.0, 7.0, 39.0, 3.0) 0.54 [ACCEPT]
[LVL9] rnvc106(A,B) :- some106(A,C) 0.12 (9.0, 7.0, 39.0, 3.0) 0.54 [ACCEPT]
[LVL9] rnvc106(A,B) :- some106(B,C) 0.12 (9.0, 7.0, 39.0, 3.0) 0.54 [ACCEPT]
[LVL9] rnvc106(A,B) :- no106(C,A) 0.135 (9.0, 6.0, 40.0, 3.0) 0.54 [ACCEPT]
[LVL9] rnvc106(A,B) :- no106(C,B) 0.135 (9.0, 6.0, 40.0, 3.0) 0.54 [ACCEPT]
[LVL9] rnvc106(A,B) :- somenot106(C,A) 0.12 (9.0, 7.0, 39.0, 3.0) 0.54 [ACCEPT]
[LVL9] rnvc106(A,B) :- somenot106(C,B) 0.154285714286 (9.0, 5.0, 41.0, 3.0) 0.54 [ACCEPT]
[LVL9] BETTER RULE rnvc106(A,B) :- somenot106(C,B) (0.1542857142857143, 9.0) > (0.135, 9.0)
[DEBUG] Best rule so far: rnvc106(A,B) :- somenot106(C,B) [0.154285714286]
[DEBUG] Candidates for iteration 2:
[DEBUG] ==================================
[DEBUG] rnvc106(A,B) :- somenot106(C,B) 0.154285714286
[DEBUG] rnvc106(A,B) :- all106(A,C) 0.135
[DEBUG] rnvc106(A,B) :- no106(C,A) 0.135
[DEBUG] rnvc106(A,B) :- no106(C,B) 0.135
[DEBUG] rnvc106(A,B) :- all106(B,C) 0.12
[DEBUG] rnvc106(A,B) :- some106(A,C) 0.12
[DEBUG] rnvc106(A,B) :- some106(B,C) 0.12
[DEBUG] rnvc106(A,B) :- somenot106(C,A) 0.12
[DEBUG] ==================================
[LVL9] rnvc106(A,B) :- somenot106(C,B), somenot106(C,A) 0.54 (9.0, 0.0, 46.0, 3.0) 0.54 [REJECT* fp] 8.0
[LVL9] BETTER RULE rnvc106(A,B) :- somenot106(C,B), somenot106(C,A) (0.54, 9.0) > (0.1542857142857143, 9.0)
[INFO] RULE LEARNED: rnvc106(A,B) :- somenot106(C,B), somenot106(C,A) 0.948275862069
[DEBUG] Best rule so far: rnvc106(A,B) :- true [0.0612244897959]
[DEBUG] Candidates for iteration 1:
[DEBUG] ==================================
[DEBUG] rnvc106(A,B) :- true 0.0612244897959
[DEBUG] ==================================
[LVL9] rnvc106(A,B) :- all106(A,C) 0.132653061224 (10.0, 6.0, 40.0, 2.0) 0.530612244898 [ACCEPT]
[LVL9] BETTER RULE rnvc106(A,B) :- all106(A,C) (0.1326530612244898, 10.0) > (0.061224489795918366, 12.0)
[LVL9] rnvc106(A,B) :- all106(B,C) 0.1179138322 (10.0, 7.0, 39.0, 2.0) 0.530612244898 [ACCEPT]
[LVL9] rnvc106(A,B) :- some106(A,C) 0.1179138322 (10.0, 7.0, 39.0, 2.0) 0.530612244898 [ACCEPT]
[LVL9] rnvc106(A,B) :- some106(B,C) 0.1179138322 (10.0, 7.0, 39.0, 2.0) 0.530612244898 [ACCEPT]
[LVL9] rnvc106(A,B) :- no106(C,A) 0.132653061224 (10.0, 6.0, 40.0, 2.0) 0.530612244898 [ACCEPT]
[LVL9] rnvc106(A,B) :- no106(C,B) 0.132653061224 (10.0, 6.0, 40.0, 2.0) 0.530612244898 [ACCEPT]
[DEBUG] Best rule so far: rnvc106(A,B) :- all106(A,C) [0.132653061224]
[DEBUG] Candidates for iteration 2:
[DEBUG] ==================================
[DEBUG] rnvc106(A,B) :- all106(A,C) 0.132653061224
[DEBUG] rnvc106(A,B) :- no106(C,A) 0.132653061224
[DEBUG] rnvc106(A,B) :- no106(C,B) 0.132653061224
[DEBUG] rnvc106(A,B) :- all106(B,C) 0.1179138322
[DEBUG] rnvc106(A,B) :- some106(A,C) 0.1179138322
[DEBUG] rnvc106(A,B) :- some106(B,C) 0.1179138322
[DEBUG] ==================================
[LVL9] rnvc106(A,B) :- all106(A,C), all106(B,C) 0.530612244898 (10.0, 0.0, 46.0, 2.0) 0.530612244898 [REJECT* fp] 9.0
[LVL9] BETTER RULE rnvc106(A,B) :- all106(A,C), all106(B,C) (0.5306122448979592, 10.0) > (0.1326530612244898, 10.0)
[INFO] RULE LEARNED: rnvc106(A,B) :- all106(A,C), all106(B,C) 0.965517241379
[DEBUG] Best rule so far: rnvc106(A,B) :- true [0.0416666666667]
[DEBUG] Candidates for iteration 1:
[DEBUG] ==================================
[DEBUG] rnvc106(A,B) :- true 0.0416666666667
[DEBUG] ==================================
[LVL9] rnvc106(A,B) :- some106(A,C) 0.115740740741 (11.0, 7.0, 39.0, 1.0) 0.520833333333 [ACCEPT]
[LVL9] BETTER RULE rnvc106(A,B) :- some106(A,C) (0.11574074074074076, 11.0) > (0.041666666666666664, 12.0)
[LVL9] rnvc106(A,B) :- some106(B,C) 0.115740740741 (11.0, 7.0, 39.0, 1.0) 0.520833333333 [ACCEPT]
[LVL9] rnvc106(A,B) :- no106(C,A) 0.130208333333 (11.0, 6.0, 40.0, 1.0) 0.520833333333 [ACCEPT]
[LVL9] BETTER RULE rnvc106(A,B) :- no106(C,A) (0.13020833333333334, 11.0) > (0.11574074074074076, 11.0)
[LVL9] rnvc106(A,B) :- no106(C,B) 0.130208333333 (11.0, 6.0, 40.0, 1.0) 0.520833333333 [ACCEPT]
[DEBUG] Best rule so far: rnvc106(A,B) :- no106(C,A) [0.130208333333]
[DEBUG] Candidates for iteration 2:
[DEBUG] ==================================
[DEBUG] rnvc106(A,B) :- no106(C,A) 0.130208333333
[DEBUG] rnvc106(A,B) :- no106(C,B) 0.130208333333
[DEBUG] rnvc106(A,B) :- some106(A,C) 0.115740740741
[DEBUG] rnvc106(A,B) :- some106(B,C) 0.115740740741
[DEBUG] ==================================
[LVL9] rnvc106(A,B) :- no106(C,A), no106(C,B) 0.520833333333 (11.0, 0.0, 46.0, 1.0) 0.520833333333 [REJECT* fp] 10.0
[LVL9] BETTER RULE rnvc106(A,B) :- no106(C,A), no106(C,B) (0.5208333333333334, 11.0) > (0.13020833333333334, 11.0)
[INFO] RULE LEARNED: rnvc106(A,B) :- no106(C,A), no106(C,B) 0.98275862069
[DEBUG] Best rule so far: rnvc106(A,B) :- true [0.0212765957447]
[DEBUG] Candidates for iteration 1:
[DEBUG] ==================================
[DEBUG] rnvc106(A,B) :- true 0.0212765957447
[DEBUG] ==================================
[LVL9] rnvc106(A,B) :- some106(A,C) 0.113475177305 (12.0, 7.0, 39.0, 0.0) 0.510638297872 [ACCEPT]
[LVL9] BETTER RULE rnvc106(A,B) :- some106(A,C) (0.11347517730496454, 12.0) > (0.02127659574468085, 12.0)
[LVL9] rnvc106(A,B) :- some106(B,C) 0.113475177305 (12.0, 7.0, 39.0, 0.0) 0.510638297872 [ACCEPT]
[DEBUG] Best rule so far: rnvc106(A,B) :- some106(A,C) [0.113475177305]
[DEBUG] Candidates for iteration 2:
[DEBUG] ==================================
[DEBUG] rnvc106(A,B) :- some106(A,C) 0.113475177305
[DEBUG] rnvc106(A,B) :- some106(B,C) 0.113475177305
[DEBUG] ==================================
[LVL9] rnvc106(A,B) :- some106(A,C), some106(B,C) 0.510638297872 (12.0, 0.0, 46.0, 0.0) 0.510638297872 [REJECT* fp] 11.0
[LVL9] BETTER RULE rnvc106(A,B) :- some106(A,C), some106(B,C) (0.5106382978723404, 12.0) > (0.11347517730496454, 12.0)
[INFO] RULE LEARNED: rnvc106(A,B) :- some106(A,C), some106(B,C) 1.0
[DEBUG] Best rule so far: rnvc106(A,B) :- true [0.0]
[DEBUG] Candidates for iteration 1:
[DEBUG] ==================================
[DEBUG] rnvc106(A,B) :- true 0.0
[DEBUG] ==================================
[INFO] RULE LEARNED: rnvc106(A,B) :- true 1.0
