[LVL9] Output level: 9
[INFO] Random seed: 0.32139965874
[INFO] Computing scores: 0.1103s
[INFO] Number of examples (M): 116
[INFO] Positive weight (P): 6.0000
[INFO] Negative weight (N): 110.0000
[DEBUG] Best rule so far: rno12(A,B) :- true [0.051724137931]
[DEBUG] Candidates for iteration 1:
[DEBUG] ==================================
[DEBUG] rno12(A,B) :- true 0.051724137931
[DEBUG] ==================================
[LVL9] rno12(A,B) :- all12(A,C) 0.0701149425287 (1.0, 13.0, 97.0, 5.0) 0.525862068966 [ACCEPT]
[LVL9] BETTER RULE rno12(A,B) :- all12(A,C) (0.07011494252873564, 1.0) > (0.05172413793103448, 6.0)
[LVL9] rno12(A,B) :- all12(B,C) 0.0701149425287 (1.0, 13.0, 97.0, 5.0) 0.525862068966 [ACCEPT]
[LVL9] rno12(A,B) :- all12(C,A) 0.120689655172 (2.0, 14.0, 96.0, 4.0) 0.683908045977 [ACCEPT]
[LVL9] BETTER RULE rno12(A,B) :- all12(C,A) (0.12068965517241381, 2.0) > (0.07011494252873564, 1.0)
[LVL9] rno12(A,B) :- all12(C,B) 0.0618661257606 (1.0, 15.0, 95.0, 5.0) 0.525862068966 [ACCEPT]
[LVL9] rno12(A,B) :- some12(C,B) 0.0657327586207 (1.0, 14.0, 96.0, 5.0) 0.525862068966 [ACCEPT]
[LVL9] rno12(A,B) :- no12(A,C) 0.136781609195 (2.0, 12.0, 98.0, 4.0) 0.683908045977 [ACCEPT]
[LVL9] BETTER RULE rno12(A,B) :- no12(A,C) (0.1367816091954023, 2.0) > (0.12068965517241381, 2.0)
[LVL9] rno12(A,B) :- no12(B,C) 0.0701149425287 (1.0, 13.0, 97.0, 5.0) 0.525862068966 [ACCEPT]
[LVL9] rno12(A,B) :- no12(C,A) 0.0751231527094 (1.0, 12.0, 98.0, 5.0) 0.525862068966 [ACCEPT]
[LVL9] rno12(A,B) :- no12(C,B) 0.146551724138 (2.0, 11.0, 99.0, 4.0) 0.683908045977 [ACCEPT]
[LVL9] BETTER RULE rno12(A,B) :- no12(C,B) (0.14655172413793105, 2.0) > (0.1367816091954023, 2.0)
[DEBUG] Best rule so far: rno12(A,B) :- no12(C,B) [0.146551724138]
[DEBUG] Candidates for iteration 2:
[DEBUG] ==================================
[DEBUG] rno12(A,B) :- no12(C,B) 0.146551724138
[DEBUG] rno12(A,B) :- no12(A,C) 0.136781609195
[DEBUG] rno12(A,B) :- all12(C,A) 0.120689655172
[DEBUG] rno12(A,B) :- no12(C,A) 0.0751231527094
[DEBUG] rno12(A,B) :- all12(A,C) 0.0701149425287
[DEBUG] rno12(A,B) :- all12(B,C) 0.0701149425287
[DEBUG] rno12(A,B) :- no12(B,C) 0.0701149425287
[DEBUG] rno12(A,B) :- some12(C,B) 0.0657327586207
[DEBUG] rno12(A,B) :- all12(C,B) 0.0618661257606
[DEBUG] ==================================
[LVL9] rno12(A,B) :- no12(C,B), all12(A,C) 0.350574712644 (1.0, 1.0, 109.0, 5.0) 0.525862068966 [ACCEPT]
[LVL9] BETTER RULE rno12(A,B) :- no12(C,B), all12(A,C) (0.3505747126436782, 1.0) > (0.14655172413793105, 2.0)
[LVL9] rno12(A,B) :- no12(C,B), all12(A,D) 0.350574712644 (1.0, 1.0, 109.0, 5.0) 0.525862068966 [ACCEPT]
[LVL9] rno12(A,B) :- no12(C,B), all12(D,C) 0.350574712644 (1.0, 1.0, 109.0, 5.0) 0.525862068966 [ACCEPT]
[LVL9] rno12(A,B) :- no12(C,B), no12(C,A) 0.350574712644 (1.0, 1.0, 109.0, 5.0) 0.525862068966 [ACCEPT]
[LVL9] rno12(A,B) :- no12(C,B), no12(D,A) 0.350574712644 (1.0, 1.0, 109.0, 5.0) 0.525862068966 [ACCEPT]
[LVL9] rno12(A,B) :- no12(C,B), \+all12(A,C) 0.0876436781609 (1.0, 10.0, 100.0, 5.0) 0.525862068966 [ACCEPT]
[LVL9] rno12(A,B) :- no12(C,B), \+all12(C,A) 0.170977011494 (2.0, 9.0, 101.0, 4.0) 0.683908045977 [ACCEPT]
[LVL9] rno12(A,B) :- no12(C,B), \+some12(A,C) 0.170977011494 (2.0, 9.0, 101.0, 4.0) 0.683908045977 [ACCEPT]
[LVL9] rno12(A,B) :- no12(C,B), \+some12(C,A) 0.170977011494 (2.0, 9.0, 101.0, 4.0) 0.683908045977 [ACCEPT]
[LVL9] rno12(A,B) :- no12(C,B), \+no12(A,C) 0.157824933687 (2.0, 10.0, 100.0, 4.0) 0.683908045977 [ACCEPT]
[LVL9] rno12(A,B) :- no12(C,B), \+no12(C,A) 0.0876436781609 (1.0, 10.0, 100.0, 5.0) 0.525862068966 [ACCEPT]
[LVL9] rno12(A,B) :- no12(C,B), \+somenot12(A,C) 0.170977011494 (2.0, 9.0, 101.0, 4.0) 0.683908045977 [ACCEPT]
[LVL9] rno12(A,B) :- no12(A,C), some12(C,B) 0.350574712644 (1.0, 1.0, 109.0, 5.0) 0.525862068966 [ACCEPT]
[LVL9] rno12(A,B) :- no12(A,C), some12(C,D) 0.350574712644 (1.0, 1.0, 109.0, 5.0) 0.525862068966 [ACCEPT]
[LVL9] rno12(A,B) :- no12(A,C), some12(D,B) 0.350574712644 (1.0, 1.0, 109.0, 5.0) 0.525862068966 [ACCEPT]
[LVL9] rno12(A,B) :- no12(A,C), no12(B,C) 0.350574712644 (1.0, 1.0, 109.0, 5.0) 0.525862068966 [ACCEPT]
[LVL9] rno12(A,B) :- no12(A,C), no12(B,D) 0.350574712644 (1.0, 1.0, 109.0, 5.0) 0.525862068966 [ACCEPT]
[LVL9] rno12(A,B) :- no12(A,C), \+all12(C,B) 0.157824933687 (2.0, 10.0, 100.0, 4.0) 0.683908045977 [ACCEPT]
[LVL9] rno12(A,B) :- no12(A,C), \+all12(B,C) 0.146551724138 (2.0, 11.0, 99.0, 4.0) 0.683908045977 [ACCEPT]
[LVL9] rno12(A,B) :- no12(A,C), \+some12(C,B) 0.0809018567639 (1.0, 11.0, 99.0, 5.0) 0.525862068966 [ACCEPT]
[LVL9] rno12(A,B) :- no12(A,C), \+some12(B,C) 0.157824933687 (2.0, 10.0, 100.0, 4.0) 0.683908045977 [ACCEPT]
[LVL9] rno12(A,B) :- no12(A,C), \+no12(C,B) 0.146551724138 (2.0, 11.0, 99.0, 4.0) 0.683908045977 [ACCEPT]
[LVL9] rno12(A,B) :- no12(A,C), \+no12(B,C) 0.0809018567639 (1.0, 11.0, 99.0, 5.0) 0.525862068966 [ACCEPT]
[LVL9] rno12(A,B) :- no12(A,C), \+somenot12(C,B) 0.157824933687 (2.0, 10.0, 100.0, 4.0) 0.683908045977 [ACCEPT]
[LVL9] rno12(A,B) :- no12(A,C), \+somenot12(B,C) 0.157824933687 (2.0, 10.0, 100.0, 4.0) 0.683908045977 [ACCEPT]
[LVL9] rno12(A,B) :- all12(C,A), all12(C,B) 0.350574712644 (1.0, 1.0, 109.0, 5.0) 0.525862068966 [ACCEPT]
[LVL9] rno12(A,B) :- all12(C,A), all12(B,C) 0.350574712644 (1.0, 1.0, 109.0, 5.0) 0.525862068966 [ACCEPT]
[LVL9] rno12(A,B) :- all12(C,A), all12(B,D) 0.350574712644 (1.0, 1.0, 109.0, 5.0) 0.525862068966 [ACCEPT]
[LVL9] rno12(A,B) :- all12(C,A), all12(D,C) 0.350574712644 (1.0, 1.0, 109.0, 5.0) 0.525862068966 [ACCEPT]
[LVL9] rno12(A,B) :- all12(C,A), all12(D,B) 0.350574712644 (1.0, 1.0, 109.0, 5.0) 0.525862068966 [ACCEPT]
[LVL9] rno12(A,B) :- all12(C,A), \+all12(C,B) 0.0701149425287 (1.0, 13.0, 97.0, 5.0) 0.525862068966 [ACCEPT]
[LVL9] rno12(A,B) :- all12(C,A), \+all12(B,C) 0.0701149425287 (1.0, 13.0, 97.0, 5.0) 0.525862068966 [ACCEPT]
[LVL9] rno12(A,B) :- all12(C,A), \+some12(C,B) 0.136781609195 (2.0, 12.0, 98.0, 4.0) 0.683908045977 [ACCEPT]
[LVL9] rno12(A,B) :- all12(C,A), \+some12(B,C) 0.136781609195 (2.0, 12.0, 98.0, 4.0) 0.683908045977 [ACCEPT]
[LVL9] rno12(A,B) :- all12(C,A), \+no12(C,B) 0.136781609195 (2.0, 12.0, 98.0, 4.0) 0.683908045977 [ACCEPT]
[LVL9] rno12(A,B) :- all12(C,A), \+no12(B,C) 0.136781609195 (2.0, 12.0, 98.0, 4.0) 0.683908045977 [ACCEPT]
[LVL9] rno12(A,B) :- all12(C,A), \+somenot12(C,B) 0.136781609195 (2.0, 12.0, 98.0, 4.0) 0.683908045977 [ACCEPT]
[LVL9] rno12(A,B) :- all12(C,A), \+somenot12(B,C) 0.136781609195 (2.0, 12.0, 98.0, 4.0) 0.683908045977 [ACCEPT]
[LVL9] rno12(A,B) :- no12(C,A), no12(D,B) 0.350574712644 (1.0, 1.0, 109.0, 5.0) 0.525862068966 [ACCEPT]
[LVL9] rno12(A,B) :- no12(C,A), \+all12(C,B) 0.0876436781609 (1.0, 10.0, 100.0, 5.0) 0.525862068966 [ACCEPT]
[LVL9] rno12(A,B) :- no12(C,A), \+all12(B,C) 0.0876436781609 (1.0, 10.0, 100.0, 5.0) 0.525862068966 [ACCEPT]
[LVL9] rno12(A,B) :- no12(C,A), \+some12(C,B) 0.0876436781609 (1.0, 10.0, 100.0, 5.0) 0.525862068966 [ACCEPT]
[LVL9] rno12(A,B) :- no12(C,A), \+some12(B,C) 0.0876436781609 (1.0, 10.0, 100.0, 5.0) 0.525862068966 [ACCEPT]
[LVL9] rno12(A,B) :- no12(C,A), \+no12(B,C) 0.0809018567639 (1.0, 11.0, 99.0, 5.0) 0.525862068966 [ACCEPT]
[LVL9] rno12(A,B) :- no12(C,A), \+somenot12(B,C) 0.0876436781609 (1.0, 10.0, 100.0, 5.0) 0.525862068966 [ACCEPT]
[LVL9] rno12(A,B) :- all12(A,C), no12(C,D) 0.350574712644 (1.0, 1.0, 109.0, 5.0) 0.525862068966 [ACCEPT]
[LVL9] rno12(A,B) :- all12(A,C), no12(D,B) 0.350574712644 (1.0, 1.0, 109.0, 5.0) 0.525862068966 [ACCEPT]
[LVL9] rno12(A,B) :- all12(A,C), \+all12(C,B) 0.0809018567639 (1.0, 11.0, 99.0, 5.0) 0.525862068966 [ACCEPT]
[LVL9] rno12(A,B) :- all12(A,C), \+all12(B,C) 0.0809018567639 (1.0, 11.0, 99.0, 5.0) 0.525862068966 [ACCEPT]
[LVL9] rno12(A,B) :- all12(A,C), \+some12(C,B) 0.0809018567639 (1.0, 11.0, 99.0, 5.0) 0.525862068966 [ACCEPT]
[LVL9] rno12(A,B) :- all12(A,C), \+some12(B,C) 0.0809018567639 (1.0, 11.0, 99.0, 5.0) 0.525862068966 [ACCEPT]
[LVL9] rno12(A,B) :- all12(A,C), \+no12(B,C) 0.0751231527094 (1.0, 12.0, 98.0, 5.0) 0.525862068966 [ACCEPT]
[LVL9] rno12(A,B) :- all12(A,C), \+somenot12(C,B) 0.0809018567639 (1.0, 11.0, 99.0, 5.0) 0.525862068966 [ACCEPT]
[LVL9] rno12(A,B) :- all12(A,C), \+somenot12(B,C) 0.0751231527094 (1.0, 12.0, 98.0, 5.0) 0.525862068966 [ACCEPT]
[LVL9] rno12(A,B) :- all12(B,C), all12(C,D) 0.350574712644 (1.0, 1.0, 109.0, 5.0) 0.525862068966 [ACCEPT]
[LVL9] rno12(A,B) :- all12(B,C), all12(D,A) 0.350574712644 (1.0, 1.0, 109.0, 5.0) 0.525862068966 [ACCEPT]
[LVL9] rno12(A,B) :- all12(B,C), \+all12(A,C) 0.0809018567639 (1.0, 11.0, 99.0, 5.0) 0.525862068966 [ACCEPT]
[LVL9] rno12(A,B) :- all12(B,C), \+some12(A,C) 0.0809018567639 (1.0, 11.0, 99.0, 5.0) 0.525862068966 [ACCEPT]
[LVL9] rno12(A,B) :- all12(B,C), \+some12(C,A) 0.0809018567639 (1.0, 11.0, 99.0, 5.0) 0.525862068966 [ACCEPT]
[LVL9] rno12(A,B) :- all12(B,C), \+no12(A,C) 0.0751231527094 (1.0, 12.0, 98.0, 5.0) 0.525862068966 [ACCEPT]
[LVL9] rno12(A,B) :- all12(B,C), \+no12(C,A) 0.0809018567639 (1.0, 11.0, 99.0, 5.0) 0.525862068966 [ACCEPT]
[LVL9] rno12(A,B) :- all12(B,C), \+somenot12(A,C) 0.0751231527094 (1.0, 12.0, 98.0, 5.0) 0.525862068966 [ACCEPT]
[LVL9] rno12(A,B) :- all12(B,C), \+somenot12(C,A) 0.0809018567639 (1.0, 11.0, 99.0, 5.0) 0.525862068966 [ACCEPT]
[LVL9] rno12(A,B) :- no12(B,C), no12(A,D) 0.350574712644 (1.0, 1.0, 109.0, 5.0) 0.525862068966 [ACCEPT]
[LVL9] rno12(A,B) :- no12(B,C), \+all12(A,C) 0.0751231527094 (1.0, 12.0, 98.0, 5.0) 0.525862068966 [ACCEPT]
[LVL9] rno12(A,B) :- no12(B,C), \+all12(C,A) 0.0809018567639 (1.0, 11.0, 99.0, 5.0) 0.525862068966 [ACCEPT]
[LVL9] rno12(A,B) :- no12(B,C), \+some12(A,C) 0.0809018567639 (1.0, 11.0, 99.0, 5.0) 0.525862068966 [ACCEPT]
[LVL9] rno12(A,B) :- no12(B,C), \+some12(C,A) 0.0809018567639 (1.0, 11.0, 99.0, 5.0) 0.525862068966 [ACCEPT]
[LVL9] rno12(A,B) :- no12(B,C), \+no12(C,A) 0.0751231527094 (1.0, 12.0, 98.0, 5.0) 0.525862068966 [ACCEPT]
[LVL9] rno12(A,B) :- no12(B,C), \+somenot12(A,C) 0.0809018567639 (1.0, 11.0, 99.0, 5.0) 0.525862068966 [ACCEPT]
[LVL9] rno12(A,B) :- no12(B,C), \+somenot12(C,A) 0.0809018567639 (1.0, 11.0, 99.0, 5.0) 0.525862068966 [ACCEPT]
[LVL9] rno12(A,B) :- some12(C,B), no12(A,D) 0.350574712644 (1.0, 1.0, 109.0, 5.0) 0.525862068966 [ACCEPT]
[LVL9] rno12(A,B) :- some12(C,B), no12(D,C) 0.350574712644 (1.0, 1.0, 109.0, 5.0) 0.525862068966 [ACCEPT]
[LVL9] rno12(A,B) :- some12(C,B), \+all12(A,C) 0.0751231527094 (1.0, 12.0, 98.0, 5.0) 0.525862068966 [ACCEPT]
[LVL9] rno12(A,B) :- some12(C,B), \+all12(C,A) 0.0751231527094 (1.0, 12.0, 98.0, 5.0) 0.525862068966 [ACCEPT]
[LVL9] rno12(A,B) :- some12(C,B), \+some12(A,C) 0.0751231527094 (1.0, 12.0, 98.0, 5.0) 0.525862068966 [ACCEPT]
[LVL9] rno12(A,B) :- some12(C,B), \+some12(C,A) 0.0751231527094 (1.0, 12.0, 98.0, 5.0) 0.525862068966 [ACCEPT]
[LVL9] rno12(A,B) :- some12(C,B), \+no12(C,A) 0.0751231527094 (1.0, 12.0, 98.0, 5.0) 0.525862068966 [ACCEPT]
[LVL9] rno12(A,B) :- some12(C,B), \+somenot12(A,C) 0.0751231527094 (1.0, 12.0, 98.0, 5.0) 0.525862068966 [ACCEPT]
[LVL9] rno12(A,B) :- some12(C,B), \+somenot12(C,A) 0.0701149425287 (1.0, 13.0, 97.0, 5.0) 0.525862068966 [ACCEPT]
[LVL9] rno12(A,B) :- all12(C,B), all12(D,A) 0.350574712644 (1.0, 1.0, 109.0, 5.0) 0.525862068966 [ACCEPT]
[LVL9] rno12(A,B) :- all12(C,B), \+all12(A,C) 0.0701149425287 (1.0, 13.0, 97.0, 5.0) 0.525862068966 [ACCEPT]
[LVL9] rno12(A,B) :- all12(C,B), \+some12(A,C) 0.0701149425287 (1.0, 13.0, 97.0, 5.0) 0.525862068966 [ACCEPT]
[LVL9] rno12(A,B) :- all12(C,B), \+some12(C,A) 0.0701149425287 (1.0, 13.0, 97.0, 5.0) 0.525862068966 [ACCEPT]
[LVL9] rno12(A,B) :- all12(C,B), \+no12(A,C) 0.0701149425287 (1.0, 13.0, 97.0, 5.0) 0.525862068966 [ACCEPT]
[LVL9] rno12(A,B) :- all12(C,B), \+no12(C,A) 0.0701149425287 (1.0, 13.0, 97.0, 5.0) 0.525862068966 [ACCEPT]
[LVL9] rno12(A,B) :- all12(C,B), \+somenot12(A,C) 0.0701149425287 (1.0, 13.0, 97.0, 5.0) 0.525862068966 [ACCEPT]
[LVL9] rno12(A,B) :- all12(C,B), \+somenot12(C,A) 0.0701149425287 (1.0, 13.0, 97.0, 5.0) 0.525862068966 [ACCEPT]
[DEBUG] Best rule so far: rno12(A,B) :- no12(C,B), all12(A,C) [0.350574712644]
[DEBUG] Candidates for iteration 3:
[DEBUG] ==================================
[DEBUG] rno12(A,B) :- no12(C,B), all12(A,C) 0.350574712644
[DEBUG] rno12(A,B) :- no12(C,B), all12(A,D) 0.350574712644
[DEBUG] rno12(A,B) :- no12(C,B), all12(D,C) 0.350574712644
[DEBUG] rno12(A,B) :- no12(C,B), no12(C,A) 0.350574712644
[DEBUG] rno12(A,B) :- no12(C,B), no12(D,A) 0.350574712644
[DEBUG] rno12(A,B) :- no12(A,C), some12(C,B) 0.350574712644
[DEBUG] rno12(A,B) :- no12(A,C), some12(C,D) 0.350574712644
[DEBUG] rno12(A,B) :- no12(A,C), some12(D,B) 0.350574712644
[DEBUG] rno12(A,B) :- no12(A,C), no12(B,C) 0.350574712644
[DEBUG] rno12(A,B) :- no12(A,C), no12(B,D) 0.350574712644
[DEBUG] rno12(A,B) :- all12(C,A), all12(C,B) 0.350574712644
[DEBUG] rno12(A,B) :- all12(C,A), all12(B,C) 0.350574712644
[DEBUG] rno12(A,B) :- all12(C,A), all12(B,D) 0.350574712644
[DEBUG] rno12(A,B) :- all12(C,A), all12(D,C) 0.350574712644
[DEBUG] rno12(A,B) :- all12(C,A), all12(D,B) 0.350574712644
[DEBUG] rno12(A,B) :- no12(C,A), no12(D,B) 0.350574712644
[DEBUG] rno12(A,B) :- all12(A,C), no12(C,D) 0.350574712644
[DEBUG] rno12(A,B) :- all12(A,C), no12(D,B) 0.350574712644
[DEBUG] rno12(A,B) :- all12(B,C), all12(C,D) 0.350574712644
[DEBUG] rno12(A,B) :- all12(B,C), all12(D,A) 0.350574712644
[DEBUG] rno12(A,B) :- no12(B,C), no12(A,D) 0.350574712644
[DEBUG] rno12(A,B) :- some12(C,B), no12(A,D) 0.350574712644
[DEBUG] rno12(A,B) :- some12(C,B), no12(D,C) 0.350574712644
[DEBUG] rno12(A,B) :- all12(C,B), all12(D,A) 0.350574712644
[DEBUG] rno12(A,B) :- no12(C,B), \+all12(C,A) 0.170977011494
[DEBUG] rno12(A,B) :- no12(C,B), \+some12(A,C) 0.170977011494
[DEBUG] rno12(A,B) :- no12(C,B), \+some12(C,A) 0.170977011494
[DEBUG] rno12(A,B) :- no12(C,B), \+somenot12(A,C) 0.170977011494
[DEBUG] rno12(A,B) :- no12(C,B), \+no12(A,C) 0.157824933687
[DEBUG] rno12(A,B) :- no12(A,C), \+all12(C,B) 0.157824933687
[DEBUG] rno12(A,B) :- no12(A,C), \+some12(B,C) 0.157824933687
[DEBUG] rno12(A,B) :- no12(A,C), \+somenot12(C,B) 0.157824933687
[DEBUG] rno12(A,B) :- no12(A,C), \+somenot12(B,C) 0.157824933687
[DEBUG] rno12(A,B) :- no12(A,C), \+all12(B,C) 0.146551724138
[DEBUG] rno12(A,B) :- no12(A,C), \+no12(C,B) 0.146551724138
[DEBUG] rno12(A,B) :- all12(C,A), \+some12(C,B) 0.136781609195
[DEBUG] rno12(A,B) :- all12(C,A), \+some12(B,C) 0.136781609195
[DEBUG] rno12(A,B) :- all12(C,A), \+no12(C,B) 0.136781609195
[DEBUG] rno12(A,B) :- all12(C,A), \+no12(B,C) 0.136781609195
[DEBUG] rno12(A,B) :- all12(C,A), \+somenot12(C,B) 0.136781609195
[DEBUG] rno12(A,B) :- all12(C,A), \+somenot12(B,C) 0.136781609195
[DEBUG] rno12(A,B) :- no12(C,B), \+all12(A,C) 0.0876436781609
[DEBUG] rno12(A,B) :- no12(C,B), \+no12(C,A) 0.0876436781609
[DEBUG] rno12(A,B) :- no12(C,A), \+all12(C,B) 0.0876436781609
[DEBUG] rno12(A,B) :- no12(C,A), \+all12(B,C) 0.0876436781609
[DEBUG] rno12(A,B) :- no12(C,A), \+some12(C,B) 0.0876436781609
[DEBUG] rno12(A,B) :- no12(C,A), \+some12(B,C) 0.0876436781609
[DEBUG] rno12(A,B) :- no12(C,A), \+somenot12(B,C) 0.0876436781609
[DEBUG] rno12(A,B) :- no12(A,C), \+some12(C,B) 0.0809018567639
[DEBUG] rno12(A,B) :- no12(A,C), \+no12(B,C) 0.0809018567639
[DEBUG] rno12(A,B) :- no12(C,A), \+no12(B,C) 0.0809018567639
[DEBUG] rno12(A,B) :- all12(A,C), \+all12(C,B) 0.0809018567639
[DEBUG] rno12(A,B) :- all12(A,C), \+all12(B,C) 0.0809018567639
[DEBUG] rno12(A,B) :- all12(A,C), \+some12(C,B) 0.0809018567639
[DEBUG] rno12(A,B) :- all12(A,C), \+some12(B,C) 0.0809018567639
[DEBUG] rno12(A,B) :- all12(A,C), \+somenot12(C,B) 0.0809018567639
[DEBUG] rno12(A,B) :- all12(B,C), \+all12(A,C) 0.0809018567639
[DEBUG] rno12(A,B) :- all12(B,C), \+some12(A,C) 0.0809018567639
[DEBUG] rno12(A,B) :- all12(B,C), \+some12(C,A) 0.0809018567639
[DEBUG] rno12(A,B) :- all12(B,C), \+no12(C,A) 0.0809018567639
[DEBUG] rno12(A,B) :- all12(B,C), \+somenot12(C,A) 0.0809018567639
[DEBUG] rno12(A,B) :- no12(B,C), \+all12(C,A) 0.0809018567639
[DEBUG] rno12(A,B) :- no12(B,C), \+some12(A,C) 0.0809018567639
[DEBUG] rno12(A,B) :- no12(B,C), \+some12(C,A) 0.0809018567639
[DEBUG] rno12(A,B) :- no12(B,C), \+somenot12(A,C) 0.0809018567639
[DEBUG] rno12(A,B) :- no12(B,C), \+somenot12(C,A) 0.0809018567639
[DEBUG] rno12(A,B) :- all12(A,C), \+no12(B,C) 0.0751231527094
[DEBUG] rno12(A,B) :- all12(A,C), \+somenot12(B,C) 0.0751231527094
[DEBUG] rno12(A,B) :- all12(B,C), \+no12(A,C) 0.0751231527094
[DEBUG] rno12(A,B) :- all12(B,C), \+somenot12(A,C) 0.0751231527094
[DEBUG] rno12(A,B) :- no12(B,C), \+all12(A,C) 0.0751231527094
[DEBUG] rno12(A,B) :- no12(B,C), \+no12(C,A) 0.0751231527094
[DEBUG] rno12(A,B) :- some12(C,B), \+all12(A,C) 0.0751231527094
[DEBUG] rno12(A,B) :- some12(C,B), \+all12(C,A) 0.0751231527094
[DEBUG] rno12(A,B) :- some12(C,B), \+some12(A,C) 0.0751231527094
[DEBUG] rno12(A,B) :- some12(C,B), \+some12(C,A) 0.0751231527094
[DEBUG] rno12(A,B) :- some12(C,B), \+no12(C,A) 0.0751231527094
[DEBUG] rno12(A,B) :- some12(C,B), \+somenot12(A,C) 0.0751231527094
[DEBUG] rno12(A,B) :- all12(C,A), \+all12(C,B) 0.0701149425287
[DEBUG] rno12(A,B) :- all12(C,A), \+all12(B,C) 0.0701149425287
[DEBUG] rno12(A,B) :- some12(C,B), \+somenot12(C,A) 0.0701149425287
[DEBUG] rno12(A,B) :- all12(C,B), \+all12(A,C) 0.0701149425287
[DEBUG] rno12(A,B) :- all12(C,B), \+some12(A,C) 0.0701149425287
[DEBUG] rno12(A,B) :- all12(C,B), \+some12(C,A) 0.0701149425287
[DEBUG] rno12(A,B) :- all12(C,B), \+no12(A,C) 0.0701149425287
[DEBUG] rno12(A,B) :- all12(C,B), \+no12(C,A) 0.0701149425287
[DEBUG] rno12(A,B) :- all12(C,B), \+somenot12(A,C) 0.0701149425287
[DEBUG] rno12(A,B) :- all12(C,B), \+somenot12(C,A) 0.0701149425287
[DEBUG] ==================================
[INFO] RULE LEARNED: rno12(A,B) :- no12(C,B), all12(A,C) 0.948275862069
[DEBUG] Best rule so far: rno12(A,B) :- true [0.0438596491228]
[DEBUG] Candidates for iteration 1:
[DEBUG] ==================================
[DEBUG] rno12(A,B) :- true 0.0438596491228
[DEBUG] ==================================
[LVL9] rno12(A,B) :- all12(B,C) 0.0695906432749 (2.0, 14.0, 96.0, 4.0) 0.521929824561 [ACCEPT]
[LVL9] BETTER RULE rno12(A,B) :- all12(B,C) (0.0695906432748538, 2.0) > (0.04385964912280702, 6.0)
[LVL9] rno12(A,B) :- all12(C,A) 0.120227038184 (3.0, 15.0, 95.0, 3.0) 0.681286549708 [ACCEPT]
[LVL9] BETTER RULE rno12(A,B) :- all12(C,A) (0.12022703818369453, 3.0) > (0.0695906432748538, 2.0)
[LVL9] rno12(A,B) :- all12(C,B) 0.0614035087719 (2.0, 16.0, 94.0, 4.0) 0.521929824561 [ACCEPT]
[LVL9] rno12(A,B) :- some12(C,B) 0.0652412280702 (2.0, 15.0, 95.0, 4.0) 0.521929824561 [ACCEPT]
[LVL9] rno12(A,B) :- no12(A,C) 0.136257309942 (3.0, 13.0, 97.0, 3.0) 0.681286549708 [ACCEPT]
[LVL9] BETTER RULE rno12(A,B) :- no12(A,C) (0.13625730994152047, 3.0) > (0.12022703818369453, 3.0)
[LVL9] rno12(A,B) :- no12(B,C) 0.0695906432749 (2.0, 14.0, 96.0, 4.0) 0.521929824561 [ACCEPT]
[LVL9] rno12(A,B) :- no12(C,A) 0.0745614035088 (2.0, 13.0, 97.0, 4.0) 0.521929824561 [ACCEPT]
[LVL9] rno12(A,B) :- no12(C,B) 0.0869883040936 (2.0, 11.0, 99.0, 4.0) 0.521929824561 [ACCEPT]
[DEBUG] Best rule so far: rno12(A,B) :- no12(A,C) [0.136257309942]
[DEBUG] Candidates for iteration 2:
[DEBUG] ==================================
[DEBUG] rno12(A,B) :- no12(A,C) 0.136257309942
[DEBUG] rno12(A,B) :- all12(C,A) 0.120227038184
[DEBUG] rno12(A,B) :- no12(C,B) 0.0869883040936
[DEBUG] rno12(A,B) :- no12(C,A) 0.0745614035088
[DEBUG] rno12(A,B) :- all12(B,C) 0.0695906432749
[DEBUG] rno12(A,B) :- no12(B,C) 0.0695906432749
[DEBUG] rno12(A,B) :- some12(C,B) 0.0652412280702
[DEBUG] rno12(A,B) :- all12(C,B) 0.0614035087719
[DEBUG] ==================================
[LVL9] rno12(A,B) :- no12(A,C), some12(C,B) 0.347953216374 (2.0, 2.0, 108.0, 4.0) 0.521929824561 [ACCEPT]
[LVL9] BETTER RULE rno12(A,B) :- no12(A,C), some12(C,B) (0.34795321637426896, 2.0) > (0.13625730994152047, 3.0)
[LVL9] rno12(A,B) :- no12(A,C), some12(C,D) 0.347953216374 (2.0, 2.0, 108.0, 4.0) 0.521929824561 [ACCEPT]
[LVL9] rno12(A,B) :- no12(A,C), some12(D,B) 0.347953216374 (2.0, 2.0, 108.0, 4.0) 0.521929824561 [ACCEPT]
[LVL9] rno12(A,B) :- no12(A,C), no12(B,C) 0.347953216374 (2.0, 2.0, 108.0, 4.0) 0.521929824561 [ACCEPT]
[LVL9] rno12(A,B) :- no12(A,C), no12(B,D) 0.347953216374 (2.0, 2.0, 108.0, 4.0) 0.521929824561 [ACCEPT]
[LVL9] rno12(A,B) :- no12(A,C), \+all12(C,B) 0.157219973009 (3.0, 11.0, 99.0, 3.0) 0.681286549708 [ACCEPT]
[LVL9] rno12(A,B) :- no12(A,C), \+all12(B,C) 0.145989974937 (3.0, 12.0, 98.0, 3.0) 0.681286549708 [ACCEPT]
[LVL9] rno12(A,B) :- no12(A,C), \+some12(C,B) 0.0802968960864 (2.0, 12.0, 98.0, 4.0) 0.521929824561 [ACCEPT]
[LVL9] rno12(A,B) :- no12(A,C), \+some12(B,C) 0.157219973009 (3.0, 11.0, 99.0, 3.0) 0.681286549708 [ACCEPT]
[LVL9] rno12(A,B) :- no12(A,C), \+no12(C,B) 0.145989974937 (3.0, 12.0, 98.0, 3.0) 0.681286549708 [ACCEPT]
[LVL9] rno12(A,B) :- no12(A,C), \+no12(B,C) 0.0802968960864 (2.0, 12.0, 98.0, 4.0) 0.521929824561 [ACCEPT]
[LVL9] rno12(A,B) :- no12(A,C), \+somenot12(C,B) 0.157219973009 (3.0, 11.0, 99.0, 3.0) 0.681286549708 [ACCEPT]
[LVL9] rno12(A,B) :- no12(A,C), \+somenot12(B,C) 0.157219973009 (3.0, 11.0, 99.0, 3.0) 0.681286549708 [ACCEPT]
[LVL9] rno12(A,B) :- all12(C,A), all12(C,B) 0.347953216374 (2.0, 2.0, 108.0, 4.0) 0.521929824561 [ACCEPT]
[LVL9] rno12(A,B) :- all12(C,A), all12(B,C) 0.347953216374 (2.0, 2.0, 108.0, 4.0) 0.521929824561 [ACCEPT]
[LVL9] rno12(A,B) :- all12(C,A), all12(B,D) 0.347953216374 (2.0, 2.0, 108.0, 4.0) 0.521929824561 [ACCEPT]
[LVL9] rno12(A,B) :- all12(C,A), all12(D,C) 0.347953216374 (2.0, 2.0, 108.0, 4.0) 0.521929824561 [ACCEPT]
[LVL9] rno12(A,B) :- all12(C,A), all12(D,B) 0.347953216374 (2.0, 2.0, 108.0, 4.0) 0.521929824561 [ACCEPT]
[LVL9] rno12(A,B) :- all12(C,A), \+all12(C,B) 0.0695906432749 (2.0, 14.0, 96.0, 4.0) 0.521929824561 [ACCEPT]
[LVL9] rno12(A,B) :- all12(C,A), \+all12(B,C) 0.0695906432749 (2.0, 14.0, 96.0, 4.0) 0.521929824561 [ACCEPT]
[LVL9] rno12(A,B) :- all12(C,A), \+some12(C,B) 0.136257309942 (3.0, 13.0, 97.0, 3.0) 0.681286549708 [ACCEPT]
[LVL9] rno12(A,B) :- all12(C,A), \+some12(B,C) 0.136257309942 (3.0, 13.0, 97.0, 3.0) 0.681286549708 [ACCEPT]
[LVL9] rno12(A,B) :- all12(C,A), \+no12(C,B) 0.136257309942 (3.0, 13.0, 97.0, 3.0) 0.681286549708 [ACCEPT]
[LVL9] rno12(A,B) :- all12(C,A), \+no12(B,C) 0.136257309942 (3.0, 13.0, 97.0, 3.0) 0.681286549708 [ACCEPT]
[LVL9] rno12(A,B) :- all12(C,A), \+somenot12(C,B) 0.136257309942 (3.0, 13.0, 97.0, 3.0) 0.681286549708 [ACCEPT]
[LVL9] rno12(A,B) :- all12(C,A), \+somenot12(B,C) 0.136257309942 (3.0, 13.0, 97.0, 3.0) 0.681286549708 [ACCEPT]
[LVL9] rno12(A,B) :- no12(C,B), no12(C,A) 0.347953216374 (2.0, 2.0, 108.0, 4.0) 0.521929824561 [ACCEPT]
[LVL9] rno12(A,B) :- no12(C,B), no12(D,A) 0.347953216374 (2.0, 2.0, 108.0, 4.0) 0.521929824561 [ACCEPT]
[LVL9] rno12(A,B) :- no12(C,B), \+all12(C,A) 0.104385964912 (2.0, 9.0, 101.0, 4.0) 0.521929824561 [ACCEPT]
[LVL9] rno12(A,B) :- no12(C,B), \+some12(A,C) 0.104385964912 (2.0, 9.0, 101.0, 4.0) 0.521929824561 [ACCEPT]
[LVL9] rno12(A,B) :- no12(C,B), \+some12(C,A) 0.104385964912 (2.0, 9.0, 101.0, 4.0) 0.521929824561 [ACCEPT]
[LVL9] rno12(A,B) :- no12(C,B), \+no12(A,C) 0.0948963317384 (2.0, 10.0, 100.0, 4.0) 0.521929824561 [ACCEPT]
[LVL9] rno12(A,B) :- no12(C,B), \+somenot12(A,C) 0.104385964912 (2.0, 9.0, 101.0, 4.0) 0.521929824561 [ACCEPT]
[LVL9] rno12(A,B) :- no12(C,A), no12(D,B) 0.347953216374 (2.0, 2.0, 108.0, 4.0) 0.521929824561 [ACCEPT]
[LVL9] rno12(A,B) :- no12(C,A), \+all12(C,B) 0.0869883040936 (2.0, 11.0, 99.0, 4.0) 0.521929824561 [ACCEPT]
[LVL9] rno12(A,B) :- no12(C,A), \+all12(B,C) 0.0869883040936 (2.0, 11.0, 99.0, 4.0) 0.521929824561 [ACCEPT]
[LVL9] rno12(A,B) :- no12(C,A), \+some12(C,B) 0.0869883040936 (2.0, 11.0, 99.0, 4.0) 0.521929824561 [ACCEPT]
[LVL9] rno12(A,B) :- no12(C,A), \+some12(B,C) 0.0869883040936 (2.0, 11.0, 99.0, 4.0) 0.521929824561 [ACCEPT]
[LVL9] rno12(A,B) :- no12(C,A), \+no12(B,C) 0.0802968960864 (2.0, 12.0, 98.0, 4.0) 0.521929824561 [ACCEPT]
[LVL9] rno12(A,B) :- no12(C,A), \+somenot12(B,C) 0.0869883040936 (2.0, 11.0, 99.0, 4.0) 0.521929824561 [ACCEPT]
[LVL9] rno12(A,B) :- all12(B,C), all12(C,D) 0.347953216374 (2.0, 2.0, 108.0, 4.0) 0.521929824561 [ACCEPT]
[LVL9] rno12(A,B) :- all12(B,C), all12(D,A) 0.347953216374 (2.0, 2.0, 108.0, 4.0) 0.521929824561 [ACCEPT]
[LVL9] rno12(A,B) :- all12(B,C), \+all12(A,C) 0.0802968960864 (2.0, 12.0, 98.0, 4.0) 0.521929824561 [ACCEPT]
[LVL9] rno12(A,B) :- all12(B,C), \+some12(A,C) 0.0802968960864 (2.0, 12.0, 98.0, 4.0) 0.521929824561 [ACCEPT]
[LVL9] rno12(A,B) :- all12(B,C), \+some12(C,A) 0.0802968960864 (2.0, 12.0, 98.0, 4.0) 0.521929824561 [ACCEPT]
[LVL9] rno12(A,B) :- all12(B,C), \+no12(A,C) 0.0745614035088 (2.0, 13.0, 97.0, 4.0) 0.521929824561 [ACCEPT]
[LVL9] rno12(A,B) :- all12(B,C), \+no12(C,A) 0.0802968960864 (2.0, 12.0, 98.0, 4.0) 0.521929824561 [ACCEPT]
[LVL9] rno12(A,B) :- all12(B,C), \+somenot12(A,C) 0.0745614035088 (2.0, 13.0, 97.0, 4.0) 0.521929824561 [ACCEPT]
[LVL9] rno12(A,B) :- all12(B,C), \+somenot12(C,A) 0.0802968960864 (2.0, 12.0, 98.0, 4.0) 0.521929824561 [ACCEPT]
[LVL9] rno12(A,B) :- no12(B,C), no12(A,D) 0.347953216374 (2.0, 2.0, 108.0, 4.0) 0.521929824561 [ACCEPT]
[LVL9] rno12(A,B) :- no12(B,C), \+all12(A,C) 0.0745614035088 (2.0, 13.0, 97.0, 4.0) 0.521929824561 [ACCEPT]
[LVL9] rno12(A,B) :- no12(B,C), \+all12(C,A) 0.0802968960864 (2.0, 12.0, 98.0, 4.0) 0.521929824561 [ACCEPT]
[LVL9] rno12(A,B) :- no12(B,C), \+some12(A,C) 0.0802968960864 (2.0, 12.0, 98.0, 4.0) 0.521929824561 [ACCEPT]
[LVL9] rno12(A,B) :- no12(B,C), \+some12(C,A) 0.0802968960864 (2.0, 12.0, 98.0, 4.0) 0.521929824561 [ACCEPT]
[LVL9] rno12(A,B) :- no12(B,C), \+no12(C,A) 0.0745614035088 (2.0, 13.0, 97.0, 4.0) 0.521929824561 [ACCEPT]
[LVL9] rno12(A,B) :- no12(B,C), \+somenot12(A,C) 0.0802968960864 (2.0, 12.0, 98.0, 4.0) 0.521929824561 [ACCEPT]
[LVL9] rno12(A,B) :- no12(B,C), \+somenot12(C,A) 0.0802968960864 (2.0, 12.0, 98.0, 4.0) 0.521929824561 [ACCEPT]
[LVL9] rno12(A,B) :- some12(C,B), no12(A,D) 0.347953216374 (2.0, 2.0, 108.0, 4.0) 0.521929824561 [ACCEPT]
[LVL9] rno12(A,B) :- some12(C,B), no12(D,C) 0.347953216374 (2.0, 2.0, 108.0, 4.0) 0.521929824561 [ACCEPT]
[LVL9] rno12(A,B) :- some12(C,B), \+all12(A,C) 0.0745614035088 (2.0, 13.0, 97.0, 4.0) 0.521929824561 [ACCEPT]
[LVL9] rno12(A,B) :- some12(C,B), \+all12(C,A) 0.0745614035088 (2.0, 13.0, 97.0, 4.0) 0.521929824561 [ACCEPT]
[LVL9] rno12(A,B) :- some12(C,B), \+some12(A,C) 0.0745614035088 (2.0, 13.0, 97.0, 4.0) 0.521929824561 [ACCEPT]
[LVL9] rno12(A,B) :- some12(C,B), \+some12(C,A) 0.0745614035088 (2.0, 13.0, 97.0, 4.0) 0.521929824561 [ACCEPT]
[LVL9] rno12(A,B) :- some12(C,B), \+no12(C,A) 0.0745614035088 (2.0, 13.0, 97.0, 4.0) 0.521929824561 [ACCEPT]
[LVL9] rno12(A,B) :- some12(C,B), \+somenot12(A,C) 0.0745614035088 (2.0, 13.0, 97.0, 4.0) 0.521929824561 [ACCEPT]
[LVL9] rno12(A,B) :- some12(C,B), \+somenot12(C,A) 0.0695906432749 (2.0, 14.0, 96.0, 4.0) 0.521929824561 [ACCEPT]
[LVL9] rno12(A,B) :- all12(C,B), all12(D,A) 0.347953216374 (2.0, 2.0, 108.0, 4.0) 0.521929824561 [ACCEPT]
[LVL9] rno12(A,B) :- all12(C,B), \+all12(A,C) 0.0695906432749 (2.0, 14.0, 96.0, 4.0) 0.521929824561 [ACCEPT]
[LVL9] rno12(A,B) :- all12(C,B), \+some12(A,C) 0.0695906432749 (2.0, 14.0, 96.0, 4.0) 0.521929824561 [ACCEPT]
[LVL9] rno12(A,B) :- all12(C,B), \+some12(C,A) 0.0695906432749 (2.0, 14.0, 96.0, 4.0) 0.521929824561 [ACCEPT]
[LVL9] rno12(A,B) :- all12(C,B), \+no12(A,C) 0.0695906432749 (2.0, 14.0, 96.0, 4.0) 0.521929824561 [ACCEPT]
[LVL9] rno12(A,B) :- all12(C,B), \+no12(C,A) 0.0695906432749 (2.0, 14.0, 96.0, 4.0) 0.521929824561 [ACCEPT]
[LVL9] rno12(A,B) :- all12(C,B), \+somenot12(A,C) 0.0695906432749 (2.0, 14.0, 96.0, 4.0) 0.521929824561 [ACCEPT]
[LVL9] rno12(A,B) :- all12(C,B), \+somenot12(C,A) 0.0695906432749 (2.0, 14.0, 96.0, 4.0) 0.521929824561 [ACCEPT]
[DEBUG] Best rule so far: rno12(A,B) :- no12(A,C), some12(C,B) [0.347953216374]
[DEBUG] Candidates for iteration 3:
[DEBUG] ==================================
[DEBUG] rno12(A,B) :- no12(A,C), some12(C,B) 0.347953216374
[DEBUG] rno12(A,B) :- no12(A,C), some12(C,D) 0.347953216374
[DEBUG] rno12(A,B) :- no12(A,C), some12(D,B) 0.347953216374
[DEBUG] rno12(A,B) :- no12(A,C), no12(B,C) 0.347953216374
[DEBUG] rno12(A,B) :- no12(A,C), no12(B,D) 0.347953216374
[DEBUG] rno12(A,B) :- all12(C,A), all12(C,B) 0.347953216374
[DEBUG] rno12(A,B) :- all12(C,A), all12(B,C) 0.347953216374
[DEBUG] rno12(A,B) :- all12(C,A), all12(B,D) 0.347953216374
[DEBUG] rno12(A,B) :- all12(C,A), all12(D,C) 0.347953216374
[DEBUG] rno12(A,B) :- all12(C,A), all12(D,B) 0.347953216374
[DEBUG] rno12(A,B) :- no12(C,B), no12(C,A) 0.347953216374
[DEBUG] rno12(A,B) :- no12(C,B), no12(D,A) 0.347953216374
[DEBUG] rno12(A,B) :- no12(C,A), no12(D,B) 0.347953216374
[DEBUG] rno12(A,B) :- all12(B,C), all12(C,D) 0.347953216374
[DEBUG] rno12(A,B) :- all12(B,C), all12(D,A) 0.347953216374
[DEBUG] rno12(A,B) :- no12(B,C), no12(A,D) 0.347953216374
[DEBUG] rno12(A,B) :- some12(C,B), no12(A,D) 0.347953216374
[DEBUG] rno12(A,B) :- some12(C,B), no12(D,C) 0.347953216374
[DEBUG] rno12(A,B) :- all12(C,B), all12(D,A) 0.347953216374
[DEBUG] rno12(A,B) :- no12(A,C), \+all12(C,B) 0.157219973009
[DEBUG] rno12(A,B) :- no12(A,C), \+some12(B,C) 0.157219973009
[DEBUG] rno12(A,B) :- no12(A,C), \+somenot12(C,B) 0.157219973009
[DEBUG] rno12(A,B) :- no12(A,C), \+somenot12(B,C) 0.157219973009
[DEBUG] rno12(A,B) :- no12(A,C), \+all12(B,C) 0.145989974937
[DEBUG] rno12(A,B) :- no12(A,C), \+no12(C,B) 0.145989974937
[DEBUG] rno12(A,B) :- all12(C,A), \+some12(C,B) 0.136257309942
[DEBUG] rno12(A,B) :- all12(C,A), \+some12(B,C) 0.136257309942
[DEBUG] rno12(A,B) :- all12(C,A), \+no12(C,B) 0.136257309942
[DEBUG] rno12(A,B) :- all12(C,A), \+no12(B,C) 0.136257309942
[DEBUG] rno12(A,B) :- all12(C,A), \+somenot12(C,B) 0.136257309942
[DEBUG] rno12(A,B) :- all12(C,A), \+somenot12(B,C) 0.136257309942
[DEBUG] rno12(A,B) :- no12(C,B), \+all12(C,A) 0.104385964912
[DEBUG] rno12(A,B) :- no12(C,B), \+some12(A,C) 0.104385964912
[DEBUG] rno12(A,B) :- no12(C,B), \+some12(C,A) 0.104385964912
[DEBUG] rno12(A,B) :- no12(C,B), \+somenot12(A,C) 0.104385964912
[DEBUG] rno12(A,B) :- no12(C,B), \+no12(A,C) 0.0948963317384
[DEBUG] rno12(A,B) :- no12(C,A), \+all12(C,B) 0.0869883040936
[DEBUG] rno12(A,B) :- no12(C,A), \+all12(B,C) 0.0869883040936
[DEBUG] rno12(A,B) :- no12(C,A), \+some12(C,B) 0.0869883040936
[DEBUG] rno12(A,B) :- no12(C,A), \+some12(B,C) 0.0869883040936
[DEBUG] rno12(A,B) :- no12(C,A), \+somenot12(B,C) 0.0869883040936
[DEBUG] rno12(A,B) :- no12(A,C), \+some12(C,B) 0.0802968960864
[DEBUG] rno12(A,B) :- no12(A,C), \+no12(B,C) 0.0802968960864
[DEBUG] rno12(A,B) :- no12(C,A), \+no12(B,C) 0.0802968960864
[DEBUG] rno12(A,B) :- all12(B,C), \+all12(A,C) 0.0802968960864
[DEBUG] rno12(A,B) :- all12(B,C), \+some12(A,C) 0.0802968960864
[DEBUG] rno12(A,B) :- all12(B,C), \+some12(C,A) 0.0802968960864
[DEBUG] rno12(A,B) :- all12(B,C), \+no12(C,A) 0.0802968960864
[DEBUG] rno12(A,B) :- all12(B,C), \+somenot12(C,A) 0.0802968960864
[DEBUG] rno12(A,B) :- no12(B,C), \+all12(C,A) 0.0802968960864
[DEBUG] rno12(A,B) :- no12(B,C), \+some12(A,C) 0.0802968960864
[DEBUG] rno12(A,B) :- no12(B,C), \+some12(C,A) 0.0802968960864
[DEBUG] rno12(A,B) :- no12(B,C), \+somenot12(A,C) 0.0802968960864
[DEBUG] rno12(A,B) :- no12(B,C), \+somenot12(C,A) 0.0802968960864
[DEBUG] rno12(A,B) :- all12(B,C), \+no12(A,C) 0.0745614035088
[DEBUG] rno12(A,B) :- all12(B,C), \+somenot12(A,C) 0.0745614035088
[DEBUG] rno12(A,B) :- no12(B,C), \+all12(A,C) 0.0745614035088
[DEBUG] rno12(A,B) :- no12(B,C), \+no12(C,A) 0.0745614035088
[DEBUG] rno12(A,B) :- some12(C,B), \+all12(A,C) 0.0745614035088
[DEBUG] rno12(A,B) :- some12(C,B), \+all12(C,A) 0.0745614035088
[DEBUG] rno12(A,B) :- some12(C,B), \+some12(A,C) 0.0745614035088
[DEBUG] rno12(A,B) :- some12(C,B), \+some12(C,A) 0.0745614035088
[DEBUG] rno12(A,B) :- some12(C,B), \+no12(C,A) 0.0745614035088
[DEBUG] rno12(A,B) :- some12(C,B), \+somenot12(A,C) 0.0745614035088
[DEBUG] rno12(A,B) :- all12(C,A), \+all12(C,B) 0.0695906432749
[DEBUG] rno12(A,B) :- all12(C,A), \+all12(B,C) 0.0695906432749
[DEBUG] rno12(A,B) :- some12(C,B), \+somenot12(C,A) 0.0695906432749
[DEBUG] rno12(A,B) :- all12(C,B), \+all12(A,C) 0.0695906432749
[DEBUG] rno12(A,B) :- all12(C,B), \+some12(A,C) 0.0695906432749
[DEBUG] rno12(A,B) :- all12(C,B), \+some12(C,A) 0.0695906432749
[DEBUG] rno12(A,B) :- all12(C,B), \+no12(A,C) 0.0695906432749
[DEBUG] rno12(A,B) :- all12(C,B), \+no12(C,A) 0.0695906432749
[DEBUG] rno12(A,B) :- all12(C,B), \+somenot12(A,C) 0.0695906432749
[DEBUG] rno12(A,B) :- all12(C,B), \+somenot12(C,A) 0.0695906432749
[DEBUG] ==================================
[INFO] RULE LEARNED: rno12(A,B) :- no12(A,C), some12(C,B) 0.948275862069
