[LVL9] Output level: 9
[INFO] Random seed: 0.855643389852
[INFO] Computing scores: 0.0196s
[INFO] Number of examples (M): 57
[INFO] Positive weight (P): 6.0000
[INFO] Negative weight (N): 51.0000
[DEBUG] Best rule so far: rnvc86(A,B) :- true [0.105263157895]
[DEBUG] Candidates for iteration 1:
[DEBUG] ==================================
[DEBUG] rnvc86(A,B) :- true 0.105263157895
[DEBUG] ==================================
[LVL9] rnvc86(A,B) :- all86(B,C) 0.138157894737 (1.0, 6.0, 45.0, 5.0) 0.552631578947 [ACCEPT]
[LVL9] BETTER RULE rnvc86(A,B) :- all86(B,C) (0.1381578947368421, 1.0) > (0.10526315789473685, 6.0)
[LVL9] rnvc86(A,B) :- all86(C,A) 0.138157894737 (1.0, 6.0, 45.0, 5.0) 0.552631578947 [ACCEPT]
[LVL9] rnvc86(A,B) :- all86(C,B) 0.138157894737 (1.0, 6.0, 45.0, 5.0) 0.552631578947 [ACCEPT]
[LVL9] rnvc86(A,B) :- some86(A,C) 0.233918128655 (2.0, 6.0, 45.0, 4.0) 0.701754385965 [ACCEPT]
[LVL9] BETTER RULE rnvc86(A,B) :- some86(A,C) (0.23391812865497075, 2.0) > (0.1381578947368421, 1.0)
[LVL9] rnvc86(A,B) :- some86(B,C) 0.138157894737 (1.0, 6.0, 45.0, 5.0) 0.552631578947 [ACCEPT]
[LVL9] rnvc86(A,B) :- no86(A,C) 0.122807017544 (1.0, 7.0, 44.0, 5.0) 0.552631578947 [ACCEPT]
[LVL9] rnvc86(A,B) :- no86(B,C) 0.263157894737 (2.0, 5.0, 46.0, 4.0) 0.701754385965 [ACCEPT]
[LVL9] BETTER RULE rnvc86(A,B) :- no86(B,C) (0.2631578947368421, 2.0) > (0.23391812865497075, 2.0)
[LVL9] rnvc86(A,B) :- no86(C,A) 0.138157894737 (1.0, 6.0, 45.0, 5.0) 0.552631578947 [ACCEPT]
[LVL9] rnvc86(A,B) :- no86(C,B) 0.122807017544 (1.0, 7.0, 44.0, 5.0) 0.552631578947 [ACCEPT]
[LVL9] rnvc86(A,B) :- somenot86(C,A) 0.138157894737 (1.0, 6.0, 45.0, 5.0) 0.552631578947 [ACCEPT]
[DEBUG] Best rule so far: rnvc86(A,B) :- no86(B,C) [0.263157894737]
[DEBUG] Candidates for iteration 2:
[DEBUG] ==================================
[DEBUG] rnvc86(A,B) :- no86(B,C) 0.263157894737
[DEBUG] rnvc86(A,B) :- some86(A,C) 0.233918128655
[DEBUG] rnvc86(A,B) :- all86(B,C) 0.138157894737
[DEBUG] rnvc86(A,B) :- all86(C,A) 0.138157894737
[DEBUG] rnvc86(A,B) :- all86(C,B) 0.138157894737
[DEBUG] rnvc86(A,B) :- some86(B,C) 0.138157894737
[DEBUG] rnvc86(A,B) :- no86(C,A) 0.138157894737
[DEBUG] rnvc86(A,B) :- somenot86(C,A) 0.138157894737
[DEBUG] rnvc86(A,B) :- no86(A,C) 0.122807017544
[DEBUG] rnvc86(A,B) :- no86(C,B) 0.122807017544
[DEBUG] ==================================
[LVL9] rnvc86(A,B) :- no86(B,C), no86(A,C) 0.552631578947 (1.0, 0.0, 51.0, 5.0) 0.552631578947 [REJECT* fp] 0.0
[LVL9] BETTER RULE rnvc86(A,B) :- no86(B,C), no86(A,C) (0.5526315789473684, 1.0) > (0.2631578947368421, 2.0)
[LVL9] rnvc86(A,B) :- no86(B,C), \+all86(A,C) 0.300751879699 (2.0, 4.0, 47.0, 4.0) 0.701754385965 [ACCEPT]
[LVL9] rnvc86(A,B) :- no86(B,C), \+all86(C,A) 0.300751879699 (2.0, 4.0, 47.0, 4.0) 0.701754385965 [ACCEPT]
[LVL9] rnvc86(A,B) :- no86(B,C), \+some86(A,C) 0.300751879699 (2.0, 4.0, 47.0, 4.0) 0.701754385965 [ACCEPT]
[LVL9] rnvc86(A,B) :- no86(B,C), \+some86(C,A) 0.300751879699 (2.0, 4.0, 47.0, 4.0) 0.701754385965 [ACCEPT]
[LVL9] rnvc86(A,B) :- no86(B,C), \+no86(C,A) 0.300751879699 (2.0, 4.0, 47.0, 4.0) 0.701754385965 [ACCEPT]
[LVL9] rnvc86(A,B) :- some86(A,C), \+all86(C,B) 0.263157894737 (2.0, 5.0, 46.0, 4.0) 0.701754385965 [ACCEPT]
[LVL9] rnvc86(A,B) :- some86(A,C), \+some86(C,B) 0.263157894737 (2.0, 5.0, 46.0, 4.0) 0.701754385965 [ACCEPT]
[LVL9] rnvc86(A,B) :- some86(A,C), \+no86(C,B) 0.263157894737 (2.0, 5.0, 46.0, 4.0) 0.701754385965 [ACCEPT]
[LVL9] rnvc86(A,B) :- some86(A,C), \+no86(B,C) 0.263157894737 (2.0, 5.0, 46.0, 4.0) 0.701754385965 [ACCEPT]
[LVL9] rnvc86(A,B) :- some86(A,C), \+somenot86(C,B) 0.263157894737 (2.0, 5.0, 46.0, 4.0) 0.701754385965 [ACCEPT]
[LVL9] rnvc86(A,B) :- some86(A,C), \+somenot86(B,C) 0.263157894737 (2.0, 5.0, 46.0, 4.0) 0.701754385965 [ACCEPT]
[DEBUG] Best rule so far: rnvc86(A,B) :- no86(B,C), no86(A,C) [0.552631578947]
[DEBUG] Candidates for iteration 3:
[DEBUG] ==================================
[DEBUG] rnvc86(A,B) :- no86(B,C), \+all86(A,C) 0.300751879699
[DEBUG] rnvc86(A,B) :- no86(B,C), \+all86(C,A) 0.300751879699
[DEBUG] rnvc86(A,B) :- no86(B,C), \+some86(A,C) 0.300751879699
[DEBUG] rnvc86(A,B) :- no86(B,C), \+some86(C,A) 0.300751879699
[DEBUG] rnvc86(A,B) :- no86(B,C), \+no86(C,A) 0.300751879699
[DEBUG] rnvc86(A,B) :- some86(A,C), \+all86(C,B) 0.263157894737
[DEBUG] rnvc86(A,B) :- some86(A,C), \+some86(C,B) 0.263157894737
[DEBUG] rnvc86(A,B) :- some86(A,C), \+no86(C,B) 0.263157894737
[DEBUG] rnvc86(A,B) :- some86(A,C), \+no86(B,C) 0.263157894737
[DEBUG] rnvc86(A,B) :- some86(A,C), \+somenot86(C,B) 0.263157894737
[DEBUG] rnvc86(A,B) :- some86(A,C), \+somenot86(B,C) 0.263157894737
[DEBUG] ==================================
[INFO] RULE LEARNED: rnvc86(A,B) :- no86(B,C), no86(A,C) 0.912280701754
[DEBUG] Best rule so far: rnvc86(A,B) :- true [0.0892857142857]
[DEBUG] Candidates for iteration 1:
[DEBUG] ==================================
[DEBUG] rnvc86(A,B) :- true 0.0892857142857
[DEBUG] ==================================
[LVL9] rnvc86(A,B) :- all86(B,C) 0.136160714286 (2.0, 6.0, 45.0, 4.0) 0.544642857143 [ACCEPT]
[LVL9] BETTER RULE rnvc86(A,B) :- all86(B,C) (0.13616071428571427, 2.0) > (0.08928571428571429, 6.0)
[LVL9] rnvc86(A,B) :- all86(C,A) 0.136160714286 (2.0, 6.0, 45.0, 4.0) 0.544642857143 [ACCEPT]
[LVL9] rnvc86(A,B) :- all86(C,B) 0.136160714286 (2.0, 6.0, 45.0, 4.0) 0.544642857143 [ACCEPT]
[LVL9] rnvc86(A,B) :- some86(A,C) 0.232142857143 (3.0, 6.0, 45.0, 3.0) 0.696428571429 [ACCEPT]
[LVL9] BETTER RULE rnvc86(A,B) :- some86(A,C) (0.23214285714285715, 3.0) > (0.13616071428571427, 2.0)
[LVL9] rnvc86(A,B) :- some86(B,C) 0.136160714286 (2.0, 6.0, 45.0, 4.0) 0.544642857143 [ACCEPT]
[LVL9] rnvc86(A,B) :- no86(B,C) 0.155612244898 (2.0, 5.0, 46.0, 4.0) 0.544642857143 [ACCEPT]
[LVL9] rnvc86(A,B) :- no86(C,A) 0.136160714286 (2.0, 6.0, 45.0, 4.0) 0.544642857143 [ACCEPT]
[LVL9] rnvc86(A,B) :- no86(C,B) 0.121031746032 (2.0, 7.0, 44.0, 4.0) 0.544642857143 [ACCEPT]
[LVL9] rnvc86(A,B) :- somenot86(C,A) 0.136160714286 (2.0, 6.0, 45.0, 4.0) 0.544642857143 [ACCEPT]
[DEBUG] Best rule so far: rnvc86(A,B) :- some86(A,C) [0.232142857143]
[DEBUG] Candidates for iteration 2:
[DEBUG] ==================================
[DEBUG] rnvc86(A,B) :- some86(A,C) 0.232142857143
[DEBUG] rnvc86(A,B) :- no86(B,C) 0.155612244898
[DEBUG] rnvc86(A,B) :- all86(B,C) 0.136160714286
[DEBUG] rnvc86(A,B) :- all86(C,A) 0.136160714286
[DEBUG] rnvc86(A,B) :- all86(C,B) 0.136160714286
[DEBUG] rnvc86(A,B) :- some86(B,C) 0.136160714286
[DEBUG] rnvc86(A,B) :- no86(C,A) 0.136160714286
[DEBUG] rnvc86(A,B) :- somenot86(C,A) 0.136160714286
[DEBUG] rnvc86(A,B) :- no86(C,B) 0.121031746032
[DEBUG] ==================================
[LVL9] rnvc86(A,B) :- some86(A,C), all86(B,C) 0.544642857143 (2.0, 0.0, 51.0, 4.0) 0.544642857143 [REJECT* fp] 1.0
[LVL9] BETTER RULE rnvc86(A,B) :- some86(A,C), all86(B,C) (0.5446428571428571, 2.0) > (0.23214285714285715, 3.0)
[LVL9] rnvc86(A,B) :- some86(A,C), \+all86(C,B) 0.261160714286 (3.0, 5.0, 46.0, 3.0) 0.696428571429 [ACCEPT]
[LVL9] rnvc86(A,B) :- some86(A,C), \+some86(C,B) 0.261160714286 (3.0, 5.0, 46.0, 3.0) 0.696428571429 [ACCEPT]
[LVL9] rnvc86(A,B) :- some86(A,C), \+no86(C,B) 0.261160714286 (3.0, 5.0, 46.0, 3.0) 0.696428571429 [ACCEPT]
[LVL9] rnvc86(A,B) :- some86(A,C), \+no86(B,C) 0.261160714286 (3.0, 5.0, 46.0, 3.0) 0.696428571429 [ACCEPT]
[LVL9] rnvc86(A,B) :- some86(A,C), \+somenot86(C,B) 0.261160714286 (3.0, 5.0, 46.0, 3.0) 0.696428571429 [ACCEPT]
[LVL9] rnvc86(A,B) :- some86(A,C), \+somenot86(B,C) 0.261160714286 (3.0, 5.0, 46.0, 3.0) 0.696428571429 [ACCEPT]
[DEBUG] Best rule so far: rnvc86(A,B) :- some86(A,C), all86(B,C) [0.544642857143]
[DEBUG] Candidates for iteration 3:
[DEBUG] ==================================
[DEBUG] rnvc86(A,B) :- some86(A,C), \+all86(C,B) 0.261160714286
[DEBUG] rnvc86(A,B) :- some86(A,C), \+some86(C,B) 0.261160714286
[DEBUG] rnvc86(A,B) :- some86(A,C), \+no86(C,B) 0.261160714286
[DEBUG] rnvc86(A,B) :- some86(A,C), \+no86(B,C) 0.261160714286
[DEBUG] rnvc86(A,B) :- some86(A,C), \+somenot86(C,B) 0.261160714286
[DEBUG] rnvc86(A,B) :- some86(A,C), \+somenot86(B,C) 0.261160714286
[DEBUG] ==================================
[INFO] RULE LEARNED: rnvc86(A,B) :- some86(A,C), all86(B,C) 0.929824561404
[DEBUG] Best rule so far: rnvc86(A,B) :- true [0.0727272727273]
[DEBUG] Candidates for iteration 1:
[DEBUG] ==================================
[DEBUG] rnvc86(A,B) :- true 0.0727272727273
[DEBUG] ==================================
[LVL9] rnvc86(A,B) :- all86(C,A) 0.134090909091 (3.0, 6.0, 45.0, 3.0) 0.536363636364 [ACCEPT]
[LVL9] BETTER RULE rnvc86(A,B) :- all86(C,A) (0.1340909090909091, 3.0) > (0.07272727272727272, 6.0)
[LVL9] rnvc86(A,B) :- all86(C,B) 0.134090909091 (3.0, 6.0, 45.0, 3.0) 0.536363636364 [ACCEPT]
[LVL9] rnvc86(A,B) :- some86(A,C) 0.134090909091 (3.0, 6.0, 45.0, 3.0) 0.536363636364 [ACCEPT]
[LVL9] rnvc86(A,B) :- some86(B,C) 0.134090909091 (3.0, 6.0, 45.0, 3.0) 0.536363636364 [ACCEPT]
[LVL9] rnvc86(A,B) :- no86(B,C) 0.153246753247 (3.0, 5.0, 46.0, 3.0) 0.536363636364 [ACCEPT]
[LVL9] BETTER RULE rnvc86(A,B) :- no86(B,C) (0.15324675324675324, 3.0) > (0.1340909090909091, 3.0)
[LVL9] rnvc86(A,B) :- no86(C,A) 0.134090909091 (3.0, 6.0, 45.0, 3.0) 0.536363636364 [ACCEPT]
[LVL9] rnvc86(A,B) :- no86(C,B) 0.119191919192 (3.0, 7.0, 44.0, 3.0) 0.536363636364 [ACCEPT]
[LVL9] rnvc86(A,B) :- somenot86(C,A) 0.134090909091 (3.0, 6.0, 45.0, 3.0) 0.536363636364 [ACCEPT]
[DEBUG] Best rule so far: rnvc86(A,B) :- no86(B,C) [0.153246753247]
[DEBUG] Candidates for iteration 2:
[DEBUG] ==================================
[DEBUG] rnvc86(A,B) :- no86(B,C) 0.153246753247
[DEBUG] rnvc86(A,B) :- all86(C,A) 0.134090909091
[DEBUG] rnvc86(A,B) :- all86(C,B) 0.134090909091
[DEBUG] rnvc86(A,B) :- some86(A,C) 0.134090909091
[DEBUG] rnvc86(A,B) :- some86(B,C) 0.134090909091
[DEBUG] rnvc86(A,B) :- no86(C,A) 0.134090909091
[DEBUG] rnvc86(A,B) :- somenot86(C,A) 0.134090909091
[DEBUG] rnvc86(A,B) :- no86(C,B) 0.119191919192
[DEBUG] ==================================
[LVL9] rnvc86(A,B) :- no86(B,C), somenot86(C,A) 0.536363636364 (3.0, 0.0, 51.0, 3.0) 0.536363636364 [REJECT* fp] 2.0
[LVL9] BETTER RULE rnvc86(A,B) :- no86(B,C), somenot86(C,A) (0.5363636363636364, 3.0) > (0.15324675324675324, 3.0)
[INFO] RULE LEARNED: rnvc86(A,B) :- no86(B,C), somenot86(C,A) 0.947368421053
[DEBUG] Best rule so far: rnvc86(A,B) :- true [0.0555555555556]
[DEBUG] Candidates for iteration 1:
[DEBUG] ==================================
[DEBUG] rnvc86(A,B) :- true 0.0555555555556
[DEBUG] ==================================
[LVL9] rnvc86(A,B) :- all86(C,A) 0.131944444444 (4.0, 6.0, 45.0, 2.0) 0.527777777778 [ACCEPT]
[LVL9] BETTER RULE rnvc86(A,B) :- all86(C,A) (0.13194444444444445, 4.0) > (0.05555555555555555, 6.0)
[LVL9] rnvc86(A,B) :- all86(C,B) 0.131944444444 (4.0, 6.0, 45.0, 2.0) 0.527777777778 [ACCEPT]
[LVL9] rnvc86(A,B) :- some86(A,C) 0.131944444444 (4.0, 6.0, 45.0, 2.0) 0.527777777778 [ACCEPT]
[LVL9] rnvc86(A,B) :- some86(B,C) 0.131944444444 (4.0, 6.0, 45.0, 2.0) 0.527777777778 [ACCEPT]
[LVL9] rnvc86(A,B) :- no86(C,A) 0.131944444444 (4.0, 6.0, 45.0, 2.0) 0.527777777778 [ACCEPT]
[LVL9] rnvc86(A,B) :- no86(C,B) 0.117283950617 (4.0, 7.0, 44.0, 2.0) 0.527777777778 [ACCEPT]
[DEBUG] Best rule so far: rnvc86(A,B) :- all86(C,A) [0.131944444444]
[DEBUG] Candidates for iteration 2:
[DEBUG] ==================================
[DEBUG] rnvc86(A,B) :- all86(C,A) 0.131944444444
[DEBUG] rnvc86(A,B) :- all86(C,B) 0.131944444444
[DEBUG] rnvc86(A,B) :- some86(A,C) 0.131944444444
[DEBUG] rnvc86(A,B) :- some86(B,C) 0.131944444444
[DEBUG] rnvc86(A,B) :- no86(C,A) 0.131944444444
[DEBUG] rnvc86(A,B) :- no86(C,B) 0.117283950617
[DEBUG] ==================================
[LVL9] rnvc86(A,B) :- all86(C,A), all86(C,B) 0.527777777778 (4.0, 0.0, 51.0, 2.0) 0.527777777778 [REJECT* fp] 3.0
[LVL9] BETTER RULE rnvc86(A,B) :- all86(C,A), all86(C,B) (0.5277777777777778, 4.0) > (0.13194444444444445, 4.0)
[INFO] RULE LEARNED: rnvc86(A,B) :- all86(C,A), all86(C,B) 0.964912280702
[DEBUG] Best rule so far: rnvc86(A,B) :- true [0.0377358490566]
[DEBUG] Candidates for iteration 1:
[DEBUG] ==================================
[DEBUG] rnvc86(A,B) :- true 0.0377358490566
[DEBUG] ==================================
[LVL9] rnvc86(A,B) :- some86(A,C) 0.129716981132 (5.0, 6.0, 45.0, 1.0) 0.518867924528 [ACCEPT]
[LVL9] BETTER RULE rnvc86(A,B) :- some86(A,C) (0.12971698113207547, 5.0) > (0.03773584905660377, 6.0)
[LVL9] rnvc86(A,B) :- some86(B,C) 0.129716981132 (5.0, 6.0, 45.0, 1.0) 0.518867924528 [ACCEPT]
[LVL9] rnvc86(A,B) :- no86(C,A) 0.129716981132 (5.0, 6.0, 45.0, 1.0) 0.518867924528 [ACCEPT]
[LVL9] rnvc86(A,B) :- no86(C,B) 0.115303983229 (5.0, 7.0, 44.0, 1.0) 0.518867924528 [ACCEPT]
[DEBUG] Best rule so far: rnvc86(A,B) :- some86(A,C) [0.129716981132]
[DEBUG] Candidates for iteration 2:
[DEBUG] ==================================
[DEBUG] rnvc86(A,B) :- some86(A,C) 0.129716981132
[DEBUG] rnvc86(A,B) :- some86(B,C) 0.129716981132
[DEBUG] rnvc86(A,B) :- no86(C,A) 0.129716981132
[DEBUG] rnvc86(A,B) :- no86(C,B) 0.115303983229
[DEBUG] ==================================
[LVL9] rnvc86(A,B) :- some86(A,C), some86(B,C) 0.518867924528 (5.0, 0.0, 51.0, 1.0) 0.518867924528 [REJECT* fp] 4.0
[LVL9] BETTER RULE rnvc86(A,B) :- some86(A,C), some86(B,C) (0.5188679245283019, 5.0) > (0.12971698113207547, 5.0)
[INFO] RULE LEARNED: rnvc86(A,B) :- some86(A,C), some86(B,C) 0.982456140351
[DEBUG] Best rule so far: rnvc86(A,B) :- true [0.0]
[DEBUG] Candidates for iteration 1:
[DEBUG] ==================================
[DEBUG] rnvc86(A,B) :- true 0.0
[DEBUG] ==================================
[LVL9] rnvc86(A,B) :- no86(C,A) 0.127403846154 (6.0, 6.0, 45.0, 0.0) 0.509615384615 [ACCEPT]
[LVL9] BETTER RULE rnvc86(A,B) :- no86(C,A) (0.12740384615384615, 6.0) > (0.0, 6.0)
[LVL9] rnvc86(A,B) :- no86(C,B) 0.113247863248 (6.0, 7.0, 44.0, 0.0) 0.509615384615 [ACCEPT]
[DEBUG] Best rule so far: rnvc86(A,B) :- no86(C,A) [0.127403846154]
[DEBUG] Candidates for iteration 2:
[DEBUG] ==================================
[DEBUG] rnvc86(A,B) :- no86(C,A) 0.127403846154
[DEBUG] rnvc86(A,B) :- no86(C,B) 0.113247863248
[DEBUG] ==================================
[LVL9] rnvc86(A,B) :- no86(C,A), no86(C,B) 0.509615384615 (6.0, 0.0, 51.0, 0.0) 0.509615384615 [REJECT* fp] 5.0
[LVL9] BETTER RULE rnvc86(A,B) :- no86(C,A), no86(C,B) (0.5096153846153846, 6.0) > (0.12740384615384615, 6.0)
[INFO] RULE LEARNED: rnvc86(A,B) :- no86(C,A), no86(C,B) 1.0
[DEBUG] Best rule so far: rnvc86(A,B) :- true [0.0]
[DEBUG] Candidates for iteration 1:
[DEBUG] ==================================
[DEBUG] rnvc86(A,B) :- true 0.0
[DEBUG] ==================================
[INFO] RULE LEARNED: rnvc86(A,B) :- true 1.0
