[LVL9] Output level: 9
[INFO] Random seed: 0.906562421093
[INFO] Computing scores: 0.0706s
[INFO] Number of examples (M): 104
[INFO] Positive weight (P): 14.0000
[INFO] Negative weight (N): 90.0000
[DEBUG] Best rule so far: rsomenot132(A,B) :- true [0.134615384615]
[DEBUG] Candidates for iteration 1:
[DEBUG] ==================================
[DEBUG] rsomenot132(A,B) :- true 0.134615384615
[DEBUG] ==================================
[LVL9] rsomenot132(A,B) :- all132(A,C) 0.0 (1.0, 13.0, 77.0, 13.0) 0.567307692308 [ACCEPT]
[LVL9] rsomenot132(A,B) :- all132(B,C) 0.0 (1.0, 13.0, 77.0, 13.0) 0.567307692308 [ACCEPT]
[LVL9] rsomenot132(A,B) :- all132(C,A) 0.0 (1.0, 10.0, 80.0, 13.0) 0.567307692308 [ACCEPT]
[LVL9] rsomenot132(A,B) :- all132(C,B) 0.177884615385 (2.0, 9.0, 81.0, 12.0) 0.711538461538 [ACCEPT]
[LVL9] BETTER RULE rsomenot132(A,B) :- all132(C,B) (0.1778846153846154, 2.0) > (0.1346153846153846, 14.0)
[LVL9] rsomenot132(A,B) :- some132(A,C) 0.0 (1.0, 10.0, 80.0, 13.0) 0.567307692308 [ACCEPT]
[LVL9] rsomenot132(A,B) :- some132(B,C) 0.177884615385 (2.0, 9.0, 81.0, 12.0) 0.711538461538 [ACCEPT]
[LVL9] rsomenot132(A,B) :- some132(C,A) 0.318047337278 (4.0, 8.0, 82.0, 10.0) 0.826923076923 [ACCEPT]
[LVL9] BETTER RULE rsomenot132(A,B) :- some132(C,A) (0.3180473372781065, 4.0) > (0.1778846153846154, 2.0)
[LVL9] rsomenot132(A,B) :- some132(C,B) 0.164201183432 (2.0, 10.0, 80.0, 12.0) 0.711538461538 [ACCEPT]
[LVL9] rsomenot132(A,B) :- no132(A,C) 0.0 (2.0, 14.0, 76.0, 12.0) 0.711538461538 [ACCEPT]
[LVL9] rsomenot132(A,B) :- no132(B,C) 0.0 (1.0, 15.0, 75.0, 13.0) 0.567307692308 [ACCEPT]
[LVL9] rsomenot132(A,B) :- no132(C,A) 0.0 (1.0, 13.0, 77.0, 13.0) 0.567307692308 [ACCEPT]
[LVL9] rsomenot132(A,B) :- no132(C,B) 0.142307692308 (2.0, 12.0, 78.0, 12.0) 0.711538461538 [ACCEPT]
[LVL9] rsomenot132(A,B) :- somenot132(A,C) 0.152472527473 (2.0, 11.0, 79.0, 12.0) 0.711538461538 [ACCEPT]
[LVL9] rsomenot132(A,B) :- somenot132(B,C) 0.0 (1.0, 12.0, 78.0, 13.0) 0.567307692308 [ACCEPT]
[LVL9] rsomenot132(A,B) :- somenot132(C,A) 0.152472527473 (2.0, 11.0, 79.0, 12.0) 0.711538461538 [ACCEPT]
[LVL9] rsomenot132(A,B) :- somenot132(C,B) 0.223901098901 (3.0, 10.0, 80.0, 11.0) 0.783653846154 [ACCEPT]
[DEBUG] Best rule so far: rsomenot132(A,B) :- some132(C,A) [0.318047337278]
[DEBUG] Candidates for iteration 2:
[DEBUG] ==================================
[DEBUG] rsomenot132(A,B) :- some132(C,A) 0.318047337278
[DEBUG] rsomenot132(A,B) :- somenot132(C,B) 0.223901098901
[DEBUG] rsomenot132(A,B) :- all132(C,B) 0.177884615385
[DEBUG] rsomenot132(A,B) :- some132(B,C) 0.177884615385
[DEBUG] rsomenot132(A,B) :- some132(C,B) 0.164201183432
[DEBUG] rsomenot132(A,B) :- somenot132(A,C) 0.152472527473
[DEBUG] rsomenot132(A,B) :- somenot132(C,A) 0.152472527473
[DEBUG] rsomenot132(A,B) :- no132(C,B) 0.142307692308
[DEBUG] rsomenot132(A,B) :- no132(A,C) 0.0
[DEBUG] rsomenot132(A,B) :- all132(A,C) 0.0
[DEBUG] rsomenot132(A,B) :- all132(B,C) 0.0
[DEBUG] rsomenot132(A,B) :- all132(C,A) 0.0
[DEBUG] rsomenot132(A,B) :- some132(A,C) 0.0
[DEBUG] rsomenot132(A,B) :- no132(B,C) 0.0
[DEBUG] rsomenot132(A,B) :- no132(C,A) 0.0
[DEBUG] rsomenot132(A,B) :- somenot132(B,C) 0.0
[DEBUG] ==================================
[LVL9] rsomenot132(A,B) :- some132(C,A), all132(C,B) 0.567307692308 (1.0, 0.0, 90.0, 13.0) 0.567307692308 [REJECT* fp] 0.0
[LVL9] BETTER RULE rsomenot132(A,B) :- some132(C,A), all132(C,B) (0.5673076923076923, 1.0) > (0.3180473372781065, 4.0)
[LVL9] rsomenot132(A,B) :- some132(C,A), \+all132(B,C) 0.284965034965 (3.0, 7.0, 83.0, 11.0) 0.783653846154 [ACCEPT]
[LVL9] rsomenot132(A,B) :- some132(C,A), \+some132(C,B) 0.284965034965 (3.0, 7.0, 83.0, 11.0) 0.783653846154 [ACCEPT]
[LVL9] rsomenot132(A,B) :- some132(C,A), \+some132(B,C) 0.375874125874 (4.0, 6.0, 84.0, 10.0) 0.826923076923 [ACCEPT]
[LVL9] rsomenot132(A,B) :- some132(C,A), \+no132(B,C) 0.375874125874 (4.0, 6.0, 84.0, 10.0) 0.826923076923 [ACCEPT]
[LVL9] rsomenot132(A,B) :- some132(C,A), \+somenot132(C,B) 0.344551282051 (4.0, 7.0, 83.0, 10.0) 0.826923076923 [ACCEPT]
[LVL9] rsomenot132(A,B) :- some132(C,A), \+somenot132(B,C) 0.344551282051 (4.0, 7.0, 83.0, 10.0) 0.826923076923 [ACCEPT]
[LVL9] rsomenot132(A,B) :- somenot132(C,B), \+all132(A,C) 0.177884615385 (2.0, 9.0, 81.0, 12.0) 0.711538461538 [ACCEPT]
[LVL9] rsomenot132(A,B) :- somenot132(C,B), \+all132(C,A) 0.241124260355 (3.0, 9.0, 81.0, 11.0) 0.783653846154 [ACCEPT]
[LVL9] rsomenot132(A,B) :- somenot132(C,B), \+some132(A,C) 0.241124260355 (3.0, 9.0, 81.0, 11.0) 0.783653846154 [ACCEPT]
[LVL9] rsomenot132(A,B) :- somenot132(C,B), \+some132(C,A) 0.241124260355 (3.0, 9.0, 81.0, 11.0) 0.783653846154 [ACCEPT]
[LVL9] rsomenot132(A,B) :- somenot132(C,B), \+no132(A,C) 0.177884615385 (2.0, 9.0, 81.0, 12.0) 0.711538461538 [ACCEPT]
[LVL9] rsomenot132(A,B) :- somenot132(C,B), \+no132(C,A) 0.261217948718 (3.0, 8.0, 82.0, 11.0) 0.783653846154 [ACCEPT]
[LVL9] rsomenot132(A,B) :- somenot132(C,B), \+somenot132(A,C) 0.177884615385 (2.0, 9.0, 81.0, 12.0) 0.711538461538 [ACCEPT]
[LVL9] rsomenot132(A,B) :- somenot132(C,B), \+somenot132(C,A) 0.261217948718 (3.0, 8.0, 82.0, 11.0) 0.783653846154 [ACCEPT]
[LVL9] rsomenot132(A,B) :- all132(C,B), \+all132(A,C) 0.213461538462 (2.0, 7.0, 83.0, 12.0) 0.711538461538 [ACCEPT]
[LVL9] rsomenot132(A,B) :- all132(C,B), \+all132(C,A) 0.213461538462 (2.0, 7.0, 83.0, 12.0) 0.711538461538 [ACCEPT]
[LVL9] rsomenot132(A,B) :- all132(C,B), \+no132(A,C) 0.213461538462 (2.0, 7.0, 83.0, 12.0) 0.711538461538 [ACCEPT]
[LVL9] rsomenot132(A,B) :- all132(C,B), \+no132(C,A) 0.213461538462 (2.0, 7.0, 83.0, 12.0) 0.711538461538 [ACCEPT]
[LVL9] rsomenot132(A,B) :- all132(C,B), \+somenot132(C,A) 0.194055944056 (2.0, 8.0, 82.0, 12.0) 0.711538461538 [ACCEPT]
[LVL9] rsomenot132(A,B) :- some132(B,C), \+all132(A,C) 0.194055944056 (2.0, 8.0, 82.0, 12.0) 0.711538461538 [ACCEPT]
[LVL9] rsomenot132(A,B) :- some132(B,C), \+some132(A,C) 0.213461538462 (2.0, 7.0, 83.0, 12.0) 0.711538461538 [ACCEPT]
[LVL9] rsomenot132(A,B) :- some132(B,C), \+some132(C,A) 0.213461538462 (2.0, 7.0, 83.0, 12.0) 0.711538461538 [ACCEPT]
[LVL9] rsomenot132(A,B) :- some132(B,C), \+no132(A,C) 0.213461538462 (2.0, 7.0, 83.0, 12.0) 0.711538461538 [ACCEPT]
[LVL9] rsomenot132(A,B) :- some132(B,C), \+somenot132(A,C) 0.194055944056 (2.0, 8.0, 82.0, 12.0) 0.711538461538 [ACCEPT]
[LVL9] rsomenot132(A,B) :- some132(C,B), \+all132(A,C) 0.194055944056 (2.0, 8.0, 82.0, 12.0) 0.711538461538 [ACCEPT]
[LVL9] rsomenot132(A,B) :- some132(C,B), \+all132(C,A) 0.177884615385 (2.0, 9.0, 81.0, 12.0) 0.711538461538 [ACCEPT]
[LVL9] rsomenot132(A,B) :- some132(C,B), \+no132(A,C) 0.194055944056 (2.0, 8.0, 82.0, 12.0) 0.711538461538 [ACCEPT]
[LVL9] rsomenot132(A,B) :- some132(C,B), \+no132(C,A) 0.177884615385 (2.0, 9.0, 81.0, 12.0) 0.711538461538 [ACCEPT]
[LVL9] rsomenot132(A,B) :- some132(C,B), \+somenot132(A,C) 0.177884615385 (2.0, 9.0, 81.0, 12.0) 0.711538461538 [ACCEPT]
[LVL9] rsomenot132(A,B) :- some132(C,B), \+somenot132(C,A) 0.177884615385 (2.0, 9.0, 81.0, 12.0) 0.711538461538 [ACCEPT]
[LVL9] rsomenot132(A,B) :- somenot132(A,C), \+all132(B,C) 0.177884615385 (2.0, 9.0, 81.0, 12.0) 0.711538461538 [ACCEPT]
[LVL9] rsomenot132(A,B) :- somenot132(A,C), \+some132(C,B) 0.164201183432 (2.0, 10.0, 80.0, 12.0) 0.711538461538 [ACCEPT]
[LVL9] rsomenot132(A,B) :- somenot132(A,C), \+some132(B,C) 0.164201183432 (2.0, 10.0, 80.0, 12.0) 0.711538461538 [ACCEPT]
[LVL9] rsomenot132(A,B) :- somenot132(A,C), \+no132(C,B) 0.177884615385 (2.0, 9.0, 81.0, 12.0) 0.711538461538 [ACCEPT]
[LVL9] rsomenot132(A,B) :- somenot132(A,C), \+no132(B,C) 0.177884615385 (2.0, 9.0, 81.0, 12.0) 0.711538461538 [ACCEPT]
[LVL9] rsomenot132(A,B) :- somenot132(A,C), \+somenot132(B,C) 0.177884615385 (2.0, 9.0, 81.0, 12.0) 0.711538461538 [ACCEPT]
[LVL9] rsomenot132(A,B) :- somenot132(C,A), \+all132(C,B) 0.164201183432 (2.0, 10.0, 80.0, 12.0) 0.711538461538 [ACCEPT]
[LVL9] rsomenot132(A,B) :- somenot132(C,A), \+all132(B,C) 0.177884615385 (2.0, 9.0, 81.0, 12.0) 0.711538461538 [ACCEPT]
[LVL9] rsomenot132(A,B) :- somenot132(C,A), \+some132(C,B) 0.164201183432 (2.0, 10.0, 80.0, 12.0) 0.711538461538 [ACCEPT]
[LVL9] rsomenot132(A,B) :- somenot132(C,A), \+no132(C,B) 0.177884615385 (2.0, 9.0, 81.0, 12.0) 0.711538461538 [ACCEPT]
[LVL9] rsomenot132(A,B) :- somenot132(C,A), \+somenot132(C,B) 0.177884615385 (2.0, 9.0, 81.0, 12.0) 0.711538461538 [ACCEPT]
[LVL9] rsomenot132(A,B) :- somenot132(C,A), \+somenot132(B,C) 0.177884615385 (2.0, 9.0, 81.0, 12.0) 0.711538461538 [ACCEPT]
[LVL9] rsomenot132(A,B) :- no132(C,B), \+all132(A,C) 0.152472527473 (2.0, 11.0, 79.0, 12.0) 0.711538461538 [ACCEPT]
[LVL9] rsomenot132(A,B) :- no132(C,B), \+some132(A,C) 0.164201183432 (2.0, 10.0, 80.0, 12.0) 0.711538461538 [ACCEPT]
[LVL9] rsomenot132(A,B) :- no132(C,B), \+no132(A,C) 0.164201183432 (2.0, 10.0, 80.0, 12.0) 0.711538461538 [ACCEPT]
[LVL9] rsomenot132(A,B) :- no132(C,B), \+no132(C,A) 0.164201183432 (2.0, 10.0, 80.0, 12.0) 0.711538461538 [ACCEPT]
[LVL9] rsomenot132(A,B) :- no132(C,B), \+somenot132(A,C) 0.164201183432 (2.0, 10.0, 80.0, 12.0) 0.711538461538 [ACCEPT]
[LVL9] rsomenot132(A,B) :- no132(C,B), \+somenot132(C,A) 0.164201183432 (2.0, 10.0, 80.0, 12.0) 0.711538461538 [ACCEPT]
[LVL9] rsomenot132(A,B) :- no132(A,C), \+all132(C,B) 0.142307692308 (2.0, 12.0, 78.0, 12.0) 0.711538461538 [ACCEPT]
[LVL9] rsomenot132(A,B) :- no132(A,C), \+all132(B,C) 0.142307692308 (2.0, 12.0, 78.0, 12.0) 0.711538461538 [ACCEPT]
[LVL9] rsomenot132(A,B) :- no132(A,C), \+some132(C,B) 0.142307692308 (2.0, 12.0, 78.0, 12.0) 0.711538461538 [ACCEPT]
[LVL9] rsomenot132(A,B) :- no132(A,C), \+some132(B,C) 0.142307692308 (2.0, 12.0, 78.0, 12.0) 0.711538461538 [ACCEPT]
[LVL9] rsomenot132(A,B) :- no132(A,C), \+no132(C,B) 0.142307692308 (2.0, 12.0, 78.0, 12.0) 0.711538461538 [ACCEPT]
[LVL9] rsomenot132(A,B) :- no132(A,C), \+no132(B,C) 0.142307692308 (2.0, 12.0, 78.0, 12.0) 0.711538461538 [ACCEPT]
[DEBUG] Best rule so far: rsomenot132(A,B) :- some132(C,A), all132(C,B) [0.567307692308]
[DEBUG] Candidates for iteration 3:
[DEBUG] ==================================
[DEBUG] rsomenot132(A,B) :- some132(C,A), \+some132(B,C) 0.375874125874
[DEBUG] rsomenot132(A,B) :- some132(C,A), \+no132(B,C) 0.375874125874
[DEBUG] rsomenot132(A,B) :- some132(C,A), \+somenot132(C,B) 0.344551282051
[DEBUG] rsomenot132(A,B) :- some132(C,A), \+somenot132(B,C) 0.344551282051
[DEBUG] rsomenot132(A,B) :- some132(C,A), \+all132(B,C) 0.284965034965
[DEBUG] rsomenot132(A,B) :- some132(C,A), \+some132(C,B) 0.284965034965
[DEBUG] rsomenot132(A,B) :- somenot132(C,B), \+no132(C,A) 0.261217948718
[DEBUG] rsomenot132(A,B) :- somenot132(C,B), \+somenot132(C,A) 0.261217948718
[DEBUG] rsomenot132(A,B) :- somenot132(C,B), \+all132(C,A) 0.241124260355
[DEBUG] rsomenot132(A,B) :- somenot132(C,B), \+some132(A,C) 0.241124260355
[DEBUG] rsomenot132(A,B) :- somenot132(C,B), \+some132(C,A) 0.241124260355
[DEBUG] rsomenot132(A,B) :- all132(C,B), \+all132(A,C) 0.213461538462
[DEBUG] rsomenot132(A,B) :- all132(C,B), \+all132(C,A) 0.213461538462
[DEBUG] rsomenot132(A,B) :- all132(C,B), \+no132(A,C) 0.213461538462
[DEBUG] rsomenot132(A,B) :- all132(C,B), \+no132(C,A) 0.213461538462
[DEBUG] rsomenot132(A,B) :- some132(B,C), \+some132(A,C) 0.213461538462
[DEBUG] rsomenot132(A,B) :- some132(B,C), \+some132(C,A) 0.213461538462
[DEBUG] rsomenot132(A,B) :- some132(B,C), \+no132(A,C) 0.213461538462
[DEBUG] rsomenot132(A,B) :- all132(C,B), \+somenot132(C,A) 0.194055944056
[DEBUG] rsomenot132(A,B) :- some132(B,C), \+all132(A,C) 0.194055944056
[DEBUG] rsomenot132(A,B) :- some132(B,C), \+somenot132(A,C) 0.194055944056
[DEBUG] rsomenot132(A,B) :- some132(C,B), \+all132(A,C) 0.194055944056
[DEBUG] rsomenot132(A,B) :- some132(C,B), \+no132(A,C) 0.194055944056
[DEBUG] rsomenot132(A,B) :- somenot132(C,B), \+all132(A,C) 0.177884615385
[DEBUG] rsomenot132(A,B) :- somenot132(C,B), \+no132(A,C) 0.177884615385
[DEBUG] rsomenot132(A,B) :- somenot132(C,B), \+somenot132(A,C) 0.177884615385
[DEBUG] rsomenot132(A,B) :- some132(C,B), \+all132(C,A) 0.177884615385
[DEBUG] rsomenot132(A,B) :- some132(C,B), \+no132(C,A) 0.177884615385
[DEBUG] rsomenot132(A,B) :- some132(C,B), \+somenot132(A,C) 0.177884615385
[DEBUG] rsomenot132(A,B) :- some132(C,B), \+somenot132(C,A) 0.177884615385
[DEBUG] rsomenot132(A,B) :- somenot132(A,C), \+all132(B,C) 0.177884615385
[DEBUG] rsomenot132(A,B) :- somenot132(A,C), \+no132(C,B) 0.177884615385
[DEBUG] rsomenot132(A,B) :- somenot132(A,C), \+no132(B,C) 0.177884615385
[DEBUG] rsomenot132(A,B) :- somenot132(A,C), \+somenot132(B,C) 0.177884615385
[DEBUG] rsomenot132(A,B) :- somenot132(C,A), \+all132(B,C) 0.177884615385
[DEBUG] rsomenot132(A,B) :- somenot132(C,A), \+no132(C,B) 0.177884615385
[DEBUG] rsomenot132(A,B) :- somenot132(C,A), \+somenot132(C,B) 0.177884615385
[DEBUG] rsomenot132(A,B) :- somenot132(C,A), \+somenot132(B,C) 0.177884615385
[DEBUG] rsomenot132(A,B) :- somenot132(A,C), \+some132(C,B) 0.164201183432
[DEBUG] rsomenot132(A,B) :- somenot132(A,C), \+some132(B,C) 0.164201183432
[DEBUG] rsomenot132(A,B) :- somenot132(C,A), \+all132(C,B) 0.164201183432
[DEBUG] rsomenot132(A,B) :- somenot132(C,A), \+some132(C,B) 0.164201183432
[DEBUG] rsomenot132(A,B) :- no132(C,B), \+some132(A,C) 0.164201183432
[DEBUG] rsomenot132(A,B) :- no132(C,B), \+no132(A,C) 0.164201183432
[DEBUG] rsomenot132(A,B) :- no132(C,B), \+no132(C,A) 0.164201183432
[DEBUG] rsomenot132(A,B) :- no132(C,B), \+somenot132(A,C) 0.164201183432
[DEBUG] rsomenot132(A,B) :- no132(C,B), \+somenot132(C,A) 0.164201183432
[DEBUG] rsomenot132(A,B) :- no132(C,B), \+all132(A,C) 0.152472527473
[DEBUG] rsomenot132(A,B) :- no132(A,C), \+all132(C,B) 0.142307692308
[DEBUG] rsomenot132(A,B) :- no132(A,C), \+all132(B,C) 0.142307692308
[DEBUG] rsomenot132(A,B) :- no132(A,C), \+some132(C,B) 0.142307692308
[DEBUG] rsomenot132(A,B) :- no132(A,C), \+some132(B,C) 0.142307692308
[DEBUG] rsomenot132(A,B) :- no132(A,C), \+no132(C,B) 0.142307692308
[DEBUG] rsomenot132(A,B) :- no132(A,C), \+no132(B,C) 0.142307692308
[DEBUG] ==================================
[INFO] RULE LEARNED: rsomenot132(A,B) :- some132(C,A), all132(C,B) 0.875
[DEBUG] Best rule so far: rsomenot132(A,B) :- true [0.126213592233]
[DEBUG] Candidates for iteration 1:
[DEBUG] ==================================
[DEBUG] rsomenot132(A,B) :- true 0.126213592233
[DEBUG] ==================================
[LVL9] rsomenot132(A,B) :- all132(A,C) 0.0 (2.0, 13.0, 77.0, 12.0) 0.563106796117 [ACCEPT]
[LVL9] rsomenot132(A,B) :- all132(B,C) 0.0 (2.0, 13.0, 77.0, 12.0) 0.563106796117 [ACCEPT]
[LVL9] rsomenot132(A,B) :- all132(C,A) 0.0 (2.0, 10.0, 80.0, 12.0) 0.563106796117 [ACCEPT]
[LVL9] rsomenot132(A,B) :- all132(C,B) 0.0 (2.0, 9.0, 81.0, 12.0) 0.563106796117 [ACCEPT]
[LVL9] rsomenot132(A,B) :- some132(A,C) 0.0 (2.0, 10.0, 80.0, 12.0) 0.563106796117 [ACCEPT]
[LVL9] rsomenot132(A,B) :- some132(B,C) 0.177184466019 (3.0, 9.0, 81.0, 11.0) 0.708737864078 [ACCEPT]
[LVL9] BETTER RULE rsomenot132(A,B) :- some132(B,C) (0.17718446601941748, 3.0) > (0.1262135922330097, 14.0)
[LVL9] rsomenot132(A,B) :- some132(C,A) 0.260517799353 (4.0, 8.0, 82.0, 10.0) 0.781553398058 [ACCEPT]
[LVL9] BETTER RULE rsomenot132(A,B) :- some132(C,A) (0.2605177993527508, 4.0) > (0.17718446601941748, 3.0)
[LVL9] rsomenot132(A,B) :- some132(C,B) 0.16355489171 (3.0, 10.0, 80.0, 11.0) 0.708737864078 [ACCEPT]
[LVL9] rsomenot132(A,B) :- no132(A,C) 0.0 (3.0, 14.0, 76.0, 11.0) 0.708737864078 [ACCEPT]
[LVL9] rsomenot132(A,B) :- no132(B,C) 0.0 (2.0, 15.0, 75.0, 12.0) 0.563106796117 [ACCEPT]
[LVL9] rsomenot132(A,B) :- no132(C,A) 0.0 (2.0, 13.0, 77.0, 12.0) 0.563106796117 [ACCEPT]
[LVL9] rsomenot132(A,B) :- no132(C,B) 0.141747572816 (3.0, 12.0, 78.0, 11.0) 0.708737864078 [ACCEPT]
[LVL9] rsomenot132(A,B) :- somenot132(A,C) 0.151872399445 (3.0, 11.0, 79.0, 11.0) 0.708737864078 [ACCEPT]
[LVL9] rsomenot132(A,B) :- somenot132(B,C) 0.0 (2.0, 12.0, 78.0, 12.0) 0.563106796117 [ACCEPT]
[LVL9] rsomenot132(A,B) :- somenot132(C,A) 0.151872399445 (3.0, 11.0, 79.0, 11.0) 0.708737864078 [ACCEPT]
[LVL9] rsomenot132(A,B) :- somenot132(C,B) 0.223300970874 (4.0, 10.0, 80.0, 10.0) 0.781553398058 [ACCEPT]
[DEBUG] Best rule so far: rsomenot132(A,B) :- some132(C,A) [0.260517799353]
[DEBUG] Candidates for iteration 2:
[DEBUG] ==================================
[DEBUG] rsomenot132(A,B) :- some132(C,A) 0.260517799353
[DEBUG] rsomenot132(A,B) :- somenot132(C,B) 0.223300970874
[DEBUG] rsomenot132(A,B) :- some132(B,C) 0.177184466019
[DEBUG] rsomenot132(A,B) :- some132(C,B) 0.16355489171
[DEBUG] rsomenot132(A,B) :- somenot132(A,C) 0.151872399445
[DEBUG] rsomenot132(A,B) :- somenot132(C,A) 0.151872399445
[DEBUG] rsomenot132(A,B) :- no132(C,B) 0.141747572816
[DEBUG] rsomenot132(A,B) :- no132(A,C) 0.0
[DEBUG] rsomenot132(A,B) :- all132(A,C) 0.0
[DEBUG] rsomenot132(A,B) :- all132(B,C) 0.0
[DEBUG] rsomenot132(A,B) :- all132(C,A) 0.0
[DEBUG] rsomenot132(A,B) :- all132(C,B) 0.0
[DEBUG] rsomenot132(A,B) :- some132(A,C) 0.0
[DEBUG] rsomenot132(A,B) :- no132(B,C) 0.0
[DEBUG] rsomenot132(A,B) :- no132(C,A) 0.0
[DEBUG] rsomenot132(A,B) :- somenot132(B,C) 0.0
[DEBUG] ==================================
[LVL9] rsomenot132(A,B) :- some132(C,A), all132(B,C) 0.375404530744 (2.0, 1.0, 89.0, 12.0) 0.563106796117 [ACCEPT]
[LVL9] BETTER RULE rsomenot132(A,B) :- some132(C,A), all132(B,C) (0.37540453074433655, 2.0) > (0.2605177993527508, 4.0)
[LVL9] rsomenot132(A,B) :- some132(C,A), all132(B,D) 0.375404530744 (2.0, 1.0, 89.0, 12.0) 0.563106796117 [ACCEPT]
[LVL9] rsomenot132(A,B) :- some132(C,A), all132(D,C) 0.375404530744 (2.0, 1.0, 89.0, 12.0) 0.563106796117 [ACCEPT]
[LVL9] rsomenot132(A,B) :- some132(C,A), some132(C,B) 0.375404530744 (2.0, 1.0, 89.0, 12.0) 0.563106796117 [ACCEPT]
[LVL9] rsomenot132(A,B) :- some132(C,A), some132(D,B) 0.375404530744 (2.0, 1.0, 89.0, 12.0) 0.563106796117 [ACCEPT]
[LVL9] rsomenot132(A,B) :- some132(C,A), no132(C,B) 0.563106796117 (2.0, 0.0, 90.0, 12.0) 0.563106796117 [REJECT* fp] 1.0
[LVL9] BETTER RULE rsomenot132(A,B) :- some132(C,A), no132(C,B) (0.5631067961165048, 2.0) > (0.37540453074433655, 2.0)
[LVL9] rsomenot132(A,B) :- some132(C,A), \+all132(B,C) 0.212621359223 (3.0, 7.0, 83.0, 11.0) 0.708737864078 [ACCEPT]
[LVL9] rsomenot132(A,B) :- some132(C,A), \+some132(C,B) 0.212621359223 (3.0, 7.0, 83.0, 11.0) 0.708737864078 [ACCEPT]
[LVL9] rsomenot132(A,B) :- some132(C,A), \+some132(B,C) 0.312621359223 (4.0, 6.0, 84.0, 10.0) 0.781553398058 [ACCEPT]
[LVL9] rsomenot132(A,B) :- some132(C,A), \+no132(B,C) 0.312621359223 (4.0, 6.0, 84.0, 10.0) 0.781553398058 [ACCEPT]
[LVL9] rsomenot132(A,B) :- some132(C,A), \+somenot132(C,B) 0.284201235658 (4.0, 7.0, 83.0, 10.0) 0.781553398058 [ACCEPT]
[LVL9] rsomenot132(A,B) :- some132(C,A), \+somenot132(B,C) 0.284201235658 (4.0, 7.0, 83.0, 10.0) 0.781553398058 [ACCEPT]
[LVL9] rsomenot132(A,B) :- somenot132(C,B), \+all132(A,C) 0.177184466019 (3.0, 9.0, 81.0, 11.0) 0.708737864078 [ACCEPT]
[LVL9] rsomenot132(A,B) :- somenot132(C,B), \+all132(C,A) 0.240477968633 (4.0, 9.0, 81.0, 10.0) 0.781553398058 [ACCEPT]
[LVL9] rsomenot132(A,B) :- somenot132(C,B), \+some132(A,C) 0.240477968633 (4.0, 9.0, 81.0, 10.0) 0.781553398058 [ACCEPT]
[LVL9] rsomenot132(A,B) :- somenot132(C,B), \+some132(C,A) 0.240477968633 (4.0, 9.0, 81.0, 10.0) 0.781553398058 [ACCEPT]
[LVL9] rsomenot132(A,B) :- somenot132(C,B), \+no132(A,C) 0.177184466019 (3.0, 9.0, 81.0, 11.0) 0.708737864078 [ACCEPT]
[LVL9] rsomenot132(A,B) :- somenot132(C,B), \+no132(C,A) 0.260517799353 (4.0, 8.0, 82.0, 10.0) 0.781553398058 [ACCEPT]
[LVL9] rsomenot132(A,B) :- somenot132(C,B), \+somenot132(A,C) 0.177184466019 (3.0, 9.0, 81.0, 11.0) 0.708737864078 [ACCEPT]
[LVL9] rsomenot132(A,B) :- somenot132(C,B), \+somenot132(C,A) 0.260517799353 (4.0, 8.0, 82.0, 10.0) 0.781553398058 [ACCEPT]
[LVL9] rsomenot132(A,B) :- some132(B,C), \+all132(A,C) 0.193292144748 (3.0, 8.0, 82.0, 11.0) 0.708737864078 [ACCEPT]
[LVL9] rsomenot132(A,B) :- some132(B,C), \+some132(A,C) 0.212621359223 (3.0, 7.0, 83.0, 11.0) 0.708737864078 [ACCEPT]
[LVL9] rsomenot132(A,B) :- some132(B,C), \+some132(C,A) 0.212621359223 (3.0, 7.0, 83.0, 11.0) 0.708737864078 [ACCEPT]
[LVL9] rsomenot132(A,B) :- some132(B,C), \+no132(A,C) 0.212621359223 (3.0, 7.0, 83.0, 11.0) 0.708737864078 [ACCEPT]
[LVL9] rsomenot132(A,B) :- some132(B,C), \+somenot132(A,C) 0.193292144748 (3.0, 8.0, 82.0, 11.0) 0.708737864078 [ACCEPT]
[LVL9] rsomenot132(A,B) :- some132(C,B), \+all132(A,C) 0.193292144748 (3.0, 8.0, 82.0, 11.0) 0.708737864078 [ACCEPT]
[LVL9] rsomenot132(A,B) :- some132(C,B), \+all132(C,A) 0.177184466019 (3.0, 9.0, 81.0, 11.0) 0.708737864078 [ACCEPT]
[LVL9] rsomenot132(A,B) :- some132(C,B), \+no132(A,C) 0.193292144748 (3.0, 8.0, 82.0, 11.0) 0.708737864078 [ACCEPT]
[LVL9] rsomenot132(A,B) :- some132(C,B), \+no132(C,A) 0.177184466019 (3.0, 9.0, 81.0, 11.0) 0.708737864078 [ACCEPT]
[LVL9] rsomenot132(A,B) :- some132(C,B), \+somenot132(A,C) 0.177184466019 (3.0, 9.0, 81.0, 11.0) 0.708737864078 [ACCEPT]
[LVL9] rsomenot132(A,B) :- some132(C,B), \+somenot132(C,A) 0.177184466019 (3.0, 9.0, 81.0, 11.0) 0.708737864078 [ACCEPT]
[LVL9] rsomenot132(A,B) :- somenot132(A,C), \+all132(B,C) 0.177184466019 (3.0, 9.0, 81.0, 11.0) 0.708737864078 [ACCEPT]
[LVL9] rsomenot132(A,B) :- somenot132(A,C), \+some132(C,B) 0.16355489171 (3.0, 10.0, 80.0, 11.0) 0.708737864078 [ACCEPT]
[LVL9] rsomenot132(A,B) :- somenot132(A,C), \+some132(B,C) 0.16355489171 (3.0, 10.0, 80.0, 11.0) 0.708737864078 [ACCEPT]
[LVL9] rsomenot132(A,B) :- somenot132(A,C), \+no132(C,B) 0.177184466019 (3.0, 9.0, 81.0, 11.0) 0.708737864078 [ACCEPT]
[LVL9] rsomenot132(A,B) :- somenot132(A,C), \+no132(B,C) 0.177184466019 (3.0, 9.0, 81.0, 11.0) 0.708737864078 [ACCEPT]
[LVL9] rsomenot132(A,B) :- somenot132(A,C), \+somenot132(B,C) 0.177184466019 (3.0, 9.0, 81.0, 11.0) 0.708737864078 [ACCEPT]
[LVL9] rsomenot132(A,B) :- somenot132(C,A), \+all132(C,B) 0.16355489171 (3.0, 10.0, 80.0, 11.0) 0.708737864078 [ACCEPT]
[LVL9] rsomenot132(A,B) :- somenot132(C,A), \+all132(B,C) 0.177184466019 (3.0, 9.0, 81.0, 11.0) 0.708737864078 [ACCEPT]
[LVL9] rsomenot132(A,B) :- somenot132(C,A), \+some132(C,B) 0.16355489171 (3.0, 10.0, 80.0, 11.0) 0.708737864078 [ACCEPT]
[LVL9] rsomenot132(A,B) :- somenot132(C,A), \+no132(C,B) 0.177184466019 (3.0, 9.0, 81.0, 11.0) 0.708737864078 [ACCEPT]
[LVL9] rsomenot132(A,B) :- somenot132(C,A), \+somenot132(C,B) 0.177184466019 (3.0, 9.0, 81.0, 11.0) 0.708737864078 [ACCEPT]
[LVL9] rsomenot132(A,B) :- somenot132(C,A), \+somenot132(B,C) 0.177184466019 (3.0, 9.0, 81.0, 11.0) 0.708737864078 [ACCEPT]
[LVL9] rsomenot132(A,B) :- no132(C,B), \+all132(A,C) 0.151872399445 (3.0, 11.0, 79.0, 11.0) 0.708737864078 [ACCEPT]
[LVL9] rsomenot132(A,B) :- no132(C,B), \+some132(A,C) 0.16355489171 (3.0, 10.0, 80.0, 11.0) 0.708737864078 [ACCEPT]
[LVL9] rsomenot132(A,B) :- no132(C,B), \+no132(A,C) 0.16355489171 (3.0, 10.0, 80.0, 11.0) 0.708737864078 [ACCEPT]
[LVL9] rsomenot132(A,B) :- no132(C,B), \+no132(C,A) 0.16355489171 (3.0, 10.0, 80.0, 11.0) 0.708737864078 [ACCEPT]
[LVL9] rsomenot132(A,B) :- no132(C,B), \+somenot132(A,C) 0.16355489171 (3.0, 10.0, 80.0, 11.0) 0.708737864078 [ACCEPT]
[LVL9] rsomenot132(A,B) :- no132(C,B), \+somenot132(C,A) 0.16355489171 (3.0, 10.0, 80.0, 11.0) 0.708737864078 [ACCEPT]
[LVL9] rsomenot132(A,B) :- no132(A,C), \+all132(C,B) 0.141747572816 (3.0, 12.0, 78.0, 11.0) 0.708737864078 [ACCEPT]
[LVL9] rsomenot132(A,B) :- no132(A,C), \+all132(B,C) 0.141747572816 (3.0, 12.0, 78.0, 11.0) 0.708737864078 [ACCEPT]
[LVL9] rsomenot132(A,B) :- no132(A,C), \+some132(C,B) 0.141747572816 (3.0, 12.0, 78.0, 11.0) 0.708737864078 [ACCEPT]
[LVL9] rsomenot132(A,B) :- no132(A,C), \+some132(B,C) 0.141747572816 (3.0, 12.0, 78.0, 11.0) 0.708737864078 [ACCEPT]
[LVL9] rsomenot132(A,B) :- no132(A,C), \+no132(C,B) 0.141747572816 (3.0, 12.0, 78.0, 11.0) 0.708737864078 [ACCEPT]
[LVL9] rsomenot132(A,B) :- no132(A,C), \+no132(B,C) 0.141747572816 (3.0, 12.0, 78.0, 11.0) 0.708737864078 [ACCEPT]
[DEBUG] Best rule so far: rsomenot132(A,B) :- some132(C,A), no132(C,B) [0.563106796117]
[DEBUG] Candidates for iteration 3:
[DEBUG] ==================================
[DEBUG] rsomenot132(A,B) :- some132(C,A), all132(B,C) 0.375404530744
[DEBUG] rsomenot132(A,B) :- some132(C,A), all132(B,D) 0.375404530744
[DEBUG] rsomenot132(A,B) :- some132(C,A), all132(D,C) 0.375404530744
[DEBUG] rsomenot132(A,B) :- some132(C,A), some132(C,B) 0.375404530744
[DEBUG] rsomenot132(A,B) :- some132(C,A), some132(D,B) 0.375404530744
[DEBUG] rsomenot132(A,B) :- some132(C,A), \+some132(B,C) 0.312621359223
[DEBUG] rsomenot132(A,B) :- some132(C,A), \+no132(B,C) 0.312621359223
[DEBUG] rsomenot132(A,B) :- some132(C,A), \+somenot132(C,B) 0.284201235658
[DEBUG] rsomenot132(A,B) :- some132(C,A), \+somenot132(B,C) 0.284201235658
[DEBUG] rsomenot132(A,B) :- somenot132(C,B), \+no132(C,A) 0.260517799353
[DEBUG] rsomenot132(A,B) :- somenot132(C,B), \+somenot132(C,A) 0.260517799353
[DEBUG] rsomenot132(A,B) :- somenot132(C,B), \+all132(C,A) 0.240477968633
[DEBUG] rsomenot132(A,B) :- somenot132(C,B), \+some132(A,C) 0.240477968633
[DEBUG] rsomenot132(A,B) :- somenot132(C,B), \+some132(C,A) 0.240477968633
[DEBUG] rsomenot132(A,B) :- some132(C,A), \+all132(B,C) 0.212621359223
[DEBUG] rsomenot132(A,B) :- some132(C,A), \+some132(C,B) 0.212621359223
[DEBUG] rsomenot132(A,B) :- some132(B,C), \+some132(A,C) 0.212621359223
[DEBUG] rsomenot132(A,B) :- some132(B,C), \+some132(C,A) 0.212621359223
[DEBUG] rsomenot132(A,B) :- some132(B,C), \+no132(A,C) 0.212621359223
[DEBUG] rsomenot132(A,B) :- some132(B,C), \+all132(A,C) 0.193292144748
[DEBUG] rsomenot132(A,B) :- some132(B,C), \+somenot132(A,C) 0.193292144748
[DEBUG] rsomenot132(A,B) :- some132(C,B), \+all132(A,C) 0.193292144748
[DEBUG] rsomenot132(A,B) :- some132(C,B), \+no132(A,C) 0.193292144748
[DEBUG] rsomenot132(A,B) :- somenot132(C,B), \+all132(A,C) 0.177184466019
[DEBUG] rsomenot132(A,B) :- somenot132(C,B), \+no132(A,C) 0.177184466019
[DEBUG] rsomenot132(A,B) :- somenot132(C,B), \+somenot132(A,C) 0.177184466019
[DEBUG] rsomenot132(A,B) :- some132(C,B), \+all132(C,A) 0.177184466019
[DEBUG] rsomenot132(A,B) :- some132(C,B), \+no132(C,A) 0.177184466019
[DEBUG] rsomenot132(A,B) :- some132(C,B), \+somenot132(A,C) 0.177184466019
[DEBUG] rsomenot132(A,B) :- some132(C,B), \+somenot132(C,A) 0.177184466019
[DEBUG] rsomenot132(A,B) :- somenot132(A,C), \+all132(B,C) 0.177184466019
[DEBUG] rsomenot132(A,B) :- somenot132(A,C), \+no132(C,B) 0.177184466019
[DEBUG] rsomenot132(A,B) :- somenot132(A,C), \+no132(B,C) 0.177184466019
[DEBUG] rsomenot132(A,B) :- somenot132(A,C), \+somenot132(B,C) 0.177184466019
[DEBUG] rsomenot132(A,B) :- somenot132(C,A), \+all132(B,C) 0.177184466019
[DEBUG] rsomenot132(A,B) :- somenot132(C,A), \+no132(C,B) 0.177184466019
[DEBUG] rsomenot132(A,B) :- somenot132(C,A), \+somenot132(C,B) 0.177184466019
[DEBUG] rsomenot132(A,B) :- somenot132(C,A), \+somenot132(B,C) 0.177184466019
[DEBUG] rsomenot132(A,B) :- somenot132(A,C), \+some132(C,B) 0.16355489171
[DEBUG] rsomenot132(A,B) :- somenot132(A,C), \+some132(B,C) 0.16355489171
[DEBUG] rsomenot132(A,B) :- somenot132(C,A), \+all132(C,B) 0.16355489171
[DEBUG] rsomenot132(A,B) :- somenot132(C,A), \+some132(C,B) 0.16355489171
[DEBUG] rsomenot132(A,B) :- no132(C,B), \+some132(A,C) 0.16355489171
[DEBUG] rsomenot132(A,B) :- no132(C,B), \+no132(A,C) 0.16355489171
[DEBUG] rsomenot132(A,B) :- no132(C,B), \+no132(C,A) 0.16355489171
[DEBUG] rsomenot132(A,B) :- no132(C,B), \+somenot132(A,C) 0.16355489171
[DEBUG] rsomenot132(A,B) :- no132(C,B), \+somenot132(C,A) 0.16355489171
[DEBUG] rsomenot132(A,B) :- no132(C,B), \+all132(A,C) 0.151872399445
[DEBUG] rsomenot132(A,B) :- no132(A,C), \+all132(C,B) 0.141747572816
[DEBUG] rsomenot132(A,B) :- no132(A,C), \+all132(B,C) 0.141747572816
[DEBUG] rsomenot132(A,B) :- no132(A,C), \+some132(C,B) 0.141747572816
[DEBUG] rsomenot132(A,B) :- no132(A,C), \+some132(B,C) 0.141747572816
[DEBUG] rsomenot132(A,B) :- no132(A,C), \+no132(C,B) 0.141747572816
[DEBUG] rsomenot132(A,B) :- no132(A,C), \+no132(B,C) 0.141747572816
[DEBUG] ==================================
[INFO] RULE LEARNED: rsomenot132(A,B) :- some132(C,A), no132(C,B) 0.884615384615
[DEBUG] Best rule so far: rsomenot132(A,B) :- true [0.117647058824]
[DEBUG] Candidates for iteration 1:
[DEBUG] ==================================
[DEBUG] rsomenot132(A,B) :- true 0.117647058824
[DEBUG] ==================================
[LVL9] rsomenot132(A,B) :- all132(A,C) 0.0 (3.0, 13.0, 77.0, 11.0) 0.558823529412 [ACCEPT]
[LVL9] rsomenot132(A,B) :- all132(B,C) 0.0 (3.0, 13.0, 77.0, 11.0) 0.558823529412 [ACCEPT]
[LVL9] rsomenot132(A,B) :- all132(C,A) 0.0 (3.0, 10.0, 80.0, 11.0) 0.558823529412 [ACCEPT]
[LVL9] rsomenot132(A,B) :- all132(C,B) 0.0 (3.0, 9.0, 81.0, 11.0) 0.558823529412 [ACCEPT]
[LVL9] rsomenot132(A,B) :- some132(A,C) 0.0 (3.0, 10.0, 80.0, 11.0) 0.558823529412 [ACCEPT]
[LVL9] rsomenot132(A,B) :- some132(B,C) 0.176470588235 (4.0, 9.0, 81.0, 10.0) 0.705882352941 [ACCEPT]
[LVL9] BETTER RULE rsomenot132(A,B) :- some132(B,C) (0.17647058823529413, 4.0) > (0.11764705882352941, 14.0)
[LVL9] rsomenot132(A,B) :- some132(C,A) 0.192513368984 (4.0, 8.0, 82.0, 10.0) 0.705882352941 [ACCEPT]
[LVL9] BETTER RULE rsomenot132(A,B) :- some132(C,A) (0.1925133689839572, 4.0) > (0.17647058823529413, 4.0)
[LVL9] rsomenot132(A,B) :- some132(C,B) 0.162895927602 (4.0, 10.0, 80.0, 10.0) 0.705882352941 [ACCEPT]
[LVL9] rsomenot132(A,B) :- no132(A,C) 0.124567474048 (4.0, 14.0, 76.0, 10.0) 0.705882352941 [ACCEPT]
[LVL9] rsomenot132(A,B) :- no132(B,C) 0.0 (3.0, 15.0, 75.0, 11.0) 0.558823529412 [ACCEPT]
[LVL9] rsomenot132(A,B) :- no132(C,A) 0.0 (3.0, 13.0, 77.0, 11.0) 0.558823529412 [ACCEPT]
[LVL9] rsomenot132(A,B) :- no132(C,B) 0.0 (3.0, 12.0, 78.0, 11.0) 0.558823529412 [ACCEPT]
[LVL9] rsomenot132(A,B) :- somenot132(A,C) 0.151260504202 (4.0, 11.0, 79.0, 10.0) 0.705882352941 [ACCEPT]
[LVL9] rsomenot132(A,B) :- somenot132(B,C) 0.0 (3.0, 12.0, 78.0, 11.0) 0.558823529412 [ACCEPT]
[LVL9] rsomenot132(A,B) :- somenot132(C,A) 0.151260504202 (4.0, 11.0, 79.0, 10.0) 0.705882352941 [ACCEPT]
[LVL9] rsomenot132(A,B) :- somenot132(C,B) 0.22268907563 (5.0, 10.0, 80.0, 9.0) 0.779411764706 [ACCEPT]
[LVL9] BETTER RULE rsomenot132(A,B) :- somenot132(C,B) (0.22268907563025211, 5.0) > (0.1925133689839572, 4.0)
[DEBUG] Best rule so far: rsomenot132(A,B) :- somenot132(C,B) [0.22268907563]
[DEBUG] Candidates for iteration 2:
[DEBUG] ==================================
[DEBUG] rsomenot132(A,B) :- somenot132(C,B) 0.22268907563
[DEBUG] rsomenot132(A,B) :- some132(C,A) 0.192513368984
[DEBUG] rsomenot132(A,B) :- some132(B,C) 0.176470588235
[DEBUG] rsomenot132(A,B) :- some132(C,B) 0.162895927602
[DEBUG] rsomenot132(A,B) :- somenot132(A,C) 0.151260504202
[DEBUG] rsomenot132(A,B) :- somenot132(C,A) 0.151260504202
[DEBUG] rsomenot132(A,B) :- no132(A,C) 0.124567474048
[DEBUG] rsomenot132(A,B) :- all132(A,C) 0.0
[DEBUG] rsomenot132(A,B) :- all132(B,C) 0.0
[DEBUG] rsomenot132(A,B) :- all132(C,A) 0.0
[DEBUG] rsomenot132(A,B) :- all132(C,B) 0.0
[DEBUG] rsomenot132(A,B) :- some132(A,C) 0.0
[DEBUG] rsomenot132(A,B) :- no132(B,C) 0.0
[DEBUG] rsomenot132(A,B) :- no132(C,A) 0.0
[DEBUG] rsomenot132(A,B) :- no132(C,B) 0.0
[DEBUG] rsomenot132(A,B) :- somenot132(B,C) 0.0
[DEBUG] ==================================
[LVL9] rsomenot132(A,B) :- somenot132(C,B), all132(A,C) 0.372549019608 (3.0, 1.0, 89.0, 11.0) 0.558823529412 [ACCEPT]
[LVL9] BETTER RULE rsomenot132(A,B) :- somenot132(C,B), all132(A,C) (0.37254901960784315, 3.0) > (0.22268907563025211, 5.0)
[LVL9] rsomenot132(A,B) :- somenot132(C,B), all132(A,D) 0.372549019608 (3.0, 1.0, 89.0, 11.0) 0.558823529412 [ACCEPT]
[LVL9] rsomenot132(A,B) :- somenot132(C,B), all132(D,C) 0.372549019608 (3.0, 1.0, 89.0, 11.0) 0.558823529412 [ACCEPT]
[LVL9] rsomenot132(A,B) :- somenot132(C,B), no132(A,C) 0.372549019608 (3.0, 1.0, 89.0, 11.0) 0.558823529412 [ACCEPT]
[LVL9] rsomenot132(A,B) :- somenot132(C,B), no132(A,D) 0.372549019608 (3.0, 1.0, 89.0, 11.0) 0.558823529412 [ACCEPT]
[LVL9] rsomenot132(A,B) :- somenot132(C,B), no132(D,C) 0.372549019608 (3.0, 1.0, 89.0, 11.0) 0.558823529412 [ACCEPT]
[LVL9] rsomenot132(A,B) :- somenot132(C,B), somenot132(A,C) 0.372549019608 (3.0, 1.0, 89.0, 11.0) 0.558823529412 [ACCEPT]
[LVL9] rsomenot132(A,B) :- somenot132(C,B), somenot132(A,D) 0.372549019608 (3.0, 1.0, 89.0, 11.0) 0.558823529412 [ACCEPT]
[LVL9] rsomenot132(A,B) :- somenot132(C,B), somenot132(D,C) 0.372549019608 (3.0, 1.0, 89.0, 11.0) 0.558823529412 [ACCEPT]
[LVL9] rsomenot132(A,B) :- somenot132(C,B), \+all132(A,C) 0.176470588235 (4.0, 9.0, 81.0, 10.0) 0.705882352941 [ACCEPT]
[LVL9] rsomenot132(A,B) :- somenot132(C,B), \+all132(C,A) 0.239819004525 (5.0, 9.0, 81.0, 9.0) 0.779411764706 [ACCEPT]
[LVL9] rsomenot132(A,B) :- somenot132(C,B), \+some132(A,C) 0.239819004525 (5.0, 9.0, 81.0, 9.0) 0.779411764706 [ACCEPT]
[LVL9] rsomenot132(A,B) :- somenot132(C,B), \+some132(C,A) 0.239819004525 (5.0, 9.0, 81.0, 9.0) 0.779411764706 [ACCEPT]
[LVL9] rsomenot132(A,B) :- somenot132(C,B), \+no132(A,C) 0.176470588235 (4.0, 9.0, 81.0, 10.0) 0.705882352941 [ACCEPT]
[LVL9] rsomenot132(A,B) :- somenot132(C,B), \+no132(C,A) 0.259803921569 (5.0, 8.0, 82.0, 9.0) 0.779411764706 [ACCEPT]
[LVL9] rsomenot132(A,B) :- somenot132(C,B), \+somenot132(A,C) 0.176470588235 (4.0, 9.0, 81.0, 10.0) 0.705882352941 [ACCEPT]
[LVL9] rsomenot132(A,B) :- somenot132(C,B), \+somenot132(C,A) 0.259803921569 (5.0, 8.0, 82.0, 9.0) 0.779411764706 [ACCEPT]
[LVL9] rsomenot132(A,B) :- some132(C,A), all132(B,C) 0.372549019608 (3.0, 1.0, 89.0, 11.0) 0.558823529412 [ACCEPT]
[LVL9] rsomenot132(A,B) :- some132(C,A), all132(B,D) 0.372549019608 (3.0, 1.0, 89.0, 11.0) 0.558823529412 [ACCEPT]
[LVL9] rsomenot132(A,B) :- some132(C,A), all132(D,C) 0.372549019608 (3.0, 1.0, 89.0, 11.0) 0.558823529412 [ACCEPT]
[LVL9] rsomenot132(A,B) :- some132(C,A), some132(C,B) 0.372549019608 (3.0, 1.0, 89.0, 11.0) 0.558823529412 [ACCEPT]
[LVL9] rsomenot132(A,B) :- some132(C,A), some132(D,B) 0.372549019608 (3.0, 1.0, 89.0, 11.0) 0.558823529412 [ACCEPT]
[LVL9] rsomenot132(A,B) :- some132(C,A), \+all132(B,C) 0.124183006536 (3.0, 7.0, 83.0, 11.0) 0.558823529412 [ACCEPT]
[LVL9] rsomenot132(A,B) :- some132(C,A), \+some132(C,B) 0.124183006536 (3.0, 7.0, 83.0, 11.0) 0.558823529412 [ACCEPT]
[LVL9] rsomenot132(A,B) :- some132(C,A), \+some132(B,C) 0.235294117647 (4.0, 6.0, 84.0, 10.0) 0.705882352941 [ACCEPT]
[LVL9] rsomenot132(A,B) :- some132(C,A), \+no132(B,C) 0.235294117647 (4.0, 6.0, 84.0, 10.0) 0.705882352941 [ACCEPT]
[LVL9] rsomenot132(A,B) :- some132(C,A), \+somenot132(C,B) 0.211764705882 (4.0, 7.0, 83.0, 10.0) 0.705882352941 [ACCEPT]
[LVL9] rsomenot132(A,B) :- some132(C,A), \+somenot132(B,C) 0.211764705882 (4.0, 7.0, 83.0, 10.0) 0.705882352941 [ACCEPT]
[LVL9] rsomenot132(A,B) :- some132(B,C), no132(C,A) 0.372549019608 (3.0, 1.0, 89.0, 11.0) 0.558823529412 [ACCEPT]
[LVL9] rsomenot132(A,B) :- some132(B,C), no132(C,D) 0.372549019608 (3.0, 1.0, 89.0, 11.0) 0.558823529412 [ACCEPT]
[LVL9] rsomenot132(A,B) :- some132(B,C), no132(D,A) 0.372549019608 (3.0, 1.0, 89.0, 11.0) 0.558823529412 [ACCEPT]
[LVL9] rsomenot132(A,B) :- some132(B,C), somenot132(C,A) 0.558823529412 (3.0, 0.0, 90.0, 11.0) 0.558823529412 [REJECT* fp] 2.0
[LVL9] BETTER RULE rsomenot132(A,B) :- some132(B,C), somenot132(C,A) (0.5588235294117647, 3.0) > (0.37254901960784315, 3.0)
[LVL9] rsomenot132(A,B) :- some132(B,C), \+all132(A,C) 0.192513368984 (4.0, 8.0, 82.0, 10.0) 0.705882352941 [ACCEPT]
[LVL9] rsomenot132(A,B) :- some132(B,C), \+some132(A,C) 0.211764705882 (4.0, 7.0, 83.0, 10.0) 0.705882352941 [ACCEPT]
[LVL9] rsomenot132(A,B) :- some132(B,C), \+some132(C,A) 0.211764705882 (4.0, 7.0, 83.0, 10.0) 0.705882352941 [ACCEPT]
[LVL9] rsomenot132(A,B) :- some132(B,C), \+no132(A,C) 0.211764705882 (4.0, 7.0, 83.0, 10.0) 0.705882352941 [ACCEPT]
[LVL9] rsomenot132(A,B) :- some132(B,C), \+somenot132(A,C) 0.192513368984 (4.0, 8.0, 82.0, 10.0) 0.705882352941 [ACCEPT]
[LVL9] rsomenot132(A,B) :- some132(C,B), \+all132(A,C) 0.192513368984 (4.0, 8.0, 82.0, 10.0) 0.705882352941 [ACCEPT]
[LVL9] rsomenot132(A,B) :- some132(C,B), \+all132(C,A) 0.176470588235 (4.0, 9.0, 81.0, 10.0) 0.705882352941 [ACCEPT]
[LVL9] rsomenot132(A,B) :- some132(C,B), \+no132(A,C) 0.192513368984 (4.0, 8.0, 82.0, 10.0) 0.705882352941 [ACCEPT]
[LVL9] rsomenot132(A,B) :- some132(C,B), \+no132(C,A) 0.176470588235 (4.0, 9.0, 81.0, 10.0) 0.705882352941 [ACCEPT]
[LVL9] rsomenot132(A,B) :- some132(C,B), \+somenot132(A,C) 0.176470588235 (4.0, 9.0, 81.0, 10.0) 0.705882352941 [ACCEPT]
[LVL9] rsomenot132(A,B) :- some132(C,B), \+somenot132(C,A) 0.176470588235 (4.0, 9.0, 81.0, 10.0) 0.705882352941 [ACCEPT]
[LVL9] rsomenot132(A,B) :- somenot132(A,C), \+all132(B,C) 0.176470588235 (4.0, 9.0, 81.0, 10.0) 0.705882352941 [ACCEPT]
[LVL9] rsomenot132(A,B) :- somenot132(A,C), \+some132(C,B) 0.162895927602 (4.0, 10.0, 80.0, 10.0) 0.705882352941 [ACCEPT]
[LVL9] rsomenot132(A,B) :- somenot132(A,C), \+some132(B,C) 0.162895927602 (4.0, 10.0, 80.0, 10.0) 0.705882352941 [ACCEPT]
[LVL9] rsomenot132(A,B) :- somenot132(A,C), \+no132(C,B) 0.176470588235 (4.0, 9.0, 81.0, 10.0) 0.705882352941 [ACCEPT]
[LVL9] rsomenot132(A,B) :- somenot132(A,C), \+no132(B,C) 0.176470588235 (4.0, 9.0, 81.0, 10.0) 0.705882352941 [ACCEPT]
[LVL9] rsomenot132(A,B) :- somenot132(A,C), \+somenot132(B,C) 0.176470588235 (4.0, 9.0, 81.0, 10.0) 0.705882352941 [ACCEPT]
[LVL9] rsomenot132(A,B) :- somenot132(C,A), \+all132(C,B) 0.162895927602 (4.0, 10.0, 80.0, 10.0) 0.705882352941 [ACCEPT]
[LVL9] rsomenot132(A,B) :- somenot132(C,A), \+all132(B,C) 0.176470588235 (4.0, 9.0, 81.0, 10.0) 0.705882352941 [ACCEPT]
[LVL9] rsomenot132(A,B) :- somenot132(C,A), \+some132(C,B) 0.162895927602 (4.0, 10.0, 80.0, 10.0) 0.705882352941 [ACCEPT]
[LVL9] rsomenot132(A,B) :- somenot132(C,A), \+no132(C,B) 0.176470588235 (4.0, 9.0, 81.0, 10.0) 0.705882352941 [ACCEPT]
[LVL9] rsomenot132(A,B) :- somenot132(C,A), \+somenot132(C,B) 0.176470588235 (4.0, 9.0, 81.0, 10.0) 0.705882352941 [ACCEPT]
[LVL9] rsomenot132(A,B) :- somenot132(C,A), \+somenot132(B,C) 0.176470588235 (4.0, 9.0, 81.0, 10.0) 0.705882352941 [ACCEPT]
[LVL9] rsomenot132(A,B) :- no132(A,C), \+all132(C,B) 0.141176470588 (4.0, 12.0, 78.0, 10.0) 0.705882352941 [ACCEPT]
[LVL9] rsomenot132(A,B) :- no132(A,C), \+all132(B,C) 0.141176470588 (4.0, 12.0, 78.0, 10.0) 0.705882352941 [ACCEPT]
[LVL9] rsomenot132(A,B) :- no132(A,C), \+some132(C,B) 0.141176470588 (4.0, 12.0, 78.0, 10.0) 0.705882352941 [ACCEPT]
[LVL9] rsomenot132(A,B) :- no132(A,C), \+some132(B,C) 0.141176470588 (4.0, 12.0, 78.0, 10.0) 0.705882352941 [ACCEPT]
[LVL9] rsomenot132(A,B) :- no132(A,C), \+no132(C,B) 0.141176470588 (4.0, 12.0, 78.0, 10.0) 0.705882352941 [ACCEPT]
[LVL9] rsomenot132(A,B) :- no132(A,C), \+no132(B,C) 0.141176470588 (4.0, 12.0, 78.0, 10.0) 0.705882352941 [ACCEPT]
[DEBUG] Best rule so far: rsomenot132(A,B) :- some132(B,C), somenot132(C,A) [0.558823529412]
[DEBUG] Candidates for iteration 3:
[DEBUG] ==================================
[DEBUG] rsomenot132(A,B) :- somenot132(C,B), all132(A,C) 0.372549019608
[DEBUG] rsomenot132(A,B) :- somenot132(C,B), all132(A,D) 0.372549019608
[DEBUG] rsomenot132(A,B) :- somenot132(C,B), all132(D,C) 0.372549019608
[DEBUG] rsomenot132(A,B) :- somenot132(C,B), no132(A,C) 0.372549019608
[DEBUG] rsomenot132(A,B) :- somenot132(C,B), no132(A,D) 0.372549019608
[DEBUG] rsomenot132(A,B) :- somenot132(C,B), no132(D,C) 0.372549019608
[DEBUG] rsomenot132(A,B) :- somenot132(C,B), somenot132(A,C) 0.372549019608
[DEBUG] rsomenot132(A,B) :- somenot132(C,B), somenot132(A,D) 0.372549019608
[DEBUG] rsomenot132(A,B) :- somenot132(C,B), somenot132(D,C) 0.372549019608
[DEBUG] rsomenot132(A,B) :- some132(C,A), all132(B,C) 0.372549019608
[DEBUG] rsomenot132(A,B) :- some132(C,A), all132(B,D) 0.372549019608
[DEBUG] rsomenot132(A,B) :- some132(C,A), all132(D,C) 0.372549019608
[DEBUG] rsomenot132(A,B) :- some132(C,A), some132(C,B) 0.372549019608
[DEBUG] rsomenot132(A,B) :- some132(C,A), some132(D,B) 0.372549019608
[DEBUG] rsomenot132(A,B) :- some132(B,C), no132(C,A) 0.372549019608
[DEBUG] rsomenot132(A,B) :- some132(B,C), no132(C,D) 0.372549019608
[DEBUG] rsomenot132(A,B) :- some132(B,C), no132(D,A) 0.372549019608
[DEBUG] rsomenot132(A,B) :- somenot132(C,B), \+no132(C,A) 0.259803921569
[DEBUG] rsomenot132(A,B) :- somenot132(C,B), \+somenot132(C,A) 0.259803921569
[DEBUG] rsomenot132(A,B) :- somenot132(C,B), \+all132(C,A) 0.239819004525
[DEBUG] rsomenot132(A,B) :- somenot132(C,B), \+some132(A,C) 0.239819004525
[DEBUG] rsomenot132(A,B) :- somenot132(C,B), \+some132(C,A) 0.239819004525
[DEBUG] rsomenot132(A,B) :- some132(C,A), \+some132(B,C) 0.235294117647
[DEBUG] rsomenot132(A,B) :- some132(C,A), \+no132(B,C) 0.235294117647
[DEBUG] rsomenot132(A,B) :- some132(C,A), \+somenot132(C,B) 0.211764705882
[DEBUG] rsomenot132(A,B) :- some132(C,A), \+somenot132(B,C) 0.211764705882
[DEBUG] rsomenot132(A,B) :- some132(B,C), \+some132(A,C) 0.211764705882
[DEBUG] rsomenot132(A,B) :- some132(B,C), \+some132(C,A) 0.211764705882
[DEBUG] rsomenot132(A,B) :- some132(B,C), \+no132(A,C) 0.211764705882
[DEBUG] rsomenot132(A,B) :- some132(B,C), \+all132(A,C) 0.192513368984
[DEBUG] rsomenot132(A,B) :- some132(B,C), \+somenot132(A,C) 0.192513368984
[DEBUG] rsomenot132(A,B) :- some132(C,B), \+all132(A,C) 0.192513368984
[DEBUG] rsomenot132(A,B) :- some132(C,B), \+no132(A,C) 0.192513368984
[DEBUG] rsomenot132(A,B) :- somenot132(C,B), \+all132(A,C) 0.176470588235
[DEBUG] rsomenot132(A,B) :- somenot132(C,B), \+no132(A,C) 0.176470588235
[DEBUG] rsomenot132(A,B) :- somenot132(C,B), \+somenot132(A,C) 0.176470588235
[DEBUG] rsomenot132(A,B) :- some132(C,B), \+all132(C,A) 0.176470588235
[DEBUG] rsomenot132(A,B) :- some132(C,B), \+no132(C,A) 0.176470588235
[DEBUG] rsomenot132(A,B) :- some132(C,B), \+somenot132(A,C) 0.176470588235
[DEBUG] rsomenot132(A,B) :- some132(C,B), \+somenot132(C,A) 0.176470588235
[DEBUG] rsomenot132(A,B) :- somenot132(A,C), \+all132(B,C) 0.176470588235
[DEBUG] rsomenot132(A,B) :- somenot132(A,C), \+no132(C,B) 0.176470588235
[DEBUG] rsomenot132(A,B) :- somenot132(A,C), \+no132(B,C) 0.176470588235
[DEBUG] rsomenot132(A,B) :- somenot132(A,C), \+somenot132(B,C) 0.176470588235
[DEBUG] rsomenot132(A,B) :- somenot132(C,A), \+all132(B,C) 0.176470588235
[DEBUG] rsomenot132(A,B) :- somenot132(C,A), \+no132(C,B) 0.176470588235
[DEBUG] rsomenot132(A,B) :- somenot132(C,A), \+somenot132(C,B) 0.176470588235
[DEBUG] rsomenot132(A,B) :- somenot132(C,A), \+somenot132(B,C) 0.176470588235
[DEBUG] rsomenot132(A,B) :- somenot132(A,C), \+some132(C,B) 0.162895927602
[DEBUG] rsomenot132(A,B) :- somenot132(A,C), \+some132(B,C) 0.162895927602
[DEBUG] rsomenot132(A,B) :- somenot132(C,A), \+all132(C,B) 0.162895927602
[DEBUG] rsomenot132(A,B) :- somenot132(C,A), \+some132(C,B) 0.162895927602
[DEBUG] rsomenot132(A,B) :- no132(A,C), \+all132(C,B) 0.141176470588
[DEBUG] rsomenot132(A,B) :- no132(A,C), \+all132(B,C) 0.141176470588
[DEBUG] rsomenot132(A,B) :- no132(A,C), \+some132(C,B) 0.141176470588
[DEBUG] rsomenot132(A,B) :- no132(A,C), \+some132(B,C) 0.141176470588
[DEBUG] rsomenot132(A,B) :- no132(A,C), \+no132(C,B) 0.141176470588
[DEBUG] rsomenot132(A,B) :- no132(A,C), \+no132(B,C) 0.141176470588
[DEBUG] rsomenot132(A,B) :- some132(C,A), \+all132(B,C) 0.124183006536
[DEBUG] rsomenot132(A,B) :- some132(C,A), \+some132(C,B) 0.124183006536
[DEBUG] ==================================
[INFO] RULE LEARNED: rsomenot132(A,B) :- some132(B,C), somenot132(C,A) 0.894230769231
[DEBUG] Best rule so far: rsomenot132(A,B) :- true [0.0]
[DEBUG] Candidates for iteration 1:
[DEBUG] ==================================
[DEBUG] rsomenot132(A,B) :- true 0.0
[DEBUG] ==================================
[LVL9] rsomenot132(A,B) :- all132(A,C) 0.0 (4.0, 13.0, 77.0, 10.0) 0.554455445545 [ACCEPT]
[LVL9] rsomenot132(A,B) :- all132(B,C) 0.0 (4.0, 13.0, 77.0, 10.0) 0.554455445545 [ACCEPT]
[LVL9] rsomenot132(A,B) :- all132(C,A) 0.0 (4.0, 10.0, 80.0, 10.0) 0.554455445545 [ACCEPT]
[LVL9] rsomenot132(A,B) :- all132(C,B) 0.0 (4.0, 9.0, 81.0, 10.0) 0.554455445545 [ACCEPT]
[LVL9] rsomenot132(A,B) :- some132(A,C) 0.0 (4.0, 10.0, 80.0, 10.0) 0.554455445545 [ACCEPT]
[LVL9] rsomenot132(A,B) :- some132(B,C) 0.0 (4.0, 9.0, 81.0, 10.0) 0.554455445545 [ACCEPT]
[LVL9] rsomenot132(A,B) :- some132(C,A) 0.191719171917 (5.0, 8.0, 82.0, 9.0) 0.70297029703 [ACCEPT]
[LVL9] BETTER RULE rsomenot132(A,B) :- some132(C,A) (0.19171917191719173, 5.0) > (0.0, 14.0)
[LVL9] rsomenot132(A,B) :- some132(C,B) 0.162223914699 (5.0, 10.0, 80.0, 9.0) 0.70297029703 [ACCEPT]
[LVL9] rsomenot132(A,B) :- no132(A,C) 0.124053581829 (5.0, 14.0, 76.0, 9.0) 0.70297029703 [ACCEPT]
[LVL9] rsomenot132(A,B) :- no132(B,C) 0.0 (4.0, 15.0, 75.0, 10.0) 0.554455445545 [ACCEPT]
[LVL9] rsomenot132(A,B) :- no132(C,A) 0.0 (4.0, 13.0, 77.0, 10.0) 0.554455445545 [ACCEPT]
[LVL9] rsomenot132(A,B) :- no132(C,B) 0.0 (4.0, 12.0, 78.0, 10.0) 0.554455445545 [ACCEPT]
[LVL9] rsomenot132(A,B) :- somenot132(A,C) 0.150636492221 (5.0, 11.0, 79.0, 9.0) 0.70297029703 [ACCEPT]
[LVL9] rsomenot132(A,B) :- somenot132(B,C) 0.0 (4.0, 12.0, 78.0, 10.0) 0.554455445545 [ACCEPT]
[LVL9] rsomenot132(A,B) :- somenot132(C,A) 0.0 (4.0, 11.0, 79.0, 10.0) 0.554455445545 [ACCEPT]
[LVL9] rsomenot132(A,B) :- somenot132(C,B) 0.222065063649 (6.0, 10.0, 80.0, 8.0) 0.777227722772 [ACCEPT]
[LVL9] BETTER RULE rsomenot132(A,B) :- somenot132(C,B) (0.22206506364922207, 6.0) > (0.19171917191719173, 5.0)
[DEBUG] Best rule so far: rsomenot132(A,B) :- somenot132(C,B) [0.222065063649]
[DEBUG] Candidates for iteration 2:
[DEBUG] ==================================
[DEBUG] rsomenot132(A,B) :- somenot132(C,B) 0.222065063649
[DEBUG] rsomenot132(A,B) :- some132(C,A) 0.191719171917
[DEBUG] rsomenot132(A,B) :- some132(C,B) 0.162223914699
[DEBUG] rsomenot132(A,B) :- somenot132(A,C) 0.150636492221
[DEBUG] rsomenot132(A,B) :- no132(A,C) 0.124053581829
[DEBUG] rsomenot132(A,B) :- all132(A,C) 0.0
[DEBUG] rsomenot132(A,B) :- all132(B,C) 0.0
[DEBUG] rsomenot132(A,B) :- all132(C,A) 0.0
[DEBUG] rsomenot132(A,B) :- all132(C,B) 0.0
[DEBUG] rsomenot132(A,B) :- some132(A,C) 0.0
[DEBUG] rsomenot132(A,B) :- some132(B,C) 0.0
[DEBUG] rsomenot132(A,B) :- no132(B,C) 0.0
[DEBUG] rsomenot132(A,B) :- no132(C,A) 0.0
[DEBUG] rsomenot132(A,B) :- no132(C,B) 0.0
[DEBUG] rsomenot132(A,B) :- somenot132(B,C) 0.0
[DEBUG] rsomenot132(A,B) :- somenot132(C,A) 0.0
[DEBUG] ==================================
[LVL9] rsomenot132(A,B) :- somenot132(C,B), all132(A,C) 0.369636963696 (4.0, 1.0, 89.0, 10.0) 0.554455445545 [ACCEPT]
[LVL9] BETTER RULE rsomenot132(A,B) :- somenot132(C,B), all132(A,C) (0.36963696369636967, 4.0) > (0.22206506364922207, 6.0)
[LVL9] rsomenot132(A,B) :- somenot132(C,B), all132(A,D) 0.369636963696 (4.0, 1.0, 89.0, 10.0) 0.554455445545 [ACCEPT]
[LVL9] rsomenot132(A,B) :- somenot132(C,B), all132(D,C) 0.369636963696 (4.0, 1.0, 89.0, 10.0) 0.554455445545 [ACCEPT]
[LVL9] rsomenot132(A,B) :- somenot132(C,B), no132(A,C) 0.369636963696 (4.0, 1.0, 89.0, 10.0) 0.554455445545 [ACCEPT]
[LVL9] rsomenot132(A,B) :- somenot132(C,B), no132(A,D) 0.369636963696 (4.0, 1.0, 89.0, 10.0) 0.554455445545 [ACCEPT]
[LVL9] rsomenot132(A,B) :- somenot132(C,B), no132(D,C) 0.369636963696 (4.0, 1.0, 89.0, 10.0) 0.554455445545 [ACCEPT]
[LVL9] rsomenot132(A,B) :- somenot132(C,B), somenot132(A,C) 0.369636963696 (4.0, 1.0, 89.0, 10.0) 0.554455445545 [ACCEPT]
[LVL9] rsomenot132(A,B) :- somenot132(C,B), somenot132(A,D) 0.369636963696 (4.0, 1.0, 89.0, 10.0) 0.554455445545 [ACCEPT]
[LVL9] rsomenot132(A,B) :- somenot132(C,B), somenot132(D,C) 0.369636963696 (4.0, 1.0, 89.0, 10.0) 0.554455445545 [ACCEPT]
[LVL9] rsomenot132(A,B) :- somenot132(C,B), \+all132(A,C) 0.175742574257 (5.0, 9.0, 81.0, 9.0) 0.70297029703 [ACCEPT]
[LVL9] rsomenot132(A,B) :- somenot132(C,B), \+all132(C,A) 0.239146991622 (6.0, 9.0, 81.0, 8.0) 0.777227722772 [ACCEPT]
[LVL9] rsomenot132(A,B) :- somenot132(C,B), \+some132(A,C) 0.239146991622 (6.0, 9.0, 81.0, 8.0) 0.777227722772 [ACCEPT]
[LVL9] rsomenot132(A,B) :- somenot132(C,B), \+some132(C,A) 0.239146991622 (6.0, 9.0, 81.0, 8.0) 0.777227722772 [ACCEPT]
[LVL9] rsomenot132(A,B) :- somenot132(C,B), \+no132(A,C) 0.175742574257 (5.0, 9.0, 81.0, 9.0) 0.70297029703 [ACCEPT]
[LVL9] rsomenot132(A,B) :- somenot132(C,B), \+no132(C,A) 0.259075907591 (6.0, 8.0, 82.0, 8.0) 0.777227722772 [ACCEPT]
[LVL9] rsomenot132(A,B) :- somenot132(C,B), \+somenot132(A,C) 0.175742574257 (5.0, 9.0, 81.0, 9.0) 0.70297029703 [ACCEPT]
[LVL9] rsomenot132(A,B) :- somenot132(C,B), \+somenot132(C,A) 0.259075907591 (6.0, 8.0, 82.0, 8.0) 0.777227722772 [ACCEPT]
[LVL9] rsomenot132(A,B) :- some132(C,A), all132(B,C) 0.369636963696 (4.0, 1.0, 89.0, 10.0) 0.554455445545 [ACCEPT]
[LVL9] rsomenot132(A,B) :- some132(C,A), all132(B,D) 0.369636963696 (4.0, 1.0, 89.0, 10.0) 0.554455445545 [ACCEPT]
[LVL9] rsomenot132(A,B) :- some132(C,A), all132(D,C) 0.369636963696 (4.0, 1.0, 89.0, 10.0) 0.554455445545 [ACCEPT]
[LVL9] rsomenot132(A,B) :- some132(C,A), some132(C,B) 0.369636963696 (4.0, 1.0, 89.0, 10.0) 0.554455445545 [ACCEPT]
[LVL9] rsomenot132(A,B) :- some132(C,A), some132(D,B) 0.369636963696 (4.0, 1.0, 89.0, 10.0) 0.554455445545 [ACCEPT]
[LVL9] rsomenot132(A,B) :- some132(C,A), \+all132(B,C) 0.123212321232 (4.0, 7.0, 83.0, 10.0) 0.554455445545 [ACCEPT]
[LVL9] rsomenot132(A,B) :- some132(C,A), \+some132(C,B) 0.123212321232 (4.0, 7.0, 83.0, 10.0) 0.554455445545 [ACCEPT]
[LVL9] rsomenot132(A,B) :- some132(C,A), \+some132(B,C) 0.234323432343 (5.0, 6.0, 84.0, 9.0) 0.70297029703 [ACCEPT]
[LVL9] rsomenot132(A,B) :- some132(C,A), \+no132(B,C) 0.234323432343 (5.0, 6.0, 84.0, 9.0) 0.70297029703 [ACCEPT]
[LVL9] rsomenot132(A,B) :- some132(C,A), \+somenot132(C,B) 0.210891089109 (5.0, 7.0, 83.0, 9.0) 0.70297029703 [ACCEPT]
[LVL9] rsomenot132(A,B) :- some132(C,A), \+somenot132(B,C) 0.210891089109 (5.0, 7.0, 83.0, 9.0) 0.70297029703 [ACCEPT]
[LVL9] rsomenot132(A,B) :- some132(C,B), some132(A,C) 0.369636963696 (4.0, 1.0, 89.0, 10.0) 0.554455445545 [ACCEPT]
[LVL9] rsomenot132(A,B) :- some132(C,B), some132(A,D) 0.369636963696 (4.0, 1.0, 89.0, 10.0) 0.554455445545 [ACCEPT]
[LVL9] rsomenot132(A,B) :- some132(C,B), some132(D,A) 0.369636963696 (4.0, 1.0, 89.0, 10.0) 0.554455445545 [ACCEPT]
[LVL9] rsomenot132(A,B) :- some132(C,B), some132(D,C) 0.369636963696 (4.0, 1.0, 89.0, 10.0) 0.554455445545 [ACCEPT]
[LVL9] rsomenot132(A,B) :- some132(C,B), \+all132(A,C) 0.191719171917 (5.0, 8.0, 82.0, 9.0) 0.70297029703 [ACCEPT]
[LVL9] rsomenot132(A,B) :- some132(C,B), \+all132(C,A) 0.175742574257 (5.0, 9.0, 81.0, 9.0) 0.70297029703 [ACCEPT]
[LVL9] rsomenot132(A,B) :- some132(C,B), \+some132(A,C) 0.0 (4.0, 9.0, 81.0, 10.0) 0.554455445545 [ACCEPT]
[LVL9] rsomenot132(A,B) :- some132(C,B), \+some132(C,A) 0.0 (4.0, 9.0, 81.0, 10.0) 0.554455445545 [ACCEPT]
[LVL9] rsomenot132(A,B) :- some132(C,B), \+no132(A,C) 0.191719171917 (5.0, 8.0, 82.0, 9.0) 0.70297029703 [ACCEPT]
[LVL9] rsomenot132(A,B) :- some132(C,B), \+no132(C,A) 0.175742574257 (5.0, 9.0, 81.0, 9.0) 0.70297029703 [ACCEPT]
[LVL9] rsomenot132(A,B) :- some132(C,B), \+somenot132(A,C) 0.175742574257 (5.0, 9.0, 81.0, 9.0) 0.70297029703 [ACCEPT]
[LVL9] rsomenot132(A,B) :- some132(C,B), \+somenot132(C,A) 0.175742574257 (5.0, 9.0, 81.0, 9.0) 0.70297029703 [ACCEPT]
[LVL9] rsomenot132(A,B) :- somenot132(A,C), all132(C,B) 0.554455445545 (4.0, 0.0, 90.0, 10.0) 0.554455445545 [REJECT* fp] 3.0
[LVL9] BETTER RULE rsomenot132(A,B) :- somenot132(A,C), all132(C,B) (0.5544554455445545, 4.0) > (0.36963696369636967, 4.0)
[LVL9] rsomenot132(A,B) :- somenot132(A,C), \+all132(B,C) 0.175742574257 (5.0, 9.0, 81.0, 9.0) 0.70297029703 [ACCEPT]
[LVL9] rsomenot132(A,B) :- somenot132(A,C), \+some132(C,B) 0.162223914699 (5.0, 10.0, 80.0, 9.0) 0.70297029703 [ACCEPT]
[LVL9] rsomenot132(A,B) :- somenot132(A,C), \+some132(B,C) 0.162223914699 (5.0, 10.0, 80.0, 9.0) 0.70297029703 [ACCEPT]
[LVL9] rsomenot132(A,B) :- somenot132(A,C), \+no132(C,B) 0.175742574257 (5.0, 9.0, 81.0, 9.0) 0.70297029703 [ACCEPT]
[LVL9] rsomenot132(A,B) :- somenot132(A,C), \+no132(B,C) 0.175742574257 (5.0, 9.0, 81.0, 9.0) 0.70297029703 [ACCEPT]
[LVL9] rsomenot132(A,B) :- somenot132(A,C), \+somenot132(B,C) 0.175742574257 (5.0, 9.0, 81.0, 9.0) 0.70297029703 [ACCEPT]
[LVL9] rsomenot132(A,B) :- no132(A,C), \+all132(C,B) 0.140594059406 (5.0, 12.0, 78.0, 9.0) 0.70297029703 [ACCEPT]
[LVL9] rsomenot132(A,B) :- no132(A,C), \+all132(B,C) 0.140594059406 (5.0, 12.0, 78.0, 9.0) 0.70297029703 [ACCEPT]
[LVL9] rsomenot132(A,B) :- no132(A,C), \+some132(C,B) 0.140594059406 (5.0, 12.0, 78.0, 9.0) 0.70297029703 [ACCEPT]
[LVL9] rsomenot132(A,B) :- no132(A,C), \+some132(B,C) 0.140594059406 (5.0, 12.0, 78.0, 9.0) 0.70297029703 [ACCEPT]
[LVL9] rsomenot132(A,B) :- no132(A,C), \+no132(C,B) 0.140594059406 (5.0, 12.0, 78.0, 9.0) 0.70297029703 [ACCEPT]
[LVL9] rsomenot132(A,B) :- no132(A,C), \+no132(B,C) 0.140594059406 (5.0, 12.0, 78.0, 9.0) 0.70297029703 [ACCEPT]
[DEBUG] Best rule so far: rsomenot132(A,B) :- somenot132(A,C), all132(C,B) [0.554455445545]
[DEBUG] Candidates for iteration 3:
[DEBUG] ==================================
[DEBUG] rsomenot132(A,B) :- somenot132(C,B), all132(A,C) 0.369636963696
[DEBUG] rsomenot132(A,B) :- somenot132(C,B), all132(A,D) 0.369636963696
[DEBUG] rsomenot132(A,B) :- somenot132(C,B), all132(D,C) 0.369636963696
[DEBUG] rsomenot132(A,B) :- somenot132(C,B), no132(A,C) 0.369636963696
[DEBUG] rsomenot132(A,B) :- somenot132(C,B), no132(A,D) 0.369636963696
[DEBUG] rsomenot132(A,B) :- somenot132(C,B), no132(D,C) 0.369636963696
[DEBUG] rsomenot132(A,B) :- somenot132(C,B), somenot132(A,C) 0.369636963696
[DEBUG] rsomenot132(A,B) :- somenot132(C,B), somenot132(A,D) 0.369636963696
[DEBUG] rsomenot132(A,B) :- somenot132(C,B), somenot132(D,C) 0.369636963696
[DEBUG] rsomenot132(A,B) :- some132(C,A), all132(B,C) 0.369636963696
[DEBUG] rsomenot132(A,B) :- some132(C,A), all132(B,D) 0.369636963696
[DEBUG] rsomenot132(A,B) :- some132(C,A), all132(D,C) 0.369636963696
[DEBUG] rsomenot132(A,B) :- some132(C,A), some132(C,B) 0.369636963696
[DEBUG] rsomenot132(A,B) :- some132(C,A), some132(D,B) 0.369636963696
[DEBUG] rsomenot132(A,B) :- some132(C,B), some132(A,C) 0.369636963696
[DEBUG] rsomenot132(A,B) :- some132(C,B), some132(A,D) 0.369636963696
[DEBUG] rsomenot132(A,B) :- some132(C,B), some132(D,A) 0.369636963696
[DEBUG] rsomenot132(A,B) :- some132(C,B), some132(D,C) 0.369636963696
[DEBUG] rsomenot132(A,B) :- somenot132(C,B), \+no132(C,A) 0.259075907591
[DEBUG] rsomenot132(A,B) :- somenot132(C,B), \+somenot132(C,A) 0.259075907591
[DEBUG] rsomenot132(A,B) :- somenot132(C,B), \+all132(C,A) 0.239146991622
[DEBUG] rsomenot132(A,B) :- somenot132(C,B), \+some132(A,C) 0.239146991622
[DEBUG] rsomenot132(A,B) :- somenot132(C,B), \+some132(C,A) 0.239146991622
[DEBUG] rsomenot132(A,B) :- some132(C,A), \+some132(B,C) 0.234323432343
[DEBUG] rsomenot132(A,B) :- some132(C,A), \+no132(B,C) 0.234323432343
[DEBUG] rsomenot132(A,B) :- some132(C,A), \+somenot132(C,B) 0.210891089109
[DEBUG] rsomenot132(A,B) :- some132(C,A), \+somenot132(B,C) 0.210891089109
[DEBUG] rsomenot132(A,B) :- some132(C,B), \+all132(A,C) 0.191719171917
[DEBUG] rsomenot132(A,B) :- some132(C,B), \+no132(A,C) 0.191719171917
[DEBUG] rsomenot132(A,B) :- somenot132(C,B), \+all132(A,C) 0.175742574257
[DEBUG] rsomenot132(A,B) :- somenot132(C,B), \+no132(A,C) 0.175742574257
[DEBUG] rsomenot132(A,B) :- somenot132(C,B), \+somenot132(A,C) 0.175742574257
[DEBUG] rsomenot132(A,B) :- some132(C,B), \+all132(C,A) 0.175742574257
[DEBUG] rsomenot132(A,B) :- some132(C,B), \+no132(C,A) 0.175742574257
[DEBUG] rsomenot132(A,B) :- some132(C,B), \+somenot132(A,C) 0.175742574257
[DEBUG] rsomenot132(A,B) :- some132(C,B), \+somenot132(C,A) 0.175742574257
[DEBUG] rsomenot132(A,B) :- somenot132(A,C), \+all132(B,C) 0.175742574257
[DEBUG] rsomenot132(A,B) :- somenot132(A,C), \+no132(C,B) 0.175742574257
[DEBUG] rsomenot132(A,B) :- somenot132(A,C), \+no132(B,C) 0.175742574257
[DEBUG] rsomenot132(A,B) :- somenot132(A,C), \+somenot132(B,C) 0.175742574257
[DEBUG] rsomenot132(A,B) :- somenot132(A,C), \+some132(C,B) 0.162223914699
[DEBUG] rsomenot132(A,B) :- somenot132(A,C), \+some132(B,C) 0.162223914699
[DEBUG] rsomenot132(A,B) :- no132(A,C), \+all132(C,B) 0.140594059406
[DEBUG] rsomenot132(A,B) :- no132(A,C), \+all132(B,C) 0.140594059406
[DEBUG] rsomenot132(A,B) :- no132(A,C), \+some132(C,B) 0.140594059406
[DEBUG] rsomenot132(A,B) :- no132(A,C), \+some132(B,C) 0.140594059406
[DEBUG] rsomenot132(A,B) :- no132(A,C), \+no132(C,B) 0.140594059406
[DEBUG] rsomenot132(A,B) :- no132(A,C), \+no132(B,C) 0.140594059406
[DEBUG] rsomenot132(A,B) :- some132(C,A), \+all132(B,C) 0.123212321232
[DEBUG] rsomenot132(A,B) :- some132(C,A), \+some132(C,B) 0.123212321232
[DEBUG] rsomenot132(A,B) :- some132(C,B), \+some132(A,C) 0.0
[DEBUG] rsomenot132(A,B) :- some132(C,B), \+some132(C,A) 0.0
[DEBUG] ==================================
[INFO] RULE LEARNED: rsomenot132(A,B) :- somenot132(A,C), all132(C,B) 0.903846153846
[DEBUG] Best rule so far: rsomenot132(A,B) :- true [0.0]
[DEBUG] Candidates for iteration 1:
[DEBUG] ==================================
[DEBUG] rsomenot132(A,B) :- true 0.0
[DEBUG] ==================================
[LVL9] rsomenot132(A,B) :- all132(A,C) 0.0 (5.0, 13.0, 77.0, 9.0) 0.55 [ACCEPT]
[LVL9] rsomenot132(A,B) :- all132(B,C) 0.0 (5.0, 13.0, 77.0, 9.0) 0.55 [ACCEPT]
[LVL9] rsomenot132(A,B) :- all132(C,A) 0.0 (5.0, 10.0, 80.0, 9.0) 0.55 [ACCEPT]
[LVL9] rsomenot132(A,B) :- some132(A,C) 0.0 (5.0, 10.0, 80.0, 9.0) 0.55 [ACCEPT]
[LVL9] rsomenot132(A,B) :- some132(B,C) 0.1 (5.0, 9.0, 81.0, 9.0) 0.55 [ACCEPT]
[LVL9] BETTER RULE rsomenot132(A,B) :- some132(B,C) (0.1, 5.0) > (0.0, 14.0)
[LVL9] rsomenot132(A,B) :- some132(C,A) 0.190909090909 (6.0, 8.0, 82.0, 8.0) 0.7 [ACCEPT]
[LVL9] BETTER RULE rsomenot132(A,B) :- some132(C,A) (0.19090909090909092, 6.0) > (0.1, 5.0)
[LVL9] rsomenot132(A,B) :- some132(C,B) 0.161538461538 (6.0, 10.0, 80.0, 8.0) 0.7 [ACCEPT]
[LVL9] rsomenot132(A,B) :- no132(A,C) 0.123529411765 (6.0, 14.0, 76.0, 8.0) 0.7 [ACCEPT]
[LVL9] rsomenot132(A,B) :- no132(B,C) 0.0 (5.0, 15.0, 75.0, 9.0) 0.55 [ACCEPT]
[LVL9] rsomenot132(A,B) :- no132(C,A) 0.0 (5.0, 13.0, 77.0, 9.0) 0.55 [ACCEPT]
[LVL9] rsomenot132(A,B) :- no132(C,B) 0.0 (5.0, 12.0, 78.0, 9.0) 0.55 [ACCEPT]
[LVL9] rsomenot132(A,B) :- somenot132(A,C) 0.0 (5.0, 11.0, 79.0, 9.0) 0.55 [ACCEPT]
[LVL9] rsomenot132(A,B) :- somenot132(B,C) 0.0 (5.0, 12.0, 78.0, 9.0) 0.55 [ACCEPT]
[LVL9] rsomenot132(A,B) :- somenot132(C,A) 0.0 (5.0, 11.0, 79.0, 9.0) 0.55 [ACCEPT]
[LVL9] rsomenot132(A,B) :- somenot132(C,B) 0.221428571429 (7.0, 10.0, 80.0, 7.0) 0.775 [ACCEPT]
[LVL9] BETTER RULE rsomenot132(A,B) :- somenot132(C,B) (0.22142857142857145, 7.0) > (0.19090909090909092, 6.0)
[DEBUG] Best rule so far: rsomenot132(A,B) :- somenot132(C,B) [0.221428571429]
[DEBUG] Candidates for iteration 2:
[DEBUG] ==================================
[DEBUG] rsomenot132(A,B) :- somenot132(C,B) 0.221428571429
[DEBUG] rsomenot132(A,B) :- some132(C,A) 0.190909090909
[DEBUG] rsomenot132(A,B) :- some132(C,B) 0.161538461538
[DEBUG] rsomenot132(A,B) :- no132(A,C) 0.123529411765
[DEBUG] rsomenot132(A,B) :- some132(B,C) 0.1
[DEBUG] rsomenot132(A,B) :- all132(A,C) 0.0
[DEBUG] rsomenot132(A,B) :- all132(B,C) 0.0
[DEBUG] rsomenot132(A,B) :- all132(C,A) 0.0
[DEBUG] rsomenot132(A,B) :- some132(A,C) 0.0
[DEBUG] rsomenot132(A,B) :- no132(B,C) 0.0
[DEBUG] rsomenot132(A,B) :- no132(C,A) 0.0
[DEBUG] rsomenot132(A,B) :- no132(C,B) 0.0
[DEBUG] rsomenot132(A,B) :- somenot132(A,C) 0.0
[DEBUG] rsomenot132(A,B) :- somenot132(B,C) 0.0
[DEBUG] rsomenot132(A,B) :- somenot132(C,A) 0.0
[DEBUG] ==================================
[LVL9] rsomenot132(A,B) :- somenot132(C,B), all132(A,C) 0.366666666667 (5.0, 1.0, 89.0, 9.0) 0.55 [ACCEPT]
[LVL9] BETTER RULE rsomenot132(A,B) :- somenot132(C,B), all132(A,C) (0.3666666666666667, 5.0) > (0.22142857142857145, 7.0)
[LVL9] rsomenot132(A,B) :- somenot132(C,B), all132(A,D) 0.366666666667 (5.0, 1.0, 89.0, 9.0) 0.55 [ACCEPT]
[LVL9] rsomenot132(A,B) :- somenot132(C,B), all132(D,C) 0.366666666667 (5.0, 1.0, 89.0, 9.0) 0.55 [ACCEPT]
[LVL9] rsomenot132(A,B) :- somenot132(C,B), no132(A,C) 0.366666666667 (5.0, 1.0, 89.0, 9.0) 0.55 [ACCEPT]
[LVL9] rsomenot132(A,B) :- somenot132(C,B), no132(A,D) 0.366666666667 (5.0, 1.0, 89.0, 9.0) 0.55 [ACCEPT]
[LVL9] rsomenot132(A,B) :- somenot132(C,B), no132(D,C) 0.366666666667 (5.0, 1.0, 89.0, 9.0) 0.55 [ACCEPT]
[LVL9] rsomenot132(A,B) :- somenot132(C,B), somenot132(A,C) 0.366666666667 (5.0, 1.0, 89.0, 9.0) 0.55 [ACCEPT]
[LVL9] rsomenot132(A,B) :- somenot132(C,B), somenot132(A,D) 0.366666666667 (5.0, 1.0, 89.0, 9.0) 0.55 [ACCEPT]
[LVL9] rsomenot132(A,B) :- somenot132(C,B), somenot132(D,C) 0.366666666667 (5.0, 1.0, 89.0, 9.0) 0.55 [ACCEPT]
[LVL9] rsomenot132(A,B) :- somenot132(C,B), \+all132(A,C) 0.175 (6.0, 9.0, 81.0, 8.0) 0.7 [ACCEPT]
[LVL9] rsomenot132(A,B) :- somenot132(C,B), \+all132(C,A) 0.238461538462 (7.0, 9.0, 81.0, 7.0) 0.775 [ACCEPT]
[LVL9] rsomenot132(A,B) :- somenot132(C,B), \+some132(A,C) 0.238461538462 (7.0, 9.0, 81.0, 7.0) 0.775 [ACCEPT]
[LVL9] rsomenot132(A,B) :- somenot132(C,B), \+some132(C,A) 0.238461538462 (7.0, 9.0, 81.0, 7.0) 0.775 [ACCEPT]
[LVL9] rsomenot132(A,B) :- somenot132(C,B), \+no132(A,C) 0.175 (6.0, 9.0, 81.0, 8.0) 0.7 [ACCEPT]
[LVL9] rsomenot132(A,B) :- somenot132(C,B), \+no132(C,A) 0.258333333333 (7.0, 8.0, 82.0, 7.0) 0.775 [ACCEPT]
[LVL9] rsomenot132(A,B) :- somenot132(C,B), \+somenot132(A,C) 0.175 (6.0, 9.0, 81.0, 8.0) 0.7 [ACCEPT]
[LVL9] rsomenot132(A,B) :- somenot132(C,B), \+somenot132(C,A) 0.258333333333 (7.0, 8.0, 82.0, 7.0) 0.775 [ACCEPT]
[LVL9] rsomenot132(A,B) :- some132(C,A), all132(B,C) 0.366666666667 (5.0, 1.0, 89.0, 9.0) 0.55 [ACCEPT]
[LVL9] rsomenot132(A,B) :- some132(C,A), all132(B,D) 0.366666666667 (5.0, 1.0, 89.0, 9.0) 0.55 [ACCEPT]
[LVL9] rsomenot132(A,B) :- some132(C,A), all132(D,C) 0.366666666667 (5.0, 1.0, 89.0, 9.0) 0.55 [ACCEPT]
[LVL9] rsomenot132(A,B) :- some132(C,A), some132(C,B) 0.366666666667 (5.0, 1.0, 89.0, 9.0) 0.55 [ACCEPT]
[LVL9] rsomenot132(A,B) :- some132(C,A), some132(D,B) 0.366666666667 (5.0, 1.0, 89.0, 9.0) 0.55 [ACCEPT]
[LVL9] rsomenot132(A,B) :- some132(C,A), \+all132(B,C) 0.122222222222 (5.0, 7.0, 83.0, 9.0) 0.55 [ACCEPT]
[LVL9] rsomenot132(A,B) :- some132(C,A), \+some132(C,B) 0.122222222222 (5.0, 7.0, 83.0, 9.0) 0.55 [ACCEPT]
[LVL9] rsomenot132(A,B) :- some132(C,A), \+some132(B,C) 0.233333333333 (6.0, 6.0, 84.0, 8.0) 0.7 [ACCEPT]
[LVL9] rsomenot132(A,B) :- some132(C,A), \+no132(B,C) 0.233333333333 (6.0, 6.0, 84.0, 8.0) 0.7 [ACCEPT]
[LVL9] rsomenot132(A,B) :- some132(C,A), \+somenot132(C,B) 0.21 (6.0, 7.0, 83.0, 8.0) 0.7 [ACCEPT]
[LVL9] rsomenot132(A,B) :- some132(C,A), \+somenot132(B,C) 0.21 (6.0, 7.0, 83.0, 8.0) 0.7 [ACCEPT]
[LVL9] rsomenot132(A,B) :- some132(C,B), some132(A,C) 0.366666666667 (5.0, 1.0, 89.0, 9.0) 0.55 [ACCEPT]
[LVL9] rsomenot132(A,B) :- some132(C,B), some132(A,D) 0.366666666667 (5.0, 1.0, 89.0, 9.0) 0.55 [ACCEPT]
[LVL9] rsomenot132(A,B) :- some132(C,B), some132(D,A) 0.366666666667 (5.0, 1.0, 89.0, 9.0) 0.55 [ACCEPT]
[LVL9] rsomenot132(A,B) :- some132(C,B), some132(D,C) 0.366666666667 (5.0, 1.0, 89.0, 9.0) 0.55 [ACCEPT]
[LVL9] rsomenot132(A,B) :- some132(C,B), \+all132(A,C) 0.190909090909 (6.0, 8.0, 82.0, 8.0) 0.7 [ACCEPT]
[LVL9] rsomenot132(A,B) :- some132(C,B), \+all132(C,A) 0.175 (6.0, 9.0, 81.0, 8.0) 0.7 [ACCEPT]
[LVL9] rsomenot132(A,B) :- some132(C,B), \+some132(A,C) 0.1 (5.0, 9.0, 81.0, 9.0) 0.55 [ACCEPT]
[LVL9] rsomenot132(A,B) :- some132(C,B), \+some132(C,A) 0.1 (5.0, 9.0, 81.0, 9.0) 0.55 [ACCEPT]
[LVL9] rsomenot132(A,B) :- some132(C,B), \+no132(A,C) 0.190909090909 (6.0, 8.0, 82.0, 8.0) 0.7 [ACCEPT]
[LVL9] rsomenot132(A,B) :- some132(C,B), \+no132(C,A) 0.175 (6.0, 9.0, 81.0, 8.0) 0.7 [ACCEPT]
[LVL9] rsomenot132(A,B) :- some132(C,B), \+somenot132(A,C) 0.175 (6.0, 9.0, 81.0, 8.0) 0.7 [ACCEPT]
[LVL9] rsomenot132(A,B) :- some132(C,B), \+somenot132(C,A) 0.175 (6.0, 9.0, 81.0, 8.0) 0.7 [ACCEPT]
[LVL9] rsomenot132(A,B) :- no132(A,C), somenot132(B,C) 0.366666666667 (5.0, 1.0, 89.0, 9.0) 0.55 [ACCEPT]
[LVL9] rsomenot132(A,B) :- no132(A,C), somenot132(C,D) 0.366666666667 (5.0, 1.0, 89.0, 9.0) 0.55 [ACCEPT]
[LVL9] rsomenot132(A,B) :- no132(A,C), somenot132(B,D) 0.366666666667 (5.0, 1.0, 89.0, 9.0) 0.55 [ACCEPT]
[LVL9] rsomenot132(A,B) :- no132(A,C), somenot132(D,C) 0.366666666667 (5.0, 1.0, 89.0, 9.0) 0.55 [ACCEPT]
[LVL9] rsomenot132(A,B) :- no132(A,C), somenot132(D,B) 0.366666666667 (5.0, 1.0, 89.0, 9.0) 0.55 [ACCEPT]
[LVL9] rsomenot132(A,B) :- no132(A,C), \+all132(C,B) 0.14 (6.0, 12.0, 78.0, 8.0) 0.7 [ACCEPT]
[LVL9] rsomenot132(A,B) :- no132(A,C), \+all132(B,C) 0.14 (6.0, 12.0, 78.0, 8.0) 0.7 [ACCEPT]
[LVL9] rsomenot132(A,B) :- no132(A,C), \+some132(C,B) 0.14 (6.0, 12.0, 78.0, 8.0) 0.7 [ACCEPT]
[LVL9] rsomenot132(A,B) :- no132(A,C), \+some132(B,C) 0.14 (6.0, 12.0, 78.0, 8.0) 0.7 [ACCEPT]
[LVL9] rsomenot132(A,B) :- no132(A,C), \+no132(C,B) 0.14 (6.0, 12.0, 78.0, 8.0) 0.7 [ACCEPT]
[LVL9] rsomenot132(A,B) :- no132(A,C), \+no132(B,C) 0.14 (6.0, 12.0, 78.0, 8.0) 0.7 [ACCEPT]
[LVL9] rsomenot132(A,B) :- no132(A,C), \+somenot132(C,B) 0.0 (5.0, 13.0, 77.0, 9.0) 0.55 [ACCEPT]
[LVL9] rsomenot132(A,B) :- no132(A,C), \+somenot132(B,C) 0.0 (5.0, 13.0, 77.0, 9.0) 0.55 [ACCEPT]
[LVL9] rsomenot132(A,B) :- some132(B,C), no132(C,A) 0.366666666667 (5.0, 1.0, 89.0, 9.0) 0.55 [ACCEPT]
[LVL9] rsomenot132(A,B) :- some132(B,C), no132(C,D) 0.366666666667 (5.0, 1.0, 89.0, 9.0) 0.55 [ACCEPT]
[LVL9] rsomenot132(A,B) :- some132(B,C), no132(D,A) 0.366666666667 (5.0, 1.0, 89.0, 9.0) 0.55 [ACCEPT]
[LVL9] rsomenot132(A,B) :- some132(B,C), \+all132(A,C) 0.11 (5.0, 8.0, 82.0, 9.0) 0.55 [ACCEPT]
[LVL9] rsomenot132(A,B) :- some132(B,C), \+some132(A,C) 0.122222222222 (5.0, 7.0, 83.0, 9.0) 0.55 [ACCEPT]
[LVL9] rsomenot132(A,B) :- some132(B,C), \+some132(C,A) 0.122222222222 (5.0, 7.0, 83.0, 9.0) 0.55 [ACCEPT]
[LVL9] rsomenot132(A,B) :- some132(B,C), \+no132(A,C) 0.122222222222 (5.0, 7.0, 83.0, 9.0) 0.55 [ACCEPT]
[LVL9] rsomenot132(A,B) :- some132(B,C), \+somenot132(A,C) 0.11 (5.0, 8.0, 82.0, 9.0) 0.55 [ACCEPT]
[LVL9] rsomenot132(A,B) :- all132(A,C), somenot132(C,D) 0.366666666667 (5.0, 1.0, 89.0, 9.0) 0.55 [ACCEPT]
[LVL9] rsomenot132(A,B) :- all132(A,C), somenot132(D,B) 0.366666666667 (5.0, 1.0, 89.0, 9.0) 0.55 [ACCEPT]
[LVL9] rsomenot132(A,B) :- all132(A,C), \+all132(C,B) 0.0 (5.0, 11.0, 79.0, 9.0) 0.55 [ACCEPT]
[LVL9] rsomenot132(A,B) :- all132(A,C), \+all132(B,C) 0.0 (5.0, 11.0, 79.0, 9.0) 0.55 [ACCEPT]
[LVL9] rsomenot132(A,B) :- all132(A,C), \+some132(C,B) 0.0 (5.0, 11.0, 79.0, 9.0) 0.55 [ACCEPT]
[LVL9] rsomenot132(A,B) :- all132(A,C), \+some132(B,C) 0.0 (5.0, 12.0, 78.0, 9.0) 0.55 [ACCEPT]
[LVL9] rsomenot132(A,B) :- all132(A,C), \+no132(C,B) 0.0 (5.0, 12.0, 78.0, 9.0) 0.55 [ACCEPT]
[LVL9] rsomenot132(A,B) :- all132(A,C), \+no132(B,C) 0.0 (5.0, 11.0, 79.0, 9.0) 0.55 [ACCEPT]
[LVL9] rsomenot132(A,B) :- all132(A,C), \+somenot132(B,C) 0.0 (5.0, 11.0, 79.0, 9.0) 0.55 [ACCEPT]
[LVL9] rsomenot132(A,B) :- all132(B,C), some132(C,D) 0.366666666667 (5.0, 1.0, 89.0, 9.0) 0.55 [ACCEPT]
[LVL9] rsomenot132(A,B) :- all132(B,C), some132(D,A) 0.366666666667 (5.0, 1.0, 89.0, 9.0) 0.55 [ACCEPT]
[LVL9] rsomenot132(A,B) :- all132(B,C), \+all132(A,C) 0.0 (5.0, 11.0, 79.0, 9.0) 0.55 [ACCEPT]
[LVL9] rsomenot132(A,B) :- all132(B,C), \+all132(C,A) 0.0 (5.0, 11.0, 79.0, 9.0) 0.55 [ACCEPT]
[LVL9] rsomenot132(A,B) :- all132(B,C), \+some132(A,C) 0.0 (5.0, 12.0, 78.0, 9.0) 0.55 [ACCEPT]
[LVL9] rsomenot132(A,B) :- all132(B,C), \+no132(A,C) 0.0 (5.0, 11.0, 79.0, 9.0) 0.55 [ACCEPT]
[LVL9] rsomenot132(A,B) :- all132(B,C), \+no132(C,A) 0.0 (5.0, 12.0, 78.0, 9.0) 0.55 [ACCEPT]
[LVL9] rsomenot132(A,B) :- all132(B,C), \+somenot132(A,C) 0.0 (5.0, 11.0, 79.0, 9.0) 0.55 [ACCEPT]
[LVL9] rsomenot132(A,B) :- all132(B,C), \+somenot132(C,A) 0.0 (5.0, 11.0, 79.0, 9.0) 0.55 [ACCEPT]
[LVL9] rsomenot132(A,B) :- all132(C,A), no132(C,B) 0.366666666667 (5.0, 1.0, 89.0, 9.0) 0.55 [ACCEPT]
[LVL9] rsomenot132(A,B) :- all132(C,A), no132(C,D) 0.366666666667 (5.0, 1.0, 89.0, 9.0) 0.55 [ACCEPT]
[LVL9] rsomenot132(A,B) :- all132(C,A), no132(D,B) 0.366666666667 (5.0, 1.0, 89.0, 9.0) 0.55 [ACCEPT]
[LVL9] rsomenot132(A,B) :- all132(C,A), \+all132(C,B) 0.11 (5.0, 8.0, 82.0, 9.0) 0.55 [ACCEPT]
[LVL9] rsomenot132(A,B) :- all132(C,A), \+all132(B,C) 0.11 (5.0, 8.0, 82.0, 9.0) 0.55 [ACCEPT]
[LVL9] rsomenot132(A,B) :- all132(C,A), \+some132(C,B) 0.1 (5.0, 9.0, 81.0, 9.0) 0.55 [ACCEPT]
[LVL9] rsomenot132(A,B) :- all132(C,A), \+no132(B,C) 0.11 (5.0, 8.0, 82.0, 9.0) 0.55 [ACCEPT]
[LVL9] rsomenot132(A,B) :- all132(C,A), \+somenot132(C,B) 0.1 (5.0, 9.0, 81.0, 9.0) 0.55 [ACCEPT]
[LVL9] rsomenot132(A,B) :- all132(C,A), \+somenot132(B,C) 0.1 (5.0, 9.0, 81.0, 9.0) 0.55 [ACCEPT]
[LVL9] rsomenot132(A,B) :- some132(A,C), some132(C,D) 0.366666666667 (5.0, 1.0, 89.0, 9.0) 0.55 [ACCEPT]
[LVL9] rsomenot132(A,B) :- some132(A,C), some132(D,B) 0.366666666667 (5.0, 1.0, 89.0, 9.0) 0.55 [ACCEPT]
[LVL9] rsomenot132(A,B) :- some132(A,C), \+all132(B,C) 0.1 (5.0, 9.0, 81.0, 9.0) 0.55 [ACCEPT]
[LVL9] rsomenot132(A,B) :- some132(A,C), \+some132(B,C) 0.11 (5.0, 8.0, 82.0, 9.0) 0.55 [ACCEPT]
[LVL9] rsomenot132(A,B) :- some132(A,C), \+no132(C,B) 0.11 (5.0, 8.0, 82.0, 9.0) 0.55 [ACCEPT]
[LVL9] rsomenot132(A,B) :- some132(A,C), \+no132(B,C) 0.11 (5.0, 8.0, 82.0, 9.0) 0.55 [ACCEPT]
[LVL9] rsomenot132(A,B) :- some132(A,C), \+somenot132(C,B) 0.1 (5.0, 9.0, 81.0, 9.0) 0.55 [ACCEPT]
[LVL9] rsomenot132(A,B) :- some132(A,C), \+somenot132(B,C) 0.1 (5.0, 9.0, 81.0, 9.0) 0.55 [ACCEPT]
[LVL9] rsomenot132(A,B) :- no132(B,C), somenot132(C,A) 0.366666666667 (5.0, 1.0, 89.0, 9.0) 0.55 [ACCEPT]
[LVL9] rsomenot132(A,B) :- no132(B,C), somenot132(C,D) 0.366666666667 (5.0, 1.0, 89.0, 9.0) 0.55 [ACCEPT]
[LVL9] rsomenot132(A,B) :- no132(B,C), somenot132(D,A) 0.366666666667 (5.0, 1.0, 89.0, 9.0) 0.55 [ACCEPT]
[LVL9] rsomenot132(A,B) :- no132(B,C), \+all132(A,C) 0.0 (5.0, 13.0, 77.0, 9.0) 0.55 [ACCEPT]
[LVL9] rsomenot132(A,B) :- no132(C,A), some132(B,D) 0.366666666667 (5.0, 1.0, 89.0, 9.0) 0.55 [ACCEPT]
[LVL9] rsomenot132(A,B) :- no132(C,A), some132(D,C) 0.366666666667 (5.0, 1.0, 89.0, 9.0) 0.55 [ACCEPT]
[LVL9] rsomenot132(A,B) :- no132(C,B), all132(C,D) 0.366666666667 (5.0, 1.0, 89.0, 9.0) 0.55 [ACCEPT]
[LVL9] rsomenot132(A,B) :- no132(C,B), all132(D,A) 0.366666666667 (5.0, 1.0, 89.0, 9.0) 0.55 [ACCEPT]
[LVL9] rsomenot132(A,B) :- somenot132(A,C), somenot132(C,D) 0.366666666667 (5.0, 1.0, 89.0, 9.0) 0.55 [ACCEPT]
[LVL9] rsomenot132(A,B) :- somenot132(A,C), somenot132(D,B) 0.366666666667 (5.0, 1.0, 89.0, 9.0) 0.55 [ACCEPT]
[LVL9] rsomenot132(A,B) :- somenot132(A,C), \+all132(B,C) 0.1 (5.0, 9.0, 81.0, 9.0) 0.55 [ACCEPT]
[LVL9] rsomenot132(A,B) :- somenot132(A,C), \+no132(C,B) 0.1 (5.0, 9.0, 81.0, 9.0) 0.55 [ACCEPT]
[LVL9] rsomenot132(A,B) :- somenot132(A,C), \+no132(B,C) 0.1 (5.0, 9.0, 81.0, 9.0) 0.55 [ACCEPT]
[LVL9] rsomenot132(A,B) :- somenot132(A,C), \+somenot132(B,C) 0.1 (5.0, 9.0, 81.0, 9.0) 0.55 [ACCEPT]
[LVL9] rsomenot132(A,B) :- somenot132(B,C), no132(A,D) 0.366666666667 (5.0, 1.0, 89.0, 9.0) 0.55 [ACCEPT]
[LVL9] rsomenot132(A,B) :- somenot132(B,C), no132(D,C) 0.366666666667 (5.0, 1.0, 89.0, 9.0) 0.55 [ACCEPT]
[LVL9] rsomenot132(A,B) :- somenot132(C,A), no132(B,D) 0.366666666667 (5.0, 1.0, 89.0, 9.0) 0.55 [ACCEPT]
[LVL9] rsomenot132(A,B) :- somenot132(C,A), no132(D,C) 0.366666666667 (5.0, 1.0, 89.0, 9.0) 0.55 [ACCEPT]
[LVL9] rsomenot132(A,B) :- somenot132(C,A), \+all132(B,C) 0.1 (5.0, 9.0, 81.0, 9.0) 0.55 [ACCEPT]
[LVL9] rsomenot132(A,B) :- somenot132(C,A), \+no132(C,B) 0.1 (5.0, 9.0, 81.0, 9.0) 0.55 [ACCEPT]
[LVL9] rsomenot132(A,B) :- somenot132(C,A), \+somenot132(C,B) 0.1 (5.0, 9.0, 81.0, 9.0) 0.55 [ACCEPT]
[DEBUG] Best rule so far: rsomenot132(A,B) :- somenot132(C,B), all132(A,C) [0.366666666667]
[DEBUG] Candidates for iteration 3:
[DEBUG] ==================================
[DEBUG] rsomenot132(A,B) :- somenot132(C,B), all132(A,C) 0.366666666667
[DEBUG] rsomenot132(A,B) :- somenot132(C,B), all132(A,D) 0.366666666667
[DEBUG] rsomenot132(A,B) :- somenot132(C,B), all132(D,C) 0.366666666667
[DEBUG] rsomenot132(A,B) :- somenot132(C,B), no132(A,C) 0.366666666667
[DEBUG] rsomenot132(A,B) :- somenot132(C,B), no132(A,D) 0.366666666667
[DEBUG] rsomenot132(A,B) :- somenot132(C,B), no132(D,C) 0.366666666667
[DEBUG] rsomenot132(A,B) :- somenot132(C,B), somenot132(A,C) 0.366666666667
[DEBUG] rsomenot132(A,B) :- somenot132(C,B), somenot132(A,D) 0.366666666667
[DEBUG] rsomenot132(A,B) :- somenot132(C,B), somenot132(D,C) 0.366666666667
[DEBUG] rsomenot132(A,B) :- some132(C,A), all132(B,C) 0.366666666667
[DEBUG] rsomenot132(A,B) :- some132(C,A), all132(B,D) 0.366666666667
[DEBUG] rsomenot132(A,B) :- some132(C,A), all132(D,C) 0.366666666667
[DEBUG] rsomenot132(A,B) :- some132(C,A), some132(C,B) 0.366666666667
[DEBUG] rsomenot132(A,B) :- some132(C,A), some132(D,B) 0.366666666667
[DEBUG] rsomenot132(A,B) :- some132(C,B), some132(A,C) 0.366666666667
[DEBUG] rsomenot132(A,B) :- some132(C,B), some132(A,D) 0.366666666667
[DEBUG] rsomenot132(A,B) :- some132(C,B), some132(D,A) 0.366666666667
[DEBUG] rsomenot132(A,B) :- some132(C,B), some132(D,C) 0.366666666667
[DEBUG] rsomenot132(A,B) :- no132(A,C), somenot132(B,C) 0.366666666667
[DEBUG] rsomenot132(A,B) :- no132(A,C), somenot132(C,D) 0.366666666667
[DEBUG] rsomenot132(A,B) :- no132(A,C), somenot132(B,D) 0.366666666667
[DEBUG] rsomenot132(A,B) :- no132(A,C), somenot132(D,C) 0.366666666667
[DEBUG] rsomenot132(A,B) :- no132(A,C), somenot132(D,B) 0.366666666667
[DEBUG] rsomenot132(A,B) :- some132(B,C), no132(C,A) 0.366666666667
[DEBUG] rsomenot132(A,B) :- some132(B,C), no132(C,D) 0.366666666667
[DEBUG] rsomenot132(A,B) :- some132(B,C), no132(D,A) 0.366666666667
[DEBUG] rsomenot132(A,B) :- all132(A,C), somenot132(C,D) 0.366666666667
[DEBUG] rsomenot132(A,B) :- all132(A,C), somenot132(D,B) 0.366666666667
[DEBUG] rsomenot132(A,B) :- all132(B,C), some132(C,D) 0.366666666667
[DEBUG] rsomenot132(A,B) :- all132(B,C), some132(D,A) 0.366666666667
[DEBUG] rsomenot132(A,B) :- all132(C,A), no132(C,B) 0.366666666667
[DEBUG] rsomenot132(A,B) :- all132(C,A), no132(C,D) 0.366666666667
[DEBUG] rsomenot132(A,B) :- all132(C,A), no132(D,B) 0.366666666667
[DEBUG] rsomenot132(A,B) :- some132(A,C), some132(C,D) 0.366666666667
[DEBUG] rsomenot132(A,B) :- some132(A,C), some132(D,B) 0.366666666667
[DEBUG] rsomenot132(A,B) :- no132(B,C), somenot132(C,A) 0.366666666667
[DEBUG] rsomenot132(A,B) :- no132(B,C), somenot132(C,D) 0.366666666667
[DEBUG] rsomenot132(A,B) :- no132(B,C), somenot132(D,A) 0.366666666667
[DEBUG] rsomenot132(A,B) :- no132(C,A), some132(B,D) 0.366666666667
[DEBUG] rsomenot132(A,B) :- no132(C,A), some132(D,C) 0.366666666667
[DEBUG] rsomenot132(A,B) :- no132(C,B), all132(C,D) 0.366666666667
[DEBUG] rsomenot132(A,B) :- no132(C,B), all132(D,A) 0.366666666667
[DEBUG] rsomenot132(A,B) :- somenot132(A,C), somenot132(C,D) 0.366666666667
[DEBUG] rsomenot132(A,B) :- somenot132(A,C), somenot132(D,B) 0.366666666667
[DEBUG] rsomenot132(A,B) :- somenot132(B,C), no132(A,D) 0.366666666667
[DEBUG] rsomenot132(A,B) :- somenot132(B,C), no132(D,C) 0.366666666667
[DEBUG] rsomenot132(A,B) :- somenot132(C,A), no132(B,D) 0.366666666667
[DEBUG] rsomenot132(A,B) :- somenot132(C,A), no132(D,C) 0.366666666667
[DEBUG] rsomenot132(A,B) :- somenot132(C,B), \+no132(C,A) 0.258333333333
[DEBUG] rsomenot132(A,B) :- somenot132(C,B), \+somenot132(C,A) 0.258333333333
[DEBUG] rsomenot132(A,B) :- somenot132(C,B), \+all132(C,A) 0.238461538462
[DEBUG] rsomenot132(A,B) :- somenot132(C,B), \+some132(A,C) 0.238461538462
[DEBUG] rsomenot132(A,B) :- somenot132(C,B), \+some132(C,A) 0.238461538462
[DEBUG] rsomenot132(A,B) :- some132(C,A), \+some132(B,C) 0.233333333333
[DEBUG] rsomenot132(A,B) :- some132(C,A), \+no132(B,C) 0.233333333333
[DEBUG] rsomenot132(A,B) :- some132(C,A), \+somenot132(C,B) 0.21
[DEBUG] rsomenot132(A,B) :- some132(C,A), \+somenot132(B,C) 0.21
[DEBUG] rsomenot132(A,B) :- some132(C,B), \+all132(A,C) 0.190909090909
[DEBUG] rsomenot132(A,B) :- some132(C,B), \+no132(A,C) 0.190909090909
[DEBUG] rsomenot132(A,B) :- somenot132(C,B), \+all132(A,C) 0.175
[DEBUG] rsomenot132(A,B) :- somenot132(C,B), \+no132(A,C) 0.175
[DEBUG] rsomenot132(A,B) :- somenot132(C,B), \+somenot132(A,C) 0.175
[DEBUG] rsomenot132(A,B) :- some132(C,B), \+all132(C,A) 0.175
[DEBUG] rsomenot132(A,B) :- some132(C,B), \+no132(C,A) 0.175
[DEBUG] rsomenot132(A,B) :- some132(C,B), \+somenot132(A,C) 0.175
[DEBUG] rsomenot132(A,B) :- some132(C,B), \+somenot132(C,A) 0.175
[DEBUG] rsomenot132(A,B) :- no132(A,C), \+all132(C,B) 0.14
[DEBUG] rsomenot132(A,B) :- no132(A,C), \+all132(B,C) 0.14
[DEBUG] rsomenot132(A,B) :- no132(A,C), \+some132(C,B) 0.14
[DEBUG] rsomenot132(A,B) :- no132(A,C), \+some132(B,C) 0.14
[DEBUG] rsomenot132(A,B) :- no132(A,C), \+no132(C,B) 0.14
[DEBUG] rsomenot132(A,B) :- no132(A,C), \+no132(B,C) 0.14
[DEBUG] rsomenot132(A,B) :- some132(C,A), \+all132(B,C) 0.122222222222
[DEBUG] rsomenot132(A,B) :- some132(C,A), \+some132(C,B) 0.122222222222
[DEBUG] rsomenot132(A,B) :- some132(B,C), \+some132(A,C) 0.122222222222
[DEBUG] rsomenot132(A,B) :- some132(B,C), \+some132(C,A) 0.122222222222
[DEBUG] rsomenot132(A,B) :- some132(B,C), \+no132(A,C) 0.122222222222
[DEBUG] rsomenot132(A,B) :- some132(B,C), \+all132(A,C) 0.11
[DEBUG] rsomenot132(A,B) :- some132(B,C), \+somenot132(A,C) 0.11
[DEBUG] rsomenot132(A,B) :- all132(C,A), \+all132(C,B) 0.11
[DEBUG] rsomenot132(A,B) :- all132(C,A), \+all132(B,C) 0.11
[DEBUG] rsomenot132(A,B) :- all132(C,A), \+no132(B,C) 0.11
[DEBUG] rsomenot132(A,B) :- some132(A,C), \+some132(B,C) 0.11
[DEBUG] rsomenot132(A,B) :- some132(A,C), \+no132(C,B) 0.11
[DEBUG] rsomenot132(A,B) :- some132(A,C), \+no132(B,C) 0.11
[DEBUG] rsomenot132(A,B) :- some132(C,B), \+some132(A,C) 0.1
[DEBUG] rsomenot132(A,B) :- some132(C,B), \+some132(C,A) 0.1
[DEBUG] rsomenot132(A,B) :- all132(C,A), \+some132(C,B) 0.1
[DEBUG] rsomenot132(A,B) :- all132(C,A), \+somenot132(C,B) 0.1
[DEBUG] rsomenot132(A,B) :- all132(C,A), \+somenot132(B,C) 0.1
[DEBUG] rsomenot132(A,B) :- some132(A,C), \+all132(B,C) 0.1
[DEBUG] rsomenot132(A,B) :- some132(A,C), \+somenot132(C,B) 0.1
[DEBUG] rsomenot132(A,B) :- some132(A,C), \+somenot132(B,C) 0.1
[DEBUG] rsomenot132(A,B) :- somenot132(A,C), \+all132(B,C) 0.1
[DEBUG] rsomenot132(A,B) :- somenot132(A,C), \+no132(C,B) 0.1
[DEBUG] rsomenot132(A,B) :- somenot132(A,C), \+no132(B,C) 0.1
[DEBUG] rsomenot132(A,B) :- somenot132(A,C), \+somenot132(B,C) 0.1
[DEBUG] rsomenot132(A,B) :- somenot132(C,A), \+all132(B,C) 0.1
[DEBUG] rsomenot132(A,B) :- somenot132(C,A), \+no132(C,B) 0.1
[DEBUG] rsomenot132(A,B) :- somenot132(C,A), \+somenot132(C,B) 0.1
[DEBUG] ==================================
[INFO] RULE LEARNED: rsomenot132(A,B) :- somenot132(C,B), all132(A,C) 0.903846153846
