[LVL9] Output level: 9
[INFO] Random seed: 0.303680441947
[INFO] Computing scores: 0.0738s
[INFO] Number of examples (M): 120
[INFO] Positive weight (P): 15.0000
[INFO] Negative weight (N): 105.0000
[DEBUG] Best rule so far: rall22(A,B) :- true [0.125]
[DEBUG] Candidates for iteration 1:
[DEBUG] ==================================
[DEBUG] rall22(A,B) :- true 0.125
[DEBUG] ==================================
[LVL9] rall22(A,B) :- all22(A,C) 0.125 (2.0, 14.0, 91.0, 13.0) 0.708333333333 [ACCEPT]
[LVL9] rall22(A,B) :- all22(C,A) 0.0 (1.0, 14.0, 91.0, 14.0) 0.5625 [ACCEPT]
[LVL9] rall22(A,B) :- all22(C,B) 0.2578125 (4.0, 11.0, 94.0, 11.0) 0.825 [ACCEPT]
[LVL9] BETTER RULE rall22(A,B) :- all22(C,B) (0.2578125, 4.0) > (0.125, 15.0)
[LVL9] rall22(A,B) :- some22(A,C) 0.151785714286 (2.0, 11.0, 94.0, 13.0) 0.708333333333 [ACCEPT]
[LVL9] rall22(A,B) :- some22(B,C) 0.0 (1.0, 12.0, 93.0, 14.0) 0.5625 [ACCEPT]
[LVL9] rall22(A,B) :- some22(C,B) 0.1328125 (2.0, 13.0, 92.0, 13.0) 0.708333333333 [ACCEPT]
[LVL9] rall22(A,B) :- no22(A,C) 0.3203125 (5.0, 10.0, 95.0, 10.0) 0.854166666667 [ACCEPT]
[LVL9] BETTER RULE rall22(A,B) :- no22(A,C) (0.3203125, 5.0) > (0.2578125, 4.0)
[LVL9] rall22(A,B) :- no22(B,C) 0.3828125 (6.0, 9.0, 96.0, 9.0) 0.875 [ACCEPT]
[LVL9] BETTER RULE rall22(A,B) :- no22(B,C) (0.3828125, 6.0) > (0.3203125, 5.0)
[LVL9] rall22(A,B) :- no22(C,A) 0.141666666667 (2.0, 12.0, 93.0, 13.0) 0.708333333333 [ACCEPT]
[LVL9] rall22(A,B) :- no22(C,B) 0.0 (1.0, 13.0, 92.0, 14.0) 0.5625 [ACCEPT]
[LVL9] rall22(A,B) :- somenot22(A,C) 0.0 (1.0, 15.0, 90.0, 14.0) 0.5625 [ACCEPT]
[LVL9] rall22(A,B) :- somenot22(C,A) 0.125 (2.0, 14.0, 91.0, 13.0) 0.708333333333 [ACCEPT]
[LVL9] rall22(A,B) :- somenot22(C,B) 0.0 (1.0, 15.0, 90.0, 14.0) 0.5625 [ACCEPT]
[DEBUG] Best rule so far: rall22(A,B) :- no22(B,C) [0.3828125]
[DEBUG] Candidates for iteration 2:
[DEBUG] ==================================
[DEBUG] rall22(A,B) :- no22(B,C) 0.3828125
[DEBUG] rall22(A,B) :- no22(A,C) 0.3203125
[DEBUG] rall22(A,B) :- all22(C,B) 0.2578125
[DEBUG] rall22(A,B) :- some22(A,C) 0.151785714286
[DEBUG] rall22(A,B) :- no22(C,A) 0.141666666667
[DEBUG] rall22(A,B) :- some22(C,B) 0.1328125
[DEBUG] rall22(A,B) :- all22(A,C) 0.125
[DEBUG] rall22(A,B) :- somenot22(C,A) 0.125
[DEBUG] rall22(A,B) :- all22(C,A) 0.0
[DEBUG] rall22(A,B) :- some22(B,C) 0.0
[DEBUG] rall22(A,B) :- no22(C,B) 0.0
[DEBUG] rall22(A,B) :- somenot22(A,C) 0.0
[DEBUG] rall22(A,B) :- somenot22(C,B) 0.0
[DEBUG] ==================================
[LVL9] rall22(A,B) :- no22(B,C), all22(A,C) 0.375 (1.0, 1.0, 104.0, 14.0) 0.5625 [ACCEPT]
[LVL9] rall22(A,B) :- no22(B,C), all22(A,D) 0.375 (1.0, 1.0, 104.0, 14.0) 0.5625 [ACCEPT]
[LVL9] rall22(A,B) :- no22(B,C), all22(D,C) 0.375 (1.0, 1.0, 104.0, 14.0) 0.5625 [ACCEPT]
[LVL9] rall22(A,B) :- no22(B,C), some22(A,C) 0.5625 (1.0, 0.0, 105.0, 14.0) 0.5625 [REJECT* fp] 0.0
[LVL9] BETTER RULE rall22(A,B) :- no22(B,C), some22(A,C) (0.5625, 1.0) > (0.3828125, 6.0)
[LVL9] rall22(A,B) :- no22(B,C), \+all22(A,C) 0.366071428571 (5.0, 8.0, 97.0, 10.0) 0.854166666667 [ACCEPT]
[LVL9] rall22(A,B) :- no22(B,C), \+all22(C,A) 0.4375 (6.0, 7.0, 98.0, 9.0) 0.875 [ACCEPT]
[LVL9] rall22(A,B) :- no22(B,C), \+some22(C,A) 0.4375 (6.0, 7.0, 98.0, 9.0) 0.875 [ACCEPT]
[LVL9] rall22(A,B) :- no22(B,C), \+no22(A,C) 0.366071428571 (5.0, 8.0, 97.0, 10.0) 0.854166666667 [ACCEPT]
[LVL9] rall22(A,B) :- no22(B,C), \+no22(C,A) 0.366071428571 (5.0, 8.0, 97.0, 10.0) 0.854166666667 [ACCEPT]
[LVL9] rall22(A,B) :- no22(B,C), \+somenot22(A,C) 0.366071428571 (5.0, 8.0, 97.0, 10.0) 0.854166666667 [ACCEPT]
[LVL9] rall22(A,B) :- no22(B,C), \+somenot22(C,A) 0.366071428571 (5.0, 8.0, 97.0, 10.0) 0.854166666667 [ACCEPT]
[LVL9] rall22(A,B) :- no22(A,C), all22(C,B) 0.708333333333 (2.0, 0.0, 105.0, 13.0) 0.708333333333 [REJECT* fp] 0.0
[LVL9] BETTER RULE rall22(A,B) :- no22(A,C), all22(C,B) (0.7083333333333334, 2.0) > (0.5625, 1.0)
[LVL9] rall22(A,B) :- no22(A,C), \+all22(B,C) 0.366071428571 (5.0, 8.0, 97.0, 10.0) 0.854166666667 [ACCEPT]
[LVL9] rall22(A,B) :- no22(A,C), \+some22(C,B) 0.294642857143 (4.0, 9.0, 96.0, 11.0) 0.825 [ACCEPT]
[LVL9] rall22(A,B) :- no22(A,C), \+some22(B,C) 0.341666666667 (5.0, 9.0, 96.0, 10.0) 0.854166666667 [ACCEPT]
[LVL9] rall22(A,B) :- no22(A,C), \+no22(C,B) 0.294642857143 (4.0, 9.0, 96.0, 11.0) 0.825 [ACCEPT]
[LVL9] rall22(A,B) :- no22(A,C), \+no22(B,C) 0.294642857143 (4.0, 9.0, 96.0, 11.0) 0.825 [ACCEPT]
[LVL9] rall22(A,B) :- no22(A,C), \+somenot22(C,B) 0.366071428571 (5.0, 8.0, 97.0, 10.0) 0.854166666667 [ACCEPT]
[LVL9] rall22(A,B) :- no22(A,C), \+somenot22(B,C) 0.366071428571 (5.0, 8.0, 97.0, 10.0) 0.854166666667 [ACCEPT]
[LVL9] rall22(A,B) :- all22(C,B), \+all22(A,C) 0.294642857143 (4.0, 9.0, 96.0, 11.0) 0.825 [ACCEPT]
[LVL9] rall22(A,B) :- all22(C,B), \+all22(C,A) 0.223214285714 (3.0, 10.0, 95.0, 12.0) 0.78125 [ACCEPT]
[LVL9] rall22(A,B) :- all22(C,B), \+some22(A,C) 0.275 (4.0, 10.0, 95.0, 11.0) 0.825 [ACCEPT]
[LVL9] rall22(A,B) :- all22(C,B), \+some22(C,A) 0.294642857143 (4.0, 9.0, 96.0, 11.0) 0.825 [ACCEPT]
[LVL9] rall22(A,B) :- all22(C,B), \+no22(C,A) 0.294642857143 (4.0, 9.0, 96.0, 11.0) 0.825 [ACCEPT]
[LVL9] rall22(A,B) :- all22(C,B), \+somenot22(A,C) 0.294642857143 (4.0, 9.0, 96.0, 11.0) 0.825 [ACCEPT]
[LVL9] rall22(A,B) :- all22(C,B), \+somenot22(C,A) 0.223214285714 (3.0, 10.0, 95.0, 12.0) 0.78125 [ACCEPT]
[DEBUG] Best rule so far: rall22(A,B) :- no22(A,C), all22(C,B) [0.708333333333]
[DEBUG] Candidates for iteration 3:
[DEBUG] ==================================
[DEBUG] rall22(A,B) :- no22(B,C), \+all22(C,A) 0.4375
[DEBUG] rall22(A,B) :- no22(B,C), \+some22(C,A) 0.4375
[DEBUG] rall22(A,B) :- no22(B,C), all22(A,C) 0.375
[DEBUG] rall22(A,B) :- no22(B,C), all22(A,D) 0.375
[DEBUG] rall22(A,B) :- no22(B,C), all22(D,C) 0.375
[DEBUG] rall22(A,B) :- no22(B,C), \+all22(A,C) 0.366071428571
[DEBUG] rall22(A,B) :- no22(B,C), \+no22(A,C) 0.366071428571
[DEBUG] rall22(A,B) :- no22(B,C), \+no22(C,A) 0.366071428571
[DEBUG] rall22(A,B) :- no22(B,C), \+somenot22(A,C) 0.366071428571
[DEBUG] rall22(A,B) :- no22(B,C), \+somenot22(C,A) 0.366071428571
[DEBUG] rall22(A,B) :- no22(A,C), \+all22(B,C) 0.366071428571
[DEBUG] rall22(A,B) :- no22(A,C), \+somenot22(C,B) 0.366071428571
[DEBUG] rall22(A,B) :- no22(A,C), \+somenot22(B,C) 0.366071428571
[DEBUG] rall22(A,B) :- no22(A,C), \+some22(B,C) 0.341666666667
[DEBUG] rall22(A,B) :- no22(A,C), \+some22(C,B) 0.294642857143
[DEBUG] rall22(A,B) :- no22(A,C), \+no22(C,B) 0.294642857143
[DEBUG] rall22(A,B) :- no22(A,C), \+no22(B,C) 0.294642857143
[DEBUG] rall22(A,B) :- all22(C,B), \+all22(A,C) 0.294642857143
[DEBUG] rall22(A,B) :- all22(C,B), \+some22(C,A) 0.294642857143
[DEBUG] rall22(A,B) :- all22(C,B), \+no22(C,A) 0.294642857143
[DEBUG] rall22(A,B) :- all22(C,B), \+somenot22(A,C) 0.294642857143
[DEBUG] rall22(A,B) :- all22(C,B), \+some22(A,C) 0.275
[DEBUG] rall22(A,B) :- all22(C,B), \+all22(C,A) 0.223214285714
[DEBUG] rall22(A,B) :- all22(C,B), \+somenot22(C,A) 0.223214285714
[DEBUG] ==================================
[INFO] RULE LEARNED: rall22(A,B) :- no22(A,C), all22(C,B) 0.891666666667
[DEBUG] Best rule so far: rall22(A,B) :- true [0.110169491525]
[DEBUG] Candidates for iteration 1:
[DEBUG] ==================================
[DEBUG] rall22(A,B) :- true 0.110169491525
[DEBUG] ==================================
[LVL9] rall22(A,B) :- all22(A,C) 0.124127617149 (4.0, 14.0, 91.0, 11.0) 0.703389830508 [ACCEPT]
[LVL9] BETTER RULE rall22(A,B) :- all22(A,C) (0.12412761714855435, 4.0) > (0.11016949152542373, 15.0)
[LVL9] rall22(A,B) :- all22(C,A) 0.0 (3.0, 14.0, 91.0, 12.0) 0.555084745763 [ACCEPT]
[LVL9] rall22(A,B) :- all22(C,B) 0.150726392252 (4.0, 11.0, 94.0, 11.0) 0.703389830508 [ACCEPT]
[LVL9] BETTER RULE rall22(A,B) :- all22(C,B) (0.150726392251816, 4.0) > (0.12412761714855435, 4.0)
[LVL9] rall22(A,B) :- some22(A,C) 0.150726392252 (4.0, 11.0, 94.0, 11.0) 0.703389830508 [ACCEPT]
[LVL9] rall22(A,B) :- some22(B,C) 0.0 (3.0, 12.0, 93.0, 12.0) 0.555084745763 [ACCEPT]
[LVL9] rall22(A,B) :- some22(C,B) 0.13188559322 (4.0, 13.0, 92.0, 11.0) 0.703389830508 [ACCEPT]
[LVL9] rall22(A,B) :- no22(A,C) 0.22215496368 (5.0, 10.0, 95.0, 10.0) 0.777542372881 [ACCEPT]
[LVL9] BETTER RULE rall22(A,B) :- no22(A,C) (0.22215496368038742, 5.0) > (0.150726392251816, 4.0)
[LVL9] rall22(A,B) :- no22(B,C) 0.38188559322 (8.0, 9.0, 96.0, 7.0) 0.872881355932 [ACCEPT]
[LVL9] BETTER RULE rall22(A,B) :- no22(B,C) (0.381885593220339, 8.0) > (0.22215496368038742, 5.0)
[LVL9] rall22(A,B) :- no22(C,A) 0.140677966102 (4.0, 12.0, 93.0, 11.0) 0.703389830508 [ACCEPT]
[LVL9] rall22(A,B) :- no22(C,B) 0.0 (3.0, 13.0, 92.0, 12.0) 0.555084745763 [ACCEPT]
[LVL9] rall22(A,B) :- somenot22(A,C) 0.0 (3.0, 15.0, 90.0, 12.0) 0.555084745763 [ACCEPT]
[LVL9] rall22(A,B) :- somenot22(C,A) 0.124127617149 (4.0, 14.0, 91.0, 11.0) 0.703389830508 [ACCEPT]
[LVL9] rall22(A,B) :- somenot22(C,B) 0.0 (3.0, 15.0, 90.0, 12.0) 0.555084745763 [ACCEPT]
[DEBUG] Best rule so far: rall22(A,B) :- no22(B,C) [0.38188559322]
[DEBUG] Candidates for iteration 2:
[DEBUG] ==================================
[DEBUG] rall22(A,B) :- no22(B,C) 0.38188559322
[DEBUG] rall22(A,B) :- no22(A,C) 0.22215496368
[DEBUG] rall22(A,B) :- all22(C,B) 0.150726392252
[DEBUG] rall22(A,B) :- some22(A,C) 0.150726392252
[DEBUG] rall22(A,B) :- no22(C,A) 0.140677966102
[DEBUG] rall22(A,B) :- some22(C,B) 0.13188559322
[DEBUG] rall22(A,B) :- all22(A,C) 0.124127617149
[DEBUG] rall22(A,B) :- somenot22(C,A) 0.124127617149
[DEBUG] rall22(A,B) :- all22(C,A) 0.0
[DEBUG] rall22(A,B) :- some22(B,C) 0.0
[DEBUG] rall22(A,B) :- no22(C,B) 0.0
[DEBUG] rall22(A,B) :- somenot22(A,C) 0.0
[DEBUG] rall22(A,B) :- somenot22(C,B) 0.0
[DEBUG] ==================================
[LVL9] rall22(A,B) :- no22(B,C), all22(A,C) 0.370056497175 (3.0, 1.0, 104.0, 12.0) 0.555084745763 [ACCEPT]
[LVL9] rall22(A,B) :- no22(B,C), all22(A,D) 0.370056497175 (3.0, 1.0, 104.0, 12.0) 0.555084745763 [ACCEPT]
[LVL9] rall22(A,B) :- no22(B,C), all22(D,C) 0.370056497175 (3.0, 1.0, 104.0, 12.0) 0.555084745763 [ACCEPT]
[LVL9] rall22(A,B) :- no22(B,C), some22(A,C) 0.555084745763 (3.0, 0.0, 105.0, 12.0) 0.555084745763 [REJECT* fp] 2.0
[LVL9] BETTER RULE rall22(A,B) :- no22(B,C), some22(A,C) (0.5550847457627118, 3.0) > (0.381885593220339, 8.0)
[LVL9] rall22(A,B) :- no22(B,C), \+all22(A,C) 0.365012106538 (7.0, 8.0, 97.0, 8.0) 0.851694915254 [ACCEPT]
[LVL9] rall22(A,B) :- no22(B,C), \+all22(C,A) 0.436440677966 (8.0, 7.0, 98.0, 7.0) 0.872881355932 [ACCEPT]
[LVL9] rall22(A,B) :- no22(B,C), \+some22(C,A) 0.436440677966 (8.0, 7.0, 98.0, 7.0) 0.872881355932 [ACCEPT]
[LVL9] rall22(A,B) :- no22(B,C), \+no22(A,C) 0.365012106538 (7.0, 8.0, 97.0, 8.0) 0.851694915254 [ACCEPT]
[LVL9] rall22(A,B) :- no22(B,C), \+no22(C,A) 0.365012106538 (7.0, 8.0, 97.0, 8.0) 0.851694915254 [ACCEPT]
[LVL9] rall22(A,B) :- no22(B,C), \+somenot22(A,C) 0.365012106538 (7.0, 8.0, 97.0, 8.0) 0.851694915254 [ACCEPT]
[LVL9] rall22(A,B) :- no22(B,C), \+somenot22(C,A) 0.365012106538 (7.0, 8.0, 97.0, 8.0) 0.851694915254 [ACCEPT]
[LVL9] rall22(A,B) :- no22(A,C), \+all22(B,C) 0.25918079096 (5.0, 8.0, 97.0, 10.0) 0.777542372881 [ACCEPT]
[LVL9] rall22(A,B) :- no22(A,C), \+some22(C,B) 0.175847457627 (4.0, 9.0, 96.0, 11.0) 0.703389830508 [ACCEPT]
[LVL9] rall22(A,B) :- no22(A,C), \+some22(B,C) 0.23924380704 (5.0, 9.0, 96.0, 10.0) 0.777542372881 [ACCEPT]
[LVL9] rall22(A,B) :- no22(A,C), \+no22(C,B) 0.175847457627 (4.0, 9.0, 96.0, 11.0) 0.703389830508 [ACCEPT]
[LVL9] rall22(A,B) :- no22(A,C), \+no22(B,C) 0.175847457627 (4.0, 9.0, 96.0, 11.0) 0.703389830508 [ACCEPT]
[LVL9] rall22(A,B) :- no22(A,C), \+somenot22(C,B) 0.25918079096 (5.0, 8.0, 97.0, 10.0) 0.777542372881 [ACCEPT]
[LVL9] rall22(A,B) :- no22(A,C), \+somenot22(B,C) 0.25918079096 (5.0, 8.0, 97.0, 10.0) 0.777542372881 [ACCEPT]
[LVL9] rall22(A,B) :- all22(C,B), \+all22(A,C) 0.175847457627 (4.0, 9.0, 96.0, 11.0) 0.703389830508 [ACCEPT]
[LVL9] rall22(A,B) :- all22(C,B), \+some22(A,C) 0.162320730117 (4.0, 10.0, 95.0, 11.0) 0.703389830508 [ACCEPT]
[LVL9] rall22(A,B) :- all22(C,B), \+some22(C,A) 0.175847457627 (4.0, 9.0, 96.0, 11.0) 0.703389830508 [ACCEPT]
[LVL9] rall22(A,B) :- all22(C,B), \+no22(C,A) 0.175847457627 (4.0, 9.0, 96.0, 11.0) 0.703389830508 [ACCEPT]
[LVL9] rall22(A,B) :- all22(C,B), \+somenot22(A,C) 0.175847457627 (4.0, 9.0, 96.0, 11.0) 0.703389830508 [ACCEPT]
[LVL9] rall22(A,B) :- some22(A,C), \+all22(C,B) 0.162320730117 (4.0, 10.0, 95.0, 11.0) 0.703389830508 [ACCEPT]
[LVL9] rall22(A,B) :- some22(A,C), \+all22(B,C) 0.175847457627 (4.0, 9.0, 96.0, 11.0) 0.703389830508 [ACCEPT]
[LVL9] rall22(A,B) :- some22(A,C), \+some22(C,B) 0.162320730117 (4.0, 10.0, 95.0, 11.0) 0.703389830508 [ACCEPT]
[LVL9] rall22(A,B) :- some22(A,C), \+some22(B,C) 0.175847457627 (4.0, 9.0, 96.0, 11.0) 0.703389830508 [ACCEPT]
[LVL9] rall22(A,B) :- some22(A,C), \+no22(C,B) 0.175847457627 (4.0, 9.0, 96.0, 11.0) 0.703389830508 [ACCEPT]
[LVL9] rall22(A,B) :- some22(A,C), \+somenot22(B,C) 0.175847457627 (4.0, 9.0, 96.0, 11.0) 0.703389830508 [ACCEPT]
[LVL9] rall22(A,B) :- no22(C,A), \+all22(C,B) 0.162320730117 (4.0, 10.0, 95.0, 11.0) 0.703389830508 [ACCEPT]
[LVL9] rall22(A,B) :- no22(C,A), \+all22(B,C) 0.162320730117 (4.0, 10.0, 95.0, 11.0) 0.703389830508 [ACCEPT]
[LVL9] rall22(A,B) :- no22(C,A), \+some22(C,B) 0.162320730117 (4.0, 10.0, 95.0, 11.0) 0.703389830508 [ACCEPT]
[LVL9] rall22(A,B) :- no22(C,A), \+somenot22(C,B) 0.162320730117 (4.0, 10.0, 95.0, 11.0) 0.703389830508 [ACCEPT]
[LVL9] rall22(A,B) :- no22(C,A), \+somenot22(B,C) 0.162320730117 (4.0, 10.0, 95.0, 11.0) 0.703389830508 [ACCEPT]
[LVL9] rall22(A,B) :- some22(C,B), \+all22(C,A) 0.150726392252 (4.0, 11.0, 94.0, 11.0) 0.703389830508 [ACCEPT]
[LVL9] rall22(A,B) :- some22(C,B), \+some22(A,C) 0.140677966102 (4.0, 12.0, 93.0, 11.0) 0.703389830508 [ACCEPT]
[LVL9] rall22(A,B) :- some22(C,B), \+some22(C,A) 0.150726392252 (4.0, 11.0, 94.0, 11.0) 0.703389830508 [ACCEPT]
[LVL9] rall22(A,B) :- some22(C,B), \+no22(C,A) 0.150726392252 (4.0, 11.0, 94.0, 11.0) 0.703389830508 [ACCEPT]
[LVL9] rall22(A,B) :- some22(C,B), \+somenot22(A,C) 0.150726392252 (4.0, 11.0, 94.0, 11.0) 0.703389830508 [ACCEPT]
[LVL9] rall22(A,B) :- some22(C,B), \+somenot22(C,A) 0.150726392252 (4.0, 11.0, 94.0, 11.0) 0.703389830508 [ACCEPT]
[LVL9] rall22(A,B) :- all22(A,C), \+all22(C,B) 0.140677966102 (4.0, 12.0, 93.0, 11.0) 0.703389830508 [ACCEPT]
[LVL9] rall22(A,B) :- all22(A,C), \+all22(B,C) 0.140677966102 (4.0, 12.0, 93.0, 11.0) 0.703389830508 [ACCEPT]
[LVL9] rall22(A,B) :- all22(A,C), \+some22(B,C) 0.140677966102 (4.0, 12.0, 93.0, 11.0) 0.703389830508 [ACCEPT]
[LVL9] rall22(A,B) :- all22(A,C), \+no22(C,B) 0.140677966102 (4.0, 12.0, 93.0, 11.0) 0.703389830508 [ACCEPT]
[LVL9] rall22(A,B) :- all22(A,C), \+somenot22(C,B) 0.140677966102 (4.0, 12.0, 93.0, 11.0) 0.703389830508 [ACCEPT]
[LVL9] rall22(A,B) :- all22(A,C), \+somenot22(B,C) 0.140677966102 (4.0, 12.0, 93.0, 11.0) 0.703389830508 [ACCEPT]
[LVL9] rall22(A,B) :- somenot22(C,A), \+all22(B,C) 0.140677966102 (4.0, 12.0, 93.0, 11.0) 0.703389830508 [ACCEPT]
[LVL9] rall22(A,B) :- somenot22(C,A), \+some22(C,B) 0.140677966102 (4.0, 12.0, 93.0, 11.0) 0.703389830508 [ACCEPT]
[LVL9] rall22(A,B) :- somenot22(C,A), \+some22(B,C) 0.140677966102 (4.0, 12.0, 93.0, 11.0) 0.703389830508 [ACCEPT]
[LVL9] rall22(A,B) :- somenot22(C,A), \+no22(C,B) 0.140677966102 (4.0, 12.0, 93.0, 11.0) 0.703389830508 [ACCEPT]
[LVL9] rall22(A,B) :- somenot22(C,A), \+somenot22(C,B) 0.140677966102 (4.0, 12.0, 93.0, 11.0) 0.703389830508 [ACCEPT]
[LVL9] rall22(A,B) :- somenot22(C,A), \+somenot22(B,C) 0.140677966102 (4.0, 12.0, 93.0, 11.0) 0.703389830508 [ACCEPT]
[DEBUG] Best rule so far: rall22(A,B) :- no22(B,C), some22(A,C) [0.555084745763]
[DEBUG] Candidates for iteration 3:
[DEBUG] ==================================
[DEBUG] rall22(A,B) :- no22(B,C), \+all22(C,A) 0.436440677966
[DEBUG] rall22(A,B) :- no22(B,C), \+some22(C,A) 0.436440677966
[DEBUG] rall22(A,B) :- no22(B,C), all22(A,C) 0.370056497175
[DEBUG] rall22(A,B) :- no22(B,C), all22(A,D) 0.370056497175
[DEBUG] rall22(A,B) :- no22(B,C), all22(D,C) 0.370056497175
[DEBUG] rall22(A,B) :- no22(B,C), \+all22(A,C) 0.365012106538
[DEBUG] rall22(A,B) :- no22(B,C), \+no22(A,C) 0.365012106538
[DEBUG] rall22(A,B) :- no22(B,C), \+no22(C,A) 0.365012106538
[DEBUG] rall22(A,B) :- no22(B,C), \+somenot22(A,C) 0.365012106538
[DEBUG] rall22(A,B) :- no22(B,C), \+somenot22(C,A) 0.365012106538
[DEBUG] rall22(A,B) :- no22(A,C), \+all22(B,C) 0.25918079096
[DEBUG] rall22(A,B) :- no22(A,C), \+somenot22(C,B) 0.25918079096
[DEBUG] rall22(A,B) :- no22(A,C), \+somenot22(B,C) 0.25918079096
[DEBUG] rall22(A,B) :- no22(A,C), \+some22(B,C) 0.23924380704
[DEBUG] rall22(A,B) :- no22(A,C), \+some22(C,B) 0.175847457627
[DEBUG] rall22(A,B) :- no22(A,C), \+no22(C,B) 0.175847457627
[DEBUG] rall22(A,B) :- no22(A,C), \+no22(B,C) 0.175847457627
[DEBUG] rall22(A,B) :- all22(C,B), \+all22(A,C) 0.175847457627
[DEBUG] rall22(A,B) :- all22(C,B), \+some22(C,A) 0.175847457627
[DEBUG] rall22(A,B) :- all22(C,B), \+no22(C,A) 0.175847457627
[DEBUG] rall22(A,B) :- all22(C,B), \+somenot22(A,C) 0.175847457627
[DEBUG] rall22(A,B) :- some22(A,C), \+all22(B,C) 0.175847457627
[DEBUG] rall22(A,B) :- some22(A,C), \+some22(B,C) 0.175847457627
[DEBUG] rall22(A,B) :- some22(A,C), \+no22(C,B) 0.175847457627
[DEBUG] rall22(A,B) :- some22(A,C), \+somenot22(B,C) 0.175847457627
[DEBUG] rall22(A,B) :- all22(C,B), \+some22(A,C) 0.162320730117
[DEBUG] rall22(A,B) :- some22(A,C), \+all22(C,B) 0.162320730117
[DEBUG] rall22(A,B) :- some22(A,C), \+some22(C,B) 0.162320730117
[DEBUG] rall22(A,B) :- no22(C,A), \+all22(C,B) 0.162320730117
[DEBUG] rall22(A,B) :- no22(C,A), \+all22(B,C) 0.162320730117
[DEBUG] rall22(A,B) :- no22(C,A), \+some22(C,B) 0.162320730117
[DEBUG] rall22(A,B) :- no22(C,A), \+somenot22(C,B) 0.162320730117
[DEBUG] rall22(A,B) :- no22(C,A), \+somenot22(B,C) 0.162320730117
[DEBUG] rall22(A,B) :- some22(C,B), \+all22(C,A) 0.150726392252
[DEBUG] rall22(A,B) :- some22(C,B), \+some22(C,A) 0.150726392252
[DEBUG] rall22(A,B) :- some22(C,B), \+no22(C,A) 0.150726392252
[DEBUG] rall22(A,B) :- some22(C,B), \+somenot22(A,C) 0.150726392252
[DEBUG] rall22(A,B) :- some22(C,B), \+somenot22(C,A) 0.150726392252
[DEBUG] rall22(A,B) :- some22(C,B), \+some22(A,C) 0.140677966102
[DEBUG] rall22(A,B) :- all22(A,C), \+all22(C,B) 0.140677966102
[DEBUG] rall22(A,B) :- all22(A,C), \+all22(B,C) 0.140677966102
[DEBUG] rall22(A,B) :- all22(A,C), \+some22(B,C) 0.140677966102
[DEBUG] rall22(A,B) :- all22(A,C), \+no22(C,B) 0.140677966102
[DEBUG] rall22(A,B) :- all22(A,C), \+somenot22(C,B) 0.140677966102
[DEBUG] rall22(A,B) :- all22(A,C), \+somenot22(B,C) 0.140677966102
[DEBUG] rall22(A,B) :- somenot22(C,A), \+all22(B,C) 0.140677966102
[DEBUG] rall22(A,B) :- somenot22(C,A), \+some22(C,B) 0.140677966102
[DEBUG] rall22(A,B) :- somenot22(C,A), \+some22(B,C) 0.140677966102
[DEBUG] rall22(A,B) :- somenot22(C,A), \+no22(C,B) 0.140677966102
[DEBUG] rall22(A,B) :- somenot22(C,A), \+somenot22(C,B) 0.140677966102
[DEBUG] rall22(A,B) :- somenot22(C,A), \+somenot22(B,C) 0.140677966102
[DEBUG] ==================================
[INFO] RULE LEARNED: rall22(A,B) :- no22(B,C), some22(A,C) 0.9
[DEBUG] Best rule so far: rall22(A,B) :- true [0.102564102564]
[DEBUG] Candidates for iteration 1:
[DEBUG] ==================================
[DEBUG] rall22(A,B) :- true 0.102564102564
[DEBUG] ==================================
[LVL9] rall22(A,B) :- all22(A,C) 0.123680241327 (5.0, 14.0, 91.0, 10.0) 0.700854700855 [ACCEPT]
[LVL9] BETTER RULE rall22(A,B) :- all22(A,C) (0.12368024132730016, 5.0) > (0.10256410256410256, 15.0)
[LVL9] rall22(A,B) :- all22(C,A) 0.0 (4.0, 14.0, 91.0, 11.0) 0.551282051282 [ACCEPT]
[LVL9] rall22(A,B) :- all22(C,B) 0.150183150183 (5.0, 11.0, 94.0, 10.0) 0.700854700855 [ACCEPT]
[LVL9] BETTER RULE rall22(A,B) :- all22(C,B) (0.15018315018315018, 5.0) > (0.12368024132730016, 5.0)
[LVL9] rall22(A,B) :- some22(A,C) 0.0 (4.0, 11.0, 94.0, 11.0) 0.551282051282 [ACCEPT]
[LVL9] rall22(A,B) :- some22(B,C) 0.0 (4.0, 12.0, 93.0, 11.0) 0.551282051282 [ACCEPT]
[LVL9] rall22(A,B) :- some22(C,B) 0.13141025641 (5.0, 13.0, 92.0, 10.0) 0.700854700855 [ACCEPT]
[LVL9] rall22(A,B) :- no22(A,C) 0.221611721612 (6.0, 10.0, 95.0, 9.0) 0.775641025641 [ACCEPT]
[LVL9] BETTER RULE rall22(A,B) :- no22(A,C) (0.22161172161172163, 6.0) > (0.15018315018315018, 5.0)
[LVL9] rall22(A,B) :- no22(B,C) 0.340170940171 (8.0, 9.0, 96.0, 7.0) 0.850427350427 [ACCEPT]
[LVL9] BETTER RULE rall22(A,B) :- no22(B,C) (0.34017094017094013, 8.0) > (0.22161172161172163, 6.0)
[LVL9] rall22(A,B) :- no22(C,A) 0.140170940171 (5.0, 12.0, 93.0, 10.0) 0.700854700855 [ACCEPT]
[LVL9] rall22(A,B) :- no22(C,B) 0.0 (4.0, 13.0, 92.0, 11.0) 0.551282051282 [ACCEPT]
[LVL9] rall22(A,B) :- somenot22(A,C) 0.0 (4.0, 15.0, 90.0, 11.0) 0.551282051282 [ACCEPT]
[LVL9] rall22(A,B) :- somenot22(C,A) 0.123680241327 (5.0, 14.0, 91.0, 10.0) 0.700854700855 [ACCEPT]
[LVL9] rall22(A,B) :- somenot22(C,B) 0.0 (4.0, 15.0, 90.0, 11.0) 0.551282051282 [ACCEPT]
[DEBUG] Best rule so far: rall22(A,B) :- no22(B,C) [0.340170940171]
[DEBUG] Candidates for iteration 2:
[DEBUG] ==================================
[DEBUG] rall22(A,B) :- no22(B,C) 0.340170940171
[DEBUG] rall22(A,B) :- no22(A,C) 0.221611721612
[DEBUG] rall22(A,B) :- all22(C,B) 0.150183150183
[DEBUG] rall22(A,B) :- no22(C,A) 0.140170940171
[DEBUG] rall22(A,B) :- some22(C,B) 0.13141025641
[DEBUG] rall22(A,B) :- all22(A,C) 0.123680241327
[DEBUG] rall22(A,B) :- somenot22(C,A) 0.123680241327
[DEBUG] rall22(A,B) :- all22(C,A) 0.0
[DEBUG] rall22(A,B) :- some22(A,C) 0.0
[DEBUG] rall22(A,B) :- some22(B,C) 0.0
[DEBUG] rall22(A,B) :- no22(C,B) 0.0
[DEBUG] rall22(A,B) :- somenot22(A,C) 0.0
[DEBUG] rall22(A,B) :- somenot22(C,B) 0.0
[DEBUG] ==================================
[LVL9] rall22(A,B) :- no22(B,C), all22(A,C) 0.367521367521 (4.0, 1.0, 104.0, 11.0) 0.551282051282 [ACCEPT]
[LVL9] BETTER RULE rall22(A,B) :- no22(B,C), all22(A,C) (0.36752136752136755, 4.0) > (0.34017094017094013, 8.0)
[LVL9] rall22(A,B) :- no22(B,C), all22(A,D) 0.367521367521 (4.0, 1.0, 104.0, 11.0) 0.551282051282 [ACCEPT]
[LVL9] rall22(A,B) :- no22(B,C), all22(D,C) 0.367521367521 (4.0, 1.0, 104.0, 11.0) 0.551282051282 [ACCEPT]
[LVL9] rall22(A,B) :- no22(B,C), no22(A,C) 0.367521367521 (4.0, 1.0, 104.0, 11.0) 0.551282051282 [ACCEPT]
[LVL9] rall22(A,B) :- no22(B,C), no22(C,A) 0.367521367521 (4.0, 1.0, 104.0, 11.0) 0.551282051282 [ACCEPT]
[LVL9] rall22(A,B) :- no22(B,C), no22(A,D) 0.367521367521 (4.0, 1.0, 104.0, 11.0) 0.551282051282 [ACCEPT]
[LVL9] rall22(A,B) :- no22(B,C), no22(C,D) 0.367521367521 (4.0, 1.0, 104.0, 11.0) 0.551282051282 [ACCEPT]
[LVL9] rall22(A,B) :- no22(B,C), no22(D,A) 0.367521367521 (4.0, 1.0, 104.0, 11.0) 0.551282051282 [ACCEPT]
[LVL9] rall22(A,B) :- no22(B,C), somenot22(A,C) 0.367521367521 (4.0, 1.0, 104.0, 11.0) 0.551282051282 [ACCEPT]
[LVL9] rall22(A,B) :- no22(B,C), somenot22(C,A) 0.367521367521 (4.0, 1.0, 104.0, 11.0) 0.551282051282 [ACCEPT]
[LVL9] rall22(A,B) :- no22(B,C), somenot22(A,D) 0.367521367521 (4.0, 1.0, 104.0, 11.0) 0.551282051282 [ACCEPT]
[LVL9] rall22(A,B) :- no22(B,C), somenot22(C,D) 0.367521367521 (4.0, 1.0, 104.0, 11.0) 0.551282051282 [ACCEPT]
[LVL9] rall22(A,B) :- no22(B,C), somenot22(D,A) 0.367521367521 (4.0, 1.0, 104.0, 11.0) 0.551282051282 [ACCEPT]
[LVL9] rall22(A,B) :- no22(B,C), somenot22(D,C) 0.367521367521 (4.0, 1.0, 104.0, 11.0) 0.551282051282 [ACCEPT]
[LVL9] rall22(A,B) :- no22(B,C), \+all22(A,C) 0.315581854043 (7.0, 8.0, 97.0, 8.0) 0.820512820513 [ACCEPT]
[LVL9] rall22(A,B) :- no22(B,C), \+all22(C,A) 0.392504930966 (8.0, 7.0, 98.0, 7.0) 0.850427350427 [ACCEPT]
[LVL9] BETTER RULE rall22(A,B) :- no22(B,C), \+all22(C,A) (0.3925049309664694, 8.0) > (0.36752136752136755, 4.0)
[LVL9] rall22(A,B) :- no22(B,C), \+some22(C,A) 0.392504930966 (8.0, 7.0, 98.0, 7.0) 0.850427350427 [ACCEPT]
[LVL9] rall22(A,B) :- no22(B,C), \+no22(A,C) 0.315581854043 (7.0, 8.0, 97.0, 8.0) 0.820512820513 [ACCEPT]
[LVL9] rall22(A,B) :- no22(B,C), \+no22(C,A) 0.315581854043 (7.0, 8.0, 97.0, 8.0) 0.820512820513 [ACCEPT]
[LVL9] rall22(A,B) :- no22(B,C), \+somenot22(A,C) 0.315581854043 (7.0, 8.0, 97.0, 8.0) 0.820512820513 [ACCEPT]
[LVL9] rall22(A,B) :- no22(B,C), \+somenot22(C,A) 0.315581854043 (7.0, 8.0, 97.0, 8.0) 0.820512820513 [ACCEPT]
[LVL9] rall22(A,B) :- no22(A,C), some22(C,B) 0.367521367521 (4.0, 1.0, 104.0, 11.0) 0.551282051282 [ACCEPT]
[LVL9] rall22(A,B) :- no22(A,C), some22(C,D) 0.367521367521 (4.0, 1.0, 104.0, 11.0) 0.551282051282 [ACCEPT]
[LVL9] rall22(A,B) :- no22(A,C), some22(D,B) 0.367521367521 (4.0, 1.0, 104.0, 11.0) 0.551282051282 [ACCEPT]
[LVL9] rall22(A,B) :- no22(A,C), no22(C,B) 0.367521367521 (4.0, 1.0, 104.0, 11.0) 0.551282051282 [ACCEPT]
[LVL9] rall22(A,B) :- no22(A,C), no22(C,D) 0.367521367521 (4.0, 1.0, 104.0, 11.0) 0.551282051282 [ACCEPT]
[LVL9] rall22(A,B) :- no22(A,C), no22(B,D) 0.367521367521 (4.0, 1.0, 104.0, 11.0) 0.551282051282 [ACCEPT]
[LVL9] rall22(A,B) :- no22(A,C), no22(D,B) 0.367521367521 (4.0, 1.0, 104.0, 11.0) 0.551282051282 [ACCEPT]
[LVL9] rall22(A,B) :- no22(A,C), \+all22(B,C) 0.258547008547 (6.0, 8.0, 97.0, 9.0) 0.775641025641 [ACCEPT]
[LVL9] rall22(A,B) :- no22(A,C), \+some22(C,B) 0.175213675214 (5.0, 9.0, 96.0, 10.0) 0.700854700855 [ACCEPT]
[LVL9] rall22(A,B) :- no22(A,C), \+some22(B,C) 0.23865877712 (6.0, 9.0, 96.0, 9.0) 0.775641025641 [ACCEPT]
[LVL9] rall22(A,B) :- no22(A,C), \+no22(C,B) 0.175213675214 (5.0, 9.0, 96.0, 10.0) 0.700854700855 [ACCEPT]
[LVL9] rall22(A,B) :- no22(A,C), \+no22(B,C) 0.175213675214 (5.0, 9.0, 96.0, 10.0) 0.700854700855 [ACCEPT]
[LVL9] rall22(A,B) :- no22(A,C), \+somenot22(C,B) 0.258547008547 (6.0, 8.0, 97.0, 9.0) 0.775641025641 [ACCEPT]
[LVL9] rall22(A,B) :- no22(A,C), \+somenot22(B,C) 0.258547008547 (6.0, 8.0, 97.0, 9.0) 0.775641025641 [ACCEPT]
[LVL9] rall22(A,B) :- all22(C,B), all22(C,A) 0.367521367521 (4.0, 1.0, 104.0, 11.0) 0.551282051282 [ACCEPT]
[LVL9] rall22(A,B) :- all22(C,B), all22(D,A) 0.367521367521 (4.0, 1.0, 104.0, 11.0) 0.551282051282 [ACCEPT]
[LVL9] rall22(A,B) :- all22(C,B), somenot22(C,A) 0.367521367521 (4.0, 1.0, 104.0, 11.0) 0.551282051282 [ACCEPT]
[LVL9] rall22(A,B) :- all22(C,B), somenot22(C,D) 0.367521367521 (4.0, 1.0, 104.0, 11.0) 0.551282051282 [ACCEPT]
[LVL9] rall22(A,B) :- all22(C,B), somenot22(D,A) 0.367521367521 (4.0, 1.0, 104.0, 11.0) 0.551282051282 [ACCEPT]
[LVL9] rall22(A,B) :- all22(C,B), \+all22(A,C) 0.175213675214 (5.0, 9.0, 96.0, 10.0) 0.700854700855 [ACCEPT]
[LVL9] rall22(A,B) :- all22(C,B), \+all22(C,A) 0.0 (4.0, 10.0, 95.0, 11.0) 0.551282051282 [ACCEPT]
[LVL9] rall22(A,B) :- all22(C,B), \+some22(A,C) 0.161735700197 (5.0, 10.0, 95.0, 10.0) 0.700854700855 [ACCEPT]
[LVL9] rall22(A,B) :- all22(C,B), \+some22(C,A) 0.175213675214 (5.0, 9.0, 96.0, 10.0) 0.700854700855 [ACCEPT]
[LVL9] rall22(A,B) :- all22(C,B), \+no22(C,A) 0.175213675214 (5.0, 9.0, 96.0, 10.0) 0.700854700855 [ACCEPT]
[LVL9] rall22(A,B) :- all22(C,B), \+somenot22(A,C) 0.175213675214 (5.0, 9.0, 96.0, 10.0) 0.700854700855 [ACCEPT]
[LVL9] rall22(A,B) :- all22(C,B), \+somenot22(C,A) 0.0 (4.0, 10.0, 95.0, 11.0) 0.551282051282 [ACCEPT]
[LVL9] rall22(A,B) :- no22(C,A), some22(B,C) 0.367521367521 (4.0, 1.0, 104.0, 11.0) 0.551282051282 [ACCEPT]
[LVL9] rall22(A,B) :- no22(C,A), some22(B,D) 0.367521367521 (4.0, 1.0, 104.0, 11.0) 0.551282051282 [ACCEPT]
[LVL9] rall22(A,B) :- no22(C,A), some22(D,C) 0.367521367521 (4.0, 1.0, 104.0, 11.0) 0.551282051282 [ACCEPT]
[LVL9] rall22(A,B) :- no22(C,A), no22(B,D) 0.367521367521 (4.0, 1.0, 104.0, 11.0) 0.551282051282 [ACCEPT]
[LVL9] rall22(A,B) :- no22(C,A), no22(D,C) 0.367521367521 (4.0, 1.0, 104.0, 11.0) 0.551282051282 [ACCEPT]
[LVL9] rall22(A,B) :- no22(C,A), \+all22(C,B) 0.161735700197 (5.0, 10.0, 95.0, 10.0) 0.700854700855 [ACCEPT]
[LVL9] rall22(A,B) :- no22(C,A), \+all22(B,C) 0.161735700197 (5.0, 10.0, 95.0, 10.0) 0.700854700855 [ACCEPT]
[LVL9] rall22(A,B) :- no22(C,A), \+some22(C,B) 0.161735700197 (5.0, 10.0, 95.0, 10.0) 0.700854700855 [ACCEPT]
[LVL9] rall22(A,B) :- no22(C,A), \+some22(B,C) 0.0 (4.0, 11.0, 94.0, 11.0) 0.551282051282 [ACCEPT]
[LVL9] rall22(A,B) :- no22(C,A), \+no22(B,C) 0.0 (4.0, 11.0, 94.0, 11.0) 0.551282051282 [ACCEPT]
[LVL9] rall22(A,B) :- no22(C,A), \+somenot22(C,B) 0.161735700197 (5.0, 10.0, 95.0, 10.0) 0.700854700855 [ACCEPT]
[LVL9] rall22(A,B) :- no22(C,A), \+somenot22(B,C) 0.161735700197 (5.0, 10.0, 95.0, 10.0) 0.700854700855 [ACCEPT]
[LVL9] rall22(A,B) :- some22(C,B), all22(A,C) 0.367521367521 (4.0, 1.0, 104.0, 11.0) 0.551282051282 [ACCEPT]
[LVL9] rall22(A,B) :- some22(C,B), all22(A,D) 0.367521367521 (4.0, 1.0, 104.0, 11.0) 0.551282051282 [ACCEPT]
[LVL9] rall22(A,B) :- some22(C,B), all22(D,C) 0.367521367521 (4.0, 1.0, 104.0, 11.0) 0.551282051282 [ACCEPT]
[LVL9] rall22(A,B) :- some22(C,B), no22(A,D) 0.367521367521 (4.0, 1.0, 104.0, 11.0) 0.551282051282 [ACCEPT]
[LVL9] rall22(A,B) :- some22(C,B), no22(D,C) 0.367521367521 (4.0, 1.0, 104.0, 11.0) 0.551282051282 [ACCEPT]
[LVL9] rall22(A,B) :- some22(C,B), \+all22(A,C) 0.0 (4.0, 12.0, 93.0, 11.0) 0.551282051282 [ACCEPT]
[LVL9] rall22(A,B) :- some22(C,B), \+all22(C,A) 0.150183150183 (5.0, 11.0, 94.0, 10.0) 0.700854700855 [ACCEPT]
[LVL9] rall22(A,B) :- some22(C,B), \+some22(A,C) 0.140170940171 (5.0, 12.0, 93.0, 10.0) 0.700854700855 [ACCEPT]
[LVL9] rall22(A,B) :- some22(C,B), \+some22(C,A) 0.150183150183 (5.0, 11.0, 94.0, 10.0) 0.700854700855 [ACCEPT]
[LVL9] rall22(A,B) :- some22(C,B), \+no22(A,C) 0.0 (4.0, 12.0, 93.0, 11.0) 0.551282051282 [ACCEPT]
[LVL9] rall22(A,B) :- some22(C,B), \+no22(C,A) 0.150183150183 (5.0, 11.0, 94.0, 10.0) 0.700854700855 [ACCEPT]
[LVL9] rall22(A,B) :- some22(C,B), \+somenot22(A,C) 0.150183150183 (5.0, 11.0, 94.0, 10.0) 0.700854700855 [ACCEPT]
[LVL9] rall22(A,B) :- some22(C,B), \+somenot22(C,A) 0.150183150183 (5.0, 11.0, 94.0, 10.0) 0.700854700855 [ACCEPT]
[LVL9] rall22(A,B) :- all22(A,C), some22(C,D) 0.367521367521 (4.0, 1.0, 104.0, 11.0) 0.551282051282 [ACCEPT]
[LVL9] rall22(A,B) :- all22(A,C), some22(D,B) 0.367521367521 (4.0, 1.0, 104.0, 11.0) 0.551282051282 [ACCEPT]
[LVL9] rall22(A,B) :- all22(A,C), no22(B,D) 0.367521367521 (4.0, 1.0, 104.0, 11.0) 0.551282051282 [ACCEPT]
[LVL9] rall22(A,B) :- all22(A,C), no22(D,C) 0.367521367521 (4.0, 1.0, 104.0, 11.0) 0.551282051282 [ACCEPT]
[LVL9] rall22(A,B) :- all22(A,C), \+all22(C,B) 0.140170940171 (5.0, 12.0, 93.0, 10.0) 0.700854700855 [ACCEPT]
[LVL9] rall22(A,B) :- all22(A,C), \+all22(B,C) 0.140170940171 (5.0, 12.0, 93.0, 10.0) 0.700854700855 [ACCEPT]
[LVL9] rall22(A,B) :- all22(A,C), \+some22(C,B) 0.0 (4.0, 13.0, 92.0, 11.0) 0.551282051282 [ACCEPT]
[LVL9] rall22(A,B) :- all22(A,C), \+some22(B,C) 0.140170940171 (5.0, 12.0, 93.0, 10.0) 0.700854700855 [ACCEPT]
[LVL9] rall22(A,B) :- all22(A,C), \+no22(C,B) 0.140170940171 (5.0, 12.0, 93.0, 10.0) 0.700854700855 [ACCEPT]
[LVL9] rall22(A,B) :- all22(A,C), \+no22(B,C) 0.0 (4.0, 13.0, 92.0, 11.0) 0.551282051282 [ACCEPT]
[LVL9] rall22(A,B) :- all22(A,C), \+somenot22(C,B) 0.140170940171 (5.0, 12.0, 93.0, 10.0) 0.700854700855 [ACCEPT]
[LVL9] rall22(A,B) :- all22(A,C), \+somenot22(B,C) 0.140170940171 (5.0, 12.0, 93.0, 10.0) 0.700854700855 [ACCEPT]
[LVL9] rall22(A,B) :- somenot22(C,A), all22(C,D) 0.367521367521 (4.0, 1.0, 104.0, 11.0) 0.551282051282 [ACCEPT]
[LVL9] rall22(A,B) :- somenot22(C,A), all22(D,B) 0.367521367521 (4.0, 1.0, 104.0, 11.0) 0.551282051282 [ACCEPT]
[LVL9] rall22(A,B) :- somenot22(C,A), no22(B,D) 0.367521367521 (4.0, 1.0, 104.0, 11.0) 0.551282051282 [ACCEPT]
[LVL9] rall22(A,B) :- somenot22(C,A), no22(D,C) 0.367521367521 (4.0, 1.0, 104.0, 11.0) 0.551282051282 [ACCEPT]
[LVL9] rall22(A,B) :- somenot22(C,A), \+all22(C,B) 0.0 (4.0, 13.0, 92.0, 11.0) 0.551282051282 [ACCEPT]
[LVL9] rall22(A,B) :- somenot22(C,A), \+all22(B,C) 0.140170940171 (5.0, 12.0, 93.0, 10.0) 0.700854700855 [ACCEPT]
[LVL9] rall22(A,B) :- somenot22(C,A), \+some22(C,B) 0.140170940171 (5.0, 12.0, 93.0, 10.0) 0.700854700855 [ACCEPT]
[LVL9] rall22(A,B) :- somenot22(C,A), \+some22(B,C) 0.140170940171 (5.0, 12.0, 93.0, 10.0) 0.700854700855 [ACCEPT]
[LVL9] rall22(A,B) :- somenot22(C,A), \+no22(C,B) 0.140170940171 (5.0, 12.0, 93.0, 10.0) 0.700854700855 [ACCEPT]
[LVL9] rall22(A,B) :- somenot22(C,A), \+no22(B,C) 0.0 (4.0, 13.0, 92.0, 11.0) 0.551282051282 [ACCEPT]
[LVL9] rall22(A,B) :- somenot22(C,A), \+somenot22(C,B) 0.140170940171 (5.0, 12.0, 93.0, 10.0) 0.700854700855 [ACCEPT]
[LVL9] rall22(A,B) :- somenot22(C,A), \+somenot22(B,C) 0.140170940171 (5.0, 12.0, 93.0, 10.0) 0.700854700855 [ACCEPT]
[LVL9] rall22(A,B) :- all22(C,A), all22(D,B) 0.367521367521 (4.0, 1.0, 104.0, 11.0) 0.551282051282 [ACCEPT]
[LVL9] rall22(A,B) :- all22(C,A), \+all22(B,C) 0.0 (4.0, 12.0, 93.0, 11.0) 0.551282051282 [ACCEPT]
[LVL9] rall22(A,B) :- all22(C,A), \+some22(C,B) 0.0 (4.0, 12.0, 93.0, 11.0) 0.551282051282 [ACCEPT]
[LVL9] rall22(A,B) :- all22(C,A), \+some22(B,C) 0.0 (4.0, 13.0, 92.0, 11.0) 0.551282051282 [ACCEPT]
[LVL9] rall22(A,B) :- some22(A,C), somenot22(C,B) 0.367521367521 (4.0, 1.0, 104.0, 11.0) 0.551282051282 [ACCEPT]
[LVL9] rall22(A,B) :- some22(A,C), somenot22(C,D) 0.367521367521 (4.0, 1.0, 104.0, 11.0) 0.551282051282 [ACCEPT]
[LVL9] rall22(A,B) :- some22(A,C), somenot22(D,B) 0.367521367521 (4.0, 1.0, 104.0, 11.0) 0.551282051282 [ACCEPT]
[LVL9] rall22(A,B) :- some22(B,C), no22(C,D) 0.367521367521 (4.0, 1.0, 104.0, 11.0) 0.551282051282 [ACCEPT]
[LVL9] rall22(A,B) :- some22(B,C), no22(D,A) 0.367521367521 (4.0, 1.0, 104.0, 11.0) 0.551282051282 [ACCEPT]
[LVL9] rall22(A,B) :- no22(C,B), no22(A,D) 0.367521367521 (4.0, 1.0, 104.0, 11.0) 0.551282051282 [ACCEPT]
[LVL9] rall22(A,B) :- no22(C,B), no22(D,C) 0.367521367521 (4.0, 1.0, 104.0, 11.0) 0.551282051282 [ACCEPT]
[LVL9] rall22(A,B) :- somenot22(A,C), no22(B,D) 0.367521367521 (4.0, 1.0, 104.0, 11.0) 0.551282051282 [ACCEPT]
[LVL9] rall22(A,B) :- somenot22(A,C), no22(D,C) 0.367521367521 (4.0, 1.0, 104.0, 11.0) 0.551282051282 [ACCEPT]
[LVL9] rall22(A,B) :- somenot22(C,B), some22(A,D) 0.367521367521 (4.0, 1.0, 104.0, 11.0) 0.551282051282 [ACCEPT]
[LVL9] rall22(A,B) :- somenot22(C,B), some22(D,C) 0.367521367521 (4.0, 1.0, 104.0, 11.0) 0.551282051282 [ACCEPT]
[DEBUG] Best rule so far: rall22(A,B) :- no22(B,C), \+all22(C,A) [0.392504930966]
[DEBUG] Candidates for iteration 3:
[DEBUG] ==================================
[DEBUG] rall22(A,B) :- no22(B,C), \+all22(C,A) 0.392504930966
[DEBUG] rall22(A,B) :- no22(B,C), \+some22(C,A) 0.392504930966
[DEBUG] rall22(A,B) :- no22(B,C), all22(A,C) 0.367521367521
[DEBUG] rall22(A,B) :- no22(B,C), all22(A,D) 0.367521367521
[DEBUG] rall22(A,B) :- no22(B,C), all22(D,C) 0.367521367521
[DEBUG] rall22(A,B) :- no22(B,C), no22(A,C) 0.367521367521
[DEBUG] rall22(A,B) :- no22(B,C), no22(C,A) 0.367521367521
[DEBUG] rall22(A,B) :- no22(B,C), no22(A,D) 0.367521367521
[DEBUG] rall22(A,B) :- no22(B,C), no22(C,D) 0.367521367521
[DEBUG] rall22(A,B) :- no22(B,C), no22(D,A) 0.367521367521
[DEBUG] rall22(A,B) :- no22(B,C), somenot22(A,C) 0.367521367521
[DEBUG] rall22(A,B) :- no22(B,C), somenot22(C,A) 0.367521367521
[DEBUG] rall22(A,B) :- no22(B,C), somenot22(A,D) 0.367521367521
[DEBUG] rall22(A,B) :- no22(B,C), somenot22(C,D) 0.367521367521
[DEBUG] rall22(A,B) :- no22(B,C), somenot22(D,A) 0.367521367521
[DEBUG] rall22(A,B) :- no22(B,C), somenot22(D,C) 0.367521367521
[DEBUG] rall22(A,B) :- no22(A,C), some22(C,B) 0.367521367521
[DEBUG] rall22(A,B) :- no22(A,C), some22(C,D) 0.367521367521
[DEBUG] rall22(A,B) :- no22(A,C), some22(D,B) 0.367521367521
[DEBUG] rall22(A,B) :- no22(A,C), no22(C,B) 0.367521367521
[DEBUG] rall22(A,B) :- no22(A,C), no22(C,D) 0.367521367521
[DEBUG] rall22(A,B) :- no22(A,C), no22(B,D) 0.367521367521
[DEBUG] rall22(A,B) :- no22(A,C), no22(D,B) 0.367521367521
[DEBUG] rall22(A,B) :- all22(C,B), all22(C,A) 0.367521367521
[DEBUG] rall22(A,B) :- all22(C,B), all22(D,A) 0.367521367521
[DEBUG] rall22(A,B) :- all22(C,B), somenot22(C,A) 0.367521367521
[DEBUG] rall22(A,B) :- all22(C,B), somenot22(C,D) 0.367521367521
[DEBUG] rall22(A,B) :- all22(C,B), somenot22(D,A) 0.367521367521
[DEBUG] rall22(A,B) :- no22(C,A), some22(B,C) 0.367521367521
[DEBUG] rall22(A,B) :- no22(C,A), some22(B,D) 0.367521367521
[DEBUG] rall22(A,B) :- no22(C,A), some22(D,C) 0.367521367521
[DEBUG] rall22(A,B) :- no22(C,A), no22(B,D) 0.367521367521
[DEBUG] rall22(A,B) :- no22(C,A), no22(D,C) 0.367521367521
[DEBUG] rall22(A,B) :- some22(C,B), all22(A,C) 0.367521367521
[DEBUG] rall22(A,B) :- some22(C,B), all22(A,D) 0.367521367521
[DEBUG] rall22(A,B) :- some22(C,B), all22(D,C) 0.367521367521
[DEBUG] rall22(A,B) :- some22(C,B), no22(A,D) 0.367521367521
[DEBUG] rall22(A,B) :- some22(C,B), no22(D,C) 0.367521367521
[DEBUG] rall22(A,B) :- all22(A,C), some22(C,D) 0.367521367521
[DEBUG] rall22(A,B) :- all22(A,C), some22(D,B) 0.367521367521
[DEBUG] rall22(A,B) :- all22(A,C), no22(B,D) 0.367521367521
[DEBUG] rall22(A,B) :- all22(A,C), no22(D,C) 0.367521367521
[DEBUG] rall22(A,B) :- somenot22(C,A), all22(C,D) 0.367521367521
[DEBUG] rall22(A,B) :- somenot22(C,A), all22(D,B) 0.367521367521
[DEBUG] rall22(A,B) :- somenot22(C,A), no22(B,D) 0.367521367521
[DEBUG] rall22(A,B) :- somenot22(C,A), no22(D,C) 0.367521367521
[DEBUG] rall22(A,B) :- all22(C,A), all22(D,B) 0.367521367521
[DEBUG] rall22(A,B) :- some22(A,C), somenot22(C,B) 0.367521367521
[DEBUG] rall22(A,B) :- some22(A,C), somenot22(C,D) 0.367521367521
[DEBUG] rall22(A,B) :- some22(A,C), somenot22(D,B) 0.367521367521
[DEBUG] rall22(A,B) :- some22(B,C), no22(C,D) 0.367521367521
[DEBUG] rall22(A,B) :- some22(B,C), no22(D,A) 0.367521367521
[DEBUG] rall22(A,B) :- no22(C,B), no22(A,D) 0.367521367521
[DEBUG] rall22(A,B) :- no22(C,B), no22(D,C) 0.367521367521
[DEBUG] rall22(A,B) :- somenot22(A,C), no22(B,D) 0.367521367521
[DEBUG] rall22(A,B) :- somenot22(A,C), no22(D,C) 0.367521367521
[DEBUG] rall22(A,B) :- somenot22(C,B), some22(A,D) 0.367521367521
[DEBUG] rall22(A,B) :- somenot22(C,B), some22(D,C) 0.367521367521
[DEBUG] rall22(A,B) :- no22(B,C), \+all22(A,C) 0.315581854043
[DEBUG] rall22(A,B) :- no22(B,C), \+no22(A,C) 0.315581854043
[DEBUG] rall22(A,B) :- no22(B,C), \+no22(C,A) 0.315581854043
[DEBUG] rall22(A,B) :- no22(B,C), \+somenot22(A,C) 0.315581854043
[DEBUG] rall22(A,B) :- no22(B,C), \+somenot22(C,A) 0.315581854043
[DEBUG] rall22(A,B) :- no22(A,C), \+all22(B,C) 0.258547008547
[DEBUG] rall22(A,B) :- no22(A,C), \+somenot22(C,B) 0.258547008547
[DEBUG] rall22(A,B) :- no22(A,C), \+somenot22(B,C) 0.258547008547
[DEBUG] rall22(A,B) :- no22(A,C), \+some22(B,C) 0.23865877712
[DEBUG] rall22(A,B) :- no22(A,C), \+some22(C,B) 0.175213675214
[DEBUG] rall22(A,B) :- no22(A,C), \+no22(C,B) 0.175213675214
[DEBUG] rall22(A,B) :- no22(A,C), \+no22(B,C) 0.175213675214
[DEBUG] rall22(A,B) :- all22(C,B), \+all22(A,C) 0.175213675214
[DEBUG] rall22(A,B) :- all22(C,B), \+some22(C,A) 0.175213675214
[DEBUG] rall22(A,B) :- all22(C,B), \+no22(C,A) 0.175213675214
[DEBUG] rall22(A,B) :- all22(C,B), \+somenot22(A,C) 0.175213675214
[DEBUG] rall22(A,B) :- all22(C,B), \+some22(A,C) 0.161735700197
[DEBUG] rall22(A,B) :- no22(C,A), \+all22(C,B) 0.161735700197
[DEBUG] rall22(A,B) :- no22(C,A), \+all22(B,C) 0.161735700197
[DEBUG] rall22(A,B) :- no22(C,A), \+some22(C,B) 0.161735700197
[DEBUG] rall22(A,B) :- no22(C,A), \+somenot22(C,B) 0.161735700197
[DEBUG] rall22(A,B) :- no22(C,A), \+somenot22(B,C) 0.161735700197
[DEBUG] rall22(A,B) :- some22(C,B), \+all22(C,A) 0.150183150183
[DEBUG] rall22(A,B) :- some22(C,B), \+some22(C,A) 0.150183150183
[DEBUG] rall22(A,B) :- some22(C,B), \+no22(C,A) 0.150183150183
[DEBUG] rall22(A,B) :- some22(C,B), \+somenot22(A,C) 0.150183150183
[DEBUG] rall22(A,B) :- some22(C,B), \+somenot22(C,A) 0.150183150183
[DEBUG] rall22(A,B) :- some22(C,B), \+some22(A,C) 0.140170940171
[DEBUG] rall22(A,B) :- all22(A,C), \+all22(C,B) 0.140170940171
[DEBUG] rall22(A,B) :- all22(A,C), \+all22(B,C) 0.140170940171
[DEBUG] rall22(A,B) :- all22(A,C), \+some22(B,C) 0.140170940171
[DEBUG] rall22(A,B) :- all22(A,C), \+no22(C,B) 0.140170940171
[DEBUG] rall22(A,B) :- all22(A,C), \+somenot22(C,B) 0.140170940171
[DEBUG] rall22(A,B) :- all22(A,C), \+somenot22(B,C) 0.140170940171
[DEBUG] rall22(A,B) :- somenot22(C,A), \+all22(B,C) 0.140170940171
[DEBUG] rall22(A,B) :- somenot22(C,A), \+some22(C,B) 0.140170940171
[DEBUG] rall22(A,B) :- somenot22(C,A), \+some22(B,C) 0.140170940171
[DEBUG] rall22(A,B) :- somenot22(C,A), \+no22(C,B) 0.140170940171
[DEBUG] rall22(A,B) :- somenot22(C,A), \+somenot22(C,B) 0.140170940171
[DEBUG] rall22(A,B) :- somenot22(C,A), \+somenot22(B,C) 0.140170940171
[DEBUG] rall22(A,B) :- all22(C,B), \+all22(C,A) 0.0
[DEBUG] rall22(A,B) :- all22(C,B), \+somenot22(C,A) 0.0
[DEBUG] ==================================
[INFO] RULE LEARNED: rall22(A,B) :- no22(B,C), \+all22(C,A) 0.883333333333
