[LVL9] Output level: 9
[INFO] Random seed: 0.3237218847
[INFO] Computing scores: 0.0464s
[INFO] Number of examples (M): 56
[INFO] Positive weight (P): 22.0000
[INFO] Negative weight (N): 34.0000
[DEBUG] Best rule so far: rnvc60(A,B) :- true [0.392857142857]
[DEBUG] Candidates for iteration 1:
[DEBUG] ==================================
[DEBUG] rnvc60(A,B) :- true 0.392857142857
[DEBUG] ==================================
[LVL9] rnvc60(A,B) :- all60(A,C) 0.0 (2.0, 6.0, 28.0, 20.0) 0.797619047619 [ACCEPT]
[LVL9] rnvc60(A,B) :- all60(B,C) 0.0 (1.0, 5.0, 29.0, 21.0) 0.696428571429 [ACCEPT]
[LVL9] rnvc60(A,B) :- all60(C,A) 0.0 (2.0, 6.0, 28.0, 20.0) 0.797619047619 [ACCEPT]
[LVL9] rnvc60(A,B) :- all60(C,B) 0.424107142857 (3.0, 4.0, 30.0, 19.0) 0.848214285714 [ACCEPT]
[LVL9] BETTER RULE rnvc60(A,B) :- all60(C,B) (0.42410714285714285, 3.0) > (0.39285714285714285, 22.0)
[LVL9] rnvc60(A,B) :- some60(B,C) 0.424107142857 (3.0, 4.0, 30.0, 19.0) 0.848214285714 [ACCEPT]
[LVL9] rnvc60(A,B) :- some60(C,A) 0.0 (2.0, 6.0, 28.0, 20.0) 0.797619047619 [ACCEPT]
[LVL9] rnvc60(A,B) :- some60(C,B) 0.0 (2.0, 6.0, 28.0, 20.0) 0.797619047619 [ACCEPT]
[LVL9] rnvc60(A,B) :- no60(A,C) 0.674107142857 (5.0, 2.0, 32.0, 17.0) 0.89880952381 [ACCEPT]
[LVL9] BETTER RULE rnvc60(A,B) :- no60(A,C) (0.6741071428571429, 5.0) > (0.42410714285714285, 3.0)
[LVL9] rnvc60(A,B) :- no60(B,C) 0.0 (3.0, 5.0, 29.0, 19.0) 0.848214285714 [ACCEPT]
[LVL9] rnvc60(A,B) :- no60(C,A) 0.674107142857 (5.0, 2.0, 32.0, 17.0) 0.89880952381 [ACCEPT]
[LVL9] rnvc60(A,B) :- no60(C,B) 0.674107142857 (5.0, 2.0, 32.0, 17.0) 0.89880952381 [ACCEPT]
[LVL9] rnvc60(A,B) :- somenot60(A,C) 0.484693877551 (3.0, 3.0, 31.0, 19.0) 0.848214285714 [ACCEPT]
[LVL9] rnvc60(A,B) :- somenot60(B,C) 0.0 (2.0, 4.0, 30.0, 20.0) 0.797619047619 [ACCEPT]
[LVL9] rnvc60(A,B) :- somenot60(C,A) 0.484693877551 (3.0, 3.0, 31.0, 19.0) 0.848214285714 [ACCEPT]
[LVL9] rnvc60(A,B) :- somenot60(C,B) 0.424107142857 (3.0, 4.0, 30.0, 19.0) 0.848214285714 [ACCEPT]
[DEBUG] Best rule so far: rnvc60(A,B) :- no60(A,C) [0.674107142857]
[DEBUG] Candidates for iteration 2:
[DEBUG] ==================================
[DEBUG] rnvc60(A,B) :- no60(A,C) 0.674107142857
[DEBUG] rnvc60(A,B) :- no60(C,A) 0.674107142857
[DEBUG] rnvc60(A,B) :- no60(C,B) 0.674107142857
[DEBUG] rnvc60(A,B) :- somenot60(A,C) 0.484693877551
[DEBUG] rnvc60(A,B) :- somenot60(C,A) 0.484693877551
[DEBUG] rnvc60(A,B) :- all60(C,B) 0.424107142857
[DEBUG] rnvc60(A,B) :- some60(B,C) 0.424107142857
[DEBUG] rnvc60(A,B) :- somenot60(C,B) 0.424107142857
[DEBUG] rnvc60(A,B) :- no60(B,C) 0.0
[DEBUG] rnvc60(A,B) :- all60(A,C) 0.0
[DEBUG] rnvc60(A,B) :- all60(C,A) 0.0
[DEBUG] rnvc60(A,B) :- some60(C,A) 0.0
[DEBUG] rnvc60(A,B) :- some60(C,B) 0.0
[DEBUG] rnvc60(A,B) :- somenot60(B,C) 0.0
[DEBUG] rnvc60(A,B) :- all60(B,C) 0.0
[DEBUG] ==================================
[LVL9] rnvc60(A,B) :- no60(A,C), all60(C,B) 0.696428571429 (1.0, 0.0, 34.0, 21.0) 0.696428571429 [REJECT* fp] 0.0
[LVL9] BETTER RULE rnvc60(A,B) :- no60(A,C), all60(C,B) (0.6964285714285714, 1.0) > (0.6741071428571429, 5.0)
[LVL9] rnvc60(A,B) :- no60(A,C), \+all60(B,C) 0.770408163265 (5.0, 1.0, 33.0, 17.0) 0.89880952381 [ACCEPT]
[LVL9] BETTER RULE rnvc60(A,B) :- no60(A,C), \+all60(B,C) (0.7704081632653061, 5.0) > (0.6964285714285714, 1.0)
[LVL9] rnvc60(A,B) :- no60(A,C), \+some60(C,B) 0.770408163265 (5.0, 1.0, 33.0, 17.0) 0.89880952381 [ACCEPT]
[LVL9] rnvc60(A,B) :- no60(C,A), \+all60(B,C) 0.770408163265 (5.0, 1.0, 33.0, 17.0) 0.89880952381 [ACCEPT]
[LVL9] rnvc60(A,B) :- no60(C,A), \+no60(B,C) 0.770408163265 (5.0, 1.0, 33.0, 17.0) 0.89880952381 [ACCEPT]
[LVL9] rnvc60(A,B) :- no60(C,B), \+all60(A,C) 0.770408163265 (5.0, 1.0, 33.0, 17.0) 0.89880952381 [ACCEPT]
[LVL9] rnvc60(A,B) :- no60(C,B), \+somenot60(A,C) 0.770408163265 (5.0, 1.0, 33.0, 17.0) 0.89880952381 [ACCEPT]
[LVL9] rnvc60(A,B) :- somenot60(A,C), \+all60(C,B) 0.565476190476 (3.0, 2.0, 32.0, 19.0) 0.848214285714 [ACCEPT]
[LVL9] rnvc60(A,B) :- somenot60(A,C), \+some60(C,B) 0.565476190476 (3.0, 2.0, 32.0, 19.0) 0.848214285714 [ACCEPT]
[LVL9] rnvc60(A,B) :- somenot60(A,C), \+no60(C,B) 0.565476190476 (3.0, 2.0, 32.0, 19.0) 0.848214285714 [ACCEPT]
[LVL9] rnvc60(A,B) :- somenot60(C,A), \+all60(C,B) 0.565476190476 (3.0, 2.0, 32.0, 19.0) 0.848214285714 [ACCEPT]
[LVL9] rnvc60(A,B) :- somenot60(C,A), \+some60(C,B) 0.565476190476 (3.0, 2.0, 32.0, 19.0) 0.848214285714 [ACCEPT]
[LVL9] rnvc60(A,B) :- somenot60(C,A), \+some60(B,C) 0.565476190476 (3.0, 2.0, 32.0, 19.0) 0.848214285714 [ACCEPT]
[LVL9] rnvc60(A,B) :- all60(C,B), \+all60(A,C) 0.484693877551 (3.0, 3.0, 31.0, 19.0) 0.848214285714 [ACCEPT]
[LVL9] rnvc60(A,B) :- all60(C,B), \+some60(C,A) 0.484693877551 (3.0, 3.0, 31.0, 19.0) 0.848214285714 [ACCEPT]
[LVL9] rnvc60(A,B) :- all60(C,B), \+somenot60(A,C) 0.484693877551 (3.0, 3.0, 31.0, 19.0) 0.848214285714 [ACCEPT]
[LVL9] rnvc60(A,B) :- all60(C,B), \+somenot60(C,A) 0.484693877551 (3.0, 3.0, 31.0, 19.0) 0.848214285714 [ACCEPT]
[LVL9] rnvc60(A,B) :- some60(B,C), \+all60(C,A) 0.484693877551 (3.0, 3.0, 31.0, 19.0) 0.848214285714 [ACCEPT]
[LVL9] rnvc60(A,B) :- some60(B,C), \+some60(A,C) 0.484693877551 (3.0, 3.0, 31.0, 19.0) 0.848214285714 [ACCEPT]
[LVL9] rnvc60(A,B) :- some60(B,C), \+some60(C,A) 0.484693877551 (3.0, 3.0, 31.0, 19.0) 0.848214285714 [ACCEPT]
[LVL9] rnvc60(A,B) :- some60(B,C), \+somenot60(C,A) 0.484693877551 (3.0, 3.0, 31.0, 19.0) 0.848214285714 [ACCEPT]
[LVL9] rnvc60(A,B) :- somenot60(C,B), \+all60(A,C) 0.484693877551 (3.0, 3.0, 31.0, 19.0) 0.848214285714 [ACCEPT]
[LVL9] rnvc60(A,B) :- somenot60(C,B), \+all60(C,A) 0.484693877551 (3.0, 3.0, 31.0, 19.0) 0.848214285714 [ACCEPT]
[LVL9] rnvc60(A,B) :- somenot60(C,B), \+some60(A,C) 0.484693877551 (3.0, 3.0, 31.0, 19.0) 0.848214285714 [ACCEPT]
[LVL9] rnvc60(A,B) :- somenot60(C,B), \+some60(C,A) 0.484693877551 (3.0, 3.0, 31.0, 19.0) 0.848214285714 [ACCEPT]
[LVL9] rnvc60(A,B) :- no60(B,C), \+all60(A,C) 0.424107142857 (3.0, 4.0, 30.0, 19.0) 0.848214285714 [ACCEPT]
[LVL9] rnvc60(A,B) :- no60(B,C), \+all60(C,A) 0.424107142857 (3.0, 4.0, 30.0, 19.0) 0.848214285714 [ACCEPT]
[LVL9] rnvc60(A,B) :- no60(B,C), \+some60(A,C) 0.424107142857 (3.0, 4.0, 30.0, 19.0) 0.848214285714 [ACCEPT]
[LVL9] rnvc60(A,B) :- no60(B,C), \+some60(C,A) 0.424107142857 (3.0, 4.0, 30.0, 19.0) 0.848214285714 [ACCEPT]
[LVL9] rnvc60(A,B) :- no60(B,C), \+no60(C,A) 0.424107142857 (3.0, 4.0, 30.0, 19.0) 0.848214285714 [ACCEPT]
[LVL9] rnvc60(A,B) :- all60(A,C), \+all60(C,B) 0.0 (2.0, 5.0, 29.0, 20.0) 0.797619047619 [ACCEPT]
[LVL9] rnvc60(A,B) :- all60(A,C), \+some60(C,B) 0.0 (2.0, 5.0, 29.0, 20.0) 0.797619047619 [ACCEPT]
[LVL9] rnvc60(A,B) :- all60(A,C), \+no60(C,B) 0.0 (2.0, 5.0, 29.0, 20.0) 0.797619047619 [ACCEPT]
[LVL9] rnvc60(A,B) :- all60(A,C), \+no60(B,C) 0.0 (2.0, 5.0, 29.0, 20.0) 0.797619047619 [ACCEPT]
[LVL9] rnvc60(A,B) :- all60(A,C), \+somenot60(C,B) 0.0 (2.0, 5.0, 29.0, 20.0) 0.797619047619 [ACCEPT]
[LVL9] rnvc60(A,B) :- all60(A,C), \+somenot60(B,C) 0.0 (2.0, 5.0, 29.0, 20.0) 0.797619047619 [ACCEPT]
[LVL9] rnvc60(A,B) :- all60(C,A), \+all60(B,C) 0.0 (2.0, 5.0, 29.0, 20.0) 0.797619047619 [ACCEPT]
[LVL9] rnvc60(A,B) :- all60(C,A), \+some60(C,B) 0.0 (2.0, 5.0, 29.0, 20.0) 0.797619047619 [ACCEPT]
[LVL9] rnvc60(A,B) :- all60(C,A), \+some60(B,C) 0.0 (2.0, 5.0, 29.0, 20.0) 0.797619047619 [ACCEPT]
[LVL9] rnvc60(A,B) :- all60(C,A), \+no60(B,C) 0.0 (2.0, 5.0, 29.0, 20.0) 0.797619047619 [ACCEPT]
[LVL9] rnvc60(A,B) :- all60(C,A), \+somenot60(C,B) 0.0 (2.0, 5.0, 29.0, 20.0) 0.797619047619 [ACCEPT]
[LVL9] rnvc60(A,B) :- all60(C,A), \+somenot60(B,C) 0.0 (2.0, 5.0, 29.0, 20.0) 0.797619047619 [ACCEPT]
[LVL9] rnvc60(A,B) :- some60(C,A), \+all60(C,B) 0.0 (2.0, 5.0, 29.0, 20.0) 0.797619047619 [ACCEPT]
[LVL9] rnvc60(A,B) :- some60(C,A), \+all60(B,C) 0.0 (2.0, 5.0, 29.0, 20.0) 0.797619047619 [ACCEPT]
[LVL9] rnvc60(A,B) :- some60(C,A), \+some60(B,C) 0.0 (2.0, 5.0, 29.0, 20.0) 0.797619047619 [ACCEPT]
[LVL9] rnvc60(A,B) :- some60(C,A), \+no60(B,C) 0.0 (2.0, 5.0, 29.0, 20.0) 0.797619047619 [ACCEPT]
[LVL9] rnvc60(A,B) :- some60(C,A), \+somenot60(C,B) 0.0 (2.0, 5.0, 29.0, 20.0) 0.797619047619 [ACCEPT]
[LVL9] rnvc60(A,B) :- some60(C,A), \+somenot60(B,C) 0.0 (2.0, 5.0, 29.0, 20.0) 0.797619047619 [ACCEPT]
[LVL9] rnvc60(A,B) :- some60(C,B), \+all60(A,C) 0.0 (2.0, 5.0, 29.0, 20.0) 0.797619047619 [ACCEPT]
[LVL9] rnvc60(A,B) :- some60(C,B), \+all60(C,A) 0.0 (2.0, 5.0, 29.0, 20.0) 0.797619047619 [ACCEPT]
[LVL9] rnvc60(A,B) :- some60(C,B), \+some60(A,C) 0.0 (2.0, 5.0, 29.0, 20.0) 0.797619047619 [ACCEPT]
[LVL9] rnvc60(A,B) :- some60(C,B), \+no60(A,C) 0.0 (2.0, 5.0, 29.0, 20.0) 0.797619047619 [ACCEPT]
[LVL9] rnvc60(A,B) :- some60(C,B), \+somenot60(A,C) 0.0 (2.0, 5.0, 29.0, 20.0) 0.797619047619 [ACCEPT]
[LVL9] rnvc60(A,B) :- some60(C,B), \+somenot60(C,A) 0.0 (2.0, 5.0, 29.0, 20.0) 0.797619047619 [ACCEPT]
[LVL9] rnvc60(A,B) :- somenot60(B,C), \+all60(A,C) 0.39880952381 (2.0, 3.0, 31.0, 20.0) 0.797619047619 [ACCEPT]
[LVL9] rnvc60(A,B) :- somenot60(B,C), \+all60(C,A) 0.39880952381 (2.0, 3.0, 31.0, 20.0) 0.797619047619 [ACCEPT]
[LVL9] rnvc60(A,B) :- somenot60(B,C), \+some60(A,C) 0.39880952381 (2.0, 3.0, 31.0, 20.0) 0.797619047619 [ACCEPT]
[LVL9] rnvc60(A,B) :- somenot60(B,C), \+some60(C,A) 0.39880952381 (2.0, 3.0, 31.0, 20.0) 0.797619047619 [ACCEPT]
[DEBUG] Best rule so far: rnvc60(A,B) :- no60(A,C), \+all60(B,C) [0.770408163265]
[DEBUG] Candidates for iteration 3:
[DEBUG] ==================================
[DEBUG] rnvc60(A,B) :- no60(A,C), \+all60(B,C) 0.770408163265
[DEBUG] rnvc60(A,B) :- no60(A,C), \+some60(C,B) 0.770408163265
[DEBUG] rnvc60(A,B) :- no60(C,A), \+all60(B,C) 0.770408163265
[DEBUG] rnvc60(A,B) :- no60(C,A), \+no60(B,C) 0.770408163265
[DEBUG] rnvc60(A,B) :- no60(C,B), \+all60(A,C) 0.770408163265
[DEBUG] rnvc60(A,B) :- no60(C,B), \+somenot60(A,C) 0.770408163265
[DEBUG] rnvc60(A,B) :- somenot60(A,C), \+all60(C,B) 0.565476190476
[DEBUG] rnvc60(A,B) :- somenot60(A,C), \+some60(C,B) 0.565476190476
[DEBUG] rnvc60(A,B) :- somenot60(A,C), \+no60(C,B) 0.565476190476
[DEBUG] rnvc60(A,B) :- somenot60(C,A), \+all60(C,B) 0.565476190476
[DEBUG] rnvc60(A,B) :- somenot60(C,A), \+some60(C,B) 0.565476190476
[DEBUG] rnvc60(A,B) :- somenot60(C,A), \+some60(B,C) 0.565476190476
[DEBUG] rnvc60(A,B) :- all60(C,B), \+all60(A,C) 0.484693877551
[DEBUG] rnvc60(A,B) :- all60(C,B), \+some60(C,A) 0.484693877551
[DEBUG] rnvc60(A,B) :- all60(C,B), \+somenot60(A,C) 0.484693877551
[DEBUG] rnvc60(A,B) :- all60(C,B), \+somenot60(C,A) 0.484693877551
[DEBUG] rnvc60(A,B) :- some60(B,C), \+all60(C,A) 0.484693877551
[DEBUG] rnvc60(A,B) :- some60(B,C), \+some60(A,C) 0.484693877551
[DEBUG] rnvc60(A,B) :- some60(B,C), \+some60(C,A) 0.484693877551
[DEBUG] rnvc60(A,B) :- some60(B,C), \+somenot60(C,A) 0.484693877551
[DEBUG] rnvc60(A,B) :- somenot60(C,B), \+all60(A,C) 0.484693877551
[DEBUG] rnvc60(A,B) :- somenot60(C,B), \+all60(C,A) 0.484693877551
[DEBUG] rnvc60(A,B) :- somenot60(C,B), \+some60(A,C) 0.484693877551
[DEBUG] rnvc60(A,B) :- somenot60(C,B), \+some60(C,A) 0.484693877551
[DEBUG] rnvc60(A,B) :- no60(B,C), \+all60(A,C) 0.424107142857
[DEBUG] rnvc60(A,B) :- no60(B,C), \+all60(C,A) 0.424107142857
[DEBUG] rnvc60(A,B) :- no60(B,C), \+some60(A,C) 0.424107142857
[DEBUG] rnvc60(A,B) :- no60(B,C), \+some60(C,A) 0.424107142857
[DEBUG] rnvc60(A,B) :- no60(B,C), \+no60(C,A) 0.424107142857
[DEBUG] rnvc60(A,B) :- somenot60(B,C), \+all60(A,C) 0.39880952381
[DEBUG] rnvc60(A,B) :- somenot60(B,C), \+all60(C,A) 0.39880952381
[DEBUG] rnvc60(A,B) :- somenot60(B,C), \+some60(A,C) 0.39880952381
[DEBUG] rnvc60(A,B) :- somenot60(B,C), \+some60(C,A) 0.39880952381
[DEBUG] rnvc60(A,B) :- all60(A,C), \+all60(C,B) 0.0
[DEBUG] rnvc60(A,B) :- all60(A,C), \+some60(C,B) 0.0
[DEBUG] rnvc60(A,B) :- all60(A,C), \+no60(C,B) 0.0
[DEBUG] rnvc60(A,B) :- all60(A,C), \+no60(B,C) 0.0
[DEBUG] rnvc60(A,B) :- all60(A,C), \+somenot60(C,B) 0.0
[DEBUG] rnvc60(A,B) :- all60(A,C), \+somenot60(B,C) 0.0
[DEBUG] rnvc60(A,B) :- all60(C,A), \+all60(B,C) 0.0
[DEBUG] rnvc60(A,B) :- all60(C,A), \+some60(C,B) 0.0
[DEBUG] rnvc60(A,B) :- all60(C,A), \+some60(B,C) 0.0
[DEBUG] rnvc60(A,B) :- all60(C,A), \+no60(B,C) 0.0
[DEBUG] rnvc60(A,B) :- all60(C,A), \+somenot60(C,B) 0.0
[DEBUG] rnvc60(A,B) :- all60(C,A), \+somenot60(B,C) 0.0
[DEBUG] rnvc60(A,B) :- some60(C,A), \+all60(C,B) 0.0
[DEBUG] rnvc60(A,B) :- some60(C,A), \+all60(B,C) 0.0
[DEBUG] rnvc60(A,B) :- some60(C,A), \+some60(B,C) 0.0
[DEBUG] rnvc60(A,B) :- some60(C,A), \+no60(B,C) 0.0
[DEBUG] rnvc60(A,B) :- some60(C,A), \+somenot60(C,B) 0.0
[DEBUG] rnvc60(A,B) :- some60(C,A), \+somenot60(B,C) 0.0
[DEBUG] rnvc60(A,B) :- some60(C,B), \+all60(A,C) 0.0
[DEBUG] rnvc60(A,B) :- some60(C,B), \+all60(C,A) 0.0
[DEBUG] rnvc60(A,B) :- some60(C,B), \+some60(A,C) 0.0
[DEBUG] rnvc60(A,B) :- some60(C,B), \+no60(A,C) 0.0
[DEBUG] rnvc60(A,B) :- some60(C,B), \+somenot60(A,C) 0.0
[DEBUG] rnvc60(A,B) :- some60(C,B), \+somenot60(C,A) 0.0
[DEBUG] ==================================
[INFO] RULE LEARNED: rnvc60(A,B) :- no60(A,C), \+all60(B,C) 0.678571428571
[DEBUG] Best rule so far: rnvc60(A,B) :- true [0.34]
[DEBUG] Candidates for iteration 1:
[DEBUG] ==================================
[DEBUG] rnvc60(A,B) :- true 0.34
[DEBUG] ==================================
[LVL9] rnvc60(A,B) :- all60(A,C) 0.0 (7.0, 7.0, 27.0, 15.0) 0.78 [ACCEPT]
[LVL9] rnvc60(A,B) :- all60(B,C) 0.0 (6.0, 6.0, 28.0, 16.0) 0.67 [ACCEPT]
[LVL9] rnvc60(A,B) :- all60(C,A) 0.0 (7.0, 7.0, 27.0, 15.0) 0.78 [ACCEPT]
[LVL9] rnvc60(A,B) :- all60(C,B) 0.0 (7.0, 5.0, 29.0, 15.0) 0.78 [ACCEPT]
[LVL9] rnvc60(A,B) :- some60(B,C) 0.0 (7.0, 5.0, 29.0, 15.0) 0.78 [ACCEPT]
[LVL9] rnvc60(A,B) :- some60(C,A) 0.0 (7.0, 7.0, 27.0, 15.0) 0.78 [ACCEPT]
[LVL9] rnvc60(A,B) :- some60(C,B) 0.0 (7.0, 6.0, 28.0, 15.0) 0.78 [ACCEPT]
[LVL9] rnvc60(A,B) :- no60(B,C) 0.0 (7.0, 6.0, 28.0, 15.0) 0.78 [ACCEPT]
[LVL9] rnvc60(A,B) :- no60(C,A) 0.6675 (10.0, 3.0, 31.0, 12.0) 0.89 [ACCEPT]
[LVL9] BETTER RULE rnvc60(A,B) :- no60(C,A) (0.6675, 10.0) > (0.34, 22.0)
[LVL9] rnvc60(A,B) :- no60(C,B) 0.62 (9.0, 3.0, 31.0, 13.0) 0.868 [ACCEPT]
[LVL9] rnvc60(A,B) :- somenot60(A,C) 0.477142857143 (8.0, 4.0, 30.0, 14.0) 0.835 [ACCEPT]
[LVL9] rnvc60(A,B) :- somenot60(B,C) 0.0 (7.0, 5.0, 29.0, 15.0) 0.78 [ACCEPT]
[LVL9] rnvc60(A,B) :- somenot60(C,A) 0.477142857143 (8.0, 4.0, 30.0, 14.0) 0.835 [ACCEPT]
[LVL9] rnvc60(A,B) :- somenot60(C,B) 0.0 (7.0, 5.0, 29.0, 15.0) 0.78 [ACCEPT]
[DEBUG] Best rule so far: rnvc60(A,B) :- no60(C,A) [0.6675]
[DEBUG] Candidates for iteration 2:
[DEBUG] ==================================
[DEBUG] rnvc60(A,B) :- no60(C,A) 0.6675
[DEBUG] rnvc60(A,B) :- no60(C,B) 0.62
[DEBUG] rnvc60(A,B) :- somenot60(A,C) 0.477142857143
[DEBUG] rnvc60(A,B) :- somenot60(C,A) 0.477142857143
[DEBUG] rnvc60(A,B) :- all60(A,C) 0.0
[DEBUG] rnvc60(A,B) :- all60(C,A) 0.0
[DEBUG] rnvc60(A,B) :- all60(C,B) 0.0
[DEBUG] rnvc60(A,B) :- some60(B,C) 0.0
[DEBUG] rnvc60(A,B) :- some60(C,A) 0.0
[DEBUG] rnvc60(A,B) :- some60(C,B) 0.0
[DEBUG] rnvc60(A,B) :- no60(B,C) 0.0
[DEBUG] rnvc60(A,B) :- somenot60(B,C) 0.0
[DEBUG] rnvc60(A,B) :- somenot60(C,B) 0.0
[DEBUG] rnvc60(A,B) :- all60(B,C) 0.0
[DEBUG] ==================================
[LVL9] rnvc60(A,B) :- no60(C,A), all60(C,B) 0.67 (6.0, 1.0, 33.0, 16.0) 0.67 [ACCEPT]
[LVL9] BETTER RULE rnvc60(A,B) :- no60(C,A), all60(C,B) (0.67, 6.0) > (0.6675, 10.0)
[LVL9] rnvc60(A,B) :- no60(C,A), \+all60(B,C) 0.762857142857 (10.0, 2.0, 32.0, 12.0) 0.89 [ACCEPT]
[LVL9] BETTER RULE rnvc60(A,B) :- no60(C,A), \+all60(B,C) (0.7628571428571428, 10.0) > (0.67, 6.0)
[LVL9] rnvc60(A,B) :- no60(C,A), \+no60(B,C) 0.762857142857 (10.0, 2.0, 32.0, 12.0) 0.89 [ACCEPT]
[LVL9] rnvc60(A,B) :- no60(C,B), \+all60(A,C) 0.723333333333 (9.0, 2.0, 32.0, 13.0) 0.868 [ACCEPT]
[LVL9] rnvc60(A,B) :- no60(C,B), \+somenot60(A,C) 0.723333333333 (9.0, 2.0, 32.0, 13.0) 0.868 [ACCEPT]
[LVL9] rnvc60(A,B) :- somenot60(A,C), \+all60(C,B) 0.556666666667 (8.0, 3.0, 31.0, 14.0) 0.835 [ACCEPT]
[LVL9] rnvc60(A,B) :- somenot60(A,C), \+some60(C,B) 0.556666666667 (8.0, 3.0, 31.0, 14.0) 0.835 [ACCEPT]
[LVL9] rnvc60(A,B) :- somenot60(A,C), \+no60(C,B) 0.556666666667 (8.0, 3.0, 31.0, 14.0) 0.835 [ACCEPT]
[LVL9] rnvc60(A,B) :- somenot60(C,A), \+all60(C,B) 0.556666666667 (8.0, 3.0, 31.0, 14.0) 0.835 [ACCEPT]
[LVL9] rnvc60(A,B) :- somenot60(C,A), \+some60(C,B) 0.556666666667 (8.0, 3.0, 31.0, 14.0) 0.835 [ACCEPT]
[LVL9] rnvc60(A,B) :- somenot60(C,A), \+some60(B,C) 0.556666666667 (8.0, 3.0, 31.0, 14.0) 0.835 [ACCEPT]
[LVL9] rnvc60(A,B) :- all60(A,C), \+all60(C,B) 0.0 (7.0, 6.0, 28.0, 15.0) 0.78 [ACCEPT]
[LVL9] rnvc60(A,B) :- all60(A,C), \+some60(C,B) 0.0 (7.0, 6.0, 28.0, 15.0) 0.78 [ACCEPT]
[LVL9] rnvc60(A,B) :- all60(A,C), \+no60(C,B) 0.0 (7.0, 6.0, 28.0, 15.0) 0.78 [ACCEPT]
[LVL9] rnvc60(A,B) :- all60(A,C), \+no60(B,C) 0.0 (7.0, 6.0, 28.0, 15.0) 0.78 [ACCEPT]
[LVL9] rnvc60(A,B) :- all60(A,C), \+somenot60(C,B) 0.0 (7.0, 6.0, 28.0, 15.0) 0.78 [ACCEPT]
[LVL9] rnvc60(A,B) :- all60(A,C), \+somenot60(B,C) 0.0 (7.0, 6.0, 28.0, 15.0) 0.78 [ACCEPT]
[LVL9] rnvc60(A,B) :- all60(C,A), \+all60(B,C) 0.0 (7.0, 6.0, 28.0, 15.0) 0.78 [ACCEPT]
[LVL9] rnvc60(A,B) :- all60(C,A), \+some60(C,B) 0.0 (7.0, 6.0, 28.0, 15.0) 0.78 [ACCEPT]
[LVL9] rnvc60(A,B) :- all60(C,A), \+some60(B,C) 0.0 (7.0, 6.0, 28.0, 15.0) 0.78 [ACCEPT]
[LVL9] rnvc60(A,B) :- all60(C,A), \+no60(B,C) 0.0 (7.0, 6.0, 28.0, 15.0) 0.78 [ACCEPT]
[LVL9] rnvc60(A,B) :- all60(C,A), \+somenot60(C,B) 0.0 (7.0, 6.0, 28.0, 15.0) 0.78 [ACCEPT]
[LVL9] rnvc60(A,B) :- all60(C,A), \+somenot60(B,C) 0.0 (7.0, 6.0, 28.0, 15.0) 0.78 [ACCEPT]
[LVL9] rnvc60(A,B) :- all60(C,B), \+all60(A,C) 0.39 (7.0, 4.0, 30.0, 15.0) 0.78 [ACCEPT]
[LVL9] rnvc60(A,B) :- all60(C,B), \+some60(C,A) 0.39 (7.0, 4.0, 30.0, 15.0) 0.78 [ACCEPT]
[LVL9] rnvc60(A,B) :- all60(C,B), \+somenot60(A,C) 0.39 (7.0, 4.0, 30.0, 15.0) 0.78 [ACCEPT]
[LVL9] rnvc60(A,B) :- all60(C,B), \+somenot60(C,A) 0.39 (7.0, 4.0, 30.0, 15.0) 0.78 [ACCEPT]
[LVL9] rnvc60(A,B) :- some60(B,C), \+all60(C,A) 0.39 (7.0, 4.0, 30.0, 15.0) 0.78 [ACCEPT]
[LVL9] rnvc60(A,B) :- some60(B,C), \+some60(A,C) 0.39 (7.0, 4.0, 30.0, 15.0) 0.78 [ACCEPT]
[LVL9] rnvc60(A,B) :- some60(B,C), \+some60(C,A) 0.39 (7.0, 4.0, 30.0, 15.0) 0.78 [ACCEPT]
[LVL9] rnvc60(A,B) :- some60(B,C), \+somenot60(C,A) 0.39 (7.0, 4.0, 30.0, 15.0) 0.78 [ACCEPT]
[LVL9] rnvc60(A,B) :- some60(C,A), \+all60(C,B) 0.0 (7.0, 6.0, 28.0, 15.0) 0.78 [ACCEPT]
[LVL9] rnvc60(A,B) :- some60(C,A), \+all60(B,C) 0.0 (7.0, 6.0, 28.0, 15.0) 0.78 [ACCEPT]
[LVL9] rnvc60(A,B) :- some60(C,A), \+some60(B,C) 0.0 (7.0, 6.0, 28.0, 15.0) 0.78 [ACCEPT]
[LVL9] rnvc60(A,B) :- some60(C,A), \+no60(B,C) 0.0 (7.0, 6.0, 28.0, 15.0) 0.78 [ACCEPT]
[LVL9] rnvc60(A,B) :- some60(C,A), \+somenot60(C,B) 0.0 (7.0, 6.0, 28.0, 15.0) 0.78 [ACCEPT]
[LVL9] rnvc60(A,B) :- some60(C,A), \+somenot60(B,C) 0.0 (7.0, 6.0, 28.0, 15.0) 0.78 [ACCEPT]
[LVL9] rnvc60(A,B) :- some60(C,B), \+all60(A,C) 0.0 (7.0, 5.0, 29.0, 15.0) 0.78 [ACCEPT]
[LVL9] rnvc60(A,B) :- some60(C,B), \+all60(C,A) 0.0 (7.0, 5.0, 29.0, 15.0) 0.78 [ACCEPT]
[LVL9] rnvc60(A,B) :- some60(C,B), \+some60(A,C) 0.0 (7.0, 5.0, 29.0, 15.0) 0.78 [ACCEPT]
[LVL9] rnvc60(A,B) :- some60(C,B), \+somenot60(A,C) 0.0 (7.0, 5.0, 29.0, 15.0) 0.78 [ACCEPT]
[LVL9] rnvc60(A,B) :- some60(C,B), \+somenot60(C,A) 0.0 (7.0, 5.0, 29.0, 15.0) 0.78 [ACCEPT]
[LVL9] rnvc60(A,B) :- no60(B,C), \+all60(A,C) 0.0 (7.0, 5.0, 29.0, 15.0) 0.78 [ACCEPT]
[LVL9] rnvc60(A,B) :- no60(B,C), \+all60(C,A) 0.0 (7.0, 5.0, 29.0, 15.0) 0.78 [ACCEPT]
[LVL9] rnvc60(A,B) :- no60(B,C), \+some60(A,C) 0.0 (7.0, 5.0, 29.0, 15.0) 0.78 [ACCEPT]
[LVL9] rnvc60(A,B) :- no60(B,C), \+some60(C,A) 0.0 (7.0, 5.0, 29.0, 15.0) 0.78 [ACCEPT]
[LVL9] rnvc60(A,B) :- no60(B,C), \+no60(C,A) 0.0 (7.0, 5.0, 29.0, 15.0) 0.78 [ACCEPT]
[LVL9] rnvc60(A,B) :- somenot60(B,C), \+all60(A,C) 0.39 (7.0, 4.0, 30.0, 15.0) 0.78 [ACCEPT]
[LVL9] rnvc60(A,B) :- somenot60(B,C), \+all60(C,A) 0.39 (7.0, 4.0, 30.0, 15.0) 0.78 [ACCEPT]
[LVL9] rnvc60(A,B) :- somenot60(B,C), \+some60(A,C) 0.39 (7.0, 4.0, 30.0, 15.0) 0.78 [ACCEPT]
[LVL9] rnvc60(A,B) :- somenot60(B,C), \+some60(C,A) 0.39 (7.0, 4.0, 30.0, 15.0) 0.78 [ACCEPT]
[LVL9] rnvc60(A,B) :- somenot60(C,B), \+all60(A,C) 0.39 (7.0, 4.0, 30.0, 15.0) 0.78 [ACCEPT]
[LVL9] rnvc60(A,B) :- somenot60(C,B), \+all60(C,A) 0.39 (7.0, 4.0, 30.0, 15.0) 0.78 [ACCEPT]
[LVL9] rnvc60(A,B) :- somenot60(C,B), \+some60(A,C) 0.39 (7.0, 4.0, 30.0, 15.0) 0.78 [ACCEPT]
[LVL9] rnvc60(A,B) :- somenot60(C,B), \+some60(C,A) 0.39 (7.0, 4.0, 30.0, 15.0) 0.78 [ACCEPT]
[DEBUG] Best rule so far: rnvc60(A,B) :- no60(C,A), \+all60(B,C) [0.762857142857]
[DEBUG] Candidates for iteration 3:
[DEBUG] ==================================
[DEBUG] rnvc60(A,B) :- no60(C,A), \+all60(B,C) 0.762857142857
[DEBUG] rnvc60(A,B) :- no60(C,A), \+no60(B,C) 0.762857142857
[DEBUG] rnvc60(A,B) :- no60(C,B), \+all60(A,C) 0.723333333333
[DEBUG] rnvc60(A,B) :- no60(C,B), \+somenot60(A,C) 0.723333333333
[DEBUG] rnvc60(A,B) :- no60(C,A), all60(C,B) 0.67
[DEBUG] rnvc60(A,B) :- somenot60(A,C), \+all60(C,B) 0.556666666667
[DEBUG] rnvc60(A,B) :- somenot60(A,C), \+some60(C,B) 0.556666666667
[DEBUG] rnvc60(A,B) :- somenot60(A,C), \+no60(C,B) 0.556666666667
[DEBUG] rnvc60(A,B) :- somenot60(C,A), \+all60(C,B) 0.556666666667
[DEBUG] rnvc60(A,B) :- somenot60(C,A), \+some60(C,B) 0.556666666667
[DEBUG] rnvc60(A,B) :- somenot60(C,A), \+some60(B,C) 0.556666666667
[DEBUG] rnvc60(A,B) :- all60(C,B), \+all60(A,C) 0.39
[DEBUG] rnvc60(A,B) :- all60(C,B), \+some60(C,A) 0.39
[DEBUG] rnvc60(A,B) :- all60(C,B), \+somenot60(A,C) 0.39
[DEBUG] rnvc60(A,B) :- all60(C,B), \+somenot60(C,A) 0.39
[DEBUG] rnvc60(A,B) :- some60(B,C), \+all60(C,A) 0.39
[DEBUG] rnvc60(A,B) :- some60(B,C), \+some60(A,C) 0.39
[DEBUG] rnvc60(A,B) :- some60(B,C), \+some60(C,A) 0.39
[DEBUG] rnvc60(A,B) :- some60(B,C), \+somenot60(C,A) 0.39
[DEBUG] rnvc60(A,B) :- somenot60(B,C), \+all60(A,C) 0.39
[DEBUG] rnvc60(A,B) :- somenot60(B,C), \+all60(C,A) 0.39
[DEBUG] rnvc60(A,B) :- somenot60(B,C), \+some60(A,C) 0.39
[DEBUG] rnvc60(A,B) :- somenot60(B,C), \+some60(C,A) 0.39
[DEBUG] rnvc60(A,B) :- somenot60(C,B), \+all60(A,C) 0.39
[DEBUG] rnvc60(A,B) :- somenot60(C,B), \+all60(C,A) 0.39
[DEBUG] rnvc60(A,B) :- somenot60(C,B), \+some60(A,C) 0.39
[DEBUG] rnvc60(A,B) :- somenot60(C,B), \+some60(C,A) 0.39
[DEBUG] rnvc60(A,B) :- all60(A,C), \+all60(C,B) 0.0
[DEBUG] rnvc60(A,B) :- all60(A,C), \+some60(C,B) 0.0
[DEBUG] rnvc60(A,B) :- all60(A,C), \+no60(C,B) 0.0
[DEBUG] rnvc60(A,B) :- all60(A,C), \+no60(B,C) 0.0
[DEBUG] rnvc60(A,B) :- all60(A,C), \+somenot60(C,B) 0.0
[DEBUG] rnvc60(A,B) :- all60(A,C), \+somenot60(B,C) 0.0
[DEBUG] rnvc60(A,B) :- all60(C,A), \+all60(B,C) 0.0
[DEBUG] rnvc60(A,B) :- all60(C,A), \+some60(C,B) 0.0
[DEBUG] rnvc60(A,B) :- all60(C,A), \+some60(B,C) 0.0
[DEBUG] rnvc60(A,B) :- all60(C,A), \+no60(B,C) 0.0
[DEBUG] rnvc60(A,B) :- all60(C,A), \+somenot60(C,B) 0.0
[DEBUG] rnvc60(A,B) :- all60(C,A), \+somenot60(B,C) 0.0
[DEBUG] rnvc60(A,B) :- some60(C,A), \+all60(C,B) 0.0
[DEBUG] rnvc60(A,B) :- some60(C,A), \+all60(B,C) 0.0
[DEBUG] rnvc60(A,B) :- some60(C,A), \+some60(B,C) 0.0
[DEBUG] rnvc60(A,B) :- some60(C,A), \+no60(B,C) 0.0
[DEBUG] rnvc60(A,B) :- some60(C,A), \+somenot60(C,B) 0.0
[DEBUG] rnvc60(A,B) :- some60(C,A), \+somenot60(B,C) 0.0
[DEBUG] rnvc60(A,B) :- some60(C,B), \+all60(A,C) 0.0
[DEBUG] rnvc60(A,B) :- some60(C,B), \+all60(C,A) 0.0
[DEBUG] rnvc60(A,B) :- some60(C,B), \+some60(A,C) 0.0
[DEBUG] rnvc60(A,B) :- some60(C,B), \+somenot60(A,C) 0.0
[DEBUG] rnvc60(A,B) :- some60(C,B), \+somenot60(C,A) 0.0
[DEBUG] rnvc60(A,B) :- no60(B,C), \+all60(A,C) 0.0
[DEBUG] rnvc60(A,B) :- no60(B,C), \+all60(C,A) 0.0
[DEBUG] rnvc60(A,B) :- no60(B,C), \+some60(A,C) 0.0
[DEBUG] rnvc60(A,B) :- no60(B,C), \+some60(C,A) 0.0
[DEBUG] rnvc60(A,B) :- no60(B,C), \+no60(C,A) 0.0
[DEBUG] ==================================
[INFO] RULE LEARNED: rnvc60(A,B) :- no60(C,A), \+all60(B,C) 0.75
[DEBUG] Best rule so far: rnvc60(A,B) :- true [0.272727272727]
[DEBUG] Candidates for iteration 1:
[DEBUG] ==================================
[DEBUG] rnvc60(A,B) :- true 0.272727272727
[DEBUG] ==================================
[LVL9] rnvc60(A,B) :- all60(A,C) 0.0 (12.0, 8.0, 26.0, 10.0) 0.757575757576 [ACCEPT]
[LVL9] rnvc60(A,B) :- all60(B,C) 0.0 (11.0, 7.0, 27.0, 11.0) 0.636363636364 [ACCEPT]
[LVL9] rnvc60(A,B) :- all60(C,A) 0.0 (12.0, 8.0, 26.0, 10.0) 0.757575757576 [ACCEPT]
[LVL9] rnvc60(A,B) :- all60(C,B) 0.0 (11.0, 6.0, 28.0, 11.0) 0.636363636364 [ACCEPT]
[LVL9] rnvc60(A,B) :- some60(B,C) 0.0 (11.0, 6.0, 28.0, 11.0) 0.636363636364 [ACCEPT]
[LVL9] rnvc60(A,B) :- some60(C,A) 0.0 (12.0, 8.0, 26.0, 10.0) 0.757575757576 [ACCEPT]
[LVL9] rnvc60(A,B) :- some60(C,B) 0.0 (11.0, 7.0, 27.0, 11.0) 0.636363636364 [ACCEPT]
[LVL9] rnvc60(A,B) :- no60(B,C) 0.324675324675 (12.0, 6.0, 28.0, 10.0) 0.757575757576 [ACCEPT]
[LVL9] BETTER RULE rnvc60(A,B) :- no60(B,C) (0.3246753246753246, 12.0) > (0.27272727272727276, 22.0)
[LVL9] rnvc60(A,B) :- no60(C,B) 0.545454545455 (13.0, 4.0, 30.0, 9.0) 0.818181818182 [ACCEPT]
[LVL9] BETTER RULE rnvc60(A,B) :- no60(C,B) (0.5454545454545454, 13.0) > (0.3246753246753246, 12.0)
[LVL9] rnvc60(A,B) :- somenot60(A,C) 0.467532467532 (13.0, 5.0, 29.0, 9.0) 0.818181818182 [ACCEPT]
[LVL9] rnvc60(A,B) :- somenot60(B,C) 0.0 (11.0, 6.0, 28.0, 11.0) 0.636363636364 [ACCEPT]
[LVL9] rnvc60(A,B) :- somenot60(C,A) 0.467532467532 (13.0, 5.0, 29.0, 9.0) 0.818181818182 [ACCEPT]
[LVL9] rnvc60(A,B) :- somenot60(C,B) 0.324675324675 (12.0, 6.0, 28.0, 10.0) 0.757575757576 [ACCEPT]
[DEBUG] Best rule so far: rnvc60(A,B) :- no60(C,B) [0.545454545455]
[DEBUG] Candidates for iteration 2:
[DEBUG] ==================================
[DEBUG] rnvc60(A,B) :- no60(C,B) 0.545454545455
[DEBUG] rnvc60(A,B) :- somenot60(A,C) 0.467532467532
[DEBUG] rnvc60(A,B) :- somenot60(C,A) 0.467532467532
[DEBUG] rnvc60(A,B) :- no60(B,C) 0.324675324675
[DEBUG] rnvc60(A,B) :- somenot60(C,B) 0.324675324675
[DEBUG] rnvc60(A,B) :- all60(A,C) 0.0
[DEBUG] rnvc60(A,B) :- all60(C,A) 0.0
[DEBUG] rnvc60(A,B) :- some60(C,A) 0.0
[DEBUG] rnvc60(A,B) :- all60(B,C) 0.0
[DEBUG] rnvc60(A,B) :- all60(C,B) 0.0
[DEBUG] rnvc60(A,B) :- some60(B,C) 0.0
[DEBUG] rnvc60(A,B) :- some60(C,B) 0.0
[DEBUG] rnvc60(A,B) :- somenot60(B,C) 0.0
[DEBUG] ==================================
[LVL9] rnvc60(A,B) :- no60(C,B), all60(C,A) 0.636363636364 (11.0, 2.0, 32.0, 11.0) 0.636363636364 [ACCEPT]
[LVL9] BETTER RULE rnvc60(A,B) :- no60(C,B), all60(C,A) (0.6363636363636364, 11.0) > (0.5454545454545454, 13.0)
[LVL9] rnvc60(A,B) :- no60(C,B), \+all60(A,C) 0.654545454545 (13.0, 3.0, 31.0, 9.0) 0.818181818182 [ACCEPT]
[LVL9] BETTER RULE rnvc60(A,B) :- no60(C,B), \+all60(A,C) (0.6545454545454545, 13.0) > (0.6363636363636364, 11.0)
[LVL9] rnvc60(A,B) :- no60(C,B), \+somenot60(A,C) 0.654545454545 (13.0, 3.0, 31.0, 9.0) 0.818181818182 [ACCEPT]
[LVL9] rnvc60(A,B) :- somenot60(A,C), \+all60(C,B) 0.545454545455 (13.0, 4.0, 30.0, 9.0) 0.818181818182 [ACCEPT]
[LVL9] rnvc60(A,B) :- somenot60(A,C), \+some60(C,B) 0.545454545455 (13.0, 4.0, 30.0, 9.0) 0.818181818182 [ACCEPT]
[LVL9] rnvc60(A,B) :- somenot60(A,C), \+no60(C,B) 0.545454545455 (13.0, 4.0, 30.0, 9.0) 0.818181818182 [ACCEPT]
[LVL9] rnvc60(A,B) :- somenot60(C,A), \+all60(C,B) 0.545454545455 (13.0, 4.0, 30.0, 9.0) 0.818181818182 [ACCEPT]
[LVL9] rnvc60(A,B) :- somenot60(C,A), \+some60(C,B) 0.545454545455 (13.0, 4.0, 30.0, 9.0) 0.818181818182 [ACCEPT]
[LVL9] rnvc60(A,B) :- somenot60(C,A), \+some60(B,C) 0.545454545455 (13.0, 4.0, 30.0, 9.0) 0.818181818182 [ACCEPT]
[LVL9] rnvc60(A,B) :- no60(B,C), \+all60(A,C) 0.378787878788 (12.0, 5.0, 29.0, 10.0) 0.757575757576 [ACCEPT]
[LVL9] rnvc60(A,B) :- no60(B,C), \+all60(C,A) 0.378787878788 (12.0, 5.0, 29.0, 10.0) 0.757575757576 [ACCEPT]
[LVL9] rnvc60(A,B) :- no60(B,C), \+some60(A,C) 0.378787878788 (12.0, 5.0, 29.0, 10.0) 0.757575757576 [ACCEPT]
[LVL9] rnvc60(A,B) :- no60(B,C), \+some60(C,A) 0.378787878788 (12.0, 5.0, 29.0, 10.0) 0.757575757576 [ACCEPT]
[LVL9] rnvc60(A,B) :- somenot60(C,B), \+all60(A,C) 0.378787878788 (12.0, 5.0, 29.0, 10.0) 0.757575757576 [ACCEPT]
[LVL9] rnvc60(A,B) :- somenot60(C,B), \+all60(C,A) 0.378787878788 (12.0, 5.0, 29.0, 10.0) 0.757575757576 [ACCEPT]
[LVL9] rnvc60(A,B) :- somenot60(C,B), \+some60(A,C) 0.378787878788 (12.0, 5.0, 29.0, 10.0) 0.757575757576 [ACCEPT]
[LVL9] rnvc60(A,B) :- somenot60(C,B), \+some60(C,A) 0.378787878788 (12.0, 5.0, 29.0, 10.0) 0.757575757576 [ACCEPT]
[LVL9] rnvc60(A,B) :- all60(A,C), \+all60(C,B) 0.284090909091 (12.0, 7.0, 27.0, 10.0) 0.757575757576 [ACCEPT]
[LVL9] rnvc60(A,B) :- all60(A,C), \+some60(C,B) 0.284090909091 (12.0, 7.0, 27.0, 10.0) 0.757575757576 [ACCEPT]
[LVL9] rnvc60(A,B) :- all60(A,C), \+no60(C,B) 0.284090909091 (12.0, 7.0, 27.0, 10.0) 0.757575757576 [ACCEPT]
[LVL9] rnvc60(A,B) :- all60(A,C), \+no60(B,C) 0.284090909091 (12.0, 7.0, 27.0, 10.0) 0.757575757576 [ACCEPT]
[LVL9] rnvc60(A,B) :- all60(A,C), \+somenot60(C,B) 0.284090909091 (12.0, 7.0, 27.0, 10.0) 0.757575757576 [ACCEPT]
[LVL9] rnvc60(A,B) :- all60(A,C), \+somenot60(B,C) 0.284090909091 (12.0, 7.0, 27.0, 10.0) 0.757575757576 [ACCEPT]
[LVL9] rnvc60(A,B) :- all60(C,A), \+all60(B,C) 0.284090909091 (12.0, 7.0, 27.0, 10.0) 0.757575757576 [ACCEPT]
[LVL9] rnvc60(A,B) :- all60(C,A), \+some60(C,B) 0.284090909091 (12.0, 7.0, 27.0, 10.0) 0.757575757576 [ACCEPT]
[LVL9] rnvc60(A,B) :- all60(C,A), \+some60(B,C) 0.284090909091 (12.0, 7.0, 27.0, 10.0) 0.757575757576 [ACCEPT]
[LVL9] rnvc60(A,B) :- all60(C,A), \+no60(B,C) 0.284090909091 (12.0, 7.0, 27.0, 10.0) 0.757575757576 [ACCEPT]
[LVL9] rnvc60(A,B) :- all60(C,A), \+somenot60(C,B) 0.284090909091 (12.0, 7.0, 27.0, 10.0) 0.757575757576 [ACCEPT]
[LVL9] rnvc60(A,B) :- all60(C,A), \+somenot60(B,C) 0.284090909091 (12.0, 7.0, 27.0, 10.0) 0.757575757576 [ACCEPT]
[LVL9] rnvc60(A,B) :- some60(C,A), \+all60(C,B) 0.284090909091 (12.0, 7.0, 27.0, 10.0) 0.757575757576 [ACCEPT]
[LVL9] rnvc60(A,B) :- some60(C,A), \+all60(B,C) 0.284090909091 (12.0, 7.0, 27.0, 10.0) 0.757575757576 [ACCEPT]
[LVL9] rnvc60(A,B) :- some60(C,A), \+some60(B,C) 0.284090909091 (12.0, 7.0, 27.0, 10.0) 0.757575757576 [ACCEPT]
[LVL9] rnvc60(A,B) :- some60(C,A), \+no60(B,C) 0.284090909091 (12.0, 7.0, 27.0, 10.0) 0.757575757576 [ACCEPT]
[LVL9] rnvc60(A,B) :- some60(C,A), \+somenot60(C,B) 0.284090909091 (12.0, 7.0, 27.0, 10.0) 0.757575757576 [ACCEPT]
[LVL9] rnvc60(A,B) :- some60(C,A), \+somenot60(B,C) 0.284090909091 (12.0, 7.0, 27.0, 10.0) 0.757575757576 [ACCEPT]
[DEBUG] Best rule so far: rnvc60(A,B) :- no60(C,B), \+all60(A,C) [0.654545454545]
[DEBUG] Candidates for iteration 3:
[DEBUG] ==================================
[DEBUG] rnvc60(A,B) :- no60(C,B), \+all60(A,C) 0.654545454545
[DEBUG] rnvc60(A,B) :- no60(C,B), \+somenot60(A,C) 0.654545454545
[DEBUG] rnvc60(A,B) :- no60(C,B), all60(C,A) 0.636363636364
[DEBUG] rnvc60(A,B) :- somenot60(A,C), \+all60(C,B) 0.545454545455
[DEBUG] rnvc60(A,B) :- somenot60(A,C), \+some60(C,B) 0.545454545455
[DEBUG] rnvc60(A,B) :- somenot60(A,C), \+no60(C,B) 0.545454545455
[DEBUG] rnvc60(A,B) :- somenot60(C,A), \+all60(C,B) 0.545454545455
[DEBUG] rnvc60(A,B) :- somenot60(C,A), \+some60(C,B) 0.545454545455
[DEBUG] rnvc60(A,B) :- somenot60(C,A), \+some60(B,C) 0.545454545455
[DEBUG] rnvc60(A,B) :- no60(B,C), \+all60(A,C) 0.378787878788
[DEBUG] rnvc60(A,B) :- no60(B,C), \+all60(C,A) 0.378787878788
[DEBUG] rnvc60(A,B) :- no60(B,C), \+some60(A,C) 0.378787878788
[DEBUG] rnvc60(A,B) :- no60(B,C), \+some60(C,A) 0.378787878788
[DEBUG] rnvc60(A,B) :- somenot60(C,B), \+all60(A,C) 0.378787878788
[DEBUG] rnvc60(A,B) :- somenot60(C,B), \+all60(C,A) 0.378787878788
[DEBUG] rnvc60(A,B) :- somenot60(C,B), \+some60(A,C) 0.378787878788
[DEBUG] rnvc60(A,B) :- somenot60(C,B), \+some60(C,A) 0.378787878788
[DEBUG] rnvc60(A,B) :- all60(A,C), \+all60(C,B) 0.284090909091
[DEBUG] rnvc60(A,B) :- all60(A,C), \+some60(C,B) 0.284090909091
[DEBUG] rnvc60(A,B) :- all60(A,C), \+no60(C,B) 0.284090909091
[DEBUG] rnvc60(A,B) :- all60(A,C), \+no60(B,C) 0.284090909091
[DEBUG] rnvc60(A,B) :- all60(A,C), \+somenot60(C,B) 0.284090909091
[DEBUG] rnvc60(A,B) :- all60(A,C), \+somenot60(B,C) 0.284090909091
[DEBUG] rnvc60(A,B) :- all60(C,A), \+all60(B,C) 0.284090909091
[DEBUG] rnvc60(A,B) :- all60(C,A), \+some60(C,B) 0.284090909091
[DEBUG] rnvc60(A,B) :- all60(C,A), \+some60(B,C) 0.284090909091
[DEBUG] rnvc60(A,B) :- all60(C,A), \+no60(B,C) 0.284090909091
[DEBUG] rnvc60(A,B) :- all60(C,A), \+somenot60(C,B) 0.284090909091
[DEBUG] rnvc60(A,B) :- all60(C,A), \+somenot60(B,C) 0.284090909091
[DEBUG] rnvc60(A,B) :- some60(C,A), \+all60(C,B) 0.284090909091
[DEBUG] rnvc60(A,B) :- some60(C,A), \+all60(B,C) 0.284090909091
[DEBUG] rnvc60(A,B) :- some60(C,A), \+some60(B,C) 0.284090909091
[DEBUG] rnvc60(A,B) :- some60(C,A), \+no60(B,C) 0.284090909091
[DEBUG] rnvc60(A,B) :- some60(C,A), \+somenot60(C,B) 0.284090909091
[DEBUG] rnvc60(A,B) :- some60(C,A), \+somenot60(B,C) 0.284090909091
[DEBUG] ==================================
[INFO] RULE LEARNED: rnvc60(A,B) :- no60(C,B), \+all60(A,C) 0.785714285714
[DEBUG] Best rule so far: rnvc60(A,B) :- true [0.0]
[DEBUG] Candidates for iteration 1:
[DEBUG] ==================================
[DEBUG] rnvc60(A,B) :- true 0.0
[DEBUG] ==================================
[LVL9] rnvc60(A,B) :- all60(A,C) 0.247222222222 (15.0, 9.0, 25.0, 7.0) 0.741666666667 [ACCEPT]
[LVL9] BETTER RULE rnvc60(A,B) :- all60(A,C) (0.24722222222222223, 15.0) > (0.0, 22.0)
[LVL9] rnvc60(A,B) :- all60(B,C) 0.0 (14.0, 8.0, 26.0, 8.0) 0.6125 [ACCEPT]
[LVL9] rnvc60(A,B) :- all60(C,A) 0.0 (14.0, 9.0, 25.0, 8.0) 0.6125 [ACCEPT]
[LVL9] rnvc60(A,B) :- all60(C,B) 0.0 (14.0, 7.0, 27.0, 8.0) 0.6125 [ACCEPT]
[LVL9] rnvc60(A,B) :- some60(B,C) 0.0 (14.0, 7.0, 27.0, 8.0) 0.6125 [ACCEPT]
[LVL9] rnvc60(A,B) :- some60(C,A) 0.0 (14.0, 9.0, 25.0, 8.0) 0.6125 [ACCEPT]
[LVL9] rnvc60(A,B) :- some60(C,B) 0.0 (14.0, 8.0, 26.0, 8.0) 0.6125 [ACCEPT]
[LVL9] rnvc60(A,B) :- no60(B,C) 0.317857142857 (15.0, 7.0, 27.0, 7.0) 0.741666666667 [ACCEPT]
[LVL9] BETTER RULE rnvc60(A,B) :- no60(B,C) (0.3178571428571429, 15.0) > (0.24722222222222223, 15.0)
[LVL9] rnvc60(A,B) :- somenot60(A,C) 0.5375 (16.0, 5.0, 29.0, 6.0) 0.80625 [ACCEPT]
[LVL9] BETTER RULE rnvc60(A,B) :- somenot60(A,C) (0.5375, 16.0) > (0.3178571428571429, 15.0)
[LVL9] rnvc60(A,B) :- somenot60(B,C) 0.0 (14.0, 7.0, 27.0, 8.0) 0.6125 [ACCEPT]
[LVL9] rnvc60(A,B) :- somenot60(C,A) 0.370833333333 (15.0, 6.0, 28.0, 7.0) 0.741666666667 [ACCEPT]
[LVL9] rnvc60(A,B) :- somenot60(C,B) 0.317857142857 (15.0, 7.0, 27.0, 7.0) 0.741666666667 [ACCEPT]
[DEBUG] Best rule so far: rnvc60(A,B) :- somenot60(A,C) [0.5375]
[DEBUG] Candidates for iteration 2:
[DEBUG] ==================================
[DEBUG] rnvc60(A,B) :- somenot60(A,C) 0.5375
[DEBUG] rnvc60(A,B) :- somenot60(C,A) 0.370833333333
[DEBUG] rnvc60(A,B) :- no60(B,C) 0.317857142857
[DEBUG] rnvc60(A,B) :- somenot60(C,B) 0.317857142857
[DEBUG] rnvc60(A,B) :- all60(A,C) 0.247222222222
[DEBUG] rnvc60(A,B) :- all60(B,C) 0.0
[DEBUG] rnvc60(A,B) :- all60(C,A) 0.0
[DEBUG] rnvc60(A,B) :- all60(C,B) 0.0
[DEBUG] rnvc60(A,B) :- some60(B,C) 0.0
[DEBUG] rnvc60(A,B) :- some60(C,A) 0.0
[DEBUG] rnvc60(A,B) :- some60(C,B) 0.0
[DEBUG] rnvc60(A,B) :- somenot60(B,C) 0.0
[DEBUG] ==================================
[LVL9] rnvc60(A,B) :- somenot60(A,C), no60(B,C) 0.6125 (14.0, 3.0, 31.0, 8.0) 0.6125 [ACCEPT]
[LVL9] BETTER RULE rnvc60(A,B) :- somenot60(A,C), no60(B,C) (0.6125, 14.0) > (0.5375, 16.0)
[LVL9] rnvc60(A,B) :- somenot60(A,C), \+all60(C,B) 0.645 (16.0, 4.0, 30.0, 6.0) 0.80625 [ACCEPT]
[LVL9] BETTER RULE rnvc60(A,B) :- somenot60(A,C), \+all60(C,B) (0.645, 16.0) > (0.6125, 14.0)
[LVL9] rnvc60(A,B) :- somenot60(A,C), \+some60(C,B) 0.645 (16.0, 4.0, 30.0, 6.0) 0.80625 [ACCEPT]
[LVL9] rnvc60(A,B) :- somenot60(C,A), \+all60(C,B) 0.445 (15.0, 5.0, 29.0, 7.0) 0.741666666667 [ACCEPT]
[LVL9] rnvc60(A,B) :- somenot60(C,A), \+some60(C,B) 0.445 (15.0, 5.0, 29.0, 7.0) 0.741666666667 [ACCEPT]
[LVL9] rnvc60(A,B) :- somenot60(C,A), \+some60(B,C) 0.445 (15.0, 5.0, 29.0, 7.0) 0.741666666667 [ACCEPT]
[LVL9] rnvc60(A,B) :- no60(B,C), \+all60(A,C) 0.370833333333 (15.0, 6.0, 28.0, 7.0) 0.741666666667 [ACCEPT]
[LVL9] rnvc60(A,B) :- no60(B,C), \+all60(C,A) 0.370833333333 (15.0, 6.0, 28.0, 7.0) 0.741666666667 [ACCEPT]
[LVL9] rnvc60(A,B) :- no60(B,C), \+some60(A,C) 0.370833333333 (15.0, 6.0, 28.0, 7.0) 0.741666666667 [ACCEPT]
[LVL9] rnvc60(A,B) :- no60(B,C), \+some60(C,A) 0.370833333333 (15.0, 6.0, 28.0, 7.0) 0.741666666667 [ACCEPT]
[LVL9] rnvc60(A,B) :- somenot60(C,B), \+all60(A,C) 0.370833333333 (15.0, 6.0, 28.0, 7.0) 0.741666666667 [ACCEPT]
[LVL9] rnvc60(A,B) :- somenot60(C,B), \+all60(C,A) 0.370833333333 (15.0, 6.0, 28.0, 7.0) 0.741666666667 [ACCEPT]
[LVL9] rnvc60(A,B) :- somenot60(C,B), \+some60(A,C) 0.370833333333 (15.0, 6.0, 28.0, 7.0) 0.741666666667 [ACCEPT]
[LVL9] rnvc60(A,B) :- somenot60(C,B), \+some60(C,A) 0.370833333333 (15.0, 6.0, 28.0, 7.0) 0.741666666667 [ACCEPT]
[LVL9] rnvc60(A,B) :- all60(A,C), \+all60(C,B) 0.278125 (15.0, 8.0, 26.0, 7.0) 0.741666666667 [ACCEPT]
[LVL9] rnvc60(A,B) :- all60(A,C), \+some60(C,B) 0.278125 (15.0, 8.0, 26.0, 7.0) 0.741666666667 [ACCEPT]
[LVL9] rnvc60(A,B) :- all60(A,C), \+no60(C,B) 0.278125 (15.0, 8.0, 26.0, 7.0) 0.741666666667 [ACCEPT]
[LVL9] rnvc60(A,B) :- all60(A,C), \+no60(B,C) 0.278125 (15.0, 8.0, 26.0, 7.0) 0.741666666667 [ACCEPT]
[LVL9] rnvc60(A,B) :- all60(A,C), \+somenot60(C,B) 0.278125 (15.0, 8.0, 26.0, 7.0) 0.741666666667 [ACCEPT]
[LVL9] rnvc60(A,B) :- all60(A,C), \+somenot60(B,C) 0.278125 (15.0, 8.0, 26.0, 7.0) 0.741666666667 [ACCEPT]
[DEBUG] Best rule so far: rnvc60(A,B) :- somenot60(A,C), \+all60(C,B) [0.645]
[DEBUG] Candidates for iteration 3:
[DEBUG] ==================================
[DEBUG] rnvc60(A,B) :- somenot60(A,C), \+all60(C,B) 0.645
[DEBUG] rnvc60(A,B) :- somenot60(A,C), \+some60(C,B) 0.645
[DEBUG] rnvc60(A,B) :- somenot60(A,C), no60(B,C) 0.6125
[DEBUG] rnvc60(A,B) :- somenot60(C,A), \+all60(C,B) 0.445
[DEBUG] rnvc60(A,B) :- somenot60(C,A), \+some60(C,B) 0.445
[DEBUG] rnvc60(A,B) :- somenot60(C,A), \+some60(B,C) 0.445
[DEBUG] rnvc60(A,B) :- no60(B,C), \+all60(A,C) 0.370833333333
[DEBUG] rnvc60(A,B) :- no60(B,C), \+all60(C,A) 0.370833333333
[DEBUG] rnvc60(A,B) :- no60(B,C), \+some60(A,C) 0.370833333333
[DEBUG] rnvc60(A,B) :- no60(B,C), \+some60(C,A) 0.370833333333
[DEBUG] rnvc60(A,B) :- somenot60(C,B), \+all60(A,C) 0.370833333333
[DEBUG] rnvc60(A,B) :- somenot60(C,B), \+all60(C,A) 0.370833333333
[DEBUG] rnvc60(A,B) :- somenot60(C,B), \+some60(A,C) 0.370833333333
[DEBUG] rnvc60(A,B) :- somenot60(C,B), \+some60(C,A) 0.370833333333
[DEBUG] rnvc60(A,B) :- all60(A,C), \+all60(C,B) 0.278125
[DEBUG] rnvc60(A,B) :- all60(A,C), \+some60(C,B) 0.278125
[DEBUG] rnvc60(A,B) :- all60(A,C), \+no60(C,B) 0.278125
[DEBUG] rnvc60(A,B) :- all60(A,C), \+no60(B,C) 0.278125
[DEBUG] rnvc60(A,B) :- all60(A,C), \+somenot60(C,B) 0.278125
[DEBUG] rnvc60(A,B) :- all60(A,C), \+somenot60(B,C) 0.278125
[DEBUG] ==================================
[INFO] RULE LEARNED: rnvc60(A,B) :- somenot60(A,C), \+all60(C,B) 0.821428571429
[DEBUG] Best rule so far: rnvc60(A,B) :- true [0.166666666667]
[DEBUG] Candidates for iteration 1:
[DEBUG] ==================================
[DEBUG] rnvc60(A,B) :- true 0.166666666667
[DEBUG] ==================================
[LVL9] rnvc60(A,B) :- all60(A,C) 0.240740740741 (18.0, 10.0, 24.0, 4.0) 0.722222222222 [ACCEPT]
[LVL9] BETTER RULE rnvc60(A,B) :- all60(A,C) (0.24074074074074073, 18.0) > (0.16666666666666669, 22.0)
[LVL9] rnvc60(A,B) :- all60(B,C) 0.166666666667 (17.0, 9.0, 25.0, 5.0) 0.583333333333 [ACCEPT]
[LVL9] rnvc60(A,B) :- all60(C,A) 0.0 (17.0, 10.0, 24.0, 5.0) 0.583333333333 [ACCEPT]
[LVL9] rnvc60(A,B) :- all60(C,B) 0.194444444444 (17.0, 8.0, 26.0, 5.0) 0.583333333333 [ACCEPT]
[LVL9] rnvc60(A,B) :- some60(B,C) 0.194444444444 (17.0, 8.0, 26.0, 5.0) 0.583333333333 [ACCEPT]
[LVL9] rnvc60(A,B) :- some60(C,A) 0.0 (17.0, 10.0, 24.0, 5.0) 0.583333333333 [ACCEPT]
[LVL9] rnvc60(A,B) :- some60(C,B) 0.194444444444 (17.0, 8.0, 26.0, 5.0) 0.583333333333 [ACCEPT]
[LVL9] rnvc60(A,B) :- no60(B,C) 0.194444444444 (17.0, 8.0, 26.0, 5.0) 0.583333333333 [ACCEPT]
[LVL9] rnvc60(A,B) :- somenot60(C,A) 0.361111111111 (18.0, 7.0, 27.0, 4.0) 0.722222222222 [ACCEPT]
[LVL9] BETTER RULE rnvc60(A,B) :- somenot60(C,A) (0.3611111111111111, 18.0) > (0.24074074074074073, 18.0)
[LVL9] rnvc60(A,B) :- somenot60(C,B) 0.194444444444 (17.0, 8.0, 26.0, 5.0) 0.583333333333 [ACCEPT]
[DEBUG] Best rule so far: rnvc60(A,B) :- somenot60(C,A) [0.361111111111]
[DEBUG] Candidates for iteration 2:
[DEBUG] ==================================
[DEBUG] rnvc60(A,B) :- somenot60(C,A) 0.361111111111
[DEBUG] rnvc60(A,B) :- all60(A,C) 0.240740740741
[DEBUG] rnvc60(A,B) :- all60(C,B) 0.194444444444
[DEBUG] rnvc60(A,B) :- some60(B,C) 0.194444444444
[DEBUG] rnvc60(A,B) :- some60(C,B) 0.194444444444
[DEBUG] rnvc60(A,B) :- no60(B,C) 0.194444444444
[DEBUG] rnvc60(A,B) :- somenot60(C,B) 0.194444444444
[DEBUG] rnvc60(A,B) :- all60(B,C) 0.166666666667
[DEBUG] rnvc60(A,B) :- all60(C,A) 0.0
[DEBUG] rnvc60(A,B) :- some60(C,A) 0.0
[DEBUG] ==================================
[LVL9] rnvc60(A,B) :- somenot60(C,A), no60(B,C) 0.583333333333 (17.0, 4.0, 30.0, 5.0) 0.583333333333 [ACCEPT]
[LVL9] BETTER RULE rnvc60(A,B) :- somenot60(C,A), no60(B,C) (0.5833333333333334, 17.0) > (0.3611111111111111, 18.0)
[LVL9] rnvc60(A,B) :- somenot60(C,A), \+all60(C,B) 0.433333333333 (18.0, 6.0, 28.0, 4.0) 0.722222222222 [ACCEPT]
[LVL9] rnvc60(A,B) :- somenot60(C,A), \+some60(C,B) 0.433333333333 (18.0, 6.0, 28.0, 4.0) 0.722222222222 [ACCEPT]
[LVL9] rnvc60(A,B) :- somenot60(C,A), \+some60(B,C) 0.433333333333 (18.0, 6.0, 28.0, 4.0) 0.722222222222 [ACCEPT]
[LVL9] rnvc60(A,B) :- all60(A,C), \+all60(C,B) 0.270833333333 (18.0, 9.0, 25.0, 4.0) 0.722222222222 [ACCEPT]
[LVL9] rnvc60(A,B) :- all60(A,C), \+some60(C,B) 0.270833333333 (18.0, 9.0, 25.0, 4.0) 0.722222222222 [ACCEPT]
[LVL9] rnvc60(A,B) :- all60(A,C), \+no60(C,B) 0.270833333333 (18.0, 9.0, 25.0, 4.0) 0.722222222222 [ACCEPT]
[LVL9] rnvc60(A,B) :- all60(A,C), \+no60(B,C) 0.270833333333 (18.0, 9.0, 25.0, 4.0) 0.722222222222 [ACCEPT]
[LVL9] rnvc60(A,B) :- all60(A,C), \+somenot60(C,B) 0.270833333333 (18.0, 9.0, 25.0, 4.0) 0.722222222222 [ACCEPT]
[LVL9] rnvc60(A,B) :- all60(A,C), \+somenot60(B,C) 0.270833333333 (18.0, 9.0, 25.0, 4.0) 0.722222222222 [ACCEPT]
[DEBUG] Best rule so far: rnvc60(A,B) :- somenot60(C,A), no60(B,C) [0.583333333333]
[DEBUG] Candidates for iteration 3:
[DEBUG] ==================================
[DEBUG] rnvc60(A,B) :- somenot60(C,A), no60(B,C) 0.583333333333
[DEBUG] rnvc60(A,B) :- somenot60(C,A), \+all60(C,B) 0.433333333333
[DEBUG] rnvc60(A,B) :- somenot60(C,A), \+some60(C,B) 0.433333333333
[DEBUG] rnvc60(A,B) :- somenot60(C,A), \+some60(B,C) 0.433333333333
[DEBUG] rnvc60(A,B) :- all60(A,C), \+all60(C,B) 0.270833333333
[DEBUG] rnvc60(A,B) :- all60(A,C), \+some60(C,B) 0.270833333333
[DEBUG] rnvc60(A,B) :- all60(A,C), \+no60(C,B) 0.270833333333
[DEBUG] rnvc60(A,B) :- all60(A,C), \+no60(B,C) 0.270833333333
[DEBUG] rnvc60(A,B) :- all60(A,C), \+somenot60(C,B) 0.270833333333
[DEBUG] rnvc60(A,B) :- all60(A,C), \+somenot60(B,C) 0.270833333333
[DEBUG] ==================================
[INFO] RULE LEARNED: rnvc60(A,B) :- somenot60(C,A), no60(B,C) 0.839285714286
[DEBUG] Best rule so far: rnvc60(A,B) :- true [0.142857142857]
[DEBUG] Candidates for iteration 1:
[DEBUG] ==================================
[DEBUG] rnvc60(A,B) :- true 0.142857142857
[DEBUG] ==================================
[LVL9] rnvc60(A,B) :- all60(A,C) 0.238095238095 (19.0, 10.0, 24.0, 3.0) 0.714285714286 [ACCEPT]
[LVL9] BETTER RULE rnvc60(A,B) :- all60(A,C) (0.23809523809523808, 19.0) > (0.14285714285714288, 22.0)
[LVL9] rnvc60(A,B) :- all60(B,C) 0.163265306122 (18.0, 9.0, 25.0, 4.0) 0.571428571429 [ACCEPT]
[LVL9] rnvc60(A,B) :- all60(C,A) 0.142857142857 (18.0, 10.0, 24.0, 4.0) 0.571428571429 [ACCEPT]
[LVL9] rnvc60(A,B) :- all60(C,B) 0.190476190476 (18.0, 8.0, 26.0, 4.0) 0.571428571429 [ACCEPT]
[LVL9] rnvc60(A,B) :- some60(B,C) 0.190476190476 (18.0, 8.0, 26.0, 4.0) 0.571428571429 [ACCEPT]
[LVL9] rnvc60(A,B) :- some60(C,A) 0.142857142857 (18.0, 10.0, 24.0, 4.0) 0.571428571429 [ACCEPT]
[LVL9] rnvc60(A,B) :- some60(C,B) 0.190476190476 (18.0, 8.0, 26.0, 4.0) 0.571428571429 [ACCEPT]
[LVL9] rnvc60(A,B) :- somenot60(C,A) 0.228571428571 (18.0, 7.0, 27.0, 4.0) 0.571428571429 [ACCEPT]
[LVL9] rnvc60(A,B) :- somenot60(C,B) 0.190476190476 (18.0, 8.0, 26.0, 4.0) 0.571428571429 [ACCEPT]
[DEBUG] Best rule so far: rnvc60(A,B) :- all60(A,C) [0.238095238095]
[DEBUG] Candidates for iteration 2:
[DEBUG] ==================================
[DEBUG] rnvc60(A,B) :- all60(A,C) 0.238095238095
[DEBUG] rnvc60(A,B) :- somenot60(C,A) 0.228571428571
[DEBUG] rnvc60(A,B) :- all60(C,B) 0.190476190476
[DEBUG] rnvc60(A,B) :- some60(B,C) 0.190476190476
[DEBUG] rnvc60(A,B) :- some60(C,B) 0.190476190476
[DEBUG] rnvc60(A,B) :- somenot60(C,B) 0.190476190476
[DEBUG] rnvc60(A,B) :- all60(B,C) 0.163265306122
[DEBUG] rnvc60(A,B) :- all60(C,A) 0.142857142857
[DEBUG] rnvc60(A,B) :- some60(C,A) 0.142857142857
[DEBUG] ==================================
[LVL9] rnvc60(A,B) :- all60(A,C), all60(B,C) 0.571428571429 (18.0, 4.0, 30.0, 4.0) 0.571428571429 [ACCEPT]
[LVL9] BETTER RULE rnvc60(A,B) :- all60(A,C), all60(B,C) (0.5714285714285714, 18.0) > (0.23809523809523808, 19.0)
[LVL9] rnvc60(A,B) :- all60(A,C), \+all60(C,B) 0.267857142857 (19.0, 9.0, 25.0, 3.0) 0.714285714286 [ACCEPT]
[LVL9] rnvc60(A,B) :- all60(A,C), \+some60(C,B) 0.267857142857 (19.0, 9.0, 25.0, 3.0) 0.714285714286 [ACCEPT]
[LVL9] rnvc60(A,B) :- all60(A,C), \+no60(C,B) 0.267857142857 (19.0, 9.0, 25.0, 3.0) 0.714285714286 [ACCEPT]
[LVL9] rnvc60(A,B) :- all60(A,C), \+no60(B,C) 0.267857142857 (19.0, 9.0, 25.0, 3.0) 0.714285714286 [ACCEPT]
[LVL9] rnvc60(A,B) :- all60(A,C), \+somenot60(C,B) 0.267857142857 (19.0, 9.0, 25.0, 3.0) 0.714285714286 [ACCEPT]
[LVL9] rnvc60(A,B) :- all60(A,C), \+somenot60(B,C) 0.267857142857 (19.0, 9.0, 25.0, 3.0) 0.714285714286 [ACCEPT]
[DEBUG] Best rule so far: rnvc60(A,B) :- all60(A,C), all60(B,C) [0.571428571429]
[DEBUG] Candidates for iteration 3:
[DEBUG] ==================================
[DEBUG] rnvc60(A,B) :- all60(A,C), all60(B,C) 0.571428571429
[DEBUG] rnvc60(A,B) :- all60(A,C), \+all60(C,B) 0.267857142857
[DEBUG] rnvc60(A,B) :- all60(A,C), \+some60(C,B) 0.267857142857
[DEBUG] rnvc60(A,B) :- all60(A,C), \+no60(C,B) 0.267857142857
[DEBUG] rnvc60(A,B) :- all60(A,C), \+no60(B,C) 0.267857142857
[DEBUG] rnvc60(A,B) :- all60(A,C), \+somenot60(C,B) 0.267857142857
[DEBUG] rnvc60(A,B) :- all60(A,C), \+somenot60(B,C) 0.267857142857
[DEBUG] ==================================
[INFO] RULE LEARNED: rnvc60(A,B) :- all60(A,C), all60(B,C) 0.857142857143
[DEBUG] Best rule so far: rnvc60(A,B) :- true [0.0]
[DEBUG] Candidates for iteration 1:
[DEBUG] ==================================
[DEBUG] rnvc60(A,B) :- true 0.0
[DEBUG] ==================================
[LVL9] rnvc60(A,B) :- all60(A,C) 0.139705882353 (19.0, 10.0, 24.0, 3.0) 0.558823529412 [ACCEPT]
[LVL9] BETTER RULE rnvc60(A,B) :- all60(A,C) (0.13970588235294118, 19.0) > (0.0, 22.0)
[LVL9] rnvc60(A,B) :- all60(C,A) 0.139705882353 (19.0, 10.0, 24.0, 3.0) 0.558823529412 [ACCEPT]
[LVL9] rnvc60(A,B) :- all60(C,B) 0.186274509804 (19.0, 8.0, 26.0, 3.0) 0.558823529412 [ACCEPT]
[LVL9] BETTER RULE rnvc60(A,B) :- all60(C,B) (0.18627450980392157, 19.0) > (0.13970588235294118, 19.0)
[LVL9] rnvc60(A,B) :- some60(B,C) 0.186274509804 (19.0, 8.0, 26.0, 3.0) 0.558823529412 [ACCEPT]
[LVL9] rnvc60(A,B) :- some60(C,A) 0.139705882353 (19.0, 10.0, 24.0, 3.0) 0.558823529412 [ACCEPT]
[LVL9] rnvc60(A,B) :- some60(C,B) 0.186274509804 (19.0, 8.0, 26.0, 3.0) 0.558823529412 [ACCEPT]
[LVL9] rnvc60(A,B) :- somenot60(C,A) 0.223529411765 (19.0, 7.0, 27.0, 3.0) 0.558823529412 [ACCEPT]
[LVL9] BETTER RULE rnvc60(A,B) :- somenot60(C,A) (0.2235294117647059, 19.0) > (0.18627450980392157, 19.0)
[LVL9] rnvc60(A,B) :- somenot60(C,B) 0.186274509804 (19.0, 8.0, 26.0, 3.0) 0.558823529412 [ACCEPT]
[DEBUG] Best rule so far: rnvc60(A,B) :- somenot60(C,A) [0.223529411765]
[DEBUG] Candidates for iteration 2:
[DEBUG] ==================================
[DEBUG] rnvc60(A,B) :- somenot60(C,A) 0.223529411765
[DEBUG] rnvc60(A,B) :- all60(C,B) 0.186274509804
[DEBUG] rnvc60(A,B) :- some60(B,C) 0.186274509804
[DEBUG] rnvc60(A,B) :- some60(C,B) 0.186274509804
[DEBUG] rnvc60(A,B) :- somenot60(C,B) 0.186274509804
[DEBUG] rnvc60(A,B) :- all60(A,C) 0.139705882353
[DEBUG] rnvc60(A,B) :- all60(C,A) 0.139705882353
[DEBUG] rnvc60(A,B) :- some60(C,A) 0.139705882353
[DEBUG] ==================================
[LVL9] rnvc60(A,B) :- somenot60(C,A), somenot60(C,B) 0.558823529412 (19.0, 4.0, 30.0, 3.0) 0.558823529412 [ACCEPT]
[LVL9] BETTER RULE rnvc60(A,B) :- somenot60(C,A), somenot60(C,B) (0.5588235294117647, 19.0) > (0.2235294117647059, 19.0)
[DEBUG] Best rule so far: rnvc60(A,B) :- somenot60(C,A), somenot60(C,B) [0.558823529412]
[DEBUG] Candidates for iteration 3:
[DEBUG] ==================================
[DEBUG] rnvc60(A,B) :- somenot60(C,A), somenot60(C,B) 0.558823529412
[DEBUG] ==================================
[INFO] RULE LEARNED: rnvc60(A,B) :- somenot60(C,A), somenot60(C,B) 0.875
[DEBUG] Best rule so far: rnvc60(A,B) :- true [0.0909090909091]
[DEBUG] Candidates for iteration 1:
[DEBUG] ==================================
[DEBUG] rnvc60(A,B) :- true 0.0909090909091
[DEBUG] ==================================
[LVL9] rnvc60(A,B) :- all60(A,C) 0.136363636364 (20.0, 10.0, 24.0, 2.0) 0.545454545455 [ACCEPT]
[LVL9] BETTER RULE rnvc60(A,B) :- all60(A,C) (0.13636363636363635, 20.0) > (0.09090909090909091, 22.0)
[LVL9] rnvc60(A,B) :- all60(C,A) 0.136363636364 (20.0, 10.0, 24.0, 2.0) 0.545454545455 [ACCEPT]
[LVL9] rnvc60(A,B) :- all60(C,B) 0.181818181818 (20.0, 8.0, 26.0, 2.0) 0.545454545455 [ACCEPT]
[LVL9] BETTER RULE rnvc60(A,B) :- all60(C,B) (0.1818181818181818, 20.0) > (0.13636363636363635, 20.0)
[LVL9] rnvc60(A,B) :- some60(B,C) 0.181818181818 (20.0, 8.0, 26.0, 2.0) 0.545454545455 [ACCEPT]
[LVL9] rnvc60(A,B) :- some60(C,A) 0.136363636364 (20.0, 10.0, 24.0, 2.0) 0.545454545455 [ACCEPT]
[LVL9] rnvc60(A,B) :- some60(C,B) 0.181818181818 (20.0, 8.0, 26.0, 2.0) 0.545454545455 [ACCEPT]
[DEBUG] Best rule so far: rnvc60(A,B) :- all60(C,B) [0.181818181818]
[DEBUG] Candidates for iteration 2:
[DEBUG] ==================================
[DEBUG] rnvc60(A,B) :- all60(C,B) 0.181818181818
[DEBUG] rnvc60(A,B) :- some60(B,C) 0.181818181818
[DEBUG] rnvc60(A,B) :- some60(C,B) 0.181818181818
[DEBUG] rnvc60(A,B) :- all60(A,C) 0.136363636364
[DEBUG] rnvc60(A,B) :- all60(C,A) 0.136363636364
[DEBUG] rnvc60(A,B) :- some60(C,A) 0.136363636364
[DEBUG] ==================================
[LVL9] rnvc60(A,B) :- all60(C,B), all60(C,A) 0.545454545455 (20.0, 4.0, 30.0, 2.0) 0.545454545455 [ACCEPT]
[LVL9] BETTER RULE rnvc60(A,B) :- all60(C,B), all60(C,A) (0.5454545454545454, 20.0) > (0.1818181818181818, 20.0)
[DEBUG] Best rule so far: rnvc60(A,B) :- all60(C,B), all60(C,A) [0.545454545455]
[DEBUG] Candidates for iteration 3:
[DEBUG] ==================================
[DEBUG] rnvc60(A,B) :- all60(C,B), all60(C,A) 0.545454545455
[DEBUG] ==================================
[INFO] RULE LEARNED: rnvc60(A,B) :- all60(C,B), all60(C,A) 0.892857142857
[DEBUG] Best rule so far: rnvc60(A,B) :- true [0.0625]
[DEBUG] Candidates for iteration 1:
[DEBUG] ==================================
[DEBUG] rnvc60(A,B) :- true 0.0625
[DEBUG] ==================================
[LVL9] rnvc60(A,B) :- all60(A,C) 0.1328125 (21.0, 10.0, 24.0, 1.0) 0.53125 [ACCEPT]
[LVL9] BETTER RULE rnvc60(A,B) :- all60(A,C) (0.1328125, 21.0) > (0.0625, 22.0)
[LVL9] rnvc60(A,B) :- some60(B,C) 0.177083333333 (21.0, 8.0, 26.0, 1.0) 0.53125 [ACCEPT]
[LVL9] BETTER RULE rnvc60(A,B) :- some60(B,C) (0.17708333333333334, 21.0) > (0.1328125, 21.0)
[LVL9] rnvc60(A,B) :- some60(C,A) 0.1328125 (21.0, 10.0, 24.0, 1.0) 0.53125 [ACCEPT]
[LVL9] rnvc60(A,B) :- some60(C,B) 0.177083333333 (21.0, 8.0, 26.0, 1.0) 0.53125 [ACCEPT]
[DEBUG] Best rule so far: rnvc60(A,B) :- some60(B,C) [0.177083333333]
[DEBUG] Candidates for iteration 2:
[DEBUG] ==================================
[DEBUG] rnvc60(A,B) :- some60(B,C) 0.177083333333
[DEBUG] rnvc60(A,B) :- some60(C,B) 0.177083333333
[DEBUG] rnvc60(A,B) :- all60(A,C) 0.1328125
[DEBUG] rnvc60(A,B) :- some60(C,A) 0.1328125
[DEBUG] ==================================
[LVL9] rnvc60(A,B) :- some60(B,C), all60(A,C) 0.53125 (21.0, 4.0, 30.0, 1.0) 0.53125 [ACCEPT]
[LVL9] BETTER RULE rnvc60(A,B) :- some60(B,C), all60(A,C) (0.53125, 21.0) > (0.17708333333333334, 21.0)
[DEBUG] Best rule so far: rnvc60(A,B) :- some60(B,C), all60(A,C) [0.53125]
[DEBUG] Candidates for iteration 3:
[DEBUG] ==================================
[DEBUG] rnvc60(A,B) :- some60(B,C), all60(A,C) 0.53125
[DEBUG] ==================================
[INFO] RULE LEARNED: rnvc60(A,B) :- some60(B,C), all60(A,C) 0.910714285714
[DEBUG] Best rule so far: rnvc60(A,B) :- true [0.0322580645161]
[DEBUG] Candidates for iteration 1:
[DEBUG] ==================================
[DEBUG] rnvc60(A,B) :- true 0.0322580645161
[DEBUG] ==================================
[LVL9] rnvc60(A,B) :- some60(C,A) 0.129032258065 (22.0, 10.0, 24.0, 0.0) 0.516129032258 [ACCEPT]
[LVL9] BETTER RULE rnvc60(A,B) :- some60(C,A) (0.12903225806451613, 22.0) > (0.03225806451612903, 22.0)
[LVL9] rnvc60(A,B) :- some60(C,B) 0.172043010753 (22.0, 8.0, 26.0, 0.0) 0.516129032258 [ACCEPT]
[LVL9] BETTER RULE rnvc60(A,B) :- some60(C,B) (0.17204301075268816, 22.0) > (0.12903225806451613, 22.0)
[DEBUG] Best rule so far: rnvc60(A,B) :- some60(C,B) [0.172043010753]
[DEBUG] Candidates for iteration 2:
[DEBUG] ==================================
[DEBUG] rnvc60(A,B) :- some60(C,B) 0.172043010753
[DEBUG] rnvc60(A,B) :- some60(C,A) 0.129032258065
[DEBUG] ==================================
[LVL9] rnvc60(A,B) :- some60(C,B), some60(C,A) 0.516129032258 (22.0, 4.0, 30.0, 0.0) 0.516129032258 [ACCEPT]
[LVL9] BETTER RULE rnvc60(A,B) :- some60(C,B), some60(C,A) (0.5161290322580645, 22.0) > (0.17204301075268816, 22.0)
[DEBUG] Best rule so far: rnvc60(A,B) :- some60(C,B), some60(C,A) [0.516129032258]
[DEBUG] Candidates for iteration 3:
[DEBUG] ==================================
[DEBUG] rnvc60(A,B) :- some60(C,B), some60(C,A) 0.516129032258
[DEBUG] ==================================
[INFO] RULE LEARNED: rnvc60(A,B) :- some60(C,B), some60(C,A) 0.928571428571
[DEBUG] Best rule so far: rnvc60(A,B) :- true [0.0]
[DEBUG] Candidates for iteration 1:
[DEBUG] ==================================
[DEBUG] rnvc60(A,B) :- true 0.0
[DEBUG] ==================================
[INFO] RULE LEARNED: rnvc60(A,B) :- true 0.928571428571
