[LVL9] Output level: 9
[INFO] Random seed: 0.228872762225
[INFO] Computing scores: 0.0464s
[INFO] Number of examples (M): 116
[INFO] Positive weight (P): 7.0000
[INFO] Negative weight (N): 109.0000
[DEBUG] Best rule so far: rsome87(A,B) :- true [0.0603448275862]
[DEBUG] Candidates for iteration 1:
[DEBUG] ==================================
[DEBUG] rsome87(A,B) :- true 0.0603448275862
[DEBUG] ==================================
[LVL9] rsome87(A,B) :- all87(A,C) 0.0706896551724 (1.0, 13.0, 96.0, 6.0) 0.530172413793 [ACCEPT]
[LVL9] BETTER RULE rsome87(A,B) :- all87(A,C) (0.0706896551724138, 1.0) > (0.0603448275862069, 7.0)
[LVL9] rsome87(A,B) :- all87(B,C) 0.0706896551724 (1.0, 13.0, 96.0, 6.0) 0.530172413793 [ACCEPT]
[LVL9] rsome87(A,B) :- all87(C,B) 0.204022988506 (3.0, 11.0, 98.0, 4.0) 0.765086206897 [ACCEPT]
[LVL9] BETTER RULE rsome87(A,B) :- all87(C,B) (0.20402298850574713, 3.0) > (0.0706896551724138, 1.0)
[LVL9] rsome87(A,B) :- some87(B,C) 0.147167487685 (2.0, 11.0, 98.0, 5.0) 0.686781609195 [ACCEPT]
[LVL9] rsome87(A,B) :- some87(C,A) 0.0706896551724 (1.0, 13.0, 96.0, 6.0) 0.530172413793 [ACCEPT]
[LVL9] rsome87(A,B) :- no87(A,C) 0.0623732251521 (1.0, 15.0, 94.0, 6.0) 0.530172413793 [ACCEPT]
[LVL9] rsome87(A,B) :- no87(C,A) 0.128771551724 (2.0, 13.0, 96.0, 5.0) 0.686781609195 [ACCEPT]
[LVL9] rsome87(A,B) :- somenot87(A,C) 0.0662715517241 (1.0, 14.0, 95.0, 6.0) 0.530172413793 [ACCEPT]
[LVL9] rsome87(A,B) :- somenot87(B,C) 0.0662715517241 (1.0, 14.0, 95.0, 6.0) 0.530172413793 [ACCEPT]
[LVL9] rsome87(A,B) :- somenot87(C,A) 0.0662715517241 (1.0, 14.0, 95.0, 6.0) 0.530172413793 [ACCEPT]
[DEBUG] Best rule so far: rsome87(A,B) :- all87(C,B) [0.204022988506]
[DEBUG] Candidates for iteration 2:
[DEBUG] ==================================
[DEBUG] rsome87(A,B) :- all87(C,B) 0.204022988506
[DEBUG] rsome87(A,B) :- some87(B,C) 0.147167487685
[DEBUG] rsome87(A,B) :- no87(C,A) 0.128771551724
[DEBUG] rsome87(A,B) :- all87(A,C) 0.0706896551724
[DEBUG] rsome87(A,B) :- all87(B,C) 0.0706896551724
[DEBUG] rsome87(A,B) :- some87(C,A) 0.0706896551724
[DEBUG] rsome87(A,B) :- somenot87(A,C) 0.0662715517241
[DEBUG] rsome87(A,B) :- somenot87(B,C) 0.0662715517241
[DEBUG] rsome87(A,B) :- somenot87(C,A) 0.0662715517241
[DEBUG] rsome87(A,B) :- no87(A,C) 0.0623732251521
[DEBUG] ==================================
[LVL9] rsome87(A,B) :- all87(C,B), all87(A,C) 0.353448275862 (1.0, 1.0, 108.0, 6.0) 0.530172413793 [ACCEPT]
[LVL9] BETTER RULE rsome87(A,B) :- all87(C,B), all87(A,C) (0.35344827586206895, 1.0) > (0.20402298850574713, 3.0)
[LVL9] rsome87(A,B) :- all87(C,B), all87(A,D) 0.353448275862 (1.0, 1.0, 108.0, 6.0) 0.530172413793 [ACCEPT]
[LVL9] rsome87(A,B) :- all87(C,B), all87(D,C) 0.353448275862 (1.0, 1.0, 108.0, 6.0) 0.530172413793 [ACCEPT]
[LVL9] rsome87(A,B) :- all87(C,B), some87(C,A) 0.353448275862 (1.0, 1.0, 108.0, 6.0) 0.530172413793 [ACCEPT]
[LVL9] rsome87(A,B) :- all87(C,B), some87(C,D) 0.353448275862 (1.0, 1.0, 108.0, 6.0) 0.530172413793 [ACCEPT]
[LVL9] rsome87(A,B) :- all87(C,B), some87(D,A) 0.353448275862 (1.0, 1.0, 108.0, 6.0) 0.530172413793 [ACCEPT]
[LVL9] rsome87(A,B) :- all87(C,B), somenot87(C,A) 0.353448275862 (1.0, 1.0, 108.0, 6.0) 0.530172413793 [ACCEPT]
[LVL9] rsome87(A,B) :- all87(C,B), somenot87(C,D) 0.353448275862 (1.0, 1.0, 108.0, 6.0) 0.530172413793 [ACCEPT]
[LVL9] rsome87(A,B) :- all87(C,B), somenot87(D,A) 0.353448275862 (1.0, 1.0, 108.0, 6.0) 0.530172413793 [ACCEPT]
[LVL9] rsome87(A,B) :- all87(C,B), \+all87(A,C) 0.15848806366 (2.0, 10.0, 99.0, 5.0) 0.686781609195 [ACCEPT]
[LVL9] rsome87(A,B) :- all87(C,B), \+all87(C,A) 0.235411140584 (3.0, 9.0, 100.0, 4.0) 0.765086206897 [ACCEPT]
[LVL9] rsome87(A,B) :- all87(C,B), \+some87(A,C) 0.218596059113 (3.0, 10.0, 99.0, 4.0) 0.765086206897 [ACCEPT]
[LVL9] rsome87(A,B) :- all87(C,B), \+some87(C,A) 0.15848806366 (2.0, 10.0, 99.0, 5.0) 0.686781609195 [ACCEPT]
[LVL9] rsome87(A,B) :- all87(C,B), \+no87(A,C) 0.235411140584 (3.0, 9.0, 100.0, 4.0) 0.765086206897 [ACCEPT]
[LVL9] rsome87(A,B) :- all87(C,B), \+no87(C,A) 0.235411140584 (3.0, 9.0, 100.0, 4.0) 0.765086206897 [ACCEPT]
[LVL9] rsome87(A,B) :- all87(C,B), \+somenot87(A,C) 0.218596059113 (3.0, 10.0, 99.0, 4.0) 0.765086206897 [ACCEPT]
[LVL9] rsome87(A,B) :- all87(C,B), \+somenot87(C,A) 0.15848806366 (2.0, 10.0, 99.0, 5.0) 0.686781609195 [ACCEPT]
[LVL9] rsome87(A,B) :- some87(B,C), no87(A,C) 0.353448275862 (1.0, 1.0, 108.0, 6.0) 0.530172413793 [ACCEPT]
[LVL9] rsome87(A,B) :- some87(B,C), no87(C,A) 0.530172413793 (1.0, 0.0, 109.0, 6.0) 0.530172413793 [REJECT* fp] 0.0
[LVL9] BETTER RULE rsome87(A,B) :- some87(B,C), no87(C,A) (0.5301724137931034, 1.0) > (0.35344827586206895, 1.0)
[LVL9] rsome87(A,B) :- some87(B,C), \+all87(A,C) 0.15848806366 (2.0, 10.0, 99.0, 5.0) 0.686781609195 [ACCEPT]
[LVL9] rsome87(A,B) :- some87(B,C), \+all87(C,A) 0.15848806366 (2.0, 10.0, 99.0, 5.0) 0.686781609195 [ACCEPT]
[LVL9] rsome87(A,B) :- some87(B,C), \+some87(A,C) 0.171695402299 (2.0, 9.0, 100.0, 5.0) 0.686781609195 [ACCEPT]
[LVL9] rsome87(A,B) :- some87(B,C), \+some87(C,A) 0.171695402299 (2.0, 9.0, 100.0, 5.0) 0.686781609195 [ACCEPT]
[LVL9] rsome87(A,B) :- some87(B,C), \+somenot87(A,C) 0.171695402299 (2.0, 9.0, 100.0, 5.0) 0.686781609195 [ACCEPT]
[LVL9] rsome87(A,B) :- some87(B,C), \+somenot87(C,A) 0.171695402299 (2.0, 9.0, 100.0, 5.0) 0.686781609195 [ACCEPT]
[LVL9] rsome87(A,B) :- no87(C,A), \+all87(C,B) 0.147167487685 (2.0, 11.0, 98.0, 5.0) 0.686781609195 [ACCEPT]
[LVL9] rsome87(A,B) :- no87(C,A), \+all87(B,C) 0.147167487685 (2.0, 11.0, 98.0, 5.0) 0.686781609195 [ACCEPT]
[LVL9] rsome87(A,B) :- no87(C,A), \+some87(C,B) 0.147167487685 (2.0, 11.0, 98.0, 5.0) 0.686781609195 [ACCEPT]
[LVL9] rsome87(A,B) :- no87(C,A), \+no87(C,B) 0.147167487685 (2.0, 11.0, 98.0, 5.0) 0.686781609195 [ACCEPT]
[LVL9] rsome87(A,B) :- no87(C,A), \+no87(B,C) 0.147167487685 (2.0, 11.0, 98.0, 5.0) 0.686781609195 [ACCEPT]
[LVL9] rsome87(A,B) :- no87(C,A), \+somenot87(C,B) 0.147167487685 (2.0, 11.0, 98.0, 5.0) 0.686781609195 [ACCEPT]
[DEBUG] Best rule so far: rsome87(A,B) :- some87(B,C), no87(C,A) [0.530172413793]
[DEBUG] Candidates for iteration 3:
[DEBUG] ==================================
[DEBUG] rsome87(A,B) :- all87(C,B), all87(A,C) 0.353448275862
[DEBUG] rsome87(A,B) :- all87(C,B), all87(A,D) 0.353448275862
[DEBUG] rsome87(A,B) :- all87(C,B), all87(D,C) 0.353448275862
[DEBUG] rsome87(A,B) :- all87(C,B), some87(C,A) 0.353448275862
[DEBUG] rsome87(A,B) :- all87(C,B), some87(C,D) 0.353448275862
[DEBUG] rsome87(A,B) :- all87(C,B), some87(D,A) 0.353448275862
[DEBUG] rsome87(A,B) :- all87(C,B), somenot87(C,A) 0.353448275862
[DEBUG] rsome87(A,B) :- all87(C,B), somenot87(C,D) 0.353448275862
[DEBUG] rsome87(A,B) :- all87(C,B), somenot87(D,A) 0.353448275862
[DEBUG] rsome87(A,B) :- some87(B,C), no87(A,C) 0.353448275862
[DEBUG] rsome87(A,B) :- all87(C,B), \+all87(C,A) 0.235411140584
[DEBUG] rsome87(A,B) :- all87(C,B), \+no87(A,C) 0.235411140584
[DEBUG] rsome87(A,B) :- all87(C,B), \+no87(C,A) 0.235411140584
[DEBUG] rsome87(A,B) :- all87(C,B), \+some87(A,C) 0.218596059113
[DEBUG] rsome87(A,B) :- all87(C,B), \+somenot87(A,C) 0.218596059113
[DEBUG] rsome87(A,B) :- some87(B,C), \+some87(A,C) 0.171695402299
[DEBUG] rsome87(A,B) :- some87(B,C), \+some87(C,A) 0.171695402299
[DEBUG] rsome87(A,B) :- some87(B,C), \+somenot87(A,C) 0.171695402299
[DEBUG] rsome87(A,B) :- some87(B,C), \+somenot87(C,A) 0.171695402299
[DEBUG] rsome87(A,B) :- all87(C,B), \+all87(A,C) 0.15848806366
[DEBUG] rsome87(A,B) :- all87(C,B), \+some87(C,A) 0.15848806366
[DEBUG] rsome87(A,B) :- all87(C,B), \+somenot87(C,A) 0.15848806366
[DEBUG] rsome87(A,B) :- some87(B,C), \+all87(A,C) 0.15848806366
[DEBUG] rsome87(A,B) :- some87(B,C), \+all87(C,A) 0.15848806366
[DEBUG] rsome87(A,B) :- no87(C,A), \+all87(C,B) 0.147167487685
[DEBUG] rsome87(A,B) :- no87(C,A), \+all87(B,C) 0.147167487685
[DEBUG] rsome87(A,B) :- no87(C,A), \+some87(C,B) 0.147167487685
[DEBUG] rsome87(A,B) :- no87(C,A), \+no87(C,B) 0.147167487685
[DEBUG] rsome87(A,B) :- no87(C,A), \+no87(B,C) 0.147167487685
[DEBUG] rsome87(A,B) :- no87(C,A), \+somenot87(C,B) 0.147167487685
[DEBUG] ==================================
[INFO] RULE LEARNED: rsome87(A,B) :- some87(B,C), no87(C,A) 0.948275862069
[DEBUG] Best rule so far: rsome87(A,B) :- true [0.0521739130435]
[DEBUG] Candidates for iteration 1:
[DEBUG] ==================================
[DEBUG] rsome87(A,B) :- true 0.0521739130435
[DEBUG] ==================================
[LVL9] rsome87(A,B) :- all87(A,C) 0.0701449275362 (2.0, 13.0, 96.0, 5.0) 0.526086956522 [ACCEPT]
[LVL9] BETTER RULE rsome87(A,B) :- all87(A,C) (0.07014492753623187, 2.0) > (0.05217391304347826, 7.0)
[LVL9] rsome87(A,B) :- all87(B,C) 0.0701449275362 (2.0, 13.0, 96.0, 5.0) 0.526086956522 [ACCEPT]
[LVL9] rsome87(A,B) :- all87(C,B) 0.20347826087 (4.0, 11.0, 98.0, 3.0) 0.763043478261 [ACCEPT]
[LVL9] BETTER RULE rsome87(A,B) :- all87(C,B) (0.20347826086956522, 4.0) > (0.07014492753623187, 2.0)
[LVL9] rsome87(A,B) :- some87(B,C) 0.0809364548495 (2.0, 11.0, 98.0, 5.0) 0.526086956522 [ACCEPT]
[LVL9] rsome87(A,B) :- some87(C,A) 0.0701449275362 (2.0, 13.0, 96.0, 5.0) 0.526086956522 [ACCEPT]
[LVL9] rsome87(A,B) :- no87(A,C) 0.0618925831202 (2.0, 15.0, 94.0, 5.0) 0.526086956522 [ACCEPT]
[LVL9] rsome87(A,B) :- no87(C,A) 0.0701449275362 (2.0, 13.0, 96.0, 5.0) 0.526086956522 [ACCEPT]
[LVL9] rsome87(A,B) :- somenot87(A,C) 0.0657608695652 (2.0, 14.0, 95.0, 5.0) 0.526086956522 [ACCEPT]
[LVL9] rsome87(A,B) :- somenot87(B,C) 0.0657608695652 (2.0, 14.0, 95.0, 5.0) 0.526086956522 [ACCEPT]
[LVL9] rsome87(A,B) :- somenot87(C,A) 0.0657608695652 (2.0, 14.0, 95.0, 5.0) 0.526086956522 [ACCEPT]
[DEBUG] Best rule so far: rsome87(A,B) :- all87(C,B) [0.20347826087]
[DEBUG] Candidates for iteration 2:
[DEBUG] ==================================
[DEBUG] rsome87(A,B) :- all87(C,B) 0.20347826087
[DEBUG] rsome87(A,B) :- some87(B,C) 0.0809364548495
[DEBUG] rsome87(A,B) :- all87(A,C) 0.0701449275362
[DEBUG] rsome87(A,B) :- all87(B,C) 0.0701449275362
[DEBUG] rsome87(A,B) :- some87(C,A) 0.0701449275362
[DEBUG] rsome87(A,B) :- no87(C,A) 0.0701449275362
[DEBUG] rsome87(A,B) :- somenot87(A,C) 0.0657608695652
[DEBUG] rsome87(A,B) :- somenot87(B,C) 0.0657608695652
[DEBUG] rsome87(A,B) :- somenot87(C,A) 0.0657608695652
[DEBUG] rsome87(A,B) :- no87(A,C) 0.0618925831202
[DEBUG] ==================================
[LVL9] rsome87(A,B) :- all87(C,B), all87(A,C) 0.350724637681 (2.0, 1.0, 108.0, 5.0) 0.526086956522 [ACCEPT]
[LVL9] BETTER RULE rsome87(A,B) :- all87(C,B), all87(A,C) (0.3507246376811594, 2.0) > (0.20347826086956522, 4.0)
[LVL9] rsome87(A,B) :- all87(C,B), all87(A,D) 0.350724637681 (2.0, 1.0, 108.0, 5.0) 0.526086956522 [ACCEPT]
[LVL9] rsome87(A,B) :- all87(C,B), all87(D,C) 0.350724637681 (2.0, 1.0, 108.0, 5.0) 0.526086956522 [ACCEPT]
[LVL9] rsome87(A,B) :- all87(C,B), some87(C,A) 0.350724637681 (2.0, 1.0, 108.0, 5.0) 0.526086956522 [ACCEPT]
[LVL9] rsome87(A,B) :- all87(C,B), some87(C,D) 0.350724637681 (2.0, 1.0, 108.0, 5.0) 0.526086956522 [ACCEPT]
[LVL9] rsome87(A,B) :- all87(C,B), some87(D,A) 0.350724637681 (2.0, 1.0, 108.0, 5.0) 0.526086956522 [ACCEPT]
[LVL9] rsome87(A,B) :- all87(C,B), somenot87(C,A) 0.350724637681 (2.0, 1.0, 108.0, 5.0) 0.526086956522 [ACCEPT]
[LVL9] rsome87(A,B) :- all87(C,B), somenot87(C,D) 0.350724637681 (2.0, 1.0, 108.0, 5.0) 0.526086956522 [ACCEPT]
[LVL9] rsome87(A,B) :- all87(C,B), somenot87(D,A) 0.350724637681 (2.0, 1.0, 108.0, 5.0) 0.526086956522 [ACCEPT]
[LVL9] rsome87(A,B) :- all87(C,B), \+all87(A,C) 0.157859531773 (3.0, 10.0, 99.0, 4.0) 0.684057971014 [ACCEPT]
[LVL9] rsome87(A,B) :- all87(C,B), \+all87(C,A) 0.234782608696 (4.0, 9.0, 100.0, 3.0) 0.763043478261 [ACCEPT]
[LVL9] rsome87(A,B) :- all87(C,B), \+some87(A,C) 0.21801242236 (4.0, 10.0, 99.0, 3.0) 0.763043478261 [ACCEPT]
[LVL9] rsome87(A,B) :- all87(C,B), \+some87(C,A) 0.157859531773 (3.0, 10.0, 99.0, 4.0) 0.684057971014 [ACCEPT]
[LVL9] rsome87(A,B) :- all87(C,B), \+no87(A,C) 0.234782608696 (4.0, 9.0, 100.0, 3.0) 0.763043478261 [ACCEPT]
[LVL9] rsome87(A,B) :- all87(C,B), \+no87(C,A) 0.234782608696 (4.0, 9.0, 100.0, 3.0) 0.763043478261 [ACCEPT]
[LVL9] rsome87(A,B) :- all87(C,B), \+somenot87(A,C) 0.21801242236 (4.0, 10.0, 99.0, 3.0) 0.763043478261 [ACCEPT]
[LVL9] rsome87(A,B) :- all87(C,B), \+somenot87(C,A) 0.157859531773 (3.0, 10.0, 99.0, 4.0) 0.684057971014 [ACCEPT]
[LVL9] rsome87(A,B) :- some87(B,C), no87(A,C) 0.350724637681 (2.0, 1.0, 108.0, 5.0) 0.526086956522 [ACCEPT]
[LVL9] rsome87(A,B) :- some87(B,C), no87(A,D) 0.350724637681 (2.0, 1.0, 108.0, 5.0) 0.526086956522 [ACCEPT]
[LVL9] rsome87(A,B) :- some87(B,C), no87(D,C) 0.350724637681 (2.0, 1.0, 108.0, 5.0) 0.526086956522 [ACCEPT]
[LVL9] rsome87(A,B) :- some87(B,C), \+all87(A,C) 0.0876811594203 (2.0, 10.0, 99.0, 5.0) 0.526086956522 [ACCEPT]
[LVL9] rsome87(A,B) :- some87(B,C), \+all87(C,A) 0.0876811594203 (2.0, 10.0, 99.0, 5.0) 0.526086956522 [ACCEPT]
[LVL9] rsome87(A,B) :- some87(B,C), \+some87(A,C) 0.095652173913 (2.0, 9.0, 100.0, 5.0) 0.526086956522 [ACCEPT]
[LVL9] rsome87(A,B) :- some87(B,C), \+some87(C,A) 0.095652173913 (2.0, 9.0, 100.0, 5.0) 0.526086956522 [ACCEPT]
[LVL9] rsome87(A,B) :- some87(B,C), \+somenot87(A,C) 0.095652173913 (2.0, 9.0, 100.0, 5.0) 0.526086956522 [ACCEPT]
[LVL9] rsome87(A,B) :- some87(B,C), \+somenot87(C,A) 0.095652173913 (2.0, 9.0, 100.0, 5.0) 0.526086956522 [ACCEPT]
[LVL9] rsome87(A,B) :- all87(A,C), all87(C,D) 0.350724637681 (2.0, 1.0, 108.0, 5.0) 0.526086956522 [ACCEPT]
[LVL9] rsome87(A,B) :- all87(A,C), all87(D,B) 0.350724637681 (2.0, 1.0, 108.0, 5.0) 0.526086956522 [ACCEPT]
[LVL9] rsome87(A,B) :- all87(A,C), \+all87(B,C) 0.0809364548495 (2.0, 11.0, 98.0, 5.0) 0.526086956522 [ACCEPT]
[LVL9] rsome87(A,B) :- all87(A,C), \+some87(C,B) 0.0751552795031 (2.0, 12.0, 97.0, 5.0) 0.526086956522 [ACCEPT]
[LVL9] rsome87(A,B) :- all87(A,C), \+some87(B,C) 0.0751552795031 (2.0, 12.0, 97.0, 5.0) 0.526086956522 [ACCEPT]
[LVL9] rsome87(A,B) :- all87(A,C), \+no87(C,B) 0.0809364548495 (2.0, 11.0, 98.0, 5.0) 0.526086956522 [ACCEPT]
[LVL9] rsome87(A,B) :- all87(A,C), \+no87(B,C) 0.0809364548495 (2.0, 11.0, 98.0, 5.0) 0.526086956522 [ACCEPT]
[LVL9] rsome87(A,B) :- all87(A,C), \+somenot87(C,B) 0.0809364548495 (2.0, 11.0, 98.0, 5.0) 0.526086956522 [ACCEPT]
[LVL9] rsome87(A,B) :- all87(A,C), \+somenot87(B,C) 0.0809364548495 (2.0, 11.0, 98.0, 5.0) 0.526086956522 [ACCEPT]
[LVL9] rsome87(A,B) :- all87(B,C), somenot87(A,C) 0.350724637681 (2.0, 1.0, 108.0, 5.0) 0.526086956522 [ACCEPT]
[LVL9] rsome87(A,B) :- all87(B,C), somenot87(A,D) 0.350724637681 (2.0, 1.0, 108.0, 5.0) 0.526086956522 [ACCEPT]
[LVL9] rsome87(A,B) :- all87(B,C), somenot87(D,C) 0.350724637681 (2.0, 1.0, 108.0, 5.0) 0.526086956522 [ACCEPT]
[LVL9] rsome87(A,B) :- all87(B,C), \+all87(A,C) 0.0809364548495 (2.0, 11.0, 98.0, 5.0) 0.526086956522 [ACCEPT]
[LVL9] rsome87(A,B) :- all87(B,C), \+all87(C,A) 0.0809364548495 (2.0, 11.0, 98.0, 5.0) 0.526086956522 [ACCEPT]
[LVL9] rsome87(A,B) :- all87(B,C), \+some87(A,C) 0.0751552795031 (2.0, 12.0, 97.0, 5.0) 0.526086956522 [ACCEPT]
[LVL9] rsome87(A,B) :- all87(B,C), \+some87(C,A) 0.0751552795031 (2.0, 12.0, 97.0, 5.0) 0.526086956522 [ACCEPT]
[LVL9] rsome87(A,B) :- all87(B,C), \+no87(A,C) 0.0809364548495 (2.0, 11.0, 98.0, 5.0) 0.526086956522 [ACCEPT]
[LVL9] rsome87(A,B) :- all87(B,C), \+no87(C,A) 0.0809364548495 (2.0, 11.0, 98.0, 5.0) 0.526086956522 [ACCEPT]
[LVL9] rsome87(A,B) :- all87(B,C), \+somenot87(C,A) 0.0809364548495 (2.0, 11.0, 98.0, 5.0) 0.526086956522 [ACCEPT]
[LVL9] rsome87(A,B) :- some87(C,A), all87(C,D) 0.350724637681 (2.0, 1.0, 108.0, 5.0) 0.526086956522 [ACCEPT]
[LVL9] rsome87(A,B) :- some87(C,A), all87(D,B) 0.350724637681 (2.0, 1.0, 108.0, 5.0) 0.526086956522 [ACCEPT]
[LVL9] rsome87(A,B) :- some87(C,A), \+all87(B,C) 0.0751552795031 (2.0, 12.0, 97.0, 5.0) 0.526086956522 [ACCEPT]
[LVL9] rsome87(A,B) :- some87(C,A), \+some87(C,B) 0.0809364548495 (2.0, 11.0, 98.0, 5.0) 0.526086956522 [ACCEPT]
[LVL9] rsome87(A,B) :- some87(C,A), \+some87(B,C) 0.0809364548495 (2.0, 11.0, 98.0, 5.0) 0.526086956522 [ACCEPT]
[LVL9] rsome87(A,B) :- some87(C,A), \+no87(C,B) 0.0809364548495 (2.0, 11.0, 98.0, 5.0) 0.526086956522 [ACCEPT]
[LVL9] rsome87(A,B) :- some87(C,A), \+no87(B,C) 0.0809364548495 (2.0, 11.0, 98.0, 5.0) 0.526086956522 [ACCEPT]
[LVL9] rsome87(A,B) :- some87(C,A), \+somenot87(C,B) 0.0751552795031 (2.0, 12.0, 97.0, 5.0) 0.526086956522 [ACCEPT]
[LVL9] rsome87(A,B) :- some87(C,A), \+somenot87(B,C) 0.0809364548495 (2.0, 11.0, 98.0, 5.0) 0.526086956522 [ACCEPT]
[LVL9] rsome87(A,B) :- no87(C,A), somenot87(B,C) 0.350724637681 (2.0, 1.0, 108.0, 5.0) 0.526086956522 [ACCEPT]
[LVL9] rsome87(A,B) :- no87(C,A), somenot87(B,D) 0.350724637681 (2.0, 1.0, 108.0, 5.0) 0.526086956522 [ACCEPT]
[LVL9] rsome87(A,B) :- no87(C,A), somenot87(D,C) 0.350724637681 (2.0, 1.0, 108.0, 5.0) 0.526086956522 [ACCEPT]
[LVL9] rsome87(A,B) :- no87(C,A), \+all87(C,B) 0.0809364548495 (2.0, 11.0, 98.0, 5.0) 0.526086956522 [ACCEPT]
[LVL9] rsome87(A,B) :- no87(C,A), \+all87(B,C) 0.0809364548495 (2.0, 11.0, 98.0, 5.0) 0.526086956522 [ACCEPT]
[LVL9] rsome87(A,B) :- no87(C,A), \+some87(C,B) 0.0809364548495 (2.0, 11.0, 98.0, 5.0) 0.526086956522 [ACCEPT]
[LVL9] rsome87(A,B) :- no87(C,A), \+no87(C,B) 0.0809364548495 (2.0, 11.0, 98.0, 5.0) 0.526086956522 [ACCEPT]
[LVL9] rsome87(A,B) :- no87(C,A), \+no87(B,C) 0.0809364548495 (2.0, 11.0, 98.0, 5.0) 0.526086956522 [ACCEPT]
[LVL9] rsome87(A,B) :- no87(C,A), \+somenot87(C,B) 0.0809364548495 (2.0, 11.0, 98.0, 5.0) 0.526086956522 [ACCEPT]
[LVL9] rsome87(A,B) :- somenot87(A,C), all87(B,D) 0.350724637681 (2.0, 1.0, 108.0, 5.0) 0.526086956522 [ACCEPT]
[LVL9] rsome87(A,B) :- somenot87(A,C), all87(D,C) 0.350724637681 (2.0, 1.0, 108.0, 5.0) 0.526086956522 [ACCEPT]
[LVL9] rsome87(A,B) :- somenot87(A,C), \+all87(C,B) 0.0701449275362 (2.0, 13.0, 96.0, 5.0) 0.526086956522 [ACCEPT]
[LVL9] rsome87(A,B) :- somenot87(A,C), \+some87(C,B) 0.0751552795031 (2.0, 12.0, 97.0, 5.0) 0.526086956522 [ACCEPT]
[LVL9] rsome87(A,B) :- somenot87(A,C), \+some87(B,C) 0.0751552795031 (2.0, 12.0, 97.0, 5.0) 0.526086956522 [ACCEPT]
[LVL9] rsome87(A,B) :- somenot87(A,C), \+no87(C,B) 0.0751552795031 (2.0, 12.0, 97.0, 5.0) 0.526086956522 [ACCEPT]
[LVL9] rsome87(A,B) :- somenot87(A,C), \+no87(B,C) 0.0751552795031 (2.0, 12.0, 97.0, 5.0) 0.526086956522 [ACCEPT]
[LVL9] rsome87(A,B) :- somenot87(A,C), \+somenot87(C,B) 0.0751552795031 (2.0, 12.0, 97.0, 5.0) 0.526086956522 [ACCEPT]
[LVL9] rsome87(A,B) :- somenot87(A,C), \+somenot87(B,C) 0.0751552795031 (2.0, 12.0, 97.0, 5.0) 0.526086956522 [ACCEPT]
[LVL9] rsome87(A,B) :- somenot87(B,C), no87(C,D) 0.350724637681 (2.0, 1.0, 108.0, 5.0) 0.526086956522 [ACCEPT]
[LVL9] rsome87(A,B) :- somenot87(B,C), no87(D,A) 0.350724637681 (2.0, 1.0, 108.0, 5.0) 0.526086956522 [ACCEPT]
[LVL9] rsome87(A,B) :- somenot87(B,C), \+all87(A,C) 0.0751552795031 (2.0, 12.0, 97.0, 5.0) 0.526086956522 [ACCEPT]
[LVL9] rsome87(A,B) :- somenot87(B,C), \+all87(C,A) 0.0701449275362 (2.0, 13.0, 96.0, 5.0) 0.526086956522 [ACCEPT]
[LVL9] rsome87(A,B) :- somenot87(B,C), \+some87(A,C) 0.0751552795031 (2.0, 12.0, 97.0, 5.0) 0.526086956522 [ACCEPT]
[LVL9] rsome87(A,B) :- somenot87(B,C), \+some87(C,A) 0.0751552795031 (2.0, 12.0, 97.0, 5.0) 0.526086956522 [ACCEPT]
[LVL9] rsome87(A,B) :- somenot87(B,C), \+no87(A,C) 0.0751552795031 (2.0, 12.0, 97.0, 5.0) 0.526086956522 [ACCEPT]
[LVL9] rsome87(A,B) :- somenot87(B,C), \+somenot87(A,C) 0.0751552795031 (2.0, 12.0, 97.0, 5.0) 0.526086956522 [ACCEPT]
[LVL9] rsome87(A,B) :- somenot87(B,C), \+somenot87(C,A) 0.0751552795031 (2.0, 12.0, 97.0, 5.0) 0.526086956522 [ACCEPT]
[LVL9] rsome87(A,B) :- somenot87(C,A), all87(C,D) 0.350724637681 (2.0, 1.0, 108.0, 5.0) 0.526086956522 [ACCEPT]
[LVL9] rsome87(A,B) :- somenot87(C,A), all87(D,B) 0.350724637681 (2.0, 1.0, 108.0, 5.0) 0.526086956522 [ACCEPT]
[LVL9] rsome87(A,B) :- somenot87(C,A), \+all87(B,C) 0.0751552795031 (2.0, 12.0, 97.0, 5.0) 0.526086956522 [ACCEPT]
[LVL9] rsome87(A,B) :- somenot87(C,A), \+some87(C,B) 0.0701449275362 (2.0, 13.0, 96.0, 5.0) 0.526086956522 [ACCEPT]
[LVL9] rsome87(A,B) :- somenot87(C,A), \+some87(B,C) 0.0751552795031 (2.0, 12.0, 97.0, 5.0) 0.526086956522 [ACCEPT]
[LVL9] rsome87(A,B) :- somenot87(C,A), \+no87(C,B) 0.0751552795031 (2.0, 12.0, 97.0, 5.0) 0.526086956522 [ACCEPT]
[LVL9] rsome87(A,B) :- somenot87(C,A), \+no87(B,C) 0.0751552795031 (2.0, 12.0, 97.0, 5.0) 0.526086956522 [ACCEPT]
[LVL9] rsome87(A,B) :- somenot87(C,A), \+somenot87(C,B) 0.0751552795031 (2.0, 12.0, 97.0, 5.0) 0.526086956522 [ACCEPT]
[LVL9] rsome87(A,B) :- somenot87(C,A), \+somenot87(B,C) 0.0751552795031 (2.0, 12.0, 97.0, 5.0) 0.526086956522 [ACCEPT]
[LVL9] rsome87(A,B) :- no87(A,C), some87(B,D) 0.350724637681 (2.0, 1.0, 108.0, 5.0) 0.526086956522 [ACCEPT]
[LVL9] rsome87(A,B) :- no87(A,C), some87(D,C) 0.350724637681 (2.0, 1.0, 108.0, 5.0) 0.526086956522 [ACCEPT]
[LVL9] rsome87(A,B) :- no87(A,C), \+all87(C,B) 0.0701449275362 (2.0, 13.0, 96.0, 5.0) 0.526086956522 [ACCEPT]
[LVL9] rsome87(A,B) :- no87(A,C), \+all87(B,C) 0.0701449275362 (2.0, 13.0, 96.0, 5.0) 0.526086956522 [ACCEPT]
[LVL9] rsome87(A,B) :- no87(A,C), \+some87(C,B) 0.0701449275362 (2.0, 13.0, 96.0, 5.0) 0.526086956522 [ACCEPT]
[LVL9] rsome87(A,B) :- no87(A,C), \+no87(C,B) 0.0701449275362 (2.0, 13.0, 96.0, 5.0) 0.526086956522 [ACCEPT]
[LVL9] rsome87(A,B) :- no87(A,C), \+no87(B,C) 0.0701449275362 (2.0, 13.0, 96.0, 5.0) 0.526086956522 [ACCEPT]
[LVL9] rsome87(A,B) :- no87(A,C), \+somenot87(C,B) 0.0701449275362 (2.0, 13.0, 96.0, 5.0) 0.526086956522 [ACCEPT]
[LVL9] rsome87(A,B) :- no87(A,C), \+somenot87(B,C) 0.0701449275362 (2.0, 13.0, 96.0, 5.0) 0.526086956522 [ACCEPT]
[DEBUG] Best rule so far: rsome87(A,B) :- all87(C,B), all87(A,C) [0.350724637681]
[DEBUG] Candidates for iteration 3:
[DEBUG] ==================================
[DEBUG] rsome87(A,B) :- all87(C,B), all87(A,C) 0.350724637681
[DEBUG] rsome87(A,B) :- all87(C,B), all87(A,D) 0.350724637681
[DEBUG] rsome87(A,B) :- all87(C,B), all87(D,C) 0.350724637681
[DEBUG] rsome87(A,B) :- all87(C,B), some87(C,A) 0.350724637681
[DEBUG] rsome87(A,B) :- all87(C,B), some87(C,D) 0.350724637681
[DEBUG] rsome87(A,B) :- all87(C,B), some87(D,A) 0.350724637681
[DEBUG] rsome87(A,B) :- all87(C,B), somenot87(C,A) 0.350724637681
[DEBUG] rsome87(A,B) :- all87(C,B), somenot87(C,D) 0.350724637681
[DEBUG] rsome87(A,B) :- all87(C,B), somenot87(D,A) 0.350724637681
[DEBUG] rsome87(A,B) :- some87(B,C), no87(A,C) 0.350724637681
[DEBUG] rsome87(A,B) :- some87(B,C), no87(A,D) 0.350724637681
[DEBUG] rsome87(A,B) :- some87(B,C), no87(D,C) 0.350724637681
[DEBUG] rsome87(A,B) :- all87(A,C), all87(C,D) 0.350724637681
[DEBUG] rsome87(A,B) :- all87(A,C), all87(D,B) 0.350724637681
[DEBUG] rsome87(A,B) :- all87(B,C), somenot87(A,C) 0.350724637681
[DEBUG] rsome87(A,B) :- all87(B,C), somenot87(A,D) 0.350724637681
[DEBUG] rsome87(A,B) :- all87(B,C), somenot87(D,C) 0.350724637681
[DEBUG] rsome87(A,B) :- some87(C,A), all87(C,D) 0.350724637681
[DEBUG] rsome87(A,B) :- some87(C,A), all87(D,B) 0.350724637681
[DEBUG] rsome87(A,B) :- no87(C,A), somenot87(B,C) 0.350724637681
[DEBUG] rsome87(A,B) :- no87(C,A), somenot87(B,D) 0.350724637681
[DEBUG] rsome87(A,B) :- no87(C,A), somenot87(D,C) 0.350724637681
[DEBUG] rsome87(A,B) :- somenot87(A,C), all87(B,D) 0.350724637681
[DEBUG] rsome87(A,B) :- somenot87(A,C), all87(D,C) 0.350724637681
[DEBUG] rsome87(A,B) :- somenot87(B,C), no87(C,D) 0.350724637681
[DEBUG] rsome87(A,B) :- somenot87(B,C), no87(D,A) 0.350724637681
[DEBUG] rsome87(A,B) :- somenot87(C,A), all87(C,D) 0.350724637681
[DEBUG] rsome87(A,B) :- somenot87(C,A), all87(D,B) 0.350724637681
[DEBUG] rsome87(A,B) :- no87(A,C), some87(B,D) 0.350724637681
[DEBUG] rsome87(A,B) :- no87(A,C), some87(D,C) 0.350724637681
[DEBUG] rsome87(A,B) :- all87(C,B), \+all87(C,A) 0.234782608696
[DEBUG] rsome87(A,B) :- all87(C,B), \+no87(A,C) 0.234782608696
[DEBUG] rsome87(A,B) :- all87(C,B), \+no87(C,A) 0.234782608696
[DEBUG] rsome87(A,B) :- all87(C,B), \+some87(A,C) 0.21801242236
[DEBUG] rsome87(A,B) :- all87(C,B), \+somenot87(A,C) 0.21801242236
[DEBUG] rsome87(A,B) :- all87(C,B), \+all87(A,C) 0.157859531773
[DEBUG] rsome87(A,B) :- all87(C,B), \+some87(C,A) 0.157859531773
[DEBUG] rsome87(A,B) :- all87(C,B), \+somenot87(C,A) 0.157859531773
[DEBUG] rsome87(A,B) :- some87(B,C), \+some87(A,C) 0.095652173913
[DEBUG] rsome87(A,B) :- some87(B,C), \+some87(C,A) 0.095652173913
[DEBUG] rsome87(A,B) :- some87(B,C), \+somenot87(A,C) 0.095652173913
[DEBUG] rsome87(A,B) :- some87(B,C), \+somenot87(C,A) 0.095652173913
[DEBUG] rsome87(A,B) :- some87(B,C), \+all87(A,C) 0.0876811594203
[DEBUG] rsome87(A,B) :- some87(B,C), \+all87(C,A) 0.0876811594203
[DEBUG] rsome87(A,B) :- all87(A,C), \+all87(B,C) 0.0809364548495
[DEBUG] rsome87(A,B) :- all87(A,C), \+no87(C,B) 0.0809364548495
[DEBUG] rsome87(A,B) :- all87(A,C), \+no87(B,C) 0.0809364548495
[DEBUG] rsome87(A,B) :- all87(A,C), \+somenot87(C,B) 0.0809364548495
[DEBUG] rsome87(A,B) :- all87(A,C), \+somenot87(B,C) 0.0809364548495
[DEBUG] rsome87(A,B) :- all87(B,C), \+all87(A,C) 0.0809364548495
[DEBUG] rsome87(A,B) :- all87(B,C), \+all87(C,A) 0.0809364548495
[DEBUG] rsome87(A,B) :- all87(B,C), \+no87(A,C) 0.0809364548495
[DEBUG] rsome87(A,B) :- all87(B,C), \+no87(C,A) 0.0809364548495
[DEBUG] rsome87(A,B) :- all87(B,C), \+somenot87(C,A) 0.0809364548495
[DEBUG] rsome87(A,B) :- some87(C,A), \+some87(C,B) 0.0809364548495
[DEBUG] rsome87(A,B) :- some87(C,A), \+some87(B,C) 0.0809364548495
[DEBUG] rsome87(A,B) :- some87(C,A), \+no87(C,B) 0.0809364548495
[DEBUG] rsome87(A,B) :- some87(C,A), \+no87(B,C) 0.0809364548495
[DEBUG] rsome87(A,B) :- some87(C,A), \+somenot87(B,C) 0.0809364548495
[DEBUG] rsome87(A,B) :- no87(C,A), \+all87(C,B) 0.0809364548495
[DEBUG] rsome87(A,B) :- no87(C,A), \+all87(B,C) 0.0809364548495
[DEBUG] rsome87(A,B) :- no87(C,A), \+some87(C,B) 0.0809364548495
[DEBUG] rsome87(A,B) :- no87(C,A), \+no87(C,B) 0.0809364548495
[DEBUG] rsome87(A,B) :- no87(C,A), \+no87(B,C) 0.0809364548495
[DEBUG] rsome87(A,B) :- no87(C,A), \+somenot87(C,B) 0.0809364548495
[DEBUG] rsome87(A,B) :- all87(A,C), \+some87(C,B) 0.0751552795031
[DEBUG] rsome87(A,B) :- all87(A,C), \+some87(B,C) 0.0751552795031
[DEBUG] rsome87(A,B) :- all87(B,C), \+some87(A,C) 0.0751552795031
[DEBUG] rsome87(A,B) :- all87(B,C), \+some87(C,A) 0.0751552795031
[DEBUG] rsome87(A,B) :- some87(C,A), \+all87(B,C) 0.0751552795031
[DEBUG] rsome87(A,B) :- some87(C,A), \+somenot87(C,B) 0.0751552795031
[DEBUG] rsome87(A,B) :- somenot87(A,C), \+some87(C,B) 0.0751552795031
[DEBUG] rsome87(A,B) :- somenot87(A,C), \+some87(B,C) 0.0751552795031
[DEBUG] rsome87(A,B) :- somenot87(A,C), \+no87(C,B) 0.0751552795031
[DEBUG] rsome87(A,B) :- somenot87(A,C), \+no87(B,C) 0.0751552795031
[DEBUG] rsome87(A,B) :- somenot87(A,C), \+somenot87(C,B) 0.0751552795031
[DEBUG] rsome87(A,B) :- somenot87(A,C), \+somenot87(B,C) 0.0751552795031
[DEBUG] rsome87(A,B) :- somenot87(B,C), \+all87(A,C) 0.0751552795031
[DEBUG] rsome87(A,B) :- somenot87(B,C), \+some87(A,C) 0.0751552795031
[DEBUG] rsome87(A,B) :- somenot87(B,C), \+some87(C,A) 0.0751552795031
[DEBUG] rsome87(A,B) :- somenot87(B,C), \+no87(A,C) 0.0751552795031
[DEBUG] rsome87(A,B) :- somenot87(B,C), \+somenot87(A,C) 0.0751552795031
[DEBUG] rsome87(A,B) :- somenot87(B,C), \+somenot87(C,A) 0.0751552795031
[DEBUG] rsome87(A,B) :- somenot87(C,A), \+all87(B,C) 0.0751552795031
[DEBUG] rsome87(A,B) :- somenot87(C,A), \+some87(B,C) 0.0751552795031
[DEBUG] rsome87(A,B) :- somenot87(C,A), \+no87(C,B) 0.0751552795031
[DEBUG] rsome87(A,B) :- somenot87(C,A), \+no87(B,C) 0.0751552795031
[DEBUG] rsome87(A,B) :- somenot87(C,A), \+somenot87(C,B) 0.0751552795031
[DEBUG] rsome87(A,B) :- somenot87(C,A), \+somenot87(B,C) 0.0751552795031
[DEBUG] rsome87(A,B) :- somenot87(A,C), \+all87(C,B) 0.0701449275362
[DEBUG] rsome87(A,B) :- somenot87(B,C), \+all87(C,A) 0.0701449275362
[DEBUG] rsome87(A,B) :- somenot87(C,A), \+some87(C,B) 0.0701449275362
[DEBUG] rsome87(A,B) :- no87(A,C), \+all87(C,B) 0.0701449275362
[DEBUG] rsome87(A,B) :- no87(A,C), \+all87(B,C) 0.0701449275362
[DEBUG] rsome87(A,B) :- no87(A,C), \+some87(C,B) 0.0701449275362
[DEBUG] rsome87(A,B) :- no87(A,C), \+no87(C,B) 0.0701449275362
[DEBUG] rsome87(A,B) :- no87(A,C), \+no87(B,C) 0.0701449275362
[DEBUG] rsome87(A,B) :- no87(A,C), \+somenot87(C,B) 0.0701449275362
[DEBUG] rsome87(A,B) :- no87(A,C), \+somenot87(B,C) 0.0701449275362
[DEBUG] ==================================
[INFO] RULE LEARNED: rsome87(A,B) :- all87(C,B), all87(A,C) 0.948275862069
