[LVL9] Output level: 9
[INFO] Random seed: 0.882661183326
[INFO] Computing scores: 0.0934s
[INFO] Number of examples (M): 104
[INFO] Positive weight (P): 21.0000
[INFO] Negative weight (N): 83.0000
[DEBUG] Best rule so far: rsomenot79(A,B) :- true [0.201923076923]
[DEBUG] Candidates for iteration 1:
[DEBUG] ==================================
[DEBUG] rsomenot79(A,B) :- true 0.201923076923
[DEBUG] ==================================
[LVL9] rsomenot79(A,B) :- all79(A,C) 0.0 (1.0, 12.0, 71.0, 20.0) 0.600961538462 [ACCEPT]
[LVL9] rsomenot79(A,B) :- all79(B,C) 0.0 (2.0, 11.0, 72.0, 19.0) 0.733974358974 [ACCEPT]
[LVL9] rsomenot79(A,B) :- all79(C,A) 0.387620192308 (6.0, 9.0, 74.0, 15.0) 0.885989010989 [ACCEPT]
[LVL9] BETTER RULE rsomenot79(A,B) :- all79(C,A) (0.3876201923076923, 6.0) > (0.20192307692307693, 21.0)
[LVL9] rsomenot79(A,B) :- all79(C,B) 0.0 (1.0, 14.0, 69.0, 20.0) 0.600961538462 [ACCEPT]
[LVL9] rsomenot79(A,B) :- some79(A,C) 0.0 (3.0, 12.0, 71.0, 18.0) 0.800480769231 [ACCEPT]
[LVL9] rsomenot79(A,B) :- some79(B,C) 0.262620192308 (4.0, 11.0, 72.0, 17.0) 0.840384615385 [ACCEPT]
[LVL9] rsomenot79(A,B) :- some79(C,A) 0.266826923077 (3.0, 8.0, 75.0, 18.0) 0.800480769231 [ACCEPT]
[LVL9] rsomenot79(A,B) :- some79(C,B) 0.35016025641 (4.0, 7.0, 76.0, 17.0) 0.840384615385 [ACCEPT]
[LVL9] rsomenot79(A,B) :- no79(B,C) 0.0 (1.0, 11.0, 72.0, 20.0) 0.600961538462 [ACCEPT]
[LVL9] rsomenot79(A,B) :- no79(C,A) 0.0 (2.0, 11.0, 72.0, 19.0) 0.733974358974 [ACCEPT]
[LVL9] rsomenot79(A,B) :- no79(C,B) 0.0 (1.0, 12.0, 71.0, 20.0) 0.600961538462 [ACCEPT]
[LVL9] rsomenot79(A,B) :- somenot79(A,C) 0.246301775148 (3.0, 9.0, 74.0, 18.0) 0.800480769231 [ACCEPT]
[LVL9] rsomenot79(A,B) :- somenot79(B,C) 0.323224852071 (4.0, 8.0, 75.0, 17.0) 0.840384615385 [ACCEPT]
[LVL9] rsomenot79(A,B) :- somenot79(C,A) 0.228708791209 (3.0, 10.0, 73.0, 18.0) 0.800480769231 [ACCEPT]
[LVL9] rsomenot79(A,B) :- somenot79(C,B) 0.300137362637 (4.0, 9.0, 74.0, 17.0) 0.840384615385 [ACCEPT]
[DEBUG] Best rule so far: rsomenot79(A,B) :- all79(C,A) [0.387620192308]
[DEBUG] Candidates for iteration 2:
[DEBUG] ==================================
[DEBUG] rsomenot79(A,B) :- all79(C,A) 0.387620192308
[DEBUG] rsomenot79(A,B) :- some79(C,B) 0.35016025641
[DEBUG] rsomenot79(A,B) :- somenot79(B,C) 0.323224852071
[DEBUG] rsomenot79(A,B) :- somenot79(C,B) 0.300137362637
[DEBUG] rsomenot79(A,B) :- some79(C,A) 0.266826923077
[DEBUG] rsomenot79(A,B) :- some79(B,C) 0.262620192308
[DEBUG] rsomenot79(A,B) :- somenot79(A,C) 0.246301775148
[DEBUG] rsomenot79(A,B) :- somenot79(C,A) 0.228708791209
[DEBUG] rsomenot79(A,B) :- some79(A,C) 0.0
[DEBUG] rsomenot79(A,B) :- all79(B,C) 0.0
[DEBUG] rsomenot79(A,B) :- no79(C,A) 0.0
[DEBUG] rsomenot79(A,B) :- all79(A,C) 0.0
[DEBUG] rsomenot79(A,B) :- all79(C,B) 0.0
[DEBUG] rsomenot79(A,B) :- no79(B,C) 0.0
[DEBUG] rsomenot79(A,B) :- no79(C,B) 0.0
[DEBUG] ==================================
[LVL9] rsomenot79(A,B) :- all79(C,A), some79(C,B) 0.733974358974 (2.0, 0.0, 83.0, 19.0) 0.733974358974 [REJECT* fp] 0.0
[LVL9] BETTER RULE rsomenot79(A,B) :- all79(C,A), some79(C,B) (0.733974358974359, 2.0) > (0.3876201923076923, 6.0)
[LVL9] rsomenot79(A,B) :- all79(C,A), \+all79(C,B) 0.442994505495 (6.0, 7.0, 76.0, 15.0) 0.885989010989 [ACCEPT]
[LVL9] rsomenot79(A,B) :- all79(C,A), \+all79(B,C) 0.413461538462 (6.0, 8.0, 75.0, 15.0) 0.885989010989 [ACCEPT]
[LVL9] rsomenot79(A,B) :- all79(C,A), \+some79(B,C) 0.371565934066 (5.0, 8.0, 75.0, 16.0) 0.866987179487 [ACCEPT]
[LVL9] rsomenot79(A,B) :- all79(C,A), \+no79(C,B) 0.442994505495 (6.0, 7.0, 76.0, 15.0) 0.885989010989 [ACCEPT]
[LVL9] rsomenot79(A,B) :- all79(C,A), \+no79(B,C) 0.442994505495 (6.0, 7.0, 76.0, 15.0) 0.885989010989 [ACCEPT]
[LVL9] rsomenot79(A,B) :- all79(C,A), \+somenot79(B,C) 0.371565934066 (5.0, 8.0, 75.0, 16.0) 0.866987179487 [ACCEPT]
[LVL9] rsomenot79(A,B) :- some79(C,B), \+all79(A,C) 0.320192307692 (3.0, 6.0, 77.0, 18.0) 0.800480769231 [ACCEPT]
[LVL9] rsomenot79(A,B) :- some79(C,B), \+some79(A,C) 0.420192307692 (4.0, 5.0, 78.0, 17.0) 0.840384615385 [ACCEPT]
[LVL9] rsomenot79(A,B) :- some79(C,B), \+some79(C,A) 0.320192307692 (3.0, 6.0, 77.0, 18.0) 0.800480769231 [ACCEPT]
[LVL9] rsomenot79(A,B) :- some79(C,B), \+no79(A,C) 0.381993006993 (4.0, 6.0, 77.0, 17.0) 0.840384615385 [ACCEPT]
[LVL9] rsomenot79(A,B) :- some79(C,B), \+somenot79(A,C) 0.381993006993 (4.0, 6.0, 77.0, 17.0) 0.840384615385 [ACCEPT]
[LVL9] rsomenot79(A,B) :- some79(C,B), \+somenot79(C,A) 0.381993006993 (4.0, 6.0, 77.0, 17.0) 0.840384615385 [ACCEPT]
[LVL9] rsomenot79(A,B) :- somenot79(B,C), \+all79(A,C) 0.35016025641 (4.0, 7.0, 76.0, 17.0) 0.840384615385 [ACCEPT]
[LVL9] rsomenot79(A,B) :- somenot79(B,C), \+all79(C,A) 0.291083916084 (3.0, 7.0, 76.0, 18.0) 0.800480769231 [ACCEPT]
[LVL9] rsomenot79(A,B) :- somenot79(B,C), \+some79(A,C) 0.381993006993 (4.0, 6.0, 77.0, 17.0) 0.840384615385 [ACCEPT]
[LVL9] rsomenot79(A,B) :- somenot79(B,C), \+no79(A,C) 0.381993006993 (4.0, 6.0, 77.0, 17.0) 0.840384615385 [ACCEPT]
[LVL9] rsomenot79(A,B) :- somenot79(B,C), \+somenot79(A,C) 0.291083916084 (3.0, 7.0, 76.0, 18.0) 0.800480769231 [ACCEPT]
[LVL9] rsomenot79(A,B) :- somenot79(B,C), \+somenot79(C,A) 0.35016025641 (4.0, 7.0, 76.0, 17.0) 0.840384615385 [ACCEPT]
[LVL9] rsomenot79(A,B) :- somenot79(C,B), \+all79(A,C) 0.323224852071 (4.0, 8.0, 75.0, 17.0) 0.840384615385 [ACCEPT]
[LVL9] rsomenot79(A,B) :- somenot79(C,B), \+some79(A,C) 0.35016025641 (4.0, 7.0, 76.0, 17.0) 0.840384615385 [ACCEPT]
[LVL9] rsomenot79(A,B) :- somenot79(C,B), \+some79(C,A) 0.323224852071 (4.0, 8.0, 75.0, 17.0) 0.840384615385 [ACCEPT]
[LVL9] rsomenot79(A,B) :- somenot79(C,B), \+no79(A,C) 0.35016025641 (4.0, 7.0, 76.0, 17.0) 0.840384615385 [ACCEPT]
[LVL9] rsomenot79(A,B) :- somenot79(C,B), \+no79(C,A) 0.266826923077 (3.0, 8.0, 75.0, 18.0) 0.800480769231 [ACCEPT]
[LVL9] rsomenot79(A,B) :- somenot79(C,B), \+somenot79(A,C) 0.323224852071 (4.0, 8.0, 75.0, 17.0) 0.840384615385 [ACCEPT]
[LVL9] rsomenot79(A,B) :- somenot79(C,B), \+somenot79(C,A) 0.266826923077 (3.0, 8.0, 75.0, 18.0) 0.800480769231 [ACCEPT]
[LVL9] rsomenot79(A,B) :- some79(C,A), \+all79(C,B) 0.320192307692 (3.0, 6.0, 77.0, 18.0) 0.800480769231 [ACCEPT]
[LVL9] rsomenot79(A,B) :- some79(C,A), \+all79(B,C) 0.320192307692 (3.0, 6.0, 77.0, 18.0) 0.800480769231 [ACCEPT]
[LVL9] rsomenot79(A,B) :- some79(C,A), \+no79(B,C) 0.291083916084 (3.0, 7.0, 76.0, 18.0) 0.800480769231 [ACCEPT]
[LVL9] rsomenot79(A,B) :- some79(C,A), \+somenot79(C,B) 0.291083916084 (3.0, 7.0, 76.0, 18.0) 0.800480769231 [ACCEPT]
[LVL9] rsomenot79(A,B) :- some79(B,C), \+all79(A,C) 0.300137362637 (4.0, 9.0, 74.0, 17.0) 0.840384615385 [ACCEPT]
[LVL9] rsomenot79(A,B) :- some79(B,C), \+all79(C,A) 0.228708791209 (3.0, 10.0, 73.0, 18.0) 0.800480769231 [ACCEPT]
[LVL9] rsomenot79(A,B) :- some79(B,C), \+some79(A,C) 0.228708791209 (3.0, 10.0, 73.0, 18.0) 0.800480769231 [ACCEPT]
[LVL9] rsomenot79(A,B) :- some79(B,C), \+some79(C,A) 0.228708791209 (3.0, 10.0, 73.0, 18.0) 0.800480769231 [ACCEPT]
[LVL9] rsomenot79(A,B) :- some79(B,C), \+no79(A,C) 0.280128205128 (4.0, 10.0, 73.0, 17.0) 0.840384615385 [ACCEPT]
[LVL9] rsomenot79(A,B) :- some79(B,C), \+no79(C,A) 0.300137362637 (4.0, 9.0, 74.0, 17.0) 0.840384615385 [ACCEPT]
[LVL9] rsomenot79(A,B) :- some79(B,C), \+somenot79(A,C) 0.300137362637 (4.0, 9.0, 74.0, 17.0) 0.840384615385 [ACCEPT]
[LVL9] rsomenot79(A,B) :- some79(B,C), \+somenot79(C,A) 0.228708791209 (3.0, 10.0, 73.0, 18.0) 0.800480769231 [ACCEPT]
[LVL9] rsomenot79(A,B) :- somenot79(A,C), \+some79(C,B) 0.266826923077 (3.0, 8.0, 75.0, 18.0) 0.800480769231 [ACCEPT]
[LVL9] rsomenot79(A,B) :- somenot79(A,C), \+some79(B,C) 0.291083916084 (3.0, 7.0, 76.0, 18.0) 0.800480769231 [ACCEPT]
[LVL9] rsomenot79(A,B) :- somenot79(A,C), \+no79(C,B) 0.266826923077 (3.0, 8.0, 75.0, 18.0) 0.800480769231 [ACCEPT]
[LVL9] rsomenot79(A,B) :- somenot79(A,C), \+no79(B,C) 0.291083916084 (3.0, 7.0, 76.0, 18.0) 0.800480769231 [ACCEPT]
[LVL9] rsomenot79(A,B) :- somenot79(A,C), \+somenot79(C,B) 0.266826923077 (3.0, 8.0, 75.0, 18.0) 0.800480769231 [ACCEPT]
[LVL9] rsomenot79(A,B) :- somenot79(C,A), \+all79(C,B) 0.266826923077 (3.0, 8.0, 75.0, 18.0) 0.800480769231 [ACCEPT]
[LVL9] rsomenot79(A,B) :- somenot79(C,A), \+all79(B,C) 0.246301775148 (3.0, 9.0, 74.0, 18.0) 0.800480769231 [ACCEPT]
[LVL9] rsomenot79(A,B) :- somenot79(C,A), \+some79(C,B) 0.246301775148 (3.0, 9.0, 74.0, 18.0) 0.800480769231 [ACCEPT]
[LVL9] rsomenot79(A,B) :- somenot79(C,A), \+no79(C,B) 0.266826923077 (3.0, 8.0, 75.0, 18.0) 0.800480769231 [ACCEPT]
[LVL9] rsomenot79(A,B) :- somenot79(C,A), \+somenot79(B,C) 0.246301775148 (3.0, 9.0, 74.0, 18.0) 0.800480769231 [ACCEPT]
[LVL9] rsomenot79(A,B) :- some79(A,C), \+all79(C,B) 0.228708791209 (3.0, 10.0, 73.0, 18.0) 0.800480769231 [ACCEPT]
[LVL9] rsomenot79(A,B) :- some79(A,C), \+some79(C,B) 0.228708791209 (3.0, 10.0, 73.0, 18.0) 0.800480769231 [ACCEPT]
[LVL9] rsomenot79(A,B) :- some79(A,C), \+no79(B,C) 0.213461538462 (3.0, 11.0, 72.0, 18.0) 0.800480769231 [ACCEPT]
[LVL9] rsomenot79(A,B) :- some79(A,C), \+somenot79(C,B) 0.228708791209 (3.0, 10.0, 73.0, 18.0) 0.800480769231 [ACCEPT]
[LVL9] rsomenot79(A,B) :- some79(A,C), \+somenot79(B,C) 0.228708791209 (3.0, 10.0, 73.0, 18.0) 0.800480769231 [ACCEPT]
[DEBUG] Best rule so far: rsomenot79(A,B) :- all79(C,A), some79(C,B) [0.733974358974]
[DEBUG] Candidates for iteration 3:
[DEBUG] ==================================
[DEBUG] rsomenot79(A,B) :- all79(C,A), \+all79(C,B) 0.442994505495
[DEBUG] rsomenot79(A,B) :- all79(C,A), \+no79(C,B) 0.442994505495
[DEBUG] rsomenot79(A,B) :- all79(C,A), \+no79(B,C) 0.442994505495
[DEBUG] rsomenot79(A,B) :- some79(C,B), \+some79(A,C) 0.420192307692
[DEBUG] rsomenot79(A,B) :- all79(C,A), \+all79(B,C) 0.413461538462
[DEBUG] rsomenot79(A,B) :- some79(C,B), \+no79(A,C) 0.381993006993
[DEBUG] rsomenot79(A,B) :- some79(C,B), \+somenot79(A,C) 0.381993006993
[DEBUG] rsomenot79(A,B) :- some79(C,B), \+somenot79(C,A) 0.381993006993
[DEBUG] rsomenot79(A,B) :- somenot79(B,C), \+some79(A,C) 0.381993006993
[DEBUG] rsomenot79(A,B) :- somenot79(B,C), \+no79(A,C) 0.381993006993
[DEBUG] rsomenot79(A,B) :- all79(C,A), \+some79(B,C) 0.371565934066
[DEBUG] rsomenot79(A,B) :- all79(C,A), \+somenot79(B,C) 0.371565934066
[DEBUG] rsomenot79(A,B) :- somenot79(B,C), \+all79(A,C) 0.35016025641
[DEBUG] rsomenot79(A,B) :- somenot79(B,C), \+somenot79(C,A) 0.35016025641
[DEBUG] rsomenot79(A,B) :- somenot79(C,B), \+some79(A,C) 0.35016025641
[DEBUG] rsomenot79(A,B) :- somenot79(C,B), \+no79(A,C) 0.35016025641
[DEBUG] rsomenot79(A,B) :- somenot79(C,B), \+all79(A,C) 0.323224852071
[DEBUG] rsomenot79(A,B) :- somenot79(C,B), \+some79(C,A) 0.323224852071
[DEBUG] rsomenot79(A,B) :- somenot79(C,B), \+somenot79(A,C) 0.323224852071
[DEBUG] rsomenot79(A,B) :- some79(C,B), \+all79(A,C) 0.320192307692
[DEBUG] rsomenot79(A,B) :- some79(C,B), \+some79(C,A) 0.320192307692
[DEBUG] rsomenot79(A,B) :- some79(C,A), \+all79(C,B) 0.320192307692
[DEBUG] rsomenot79(A,B) :- some79(C,A), \+all79(B,C) 0.320192307692
[DEBUG] rsomenot79(A,B) :- some79(B,C), \+all79(A,C) 0.300137362637
[DEBUG] rsomenot79(A,B) :- some79(B,C), \+no79(C,A) 0.300137362637
[DEBUG] rsomenot79(A,B) :- some79(B,C), \+somenot79(A,C) 0.300137362637
[DEBUG] rsomenot79(A,B) :- somenot79(B,C), \+all79(C,A) 0.291083916084
[DEBUG] rsomenot79(A,B) :- somenot79(B,C), \+somenot79(A,C) 0.291083916084
[DEBUG] rsomenot79(A,B) :- some79(C,A), \+no79(B,C) 0.291083916084
[DEBUG] rsomenot79(A,B) :- some79(C,A), \+somenot79(C,B) 0.291083916084
[DEBUG] rsomenot79(A,B) :- somenot79(A,C), \+some79(B,C) 0.291083916084
[DEBUG] rsomenot79(A,B) :- somenot79(A,C), \+no79(B,C) 0.291083916084
[DEBUG] rsomenot79(A,B) :- some79(B,C), \+no79(A,C) 0.280128205128
[DEBUG] rsomenot79(A,B) :- somenot79(C,B), \+no79(C,A) 0.266826923077
[DEBUG] rsomenot79(A,B) :- somenot79(C,B), \+somenot79(C,A) 0.266826923077
[DEBUG] rsomenot79(A,B) :- somenot79(A,C), \+some79(C,B) 0.266826923077
[DEBUG] rsomenot79(A,B) :- somenot79(A,C), \+no79(C,B) 0.266826923077
[DEBUG] rsomenot79(A,B) :- somenot79(A,C), \+somenot79(C,B) 0.266826923077
[DEBUG] rsomenot79(A,B) :- somenot79(C,A), \+all79(C,B) 0.266826923077
[DEBUG] rsomenot79(A,B) :- somenot79(C,A), \+no79(C,B) 0.266826923077
[DEBUG] rsomenot79(A,B) :- somenot79(C,A), \+all79(B,C) 0.246301775148
[DEBUG] rsomenot79(A,B) :- somenot79(C,A), \+some79(C,B) 0.246301775148
[DEBUG] rsomenot79(A,B) :- somenot79(C,A), \+somenot79(B,C) 0.246301775148
[DEBUG] rsomenot79(A,B) :- some79(B,C), \+all79(C,A) 0.228708791209
[DEBUG] rsomenot79(A,B) :- some79(B,C), \+some79(A,C) 0.228708791209
[DEBUG] rsomenot79(A,B) :- some79(B,C), \+some79(C,A) 0.228708791209
[DEBUG] rsomenot79(A,B) :- some79(B,C), \+somenot79(C,A) 0.228708791209
[DEBUG] rsomenot79(A,B) :- some79(A,C), \+all79(C,B) 0.228708791209
[DEBUG] rsomenot79(A,B) :- some79(A,C), \+some79(C,B) 0.228708791209
[DEBUG] rsomenot79(A,B) :- some79(A,C), \+somenot79(C,B) 0.228708791209
[DEBUG] rsomenot79(A,B) :- some79(A,C), \+somenot79(B,C) 0.228708791209
[DEBUG] rsomenot79(A,B) :- some79(A,C), \+no79(B,C) 0.213461538462
[DEBUG] ==================================
[INFO] RULE LEARNED: rsomenot79(A,B) :- all79(C,A), some79(C,B) 0.817307692308
[DEBUG] Best rule so far: rsomenot79(A,B) :- true [0.186274509804]
[DEBUG] Candidates for iteration 1:
[DEBUG] ==================================
[DEBUG] rsomenot79(A,B) :- true 0.186274509804
[DEBUG] ==================================
[LVL9] rsomenot79(A,B) :- all79(A,C) 0.0 (3.0, 12.0, 71.0, 18.0) 0.593137254902 [ACCEPT]
[LVL9] rsomenot79(A,B) :- all79(B,C) 0.0 (4.0, 11.0, 72.0, 17.0) 0.728758169935 [ACCEPT]
[LVL9] rsomenot79(A,B) :- all79(C,A) 0.299019607843 (6.0, 9.0, 74.0, 15.0) 0.837254901961 [ACCEPT]
[LVL9] BETTER RULE rsomenot79(A,B) :- all79(C,A) (0.29901960784313725, 6.0) > (0.18627450980392157, 21.0)
[LVL9] rsomenot79(A,B) :- all79(C,B) 0.0 (3.0, 14.0, 69.0, 18.0) 0.593137254902 [ACCEPT]
[LVL9] rsomenot79(A,B) :- some79(A,C) 0.199142156863 (5.0, 12.0, 71.0, 16.0) 0.796568627451 [ACCEPT]
[LVL9] rsomenot79(A,B) :- some79(B,C) 0.261642156863 (6.0, 11.0, 72.0, 15.0) 0.837254901961 [ACCEPT]
[LVL9] rsomenot79(A,B) :- some79(C,A) 0.265522875817 (5.0, 8.0, 75.0, 16.0) 0.796568627451 [ACCEPT]
[LVL9] rsomenot79(A,B) :- some79(C,B) 0.21862745098 (4.0, 7.0, 76.0, 17.0) 0.728758169935 [ACCEPT]
[LVL9] rsomenot79(A,B) :- no79(B,C) 0.0 (3.0, 11.0, 72.0, 18.0) 0.593137254902 [ACCEPT]
[LVL9] rsomenot79(A,B) :- no79(C,A) 0.0 (4.0, 11.0, 72.0, 17.0) 0.728758169935 [ACCEPT]
[LVL9] rsomenot79(A,B) :- no79(C,B) 0.0 (3.0, 12.0, 71.0, 18.0) 0.593137254902 [ACCEPT]
[LVL9] rsomenot79(A,B) :- somenot79(A,C) 0.245098039216 (5.0, 9.0, 74.0, 16.0) 0.796568627451 [ACCEPT]
[LVL9] rsomenot79(A,B) :- somenot79(B,C) 0.322021116139 (6.0, 8.0, 75.0, 15.0) 0.837254901961 [ACCEPT]
[LVL9] BETTER RULE rsomenot79(A,B) :- somenot79(B,C) (0.3220211161387632, 6.0) > (0.29901960784313725, 6.0)
[LVL9] rsomenot79(A,B) :- somenot79(C,A) 0.227591036415 (5.0, 10.0, 73.0, 16.0) 0.796568627451 [ACCEPT]
[LVL9] rsomenot79(A,B) :- somenot79(C,B) 0.299019607843 (6.0, 9.0, 74.0, 15.0) 0.837254901961 [ACCEPT]
[DEBUG] Best rule so far: rsomenot79(A,B) :- somenot79(B,C) [0.322021116139]
[DEBUG] Candidates for iteration 2:
[DEBUG] ==================================
[DEBUG] rsomenot79(A,B) :- somenot79(B,C) 0.322021116139
[DEBUG] rsomenot79(A,B) :- all79(C,A) 0.299019607843
[DEBUG] rsomenot79(A,B) :- somenot79(C,B) 0.299019607843
[DEBUG] rsomenot79(A,B) :- some79(C,A) 0.265522875817
[DEBUG] rsomenot79(A,B) :- some79(B,C) 0.261642156863
[DEBUG] rsomenot79(A,B) :- somenot79(A,C) 0.245098039216
[DEBUG] rsomenot79(A,B) :- somenot79(C,A) 0.227591036415
[DEBUG] rsomenot79(A,B) :- some79(C,B) 0.21862745098
[DEBUG] rsomenot79(A,B) :- some79(A,C) 0.199142156863
[DEBUG] rsomenot79(A,B) :- all79(B,C) 0.0
[DEBUG] rsomenot79(A,B) :- no79(C,A) 0.0
[DEBUG] rsomenot79(A,B) :- all79(A,C) 0.0
[DEBUG] rsomenot79(A,B) :- all79(C,B) 0.0
[DEBUG] rsomenot79(A,B) :- no79(B,C) 0.0
[DEBUG] rsomenot79(A,B) :- no79(C,B) 0.0
[DEBUG] ==================================
[LVL9] rsomenot79(A,B) :- somenot79(B,C), all79(C,A) 0.395424836601 (3.0, 1.0, 82.0, 18.0) 0.593137254902 [ACCEPT]
[LVL9] BETTER RULE rsomenot79(A,B) :- somenot79(B,C), all79(C,A) (0.3954248366013072, 3.0) > (0.3220211161387632, 6.0)
[LVL9] rsomenot79(A,B) :- somenot79(B,C), all79(C,D) 0.395424836601 (3.0, 1.0, 82.0, 18.0) 0.593137254902 [ACCEPT]
[LVL9] rsomenot79(A,B) :- somenot79(B,C), all79(D,A) 0.395424836601 (3.0, 1.0, 82.0, 18.0) 0.593137254902 [ACCEPT]
[LVL9] rsomenot79(A,B) :- somenot79(B,C), some79(C,A) 0.593137254902 (3.0, 0.0, 83.0, 18.0) 0.593137254902 [REJECT* fp] 2.0
[LVL9] BETTER RULE rsomenot79(A,B) :- somenot79(B,C), some79(C,A) (0.5931372549019608, 3.0) > (0.3954248366013072, 3.0)
[LVL9] rsomenot79(A,B) :- somenot79(B,C), \+all79(A,C) 0.34885620915 (6.0, 7.0, 76.0, 15.0) 0.837254901961 [ACCEPT]
[LVL9] rsomenot79(A,B) :- somenot79(B,C), \+all79(C,A) 0.289661319073 (5.0, 7.0, 76.0, 16.0) 0.796568627451 [ACCEPT]
[LVL9] rsomenot79(A,B) :- somenot79(B,C), \+some79(A,C) 0.380570409982 (6.0, 6.0, 77.0, 15.0) 0.837254901961 [ACCEPT]
[LVL9] rsomenot79(A,B) :- somenot79(B,C), \+no79(A,C) 0.380570409982 (6.0, 6.0, 77.0, 15.0) 0.837254901961 [ACCEPT]
[LVL9] rsomenot79(A,B) :- somenot79(B,C), \+somenot79(A,C) 0.289661319073 (5.0, 7.0, 76.0, 16.0) 0.796568627451 [ACCEPT]
[LVL9] rsomenot79(A,B) :- somenot79(B,C), \+somenot79(C,A) 0.34885620915 (6.0, 7.0, 76.0, 15.0) 0.837254901961 [ACCEPT]
[LVL9] rsomenot79(A,B) :- all79(C,A), somenot79(C,B) 0.728758169935 (4.0, 0.0, 83.0, 17.0) 0.728758169935 [REJECT* fp] 2.0
[LVL9] BETTER RULE rsomenot79(A,B) :- all79(C,A), somenot79(C,B) (0.7287581699346406, 4.0) > (0.5931372549019608, 3.0)
[LVL9] rsomenot79(A,B) :- all79(C,A), \+all79(C,B) 0.34885620915 (6.0, 7.0, 76.0, 15.0) 0.837254901961 [ACCEPT]
[LVL9] rsomenot79(A,B) :- all79(C,A), \+all79(B,C) 0.322021116139 (6.0, 8.0, 75.0, 15.0) 0.837254901961 [ACCEPT]
[LVL9] rsomenot79(A,B) :- all79(C,A), \+some79(B,C) 0.265522875817 (5.0, 8.0, 75.0, 16.0) 0.796568627451 [ACCEPT]
[LVL9] rsomenot79(A,B) :- all79(C,A), \+no79(C,B) 0.34885620915 (6.0, 7.0, 76.0, 15.0) 0.837254901961 [ACCEPT]
[LVL9] rsomenot79(A,B) :- all79(C,A), \+no79(B,C) 0.34885620915 (6.0, 7.0, 76.0, 15.0) 0.837254901961 [ACCEPT]
[LVL9] rsomenot79(A,B) :- all79(C,A), \+somenot79(B,C) 0.265522875817 (5.0, 8.0, 75.0, 16.0) 0.796568627451 [ACCEPT]
[LVL9] rsomenot79(A,B) :- somenot79(C,B), \+all79(A,C) 0.322021116139 (6.0, 8.0, 75.0, 15.0) 0.837254901961 [ACCEPT]
[LVL9] rsomenot79(A,B) :- somenot79(C,B), \+some79(A,C) 0.34885620915 (6.0, 7.0, 76.0, 15.0) 0.837254901961 [ACCEPT]
[LVL9] rsomenot79(A,B) :- somenot79(C,B), \+some79(C,A) 0.322021116139 (6.0, 8.0, 75.0, 15.0) 0.837254901961 [ACCEPT]
[LVL9] rsomenot79(A,B) :- somenot79(C,B), \+no79(A,C) 0.34885620915 (6.0, 7.0, 76.0, 15.0) 0.837254901961 [ACCEPT]
[LVL9] rsomenot79(A,B) :- somenot79(C,B), \+no79(C,A) 0.265522875817 (5.0, 8.0, 75.0, 16.0) 0.796568627451 [ACCEPT]
[LVL9] rsomenot79(A,B) :- somenot79(C,B), \+somenot79(A,C) 0.322021116139 (6.0, 8.0, 75.0, 15.0) 0.837254901961 [ACCEPT]
[LVL9] rsomenot79(A,B) :- somenot79(C,B), \+somenot79(C,A) 0.265522875817 (5.0, 8.0, 75.0, 16.0) 0.796568627451 [ACCEPT]
[LVL9] rsomenot79(A,B) :- some79(C,A), \+all79(C,B) 0.31862745098 (5.0, 6.0, 77.0, 16.0) 0.796568627451 [ACCEPT]
[LVL9] rsomenot79(A,B) :- some79(C,A), \+all79(B,C) 0.31862745098 (5.0, 6.0, 77.0, 16.0) 0.796568627451 [ACCEPT]
[LVL9] rsomenot79(A,B) :- some79(C,A), \+no79(B,C) 0.289661319073 (5.0, 7.0, 76.0, 16.0) 0.796568627451 [ACCEPT]
[LVL9] rsomenot79(A,B) :- some79(C,A), \+somenot79(C,B) 0.289661319073 (5.0, 7.0, 76.0, 16.0) 0.796568627451 [ACCEPT]
[LVL9] rsomenot79(A,B) :- some79(B,C), \+all79(A,C) 0.299019607843 (6.0, 9.0, 74.0, 15.0) 0.837254901961 [ACCEPT]
[LVL9] rsomenot79(A,B) :- some79(B,C), \+all79(C,A) 0.227591036415 (5.0, 10.0, 73.0, 16.0) 0.796568627451 [ACCEPT]
[LVL9] rsomenot79(A,B) :- some79(B,C), \+some79(A,C) 0.227591036415 (5.0, 10.0, 73.0, 16.0) 0.796568627451 [ACCEPT]
[LVL9] rsomenot79(A,B) :- some79(B,C), \+some79(C,A) 0.227591036415 (5.0, 10.0, 73.0, 16.0) 0.796568627451 [ACCEPT]
[LVL9] rsomenot79(A,B) :- some79(B,C), \+no79(A,C) 0.27908496732 (6.0, 10.0, 73.0, 15.0) 0.837254901961 [ACCEPT]
[LVL9] rsomenot79(A,B) :- some79(B,C), \+no79(C,A) 0.299019607843 (6.0, 9.0, 74.0, 15.0) 0.837254901961 [ACCEPT]
[LVL9] rsomenot79(A,B) :- some79(B,C), \+somenot79(A,C) 0.299019607843 (6.0, 9.0, 74.0, 15.0) 0.837254901961 [ACCEPT]
[LVL9] rsomenot79(A,B) :- some79(B,C), \+somenot79(C,A) 0.227591036415 (5.0, 10.0, 73.0, 16.0) 0.796568627451 [ACCEPT]
[LVL9] rsomenot79(A,B) :- somenot79(A,C), \+some79(C,B) 0.265522875817 (5.0, 8.0, 75.0, 16.0) 0.796568627451 [ACCEPT]
[LVL9] rsomenot79(A,B) :- somenot79(A,C), \+some79(B,C) 0.289661319073 (5.0, 7.0, 76.0, 16.0) 0.796568627451 [ACCEPT]
[LVL9] rsomenot79(A,B) :- somenot79(A,C), \+no79(C,B) 0.265522875817 (5.0, 8.0, 75.0, 16.0) 0.796568627451 [ACCEPT]
[LVL9] rsomenot79(A,B) :- somenot79(A,C), \+no79(B,C) 0.289661319073 (5.0, 7.0, 76.0, 16.0) 0.796568627451 [ACCEPT]
[LVL9] rsomenot79(A,B) :- somenot79(A,C), \+somenot79(C,B) 0.265522875817 (5.0, 8.0, 75.0, 16.0) 0.796568627451 [ACCEPT]
[LVL9] rsomenot79(A,B) :- somenot79(C,A), \+all79(C,B) 0.265522875817 (5.0, 8.0, 75.0, 16.0) 0.796568627451 [ACCEPT]
[LVL9] rsomenot79(A,B) :- somenot79(C,A), \+all79(B,C) 0.245098039216 (5.0, 9.0, 74.0, 16.0) 0.796568627451 [ACCEPT]
[LVL9] rsomenot79(A,B) :- somenot79(C,A), \+some79(C,B) 0.245098039216 (5.0, 9.0, 74.0, 16.0) 0.796568627451 [ACCEPT]
[LVL9] rsomenot79(A,B) :- somenot79(C,A), \+no79(C,B) 0.265522875817 (5.0, 8.0, 75.0, 16.0) 0.796568627451 [ACCEPT]
[LVL9] rsomenot79(A,B) :- somenot79(C,A), \+somenot79(B,C) 0.245098039216 (5.0, 9.0, 74.0, 16.0) 0.796568627451 [ACCEPT]
[LVL9] rsomenot79(A,B) :- some79(A,C), \+all79(C,B) 0.227591036415 (5.0, 10.0, 73.0, 16.0) 0.796568627451 [ACCEPT]
[LVL9] rsomenot79(A,B) :- some79(A,C), \+some79(C,B) 0.227591036415 (5.0, 10.0, 73.0, 16.0) 0.796568627451 [ACCEPT]
[LVL9] rsomenot79(A,B) :- some79(A,C), \+no79(B,C) 0.212418300654 (5.0, 11.0, 72.0, 16.0) 0.796568627451 [ACCEPT]
[LVL9] rsomenot79(A,B) :- some79(A,C), \+somenot79(C,B) 0.227591036415 (5.0, 10.0, 73.0, 16.0) 0.796568627451 [ACCEPT]
[LVL9] rsomenot79(A,B) :- some79(A,C), \+somenot79(B,C) 0.227591036415 (5.0, 10.0, 73.0, 16.0) 0.796568627451 [ACCEPT]
[DEBUG] Best rule so far: rsomenot79(A,B) :- all79(C,A), somenot79(C,B) [0.728758169935]
[DEBUG] Candidates for iteration 3:
[DEBUG] ==================================
[DEBUG] rsomenot79(A,B) :- somenot79(B,C), all79(C,A) 0.395424836601
[DEBUG] rsomenot79(A,B) :- somenot79(B,C), all79(C,D) 0.395424836601
[DEBUG] rsomenot79(A,B) :- somenot79(B,C), all79(D,A) 0.395424836601
[DEBUG] rsomenot79(A,B) :- somenot79(B,C), \+some79(A,C) 0.380570409982
[DEBUG] rsomenot79(A,B) :- somenot79(B,C), \+no79(A,C) 0.380570409982
[DEBUG] rsomenot79(A,B) :- somenot79(B,C), \+all79(A,C) 0.34885620915
[DEBUG] rsomenot79(A,B) :- somenot79(B,C), \+somenot79(C,A) 0.34885620915
[DEBUG] rsomenot79(A,B) :- all79(C,A), \+all79(C,B) 0.34885620915
[DEBUG] rsomenot79(A,B) :- all79(C,A), \+no79(C,B) 0.34885620915
[DEBUG] rsomenot79(A,B) :- all79(C,A), \+no79(B,C) 0.34885620915
[DEBUG] rsomenot79(A,B) :- somenot79(C,B), \+some79(A,C) 0.34885620915
[DEBUG] rsomenot79(A,B) :- somenot79(C,B), \+no79(A,C) 0.34885620915
[DEBUG] rsomenot79(A,B) :- all79(C,A), \+all79(B,C) 0.322021116139
[DEBUG] rsomenot79(A,B) :- somenot79(C,B), \+all79(A,C) 0.322021116139
[DEBUG] rsomenot79(A,B) :- somenot79(C,B), \+some79(C,A) 0.322021116139
[DEBUG] rsomenot79(A,B) :- somenot79(C,B), \+somenot79(A,C) 0.322021116139
[DEBUG] rsomenot79(A,B) :- some79(C,A), \+all79(C,B) 0.31862745098
[DEBUG] rsomenot79(A,B) :- some79(C,A), \+all79(B,C) 0.31862745098
[DEBUG] rsomenot79(A,B) :- some79(B,C), \+all79(A,C) 0.299019607843
[DEBUG] rsomenot79(A,B) :- some79(B,C), \+no79(C,A) 0.299019607843
[DEBUG] rsomenot79(A,B) :- some79(B,C), \+somenot79(A,C) 0.299019607843
[DEBUG] rsomenot79(A,B) :- somenot79(B,C), \+all79(C,A) 0.289661319073
[DEBUG] rsomenot79(A,B) :- somenot79(B,C), \+somenot79(A,C) 0.289661319073
[DEBUG] rsomenot79(A,B) :- some79(C,A), \+no79(B,C) 0.289661319073
[DEBUG] rsomenot79(A,B) :- some79(C,A), \+somenot79(C,B) 0.289661319073
[DEBUG] rsomenot79(A,B) :- somenot79(A,C), \+some79(B,C) 0.289661319073
[DEBUG] rsomenot79(A,B) :- somenot79(A,C), \+no79(B,C) 0.289661319073
[DEBUG] rsomenot79(A,B) :- some79(B,C), \+no79(A,C) 0.27908496732
[DEBUG] rsomenot79(A,B) :- all79(C,A), \+some79(B,C) 0.265522875817
[DEBUG] rsomenot79(A,B) :- all79(C,A), \+somenot79(B,C) 0.265522875817
[DEBUG] rsomenot79(A,B) :- somenot79(C,B), \+no79(C,A) 0.265522875817
[DEBUG] rsomenot79(A,B) :- somenot79(C,B), \+somenot79(C,A) 0.265522875817
[DEBUG] rsomenot79(A,B) :- somenot79(A,C), \+some79(C,B) 0.265522875817
[DEBUG] rsomenot79(A,B) :- somenot79(A,C), \+no79(C,B) 0.265522875817
[DEBUG] rsomenot79(A,B) :- somenot79(A,C), \+somenot79(C,B) 0.265522875817
[DEBUG] rsomenot79(A,B) :- somenot79(C,A), \+all79(C,B) 0.265522875817
[DEBUG] rsomenot79(A,B) :- somenot79(C,A), \+no79(C,B) 0.265522875817
[DEBUG] rsomenot79(A,B) :- somenot79(C,A), \+all79(B,C) 0.245098039216
[DEBUG] rsomenot79(A,B) :- somenot79(C,A), \+some79(C,B) 0.245098039216
[DEBUG] rsomenot79(A,B) :- somenot79(C,A), \+somenot79(B,C) 0.245098039216
[DEBUG] rsomenot79(A,B) :- some79(B,C), \+all79(C,A) 0.227591036415
[DEBUG] rsomenot79(A,B) :- some79(B,C), \+some79(A,C) 0.227591036415
[DEBUG] rsomenot79(A,B) :- some79(B,C), \+some79(C,A) 0.227591036415
[DEBUG] rsomenot79(A,B) :- some79(B,C), \+somenot79(C,A) 0.227591036415
[DEBUG] rsomenot79(A,B) :- some79(A,C), \+all79(C,B) 0.227591036415
[DEBUG] rsomenot79(A,B) :- some79(A,C), \+some79(C,B) 0.227591036415
[DEBUG] rsomenot79(A,B) :- some79(A,C), \+somenot79(C,B) 0.227591036415
[DEBUG] rsomenot79(A,B) :- some79(A,C), \+somenot79(B,C) 0.227591036415
[DEBUG] rsomenot79(A,B) :- some79(A,C), \+no79(B,C) 0.212418300654
[DEBUG] ==================================
[INFO] RULE LEARNED: rsomenot79(A,B) :- all79(C,A), somenot79(C,B) 0.836538461538
[DEBUG] Best rule so far: rsomenot79(A,B) :- true [0.17]
[DEBUG] Candidates for iteration 1:
[DEBUG] ==================================
[DEBUG] rsomenot79(A,B) :- true 0.17
[DEBUG] ==================================
[LVL9] rsomenot79(A,B) :- all79(A,C) 0.0 (5.0, 12.0, 71.0, 16.0) 0.585 [ACCEPT]
[LVL9] rsomenot79(A,B) :- all79(B,C) 0.0 (6.0, 11.0, 72.0, 15.0) 0.723333333333 [ACCEPT]
[LVL9] rsomenot79(A,B) :- all79(C,A) 0.180833333333 (6.0, 9.0, 74.0, 15.0) 0.723333333333 [ACCEPT]
[LVL9] BETTER RULE rsomenot79(A,B) :- all79(C,A) (0.18083333333333332, 6.0) > (0.17, 21.0)
[LVL9] rsomenot79(A,B) :- all79(C,B) 0.0 (5.0, 14.0, 69.0, 16.0) 0.585 [ACCEPT]
[LVL9] rsomenot79(A,B) :- some79(A,C) 0.198125 (7.0, 12.0, 71.0, 14.0) 0.7925 [ACCEPT]
[LVL9] BETTER RULE rsomenot79(A,B) :- some79(A,C) (0.198125, 7.0) > (0.18083333333333332, 6.0)
[LVL9] rsomenot79(A,B) :- some79(B,C) 0.260625 (8.0, 11.0, 72.0, 13.0) 0.834 [ACCEPT]
[LVL9] BETTER RULE rsomenot79(A,B) :- some79(B,C) (0.260625, 8.0) > (0.198125, 7.0)
[LVL9] rsomenot79(A,B) :- some79(C,A) 0.264166666667 (7.0, 8.0, 75.0, 14.0) 0.7925 [ACCEPT]
[LVL9] BETTER RULE rsomenot79(A,B) :- some79(C,A) (0.26416666666666666, 7.0) > (0.260625, 8.0)
[LVL9] rsomenot79(A,B) :- some79(C,B) 0.217 (6.0, 7.0, 76.0, 15.0) 0.723333333333 [ACCEPT]
[LVL9] rsomenot79(A,B) :- no79(B,C) 0.0 (5.0, 11.0, 72.0, 16.0) 0.585 [ACCEPT]
[LVL9] rsomenot79(A,B) :- no79(C,A) 0.0 (6.0, 11.0, 72.0, 15.0) 0.723333333333 [ACCEPT]
[LVL9] rsomenot79(A,B) :- no79(C,B) 0.0 (5.0, 12.0, 71.0, 16.0) 0.585 [ACCEPT]
[LVL9] rsomenot79(A,B) :- somenot79(A,C) 0.243846153846 (7.0, 9.0, 74.0, 14.0) 0.7925 [ACCEPT]
[LVL9] rsomenot79(A,B) :- somenot79(B,C) 0.320769230769 (8.0, 8.0, 75.0, 13.0) 0.834 [ACCEPT]
[LVL9] BETTER RULE rsomenot79(A,B) :- somenot79(B,C) (0.32076923076923075, 8.0) > (0.26416666666666666, 7.0)
[LVL9] rsomenot79(A,B) :- somenot79(C,A) 0.226428571429 (7.0, 10.0, 73.0, 14.0) 0.7925 [ACCEPT]
[LVL9] rsomenot79(A,B) :- somenot79(C,B) 0.180833333333 (6.0, 9.0, 74.0, 15.0) 0.723333333333 [ACCEPT]
[DEBUG] Best rule so far: rsomenot79(A,B) :- somenot79(B,C) [0.320769230769]
[DEBUG] Candidates for iteration 2:
[DEBUG] ==================================
[DEBUG] rsomenot79(A,B) :- somenot79(B,C) 0.320769230769
[DEBUG] rsomenot79(A,B) :- some79(C,A) 0.264166666667
[DEBUG] rsomenot79(A,B) :- some79(B,C) 0.260625
[DEBUG] rsomenot79(A,B) :- somenot79(A,C) 0.243846153846
[DEBUG] rsomenot79(A,B) :- somenot79(C,A) 0.226428571429
[DEBUG] rsomenot79(A,B) :- some79(C,B) 0.217
[DEBUG] rsomenot79(A,B) :- some79(A,C) 0.198125
[DEBUG] rsomenot79(A,B) :- all79(C,A) 0.180833333333
[DEBUG] rsomenot79(A,B) :- somenot79(C,B) 0.180833333333
[DEBUG] rsomenot79(A,B) :- all79(B,C) 0.0
[DEBUG] rsomenot79(A,B) :- no79(C,A) 0.0
[DEBUG] rsomenot79(A,B) :- all79(A,C) 0.0
[DEBUG] rsomenot79(A,B) :- all79(C,B) 0.0
[DEBUG] rsomenot79(A,B) :- no79(B,C) 0.0
[DEBUG] rsomenot79(A,B) :- no79(C,B) 0.0
[DEBUG] ==================================
[LVL9] rsomenot79(A,B) :- somenot79(B,C), all79(C,A) 0.39 (5.0, 1.0, 82.0, 16.0) 0.585 [ACCEPT]
[LVL9] BETTER RULE rsomenot79(A,B) :- somenot79(B,C), all79(C,A) (0.38999999999999996, 5.0) > (0.32076923076923075, 8.0)
[LVL9] rsomenot79(A,B) :- somenot79(B,C), all79(C,D) 0.39 (5.0, 1.0, 82.0, 16.0) 0.585 [ACCEPT]
[LVL9] rsomenot79(A,B) :- somenot79(B,C), all79(D,A) 0.39 (5.0, 1.0, 82.0, 16.0) 0.585 [ACCEPT]
[LVL9] rsomenot79(A,B) :- somenot79(B,C), some79(C,A) 0.585 (5.0, 0.0, 83.0, 16.0) 0.585 [REJECT* fp] 4.0
[LVL9] BETTER RULE rsomenot79(A,B) :- somenot79(B,C), some79(C,A) (0.585, 5.0) > (0.38999999999999996, 5.0)
[LVL9] rsomenot79(A,B) :- somenot79(B,C), \+all79(A,C) 0.3475 (8.0, 7.0, 76.0, 13.0) 0.834 [ACCEPT]
[LVL9] rsomenot79(A,B) :- somenot79(B,C), \+all79(C,A) 0.288181818182 (7.0, 7.0, 76.0, 14.0) 0.7925 [ACCEPT]
[LVL9] rsomenot79(A,B) :- somenot79(B,C), \+some79(A,C) 0.379090909091 (8.0, 6.0, 77.0, 13.0) 0.834 [ACCEPT]
[LVL9] rsomenot79(A,B) :- somenot79(B,C), \+no79(A,C) 0.379090909091 (8.0, 6.0, 77.0, 13.0) 0.834 [ACCEPT]
[LVL9] rsomenot79(A,B) :- somenot79(B,C), \+somenot79(A,C) 0.288181818182 (7.0, 7.0, 76.0, 14.0) 0.7925 [ACCEPT]
[LVL9] rsomenot79(A,B) :- somenot79(B,C), \+somenot79(C,A) 0.3475 (8.0, 7.0, 76.0, 13.0) 0.834 [ACCEPT]
[LVL9] rsomenot79(A,B) :- some79(C,A), \+all79(C,B) 0.317 (7.0, 6.0, 77.0, 14.0) 0.7925 [ACCEPT]
[LVL9] rsomenot79(A,B) :- some79(C,A), \+all79(B,C) 0.317 (7.0, 6.0, 77.0, 14.0) 0.7925 [ACCEPT]
[LVL9] rsomenot79(A,B) :- some79(C,A), \+some79(C,B) 0.217 (6.0, 7.0, 76.0, 15.0) 0.723333333333 [ACCEPT]
[LVL9] rsomenot79(A,B) :- some79(C,A), \+some79(B,C) 0.217 (6.0, 7.0, 76.0, 15.0) 0.723333333333 [ACCEPT]
[LVL9] rsomenot79(A,B) :- some79(C,A), \+no79(B,C) 0.288181818182 (7.0, 7.0, 76.0, 14.0) 0.7925 [ACCEPT]
[LVL9] rsomenot79(A,B) :- some79(C,A), \+somenot79(C,B) 0.288181818182 (7.0, 7.0, 76.0, 14.0) 0.7925 [ACCEPT]
[LVL9] rsomenot79(A,B) :- some79(B,C), \+all79(A,C) 0.297857142857 (8.0, 9.0, 74.0, 13.0) 0.834 [ACCEPT]
[LVL9] rsomenot79(A,B) :- some79(B,C), \+all79(C,A) 0.226428571429 (7.0, 10.0, 73.0, 14.0) 0.7925 [ACCEPT]
[LVL9] rsomenot79(A,B) :- some79(B,C), \+some79(A,C) 0.226428571429 (7.0, 10.0, 73.0, 14.0) 0.7925 [ACCEPT]
[LVL9] rsomenot79(A,B) :- some79(B,C), \+some79(C,A) 0.226428571429 (7.0, 10.0, 73.0, 14.0) 0.7925 [ACCEPT]
[LVL9] rsomenot79(A,B) :- some79(B,C), \+no79(A,C) 0.278 (8.0, 10.0, 73.0, 13.0) 0.834 [ACCEPT]
[LVL9] rsomenot79(A,B) :- some79(B,C), \+no79(C,A) 0.297857142857 (8.0, 9.0, 74.0, 13.0) 0.834 [ACCEPT]
[LVL9] rsomenot79(A,B) :- some79(B,C), \+somenot79(A,C) 0.297857142857 (8.0, 9.0, 74.0, 13.0) 0.834 [ACCEPT]
[LVL9] rsomenot79(A,B) :- some79(B,C), \+somenot79(C,A) 0.226428571429 (7.0, 10.0, 73.0, 14.0) 0.7925 [ACCEPT]
[LVL9] rsomenot79(A,B) :- somenot79(A,C), \+all79(C,B) 0.197272727273 (6.0, 8.0, 75.0, 15.0) 0.723333333333 [ACCEPT]
[LVL9] rsomenot79(A,B) :- somenot79(A,C), \+some79(C,B) 0.264166666667 (7.0, 8.0, 75.0, 14.0) 0.7925 [ACCEPT]
[LVL9] rsomenot79(A,B) :- somenot79(A,C), \+some79(B,C) 0.288181818182 (7.0, 7.0, 76.0, 14.0) 0.7925 [ACCEPT]
[LVL9] rsomenot79(A,B) :- somenot79(A,C), \+no79(C,B) 0.264166666667 (7.0, 8.0, 75.0, 14.0) 0.7925 [ACCEPT]
[LVL9] rsomenot79(A,B) :- somenot79(A,C), \+no79(B,C) 0.288181818182 (7.0, 7.0, 76.0, 14.0) 0.7925 [ACCEPT]
[LVL9] rsomenot79(A,B) :- somenot79(A,C), \+somenot79(C,B) 0.264166666667 (7.0, 8.0, 75.0, 14.0) 0.7925 [ACCEPT]
[LVL9] rsomenot79(A,B) :- somenot79(A,C), \+somenot79(B,C) 0.197272727273 (6.0, 8.0, 75.0, 15.0) 0.723333333333 [ACCEPT]
[LVL9] rsomenot79(A,B) :- somenot79(C,A), \+all79(C,B) 0.264166666667 (7.0, 8.0, 75.0, 14.0) 0.7925 [ACCEPT]
[LVL9] rsomenot79(A,B) :- somenot79(C,A), \+all79(B,C) 0.243846153846 (7.0, 9.0, 74.0, 14.0) 0.7925 [ACCEPT]
[LVL9] rsomenot79(A,B) :- somenot79(C,A), \+some79(C,B) 0.243846153846 (7.0, 9.0, 74.0, 14.0) 0.7925 [ACCEPT]
[LVL9] rsomenot79(A,B) :- somenot79(C,A), \+some79(B,C) 0.180833333333 (6.0, 9.0, 74.0, 15.0) 0.723333333333 [ACCEPT]
[LVL9] rsomenot79(A,B) :- somenot79(C,A), \+no79(C,B) 0.264166666667 (7.0, 8.0, 75.0, 14.0) 0.7925 [ACCEPT]
[LVL9] rsomenot79(A,B) :- somenot79(C,A), \+no79(B,C) 0.180833333333 (6.0, 9.0, 74.0, 15.0) 0.723333333333 [ACCEPT]
[LVL9] rsomenot79(A,B) :- somenot79(C,A), \+somenot79(C,B) 0.180833333333 (6.0, 9.0, 74.0, 15.0) 0.723333333333 [ACCEPT]
[LVL9] rsomenot79(A,B) :- somenot79(C,A), \+somenot79(B,C) 0.243846153846 (7.0, 9.0, 74.0, 14.0) 0.7925 [ACCEPT]
[LVL9] rsomenot79(A,B) :- some79(C,B), \+some79(A,C) 0.27125 (6.0, 5.0, 78.0, 15.0) 0.723333333333 [ACCEPT]
[LVL9] rsomenot79(A,B) :- some79(C,B), \+no79(A,C) 0.241111111111 (6.0, 6.0, 77.0, 15.0) 0.723333333333 [ACCEPT]
[LVL9] rsomenot79(A,B) :- some79(C,B), \+somenot79(A,C) 0.241111111111 (6.0, 6.0, 77.0, 15.0) 0.723333333333 [ACCEPT]
[LVL9] rsomenot79(A,B) :- some79(C,B), \+somenot79(C,A) 0.241111111111 (6.0, 6.0, 77.0, 15.0) 0.723333333333 [ACCEPT]
[LVL9] rsomenot79(A,B) :- some79(A,C), \+all79(C,B) 0.226428571429 (7.0, 10.0, 73.0, 14.0) 0.7925 [ACCEPT]
[LVL9] rsomenot79(A,B) :- some79(A,C), \+all79(B,C) 0.0 (6.0, 11.0, 72.0, 15.0) 0.723333333333 [ACCEPT]
[LVL9] rsomenot79(A,B) :- some79(A,C), \+some79(C,B) 0.226428571429 (7.0, 10.0, 73.0, 14.0) 0.7925 [ACCEPT]
[LVL9] rsomenot79(A,B) :- some79(A,C), \+some79(B,C) 0.0 (6.0, 11.0, 72.0, 15.0) 0.723333333333 [ACCEPT]
[LVL9] rsomenot79(A,B) :- some79(A,C), \+no79(C,B) 0.0 (6.0, 11.0, 72.0, 15.0) 0.723333333333 [ACCEPT]
[LVL9] rsomenot79(A,B) :- some79(A,C), \+no79(B,C) 0.211333333333 (7.0, 11.0, 72.0, 14.0) 0.7925 [ACCEPT]
[LVL9] rsomenot79(A,B) :- some79(A,C), \+somenot79(C,B) 0.226428571429 (7.0, 10.0, 73.0, 14.0) 0.7925 [ACCEPT]
[LVL9] rsomenot79(A,B) :- some79(A,C), \+somenot79(B,C) 0.226428571429 (7.0, 10.0, 73.0, 14.0) 0.7925 [ACCEPT]
[LVL9] rsomenot79(A,B) :- all79(C,A), \+all79(C,B) 0.217 (6.0, 7.0, 76.0, 15.0) 0.723333333333 [ACCEPT]
[LVL9] rsomenot79(A,B) :- all79(C,A), \+all79(B,C) 0.197272727273 (6.0, 8.0, 75.0, 15.0) 0.723333333333 [ACCEPT]
[LVL9] rsomenot79(A,B) :- all79(C,A), \+no79(C,B) 0.217 (6.0, 7.0, 76.0, 15.0) 0.723333333333 [ACCEPT]
[LVL9] rsomenot79(A,B) :- all79(C,A), \+no79(B,C) 0.217 (6.0, 7.0, 76.0, 15.0) 0.723333333333 [ACCEPT]
[LVL9] rsomenot79(A,B) :- somenot79(C,B), \+all79(A,C) 0.197272727273 (6.0, 8.0, 75.0, 15.0) 0.723333333333 [ACCEPT]
[LVL9] rsomenot79(A,B) :- somenot79(C,B), \+some79(A,C) 0.217 (6.0, 7.0, 76.0, 15.0) 0.723333333333 [ACCEPT]
[LVL9] rsomenot79(A,B) :- somenot79(C,B), \+some79(C,A) 0.197272727273 (6.0, 8.0, 75.0, 15.0) 0.723333333333 [ACCEPT]
[LVL9] rsomenot79(A,B) :- somenot79(C,B), \+no79(A,C) 0.217 (6.0, 7.0, 76.0, 15.0) 0.723333333333 [ACCEPT]
[LVL9] rsomenot79(A,B) :- somenot79(C,B), \+somenot79(A,C) 0.197272727273 (6.0, 8.0, 75.0, 15.0) 0.723333333333 [ACCEPT]
[LVL9] rsomenot79(A,B) :- all79(B,C), \+all79(A,C) 0.180833333333 (6.0, 9.0, 74.0, 15.0) 0.723333333333 [ACCEPT]
[LVL9] rsomenot79(A,B) :- all79(B,C), \+all79(C,A) 0.0 (6.0, 10.0, 73.0, 15.0) 0.723333333333 [ACCEPT]
[LVL9] rsomenot79(A,B) :- all79(B,C), \+some79(C,A) 0.180833333333 (6.0, 9.0, 74.0, 15.0) 0.723333333333 [ACCEPT]
[LVL9] rsomenot79(A,B) :- all79(B,C), \+no79(A,C) 0.180833333333 (6.0, 9.0, 74.0, 15.0) 0.723333333333 [ACCEPT]
[LVL9] rsomenot79(A,B) :- all79(B,C), \+no79(C,A) 0.180833333333 (6.0, 9.0, 74.0, 15.0) 0.723333333333 [ACCEPT]
[LVL9] rsomenot79(A,B) :- all79(B,C), \+somenot79(C,A) 0.0 (6.0, 10.0, 73.0, 15.0) 0.723333333333 [ACCEPT]
[LVL9] rsomenot79(A,B) :- no79(C,A), \+all79(C,B) 0.180833333333 (6.0, 9.0, 74.0, 15.0) 0.723333333333 [ACCEPT]
[LVL9] rsomenot79(A,B) :- no79(C,A), \+all79(B,C) 0.180833333333 (6.0, 9.0, 74.0, 15.0) 0.723333333333 [ACCEPT]
[LVL9] rsomenot79(A,B) :- no79(C,A), \+some79(B,C) 0.180833333333 (6.0, 9.0, 74.0, 15.0) 0.723333333333 [ACCEPT]
[LVL9] rsomenot79(A,B) :- no79(C,A), \+no79(C,B) 0.180833333333 (6.0, 9.0, 74.0, 15.0) 0.723333333333 [ACCEPT]
[LVL9] rsomenot79(A,B) :- no79(C,A), \+no79(B,C) 0.180833333333 (6.0, 9.0, 74.0, 15.0) 0.723333333333 [ACCEPT]
[DEBUG] Best rule so far: rsomenot79(A,B) :- somenot79(B,C), some79(C,A) [0.585]
[DEBUG] Candidates for iteration 3:
[DEBUG] ==================================
[DEBUG] rsomenot79(A,B) :- somenot79(B,C), all79(C,A) 0.39
[DEBUG] rsomenot79(A,B) :- somenot79(B,C), all79(C,D) 0.39
[DEBUG] rsomenot79(A,B) :- somenot79(B,C), all79(D,A) 0.39
[DEBUG] rsomenot79(A,B) :- somenot79(B,C), \+some79(A,C) 0.379090909091
[DEBUG] rsomenot79(A,B) :- somenot79(B,C), \+no79(A,C) 0.379090909091
[DEBUG] rsomenot79(A,B) :- somenot79(B,C), \+all79(A,C) 0.3475
[DEBUG] rsomenot79(A,B) :- somenot79(B,C), \+somenot79(C,A) 0.3475
[DEBUG] rsomenot79(A,B) :- some79(C,A), \+all79(C,B) 0.317
[DEBUG] rsomenot79(A,B) :- some79(C,A), \+all79(B,C) 0.317
[DEBUG] rsomenot79(A,B) :- some79(B,C), \+all79(A,C) 0.297857142857
[DEBUG] rsomenot79(A,B) :- some79(B,C), \+no79(C,A) 0.297857142857
[DEBUG] rsomenot79(A,B) :- some79(B,C), \+somenot79(A,C) 0.297857142857
[DEBUG] rsomenot79(A,B) :- somenot79(B,C), \+all79(C,A) 0.288181818182
[DEBUG] rsomenot79(A,B) :- somenot79(B,C), \+somenot79(A,C) 0.288181818182
[DEBUG] rsomenot79(A,B) :- some79(C,A), \+no79(B,C) 0.288181818182
[DEBUG] rsomenot79(A,B) :- some79(C,A), \+somenot79(C,B) 0.288181818182
[DEBUG] rsomenot79(A,B) :- somenot79(A,C), \+some79(B,C) 0.288181818182
[DEBUG] rsomenot79(A,B) :- somenot79(A,C), \+no79(B,C) 0.288181818182
[DEBUG] rsomenot79(A,B) :- some79(B,C), \+no79(A,C) 0.278
[DEBUG] rsomenot79(A,B) :- some79(C,B), \+some79(A,C) 0.27125
[DEBUG] rsomenot79(A,B) :- somenot79(A,C), \+some79(C,B) 0.264166666667
[DEBUG] rsomenot79(A,B) :- somenot79(A,C), \+no79(C,B) 0.264166666667
[DEBUG] rsomenot79(A,B) :- somenot79(A,C), \+somenot79(C,B) 0.264166666667
[DEBUG] rsomenot79(A,B) :- somenot79(C,A), \+all79(C,B) 0.264166666667
[DEBUG] rsomenot79(A,B) :- somenot79(C,A), \+no79(C,B) 0.264166666667
[DEBUG] rsomenot79(A,B) :- somenot79(C,A), \+all79(B,C) 0.243846153846
[DEBUG] rsomenot79(A,B) :- somenot79(C,A), \+some79(C,B) 0.243846153846
[DEBUG] rsomenot79(A,B) :- somenot79(C,A), \+somenot79(B,C) 0.243846153846
[DEBUG] rsomenot79(A,B) :- some79(C,B), \+no79(A,C) 0.241111111111
[DEBUG] rsomenot79(A,B) :- some79(C,B), \+somenot79(A,C) 0.241111111111
[DEBUG] rsomenot79(A,B) :- some79(C,B), \+somenot79(C,A) 0.241111111111
[DEBUG] rsomenot79(A,B) :- some79(B,C), \+all79(C,A) 0.226428571429
[DEBUG] rsomenot79(A,B) :- some79(B,C), \+some79(A,C) 0.226428571429
[DEBUG] rsomenot79(A,B) :- some79(B,C), \+some79(C,A) 0.226428571429
[DEBUG] rsomenot79(A,B) :- some79(B,C), \+somenot79(C,A) 0.226428571429
[DEBUG] rsomenot79(A,B) :- some79(A,C), \+all79(C,B) 0.226428571429
[DEBUG] rsomenot79(A,B) :- some79(A,C), \+some79(C,B) 0.226428571429
[DEBUG] rsomenot79(A,B) :- some79(A,C), \+somenot79(C,B) 0.226428571429
[DEBUG] rsomenot79(A,B) :- some79(A,C), \+somenot79(B,C) 0.226428571429
[DEBUG] rsomenot79(A,B) :- some79(C,A), \+some79(C,B) 0.217
[DEBUG] rsomenot79(A,B) :- some79(C,A), \+some79(B,C) 0.217
[DEBUG] rsomenot79(A,B) :- all79(C,A), \+all79(C,B) 0.217
[DEBUG] rsomenot79(A,B) :- all79(C,A), \+no79(C,B) 0.217
[DEBUG] rsomenot79(A,B) :- all79(C,A), \+no79(B,C) 0.217
[DEBUG] rsomenot79(A,B) :- somenot79(C,B), \+some79(A,C) 0.217
[DEBUG] rsomenot79(A,B) :- somenot79(C,B), \+no79(A,C) 0.217
[DEBUG] rsomenot79(A,B) :- some79(A,C), \+no79(B,C) 0.211333333333
[DEBUG] rsomenot79(A,B) :- somenot79(A,C), \+all79(C,B) 0.197272727273
[DEBUG] rsomenot79(A,B) :- somenot79(A,C), \+somenot79(B,C) 0.197272727273
[DEBUG] rsomenot79(A,B) :- all79(C,A), \+all79(B,C) 0.197272727273
[DEBUG] rsomenot79(A,B) :- somenot79(C,B), \+all79(A,C) 0.197272727273
[DEBUG] rsomenot79(A,B) :- somenot79(C,B), \+some79(C,A) 0.197272727273
[DEBUG] rsomenot79(A,B) :- somenot79(C,B), \+somenot79(A,C) 0.197272727273
[DEBUG] rsomenot79(A,B) :- somenot79(C,A), \+some79(B,C) 0.180833333333
[DEBUG] rsomenot79(A,B) :- somenot79(C,A), \+no79(B,C) 0.180833333333
[DEBUG] rsomenot79(A,B) :- somenot79(C,A), \+somenot79(C,B) 0.180833333333
[DEBUG] rsomenot79(A,B) :- all79(B,C), \+all79(A,C) 0.180833333333
[DEBUG] rsomenot79(A,B) :- all79(B,C), \+some79(C,A) 0.180833333333
[DEBUG] rsomenot79(A,B) :- all79(B,C), \+no79(A,C) 0.180833333333
[DEBUG] rsomenot79(A,B) :- all79(B,C), \+no79(C,A) 0.180833333333
[DEBUG] rsomenot79(A,B) :- no79(C,A), \+all79(C,B) 0.180833333333
[DEBUG] rsomenot79(A,B) :- no79(C,A), \+all79(B,C) 0.180833333333
[DEBUG] rsomenot79(A,B) :- no79(C,A), \+some79(B,C) 0.180833333333
[DEBUG] rsomenot79(A,B) :- no79(C,A), \+no79(C,B) 0.180833333333
[DEBUG] rsomenot79(A,B) :- no79(C,A), \+no79(B,C) 0.180833333333
[DEBUG] rsomenot79(A,B) :- some79(A,C), \+all79(B,C) 0.0
[DEBUG] rsomenot79(A,B) :- some79(A,C), \+some79(B,C) 0.0
[DEBUG] rsomenot79(A,B) :- some79(A,C), \+no79(C,B) 0.0
[DEBUG] rsomenot79(A,B) :- all79(B,C), \+all79(C,A) 0.0
[DEBUG] rsomenot79(A,B) :- all79(B,C), \+somenot79(C,A) 0.0
[DEBUG] ==================================
[INFO] RULE LEARNED: rsomenot79(A,B) :- somenot79(B,C), some79(C,A) 0.846153846154
[DEBUG] Best rule so far: rsomenot79(A,B) :- true [0.161616161616]
[DEBUG] Candidates for iteration 1:
[DEBUG] ==================================
[DEBUG] rsomenot79(A,B) :- true 0.161616161616
[DEBUG] ==================================
[LVL9] rsomenot79(A,B) :- all79(A,C) 0.0 (6.0, 12.0, 71.0, 15.0) 0.580808080808 [ACCEPT]
[LVL9] rsomenot79(A,B) :- all79(B,C) 0.0 (7.0, 11.0, 72.0, 14.0) 0.720538720539 [ACCEPT]
[LVL9] rsomenot79(A,B) :- all79(C,A) 0.180134680135 (7.0, 9.0, 74.0, 14.0) 0.720538720539 [ACCEPT]
[LVL9] BETTER RULE rsomenot79(A,B) :- all79(C,A) (0.18013468013468015, 7.0) > (0.16161616161616163, 21.0)
[LVL9] rsomenot79(A,B) :- all79(C,B) 0.0 (6.0, 14.0, 69.0, 15.0) 0.580808080808 [ACCEPT]
[LVL9] rsomenot79(A,B) :- some79(A,C) 0.197601010101 (8.0, 12.0, 71.0, 13.0) 0.790404040404 [ACCEPT]
[LVL9] BETTER RULE rsomenot79(A,B) :- some79(A,C) (0.1976010101010101, 8.0) > (0.18013468013468015, 7.0)
[LVL9] rsomenot79(A,B) :- some79(B,C) 0.260101010101 (9.0, 11.0, 72.0, 12.0) 0.832323232323 [ACCEPT]
[LVL9] BETTER RULE rsomenot79(A,B) :- some79(B,C) (0.2601010101010101, 9.0) > (0.1976010101010101, 8.0)
[LVL9] rsomenot79(A,B) :- some79(C,A) 0.196510560147 (7.0, 8.0, 75.0, 14.0) 0.720538720539 [ACCEPT]
[LVL9] rsomenot79(A,B) :- some79(C,B) 0.216161616162 (7.0, 7.0, 76.0, 14.0) 0.720538720539 [ACCEPT]
[LVL9] rsomenot79(A,B) :- no79(B,C) 0.0 (6.0, 11.0, 72.0, 15.0) 0.580808080808 [ACCEPT]
[LVL9] rsomenot79(A,B) :- no79(C,A) 0.0 (7.0, 11.0, 72.0, 14.0) 0.720538720539 [ACCEPT]
[LVL9] rsomenot79(A,B) :- no79(C,B) 0.0 (6.0, 12.0, 71.0, 15.0) 0.580808080808 [ACCEPT]
[LVL9] rsomenot79(A,B) :- somenot79(A,C) 0.243201243201 (8.0, 9.0, 74.0, 13.0) 0.790404040404 [ACCEPT]
[LVL9] rsomenot79(A,B) :- somenot79(B,C) 0.263468013468 (8.0, 8.0, 75.0, 13.0) 0.790404040404 [ACCEPT]
[LVL9] BETTER RULE rsomenot79(A,B) :- somenot79(B,C) (0.26346801346801346, 8.0) > (0.2601010101010101, 9.0)
[LVL9] rsomenot79(A,B) :- somenot79(C,A) 0.22582972583 (8.0, 10.0, 73.0, 13.0) 0.790404040404 [ACCEPT]
[LVL9] rsomenot79(A,B) :- somenot79(C,B) 0.180134680135 (7.0, 9.0, 74.0, 14.0) 0.720538720539 [ACCEPT]
[DEBUG] Best rule so far: rsomenot79(A,B) :- somenot79(B,C) [0.263468013468]
[DEBUG] Candidates for iteration 2:
[DEBUG] ==================================
[DEBUG] rsomenot79(A,B) :- somenot79(B,C) 0.263468013468
[DEBUG] rsomenot79(A,B) :- some79(B,C) 0.260101010101
[DEBUG] rsomenot79(A,B) :- somenot79(A,C) 0.243201243201
[DEBUG] rsomenot79(A,B) :- somenot79(C,A) 0.22582972583
[DEBUG] rsomenot79(A,B) :- some79(C,B) 0.216161616162
[DEBUG] rsomenot79(A,B) :- some79(A,C) 0.197601010101
[DEBUG] rsomenot79(A,B) :- some79(C,A) 0.196510560147
[DEBUG] rsomenot79(A,B) :- all79(C,A) 0.180134680135
[DEBUG] rsomenot79(A,B) :- somenot79(C,B) 0.180134680135
[DEBUG] rsomenot79(A,B) :- all79(B,C) 0.0
[DEBUG] rsomenot79(A,B) :- no79(C,A) 0.0
[DEBUG] rsomenot79(A,B) :- all79(A,C) 0.0
[DEBUG] rsomenot79(A,B) :- all79(C,B) 0.0
[DEBUG] rsomenot79(A,B) :- no79(B,C) 0.0
[DEBUG] rsomenot79(A,B) :- no79(C,B) 0.0
[DEBUG] ==================================
[LVL9] rsomenot79(A,B) :- somenot79(B,C), all79(C,A) 0.387205387205 (6.0, 1.0, 82.0, 15.0) 0.580808080808 [ACCEPT]
[LVL9] BETTER RULE rsomenot79(A,B) :- somenot79(B,C), all79(C,A) (0.38720538720538716, 6.0) > (0.26346801346801346, 8.0)
[LVL9] rsomenot79(A,B) :- somenot79(B,C), all79(C,D) 0.387205387205 (6.0, 1.0, 82.0, 15.0) 0.580808080808 [ACCEPT]
[LVL9] rsomenot79(A,B) :- somenot79(B,C), all79(D,A) 0.387205387205 (6.0, 1.0, 82.0, 15.0) 0.580808080808 [ACCEPT]
[LVL9] rsomenot79(A,B) :- somenot79(B,C), no79(C,A) 0.580808080808 (6.0, 0.0, 83.0, 15.0) 0.580808080808 [REJECT* fp] 5.0
[LVL9] BETTER RULE rsomenot79(A,B) :- somenot79(B,C), no79(C,A) (0.5808080808080808, 6.0) > (0.38720538720538716, 6.0)
[LVL9] rsomenot79(A,B) :- somenot79(B,C), \+all79(A,C) 0.287419651056 (8.0, 7.0, 76.0, 13.0) 0.790404040404 [ACCEPT]
[LVL9] rsomenot79(A,B) :- somenot79(B,C), \+all79(C,A) 0.216161616162 (7.0, 7.0, 76.0, 14.0) 0.720538720539 [ACCEPT]
[LVL9] rsomenot79(A,B) :- somenot79(B,C), \+some79(A,C) 0.316161616162 (8.0, 6.0, 77.0, 13.0) 0.790404040404 [ACCEPT]
[LVL9] rsomenot79(A,B) :- somenot79(B,C), \+no79(A,C) 0.316161616162 (8.0, 6.0, 77.0, 13.0) 0.790404040404 [ACCEPT]
[LVL9] rsomenot79(A,B) :- somenot79(B,C), \+somenot79(A,C) 0.216161616162 (7.0, 7.0, 76.0, 14.0) 0.720538720539 [ACCEPT]
[LVL9] rsomenot79(A,B) :- somenot79(B,C), \+somenot79(C,A) 0.287419651056 (8.0, 7.0, 76.0, 13.0) 0.790404040404 [ACCEPT]
[LVL9] rsomenot79(A,B) :- some79(B,C), \+all79(A,C) 0.297258297258 (9.0, 9.0, 74.0, 12.0) 0.832323232323 [ACCEPT]
[LVL9] rsomenot79(A,B) :- some79(B,C), \+all79(C,A) 0.22582972583 (8.0, 10.0, 73.0, 13.0) 0.790404040404 [ACCEPT]
[LVL9] rsomenot79(A,B) :- some79(B,C), \+some79(A,C) 0.22582972583 (8.0, 10.0, 73.0, 13.0) 0.790404040404 [ACCEPT]
[LVL9] rsomenot79(A,B) :- some79(B,C), \+some79(C,A) 0.22582972583 (8.0, 10.0, 73.0, 13.0) 0.790404040404 [ACCEPT]
[LVL9] rsomenot79(A,B) :- some79(B,C), \+no79(A,C) 0.277441077441 (9.0, 10.0, 73.0, 12.0) 0.832323232323 [ACCEPT]
[LVL9] rsomenot79(A,B) :- some79(B,C), \+no79(C,A) 0.297258297258 (9.0, 9.0, 74.0, 12.0) 0.832323232323 [ACCEPT]
[LVL9] rsomenot79(A,B) :- some79(B,C), \+somenot79(A,C) 0.297258297258 (9.0, 9.0, 74.0, 12.0) 0.832323232323 [ACCEPT]
[LVL9] rsomenot79(A,B) :- some79(B,C), \+somenot79(C,A) 0.22582972583 (8.0, 10.0, 73.0, 13.0) 0.790404040404 [ACCEPT]
[LVL9] rsomenot79(A,B) :- somenot79(A,C), \+all79(C,B) 0.196510560147 (7.0, 8.0, 75.0, 14.0) 0.720538720539 [ACCEPT]
[LVL9] rsomenot79(A,B) :- somenot79(A,C), \+some79(C,B) 0.263468013468 (8.0, 8.0, 75.0, 13.0) 0.790404040404 [ACCEPT]
[LVL9] rsomenot79(A,B) :- somenot79(A,C), \+some79(B,C) 0.287419651056 (8.0, 7.0, 76.0, 13.0) 0.790404040404 [ACCEPT]
[LVL9] rsomenot79(A,B) :- somenot79(A,C), \+no79(C,B) 0.263468013468 (8.0, 8.0, 75.0, 13.0) 0.790404040404 [ACCEPT]
[LVL9] rsomenot79(A,B) :- somenot79(A,C), \+no79(B,C) 0.287419651056 (8.0, 7.0, 76.0, 13.0) 0.790404040404 [ACCEPT]
[LVL9] rsomenot79(A,B) :- somenot79(A,C), \+somenot79(C,B) 0.263468013468 (8.0, 8.0, 75.0, 13.0) 0.790404040404 [ACCEPT]
[LVL9] rsomenot79(A,B) :- somenot79(A,C), \+somenot79(B,C) 0.196510560147 (7.0, 8.0, 75.0, 14.0) 0.720538720539 [ACCEPT]
[LVL9] rsomenot79(A,B) :- somenot79(C,A), \+all79(C,B) 0.263468013468 (8.0, 8.0, 75.0, 13.0) 0.790404040404 [ACCEPT]
[LVL9] rsomenot79(A,B) :- somenot79(C,A), \+all79(B,C) 0.243201243201 (8.0, 9.0, 74.0, 13.0) 0.790404040404 [ACCEPT]
[LVL9] rsomenot79(A,B) :- somenot79(C,A), \+some79(C,B) 0.243201243201 (8.0, 9.0, 74.0, 13.0) 0.790404040404 [ACCEPT]
[LVL9] rsomenot79(A,B) :- somenot79(C,A), \+some79(B,C) 0.180134680135 (7.0, 9.0, 74.0, 14.0) 0.720538720539 [ACCEPT]
[LVL9] rsomenot79(A,B) :- somenot79(C,A), \+no79(C,B) 0.263468013468 (8.0, 8.0, 75.0, 13.0) 0.790404040404 [ACCEPT]
[LVL9] rsomenot79(A,B) :- somenot79(C,A), \+no79(B,C) 0.180134680135 (7.0, 9.0, 74.0, 14.0) 0.720538720539 [ACCEPT]
[LVL9] rsomenot79(A,B) :- somenot79(C,A), \+somenot79(C,B) 0.180134680135 (7.0, 9.0, 74.0, 14.0) 0.720538720539 [ACCEPT]
[LVL9] rsomenot79(A,B) :- somenot79(C,A), \+somenot79(B,C) 0.243201243201 (8.0, 9.0, 74.0, 13.0) 0.790404040404 [ACCEPT]
[LVL9] rsomenot79(A,B) :- some79(C,B), \+some79(A,C) 0.270202020202 (7.0, 5.0, 78.0, 14.0) 0.720538720539 [ACCEPT]
[LVL9] rsomenot79(A,B) :- some79(C,B), \+no79(A,C) 0.240179573513 (7.0, 6.0, 77.0, 14.0) 0.720538720539 [ACCEPT]
[LVL9] rsomenot79(A,B) :- some79(C,B), \+somenot79(A,C) 0.240179573513 (7.0, 6.0, 77.0, 14.0) 0.720538720539 [ACCEPT]
[LVL9] rsomenot79(A,B) :- some79(C,B), \+somenot79(C,A) 0.240179573513 (7.0, 6.0, 77.0, 14.0) 0.720538720539 [ACCEPT]
[LVL9] rsomenot79(A,B) :- some79(A,C), \+all79(C,B) 0.22582972583 (8.0, 10.0, 73.0, 13.0) 0.790404040404 [ACCEPT]
[LVL9] rsomenot79(A,B) :- some79(A,C), \+all79(B,C) 0.0 (7.0, 11.0, 72.0, 14.0) 0.720538720539 [ACCEPT]
[LVL9] rsomenot79(A,B) :- some79(A,C), \+some79(C,B) 0.22582972583 (8.0, 10.0, 73.0, 13.0) 0.790404040404 [ACCEPT]
[LVL9] rsomenot79(A,B) :- some79(A,C), \+some79(B,C) 0.0 (7.0, 11.0, 72.0, 14.0) 0.720538720539 [ACCEPT]
[LVL9] rsomenot79(A,B) :- some79(A,C), \+no79(C,B) 0.0 (7.0, 11.0, 72.0, 14.0) 0.720538720539 [ACCEPT]
[LVL9] rsomenot79(A,B) :- some79(A,C), \+no79(B,C) 0.210774410774 (8.0, 11.0, 72.0, 13.0) 0.790404040404 [ACCEPT]
[LVL9] rsomenot79(A,B) :- some79(A,C), \+somenot79(C,B) 0.22582972583 (8.0, 10.0, 73.0, 13.0) 0.790404040404 [ACCEPT]
[LVL9] rsomenot79(A,B) :- some79(A,C), \+somenot79(B,C) 0.22582972583 (8.0, 10.0, 73.0, 13.0) 0.790404040404 [ACCEPT]
[LVL9] rsomenot79(A,B) :- some79(C,A), \+all79(C,B) 0.240179573513 (7.0, 6.0, 77.0, 14.0) 0.720538720539 [ACCEPT]
[LVL9] rsomenot79(A,B) :- some79(C,A), \+all79(B,C) 0.240179573513 (7.0, 6.0, 77.0, 14.0) 0.720538720539 [ACCEPT]
[LVL9] rsomenot79(A,B) :- some79(C,A), \+no79(B,C) 0.216161616162 (7.0, 7.0, 76.0, 14.0) 0.720538720539 [ACCEPT]
[LVL9] rsomenot79(A,B) :- some79(C,A), \+somenot79(C,B) 0.216161616162 (7.0, 7.0, 76.0, 14.0) 0.720538720539 [ACCEPT]
[LVL9] rsomenot79(A,B) :- all79(C,A), \+all79(C,B) 0.216161616162 (7.0, 7.0, 76.0, 14.0) 0.720538720539 [ACCEPT]
[LVL9] rsomenot79(A,B) :- all79(C,A), \+all79(B,C) 0.196510560147 (7.0, 8.0, 75.0, 14.0) 0.720538720539 [ACCEPT]
[LVL9] rsomenot79(A,B) :- all79(C,A), \+no79(C,B) 0.216161616162 (7.0, 7.0, 76.0, 14.0) 0.720538720539 [ACCEPT]
[LVL9] rsomenot79(A,B) :- all79(C,A), \+no79(B,C) 0.216161616162 (7.0, 7.0, 76.0, 14.0) 0.720538720539 [ACCEPT]
[LVL9] rsomenot79(A,B) :- somenot79(C,B), \+all79(A,C) 0.196510560147 (7.0, 8.0, 75.0, 14.0) 0.720538720539 [ACCEPT]
[LVL9] rsomenot79(A,B) :- somenot79(C,B), \+some79(A,C) 0.216161616162 (7.0, 7.0, 76.0, 14.0) 0.720538720539 [ACCEPT]
[LVL9] rsomenot79(A,B) :- somenot79(C,B), \+some79(C,A) 0.196510560147 (7.0, 8.0, 75.0, 14.0) 0.720538720539 [ACCEPT]
[LVL9] rsomenot79(A,B) :- somenot79(C,B), \+no79(A,C) 0.216161616162 (7.0, 7.0, 76.0, 14.0) 0.720538720539 [ACCEPT]
[LVL9] rsomenot79(A,B) :- somenot79(C,B), \+somenot79(A,C) 0.196510560147 (7.0, 8.0, 75.0, 14.0) 0.720538720539 [ACCEPT]
[LVL9] rsomenot79(A,B) :- all79(B,C), \+all79(A,C) 0.180134680135 (7.0, 9.0, 74.0, 14.0) 0.720538720539 [ACCEPT]
[LVL9] rsomenot79(A,B) :- all79(B,C), \+all79(C,A) 0.166278166278 (7.0, 10.0, 73.0, 14.0) 0.720538720539 [ACCEPT]
[LVL9] rsomenot79(A,B) :- all79(B,C), \+some79(C,A) 0.180134680135 (7.0, 9.0, 74.0, 14.0) 0.720538720539 [ACCEPT]
[LVL9] rsomenot79(A,B) :- all79(B,C), \+no79(A,C) 0.180134680135 (7.0, 9.0, 74.0, 14.0) 0.720538720539 [ACCEPT]
[LVL9] rsomenot79(A,B) :- all79(B,C), \+no79(C,A) 0.180134680135 (7.0, 9.0, 74.0, 14.0) 0.720538720539 [ACCEPT]
[LVL9] rsomenot79(A,B) :- all79(B,C), \+somenot79(C,A) 0.166278166278 (7.0, 10.0, 73.0, 14.0) 0.720538720539 [ACCEPT]
[LVL9] rsomenot79(A,B) :- no79(C,A), \+all79(C,B) 0.180134680135 (7.0, 9.0, 74.0, 14.0) 0.720538720539 [ACCEPT]
[LVL9] rsomenot79(A,B) :- no79(C,A), \+all79(B,C) 0.180134680135 (7.0, 9.0, 74.0, 14.0) 0.720538720539 [ACCEPT]
[LVL9] rsomenot79(A,B) :- no79(C,A), \+some79(B,C) 0.180134680135 (7.0, 9.0, 74.0, 14.0) 0.720538720539 [ACCEPT]
[LVL9] rsomenot79(A,B) :- no79(C,A), \+no79(C,B) 0.180134680135 (7.0, 9.0, 74.0, 14.0) 0.720538720539 [ACCEPT]
[LVL9] rsomenot79(A,B) :- no79(C,A), \+no79(B,C) 0.180134680135 (7.0, 9.0, 74.0, 14.0) 0.720538720539 [ACCEPT]
[DEBUG] Best rule so far: rsomenot79(A,B) :- somenot79(B,C), no79(C,A) [0.580808080808]
[DEBUG] Candidates for iteration 3:
[DEBUG] ==================================
[DEBUG] rsomenot79(A,B) :- somenot79(B,C), all79(C,A) 0.387205387205
[DEBUG] rsomenot79(A,B) :- somenot79(B,C), all79(C,D) 0.387205387205
[DEBUG] rsomenot79(A,B) :- somenot79(B,C), all79(D,A) 0.387205387205
[DEBUG] rsomenot79(A,B) :- somenot79(B,C), \+some79(A,C) 0.316161616162
[DEBUG] rsomenot79(A,B) :- somenot79(B,C), \+no79(A,C) 0.316161616162
[DEBUG] rsomenot79(A,B) :- some79(B,C), \+all79(A,C) 0.297258297258
[DEBUG] rsomenot79(A,B) :- some79(B,C), \+no79(C,A) 0.297258297258
[DEBUG] rsomenot79(A,B) :- some79(B,C), \+somenot79(A,C) 0.297258297258
[DEBUG] rsomenot79(A,B) :- somenot79(B,C), \+all79(A,C) 0.287419651056
[DEBUG] rsomenot79(A,B) :- somenot79(B,C), \+somenot79(C,A) 0.287419651056
[DEBUG] rsomenot79(A,B) :- somenot79(A,C), \+some79(B,C) 0.287419651056
[DEBUG] rsomenot79(A,B) :- somenot79(A,C), \+no79(B,C) 0.287419651056
[DEBUG] rsomenot79(A,B) :- some79(B,C), \+no79(A,C) 0.277441077441
[DEBUG] rsomenot79(A,B) :- some79(C,B), \+some79(A,C) 0.270202020202
[DEBUG] rsomenot79(A,B) :- somenot79(A,C), \+some79(C,B) 0.263468013468
[DEBUG] rsomenot79(A,B) :- somenot79(A,C), \+no79(C,B) 0.263468013468
[DEBUG] rsomenot79(A,B) :- somenot79(A,C), \+somenot79(C,B) 0.263468013468
[DEBUG] rsomenot79(A,B) :- somenot79(C,A), \+all79(C,B) 0.263468013468
[DEBUG] rsomenot79(A,B) :- somenot79(C,A), \+no79(C,B) 0.263468013468
[DEBUG] rsomenot79(A,B) :- somenot79(C,A), \+all79(B,C) 0.243201243201
[DEBUG] rsomenot79(A,B) :- somenot79(C,A), \+some79(C,B) 0.243201243201
[DEBUG] rsomenot79(A,B) :- somenot79(C,A), \+somenot79(B,C) 0.243201243201
[DEBUG] rsomenot79(A,B) :- some79(C,B), \+no79(A,C) 0.240179573513
[DEBUG] rsomenot79(A,B) :- some79(C,B), \+somenot79(A,C) 0.240179573513
[DEBUG] rsomenot79(A,B) :- some79(C,B), \+somenot79(C,A) 0.240179573513
[DEBUG] rsomenot79(A,B) :- some79(C,A), \+all79(C,B) 0.240179573513
[DEBUG] rsomenot79(A,B) :- some79(C,A), \+all79(B,C) 0.240179573513
[DEBUG] rsomenot79(A,B) :- some79(B,C), \+all79(C,A) 0.22582972583
[DEBUG] rsomenot79(A,B) :- some79(B,C), \+some79(A,C) 0.22582972583
[DEBUG] rsomenot79(A,B) :- some79(B,C), \+some79(C,A) 0.22582972583
[DEBUG] rsomenot79(A,B) :- some79(B,C), \+somenot79(C,A) 0.22582972583
[DEBUG] rsomenot79(A,B) :- some79(A,C), \+all79(C,B) 0.22582972583
[DEBUG] rsomenot79(A,B) :- some79(A,C), \+some79(C,B) 0.22582972583
[DEBUG] rsomenot79(A,B) :- some79(A,C), \+somenot79(C,B) 0.22582972583
[DEBUG] rsomenot79(A,B) :- some79(A,C), \+somenot79(B,C) 0.22582972583
[DEBUG] rsomenot79(A,B) :- somenot79(B,C), \+all79(C,A) 0.216161616162
[DEBUG] rsomenot79(A,B) :- somenot79(B,C), \+somenot79(A,C) 0.216161616162
[DEBUG] rsomenot79(A,B) :- some79(C,A), \+no79(B,C) 0.216161616162
[DEBUG] rsomenot79(A,B) :- some79(C,A), \+somenot79(C,B) 0.216161616162
[DEBUG] rsomenot79(A,B) :- all79(C,A), \+all79(C,B) 0.216161616162
[DEBUG] rsomenot79(A,B) :- all79(C,A), \+no79(C,B) 0.216161616162
[DEBUG] rsomenot79(A,B) :- all79(C,A), \+no79(B,C) 0.216161616162
[DEBUG] rsomenot79(A,B) :- somenot79(C,B), \+some79(A,C) 0.216161616162
[DEBUG] rsomenot79(A,B) :- somenot79(C,B), \+no79(A,C) 0.216161616162
[DEBUG] rsomenot79(A,B) :- some79(A,C), \+no79(B,C) 0.210774410774
[DEBUG] rsomenot79(A,B) :- somenot79(A,C), \+all79(C,B) 0.196510560147
[DEBUG] rsomenot79(A,B) :- somenot79(A,C), \+somenot79(B,C) 0.196510560147
[DEBUG] rsomenot79(A,B) :- all79(C,A), \+all79(B,C) 0.196510560147
[DEBUG] rsomenot79(A,B) :- somenot79(C,B), \+all79(A,C) 0.196510560147
[DEBUG] rsomenot79(A,B) :- somenot79(C,B), \+some79(C,A) 0.196510560147
[DEBUG] rsomenot79(A,B) :- somenot79(C,B), \+somenot79(A,C) 0.196510560147
[DEBUG] rsomenot79(A,B) :- somenot79(C,A), \+some79(B,C) 0.180134680135
[DEBUG] rsomenot79(A,B) :- somenot79(C,A), \+no79(B,C) 0.180134680135
[DEBUG] rsomenot79(A,B) :- somenot79(C,A), \+somenot79(C,B) 0.180134680135
[DEBUG] rsomenot79(A,B) :- all79(B,C), \+all79(A,C) 0.180134680135
[DEBUG] rsomenot79(A,B) :- all79(B,C), \+some79(C,A) 0.180134680135
[DEBUG] rsomenot79(A,B) :- all79(B,C), \+no79(A,C) 0.180134680135
[DEBUG] rsomenot79(A,B) :- all79(B,C), \+no79(C,A) 0.180134680135
[DEBUG] rsomenot79(A,B) :- no79(C,A), \+all79(C,B) 0.180134680135
[DEBUG] rsomenot79(A,B) :- no79(C,A), \+all79(B,C) 0.180134680135
[DEBUG] rsomenot79(A,B) :- no79(C,A), \+some79(B,C) 0.180134680135
[DEBUG] rsomenot79(A,B) :- no79(C,A), \+no79(C,B) 0.180134680135
[DEBUG] rsomenot79(A,B) :- no79(C,A), \+no79(B,C) 0.180134680135
[DEBUG] rsomenot79(A,B) :- all79(B,C), \+all79(C,A) 0.166278166278
[DEBUG] rsomenot79(A,B) :- all79(B,C), \+somenot79(C,A) 0.166278166278
[DEBUG] rsomenot79(A,B) :- some79(A,C), \+all79(B,C) 0.0
[DEBUG] rsomenot79(A,B) :- some79(A,C), \+some79(B,C) 0.0
[DEBUG] rsomenot79(A,B) :- some79(A,C), \+no79(C,B) 0.0
[DEBUG] ==================================
[INFO] RULE LEARNED: rsomenot79(A,B) :- somenot79(B,C), no79(C,A) 0.855769230769
[DEBUG] Best rule so far: rsomenot79(A,B) :- true [0.15306122449]
[DEBUG] Candidates for iteration 1:
[DEBUG] ==================================
[DEBUG] rsomenot79(A,B) :- true 0.15306122449
[DEBUG] ==================================
[LVL9] rsomenot79(A,B) :- all79(A,C) 0.0 (7.0, 12.0, 71.0, 14.0) 0.576530612245 [ACCEPT]
[LVL9] rsomenot79(A,B) :- all79(B,C) 0.153790087464 (8.0, 11.0, 72.0, 13.0) 0.71768707483 [ACCEPT]
[LVL9] BETTER RULE rsomenot79(A,B) :- all79(B,C) (0.15379008746355685, 8.0) > (0.15306122448979592, 21.0)
[LVL9] rsomenot79(A,B) :- all79(C,A) 0.179421768707 (8.0, 9.0, 74.0, 13.0) 0.71768707483 [ACCEPT]
[LVL9] BETTER RULE rsomenot79(A,B) :- all79(C,A) (0.17942176870748297, 8.0) > (0.15379008746355685, 8.0)
[LVL9] rsomenot79(A,B) :- all79(C,B) 0.0 (7.0, 14.0, 69.0, 14.0) 0.576530612245 [ACCEPT]
[LVL9] rsomenot79(A,B) :- some79(A,C) 0.197066326531 (9.0, 12.0, 71.0, 12.0) 0.788265306122 [ACCEPT]
[LVL9] BETTER RULE rsomenot79(A,B) :- some79(A,C) (0.19706632653061223, 9.0) > (0.17942176870748297, 8.0)
[LVL9] rsomenot79(A,B) :- some79(B,C) 0.259566326531 (10.0, 11.0, 72.0, 11.0) 0.830612244898 [ACCEPT]
[LVL9] BETTER RULE rsomenot79(A,B) :- some79(B,C) (0.25956632653061223, 10.0) > (0.19706632653061223, 9.0)
[LVL9] rsomenot79(A,B) :- some79(C,A) 0.19573283859 (8.0, 8.0, 75.0, 13.0) 0.71768707483 [ACCEPT]
[LVL9] rsomenot79(A,B) :- some79(C,B) 0.215306122449 (8.0, 7.0, 76.0, 13.0) 0.71768707483 [ACCEPT]
[LVL9] rsomenot79(A,B) :- no79(B,C) 0.0 (7.0, 11.0, 72.0, 14.0) 0.576530612245 [ACCEPT]
[LVL9] rsomenot79(A,B) :- no79(C,A) 0.0 (7.0, 11.0, 72.0, 14.0) 0.576530612245 [ACCEPT]
[LVL9] rsomenot79(A,B) :- no79(C,B) 0.0 (7.0, 12.0, 71.0, 14.0) 0.576530612245 [ACCEPT]
[LVL9] rsomenot79(A,B) :- somenot79(A,C) 0.242543171115 (9.0, 9.0, 74.0, 12.0) 0.788265306122 [ACCEPT]
[LVL9] rsomenot79(A,B) :- somenot79(B,C) 0.19573283859 (8.0, 8.0, 75.0, 13.0) 0.71768707483 [ACCEPT]
[LVL9] rsomenot79(A,B) :- somenot79(C,A) 0.225218658892 (9.0, 10.0, 73.0, 12.0) 0.788265306122 [ACCEPT]
[LVL9] rsomenot79(A,B) :- somenot79(C,B) 0.179421768707 (8.0, 9.0, 74.0, 13.0) 0.71768707483 [ACCEPT]
[DEBUG] Best rule so far: rsomenot79(A,B) :- some79(B,C) [0.259566326531]
[DEBUG] Candidates for iteration 2:
[DEBUG] ==================================
[DEBUG] rsomenot79(A,B) :- some79(B,C) 0.259566326531
[DEBUG] rsomenot79(A,B) :- somenot79(A,C) 0.242543171115
[DEBUG] rsomenot79(A,B) :- somenot79(C,A) 0.225218658892
[DEBUG] rsomenot79(A,B) :- some79(C,B) 0.215306122449
[DEBUG] rsomenot79(A,B) :- some79(A,C) 0.197066326531
[DEBUG] rsomenot79(A,B) :- some79(C,A) 0.19573283859
[DEBUG] rsomenot79(A,B) :- somenot79(B,C) 0.19573283859
[DEBUG] rsomenot79(A,B) :- all79(C,A) 0.179421768707
[DEBUG] rsomenot79(A,B) :- somenot79(C,B) 0.179421768707
[DEBUG] rsomenot79(A,B) :- all79(B,C) 0.153790087464
[DEBUG] rsomenot79(A,B) :- all79(A,C) 0.0
[DEBUG] rsomenot79(A,B) :- all79(C,B) 0.0
[DEBUG] rsomenot79(A,B) :- no79(B,C) 0.0
[DEBUG] rsomenot79(A,B) :- no79(C,A) 0.0
[DEBUG] rsomenot79(A,B) :- no79(C,B) 0.0
[DEBUG] ==================================
[LVL9] rsomenot79(A,B) :- some79(B,C), all79(C,A) 0.384353741497 (7.0, 1.0, 82.0, 14.0) 0.576530612245 [ACCEPT]
[LVL9] BETTER RULE rsomenot79(A,B) :- some79(B,C), all79(C,A) (0.3843537414965987, 7.0) > (0.25956632653061223, 10.0)
[LVL9] rsomenot79(A,B) :- some79(B,C), all79(C,D) 0.384353741497 (7.0, 1.0, 82.0, 14.0) 0.576530612245 [ACCEPT]
[LVL9] rsomenot79(A,B) :- some79(B,C), all79(D,A) 0.384353741497 (7.0, 1.0, 82.0, 14.0) 0.576530612245 [ACCEPT]
[LVL9] rsomenot79(A,B) :- some79(B,C), some79(A,C) 0.384353741497 (7.0, 1.0, 82.0, 14.0) 0.576530612245 [ACCEPT]
[LVL9] rsomenot79(A,B) :- some79(B,C), some79(C,A) 0.384353741497 (7.0, 1.0, 82.0, 14.0) 0.576530612245 [ACCEPT]
[LVL9] rsomenot79(A,B) :- some79(B,C), some79(A,D) 0.384353741497 (7.0, 1.0, 82.0, 14.0) 0.576530612245 [ACCEPT]
[LVL9] rsomenot79(A,B) :- some79(B,C), some79(C,D) 0.384353741497 (7.0, 1.0, 82.0, 14.0) 0.576530612245 [ACCEPT]
[LVL9] rsomenot79(A,B) :- some79(B,C), some79(D,A) 0.384353741497 (7.0, 1.0, 82.0, 14.0) 0.576530612245 [ACCEPT]
[LVL9] rsomenot79(A,B) :- some79(B,C), somenot79(C,A) 0.384353741497 (7.0, 1.0, 82.0, 14.0) 0.576530612245 [ACCEPT]
[LVL9] rsomenot79(A,B) :- some79(B,C), somenot79(C,D) 0.384353741497 (7.0, 1.0, 82.0, 14.0) 0.576530612245 [ACCEPT]
[LVL9] rsomenot79(A,B) :- some79(B,C), somenot79(D,A) 0.384353741497 (7.0, 1.0, 82.0, 14.0) 0.576530612245 [ACCEPT]
[LVL9] rsomenot79(A,B) :- some79(B,C), \+all79(A,C) 0.296647230321 (10.0, 9.0, 74.0, 11.0) 0.830612244898 [ACCEPT]
[LVL9] rsomenot79(A,B) :- some79(B,C), \+all79(C,A) 0.225218658892 (9.0, 10.0, 73.0, 12.0) 0.788265306122 [ACCEPT]
[LVL9] rsomenot79(A,B) :- some79(B,C), \+some79(A,C) 0.225218658892 (9.0, 10.0, 73.0, 12.0) 0.788265306122 [ACCEPT]
[LVL9] rsomenot79(A,B) :- some79(B,C), \+some79(C,A) 0.225218658892 (9.0, 10.0, 73.0, 12.0) 0.788265306122 [ACCEPT]
[LVL9] rsomenot79(A,B) :- some79(B,C), \+no79(A,C) 0.276870748299 (10.0, 10.0, 73.0, 11.0) 0.830612244898 [ACCEPT]
[LVL9] rsomenot79(A,B) :- some79(B,C), \+no79(C,A) 0.296647230321 (10.0, 9.0, 74.0, 11.0) 0.830612244898 [ACCEPT]
[LVL9] rsomenot79(A,B) :- some79(B,C), \+somenot79(A,C) 0.296647230321 (10.0, 9.0, 74.0, 11.0) 0.830612244898 [ACCEPT]
[LVL9] rsomenot79(A,B) :- some79(B,C), \+somenot79(C,A) 0.225218658892 (9.0, 10.0, 73.0, 12.0) 0.788265306122 [ACCEPT]
[LVL9] rsomenot79(A,B) :- somenot79(A,C), all79(C,B) 0.384353741497 (7.0, 1.0, 82.0, 14.0) 0.576530612245 [ACCEPT]
[LVL9] rsomenot79(A,B) :- somenot79(A,C), all79(B,C) 0.576530612245 (7.0, 0.0, 83.0, 14.0) 0.576530612245 [REJECT* fp] 6.0
[LVL9] BETTER RULE rsomenot79(A,B) :- somenot79(A,C), all79(B,C) (0.576530612244898, 7.0) > (0.3843537414965987, 7.0)
[LVL9] rsomenot79(A,B) :- somenot79(A,C), \+all79(C,B) 0.19573283859 (8.0, 8.0, 75.0, 13.0) 0.71768707483 [ACCEPT]
[LVL9] rsomenot79(A,B) :- somenot79(A,C), \+some79(C,B) 0.262755102041 (9.0, 8.0, 75.0, 12.0) 0.788265306122 [ACCEPT]
[LVL9] rsomenot79(A,B) :- somenot79(A,C), \+some79(B,C) 0.286641929499 (9.0, 7.0, 76.0, 12.0) 0.788265306122 [ACCEPT]
[LVL9] rsomenot79(A,B) :- somenot79(A,C), \+no79(C,B) 0.262755102041 (9.0, 8.0, 75.0, 12.0) 0.788265306122 [ACCEPT]
[LVL9] rsomenot79(A,B) :- somenot79(A,C), \+no79(B,C) 0.286641929499 (9.0, 7.0, 76.0, 12.0) 0.788265306122 [ACCEPT]
[LVL9] rsomenot79(A,B) :- somenot79(A,C), \+somenot79(C,B) 0.262755102041 (9.0, 8.0, 75.0, 12.0) 0.788265306122 [ACCEPT]
[LVL9] rsomenot79(A,B) :- somenot79(A,C), \+somenot79(B,C) 0.19573283859 (8.0, 8.0, 75.0, 13.0) 0.71768707483 [ACCEPT]
[LVL9] rsomenot79(A,B) :- somenot79(C,A), \+all79(C,B) 0.262755102041 (9.0, 8.0, 75.0, 12.0) 0.788265306122 [ACCEPT]
[LVL9] rsomenot79(A,B) :- somenot79(C,A), \+all79(B,C) 0.242543171115 (9.0, 9.0, 74.0, 12.0) 0.788265306122 [ACCEPT]
[LVL9] rsomenot79(A,B) :- somenot79(C,A), \+some79(C,B) 0.242543171115 (9.0, 9.0, 74.0, 12.0) 0.788265306122 [ACCEPT]
[LVL9] rsomenot79(A,B) :- somenot79(C,A), \+some79(B,C) 0.179421768707 (8.0, 9.0, 74.0, 13.0) 0.71768707483 [ACCEPT]
[LVL9] rsomenot79(A,B) :- somenot79(C,A), \+no79(C,B) 0.262755102041 (9.0, 8.0, 75.0, 12.0) 0.788265306122 [ACCEPT]
[LVL9] rsomenot79(A,B) :- somenot79(C,A), \+no79(B,C) 0.179421768707 (8.0, 9.0, 74.0, 13.0) 0.71768707483 [ACCEPT]
[LVL9] rsomenot79(A,B) :- somenot79(C,A), \+somenot79(C,B) 0.179421768707 (8.0, 9.0, 74.0, 13.0) 0.71768707483 [ACCEPT]
[LVL9] rsomenot79(A,B) :- somenot79(C,A), \+somenot79(B,C) 0.242543171115 (9.0, 9.0, 74.0, 12.0) 0.788265306122 [ACCEPT]
[LVL9] rsomenot79(A,B) :- some79(C,B), \+some79(A,C) 0.269132653061 (8.0, 5.0, 78.0, 13.0) 0.71768707483 [ACCEPT]
[LVL9] rsomenot79(A,B) :- some79(C,B), \+no79(A,C) 0.239229024943 (8.0, 6.0, 77.0, 13.0) 0.71768707483 [ACCEPT]
[LVL9] rsomenot79(A,B) :- some79(C,B), \+somenot79(A,C) 0.239229024943 (8.0, 6.0, 77.0, 13.0) 0.71768707483 [ACCEPT]
[LVL9] rsomenot79(A,B) :- some79(C,B), \+somenot79(C,A) 0.239229024943 (8.0, 6.0, 77.0, 13.0) 0.71768707483 [ACCEPT]
[LVL9] rsomenot79(A,B) :- some79(A,C), \+all79(C,B) 0.225218658892 (9.0, 10.0, 73.0, 12.0) 0.788265306122 [ACCEPT]
[LVL9] rsomenot79(A,B) :- some79(A,C), \+all79(B,C) 0.153790087464 (8.0, 11.0, 72.0, 13.0) 0.71768707483 [ACCEPT]
[LVL9] rsomenot79(A,B) :- some79(A,C), \+some79(C,B) 0.225218658892 (9.0, 10.0, 73.0, 12.0) 0.788265306122 [ACCEPT]
[LVL9] rsomenot79(A,B) :- some79(A,C), \+some79(B,C) 0.153790087464 (8.0, 11.0, 72.0, 13.0) 0.71768707483 [ACCEPT]
[LVL9] rsomenot79(A,B) :- some79(A,C), \+no79(C,B) 0.153790087464 (8.0, 11.0, 72.0, 13.0) 0.71768707483 [ACCEPT]
[LVL9] rsomenot79(A,B) :- some79(A,C), \+no79(B,C) 0.210204081633 (9.0, 11.0, 72.0, 12.0) 0.788265306122 [ACCEPT]
[LVL9] rsomenot79(A,B) :- some79(A,C), \+somenot79(C,B) 0.225218658892 (9.0, 10.0, 73.0, 12.0) 0.788265306122 [ACCEPT]
[LVL9] rsomenot79(A,B) :- some79(A,C), \+somenot79(B,C) 0.225218658892 (9.0, 10.0, 73.0, 12.0) 0.788265306122 [ACCEPT]
[LVL9] rsomenot79(A,B) :- some79(C,A), \+all79(C,B) 0.239229024943 (8.0, 6.0, 77.0, 13.0) 0.71768707483 [ACCEPT]
[LVL9] rsomenot79(A,B) :- some79(C,A), \+all79(B,C) 0.239229024943 (8.0, 6.0, 77.0, 13.0) 0.71768707483 [ACCEPT]
[LVL9] rsomenot79(A,B) :- some79(C,A), \+no79(B,C) 0.215306122449 (8.0, 7.0, 76.0, 13.0) 0.71768707483 [ACCEPT]
[LVL9] rsomenot79(A,B) :- some79(C,A), \+somenot79(C,B) 0.215306122449 (8.0, 7.0, 76.0, 13.0) 0.71768707483 [ACCEPT]
[LVL9] rsomenot79(A,B) :- somenot79(B,C), \+all79(A,C) 0.215306122449 (8.0, 7.0, 76.0, 13.0) 0.71768707483 [ACCEPT]
[LVL9] rsomenot79(A,B) :- somenot79(B,C), \+some79(A,C) 0.239229024943 (8.0, 6.0, 77.0, 13.0) 0.71768707483 [ACCEPT]
[LVL9] rsomenot79(A,B) :- somenot79(B,C), \+no79(A,C) 0.239229024943 (8.0, 6.0, 77.0, 13.0) 0.71768707483 [ACCEPT]
[LVL9] rsomenot79(A,B) :- somenot79(B,C), \+somenot79(C,A) 0.215306122449 (8.0, 7.0, 76.0, 13.0) 0.71768707483 [ACCEPT]
[LVL9] rsomenot79(A,B) :- all79(C,A), \+all79(C,B) 0.215306122449 (8.0, 7.0, 76.0, 13.0) 0.71768707483 [ACCEPT]
[LVL9] rsomenot79(A,B) :- all79(C,A), \+all79(B,C) 0.19573283859 (8.0, 8.0, 75.0, 13.0) 0.71768707483 [ACCEPT]
[LVL9] rsomenot79(A,B) :- all79(C,A), \+no79(C,B) 0.215306122449 (8.0, 7.0, 76.0, 13.0) 0.71768707483 [ACCEPT]
[LVL9] rsomenot79(A,B) :- all79(C,A), \+no79(B,C) 0.215306122449 (8.0, 7.0, 76.0, 13.0) 0.71768707483 [ACCEPT]
[LVL9] rsomenot79(A,B) :- somenot79(C,B), \+all79(A,C) 0.19573283859 (8.0, 8.0, 75.0, 13.0) 0.71768707483 [ACCEPT]
[LVL9] rsomenot79(A,B) :- somenot79(C,B), \+some79(A,C) 0.215306122449 (8.0, 7.0, 76.0, 13.0) 0.71768707483 [ACCEPT]
[LVL9] rsomenot79(A,B) :- somenot79(C,B), \+some79(C,A) 0.19573283859 (8.0, 8.0, 75.0, 13.0) 0.71768707483 [ACCEPT]
[LVL9] rsomenot79(A,B) :- somenot79(C,B), \+no79(A,C) 0.215306122449 (8.0, 7.0, 76.0, 13.0) 0.71768707483 [ACCEPT]
[LVL9] rsomenot79(A,B) :- somenot79(C,B), \+somenot79(A,C) 0.19573283859 (8.0, 8.0, 75.0, 13.0) 0.71768707483 [ACCEPT]
[LVL9] rsomenot79(A,B) :- all79(B,C), \+all79(A,C) 0.179421768707 (8.0, 9.0, 74.0, 13.0) 0.71768707483 [ACCEPT]
[LVL9] rsomenot79(A,B) :- all79(B,C), \+all79(C,A) 0.165620094192 (8.0, 10.0, 73.0, 13.0) 0.71768707483 [ACCEPT]
[LVL9] rsomenot79(A,B) :- all79(B,C), \+some79(C,A) 0.179421768707 (8.0, 9.0, 74.0, 13.0) 0.71768707483 [ACCEPT]
[LVL9] rsomenot79(A,B) :- all79(B,C), \+no79(A,C) 0.179421768707 (8.0, 9.0, 74.0, 13.0) 0.71768707483 [ACCEPT]
[LVL9] rsomenot79(A,B) :- all79(B,C), \+no79(C,A) 0.179421768707 (8.0, 9.0, 74.0, 13.0) 0.71768707483 [ACCEPT]
[LVL9] rsomenot79(A,B) :- all79(B,C), \+somenot79(C,A) 0.165620094192 (8.0, 10.0, 73.0, 13.0) 0.71768707483 [ACCEPT]
[DEBUG] Best rule so far: rsomenot79(A,B) :- somenot79(A,C), all79(B,C) [0.576530612245]
[DEBUG] Candidates for iteration 3:
[DEBUG] ==================================
[DEBUG] rsomenot79(A,B) :- some79(B,C), all79(C,A) 0.384353741497
[DEBUG] rsomenot79(A,B) :- some79(B,C), all79(C,D) 0.384353741497
[DEBUG] rsomenot79(A,B) :- some79(B,C), all79(D,A) 0.384353741497
[DEBUG] rsomenot79(A,B) :- some79(B,C), some79(A,C) 0.384353741497
[DEBUG] rsomenot79(A,B) :- some79(B,C), some79(C,A) 0.384353741497
[DEBUG] rsomenot79(A,B) :- some79(B,C), some79(A,D) 0.384353741497
[DEBUG] rsomenot79(A,B) :- some79(B,C), some79(C,D) 0.384353741497
[DEBUG] rsomenot79(A,B) :- some79(B,C), some79(D,A) 0.384353741497
[DEBUG] rsomenot79(A,B) :- some79(B,C), somenot79(C,A) 0.384353741497
[DEBUG] rsomenot79(A,B) :- some79(B,C), somenot79(C,D) 0.384353741497
[DEBUG] rsomenot79(A,B) :- some79(B,C), somenot79(D,A) 0.384353741497
[DEBUG] rsomenot79(A,B) :- somenot79(A,C), all79(C,B) 0.384353741497
[DEBUG] rsomenot79(A,B) :- some79(B,C), \+all79(A,C) 0.296647230321
[DEBUG] rsomenot79(A,B) :- some79(B,C), \+no79(C,A) 0.296647230321
[DEBUG] rsomenot79(A,B) :- some79(B,C), \+somenot79(A,C) 0.296647230321
[DEBUG] rsomenot79(A,B) :- somenot79(A,C), \+some79(B,C) 0.286641929499
[DEBUG] rsomenot79(A,B) :- somenot79(A,C), \+no79(B,C) 0.286641929499
[DEBUG] rsomenot79(A,B) :- some79(B,C), \+no79(A,C) 0.276870748299
[DEBUG] rsomenot79(A,B) :- some79(C,B), \+some79(A,C) 0.269132653061
[DEBUG] rsomenot79(A,B) :- somenot79(A,C), \+some79(C,B) 0.262755102041
[DEBUG] rsomenot79(A,B) :- somenot79(A,C), \+no79(C,B) 0.262755102041
[DEBUG] rsomenot79(A,B) :- somenot79(A,C), \+somenot79(C,B) 0.262755102041
[DEBUG] rsomenot79(A,B) :- somenot79(C,A), \+all79(C,B) 0.262755102041
[DEBUG] rsomenot79(A,B) :- somenot79(C,A), \+no79(C,B) 0.262755102041
[DEBUG] rsomenot79(A,B) :- somenot79(C,A), \+all79(B,C) 0.242543171115
[DEBUG] rsomenot79(A,B) :- somenot79(C,A), \+some79(C,B) 0.242543171115
[DEBUG] rsomenot79(A,B) :- somenot79(C,A), \+somenot79(B,C) 0.242543171115
[DEBUG] rsomenot79(A,B) :- some79(C,B), \+no79(A,C) 0.239229024943
[DEBUG] rsomenot79(A,B) :- some79(C,B), \+somenot79(A,C) 0.239229024943
[DEBUG] rsomenot79(A,B) :- some79(C,B), \+somenot79(C,A) 0.239229024943
[DEBUG] rsomenot79(A,B) :- some79(C,A), \+all79(C,B) 0.239229024943
[DEBUG] rsomenot79(A,B) :- some79(C,A), \+all79(B,C) 0.239229024943
[DEBUG] rsomenot79(A,B) :- somenot79(B,C), \+some79(A,C) 0.239229024943
[DEBUG] rsomenot79(A,B) :- somenot79(B,C), \+no79(A,C) 0.239229024943
[DEBUG] rsomenot79(A,B) :- some79(B,C), \+all79(C,A) 0.225218658892
[DEBUG] rsomenot79(A,B) :- some79(B,C), \+some79(A,C) 0.225218658892
[DEBUG] rsomenot79(A,B) :- some79(B,C), \+some79(C,A) 0.225218658892
[DEBUG] rsomenot79(A,B) :- some79(B,C), \+somenot79(C,A) 0.225218658892
[DEBUG] rsomenot79(A,B) :- some79(A,C), \+all79(C,B) 0.225218658892
[DEBUG] rsomenot79(A,B) :- some79(A,C), \+some79(C,B) 0.225218658892
[DEBUG] rsomenot79(A,B) :- some79(A,C), \+somenot79(C,B) 0.225218658892
[DEBUG] rsomenot79(A,B) :- some79(A,C), \+somenot79(B,C) 0.225218658892
[DEBUG] rsomenot79(A,B) :- some79(C,A), \+no79(B,C) 0.215306122449
[DEBUG] rsomenot79(A,B) :- some79(C,A), \+somenot79(C,B) 0.215306122449
[DEBUG] rsomenot79(A,B) :- somenot79(B,C), \+all79(A,C) 0.215306122449
[DEBUG] rsomenot79(A,B) :- somenot79(B,C), \+somenot79(C,A) 0.215306122449
[DEBUG] rsomenot79(A,B) :- all79(C,A), \+all79(C,B) 0.215306122449
[DEBUG] rsomenot79(A,B) :- all79(C,A), \+no79(C,B) 0.215306122449
[DEBUG] rsomenot79(A,B) :- all79(C,A), \+no79(B,C) 0.215306122449
[DEBUG] rsomenot79(A,B) :- somenot79(C,B), \+some79(A,C) 0.215306122449
[DEBUG] rsomenot79(A,B) :- somenot79(C,B), \+no79(A,C) 0.215306122449
[DEBUG] rsomenot79(A,B) :- some79(A,C), \+no79(B,C) 0.210204081633
[DEBUG] rsomenot79(A,B) :- somenot79(A,C), \+all79(C,B) 0.19573283859
[DEBUG] rsomenot79(A,B) :- somenot79(A,C), \+somenot79(B,C) 0.19573283859
[DEBUG] rsomenot79(A,B) :- all79(C,A), \+all79(B,C) 0.19573283859
[DEBUG] rsomenot79(A,B) :- somenot79(C,B), \+all79(A,C) 0.19573283859
[DEBUG] rsomenot79(A,B) :- somenot79(C,B), \+some79(C,A) 0.19573283859
[DEBUG] rsomenot79(A,B) :- somenot79(C,B), \+somenot79(A,C) 0.19573283859
[DEBUG] rsomenot79(A,B) :- somenot79(C,A), \+some79(B,C) 0.179421768707
[DEBUG] rsomenot79(A,B) :- somenot79(C,A), \+no79(B,C) 0.179421768707
[DEBUG] rsomenot79(A,B) :- somenot79(C,A), \+somenot79(C,B) 0.179421768707
[DEBUG] rsomenot79(A,B) :- all79(B,C), \+all79(A,C) 0.179421768707
[DEBUG] rsomenot79(A,B) :- all79(B,C), \+some79(C,A) 0.179421768707
[DEBUG] rsomenot79(A,B) :- all79(B,C), \+no79(A,C) 0.179421768707
[DEBUG] rsomenot79(A,B) :- all79(B,C), \+no79(C,A) 0.179421768707
[DEBUG] rsomenot79(A,B) :- all79(B,C), \+all79(C,A) 0.165620094192
[DEBUG] rsomenot79(A,B) :- all79(B,C), \+somenot79(C,A) 0.165620094192
[DEBUG] rsomenot79(A,B) :- some79(A,C), \+all79(B,C) 0.153790087464
[DEBUG] rsomenot79(A,B) :- some79(A,C), \+some79(B,C) 0.153790087464
[DEBUG] rsomenot79(A,B) :- some79(A,C), \+no79(C,B) 0.153790087464
[DEBUG] ==================================
[INFO] RULE LEARNED: rsomenot79(A,B) :- somenot79(A,C), all79(B,C) 0.865384615385
[DEBUG] Best rule so far: rsomenot79(A,B) :- true [0.144329896907]
[DEBUG] Candidates for iteration 1:
[DEBUG] ==================================
[DEBUG] rsomenot79(A,B) :- true 0.144329896907
[DEBUG] ==================================
[LVL9] rsomenot79(A,B) :- all79(A,C) 0.0 (8.0, 12.0, 71.0, 13.0) 0.572164948454 [ACCEPT]
[LVL9] rsomenot79(A,B) :- all79(B,C) 0.0 (8.0, 11.0, 72.0, 13.0) 0.572164948454 [ACCEPT]
[LVL9] rsomenot79(A,B) :- all79(C,A) 0.178694158076 (9.0, 9.0, 74.0, 12.0) 0.714776632302 [ACCEPT]
[LVL9] BETTER RULE rsomenot79(A,B) :- all79(C,A) (0.17869415807560138, 9.0) > (0.14432989690721648, 21.0)
[LVL9] rsomenot79(A,B) :- all79(C,B) 0.0 (8.0, 14.0, 69.0, 13.0) 0.572164948454 [ACCEPT]
[LVL9] rsomenot79(A,B) :- some79(A,C) 0.196520618557 (10.0, 12.0, 71.0, 11.0) 0.786082474227 [ACCEPT]
[LVL9] BETTER RULE rsomenot79(A,B) :- some79(A,C) (0.19652061855670103, 10.0) > (0.17869415807560138, 9.0)
[LVL9] rsomenot79(A,B) :- some79(B,C) 0.259020618557 (11.0, 11.0, 72.0, 10.0) 0.828865979381 [ACCEPT]
[LVL9] BETTER RULE rsomenot79(A,B) :- some79(B,C) (0.25902061855670105, 11.0) > (0.19652061855670103, 10.0)
[LVL9] rsomenot79(A,B) :- some79(C,A) 0.194939081537 (9.0, 8.0, 75.0, 12.0) 0.714776632302 [ACCEPT]
[LVL9] rsomenot79(A,B) :- some79(C,B) 0.214432989691 (9.0, 7.0, 76.0, 12.0) 0.714776632302 [ACCEPT]
[LVL9] rsomenot79(A,B) :- no79(B,C) 0.0 (8.0, 11.0, 72.0, 13.0) 0.572164948454 [ACCEPT]
[LVL9] rsomenot79(A,B) :- no79(C,A) 0.0 (8.0, 11.0, 72.0, 13.0) 0.572164948454 [ACCEPT]
[LVL9] rsomenot79(A,B) :- no79(C,B) 0.0 (8.0, 12.0, 71.0, 13.0) 0.572164948454 [ACCEPT]
[LVL9] rsomenot79(A,B) :- somenot79(A,C) 0.178694158076 (9.0, 9.0, 74.0, 12.0) 0.714776632302 [ACCEPT]
[LVL9] rsomenot79(A,B) :- somenot79(B,C) 0.194939081537 (9.0, 8.0, 75.0, 12.0) 0.714776632302 [ACCEPT]
[LVL9] rsomenot79(A,B) :- somenot79(C,A) 0.224594992636 (10.0, 10.0, 73.0, 11.0) 0.786082474227 [ACCEPT]
[LVL9] rsomenot79(A,B) :- somenot79(C,B) 0.178694158076 (9.0, 9.0, 74.0, 12.0) 0.714776632302 [ACCEPT]
[DEBUG] Best rule so far: rsomenot79(A,B) :- some79(B,C) [0.259020618557]
[DEBUG] Candidates for iteration 2:
[DEBUG] ==================================
[DEBUG] rsomenot79(A,B) :- some79(B,C) 0.259020618557
[DEBUG] rsomenot79(A,B) :- somenot79(C,A) 0.224594992636
[DEBUG] rsomenot79(A,B) :- some79(C,B) 0.214432989691
[DEBUG] rsomenot79(A,B) :- some79(A,C) 0.196520618557
[DEBUG] rsomenot79(A,B) :- some79(C,A) 0.194939081537
[DEBUG] rsomenot79(A,B) :- somenot79(B,C) 0.194939081537
[DEBUG] rsomenot79(A,B) :- all79(C,A) 0.178694158076
[DEBUG] rsomenot79(A,B) :- somenot79(A,C) 0.178694158076
[DEBUG] rsomenot79(A,B) :- somenot79(C,B) 0.178694158076
[DEBUG] rsomenot79(A,B) :- all79(A,C) 0.0
[DEBUG] rsomenot79(A,B) :- all79(B,C) 0.0
[DEBUG] rsomenot79(A,B) :- all79(C,B) 0.0
[DEBUG] rsomenot79(A,B) :- no79(B,C) 0.0
[DEBUG] rsomenot79(A,B) :- no79(C,A) 0.0
[DEBUG] rsomenot79(A,B) :- no79(C,B) 0.0
[DEBUG] ==================================
[LVL9] rsomenot79(A,B) :- some79(B,C), all79(C,A) 0.381443298969 (8.0, 1.0, 82.0, 13.0) 0.572164948454 [ACCEPT]
[LVL9] BETTER RULE rsomenot79(A,B) :- some79(B,C), all79(C,A) (0.38144329896907214, 8.0) > (0.25902061855670105, 11.0)
[LVL9] rsomenot79(A,B) :- some79(B,C), all79(C,D) 0.381443298969 (8.0, 1.0, 82.0, 13.0) 0.572164948454 [ACCEPT]
[LVL9] rsomenot79(A,B) :- some79(B,C), all79(D,A) 0.381443298969 (8.0, 1.0, 82.0, 13.0) 0.572164948454 [ACCEPT]
[LVL9] rsomenot79(A,B) :- some79(B,C), some79(A,C) 0.381443298969 (8.0, 1.0, 82.0, 13.0) 0.572164948454 [ACCEPT]
[LVL9] rsomenot79(A,B) :- some79(B,C), some79(C,A) 0.381443298969 (8.0, 1.0, 82.0, 13.0) 0.572164948454 [ACCEPT]
[LVL9] rsomenot79(A,B) :- some79(B,C), some79(A,D) 0.381443298969 (8.0, 1.0, 82.0, 13.0) 0.572164948454 [ACCEPT]
[LVL9] rsomenot79(A,B) :- some79(B,C), some79(C,D) 0.381443298969 (8.0, 1.0, 82.0, 13.0) 0.572164948454 [ACCEPT]
[LVL9] rsomenot79(A,B) :- some79(B,C), some79(D,A) 0.381443298969 (8.0, 1.0, 82.0, 13.0) 0.572164948454 [ACCEPT]
[LVL9] rsomenot79(A,B) :- some79(B,C), somenot79(C,A) 0.381443298969 (8.0, 1.0, 82.0, 13.0) 0.572164948454 [ACCEPT]
[LVL9] rsomenot79(A,B) :- some79(B,C), somenot79(C,D) 0.381443298969 (8.0, 1.0, 82.0, 13.0) 0.572164948454 [ACCEPT]
[LVL9] rsomenot79(A,B) :- some79(B,C), somenot79(D,A) 0.381443298969 (8.0, 1.0, 82.0, 13.0) 0.572164948454 [ACCEPT]
[LVL9] rsomenot79(A,B) :- some79(B,C), \+all79(A,C) 0.296023564065 (11.0, 9.0, 74.0, 10.0) 0.828865979381 [ACCEPT]
[LVL9] rsomenot79(A,B) :- some79(B,C), \+all79(C,A) 0.224594992636 (10.0, 10.0, 73.0, 11.0) 0.786082474227 [ACCEPT]
[LVL9] rsomenot79(A,B) :- some79(B,C), \+some79(A,C) 0.224594992636 (10.0, 10.0, 73.0, 11.0) 0.786082474227 [ACCEPT]
[LVL9] rsomenot79(A,B) :- some79(B,C), \+some79(C,A) 0.224594992636 (10.0, 10.0, 73.0, 11.0) 0.786082474227 [ACCEPT]
[LVL9] rsomenot79(A,B) :- some79(B,C), \+no79(A,C) 0.276288659794 (11.0, 10.0, 73.0, 10.0) 0.828865979381 [ACCEPT]
[LVL9] rsomenot79(A,B) :- some79(B,C), \+no79(C,A) 0.296023564065 (11.0, 9.0, 74.0, 10.0) 0.828865979381 [ACCEPT]
[LVL9] rsomenot79(A,B) :- some79(B,C), \+somenot79(A,C) 0.296023564065 (11.0, 9.0, 74.0, 10.0) 0.828865979381 [ACCEPT]
[LVL9] rsomenot79(A,B) :- some79(B,C), \+somenot79(C,A) 0.224594992636 (10.0, 10.0, 73.0, 11.0) 0.786082474227 [ACCEPT]
[LVL9] rsomenot79(A,B) :- somenot79(C,A), some79(B,D) 0.381443298969 (8.0, 1.0, 82.0, 13.0) 0.572164948454 [ACCEPT]
[LVL9] rsomenot79(A,B) :- somenot79(C,A), some79(D,C) 0.381443298969 (8.0, 1.0, 82.0, 13.0) 0.572164948454 [ACCEPT]
[LVL9] rsomenot79(A,B) :- somenot79(C,A), no79(B,C) 0.381443298969 (8.0, 1.0, 82.0, 13.0) 0.572164948454 [ACCEPT]
[LVL9] rsomenot79(A,B) :- somenot79(C,A), no79(B,D) 0.381443298969 (8.0, 1.0, 82.0, 13.0) 0.572164948454 [ACCEPT]
[LVL9] rsomenot79(A,B) :- somenot79(C,A), no79(D,C) 0.381443298969 (8.0, 1.0, 82.0, 13.0) 0.572164948454 [ACCEPT]
[LVL9] rsomenot79(A,B) :- somenot79(C,A), somenot79(C,B) 0.381443298969 (8.0, 1.0, 82.0, 13.0) 0.572164948454 [ACCEPT]
[LVL9] rsomenot79(A,B) :- somenot79(C,A), somenot79(D,B) 0.381443298969 (8.0, 1.0, 82.0, 13.0) 0.572164948454 [ACCEPT]
[LVL9] rsomenot79(A,B) :- somenot79(C,A), \+all79(C,B) 0.262027491409 (10.0, 8.0, 75.0, 11.0) 0.786082474227 [ACCEPT]
[LVL9] rsomenot79(A,B) :- somenot79(C,A), \+all79(B,C) 0.241871530531 (10.0, 9.0, 74.0, 11.0) 0.786082474227 [ACCEPT]
[LVL9] rsomenot79(A,B) :- somenot79(C,A), \+some79(C,B) 0.241871530531 (10.0, 9.0, 74.0, 11.0) 0.786082474227 [ACCEPT]
[LVL9] rsomenot79(A,B) :- somenot79(C,A), \+some79(B,C) 0.178694158076 (9.0, 9.0, 74.0, 12.0) 0.714776632302 [ACCEPT]
[LVL9] rsomenot79(A,B) :- somenot79(C,A), \+no79(C,B) 0.262027491409 (10.0, 8.0, 75.0, 11.0) 0.786082474227 [ACCEPT]
[LVL9] rsomenot79(A,B) :- somenot79(C,A), \+no79(B,C) 0.178694158076 (9.0, 9.0, 74.0, 12.0) 0.714776632302 [ACCEPT]
[LVL9] rsomenot79(A,B) :- somenot79(C,A), \+somenot79(C,B) 0.178694158076 (9.0, 9.0, 74.0, 12.0) 0.714776632302 [ACCEPT]
[LVL9] rsomenot79(A,B) :- somenot79(C,A), \+somenot79(B,C) 0.241871530531 (10.0, 9.0, 74.0, 11.0) 0.786082474227 [ACCEPT]
[LVL9] rsomenot79(A,B) :- some79(C,B), all79(A,C) 0.381443298969 (8.0, 1.0, 82.0, 13.0) 0.572164948454 [ACCEPT]
[LVL9] rsomenot79(A,B) :- some79(C,B), all79(A,D) 0.381443298969 (8.0, 1.0, 82.0, 13.0) 0.572164948454 [ACCEPT]
[LVL9] rsomenot79(A,B) :- some79(C,B), all79(D,C) 0.381443298969 (8.0, 1.0, 82.0, 13.0) 0.572164948454 [ACCEPT]
[LVL9] rsomenot79(A,B) :- some79(C,B), some79(C,A) 0.381443298969 (8.0, 1.0, 82.0, 13.0) 0.572164948454 [ACCEPT]
[LVL9] rsomenot79(A,B) :- some79(C,B), some79(D,A) 0.381443298969 (8.0, 1.0, 82.0, 13.0) 0.572164948454 [ACCEPT]
[LVL9] rsomenot79(A,B) :- some79(C,B), \+all79(A,C) 0.0 (8.0, 6.0, 77.0, 13.0) 0.572164948454 [ACCEPT]
[LVL9] rsomenot79(A,B) :- some79(C,B), \+some79(A,C) 0.268041237113 (9.0, 5.0, 78.0, 12.0) 0.714776632302 [ACCEPT]
[LVL9] rsomenot79(A,B) :- some79(C,B), \+some79(C,A) 0.0 (8.0, 6.0, 77.0, 13.0) 0.572164948454 [ACCEPT]
[LVL9] rsomenot79(A,B) :- some79(C,B), \+no79(A,C) 0.238258877434 (9.0, 6.0, 77.0, 12.0) 0.714776632302 [ACCEPT]
[LVL9] rsomenot79(A,B) :- some79(C,B), \+somenot79(A,C) 0.238258877434 (9.0, 6.0, 77.0, 12.0) 0.714776632302 [ACCEPT]
[LVL9] rsomenot79(A,B) :- some79(C,B), \+somenot79(C,A) 0.238258877434 (9.0, 6.0, 77.0, 12.0) 0.714776632302 [ACCEPT]
[LVL9] rsomenot79(A,B) :- some79(A,C), all79(B,C) 0.381443298969 (8.0, 1.0, 82.0, 13.0) 0.572164948454 [ACCEPT]
[LVL9] rsomenot79(A,B) :- some79(A,C), all79(B,D) 0.381443298969 (8.0, 1.0, 82.0, 13.0) 0.572164948454 [ACCEPT]
[LVL9] rsomenot79(A,B) :- some79(A,C), all79(D,C) 0.381443298969 (8.0, 1.0, 82.0, 13.0) 0.572164948454 [ACCEPT]
[LVL9] rsomenot79(A,B) :- some79(A,C), some79(B,D) 0.381443298969 (8.0, 1.0, 82.0, 13.0) 0.572164948454 [ACCEPT]
[LVL9] rsomenot79(A,B) :- some79(A,C), no79(C,B) 0.381443298969 (8.0, 1.0, 82.0, 13.0) 0.572164948454 [ACCEPT]
[LVL9] rsomenot79(A,B) :- some79(A,C), no79(C,D) 0.381443298969 (8.0, 1.0, 82.0, 13.0) 0.572164948454 [ACCEPT]
[LVL9] rsomenot79(A,B) :- some79(A,C), no79(D,B) 0.381443298969 (8.0, 1.0, 82.0, 13.0) 0.572164948454 [ACCEPT]
[LVL9] rsomenot79(A,B) :- some79(A,C), \+all79(C,B) 0.224594992636 (10.0, 10.0, 73.0, 11.0) 0.786082474227 [ACCEPT]
[LVL9] rsomenot79(A,B) :- some79(A,C), \+all79(B,C) 0.153166421208 (9.0, 11.0, 72.0, 12.0) 0.714776632302 [ACCEPT]
[LVL9] rsomenot79(A,B) :- some79(A,C), \+some79(C,B) 0.224594992636 (10.0, 10.0, 73.0, 11.0) 0.786082474227 [ACCEPT]
[LVL9] rsomenot79(A,B) :- some79(A,C), \+some79(B,C) 0.153166421208 (9.0, 11.0, 72.0, 12.0) 0.714776632302 [ACCEPT]
[LVL9] rsomenot79(A,B) :- some79(A,C), \+no79(C,B) 0.153166421208 (9.0, 11.0, 72.0, 12.0) 0.714776632302 [ACCEPT]
[LVL9] rsomenot79(A,B) :- some79(A,C), \+no79(B,C) 0.209621993127 (10.0, 11.0, 72.0, 11.0) 0.786082474227 [ACCEPT]
[LVL9] rsomenot79(A,B) :- some79(A,C), \+somenot79(C,B) 0.224594992636 (10.0, 10.0, 73.0, 11.0) 0.786082474227 [ACCEPT]
[LVL9] rsomenot79(A,B) :- some79(A,C), \+somenot79(B,C) 0.224594992636 (10.0, 10.0, 73.0, 11.0) 0.786082474227 [ACCEPT]
[LVL9] rsomenot79(A,B) :- some79(C,A), some79(B,D) 0.381443298969 (8.0, 1.0, 82.0, 13.0) 0.572164948454 [ACCEPT]
[LVL9] rsomenot79(A,B) :- some79(C,A), some79(D,C) 0.381443298969 (8.0, 1.0, 82.0, 13.0) 0.572164948454 [ACCEPT]
[LVL9] rsomenot79(A,B) :- some79(C,A), some79(D,B) 0.381443298969 (8.0, 1.0, 82.0, 13.0) 0.572164948454 [ACCEPT]
[LVL9] rsomenot79(A,B) :- some79(C,A), \+all79(C,B) 0.238258877434 (9.0, 6.0, 77.0, 12.0) 0.714776632302 [ACCEPT]
[LVL9] rsomenot79(A,B) :- some79(C,A), \+all79(B,C) 0.238258877434 (9.0, 6.0, 77.0, 12.0) 0.714776632302 [ACCEPT]
[LVL9] rsomenot79(A,B) :- some79(C,A), \+some79(C,B) 0.0 (8.0, 7.0, 76.0, 13.0) 0.572164948454 [ACCEPT]
[LVL9] rsomenot79(A,B) :- some79(C,A), \+some79(B,C) 0.0 (8.0, 7.0, 76.0, 13.0) 0.572164948454 [ACCEPT]
[LVL9] rsomenot79(A,B) :- some79(C,A), \+no79(B,C) 0.214432989691 (9.0, 7.0, 76.0, 12.0) 0.714776632302 [ACCEPT]
[LVL9] rsomenot79(A,B) :- some79(C,A), \+somenot79(C,B) 0.214432989691 (9.0, 7.0, 76.0, 12.0) 0.714776632302 [ACCEPT]
[LVL9] rsomenot79(A,B) :- somenot79(B,C), all79(C,A) 0.381443298969 (8.0, 1.0, 82.0, 13.0) 0.572164948454 [ACCEPT]
[LVL9] rsomenot79(A,B) :- somenot79(B,C), all79(C,D) 0.381443298969 (8.0, 1.0, 82.0, 13.0) 0.572164948454 [ACCEPT]
[LVL9] rsomenot79(A,B) :- somenot79(B,C), all79(D,A) 0.381443298969 (8.0, 1.0, 82.0, 13.0) 0.572164948454 [ACCEPT]
[LVL9] rsomenot79(A,B) :- somenot79(B,C), somenot79(A,C) 0.381443298969 (8.0, 1.0, 82.0, 13.0) 0.572164948454 [ACCEPT]
[LVL9] rsomenot79(A,B) :- somenot79(B,C), somenot79(A,D) 0.381443298969 (8.0, 1.0, 82.0, 13.0) 0.572164948454 [ACCEPT]
[LVL9] rsomenot79(A,B) :- somenot79(B,C), \+all79(A,C) 0.214432989691 (9.0, 7.0, 76.0, 12.0) 0.714776632302 [ACCEPT]
[LVL9] rsomenot79(A,B) :- somenot79(B,C), \+all79(C,A) 0.0 (8.0, 7.0, 76.0, 13.0) 0.572164948454 [ACCEPT]
[LVL9] rsomenot79(A,B) :- somenot79(B,C), \+some79(A,C) 0.238258877434 (9.0, 6.0, 77.0, 12.0) 0.714776632302 [ACCEPT]
[LVL9] rsomenot79(A,B) :- somenot79(B,C), \+no79(A,C) 0.238258877434 (9.0, 6.0, 77.0, 12.0) 0.714776632302 [ACCEPT]
[LVL9] rsomenot79(A,B) :- somenot79(B,C), \+somenot79(A,C) 0.0 (8.0, 7.0, 76.0, 13.0) 0.572164948454 [ACCEPT]
[LVL9] rsomenot79(A,B) :- somenot79(B,C), \+somenot79(C,A) 0.214432989691 (9.0, 7.0, 76.0, 12.0) 0.714776632302 [ACCEPT]
[LVL9] rsomenot79(A,B) :- all79(C,A), some79(B,D) 0.381443298969 (8.0, 1.0, 82.0, 13.0) 0.572164948454 [ACCEPT]
[LVL9] rsomenot79(A,B) :- all79(C,A), some79(D,C) 0.381443298969 (8.0, 1.0, 82.0, 13.0) 0.572164948454 [ACCEPT]
[LVL9] rsomenot79(A,B) :- all79(C,A), somenot79(B,D) 0.381443298969 (8.0, 1.0, 82.0, 13.0) 0.572164948454 [ACCEPT]
[LVL9] rsomenot79(A,B) :- all79(C,A), somenot79(D,C) 0.381443298969 (8.0, 1.0, 82.0, 13.0) 0.572164948454 [ACCEPT]
[LVL9] rsomenot79(A,B) :- all79(C,A), \+all79(C,B) 0.214432989691 (9.0, 7.0, 76.0, 12.0) 0.714776632302 [ACCEPT]
[LVL9] rsomenot79(A,B) :- all79(C,A), \+all79(B,C) 0.194939081537 (9.0, 8.0, 75.0, 12.0) 0.714776632302 [ACCEPT]
[LVL9] rsomenot79(A,B) :- all79(C,A), \+some79(B,C) 0.0 (8.0, 8.0, 75.0, 13.0) 0.572164948454 [ACCEPT]
[LVL9] rsomenot79(A,B) :- all79(C,A), \+no79(C,B) 0.214432989691 (9.0, 7.0, 76.0, 12.0) 0.714776632302 [ACCEPT]
[LVL9] rsomenot79(A,B) :- all79(C,A), \+no79(B,C) 0.214432989691 (9.0, 7.0, 76.0, 12.0) 0.714776632302 [ACCEPT]
[LVL9] rsomenot79(A,B) :- all79(C,A), \+somenot79(B,C) 0.0 (8.0, 8.0, 75.0, 13.0) 0.572164948454 [ACCEPT]
[LVL9] rsomenot79(A,B) :- somenot79(A,C), all79(C,B) 0.381443298969 (8.0, 1.0, 82.0, 13.0) 0.572164948454 [ACCEPT]
[LVL9] rsomenot79(A,B) :- somenot79(A,C), all79(C,D) 0.381443298969 (8.0, 1.0, 82.0, 13.0) 0.572164948454 [ACCEPT]
[LVL9] rsomenot79(A,B) :- somenot79(A,C), all79(D,B) 0.381443298969 (8.0, 1.0, 82.0, 13.0) 0.572164948454 [ACCEPT]
[LVL9] rsomenot79(A,B) :- somenot79(A,C), somenot79(B,D) 0.381443298969 (8.0, 1.0, 82.0, 13.0) 0.572164948454 [ACCEPT]
[LVL9] rsomenot79(A,B) :- somenot79(A,C), \+all79(C,B) 0.0 (8.0, 8.0, 75.0, 13.0) 0.572164948454 [ACCEPT]
[LVL9] rsomenot79(A,B) :- somenot79(A,C), \+some79(C,B) 0.194939081537 (9.0, 8.0, 75.0, 12.0) 0.714776632302 [ACCEPT]
[LVL9] rsomenot79(A,B) :- somenot79(A,C), \+some79(B,C) 0.214432989691 (9.0, 7.0, 76.0, 12.0) 0.714776632302 [ACCEPT]
[LVL9] rsomenot79(A,B) :- somenot79(A,C), \+no79(C,B) 0.194939081537 (9.0, 8.0, 75.0, 12.0) 0.714776632302 [ACCEPT]
[LVL9] rsomenot79(A,B) :- somenot79(A,C), \+no79(B,C) 0.214432989691 (9.0, 7.0, 76.0, 12.0) 0.714776632302 [ACCEPT]
[LVL9] rsomenot79(A,B) :- somenot79(A,C), \+somenot79(C,B) 0.194939081537 (9.0, 8.0, 75.0, 12.0) 0.714776632302 [ACCEPT]
[LVL9] rsomenot79(A,B) :- somenot79(C,B), no79(C,A) 0.381443298969 (8.0, 1.0, 82.0, 13.0) 0.572164948454 [ACCEPT]
[LVL9] rsomenot79(A,B) :- somenot79(C,B), no79(C,D) 0.381443298969 (8.0, 1.0, 82.0, 13.0) 0.572164948454 [ACCEPT]
[LVL9] rsomenot79(A,B) :- somenot79(C,B), no79(D,A) 0.381443298969 (8.0, 1.0, 82.0, 13.0) 0.572164948454 [ACCEPT]
[LVL9] rsomenot79(A,B) :- somenot79(C,B), somenot79(D,A) 0.381443298969 (8.0, 1.0, 82.0, 13.0) 0.572164948454 [ACCEPT]
[LVL9] rsomenot79(A,B) :- somenot79(C,B), \+all79(A,C) 0.194939081537 (9.0, 8.0, 75.0, 12.0) 0.714776632302 [ACCEPT]
[LVL9] rsomenot79(A,B) :- somenot79(C,B), \+some79(A,C) 0.214432989691 (9.0, 7.0, 76.0, 12.0) 0.714776632302 [ACCEPT]
[LVL9] rsomenot79(A,B) :- somenot79(C,B), \+some79(C,A) 0.194939081537 (9.0, 8.0, 75.0, 12.0) 0.714776632302 [ACCEPT]
[LVL9] rsomenot79(A,B) :- somenot79(C,B), \+no79(A,C) 0.214432989691 (9.0, 7.0, 76.0, 12.0) 0.714776632302 [ACCEPT]
[LVL9] rsomenot79(A,B) :- somenot79(C,B), \+somenot79(A,C) 0.194939081537 (9.0, 8.0, 75.0, 12.0) 0.714776632302 [ACCEPT]
[LVL9] rsomenot79(A,B) :- all79(A,C), some79(C,D) 0.381443298969 (8.0, 1.0, 82.0, 13.0) 0.572164948454 [ACCEPT]
[LVL9] rsomenot79(A,B) :- all79(A,C), some79(D,B) 0.381443298969 (8.0, 1.0, 82.0, 13.0) 0.572164948454 [ACCEPT]
[LVL9] rsomenot79(A,B) :- all79(B,C), some79(A,D) 0.381443298969 (8.0, 1.0, 82.0, 13.0) 0.572164948454 [ACCEPT]
[LVL9] rsomenot79(A,B) :- all79(B,C), some79(D,C) 0.381443298969 (8.0, 1.0, 82.0, 13.0) 0.572164948454 [ACCEPT]
[LVL9] rsomenot79(A,B) :- all79(C,B), somenot79(A,D) 0.381443298969 (8.0, 1.0, 82.0, 13.0) 0.572164948454 [ACCEPT]
[LVL9] rsomenot79(A,B) :- all79(C,B), somenot79(D,C) 0.381443298969 (8.0, 1.0, 82.0, 13.0) 0.572164948454 [ACCEPT]
[LVL9] rsomenot79(A,B) :- no79(B,C), somenot79(C,D) 0.381443298969 (8.0, 1.0, 82.0, 13.0) 0.572164948454 [ACCEPT]
[LVL9] rsomenot79(A,B) :- no79(B,C), somenot79(D,A) 0.381443298969 (8.0, 1.0, 82.0, 13.0) 0.572164948454 [ACCEPT]
[LVL9] rsomenot79(A,B) :- no79(C,A), somenot79(C,D) 0.381443298969 (8.0, 1.0, 82.0, 13.0) 0.572164948454 [ACCEPT]
[LVL9] rsomenot79(A,B) :- no79(C,A), somenot79(D,B) 0.381443298969 (8.0, 1.0, 82.0, 13.0) 0.572164948454 [ACCEPT]
[LVL9] rsomenot79(A,B) :- no79(C,B), some79(A,D) 0.381443298969 (8.0, 1.0, 82.0, 13.0) 0.572164948454 [ACCEPT]
[LVL9] rsomenot79(A,B) :- no79(C,B), some79(D,C) 0.381443298969 (8.0, 1.0, 82.0, 13.0) 0.572164948454 [ACCEPT]
[DEBUG] Best rule so far: rsomenot79(A,B) :- some79(B,C), all79(C,A) [0.381443298969]
[DEBUG] Candidates for iteration 3:
[DEBUG] ==================================
[DEBUG] rsomenot79(A,B) :- some79(B,C), all79(C,A) 0.381443298969
[DEBUG] rsomenot79(A,B) :- some79(B,C), all79(C,D) 0.381443298969
[DEBUG] rsomenot79(A,B) :- some79(B,C), all79(D,A) 0.381443298969
[DEBUG] rsomenot79(A,B) :- some79(B,C), some79(A,C) 0.381443298969
[DEBUG] rsomenot79(A,B) :- some79(B,C), some79(C,A) 0.381443298969
[DEBUG] rsomenot79(A,B) :- some79(B,C), some79(A,D) 0.381443298969
[DEBUG] rsomenot79(A,B) :- some79(B,C), some79(C,D) 0.381443298969
[DEBUG] rsomenot79(A,B) :- some79(B,C), some79(D,A) 0.381443298969
[DEBUG] rsomenot79(A,B) :- some79(B,C), somenot79(C,A) 0.381443298969
[DEBUG] rsomenot79(A,B) :- some79(B,C), somenot79(C,D) 0.381443298969
[DEBUG] rsomenot79(A,B) :- some79(B,C), somenot79(D,A) 0.381443298969
[DEBUG] rsomenot79(A,B) :- somenot79(C,A), some79(B,D) 0.381443298969
[DEBUG] rsomenot79(A,B) :- somenot79(C,A), some79(D,C) 0.381443298969
[DEBUG] rsomenot79(A,B) :- somenot79(C,A), no79(B,C) 0.381443298969
[DEBUG] rsomenot79(A,B) :- somenot79(C,A), no79(B,D) 0.381443298969
[DEBUG] rsomenot79(A,B) :- somenot79(C,A), no79(D,C) 0.381443298969
[DEBUG] rsomenot79(A,B) :- somenot79(C,A), somenot79(C,B) 0.381443298969
[DEBUG] rsomenot79(A,B) :- somenot79(C,A), somenot79(D,B) 0.381443298969
[DEBUG] rsomenot79(A,B) :- some79(C,B), all79(A,C) 0.381443298969
[DEBUG] rsomenot79(A,B) :- some79(C,B), all79(A,D) 0.381443298969
[DEBUG] rsomenot79(A,B) :- some79(C,B), all79(D,C) 0.381443298969
[DEBUG] rsomenot79(A,B) :- some79(C,B), some79(C,A) 0.381443298969
[DEBUG] rsomenot79(A,B) :- some79(C,B), some79(D,A) 0.381443298969
[DEBUG] rsomenot79(A,B) :- some79(A,C), all79(B,C) 0.381443298969
[DEBUG] rsomenot79(A,B) :- some79(A,C), all79(B,D) 0.381443298969
[DEBUG] rsomenot79(A,B) :- some79(A,C), all79(D,C) 0.381443298969
[DEBUG] rsomenot79(A,B) :- some79(A,C), some79(B,D) 0.381443298969
[DEBUG] rsomenot79(A,B) :- some79(A,C), no79(C,B) 0.381443298969
[DEBUG] rsomenot79(A,B) :- some79(A,C), no79(C,D) 0.381443298969
[DEBUG] rsomenot79(A,B) :- some79(A,C), no79(D,B) 0.381443298969
[DEBUG] rsomenot79(A,B) :- some79(C,A), some79(B,D) 0.381443298969
[DEBUG] rsomenot79(A,B) :- some79(C,A), some79(D,C) 0.381443298969
[DEBUG] rsomenot79(A,B) :- some79(C,A), some79(D,B) 0.381443298969
[DEBUG] rsomenot79(A,B) :- somenot79(B,C), all79(C,A) 0.381443298969
[DEBUG] rsomenot79(A,B) :- somenot79(B,C), all79(C,D) 0.381443298969
[DEBUG] rsomenot79(A,B) :- somenot79(B,C), all79(D,A) 0.381443298969
[DEBUG] rsomenot79(A,B) :- somenot79(B,C), somenot79(A,C) 0.381443298969
[DEBUG] rsomenot79(A,B) :- somenot79(B,C), somenot79(A,D) 0.381443298969
[DEBUG] rsomenot79(A,B) :- all79(C,A), some79(B,D) 0.381443298969
[DEBUG] rsomenot79(A,B) :- all79(C,A), some79(D,C) 0.381443298969
[DEBUG] rsomenot79(A,B) :- all79(C,A), somenot79(B,D) 0.381443298969
[DEBUG] rsomenot79(A,B) :- all79(C,A), somenot79(D,C) 0.381443298969
[DEBUG] rsomenot79(A,B) :- somenot79(A,C), all79(C,B) 0.381443298969
[DEBUG] rsomenot79(A,B) :- somenot79(A,C), all79(C,D) 0.381443298969
[DEBUG] rsomenot79(A,B) :- somenot79(A,C), all79(D,B) 0.381443298969
[DEBUG] rsomenot79(A,B) :- somenot79(A,C), somenot79(B,D) 0.381443298969
[DEBUG] rsomenot79(A,B) :- somenot79(C,B), no79(C,A) 0.381443298969
[DEBUG] rsomenot79(A,B) :- somenot79(C,B), no79(C,D) 0.381443298969
[DEBUG] rsomenot79(A,B) :- somenot79(C,B), no79(D,A) 0.381443298969
[DEBUG] rsomenot79(A,B) :- somenot79(C,B), somenot79(D,A) 0.381443298969
[DEBUG] rsomenot79(A,B) :- all79(A,C), some79(C,D) 0.381443298969
[DEBUG] rsomenot79(A,B) :- all79(A,C), some79(D,B) 0.381443298969
[DEBUG] rsomenot79(A,B) :- all79(B,C), some79(A,D) 0.381443298969
[DEBUG] rsomenot79(A,B) :- all79(B,C), some79(D,C) 0.381443298969
[DEBUG] rsomenot79(A,B) :- all79(C,B), somenot79(A,D) 0.381443298969
[DEBUG] rsomenot79(A,B) :- all79(C,B), somenot79(D,C) 0.381443298969
[DEBUG] rsomenot79(A,B) :- no79(B,C), somenot79(C,D) 0.381443298969
[DEBUG] rsomenot79(A,B) :- no79(B,C), somenot79(D,A) 0.381443298969
[DEBUG] rsomenot79(A,B) :- no79(C,A), somenot79(C,D) 0.381443298969
[DEBUG] rsomenot79(A,B) :- no79(C,A), somenot79(D,B) 0.381443298969
[DEBUG] rsomenot79(A,B) :- no79(C,B), some79(A,D) 0.381443298969
[DEBUG] rsomenot79(A,B) :- no79(C,B), some79(D,C) 0.381443298969
[DEBUG] rsomenot79(A,B) :- some79(B,C), \+all79(A,C) 0.296023564065
[DEBUG] rsomenot79(A,B) :- some79(B,C), \+no79(C,A) 0.296023564065
[DEBUG] rsomenot79(A,B) :- some79(B,C), \+somenot79(A,C) 0.296023564065
[DEBUG] rsomenot79(A,B) :- some79(B,C), \+no79(A,C) 0.276288659794
[DEBUG] rsomenot79(A,B) :- some79(C,B), \+some79(A,C) 0.268041237113
[DEBUG] rsomenot79(A,B) :- somenot79(C,A), \+all79(C,B) 0.262027491409
[DEBUG] rsomenot79(A,B) :- somenot79(C,A), \+no79(C,B) 0.262027491409
[DEBUG] rsomenot79(A,B) :- somenot79(C,A), \+all79(B,C) 0.241871530531
[DEBUG] rsomenot79(A,B) :- somenot79(C,A), \+some79(C,B) 0.241871530531
[DEBUG] rsomenot79(A,B) :- somenot79(C,A), \+somenot79(B,C) 0.241871530531
[DEBUG] rsomenot79(A,B) :- some79(C,B), \+no79(A,C) 0.238258877434
[DEBUG] rsomenot79(A,B) :- some79(C,B), \+somenot79(A,C) 0.238258877434
[DEBUG] rsomenot79(A,B) :- some79(C,B), \+somenot79(C,A) 0.238258877434
[DEBUG] rsomenot79(A,B) :- some79(C,A), \+all79(C,B) 0.238258877434
[DEBUG] rsomenot79(A,B) :- some79(C,A), \+all79(B,C) 0.238258877434
[DEBUG] rsomenot79(A,B) :- somenot79(B,C), \+some79(A,C) 0.238258877434
[DEBUG] rsomenot79(A,B) :- somenot79(B,C), \+no79(A,C) 0.238258877434
[DEBUG] rsomenot79(A,B) :- some79(B,C), \+all79(C,A) 0.224594992636
[DEBUG] rsomenot79(A,B) :- some79(B,C), \+some79(A,C) 0.224594992636
[DEBUG] rsomenot79(A,B) :- some79(B,C), \+some79(C,A) 0.224594992636
[DEBUG] rsomenot79(A,B) :- some79(B,C), \+somenot79(C,A) 0.224594992636
[DEBUG] rsomenot79(A,B) :- some79(A,C), \+all79(C,B) 0.224594992636
[DEBUG] rsomenot79(A,B) :- some79(A,C), \+some79(C,B) 0.224594992636
[DEBUG] rsomenot79(A,B) :- some79(A,C), \+somenot79(C,B) 0.224594992636
[DEBUG] rsomenot79(A,B) :- some79(A,C), \+somenot79(B,C) 0.224594992636
[DEBUG] rsomenot79(A,B) :- some79(C,A), \+no79(B,C) 0.214432989691
[DEBUG] rsomenot79(A,B) :- some79(C,A), \+somenot79(C,B) 0.214432989691
[DEBUG] rsomenot79(A,B) :- somenot79(B,C), \+all79(A,C) 0.214432989691
[DEBUG] rsomenot79(A,B) :- somenot79(B,C), \+somenot79(C,A) 0.214432989691
[DEBUG] rsomenot79(A,B) :- all79(C,A), \+all79(C,B) 0.214432989691
[DEBUG] rsomenot79(A,B) :- all79(C,A), \+no79(C,B) 0.214432989691
[DEBUG] rsomenot79(A,B) :- all79(C,A), \+no79(B,C) 0.214432989691
[DEBUG] rsomenot79(A,B) :- somenot79(A,C), \+some79(B,C) 0.214432989691
[DEBUG] rsomenot79(A,B) :- somenot79(A,C), \+no79(B,C) 0.214432989691
[DEBUG] rsomenot79(A,B) :- somenot79(C,B), \+some79(A,C) 0.214432989691
[DEBUG] rsomenot79(A,B) :- somenot79(C,B), \+no79(A,C) 0.214432989691
[DEBUG] rsomenot79(A,B) :- some79(A,C), \+no79(B,C) 0.209621993127
[DEBUG] rsomenot79(A,B) :- all79(C,A), \+all79(B,C) 0.194939081537
[DEBUG] ==================================
[INFO] RULE LEARNED: rsomenot79(A,B) :- some79(B,C), all79(C,A) 0.865384615385
