[LVL9] Output level: 9
[INFO] Random seed: 0.436367860375
[INFO] Computing scores: 0.0445s
[INFO] Number of examples (M): 114
[INFO] Positive weight (P): 10.0000
[INFO] Negative weight (N): 104.0000
[DEBUG] Best rule so far: rsomenot102(A,B) :- true [0.0877192982456]
[DEBUG] Candidates for iteration 1:
[DEBUG] ==================================
[DEBUG] rsomenot102(A,B) :- true 0.0877192982456
[DEBUG] ==================================
[LVL9] rsomenot102(A,B) :- all102(A,C) 0.0 (1.0, 14.0, 90.0, 9.0) 0.543859649123 [ACCEPT]
[LVL9] rsomenot102(A,B) :- all102(C,A) 0.272514619883 (4.0, 10.0, 94.0, 6.0) 0.817543859649 [ACCEPT]
[LVL9] BETTER RULE rsomenot102(A,B) :- all102(C,A) (0.27251461988304093, 4.0) > (0.08771929824561404, 10.0)
[LVL9] rsomenot102(A,B) :- some102(A,C) 0.19298245614 (3.0, 12.0, 92.0, 7.0) 0.771929824561 [ACCEPT]
[LVL9] rsomenot102(A,B) :- some102(B,C) 0.0 (1.0, 14.0, 90.0, 9.0) 0.543859649123 [ACCEPT]
[LVL9] rsomenot102(A,B) :- some102(C,B) 0.0 (1.0, 13.0, 91.0, 9.0) 0.543859649123 [ACCEPT]
[LVL9] rsomenot102(A,B) :- no102(B,C) 0.0 (1.0, 12.0, 92.0, 9.0) 0.543859649123 [ACCEPT]
[LVL9] rsomenot102(A,B) :- no102(C,B) 0.19298245614 (3.0, 12.0, 92.0, 7.0) 0.771929824561 [ACCEPT]
[LVL9] rsomenot102(A,B) :- somenot102(A,C) 0.13918128655 (2.0, 12.0, 92.0, 8.0) 0.695906432749 [ACCEPT]
[LVL9] rsomenot102(A,B) :- somenot102(B,C) 0.0 (1.0, 13.0, 91.0, 9.0) 0.543859649123 [ACCEPT]
[LVL9] rsomenot102(A,B) :- somenot102(C,B) 0.205847953216 (3.0, 11.0, 93.0, 7.0) 0.771929824561 [ACCEPT]
[DEBUG] Best rule so far: rsomenot102(A,B) :- all102(C,A) [0.272514619883]
[DEBUG] Candidates for iteration 2:
[DEBUG] ==================================
[DEBUG] rsomenot102(A,B) :- all102(C,A) 0.272514619883
[DEBUG] rsomenot102(A,B) :- somenot102(C,B) 0.205847953216
[DEBUG] rsomenot102(A,B) :- some102(A,C) 0.19298245614
[DEBUG] rsomenot102(A,B) :- no102(C,B) 0.19298245614
[DEBUG] rsomenot102(A,B) :- somenot102(A,C) 0.13918128655
[DEBUG] rsomenot102(A,B) :- all102(A,C) 0.0
[DEBUG] rsomenot102(A,B) :- some102(B,C) 0.0
[DEBUG] rsomenot102(A,B) :- some102(C,B) 0.0
[DEBUG] rsomenot102(A,B) :- no102(B,C) 0.0
[DEBUG] rsomenot102(A,B) :- somenot102(B,C) 0.0
[DEBUG] ==================================
[LVL9] rsomenot102(A,B) :- all102(C,A), some102(B,C) 0.362573099415 (1.0, 1.0, 103.0, 9.0) 0.543859649123 [ACCEPT]
[LVL9] BETTER RULE rsomenot102(A,B) :- all102(C,A), some102(B,C) (0.3625730994152047, 1.0) > (0.27251461988304093, 4.0)
[LVL9] rsomenot102(A,B) :- all102(C,A), some102(B,D) 0.362573099415 (1.0, 1.0, 103.0, 9.0) 0.543859649123 [ACCEPT]
[LVL9] rsomenot102(A,B) :- all102(C,A), some102(D,C) 0.362573099415 (1.0, 1.0, 103.0, 9.0) 0.543859649123 [ACCEPT]
[LVL9] rsomenot102(A,B) :- all102(C,A), no102(C,B) 0.362573099415 (1.0, 1.0, 103.0, 9.0) 0.543859649123 [ACCEPT]
[LVL9] rsomenot102(A,B) :- all102(C,A), no102(C,D) 0.362573099415 (1.0, 1.0, 103.0, 9.0) 0.543859649123 [ACCEPT]
[LVL9] rsomenot102(A,B) :- all102(C,A), no102(D,B) 0.362573099415 (1.0, 1.0, 103.0, 9.0) 0.543859649123 [ACCEPT]
[LVL9] rsomenot102(A,B) :- all102(C,A), somenot102(C,B) 0.362573099415 (1.0, 1.0, 103.0, 9.0) 0.543859649123 [ACCEPT]
[LVL9] rsomenot102(A,B) :- all102(C,A), somenot102(B,C) 0.362573099415 (1.0, 1.0, 103.0, 9.0) 0.543859649123 [ACCEPT]
[LVL9] rsomenot102(A,B) :- all102(C,A), somenot102(C,D) 0.362573099415 (1.0, 1.0, 103.0, 9.0) 0.543859649123 [ACCEPT]
[LVL9] rsomenot102(A,B) :- all102(C,A), somenot102(B,D) 0.362573099415 (1.0, 1.0, 103.0, 9.0) 0.543859649123 [ACCEPT]
[LVL9] rsomenot102(A,B) :- all102(C,A), somenot102(D,C) 0.362573099415 (1.0, 1.0, 103.0, 9.0) 0.543859649123 [ACCEPT]
[LVL9] rsomenot102(A,B) :- all102(C,A), somenot102(D,B) 0.362573099415 (1.0, 1.0, 103.0, 9.0) 0.543859649123 [ACCEPT]
[LVL9] rsomenot102(A,B) :- all102(C,A), \+all102(C,B) 0.314439946019 (4.0, 8.0, 96.0, 6.0) 0.817543859649 [ACCEPT]
[LVL9] rsomenot102(A,B) :- all102(C,A), \+all102(B,C) 0.314439946019 (4.0, 8.0, 96.0, 6.0) 0.817543859649 [ACCEPT]
[LVL9] rsomenot102(A,B) :- all102(C,A), \+some102(C,B) 0.291979949875 (4.0, 9.0, 95.0, 6.0) 0.817543859649 [ACCEPT]
[LVL9] rsomenot102(A,B) :- all102(C,A), \+some102(B,C) 0.237516869096 (3.0, 9.0, 95.0, 7.0) 0.771929824561 [ACCEPT]
[LVL9] rsomenot102(A,B) :- all102(C,A), \+no102(C,B) 0.237516869096 (3.0, 9.0, 95.0, 7.0) 0.771929824561 [ACCEPT]
[LVL9] rsomenot102(A,B) :- all102(C,A), \+no102(B,C) 0.291979949875 (4.0, 9.0, 95.0, 6.0) 0.817543859649 [ACCEPT]
[LVL9] rsomenot102(A,B) :- all102(C,A), \+somenot102(C,B) 0.237516869096 (3.0, 9.0, 95.0, 7.0) 0.771929824561 [ACCEPT]
[LVL9] rsomenot102(A,B) :- all102(C,A), \+somenot102(B,C) 0.237516869096 (3.0, 9.0, 95.0, 7.0) 0.771929824561 [ACCEPT]
[LVL9] rsomenot102(A,B) :- somenot102(C,B), all102(A,C) 0.362573099415 (1.0, 1.0, 103.0, 9.0) 0.543859649123 [ACCEPT]
[LVL9] rsomenot102(A,B) :- somenot102(C,B), all102(A,D) 0.362573099415 (1.0, 1.0, 103.0, 9.0) 0.543859649123 [ACCEPT]
[LVL9] rsomenot102(A,B) :- somenot102(C,B), all102(C,D) 0.362573099415 (1.0, 1.0, 103.0, 9.0) 0.543859649123 [ACCEPT]
[LVL9] rsomenot102(A,B) :- somenot102(C,B), all102(D,A) 0.362573099415 (1.0, 1.0, 103.0, 9.0) 0.543859649123 [ACCEPT]
[LVL9] rsomenot102(A,B) :- somenot102(C,B), all102(D,C) 0.362573099415 (1.0, 1.0, 103.0, 9.0) 0.543859649123 [ACCEPT]
[LVL9] rsomenot102(A,B) :- somenot102(C,B), some102(A,C) 0.362573099415 (1.0, 1.0, 103.0, 9.0) 0.543859649123 [ACCEPT]
[LVL9] rsomenot102(A,B) :- somenot102(C,B), some102(A,D) 0.362573099415 (1.0, 1.0, 103.0, 9.0) 0.543859649123 [ACCEPT]
[LVL9] rsomenot102(A,B) :- somenot102(C,B), some102(D,C) 0.362573099415 (1.0, 1.0, 103.0, 9.0) 0.543859649123 [ACCEPT]
[LVL9] rsomenot102(A,B) :- somenot102(C,B), \+all102(A,C) 0.160593792173 (2.0, 10.0, 94.0, 8.0) 0.695906432749 [ACCEPT]
[LVL9] rsomenot102(A,B) :- somenot102(C,B), \+all102(C,A) 0.160593792173 (2.0, 10.0, 94.0, 8.0) 0.695906432749 [ACCEPT]
[LVL9] rsomenot102(A,B) :- somenot102(C,B), \+some102(A,C) 0.160593792173 (2.0, 10.0, 94.0, 8.0) 0.695906432749 [ACCEPT]
[LVL9] rsomenot102(A,B) :- somenot102(C,B), \+some102(C,A) 0.237516869096 (3.0, 9.0, 95.0, 7.0) 0.771929824561 [ACCEPT]
[LVL9] rsomenot102(A,B) :- somenot102(C,B), \+no102(A,C) 0.237516869096 (3.0, 9.0, 95.0, 7.0) 0.771929824561 [ACCEPT]
[LVL9] rsomenot102(A,B) :- somenot102(C,B), \+no102(C,A) 0.220551378446 (3.0, 10.0, 94.0, 7.0) 0.771929824561 [ACCEPT]
[LVL9] rsomenot102(A,B) :- somenot102(C,B), \+somenot102(A,C) 0.220551378446 (3.0, 10.0, 94.0, 7.0) 0.771929824561 [ACCEPT]
[LVL9] rsomenot102(A,B) :- somenot102(C,B), \+somenot102(C,A) 0.237516869096 (3.0, 9.0, 95.0, 7.0) 0.771929824561 [ACCEPT]
[LVL9] rsomenot102(A,B) :- some102(A,C), no102(C,B) 0.362573099415 (1.0, 1.0, 103.0, 9.0) 0.543859649123 [ACCEPT]
[LVL9] rsomenot102(A,B) :- some102(A,C), no102(B,C) 0.543859649123 (1.0, 0.0, 104.0, 9.0) 0.543859649123 [REJECT* fp] 0.0
[LVL9] BETTER RULE rsomenot102(A,B) :- some102(A,C), no102(B,C) (0.543859649122807, 1.0) > (0.3625730994152047, 1.0)
[LVL9] rsomenot102(A,B) :- some102(A,C), \+all102(C,B) 0.220551378446 (3.0, 10.0, 94.0, 7.0) 0.771929824561 [ACCEPT]
[LVL9] rsomenot102(A,B) :- some102(A,C), \+all102(B,C) 0.220551378446 (3.0, 10.0, 94.0, 7.0) 0.771929824561 [ACCEPT]
[LVL9] rsomenot102(A,B) :- some102(A,C), \+some102(C,B) 0.220551378446 (3.0, 10.0, 94.0, 7.0) 0.771929824561 [ACCEPT]
[LVL9] rsomenot102(A,B) :- some102(A,C), \+some102(B,C) 0.220551378446 (3.0, 10.0, 94.0, 7.0) 0.771929824561 [ACCEPT]
[LVL9] rsomenot102(A,B) :- some102(A,C), \+no102(C,B) 0.149122807018 (2.0, 11.0, 93.0, 8.0) 0.695906432749 [ACCEPT]
[LVL9] rsomenot102(A,B) :- some102(A,C), \+somenot102(C,B) 0.149122807018 (2.0, 11.0, 93.0, 8.0) 0.695906432749 [ACCEPT]
[LVL9] rsomenot102(A,B) :- some102(A,C), \+somenot102(B,C) 0.220551378446 (3.0, 10.0, 94.0, 7.0) 0.771929824561 [ACCEPT]
[LVL9] rsomenot102(A,B) :- no102(C,B), \+all102(A,C) 0.220551378446 (3.0, 10.0, 94.0, 7.0) 0.771929824561 [ACCEPT]
[LVL9] rsomenot102(A,B) :- no102(C,B), \+all102(C,A) 0.149122807018 (2.0, 11.0, 93.0, 8.0) 0.695906432749 [ACCEPT]
[LVL9] rsomenot102(A,B) :- no102(C,B), \+some102(A,C) 0.149122807018 (2.0, 11.0, 93.0, 8.0) 0.695906432749 [ACCEPT]
[LVL9] rsomenot102(A,B) :- no102(C,B), \+some102(C,A) 0.220551378446 (3.0, 10.0, 94.0, 7.0) 0.771929824561 [ACCEPT]
[LVL9] rsomenot102(A,B) :- no102(C,B), \+no102(A,C) 0.220551378446 (3.0, 10.0, 94.0, 7.0) 0.771929824561 [ACCEPT]
[LVL9] rsomenot102(A,B) :- no102(C,B), \+no102(C,A) 0.220551378446 (3.0, 10.0, 94.0, 7.0) 0.771929824561 [ACCEPT]
[LVL9] rsomenot102(A,B) :- no102(C,B), \+somenot102(A,C) 0.149122807018 (2.0, 11.0, 93.0, 8.0) 0.695906432749 [ACCEPT]
[LVL9] rsomenot102(A,B) :- no102(C,B), \+somenot102(C,A) 0.205847953216 (3.0, 11.0, 93.0, 7.0) 0.771929824561 [ACCEPT]
[LVL9] rsomenot102(A,B) :- somenot102(A,C), \+all102(C,B) 0.160593792173 (2.0, 10.0, 94.0, 8.0) 0.695906432749 [ACCEPT]
[LVL9] rsomenot102(A,B) :- somenot102(A,C), \+all102(B,C) 0.149122807018 (2.0, 11.0, 93.0, 8.0) 0.695906432749 [ACCEPT]
[LVL9] rsomenot102(A,B) :- somenot102(A,C), \+some102(B,C) 0.160593792173 (2.0, 10.0, 94.0, 8.0) 0.695906432749 [ACCEPT]
[LVL9] rsomenot102(A,B) :- somenot102(A,C), \+no102(B,C) 0.160593792173 (2.0, 10.0, 94.0, 8.0) 0.695906432749 [ACCEPT]
[LVL9] rsomenot102(A,B) :- somenot102(A,C), \+somenot102(C,B) 0.149122807018 (2.0, 11.0, 93.0, 8.0) 0.695906432749 [ACCEPT]
[LVL9] rsomenot102(A,B) :- somenot102(A,C), \+somenot102(B,C) 0.160593792173 (2.0, 10.0, 94.0, 8.0) 0.695906432749 [ACCEPT]
[DEBUG] Best rule so far: rsomenot102(A,B) :- some102(A,C), no102(B,C) [0.543859649123]
[DEBUG] Candidates for iteration 3:
[DEBUG] ==================================
[DEBUG] rsomenot102(A,B) :- all102(C,A), some102(B,C) 0.362573099415
[DEBUG] rsomenot102(A,B) :- all102(C,A), some102(B,D) 0.362573099415
[DEBUG] rsomenot102(A,B) :- all102(C,A), some102(D,C) 0.362573099415
[DEBUG] rsomenot102(A,B) :- all102(C,A), no102(C,B) 0.362573099415
[DEBUG] rsomenot102(A,B) :- all102(C,A), no102(C,D) 0.362573099415
[DEBUG] rsomenot102(A,B) :- all102(C,A), no102(D,B) 0.362573099415
[DEBUG] rsomenot102(A,B) :- all102(C,A), somenot102(C,B) 0.362573099415
[DEBUG] rsomenot102(A,B) :- all102(C,A), somenot102(B,C) 0.362573099415
[DEBUG] rsomenot102(A,B) :- all102(C,A), somenot102(C,D) 0.362573099415
[DEBUG] rsomenot102(A,B) :- all102(C,A), somenot102(B,D) 0.362573099415
[DEBUG] rsomenot102(A,B) :- all102(C,A), somenot102(D,C) 0.362573099415
[DEBUG] rsomenot102(A,B) :- all102(C,A), somenot102(D,B) 0.362573099415
[DEBUG] rsomenot102(A,B) :- somenot102(C,B), all102(A,C) 0.362573099415
[DEBUG] rsomenot102(A,B) :- somenot102(C,B), all102(A,D) 0.362573099415
[DEBUG] rsomenot102(A,B) :- somenot102(C,B), all102(C,D) 0.362573099415
[DEBUG] rsomenot102(A,B) :- somenot102(C,B), all102(D,A) 0.362573099415
[DEBUG] rsomenot102(A,B) :- somenot102(C,B), all102(D,C) 0.362573099415
[DEBUG] rsomenot102(A,B) :- somenot102(C,B), some102(A,C) 0.362573099415
[DEBUG] rsomenot102(A,B) :- somenot102(C,B), some102(A,D) 0.362573099415
[DEBUG] rsomenot102(A,B) :- somenot102(C,B), some102(D,C) 0.362573099415
[DEBUG] rsomenot102(A,B) :- some102(A,C), no102(C,B) 0.362573099415
[DEBUG] rsomenot102(A,B) :- all102(C,A), \+all102(C,B) 0.314439946019
[DEBUG] rsomenot102(A,B) :- all102(C,A), \+all102(B,C) 0.314439946019
[DEBUG] rsomenot102(A,B) :- all102(C,A), \+some102(C,B) 0.291979949875
[DEBUG] rsomenot102(A,B) :- all102(C,A), \+no102(B,C) 0.291979949875
[DEBUG] rsomenot102(A,B) :- all102(C,A), \+some102(B,C) 0.237516869096
[DEBUG] rsomenot102(A,B) :- all102(C,A), \+no102(C,B) 0.237516869096
[DEBUG] rsomenot102(A,B) :- all102(C,A), \+somenot102(C,B) 0.237516869096
[DEBUG] rsomenot102(A,B) :- all102(C,A), \+somenot102(B,C) 0.237516869096
[DEBUG] rsomenot102(A,B) :- somenot102(C,B), \+some102(C,A) 0.237516869096
[DEBUG] rsomenot102(A,B) :- somenot102(C,B), \+no102(A,C) 0.237516869096
[DEBUG] rsomenot102(A,B) :- somenot102(C,B), \+somenot102(C,A) 0.237516869096
[DEBUG] rsomenot102(A,B) :- somenot102(C,B), \+no102(C,A) 0.220551378446
[DEBUG] rsomenot102(A,B) :- somenot102(C,B), \+somenot102(A,C) 0.220551378446
[DEBUG] rsomenot102(A,B) :- some102(A,C), \+all102(C,B) 0.220551378446
[DEBUG] rsomenot102(A,B) :- some102(A,C), \+all102(B,C) 0.220551378446
[DEBUG] rsomenot102(A,B) :- some102(A,C), \+some102(C,B) 0.220551378446
[DEBUG] rsomenot102(A,B) :- some102(A,C), \+some102(B,C) 0.220551378446
[DEBUG] rsomenot102(A,B) :- some102(A,C), \+somenot102(B,C) 0.220551378446
[DEBUG] rsomenot102(A,B) :- no102(C,B), \+all102(A,C) 0.220551378446
[DEBUG] rsomenot102(A,B) :- no102(C,B), \+some102(C,A) 0.220551378446
[DEBUG] rsomenot102(A,B) :- no102(C,B), \+no102(A,C) 0.220551378446
[DEBUG] rsomenot102(A,B) :- no102(C,B), \+no102(C,A) 0.220551378446
[DEBUG] rsomenot102(A,B) :- no102(C,B), \+somenot102(C,A) 0.205847953216
[DEBUG] rsomenot102(A,B) :- somenot102(C,B), \+all102(A,C) 0.160593792173
[DEBUG] rsomenot102(A,B) :- somenot102(C,B), \+all102(C,A) 0.160593792173
[DEBUG] rsomenot102(A,B) :- somenot102(C,B), \+some102(A,C) 0.160593792173
[DEBUG] rsomenot102(A,B) :- somenot102(A,C), \+all102(C,B) 0.160593792173
[DEBUG] rsomenot102(A,B) :- somenot102(A,C), \+some102(B,C) 0.160593792173
[DEBUG] rsomenot102(A,B) :- somenot102(A,C), \+no102(B,C) 0.160593792173
[DEBUG] rsomenot102(A,B) :- somenot102(A,C), \+somenot102(B,C) 0.160593792173
[DEBUG] rsomenot102(A,B) :- some102(A,C), \+no102(C,B) 0.149122807018
[DEBUG] rsomenot102(A,B) :- some102(A,C), \+somenot102(C,B) 0.149122807018
[DEBUG] rsomenot102(A,B) :- no102(C,B), \+all102(C,A) 0.149122807018
[DEBUG] rsomenot102(A,B) :- no102(C,B), \+some102(A,C) 0.149122807018
[DEBUG] rsomenot102(A,B) :- no102(C,B), \+somenot102(A,C) 0.149122807018
[DEBUG] rsomenot102(A,B) :- somenot102(A,C), \+all102(B,C) 0.149122807018
[DEBUG] rsomenot102(A,B) :- somenot102(A,C), \+somenot102(C,B) 0.149122807018
[DEBUG] ==================================
[INFO] RULE LEARNED: rsomenot102(A,B) :- some102(A,C), no102(B,C) 0.921052631579
[DEBUG] Best rule so far: rsomenot102(A,B) :- true [0.0796460176991]
[DEBUG] Candidates for iteration 1:
[DEBUG] ==================================
[DEBUG] rsomenot102(A,B) :- true 0.0796460176991
[DEBUG] ==================================
[LVL9] rsomenot102(A,B) :- all102(A,C) 0.0 (2.0, 14.0, 90.0, 8.0) 0.53982300885 [ACCEPT]
[LVL9] rsomenot102(A,B) :- all102(C,A) 0.27197640118 (5.0, 10.0, 94.0, 5.0) 0.81592920354 [ACCEPT]
[LVL9] BETTER RULE rsomenot102(A,B) :- all102(C,A) (0.27197640117994104, 5.0) > (0.07964601769911504, 10.0)
[LVL9] rsomenot102(A,B) :- some102(A,C) 0.138643067847 (3.0, 12.0, 92.0, 7.0) 0.693215339233 [ACCEPT]
[LVL9] rsomenot102(A,B) :- some102(B,C) 0.0 (2.0, 14.0, 90.0, 8.0) 0.53982300885 [ACCEPT]
[LVL9] rsomenot102(A,B) :- some102(C,B) 0.0 (2.0, 13.0, 91.0, 8.0) 0.53982300885 [ACCEPT]
[LVL9] rsomenot102(A,B) :- no102(C,B) 0.192477876106 (4.0, 12.0, 92.0, 6.0) 0.769911504425 [ACCEPT]
[LVL9] rsomenot102(A,B) :- somenot102(A,C) 0.138643067847 (3.0, 12.0, 92.0, 7.0) 0.693215339233 [ACCEPT]
[LVL9] rsomenot102(A,B) :- somenot102(B,C) 0.0 (2.0, 13.0, 91.0, 8.0) 0.53982300885 [ACCEPT]
[LVL9] rsomenot102(A,B) :- somenot102(C,B) 0.205309734513 (4.0, 11.0, 93.0, 6.0) 0.769911504425 [ACCEPT]
[DEBUG] Best rule so far: rsomenot102(A,B) :- all102(C,A) [0.27197640118]
[DEBUG] Candidates for iteration 2:
[DEBUG] ==================================
[DEBUG] rsomenot102(A,B) :- all102(C,A) 0.27197640118
[DEBUG] rsomenot102(A,B) :- somenot102(C,B) 0.205309734513
[DEBUG] rsomenot102(A,B) :- no102(C,B) 0.192477876106
[DEBUG] rsomenot102(A,B) :- some102(A,C) 0.138643067847
[DEBUG] rsomenot102(A,B) :- somenot102(A,C) 0.138643067847
[DEBUG] rsomenot102(A,B) :- all102(A,C) 0.0
[DEBUG] rsomenot102(A,B) :- some102(B,C) 0.0
[DEBUG] rsomenot102(A,B) :- some102(C,B) 0.0
[DEBUG] rsomenot102(A,B) :- somenot102(B,C) 0.0
[DEBUG] ==================================
[LVL9] rsomenot102(A,B) :- all102(C,A), some102(B,C) 0.3598820059 (2.0, 1.0, 103.0, 8.0) 0.53982300885 [ACCEPT]
[LVL9] BETTER RULE rsomenot102(A,B) :- all102(C,A), some102(B,C) (0.359882005899705, 2.0) > (0.27197640117994104, 5.0)
[LVL9] rsomenot102(A,B) :- all102(C,A), some102(B,D) 0.3598820059 (2.0, 1.0, 103.0, 8.0) 0.53982300885 [ACCEPT]
[LVL9] rsomenot102(A,B) :- all102(C,A), some102(D,C) 0.3598820059 (2.0, 1.0, 103.0, 8.0) 0.53982300885 [ACCEPT]
[LVL9] rsomenot102(A,B) :- all102(C,A), no102(C,B) 0.3598820059 (2.0, 1.0, 103.0, 8.0) 0.53982300885 [ACCEPT]
[LVL9] rsomenot102(A,B) :- all102(C,A), no102(C,D) 0.3598820059 (2.0, 1.0, 103.0, 8.0) 0.53982300885 [ACCEPT]
[LVL9] rsomenot102(A,B) :- all102(C,A), no102(D,B) 0.3598820059 (2.0, 1.0, 103.0, 8.0) 0.53982300885 [ACCEPT]
[LVL9] rsomenot102(A,B) :- all102(C,A), somenot102(C,B) 0.3598820059 (2.0, 1.0, 103.0, 8.0) 0.53982300885 [ACCEPT]
[LVL9] rsomenot102(A,B) :- all102(C,A), somenot102(B,C) 0.3598820059 (2.0, 1.0, 103.0, 8.0) 0.53982300885 [ACCEPT]
[LVL9] rsomenot102(A,B) :- all102(C,A), somenot102(C,D) 0.3598820059 (2.0, 1.0, 103.0, 8.0) 0.53982300885 [ACCEPT]
[LVL9] rsomenot102(A,B) :- all102(C,A), somenot102(B,D) 0.3598820059 (2.0, 1.0, 103.0, 8.0) 0.53982300885 [ACCEPT]
[LVL9] rsomenot102(A,B) :- all102(C,A), somenot102(D,C) 0.3598820059 (2.0, 1.0, 103.0, 8.0) 0.53982300885 [ACCEPT]
[LVL9] rsomenot102(A,B) :- all102(C,A), somenot102(D,B) 0.3598820059 (2.0, 1.0, 103.0, 8.0) 0.53982300885 [ACCEPT]
[LVL9] rsomenot102(A,B) :- all102(C,A), \+all102(C,B) 0.313818924438 (5.0, 8.0, 96.0, 5.0) 0.81592920354 [ACCEPT]
[LVL9] rsomenot102(A,B) :- all102(C,A), \+all102(B,C) 0.313818924438 (5.0, 8.0, 96.0, 5.0) 0.81592920354 [ACCEPT]
[LVL9] rsomenot102(A,B) :- all102(C,A), \+some102(C,B) 0.291403286979 (5.0, 9.0, 95.0, 5.0) 0.81592920354 [ACCEPT]
[LVL9] rsomenot102(A,B) :- all102(C,A), \+some102(B,C) 0.236895847515 (4.0, 9.0, 95.0, 6.0) 0.769911504425 [ACCEPT]
[LVL9] rsomenot102(A,B) :- all102(C,A), \+no102(C,B) 0.236895847515 (4.0, 9.0, 95.0, 6.0) 0.769911504425 [ACCEPT]
[LVL9] rsomenot102(A,B) :- all102(C,A), \+no102(B,C) 0.291403286979 (5.0, 9.0, 95.0, 5.0) 0.81592920354 [ACCEPT]
[LVL9] rsomenot102(A,B) :- all102(C,A), \+somenot102(C,B) 0.236895847515 (4.0, 9.0, 95.0, 6.0) 0.769911504425 [ACCEPT]
[LVL9] rsomenot102(A,B) :- all102(C,A), \+somenot102(B,C) 0.236895847515 (4.0, 9.0, 95.0, 6.0) 0.769911504425 [ACCEPT]
[LVL9] rsomenot102(A,B) :- somenot102(C,B), all102(A,C) 0.3598820059 (2.0, 1.0, 103.0, 8.0) 0.53982300885 [ACCEPT]
[LVL9] rsomenot102(A,B) :- somenot102(C,B), all102(A,D) 0.3598820059 (2.0, 1.0, 103.0, 8.0) 0.53982300885 [ACCEPT]
[LVL9] rsomenot102(A,B) :- somenot102(C,B), all102(C,D) 0.3598820059 (2.0, 1.0, 103.0, 8.0) 0.53982300885 [ACCEPT]
[LVL9] rsomenot102(A,B) :- somenot102(C,B), all102(D,A) 0.3598820059 (2.0, 1.0, 103.0, 8.0) 0.53982300885 [ACCEPT]
[LVL9] rsomenot102(A,B) :- somenot102(C,B), all102(D,C) 0.3598820059 (2.0, 1.0, 103.0, 8.0) 0.53982300885 [ACCEPT]
[LVL9] rsomenot102(A,B) :- somenot102(C,B), some102(A,C) 0.3598820059 (2.0, 1.0, 103.0, 8.0) 0.53982300885 [ACCEPT]
[LVL9] rsomenot102(A,B) :- somenot102(C,B), some102(A,D) 0.3598820059 (2.0, 1.0, 103.0, 8.0) 0.53982300885 [ACCEPT]
[LVL9] rsomenot102(A,B) :- somenot102(C,B), some102(D,C) 0.3598820059 (2.0, 1.0, 103.0, 8.0) 0.53982300885 [ACCEPT]
[LVL9] rsomenot102(A,B) :- somenot102(C,B), \+all102(A,C) 0.159972770592 (3.0, 10.0, 94.0, 7.0) 0.693215339233 [ACCEPT]
[LVL9] rsomenot102(A,B) :- somenot102(C,B), \+all102(C,A) 0.159972770592 (3.0, 10.0, 94.0, 7.0) 0.693215339233 [ACCEPT]
[LVL9] rsomenot102(A,B) :- somenot102(C,B), \+some102(A,C) 0.159972770592 (3.0, 10.0, 94.0, 7.0) 0.693215339233 [ACCEPT]
[LVL9] rsomenot102(A,B) :- somenot102(C,B), \+some102(C,A) 0.236895847515 (4.0, 9.0, 95.0, 6.0) 0.769911504425 [ACCEPT]
[LVL9] rsomenot102(A,B) :- somenot102(C,B), \+no102(A,C) 0.236895847515 (4.0, 9.0, 95.0, 6.0) 0.769911504425 [ACCEPT]
[LVL9] rsomenot102(A,B) :- somenot102(C,B), \+no102(C,A) 0.21997471555 (4.0, 10.0, 94.0, 6.0) 0.769911504425 [ACCEPT]
[LVL9] rsomenot102(A,B) :- somenot102(C,B), \+somenot102(A,C) 0.21997471555 (4.0, 10.0, 94.0, 6.0) 0.769911504425 [ACCEPT]
[LVL9] rsomenot102(A,B) :- somenot102(C,B), \+somenot102(C,A) 0.236895847515 (4.0, 9.0, 95.0, 6.0) 0.769911504425 [ACCEPT]
[LVL9] rsomenot102(A,B) :- no102(C,B), all102(C,D) 0.3598820059 (2.0, 1.0, 103.0, 8.0) 0.53982300885 [ACCEPT]
[LVL9] rsomenot102(A,B) :- no102(C,B), all102(D,A) 0.3598820059 (2.0, 1.0, 103.0, 8.0) 0.53982300885 [ACCEPT]
[LVL9] rsomenot102(A,B) :- no102(C,B), some102(A,C) 0.3598820059 (2.0, 1.0, 103.0, 8.0) 0.53982300885 [ACCEPT]
[LVL9] rsomenot102(A,B) :- no102(C,B), some102(A,D) 0.3598820059 (2.0, 1.0, 103.0, 8.0) 0.53982300885 [ACCEPT]
[LVL9] rsomenot102(A,B) :- no102(C,B), some102(D,C) 0.3598820059 (2.0, 1.0, 103.0, 8.0) 0.53982300885 [ACCEPT]
[LVL9] rsomenot102(A,B) :- no102(C,B), somenot102(A,C) 0.3598820059 (2.0, 1.0, 103.0, 8.0) 0.53982300885 [ACCEPT]
[LVL9] rsomenot102(A,B) :- no102(C,B), somenot102(A,D) 0.3598820059 (2.0, 1.0, 103.0, 8.0) 0.53982300885 [ACCEPT]
[LVL9] rsomenot102(A,B) :- no102(C,B), somenot102(D,C) 0.3598820059 (2.0, 1.0, 103.0, 8.0) 0.53982300885 [ACCEPT]
[LVL9] rsomenot102(A,B) :- no102(C,B), \+all102(A,C) 0.21997471555 (4.0, 10.0, 94.0, 6.0) 0.769911504425 [ACCEPT]
[LVL9] rsomenot102(A,B) :- no102(C,B), \+all102(C,A) 0.148546144121 (3.0, 11.0, 93.0, 7.0) 0.693215339233 [ACCEPT]
[LVL9] rsomenot102(A,B) :- no102(C,B), \+some102(A,C) 0.148546144121 (3.0, 11.0, 93.0, 7.0) 0.693215339233 [ACCEPT]
[LVL9] rsomenot102(A,B) :- no102(C,B), \+some102(C,A) 0.21997471555 (4.0, 10.0, 94.0, 6.0) 0.769911504425 [ACCEPT]
[LVL9] rsomenot102(A,B) :- no102(C,B), \+no102(A,C) 0.21997471555 (4.0, 10.0, 94.0, 6.0) 0.769911504425 [ACCEPT]
[LVL9] rsomenot102(A,B) :- no102(C,B), \+no102(C,A) 0.21997471555 (4.0, 10.0, 94.0, 6.0) 0.769911504425 [ACCEPT]
[LVL9] rsomenot102(A,B) :- no102(C,B), \+somenot102(A,C) 0.148546144121 (3.0, 11.0, 93.0, 7.0) 0.693215339233 [ACCEPT]
[LVL9] rsomenot102(A,B) :- no102(C,B), \+somenot102(C,A) 0.205309734513 (4.0, 11.0, 93.0, 6.0) 0.769911504425 [ACCEPT]
[LVL9] rsomenot102(A,B) :- some102(A,C), no102(C,D) 0.3598820059 (2.0, 1.0, 103.0, 8.0) 0.53982300885 [ACCEPT]
[LVL9] rsomenot102(A,B) :- some102(A,C), no102(D,B) 0.3598820059 (2.0, 1.0, 103.0, 8.0) 0.53982300885 [ACCEPT]
[LVL9] rsomenot102(A,B) :- some102(A,C), somenot102(C,D) 0.3598820059 (2.0, 1.0, 103.0, 8.0) 0.53982300885 [ACCEPT]
[LVL9] rsomenot102(A,B) :- some102(A,C), somenot102(D,B) 0.3598820059 (2.0, 1.0, 103.0, 8.0) 0.53982300885 [ACCEPT]
[LVL9] rsomenot102(A,B) :- some102(A,C), \+all102(C,B) 0.159972770592 (3.0, 10.0, 94.0, 7.0) 0.693215339233 [ACCEPT]
[LVL9] rsomenot102(A,B) :- some102(A,C), \+all102(B,C) 0.159972770592 (3.0, 10.0, 94.0, 7.0) 0.693215339233 [ACCEPT]
[LVL9] rsomenot102(A,B) :- some102(A,C), \+some102(C,B) 0.159972770592 (3.0, 10.0, 94.0, 7.0) 0.693215339233 [ACCEPT]
[LVL9] rsomenot102(A,B) :- some102(A,C), \+some102(B,C) 0.159972770592 (3.0, 10.0, 94.0, 7.0) 0.693215339233 [ACCEPT]
[LVL9] rsomenot102(A,B) :- some102(A,C), \+no102(C,B) 0.0830496936692 (2.0, 11.0, 93.0, 8.0) 0.53982300885 [ACCEPT]
[LVL9] rsomenot102(A,B) :- some102(A,C), \+somenot102(C,B) 0.0830496936692 (2.0, 11.0, 93.0, 8.0) 0.53982300885 [ACCEPT]
[LVL9] rsomenot102(A,B) :- some102(A,C), \+somenot102(B,C) 0.159972770592 (3.0, 10.0, 94.0, 7.0) 0.693215339233 [ACCEPT]
[LVL9] rsomenot102(A,B) :- somenot102(A,C), some102(C,B) 0.3598820059 (2.0, 1.0, 103.0, 8.0) 0.53982300885 [ACCEPT]
[LVL9] rsomenot102(A,B) :- somenot102(A,C), some102(C,D) 0.3598820059 (2.0, 1.0, 103.0, 8.0) 0.53982300885 [ACCEPT]
[LVL9] rsomenot102(A,B) :- somenot102(A,C), some102(D,B) 0.3598820059 (2.0, 1.0, 103.0, 8.0) 0.53982300885 [ACCEPT]
[LVL9] rsomenot102(A,B) :- somenot102(A,C), no102(C,D) 0.3598820059 (2.0, 1.0, 103.0, 8.0) 0.53982300885 [ACCEPT]
[LVL9] rsomenot102(A,B) :- somenot102(A,C), no102(D,B) 0.3598820059 (2.0, 1.0, 103.0, 8.0) 0.53982300885 [ACCEPT]
[LVL9] rsomenot102(A,B) :- somenot102(A,C), \+all102(C,B) 0.159972770592 (3.0, 10.0, 94.0, 7.0) 0.693215339233 [ACCEPT]
[LVL9] rsomenot102(A,B) :- somenot102(A,C), \+all102(B,C) 0.148546144121 (3.0, 11.0, 93.0, 7.0) 0.693215339233 [ACCEPT]
[LVL9] rsomenot102(A,B) :- somenot102(A,C), \+some102(C,B) 0.0830496936692 (2.0, 11.0, 93.0, 8.0) 0.53982300885 [ACCEPT]
[LVL9] rsomenot102(A,B) :- somenot102(A,C), \+some102(B,C) 0.159972770592 (3.0, 10.0, 94.0, 7.0) 0.693215339233 [ACCEPT]
[LVL9] rsomenot102(A,B) :- somenot102(A,C), \+no102(C,B) 0.0830496936692 (2.0, 11.0, 93.0, 8.0) 0.53982300885 [ACCEPT]
[LVL9] rsomenot102(A,B) :- somenot102(A,C), \+no102(B,C) 0.159972770592 (3.0, 10.0, 94.0, 7.0) 0.693215339233 [ACCEPT]
[LVL9] rsomenot102(A,B) :- somenot102(A,C), \+somenot102(C,B) 0.148546144121 (3.0, 11.0, 93.0, 7.0) 0.693215339233 [ACCEPT]
[LVL9] rsomenot102(A,B) :- somenot102(A,C), \+somenot102(B,C) 0.159972770592 (3.0, 10.0, 94.0, 7.0) 0.693215339233 [ACCEPT]
[LVL9] rsomenot102(A,B) :- all102(A,C), somenot102(C,D) 0.3598820059 (2.0, 1.0, 103.0, 8.0) 0.53982300885 [ACCEPT]
[LVL9] rsomenot102(A,B) :- all102(A,C), somenot102(D,B) 0.3598820059 (2.0, 1.0, 103.0, 8.0) 0.53982300885 [ACCEPT]
[LVL9] rsomenot102(A,B) :- all102(A,C), \+all102(C,B) 0.0 (2.0, 12.0, 92.0, 8.0) 0.53982300885 [ACCEPT]
[LVL9] rsomenot102(A,B) :- all102(A,C), \+all102(B,C) 0.0 (2.0, 12.0, 92.0, 8.0) 0.53982300885 [ACCEPT]
[LVL9] rsomenot102(A,B) :- all102(A,C), \+some102(C,B) 0.0 (2.0, 12.0, 92.0, 8.0) 0.53982300885 [ACCEPT]
[LVL9] rsomenot102(A,B) :- all102(A,C), \+some102(B,C) 0.0 (2.0, 12.0, 92.0, 8.0) 0.53982300885 [ACCEPT]
[LVL9] rsomenot102(A,B) :- all102(A,C), \+no102(C,B) 0.0 (2.0, 12.0, 92.0, 8.0) 0.53982300885 [ACCEPT]
[LVL9] rsomenot102(A,B) :- all102(A,C), \+no102(B,C) 0.0 (2.0, 12.0, 92.0, 8.0) 0.53982300885 [ACCEPT]
[LVL9] rsomenot102(A,B) :- all102(A,C), \+somenot102(B,C) 0.0 (2.0, 13.0, 91.0, 8.0) 0.53982300885 [ACCEPT]
[LVL9] rsomenot102(A,B) :- some102(B,C), all102(C,D) 0.3598820059 (2.0, 1.0, 103.0, 8.0) 0.53982300885 [ACCEPT]
[LVL9] rsomenot102(A,B) :- some102(B,C), all102(D,A) 0.3598820059 (2.0, 1.0, 103.0, 8.0) 0.53982300885 [ACCEPT]
[LVL9] rsomenot102(A,B) :- some102(B,C), \+all102(A,C) 0.0 (2.0, 12.0, 92.0, 8.0) 0.53982300885 [ACCEPT]
[LVL9] rsomenot102(A,B) :- some102(B,C), \+some102(A,C) 0.0 (2.0, 12.0, 92.0, 8.0) 0.53982300885 [ACCEPT]
[LVL9] rsomenot102(A,B) :- some102(B,C), \+some102(C,A) 0.0 (2.0, 12.0, 92.0, 8.0) 0.53982300885 [ACCEPT]
[LVL9] rsomenot102(A,B) :- some102(B,C), \+no102(A,C) 0.0 (2.0, 13.0, 91.0, 8.0) 0.53982300885 [ACCEPT]
[LVL9] rsomenot102(A,B) :- some102(B,C), \+no102(C,A) 0.0 (2.0, 12.0, 92.0, 8.0) 0.53982300885 [ACCEPT]
[LVL9] rsomenot102(A,B) :- some102(B,C), \+somenot102(A,C) 0.0 (2.0, 12.0, 92.0, 8.0) 0.53982300885 [ACCEPT]
[LVL9] rsomenot102(A,B) :- some102(B,C), \+somenot102(C,A) 0.0 (2.0, 12.0, 92.0, 8.0) 0.53982300885 [ACCEPT]
[LVL9] rsomenot102(A,B) :- some102(C,B), somenot102(A,D) 0.3598820059 (2.0, 1.0, 103.0, 8.0) 0.53982300885 [ACCEPT]
[LVL9] rsomenot102(A,B) :- some102(C,B), somenot102(D,C) 0.3598820059 (2.0, 1.0, 103.0, 8.0) 0.53982300885 [ACCEPT]
[LVL9] rsomenot102(A,B) :- some102(C,B), \+all102(A,C) 0.0830496936692 (2.0, 11.0, 93.0, 8.0) 0.53982300885 [ACCEPT]
[LVL9] rsomenot102(A,B) :- some102(C,B), \+all102(C,A) 0.0 (2.0, 12.0, 92.0, 8.0) 0.53982300885 [ACCEPT]
[LVL9] rsomenot102(A,B) :- some102(C,B), \+some102(A,C) 0.0830496936692 (2.0, 11.0, 93.0, 8.0) 0.53982300885 [ACCEPT]
[LVL9] rsomenot102(A,B) :- some102(C,B), \+some102(C,A) 0.0830496936692 (2.0, 11.0, 93.0, 8.0) 0.53982300885 [ACCEPT]
[LVL9] rsomenot102(A,B) :- some102(C,B), \+no102(C,A) 0.0830496936692 (2.0, 11.0, 93.0, 8.0) 0.53982300885 [ACCEPT]
[LVL9] rsomenot102(A,B) :- some102(C,B), \+somenot102(C,A) 0.0830496936692 (2.0, 11.0, 93.0, 8.0) 0.53982300885 [ACCEPT]
[LVL9] rsomenot102(A,B) :- somenot102(B,C), all102(C,D) 0.3598820059 (2.0, 1.0, 103.0, 8.0) 0.53982300885 [ACCEPT]
[LVL9] rsomenot102(A,B) :- somenot102(B,C), all102(D,A) 0.3598820059 (2.0, 1.0, 103.0, 8.0) 0.53982300885 [ACCEPT]
[LVL9] rsomenot102(A,B) :- somenot102(B,C), \+some102(A,C) 0.0830496936692 (2.0, 11.0, 93.0, 8.0) 0.53982300885 [ACCEPT]
[LVL9] rsomenot102(A,B) :- somenot102(B,C), \+some102(C,A) 0.0830496936692 (2.0, 11.0, 93.0, 8.0) 0.53982300885 [ACCEPT]
[LVL9] rsomenot102(A,B) :- somenot102(B,C), \+no102(A,C) 0.0830496936692 (2.0, 11.0, 93.0, 8.0) 0.53982300885 [ACCEPT]
[LVL9] rsomenot102(A,B) :- somenot102(B,C), \+no102(C,A) 0.0830496936692 (2.0, 11.0, 93.0, 8.0) 0.53982300885 [ACCEPT]
[LVL9] rsomenot102(A,B) :- somenot102(B,C), \+somenot102(A,C) 0.0830496936692 (2.0, 11.0, 93.0, 8.0) 0.53982300885 [ACCEPT]
[DEBUG] Best rule so far: rsomenot102(A,B) :- all102(C,A), some102(B,C) [0.3598820059]
[DEBUG] Candidates for iteration 3:
[DEBUG] ==================================
[DEBUG] rsomenot102(A,B) :- all102(C,A), some102(B,C) 0.3598820059
[DEBUG] rsomenot102(A,B) :- all102(C,A), some102(B,D) 0.3598820059
[DEBUG] rsomenot102(A,B) :- all102(C,A), some102(D,C) 0.3598820059
[DEBUG] rsomenot102(A,B) :- all102(C,A), no102(C,B) 0.3598820059
[DEBUG] rsomenot102(A,B) :- all102(C,A), no102(C,D) 0.3598820059
[DEBUG] rsomenot102(A,B) :- all102(C,A), no102(D,B) 0.3598820059
[DEBUG] rsomenot102(A,B) :- all102(C,A), somenot102(C,B) 0.3598820059
[DEBUG] rsomenot102(A,B) :- all102(C,A), somenot102(B,C) 0.3598820059
[DEBUG] rsomenot102(A,B) :- all102(C,A), somenot102(C,D) 0.3598820059
[DEBUG] rsomenot102(A,B) :- all102(C,A), somenot102(B,D) 0.3598820059
[DEBUG] rsomenot102(A,B) :- all102(C,A), somenot102(D,C) 0.3598820059
[DEBUG] rsomenot102(A,B) :- all102(C,A), somenot102(D,B) 0.3598820059
[DEBUG] rsomenot102(A,B) :- somenot102(C,B), all102(A,C) 0.3598820059
[DEBUG] rsomenot102(A,B) :- somenot102(C,B), all102(A,D) 0.3598820059
[DEBUG] rsomenot102(A,B) :- somenot102(C,B), all102(C,D) 0.3598820059
[DEBUG] rsomenot102(A,B) :- somenot102(C,B), all102(D,A) 0.3598820059
[DEBUG] rsomenot102(A,B) :- somenot102(C,B), all102(D,C) 0.3598820059
[DEBUG] rsomenot102(A,B) :- somenot102(C,B), some102(A,C) 0.3598820059
[DEBUG] rsomenot102(A,B) :- somenot102(C,B), some102(A,D) 0.3598820059
[DEBUG] rsomenot102(A,B) :- somenot102(C,B), some102(D,C) 0.3598820059
[DEBUG] rsomenot102(A,B) :- no102(C,B), all102(C,D) 0.3598820059
[DEBUG] rsomenot102(A,B) :- no102(C,B), all102(D,A) 0.3598820059
[DEBUG] rsomenot102(A,B) :- no102(C,B), some102(A,C) 0.3598820059
[DEBUG] rsomenot102(A,B) :- no102(C,B), some102(A,D) 0.3598820059
[DEBUG] rsomenot102(A,B) :- no102(C,B), some102(D,C) 0.3598820059
[DEBUG] rsomenot102(A,B) :- no102(C,B), somenot102(A,C) 0.3598820059
[DEBUG] rsomenot102(A,B) :- no102(C,B), somenot102(A,D) 0.3598820059
[DEBUG] rsomenot102(A,B) :- no102(C,B), somenot102(D,C) 0.3598820059
[DEBUG] rsomenot102(A,B) :- some102(A,C), no102(C,D) 0.3598820059
[DEBUG] rsomenot102(A,B) :- some102(A,C), no102(D,B) 0.3598820059
[DEBUG] rsomenot102(A,B) :- some102(A,C), somenot102(C,D) 0.3598820059
[DEBUG] rsomenot102(A,B) :- some102(A,C), somenot102(D,B) 0.3598820059
[DEBUG] rsomenot102(A,B) :- somenot102(A,C), some102(C,B) 0.3598820059
[DEBUG] rsomenot102(A,B) :- somenot102(A,C), some102(C,D) 0.3598820059
[DEBUG] rsomenot102(A,B) :- somenot102(A,C), some102(D,B) 0.3598820059
[DEBUG] rsomenot102(A,B) :- somenot102(A,C), no102(C,D) 0.3598820059
[DEBUG] rsomenot102(A,B) :- somenot102(A,C), no102(D,B) 0.3598820059
[DEBUG] rsomenot102(A,B) :- all102(A,C), somenot102(C,D) 0.3598820059
[DEBUG] rsomenot102(A,B) :- all102(A,C), somenot102(D,B) 0.3598820059
[DEBUG] rsomenot102(A,B) :- some102(B,C), all102(C,D) 0.3598820059
[DEBUG] rsomenot102(A,B) :- some102(B,C), all102(D,A) 0.3598820059
[DEBUG] rsomenot102(A,B) :- some102(C,B), somenot102(A,D) 0.3598820059
[DEBUG] rsomenot102(A,B) :- some102(C,B), somenot102(D,C) 0.3598820059
[DEBUG] rsomenot102(A,B) :- somenot102(B,C), all102(C,D) 0.3598820059
[DEBUG] rsomenot102(A,B) :- somenot102(B,C), all102(D,A) 0.3598820059
[DEBUG] rsomenot102(A,B) :- all102(C,A), \+all102(C,B) 0.313818924438
[DEBUG] rsomenot102(A,B) :- all102(C,A), \+all102(B,C) 0.313818924438
[DEBUG] rsomenot102(A,B) :- all102(C,A), \+some102(C,B) 0.291403286979
[DEBUG] rsomenot102(A,B) :- all102(C,A), \+no102(B,C) 0.291403286979
[DEBUG] rsomenot102(A,B) :- all102(C,A), \+some102(B,C) 0.236895847515
[DEBUG] rsomenot102(A,B) :- all102(C,A), \+no102(C,B) 0.236895847515
[DEBUG] rsomenot102(A,B) :- all102(C,A), \+somenot102(C,B) 0.236895847515
[DEBUG] rsomenot102(A,B) :- all102(C,A), \+somenot102(B,C) 0.236895847515
[DEBUG] rsomenot102(A,B) :- somenot102(C,B), \+some102(C,A) 0.236895847515
[DEBUG] rsomenot102(A,B) :- somenot102(C,B), \+no102(A,C) 0.236895847515
[DEBUG] rsomenot102(A,B) :- somenot102(C,B), \+somenot102(C,A) 0.236895847515
[DEBUG] rsomenot102(A,B) :- somenot102(C,B), \+no102(C,A) 0.21997471555
[DEBUG] rsomenot102(A,B) :- somenot102(C,B), \+somenot102(A,C) 0.21997471555
[DEBUG] rsomenot102(A,B) :- no102(C,B), \+all102(A,C) 0.21997471555
[DEBUG] rsomenot102(A,B) :- no102(C,B), \+some102(C,A) 0.21997471555
[DEBUG] rsomenot102(A,B) :- no102(C,B), \+no102(A,C) 0.21997471555
[DEBUG] rsomenot102(A,B) :- no102(C,B), \+no102(C,A) 0.21997471555
[DEBUG] rsomenot102(A,B) :- no102(C,B), \+somenot102(C,A) 0.205309734513
[DEBUG] rsomenot102(A,B) :- somenot102(C,B), \+all102(A,C) 0.159972770592
[DEBUG] rsomenot102(A,B) :- somenot102(C,B), \+all102(C,A) 0.159972770592
[DEBUG] rsomenot102(A,B) :- somenot102(C,B), \+some102(A,C) 0.159972770592
[DEBUG] rsomenot102(A,B) :- some102(A,C), \+all102(C,B) 0.159972770592
[DEBUG] rsomenot102(A,B) :- some102(A,C), \+all102(B,C) 0.159972770592
[DEBUG] rsomenot102(A,B) :- some102(A,C), \+some102(C,B) 0.159972770592
[DEBUG] rsomenot102(A,B) :- some102(A,C), \+some102(B,C) 0.159972770592
[DEBUG] rsomenot102(A,B) :- some102(A,C), \+somenot102(B,C) 0.159972770592
[DEBUG] rsomenot102(A,B) :- somenot102(A,C), \+all102(C,B) 0.159972770592
[DEBUG] rsomenot102(A,B) :- somenot102(A,C), \+some102(B,C) 0.159972770592
[DEBUG] rsomenot102(A,B) :- somenot102(A,C), \+no102(B,C) 0.159972770592
[DEBUG] rsomenot102(A,B) :- somenot102(A,C), \+somenot102(B,C) 0.159972770592
[DEBUG] rsomenot102(A,B) :- no102(C,B), \+all102(C,A) 0.148546144121
[DEBUG] rsomenot102(A,B) :- no102(C,B), \+some102(A,C) 0.148546144121
[DEBUG] rsomenot102(A,B) :- no102(C,B), \+somenot102(A,C) 0.148546144121
[DEBUG] rsomenot102(A,B) :- somenot102(A,C), \+all102(B,C) 0.148546144121
[DEBUG] rsomenot102(A,B) :- somenot102(A,C), \+somenot102(C,B) 0.148546144121
[DEBUG] rsomenot102(A,B) :- some102(A,C), \+no102(C,B) 0.0830496936692
[DEBUG] rsomenot102(A,B) :- some102(A,C), \+somenot102(C,B) 0.0830496936692
[DEBUG] rsomenot102(A,B) :- somenot102(A,C), \+some102(C,B) 0.0830496936692
[DEBUG] rsomenot102(A,B) :- somenot102(A,C), \+no102(C,B) 0.0830496936692
[DEBUG] rsomenot102(A,B) :- some102(C,B), \+all102(A,C) 0.0830496936692
[DEBUG] rsomenot102(A,B) :- some102(C,B), \+some102(A,C) 0.0830496936692
[DEBUG] rsomenot102(A,B) :- some102(C,B), \+some102(C,A) 0.0830496936692
[DEBUG] rsomenot102(A,B) :- some102(C,B), \+no102(C,A) 0.0830496936692
[DEBUG] rsomenot102(A,B) :- some102(C,B), \+somenot102(C,A) 0.0830496936692
[DEBUG] rsomenot102(A,B) :- somenot102(B,C), \+some102(A,C) 0.0830496936692
[DEBUG] rsomenot102(A,B) :- somenot102(B,C), \+some102(C,A) 0.0830496936692
[DEBUG] rsomenot102(A,B) :- somenot102(B,C), \+no102(A,C) 0.0830496936692
[DEBUG] rsomenot102(A,B) :- somenot102(B,C), \+no102(C,A) 0.0830496936692
[DEBUG] rsomenot102(A,B) :- somenot102(B,C), \+somenot102(A,C) 0.0830496936692
[DEBUG] rsomenot102(A,B) :- all102(A,C), \+all102(C,B) 0.0
[DEBUG] rsomenot102(A,B) :- all102(A,C), \+all102(B,C) 0.0
[DEBUG] rsomenot102(A,B) :- all102(A,C), \+some102(C,B) 0.0
[DEBUG] rsomenot102(A,B) :- all102(A,C), \+some102(B,C) 0.0
[DEBUG] rsomenot102(A,B) :- all102(A,C), \+no102(C,B) 0.0
[DEBUG] rsomenot102(A,B) :- all102(A,C), \+no102(B,C) 0.0
[DEBUG] ==================================
[INFO] RULE LEARNED: rsomenot102(A,B) :- all102(C,A), some102(B,C) 0.921052631579
