[LVL9] Output level: 9
[INFO] Random seed: 0.521948164369
[INFO] Computing scores: 0.0735s
[INFO] Number of examples (M): 116
[INFO] Positive weight (P): 3.0000
[INFO] Negative weight (N): 113.0000
[DEBUG] Best rule so far: rall47(A,B) :- true [0.0258620689655]
[DEBUG] Candidates for iteration 1:
[DEBUG] ==================================
[DEBUG] rall47(A,B) :- true 0.0258620689655
[DEBUG] ==================================
[LVL9] rall47(A,B) :- all47(A,C) 0.0683908045977 (1.0, 13.0, 100.0, 2.0) 0.512931034483 [ACCEPT]
[LVL9] BETTER RULE rall47(A,B) :- all47(A,C) (0.06839080459770115, 1.0) > (0.02586206896551724, 3.0)
[LVL9] rall47(A,B) :- all47(B,C) 0.135057471264 (2.0, 12.0, 101.0, 1.0) 0.675287356322 [ACCEPT]
[LVL9] BETTER RULE rall47(A,B) :- all47(B,C) (0.13505747126436782, 2.0) > (0.06839080459770115, 1.0)
[LVL9] rall47(A,B) :- all47(C,A) 0.0641163793103 (1.0, 14.0, 99.0, 2.0) 0.512931034483 [ACCEPT]
[LVL9] rall47(A,B) :- some47(A,C) 0.0641163793103 (1.0, 14.0, 99.0, 2.0) 0.512931034483 [ACCEPT]
[LVL9] rall47(A,B) :- some47(B,C) 0.0641163793103 (1.0, 14.0, 99.0, 2.0) 0.512931034483 [ACCEPT]
[DEBUG] Best rule so far: rall47(A,B) :- all47(B,C) [0.135057471264]
[DEBUG] Candidates for iteration 2:
[DEBUG] ==================================
[DEBUG] rall47(A,B) :- all47(B,C) 0.135057471264
[DEBUG] rall47(A,B) :- all47(A,C) 0.0683908045977
[DEBUG] rall47(A,B) :- all47(C,A) 0.0641163793103
[DEBUG] rall47(A,B) :- some47(A,C) 0.0641163793103
[DEBUG] rall47(A,B) :- some47(B,C) 0.0641163793103
[DEBUG] ==================================
[LVL9] rall47(A,B) :- all47(B,C), all47(A,C) 0.341954022989 (1.0, 1.0, 112.0, 2.0) 0.512931034483 [ACCEPT]
[LVL9] BETTER RULE rall47(A,B) :- all47(B,C), all47(A,C) (0.3419540229885058, 1.0) > (0.13505747126436782, 2.0)
[LVL9] rall47(A,B) :- all47(B,C), all47(C,A) 0.341954022989 (1.0, 1.0, 112.0, 2.0) 0.512931034483 [ACCEPT]
[LVL9] rall47(A,B) :- all47(B,C), all47(A,D) 0.341954022989 (1.0, 1.0, 112.0, 2.0) 0.512931034483 [ACCEPT]
[LVL9] rall47(A,B) :- all47(B,C), all47(C,D) 0.341954022989 (1.0, 1.0, 112.0, 2.0) 0.512931034483 [ACCEPT]
[LVL9] rall47(A,B) :- all47(B,C), all47(D,A) 0.341954022989 (1.0, 1.0, 112.0, 2.0) 0.512931034483 [ACCEPT]
[LVL9] rall47(A,B) :- all47(B,C), \+all47(A,C) 0.0789124668435 (1.0, 11.0, 102.0, 2.0) 0.512931034483 [ACCEPT]
[LVL9] rall47(A,B) :- all47(B,C), \+all47(C,A) 0.0789124668435 (1.0, 11.0, 102.0, 2.0) 0.512931034483 [ACCEPT]
[LVL9] rall47(A,B) :- all47(B,C), \+some47(A,C) 0.144704433498 (2.0, 11.0, 102.0, 1.0) 0.675287356322 [ACCEPT]
[LVL9] rall47(A,B) :- all47(B,C), \+some47(C,A) 0.155835543767 (2.0, 10.0, 103.0, 1.0) 0.675287356322 [ACCEPT]
[LVL9] rall47(A,B) :- all47(B,C), \+no47(A,C) 0.155835543767 (2.0, 10.0, 103.0, 1.0) 0.675287356322 [ACCEPT]
[LVL9] rall47(A,B) :- all47(B,C), \+no47(C,A) 0.155835543767 (2.0, 10.0, 103.0, 1.0) 0.675287356322 [ACCEPT]
[LVL9] rall47(A,B) :- all47(B,C), \+somenot47(A,C) 0.155835543767 (2.0, 10.0, 103.0, 1.0) 0.675287356322 [ACCEPT]
[LVL9] rall47(A,B) :- all47(B,C), \+somenot47(C,A) 0.144704433498 (2.0, 11.0, 102.0, 1.0) 0.675287356322 [ACCEPT]
[LVL9] rall47(A,B) :- all47(A,C), all47(B,D) 0.341954022989 (1.0, 1.0, 112.0, 2.0) 0.512931034483 [ACCEPT]
[LVL9] rall47(A,B) :- all47(A,C), \+all47(C,B) 0.0789124668435 (1.0, 11.0, 102.0, 2.0) 0.512931034483 [ACCEPT]
[LVL9] rall47(A,B) :- all47(A,C), \+some47(C,B) 0.0789124668435 (1.0, 11.0, 102.0, 2.0) 0.512931034483 [ACCEPT]
[LVL9] rall47(A,B) :- all47(A,C), \+some47(B,C) 0.073275862069 (1.0, 12.0, 101.0, 2.0) 0.512931034483 [ACCEPT]
[LVL9] rall47(A,B) :- all47(A,C), \+no47(C,B) 0.0789124668435 (1.0, 11.0, 102.0, 2.0) 0.512931034483 [ACCEPT]
[LVL9] rall47(A,B) :- all47(A,C), \+no47(B,C) 0.0789124668435 (1.0, 11.0, 102.0, 2.0) 0.512931034483 [ACCEPT]
[LVL9] rall47(A,B) :- all47(A,C), \+somenot47(C,B) 0.073275862069 (1.0, 12.0, 101.0, 2.0) 0.512931034483 [ACCEPT]
[LVL9] rall47(A,B) :- all47(A,C), \+somenot47(B,C) 0.0789124668435 (1.0, 11.0, 102.0, 2.0) 0.512931034483 [ACCEPT]
[LVL9] rall47(A,B) :- all47(C,A), all47(B,D) 0.341954022989 (1.0, 1.0, 112.0, 2.0) 0.512931034483 [ACCEPT]
[LVL9] rall47(A,B) :- all47(C,A), all47(D,C) 0.341954022989 (1.0, 1.0, 112.0, 2.0) 0.512931034483 [ACCEPT]
[LVL9] rall47(A,B) :- all47(C,A), \+all47(C,B) 0.073275862069 (1.0, 12.0, 101.0, 2.0) 0.512931034483 [ACCEPT]
[LVL9] rall47(A,B) :- all47(C,A), \+some47(C,B) 0.073275862069 (1.0, 12.0, 101.0, 2.0) 0.512931034483 [ACCEPT]
[LVL9] rall47(A,B) :- all47(C,A), \+some47(B,C) 0.073275862069 (1.0, 12.0, 101.0, 2.0) 0.512931034483 [ACCEPT]
[LVL9] rall47(A,B) :- all47(C,A), \+no47(C,B) 0.073275862069 (1.0, 12.0, 101.0, 2.0) 0.512931034483 [ACCEPT]
[LVL9] rall47(A,B) :- all47(C,A), \+no47(B,C) 0.073275862069 (1.0, 12.0, 101.0, 2.0) 0.512931034483 [ACCEPT]
[LVL9] rall47(A,B) :- all47(C,A), \+somenot47(C,B) 0.073275862069 (1.0, 12.0, 101.0, 2.0) 0.512931034483 [ACCEPT]
[LVL9] rall47(A,B) :- all47(C,A), \+somenot47(B,C) 0.0683908045977 (1.0, 13.0, 100.0, 2.0) 0.512931034483 [ACCEPT]
[LVL9] rall47(A,B) :- some47(A,C), some47(B,C) 0.341954022989 (1.0, 1.0, 112.0, 2.0) 0.512931034483 [ACCEPT]
[LVL9] rall47(A,B) :- some47(A,C), some47(B,D) 0.341954022989 (1.0, 1.0, 112.0, 2.0) 0.512931034483 [ACCEPT]
[LVL9] rall47(A,B) :- some47(A,C), \+all47(C,B) 0.073275862069 (1.0, 12.0, 101.0, 2.0) 0.512931034483 [ACCEPT]
[LVL9] rall47(A,B) :- some47(A,C), \+all47(B,C) 0.0683908045977 (1.0, 13.0, 100.0, 2.0) 0.512931034483 [ACCEPT]
[LVL9] rall47(A,B) :- some47(A,C), \+some47(C,B) 0.073275862069 (1.0, 12.0, 101.0, 2.0) 0.512931034483 [ACCEPT]
[LVL9] rall47(A,B) :- some47(A,C), \+no47(C,B) 0.073275862069 (1.0, 12.0, 101.0, 2.0) 0.512931034483 [ACCEPT]
[LVL9] rall47(A,B) :- some47(A,C), \+no47(B,C) 0.073275862069 (1.0, 12.0, 101.0, 2.0) 0.512931034483 [ACCEPT]
[LVL9] rall47(A,B) :- some47(A,C), \+somenot47(C,B) 0.073275862069 (1.0, 12.0, 101.0, 2.0) 0.512931034483 [ACCEPT]
[LVL9] rall47(A,B) :- some47(A,C), \+somenot47(B,C) 0.073275862069 (1.0, 12.0, 101.0, 2.0) 0.512931034483 [ACCEPT]
[LVL9] rall47(A,B) :- some47(B,C), some47(A,D) 0.341954022989 (1.0, 1.0, 112.0, 2.0) 0.512931034483 [ACCEPT]
[LVL9] rall47(A,B) :- some47(B,C), \+all47(A,C) 0.0683908045977 (1.0, 13.0, 100.0, 2.0) 0.512931034483 [ACCEPT]
[LVL9] rall47(A,B) :- some47(B,C), \+all47(C,A) 0.073275862069 (1.0, 12.0, 101.0, 2.0) 0.512931034483 [ACCEPT]
[LVL9] rall47(A,B) :- some47(B,C), \+some47(C,A) 0.073275862069 (1.0, 12.0, 101.0, 2.0) 0.512931034483 [ACCEPT]
[LVL9] rall47(A,B) :- some47(B,C), \+no47(A,C) 0.073275862069 (1.0, 12.0, 101.0, 2.0) 0.512931034483 [ACCEPT]
[LVL9] rall47(A,B) :- some47(B,C), \+no47(C,A) 0.073275862069 (1.0, 12.0, 101.0, 2.0) 0.512931034483 [ACCEPT]
[LVL9] rall47(A,B) :- some47(B,C), \+somenot47(A,C) 0.073275862069 (1.0, 12.0, 101.0, 2.0) 0.512931034483 [ACCEPT]
[LVL9] rall47(A,B) :- some47(B,C), \+somenot47(C,A) 0.073275862069 (1.0, 12.0, 101.0, 2.0) 0.512931034483 [ACCEPT]
[DEBUG] Best rule so far: rall47(A,B) :- all47(B,C), all47(A,C) [0.341954022989]
[DEBUG] Candidates for iteration 3:
[DEBUG] ==================================
[DEBUG] rall47(A,B) :- all47(B,C), all47(A,C) 0.341954022989
[DEBUG] rall47(A,B) :- all47(B,C), all47(C,A) 0.341954022989
[DEBUG] rall47(A,B) :- all47(B,C), all47(A,D) 0.341954022989
[DEBUG] rall47(A,B) :- all47(B,C), all47(C,D) 0.341954022989
[DEBUG] rall47(A,B) :- all47(B,C), all47(D,A) 0.341954022989
[DEBUG] rall47(A,B) :- all47(A,C), all47(B,D) 0.341954022989
[DEBUG] rall47(A,B) :- all47(C,A), all47(B,D) 0.341954022989
[DEBUG] rall47(A,B) :- all47(C,A), all47(D,C) 0.341954022989
[DEBUG] rall47(A,B) :- some47(A,C), some47(B,C) 0.341954022989
[DEBUG] rall47(A,B) :- some47(A,C), some47(B,D) 0.341954022989
[DEBUG] rall47(A,B) :- some47(B,C), some47(A,D) 0.341954022989
[DEBUG] rall47(A,B) :- all47(B,C), \+some47(C,A) 0.155835543767
[DEBUG] rall47(A,B) :- all47(B,C), \+no47(A,C) 0.155835543767
[DEBUG] rall47(A,B) :- all47(B,C), \+no47(C,A) 0.155835543767
[DEBUG] rall47(A,B) :- all47(B,C), \+somenot47(A,C) 0.155835543767
[DEBUG] rall47(A,B) :- all47(B,C), \+some47(A,C) 0.144704433498
[DEBUG] rall47(A,B) :- all47(B,C), \+somenot47(C,A) 0.144704433498
[DEBUG] rall47(A,B) :- all47(B,C), \+all47(A,C) 0.0789124668435
[DEBUG] rall47(A,B) :- all47(B,C), \+all47(C,A) 0.0789124668435
[DEBUG] rall47(A,B) :- all47(A,C), \+all47(C,B) 0.0789124668435
[DEBUG] rall47(A,B) :- all47(A,C), \+some47(C,B) 0.0789124668435
[DEBUG] rall47(A,B) :- all47(A,C), \+no47(C,B) 0.0789124668435
[DEBUG] rall47(A,B) :- all47(A,C), \+no47(B,C) 0.0789124668435
[DEBUG] rall47(A,B) :- all47(A,C), \+somenot47(B,C) 0.0789124668435
[DEBUG] rall47(A,B) :- all47(A,C), \+some47(B,C) 0.073275862069
[DEBUG] rall47(A,B) :- all47(A,C), \+somenot47(C,B) 0.073275862069
[DEBUG] rall47(A,B) :- all47(C,A), \+all47(C,B) 0.073275862069
[DEBUG] rall47(A,B) :- all47(C,A), \+some47(C,B) 0.073275862069
[DEBUG] rall47(A,B) :- all47(C,A), \+some47(B,C) 0.073275862069
[DEBUG] rall47(A,B) :- all47(C,A), \+no47(C,B) 0.073275862069
[DEBUG] rall47(A,B) :- all47(C,A), \+no47(B,C) 0.073275862069
[DEBUG] rall47(A,B) :- all47(C,A), \+somenot47(C,B) 0.073275862069
[DEBUG] rall47(A,B) :- some47(A,C), \+all47(C,B) 0.073275862069
[DEBUG] rall47(A,B) :- some47(A,C), \+some47(C,B) 0.073275862069
[DEBUG] rall47(A,B) :- some47(A,C), \+no47(C,B) 0.073275862069
[DEBUG] rall47(A,B) :- some47(A,C), \+no47(B,C) 0.073275862069
[DEBUG] rall47(A,B) :- some47(A,C), \+somenot47(C,B) 0.073275862069
[DEBUG] rall47(A,B) :- some47(A,C), \+somenot47(B,C) 0.073275862069
[DEBUG] rall47(A,B) :- some47(B,C), \+all47(C,A) 0.073275862069
[DEBUG] rall47(A,B) :- some47(B,C), \+some47(C,A) 0.073275862069
[DEBUG] rall47(A,B) :- some47(B,C), \+no47(A,C) 0.073275862069
[DEBUG] rall47(A,B) :- some47(B,C), \+no47(C,A) 0.073275862069
[DEBUG] rall47(A,B) :- some47(B,C), \+somenot47(A,C) 0.073275862069
[DEBUG] rall47(A,B) :- some47(B,C), \+somenot47(C,A) 0.073275862069
[DEBUG] rall47(A,B) :- all47(C,A), \+somenot47(B,C) 0.0683908045977
[DEBUG] rall47(A,B) :- some47(A,C), \+all47(B,C) 0.0683908045977
[DEBUG] rall47(A,B) :- some47(B,C), \+all47(A,C) 0.0683908045977
[DEBUG] ==================================
[INFO] RULE LEARNED: rall47(A,B) :- all47(B,C), all47(A,C) 0.974137931034
[DEBUG] Best rule so far: rall47(A,B) :- true [0.0175438596491]
[DEBUG] Candidates for iteration 1:
[DEBUG] ==================================
[DEBUG] rall47(A,B) :- true 0.0175438596491
[DEBUG] ==================================
[LVL9] rall47(A,B) :- all47(B,C) 0.0782726045884 (2.0, 12.0, 101.0, 1.0) 0.508771929825 [ACCEPT]
[LVL9] BETTER RULE rall47(A,B) :- all47(B,C) (0.07827260458839407, 2.0) > (0.017543859649122806, 3.0)
[LVL9] rall47(A,B) :- all47(C,A) 0.0635964912281 (2.0, 15.0, 98.0, 1.0) 0.508771929825 [ACCEPT]
[LVL9] rall47(A,B) :- some47(A,C) 0.0635964912281 (2.0, 15.0, 98.0, 1.0) 0.508771929825 [ACCEPT]
[LVL9] rall47(A,B) :- some47(B,C) 0.0635964912281 (2.0, 15.0, 98.0, 1.0) 0.508771929825 [ACCEPT]
[DEBUG] Best rule so far: rall47(A,B) :- all47(B,C) [0.0782726045884]
[DEBUG] Candidates for iteration 2:
[DEBUG] ==================================
[DEBUG] rall47(A,B) :- all47(B,C) 0.0782726045884
[DEBUG] rall47(A,B) :- all47(C,A) 0.0635964912281
[DEBUG] rall47(A,B) :- some47(A,C) 0.0635964912281
[DEBUG] rall47(A,B) :- some47(B,C) 0.0635964912281
[DEBUG] ==================================
[LVL9] rall47(A,B) :- all47(B,C), all47(C,A) 0.33918128655 (2.0, 2.0, 111.0, 1.0) 0.508771929825 [ACCEPT]
[LVL9] BETTER RULE rall47(A,B) :- all47(B,C), all47(C,A) (0.33918128654970764, 2.0) > (0.07827260458839407, 2.0)
[LVL9] rall47(A,B) :- all47(B,C), all47(C,D) 0.33918128655 (2.0, 2.0, 111.0, 1.0) 0.508771929825 [ACCEPT]
[LVL9] rall47(A,B) :- all47(B,C), all47(D,A) 0.33918128655 (2.0, 2.0, 111.0, 1.0) 0.508771929825 [ACCEPT]
[LVL9] rall47(A,B) :- all47(B,C), \+some47(A,C) 0.0847953216374 (2.0, 11.0, 102.0, 1.0) 0.508771929825 [ACCEPT]
[LVL9] rall47(A,B) :- all47(B,C), \+some47(C,A) 0.0925039872408 (2.0, 10.0, 103.0, 1.0) 0.508771929825 [ACCEPT]
[LVL9] rall47(A,B) :- all47(B,C), \+no47(A,C) 0.0925039872408 (2.0, 10.0, 103.0, 1.0) 0.508771929825 [ACCEPT]
[LVL9] rall47(A,B) :- all47(B,C), \+no47(C,A) 0.0925039872408 (2.0, 10.0, 103.0, 1.0) 0.508771929825 [ACCEPT]
[LVL9] rall47(A,B) :- all47(B,C), \+somenot47(A,C) 0.0925039872408 (2.0, 10.0, 103.0, 1.0) 0.508771929825 [ACCEPT]
[LVL9] rall47(A,B) :- all47(B,C), \+somenot47(C,A) 0.0847953216374 (2.0, 11.0, 102.0, 1.0) 0.508771929825 [ACCEPT]
[LVL9] rall47(A,B) :- all47(C,A), all47(B,D) 0.33918128655 (2.0, 2.0, 111.0, 1.0) 0.508771929825 [ACCEPT]
[LVL9] rall47(A,B) :- all47(C,A), all47(D,C) 0.33918128655 (2.0, 2.0, 111.0, 1.0) 0.508771929825 [ACCEPT]
[LVL9] rall47(A,B) :- all47(C,A), \+all47(C,B) 0.0726817042607 (2.0, 13.0, 100.0, 1.0) 0.508771929825 [ACCEPT]
[LVL9] rall47(A,B) :- all47(C,A), \+some47(C,B) 0.0726817042607 (2.0, 13.0, 100.0, 1.0) 0.508771929825 [ACCEPT]
[LVL9] rall47(A,B) :- all47(C,A), \+some47(B,C) 0.0726817042607 (2.0, 13.0, 100.0, 1.0) 0.508771929825 [ACCEPT]
[LVL9] rall47(A,B) :- all47(C,A), \+no47(C,B) 0.0726817042607 (2.0, 13.0, 100.0, 1.0) 0.508771929825 [ACCEPT]
[LVL9] rall47(A,B) :- all47(C,A), \+no47(B,C) 0.0726817042607 (2.0, 13.0, 100.0, 1.0) 0.508771929825 [ACCEPT]
[LVL9] rall47(A,B) :- all47(C,A), \+somenot47(C,B) 0.0726817042607 (2.0, 13.0, 100.0, 1.0) 0.508771929825 [ACCEPT]
[LVL9] rall47(A,B) :- all47(C,A), \+somenot47(B,C) 0.0678362573099 (2.0, 14.0, 99.0, 1.0) 0.508771929825 [ACCEPT]
[LVL9] rall47(A,B) :- some47(A,C), some47(B,C) 0.33918128655 (2.0, 2.0, 111.0, 1.0) 0.508771929825 [ACCEPT]
[LVL9] rall47(A,B) :- some47(A,C), some47(B,D) 0.33918128655 (2.0, 2.0, 111.0, 1.0) 0.508771929825 [ACCEPT]
[LVL9] rall47(A,B) :- some47(A,C), \+all47(C,B) 0.0726817042607 (2.0, 13.0, 100.0, 1.0) 0.508771929825 [ACCEPT]
[LVL9] rall47(A,B) :- some47(A,C), \+all47(B,C) 0.0678362573099 (2.0, 14.0, 99.0, 1.0) 0.508771929825 [ACCEPT]
[LVL9] rall47(A,B) :- some47(A,C), \+some47(C,B) 0.0726817042607 (2.0, 13.0, 100.0, 1.0) 0.508771929825 [ACCEPT]
[LVL9] rall47(A,B) :- some47(A,C), \+no47(C,B) 0.0726817042607 (2.0, 13.0, 100.0, 1.0) 0.508771929825 [ACCEPT]
[LVL9] rall47(A,B) :- some47(A,C), \+no47(B,C) 0.0726817042607 (2.0, 13.0, 100.0, 1.0) 0.508771929825 [ACCEPT]
[LVL9] rall47(A,B) :- some47(A,C), \+somenot47(C,B) 0.0726817042607 (2.0, 13.0, 100.0, 1.0) 0.508771929825 [ACCEPT]
[LVL9] rall47(A,B) :- some47(A,C), \+somenot47(B,C) 0.0726817042607 (2.0, 13.0, 100.0, 1.0) 0.508771929825 [ACCEPT]
[LVL9] rall47(A,B) :- some47(B,C), some47(A,D) 0.33918128655 (2.0, 2.0, 111.0, 1.0) 0.508771929825 [ACCEPT]
[LVL9] rall47(A,B) :- some47(B,C), \+all47(A,C) 0.0678362573099 (2.0, 14.0, 99.0, 1.0) 0.508771929825 [ACCEPT]
[LVL9] rall47(A,B) :- some47(B,C), \+all47(C,A) 0.0726817042607 (2.0, 13.0, 100.0, 1.0) 0.508771929825 [ACCEPT]
[LVL9] rall47(A,B) :- some47(B,C), \+some47(C,A) 0.0726817042607 (2.0, 13.0, 100.0, 1.0) 0.508771929825 [ACCEPT]
[LVL9] rall47(A,B) :- some47(B,C), \+no47(A,C) 0.0726817042607 (2.0, 13.0, 100.0, 1.0) 0.508771929825 [ACCEPT]
[LVL9] rall47(A,B) :- some47(B,C), \+no47(C,A) 0.0726817042607 (2.0, 13.0, 100.0, 1.0) 0.508771929825 [ACCEPT]
[LVL9] rall47(A,B) :- some47(B,C), \+somenot47(A,C) 0.0726817042607 (2.0, 13.0, 100.0, 1.0) 0.508771929825 [ACCEPT]
[LVL9] rall47(A,B) :- some47(B,C), \+somenot47(C,A) 0.0726817042607 (2.0, 13.0, 100.0, 1.0) 0.508771929825 [ACCEPT]
[DEBUG] Best rule so far: rall47(A,B) :- all47(B,C), all47(C,A) [0.33918128655]
[DEBUG] Candidates for iteration 3:
[DEBUG] ==================================
[DEBUG] rall47(A,B) :- all47(B,C), all47(C,A) 0.33918128655
[DEBUG] rall47(A,B) :- all47(B,C), all47(C,D) 0.33918128655
[DEBUG] rall47(A,B) :- all47(B,C), all47(D,A) 0.33918128655
[DEBUG] rall47(A,B) :- all47(C,A), all47(B,D) 0.33918128655
[DEBUG] rall47(A,B) :- all47(C,A), all47(D,C) 0.33918128655
[DEBUG] rall47(A,B) :- some47(A,C), some47(B,C) 0.33918128655
[DEBUG] rall47(A,B) :- some47(A,C), some47(B,D) 0.33918128655
[DEBUG] rall47(A,B) :- some47(B,C), some47(A,D) 0.33918128655
[DEBUG] rall47(A,B) :- all47(B,C), \+some47(C,A) 0.0925039872408
[DEBUG] rall47(A,B) :- all47(B,C), \+no47(A,C) 0.0925039872408
[DEBUG] rall47(A,B) :- all47(B,C), \+no47(C,A) 0.0925039872408
[DEBUG] rall47(A,B) :- all47(B,C), \+somenot47(A,C) 0.0925039872408
[DEBUG] rall47(A,B) :- all47(B,C), \+some47(A,C) 0.0847953216374
[DEBUG] rall47(A,B) :- all47(B,C), \+somenot47(C,A) 0.0847953216374
[DEBUG] rall47(A,B) :- all47(C,A), \+all47(C,B) 0.0726817042607
[DEBUG] rall47(A,B) :- all47(C,A), \+some47(C,B) 0.0726817042607
[DEBUG] rall47(A,B) :- all47(C,A), \+some47(B,C) 0.0726817042607
[DEBUG] rall47(A,B) :- all47(C,A), \+no47(C,B) 0.0726817042607
[DEBUG] rall47(A,B) :- all47(C,A), \+no47(B,C) 0.0726817042607
[DEBUG] rall47(A,B) :- all47(C,A), \+somenot47(C,B) 0.0726817042607
[DEBUG] rall47(A,B) :- some47(A,C), \+all47(C,B) 0.0726817042607
[DEBUG] rall47(A,B) :- some47(A,C), \+some47(C,B) 0.0726817042607
[DEBUG] rall47(A,B) :- some47(A,C), \+no47(C,B) 0.0726817042607
[DEBUG] rall47(A,B) :- some47(A,C), \+no47(B,C) 0.0726817042607
[DEBUG] rall47(A,B) :- some47(A,C), \+somenot47(C,B) 0.0726817042607
[DEBUG] rall47(A,B) :- some47(A,C), \+somenot47(B,C) 0.0726817042607
[DEBUG] rall47(A,B) :- some47(B,C), \+all47(C,A) 0.0726817042607
[DEBUG] rall47(A,B) :- some47(B,C), \+some47(C,A) 0.0726817042607
[DEBUG] rall47(A,B) :- some47(B,C), \+no47(A,C) 0.0726817042607
[DEBUG] rall47(A,B) :- some47(B,C), \+no47(C,A) 0.0726817042607
[DEBUG] rall47(A,B) :- some47(B,C), \+somenot47(A,C) 0.0726817042607
[DEBUG] rall47(A,B) :- some47(B,C), \+somenot47(C,A) 0.0726817042607
[DEBUG] rall47(A,B) :- all47(C,A), \+somenot47(B,C) 0.0678362573099
[DEBUG] rall47(A,B) :- some47(A,C), \+all47(B,C) 0.0678362573099
[DEBUG] rall47(A,B) :- some47(B,C), \+all47(A,C) 0.0678362573099
[DEBUG] ==================================
[INFO] RULE LEARNED: rall47(A,B) :- all47(B,C), all47(C,A) 0.974137931034
