[LVL9] Output level: 9
[INFO] Random seed: 0.14383089583
[INFO] Computing scores: 0.0408s
[INFO] Number of examples (M): 108
[INFO] Positive weight (P): 9.0000
[INFO] Negative weight (N): 99.0000
[DEBUG] Best rule so far: rall97(A,B) :- true [0.0833333333333]
[DEBUG] Candidates for iteration 1:
[DEBUG] ==================================
[DEBUG] rall97(A,B) :- true 0.0833333333333
[DEBUG] ==================================
[LVL9] rall97(A,B) :- all97(A,C) 0.205555555556 (3.0, 11.0, 88.0, 6.0) 0.770833333333 [ACCEPT]
[LVL9] BETTER RULE rall97(A,B) :- all97(A,C) (0.20555555555555557, 3.0) > (0.08333333333333334, 9.0)
[LVL9] rall97(A,B) :- all97(B,C) 0.138888888889 (2.0, 12.0, 87.0, 7.0) 0.694444444444 [ACCEPT]
[LVL9] rall97(A,B) :- all97(C,A) 0.14880952381 (2.0, 11.0, 88.0, 7.0) 0.694444444444 [ACCEPT]
[LVL9] rall97(A,B) :- all97(C,B) 0.220238095238 (3.0, 10.0, 89.0, 6.0) 0.770833333333 [ACCEPT]
[LVL9] BETTER RULE rall97(A,B) :- all97(C,B) (0.22023809523809526, 3.0) > (0.20555555555555557, 3.0)
[LVL9] rall97(A,B) :- some97(B,C) 0.0 (1.0, 13.0, 86.0, 8.0) 0.541666666667 [ACCEPT]
[LVL9] rall97(A,B) :- no97(B,C) 0.160256410256 (2.0, 10.0, 89.0, 7.0) 0.694444444444 [ACCEPT]
[LVL9] rall97(A,B) :- no97(C,A) 0.192708333333 (3.0, 12.0, 87.0, 6.0) 0.770833333333 [ACCEPT]
[LVL9] rall97(A,B) :- no97(C,B) 0.0 (1.0, 14.0, 85.0, 8.0) 0.541666666667 [ACCEPT]
[LVL9] rall97(A,B) :- somenot97(C,A) 0.0 (1.0, 12.0, 87.0, 8.0) 0.541666666667 [ACCEPT]
[DEBUG] Best rule so far: rall97(A,B) :- all97(C,B) [0.220238095238]
[DEBUG] Candidates for iteration 2:
[DEBUG] ==================================
[DEBUG] rall97(A,B) :- all97(C,B) 0.220238095238
[DEBUG] rall97(A,B) :- all97(A,C) 0.205555555556
[DEBUG] rall97(A,B) :- no97(C,A) 0.192708333333
[DEBUG] rall97(A,B) :- no97(B,C) 0.160256410256
[DEBUG] rall97(A,B) :- all97(C,A) 0.14880952381
[DEBUG] rall97(A,B) :- all97(B,C) 0.138888888889
[DEBUG] rall97(A,B) :- some97(B,C) 0.0
[DEBUG] rall97(A,B) :- no97(C,B) 0.0
[DEBUG] rall97(A,B) :- somenot97(C,A) 0.0
[DEBUG] ==================================
[LVL9] rall97(A,B) :- all97(C,B), all97(A,C) 0.361111111111 (1.0, 1.0, 98.0, 8.0) 0.541666666667 [ACCEPT]
[LVL9] BETTER RULE rall97(A,B) :- all97(C,B), all97(A,C) (0.3611111111111111, 1.0) > (0.22023809523809526, 3.0)
[LVL9] rall97(A,B) :- all97(C,B), all97(C,A) 0.361111111111 (1.0, 1.0, 98.0, 8.0) 0.541666666667 [ACCEPT]
[LVL9] rall97(A,B) :- all97(C,B), all97(A,D) 0.361111111111 (1.0, 1.0, 98.0, 8.0) 0.541666666667 [ACCEPT]
[LVL9] rall97(A,B) :- all97(C,B), all97(D,A) 0.361111111111 (1.0, 1.0, 98.0, 8.0) 0.541666666667 [ACCEPT]
[LVL9] rall97(A,B) :- all97(C,B), all97(D,C) 0.361111111111 (1.0, 1.0, 98.0, 8.0) 0.541666666667 [ACCEPT]
[LVL9] rall97(A,B) :- all97(C,B), no97(C,A) 0.361111111111 (1.0, 1.0, 98.0, 8.0) 0.541666666667 [ACCEPT]
[LVL9] rall97(A,B) :- all97(C,B), no97(C,D) 0.361111111111 (1.0, 1.0, 98.0, 8.0) 0.541666666667 [ACCEPT]
[LVL9] rall97(A,B) :- all97(C,B), no97(D,A) 0.361111111111 (1.0, 1.0, 98.0, 8.0) 0.541666666667 [ACCEPT]
[LVL9] rall97(A,B) :- all97(C,B), \+all97(A,C) 0.173611111111 (2.0, 9.0, 90.0, 7.0) 0.694444444444 [ACCEPT]
[LVL9] rall97(A,B) :- all97(C,B), \+all97(C,A) 0.173611111111 (2.0, 9.0, 90.0, 7.0) 0.694444444444 [ACCEPT]
[LVL9] rall97(A,B) :- all97(C,B), \+some97(A,C) 0.256944444444 (3.0, 8.0, 91.0, 6.0) 0.770833333333 [ACCEPT]
[LVL9] rall97(A,B) :- all97(C,B), \+some97(C,A) 0.256944444444 (3.0, 8.0, 91.0, 6.0) 0.770833333333 [ACCEPT]
[LVL9] rall97(A,B) :- all97(C,B), \+no97(A,C) 0.237179487179 (3.0, 9.0, 90.0, 6.0) 0.770833333333 [ACCEPT]
[LVL9] rall97(A,B) :- all97(C,B), \+no97(C,A) 0.173611111111 (2.0, 9.0, 90.0, 7.0) 0.694444444444 [ACCEPT]
[LVL9] rall97(A,B) :- all97(C,B), \+somenot97(A,C) 0.237179487179 (3.0, 9.0, 90.0, 6.0) 0.770833333333 [ACCEPT]
[LVL9] rall97(A,B) :- all97(C,B), \+somenot97(C,A) 0.237179487179 (3.0, 9.0, 90.0, 6.0) 0.770833333333 [ACCEPT]
[LVL9] rall97(A,B) :- all97(A,C), all97(B,C) 0.361111111111 (1.0, 1.0, 98.0, 8.0) 0.541666666667 [ACCEPT]
[LVL9] rall97(A,B) :- all97(A,C), all97(C,D) 0.361111111111 (1.0, 1.0, 98.0, 8.0) 0.541666666667 [ACCEPT]
[LVL9] rall97(A,B) :- all97(A,C), all97(B,D) 0.361111111111 (1.0, 1.0, 98.0, 8.0) 0.541666666667 [ACCEPT]
[LVL9] rall97(A,B) :- all97(A,C), all97(D,B) 0.361111111111 (1.0, 1.0, 98.0, 8.0) 0.541666666667 [ACCEPT]
[LVL9] rall97(A,B) :- all97(A,C), no97(B,C) 0.541666666667 (1.0, 0.0, 99.0, 8.0) 0.541666666667 [REJECT* fp] 0.0
[LVL9] BETTER RULE rall97(A,B) :- all97(A,C), no97(B,C) (0.5416666666666666, 1.0) > (0.3611111111111111, 1.0)
[LVL9] rall97(A,B) :- all97(A,C), \+all97(C,B) 0.160256410256 (2.0, 10.0, 89.0, 7.0) 0.694444444444 [ACCEPT]
[LVL9] rall97(A,B) :- all97(A,C), \+all97(B,C) 0.160256410256 (2.0, 10.0, 89.0, 7.0) 0.694444444444 [ACCEPT]
[LVL9] rall97(A,B) :- all97(A,C), \+some97(C,B) 0.220238095238 (3.0, 10.0, 89.0, 6.0) 0.770833333333 [ACCEPT]
[LVL9] rall97(A,B) :- all97(A,C), \+some97(B,C) 0.237179487179 (3.0, 9.0, 90.0, 6.0) 0.770833333333 [ACCEPT]
[LVL9] rall97(A,B) :- all97(A,C), \+no97(C,B) 0.237179487179 (3.0, 9.0, 90.0, 6.0) 0.770833333333 [ACCEPT]
[LVL9] rall97(A,B) :- all97(A,C), \+somenot97(C,B) 0.237179487179 (3.0, 9.0, 90.0, 6.0) 0.770833333333 [ACCEPT]
[LVL9] rall97(A,B) :- all97(A,C), \+somenot97(B,C) 0.237179487179 (3.0, 9.0, 90.0, 6.0) 0.770833333333 [ACCEPT]
[LVL9] rall97(A,B) :- no97(C,A), \+all97(C,B) 0.14880952381 (2.0, 11.0, 88.0, 7.0) 0.694444444444 [ACCEPT]
[LVL9] rall97(A,B) :- no97(C,A), \+all97(B,C) 0.14880952381 (2.0, 11.0, 88.0, 7.0) 0.694444444444 [ACCEPT]
[LVL9] rall97(A,B) :- no97(C,A), \+some97(C,B) 0.205555555556 (3.0, 11.0, 88.0, 6.0) 0.770833333333 [ACCEPT]
[LVL9] rall97(A,B) :- no97(C,A), \+some97(B,C) 0.14880952381 (2.0, 11.0, 88.0, 7.0) 0.694444444444 [ACCEPT]
[LVL9] rall97(A,B) :- no97(C,A), \+no97(C,B) 0.220238095238 (3.0, 10.0, 89.0, 6.0) 0.770833333333 [ACCEPT]
[LVL9] rall97(A,B) :- no97(C,A), \+no97(B,C) 0.220238095238 (3.0, 10.0, 89.0, 6.0) 0.770833333333 [ACCEPT]
[LVL9] rall97(A,B) :- no97(C,A), \+somenot97(C,B) 0.220238095238 (3.0, 10.0, 89.0, 6.0) 0.770833333333 [ACCEPT]
[LVL9] rall97(A,B) :- no97(C,A), \+somenot97(B,C) 0.220238095238 (3.0, 10.0, 89.0, 6.0) 0.770833333333 [ACCEPT]
[LVL9] rall97(A,B) :- no97(B,C), \+all97(C,A) 0.173611111111 (2.0, 9.0, 90.0, 7.0) 0.694444444444 [ACCEPT]
[LVL9] rall97(A,B) :- no97(B,C), \+some97(A,C) 0.173611111111 (2.0, 9.0, 90.0, 7.0) 0.694444444444 [ACCEPT]
[LVL9] rall97(A,B) :- no97(B,C), \+some97(C,A) 0.173611111111 (2.0, 9.0, 90.0, 7.0) 0.694444444444 [ACCEPT]
[LVL9] rall97(A,B) :- no97(B,C), \+no97(A,C) 0.189393939394 (2.0, 8.0, 91.0, 7.0) 0.694444444444 [ACCEPT]
[LVL9] rall97(A,B) :- no97(B,C), \+no97(C,A) 0.189393939394 (2.0, 8.0, 91.0, 7.0) 0.694444444444 [ACCEPT]
[LVL9] rall97(A,B) :- no97(B,C), \+somenot97(A,C) 0.189393939394 (2.0, 8.0, 91.0, 7.0) 0.694444444444 [ACCEPT]
[LVL9] rall97(A,B) :- all97(C,A), \+all97(B,C) 0.173611111111 (2.0, 9.0, 90.0, 7.0) 0.694444444444 [ACCEPT]
[LVL9] rall97(A,B) :- all97(C,A), \+some97(C,B) 0.173611111111 (2.0, 9.0, 90.0, 7.0) 0.694444444444 [ACCEPT]
[LVL9] rall97(A,B) :- all97(C,A), \+some97(B,C) 0.173611111111 (2.0, 9.0, 90.0, 7.0) 0.694444444444 [ACCEPT]
[LVL9] rall97(A,B) :- all97(C,A), \+no97(B,C) 0.160256410256 (2.0, 10.0, 89.0, 7.0) 0.694444444444 [ACCEPT]
[LVL9] rall97(A,B) :- all97(C,A), \+somenot97(C,B) 0.160256410256 (2.0, 10.0, 89.0, 7.0) 0.694444444444 [ACCEPT]
[LVL9] rall97(A,B) :- all97(C,A), \+somenot97(B,C) 0.160256410256 (2.0, 10.0, 89.0, 7.0) 0.694444444444 [ACCEPT]
[LVL9] rall97(A,B) :- all97(B,C), \+all97(C,A) 0.160256410256 (2.0, 10.0, 89.0, 7.0) 0.694444444444 [ACCEPT]
[LVL9] rall97(A,B) :- all97(B,C), \+some97(A,C) 0.160256410256 (2.0, 10.0, 89.0, 7.0) 0.694444444444 [ACCEPT]
[LVL9] rall97(A,B) :- all97(B,C), \+some97(C,A) 0.14880952381 (2.0, 11.0, 88.0, 7.0) 0.694444444444 [ACCEPT]
[LVL9] rall97(A,B) :- all97(B,C), \+no97(A,C) 0.14880952381 (2.0, 11.0, 88.0, 7.0) 0.694444444444 [ACCEPT]
[LVL9] rall97(A,B) :- all97(B,C), \+somenot97(A,C) 0.160256410256 (2.0, 10.0, 89.0, 7.0) 0.694444444444 [ACCEPT]
[LVL9] rall97(A,B) :- all97(B,C), \+somenot97(C,A) 0.160256410256 (2.0, 10.0, 89.0, 7.0) 0.694444444444 [ACCEPT]
[DEBUG] Best rule so far: rall97(A,B) :- all97(A,C), no97(B,C) [0.541666666667]
[DEBUG] Candidates for iteration 3:
[DEBUG] ==================================
[DEBUG] rall97(A,B) :- all97(C,B), all97(A,C) 0.361111111111
[DEBUG] rall97(A,B) :- all97(C,B), all97(C,A) 0.361111111111
[DEBUG] rall97(A,B) :- all97(C,B), all97(A,D) 0.361111111111
[DEBUG] rall97(A,B) :- all97(C,B), all97(D,A) 0.361111111111
[DEBUG] rall97(A,B) :- all97(C,B), all97(D,C) 0.361111111111
[DEBUG] rall97(A,B) :- all97(C,B), no97(C,A) 0.361111111111
[DEBUG] rall97(A,B) :- all97(C,B), no97(C,D) 0.361111111111
[DEBUG] rall97(A,B) :- all97(C,B), no97(D,A) 0.361111111111
[DEBUG] rall97(A,B) :- all97(A,C), all97(B,C) 0.361111111111
[DEBUG] rall97(A,B) :- all97(A,C), all97(C,D) 0.361111111111
[DEBUG] rall97(A,B) :- all97(A,C), all97(B,D) 0.361111111111
[DEBUG] rall97(A,B) :- all97(A,C), all97(D,B) 0.361111111111
[DEBUG] rall97(A,B) :- all97(C,B), \+some97(A,C) 0.256944444444
[DEBUG] rall97(A,B) :- all97(C,B), \+some97(C,A) 0.256944444444
[DEBUG] rall97(A,B) :- all97(C,B), \+no97(A,C) 0.237179487179
[DEBUG] rall97(A,B) :- all97(C,B), \+somenot97(A,C) 0.237179487179
[DEBUG] rall97(A,B) :- all97(C,B), \+somenot97(C,A) 0.237179487179
[DEBUG] rall97(A,B) :- all97(A,C), \+some97(B,C) 0.237179487179
[DEBUG] rall97(A,B) :- all97(A,C), \+no97(C,B) 0.237179487179
[DEBUG] rall97(A,B) :- all97(A,C), \+somenot97(C,B) 0.237179487179
[DEBUG] rall97(A,B) :- all97(A,C), \+somenot97(B,C) 0.237179487179
[DEBUG] rall97(A,B) :- all97(A,C), \+some97(C,B) 0.220238095238
[DEBUG] rall97(A,B) :- no97(C,A), \+no97(C,B) 0.220238095238
[DEBUG] rall97(A,B) :- no97(C,A), \+no97(B,C) 0.220238095238
[DEBUG] rall97(A,B) :- no97(C,A), \+somenot97(C,B) 0.220238095238
[DEBUG] rall97(A,B) :- no97(C,A), \+somenot97(B,C) 0.220238095238
[DEBUG] rall97(A,B) :- no97(C,A), \+some97(C,B) 0.205555555556
[DEBUG] rall97(A,B) :- no97(B,C), \+no97(A,C) 0.189393939394
[DEBUG] rall97(A,B) :- no97(B,C), \+no97(C,A) 0.189393939394
[DEBUG] rall97(A,B) :- no97(B,C), \+somenot97(A,C) 0.189393939394
[DEBUG] rall97(A,B) :- all97(C,B), \+all97(A,C) 0.173611111111
[DEBUG] rall97(A,B) :- all97(C,B), \+all97(C,A) 0.173611111111
[DEBUG] rall97(A,B) :- all97(C,B), \+no97(C,A) 0.173611111111
[DEBUG] rall97(A,B) :- no97(B,C), \+all97(C,A) 0.173611111111
[DEBUG] rall97(A,B) :- no97(B,C), \+some97(A,C) 0.173611111111
[DEBUG] rall97(A,B) :- no97(B,C), \+some97(C,A) 0.173611111111
[DEBUG] rall97(A,B) :- all97(C,A), \+all97(B,C) 0.173611111111
[DEBUG] rall97(A,B) :- all97(C,A), \+some97(C,B) 0.173611111111
[DEBUG] rall97(A,B) :- all97(C,A), \+some97(B,C) 0.173611111111
[DEBUG] rall97(A,B) :- all97(A,C), \+all97(C,B) 0.160256410256
[DEBUG] rall97(A,B) :- all97(A,C), \+all97(B,C) 0.160256410256
[DEBUG] rall97(A,B) :- all97(C,A), \+no97(B,C) 0.160256410256
[DEBUG] rall97(A,B) :- all97(C,A), \+somenot97(C,B) 0.160256410256
[DEBUG] rall97(A,B) :- all97(C,A), \+somenot97(B,C) 0.160256410256
[DEBUG] rall97(A,B) :- all97(B,C), \+all97(C,A) 0.160256410256
[DEBUG] rall97(A,B) :- all97(B,C), \+some97(A,C) 0.160256410256
[DEBUG] rall97(A,B) :- all97(B,C), \+somenot97(A,C) 0.160256410256
[DEBUG] rall97(A,B) :- all97(B,C), \+somenot97(C,A) 0.160256410256
[DEBUG] rall97(A,B) :- no97(C,A), \+all97(C,B) 0.14880952381
[DEBUG] rall97(A,B) :- no97(C,A), \+all97(B,C) 0.14880952381
[DEBUG] rall97(A,B) :- no97(C,A), \+some97(B,C) 0.14880952381
[DEBUG] rall97(A,B) :- all97(B,C), \+some97(C,A) 0.14880952381
[DEBUG] rall97(A,B) :- all97(B,C), \+no97(A,C) 0.14880952381
[DEBUG] ==================================
[INFO] RULE LEARNED: rall97(A,B) :- all97(A,C), no97(B,C) 0.925925925926
[DEBUG] Best rule so far: rall97(A,B) :- true [0.0747663551402]
[DEBUG] Candidates for iteration 1:
[DEBUG] ==================================
[DEBUG] rall97(A,B) :- true 0.0747663551402
[DEBUG] ==================================
[LVL9] rall97(A,B) :- all97(A,C) 0.148197596796 (3.0, 11.0, 88.0, 6.0) 0.691588785047 [ACCEPT]
[LVL9] BETTER RULE rall97(A,B) :- all97(A,C) (0.14819759679572764, 3.0) > (0.07476635514018691, 9.0)
[LVL9] rall97(A,B) :- all97(B,C) 0.138317757009 (3.0, 12.0, 87.0, 6.0) 0.691588785047 [ACCEPT]
[LVL9] rall97(A,B) :- all97(C,A) 0.148197596796 (3.0, 11.0, 88.0, 6.0) 0.691588785047 [ACCEPT]
[LVL9] rall97(A,B) :- all97(C,B) 0.219626168224 (4.0, 10.0, 89.0, 5.0) 0.768691588785 [ACCEPT]
[LVL9] BETTER RULE rall97(A,B) :- all97(C,B) (0.21962616822429906, 4.0) > (0.14819759679572764, 3.0)
[LVL9] rall97(A,B) :- some97(B,C) 0.0 (2.0, 13.0, 86.0, 7.0) 0.53738317757 [ACCEPT]
[LVL9] rall97(A,B) :- no97(B,C) 0.0895638629283 (2.0, 10.0, 89.0, 7.0) 0.53738317757 [ACCEPT]
[LVL9] rall97(A,B) :- no97(C,A) 0.192172897196 (4.0, 12.0, 87.0, 5.0) 0.768691588785 [ACCEPT]
[LVL9] rall97(A,B) :- no97(C,B) 0.0 (2.0, 14.0, 85.0, 7.0) 0.53738317757 [ACCEPT]
[LVL9] rall97(A,B) :- somenot97(C,A) 0.0767690253672 (2.0, 12.0, 87.0, 7.0) 0.53738317757 [ACCEPT]
[DEBUG] Best rule so far: rall97(A,B) :- all97(C,B) [0.219626168224]
[DEBUG] Candidates for iteration 2:
[DEBUG] ==================================
[DEBUG] rall97(A,B) :- all97(C,B) 0.219626168224
[DEBUG] rall97(A,B) :- no97(C,A) 0.192172897196
[DEBUG] rall97(A,B) :- all97(A,C) 0.148197596796
[DEBUG] rall97(A,B) :- all97(C,A) 0.148197596796
[DEBUG] rall97(A,B) :- all97(B,C) 0.138317757009
[DEBUG] rall97(A,B) :- no97(B,C) 0.0895638629283
[DEBUG] rall97(A,B) :- somenot97(C,A) 0.0767690253672
[DEBUG] rall97(A,B) :- some97(B,C) 0.0
[DEBUG] rall97(A,B) :- no97(C,B) 0.0
[DEBUG] ==================================
[LVL9] rall97(A,B) :- all97(C,B), all97(A,C) 0.358255451713 (2.0, 1.0, 98.0, 7.0) 0.53738317757 [ACCEPT]
[LVL9] BETTER RULE rall97(A,B) :- all97(C,B), all97(A,C) (0.3582554517133956, 2.0) > (0.21962616822429906, 4.0)
[LVL9] rall97(A,B) :- all97(C,B), all97(C,A) 0.358255451713 (2.0, 1.0, 98.0, 7.0) 0.53738317757 [ACCEPT]
[LVL9] rall97(A,B) :- all97(C,B), all97(A,D) 0.358255451713 (2.0, 1.0, 98.0, 7.0) 0.53738317757 [ACCEPT]
[LVL9] rall97(A,B) :- all97(C,B), all97(D,A) 0.358255451713 (2.0, 1.0, 98.0, 7.0) 0.53738317757 [ACCEPT]
[LVL9] rall97(A,B) :- all97(C,B), all97(D,C) 0.358255451713 (2.0, 1.0, 98.0, 7.0) 0.53738317757 [ACCEPT]
[LVL9] rall97(A,B) :- all97(C,B), no97(C,A) 0.358255451713 (2.0, 1.0, 98.0, 7.0) 0.53738317757 [ACCEPT]
[LVL9] rall97(A,B) :- all97(C,B), no97(C,D) 0.358255451713 (2.0, 1.0, 98.0, 7.0) 0.53738317757 [ACCEPT]
[LVL9] rall97(A,B) :- all97(C,B), no97(D,A) 0.358255451713 (2.0, 1.0, 98.0, 7.0) 0.53738317757 [ACCEPT]
[LVL9] rall97(A,B) :- all97(C,B), \+all97(A,C) 0.172897196262 (3.0, 9.0, 90.0, 6.0) 0.691588785047 [ACCEPT]
[LVL9] rall97(A,B) :- all97(C,B), \+all97(C,A) 0.172897196262 (3.0, 9.0, 90.0, 6.0) 0.691588785047 [ACCEPT]
[LVL9] rall97(A,B) :- all97(C,B), \+some97(A,C) 0.256230529595 (4.0, 8.0, 91.0, 5.0) 0.768691588785 [ACCEPT]
[LVL9] rall97(A,B) :- all97(C,B), \+some97(C,A) 0.256230529595 (4.0, 8.0, 91.0, 5.0) 0.768691588785 [ACCEPT]
[LVL9] rall97(A,B) :- all97(C,B), \+no97(A,C) 0.236520488857 (4.0, 9.0, 90.0, 5.0) 0.768691588785 [ACCEPT]
[LVL9] rall97(A,B) :- all97(C,B), \+no97(C,A) 0.172897196262 (3.0, 9.0, 90.0, 6.0) 0.691588785047 [ACCEPT]
[LVL9] rall97(A,B) :- all97(C,B), \+somenot97(A,C) 0.236520488857 (4.0, 9.0, 90.0, 5.0) 0.768691588785 [ACCEPT]
[LVL9] rall97(A,B) :- all97(C,B), \+somenot97(C,A) 0.236520488857 (4.0, 9.0, 90.0, 5.0) 0.768691588785 [ACCEPT]
[LVL9] rall97(A,B) :- no97(C,A), all97(B,C) 0.358255451713 (2.0, 1.0, 98.0, 7.0) 0.53738317757 [ACCEPT]
[LVL9] rall97(A,B) :- no97(C,A), all97(C,D) 0.358255451713 (2.0, 1.0, 98.0, 7.0) 0.53738317757 [ACCEPT]
[LVL9] rall97(A,B) :- no97(C,A), all97(B,D) 0.358255451713 (2.0, 1.0, 98.0, 7.0) 0.53738317757 [ACCEPT]
[LVL9] rall97(A,B) :- no97(C,A), all97(D,C) 0.358255451713 (2.0, 1.0, 98.0, 7.0) 0.53738317757 [ACCEPT]
[LVL9] rall97(A,B) :- no97(C,A), all97(D,B) 0.358255451713 (2.0, 1.0, 98.0, 7.0) 0.53738317757 [ACCEPT]
[LVL9] rall97(A,B) :- no97(C,A), some97(B,C) 0.358255451713 (2.0, 1.0, 98.0, 7.0) 0.53738317757 [ACCEPT]
[LVL9] rall97(A,B) :- no97(C,A), some97(B,D) 0.358255451713 (2.0, 1.0, 98.0, 7.0) 0.53738317757 [ACCEPT]
[LVL9] rall97(A,B) :- no97(C,A), some97(D,C) 0.358255451713 (2.0, 1.0, 98.0, 7.0) 0.53738317757 [ACCEPT]
[LVL9] rall97(A,B) :- no97(C,A), \+all97(C,B) 0.148197596796 (3.0, 11.0, 88.0, 6.0) 0.691588785047 [ACCEPT]
[LVL9] rall97(A,B) :- no97(C,A), \+all97(B,C) 0.148197596796 (3.0, 11.0, 88.0, 6.0) 0.691588785047 [ACCEPT]
[LVL9] rall97(A,B) :- no97(C,A), \+some97(C,B) 0.204984423676 (4.0, 11.0, 88.0, 5.0) 0.768691588785 [ACCEPT]
[LVL9] rall97(A,B) :- no97(C,A), \+some97(B,C) 0.148197596796 (3.0, 11.0, 88.0, 6.0) 0.691588785047 [ACCEPT]
[LVL9] rall97(A,B) :- no97(C,A), \+no97(C,B) 0.219626168224 (4.0, 10.0, 89.0, 5.0) 0.768691588785 [ACCEPT]
[LVL9] rall97(A,B) :- no97(C,A), \+no97(B,C) 0.219626168224 (4.0, 10.0, 89.0, 5.0) 0.768691588785 [ACCEPT]
[LVL9] rall97(A,B) :- no97(C,A), \+somenot97(C,B) 0.219626168224 (4.0, 10.0, 89.0, 5.0) 0.768691588785 [ACCEPT]
[LVL9] rall97(A,B) :- no97(C,A), \+somenot97(B,C) 0.219626168224 (4.0, 10.0, 89.0, 5.0) 0.768691588785 [ACCEPT]
[LVL9] rall97(A,B) :- all97(A,C), all97(B,C) 0.358255451713 (2.0, 1.0, 98.0, 7.0) 0.53738317757 [ACCEPT]
[LVL9] rall97(A,B) :- all97(A,C), all97(C,D) 0.358255451713 (2.0, 1.0, 98.0, 7.0) 0.53738317757 [ACCEPT]
[LVL9] rall97(A,B) :- all97(A,C), all97(B,D) 0.358255451713 (2.0, 1.0, 98.0, 7.0) 0.53738317757 [ACCEPT]
[LVL9] rall97(A,B) :- all97(A,C), all97(D,B) 0.358255451713 (2.0, 1.0, 98.0, 7.0) 0.53738317757 [ACCEPT]
[LVL9] rall97(A,B) :- all97(A,C), \+all97(C,B) 0.0895638629283 (2.0, 10.0, 89.0, 7.0) 0.53738317757 [ACCEPT]
[LVL9] rall97(A,B) :- all97(A,C), \+all97(B,C) 0.0895638629283 (2.0, 10.0, 89.0, 7.0) 0.53738317757 [ACCEPT]
[LVL9] rall97(A,B) :- all97(A,C), \+some97(C,B) 0.159597411934 (3.0, 10.0, 89.0, 6.0) 0.691588785047 [ACCEPT]
[LVL9] rall97(A,B) :- all97(A,C), \+some97(B,C) 0.172897196262 (3.0, 9.0, 90.0, 6.0) 0.691588785047 [ACCEPT]
[LVL9] rall97(A,B) :- all97(A,C), \+no97(C,B) 0.172897196262 (3.0, 9.0, 90.0, 6.0) 0.691588785047 [ACCEPT]
[LVL9] rall97(A,B) :- all97(A,C), \+somenot97(C,B) 0.172897196262 (3.0, 9.0, 90.0, 6.0) 0.691588785047 [ACCEPT]
[LVL9] rall97(A,B) :- all97(A,C), \+somenot97(B,C) 0.172897196262 (3.0, 9.0, 90.0, 6.0) 0.691588785047 [ACCEPT]
[LVL9] rall97(A,B) :- all97(C,A), all97(D,B) 0.358255451713 (2.0, 1.0, 98.0, 7.0) 0.53738317757 [ACCEPT]
[LVL9] rall97(A,B) :- all97(C,A), no97(C,B) 0.358255451713 (2.0, 1.0, 98.0, 7.0) 0.53738317757 [ACCEPT]
[LVL9] rall97(A,B) :- all97(C,A), no97(C,D) 0.358255451713 (2.0, 1.0, 98.0, 7.0) 0.53738317757 [ACCEPT]
[LVL9] rall97(A,B) :- all97(C,A), no97(D,B) 0.358255451713 (2.0, 1.0, 98.0, 7.0) 0.53738317757 [ACCEPT]
[LVL9] rall97(A,B) :- all97(C,A), \+all97(C,B) 0.0895638629283 (2.0, 10.0, 89.0, 7.0) 0.53738317757 [ACCEPT]
[LVL9] rall97(A,B) :- all97(C,A), \+all97(B,C) 0.172897196262 (3.0, 9.0, 90.0, 6.0) 0.691588785047 [ACCEPT]
[LVL9] rall97(A,B) :- all97(C,A), \+some97(C,B) 0.172897196262 (3.0, 9.0, 90.0, 6.0) 0.691588785047 [ACCEPT]
[LVL9] rall97(A,B) :- all97(C,A), \+some97(B,C) 0.172897196262 (3.0, 9.0, 90.0, 6.0) 0.691588785047 [ACCEPT]
[LVL9] rall97(A,B) :- all97(C,A), \+no97(C,B) 0.0895638629283 (2.0, 10.0, 89.0, 7.0) 0.53738317757 [ACCEPT]
[LVL9] rall97(A,B) :- all97(C,A), \+no97(B,C) 0.159597411934 (3.0, 10.0, 89.0, 6.0) 0.691588785047 [ACCEPT]
[LVL9] rall97(A,B) :- all97(C,A), \+somenot97(C,B) 0.159597411934 (3.0, 10.0, 89.0, 6.0) 0.691588785047 [ACCEPT]
[LVL9] rall97(A,B) :- all97(C,A), \+somenot97(B,C) 0.159597411934 (3.0, 10.0, 89.0, 6.0) 0.691588785047 [ACCEPT]
[LVL9] rall97(A,B) :- all97(B,C), all97(A,D) 0.358255451713 (2.0, 1.0, 98.0, 7.0) 0.53738317757 [ACCEPT]
[LVL9] rall97(A,B) :- all97(B,C), no97(C,D) 0.358255451713 (2.0, 1.0, 98.0, 7.0) 0.53738317757 [ACCEPT]
[LVL9] rall97(A,B) :- all97(B,C), no97(D,A) 0.358255451713 (2.0, 1.0, 98.0, 7.0) 0.53738317757 [ACCEPT]
[LVL9] rall97(A,B) :- all97(B,C), \+all97(A,C) 0.0826743350108 (2.0, 11.0, 88.0, 7.0) 0.53738317757 [ACCEPT]
[LVL9] rall97(A,B) :- all97(B,C), \+all97(C,A) 0.159597411934 (3.0, 10.0, 89.0, 6.0) 0.691588785047 [ACCEPT]
[LVL9] rall97(A,B) :- all97(B,C), \+some97(A,C) 0.159597411934 (3.0, 10.0, 89.0, 6.0) 0.691588785047 [ACCEPT]
[LVL9] rall97(A,B) :- all97(B,C), \+some97(C,A) 0.148197596796 (3.0, 11.0, 88.0, 6.0) 0.691588785047 [ACCEPT]
[LVL9] rall97(A,B) :- all97(B,C), \+no97(A,C) 0.148197596796 (3.0, 11.0, 88.0, 6.0) 0.691588785047 [ACCEPT]
[LVL9] rall97(A,B) :- all97(B,C), \+no97(C,A) 0.0826743350108 (2.0, 11.0, 88.0, 7.0) 0.53738317757 [ACCEPT]
[LVL9] rall97(A,B) :- all97(B,C), \+somenot97(A,C) 0.159597411934 (3.0, 10.0, 89.0, 6.0) 0.691588785047 [ACCEPT]
[LVL9] rall97(A,B) :- all97(B,C), \+somenot97(C,A) 0.159597411934 (3.0, 10.0, 89.0, 6.0) 0.691588785047 [ACCEPT]
[LVL9] rall97(A,B) :- no97(B,C), somenot97(C,A) 0.358255451713 (2.0, 1.0, 98.0, 7.0) 0.53738317757 [ACCEPT]
[LVL9] rall97(A,B) :- no97(B,C), somenot97(C,D) 0.358255451713 (2.0, 1.0, 98.0, 7.0) 0.53738317757 [ACCEPT]
[LVL9] rall97(A,B) :- no97(B,C), somenot97(D,A) 0.358255451713 (2.0, 1.0, 98.0, 7.0) 0.53738317757 [ACCEPT]
[LVL9] rall97(A,B) :- no97(B,C), \+all97(C,A) 0.0977060322855 (2.0, 9.0, 90.0, 7.0) 0.53738317757 [ACCEPT]
[LVL9] rall97(A,B) :- no97(B,C), \+some97(A,C) 0.0977060322855 (2.0, 9.0, 90.0, 7.0) 0.53738317757 [ACCEPT]
[LVL9] rall97(A,B) :- no97(B,C), \+some97(C,A) 0.0977060322855 (2.0, 9.0, 90.0, 7.0) 0.53738317757 [ACCEPT]
[LVL9] rall97(A,B) :- no97(B,C), \+no97(A,C) 0.107476635514 (2.0, 8.0, 91.0, 7.0) 0.53738317757 [ACCEPT]
[LVL9] rall97(A,B) :- no97(B,C), \+no97(C,A) 0.107476635514 (2.0, 8.0, 91.0, 7.0) 0.53738317757 [ACCEPT]
[LVL9] rall97(A,B) :- no97(B,C), \+somenot97(A,C) 0.107476635514 (2.0, 8.0, 91.0, 7.0) 0.53738317757 [ACCEPT]
[LVL9] rall97(A,B) :- somenot97(C,A), no97(B,D) 0.358255451713 (2.0, 1.0, 98.0, 7.0) 0.53738317757 [ACCEPT]
[LVL9] rall97(A,B) :- somenot97(C,A), no97(D,C) 0.358255451713 (2.0, 1.0, 98.0, 7.0) 0.53738317757 [ACCEPT]
[LVL9] rall97(A,B) :- somenot97(C,A), \+all97(C,B) 0.0826743350108 (2.0, 11.0, 88.0, 7.0) 0.53738317757 [ACCEPT]
[LVL9] rall97(A,B) :- somenot97(C,A), \+all97(B,C) 0.0895638629283 (2.0, 10.0, 89.0, 7.0) 0.53738317757 [ACCEPT]
[LVL9] rall97(A,B) :- somenot97(C,A), \+some97(C,B) 0.0895638629283 (2.0, 10.0, 89.0, 7.0) 0.53738317757 [ACCEPT]
[LVL9] rall97(A,B) :- somenot97(C,A), \+some97(B,C) 0.0895638629283 (2.0, 10.0, 89.0, 7.0) 0.53738317757 [ACCEPT]
[LVL9] rall97(A,B) :- somenot97(C,A), \+no97(C,B) 0.0895638629283 (2.0, 10.0, 89.0, 7.0) 0.53738317757 [ACCEPT]
[LVL9] rall97(A,B) :- somenot97(C,A), \+somenot97(B,C) 0.0895638629283 (2.0, 10.0, 89.0, 7.0) 0.53738317757 [ACCEPT]
[LVL9] rall97(A,B) :- some97(B,C), no97(C,D) 0.358255451713 (2.0, 1.0, 98.0, 7.0) 0.53738317757 [ACCEPT]
[LVL9] rall97(A,B) :- some97(B,C), no97(D,A) 0.358255451713 (2.0, 1.0, 98.0, 7.0) 0.53738317757 [ACCEPT]
[LVL9] rall97(A,B) :- some97(B,C), \+all97(A,C) 0.0826743350108 (2.0, 11.0, 88.0, 7.0) 0.53738317757 [ACCEPT]
[LVL9] rall97(A,B) :- some97(B,C), \+all97(C,A) 0.0826743350108 (2.0, 11.0, 88.0, 7.0) 0.53738317757 [ACCEPT]
[LVL9] rall97(A,B) :- some97(B,C), \+some97(A,C) 0.0826743350108 (2.0, 11.0, 88.0, 7.0) 0.53738317757 [ACCEPT]
[LVL9] rall97(A,B) :- some97(B,C), \+some97(C,A) 0.0826743350108 (2.0, 11.0, 88.0, 7.0) 0.53738317757 [ACCEPT]
[LVL9] rall97(A,B) :- some97(B,C), \+no97(A,C) 0.0767690253672 (2.0, 12.0, 87.0, 7.0) 0.53738317757 [ACCEPT]
[LVL9] rall97(A,B) :- some97(B,C), \+somenot97(A,C) 0.0767690253672 (2.0, 12.0, 87.0, 7.0) 0.53738317757 [ACCEPT]
[LVL9] rall97(A,B) :- some97(B,C), \+somenot97(C,A) 0.0826743350108 (2.0, 11.0, 88.0, 7.0) 0.53738317757 [ACCEPT]
[LVL9] rall97(A,B) :- no97(C,B), all97(C,D) 0.358255451713 (2.0, 1.0, 98.0, 7.0) 0.53738317757 [ACCEPT]
[LVL9] rall97(A,B) :- no97(C,B), all97(D,A) 0.358255451713 (2.0, 1.0, 98.0, 7.0) 0.53738317757 [ACCEPT]
[LVL9] rall97(A,B) :- no97(C,B), \+all97(A,C) 0.0767690253672 (2.0, 12.0, 87.0, 7.0) 0.53738317757 [ACCEPT]
[LVL9] rall97(A,B) :- no97(C,B), \+some97(A,C) 0.0767690253672 (2.0, 12.0, 87.0, 7.0) 0.53738317757 [ACCEPT]
[LVL9] rall97(A,B) :- no97(C,B), \+some97(C,A) 0.0 (2.0, 13.0, 86.0, 7.0) 0.53738317757 [ACCEPT]
[LVL9] rall97(A,B) :- no97(C,B), \+no97(A,C) 0.0767690253672 (2.0, 12.0, 87.0, 7.0) 0.53738317757 [ACCEPT]
[LVL9] rall97(A,B) :- no97(C,B), \+no97(C,A) 0.0767690253672 (2.0, 12.0, 87.0, 7.0) 0.53738317757 [ACCEPT]
[LVL9] rall97(A,B) :- no97(C,B), \+somenot97(A,C) 0.0767690253672 (2.0, 12.0, 87.0, 7.0) 0.53738317757 [ACCEPT]
[LVL9] rall97(A,B) :- no97(C,B), \+somenot97(C,A) 0.0767690253672 (2.0, 12.0, 87.0, 7.0) 0.53738317757 [ACCEPT]
[DEBUG] Best rule so far: rall97(A,B) :- all97(C,B), all97(A,C) [0.358255451713]
[DEBUG] Candidates for iteration 3:
[DEBUG] ==================================
[DEBUG] rall97(A,B) :- all97(C,B), all97(A,C) 0.358255451713
[DEBUG] rall97(A,B) :- all97(C,B), all97(C,A) 0.358255451713
[DEBUG] rall97(A,B) :- all97(C,B), all97(A,D) 0.358255451713
[DEBUG] rall97(A,B) :- all97(C,B), all97(D,A) 0.358255451713
[DEBUG] rall97(A,B) :- all97(C,B), all97(D,C) 0.358255451713
[DEBUG] rall97(A,B) :- all97(C,B), no97(C,A) 0.358255451713
[DEBUG] rall97(A,B) :- all97(C,B), no97(C,D) 0.358255451713
[DEBUG] rall97(A,B) :- all97(C,B), no97(D,A) 0.358255451713
[DEBUG] rall97(A,B) :- no97(C,A), all97(B,C) 0.358255451713
[DEBUG] rall97(A,B) :- no97(C,A), all97(C,D) 0.358255451713
[DEBUG] rall97(A,B) :- no97(C,A), all97(B,D) 0.358255451713
[DEBUG] rall97(A,B) :- no97(C,A), all97(D,C) 0.358255451713
[DEBUG] rall97(A,B) :- no97(C,A), all97(D,B) 0.358255451713
[DEBUG] rall97(A,B) :- no97(C,A), some97(B,C) 0.358255451713
[DEBUG] rall97(A,B) :- no97(C,A), some97(B,D) 0.358255451713
[DEBUG] rall97(A,B) :- no97(C,A), some97(D,C) 0.358255451713
[DEBUG] rall97(A,B) :- all97(A,C), all97(B,C) 0.358255451713
[DEBUG] rall97(A,B) :- all97(A,C), all97(C,D) 0.358255451713
[DEBUG] rall97(A,B) :- all97(A,C), all97(B,D) 0.358255451713
[DEBUG] rall97(A,B) :- all97(A,C), all97(D,B) 0.358255451713
[DEBUG] rall97(A,B) :- all97(C,A), all97(D,B) 0.358255451713
[DEBUG] rall97(A,B) :- all97(C,A), no97(C,B) 0.358255451713
[DEBUG] rall97(A,B) :- all97(C,A), no97(C,D) 0.358255451713
[DEBUG] rall97(A,B) :- all97(C,A), no97(D,B) 0.358255451713
[DEBUG] rall97(A,B) :- all97(B,C), all97(A,D) 0.358255451713
[DEBUG] rall97(A,B) :- all97(B,C), no97(C,D) 0.358255451713
[DEBUG] rall97(A,B) :- all97(B,C), no97(D,A) 0.358255451713
[DEBUG] rall97(A,B) :- no97(B,C), somenot97(C,A) 0.358255451713
[DEBUG] rall97(A,B) :- no97(B,C), somenot97(C,D) 0.358255451713
[DEBUG] rall97(A,B) :- no97(B,C), somenot97(D,A) 0.358255451713
[DEBUG] rall97(A,B) :- somenot97(C,A), no97(B,D) 0.358255451713
[DEBUG] rall97(A,B) :- somenot97(C,A), no97(D,C) 0.358255451713
[DEBUG] rall97(A,B) :- some97(B,C), no97(C,D) 0.358255451713
[DEBUG] rall97(A,B) :- some97(B,C), no97(D,A) 0.358255451713
[DEBUG] rall97(A,B) :- no97(C,B), all97(C,D) 0.358255451713
[DEBUG] rall97(A,B) :- no97(C,B), all97(D,A) 0.358255451713
[DEBUG] rall97(A,B) :- all97(C,B), \+some97(A,C) 0.256230529595
[DEBUG] rall97(A,B) :- all97(C,B), \+some97(C,A) 0.256230529595
[DEBUG] rall97(A,B) :- all97(C,B), \+no97(A,C) 0.236520488857
[DEBUG] rall97(A,B) :- all97(C,B), \+somenot97(A,C) 0.236520488857
[DEBUG] rall97(A,B) :- all97(C,B), \+somenot97(C,A) 0.236520488857
[DEBUG] rall97(A,B) :- no97(C,A), \+no97(C,B) 0.219626168224
[DEBUG] rall97(A,B) :- no97(C,A), \+no97(B,C) 0.219626168224
[DEBUG] rall97(A,B) :- no97(C,A), \+somenot97(C,B) 0.219626168224
[DEBUG] rall97(A,B) :- no97(C,A), \+somenot97(B,C) 0.219626168224
[DEBUG] rall97(A,B) :- no97(C,A), \+some97(C,B) 0.204984423676
[DEBUG] rall97(A,B) :- all97(C,B), \+all97(A,C) 0.172897196262
[DEBUG] rall97(A,B) :- all97(C,B), \+all97(C,A) 0.172897196262
[DEBUG] rall97(A,B) :- all97(C,B), \+no97(C,A) 0.172897196262
[DEBUG] rall97(A,B) :- all97(A,C), \+some97(B,C) 0.172897196262
[DEBUG] rall97(A,B) :- all97(A,C), \+no97(C,B) 0.172897196262
[DEBUG] rall97(A,B) :- all97(A,C), \+somenot97(C,B) 0.172897196262
[DEBUG] rall97(A,B) :- all97(A,C), \+somenot97(B,C) 0.172897196262
[DEBUG] rall97(A,B) :- all97(C,A), \+all97(B,C) 0.172897196262
[DEBUG] rall97(A,B) :- all97(C,A), \+some97(C,B) 0.172897196262
[DEBUG] rall97(A,B) :- all97(C,A), \+some97(B,C) 0.172897196262
[DEBUG] rall97(A,B) :- all97(A,C), \+some97(C,B) 0.159597411934
[DEBUG] rall97(A,B) :- all97(C,A), \+no97(B,C) 0.159597411934
[DEBUG] rall97(A,B) :- all97(C,A), \+somenot97(C,B) 0.159597411934
[DEBUG] rall97(A,B) :- all97(C,A), \+somenot97(B,C) 0.159597411934
[DEBUG] rall97(A,B) :- all97(B,C), \+all97(C,A) 0.159597411934
[DEBUG] rall97(A,B) :- all97(B,C), \+some97(A,C) 0.159597411934
[DEBUG] rall97(A,B) :- all97(B,C), \+somenot97(A,C) 0.159597411934
[DEBUG] rall97(A,B) :- all97(B,C), \+somenot97(C,A) 0.159597411934
[DEBUG] rall97(A,B) :- no97(C,A), \+all97(C,B) 0.148197596796
[DEBUG] rall97(A,B) :- no97(C,A), \+all97(B,C) 0.148197596796
[DEBUG] rall97(A,B) :- no97(C,A), \+some97(B,C) 0.148197596796
[DEBUG] rall97(A,B) :- all97(B,C), \+some97(C,A) 0.148197596796
[DEBUG] rall97(A,B) :- all97(B,C), \+no97(A,C) 0.148197596796
[DEBUG] rall97(A,B) :- no97(B,C), \+no97(A,C) 0.107476635514
[DEBUG] rall97(A,B) :- no97(B,C), \+no97(C,A) 0.107476635514
[DEBUG] rall97(A,B) :- no97(B,C), \+somenot97(A,C) 0.107476635514
[DEBUG] rall97(A,B) :- no97(B,C), \+all97(C,A) 0.0977060322855
[DEBUG] rall97(A,B) :- no97(B,C), \+some97(A,C) 0.0977060322855
[DEBUG] rall97(A,B) :- no97(B,C), \+some97(C,A) 0.0977060322855
[DEBUG] rall97(A,B) :- all97(A,C), \+all97(C,B) 0.0895638629283
[DEBUG] rall97(A,B) :- all97(A,C), \+all97(B,C) 0.0895638629283
[DEBUG] rall97(A,B) :- all97(C,A), \+all97(C,B) 0.0895638629283
[DEBUG] rall97(A,B) :- all97(C,A), \+no97(C,B) 0.0895638629283
[DEBUG] rall97(A,B) :- somenot97(C,A), \+all97(B,C) 0.0895638629283
[DEBUG] rall97(A,B) :- somenot97(C,A), \+some97(C,B) 0.0895638629283
[DEBUG] rall97(A,B) :- somenot97(C,A), \+some97(B,C) 0.0895638629283
[DEBUG] rall97(A,B) :- somenot97(C,A), \+no97(C,B) 0.0895638629283
[DEBUG] rall97(A,B) :- somenot97(C,A), \+somenot97(B,C) 0.0895638629283
[DEBUG] rall97(A,B) :- all97(B,C), \+all97(A,C) 0.0826743350108
[DEBUG] rall97(A,B) :- all97(B,C), \+no97(C,A) 0.0826743350108
[DEBUG] rall97(A,B) :- somenot97(C,A), \+all97(C,B) 0.0826743350108
[DEBUG] rall97(A,B) :- some97(B,C), \+all97(A,C) 0.0826743350108
[DEBUG] rall97(A,B) :- some97(B,C), \+all97(C,A) 0.0826743350108
[DEBUG] rall97(A,B) :- some97(B,C), \+some97(A,C) 0.0826743350108
[DEBUG] rall97(A,B) :- some97(B,C), \+some97(C,A) 0.0826743350108
[DEBUG] rall97(A,B) :- some97(B,C), \+somenot97(C,A) 0.0826743350108
[DEBUG] rall97(A,B) :- some97(B,C), \+no97(A,C) 0.0767690253672
[DEBUG] rall97(A,B) :- some97(B,C), \+somenot97(A,C) 0.0767690253672
[DEBUG] rall97(A,B) :- no97(C,B), \+all97(A,C) 0.0767690253672
[DEBUG] rall97(A,B) :- no97(C,B), \+some97(A,C) 0.0767690253672
[DEBUG] rall97(A,B) :- no97(C,B), \+no97(A,C) 0.0767690253672
[DEBUG] rall97(A,B) :- no97(C,B), \+no97(C,A) 0.0767690253672
[DEBUG] rall97(A,B) :- no97(C,B), \+somenot97(A,C) 0.0767690253672
[DEBUG] rall97(A,B) :- no97(C,B), \+somenot97(C,A) 0.0767690253672
[DEBUG] ==================================
[INFO] RULE LEARNED: rall97(A,B) :- all97(C,B), all97(A,C) 0.925925925926
