[LVL9] Output level: 9
[INFO] Random seed: 0.718881289448
[INFO] Computing scores: 0.1037s
[INFO] Number of examples (M): 120
[INFO] Positive weight (P): 26.0000
[INFO] Negative weight (N): 94.0000
[DEBUG] Best rule so far: rsome15(A,B) :- true [0.0]
[DEBUG] Candidates for iteration 1:
[DEBUG] ==================================
[DEBUG] rsome15(A,B) :- true 0.0
[DEBUG] ==================================
[LVL9] rsome15(A,B) :- all15(A,C) 0.0 (3.0, 11.0, 83.0, 23.0) 0.804166666667 [ACCEPT]
[LVL9] rsome15(A,B) :- all15(B,C) 0.0 (3.0, 11.0, 83.0, 23.0) 0.804166666667 [ACCEPT]
[LVL9] rsome15(A,B) :- all15(C,A) 0.0 (2.0, 12.0, 82.0, 24.0) 0.738888888889 [ACCEPT]
[LVL9] rsome15(A,B) :- all15(C,B) 0.414444444444 (6.0, 8.0, 86.0, 20.0) 0.888095238095 [ACCEPT]
[LVL9] BETTER RULE rsome15(A,B) :- all15(C,B) (0.41444444444444445, 6.0) > (0.0, 26.0)
[LVL9] rsome15(A,B) :- some15(A,C) 0.36568627451 (6.0, 10.0, 84.0, 20.0) 0.888095238095 [ACCEPT]
[LVL9] rsome15(A,B) :- some15(B,C) 0.0 (3.0, 13.0, 81.0, 23.0) 0.804166666667 [ACCEPT]
[LVL9] rsome15(A,B) :- some15(C,A) 0.0 (2.0, 13.0, 81.0, 24.0) 0.738888888889 [ACCEPT]
[LVL9] rsome15(A,B) :- some15(C,B) 0.0 (1.0, 14.0, 80.0, 25.0) 0.608333333333 [ACCEPT]
[LVL9] rsome15(A,B) :- no15(A,C) 0.388541666667 (6.0, 9.0, 85.0, 20.0) 0.888095238095 [ACCEPT]
[LVL9] rsome15(A,B) :- no15(B,C) 0.0 (2.0, 13.0, 81.0, 24.0) 0.738888888889 [ACCEPT]
[LVL9] rsome15(A,B) :- no15(C,A) 0.0 (3.0, 13.0, 81.0, 23.0) 0.804166666667 [ACCEPT]
[LVL9] rsome15(A,B) :- no15(C,B) 0.36568627451 (6.0, 10.0, 84.0, 20.0) 0.888095238095 [ACCEPT]
[LVL9] rsome15(A,B) :- somenot15(A,C) 0.0 (1.0, 14.0, 80.0, 25.0) 0.608333333333 [ACCEPT]
[LVL9] rsome15(A,B) :- somenot15(B,C) 0.0 (3.0, 12.0, 82.0, 23.0) 0.804166666667 [ACCEPT]
[LVL9] rsome15(A,B) :- somenot15(C,A) 0.0 (3.0, 12.0, 82.0, 23.0) 0.804166666667 [ACCEPT]
[LVL9] rsome15(A,B) :- somenot15(C,B) 0.0 (2.0, 13.0, 81.0, 24.0) 0.738888888889 [ACCEPT]
[DEBUG] Best rule so far: rsome15(A,B) :- all15(C,B) [0.414444444444]
[DEBUG] Candidates for iteration 2:
[DEBUG] ==================================
[DEBUG] rsome15(A,B) :- all15(C,B) 0.414444444444
[DEBUG] rsome15(A,B) :- no15(A,C) 0.388541666667
[DEBUG] rsome15(A,B) :- some15(A,C) 0.36568627451
[DEBUG] rsome15(A,B) :- no15(C,B) 0.36568627451
[DEBUG] rsome15(A,B) :- all15(A,C) 0.0
[DEBUG] rsome15(A,B) :- all15(B,C) 0.0
[DEBUG] rsome15(A,B) :- some15(B,C) 0.0
[DEBUG] rsome15(A,B) :- no15(C,A) 0.0
[DEBUG] rsome15(A,B) :- somenot15(B,C) 0.0
[DEBUG] rsome15(A,B) :- somenot15(C,A) 0.0
[DEBUG] rsome15(A,B) :- all15(C,A) 0.0
[DEBUG] rsome15(A,B) :- some15(C,A) 0.0
[DEBUG] rsome15(A,B) :- no15(B,C) 0.0
[DEBUG] rsome15(A,B) :- somenot15(C,B) 0.0
[DEBUG] rsome15(A,B) :- some15(C,B) 0.0
[DEBUG] rsome15(A,B) :- somenot15(A,C) 0.0
[DEBUG] ==================================
[LVL9] rsome15(A,B) :- all15(C,B), all15(A,C) 0.405555555556 (1.0, 1.0, 93.0, 25.0) 0.608333333333 [ACCEPT]
[LVL9] rsome15(A,B) :- all15(C,B), all15(C,A) 0.405555555556 (1.0, 1.0, 93.0, 25.0) 0.608333333333 [ACCEPT]
[LVL9] rsome15(A,B) :- all15(C,B), all15(A,D) 0.405555555556 (1.0, 1.0, 93.0, 25.0) 0.608333333333 [ACCEPT]
[LVL9] rsome15(A,B) :- all15(C,B), all15(D,A) 0.405555555556 (1.0, 1.0, 93.0, 25.0) 0.608333333333 [ACCEPT]
[LVL9] rsome15(A,B) :- all15(C,B), all15(D,C) 0.405555555556 (1.0, 1.0, 93.0, 25.0) 0.608333333333 [ACCEPT]
[LVL9] rsome15(A,B) :- all15(C,B), some15(A,C) 0.405555555556 (1.0, 1.0, 93.0, 25.0) 0.608333333333 [ACCEPT]
[LVL9] rsome15(A,B) :- all15(C,B), some15(A,D) 0.405555555556 (1.0, 1.0, 93.0, 25.0) 0.608333333333 [ACCEPT]
[LVL9] rsome15(A,B) :- all15(C,B), some15(D,C) 0.405555555556 (1.0, 1.0, 93.0, 25.0) 0.608333333333 [ACCEPT]
[LVL9] rsome15(A,B) :- all15(C,B), no15(A,C) 0.738888888889 (2.0, 0.0, 94.0, 24.0) 0.738888888889 [REJECT* fp] 0.0
[LVL9] BETTER RULE rsome15(A,B) :- all15(C,B), no15(A,C) (0.7388888888888889, 2.0) > (0.41444444444444445, 6.0)
[LVL9] rsome15(A,B) :- all15(C,B), \+all15(A,C) 0.401282051282 (5.0, 7.0, 87.0, 21.0) 0.869444444444 [ACCEPT]
[LVL9] rsome15(A,B) :- all15(C,B), \+all15(C,A) 0.401282051282 (5.0, 7.0, 87.0, 21.0) 0.869444444444 [ACCEPT]
[LVL9] rsome15(A,B) :- all15(C,B), \+some15(A,C) 0.401282051282 (5.0, 7.0, 87.0, 21.0) 0.869444444444 [ACCEPT]
[LVL9] rsome15(A,B) :- all15(C,B), \+some15(C,A) 0.444047619048 (6.0, 7.0, 87.0, 20.0) 0.888095238095 [ACCEPT]
[LVL9] rsome15(A,B) :- all15(C,B), \+no15(C,A) 0.401282051282 (5.0, 7.0, 87.0, 21.0) 0.869444444444 [ACCEPT]
[LVL9] rsome15(A,B) :- all15(C,B), \+somenot15(A,C) 0.444047619048 (6.0, 7.0, 87.0, 20.0) 0.888095238095 [ACCEPT]
[LVL9] rsome15(A,B) :- all15(C,B), \+somenot15(C,A) 0.478205128205 (6.0, 6.0, 88.0, 20.0) 0.888095238095 [ACCEPT]
[LVL9] rsome15(A,B) :- no15(A,C), \+all15(B,C) 0.372619047619 (5.0, 8.0, 86.0, 21.0) 0.869444444444 [ACCEPT]
[LVL9] rsome15(A,B) :- no15(A,C), \+some15(C,B) 0.444047619048 (6.0, 7.0, 87.0, 20.0) 0.888095238095 [ACCEPT]
[LVL9] rsome15(A,B) :- no15(A,C), \+some15(B,C) 0.444047619048 (6.0, 7.0, 87.0, 20.0) 0.888095238095 [ACCEPT]
[LVL9] rsome15(A,B) :- no15(A,C), \+no15(B,C) 0.372619047619 (5.0, 8.0, 86.0, 21.0) 0.869444444444 [ACCEPT]
[LVL9] rsome15(A,B) :- no15(A,C), \+somenot15(C,B) 0.414444444444 (6.0, 8.0, 86.0, 20.0) 0.888095238095 [ACCEPT]
[LVL9] rsome15(A,B) :- no15(A,C), \+somenot15(B,C) 0.444047619048 (6.0, 7.0, 87.0, 20.0) 0.888095238095 [ACCEPT]
[LVL9] rsome15(A,B) :- some15(A,C), \+all15(C,B) 0.347777777778 (5.0, 9.0, 85.0, 21.0) 0.869444444444 [ACCEPT]
[LVL9] rsome15(A,B) :- some15(A,C), \+some15(C,B) 0.414444444444 (6.0, 8.0, 86.0, 20.0) 0.888095238095 [ACCEPT]
[LVL9] rsome15(A,B) :- some15(A,C), \+some15(B,C) 0.347777777778 (5.0, 9.0, 85.0, 21.0) 0.869444444444 [ACCEPT]
[LVL9] rsome15(A,B) :- some15(A,C), \+no15(C,B) 0.347777777778 (5.0, 9.0, 85.0, 21.0) 0.869444444444 [ACCEPT]
[LVL9] rsome15(A,B) :- some15(A,C), \+no15(B,C) 0.414444444444 (6.0, 8.0, 86.0, 20.0) 0.888095238095 [ACCEPT]
[LVL9] rsome15(A,B) :- some15(A,C), \+somenot15(C,B) 0.347777777778 (5.0, 9.0, 85.0, 21.0) 0.869444444444 [ACCEPT]
[LVL9] rsome15(A,B) :- some15(A,C), \+somenot15(B,C) 0.414444444444 (6.0, 8.0, 86.0, 20.0) 0.888095238095 [ACCEPT]
[LVL9] rsome15(A,B) :- no15(C,B), \+all15(A,C) 0.347777777778 (5.0, 9.0, 85.0, 21.0) 0.869444444444 [ACCEPT]
[LVL9] rsome15(A,B) :- no15(C,B), \+all15(C,A) 0.414444444444 (6.0, 8.0, 86.0, 20.0) 0.888095238095 [ACCEPT]
[LVL9] rsome15(A,B) :- no15(C,B), \+some15(A,C) 0.347777777778 (5.0, 9.0, 85.0, 21.0) 0.869444444444 [ACCEPT]
[LVL9] rsome15(A,B) :- no15(C,B), \+some15(C,A) 0.347777777778 (5.0, 9.0, 85.0, 21.0) 0.869444444444 [ACCEPT]
[LVL9] rsome15(A,B) :- no15(C,B), \+no15(C,A) 0.347777777778 (5.0, 9.0, 85.0, 21.0) 0.869444444444 [ACCEPT]
[LVL9] rsome15(A,B) :- no15(C,B), \+somenot15(A,C) 0.414444444444 (6.0, 8.0, 86.0, 20.0) 0.888095238095 [ACCEPT]
[LVL9] rsome15(A,B) :- no15(C,B), \+somenot15(C,A) 0.414444444444 (6.0, 8.0, 86.0, 20.0) 0.888095238095 [ACCEPT]
[LVL9] rsome15(A,B) :- all15(A,C), \+some15(C,B) 0.247435897436 (3.0, 9.0, 85.0, 23.0) 0.804166666667 [ACCEPT]
[LVL9] rsome15(A,B) :- all15(A,C), \+some15(B,C) 0.247435897436 (3.0, 9.0, 85.0, 23.0) 0.804166666667 [ACCEPT]
[LVL9] rsome15(A,B) :- all15(A,C), \+no15(B,C) 0.247435897436 (3.0, 9.0, 85.0, 23.0) 0.804166666667 [ACCEPT]
[LVL9] rsome15(A,B) :- all15(A,C), \+somenot15(C,B) 0.247435897436 (3.0, 9.0, 85.0, 23.0) 0.804166666667 [ACCEPT]
[LVL9] rsome15(A,B) :- all15(B,C), \+all15(C,A) 0.247435897436 (3.0, 9.0, 85.0, 23.0) 0.804166666667 [ACCEPT]
[LVL9] rsome15(A,B) :- all15(B,C), \+some15(C,A) 0.247435897436 (3.0, 9.0, 85.0, 23.0) 0.804166666667 [ACCEPT]
[LVL9] rsome15(A,B) :- all15(B,C), \+no15(C,A) 0.247435897436 (3.0, 9.0, 85.0, 23.0) 0.804166666667 [ACCEPT]
[LVL9] rsome15(A,B) :- all15(B,C), \+somenot15(A,C) 0.247435897436 (3.0, 9.0, 85.0, 23.0) 0.804166666667 [ACCEPT]
[LVL9] rsome15(A,B) :- all15(B,C), \+somenot15(C,A) 0.247435897436 (3.0, 9.0, 85.0, 23.0) 0.804166666667 [ACCEPT]
[LVL9] rsome15(A,B) :- some15(B,C), \+all15(A,C) 0.0 (3.0, 11.0, 83.0, 23.0) 0.804166666667 [ACCEPT]
[LVL9] rsome15(A,B) :- some15(B,C), \+some15(C,A) 0.0 (3.0, 11.0, 83.0, 23.0) 0.804166666667 [ACCEPT]
[LVL9] rsome15(A,B) :- some15(B,C), \+no15(A,C) 0.0 (3.0, 11.0, 83.0, 23.0) 0.804166666667 [ACCEPT]
[LVL9] rsome15(A,B) :- some15(B,C), \+somenot15(A,C) 0.0 (3.0, 11.0, 83.0, 23.0) 0.804166666667 [ACCEPT]
[LVL9] rsome15(A,B) :- some15(B,C), \+somenot15(C,A) 0.0 (3.0, 11.0, 83.0, 23.0) 0.804166666667 [ACCEPT]
[LVL9] rsome15(A,B) :- no15(C,A), \+all15(B,C) 0.0 (3.0, 11.0, 83.0, 23.0) 0.804166666667 [ACCEPT]
[LVL9] rsome15(A,B) :- no15(C,A), \+some15(C,B) 0.0 (3.0, 11.0, 83.0, 23.0) 0.804166666667 [ACCEPT]
[LVL9] rsome15(A,B) :- no15(C,A), \+no15(B,C) 0.0 (3.0, 11.0, 83.0, 23.0) 0.804166666667 [ACCEPT]
[LVL9] rsome15(A,B) :- no15(C,A), \+somenot15(C,B) 0.0 (3.0, 11.0, 83.0, 23.0) 0.804166666667 [ACCEPT]
[LVL9] rsome15(A,B) :- no15(C,A), \+somenot15(B,C) 0.0 (3.0, 11.0, 83.0, 23.0) 0.804166666667 [ACCEPT]
[LVL9] rsome15(A,B) :- somenot15(B,C), \+all15(C,A) 0.0 (3.0, 11.0, 83.0, 23.0) 0.804166666667 [ACCEPT]
[LVL9] rsome15(A,B) :- somenot15(B,C), \+some15(A,C) 0.229761904762 (3.0, 10.0, 84.0, 23.0) 0.804166666667 [ACCEPT]
[LVL9] rsome15(A,B) :- somenot15(B,C), \+no15(A,C) 0.229761904762 (3.0, 10.0, 84.0, 23.0) 0.804166666667 [ACCEPT]
[LVL9] rsome15(A,B) :- somenot15(B,C), \+no15(C,A) 0.229761904762 (3.0, 10.0, 84.0, 23.0) 0.804166666667 [ACCEPT]
[LVL9] rsome15(A,B) :- somenot15(B,C), \+somenot15(A,C) 0.229761904762 (3.0, 10.0, 84.0, 23.0) 0.804166666667 [ACCEPT]
[LVL9] rsome15(A,B) :- somenot15(C,A), \+all15(C,B) 0.229761904762 (3.0, 10.0, 84.0, 23.0) 0.804166666667 [ACCEPT]
[LVL9] rsome15(A,B) :- somenot15(C,A), \+all15(B,C) 0.229761904762 (3.0, 10.0, 84.0, 23.0) 0.804166666667 [ACCEPT]
[LVL9] rsome15(A,B) :- somenot15(C,A), \+some15(B,C) 0.229761904762 (3.0, 10.0, 84.0, 23.0) 0.804166666667 [ACCEPT]
[LVL9] rsome15(A,B) :- somenot15(C,A), \+no15(C,B) 0.229761904762 (3.0, 10.0, 84.0, 23.0) 0.804166666667 [ACCEPT]
[LVL9] rsome15(A,B) :- somenot15(C,A), \+no15(B,C) 0.0 (3.0, 11.0, 83.0, 23.0) 0.804166666667 [ACCEPT]
[DEBUG] Best rule so far: rsome15(A,B) :- all15(C,B), no15(A,C) [0.738888888889]
[DEBUG] Candidates for iteration 3:
[DEBUG] ==================================
[DEBUG] rsome15(A,B) :- all15(C,B), \+somenot15(C,A) 0.478205128205
[DEBUG] rsome15(A,B) :- all15(C,B), \+some15(C,A) 0.444047619048
[DEBUG] rsome15(A,B) :- all15(C,B), \+somenot15(A,C) 0.444047619048
[DEBUG] rsome15(A,B) :- no15(A,C), \+some15(C,B) 0.444047619048
[DEBUG] rsome15(A,B) :- no15(A,C), \+some15(B,C) 0.444047619048
[DEBUG] rsome15(A,B) :- no15(A,C), \+somenot15(B,C) 0.444047619048
[DEBUG] rsome15(A,B) :- no15(A,C), \+somenot15(C,B) 0.414444444444
[DEBUG] rsome15(A,B) :- some15(A,C), \+some15(C,B) 0.414444444444
[DEBUG] rsome15(A,B) :- some15(A,C), \+no15(B,C) 0.414444444444
[DEBUG] rsome15(A,B) :- some15(A,C), \+somenot15(B,C) 0.414444444444
[DEBUG] rsome15(A,B) :- no15(C,B), \+all15(C,A) 0.414444444444
[DEBUG] rsome15(A,B) :- no15(C,B), \+somenot15(A,C) 0.414444444444
[DEBUG] rsome15(A,B) :- no15(C,B), \+somenot15(C,A) 0.414444444444
[DEBUG] rsome15(A,B) :- all15(C,B), all15(A,C) 0.405555555556
[DEBUG] rsome15(A,B) :- all15(C,B), all15(C,A) 0.405555555556
[DEBUG] rsome15(A,B) :- all15(C,B), all15(A,D) 0.405555555556
[DEBUG] rsome15(A,B) :- all15(C,B), all15(D,A) 0.405555555556
[DEBUG] rsome15(A,B) :- all15(C,B), all15(D,C) 0.405555555556
[DEBUG] rsome15(A,B) :- all15(C,B), some15(A,C) 0.405555555556
[DEBUG] rsome15(A,B) :- all15(C,B), some15(A,D) 0.405555555556
[DEBUG] rsome15(A,B) :- all15(C,B), some15(D,C) 0.405555555556
[DEBUG] rsome15(A,B) :- all15(C,B), \+all15(A,C) 0.401282051282
[DEBUG] rsome15(A,B) :- all15(C,B), \+all15(C,A) 0.401282051282
[DEBUG] rsome15(A,B) :- all15(C,B), \+some15(A,C) 0.401282051282
[DEBUG] rsome15(A,B) :- all15(C,B), \+no15(C,A) 0.401282051282
[DEBUG] rsome15(A,B) :- no15(A,C), \+all15(B,C) 0.372619047619
[DEBUG] rsome15(A,B) :- no15(A,C), \+no15(B,C) 0.372619047619
[DEBUG] rsome15(A,B) :- some15(A,C), \+all15(C,B) 0.347777777778
[DEBUG] rsome15(A,B) :- some15(A,C), \+some15(B,C) 0.347777777778
[DEBUG] rsome15(A,B) :- some15(A,C), \+no15(C,B) 0.347777777778
[DEBUG] rsome15(A,B) :- some15(A,C), \+somenot15(C,B) 0.347777777778
[DEBUG] rsome15(A,B) :- no15(C,B), \+all15(A,C) 0.347777777778
[DEBUG] rsome15(A,B) :- no15(C,B), \+some15(A,C) 0.347777777778
[DEBUG] rsome15(A,B) :- no15(C,B), \+some15(C,A) 0.347777777778
[DEBUG] rsome15(A,B) :- no15(C,B), \+no15(C,A) 0.347777777778
[DEBUG] rsome15(A,B) :- all15(A,C), \+some15(C,B) 0.247435897436
[DEBUG] rsome15(A,B) :- all15(A,C), \+some15(B,C) 0.247435897436
[DEBUG] rsome15(A,B) :- all15(A,C), \+no15(B,C) 0.247435897436
[DEBUG] rsome15(A,B) :- all15(A,C), \+somenot15(C,B) 0.247435897436
[DEBUG] rsome15(A,B) :- all15(B,C), \+all15(C,A) 0.247435897436
[DEBUG] rsome15(A,B) :- all15(B,C), \+some15(C,A) 0.247435897436
[DEBUG] rsome15(A,B) :- all15(B,C), \+no15(C,A) 0.247435897436
[DEBUG] rsome15(A,B) :- all15(B,C), \+somenot15(A,C) 0.247435897436
[DEBUG] rsome15(A,B) :- all15(B,C), \+somenot15(C,A) 0.247435897436
[DEBUG] rsome15(A,B) :- somenot15(B,C), \+some15(A,C) 0.229761904762
[DEBUG] rsome15(A,B) :- somenot15(B,C), \+no15(A,C) 0.229761904762
[DEBUG] rsome15(A,B) :- somenot15(B,C), \+no15(C,A) 0.229761904762
[DEBUG] rsome15(A,B) :- somenot15(B,C), \+somenot15(A,C) 0.229761904762
[DEBUG] rsome15(A,B) :- somenot15(C,A), \+all15(C,B) 0.229761904762
[DEBUG] rsome15(A,B) :- somenot15(C,A), \+all15(B,C) 0.229761904762
[DEBUG] rsome15(A,B) :- somenot15(C,A), \+some15(B,C) 0.229761904762
[DEBUG] rsome15(A,B) :- somenot15(C,A), \+no15(C,B) 0.229761904762
[DEBUG] rsome15(A,B) :- some15(B,C), \+all15(A,C) 0.0
[DEBUG] rsome15(A,B) :- some15(B,C), \+some15(C,A) 0.0
[DEBUG] rsome15(A,B) :- some15(B,C), \+no15(A,C) 0.0
[DEBUG] rsome15(A,B) :- some15(B,C), \+somenot15(A,C) 0.0
[DEBUG] rsome15(A,B) :- some15(B,C), \+somenot15(C,A) 0.0
[DEBUG] rsome15(A,B) :- no15(C,A), \+all15(B,C) 0.0
[DEBUG] rsome15(A,B) :- no15(C,A), \+some15(C,B) 0.0
[DEBUG] rsome15(A,B) :- no15(C,A), \+no15(B,C) 0.0
[DEBUG] rsome15(A,B) :- no15(C,A), \+somenot15(C,B) 0.0
[DEBUG] rsome15(A,B) :- no15(C,A), \+somenot15(B,C) 0.0
[DEBUG] rsome15(A,B) :- somenot15(B,C), \+all15(C,A) 0.0
[DEBUG] rsome15(A,B) :- somenot15(C,A), \+no15(B,C) 0.0
[DEBUG] ==================================
[INFO] RULE LEARNED: rsome15(A,B) :- all15(C,B), no15(A,C) 0.8
[DEBUG] Best rule so far: rsome15(A,B) :- true [0.0]
[DEBUG] Candidates for iteration 1:
[DEBUG] ==================================
[DEBUG] rsome15(A,B) :- true 0.0
[DEBUG] ==================================
[LVL9] rsome15(A,B) :- all15(A,C) 0.213559322034 (5.0, 11.0, 83.0, 21.0) 0.800847457627 [ACCEPT]
[LVL9] BETTER RULE rsome15(A,B) :- all15(A,C) (0.2135593220338983, 5.0) > (0.0, 26.0)
[LVL9] rsome15(A,B) :- all15(B,C) 0.213559322034 (5.0, 11.0, 83.0, 21.0) 0.800847457627 [ACCEPT]
[LVL9] rsome15(A,B) :- all15(C,A) 0.0 (4.0, 12.0, 82.0, 22.0) 0.734463276836 [ACCEPT]
[LVL9] rsome15(A,B) :- all15(C,B) 0.32333767927 (6.0, 8.0, 86.0, 20.0) 0.840677966102 [ACCEPT]
[LVL9] BETTER RULE rsome15(A,B) :- all15(C,B) (0.32333767926988266, 6.0) > (0.2135593220338983, 5.0)
[LVL9] rsome15(A,B) :- some15(A,C) 0.364905284148 (8.0, 10.0, 84.0, 18.0) 0.886198547215 [ACCEPT]
[LVL9] BETTER RULE rsome15(A,B) :- some15(A,C) (0.36490528414755735, 8.0) > (0.32333767926988266, 6.0)
[LVL9] rsome15(A,B) :- some15(B,C) 0.0 (5.0, 13.0, 81.0, 21.0) 0.800847457627 [ACCEPT]
[LVL9] rsome15(A,B) :- some15(C,A) 0.0 (4.0, 13.0, 81.0, 22.0) 0.734463276836 [ACCEPT]
[LVL9] rsome15(A,B) :- some15(C,B) 0.0 (3.0, 14.0, 80.0, 23.0) 0.601694915254 [ACCEPT]
[LVL9] rsome15(A,B) :- no15(A,C) 0.300242130751 (6.0, 9.0, 85.0, 20.0) 0.840677966102 [ACCEPT]
[LVL9] rsome15(A,B) :- no15(B,C) 0.0 (4.0, 13.0, 81.0, 22.0) 0.734463276836 [ACCEPT]
[LVL9] rsome15(A,B) :- no15(C,A) 0.0 (5.0, 13.0, 81.0, 21.0) 0.800847457627 [ACCEPT]
[LVL9] rsome15(A,B) :- no15(C,B) 0.364905284148 (8.0, 10.0, 84.0, 18.0) 0.886198547215 [ACCEPT]
[LVL9] rsome15(A,B) :- somenot15(A,C) 0.0 (3.0, 14.0, 80.0, 23.0) 0.601694915254 [ACCEPT]
[LVL9] rsome15(A,B) :- somenot15(B,C) 0.0 (5.0, 12.0, 82.0, 21.0) 0.800847457627 [ACCEPT]
[LVL9] rsome15(A,B) :- somenot15(C,A) 0.0 (5.0, 12.0, 82.0, 21.0) 0.800847457627 [ACCEPT]
[LVL9] rsome15(A,B) :- somenot15(C,B) 0.0 (4.0, 13.0, 81.0, 22.0) 0.734463276836 [ACCEPT]
[DEBUG] Best rule so far: rsome15(A,B) :- some15(A,C) [0.364905284148]
[DEBUG] Candidates for iteration 2:
[DEBUG] ==================================
[DEBUG] rsome15(A,B) :- some15(A,C) 0.364905284148
[DEBUG] rsome15(A,B) :- no15(C,B) 0.364905284148
[DEBUG] rsome15(A,B) :- all15(C,B) 0.32333767927
[DEBUG] rsome15(A,B) :- no15(A,C) 0.300242130751
[DEBUG] rsome15(A,B) :- all15(A,C) 0.213559322034
[DEBUG] rsome15(A,B) :- all15(B,C) 0.213559322034
[DEBUG] rsome15(A,B) :- some15(B,C) 0.0
[DEBUG] rsome15(A,B) :- no15(C,A) 0.0
[DEBUG] rsome15(A,B) :- somenot15(B,C) 0.0
[DEBUG] rsome15(A,B) :- somenot15(C,A) 0.0
[DEBUG] rsome15(A,B) :- all15(C,A) 0.0
[DEBUG] rsome15(A,B) :- some15(C,A) 0.0
[DEBUG] rsome15(A,B) :- no15(B,C) 0.0
[DEBUG] rsome15(A,B) :- somenot15(C,B) 0.0
[DEBUG] rsome15(A,B) :- some15(C,B) 0.0
[DEBUG] rsome15(A,B) :- somenot15(A,C) 0.0
[DEBUG] ==================================
[LVL9] rsome15(A,B) :- some15(A,C), all15(C,B) 0.401129943503 (3.0, 1.0, 93.0, 23.0) 0.601694915254 [ACCEPT]
[LVL9] BETTER RULE rsome15(A,B) :- some15(A,C), all15(C,B) (0.4011299435028248, 3.0) > (0.36490528414755735, 8.0)
[LVL9] rsome15(A,B) :- some15(A,C), all15(B,C) 0.734463276836 (4.0, 0.0, 94.0, 22.0) 0.734463276836 [REJECT* fp] 2.0
[LVL9] BETTER RULE rsome15(A,B) :- some15(A,C), all15(B,C) (0.7344632768361582, 4.0) > (0.4011299435028248, 3.0)
[LVL9] rsome15(A,B) :- some15(A,C), \+all15(C,B) 0.346892655367 (7.0, 9.0, 85.0, 19.0) 0.867231638418 [ACCEPT]
[LVL9] rsome15(A,B) :- some15(A,C), \+some15(C,B) 0.413559322034 (8.0, 8.0, 86.0, 18.0) 0.886198547215 [ACCEPT]
[LVL9] rsome15(A,B) :- some15(A,C), \+some15(B,C) 0.346892655367 (7.0, 9.0, 85.0, 19.0) 0.867231638418 [ACCEPT]
[LVL9] rsome15(A,B) :- some15(A,C), \+no15(C,B) 0.346892655367 (7.0, 9.0, 85.0, 19.0) 0.867231638418 [ACCEPT]
[LVL9] rsome15(A,B) :- some15(A,C), \+no15(B,C) 0.413559322034 (8.0, 8.0, 86.0, 18.0) 0.886198547215 [ACCEPT]
[LVL9] rsome15(A,B) :- some15(A,C), \+somenot15(C,B) 0.346892655367 (7.0, 9.0, 85.0, 19.0) 0.867231638418 [ACCEPT]
[LVL9] rsome15(A,B) :- some15(A,C), \+somenot15(B,C) 0.413559322034 (8.0, 8.0, 86.0, 18.0) 0.886198547215 [ACCEPT]
[LVL9] rsome15(A,B) :- no15(C,B), \+all15(A,C) 0.346892655367 (7.0, 9.0, 85.0, 19.0) 0.867231638418 [ACCEPT]
[LVL9] rsome15(A,B) :- no15(C,B), \+all15(C,A) 0.413559322034 (8.0, 8.0, 86.0, 18.0) 0.886198547215 [ACCEPT]
[LVL9] rsome15(A,B) :- no15(C,B), \+some15(A,C) 0.346892655367 (7.0, 9.0, 85.0, 19.0) 0.867231638418 [ACCEPT]
[LVL9] rsome15(A,B) :- no15(C,B), \+some15(C,A) 0.346892655367 (7.0, 9.0, 85.0, 19.0) 0.867231638418 [ACCEPT]
[LVL9] rsome15(A,B) :- no15(C,B), \+no15(C,A) 0.346892655367 (7.0, 9.0, 85.0, 19.0) 0.867231638418 [ACCEPT]
[LVL9] rsome15(A,B) :- no15(C,B), \+somenot15(A,C) 0.413559322034 (8.0, 8.0, 86.0, 18.0) 0.886198547215 [ACCEPT]
[LVL9] rsome15(A,B) :- no15(C,B), \+somenot15(C,A) 0.413559322034 (8.0, 8.0, 86.0, 18.0) 0.886198547215 [ACCEPT]
[LVL9] rsome15(A,B) :- all15(C,B), \+all15(A,C) 0.291217257319 (5.0, 7.0, 87.0, 21.0) 0.800847457627 [ACCEPT]
[LVL9] rsome15(A,B) :- all15(C,B), \+all15(C,A) 0.291217257319 (5.0, 7.0, 87.0, 21.0) 0.800847457627 [ACCEPT]
[LVL9] rsome15(A,B) :- all15(C,B), \+some15(A,C) 0.291217257319 (5.0, 7.0, 87.0, 21.0) 0.800847457627 [ACCEPT]
[LVL9] rsome15(A,B) :- all15(C,B), \+some15(C,A) 0.350282485876 (6.0, 7.0, 87.0, 20.0) 0.840677966102 [ACCEPT]
[LVL9] rsome15(A,B) :- all15(C,B), \+no15(C,A) 0.291217257319 (5.0, 7.0, 87.0, 21.0) 0.800847457627 [ACCEPT]
[LVL9] rsome15(A,B) :- all15(C,B), \+somenot15(A,C) 0.350282485876 (6.0, 7.0, 87.0, 20.0) 0.840677966102 [ACCEPT]
[LVL9] rsome15(A,B) :- all15(C,B), \+somenot15(C,A) 0.382126348228 (6.0, 6.0, 88.0, 20.0) 0.840677966102 [ACCEPT]
[LVL9] rsome15(A,B) :- no15(A,C), \+all15(B,C) 0.266949152542 (5.0, 8.0, 86.0, 21.0) 0.800847457627 [ACCEPT]
[LVL9] rsome15(A,B) :- no15(A,C), \+some15(C,B) 0.350282485876 (6.0, 7.0, 87.0, 20.0) 0.840677966102 [ACCEPT]
[LVL9] rsome15(A,B) :- no15(A,C), \+some15(B,C) 0.350282485876 (6.0, 7.0, 87.0, 20.0) 0.840677966102 [ACCEPT]
[LVL9] rsome15(A,B) :- no15(A,C), \+no15(B,C) 0.266949152542 (5.0, 8.0, 86.0, 21.0) 0.800847457627 [ACCEPT]
[LVL9] rsome15(A,B) :- no15(A,C), \+somenot15(C,B) 0.32333767927 (6.0, 8.0, 86.0, 20.0) 0.840677966102 [ACCEPT]
[LVL9] rsome15(A,B) :- no15(A,C), \+somenot15(B,C) 0.350282485876 (6.0, 7.0, 87.0, 20.0) 0.840677966102 [ACCEPT]
[LVL9] rsome15(A,B) :- all15(A,C), \+some15(C,B) 0.246414602347 (5.0, 9.0, 85.0, 21.0) 0.800847457627 [ACCEPT]
[LVL9] rsome15(A,B) :- all15(A,C), \+some15(B,C) 0.246414602347 (5.0, 9.0, 85.0, 21.0) 0.800847457627 [ACCEPT]
[LVL9] rsome15(A,B) :- all15(A,C), \+no15(B,C) 0.246414602347 (5.0, 9.0, 85.0, 21.0) 0.800847457627 [ACCEPT]
[LVL9] rsome15(A,B) :- all15(A,C), \+somenot15(C,B) 0.246414602347 (5.0, 9.0, 85.0, 21.0) 0.800847457627 [ACCEPT]
[LVL9] rsome15(A,B) :- all15(B,C), \+all15(C,A) 0.246414602347 (5.0, 9.0, 85.0, 21.0) 0.800847457627 [ACCEPT]
[LVL9] rsome15(A,B) :- all15(B,C), \+some15(C,A) 0.246414602347 (5.0, 9.0, 85.0, 21.0) 0.800847457627 [ACCEPT]
[LVL9] rsome15(A,B) :- all15(B,C), \+no15(C,A) 0.246414602347 (5.0, 9.0, 85.0, 21.0) 0.800847457627 [ACCEPT]
[LVL9] rsome15(A,B) :- all15(B,C), \+somenot15(A,C) 0.246414602347 (5.0, 9.0, 85.0, 21.0) 0.800847457627 [ACCEPT]
[LVL9] rsome15(A,B) :- all15(B,C), \+somenot15(C,A) 0.246414602347 (5.0, 9.0, 85.0, 21.0) 0.800847457627 [ACCEPT]
[LVL9] rsome15(A,B) :- some15(B,C), \+all15(A,C) 0.213559322034 (5.0, 11.0, 83.0, 21.0) 0.800847457627 [ACCEPT]
[LVL9] rsome15(A,B) :- some15(B,C), \+some15(C,A) 0.213559322034 (5.0, 11.0, 83.0, 21.0) 0.800847457627 [ACCEPT]
[LVL9] rsome15(A,B) :- some15(B,C), \+no15(A,C) 0.213559322034 (5.0, 11.0, 83.0, 21.0) 0.800847457627 [ACCEPT]
[LVL9] rsome15(A,B) :- some15(B,C), \+somenot15(A,C) 0.213559322034 (5.0, 11.0, 83.0, 21.0) 0.800847457627 [ACCEPT]
[LVL9] rsome15(A,B) :- some15(B,C), \+somenot15(C,A) 0.213559322034 (5.0, 11.0, 83.0, 21.0) 0.800847457627 [ACCEPT]
[LVL9] rsome15(A,B) :- no15(C,A), \+all15(B,C) 0.213559322034 (5.0, 11.0, 83.0, 21.0) 0.800847457627 [ACCEPT]
[LVL9] rsome15(A,B) :- no15(C,A), \+some15(C,B) 0.213559322034 (5.0, 11.0, 83.0, 21.0) 0.800847457627 [ACCEPT]
[LVL9] rsome15(A,B) :- no15(C,A), \+no15(B,C) 0.213559322034 (5.0, 11.0, 83.0, 21.0) 0.800847457627 [ACCEPT]
[LVL9] rsome15(A,B) :- no15(C,A), \+somenot15(C,B) 0.213559322034 (5.0, 11.0, 83.0, 21.0) 0.800847457627 [ACCEPT]
[LVL9] rsome15(A,B) :- no15(C,A), \+somenot15(B,C) 0.213559322034 (5.0, 11.0, 83.0, 21.0) 0.800847457627 [ACCEPT]
[LVL9] rsome15(A,B) :- somenot15(B,C), \+all15(C,A) 0.213559322034 (5.0, 11.0, 83.0, 21.0) 0.800847457627 [ACCEPT]
[LVL9] rsome15(A,B) :- somenot15(B,C), \+some15(A,C) 0.228813559322 (5.0, 10.0, 84.0, 21.0) 0.800847457627 [ACCEPT]
[LVL9] rsome15(A,B) :- somenot15(B,C), \+no15(A,C) 0.228813559322 (5.0, 10.0, 84.0, 21.0) 0.800847457627 [ACCEPT]
[LVL9] rsome15(A,B) :- somenot15(B,C), \+no15(C,A) 0.228813559322 (5.0, 10.0, 84.0, 21.0) 0.800847457627 [ACCEPT]
[LVL9] rsome15(A,B) :- somenot15(B,C), \+somenot15(A,C) 0.228813559322 (5.0, 10.0, 84.0, 21.0) 0.800847457627 [ACCEPT]
[LVL9] rsome15(A,B) :- somenot15(C,A), \+all15(C,B) 0.228813559322 (5.0, 10.0, 84.0, 21.0) 0.800847457627 [ACCEPT]
[LVL9] rsome15(A,B) :- somenot15(C,A), \+all15(B,C) 0.228813559322 (5.0, 10.0, 84.0, 21.0) 0.800847457627 [ACCEPT]
[LVL9] rsome15(A,B) :- somenot15(C,A), \+some15(B,C) 0.228813559322 (5.0, 10.0, 84.0, 21.0) 0.800847457627 [ACCEPT]
[LVL9] rsome15(A,B) :- somenot15(C,A), \+no15(C,B) 0.228813559322 (5.0, 10.0, 84.0, 21.0) 0.800847457627 [ACCEPT]
[LVL9] rsome15(A,B) :- somenot15(C,A), \+no15(B,C) 0.213559322034 (5.0, 11.0, 83.0, 21.0) 0.800847457627 [ACCEPT]
[DEBUG] Best rule so far: rsome15(A,B) :- some15(A,C), all15(B,C) [0.734463276836]
[DEBUG] Candidates for iteration 3:
[DEBUG] ==================================
[DEBUG] rsome15(A,B) :- some15(A,C), \+some15(C,B) 0.413559322034
[DEBUG] rsome15(A,B) :- some15(A,C), \+no15(B,C) 0.413559322034
[DEBUG] rsome15(A,B) :- some15(A,C), \+somenot15(B,C) 0.413559322034
[DEBUG] rsome15(A,B) :- no15(C,B), \+all15(C,A) 0.413559322034
[DEBUG] rsome15(A,B) :- no15(C,B), \+somenot15(A,C) 0.413559322034
[DEBUG] rsome15(A,B) :- no15(C,B), \+somenot15(C,A) 0.413559322034
[DEBUG] rsome15(A,B) :- some15(A,C), all15(C,B) 0.401129943503
[DEBUG] rsome15(A,B) :- all15(C,B), \+somenot15(C,A) 0.382126348228
[DEBUG] rsome15(A,B) :- all15(C,B), \+some15(C,A) 0.350282485876
[DEBUG] rsome15(A,B) :- all15(C,B), \+somenot15(A,C) 0.350282485876
[DEBUG] rsome15(A,B) :- no15(A,C), \+some15(C,B) 0.350282485876
[DEBUG] rsome15(A,B) :- no15(A,C), \+some15(B,C) 0.350282485876
[DEBUG] rsome15(A,B) :- no15(A,C), \+somenot15(B,C) 0.350282485876
[DEBUG] rsome15(A,B) :- some15(A,C), \+all15(C,B) 0.346892655367
[DEBUG] rsome15(A,B) :- some15(A,C), \+some15(B,C) 0.346892655367
[DEBUG] rsome15(A,B) :- some15(A,C), \+no15(C,B) 0.346892655367
[DEBUG] rsome15(A,B) :- some15(A,C), \+somenot15(C,B) 0.346892655367
[DEBUG] rsome15(A,B) :- no15(C,B), \+all15(A,C) 0.346892655367
[DEBUG] rsome15(A,B) :- no15(C,B), \+some15(A,C) 0.346892655367
[DEBUG] rsome15(A,B) :- no15(C,B), \+some15(C,A) 0.346892655367
[DEBUG] rsome15(A,B) :- no15(C,B), \+no15(C,A) 0.346892655367
[DEBUG] rsome15(A,B) :- no15(A,C), \+somenot15(C,B) 0.32333767927
[DEBUG] rsome15(A,B) :- all15(C,B), \+all15(A,C) 0.291217257319
[DEBUG] rsome15(A,B) :- all15(C,B), \+all15(C,A) 0.291217257319
[DEBUG] rsome15(A,B) :- all15(C,B), \+some15(A,C) 0.291217257319
[DEBUG] rsome15(A,B) :- all15(C,B), \+no15(C,A) 0.291217257319
[DEBUG] rsome15(A,B) :- no15(A,C), \+all15(B,C) 0.266949152542
[DEBUG] rsome15(A,B) :- no15(A,C), \+no15(B,C) 0.266949152542
[DEBUG] rsome15(A,B) :- all15(A,C), \+some15(C,B) 0.246414602347
[DEBUG] rsome15(A,B) :- all15(A,C), \+some15(B,C) 0.246414602347
[DEBUG] rsome15(A,B) :- all15(A,C), \+no15(B,C) 0.246414602347
[DEBUG] rsome15(A,B) :- all15(A,C), \+somenot15(C,B) 0.246414602347
[DEBUG] rsome15(A,B) :- all15(B,C), \+all15(C,A) 0.246414602347
[DEBUG] rsome15(A,B) :- all15(B,C), \+some15(C,A) 0.246414602347
[DEBUG] rsome15(A,B) :- all15(B,C), \+no15(C,A) 0.246414602347
[DEBUG] rsome15(A,B) :- all15(B,C), \+somenot15(A,C) 0.246414602347
[DEBUG] rsome15(A,B) :- all15(B,C), \+somenot15(C,A) 0.246414602347
[DEBUG] rsome15(A,B) :- somenot15(B,C), \+some15(A,C) 0.228813559322
[DEBUG] rsome15(A,B) :- somenot15(B,C), \+no15(A,C) 0.228813559322
[DEBUG] rsome15(A,B) :- somenot15(B,C), \+no15(C,A) 0.228813559322
[DEBUG] rsome15(A,B) :- somenot15(B,C), \+somenot15(A,C) 0.228813559322
[DEBUG] rsome15(A,B) :- somenot15(C,A), \+all15(C,B) 0.228813559322
[DEBUG] rsome15(A,B) :- somenot15(C,A), \+all15(B,C) 0.228813559322
[DEBUG] rsome15(A,B) :- somenot15(C,A), \+some15(B,C) 0.228813559322
[DEBUG] rsome15(A,B) :- somenot15(C,A), \+no15(C,B) 0.228813559322
[DEBUG] rsome15(A,B) :- some15(B,C), \+all15(A,C) 0.213559322034
[DEBUG] rsome15(A,B) :- some15(B,C), \+some15(C,A) 0.213559322034
[DEBUG] rsome15(A,B) :- some15(B,C), \+no15(A,C) 0.213559322034
[DEBUG] rsome15(A,B) :- some15(B,C), \+somenot15(A,C) 0.213559322034
[DEBUG] rsome15(A,B) :- some15(B,C), \+somenot15(C,A) 0.213559322034
[DEBUG] rsome15(A,B) :- no15(C,A), \+all15(B,C) 0.213559322034
[DEBUG] rsome15(A,B) :- no15(C,A), \+some15(C,B) 0.213559322034
[DEBUG] rsome15(A,B) :- no15(C,A), \+no15(B,C) 0.213559322034
[DEBUG] rsome15(A,B) :- no15(C,A), \+somenot15(C,B) 0.213559322034
[DEBUG] rsome15(A,B) :- no15(C,A), \+somenot15(B,C) 0.213559322034
[DEBUG] rsome15(A,B) :- somenot15(B,C), \+all15(C,A) 0.213559322034
[DEBUG] rsome15(A,B) :- somenot15(C,A), \+no15(B,C) 0.213559322034
[DEBUG] ==================================
[INFO] RULE LEARNED: rsome15(A,B) :- some15(A,C), all15(B,C) 0.816666666667
[DEBUG] Best rule so far: rsome15(A,B) :- true [0.189655172414]
[DEBUG] Candidates for iteration 1:
[DEBUG] ==================================
[DEBUG] rsome15(A,B) :- true 0.189655172414
[DEBUG] ==================================
[LVL9] rsome15(A,B) :- all15(A,C) 0.212643678161 (7.0, 11.0, 83.0, 19.0) 0.797413793103 [ACCEPT]
[LVL9] BETTER RULE rsome15(A,B) :- all15(A,C) (0.21264367816091953, 7.0) > (0.1896551724137931, 26.0)
[LVL9] rsome15(A,B) :- all15(B,C) 0.0 (5.0, 11.0, 83.0, 21.0) 0.594827586207 [ACCEPT]
[LVL9] rsome15(A,B) :- all15(C,A) 0.0 (6.0, 12.0, 82.0, 20.0) 0.729885057471 [ACCEPT]
[LVL9] rsome15(A,B) :- all15(C,B) 0.322281167109 (8.0, 8.0, 86.0, 18.0) 0.837931034483 [ACCEPT]
[LVL9] BETTER RULE rsome15(A,B) :- all15(C,B) (0.32228116710875326, 8.0) > (0.21264367816091953, 7.0)
[LVL9] rsome15(A,B) :- some15(A,C) 0.279310344828 (8.0, 10.0, 84.0, 18.0) 0.837931034483 [ACCEPT]
[LVL9] rsome15(A,B) :- some15(B,C) 0.0 (7.0, 13.0, 81.0, 19.0) 0.797413793103 [ACCEPT]
[LVL9] rsome15(A,B) :- some15(C,A) 0.0 (6.0, 13.0, 81.0, 20.0) 0.729885057471 [ACCEPT]
[LVL9] rsome15(A,B) :- some15(C,B) 0.0 (5.0, 14.0, 80.0, 21.0) 0.594827586207 [ACCEPT]
[LVL9] rsome15(A,B) :- no15(A,C) 0.299261083744 (8.0, 9.0, 85.0, 18.0) 0.837931034483 [ACCEPT]
[LVL9] rsome15(A,B) :- no15(B,C) 0.0 (6.0, 13.0, 81.0, 20.0) 0.729885057471 [ACCEPT]
[LVL9] rsome15(A,B) :- no15(C,A) 0.0 (7.0, 13.0, 81.0, 19.0) 0.797413793103 [ACCEPT]
[LVL9] rsome15(A,B) :- no15(C,B) 0.364097363083 (10.0, 10.0, 84.0, 16.0) 0.884236453202 [ACCEPT]
[LVL9] BETTER RULE rsome15(A,B) :- no15(C,B) (0.36409736308316426, 10.0) > (0.32228116710875326, 8.0)
[LVL9] rsome15(A,B) :- somenot15(A,C) 0.0 (5.0, 14.0, 80.0, 21.0) 0.594827586207 [ACCEPT]
[LVL9] rsome15(A,B) :- somenot15(B,C) 0.199353448276 (7.0, 12.0, 82.0, 19.0) 0.797413793103 [ACCEPT]
[LVL9] rsome15(A,B) :- somenot15(C,A) 0.199353448276 (7.0, 12.0, 82.0, 19.0) 0.797413793103 [ACCEPT]
[LVL9] rsome15(A,B) :- somenot15(C,B) 0.0 (6.0, 13.0, 81.0, 20.0) 0.729885057471 [ACCEPT]
[DEBUG] Best rule so far: rsome15(A,B) :- no15(C,B) [0.364097363083]
[DEBUG] Candidates for iteration 2:
[DEBUG] ==================================
[DEBUG] rsome15(A,B) :- no15(C,B) 0.364097363083
[DEBUG] rsome15(A,B) :- all15(C,B) 0.322281167109
[DEBUG] rsome15(A,B) :- no15(A,C) 0.299261083744
[DEBUG] rsome15(A,B) :- some15(A,C) 0.279310344828
[DEBUG] rsome15(A,B) :- all15(A,C) 0.212643678161
[DEBUG] rsome15(A,B) :- somenot15(B,C) 0.199353448276
[DEBUG] rsome15(A,B) :- somenot15(C,A) 0.199353448276
[DEBUG] rsome15(A,B) :- some15(B,C) 0.0
[DEBUG] rsome15(A,B) :- no15(C,A) 0.0
[DEBUG] rsome15(A,B) :- all15(C,A) 0.0
[DEBUG] rsome15(A,B) :- some15(C,A) 0.0
[DEBUG] rsome15(A,B) :- no15(B,C) 0.0
[DEBUG] rsome15(A,B) :- somenot15(C,B) 0.0
[DEBUG] rsome15(A,B) :- all15(B,C) 0.0
[DEBUG] rsome15(A,B) :- some15(C,B) 0.0
[DEBUG] rsome15(A,B) :- somenot15(A,C) 0.0
[DEBUG] ==================================
[LVL9] rsome15(A,B) :- no15(C,B), all15(A,C) 0.396551724138 (5.0, 1.0, 93.0, 21.0) 0.594827586207 [ACCEPT]
[LVL9] BETTER RULE rsome15(A,B) :- no15(C,B), all15(A,C) (0.39655172413793105, 5.0) > (0.36409736308316426, 10.0)
[LVL9] rsome15(A,B) :- no15(C,B), all15(A,D) 0.396551724138 (5.0, 1.0, 93.0, 21.0) 0.594827586207 [ACCEPT]
[LVL9] rsome15(A,B) :- no15(C,B), all15(D,C) 0.396551724138 (5.0, 1.0, 93.0, 21.0) 0.594827586207 [ACCEPT]
[LVL9] rsome15(A,B) :- no15(C,B), some15(A,C) 0.396551724138 (5.0, 1.0, 93.0, 21.0) 0.594827586207 [ACCEPT]
[LVL9] rsome15(A,B) :- no15(C,B), some15(C,A) 0.396551724138 (5.0, 1.0, 93.0, 21.0) 0.594827586207 [ACCEPT]
[LVL9] rsome15(A,B) :- no15(C,B), some15(A,D) 0.396551724138 (5.0, 1.0, 93.0, 21.0) 0.594827586207 [ACCEPT]
[LVL9] rsome15(A,B) :- no15(C,B), some15(C,D) 0.396551724138 (5.0, 1.0, 93.0, 21.0) 0.594827586207 [ACCEPT]
[LVL9] rsome15(A,B) :- no15(C,B), some15(D,A) 0.396551724138 (5.0, 1.0, 93.0, 21.0) 0.594827586207 [ACCEPT]
[LVL9] rsome15(A,B) :- no15(C,B), some15(D,C) 0.396551724138 (5.0, 1.0, 93.0, 21.0) 0.594827586207 [ACCEPT]
[LVL9] rsome15(A,B) :- no15(C,B), no15(A,C) 0.729885057471 (6.0, 0.0, 94.0, 20.0) 0.729885057471 [REJECT* fp] 4.0
[LVL9] BETTER RULE rsome15(A,B) :- no15(C,B), no15(A,C) (0.7298850574712644, 6.0) > (0.39655172413793105, 5.0)
[LVL9] rsome15(A,B) :- no15(C,B), \+all15(A,C) 0.345977011494 (9.0, 9.0, 85.0, 17.0) 0.864942528736 [ACCEPT]
[LVL9] rsome15(A,B) :- no15(C,B), \+all15(C,A) 0.412643678161 (10.0, 8.0, 86.0, 16.0) 0.884236453202 [ACCEPT]
[LVL9] rsome15(A,B) :- no15(C,B), \+some15(A,C) 0.345977011494 (9.0, 9.0, 85.0, 17.0) 0.864942528736 [ACCEPT]
[LVL9] rsome15(A,B) :- no15(C,B), \+some15(C,A) 0.345977011494 (9.0, 9.0, 85.0, 17.0) 0.864942528736 [ACCEPT]
[LVL9] rsome15(A,B) :- no15(C,B), \+no15(C,A) 0.345977011494 (9.0, 9.0, 85.0, 17.0) 0.864942528736 [ACCEPT]
[LVL9] rsome15(A,B) :- no15(C,B), \+somenot15(A,C) 0.412643678161 (10.0, 8.0, 86.0, 16.0) 0.884236453202 [ACCEPT]
[LVL9] rsome15(A,B) :- no15(C,B), \+somenot15(C,A) 0.412643678161 (10.0, 8.0, 86.0, 16.0) 0.884236453202 [ACCEPT]
[LVL9] rsome15(A,B) :- all15(C,B), \+all15(A,C) 0.289968652038 (7.0, 7.0, 87.0, 19.0) 0.797413793103 [ACCEPT]
[LVL9] rsome15(A,B) :- all15(C,B), \+all15(C,A) 0.289968652038 (7.0, 7.0, 87.0, 19.0) 0.797413793103 [ACCEPT]
[LVL9] rsome15(A,B) :- all15(C,B), \+some15(A,C) 0.289968652038 (7.0, 7.0, 87.0, 19.0) 0.797413793103 [ACCEPT]
[LVL9] rsome15(A,B) :- all15(C,B), \+some15(C,A) 0.349137931034 (8.0, 7.0, 87.0, 18.0) 0.837931034483 [ACCEPT]
[LVL9] rsome15(A,B) :- all15(C,B), \+no15(C,A) 0.289968652038 (7.0, 7.0, 87.0, 19.0) 0.797413793103 [ACCEPT]
[LVL9] rsome15(A,B) :- all15(C,B), \+somenot15(A,C) 0.349137931034 (8.0, 7.0, 87.0, 18.0) 0.837931034483 [ACCEPT]
[LVL9] rsome15(A,B) :- all15(C,B), \+somenot15(C,A) 0.380877742947 (8.0, 6.0, 88.0, 18.0) 0.837931034483 [ACCEPT]
[LVL9] rsome15(A,B) :- no15(A,C), \+all15(B,C) 0.265804597701 (7.0, 8.0, 86.0, 19.0) 0.797413793103 [ACCEPT]
[LVL9] rsome15(A,B) :- no15(A,C), \+some15(C,B) 0.349137931034 (8.0, 7.0, 87.0, 18.0) 0.837931034483 [ACCEPT]
[LVL9] rsome15(A,B) :- no15(A,C), \+some15(B,C) 0.349137931034 (8.0, 7.0, 87.0, 18.0) 0.837931034483 [ACCEPT]
[LVL9] rsome15(A,B) :- no15(A,C), \+no15(B,C) 0.265804597701 (7.0, 8.0, 86.0, 19.0) 0.797413793103 [ACCEPT]
[LVL9] rsome15(A,B) :- no15(A,C), \+somenot15(C,B) 0.322281167109 (8.0, 8.0, 86.0, 18.0) 0.837931034483 [ACCEPT]
[LVL9] rsome15(A,B) :- no15(A,C), \+somenot15(B,C) 0.349137931034 (8.0, 7.0, 87.0, 18.0) 0.837931034483 [ACCEPT]
[LVL9] rsome15(A,B) :- some15(A,C), \+all15(C,B) 0.245358090186 (7.0, 9.0, 85.0, 19.0) 0.797413793103 [ACCEPT]
[LVL9] rsome15(A,B) :- some15(A,C), \+some15(C,B) 0.322281167109 (8.0, 8.0, 86.0, 18.0) 0.837931034483 [ACCEPT]
[LVL9] rsome15(A,B) :- some15(A,C), \+some15(B,C) 0.245358090186 (7.0, 9.0, 85.0, 19.0) 0.797413793103 [ACCEPT]
[LVL9] rsome15(A,B) :- some15(A,C), \+no15(C,B) 0.245358090186 (7.0, 9.0, 85.0, 19.0) 0.797413793103 [ACCEPT]
[LVL9] rsome15(A,B) :- some15(A,C), \+no15(B,C) 0.322281167109 (8.0, 8.0, 86.0, 18.0) 0.837931034483 [ACCEPT]
[LVL9] rsome15(A,B) :- some15(A,C), \+somenot15(C,B) 0.245358090186 (7.0, 9.0, 85.0, 19.0) 0.797413793103 [ACCEPT]
[LVL9] rsome15(A,B) :- some15(A,C), \+somenot15(B,C) 0.322281167109 (8.0, 8.0, 86.0, 18.0) 0.837931034483 [ACCEPT]
[LVL9] rsome15(A,B) :- all15(A,C), \+some15(C,B) 0.245358090186 (7.0, 9.0, 85.0, 19.0) 0.797413793103 [ACCEPT]
[LVL9] rsome15(A,B) :- all15(A,C), \+some15(B,C) 0.245358090186 (7.0, 9.0, 85.0, 19.0) 0.797413793103 [ACCEPT]
[LVL9] rsome15(A,B) :- all15(A,C), \+no15(B,C) 0.245358090186 (7.0, 9.0, 85.0, 19.0) 0.797413793103 [ACCEPT]
[LVL9] rsome15(A,B) :- all15(A,C), \+somenot15(C,B) 0.245358090186 (7.0, 9.0, 85.0, 19.0) 0.797413793103 [ACCEPT]
[LVL9] rsome15(A,B) :- somenot15(B,C), \+all15(C,A) 0.212643678161 (7.0, 11.0, 83.0, 19.0) 0.797413793103 [ACCEPT]
[LVL9] rsome15(A,B) :- somenot15(B,C), \+some15(A,C) 0.227832512315 (7.0, 10.0, 84.0, 19.0) 0.797413793103 [ACCEPT]
[LVL9] rsome15(A,B) :- somenot15(B,C), \+no15(A,C) 0.227832512315 (7.0, 10.0, 84.0, 19.0) 0.797413793103 [ACCEPT]
[LVL9] rsome15(A,B) :- somenot15(B,C), \+no15(C,A) 0.227832512315 (7.0, 10.0, 84.0, 19.0) 0.797413793103 [ACCEPT]
[LVL9] rsome15(A,B) :- somenot15(B,C), \+somenot15(A,C) 0.227832512315 (7.0, 10.0, 84.0, 19.0) 0.797413793103 [ACCEPT]
[LVL9] rsome15(A,B) :- somenot15(C,A), \+all15(C,B) 0.227832512315 (7.0, 10.0, 84.0, 19.0) 0.797413793103 [ACCEPT]
[LVL9] rsome15(A,B) :- somenot15(C,A), \+all15(B,C) 0.227832512315 (7.0, 10.0, 84.0, 19.0) 0.797413793103 [ACCEPT]
[LVL9] rsome15(A,B) :- somenot15(C,A), \+some15(B,C) 0.227832512315 (7.0, 10.0, 84.0, 19.0) 0.797413793103 [ACCEPT]
[LVL9] rsome15(A,B) :- somenot15(C,A), \+no15(C,B) 0.227832512315 (7.0, 10.0, 84.0, 19.0) 0.797413793103 [ACCEPT]
[LVL9] rsome15(A,B) :- somenot15(C,A), \+no15(B,C) 0.212643678161 (7.0, 11.0, 83.0, 19.0) 0.797413793103 [ACCEPT]
[LVL9] rsome15(A,B) :- some15(B,C), \+all15(A,C) 0.212643678161 (7.0, 11.0, 83.0, 19.0) 0.797413793103 [ACCEPT]
[LVL9] rsome15(A,B) :- some15(B,C), \+some15(C,A) 0.212643678161 (7.0, 11.0, 83.0, 19.0) 0.797413793103 [ACCEPT]
[LVL9] rsome15(A,B) :- some15(B,C), \+no15(A,C) 0.212643678161 (7.0, 11.0, 83.0, 19.0) 0.797413793103 [ACCEPT]
[LVL9] rsome15(A,B) :- some15(B,C), \+somenot15(A,C) 0.212643678161 (7.0, 11.0, 83.0, 19.0) 0.797413793103 [ACCEPT]
[LVL9] rsome15(A,B) :- some15(B,C), \+somenot15(C,A) 0.212643678161 (7.0, 11.0, 83.0, 19.0) 0.797413793103 [ACCEPT]
[LVL9] rsome15(A,B) :- no15(C,A), \+all15(B,C) 0.212643678161 (7.0, 11.0, 83.0, 19.0) 0.797413793103 [ACCEPT]
[LVL9] rsome15(A,B) :- no15(C,A), \+some15(C,B) 0.212643678161 (7.0, 11.0, 83.0, 19.0) 0.797413793103 [ACCEPT]
[LVL9] rsome15(A,B) :- no15(C,A), \+no15(B,C) 0.212643678161 (7.0, 11.0, 83.0, 19.0) 0.797413793103 [ACCEPT]
[LVL9] rsome15(A,B) :- no15(C,A), \+somenot15(C,B) 0.212643678161 (7.0, 11.0, 83.0, 19.0) 0.797413793103 [ACCEPT]
[LVL9] rsome15(A,B) :- no15(C,A), \+somenot15(B,C) 0.212643678161 (7.0, 11.0, 83.0, 19.0) 0.797413793103 [ACCEPT]
[DEBUG] Best rule so far: rsome15(A,B) :- no15(C,B), no15(A,C) [0.729885057471]
[DEBUG] Candidates for iteration 3:
[DEBUG] ==================================
[DEBUG] rsome15(A,B) :- no15(C,B), \+all15(C,A) 0.412643678161
[DEBUG] rsome15(A,B) :- no15(C,B), \+somenot15(A,C) 0.412643678161
[DEBUG] rsome15(A,B) :- no15(C,B), \+somenot15(C,A) 0.412643678161
[DEBUG] rsome15(A,B) :- no15(C,B), all15(A,C) 0.396551724138
[DEBUG] rsome15(A,B) :- no15(C,B), all15(A,D) 0.396551724138
[DEBUG] rsome15(A,B) :- no15(C,B), all15(D,C) 0.396551724138
[DEBUG] rsome15(A,B) :- no15(C,B), some15(A,C) 0.396551724138
[DEBUG] rsome15(A,B) :- no15(C,B), some15(C,A) 0.396551724138
[DEBUG] rsome15(A,B) :- no15(C,B), some15(A,D) 0.396551724138
[DEBUG] rsome15(A,B) :- no15(C,B), some15(C,D) 0.396551724138
[DEBUG] rsome15(A,B) :- no15(C,B), some15(D,A) 0.396551724138
[DEBUG] rsome15(A,B) :- no15(C,B), some15(D,C) 0.396551724138
[DEBUG] rsome15(A,B) :- all15(C,B), \+somenot15(C,A) 0.380877742947
[DEBUG] rsome15(A,B) :- all15(C,B), \+some15(C,A) 0.349137931034
[DEBUG] rsome15(A,B) :- all15(C,B), \+somenot15(A,C) 0.349137931034
[DEBUG] rsome15(A,B) :- no15(A,C), \+some15(C,B) 0.349137931034
[DEBUG] rsome15(A,B) :- no15(A,C), \+some15(B,C) 0.349137931034
[DEBUG] rsome15(A,B) :- no15(A,C), \+somenot15(B,C) 0.349137931034
[DEBUG] rsome15(A,B) :- no15(C,B), \+all15(A,C) 0.345977011494
[DEBUG] rsome15(A,B) :- no15(C,B), \+some15(A,C) 0.345977011494
[DEBUG] rsome15(A,B) :- no15(C,B), \+some15(C,A) 0.345977011494
[DEBUG] rsome15(A,B) :- no15(C,B), \+no15(C,A) 0.345977011494
[DEBUG] rsome15(A,B) :- no15(A,C), \+somenot15(C,B) 0.322281167109
[DEBUG] rsome15(A,B) :- some15(A,C), \+some15(C,B) 0.322281167109
[DEBUG] rsome15(A,B) :- some15(A,C), \+no15(B,C) 0.322281167109
[DEBUG] rsome15(A,B) :- some15(A,C), \+somenot15(B,C) 0.322281167109
[DEBUG] rsome15(A,B) :- all15(C,B), \+all15(A,C) 0.289968652038
[DEBUG] rsome15(A,B) :- all15(C,B), \+all15(C,A) 0.289968652038
[DEBUG] rsome15(A,B) :- all15(C,B), \+some15(A,C) 0.289968652038
[DEBUG] rsome15(A,B) :- all15(C,B), \+no15(C,A) 0.289968652038
[DEBUG] rsome15(A,B) :- no15(A,C), \+all15(B,C) 0.265804597701
[DEBUG] rsome15(A,B) :- no15(A,C), \+no15(B,C) 0.265804597701
[DEBUG] rsome15(A,B) :- some15(A,C), \+all15(C,B) 0.245358090186
[DEBUG] rsome15(A,B) :- some15(A,C), \+some15(B,C) 0.245358090186
[DEBUG] rsome15(A,B) :- some15(A,C), \+no15(C,B) 0.245358090186
[DEBUG] rsome15(A,B) :- some15(A,C), \+somenot15(C,B) 0.245358090186
[DEBUG] rsome15(A,B) :- all15(A,C), \+some15(C,B) 0.245358090186
[DEBUG] rsome15(A,B) :- all15(A,C), \+some15(B,C) 0.245358090186
[DEBUG] rsome15(A,B) :- all15(A,C), \+no15(B,C) 0.245358090186
[DEBUG] rsome15(A,B) :- all15(A,C), \+somenot15(C,B) 0.245358090186
[DEBUG] rsome15(A,B) :- somenot15(B,C), \+some15(A,C) 0.227832512315
[DEBUG] rsome15(A,B) :- somenot15(B,C), \+no15(A,C) 0.227832512315
[DEBUG] rsome15(A,B) :- somenot15(B,C), \+no15(C,A) 0.227832512315
[DEBUG] rsome15(A,B) :- somenot15(B,C), \+somenot15(A,C) 0.227832512315
[DEBUG] rsome15(A,B) :- somenot15(C,A), \+all15(C,B) 0.227832512315
[DEBUG] rsome15(A,B) :- somenot15(C,A), \+all15(B,C) 0.227832512315
[DEBUG] rsome15(A,B) :- somenot15(C,A), \+some15(B,C) 0.227832512315
[DEBUG] rsome15(A,B) :- somenot15(C,A), \+no15(C,B) 0.227832512315
[DEBUG] rsome15(A,B) :- somenot15(B,C), \+all15(C,A) 0.212643678161
[DEBUG] rsome15(A,B) :- somenot15(C,A), \+no15(B,C) 0.212643678161
[DEBUG] rsome15(A,B) :- some15(B,C), \+all15(A,C) 0.212643678161
[DEBUG] rsome15(A,B) :- some15(B,C), \+some15(C,A) 0.212643678161
[DEBUG] rsome15(A,B) :- some15(B,C), \+no15(A,C) 0.212643678161
[DEBUG] rsome15(A,B) :- some15(B,C), \+somenot15(A,C) 0.212643678161
[DEBUG] rsome15(A,B) :- some15(B,C), \+somenot15(C,A) 0.212643678161
[DEBUG] rsome15(A,B) :- no15(C,A), \+all15(B,C) 0.212643678161
[DEBUG] rsome15(A,B) :- no15(C,A), \+some15(C,B) 0.212643678161
[DEBUG] rsome15(A,B) :- no15(C,A), \+no15(B,C) 0.212643678161
[DEBUG] rsome15(A,B) :- no15(C,A), \+somenot15(C,B) 0.212643678161
[DEBUG] rsome15(A,B) :- no15(C,A), \+somenot15(B,C) 0.212643678161
[DEBUG] ==================================
[INFO] RULE LEARNED: rsome15(A,B) :- no15(C,B), no15(A,C) 0.833333333333
[DEBUG] Best rule so far: rsome15(A,B) :- true [0.175438596491]
[DEBUG] Candidates for iteration 1:
[DEBUG] ==================================
[DEBUG] rsome15(A,B) :- true 0.175438596491
[DEBUG] ==================================
[LVL9] rsome15(A,B) :- all15(A,C) 0.211695906433 (9.0, 11.0, 83.0, 17.0) 0.793859649123 [ACCEPT]
[LVL9] BETTER RULE rsome15(A,B) :- all15(A,C) (0.21169590643274855, 9.0) > (0.1754385964912281, 26.0)
[LVL9] rsome15(A,B) :- all15(B,C) 0.0 (7.0, 11.0, 83.0, 19.0) 0.587719298246 [ACCEPT]
[LVL9] rsome15(A,B) :- all15(C,A) 0.0 (8.0, 12.0, 82.0, 18.0) 0.72514619883 [ACCEPT]
[LVL9] rsome15(A,B) :- all15(C,B) 0.321187584345 (10.0, 8.0, 86.0, 16.0) 0.835087719298 [ACCEPT]
[LVL9] BETTER RULE rsome15(A,B) :- all15(C,B) (0.32118758434547906, 10.0) > (0.21169590643274855, 9.0)
[LVL9] rsome15(A,B) :- some15(A,C) 0.278362573099 (10.0, 10.0, 84.0, 16.0) 0.835087719298 [ACCEPT]
[LVL9] rsome15(A,B) :- some15(B,C) 0.186790505676 (9.0, 13.0, 81.0, 17.0) 0.793859649123 [ACCEPT]
[LVL9] rsome15(A,B) :- some15(C,A) 0.0 (8.0, 13.0, 81.0, 18.0) 0.72514619883 [ACCEPT]
[LVL9] rsome15(A,B) :- some15(C,B) 0.0 (7.0, 14.0, 80.0, 19.0) 0.587719298246 [ACCEPT]
[LVL9] rsome15(A,B) :- no15(A,C) 0.181286549708 (8.0, 9.0, 85.0, 18.0) 0.72514619883 [ACCEPT]
[LVL9] rsome15(A,B) :- no15(B,C) 0.0 (8.0, 13.0, 81.0, 18.0) 0.72514619883 [ACCEPT]
[LVL9] rsome15(A,B) :- no15(C,A) 0.186790505676 (9.0, 13.0, 81.0, 17.0) 0.793859649123 [ACCEPT]
[LVL9] rsome15(A,B) :- no15(C,B) 0.278362573099 (10.0, 10.0, 84.0, 16.0) 0.835087719298 [ACCEPT]
[LVL9] rsome15(A,B) :- somenot15(A,C) 0.0 (7.0, 14.0, 80.0, 19.0) 0.587719298246 [ACCEPT]
[LVL9] rsome15(A,B) :- somenot15(B,C) 0.198464912281 (9.0, 12.0, 82.0, 17.0) 0.793859649123 [ACCEPT]
[LVL9] rsome15(A,B) :- somenot15(C,A) 0.198464912281 (9.0, 12.0, 82.0, 17.0) 0.793859649123 [ACCEPT]
[LVL9] rsome15(A,B) :- somenot15(C,B) 0.0 (8.0, 13.0, 81.0, 18.0) 0.72514619883 [ACCEPT]
[DEBUG] Best rule so far: rsome15(A,B) :- all15(C,B) [0.321187584345]
[DEBUG] Candidates for iteration 2:
[DEBUG] ==================================
[DEBUG] rsome15(A,B) :- all15(C,B) 0.321187584345
[DEBUG] rsome15(A,B) :- some15(A,C) 0.278362573099
[DEBUG] rsome15(A,B) :- no15(C,B) 0.278362573099
[DEBUG] rsome15(A,B) :- all15(A,C) 0.211695906433
[DEBUG] rsome15(A,B) :- somenot15(B,C) 0.198464912281
[DEBUG] rsome15(A,B) :- somenot15(C,A) 0.198464912281
[DEBUG] rsome15(A,B) :- some15(B,C) 0.186790505676
[DEBUG] rsome15(A,B) :- no15(C,A) 0.186790505676
[DEBUG] rsome15(A,B) :- no15(A,C) 0.181286549708
[DEBUG] rsome15(A,B) :- all15(C,A) 0.0
[DEBUG] rsome15(A,B) :- some15(C,A) 0.0
[DEBUG] rsome15(A,B) :- no15(B,C) 0.0
[DEBUG] rsome15(A,B) :- somenot15(C,B) 0.0
[DEBUG] rsome15(A,B) :- all15(B,C) 0.0
[DEBUG] rsome15(A,B) :- some15(C,B) 0.0
[DEBUG] rsome15(A,B) :- somenot15(A,C) 0.0
[DEBUG] ==================================
[LVL9] rsome15(A,B) :- all15(C,B), all15(A,C) 0.391812865497 (7.0, 1.0, 93.0, 19.0) 0.587719298246 [ACCEPT]
[LVL9] BETTER RULE rsome15(A,B) :- all15(C,B), all15(A,C) (0.39181286549707606, 7.0) > (0.32118758434547906, 10.0)
[LVL9] rsome15(A,B) :- all15(C,B), all15(C,A) 0.391812865497 (7.0, 1.0, 93.0, 19.0) 0.587719298246 [ACCEPT]
[LVL9] rsome15(A,B) :- all15(C,B), all15(A,D) 0.391812865497 (7.0, 1.0, 93.0, 19.0) 0.587719298246 [ACCEPT]
[LVL9] rsome15(A,B) :- all15(C,B), all15(D,A) 0.391812865497 (7.0, 1.0, 93.0, 19.0) 0.587719298246 [ACCEPT]
[LVL9] rsome15(A,B) :- all15(C,B), all15(D,C) 0.391812865497 (7.0, 1.0, 93.0, 19.0) 0.587719298246 [ACCEPT]
[LVL9] rsome15(A,B) :- all15(C,B), some15(A,C) 0.391812865497 (7.0, 1.0, 93.0, 19.0) 0.587719298246 [ACCEPT]
[LVL9] rsome15(A,B) :- all15(C,B), some15(A,D) 0.391812865497 (7.0, 1.0, 93.0, 19.0) 0.587719298246 [ACCEPT]
[LVL9] rsome15(A,B) :- all15(C,B), some15(D,C) 0.391812865497 (7.0, 1.0, 93.0, 19.0) 0.587719298246 [ACCEPT]
[LVL9] rsome15(A,B) :- all15(C,B), no15(C,A) 0.391812865497 (7.0, 1.0, 93.0, 19.0) 0.587719298246 [ACCEPT]
[LVL9] rsome15(A,B) :- all15(C,B), no15(C,D) 0.391812865497 (7.0, 1.0, 93.0, 19.0) 0.587719298246 [ACCEPT]
[LVL9] rsome15(A,B) :- all15(C,B), no15(D,A) 0.391812865497 (7.0, 1.0, 93.0, 19.0) 0.587719298246 [ACCEPT]
[LVL9] rsome15(A,B) :- all15(C,B), \+all15(A,C) 0.288676236045 (9.0, 7.0, 87.0, 17.0) 0.793859649123 [ACCEPT]
[LVL9] rsome15(A,B) :- all15(C,B), \+all15(C,A) 0.288676236045 (9.0, 7.0, 87.0, 17.0) 0.793859649123 [ACCEPT]
[LVL9] rsome15(A,B) :- all15(C,B), \+some15(A,C) 0.288676236045 (9.0, 7.0, 87.0, 17.0) 0.793859649123 [ACCEPT]
[LVL9] rsome15(A,B) :- all15(C,B), \+some15(C,A) 0.347953216374 (10.0, 7.0, 87.0, 16.0) 0.835087719298 [ACCEPT]
[LVL9] rsome15(A,B) :- all15(C,B), \+no15(C,A) 0.288676236045 (9.0, 7.0, 87.0, 17.0) 0.793859649123 [ACCEPT]
[LVL9] rsome15(A,B) :- all15(C,B), \+somenot15(A,C) 0.347953216374 (10.0, 7.0, 87.0, 16.0) 0.835087719298 [ACCEPT]
[LVL9] rsome15(A,B) :- all15(C,B), \+somenot15(C,A) 0.379585326954 (10.0, 6.0, 88.0, 16.0) 0.835087719298 [ACCEPT]
[LVL9] rsome15(A,B) :- some15(A,C), all15(C,D) 0.391812865497 (7.0, 1.0, 93.0, 19.0) 0.587719298246 [ACCEPT]
[LVL9] rsome15(A,B) :- some15(A,C), all15(D,B) 0.391812865497 (7.0, 1.0, 93.0, 19.0) 0.587719298246 [ACCEPT]
[LVL9] rsome15(A,B) :- some15(A,C), some15(B,C) 0.391812865497 (7.0, 1.0, 93.0, 19.0) 0.587719298246 [ACCEPT]
[LVL9] rsome15(A,B) :- some15(A,C), some15(B,D) 0.391812865497 (7.0, 1.0, 93.0, 19.0) 0.587719298246 [ACCEPT]
[LVL9] rsome15(A,B) :- some15(A,C), no15(C,B) 0.391812865497 (7.0, 1.0, 93.0, 19.0) 0.587719298246 [ACCEPT]
[LVL9] rsome15(A,B) :- some15(A,C), no15(C,D) 0.391812865497 (7.0, 1.0, 93.0, 19.0) 0.587719298246 [ACCEPT]
[LVL9] rsome15(A,B) :- some15(A,C), no15(D,B) 0.391812865497 (7.0, 1.0, 93.0, 19.0) 0.587719298246 [ACCEPT]
[LVL9] rsome15(A,B) :- some15(A,C), somenot15(C,B) 0.391812865497 (7.0, 1.0, 93.0, 19.0) 0.587719298246 [ACCEPT]
[LVL9] rsome15(A,B) :- some15(A,C), somenot15(C,D) 0.391812865497 (7.0, 1.0, 93.0, 19.0) 0.587719298246 [ACCEPT]
[LVL9] rsome15(A,B) :- some15(A,C), somenot15(D,B) 0.391812865497 (7.0, 1.0, 93.0, 19.0) 0.587719298246 [ACCEPT]
[LVL9] rsome15(A,B) :- some15(A,C), \+all15(C,B) 0.244264507422 (9.0, 9.0, 85.0, 17.0) 0.793859649123 [ACCEPT]
[LVL9] rsome15(A,B) :- some15(A,C), \+some15(C,B) 0.321187584345 (10.0, 8.0, 86.0, 16.0) 0.835087719298 [ACCEPT]
[LVL9] rsome15(A,B) :- some15(A,C), \+some15(B,C) 0.244264507422 (9.0, 9.0, 85.0, 17.0) 0.793859649123 [ACCEPT]
[LVL9] rsome15(A,B) :- some15(A,C), \+no15(C,B) 0.244264507422 (9.0, 9.0, 85.0, 17.0) 0.793859649123 [ACCEPT]
[LVL9] rsome15(A,B) :- some15(A,C), \+no15(B,C) 0.321187584345 (10.0, 8.0, 86.0, 16.0) 0.835087719298 [ACCEPT]
[LVL9] rsome15(A,B) :- some15(A,C), \+somenot15(C,B) 0.244264507422 (9.0, 9.0, 85.0, 17.0) 0.793859649123 [ACCEPT]
[LVL9] rsome15(A,B) :- some15(A,C), \+somenot15(B,C) 0.321187584345 (10.0, 8.0, 86.0, 16.0) 0.835087719298 [ACCEPT]
[LVL9] rsome15(A,B) :- no15(C,B), all15(A,C) 0.391812865497 (7.0, 1.0, 93.0, 19.0) 0.587719298246 [ACCEPT]
[LVL9] rsome15(A,B) :- no15(C,B), all15(A,D) 0.391812865497 (7.0, 1.0, 93.0, 19.0) 0.587719298246 [ACCEPT]
[LVL9] rsome15(A,B) :- no15(C,B), all15(D,C) 0.391812865497 (7.0, 1.0, 93.0, 19.0) 0.587719298246 [ACCEPT]
[LVL9] rsome15(A,B) :- no15(C,B), some15(C,A) 0.391812865497 (7.0, 1.0, 93.0, 19.0) 0.587719298246 [ACCEPT]
[LVL9] rsome15(A,B) :- no15(C,B), some15(A,D) 0.391812865497 (7.0, 1.0, 93.0, 19.0) 0.587719298246 [ACCEPT]
[LVL9] rsome15(A,B) :- no15(C,B), some15(C,D) 0.391812865497 (7.0, 1.0, 93.0, 19.0) 0.587719298246 [ACCEPT]
[LVL9] rsome15(A,B) :- no15(C,B), some15(D,A) 0.391812865497 (7.0, 1.0, 93.0, 19.0) 0.587719298246 [ACCEPT]
[LVL9] rsome15(A,B) :- no15(C,B), some15(D,C) 0.391812865497 (7.0, 1.0, 93.0, 19.0) 0.587719298246 [ACCEPT]
[LVL9] rsome15(A,B) :- no15(C,B), no15(C,A) 0.391812865497 (7.0, 1.0, 93.0, 19.0) 0.587719298246 [ACCEPT]
[LVL9] rsome15(A,B) :- no15(C,B), no15(D,A) 0.391812865497 (7.0, 1.0, 93.0, 19.0) 0.587719298246 [ACCEPT]
[LVL9] rsome15(A,B) :- no15(C,B), \+all15(A,C) 0.244264507422 (9.0, 9.0, 85.0, 17.0) 0.793859649123 [ACCEPT]
[LVL9] rsome15(A,B) :- no15(C,B), \+all15(C,A) 0.321187584345 (10.0, 8.0, 86.0, 16.0) 0.835087719298 [ACCEPT]
[LVL9] rsome15(A,B) :- no15(C,B), \+some15(A,C) 0.244264507422 (9.0, 9.0, 85.0, 17.0) 0.793859649123 [ACCEPT]
[LVL9] rsome15(A,B) :- no15(C,B), \+some15(C,A) 0.244264507422 (9.0, 9.0, 85.0, 17.0) 0.793859649123 [ACCEPT]
[LVL9] rsome15(A,B) :- no15(C,B), \+no15(C,A) 0.244264507422 (9.0, 9.0, 85.0, 17.0) 0.793859649123 [ACCEPT]
[LVL9] rsome15(A,B) :- no15(C,B), \+somenot15(A,C) 0.321187584345 (10.0, 8.0, 86.0, 16.0) 0.835087719298 [ACCEPT]
[LVL9] rsome15(A,B) :- no15(C,B), \+somenot15(C,A) 0.321187584345 (10.0, 8.0, 86.0, 16.0) 0.835087719298 [ACCEPT]
[LVL9] rsome15(A,B) :- all15(A,C), all15(C,D) 0.391812865497 (7.0, 1.0, 93.0, 19.0) 0.587719298246 [ACCEPT]
[LVL9] rsome15(A,B) :- all15(A,C), all15(D,B) 0.391812865497 (7.0, 1.0, 93.0, 19.0) 0.587719298246 [ACCEPT]
[LVL9] rsome15(A,B) :- all15(A,C), no15(C,D) 0.391812865497 (7.0, 1.0, 93.0, 19.0) 0.587719298246 [ACCEPT]
[LVL9] rsome15(A,B) :- all15(A,C), no15(D,B) 0.391812865497 (7.0, 1.0, 93.0, 19.0) 0.587719298246 [ACCEPT]
[LVL9] rsome15(A,B) :- all15(A,C), somenot15(B,C) 0.391812865497 (7.0, 1.0, 93.0, 19.0) 0.587719298246 [ACCEPT]
[LVL9] rsome15(A,B) :- all15(A,C), somenot15(B,D) 0.391812865497 (7.0, 1.0, 93.0, 19.0) 0.587719298246 [ACCEPT]
[LVL9] rsome15(A,B) :- all15(A,C), somenot15(D,C) 0.391812865497 (7.0, 1.0, 93.0, 19.0) 0.587719298246 [ACCEPT]
[LVL9] rsome15(A,B) :- all15(A,C), \+all15(C,B) 0.0 (8.0, 10.0, 84.0, 18.0) 0.72514619883 [ACCEPT]
[LVL9] rsome15(A,B) :- all15(A,C), \+some15(C,B) 0.244264507422 (9.0, 9.0, 85.0, 17.0) 0.793859649123 [ACCEPT]
[LVL9] rsome15(A,B) :- all15(A,C), \+some15(B,C) 0.244264507422 (9.0, 9.0, 85.0, 17.0) 0.793859649123 [ACCEPT]
[LVL9] rsome15(A,B) :- all15(A,C), \+no15(C,B) 0.0 (8.0, 10.0, 84.0, 18.0) 0.72514619883 [ACCEPT]
[LVL9] rsome15(A,B) :- all15(A,C), \+no15(B,C) 0.244264507422 (9.0, 9.0, 85.0, 17.0) 0.793859649123 [ACCEPT]
[LVL9] rsome15(A,B) :- all15(A,C), \+somenot15(C,B) 0.244264507422 (9.0, 9.0, 85.0, 17.0) 0.793859649123 [ACCEPT]
[LVL9] rsome15(A,B) :- all15(A,C), \+somenot15(B,C) 0.0 (8.0, 10.0, 84.0, 18.0) 0.72514619883 [ACCEPT]
[LVL9] rsome15(A,B) :- somenot15(B,C), all15(A,D) 0.391812865497 (7.0, 1.0, 93.0, 19.0) 0.587719298246 [ACCEPT]
[LVL9] rsome15(A,B) :- somenot15(B,C), all15(D,C) 0.391812865497 (7.0, 1.0, 93.0, 19.0) 0.587719298246 [ACCEPT]
[LVL9] rsome15(A,B) :- somenot15(B,C), some15(C,A) 0.391812865497 (7.0, 1.0, 93.0, 19.0) 0.587719298246 [ACCEPT]
[LVL9] rsome15(A,B) :- somenot15(B,C), some15(C,D) 0.391812865497 (7.0, 1.0, 93.0, 19.0) 0.587719298246 [ACCEPT]
[LVL9] rsome15(A,B) :- somenot15(B,C), some15(D,A) 0.391812865497 (7.0, 1.0, 93.0, 19.0) 0.587719298246 [ACCEPT]
[LVL9] rsome15(A,B) :- somenot15(B,C), somenot15(C,A) 0.391812865497 (7.0, 1.0, 93.0, 19.0) 0.587719298246 [ACCEPT]
[LVL9] rsome15(A,B) :- somenot15(B,C), somenot15(C,D) 0.391812865497 (7.0, 1.0, 93.0, 19.0) 0.587719298246 [ACCEPT]
[LVL9] rsome15(A,B) :- somenot15(B,C), somenot15(D,A) 0.391812865497 (7.0, 1.0, 93.0, 19.0) 0.587719298246 [ACCEPT]
[LVL9] rsome15(A,B) :- somenot15(B,C), \+all15(A,C) 0.0 (8.0, 11.0, 83.0, 18.0) 0.72514619883 [ACCEPT]
[LVL9] rsome15(A,B) :- somenot15(B,C), \+all15(C,A) 0.211695906433 (9.0, 11.0, 83.0, 17.0) 0.793859649123 [ACCEPT]
[LVL9] rsome15(A,B) :- somenot15(B,C), \+some15(A,C) 0.226817042607 (9.0, 10.0, 84.0, 17.0) 0.793859649123 [ACCEPT]
[LVL9] rsome15(A,B) :- somenot15(B,C), \+some15(C,A) 0.0 (8.0, 11.0, 83.0, 18.0) 0.72514619883 [ACCEPT]
[LVL9] rsome15(A,B) :- somenot15(B,C), \+no15(A,C) 0.226817042607 (9.0, 10.0, 84.0, 17.0) 0.793859649123 [ACCEPT]
[LVL9] rsome15(A,B) :- somenot15(B,C), \+no15(C,A) 0.226817042607 (9.0, 10.0, 84.0, 17.0) 0.793859649123 [ACCEPT]
[LVL9] rsome15(A,B) :- somenot15(B,C), \+somenot15(A,C) 0.226817042607 (9.0, 10.0, 84.0, 17.0) 0.793859649123 [ACCEPT]
[LVL9] rsome15(A,B) :- somenot15(B,C), \+somenot15(C,A) 0.0 (8.0, 11.0, 83.0, 18.0) 0.72514619883 [ACCEPT]
[LVL9] rsome15(A,B) :- somenot15(C,A), some15(C,B) 0.391812865497 (7.0, 1.0, 93.0, 19.0) 0.587719298246 [ACCEPT]
[LVL9] rsome15(A,B) :- somenot15(C,A), some15(C,D) 0.391812865497 (7.0, 1.0, 93.0, 19.0) 0.587719298246 [ACCEPT]
[LVL9] rsome15(A,B) :- somenot15(C,A), some15(D,B) 0.391812865497 (7.0, 1.0, 93.0, 19.0) 0.587719298246 [ACCEPT]
[LVL9] rsome15(A,B) :- somenot15(C,A), somenot15(C,B) 0.391812865497 (7.0, 1.0, 93.0, 19.0) 0.587719298246 [ACCEPT]
[LVL9] rsome15(A,B) :- somenot15(C,A), somenot15(B,D) 0.391812865497 (7.0, 1.0, 93.0, 19.0) 0.587719298246 [ACCEPT]
[LVL9] rsome15(A,B) :- somenot15(C,A), somenot15(D,C) 0.391812865497 (7.0, 1.0, 93.0, 19.0) 0.587719298246 [ACCEPT]
[LVL9] rsome15(A,B) :- somenot15(C,A), somenot15(D,B) 0.391812865497 (7.0, 1.0, 93.0, 19.0) 0.587719298246 [ACCEPT]
[LVL9] rsome15(A,B) :- somenot15(C,A), \+all15(C,B) 0.226817042607 (9.0, 10.0, 84.0, 17.0) 0.793859649123 [ACCEPT]
[LVL9] rsome15(A,B) :- somenot15(C,A), \+all15(B,C) 0.226817042607 (9.0, 10.0, 84.0, 17.0) 0.793859649123 [ACCEPT]
[LVL9] rsome15(A,B) :- somenot15(C,A), \+some15(C,B) 0.0 (8.0, 11.0, 83.0, 18.0) 0.72514619883 [ACCEPT]
[LVL9] rsome15(A,B) :- somenot15(C,A), \+some15(B,C) 0.226817042607 (9.0, 10.0, 84.0, 17.0) 0.793859649123 [ACCEPT]
[LVL9] rsome15(A,B) :- somenot15(C,A), \+no15(C,B) 0.226817042607 (9.0, 10.0, 84.0, 17.0) 0.793859649123 [ACCEPT]
[LVL9] rsome15(A,B) :- somenot15(C,A), \+no15(B,C) 0.211695906433 (9.0, 11.0, 83.0, 17.0) 0.793859649123 [ACCEPT]
[LVL9] rsome15(A,B) :- somenot15(C,A), \+somenot15(C,B) 0.0 (8.0, 11.0, 83.0, 18.0) 0.72514619883 [ACCEPT]
[LVL9] rsome15(A,B) :- somenot15(C,A), \+somenot15(B,C) 0.0 (8.0, 11.0, 83.0, 18.0) 0.72514619883 [ACCEPT]
[LVL9] rsome15(A,B) :- some15(B,C), all15(C,A) 0.391812865497 (7.0, 1.0, 93.0, 19.0) 0.587719298246 [ACCEPT]
[LVL9] rsome15(A,B) :- some15(B,C), all15(C,D) 0.391812865497 (7.0, 1.0, 93.0, 19.0) 0.587719298246 [ACCEPT]
[LVL9] rsome15(A,B) :- some15(B,C), all15(D,A) 0.391812865497 (7.0, 1.0, 93.0, 19.0) 0.587719298246 [ACCEPT]
[LVL9] rsome15(A,B) :- some15(B,C), some15(A,D) 0.391812865497 (7.0, 1.0, 93.0, 19.0) 0.587719298246 [ACCEPT]
[LVL9] rsome15(A,B) :- some15(B,C), no15(C,A) 0.391812865497 (7.0, 1.0, 93.0, 19.0) 0.587719298246 [ACCEPT]
[LVL9] rsome15(A,B) :- some15(B,C), no15(C,D) 0.391812865497 (7.0, 1.0, 93.0, 19.0) 0.587719298246 [ACCEPT]
[LVL9] rsome15(A,B) :- some15(B,C), no15(D,A) 0.391812865497 (7.0, 1.0, 93.0, 19.0) 0.587719298246 [ACCEPT]
[LVL9] rsome15(A,B) :- some15(B,C), \+all15(A,C) 0.211695906433 (9.0, 11.0, 83.0, 17.0) 0.793859649123 [ACCEPT]
[LVL9] rsome15(A,B) :- some15(B,C), \+some15(C,A) 0.211695906433 (9.0, 11.0, 83.0, 17.0) 0.793859649123 [ACCEPT]
[LVL9] rsome15(A,B) :- some15(B,C), \+no15(A,C) 0.211695906433 (9.0, 11.0, 83.0, 17.0) 0.793859649123 [ACCEPT]
[LVL9] rsome15(A,B) :- some15(B,C), \+somenot15(A,C) 0.211695906433 (9.0, 11.0, 83.0, 17.0) 0.793859649123 [ACCEPT]
[LVL9] rsome15(A,B) :- some15(B,C), \+somenot15(C,A) 0.211695906433 (9.0, 11.0, 83.0, 17.0) 0.793859649123 [ACCEPT]
[LVL9] rsome15(A,B) :- no15(C,A), all15(C,D) 0.391812865497 (7.0, 1.0, 93.0, 19.0) 0.587719298246 [ACCEPT]
[LVL9] rsome15(A,B) :- no15(C,A), all15(D,B) 0.391812865497 (7.0, 1.0, 93.0, 19.0) 0.587719298246 [ACCEPT]
[LVL9] rsome15(A,B) :- no15(C,A), some15(B,D) 0.391812865497 (7.0, 1.0, 93.0, 19.0) 0.587719298246 [ACCEPT]
[LVL9] rsome15(A,B) :- no15(C,A), some15(D,C) 0.391812865497 (7.0, 1.0, 93.0, 19.0) 0.587719298246 [ACCEPT]
[LVL9] rsome15(A,B) :- no15(C,A), no15(D,B) 0.391812865497 (7.0, 1.0, 93.0, 19.0) 0.587719298246 [ACCEPT]
[LVL9] rsome15(A,B) :- no15(A,C), all15(B,C) 0.391812865497 (7.0, 1.0, 93.0, 19.0) 0.587719298246 [ACCEPT]
[LVL9] rsome15(A,B) :- no15(A,C), all15(B,D) 0.391812865497 (7.0, 1.0, 93.0, 19.0) 0.587719298246 [ACCEPT]
[LVL9] rsome15(A,B) :- no15(A,C), all15(D,C) 0.391812865497 (7.0, 1.0, 93.0, 19.0) 0.587719298246 [ACCEPT]
[LVL9] rsome15(A,B) :- no15(A,C), no15(B,C) 0.391812865497 (7.0, 1.0, 93.0, 19.0) 0.587719298246 [ACCEPT]
[LVL9] rsome15(A,B) :- no15(A,C), no15(B,D) 0.391812865497 (7.0, 1.0, 93.0, 19.0) 0.587719298246 [ACCEPT]
[LVL9] rsome15(A,B) :- all15(C,A), all15(D,B) 0.391812865497 (7.0, 1.0, 93.0, 19.0) 0.587719298246 [ACCEPT]
[LVL9] rsome15(A,B) :- all15(C,A), some15(B,D) 0.391812865497 (7.0, 1.0, 93.0, 19.0) 0.587719298246 [ACCEPT]
[LVL9] rsome15(A,B) :- all15(C,A), some15(D,C) 0.391812865497 (7.0, 1.0, 93.0, 19.0) 0.587719298246 [ACCEPT]
[LVL9] rsome15(A,B) :- some15(C,A), no15(C,D) 0.391812865497 (7.0, 1.0, 93.0, 19.0) 0.587719298246 [ACCEPT]
[LVL9] rsome15(A,B) :- some15(C,A), no15(D,B) 0.391812865497 (7.0, 1.0, 93.0, 19.0) 0.587719298246 [ACCEPT]
[LVL9] rsome15(A,B) :- some15(C,A), somenot15(B,D) 0.391812865497 (7.0, 1.0, 93.0, 19.0) 0.587719298246 [ACCEPT]
[LVL9] rsome15(A,B) :- some15(C,A), somenot15(D,C) 0.391812865497 (7.0, 1.0, 93.0, 19.0) 0.587719298246 [ACCEPT]
[LVL9] rsome15(A,B) :- no15(B,C), no15(A,D) 0.391812865497 (7.0, 1.0, 93.0, 19.0) 0.587719298246 [ACCEPT]
[LVL9] rsome15(A,B) :- no15(B,C), somenot15(A,C) 0.391812865497 (7.0, 1.0, 93.0, 19.0) 0.587719298246 [ACCEPT]
[LVL9] rsome15(A,B) :- no15(B,C), somenot15(A,D) 0.391812865497 (7.0, 1.0, 93.0, 19.0) 0.587719298246 [ACCEPT]
[LVL9] rsome15(A,B) :- no15(B,C), somenot15(D,C) 0.391812865497 (7.0, 1.0, 93.0, 19.0) 0.587719298246 [ACCEPT]
[LVL9] rsome15(A,B) :- somenot15(C,B), some15(A,D) 0.391812865497 (7.0, 1.0, 93.0, 19.0) 0.587719298246 [ACCEPT]
[LVL9] rsome15(A,B) :- somenot15(C,B), some15(D,C) 0.391812865497 (7.0, 1.0, 93.0, 19.0) 0.587719298246 [ACCEPT]
[LVL9] rsome15(A,B) :- somenot15(C,B), somenot15(D,A) 0.391812865497 (7.0, 1.0, 93.0, 19.0) 0.587719298246 [ACCEPT]
[LVL9] rsome15(A,B) :- all15(B,C), no15(A,D) 0.391812865497 (7.0, 1.0, 93.0, 19.0) 0.587719298246 [ACCEPT]
[LVL9] rsome15(A,B) :- all15(B,C), no15(D,C) 0.391812865497 (7.0, 1.0, 93.0, 19.0) 0.587719298246 [ACCEPT]
[LVL9] rsome15(A,B) :- some15(C,B), somenot15(C,D) 0.391812865497 (7.0, 1.0, 93.0, 19.0) 0.587719298246 [ACCEPT]
[LVL9] rsome15(A,B) :- some15(C,B), somenot15(D,A) 0.391812865497 (7.0, 1.0, 93.0, 19.0) 0.587719298246 [ACCEPT]
[LVL9] rsome15(A,B) :- somenot15(A,C), no15(B,D) 0.391812865497 (7.0, 1.0, 93.0, 19.0) 0.587719298246 [ACCEPT]
[LVL9] rsome15(A,B) :- somenot15(A,C), no15(D,C) 0.391812865497 (7.0, 1.0, 93.0, 19.0) 0.587719298246 [ACCEPT]
[DEBUG] Best rule so far: rsome15(A,B) :- all15(C,B), all15(A,C) [0.391812865497]
[DEBUG] Candidates for iteration 3:
[DEBUG] ==================================
[DEBUG] rsome15(A,B) :- all15(C,B), all15(A,C) 0.391812865497
[DEBUG] rsome15(A,B) :- all15(C,B), all15(C,A) 0.391812865497
[DEBUG] rsome15(A,B) :- all15(C,B), all15(A,D) 0.391812865497
[DEBUG] rsome15(A,B) :- all15(C,B), all15(D,A) 0.391812865497
[DEBUG] rsome15(A,B) :- all15(C,B), all15(D,C) 0.391812865497
[DEBUG] rsome15(A,B) :- all15(C,B), some15(A,C) 0.391812865497
[DEBUG] rsome15(A,B) :- all15(C,B), some15(A,D) 0.391812865497
[DEBUG] rsome15(A,B) :- all15(C,B), some15(D,C) 0.391812865497
[DEBUG] rsome15(A,B) :- all15(C,B), no15(C,A) 0.391812865497
[DEBUG] rsome15(A,B) :- all15(C,B), no15(C,D) 0.391812865497
[DEBUG] rsome15(A,B) :- all15(C,B), no15(D,A) 0.391812865497
[DEBUG] rsome15(A,B) :- some15(A,C), all15(C,D) 0.391812865497
[DEBUG] rsome15(A,B) :- some15(A,C), all15(D,B) 0.391812865497
[DEBUG] rsome15(A,B) :- some15(A,C), some15(B,C) 0.391812865497
[DEBUG] rsome15(A,B) :- some15(A,C), some15(B,D) 0.391812865497
[DEBUG] rsome15(A,B) :- some15(A,C), no15(C,B) 0.391812865497
[DEBUG] rsome15(A,B) :- some15(A,C), no15(C,D) 0.391812865497
[DEBUG] rsome15(A,B) :- some15(A,C), no15(D,B) 0.391812865497
[DEBUG] rsome15(A,B) :- some15(A,C), somenot15(C,B) 0.391812865497
[DEBUG] rsome15(A,B) :- some15(A,C), somenot15(C,D) 0.391812865497
[DEBUG] rsome15(A,B) :- some15(A,C), somenot15(D,B) 0.391812865497
[DEBUG] rsome15(A,B) :- no15(C,B), all15(A,C) 0.391812865497
[DEBUG] rsome15(A,B) :- no15(C,B), all15(A,D) 0.391812865497
[DEBUG] rsome15(A,B) :- no15(C,B), all15(D,C) 0.391812865497
[DEBUG] rsome15(A,B) :- no15(C,B), some15(C,A) 0.391812865497
[DEBUG] rsome15(A,B) :- no15(C,B), some15(A,D) 0.391812865497
[DEBUG] rsome15(A,B) :- no15(C,B), some15(C,D) 0.391812865497
[DEBUG] rsome15(A,B) :- no15(C,B), some15(D,A) 0.391812865497
[DEBUG] rsome15(A,B) :- no15(C,B), some15(D,C) 0.391812865497
[DEBUG] rsome15(A,B) :- no15(C,B), no15(C,A) 0.391812865497
[DEBUG] rsome15(A,B) :- no15(C,B), no15(D,A) 0.391812865497
[DEBUG] rsome15(A,B) :- all15(A,C), all15(C,D) 0.391812865497
[DEBUG] rsome15(A,B) :- all15(A,C), all15(D,B) 0.391812865497
[DEBUG] rsome15(A,B) :- all15(A,C), no15(C,D) 0.391812865497
[DEBUG] rsome15(A,B) :- all15(A,C), no15(D,B) 0.391812865497
[DEBUG] rsome15(A,B) :- all15(A,C), somenot15(B,C) 0.391812865497
[DEBUG] rsome15(A,B) :- all15(A,C), somenot15(B,D) 0.391812865497
[DEBUG] rsome15(A,B) :- all15(A,C), somenot15(D,C) 0.391812865497
[DEBUG] rsome15(A,B) :- somenot15(B,C), all15(A,D) 0.391812865497
[DEBUG] rsome15(A,B) :- somenot15(B,C), all15(D,C) 0.391812865497
[DEBUG] rsome15(A,B) :- somenot15(B,C), some15(C,A) 0.391812865497
[DEBUG] rsome15(A,B) :- somenot15(B,C), some15(C,D) 0.391812865497
[DEBUG] rsome15(A,B) :- somenot15(B,C), some15(D,A) 0.391812865497
[DEBUG] rsome15(A,B) :- somenot15(B,C), somenot15(C,A) 0.391812865497
[DEBUG] rsome15(A,B) :- somenot15(B,C), somenot15(C,D) 0.391812865497
[DEBUG] rsome15(A,B) :- somenot15(B,C), somenot15(D,A) 0.391812865497
[DEBUG] rsome15(A,B) :- somenot15(C,A), some15(C,B) 0.391812865497
[DEBUG] rsome15(A,B) :- somenot15(C,A), some15(C,D) 0.391812865497
[DEBUG] rsome15(A,B) :- somenot15(C,A), some15(D,B) 0.391812865497
[DEBUG] rsome15(A,B) :- somenot15(C,A), somenot15(C,B) 0.391812865497
[DEBUG] rsome15(A,B) :- somenot15(C,A), somenot15(B,D) 0.391812865497
[DEBUG] rsome15(A,B) :- somenot15(C,A), somenot15(D,C) 0.391812865497
[DEBUG] rsome15(A,B) :- somenot15(C,A), somenot15(D,B) 0.391812865497
[DEBUG] rsome15(A,B) :- some15(B,C), all15(C,A) 0.391812865497
[DEBUG] rsome15(A,B) :- some15(B,C), all15(C,D) 0.391812865497
[DEBUG] rsome15(A,B) :- some15(B,C), all15(D,A) 0.391812865497
[DEBUG] rsome15(A,B) :- some15(B,C), some15(A,D) 0.391812865497
[DEBUG] rsome15(A,B) :- some15(B,C), no15(C,A) 0.391812865497
[DEBUG] rsome15(A,B) :- some15(B,C), no15(C,D) 0.391812865497
[DEBUG] rsome15(A,B) :- some15(B,C), no15(D,A) 0.391812865497
[DEBUG] rsome15(A,B) :- no15(C,A), all15(C,D) 0.391812865497
[DEBUG] rsome15(A,B) :- no15(C,A), all15(D,B) 0.391812865497
[DEBUG] rsome15(A,B) :- no15(C,A), some15(B,D) 0.391812865497
[DEBUG] rsome15(A,B) :- no15(C,A), some15(D,C) 0.391812865497
[DEBUG] rsome15(A,B) :- no15(C,A), no15(D,B) 0.391812865497
[DEBUG] rsome15(A,B) :- no15(A,C), all15(B,C) 0.391812865497
[DEBUG] rsome15(A,B) :- no15(A,C), all15(B,D) 0.391812865497
[DEBUG] rsome15(A,B) :- no15(A,C), all15(D,C) 0.391812865497
[DEBUG] rsome15(A,B) :- no15(A,C), no15(B,C) 0.391812865497
[DEBUG] rsome15(A,B) :- no15(A,C), no15(B,D) 0.391812865497
[DEBUG] rsome15(A,B) :- all15(C,A), all15(D,B) 0.391812865497
[DEBUG] rsome15(A,B) :- all15(C,A), some15(B,D) 0.391812865497
[DEBUG] rsome15(A,B) :- all15(C,A), some15(D,C) 0.391812865497
[DEBUG] rsome15(A,B) :- some15(C,A), no15(C,D) 0.391812865497
[DEBUG] rsome15(A,B) :- some15(C,A), no15(D,B) 0.391812865497
[DEBUG] rsome15(A,B) :- some15(C,A), somenot15(B,D) 0.391812865497
[DEBUG] rsome15(A,B) :- some15(C,A), somenot15(D,C) 0.391812865497
[DEBUG] rsome15(A,B) :- no15(B,C), no15(A,D) 0.391812865497
[DEBUG] rsome15(A,B) :- no15(B,C), somenot15(A,C) 0.391812865497
[DEBUG] rsome15(A,B) :- no15(B,C), somenot15(A,D) 0.391812865497
[DEBUG] rsome15(A,B) :- no15(B,C), somenot15(D,C) 0.391812865497
[DEBUG] rsome15(A,B) :- somenot15(C,B), some15(A,D) 0.391812865497
[DEBUG] rsome15(A,B) :- somenot15(C,B), some15(D,C) 0.391812865497
[DEBUG] rsome15(A,B) :- somenot15(C,B), somenot15(D,A) 0.391812865497
[DEBUG] rsome15(A,B) :- all15(B,C), no15(A,D) 0.391812865497
[DEBUG] rsome15(A,B) :- all15(B,C), no15(D,C) 0.391812865497
[DEBUG] rsome15(A,B) :- some15(C,B), somenot15(C,D) 0.391812865497
[DEBUG] rsome15(A,B) :- some15(C,B), somenot15(D,A) 0.391812865497
[DEBUG] rsome15(A,B) :- somenot15(A,C), no15(B,D) 0.391812865497
[DEBUG] rsome15(A,B) :- somenot15(A,C), no15(D,C) 0.391812865497
[DEBUG] rsome15(A,B) :- all15(C,B), \+somenot15(C,A) 0.379585326954
[DEBUG] rsome15(A,B) :- all15(C,B), \+some15(C,A) 0.347953216374
[DEBUG] rsome15(A,B) :- all15(C,B), \+somenot15(A,C) 0.347953216374
[DEBUG] rsome15(A,B) :- some15(A,C), \+some15(C,B) 0.321187584345
[DEBUG] rsome15(A,B) :- some15(A,C), \+no15(B,C) 0.321187584345
[DEBUG] rsome15(A,B) :- some15(A,C), \+somenot15(B,C) 0.321187584345
[DEBUG] rsome15(A,B) :- no15(C,B), \+all15(C,A) 0.321187584345
[DEBUG] rsome15(A,B) :- no15(C,B), \+somenot15(A,C) 0.321187584345
[DEBUG] rsome15(A,B) :- no15(C,B), \+somenot15(C,A) 0.321187584345
[DEBUG] rsome15(A,B) :- all15(C,B), \+all15(A,C) 0.288676236045
[DEBUG] ==================================
[INFO] RULE LEARNED: rsome15(A,B) :- all15(C,B), all15(A,C) 0.833333333333
