================ SETTINGS ================
               files:	['./Data/Ragni/Class8/cv8_train_8.pl']
             verbose:	3
                   l:	None
                   p:	0.8
           beam_size:	100
                seed:	None
                 log:	./Logs/Ragni/Class8/cv8_rall8.log
              target:	rall8/2
   symmetry_breaking:	False
           probfoil1:	False
================= FINAL THEORY =================
rall8(A,B) :- no8(B,C), all8(A,C)
==================== SCORES ====================
            Accuracy:	 0.918181818182
           Precision:	 0.5
              Recall:	 0.111111111111
================== STATISTICS ==================
    Rule evaluations:	30280
          Total time:	525.6877s
