================ SETTINGS ================
               files:	['./Data/Ragni/Class8/cv8_train_105.pl']
             verbose:	3
                   l:	None
                   p:	0.8
           beam_size:	100
                seed:	None
                 log:	./Logs/Ragni/Class8/cv8_rsomenot105.log
              target:	rsomenot105/2
   symmetry_breaking:	False
           probfoil1:	False
================= FINAL THEORY =================
rsomenot105(A,B) :- all105(C,B), no105(A,C)
==================== SCORES ====================
            Accuracy:	 0.879310344828
           Precision:	 1.0
              Recall:	 0.0666666666667
================== STATISTICS ==================
    Rule evaluations:	35077
          Total time:	550.2682s
