================ SETTINGS ================
               files:	['./Data/Ragni/Class8/cv8_train_14.pl']
             verbose:	3
                   l:	None
                   p:	0.8
           beam_size:	100
                seed:	None
                 log:	./Logs/Ragni/Class8/cv8_rsomenot14.log
              target:	rsomenot14/2
   symmetry_breaking:	False
           probfoil1:	False
================= FINAL THEORY =================
rsomenot14(A,B) :- all14(A,C), some14(C,B)
==================== SCORES ====================
            Accuracy:	 0.946428571429
           Precision:	 0.5
              Recall:	 0.166666666667
================== STATISTICS ==================
    Rule evaluations:	26882
          Total time:	372.4850s
