================ SETTINGS ================
               files:	['./Data/Ragni/Class8/cv8_train_30.pl']
             verbose:	3
                   l:	None
                   p:	0.8
           beam_size:	100
                seed:	None
                 log:	./Logs/Ragni/Class8/cv8_rsome30.log
              target:	rsome30/2
   symmetry_breaking:	False
           probfoil1:	False
================= FINAL THEORY =================
rsome30(A,B) :- some30(C,B), \+some30(C,A), \+somenot30(A,C), \+all30(A,C), \+all30(C,A), \+no30(A,C), \+no30(C,A)
rsome30(A,B) :- somenot30(A,C), \+all30(C,B), \+some30(C,B), \+no30(B,C), \+somenot30(B,C), \+no30(C,B), \+somenot30(C,B)
==================== SCORES ====================
            Accuracy:	 0.783333333333
           Precision:	 1.0
              Recall:	 0.1875
================== STATISTICS ==================
    Rule evaluations:	43679
          Total time:	1491.1217s
