================ SETTINGS ================
               files:	['./Data/Ragni/Class8/cv8_train_46.pl']
             verbose:	3
                   l:	7
                   p:	0.8
           beam_size:	100
                seed:	None
                 log:	./Logs/Ragni/Class8/cv8_rsomenot46.log
              target:	rsomenot46/2
   symmetry_breaking:	False
           probfoil1:	False
================= FINAL THEORY =================
rsomenot46(A,B) :- some46(A,C), some46(C,B)
rsomenot46(A,B) :- all46(A,C), some46(B,C)
==================== SCORES ====================
            Accuracy:	 0.83606557377
           Precision:	 1.0
              Recall:	 0.0909090909091
================== STATISTICS ==================
    Rule evaluations:	66606
          Total time:	705.9787s
