================ SETTINGS ================
               files:	['./Data/Ragni/Class8/cv8_train_23.pl']
             verbose:	3
                   l:	None
                   p:	0.8
           beam_size:	100
                seed:	None
                 log:	./Logs/Ragni/Class8/cv8_rno23.log
              target:	rno23/2
   symmetry_breaking:	False
           probfoil1:	False
================= FINAL THEORY =================
rno23(A,B) :- no23(A,C), \+all23(B,C), \+some23(C,B), \+some23(B,C), \+no23(B,C), \+somenot23(C,B), \+somenot23(B,C)
==================== SCORES ====================
            Accuracy:	 0.967213114754
           Precision:	 1.0
              Recall:	 0.333333333333
================== STATISTICS ==================
    Rule evaluations:	21634
          Total time:	530.0457s
