================ SETTINGS ================
               files:	['./Data/Ragni/Class8/cv8_train_101.pl']
             verbose:	3
                   l:	7
                   p:	0.8
           beam_size:	100
                seed:	None
                 log:	./Logs/Ragni/Class8/cv8_rno101.log
              target:	rno101/2
   symmetry_breaking:	False
           probfoil1:	False
================= FINAL THEORY =================
rno101(A,B) :- no101(A,C), all101(C,B)
==================== SCORES ====================
            Accuracy:	 0.982456140351
           Precision:	 1.0
              Recall:	 0.333333333333
================== STATISTICS ==================
    Rule evaluations:	22043
          Total time:	147.3150s
