================ SETTINGS ================
               files:	['./Data/Ragni/Class8/cv8_train_62.pl']
             verbose:	3
                   l:	None
                   p:	0.8
           beam_size:	100
                seed:	None
                 log:	./Logs/Ragni/Class8/cv8_rsome62.log
              target:	rsome62/2
   symmetry_breaking:	False
           probfoil1:	False
================= FINAL THEORY =================
rsome62(A,B) :- somenot62(B,C), all62(A,C)
rsome62(A,B) :- no62(A,C), all62(C,B)
rsome62(A,B) :- some62(A,C), somenot62(C,B)
rsome62(A,B) :- some62(C,B), no62(C,A)
==================== SCORES ====================
            Accuracy:	 0.844262295082
           Precision:	 1.0
              Recall:	 0.296296296296
================== STATISTICS ==================
    Rule evaluations:	123483
          Total time:	3496.3480s
