================ SETTINGS ================
               files:	['./Data/Ragni/Class8/cv8_train_74.pl']
             verbose:	3
                   l:	None
                   p:	0.8
           beam_size:	100
                seed:	None
                 log:	./Logs/Ragni/Class8/cv8_rall74.log
              target:	rall74/2
   symmetry_breaking:	False
           probfoil1:	False
================= FINAL THEORY =================
rall74(A,B) :- all74(B,C), no74(A,C)
==================== SCORES ====================
            Accuracy:	 0.973684210526
           Precision:	 0.5
              Recall:	 0.333333333333
================== STATISTICS ==================
    Rule evaluations:	35316
          Total time:	425.8259s
