================ SETTINGS ================
               files:	['./Data/Ragni/Class8/cv8_train_20.pl']
             verbose:	3
                   l:	None
                   p:	0.8
           beam_size:	100
                seed:	None
                 log:	./Logs/Ragni/Class8/cv8_rsome20.log
              target:	rsome20/2
   symmetry_breaking:	False
           probfoil1:	False
================= FINAL THEORY =================
rsome20(A,B) :- some20(C,B), \+some20(C,A), \+no20(A,C), \+no20(C,A), \+some20(A,C), \+all20(A,C)
rsome20(A,B) :- some20(B,C), \+all20(C,A), \+no20(A,C), \+no20(C,A), \+somenot20(C,A), \+some20(A,C), \+somenot20(A,C)
rsome20(A,B) :- somenot20(A,C), all20(C,B)
==================== SCORES ====================
            Accuracy:	 0.877192982456
           Precision:	 1.0
              Recall:	 0.363636363636
================== STATISTICS ==================
    Rule evaluations:	64753
          Total time:	4028.6892s
