================ SETTINGS ================
               files:	['./Data/Ragni/Class8/cv8_train_77.pl']
             verbose:	3
                   l:	None
                   p:	0.8
           beam_size:	100
                seed:	None
                 log:	./Logs/Ragni/Class8/cv8_rsome77.log
              target:	rsome77/2
   symmetry_breaking:	False
           probfoil1:	False
================= FINAL THEORY =================
rsome77(A,B) :- all77(A,C), no77(C,B)
==================== SCORES ====================
            Accuracy:	 0.853448275862
           Precision:	 1.0
              Recall:	 0.105263157895
================== STATISTICS ==================
    Rule evaluations:	31288
          Total time:	435.5809s
