================ SETTINGS ================
               files:	['./Data/Ragni/Class8/cv8_train_119.pl']
             verbose:	3
                   l:	None
                   p:	0.8
           beam_size:	100
                seed:	None
                 log:	./Logs/Ragni/Class8/cv8_rsome119.log
              target:	rsome119/2
   symmetry_breaking:	False
           probfoil1:	False
================= FINAL THEORY =================
rsome119(A,B) :- some119(C,B), \+no119(C,A), \+all119(A,C), \+all119(C,A), \+some119(C,A), \+no119(A,C), \+somenot119(C,A)
rsome119(A,B) :- some119(B,C), no119(C,A)
==================== SCORES ====================
            Accuracy:	 0.844827586207
           Precision:	 1.0
              Recall:	 0.181818181818
================== STATISTICS ==================
    Rule evaluations:	71722
          Total time:	1367.3725s
