================ SETTINGS ================
               files:	['./Data/Ragni/Class8/cv8_train_3.pl']
             verbose:	3
                   l:	None
                   p:	0.8
           beam_size:	100
                seed:	None
                 log:	./Logs/Ragni/Class8/cv8_rnvc3.log
              target:	rnvc3/2
   symmetry_breaking:	False
           probfoil1:	False
================= FINAL THEORY =================
rnvc3(A,B) :- no3(A,C), \+all3(B,C), \+some3(C,B)
rnvc3(A,B) :- somenot3(C,A), \+all3(C,B), \+no3(C,B)
rnvc3(A,B) :- some3(A,C), \+all3(C,B), \+no3(B,C), \+somenot3(C,B), \+somenot3(B,C)
rnvc3(A,B) :- somenot3(A,C), \+all3(B,C), \+some3(C,B), \+some3(B,C), \+no3(C,B)
rnvc3(A,B) :- no3(C,A), \+all3(B,C), \+some3(B,C), \+no3(B,C), \+somenot3(B,C)
rnvc3(A,B) :- some3(B,C), \+all3(C,A), \+no3(C,A), \+somenot3(A,C)
==================== SCORES ====================
            Accuracy:	 0.966666666667
           Precision:	 1.0
              Recall:	 0.925925925926
================== STATISTICS ==================
    Rule evaluations:	17803
          Total time:	445.8002s
