================ SETTINGS ================
               files:	['./Data/Ragni/Class8/cv8_train_125.pl']
             verbose:	3
                   l:	None
                   p:	0.8
           beam_size:	100
                seed:	None
                 log:	./Logs/Ragni/Class8/cv8_rsome125.log
              target:	rsome125/2
   symmetry_breaking:	False
           probfoil1:	False
================= FINAL THEORY =================
rsome125(A,B) :- somenot125(C,A), \+somenot125(B,C), \+all125(B,C), \+some125(C,B), \+some125(B,C), \+no125(C,B)
rsome125(A,B) :- some125(A,C), all125(C,B)
==================== SCORES ====================
            Accuracy:	 0.847457627119
           Precision:	 1.0
              Recall:	 0.181818181818
================== STATISTICS ==================
    Rule evaluations:	86428
          Total time:	4393.1738s
