================ SETTINGS ================
               files:	['./Data/Ragni/Class8/cv8_train_31.pl']
             verbose:	3
                   l:	None
                   p:	0.8
           beam_size:	100
                seed:	None
                 log:	./Logs/Ragni/Class8/cv8_rsomenot31.log
              target:	rsomenot31/2
   symmetry_breaking:	False
           probfoil1:	False
================= FINAL THEORY =================
rsomenot31(A,B) :- some31(A,C), somenot31(B,C)
rsomenot31(A,B) :- some31(B,C), all31(C,A)
==================== SCORES ====================
            Accuracy:	 0.898305084746
           Precision:	 1.0
              Recall:	 0.2
================== STATISTICS ==================
    Rule evaluations:	42781
          Total time:	1406.1839s
