================ SETTINGS ================
               files:	['./Data/Ragni/Class8/cv8_train_7.pl']
             verbose:	3
                   l:	None
                   p:	0.8
           beam_size:	100
                seed:	None
                 log:	./Logs/Ragni/Class8/cv8_rall7.log
              target:	rall7/2
   symmetry_breaking:	False
           probfoil1:	False
================= FINAL THEORY =================
rall7(A,B) :- all7(C,A), no7(B,C)
==================== SCORES ====================
            Accuracy:	 0.990909090909
           Precision:	 0.5
              Recall:	 1.0
================== STATISTICS ==================
    Rule evaluations:	13525
          Total time:	219.2929s
