================ SETTINGS ================
               files:	['./Data/Ragni/Class8/cv8_train_38.pl']
             verbose:	3
                   l:	None
                   p:	0.8
           beam_size:	100
                seed:	None
                 log:	./Logs/Ragni/Class8/cv8_rnvc38.log
              target:	rnvc38/2
   symmetry_breaking:	False
           probfoil1:	False
================= FINAL THEORY =================
rnvc38(A,B) :- somenot38(B,C)
rnvc38(A,B) :- somenot38(C,B)
rnvc38(A,B) :- some38(B,C), \+all38(C,A)
rnvc38(A,B) :- some38(C,B), \+all38(A,C)
rnvc38(A,B) :- no38(C,B), \+all38(A,C), \+all38(C,A)
rnvc38(A,B) :- no38(B,C), \+all38(A,C), \+all38(C,A), \+some38(C,A), \+no38(C,A)
rnvc38(A,B) :- all38(B,C), \+all38(C,A), \+some38(A,C), \+some38(C,A), \+no38(A,C), \+no38(C,A)
==================== SCORES ====================
            Accuracy:	 0.966101694915
           Precision:	 1.0
              Recall:	 0.951219512195
================== STATISTICS ==================
    Rule evaluations:	10425
          Total time:	334.0848s
