================ SETTINGS ================
               files:	['./Data/Ragni/Class8/cv8_train_133.pl']
             verbose:	3
                   l:	None
                   p:	0.8
           beam_size:	100
                seed:	None
                 log:	./Logs/Ragni/Class8/cv8_rsome133.log
              target:	rsome133/2
   symmetry_breaking:	False
           probfoil1:	False
================= FINAL THEORY =================
rsome133(A,B) :- all133(C,A), some133(C,B)
==================== SCORES ====================
            Accuracy:	 0.922413793103
           Precision:	 0.5
              Recall:	 0.111111111111
================== STATISTICS ==================
    Rule evaluations:	29970
          Total time:	2459.0005s
