================ SETTINGS ================
               files:	['./Data/Ragni/Class8/cv8_train_121.pl']
             verbose:	3
                   l:	None
                   p:	0.8
           beam_size:	100
                seed:	None
                 log:	./Logs/Ragni/Class8/cv8_rsomenot121.log
              target:	rsomenot121/2
   symmetry_breaking:	False
           probfoil1:	False
================= FINAL THEORY =================
rsomenot121(A,B) :- somenot121(C,B), all121(A,C)
==================== SCORES ====================
            Accuracy:	 0.915254237288
           Precision:	 0.5
              Recall:	 0.1
================== STATISTICS ==================
    Rule evaluations:	31177
          Total time:	399.1066s
