================ SETTINGS ================
               files:	['./Data/Ragni/Class8/cv8_train_130.pl']
             verbose:	3
                   l:	None
                   p:	0.8
           beam_size:	100
                seed:	None
                 log:	./Logs/Ragni/Class8/cv8_rnvc130.log
              target:	rnvc130/2
   symmetry_breaking:	False
           probfoil1:	False
================= FINAL THEORY =================
rnvc130(A,B) :- no130(C,B), \+all130(A,C)
rnvc130(A,B) :- somenot130(C,B), \+all130(A,C)
rnvc130(A,B) :- some130(B,C), \+all130(A,C), \+all130(C,A)
rnvc130(A,B) :- no130(B,C), \+all130(A,C), \+some130(A,C), \+somenot130(A,C)
rnvc130(A,B) :- somenot130(B,C), \+all130(A,C), \+all130(C,A), \+somenot130(C,A)
rnvc130(A,B) :- some130(C,B), \+all130(A,C), \+all130(C,A)
rnvc130(A,B) :- all130(B,C), \+all130(C,A), \+no130(A,C), \+no130(C,A), \+somenot130(A,C), \+somenot130(C,A)
==================== SCORES ====================
            Accuracy:	 0.983050847458
           Precision:	 1.0
              Recall:	 0.971428571429
================== STATISTICS ==================
    Rule evaluations:	8858
          Total time:	144.9066s
