================ SETTINGS ================
               files:	['./Data/Ragni/Class8/cv8_train_24.pl']
             verbose:	3
                   l:	None
                   p:	0.8
           beam_size:	100
                seed:	None
                 log:	./Logs/Ragni/Class8/cv8_rsome24.log
              target:	rsome24/2
   symmetry_breaking:	False
           probfoil1:	False
================= FINAL THEORY =================
rsome24(A,B) :- no24(A,C), \+all24(C,B), \+all24(B,C), \+some24(C,B), \+no24(C,B), \+no24(B,C), \+somenot24(B,C)
==================== SCORES ====================
            Accuracy:	 0.879310344828
           Precision:	 1.0
              Recall:	 0.125
================== STATISTICS ==================
    Rule evaluations:	50007
          Total time:	1849.0895s
