================ SETTINGS ================
               files:	['./Data/Ragni/Class8/cv8_train_26.pl']
             verbose:	3
                   l:	None
                   p:	0.8
           beam_size:	100
                seed:	None
                 log:	./Logs/Ragni/Class8/cv8_rall26.log
              target:	rall26/2
   symmetry_breaking:	False
           probfoil1:	False
================= FINAL THEORY =================
rall26(A,B) :- all26(C,A), no26(B,C)
==================== SCORES ====================
            Accuracy:	 0.973684210526
           Precision:	 0.5
              Recall:	 0.333333333333
================== STATISTICS ==================
    Rule evaluations:	34348
          Total time:	1361.3290s
