================ SETTINGS ================
               files:	['./Data/Ragni/Class8/cv8_train_107.pl']
             verbose:	3
                   l:	None
                   p:	0.8
           beam_size:	100
                seed:	None
                 log:	./Logs/Ragni/Class8/cv8_rsome107.log
              target:	rsome107/2
   symmetry_breaking:	False
           probfoil1:	False
================= FINAL THEORY =================
rsome107(A,B) :- some107(A,C), \+some107(C,B), \+some107(B,C), \+no107(B,C), \+somenot107(B,C), \+all107(B,C), \+all107(C,B)
rsome107(A,B) :- some107(C,A), somenot107(B,C)
==================== SCORES ====================
            Accuracy:	 0.888888888889
           Precision:	 1.0
              Recall:	 0.2
================== STATISTICS ==================
    Rule evaluations:	80649
          Total time:	1261.7340s
