================ SETTINGS ================
               files:	['./Data/Ragni/Class8/cv8_train_102.pl']
             verbose:	3
                   l:	7
                   p:	0.8
           beam_size:	100
                seed:	None
                 log:	./Logs/Ragni/Class8/cv8_rsomenot102.log
              target:	rsomenot102/2
   symmetry_breaking:	False
           probfoil1:	False
================= FINAL THEORY =================
rsomenot102(A,B) :- all102(C,A), somenot102(B,C)
==================== SCORES ====================
            Accuracy:	 0.923728813559
           Precision:	 1.0
              Recall:	 0.1
================== STATISTICS ==================
    Rule evaluations:	27916
          Total time:	271.2921s
