================ SETTINGS ================
               files:	['./Data/Ragni/Class8/cv8_train_91.pl']
             verbose:	3
                   l:	None
                   p:	0.8
           beam_size:	100
                seed:	None
                 log:	./Logs/Ragni/Class8/cv8_rsomenot91.log
              target:	rsomenot91/2
   symmetry_breaking:	False
           probfoil1:	False
================= FINAL THEORY =================
rsomenot91(A,B) :- all91(C,A), somenot91(C,B)
rsomenot91(A,B) :- somenot91(B,C), no91(C,A)
rsomenot91(A,B) :- no91(B,C), somenot91(C,A)
==================== SCORES ====================
            Accuracy:	 0.872881355932
           Precision:	 1.0
              Recall:	 0.25
================== STATISTICS ==================
    Rule evaluations:	62737
          Total time:	2720.0519s
