================ SETTINGS ================
               files:	['./Data/Ragni/Class8/cv8_train_105.pl']
             verbose:	3
                   l:	None
                   p:	0.8
           beam_size:	100
                seed:	None
                 log:	./Logs/Ragni/Class8/cv8_rall105.log
              target:	rall105/2
   symmetry_breaking:	False
           probfoil1:	False
================= FINAL THEORY =================
rall105(A,B) :- no105(C,A), all105(B,C)
==================== SCORES ====================
            Accuracy:	 0.974137931034
           Precision:	 1.0
              Recall:	 0.25
================== STATISTICS ==================
    Rule evaluations:	14746
          Total time:	198.7169s
