================ SETTINGS ================
               files:	['./Data/Ragni/Class8/cv8_train_96.pl']
             verbose:	3
                   l:	None
                   p:	0.8
           beam_size:	100
                seed:	None
                 log:	./Logs/Ragni/Class8/cv8_rsomenot96.log
              target:	rsomenot96/2
   symmetry_breaking:	False
           probfoil1:	False
================= FINAL THEORY =================
rsomenot96(A,B) :- some96(C,A), all96(C,B)
==================== SCORES ====================
            Accuracy:	 0.921052631579
           Precision:	 0.5
              Recall:	 0.111111111111
================== STATISTICS ==================
    Rule evaluations:	30006
          Total time:	1577.1720s
