================ SETTINGS ================
               files:	['./Data/Ragni/Class8/cv8_train_35.pl']
             verbose:	3
                   l:	None
                   p:	0.8
           beam_size:	100
                seed:	None
                 log:	./Logs/Ragni/Class8/cv8_rsome35.log
              target:	rsome35/2
   symmetry_breaking:	False
           probfoil1:	False
================= FINAL THEORY =================
rsome35(A,B) :- some35(C,B), all35(A,C)
==================== SCORES ====================
            Accuracy:	 0.940677966102
           Precision:	 1.0
              Recall:	 0.125
================== STATISTICS ==================
    Rule evaluations:	26331
          Total time:	948.9175s
