================ SETTINGS ================
               files:	['./Data/Ragni/Class8/cv8_train_51.pl']
             verbose:	3
                   l:	None
                   p:	0.8
           beam_size:	100
                seed:	None
                 log:	./Logs/Ragni/Class8/cv8_rsomenot51.log
              target:	rsomenot51/2
   symmetry_breaking:	False
           probfoil1:	False
================= FINAL THEORY =================
rsomenot51(A,B) :- some51(C,A), no51(C,B)
==================== SCORES ====================
            Accuracy:	 0.818965517241
           Precision:	 1.0
              Recall:	 0.0454545454545
================== STATISTICS ==================
    Rule evaluations:	64908
          Total time:	924.8755s
