================ SETTINGS ================
               files:	['./Data/Ragni/Class8/cv8_train_20.pl']
             verbose:	3
                   l:	None
                   p:	0.8
           beam_size:	100
                seed:	None
                 log:	./Logs/Ragni/Class8/cv8_rnvc20.log
              target:	rnvc20/2
   symmetry_breaking:	False
           probfoil1:	False
================= FINAL THEORY =================
rnvc20(A,B) :- no20(B,C), \+all20(A,C), \+some20(A,C), \+some20(C,A), \+no20(C,A), \+somenot20(C,A)
rnvc20(A,B) :- all20(A,C), all20(B,C)
rnvc20(A,B) :- some20(C,B), some20(C,A)
rnvc20(A,B) :- no20(C,B), no20(C,A)
rnvc20(A,B) :- somenot20(C,A), somenot20(C,B)
==================== SCORES ====================
            Accuracy:	 1.0
           Precision:	 1.0
              Recall:	 1.0
================== STATISTICS ==================
    Rule evaluations:	3514
          Total time:	67.8439s
