================ SETTINGS ================
               files:	['./Data/Ragni/Class8/cv8_train_66.pl']
             verbose:	3
                   l:	None
                   p:	0.8
           beam_size:	100
                seed:	None
                 log:	./Logs/Ragni/Class8/cv8_rsome66.log
              target:	rsome66/2
   symmetry_breaking:	False
           probfoil1:	False
================= FINAL THEORY =================
rsome66(A,B) :- some66(C,B), all66(A,C)
==================== SCORES ====================
            Accuracy:	 0.910714285714
           Precision:	 0.5
              Recall:	 0.1
================== STATISTICS ==================
    Rule evaluations:	30718
          Total time:	338.1081s
