================ SETTINGS ================
               files:	['./Data/Ragni/Class8/cv8_train_12.pl']
             verbose:	3
                   l:	None
                   p:	0.8
           beam_size:	100
                seed:	None
                 log:	./Logs/Ragni/Class8/cv8_rsome12.log
              target:	rsome12/2
   symmetry_breaking:	False
           probfoil1:	False
================= FINAL THEORY =================
rsome12(A,B) :- somenot12(A,C), \+all12(C,B), \+all12(B,C), \+no12(C,B), \+no12(B,C), \+somenot12(B,C), \+some12(C,B)
rsome12(A,B) :- somenot12(C,A), all12(C,B)
==================== SCORES ====================
            Accuracy:	 0.915254237288
           Precision:	 1.0
              Recall:	 0.285714285714
================== STATISTICS ==================
    Rule evaluations:	74437
          Total time:	1625.3008s
