================ SETTINGS ================
               files:	['./Data/Ragni/Class8/cv8_train_22.pl']
             verbose:	3
                   l:	None
                   p:	0.8
           beam_size:	100
                seed:	None
                 log:	./Logs/Ragni/Class8/cv8_rno22.log
              target:	rno22/2
   symmetry_breaking:	False
           probfoil1:	False
================= FINAL THEORY =================
rno22(A,B) :- no22(C,A), some22(B,C)
rno22(A,B) :- somenot22(B,C), all22(A,C)
==================== SCORES ====================
            Accuracy:	 0.981132075472
           Precision:	 1.0
              Recall:	 0.5
================== STATISTICS ==================
    Rule evaluations:	37011
          Total time:	719.9442s
