================ SETTINGS ================
               files:	['./Data/Ragni/Class8/cv8_train_136.pl']
             verbose:	3
                   l:	None
                   p:	0.8
           beam_size:	100
                seed:	None
                 log:	./Logs/Ragni/Class8/cv8_rno136.log
              target:	rno136/2
   symmetry_breaking:	False
           probfoil1:	False
================= FINAL THEORY =================
rno136(A,B) :- no136(B,C), all136(A,C)
==================== SCORES ====================
            Accuracy:	 0.974137931034
           Precision:	 1.0
              Recall:	 0.25
================== STATISTICS ==================
    Rule evaluations:	13438
          Total time:	604.5197s
