================ SETTINGS ================
               files:	['./Data/Ragni/Class8/cv8_train_91.pl']
             verbose:	3
                   l:	None
                   p:	0.8
           beam_size:	100
                seed:	None
                 log:	./Logs/Ragni/Class8/cv8_rsome91.log
              target:	rsome91/2
   symmetry_breaking:	False
           probfoil1:	False
================= FINAL THEORY =================
rsome91(A,B) :- all91(B,C), some91(A,C)
==================== SCORES ====================
            Accuracy:	 0.932203389831
           Precision:	 1.0
              Recall:	 0.111111111111
================== STATISTICS ==================
    Rule evaluations:	27733
          Total time:	497.9780s
