================ SETTINGS ================
               files:	['./Data/Ragni/Class8/cv8_train_87.pl']
             verbose:	3
                   l:	7
                   p:	0.8
           beam_size:	100
                seed:	None
                 log:	./Logs/Ragni/Class8/cv8_rall87.log
              target:	rall87/2
   symmetry_breaking:	False
           probfoil1:	False
================= FINAL THEORY =================
rall87(A,B) :- all87(A,C), no87(B,C)
==================== SCORES ====================
            Accuracy:	 0.984126984127
           Precision:	 0.5
              Recall:	 0.5
================== STATISTICS ==================
    Rule evaluations:	35070
          Total time:	230.1810s
