================ SETTINGS ================
               files:	['./Data/Ragni/Class8/cv8_train_37.pl']
             verbose:	3
                   l:	None
                   p:	0.8
           beam_size:	100
                seed:	None
                 log:	./Logs/Ragni/Class8/cv8_rno37.log
              target:	rno37/2
   symmetry_breaking:	False
           probfoil1:	False
================= FINAL THEORY =================
rno37(A,B) :- all37(B,C), all37(C,A)
==================== SCORES ====================
            Accuracy:	 0.967213114754
           Precision:	 0.5
              Recall:	 0.25
================== STATISTICS ==================
    Rule evaluations:	22718
          Total time:	462.5074s
