================ SETTINGS ================
               files:	['./Data/Ragni/Class8/cv8_train_94.pl']
             verbose:	3
                   l:	None
                   p:	0.8
           beam_size:	100
                seed:	None
                 log:	./Logs/Ragni/Class8/cv8_rno94.log
              target:	rno94/2
   symmetry_breaking:	False
           probfoil1:	False
================= FINAL THEORY =================
rno94(A,B) :- no94(A,C), \+some94(C,B), \+somenot94(B,C), \+all94(C,B)
==================== SCORES ====================
            Accuracy:	 0.931034482759
           Precision:	 0.5
              Recall:	 0.625
================== STATISTICS ==================
    Rule evaluations:	56759
          Total time:	2242.9735s
