================ SETTINGS ================
               files:	['./Data/Ragni/Class8/cv8_train_112.pl']
             verbose:	3
                   l:	None
                   p:	0.8
           beam_size:	100
                seed:	None
                 log:	./Logs/Ragni/Class8/cv8_rall112.log
              target:	rall112/2
   symmetry_breaking:	False
           probfoil1:	False
================= FINAL THEORY =================
rall112(A,B) :- all112(A,C), all112(C,B)
==================== SCORES ====================
            Accuracy:	 0.98275862069
           Precision:	 1.0
              Recall:	 0.333333333333
================== STATISTICS ==================
    Rule evaluations:	24663
          Total time:	275.9241s
