================ SETTINGS ================
               files:	['./Data/Ragni/Class8/cv8_train_87.pl']
             verbose:	3
                   l:	7
                   p:	0.8
           beam_size:	100
                seed:	None
                 log:	./Logs/Ragni/Class8/cv8_rsome87.log
              target:	rsome87/2
   symmetry_breaking:	False
           probfoil1:	False
================= FINAL THEORY =================
rsome87(A,B) :- all87(C,B), all87(A,C)
==================== SCORES ====================
            Accuracy:	 0.944444444444
           Precision:	 0.5
              Recall:	 0.142857142857
================== STATISTICS ==================
    Rule evaluations:	28452
          Total time:	199.4716s
