================ SETTINGS ================
               files:	['./Data/Ragni/Class8/cv8_train_82.pl']
             verbose:	3
                   l:	None
                   p:	0.8
           beam_size:	100
                seed:	None
                 log:	./Logs/Ragni/Class8/cv8_rno82.log
              target:	rno82/2
   symmetry_breaking:	False
           probfoil1:	False
================= FINAL THEORY =================
rno82(A,B) :- no82(A,C), all82(C,B)
==================== SCORES ====================
            Accuracy:	 0.933333333333
           Precision:	 0.5
              Recall:	 0.125
================== STATISTICS ==================
    Rule evaluations:	29216
          Total time:	624.0993s
