================ SETTINGS ================
               files:	['./Data/Ragni/Class8/cv8_train_111.pl']
             verbose:	3
                   l:	None
                   p:	0.8
           beam_size:	100
                seed:	None
                 log:	./Logs/Ragni/Class8/cv8_rall111.log
              target:	rall111/2
   symmetry_breaking:	False
           probfoil1:	False
================= FINAL THEORY =================
rall111(A,B) :- all111(A,C), no111(B,C)
==================== SCORES ====================
            Accuracy:	 0.981481481481
           Precision:	 0.5
              Recall:	 0.5
================== STATISTICS ==================
    Rule evaluations:	35631
          Total time:	335.4156s
