================ SETTINGS ================
               files:	['./Data/Ragni/Class8/cv8_train_95.pl']
             verbose:	3
                   l:	7
                   p:	0.8
           beam_size:	100
                seed:	None
                 log:	./Logs/Ragni/Class8/cv8_rsome95.log
              target:	rsome95/2
   symmetry_breaking:	False
           probfoil1:	False
================= FINAL THEORY =================
rsome95(A,B) :- somenot95(C,A), some95(B,C)
rsome95(A,B) :- all95(B,C), some95(C,A)
rsome95(A,B) :- some95(C,B), all95(C,A)
==================== SCORES ====================
            Accuracy:	 0.922413793103
           Precision:	 1.0
              Recall:	 0.25
================== STATISTICS ==================
    Rule evaluations:	65265
          Total time:	778.9348s
