================ SETTINGS ================
               files:	['./Data/Ragni/Class8/cv8_train_32.pl']
             verbose:	3
                   l:	None
                   p:	0.8
           beam_size:	100
                seed:	None
                 log:	./Logs/Ragni/Class8/cv8_rsomenot32.log
              target:	rsomenot32/2
   symmetry_breaking:	False
           probfoil1:	False
================= FINAL THEORY =================
rsomenot32(A,B) :- somenot32(B,C), some32(C,A)
==================== SCORES ====================
            Accuracy:	 0.90350877193
           Precision:	 1.0
              Recall:	 0.0833333333333
================== STATISTICS ==================
    Rule evaluations:	30921
          Total time:	904.4176s
