================ SETTINGS ================
               files:	['./Data/Ragni/Class8/cv8_train_73.pl']
             verbose:	3
                   l:	None
                   p:	0.8
           beam_size:	100
                seed:	None
                 log:	./Logs/Ragni/Class8/cv8_rno73.log
              target:	rno73/2
   symmetry_breaking:	False
           probfoil1:	False
================= FINAL THEORY =================
rno73(A,B) :- all73(B,C), all73(C,A)
==================== SCORES ====================
            Accuracy:	 0.991379310345
           Precision:	 1.0
              Recall:	 0.5
================== STATISTICS ==================
    Rule evaluations:	14214
          Total time:	194.3733s
