================ SETTINGS ================
               files:	['./Data/Ragni/Class8/cv8_train_44.pl']
             verbose:	3
                   l:	7
                   p:	0.8
           beam_size:	100
                seed:	None
                 log:	./Logs/Ragni/Class8/cv8_rsomenot44.log
              target:	rsomenot44/2
   symmetry_breaking:	False
           probfoil1:	False
================= FINAL THEORY =================
rsomenot44(A,B) :- some44(B,C), \+all44(A,C), \+some44(A,C), \+some44(C,A), \+somenot44(C,A), \+no44(C,A)
rsomenot44(A,B) :- all44(C,B), \+all44(A,C), \+some44(C,A), \+no44(C,A), \+somenot44(A,C), \+some44(A,C)
==================== SCORES ====================
            Accuracy:	 0.891666666667
           Precision:	 0.875
              Recall:	 0.368421052632
================== STATISTICS ==================
    Rule evaluations:	42834
          Total time:	502.2911s
