================ SETTINGS ================
               files:	['./Data/Ragni/Class8/cv8_train_118.pl']
             verbose:	3
                   l:	None
                   p:	0.8
           beam_size:	100
                seed:	None
                 log:	./Logs/Ragni/Class8/cv8_rno118.log
              target:	rno118/2
   symmetry_breaking:	False
           probfoil1:	False
================= FINAL THEORY =================
rno118(A,B) :- no118(A,C), all118(C,B)
==================== SCORES ====================
            Accuracy:	 0.959677419355
           Precision:	 0.5
              Recall:	 0.2
================== STATISTICS ==================
    Rule evaluations:	24651
          Total time:	330.2969s
