================ SETTINGS ================
               files:	['./Data/Ragni/Class8/cv8_train_24.pl']
             verbose:	3
                   l:	None
                   p:	0.8
           beam_size:	100
                seed:	None
                 log:	./Logs/Ragni/Class8/cv8_rsomenot24.log
              target:	rsomenot24/2
   symmetry_breaking:	False
           probfoil1:	False
================= FINAL THEORY =================
rsomenot24(A,B) :- somenot24(A,C), no24(C,B)
==================== SCORES ====================
            Accuracy:	 0.879310344828
           Precision:	 1.0
              Recall:	 0.0666666666667
================== STATISTICS ==================
    Rule evaluations:	35285
          Total time:	796.7127s
