================ SETTINGS ================
               files:	['./Data/Ragni/Class8/cv8_train_109.pl']
             verbose:	3
                   l:	None
                   p:	0.8
           beam_size:	100
                seed:	None
                 log:	./Logs/Ragni/Class8/cv8_rall109.log
              target:	rall109/2
   symmetry_breaking:	False
           probfoil1:	False
================= FINAL THEORY =================
rall109(A,B) :- no109(C,A), some109(C,B)
==================== SCORES ====================
            Accuracy:	 0.891666666667
           Precision:	 1.0
              Recall:	 0.0714285714286
================== STATISTICS ==================
    Rule evaluations:	32576
          Total time:	521.2215s
