================ SETTINGS ================
               files:	['./Data/Ragni/Class8/cv8_train_43.pl']
             verbose:	3
                   l:	None
                   p:	0.8
           beam_size:	100
                seed:	None
                 log:	./Logs/Ragni/Class8/cv8_rno43.log
              target:	rno43/2
   symmetry_breaking:	False
           probfoil1:	False
================= FINAL THEORY =================
rno43(A,B) :- no43(A,C), no43(C,B)
==================== SCORES ====================
            Accuracy:	 0.946428571429
           Precision:	 1.0
              Recall:	 0.25
================== STATISTICS ==================
    Rule evaluations:	19042
          Total time:	782.6364s
