================ SETTINGS ================
               files:	['./Data/Ragni/Class8/cv8_train_47.pl']
             verbose:	3
                   l:	7
                   p:	0.8
           beam_size:	100
                seed:	None
                 log:	./Logs/Ragni/Class8/cv8_rsome47.log
              target:	rsome47/2
   symmetry_breaking:	False
           probfoil1:	False
================= FINAL THEORY =================
rsome47(A,B) :- some47(C,B), no47(C,A)
==================== SCORES ====================
            Accuracy:	 0.898305084746
           Precision:	 1.0
              Recall:	 0.0769230769231
================== STATISTICS ==================
    Rule evaluations:	40394
          Total time:	352.7536s
