================ SETTINGS ================
               files:	['./Data/Ragni/Class8/cv8_train_123.pl']
             verbose:	3
                   l:	None
                   p:	0.8
           beam_size:	100
                seed:	None
                 log:	./Logs/Ragni/Class8/cv8_rall123.log
              target:	rall123/2
   symmetry_breaking:	False
           probfoil1:	False
================= FINAL THEORY =================
rall123(A,B) :- some123(A,C), all123(B,C)
==================== SCORES ====================
            Accuracy:	 0.94262295082
           Precision:	 0.5
              Recall:	 0.142857142857
================== STATISTICS ==================
    Rule evaluations:	27591
          Total time:	407.4071s
