================ SETTINGS ================
               files:	['./Data/Ragni/Class8/cv8_train_68.pl']
             verbose:	3
                   l:	None
                   p:	0.8
           beam_size:	100
                seed:	None
                 log:	./Logs/Ragni/Class8/cv8_rall68.log
              target:	rall68/2
   symmetry_breaking:	False
           probfoil1:	False
================= FINAL THEORY =================
rall68(A,B) :- all68(A,C), all68(C,B)
==================== SCORES ====================
            Accuracy:	 0.966101694915
           Precision:	 0.5
              Recall:	 0.25
================== STATISTICS ==================
    Rule evaluations:	22718
          Total time:	363.7162s
