================ SETTINGS ================
               files:	['./Data/Ragni/Class8/cv8_train_74.pl']
             verbose:	3
                   l:	None
                   p:	0.8
           beam_size:	100
                seed:	None
                 log:	./Logs/Ragni/Class8/cv8_rnvc74.log
              target:	rnvc74/2
   symmetry_breaking:	False
           probfoil1:	False
================= FINAL THEORY =================
rnvc74(A,B) :- somenot74(B,C), \+all74(A,C)
rnvc74(A,B) :- no74(B,C), \+all74(A,C), \+some74(A,C)
rnvc74(A,B) :- somenot74(C,B), \+all74(A,C), \+all74(C,A)
rnvc74(A,B) :- some74(B,C), \+all74(C,A), \+no74(A,C), \+no74(C,A)
rnvc74(A,B) :- some74(C,B), \+all74(A,C), \+all74(C,A), \+no74(C,A)
rnvc74(A,B) :- no74(C,B), \+all74(A,C), \+all74(C,A), \+some74(A,C), \+some74(C,A), \+somenot74(A,C)
rnvc74(A,B) :- all74(B,C), \+all74(C,A), \+some74(C,A), \+no74(A,C), \+no74(C,A), \+somenot74(A,C), \+somenot74(C,A)
==================== SCORES ====================
            Accuracy:	 0.982456140351
           Precision:	 1.0
              Recall:	 0.967741935484
================== STATISTICS ==================
    Rule evaluations:	14939
          Total time:	250.9791s
