================ SETTINGS ================
               files:	['./Data/Ragni/Class8/cv8_train_56.pl']
             verbose:	3
                   l:	7
                   p:	0.8
           beam_size:	100
                seed:	None
                 log:	./Logs/Ragni/Class8/cv8_rsome56.log
              target:	rsome56/2
   symmetry_breaking:	False
           probfoil1:	False
================= FINAL THEORY =================
rsome56(A,B) :- all56(A,C), some56(B,C)
rsome56(A,B) :- somenot56(A,C), \+no56(B,C), \+some56(C,B), \+some56(B,C), \+no56(C,B), \+somenot56(C,B)
rsome56(A,B) :- somenot56(C,B), no56(A,C)
==================== SCORES ====================
            Accuracy:	 0.85
           Precision:	 0.857142857143
              Recall:	 0.260869565217
================== STATISTICS ==================
    Rule evaluations:	66437
          Total time:	851.4823s
