================ SETTINGS ================
               files:	['./Data/Ragni/Class8/cv8_train_4.pl']
             verbose:	3
                   l:	None
                   p:	0.8
           beam_size:	100
                seed:	None
                 log:	./Logs/Ragni/Class8/cv8_rno4.log
              target:	rno4/2
   symmetry_breaking:	False
           probfoil1:	False
================= FINAL THEORY =================
rno4(A,B) :- some4(A,C), somenot4(C,B)
==================== SCORES ====================
            Accuracy:	 0.901785714286
           Precision:	 1.0
              Recall:	 0.0833333333333
================== STATISTICS ==================
    Rule evaluations:	52788
          Total time:	1210.9199s
