================ SETTINGS ================
               files:	['./Data/Ragni/Class8/cv8_train_1.pl']
             verbose:	3
                   l:	None
                   p:	0.8
           beam_size:	100
                seed:	None
                 log:	./Logs/Ragni/Class8/cv8_rno1.log
              target:	rno1/2
   symmetry_breaking:	False
           probfoil1:	False
================= FINAL THEORY =================
rno1(A,B) :- no1(C,B), all1(C,A)
rno1(A,B) :- no1(A,C), all1(C,B)
==================== SCORES ====================
            Accuracy:	 0.983050847458
           Precision:	 1.0
              Recall:	 0.5
================== STATISTICS ==================
    Rule evaluations:	28441
          Total time:	1211.0470s
