================ SETTINGS ================
               files:	['./Data/Ragni/Class8/cv8_train_133.pl']
             verbose:	3
                   l:	None
                   p:	0.8
           beam_size:	100
                seed:	None
                 log:	./Logs/Ragni/Class8/cv8_rno133.log
              target:	rno133/2
   symmetry_breaking:	False
           probfoil1:	False
================= FINAL THEORY =================
rno133(A,B) :- all133(A,C), no133(C,B)
==================== SCORES ====================
            Accuracy:	 0.991379310345
           Precision:	 0.5
              Recall:	 1.0
================== STATISTICS ==================
    Rule evaluations:	13525
          Total time:	467.2234s
