================ SETTINGS ================
               files:	['./Data/Ragni/Class8/cv8_train_29.pl']
             verbose:	3
                   l:	None
                   p:	0.8
           beam_size:	100
                seed:	None
                 log:	./Logs/Ragni/Class8/cv8_rsomenot29.log
              target:	rsomenot29/2
   symmetry_breaking:	False
           probfoil1:	False
================= FINAL THEORY =================
rsomenot29(A,B) :- somenot29(C,B), \+no29(A,C), \+somenot29(A,C), \+somenot29(C,A), \+no29(C,A), \+all29(A,C), \+all29(C,A)
rsomenot29(A,B) :- somenot29(B,C), no29(A,C)
rsomenot29(A,B) :- all29(C,B), some29(A,C)
==================== SCORES ====================
            Accuracy:	 0.805084745763
           Precision:	 1.0
              Recall:	 0.233333333333
================== STATISTICS ==================
    Rule evaluations:	62232
          Total time:	2518.4334s
