================ SETTINGS ================
               files:	['./Data/Ragni/Class8/cv8_train_11.pl']
             verbose:	3
                   l:	None
                   p:	0.8
           beam_size:	100
                seed:	None
                 log:	./Logs/Ragni/Class8/cv8_rall11.log
              target:	rall11/2
   symmetry_breaking:	False
           probfoil1:	False
================= FINAL THEORY =================
rall11(A,B) :- no11(A,C), all11(C,B)
rall11(A,B) :- no11(C,B), all11(C,A)
rall11(A,B) :- no11(B,C), somenot11(C,A)
==================== SCORES ====================
            Accuracy:	 0.929824561404
           Precision:	 1.0
              Recall:	 0.333333333333
================== STATISTICS ==================
    Rule evaluations:	45685
          Total time:	1574.5540s
