================ SETTINGS ================
               files:	['./Data/Ragni/Class8/cv8_train_137.pl']
             verbose:	3
                   l:	None
                   p:	0.8
           beam_size:	100
                seed:	None
                 log:	./Logs/Ragni/Class8/cv8_rsome137.log
              target:	rsome137/2
   symmetry_breaking:	False
           probfoil1:	False
================= FINAL THEORY =================
rsome137(A,B) :- all137(C,B), somenot137(C,A)
rsome137(A,B) :- some137(C,B), all137(C,A)
==================== SCORES ====================
            Accuracy:	 0.915254237288
           Precision:	 1.0
              Recall:	 0.230769230769
================== STATISTICS ==================
    Rule evaluations:	41942
          Total time:	1129.0980s
