================ SETTINGS ================
               files:	['./Data/Ragni/Class8/cv8_train_80.pl']
             verbose:	3
                   l:	7
                   p:	0.8
           beam_size:	100
                seed:	None
                 log:	./Logs/Ragni/Class8/cv8_rsome80.log
              target:	rsome80/2
   symmetry_breaking:	False
           probfoil1:	False
================= FINAL THEORY =================
rsome80(A,B) :- some80(B,C), \+all80(C,A), \+some80(C,A), \+no80(A,C), \+some80(A,C)
rsome80(A,B) :- no80(C,A), \+all80(C,B), \+all80(B,C), \+some80(C,B), \+no80(C,B), \+no80(B,C)
rsome80(A,B) :- somenot80(C,A), somenot80(B,C)
==================== SCORES ====================
            Accuracy:	 0.823529411765
           Precision:	 1.0
              Recall:	 0.307692307692
================== STATISTICS ==================
    Rule evaluations:	55713
          Total time:	628.1448s
