================ SETTINGS ================
               files:	['./Data/Ragni/Class8/cv8_train_110.pl']
             verbose:	3
                   l:	None
                   p:	0.8
           beam_size:	100
                seed:	None
                 log:	./Logs/Ragni/Class8/cv8_rnvc110.log
              target:	rnvc110/2
   symmetry_breaking:	False
           probfoil1:	False
================= FINAL THEORY =================
rnvc110(A,B) :- somenot110(B,C), \+all110(A,C)
rnvc110(A,B) :- somenot110(C,A), \+all110(B,C), \+some110(B,C)
rnvc110(A,B) :- somenot110(C,B), \+all110(C,A), \+some110(A,C)
rnvc110(A,B) :- somenot110(A,C), \+all110(B,C), \+no110(C,B), \+no110(B,C)
rnvc110(A,B) :- no110(C,A), \+all110(C,B), \+all110(B,C), \+some110(B,C)
rnvc110(A,B) :- all110(C,A), \+some110(C,B), \+some110(B,C), \+no110(B,C), \+somenot110(C,B)
rnvc110(A,B) :- no110(A,C), \+all110(C,B), \+all110(B,C), \+some110(C,B), \+some110(B,C)
rnvc110(A,B) :- all110(A,C), \+all110(C,B), \+some110(C,B), \+no110(C,B), \+no110(B,C), \+somenot110(B,C)
rnvc110(A,B) :- some110(A,C), \+all110(C,B), \+all110(B,C), \+no110(C,B), \+no110(B,C), \+somenot110(C,B)
==================== SCORES ====================
            Accuracy:	 1.0
           Precision:	 1.0
              Recall:	 1.0
================== STATISTICS ==================
    Rule evaluations:	28744
          Total time:	555.6884s
