================ SETTINGS ================
               files:	['./Data/Ragni/Class8/cv8_train_104.pl']
             verbose:	3
                   l:	None
                   p:	0.8
           beam_size:	100
                seed:	None
                 log:	./Logs/Ragni/Class8/cv8_rsomenot104.log
              target:	rsomenot104/2
   symmetry_breaking:	False
           probfoil1:	False
================= FINAL THEORY =================
rsomenot104(A,B) :- somenot104(C,A), somenot104(B,C)
==================== SCORES ====================
            Accuracy:	 0.887931034483
           Precision:	 1.0
              Recall:	 0.0714285714286
================== STATISTICS ==================
    Rule evaluations:	64032
          Total time:	840.2205s
