================ SETTINGS ================
               files:	['./Data/Ragni/Class8/cv8_train_56.pl']
             verbose:	3
                   l:	None
                   p:	0.8
           beam_size:	100
                seed:	None
                 log:	./Logs/Ragni/Class8/cv8_rnvc56.log
              target:	rnvc56/2
   symmetry_breaking:	False
           probfoil1:	False
================= FINAL THEORY =================
rnvc56(A,B) :- no56(B,C), somenot56(A,C)
rnvc56(A,B) :- somenot56(C,A), all56(B,C)
==================== SCORES ====================
            Accuracy:	 1.0
           Precision:	 1.0
              Recall:	 1.0
================== STATISTICS ==================
    Rule evaluations:	530
          Total time:	24.0092s
