================ SETTINGS ================
               files:	['./Data/Ragni/Class8/cv8_train_17.pl']
             verbose:	3
                   l:	None
                   p:	0.8
           beam_size:	100
                seed:	None
                 log:	./Logs/Ragni/Class8/cv8_rno17.log
              target:	rno17/2
   symmetry_breaking:	False
           probfoil1:	False
================= FINAL THEORY =================
rno17(A,B) :- all17(C,A), all17(B,C)
==================== SCORES ====================
            Accuracy:	 0.975
           Precision:	 0.5
              Recall:	 0.333333333333
================== STATISTICS ==================
    Rule evaluations:	27771
          Total time:	263.5208s
