================ SETTINGS ================
               files:	['./Data/Ragni/Class8/cv8_train_22.pl']
             verbose:	3
                   l:	None
                   p:	0.8
           beam_size:	100
                seed:	None
                 log:	./Logs/Ragni/Class8/cv8_rsome22.log
              target:	rsome22/2
   symmetry_breaking:	False
           probfoil1:	False
================= FINAL THEORY =================
rsome22(A,B) :- some22(C,A), all22(B,C)
rsome22(A,B) :- some22(C,B), somenot22(A,C)
==================== SCORES ====================
            Accuracy:	 0.877358490566
           Precision:	 1.0
              Recall:	 0.133333333333
================== STATISTICS ==================
    Rule evaluations:	77932
          Total time:	4050.4787s
