================ SETTINGS ================
               files:	['./Data/Ragni/Class8/cv8_train_4.pl']
             verbose:	3
                   l:	None
                   p:	0.8
           beam_size:	100
                seed:	None
                 log:	./Logs/Ragni/Class8/cv8_rsomenot4.log
              target:	rsomenot4/2
   symmetry_breaking:	False
           probfoil1:	False
================= FINAL THEORY =================
rsomenot4(A,B) :- some4(A,C), all4(C,B)
==================== SCORES ====================
            Accuracy:	 0.857142857143
           Precision:	 1.0
              Recall:	 0.0588235294118
================== STATISTICS ==================
    Rule evaluations:	53522
          Total time:	1198.9824s
