================ SETTINGS ================
               files:	['./Data/Ragni/Class8/cv8_train_117.pl']
             verbose:	3
                   l:	None
                   p:	0.8
           beam_size:	100
                seed:	None
                 log:	./Logs/Ragni/Class8/cv8_rsome117.log
              target:	rsome117/2
   symmetry_breaking:	False
           probfoil1:	False
================= FINAL THEORY =================
rsome117(A,B) :- some117(C,A), \+all117(B,C), \+some117(C,B), \+no117(C,B), \+somenot117(B,C), \+some117(B,C)
rsome117(A,B) :- some117(B,C), somenot117(C,A)
rsome117(A,B) :- somenot117(A,C), no117(C,B)
==================== SCORES ====================
            Accuracy:	 0.810344827586
           Precision:	 1.0
              Recall:	 0.214285714286
================== STATISTICS ==================
    Rule evaluations:	107089
          Total time:	2373.2580s
