================ SETTINGS ================
               files:	['./Data/Ragni/Class8/cv8_train_107.pl']
             verbose:	3
                   l:	None
                   p:	0.8
           beam_size:	100
                seed:	None
                 log:	./Logs/Ragni/Class8/cv8_rsomenot107.log
              target:	rsomenot107/2
   symmetry_breaking:	False
           probfoil1:	False
================= FINAL THEORY =================
rsomenot107(A,B) :- all107(B,C), some107(A,C)
==================== SCORES ====================
            Accuracy:	 0.898148148148
           Precision:	 1.0
              Recall:	 0.0833333333333
================== STATISTICS ==================
    Rule evaluations:	32456
          Total time:	508.3873s
