================ SETTINGS ================
               files:	['./Data/Ragni/Class4/cv4_train_76.pl']
             verbose:	3
                   l:	None
                   p:	0.8
           beam_size:	100
                seed:	None
                 log:	./Logs/Ragni/Class4/cv4_rsomenot76.log
              target:	rsomenot76/2
   symmetry_breaking:	False
           probfoil1:	False
================= FINAL THEORY =================
rsomenot76(A,B) :- somenot76(A,C), somenot76(C,B)
rsomenot76(A,B) :- some76(C,A), no76(B,C)
==================== SCORES ====================
            Accuracy:	 0.875
           Precision:	 1.0
              Recall:	 0.133333333333
================== STATISTICS ==================
    Rule evaluations:	57367
          Total time:	2594.5161s
