================ SETTINGS ================
               files:	['./Data/Ragni/Class4/cv4_train_27.pl']
             verbose:	3
                   l:	None
                   p:	0.8
           beam_size:	100
                seed:	None
                 log:	./Logs/Ragni/Class4/cv4_rsome27.log
              target:	rsome27/2
   symmetry_breaking:	False
           probfoil1:	False
================= FINAL THEORY =================
rsome27(A,B) :- all27(A,C), some27(B,C)
==================== SCORES ====================
            Accuracy:	 0.896551724138
           Precision:	 1.0
              Recall:	 0.0769230769231
================== STATISTICS ==================
    Rule evaluations:	65587
          Total time:	3939.0010s
