================ SETTINGS ================
               files:	['./Data/Ragni/Class4/cv4_train_30.pl']
             verbose:	3
                   l:	7
                   p:	0.8
           beam_size:	100
                seed:	None
                 log:	./Logs/Ragni/Class4/cv4_rsome30.log
              target:	rsome30/2
   symmetry_breaking:	False
           probfoil1:	False
================= FINAL THEORY =================
rsome30(A,B) :- some30(C,B), somenot30(C,A)
rsome30(A,B) :- somenot30(A,C), \+all30(C,B), \+some30(C,B), \+no30(B,C), \+somenot30(B,C), \+all30(B,C)
==================== SCORES ====================
            Accuracy:	 0.758928571429
           Precision:	 0.833333333333
              Recall:	 0.161290322581
================== STATISTICS ==================
    Rule evaluations:	58196
          Total time:	584.6316s
