================ SETTINGS ================
               files:	['./Data/Ragni/Class4/cv4_train_131.pl']
             verbose:	3
                   l:	None
                   p:	0.8
           beam_size:	100
                seed:	None
                 log:	./Logs/Ragni/Class4/cv4_rno131.log
              target:	rno131/2
   symmetry_breaking:	False
           probfoil1:	False
================= FINAL THEORY =================
rno131(A,B) :- no131(A,C), \+somenot131(C,B), \+somenot131(B,C)
==================== SCORES ====================
            Accuracy:	 0.877049180328
           Precision:	 0.5
              Recall:	 0.333333333333
================== STATISTICS ==================
    Rule evaluations:	83102
          Total time:	3821.7861s
