================ SETTINGS ================
               files:	['./Data/Ragni/Class4/cv4_train_88.pl']
             verbose:	3
                   l:	None
                   p:	0.8
           beam_size:	100
                seed:	None
                 log:	./Logs/Ragni/Class4/cv4_rnvc88.log
              target:	rnvc88/2
   symmetry_breaking:	False
           probfoil1:	False
================= FINAL THEORY =================
rnvc88(A,B) :- somenot88(C,B), \+all88(A,C), \+some88(A,C)
rnvc88(A,B) :- somenot88(B,C), \+all88(C,A), \+some88(C,A), \+somenot88(C,A)
rnvc88(A,B) :- no88(C,B), \+all88(A,C), \+all88(C,A), \+some88(A,C), \+no88(A,C), \+somenot88(C,A)
rnvc88(A,B) :- some88(C,B), \+all88(A,C), \+all88(C,A), \+some88(A,C), \+no88(A,C), \+somenot88(A,C)
rnvc88(A,B) :- all88(A,C), all88(B,C)
rnvc88(A,B) :- no88(A,C), no88(B,C)
==================== SCORES ====================
            Accuracy:	 1.0
           Precision:	 1.0
              Recall:	 1.0
================== STATISTICS ==================
    Rule evaluations:	10356
          Total time:	779.4749s
