================ SETTINGS ================
               files:	['./Data/Ragni/Class4/cv4_train_90.pl']
             verbose:	3
                   l:	7
                   p:	0.8
           beam_size:	100
                seed:	None
                 log:	./Logs/Ragni/Class4/cv4_rnvc90.log
              target:	rnvc90/2
   symmetry_breaking:	False
           probfoil1:	False
================= FINAL THEORY =================
rnvc90(A,B) :- somenot90(B,C), \+all90(A,C), \+some90(A,C), \+some90(C,A), \+no90(A,C), \+no90(C,A)
rnvc90(A,B) :- some90(C,A), no90(C,B)
rnvc90(A,B) :- no90(A,C), no90(B,C)
==================== SCORES ====================
            Accuracy:	 1.0
           Precision:	 1.0
              Recall:	 1.0
================== STATISTICS ==================
    Rule evaluations:	2004
          Total time:	20.1899s
