================ SETTINGS ================
               files:	['./Data/Ragni/Class4/cv4_train_108.pl']
             verbose:	3
                   l:	None
                   p:	0.8
           beam_size:	100
                seed:	None
                 log:	./Logs/Ragni/Class4/cv4_rsome108.log
              target:	rsome108/2
   symmetry_breaking:	False
           probfoil1:	False
================= FINAL THEORY =================
rsome108(A,B) :- some108(A,C), \+some108(B,C), \+no108(C,B), \+no108(B,C), \+somenot108(C,B), \+all108(B,C), \+some108(C,B)
rsome108(A,B) :- some108(C,B), all108(A,C)
==================== SCORES ====================
            Accuracy:	 0.87962962963
           Precision:	 1.0
              Recall:	 0.1875
================== STATISTICS ==================
    Rule evaluations:	46772
          Total time:	1790.0574s
