================ SETTINGS ================
               files:	['./Data/Ragni/Class4/cv4_train_18.pl']
             verbose:	3
                   l:	None
                   p:	0.8
           beam_size:	100
                seed:	None
                 log:	./Logs/Ragni/Class4/cv4_rsome18.log
              target:	rsome18/2
   symmetry_breaking:	False
           probfoil1:	False
================= FINAL THEORY =================
rsome18(A,B) :- somenot18(C,A), all18(B,C)
rsome18(A,B) :- some18(A,C), all18(B,C)
==================== SCORES ====================
            Accuracy:	 0.862068965517
           Precision:	 1.0
              Recall:	 0.111111111111
================== STATISTICS ==================
    Rule evaluations:	92392
          Total time:	4155.3313s
