================ SETTINGS ================
               files:	['./Data/Ragni/Class4/cv4_train_104.pl']
             verbose:	3
                   l:	None
                   p:	0.8
           beam_size:	100
                seed:	None
                 log:	./Logs/Ragni/Class4/cv4_rall104.log
              target:	rall104/2
   symmetry_breaking:	False
           probfoil1:	False
================= FINAL THEORY =================
rall104(A,B) :- no104(C,A), somenot104(B,C)
==================== SCORES ====================
            Accuracy:	 0.974137931034
           Precision:	 1.0
              Recall:	 0.25
================== STATISTICS ==================
    Rule evaluations:	12741
          Total time:	241.2861s
