================ SETTINGS ================
               files:	['./Data/Ragni/Class4/cv4_train_4.pl']
             verbose:	3
                   l:	None
                   p:	0.8
           beam_size:	100
                seed:	None
                 log:	./Logs/Ragni/Class4/cv4_rsome4.log
              target:	rsome4/2
   symmetry_breaking:	False
           probfoil1:	False
================= FINAL THEORY =================
rsome4(A,B) :- some4(C,B), no4(C,A)
rsome4(A,B) :- somenot4(B,C), all4(A,C)
==================== SCORES ====================
            Accuracy:	 0.861111111111
           Precision:	 1.0
              Recall:	 0.117647058824
================== STATISTICS ==================
    Rule evaluations:	52477
          Total time:	1471.3776s
