================ SETTINGS ================
               files:	['./Data/Ragni/Class4/cv4_train_105.pl']
             verbose:	3
                   l:	None
                   p:	0.8
           beam_size:	100
                seed:	None
                 log:	./Logs/Ragni/Class4/cv4_rsomenot105.log
              target:	rsomenot105/2
   symmetry_breaking:	False
           probfoil1:	False
================= FINAL THEORY =================
rsomenot105(A,B) :- somenot105(A,C), no105(B,C)
rsomenot105(A,B) :- some105(C,A), some105(B,C)
rsomenot105(A,B) :- somenot105(C,B), some105(A,C)
rsomenot105(A,B) :- all105(C,A), somenot105(B,C)
==================== SCORES ====================
            Accuracy:	 0.913461538462
           Precision:	 1.0
              Recall:	 0.307692307692
================== STATISTICS ==================
    Rule evaluations:	69430
          Total time:	2622.8882s
