================ SETTINGS ================
               files:	['./Data/Ragni/Class4/cv4_train_64.pl']
             verbose:	3
                   l:	None
                   p:	0.8
           beam_size:	100
                seed:	None
                 log:	./Logs/Ragni/Class4/cv4_rsomenot64.log
              target:	rsomenot64/2
   symmetry_breaking:	False
           probfoil1:	False
================= FINAL THEORY =================
rsomenot64(A,B) :- no64(B,C), \+all64(C,A), \+no64(A,C), \+no64(C,A), \+all64(A,C), \+some64(A,C), \+somenot64(C,A)
rsomenot64(A,B) :- some64(C,A), all64(B,C)
==================== SCORES ====================
            Accuracy:	 0.901785714286
           Precision:	 1.0
              Recall:	 0.214285714286
================== STATISTICS ==================
    Rule evaluations:	46953
          Total time:	2940.3003s
