================ SETTINGS ================
               files:	['./Data/Ragni/Class4/cv4_train_26.pl']
             verbose:	3
                   l:	None
                   p:	0.8
           beam_size:	100
                seed:	None
                 log:	./Logs/Ragni/Class4/cv4_rall26.log
              target:	rall26/2
   symmetry_breaking:	False
           probfoil1:	False
================= FINAL THEORY =================
rall26(A,B) :- all26(A,C), all26(C,B)
==================== SCORES ====================
            Accuracy:	 0.974137931034
           Precision:	 0.5
              Recall:	 0.333333333333
================== STATISTICS ==================
    Rule evaluations:	33527
          Total time:	1769.9412s
