================ SETTINGS ================
               files:	['./Data/Ragni/Class4/cv4_train_44.pl']
             verbose:	3
                   l:	7
                   p:	0.8
           beam_size:	100
                seed:	None
                 log:	./Logs/Ragni/Class4/cv4_rsomenot44.log
              target:	rsomenot44/2
   symmetry_breaking:	False
           probfoil1:	False
================= FINAL THEORY =================
rsomenot44(A,B) :- some44(B,C), no44(A,C)
rsomenot44(A,B) :- all44(C,A), no44(B,C)
rsomenot44(A,B) :- all44(A,C), no44(C,B)
==================== SCORES ====================
            Accuracy:	 0.866071428571
           Precision:	 1.0
              Recall:	 0.210526315789
================== STATISTICS ==================
    Rule evaluations:	66743
          Total time:	810.0410s
