================ SETTINGS ================
               files:	['./Data/Ragni/Class4/cv4_train_97.pl']
             verbose:	3
                   l:	None
                   p:	0.8
           beam_size:	100
                seed:	None
                 log:	./Logs/Ragni/Class4/cv4_rsome97.log
              target:	rsome97/2
   symmetry_breaking:	False
           probfoil1:	False
================= FINAL THEORY =================
rsome97(A,B) :- all97(A,C), some97(C,B)
==================== SCORES ====================
            Accuracy:	 0.922413793103
           Precision:	 0.5
              Recall:	 0.111111111111
================== STATISTICS ==================
    Rule evaluations:	29628
          Total time:	364.0732s
