================ SETTINGS ================
               files:	['./Data/Ragni/Class4/cv4_train_93.pl']
             verbose:	3
                   l:	None
                   p:	0.8
           beam_size:	100
                seed:	None
                 log:	./Logs/Ragni/Class4/cv4_rall93.log
              target:	rall93/2
   symmetry_breaking:	False
           probfoil1:	False
================= FINAL THEORY =================
rall93(A,B) :- all93(B,C), all93(C,A)
==================== SCORES ====================
            Accuracy:	 0.923076923077
           Precision:	 1.0
              Recall:	 0.111111111111
================== STATISTICS ==================
    Rule evaluations:	25695
          Total time:	469.7354s
