================ SETTINGS ================
               files:	['./Data/Ragni/Class4/cv4_train_7.pl']
             verbose:	3
                   l:	None
                   p:	0.8
           beam_size:	100
                seed:	None
                 log:	./Logs/Ragni/Class4/cv4_rno7.log
              target:	rno7/2
   symmetry_breaking:	False
           probfoil1:	False
================= FINAL THEORY =================
rno7(A,B) :- some7(B,C), somenot7(C,A)
==================== SCORES ====================
            Accuracy:	 0.836206896552
           Precision:	 1.0
              Recall:	 0.05
================== STATISTICS ==================
    Rule evaluations:	76682
          Total time:	2745.8223s
