================ SETTINGS ================
               files:	['./Data/Ragni/Class4/cv4_train_124.pl']
             verbose:	3
                   l:	None
                   p:	0.8
           beam_size:	100
                seed:	None
                 log:	./Logs/Ragni/Class4/cv4_rsomenot124.log
              target:	rsomenot124/2
   symmetry_breaking:	False
           probfoil1:	False
================= FINAL THEORY =================
rsomenot124(A,B) :- some124(A,C), all124(C,B)
==================== SCORES ====================
            Accuracy:	 0.940677966102
           Precision:	 0.5
              Recall:	 0.142857142857
================== STATISTICS ==================
    Rule evaluations:	27990
          Total time:	1177.9222s
