================ SETTINGS ================
               files:	['./Data/Ragni/Class4/cv4_train_23.pl']
             verbose:	3
                   l:	7
                   p:	0.8
           beam_size:	100
                seed:	None
                 log:	./Logs/Ragni/Class4/cv4_rsome23.log
              target:	rsome23/2
   symmetry_breaking:	False
           probfoil1:	False
================= FINAL THEORY =================
rsome23(A,B) :- somenot23(A,C), all23(B,C)
rsome23(A,B) :- somenot23(B,C), some23(A,C)
rsome23(A,B) :- no23(A,C), some23(B,C)
rsome23(A,B) :- no23(C,A), somenot23(C,B)
rsome23(A,B) :- somenot23(B,C), somenot23(C,A)
==================== SCORES ====================
            Accuracy:	 0.810344827586
           Precision:	 1.0
              Recall:	 0.241379310345
================== STATISTICS ==================
    Rule evaluations:	85603
          Total time:	1283.5113s
