================ SETTINGS ================
               files:	['./Data/Ragni/Class4/cv4_train_71.pl']
             verbose:	3
                   l:	None
                   p:	0.8
           beam_size:	100
                seed:	None
                 log:	./Logs/Ragni/Class4/cv4_rall71.log
              target:	rall71/2
   symmetry_breaking:	False
           probfoil1:	False
================= FINAL THEORY =================
rall71(A,B) :- no71(B,C), all71(A,C)
==================== SCORES ====================
            Accuracy:	 0.90350877193
           Precision:	 0.5
              Recall:	 0.0909090909091
================== STATISTICS ==================
    Rule evaluations:	31181
          Total time:	396.5868s
