================ SETTINGS ================
               files:	['./Data/Ragni/Class4/cv4_train_134.pl']
             verbose:	3
                   l:	None
                   p:	0.8
           beam_size:	100
                seed:	None
                 log:	./Logs/Ragni/Class4/cv4_rsomenot134.log
              target:	rsomenot134/2
   symmetry_breaking:	False
           probfoil1:	False
================= FINAL THEORY =================
rsomenot134(A,B) :- all134(C,A), \+all134(C,B), \+all134(B,C), \+no134(B,C), \+some134(C,B), \+some134(B,C), \+no134(C,B)
rsomenot134(A,B) :- some134(C,A), somenot134(B,C)
==================== SCORES ====================
            Accuracy:	 0.808333333333
           Precision:	 1.0
              Recall:	 0.115384615385
================== STATISTICS ==================
    Rule evaluations:	89251
          Total time:	4205.5811s
