================ SETTINGS ================
               files:	['./Data/Ragni/Class4/cv4_train_28.pl']
             verbose:	3
                   l:	None
                   p:	0.8
           beam_size:	100
                seed:	None
                 log:	./Logs/Ragni/Class4/cv4_rno28.log
              target:	rno28/2
   symmetry_breaking:	False
           probfoil1:	False
================= FINAL THEORY =================
rno28(A,B) :- some28(A,C), no28(B,C)
==================== SCORES ====================
            Accuracy:	 0.983050847458
           Precision:	 1.0
              Recall:	 0.333333333333
================== STATISTICS ==================
    Rule evaluations:	35970
          Total time:	1307.6713s
