================ SETTINGS ================
               files:	['./Data/Ragni/Class4/cv4_train_71.pl']
             verbose:	3
                   l:	None
                   p:	0.8
           beam_size:	100
                seed:	None
                 log:	./Logs/Ragni/Class4/cv4_rsome71.log
              target:	rsome71/2
   symmetry_breaking:	False
           probfoil1:	False
================= FINAL THEORY =================
rsome71(A,B) :- all71(C,A), \+all71(C,B), \+all71(B,C), \+no71(C,B), \+no71(B,C), \+somenot71(C,B), \+some71(C,B)
rsome71(A,B) :- no71(A,C), some71(B,C)
==================== SCORES ====================
            Accuracy:	 0.894736842105
           Precision:	 1.0
              Recall:	 0.25
================== STATISTICS ==================
    Rule evaluations:	40175
          Total time:	939.5319s
