================ SETTINGS ================
               files:	['./Data/Ragni/Class4/cv4_train_134.pl']
             verbose:	3
                   l:	None
                   p:	0.8
           beam_size:	100
                seed:	None
                 log:	./Logs/Ragni/Class4/cv4_rall134.log
              target:	rall134/2
   symmetry_breaking:	False
           probfoil1:	False
================= FINAL THEORY =================
rall134(A,B) :- all134(C,B), all134(A,C)
==================== SCORES ====================
            Accuracy:	 0.958333333333
           Precision:	 0.5
              Recall:	 0.2
================== STATISTICS ==================
    Rule evaluations:	23517
          Total time:	1501.7617s
