================ SETTINGS ================
               files:	['./Data/Ragni/Class4/cv4_train_109.pl']
             verbose:	3
                   l:	None
                   p:	0.8
           beam_size:	100
                seed:	None
                 log:	./Logs/Ragni/Class4/cv4_rall109.log
              target:	rall109/2
   symmetry_breaking:	False
           probfoil1:	False
================= FINAL THEORY =================
rall109(A,B) :- all109(C,B), all109(A,C)
==================== SCORES ====================
            Accuracy:	 0.892857142857
           Precision:	 1.0
              Recall:	 0.0769230769231
================== STATISTICS ==================
    Rule evaluations:	51932
          Total time:	1646.7650s
