================ SETTINGS ================
               files:	['./Data/Ragni/Class4/cv4_train_35.pl']
             verbose:	3
                   l:	7
                   p:	0.8
           beam_size:	100
                seed:	None
                 log:	./Logs/Ragni/Class4/cv4_rsome35.log
              target:	rsome35/2
   symmetry_breaking:	False
           probfoil1:	False
================= FINAL THEORY =================
rsome35(A,B) :- some35(A,C), all35(C,B)
==================== SCORES ====================
            Accuracy:	 0.929824561404
           Precision:	 0.5
              Recall:	 0.125
================== STATISTICS ==================
    Rule evaluations:	28609
          Total time:	190.0237s
