================ SETTINGS ================
               files:	['./Data/Ragni/Class4/cv4_train_99.pl']
             verbose:	3
                   l:	None
                   p:	0.8
           beam_size:	100
                seed:	None
                 log:	./Logs/Ragni/Class4/cv4_rno99.log
              target:	rno99/2
   symmetry_breaking:	False
           probfoil1:	False
================= FINAL THEORY =================
rno99(A,B) :- all99(A,C), all99(B,C)
==================== SCORES ====================
            Accuracy:	 0.973684210526
           Precision:	 0.5
              Recall:	 0.333333333333
================== STATISTICS ==================
    Rule evaluations:	32863
          Total time:	394.5740s
