================ SETTINGS ================
               files:	['./Data/Ragni/Class4/cv4_train_64.pl']
             verbose:	3
                   l:	None
                   p:	0.8
           beam_size:	100
                seed:	None
                 log:	./Logs/Ragni/Class4/cv4_rno64.log
              target:	rno64/2
   symmetry_breaking:	False
           probfoil1:	False
================= FINAL THEORY =================
rno64(A,B) :- no64(A,C), all64(B,C)
==================== SCORES ====================
            Accuracy:	 0.964285714286
           Precision:	 1.0
              Recall:	 0.2
================== STATISTICS ==================
    Rule evaluations:	18329
          Total time:	1681.2043s
