================ SETTINGS ================
               files:	['./Data/Ragni/Class4/cv4_train_135.pl']
             verbose:	3
                   l:	None
                   p:	0.8
           beam_size:	100
                seed:	None
                 log:	./Logs/Ragni/Class4/cv4_rsome135.log
              target:	rsome135/2
   symmetry_breaking:	False
           probfoil1:	False
================= FINAL THEORY =================
rsome135(A,B) :- some135(C,B), somenot135(A,C)
==================== SCORES ====================
            Accuracy:	 0.936363636364
           Precision:	 1.0
              Recall:	 0.125
================== STATISTICS ==================
    Rule evaluations:	24077
          Total time:	2813.0400s
