================ SETTINGS ================
               files:	['./Data/Ragni/Class4/cv4_train_13.pl']
             verbose:	3
                   l:	None
                   p:	0.8
           beam_size:	100
                seed:	None
                 log:	./Logs/Ragni/Class4/cv4_rsome13.log
              target:	rsome13/2
   symmetry_breaking:	False
           probfoil1:	False
================= FINAL THEORY =================
rsome13(A,B) :- somenot13(C,A), all13(C,B)
==================== SCORES ====================
            Accuracy:	 0.956896551724
           Precision:	 0.5
              Recall:	 0.2
================== STATISTICS ==================
    Rule evaluations:	24636
          Total time:	1050.7648s
