================ SETTINGS ================
               files:	['./Data/Ragni/Class4/cv4_train_70.pl']
             verbose:	3
                   l:	None
                   p:	0.8
           beam_size:	100
                seed:	None
                 log:	./Logs/Ragni/Class4/cv4_rsome70.log
              target:	rsome70/2
   symmetry_breaking:	False
           probfoil1:	False
================= FINAL THEORY =================
rsome70(A,B) :- no70(B,C), some70(A,C)
rsome70(A,B) :- some70(B,C), some70(C,A)
rsome70(A,B) :- somenot70(C,A), all70(B,C)
==================== SCORES ====================
            Accuracy:	 0.846774193548
           Precision:	 1.0
              Recall:	 0.208333333333
================== STATISTICS ==================
    Rule evaluations:	104013
          Total time:	3836.0522s
