================ SETTINGS ================
               files:	['./Data/Ragni/Class4/cv4_train_67.pl']
             verbose:	3
                   l:	None
                   p:	0.8
           beam_size:	100
                seed:	None
                 log:	./Logs/Ragni/Class4/cv4_rsome67.log
              target:	rsome67/2
   symmetry_breaking:	False
           probfoil1:	False
================= FINAL THEORY =================
rsome67(A,B) :- all67(B,C), some67(A,C)
==================== SCORES ====================
            Accuracy:	 0.964285714286
           Precision:	 1.0
              Recall:	 0.2
================== STATISTICS ==================
    Rule evaluations:	17786
          Total time:	604.7018s
