================ SETTINGS ================
               files:	['./Data/Ragni/Class4/cv4_train_115.pl']
             verbose:	3
                   l:	None
                   p:	0.8
           beam_size:	100
                seed:	None
                 log:	./Logs/Ragni/Class4/cv4_rall115.log
              target:	rall115/2
   symmetry_breaking:	False
           probfoil1:	False
================= FINAL THEORY =================
rall115(A,B) :- all115(B,C), all115(C,A)
==================== SCORES ====================
            Accuracy:	 0.956896551724
           Precision:	 1.0
              Recall:	 0.166666666667
================== STATISTICS ==================
    Rule evaluations:	18372
          Total time:	391.0055s
