================ SETTINGS ================
               files:	['./Data/Ragni/Class4/cv4_train_50.pl']
             verbose:	3
                   l:	7
                   p:	0.8
           beam_size:	100
                seed:	None
                 log:	./Logs/Ragni/Class4/cv4_rsomenot50.log
              target:	rsomenot50/2
   symmetry_breaking:	False
           probfoil1:	False
================= FINAL THEORY =================
rsomenot50(A,B) :- all50(C,A), \+all50(B,C), \+some50(C,B), \+all50(C,B), \+some50(B,C), \+no50(C,B)
==================== SCORES ====================
            Accuracy:	 0.877192982456
           Precision:	 0.75
              Recall:	 0.1875
================== STATISTICS ==================
    Rule evaluations:	32280
          Total time:	303.8907s
