================ SETTINGS ================
               files:	['./Data/Ragni/Class4/cv4_train_16.pl']
             verbose:	3
                   l:	None
                   p:	0.8
           beam_size:	100
                seed:	None
                 log:	./Logs/Ragni/Class4/cv4_rsome16.log
              target:	rsome16/2
   symmetry_breaking:	False
           probfoil1:	False
================= FINAL THEORY =================
rsome16(A,B) :- somenot16(B,C), no16(C,A)
==================== SCORES ====================
            Accuracy:	 0.90350877193
           Precision:	 1.0
              Recall:	 0.0833333333333
================== STATISTICS ==================
    Rule evaluations:	34277
          Total time:	522.1981s
