================ SETTINGS ================
               files:	['./Data/Ragni/Class4/cv4_train_111.pl']
             verbose:	3
                   l:	None
                   p:	0.8
           beam_size:	100
                seed:	None
                 log:	./Logs/Ragni/Class4/cv4_rall111.log
              target:	rall111/2
   symmetry_breaking:	False
           probfoil1:	False
================= FINAL THEORY =================
rall111(A,B) :- all111(A,C), all111(C,B)
==================== SCORES ====================
            Accuracy:	 0.981481481481
           Precision:	 1.0
              Recall:	 0.333333333333
================== STATISTICS ==================
    Rule evaluations:	24488
          Total time:	274.8822s
