================ SETTINGS ================
               files:	['./Data/Ragni/Class4/cv4_train_21.pl']
             verbose:	3
                   l:	None
                   p:	0.8
           beam_size:	100
                seed:	None
                 log:	./Logs/Ragni/Class4/cv4_rno21.log
              target:	rno21/2
   symmetry_breaking:	False
           probfoil1:	False
================= FINAL THEORY =================
rno21(A,B) :- all21(B,C), all21(C,A)
==================== SCORES ====================
            Accuracy:	 0.974137931034
           Precision:	 0.5
              Recall:	 0.333333333333
================== STATISTICS ==================
    Rule evaluations:	33454
          Total time:	441.0518s
