================ SETTINGS ================
               files:	['./Data/Ragni/Class4/cv4_train_88.pl']
             verbose:	3
                   l:	7
                   p:	0.8
           beam_size:	100
                seed:	None
                 log:	./Logs/Ragni/Class4/cv4_rall88.log
              target:	rall88/2
   symmetry_breaking:	False
           probfoil1:	False
================= FINAL THEORY =================
rall88(A,B) :- no88(B,C), all88(A,C)
==================== SCORES ====================
            Accuracy:	 0.949152542373
           Precision:	 0.5
              Recall:	 0.166666666667
================== STATISTICS ==================
    Rule evaluations:	26382
          Total time:	160.1946s
