================ SETTINGS ================
               files:	['./Data/Ragni/Class4/cv4_train_134.pl']
             verbose:	3
                   l:	None
                   p:	0.8
           beam_size:	100
                seed:	None
                 log:	./Logs/Ragni/Class4/cv4_rsome134.log
              target:	rsome134/2
   symmetry_breaking:	False
           probfoil1:	False
================= FINAL THEORY =================
rsome134(A,B) :- somenot134(C,A), all134(B,C)
==================== SCORES ====================
            Accuracy:	 0.891666666667
           Precision:	 0.5
              Recall:	 0.0769230769231
================== STATISTICS ==================
    Rule evaluations:	32607
          Total time:	2213.2162s
