================ SETTINGS ================
               files:	['./Data/Ragni/Class4/cv4_train_58.pl']
             verbose:	3
                   l:	None
                   p:	0.8
           beam_size:	100
                seed:	None
                 log:	./Logs/Ragni/Class4/cv4_rsome58.log
              target:	rsome58/2
   symmetry_breaking:	False
           probfoil1:	False
================= FINAL THEORY =================
rsome58(A,B) :- all58(C,B), somenot58(A,C)
==================== SCORES ====================
            Accuracy:	 0.928571428571
           Precision:	 1.0
              Recall:	 0.111111111111
================== STATISTICS ==================
    Rule evaluations:	28295
          Total time:	892.9940s
