================ SETTINGS ================
               files:	['./Data/Ragni/Class4/cv4_train_78.pl']
             verbose:	3
                   l:	None
                   p:	0.8
           beam_size:	100
                seed:	None
                 log:	./Logs/Ragni/Class4/cv4_rall78.log
              target:	rall78/2
   symmetry_breaking:	False
           probfoil1:	False
================= FINAL THEORY =================
rall78(A,B) :- all78(C,B), all78(A,C)
==================== SCORES ====================
            Accuracy:	 0.974576271186
           Precision:	 1.0
              Recall:	 0.25
================== STATISTICS ==================
    Rule evaluations:	12015
          Total time:	388.1882s
