================ SETTINGS ================
               files:	['./Data/Ragni/Class4/cv4_train_1.pl']
             verbose:	3
                   l:	None
                   p:	0.8
           beam_size:	100
                seed:	None
                 log:	./Logs/Ragni/Class4/cv4_rall1.log
              target:	rall1/2
   symmetry_breaking:	False
           probfoil1:	False
================= FINAL THEORY =================
rall1(A,B) :- no1(B,C), all1(C,A)
==================== SCORES ====================
            Accuracy:	 0.966101694915
           Precision:	 1.0
              Recall:	 0.2
================== STATISTICS ==================
    Rule evaluations:	18254
          Total time:	277.4708s
