================ SETTINGS ================
               files:	['./Data/Ragni/Class4/cv4_train_103.pl']
             verbose:	3
                   l:	None
                   p:	0.8
           beam_size:	100
                seed:	None
                 log:	./Logs/Ragni/Class4/cv4_rsome103.log
              target:	rsome103/2
   symmetry_breaking:	False
           probfoil1:	False
================= FINAL THEORY =================
rsome103(A,B) :- somenot103(C,A), no103(C,B)
==================== SCORES ====================
            Accuracy:	 0.883928571429
           Precision:	 1.0
              Recall:	 0.0714285714286
================== STATISTICS ==================
    Rule evaluations:	62800
          Total time:	1132.0287s
