================ SETTINGS ================
               files:	['./Data/Ragni/Class4/cv4_train_90.pl']
             verbose:	3
                   l:	7
                   p:	0.8
           beam_size:	100
                seed:	None
                 log:	./Logs/Ragni/Class4/cv4_rno90.log
              target:	rno90/2
   symmetry_breaking:	False
           probfoil1:	False
================= FINAL THEORY =================
rno90(A,B) :- no90(C,B), all90(A,C)
==================== SCORES ====================
            Accuracy:	 0.915254237288
           Precision:	 0.5
              Recall:	 0.1
================== STATISTICS ==================
    Rule evaluations:	30585
          Total time:	192.4247s
