================ SETTINGS ================
               files:	['./Data/Ragni/Class4/cv4_train_25.pl']
             verbose:	3
                   l:	None
                   p:	0.8
           beam_size:	100
                seed:	None
                 log:	./Logs/Ragni/Class4/cv4_rall25.log
              target:	rall25/2
   symmetry_breaking:	False
           probfoil1:	False
================= FINAL THEORY =================
rall25(A,B) :- all25(A,C), all25(C,B)
==================== SCORES ====================
            Accuracy:	 0.918181818182
           Precision:	 1.0
              Recall:	 0.1
================== STATISTICS ==================
    Rule evaluations:	32038
          Total time:	2467.5580s
