================ SETTINGS ================
               files:	['./Data/Ragni/Class4/cv4_train_15.pl']
             verbose:	3
                   l:	None
                   p:	0.8
           beam_size:	100
                seed:	None
                 log:	./Logs/Ragni/Class4/cv4_rno15.log
              target:	rno15/2
   symmetry_breaking:	False
           probfoil1:	False
================= FINAL THEORY =================
rno15(A,B) :- somenot15(A,C), all15(C,B)
==================== SCORES ====================
            Accuracy:	 0.95
           Precision:	 0.5
              Recall:	 0.166666666667
================== STATISTICS ==================
    Rule evaluations:	25129
          Total time:	535.5560s
