================ SETTINGS ================
               files:	['./Data/Ragni/Class4/cv4_train_117.pl']
             verbose:	3
                   l:	None
                   p:	0.8
           beam_size:	100
                seed:	None
                 log:	./Logs/Ragni/Class4/cv4_rsome117.log
              target:	rsome117/2
   symmetry_breaking:	False
           probfoil1:	False
================= FINAL THEORY =================
rsome117(A,B) :- all117(C,B), \+all117(A,C), \+all117(C,A), \+no117(A,C), \+somenot117(A,C), \+no117(C,A)
rsome117(A,B) :- somenot117(C,B), some117(C,A)
rsome117(A,B) :- some117(A,C), somenot117(B,C)
==================== SCORES ====================
            Accuracy:	 0.847457627119
           Precision:	 1.0
              Recall:	 0.28
================== STATISTICS ==================
    Rule evaluations:	101170
          Total time:	3722.4753s
