================ SETTINGS ================
               files:	['./Data/Ragni/Class4/cv4_train_74.pl']
             verbose:	3
                   l:	None
                   p:	0.8
           beam_size:	100
                seed:	None
                 log:	./Logs/Ragni/Class4/cv4_rsomenot74.log
              target:	rsomenot74/2
   symmetry_breaking:	False
           probfoil1:	False
================= FINAL THEORY =================
rsomenot74(A,B) :- all74(A,C), somenot74(B,C)
==================== SCORES ====================
            Accuracy:	 0.925
           Precision:	 1.0
              Recall:	 0.1
================== STATISTICS ==================
    Rule evaluations:	31802
          Total time:	1234.3608s
