================ SETTINGS ================
               files:	['./Data/Ragni/Class4/cv4_train_118.pl']
             verbose:	3
                   l:	None
                   p:	0.8
           beam_size:	100
                seed:	None
                 log:	./Logs/Ragni/Class4/cv4_rno118.log
              target:	rno118/2
   symmetry_breaking:	False
           probfoil1:	False
================= FINAL THEORY =================
rno118(A,B) :- all118(C,A), all118(B,C)
==================== SCORES ====================
            Accuracy:	 0.959183673469
           Precision:	 0.5
              Recall:	 0.25
================== STATISTICS ==================
    Rule evaluations:	22570
          Total time:	286.9994s
