================ SETTINGS ================
               files:	['./Data/Ragni/Class4/cv4_train_20.pl']
             verbose:	3
                   l:	None
                   p:	0.8
           beam_size:	100
                seed:	None
                 log:	./Logs/Ragni/Class4/cv4_rsome20.log
              target:	rsome20/2
   symmetry_breaking:	False
           probfoil1:	False
================= FINAL THEORY =================
rsome20(A,B) :- some20(C,B), \+some20(C,A), \+no20(A,C), \+no20(C,A), \+all20(A,C), \+some20(A,C)
rsome20(A,B) :- somenot20(A,C), no20(C,B)
==================== SCORES ====================
            Accuracy:	 0.860655737705
           Precision:	 1.0
              Recall:	 0.227272727273
================== STATISTICS ==================
    Rule evaluations:	48428
          Total time:	2361.3133s
