================ SETTINGS ================
               files:	['./Data/Ragni/Class4/cv4_train_45.pl']
             verbose:	3
                   l:	None
                   p:	0.8
           beam_size:	100
                seed:	None
                 log:	./Logs/Ragni/Class4/cv4_rsome45.log
              target:	rsome45/2
   symmetry_breaking:	False
           probfoil1:	False
================= FINAL THEORY =================
rsome45(A,B) :- no45(C,A), \+all45(B,C), \+some45(C,B), \+no45(C,B), \+no45(B,C), \+somenot45(C,B), \+all45(C,B)
rsome45(A,B) :- all45(A,C), some45(C,B)
==================== SCORES ====================
            Accuracy:	 0.95
           Precision:	 1.0
              Recall:	 0.333333333333
================== STATISTICS ==================
    Rule evaluations:	37511
          Total time:	2792.1881s
