================ SETTINGS ================
               files:	['./Data/Ragni/Class4/cv4_train_28.pl']
             verbose:	3
                   l:	None
                   p:	0.8
           beam_size:	100
                seed:	None
                 log:	./Logs/Ragni/Class4/cv4_rall28.log
              target:	rall28/2
   symmetry_breaking:	False
           probfoil1:	False
================= FINAL THEORY =================
rall28(A,B) :- some28(C,B), all28(C,A)
==================== SCORES ====================
            Accuracy:	 0.991525423729
           Precision:	 0.5
              Recall:	 1.0
================== STATISTICS ==================
    Rule evaluations:	13525
          Total time:	819.1065s
