================ SETTINGS ================
               files:	['./Data/Ragni/Class4/cv4_train_77.pl']
             verbose:	3
                   l:	None
                   p:	0.8
           beam_size:	100
                seed:	None
                 log:	./Logs/Ragni/Class4/cv4_rsomenot77.log
              target:	rsomenot77/2
   symmetry_breaking:	False
           probfoil1:	False
================= FINAL THEORY =================
rsomenot77(A,B) :- no77(A,C), \+all77(B,C), \+some77(C,B), \+some77(B,C), \+no77(B,C), \+all77(C,B), \+somenot77(C,B)
rsomenot77(A,B) :- all77(C,A), \+all77(B,C), \+no77(C,B), \+somenot77(C,B), \+somenot77(B,C), \+some77(C,B)
rsomenot77(A,B) :- all77(B,C), \+all77(A,C), \+all77(C,A), \+some77(C,A), \+no77(A,C), \+no77(C,A), \+somenot77(C,A)
rsomenot77(A,B) :- no77(B,C), some77(C,A)
rsomenot77(A,B) :- somenot77(C,A), no77(C,B)
==================== SCORES ====================
            Accuracy:	 0.964285714286
           Precision:	 1.0
              Recall:	 0.764705882353
================== STATISTICS ==================
    Rule evaluations:	40009
          Total time:	2135.0507s
