================ SETTINGS ================
               files:	['./Data/Ragni/Class4/cv4_train_128.pl']
             verbose:	3
                   l:	None
                   p:	0.8
           beam_size:	100
                seed:	None
                 log:	./Logs/Ragni/Class4/cv4_rall128.log
              target:	rall128/2
   symmetry_breaking:	False
           probfoil1:	False
================= FINAL THEORY =================
rall128(A,B) :- no128(C,A), all128(C,B)
==================== SCORES ====================
            Accuracy:	 0.964912280702
           Precision:	 0.5
              Recall:	 0.25
================== STATISTICS ==================
    Rule evaluations:	22589
          Total time:	257.6264s
