================ SETTINGS ================
               files:	['./Data/Ragni/Class4/cv4_train_54.pl']
             verbose:	3
                   l:	None
                   p:	0.8
           beam_size:	100
                seed:	None
                 log:	./Logs/Ragni/Class4/cv4_rsomenot54.log
              target:	rsomenot54/2
   symmetry_breaking:	False
           probfoil1:	False
================= FINAL THEORY =================
rsomenot54(A,B) :- somenot54(C,B), all54(A,C)
==================== SCORES ====================
            Accuracy:	 0.893442622951
           Precision:	 0.5
              Recall:	 0.0769230769231
================== STATISTICS ==================
    Rule evaluations:	33073
          Total time:	366.7409s
