================ SETTINGS ================
               files:	['./Data/Ragni/Class4/cv4_train_44.pl']
             verbose:	3
                   l:	None
                   p:	0.8
           beam_size:	100
                seed:	None
                 log:	./Logs/Ragni/Class4/cv4_rsome44.log
              target:	rsome44/2
   symmetry_breaking:	False
           probfoil1:	False
================= FINAL THEORY =================
rsome44(A,B) :- all44(B,C), all44(C,A)
rsome44(A,B) :- no44(C,A), some44(C,B)
==================== SCORES ====================
            Accuracy:	 0.973214285714
           Precision:	 1.0
              Recall:	 0.4
================== STATISTICS ==================
    Rule evaluations:	18215
          Total time:	375.6154s
