================ SETTINGS ================
               files:	['./Data/Ragni/Class4/cv4_train_81.pl']
             verbose:	3
                   l:	None
                   p:	0.8
           beam_size:	100
                seed:	None
                 log:	./Logs/Ragni/Class4/cv4_rsomenot81.log
              target:	rsomenot81/2
   symmetry_breaking:	False
           probfoil1:	False
================= FINAL THEORY =================
rsomenot81(A,B) :- somenot81(A,C), somenot81(C,B)
==================== SCORES ====================
            Accuracy:	 0.903225806452
           Precision:	 1.0
              Recall:	 0.142857142857
================== STATISTICS ==================
    Rule evaluations:	46898
          Total time:	1285.5421s
