================ SETTINGS ================
               files:	['./Data/Ragni/Class4/cv4_train_25.pl']
             verbose:	3
                   l:	None
                   p:	0.8
           beam_size:	100
                seed:	None
                 log:	./Logs/Ragni/Class4/cv4_rno25.log
              target:	rno25/2
   symmetry_breaking:	False
           probfoil1:	False
================= FINAL THEORY =================
rno25(A,B) :- no25(A,C), all25(C,B)
==================== SCORES ====================
            Accuracy:	 0.936363636364
           Precision:	 0.5
              Recall:	 0.142857142857
================== STATISTICS ==================
    Rule evaluations:	28440
          Total time:	1338.2078s
