================ SETTINGS ================
               files:	['./Data/Ragni/Class4/cv4_train_48.pl']
             verbose:	3
                   l:	7
                   p:	0.8
           beam_size:	100
                seed:	None
                 log:	./Logs/Ragni/Class4/cv4_rsomenot48.log
              target:	rsomenot48/2
   symmetry_breaking:	False
           probfoil1:	False
================= FINAL THEORY =================
rsomenot48(A,B) :- some48(B,C), somenot48(A,C)
==================== SCORES ====================
            Accuracy:	 0.885964912281
           Precision:	 1.0
              Recall:	 0.0714285714286
================== STATISTICS ==================
    Rule evaluations:	43770
          Total time:	337.5743s
