================ SETTINGS ================
               files:	['./Data/Ragni/Class4/cv4_train_53.pl']
             verbose:	3
                   l:	None
                   p:	0.8
           beam_size:	100
                seed:	None
                 log:	./Logs/Ragni/Class4/cv4_rall53.log
              target:	rall53/2
   symmetry_breaking:	False
           probfoil1:	False
================= FINAL THEORY =================
rall53(A,B) :- all53(C,B), all53(A,C)
==================== SCORES ====================
            Accuracy:	 0.945454545455
           Precision:	 1.0
              Recall:	 0.142857142857
================== STATISTICS ==================
    Rule evaluations:	23895
          Total time:	407.5420s
