================ SETTINGS ================
               files:	['./Data/Ragni/Class4/cv4_train_120.pl']
             verbose:	3
                   l:	None
                   p:	0.8
           beam_size:	100
                seed:	None
                 log:	./Logs/Ragni/Class4/cv4_rno120.log
              target:	rno120/2
   symmetry_breaking:	False
           probfoil1:	False
================= FINAL THEORY =================
rno120(A,B) :- no120(A,C), all120(B,C)
==================== SCORES ====================
            Accuracy:	 0.898305084746
           Precision:	 0.5
              Recall:	 0.0833333333333
================== STATISTICS ==================
    Rule evaluations:	31553
          Total time:	546.7662s
