================ SETTINGS ================
               files:	['./Data/Ragni/Class4/cv4_train_96.pl']
             verbose:	3
                   l:	None
                   p:	0.8
           beam_size:	100
                seed:	None
                 log:	./Logs/Ragni/Class4/cv4_rno96.log
              target:	rno96/2
   symmetry_breaking:	False
           probfoil1:	False
================= FINAL THEORY =================
rno96(A,B) :- no96(A,C), all96(C,B)
==================== SCORES ====================
            Accuracy:	 0.935483870968
           Precision:	 0.5
              Recall:	 0.125
================== STATISTICS ==================
    Rule evaluations:	29436
          Total time:	388.0784s
