================ SETTINGS ================
               files:	['./Data/Ragni/Class4/cv4_train_41.pl']
             verbose:	3
                   l:	None
                   p:	0.8
           beam_size:	100
                seed:	None
                 log:	./Logs/Ragni/Class4/cv4_rsomenot41.log
              target:	rsomenot41/2
   symmetry_breaking:	False
           probfoil1:	False
================= FINAL THEORY =================
rsomenot41(A,B) :- some41(C,A), all41(C,B)
rsomenot41(A,B) :- some41(A,C), no41(C,B)
==================== SCORES ====================
            Accuracy:	 0.922413793103
           Precision:	 1.0
              Recall:	 0.181818181818
================== STATISTICS ==================
    Rule evaluations:	43381
          Total time:	1084.9085s
