================ SETTINGS ================
               files:	['./Data/Ragni/Class4/cv4_train_97.pl']
             verbose:	3
                   l:	None
                   p:	0.8
           beam_size:	100
                seed:	None
                 log:	./Logs/Ragni/Class4/cv4_rsomenot97.log
              target:	rsomenot97/2
   symmetry_breaking:	False
           probfoil1:	False
================= FINAL THEORY =================
rsomenot97(A,B) :- some97(C,A), \+some97(C,B), \+no97(C,B), \+no97(B,C), \+somenot97(C,B), \+somenot97(B,C), \+all97(B,C)
rsomenot97(A,B) :- all97(C,A), some97(B,C)
==================== SCORES ====================
            Accuracy:	 0.948275862069
           Precision:	 1.0
              Recall:	 0.333333333333
================== STATISTICS ==================
    Rule evaluations:	36160
          Total time:	925.0766s
