================ SETTINGS ================
               files:	['./Data/Ragni/Class4/cv4_train_35.pl']
             verbose:	3
                   l:	7
                   p:	0.8
           beam_size:	100
                seed:	None
                 log:	./Logs/Ragni/Class4/cv4_rall35.log
              target:	rall35/2
   symmetry_breaking:	False
           probfoil1:	False
================= FINAL THEORY =================
rall35(A,B) :- all35(A,C), no35(B,C)
==================== SCORES ====================
            Accuracy:	 0.982456140351
           Precision:	 1.0
              Recall:	 0.333333333333
================== STATISTICS ==================
    Rule evaluations:	21060
          Total time:	155.1425s
