================ SETTINGS ================
               files:	['./Data/Ragni/Class4/cv4_train_113.pl']
             verbose:	3
                   l:	None
                   p:	0.8
           beam_size:	100
                seed:	None
                 log:	./Logs/Ragni/Class4/cv4_rno113.log
              target:	rno113/2
   symmetry_breaking:	False
           probfoil1:	False
================= FINAL THEORY =================
rno113(A,B) :- all113(B,C), all113(C,A)
==================== SCORES ====================
            Accuracy:	 0.964285714286
           Precision:	 1.0
              Recall:	 0.2
================== STATISTICS ==================
    Rule evaluations:	17163
          Total time:	229.2981s
