================ SETTINGS ================
               files:	['./Data/Ragni/Class4/cv4_train_35.pl']
             verbose:	3
                   l:	7
                   p:	0.8
           beam_size:	100
                seed:	None
                 log:	./Logs/Ragni/Class4/cv4_rnvc35.log
              target:	rnvc35/2
   symmetry_breaking:	False
           probfoil1:	False
================= FINAL THEORY =================
rnvc35(A,B) :- no35(C,B), \+all35(C,A)
rnvc35(A,B) :- no35(B,C)
rnvc35(A,B) :- no35(A,C), \+all35(B,C)
rnvc35(A,B) :- somenot35(C,B), \+all35(A,C), \+somenot35(A,C)
rnvc35(A,B) :- somenot35(A,C), \+some35(C,B), \+somenot35(C,B), \+somenot35(B,C)
rnvc35(A,B) :- somenot35(B,C), \+all35(C,A), \+some35(C,A), \+somenot35(A,C), \+somenot35(C,A)
rnvc35(A,B) :- somenot35(C,A), \+all35(B,C), \+some35(B,C), \+somenot35(B,C)
==================== SCORES ====================
            Accuracy:	 0.929824561404
           Precision:	 1.0
              Recall:	 0.875
================== STATISTICS ==================
    Rule evaluations:	13805
          Total time:	128.5962s
