================ SETTINGS ================
               files:	['./Data/Ragni/Class4/cv4_train_104.pl']
             verbose:	3
                   l:	None
                   p:	0.8
           beam_size:	100
                seed:	None
                 log:	./Logs/Ragni/Class4/cv4_rno104.log
              target:	rno104/2
   symmetry_breaking:	False
           probfoil1:	False
================= FINAL THEORY =================
rno104(A,B) :- all104(A,C), some104(C,B)
==================== SCORES ====================
            Accuracy:	 0.931034482759
           Precision:	 0.5
              Recall:	 0.125
================== STATISTICS ==================
    Rule evaluations:	29344
          Total time:	464.4623s
