================ SETTINGS ================
               files:	['./Data/Ragni/Class4/cv4_train_51.pl']
             verbose:	3
                   l:	7
                   p:	0.8
           beam_size:	100
                seed:	None
                 log:	./Logs/Ragni/Class4/cv4_rnvc51.log
              target:	rnvc51/2
   symmetry_breaking:	False
           probfoil1:	False
================= FINAL THEORY =================
rnvc51(A,B) :- no51(C,B), \+all51(A,C), \+all51(C,A), \+some51(A,C), \+some51(C,A), \+somenot51(A,C)
rnvc51(A,B) :- somenot51(A,C), \+all51(C,B), \+all51(B,C), \+some51(C,B), \+no51(C,B), \+no51(B,C)
rnvc51(A,B) :- somenot51(C,B), \+all51(A,C), \+all51(C,A), \+some51(A,C), \+no51(A,C), \+no51(C,A)
rnvc51(A,B) :- no51(B,C), no51(A,C)
rnvc51(A,B) :- some51(C,A), some51(C,B)
==================== SCORES ====================
            Accuracy:	 1.0
           Precision:	 1.0
              Recall:	 1.0
================== STATISTICS ==================
    Rule evaluations:	17223
          Total time:	161.5083s
