================ SETTINGS ================
               files:	['./Data/Ragni/Class4/cv4_train_133.pl']
             verbose:	3
                   l:	None
                   p:	0.8
           beam_size:	100
                seed:	None
                 log:	./Logs/Ragni/Class4/cv4_rall133.log
              target:	rall133/2
   symmetry_breaking:	False
           probfoil1:	False
================= FINAL THEORY =================
rall133(A,B) :- no133(C,A), all133(C,B)
==================== SCORES ====================
            Accuracy:	 0.965517241379
           Precision:	 1.0
              Recall:	 0.2
================== STATISTICS ==================
    Rule evaluations:	20049
          Total time:	1182.3064s
