================ SETTINGS ================
               files:	['./Data/Ragni/Class4/cv4_train_59.pl']
             verbose:	3
                   l:	None
                   p:	0.8
           beam_size:	100
                seed:	None
                 log:	./Logs/Ragni/Class4/cv4_rall59.log
              target:	rall59/2
   symmetry_breaking:	False
           probfoil1:	False
================= FINAL THEORY =================
rall59(A,B) :- some59(B,C), somenot59(C,A)
rall59(A,B) :- somenot59(C,B), all59(C,A)
rall59(A,B) :- some59(A,C), no59(C,B)
==================== SCORES ====================
            Accuracy:	 0.827586206897
           Precision:	 1.0
              Recall:	 0.130434782609
================== STATISTICS ==================
    Rule evaluations:	99932
          Total time:	4650.4012s
