================ SETTINGS ================
               files:	['./Data/Ragni/Class4/cv4_train_96.pl']
             verbose:	3
                   l:	None
                   p:	0.8
           beam_size:	100
                seed:	None
                 log:	./Logs/Ragni/Class4/cv4_rsomenot96.log
              target:	rsomenot96/2
   symmetry_breaking:	False
           probfoil1:	False
================= FINAL THEORY =================
rsomenot96(A,B) :- somenot96(A,C), no96(C,B)
==================== SCORES ====================
            Accuracy:	 0.927419354839
           Precision:	 1.0
              Recall:	 0.1
================== STATISTICS ==================
    Rule evaluations:	30880
          Total time:	602.6904s
