================ SETTINGS ================
               files:	['./Data/Ragni/Class4/cv4_train_95.pl']
             verbose:	3
                   l:	None
                   p:	0.8
           beam_size:	100
                seed:	None
                 log:	./Logs/Ragni/Class4/cv4_rno95.log
              target:	rno95/2
   symmetry_breaking:	False
           probfoil1:	False
================= FINAL THEORY =================
rno95(A,B) :- all95(A,C), all95(C,B)
==================== SCORES ====================
            Accuracy:	 0.959016393443
           Precision:	 0.5
              Recall:	 0.2
================== STATISTICS ==================
    Rule evaluations:	24665
          Total time:	336.8880s
