================ SETTINGS ================
               files:	['./Data/Ragni/Class4/cv4_train_63.pl']
             verbose:	3
                   l:	None
                   p:	0.8
           beam_size:	100
                seed:	None
                 log:	./Logs/Ragni/Class4/cv4_rno63.log
              target:	rno63/2
   symmetry_breaking:	False
           probfoil1:	False
================= FINAL THEORY =================
rno63(A,B) :- all63(A,C), no63(C,B)
==================== SCORES ====================
            Accuracy:	 0.990740740741
           Precision:	 1.0
              Recall:	 0.5
================== STATISTICS ==================
    Rule evaluations:	14279
          Total time:	1012.6854s
