================ SETTINGS ================
               files:	['./Data/Ragni/Class4/cv4_train_108.pl']
             verbose:	3
                   l:	None
                   p:	0.8
           beam_size:	100
                seed:	None
                 log:	./Logs/Ragni/Class4/cv4_rnvc108.log
              target:	rnvc108/2
   symmetry_breaking:	False
           probfoil1:	False
================= FINAL THEORY =================
rnvc108(A,B) :- somenot108(C,A), \+all108(C,B), \+all108(B,C), \+no108(C,B), \+no108(B,C)
rnvc108(A,B) :- no108(C,A), \+all108(B,C), \+no108(B,C), \+somenot108(C,B), \+somenot108(B,C)
rnvc108(A,B) :- some108(C,A), \+all108(C,B), \+some108(C,B), \+some108(B,C), \+no108(C,B), \+somenot108(C,B)
rnvc108(A,B) :- no108(A,C), no108(C,B)
rnvc108(A,B) :- somenot108(B,C), somenot108(A,C)
rnvc108(A,B) :- somenot108(C,B), some108(A,C)
==================== SCORES ====================
            Accuracy:	 1.0
           Precision:	 1.0
              Recall:	 1.0
================== STATISTICS ==================
    Rule evaluations:	13661
          Total time:	205.3979s
