================ SETTINGS ================
               files:	['./Data/Ragni/Class4/cv4_train_5.pl']
             verbose:	3
                   l:	None
                   p:	0.8
           beam_size:	100
                seed:	None
                 log:	./Logs/Ragni/Class4/cv4_rall5.log
              target:	rall5/2
   symmetry_breaking:	False
           probfoil1:	False
================= FINAL THEORY =================
rall5(A,B) :- all5(A,C), all5(C,B)
==================== SCORES ====================
            Accuracy:	 0.973214285714
           Precision:	 1.0
              Recall:	 0.25
================== STATISTICS ==================
    Rule evaluations:	15204
          Total time:	257.3319s
