================ SETTINGS ================
               files:	['./Data/Ragni/Class9/cv9_train_7.pl']
             verbose:	3
                   l:	None
                   p:	0.8
           beam_size:	100
                seed:	None
                 log:	./Logs/Ragni/Class9/cv9_rno7.log
              target:	rno7/2
   symmetry_breaking:	False
           probfoil1:	False
================= FINAL THEORY =================
rno7(A,B) :- somenot7(C,A), no7(B,C)
==================== SCORES ====================
            Accuracy:	 0.836206896552
           Precision:	 1.0
              Recall:	 0.05
================== STATISTICS ==================
    Rule evaluations:	74927
          Total time:	3177.2785s
