================ SETTINGS ================
               files:	['./Data/Ragni/Class9/cv9_train_108.pl']
             verbose:	3
                   l:	None
                   p:	0.8
           beam_size:	100
                seed:	None
                 log:	./Logs/Ragni/Class9/cv9_rno108.log
              target:	rno108/2
   symmetry_breaking:	False
           probfoil1:	False
================= FINAL THEORY =================
rno108(A,B) :- all108(C,A), all108(B,C)
rno108(A,B) :- no108(B,C), some108(C,A)
==================== SCORES ====================
            Accuracy:	 0.964285714286
           Precision:	 1.0
              Recall:	 0.428571428571
================== STATISTICS ==================
    Rule evaluations:	20668
          Total time:	394.6083s
