================ SETTINGS ================
               files:	['./Data/Ragni/Class9/cv9_train_124.pl']
             verbose:	3
                   l:	None
                   p:	0.8
           beam_size:	100
                seed:	None
                 log:	./Logs/Ragni/Class9/cv9_rno124.log
              target:	rno124/2
   symmetry_breaking:	False
           probfoil1:	False
================= FINAL THEORY =================
rno124(A,B) :- no124(A,C), all124(C,B)
==================== SCORES ====================
            Accuracy:	 0.955357142857
           Precision:	 0.5
              Recall:	 0.2
================== STATISTICS ==================
    Rule evaluations:	24658
          Total time:	309.3304s
