================ SETTINGS ================
               files:	['./Data/Ragni/Class9/cv9_train_39.pl']
             verbose:	3
                   l:	None
                   p:	0.8
           beam_size:	100
                seed:	None
                 log:	./Logs/Ragni/Class9/cv9_rall39.log
              target:	rall39/2
   symmetry_breaking:	False
           probfoil1:	False
================= FINAL THEORY =================
rall39(A,B) :- all39(A,C), all39(C,B)
==================== SCORES ====================
            Accuracy:	 0.898305084746
           Precision:	 0.5
              Recall:	 0.0833333333333
================== STATISTICS ==================
    Rule evaluations:	32155
          Total time:	2688.1085s
