================ SETTINGS ================
               files:	['./Data/Ragni/Class9/cv9_train_58.pl']
             verbose:	3
                   l:	7
                   p:	0.8
           beam_size:	100
                seed:	None
                 log:	./Logs/Ragni/Class9/cv9_rno58.log
              target:	rno58/2
   symmetry_breaking:	False
           probfoil1:	False
================= FINAL THEORY =================
rno58(A,B) :- no58(B,C), all58(A,C)
==================== SCORES ====================
            Accuracy:	 0.933333333333
           Precision:	 1.0
              Recall:	 0.111111111111
================== STATISTICS ==================
    Rule evaluations:	28477
          Total time:	289.8571s
