================ SETTINGS ================
               files:	['./Data/Ragni/Class9/cv9_train_91.pl']
             verbose:	3
                   l:	None
                   p:	0.8
           beam_size:	100
                seed:	None
                 log:	./Logs/Ragni/Class9/cv9_rall91.log
              target:	rall91/2
   symmetry_breaking:	False
           probfoil1:	False
================= FINAL THEORY =================
rall91(A,B) :- all91(C,B), all91(A,C)
==================== SCORES ====================
            Accuracy:	 0.964912280702
           Precision:	 0.5
              Recall:	 0.25
================== STATISTICS ==================
    Rule evaluations:	21442
          Total time:	811.2210s
