================ SETTINGS ================
               files:	['./Data/Ragni/Class9/cv9_train_75.pl']
             verbose:	3
                   l:	None
                   p:	0.8
           beam_size:	100
                seed:	None
                 log:	./Logs/Ragni/Class9/cv9_rall75.log
              target:	rall75/2
   symmetry_breaking:	False
           probfoil1:	False
================= FINAL THEORY =================
rall75(A,B) :- no75(A,C), no75(C,B)
==================== SCORES ====================
            Accuracy:	 0.901785714286
           Precision:	 1.0
              Recall:	 0.0833333333333
================== STATISTICS ==================
    Rule evaluations:	55997
          Total time:	1779.2482s
