================ SETTINGS ================
               files:	['./Data/Ragni/Class9/cv9_train_32.pl']
             verbose:	3
                   l:	None
                   p:	0.8
           beam_size:	100
                seed:	None
                 log:	./Logs/Ragni/Class9/cv9_rno32.log
              target:	rno32/2
   symmetry_breaking:	False
           probfoil1:	False
================= FINAL THEORY =================
rno32(A,B) :- no32(C,A), all32(B,C)
==================== SCORES ====================
            Accuracy:	 0.881818181818
           Precision:	 0.5
              Recall:	 0.0769230769231
================== STATISTICS ==================
    Rule evaluations:	33360
          Total time:	3291.5416s
