================ SETTINGS ================
               files:	['./Data/Ragni/Class9/cv9_train_119.pl']
             verbose:	3
                   l:	None
                   p:	0.8
           beam_size:	100
                seed:	None
                 log:	./Logs/Ragni/Class9/cv9_rsome119.log
              target:	rsome119/2
   symmetry_breaking:	False
           probfoil1:	False
================= FINAL THEORY =================
rsome119(A,B) :- some119(C,B), somenot119(A,C)
==================== SCORES ====================
            Accuracy:	 0.805084745763
           Precision:	 1.0
              Recall:	 0.08
================== STATISTICS ==================
    Rule evaluations:	70477
          Total time:	1125.4138s
