================ SETTINGS ================
               files:	['./Data/Ragni/Class9/cv9_train_100.pl']
             verbose:	3
                   l:	None
                   p:	0.8
           beam_size:	100
                seed:	None
                 log:	./Logs/Ragni/Class9/cv9_rsomenot100.log
              target:	rsomenot100/2
   symmetry_breaking:	False
           probfoil1:	False
================= FINAL THEORY =================
rsomenot100(A,B) :- all100(C,B), \+all100(C,A), \+no100(A,C), \+no100(C,A), \+somenot100(C,A), \+some100(C,A)
rsomenot100(A,B) :- somenot100(C,A), all100(B,C)
rsomenot100(A,B) :- no100(A,C), some100(C,B)
==================== SCORES ====================
            Accuracy:	 0.922413793103
           Precision:	 1.0
              Recall:	 0.4375
================== STATISTICS ==================
    Rule evaluations:	41394
          Total time:	1423.0370s
