================ SETTINGS ================
               files:	['./Data/Ragni/Class9/cv9_train_44.pl']
             verbose:	3
                   l:	None
                   p:	0.8
           beam_size:	100
                seed:	None
                 log:	./Logs/Ragni/Class9/cv9_rnvc44.log
              target:	rnvc44/2
   symmetry_breaking:	False
           probfoil1:	False
================= FINAL THEORY =================
rnvc44(A,B) :- somenot44(C,B), \+all44(C,A)
rnvc44(A,B) :- some44(C,B), \+no44(C,A)
rnvc44(A,B) :- somenot44(B,C), \+some44(A,C)
rnvc44(A,B) :- some44(B,C), \+all44(C,A), \+no44(A,C)
rnvc44(A,B) :- no44(C,B), \+all44(A,C), \+some44(C,A), \+no44(A,C)
rnvc44(A,B) :- no44(B,C), \+all44(A,C), \+all44(C,A), \+some44(A,C), \+no44(A,C), \+somenot44(A,C)
==================== SCORES ====================
            Accuracy:	 0.964285714286
           Precision:	 1.0
              Recall:	 0.933333333333
================== STATISTICS ==================
    Rule evaluations:	8687
          Total time:	501.4938s
