================ SETTINGS ================
               files:	['./Data/Ragni/Class9/cv9_train_105.pl']
             verbose:	3
                   l:	None
                   p:	0.8
           beam_size:	100
                seed:	None
                 log:	./Logs/Ragni/Class9/cv9_rall105.log
              target:	rall105/2
   symmetry_breaking:	False
           probfoil1:	False
================= FINAL THEORY =================
rall105(A,B) :- no105(A,C), no105(C,B)
rall105(A,B) :- no105(B,C), all105(C,A)
==================== SCORES ====================
            Accuracy:	 0.973684210526
           Precision:	 1.0
              Recall:	 0.4
================== STATISTICS ==================
    Rule evaluations:	22024
          Total time:	362.4808s
