================ SETTINGS ================
               files:	['./Data/Ragni/Class9/cv9_train_48.pl']
             verbose:	3
                   l:	7
                   p:	0.8
           beam_size:	100
                seed:	None
                 log:	./Logs/Ragni/Class9/cv9_rall48.log
              target:	rall48/2
   symmetry_breaking:	False
           probfoil1:	False
================= FINAL THEORY =================
rall48(A,B) :- no48(C,A), no48(B,C)
==================== SCORES ====================
            Accuracy:	 0.911764705882
           Precision:	 1.0
              Recall:	 0.1
================== STATISTICS ==================
    Rule evaluations:	39836
          Total time:	328.0385s
