================ SETTINGS ================
               files:	['./Data/Ragni/Class9/cv9_train_53.pl']
             verbose:	3
                   l:	None
                   p:	0.8
           beam_size:	100
                seed:	None
                 log:	./Logs/Ragni/Class9/cv9_rall53.log
              target:	rall53/2
   symmetry_breaking:	False
           probfoil1:	False
================= FINAL THEORY =================
rall53(A,B) :- no53(C,A), all53(C,B)
==================== SCORES ====================
            Accuracy:	 0.922413793103
           Precision:	 0.5
              Recall:	 0.111111111111
================== STATISTICS ==================
    Rule evaluations:	29275
          Total time:	429.8116s
