================ SETTINGS ================
               files:	['./Data/Ragni/Class9/cv9_train_80.pl']
             verbose:	3
                   l:	None
                   p:	0.8
           beam_size:	100
                seed:	None
                 log:	./Logs/Ragni/Class9/cv9_rsomenot80.log
              target:	rsomenot80/2
   symmetry_breaking:	False
           probfoil1:	False
================= FINAL THEORY =================
rsomenot80(A,B) :- all80(B,C), somenot80(C,A)
rsomenot80(A,B) :- some80(B,C), no80(C,A)
==================== SCORES ====================
            Accuracy:	 0.847457627119
           Precision:	 1.0
              Recall:	 0.1
================== STATISTICS ==================
    Rule evaluations:	91035
          Total time:	5297.1389s
