================ SETTINGS ================
               files:	['./Data/Ragni/Class9/cv9_train_14.pl']
             verbose:	3
                   l:	None
                   p:	0.8
           beam_size:	100
                seed:	None
                 log:	./Logs/Ragni/Class9/cv9_rsome14.log
              target:	rsome14/2
   symmetry_breaking:	False
           probfoil1:	False
================= FINAL THEORY =================
rsome14(A,B) :- somenot14(C,A), some14(B,C)
rsome14(A,B) :- some14(C,B), somenot14(A,C)
==================== SCORES ====================
            Accuracy:	 0.783333333333
           Precision:	 1.0
              Recall:	 0.103448275862
================== STATISTICS ==================
    Rule evaluations:	48278
          Total time:	1016.4934s
