================ SETTINGS ================
               files:	['./Data/Ragni/Class9/cv9_train_35.pl']
             verbose:	3
                   l:	None
                   p:	0.8
           beam_size:	100
                seed:	None
                 log:	./Logs/Ragni/Class9/cv9_rnvc35.log
              target:	rnvc35/2
   symmetry_breaking:	False
           probfoil1:	False
================= FINAL THEORY =================
rnvc35(A,B) :- no35(A,C), \+all35(B,C)
rnvc35(A,B) :- no35(C,B), \+all35(C,A)
rnvc35(A,B) :- no35(B,C), \+all35(A,C), \+all35(C,A)
rnvc35(A,B) :- somenot35(C,B), \+all35(A,C), \+somenot35(A,C)
rnvc35(A,B) :- somenot35(B,C), \+somenot35(A,C)
rnvc35(A,B) :- somenot35(A,C), \+some35(C,B), \+somenot35(C,B), \+somenot35(B,C)
rnvc35(A,B) :- some35(C,B), \+all35(A,C), \+some35(A,C), \+no35(C,A), \+somenot35(A,C)
rnvc35(A,B) :- all35(C,B), \+all35(A,C), \+some35(A,C), \+some35(C,A), \+no35(C,A)
rnvc35(A,B) :- all35(B,C), \+all35(C,A), \+some35(C,A), \+no35(A,C), \+no35(C,A), \+somenot35(C,A)
==================== SCORES ====================
            Accuracy:	 0.98275862069
           Precision:	 1.0
              Recall:	 0.970588235294
================== STATISTICS ==================
    Rule evaluations:	13533
          Total time:	1779.6507s
