================ SETTINGS ================
               files:	['./Data/Ragni/Class9/cv9_train_110.pl']
             verbose:	3
                   l:	None
                   p:	0.8
           beam_size:	100
                seed:	None
                 log:	./Logs/Ragni/Class9/cv9_rall110.log
              target:	rall110/2
   symmetry_breaking:	False
           probfoil1:	False
================= FINAL THEORY =================
rall110(A,B) :- no110(B,C), all110(C,A)
==================== SCORES ====================
            Accuracy:	 0.973684210526
           Precision:	 0.5
              Recall:	 0.333333333333
================== STATISTICS ==================
    Rule evaluations:	37125
          Total time:	690.1774s
