================ SETTINGS ================
               files:	['./Data/Ragni/Class9/cv9_train_55.pl']
             verbose:	3
                   l:	None
                   p:	0.8
           beam_size:	100
                seed:	None
                 log:	./Logs/Ragni/Class9/cv9_rall55.log
              target:	rall55/2
   symmetry_breaking:	False
           probfoil1:	False
================= FINAL THEORY =================
rall55(A,B) :- no55(C,A), \+some55(C,B), \+somenot55(C,B), \+somenot55(B,C)
==================== SCORES ====================
            Accuracy:	 0.916666666667
           Precision:	 0.5
              Recall:	 0.4
================== STATISTICS ==================
    Rule evaluations:	46611
          Total time:	748.0682s
