================ SETTINGS ================
               files:	['./Data/Ragni/Class9/cv9_train_109.pl']
             verbose:	3
                   l:	None
                   p:	0.8
           beam_size:	100
                seed:	None
                 log:	./Logs/Ragni/Class9/cv9_rall109.log
              target:	rall109/2
   symmetry_breaking:	False
           probfoil1:	False
================= FINAL THEORY =================
rall109(A,B) :- all109(C,B), some109(A,C)
rall109(A,B) :- no109(C,A), somenot109(C,B)
rall109(A,B) :- no109(A,C), some109(B,C)
==================== SCORES ====================
            Accuracy:	 0.910714285714
           Precision:	 1.0
              Recall:	 0.230769230769
================== STATISTICS ==================
    Rule evaluations:	64088
          Total time:	2959.7982s
