================ SETTINGS ================
               files:	['./Data/Ragni/Class9/cv9_train_15.pl']
             verbose:	3
                   l:	None
                   p:	0.8
           beam_size:	100
                seed:	None
                 log:	./Logs/Ragni/Class9/cv9_rsome15.log
              target:	rsome15/2
   symmetry_breaking:	False
           probfoil1:	False
================= FINAL THEORY =================
rsome15(A,B) :- no15(C,B), no15(A,C)
rsome15(A,B) :- some15(A,C), all15(B,C)
rsome15(A,B) :- some15(B,C), all15(C,A)
==================== SCORES ====================
            Accuracy:	 0.830508474576
           Precision:	 1.0
              Recall:	 0.2
================== STATISTICS ==================
    Rule evaluations:	95987
          Total time:	1850.8975s
