================ SETTINGS ================
               files:	['./Data/Ragni/Class9/cv9_train_126.pl']
             verbose:	3
                   l:	None
                   p:	0.8
           beam_size:	100
                seed:	None
                 log:	./Logs/Ragni/Class9/cv9_rsomenot126.log
              target:	rsomenot126/2
   symmetry_breaking:	False
           probfoil1:	False
================= FINAL THEORY =================
rsomenot126(A,B) :- no126(C,B), some126(A,C)
==================== SCORES ====================
            Accuracy:	 0.939655172414
           Precision:	 0.5
              Recall:	 0.142857142857
================== STATISTICS ==================
    Rule evaluations:	28200
          Total time:	312.4402s
