================ SETTINGS ================
               files:	['./Data/Ragni/Class9/cv9_train_70.pl']
             verbose:	3
                   l:	None
                   p:	0.8
           beam_size:	100
                seed:	None
                 log:	./Logs/Ragni/Class9/cv9_rsome70.log
              target:	rsome70/2
   symmetry_breaking:	False
           probfoil1:	False
================= FINAL THEORY =================
rsome70(A,B) :- no70(B,C), some70(A,C)
rsome70(A,B) :- somenot70(C,A), all70(B,C)
rsome70(A,B) :- some70(B,C), some70(C,A)
rsome70(A,B) :- all70(C,B), some70(A,C)
==================== SCORES ====================
            Accuracy:	 0.847457627119
           Precision:	 1.0
              Recall:	 0.28
================== STATISTICS ==================
    Rule evaluations:	121808
          Total time:	5050.9324s
