================ SETTINGS ================
               files:	['./Data/Ragni/Class9/cv9_train_99.pl']
             verbose:	3
                   l:	None
                   p:	0.8
           beam_size:	100
                seed:	None
                 log:	./Logs/Ragni/Class9/cv9_rsomenot99.log
              target:	rsomenot99/2
   symmetry_breaking:	False
           probfoil1:	False
================= FINAL THEORY =================
rsomenot99(A,B) :- somenot99(A,C), \+all99(B,C), \+some99(C,B), \+some99(B,C), \+somenot99(C,B), \+somenot99(B,C), \+all99(C,B)
rsomenot99(A,B) :- some99(C,A), all99(C,B)
==================== SCORES ====================
            Accuracy:	 0.901785714286
           Precision:	 1.0
              Recall:	 0.214285714286
================== STATISTICS ==================
    Rule evaluations:	46975
          Total time:	1335.5240s
