================ SETTINGS ================
               files:	['./Data/Ragni/Class9/cv9_train_31.pl']
             verbose:	3
                   l:	None
                   p:	0.8
           beam_size:	100
                seed:	None
                 log:	./Logs/Ragni/Class9/cv9_rno31.log
              target:	rno31/2
   symmetry_breaking:	False
           probfoil1:	False
================= FINAL THEORY =================
rno31(A,B) :- no31(C,B), \+some31(A,C), \+some31(C,A), \+no31(C,A), \+somenot31(A,C), \+all31(A,C), \+somenot31(C,A)
==================== SCORES ====================
            Accuracy:	 0.96
           Precision:	 1.0
              Recall:	 0.333333333333
================== STATISTICS ==================
    Rule evaluations:	16526
          Total time:	2004.2802s
