================ SETTINGS ================
               files:	['./Data/Ragni/Class9/cv9_train_16.pl']
             verbose:	3
                   l:	None
                   p:	0.8
           beam_size:	100
                seed:	None
                 log:	./Logs/Ragni/Class9/cv9_rsomenot16.log
              target:	rsomenot16/2
   symmetry_breaking:	False
           probfoil1:	False
================= FINAL THEORY =================
rsomenot16(A,B) :- some16(C,A), all16(C,B)
==================== SCORES ====================
            Accuracy:	 0.946428571429
           Precision:	 1.0
              Recall:	 0.142857142857
================== STATISTICS ==================
    Rule evaluations:	23854
          Total time:	378.3820s
