================ SETTINGS ================
               files:	['./Data/Ragni/Class9/cv9_train_69.pl']
             verbose:	3
                   l:	None
                   p:	0.8
           beam_size:	100
                seed:	None
                 log:	./Logs/Ragni/Class9/cv9_rall69.log
              target:	rall69/2
   symmetry_breaking:	False
           probfoil1:	False
================= FINAL THEORY =================
rall69(A,B) :- all69(C,B), no69(C,A)
rall69(A,B) :- no69(B,C), some69(A,C)
==================== SCORES ====================
            Accuracy:	 0.925925925926
           Precision:	 1.0
              Recall:	 0.2
================== STATISTICS ==================
    Rule evaluations:	46215
          Total time:	1223.2359s
