================ SETTINGS ================
               files:	['./Data/Ragni/Class9/cv9_train_129.pl']
             verbose:	3
                   l:	None
                   p:	0.8
           beam_size:	100
                seed:	None
                 log:	./Logs/Ragni/Class9/cv9_rsome129.log
              target:	rsome129/2
   symmetry_breaking:	False
           probfoil1:	False
================= FINAL THEORY =================
rsome129(A,B) :- somenot129(B,C), somenot129(C,A)
==================== SCORES ====================
            Accuracy:	 0.918181818182
           Precision:	 1.0
              Recall:	 0.181818181818
================== STATISTICS ==================
    Rule evaluations:	24654
          Total time:	362.0926s
