================ SETTINGS ================
               files:	['./Data/Ragni/Class9/cv9_train_57.pl']
             verbose:	3
                   l:	None
                   p:	0.8
           beam_size:	100
                seed:	None
                 log:	./Logs/Ragni/Class9/cv9_rno57.log
              target:	rno57/2
   symmetry_breaking:	False
           probfoil1:	False
================= FINAL THEORY =================
rno57(A,B) :- some57(C,A), all57(B,C)
==================== SCORES ====================
            Accuracy:	 0.991071428571
           Precision:	 0.5
              Recall:	 1.0
================== STATISTICS ==================
    Rule evaluations:	13040
          Total time:	265.3733s
