================ SETTINGS ================
               files:	['./Data/Ragni/Class9/cv9_train_53.pl']
             verbose:	3
                   l:	7
                   p:	0.8
           beam_size:	100
                seed:	None
                 log:	./Logs/Ragni/Class9/cv9_rsomenot53.log
              target:	rsomenot53/2
   symmetry_breaking:	False
           probfoil1:	False
================= FINAL THEORY =================
rsomenot53(A,B) :- some53(B,C), \+some53(C,A), \+no53(A,C), \+all53(A,C), \+all53(C,A), \+some53(A,C)
rsomenot53(A,B) :- somenot53(C,B), no53(C,A)
==================== SCORES ====================
            Accuracy:	 0.896551724138
           Precision:	 0.8
              Recall:	 0.266666666667
================== STATISTICS ==================
    Rule evaluations:	41522
          Total time:	478.7032s
