================ SETTINGS ================
               files:	['./Data/Ragni/Class9/cv9_train_17.pl']
             verbose:	3
                   l:	None
                   p:	0.8
           beam_size:	100
                seed:	None
                 log:	./Logs/Ragni/Class9/cv9_rall17.log
              target:	rall17/2
   symmetry_breaking:	False
           probfoil1:	False
================= FINAL THEORY =================
rall17(A,B) :- no17(A,C), all17(C,B)
==================== SCORES ====================
            Accuracy:	 0.950819672131
           Precision:	 0.5
              Recall:	 0.166666666667
================== STATISTICS ==================
    Rule evaluations:	26176
          Total time:	278.9239s
