================ SETTINGS ================
               files:	['./Data/Ragni/Class9/cv9_train_112.pl']
             verbose:	3
                   l:	None
                   p:	0.8
           beam_size:	100
                seed:	None
                 log:	./Logs/Ragni/Class9/cv9_rsomenot112.log
              target:	rsomenot112/2
   symmetry_breaking:	False
           probfoil1:	False
================= FINAL THEORY =================
rsomenot112(A,B) :- somenot112(A,C), \+all112(B,C), \+somenot112(C,B), \+all112(C,B)
==================== SCORES ====================
            Accuracy:	 0.850877192982
           Precision:	 0.5
              Recall:	 0.235294117647
================== STATISTICS ==================
    Rule evaluations:	85941
          Total time:	3084.2076s
