================ SETTINGS ================
               files:	['./Data/Ragni/Class9/cv9_train_19.pl']
             verbose:	3
                   l:	None
                   p:	0.8
           beam_size:	100
                seed:	None
                 log:	./Logs/Ragni/Class9/cv9_rall19.log
              target:	rall19/2
   symmetry_breaking:	False
           probfoil1:	False
================= FINAL THEORY =================
rall19(A,B) :- no19(C,B), all19(C,A)
==================== SCORES ====================
            Accuracy:	 0.935483870968
           Precision:	 1.0
              Recall:	 0.2
================== STATISTICS ==================
    Rule evaluations:	22830
          Total time:	497.6491s
