================ SETTINGS ================
               files:	['./Data/Ragni/Class9/cv9_train_43.pl']
             verbose:	3
                   l:	None
                   p:	0.8
           beam_size:	100
                seed:	None
                 log:	./Logs/Ragni/Class9/cv9_rnvc43.log
              target:	rnvc43/2
   symmetry_breaking:	False
           probfoil1:	False
================= FINAL THEORY =================
rnvc43(A,B) :- some43(A,C), \+all43(C,B), \+all43(B,C), \+some43(C,B), \+no43(C,B), \+somenot43(C,B)
==================== SCORES ====================
            Accuracy:	 1.0
           Precision:	 1.0
              Recall:	 1.0
================== STATISTICS ==================
    Rule evaluations:	1238
          Total time:	21.0143s
