================ SETTINGS ================
               files:	['./Data/Ragni/Class9/cv9_train_122.pl']
             verbose:	3
                   l:	None
                   p:	0.8
           beam_size:	100
                seed:	None
                 log:	./Logs/Ragni/Class9/cv9_rno122.log
              target:	rno122/2
   symmetry_breaking:	False
           probfoil1:	False
================= FINAL THEORY =================
rno122(A,B) :- all122(C,A), all122(B,C)
==================== SCORES ====================
            Accuracy:	 0.956896551724
           Precision:	 0.5
              Recall:	 0.2
================== STATISTICS ==================
    Rule evaluations:	24367
          Total time:	367.4535s
