================ SETTINGS ================
               files:	['./Data/Ragni/Class9/cv9_train_37.pl']
             verbose:	3
                   l:	None
                   p:	0.8
           beam_size:	100
                seed:	None
                 log:	./Logs/Ragni/Class9/cv9_rsome37.log
              target:	rsome37/2
   symmetry_breaking:	False
           probfoil1:	False
================= FINAL THEORY =================
rsome37(A,B) :- all37(C,B), all37(C,A)
==================== SCORES ====================
            Accuracy:	 0.974576271186
           Precision:	 0.5
              Recall:	 0.333333333333
================== STATISTICS ==================
    Rule evaluations:	26887
          Total time:	3103.4636s
