================ SETTINGS ================
               files:	['./Data/Ragni/Class9/cv9_train_62.pl']
             verbose:	3
                   l:	None
                   p:	0.8
           beam_size:	100
                seed:	None
                 log:	./Logs/Ragni/Class9/cv9_rno62.log
              target:	rno62/2
   symmetry_breaking:	False
           probfoil1:	False
================= FINAL THEORY =================
rno62(A,B) :- some62(C,A), all62(C,B)
==================== SCORES ====================
            Accuracy:	 0.983333333333
           Precision:	 1.0
              Recall:	 0.333333333333
================== STATISTICS ==================
    Rule evaluations:	29229
          Total time:	458.9228s
