================ SETTINGS ================
               files:	['./Data/Ragni/Class9/cv9_train_118.pl']
             verbose:	3
                   l:	None
                   p:	0.8
           beam_size:	100
                seed:	None
                 log:	./Logs/Ragni/Class9/cv9_rsome118.log
              target:	rsome118/2
   symmetry_breaking:	False
           probfoil1:	False
================= FINAL THEORY =================
rsome118(A,B) :- somenot118(B,C), some118(C,A)
==================== SCORES ====================
            Accuracy:	 0.9
           Precision:	 1.0
              Recall:	 0.142857142857
================== STATISTICS ==================
    Rule evaluations:	63483
          Total time:	1477.4889s
