================ SETTINGS ================
               files:	['./Data/Ragni/Class9/cv9_train_113.pl']
             verbose:	3
                   l:	None
                   p:	0.8
           beam_size:	100
                seed:	None
                 log:	./Logs/Ragni/Class9/cv9_rsomenot113.log
              target:	rsomenot113/2
   symmetry_breaking:	False
           probfoil1:	False
================= FINAL THEORY =================
rsomenot113(A,B) :- some113(B,C), some113(C,A)
==================== SCORES ====================
            Accuracy:	 0.881355932203
           Precision:	 1.0
              Recall:	 0.0666666666667
================== STATISTICS ==================
    Rule evaluations:	50437
          Total time:	2611.4056s
