================ SETTINGS ================
               files:	['./Data/Ragni/Class9/cv9_train_20.pl']
             verbose:	3
                   l:	None
                   p:	0.8
           beam_size:	100
                seed:	None
                 log:	./Logs/Ragni/Class9/cv9_rall20.log
              target:	rall20/2
   symmetry_breaking:	False
           probfoil1:	False
================= FINAL THEORY =================
rall20(A,B) :- no20(A,C), all20(B,C)
==================== SCORES ====================
            Accuracy:	 0.932203389831
           Precision:	 1.0
              Recall:	 0.111111111111
================== STATISTICS ==================
    Rule evaluations:	28970
          Total time:	611.7012s
