================ SETTINGS ================
               files:	['./Data/Ragni/Class9/cv9_train_8.pl']
             verbose:	3
                   l:	None
                   p:	0.8
           beam_size:	100
                seed:	None
                 log:	./Logs/Ragni/Class9/cv9_rsomenot8.log
              target:	rsomenot8/2
   symmetry_breaking:	False
           probfoil1:	False
================= FINAL THEORY =================
rsomenot8(A,B) :- somenot8(C,B), some8(C,A)
==================== SCORES ====================
            Accuracy:	 0.87962962963
           Precision:	 1.0
              Recall:	 0.0714285714286
================== STATISTICS ==================
    Rule evaluations:	56855
          Total time:	2776.3080s
