================ SETTINGS ================
               files:	['./Data/Ragni/Class9/cv9_train_105.pl']
             verbose:	3
                   l:	None
                   p:	0.8
           beam_size:	100
                seed:	None
                 log:	./Logs/Ragni/Class9/cv9_rsomenot105.log
              target:	rsomenot105/2
   symmetry_breaking:	False
           probfoil1:	False
================= FINAL THEORY =================
rsomenot105(A,B) :- somenot105(A,C), some105(C,B)
==================== SCORES ====================
            Accuracy:	 0.894736842105
           Precision:	 1.0
              Recall:	 0.0769230769231
================== STATISTICS ==================
    Rule evaluations:	31686
          Total time:	522.1449s
