================ SETTINGS ================
               files:	['./Data/Ragni/Class9/cv9_train_1.pl']
             verbose:	3
                   l:	None
                   p:	0.8
           beam_size:	100
                seed:	None
                 log:	./Logs/Ragni/Class9/cv9_rnvc1.log
              target:	rnvc1/2
   symmetry_breaking:	False
           probfoil1:	False
================= FINAL THEORY =================
rnvc1(A,B) :- some1(A,C), \+all1(C,B)
rnvc1(A,B) :- no1(C,B), \+all1(A,C), \+all1(C,A)
rnvc1(A,B) :- somenot1(C,B), \+all1(A,C), \+all1(C,A)
rnvc1(A,B) :- somenot1(B,C), \+all1(A,C)
rnvc1(A,B) :- no1(B,C), \+all1(A,C), \+all1(C,A), \+some1(C,A)
rnvc1(A,B) :- some1(C,B), \+all1(C,A)
rnvc1(A,B) :- some1(B,C), \+all1(C,A), \+no1(A,C), \+no1(C,A)
==================== SCORES ====================
            Accuracy:	 0.982142857143
           Precision:	 1.0
              Recall:	 0.967741935484
================== STATISTICS ==================
    Rule evaluations:	6820
          Total time:	123.2136s
