================ SETTINGS ================
               files:	['./Data/Ragni/Class9/cv9_train_13.pl']
             verbose:	3
                   l:	None
                   p:	0.8
           beam_size:	100
                seed:	None
                 log:	./Logs/Ragni/Class9/cv9_rnvc13.log
              target:	rnvc13/2
   symmetry_breaking:	False
           probfoil1:	False
================= FINAL THEORY =================
rnvc13(A,B) :- no13(C,B), \+all13(A,C)
rnvc13(A,B) :- some13(C,B), \+all13(C,A)
rnvc13(A,B) :- no13(B,C), \+all13(A,C), \+all13(C,A)
rnvc13(A,B) :- some13(B,C), \+all13(C,A), \+no13(C,A)
rnvc13(A,B) :- somenot13(B,C), \+all13(C,A)
rnvc13(A,B) :- somenot13(C,B), \+all13(A,C), \+all13(C,A), \+no13(C,A), \+somenot13(A,C)
rnvc13(A,B) :- all13(B,C), \+all13(C,A), \+some13(C,A), \+no13(A,C), \+somenot13(C,A)
rnvc13(A,B) :- all13(C,B), \+all13(A,C), \+all13(C,A), \+some13(A,C), \+some13(C,A)
==================== SCORES ====================
            Accuracy:	 1.0
           Precision:	 1.0
              Recall:	 1.0
================== STATISTICS ==================
    Rule evaluations:	9760
          Total time:	1090.7315s
