================ SETTINGS ================
               files:	['./Data/Ragni/Class9/cv9_train_25.pl']
             verbose:	3
                   l:	None
                   p:	0.8
           beam_size:	100
                seed:	None
                 log:	./Logs/Ragni/Class9/cv9_rno25.log
              target:	rno25/2
   symmetry_breaking:	False
           probfoil1:	False
================= FINAL THEORY =================
rno25(A,B) :- no25(A,C), all25(B,C)
==================== SCORES ====================
            Accuracy:	 0.957627118644
           Precision:	 1.0
              Recall:	 0.166666666667
================== STATISTICS ==================
    Rule evaluations:	18698
          Total time:	348.0902s
