================ SETTINGS ================
               files:	['./Data/Ragni/Class9/cv9_train_26.pl']
             verbose:	3
                   l:	None
                   p:	0.8
           beam_size:	100
                seed:	None
                 log:	./Logs/Ragni/Class9/cv9_rno26.log
              target:	rno26/2
   symmetry_breaking:	False
           probfoil1:	False
================= FINAL THEORY =================
rno26(A,B) :- all26(A,C), no26(C,B)
==================== SCORES ====================
            Accuracy:	 0.968253968254
           Precision:	 0.5
              Recall:	 0.25
================== STATISTICS ==================
    Rule evaluations:	22718
          Total time:	289.1299s
