================ SETTINGS ================
               files:	['./Data/Ragni/Class9/cv9_train_101.pl']
             verbose:	3
                   l:	None
                   p:	0.8
           beam_size:	100
                seed:	None
                 log:	./Logs/Ragni/Class9/cv9_rsome101.log
              target:	rsome101/2
   symmetry_breaking:	False
           probfoil1:	False
================= FINAL THEORY =================
rsome101(A,B) :- all101(B,C), some101(A,C)
==================== SCORES ====================
            Accuracy:	 0.929824561404
           Precision:	 0.5
              Recall:	 0.125
================== STATISTICS ==================
    Rule evaluations:	29368
          Total time:	806.8130s
