================ SETTINGS ================
               files:	['./Data/Ragni/Class9/cv9_train_75.pl']
             verbose:	3
                   l:	None
                   p:	0.8
           beam_size:	100
                seed:	None
                 log:	./Logs/Ragni/Class9/cv9_rno75.log
              target:	rno75/2
   symmetry_breaking:	False
           probfoil1:	False
================= FINAL THEORY =================
rno75(A,B) :- no75(C,B), some75(A,C)
==================== SCORES ====================
            Accuracy:	 0.910714285714
           Precision:	 1.0
              Recall:	 0.0909090909091
================== STATISTICS ==================
    Rule evaluations:	52354
          Total time:	1636.5537s
