================ SETTINGS ================
               files:	['./Data/Ragni/Class9/cv9_train_103.pl']
             verbose:	3
                   l:	None
                   p:	0.8
           beam_size:	100
                seed:	None
                 log:	./Logs/Ragni/Class9/cv9_rsome103.log
              target:	rsome103/2
   symmetry_breaking:	False
           probfoil1:	False
================= FINAL THEORY =================
rsome103(A,B) :- all103(A,C), some103(C,B)
rsome103(A,B) :- no103(C,B), no103(A,C)
==================== SCORES ====================
            Accuracy:	 0.891666666667
           Precision:	 1.0
              Recall:	 0.133333333333
================== STATISTICS ==================
    Rule evaluations:	81798
          Total time:	1412.7929s
