================ SETTINGS ================
               files:	['./Data/Ragni/Class9/cv9_train_123.pl']
             verbose:	3
                   l:	None
                   p:	0.8
           beam_size:	100
                seed:	None
                 log:	./Logs/Ragni/Class9/cv9_rsomenot123.log
              target:	rsomenot123/2
   symmetry_breaking:	False
           probfoil1:	False
================= FINAL THEORY =================
rsomenot123(A,B) :- somenot123(A,C), some123(C,B)
==================== SCORES ====================
            Accuracy:	 0.885245901639
           Precision:	 1.0
              Recall:	 0.125
================== STATISTICS ==================
    Rule evaluations:	28460
          Total time:	596.6094s
