================ SETTINGS ================
               files:	['./Data/Ragni/Class9/cv9_train_29.pl']
             verbose:	3
                   l:	None
                   p:	0.8
           beam_size:	100
                seed:	None
                 log:	./Logs/Ragni/Class9/cv9_rsomenot29.log
              target:	rsomenot29/2
   symmetry_breaking:	False
           probfoil1:	False
================= FINAL THEORY =================
rsomenot29(A,B) :- somenot29(C,B), \+somenot29(A,C), \+no29(A,C), \+all29(A,C), \+all29(C,A), \+no29(C,A)
rsomenot29(A,B) :- somenot29(B,C), no29(A,C)
==================== SCORES ====================
            Accuracy:	 0.803278688525
           Precision:	 1.0
              Recall:	 0.172413793103
================== STATISTICS ==================
    Rule evaluations:	46628
          Total time:	8641.7324s
