================ SETTINGS ================
               files:	['./Data/Ragni/Class9/cv9_train_4.pl']
             verbose:	3
                   l:	None
                   p:	0.8
           beam_size:	100
                seed:	None
                 log:	./Logs/Ragni/Class9/cv9_rsome4.log
              target:	rsome4/2
   symmetry_breaking:	False
           probfoil1:	False
================= FINAL THEORY =================
rsome4(A,B) :- somenot4(A,C), some4(B,C)
rsome4(A,B) :- somenot4(C,A), all4(C,B)
==================== SCORES ====================
            Accuracy:	 0.841666666667
           Precision:	 1.0
              Recall:	 0.0952380952381
================== STATISTICS ==================
    Rule evaluations:	88097
          Total time:	4599.0439s
