================ SETTINGS ================
               files:	['./Data/Ragni/Class9/cv9_train_114.pl']
             verbose:	3
                   l:	None
                   p:	0.8
           beam_size:	100
                seed:	None
                 log:	./Logs/Ragni/Class9/cv9_rsome114.log
              target:	rsome114/2
   symmetry_breaking:	False
           probfoil1:	False
================= FINAL THEORY =================
rsome114(A,B) :- all114(A,C), some114(C,B)
==================== SCORES ====================
            Accuracy:	 0.948275862069
           Precision:	 0.5
              Recall:	 0.166666666667
================== STATISTICS ==================
    Rule evaluations:	26812
          Total time:	1066.4658s
