================ SETTINGS ================
               files:	['./Data/Ragni/Class9/cv9_train_3.pl']
             verbose:	3
                   l:	None
                   p:	0.8
           beam_size:	100
                seed:	None
                 log:	./Logs/Ragni/Class9/cv9_rsome3.log
              target:	rsome3/2
   symmetry_breaking:	False
           probfoil1:	False
================= FINAL THEORY =================
rsome3(A,B) :- all3(C,A), all3(B,C)
==================== SCORES ====================
            Accuracy:	 0.927272727273
           Precision:	 1.0
              Recall:	 0.111111111111
================== STATISTICS ==================
    Rule evaluations:	25294
          Total time:	1169.9489s
