================ SETTINGS ================
               files:	['./Data/Ragni/Class9/cv9_train_2.pl']
             verbose:	3
                   l:	None
                   p:	0.8
           beam_size:	100
                seed:	None
                 log:	./Logs/Ragni/Class9/cv9_rsome2.log
              target:	rsome2/2
   symmetry_breaking:	False
           probfoil1:	False
================= FINAL THEORY =================
rsome2(A,B) :- all2(C,A), somenot2(B,C)
rsome2(A,B) :- all2(B,C), somenot2(C,A)
rsome2(A,B) :- some2(A,C), somenot2(C,B)
==================== SCORES ====================
            Accuracy:	 0.946428571429
           Precision:	 1.0
              Recall:	 0.4
================== STATISTICS ==================
    Rule evaluations:	35174
          Total time:	1773.4613s
