================ SETTINGS ================
               files:	['./Data/Ragni/Class9/cv9_train_9.pl']
             verbose:	3
                   l:	None
                   p:	0.8
           beam_size:	100
                seed:	None
                 log:	./Logs/Ragni/Class9/cv9_rno9.log
              target:	rno9/2
   symmetry_breaking:	False
           probfoil1:	False
================= FINAL THEORY =================
rno9(A,B) :- no9(C,B), no9(A,C)
==================== SCORES ====================
            Accuracy:	 0.923728813559
           Precision:	 1.0
              Recall:	 0.1
================== STATISTICS ==================
    Rule evaluations:	29261
          Total time:	1122.7607s
