================ SETTINGS ================
               files:	['./Data/Ragni/Class9/cv9_train_99.pl']
             verbose:	3
                   l:	None
                   p:	0.8
           beam_size:	100
                seed:	None
                 log:	./Logs/Ragni/Class9/cv9_rno99.log
              target:	rno99/2
   symmetry_breaking:	False
           probfoil1:	False
================= FINAL THEORY =================
rno99(A,B) :- all99(B,C), all99(C,A)
==================== SCORES ====================
            Accuracy:	 0.982142857143
           Precision:	 1.0
              Recall:	 0.333333333333
================== STATISTICS ==================
    Rule evaluations:	19877
          Total time:	268.1573s
