================ SETTINGS ================
               files:	['./Data/Ragni/Class9/cv9_train_16.pl']
             verbose:	3
                   l:	None
                   p:	0.8
           beam_size:	100
                seed:	None
                 log:	./Logs/Ragni/Class9/cv9_rsome16.log
              target:	rsome16/2
   symmetry_breaking:	False
           probfoil1:	False
================= FINAL THEORY =================
rsome16(A,B) :- some16(A,C), all16(C,B)
==================== SCORES ====================
            Accuracy:	 0.910714285714
           Precision:	 0.5
              Recall:	 0.1
================== STATISTICS ==================
    Rule evaluations:	30544
          Total time:	302.9916s
