================ SETTINGS ================
               files:	['./Data/Ragni/Class9/cv9_train_111.pl']
             verbose:	3
                   l:	None
                   p:	0.8
           beam_size:	100
                seed:	None
                 log:	./Logs/Ragni/Class9/cv9_rall111.log
              target:	rall111/2
   symmetry_breaking:	False
           probfoil1:	False
================= FINAL THEORY =================
rall111(A,B) :- all111(A,C), \+all111(B,C), \+some111(C,B), \+some111(B,C), \+no111(C,B), \+somenot111(C,B), \+somenot111(B,C)
==================== SCORES ====================
            Accuracy:	 0.983050847458
           Precision:	 0.5
              Recall:	 1.0
================== STATISTICS ==================
    Rule evaluations:	33070
          Total time:	516.4930s
