================ SETTINGS ================
               files:	['./Data/Ragni/Class9/cv9_train_44.pl']
             verbose:	3
                   l:	7
                   p:	0.8
           beam_size:	100
                seed:	None
                 log:	./Logs/Ragni/Class9/cv9_rsomenot44.log
              target:	rsomenot44/2
   symmetry_breaking:	False
           probfoil1:	False
================= FINAL THEORY =================
rsomenot44(A,B) :- no44(A,C), some44(B,C)
rsomenot44(A,B) :- all44(A,C), some44(C,B)
==================== SCORES ====================
            Accuracy:	 0.866071428571
           Precision:	 1.0
              Recall:	 0.166666666667
================== STATISTICS ==================
    Rule evaluations:	55687
          Total time:	580.9957s
