================ SETTINGS ================
               files:	['./Data/Ragni/Class9/cv9_train_28.pl']
             verbose:	3
                   l:	None
                   p:	0.8
           beam_size:	100
                seed:	None
                 log:	./Logs/Ragni/Class9/cv9_rno28.log
              target:	rno28/2
   symmetry_breaking:	False
           probfoil1:	False
================= FINAL THEORY =================
rno28(A,B) :- no28(B,C), some28(A,C)
==================== SCORES ====================
            Accuracy:	 0.982456140351
           Precision:	 1.0
              Recall:	 0.5
================== STATISTICS ==================
    Rule evaluations:	33400
          Total time:	584.1278s
