================ SETTINGS ================
               files:	['./Data/Ragni/Class9/cv9_train_62.pl']
             verbose:	3
                   l:	None
                   p:	0.8
           beam_size:	100
                seed:	None
                 log:	./Logs/Ragni/Class9/cv9_rsome62.log
              target:	rsome62/2
   symmetry_breaking:	False
           probfoil1:	False
================= FINAL THEORY =================
rsome62(A,B) :- somenot62(B,C), \+some62(A,C), \+no62(A,C), \+no62(C,A), \+somenot62(A,C), \+some62(C,A), \+somenot62(C,A)
rsome62(A,B) :- no62(A,C), all62(C,B)
rsome62(A,B) :- some62(A,C), somenot62(C,B)
rsome62(A,B) :- some62(C,B), no62(C,A)
==================== SCORES ====================
            Accuracy:	 0.85
           Precision:	 1.0
              Recall:	 0.307692307692
================== STATISTICS ==================
    Rule evaluations:	127750
          Total time:	4186.9927s
