================ SETTINGS ================
               files:	['./Data/Ragni/Class9/cv9_train_33.pl']
             verbose:	3
                   l:	None
                   p:	0.8
           beam_size:	100
                seed:	None
                 log:	./Logs/Ragni/Class9/cv9_rall33.log
              target:	rall33/2
   symmetry_breaking:	False
           probfoil1:	False
================= FINAL THEORY =================
rall33(A,B) :- all33(C,B), all33(A,C)
==================== SCORES ====================
            Accuracy:	 0.941666666667
           Precision:	 0.5
              Recall:	 0.142857142857
================== STATISTICS ==================
    Rule evaluations:	26658
          Total time:	2997.5853s
