================ SETTINGS ================
               files:	['./Data/Ragni/Class9/cv9_train_85.pl']
             verbose:	3
                   l:	None
                   p:	0.8
           beam_size:	100
                seed:	None
                 log:	./Logs/Ragni/Class9/cv9_rnvc85.log
              target:	rnvc85/2
   symmetry_breaking:	False
           probfoil1:	False
================= FINAL THEORY =================
rnvc85(A,B) :- some85(C,B), \+all85(C,A)
rnvc85(A,B) :- no85(C,B), \+all85(A,C)
rnvc85(A,B) :- somenot85(B,C), \+all85(A,C), \+all85(C,A)
rnvc85(A,B) :- no85(A,C), \+all85(B,C), \+some85(B,C)
rnvc85(A,B) :- somenot85(C,A), \+all85(B,C), \+some85(B,C)
rnvc85(A,B) :- some85(B,C), \+all85(C,A), \+some85(C,A), \+no85(A,C), \+somenot85(C,A)
rnvc85(A,B) :- no85(C,A), \+all85(B,C)
rnvc85(A,B) :- all85(B,C), \+all85(C,A), \+some85(C,A), \+no85(A,C), \+no85(C,A), \+somenot85(A,C), \+somenot85(C,A)
==================== SCORES ====================
            Accuracy:	 1.0
           Precision:	 1.0
              Recall:	 1.0
================== STATISTICS ==================
    Rule evaluations:	9670
          Total time:	278.6591s
