================ SETTINGS ================
               files:	['./Data/Ragni/Class9/cv9_train_138.pl']
             verbose:	3
                   l:	None
                   p:	0.8
           beam_size:	100
                seed:	None
                 log:	./Logs/Ragni/Class9/cv9_rall138.log
              target:	rall138/2
   symmetry_breaking:	False
           probfoil1:	False
================= FINAL THEORY =================
rall138(A,B) :- all138(C,A), no138(C,B)
rall138(A,B) :- some138(B,C), all138(A,C)
==================== SCORES ====================
            Accuracy:	 0.956140350877
           Precision:	 1.0
              Recall:	 0.285714285714
================== STATISTICS ==================
    Rule evaluations:	26072
          Total time:	485.0147s
