================ SETTINGS ================
               files:	['./Data/Ragni/Class9/cv9_train_16.pl']
             verbose:	3
                   l:	None
                   p:	0.8
           beam_size:	100
                seed:	None
                 log:	./Logs/Ragni/Class9/cv9_rall16.log
              target:	rall16/2
   symmetry_breaking:	False
           probfoil1:	False
================= FINAL THEORY =================
rall16(A,B) :- all16(A,C), all16(C,B)
==================== SCORES ====================
            Accuracy:	 0.955357142857
           Precision:	 0.5
              Recall:	 0.2
================== STATISTICS ==================
    Rule evaluations:	24577
          Total time:	251.6139s
