================ SETTINGS ================
               files:	['./Data/Ragni/Class9/cv9_train_131.pl']
             verbose:	3
                   l:	None
                   p:	0.8
           beam_size:	100
                seed:	None
                 log:	./Logs/Ragni/Class9/cv9_rall131.log
              target:	rall131/2
   symmetry_breaking:	False
           probfoil1:	False
================= FINAL THEORY =================
rall131(A,B) :- all131(C,A), somenot131(B,C)
==================== SCORES ====================
            Accuracy:	 0.867924528302
           Precision:	 1.0
              Recall:	 0.0666666666667
================== STATISTICS ==================
    Rule evaluations:	63430
          Total time:	1966.4159s
