================ SETTINGS ================
               files:	['./Data/Ragni/Class9/cv9_train_73.pl']
             verbose:	3
                   l:	None
                   p:	0.8
           beam_size:	100
                seed:	None
                 log:	./Logs/Ragni/Class9/cv9_rnvc73.log
              target:	rnvc73/2
   symmetry_breaking:	False
           probfoil1:	False
================= FINAL THEORY =================
rnvc73(A,B) :- somenot73(B,C), \+all73(A,C)
rnvc73(A,B) :- some73(B,C), \+all73(C,A), \+no73(C,A), \+somenot73(C,A)
rnvc73(A,B) :- no73(C,B), \+all73(A,C), \+some73(A,C), \+somenot73(A,C)
rnvc73(A,B) :- no73(B,C), \+all73(A,C), \+some73(C,A), \+no73(C,A)
rnvc73(A,B) :- some73(C,B), \+all73(A,C), \+all73(C,A), \+some73(A,C), \+somenot73(C,A)
rnvc73(A,B) :- all73(B,C), \+all73(C,A), \+no73(A,C), \+somenot73(C,A)
rnvc73(A,B) :- no73(C,A), \+some73(B,C), \+no73(B,C)
==================== SCORES ====================
            Accuracy:	 0.966101694915
           Precision:	 1.0
              Recall:	 0.935483870968
================== STATISTICS ==================
    Rule evaluations:	14045
          Total time:	396.9215s
