================ SETTINGS ================
               files:	['./Data/Ragni/Class9/cv9_train_37.pl']
             verbose:	3
                   l:	None
                   p:	0.8
           beam_size:	100
                seed:	None
                 log:	./Logs/Ragni/Class9/cv9_rsomenot37.log
              target:	rsomenot37/2
   symmetry_breaking:	False
           probfoil1:	False
================= FINAL THEORY =================
rsomenot37(A,B) :- no37(C,B), some37(C,A)
==================== SCORES ====================
            Accuracy:	 0.983050847458
           Precision:	 0.5
              Recall:	 0.5
================== STATISTICS ==================
    Rule evaluations:	35672
          Total time:	4648.6567s
