================ SETTINGS ================
               files:	['./Data/Ragni/Class9/cv9_train_10.pl']
             verbose:	3
                   l:	None
                   p:	0.8
           beam_size:	100
                seed:	None
                 log:	./Logs/Ragni/Class9/cv9_rsomenot10.log
              target:	rsomenot10/2
   symmetry_breaking:	False
           probfoil1:	False
================= FINAL THEORY =================
rsomenot10(A,B) :- somenot10(C,B), all10(A,C)
==================== SCORES ====================
            Accuracy:	 0.95
           Precision:	 0.5
              Recall:	 0.166666666667
================== STATISTICS ==================
    Rule evaluations:	26982
          Total time:	581.0346s
