================ SETTINGS ================
               files:	['./Data/Ragni/Class9/cv9_train_49.pl']
             verbose:	3
                   l:	7
                   p:	0.8
           beam_size:	100
                seed:	None
                 log:	./Logs/Ragni/Class9/cv9_rsome49.log
              target:	rsome49/2
   symmetry_breaking:	False
           probfoil1:	False
================= FINAL THEORY =================
rsome49(A,B) :- somenot49(A,C), all49(C,B)
rsome49(A,B) :- some49(C,B), somenot49(C,A)
rsome49(A,B) :- some49(C,A), all49(B,C)
==================== SCORES ====================
            Accuracy:	 0.973684210526
           Precision:	 1.0
              Recall:	 0.571428571429
================== STATISTICS ==================
    Rule evaluations:	18849
          Total time:	195.7901s
