================ SETTINGS ================
               files:	['./Data/Ragni/Class9/cv9_train_74.pl']
             verbose:	3
                   l:	None
                   p:	0.8
           beam_size:	100
                seed:	None
                 log:	./Logs/Ragni/Class9/cv9_rsomenot74.log
              target:	rsomenot74/2
   symmetry_breaking:	False
           probfoil1:	False
================= FINAL THEORY =================
rsomenot74(A,B) :- all74(A,C), \+all74(C,B), \+all74(B,C), \+some74(C,B), \+no74(B,C), \+no74(C,B), \+somenot74(B,C)
rsomenot74(A,B) :- all74(B,C), somenot74(A,C)
==================== SCORES ====================
            Accuracy:	 0.9375
           Precision:	 1.0
              Recall:	 0.3
================== STATISTICS ==================
    Rule evaluations:	40166
          Total time:	1734.7969s
