================ SETTINGS ================
               files:	['./Data/Ragni/Class9/cv9_train_24.pl']
             verbose:	3
                   l:	None
                   p:	0.8
           beam_size:	100
                seed:	None
                 log:	./Logs/Ragni/Class9/cv9_rsomenot24.log
              target:	rsomenot24/2
   symmetry_breaking:	False
           probfoil1:	False
================= FINAL THEORY =================
rsomenot24(A,B) :- some24(C,A), all24(B,C)
==================== SCORES ====================
            Accuracy:	 0.893442622951
           Precision:	 1.0
              Recall:	 0.0714285714286
================== STATISTICS ==================
    Rule evaluations:	32626
          Total time:	575.7712s
