================ SETTINGS ================
               files:	['./Data/Ragni/Class9/cv9_train_81.pl']
             verbose:	3
                   l:	None
                   p:	0.8
           beam_size:	100
                seed:	None
                 log:	./Logs/Ragni/Class9/cv9_rsomenot81.log
              target:	rsomenot81/2
   symmetry_breaking:	False
           probfoil1:	False
================= FINAL THEORY =================
rsomenot81(A,B) :- somenot81(A,C), somenot81(C,B)
rsomenot81(A,B) :- all81(C,A), no81(C,B)
==================== SCORES ====================
            Accuracy:	 0.898305084746
           Precision:	 1.0
              Recall:	 0.2
================== STATISTICS ==================
    Rule evaluations:	60408
          Total time:	3596.0866s
