================ SETTINGS ================
               files:	['./Data/Ragni/Class9/cv9_train_14.pl']
             verbose:	3
                   l:	None
                   p:	0.8
           beam_size:	100
                seed:	None
                 log:	./Logs/Ragni/Class9/cv9_rall14.log
              target:	rall14/2
   symmetry_breaking:	False
           probfoil1:	False
================= FINAL THEORY =================
rall14(A,B) :- no14(B,C), some14(C,A)
rall14(A,B) :- no14(C,A), all14(B,C)
==================== SCORES ====================
            Accuracy:	 0.9
           Precision:	 1.0
              Recall:	 0.142857142857
================== STATISTICS ==================
    Rule evaluations:	48854
          Total time:	1068.1023s
