================ SETTINGS ================
               files:	['./Data/Ragni/Class9/cv9_train_64.pl']
             verbose:	3
                   l:	None
                   p:	0.8
           beam_size:	100
                seed:	None
                 log:	./Logs/Ragni/Class9/cv9_rsome64.log
              target:	rsome64/2
   symmetry_breaking:	False
           probfoil1:	False
================= FINAL THEORY =================
rsome64(A,B) :- some64(B,C), somenot64(A,C)
rsome64(A,B) :- all64(C,B), \+all64(A,C), \+all64(C,A), \+no64(A,C), \+no64(C,A), \+some64(C,A), \+somenot64(A,C)
rsome64(A,B) :- some64(C,B), all64(C,A)
==================== SCORES ====================
            Accuracy:	 0.866666666667
           Precision:	 1.0
              Recall:	 0.238095238095
================== STATISTICS ==================
    Rule evaluations:	98828
          Total time:	2097.9786s
