================ SETTINGS ================
               files:	['./Data/Ragni/Class9/cv9_train_22.pl']
             verbose:	3
                   l:	None
                   p:	0.8
           beam_size:	100
                seed:	None
                 log:	./Logs/Ragni/Class9/cv9_rall22.log
              target:	rall22/2
   symmetry_breaking:	False
           probfoil1:	False
================= FINAL THEORY =================
rall22(A,B) :- no22(A,C), all22(C,B)
==================== SCORES ====================
            Accuracy:	 0.885245901639
           Precision:	 1.0
              Recall:	 0.125
================== STATISTICS ==================
    Rule evaluations:	67352
          Total time:	1141.4644s
