================ SETTINGS ================
               files:	['./Data/Ragni/Class9/cv9_train_133.pl']
             verbose:	3
                   l:	None
                   p:	0.8
           beam_size:	100
                seed:	None
                 log:	./Logs/Ragni/Class9/cv9_rsome133.log
              target:	rsome133/2
   symmetry_breaking:	False
           probfoil1:	False
================= FINAL THEORY =================
rsome133(A,B) :- all133(C,A), \+all133(B,C), \+no133(C,B), \+no133(B,C), \+somenot133(C,B), \+all133(C,B), \+somenot133(B,C)
rsome133(A,B) :- somenot133(C,A), somenot133(B,C)
rsome133(A,B) :- all133(B,C), some133(A,C)
==================== SCORES ====================
            Accuracy:	 0.936363636364
           Precision:	 1.0
              Recall:	 0.363636363636
================== STATISTICS ==================
    Rule evaluations:	44532
          Total time:	2266.8013s
