================ SETTINGS ================
               files:	['./Data/Ragni/Class9/cv9_train_69.pl']
             verbose:	3
                   l:	None
                   p:	0.8
           beam_size:	100
                seed:	None
                 log:	./Logs/Ragni/Class9/cv9_rno69.log
              target:	rno69/2
   symmetry_breaking:	False
           probfoil1:	False
================= FINAL THEORY =================
rno69(A,B) :- all69(C,A), no69(B,C)
==================== SCORES ====================
            Accuracy:	 0.990740740741
           Precision:	 1.0
              Recall:	 0.5
================== STATISTICS ==================
    Rule evaluations:	16664
          Total time:	207.7137s
