================ SETTINGS ================
               files:	['./Data/Ragni/Class9/cv9_train_139.pl']
             verbose:	3
                   l:	None
                   p:	0.8
           beam_size:	100
                seed:	None
                 log:	./Logs/Ragni/Class9/cv9_rno139.log
              target:	rno139/2
   symmetry_breaking:	False
           probfoil1:	False
================= FINAL THEORY =================
rno139(A,B) :- no139(A,C), no139(C,B)
==================== SCORES ====================
            Accuracy:	 0.922413793103
           Precision:	 1.0
              Recall:	 0.1
================== STATISTICS ==================
    Rule evaluations:	27596
          Total time:	453.6802s
