================ SETTINGS ================
               files:	['./Data/Ragni/Class9/cv9_train_48.pl']
             verbose:	3
                   l:	7
                   p:	0.8
           beam_size:	100
                seed:	None
                 log:	./Logs/Ragni/Class9/cv9_rsomenot48.log
              target:	rsomenot48/2
   symmetry_breaking:	False
           probfoil1:	False
================= FINAL THEORY =================
rsomenot48(A,B) :- some48(C,A), all48(C,B)
==================== SCORES ====================
            Accuracy:	 0.872549019608
           Precision:	 1.0
              Recall:	 0.0714285714286
================== STATISTICS ==================
    Rule evaluations:	44569
          Total time:	405.9900s
