================ SETTINGS ================
               files:	['./Data/Ragni/Class9/cv9_train_100.pl']
             verbose:	3
                   l:	None
                   p:	0.8
           beam_size:	100
                seed:	None
                 log:	./Logs/Ragni/Class9/cv9_rsome100.log
              target:	rsome100/2
   symmetry_breaking:	False
           probfoil1:	False
================= FINAL THEORY =================
rsome100(A,B) :- some100(B,C), somenot100(A,C)
==================== SCORES ====================
            Accuracy:	 0.870689655172
           Precision:	 1.0
              Recall:	 0.117647058824
================== STATISTICS ==================
    Rule evaluations:	27391
          Total time:	797.5534s
