================ SETTINGS ================
               files:	['./Data/Ragni/Class9/cv9_train_139.pl']
             verbose:	3
                   l:	None
                   p:	0.8
           beam_size:	100
                seed:	None
                 log:	./Logs/Ragni/Class9/cv9_rsome139.log
              target:	rsome139/2
   symmetry_breaking:	False
           probfoil1:	False
================= FINAL THEORY =================
rsome139(A,B) :- all139(A,C), \+all139(C,B), \+all139(B,C), \+some139(B,C), \+some139(C,B), \+no139(C,B), \+somenot139(C,B)
rsome139(A,B) :- somenot139(B,C), no139(A,C)
==================== SCORES ====================
            Accuracy:	 0.905172413793
           Precision:	 1.0
              Recall:	 0.214285714286
================== STATISTICS ==================
    Rule evaluations:	44006
          Total time:	844.3513s
