================ SETTINGS ================
               files:	['./Data/Ragni/Class9/cv9_train_92.pl']
             verbose:	3
                   l:	7
                   p:	0.8
           beam_size:	100
                seed:	None
                 log:	./Logs/Ragni/Class9/cv9_rsome92.log
              target:	rsome92/2
   symmetry_breaking:	False
           probfoil1:	False
================= FINAL THEORY =================
rsome92(A,B) :- some92(C,A), no92(C,B)
rsome92(A,B) :- some92(C,B), somenot92(C,A)
rsome92(A,B) :- all92(B,C), somenot92(C,A)
==================== SCORES ====================
            Accuracy:	 0.931034482759
           Precision:	 1.0
              Recall:	 0.272727272727
================== STATISTICS ==================
    Rule evaluations:	51269
          Total time:	652.5201s
