================ SETTINGS ================
               files:	['./Data/Ragni/Class9/cv9_train_56.pl']
             verbose:	3
                   l:	None
                   p:	0.8
           beam_size:	100
                seed:	None
                 log:	./Logs/Ragni/Class9/cv9_rnvc56.log
              target:	rnvc56/2
   symmetry_breaking:	False
           probfoil1:	False
================= FINAL THEORY =================
rnvc56(A,B) :- no56(B,C), \+all56(A,C), \+some56(A,C), \+some56(C,A), \+no56(A,C), \+no56(C,A)
rnvc56(A,B) :- all56(B,C), somenot56(C,A)
==================== SCORES ====================
            Accuracy:	 1.0
           Precision:	 1.0
              Recall:	 1.0
================== STATISTICS ==================
    Rule evaluations:	3228
          Total time:	62.4265s
