================ SETTINGS ================
               files:	['./Data/Ragni/Class9/cv9_train_117.pl']
             verbose:	3
                   l:	None
                   p:	0.8
           beam_size:	100
                seed:	None
                 log:	./Logs/Ragni/Class9/cv9_rno117.log
              target:	rno117/2
   symmetry_breaking:	False
           probfoil1:	False
================= FINAL THEORY =================
rno117(A,B) :- all117(B,C), all117(C,A)
==================== SCORES ====================
            Accuracy:	 0.991525423729
           Precision:	 0.5
              Recall:	 1.0
================== STATISTICS ==================
    Rule evaluations:	13040
          Total time:	339.2332s
