================ SETTINGS ================
               files:	['./Data/Ragni/Class9/cv9_train_103.pl']
             verbose:	3
                   l:	None
                   p:	0.8
           beam_size:	100
                seed:	None
                 log:	./Logs/Ragni/Class9/cv9_rsomenot103.log
              target:	rsomenot103/2
   symmetry_breaking:	False
           probfoil1:	False
================= FINAL THEORY =================
rsomenot103(A,B) :- somenot103(A,C), some103(B,C)
rsomenot103(A,B) :- somenot103(C,A), all103(C,B)
==================== SCORES ====================
            Accuracy:	 0.883333333333
           Precision:	 1.0
              Recall:	 0.222222222222
================== STATISTICS ==================
    Rule evaluations:	63690
          Total time:	1122.3191s
