================ SETTINGS ================
               files:	['./Data/Ragni/Class9/cv9_train_33.pl']
             verbose:	3
                   l:	None
                   p:	0.8
           beam_size:	100
                seed:	None
                 log:	./Logs/Ragni/Class9/cv9_rsome33.log
              target:	rsome33/2
   symmetry_breaking:	False
           probfoil1:	False
================= FINAL THEORY =================
rsome33(A,B) :- some33(C,B), \+all33(A,C), \+all33(C,A), \+some33(A,C), \+some33(C,A), \+no33(A,C), \+somenot33(A,C)
rsome33(A,B) :- some33(A,C), no33(B,C)
rsome33(A,B) :- somenot33(A,C), no33(C,B)
==================== SCORES ====================
            Accuracy:	 0.733333333333
           Precision:	 1.0
              Recall:	 0.157894736842
================== STATISTICS ==================
    Rule evaluations:	101910
          Total time:	15074.1097s
