================ SETTINGS ================
               files:	['./Data/Ragni/Class9/cv9_train_120.pl']
             verbose:	3
                   l:	None
                   p:	0.8
           beam_size:	100
                seed:	None
                 log:	./Logs/Ragni/Class9/cv9_rno120.log
              target:	rno120/2
   symmetry_breaking:	False
           probfoil1:	False
================= FINAL THEORY =================
rno120(A,B) :- somenot120(B,C), \+all120(A,C), \+some120(A,C), \+some120(C,A), \+no120(A,C), \+somenot120(A,C), \+somenot120(C,A)
==================== SCORES ====================
            Accuracy:	 0.922413793103
           Precision:	 1.0
              Recall:	 0.181818181818
================== STATISTICS ==================
    Rule evaluations:	29607
          Total time:	666.0646s
