================ SETTINGS ================
               files:	['./Data/Ragni/Class9/cv9_train_71.pl']
             verbose:	3
                   l:	None
                   p:	0.8
           beam_size:	100
                seed:	None
                 log:	./Logs/Ragni/Class9/cv9_rall71.log
              target:	rall71/2
   symmetry_breaking:	False
           probfoil1:	False
================= FINAL THEORY =================
rall71(A,B) :- all71(A,C), no71(C,B)
rall71(A,B) :- no71(A,C), all71(C,B)
==================== SCORES ====================
            Accuracy:	 0.947368421053
           Precision:	 1.0
              Recall:	 0.25
================== STATISTICS ==================
    Rule evaluations:	37132
          Total time:	1034.8314s
