================ SETTINGS ================
               files:	['./Data/Ragni/Class9/cv9_train_62.pl']
             verbose:	3
                   l:	None
                   p:	0.8
           beam_size:	100
                seed:	None
                 log:	./Logs/Ragni/Class9/cv9_rsomenot62.log
              target:	rsomenot62/2
   symmetry_breaking:	False
           probfoil1:	False
================= FINAL THEORY =================
rsomenot62(A,B) :- all62(C,A), some62(B,C)
==================== SCORES ====================
            Accuracy:	 0.991666666667
           Precision:	 0.5
              Recall:	 1.0
================== STATISTICS ==================
    Rule evaluations:	13525
          Total time:	174.2554s
