================ SETTINGS ================
               files:	['./Data/Ragni/Class9/cv9_train_61.pl']
             verbose:	3
                   l:	None
                   p:	0.8
           beam_size:	100
                seed:	None
                 log:	./Logs/Ragni/Class9/cv9_rno61.log
              target:	rno61/2
   symmetry_breaking:	False
           probfoil1:	False
================= FINAL THEORY =================
rno61(A,B) :- no61(B,C), all61(A,C)
==================== SCORES ====================
            Accuracy:	 0.922413793103
           Precision:	 0.5
              Recall:	 0.111111111111
================== STATISTICS ==================
    Rule evaluations:	29554
          Total time:	409.0214s
