================ SETTINGS ================
               files:	['./Data/Ragni/Class9/cv9_train_45.pl']
             verbose:	3
                   l:	None
                   p:	0.8
           beam_size:	100
                seed:	None
                 log:	./Logs/Ragni/Class9/cv9_rno45.log
              target:	rno45/2
   symmetry_breaking:	False
           probfoil1:	False
================= FINAL THEORY =================
rno45(A,B) :- no45(C,B), all45(C,A)
==================== SCORES ====================
            Accuracy:	 0.991379310345
           Precision:	 1.0
              Recall:	 0.5
================== STATISTICS ==================
    Rule evaluations:	15229
          Total time:	1884.8169s
