================ SETTINGS ================
               files:	['./Data/Ragni/Class7/cv7_train_20.pl']
             verbose:	3
                   l:	None
                   p:	0.8
           beam_size:	100
                seed:	None
                 log:	./Logs/Ragni/Class7/cv7_rsome20.log
              target:	rsome20/2
   symmetry_breaking:	False
           probfoil1:	False
================= FINAL THEORY =================
rsome20(A,B) :- some20(C,B), \+some20(C,A), \+no20(A,C), \+all20(A,C), \+some20(A,C)
rsome20(A,B) :- somenot20(C,B), some20(A,C)
==================== SCORES ====================
            Accuracy:	 0.870689655172
           Precision:	 1.0
              Recall:	 0.285714285714
================== STATISTICS ==================
    Rule evaluations:	44286
          Total time:	1309.4774s
