================ SETTINGS ================
               files:	['./Data/Ragni/Class7/cv7_train_87.pl']
             verbose:	3
                   l:	None
                   p:	0.8
           beam_size:	100
                seed:	None
                 log:	./Logs/Ragni/Class7/cv7_rnvc87.log
              target:	rnvc87/2
   symmetry_breaking:	False
           probfoil1:	False
================= FINAL THEORY =================
rnvc87(A,B) :- some87(C,A), \+all87(C,B)
rnvc87(A,B) :- somenot87(C,A), \+all87(C,B), \+some87(B,C)
rnvc87(A,B) :- some87(A,C), \+all87(C,B), \+no87(C,B), \+no87(B,C)
rnvc87(A,B) :- no87(A,C), \+all87(B,C), \+some87(C,B), \+some87(B,C)
rnvc87(A,B) :- somenot87(A,C), \+all87(C,B), \+all87(B,C), \+some87(C,B), \+no87(C,B)
rnvc87(A,B) :- all87(A,C), \+all87(C,B), \+no87(C,B), \+somenot87(C,B), \+somenot87(B,C)
rnvc87(A,B) :- no87(C,A), \+all87(C,B), \+all87(B,C), \+some87(C,B), \+some87(B,C), \+no87(B,C)
rnvc87(A,B) :- all87(C,A), \+all87(B,C), \+some87(C,B), \+some87(B,C), \+no87(C,B), \+somenot87(C,B), \+somenot87(B,C)
==================== SCORES ====================
            Accuracy:	 1.0
           Precision:	 1.0
              Recall:	 1.0
================== STATISTICS ==================
    Rule evaluations:	20610
          Total time:	520.8936s
