================ SETTINGS ================
               files:	['./Data/Ragni/Class7/cv7_train_130.pl']
             verbose:	3
                   l:	None
                   p:	0.8
           beam_size:	100
                seed:	None
                 log:	./Logs/Ragni/Class7/cv7_rall130.log
              target:	rall130/2
   symmetry_breaking:	False
           probfoil1:	False
================= FINAL THEORY =================
rall130(A,B) :- all130(B,C), all130(C,A)
==================== SCORES ====================
            Accuracy:	 0.965517241379
           Precision:	 0.5
              Recall:	 0.25
================== STATISTICS ==================
    Rule evaluations:	22766
          Total time:	239.6825s
