================ SETTINGS ================
               files:	['./Data/Ragni/Class7/cv7_train_138.pl']
             verbose:	3
                   l:	None
                   p:	0.8
           beam_size:	100
                seed:	None
                 log:	./Logs/Ragni/Class7/cv7_rno138.log
              target:	rno138/2
   symmetry_breaking:	False
           probfoil1:	False
================= FINAL THEORY =================
rno138(A,B) :- all138(B,C), all138(C,A)
==================== SCORES ====================
            Accuracy:	 0.974576271186
           Precision:	 0.5
              Recall:	 0.333333333333
================== STATISTICS ==================
    Rule evaluations:	33039
          Total time:	477.1608s
