================ SETTINGS ================
               files:	['./Data/Ragni/Class7/cv7_train_67.pl']
             verbose:	3
                   l:	None
                   p:	0.8
           beam_size:	100
                seed:	None
                 log:	./Logs/Ragni/Class7/cv7_rall67.log
              target:	rall67/2
   symmetry_breaking:	False
           probfoil1:	False
================= FINAL THEORY =================
rall67(A,B) :- no67(C,A), all67(C,B)
==================== SCORES ====================
            Accuracy:	 0.940677966102
           Precision:	 1.0
              Recall:	 0.125
================== STATISTICS ==================
    Rule evaluations:	25139
          Total time:	456.8492s
