================ SETTINGS ================
               files:	['./Data/Ragni/Class7/cv7_train_137.pl']
             verbose:	3
                   l:	None
                   p:	0.8
           beam_size:	100
                seed:	None
                 log:	./Logs/Ragni/Class7/cv7_rsome137.log
              target:	rsome137/2
   symmetry_breaking:	False
           probfoil1:	False
================= FINAL THEORY =================
rsome137(A,B) :- all137(C,B), somenot137(C,A)
rsome137(A,B) :- no137(C,A), some137(C,B)
==================== SCORES ====================
            Accuracy:	 0.890909090909
           Precision:	 1.0
              Recall:	 0.2
================== STATISTICS ==================
    Rule evaluations:	61646
          Total time:	2256.6452s
