================ SETTINGS ================
               files:	['./Data/Ragni/Class7/cv7_train_99.pl']
             verbose:	3
                   l:	None
                   p:	0.8
           beam_size:	100
                seed:	None
                 log:	./Logs/Ragni/Class7/cv7_rno99.log
              target:	rno99/2
   symmetry_breaking:	False
           probfoil1:	False
================= FINAL THEORY =================
rno99(A,B) :- all99(A,C), no99(C,B)
==================== SCORES ====================
            Accuracy:	 0.983606557377
           Precision:	 1.0
              Recall:	 0.333333333333
================== STATISTICS ==================
    Rule evaluations:	19597
          Total time:	246.7866s
