================ SETTINGS ================
               files:	['./Data/Ragni/Class7/cv7_train_40.pl']
             verbose:	3
                   l:	None
                   p:	0.8
           beam_size:	100
                seed:	None
                 log:	./Logs/Ragni/Class7/cv7_rno40.log
              target:	rno40/2
   symmetry_breaking:	False
           probfoil1:	False
================= FINAL THEORY =================
rno40(A,B) :- all40(B,C), all40(C,A)
==================== SCORES ====================
            Accuracy:	 0.949152542373
           Precision:	 1.0
              Recall:	 0.142857142857
================== STATISTICS ==================
    Rule evaluations:	25483
          Total time:	674.7818s
