================ SETTINGS ================
               files:	['./Data/Ragni/Class7/cv7_train_64.pl']
             verbose:	3
                   l:	7
                   p:	0.8
           beam_size:	100
                seed:	None
                 log:	./Logs/Ragni/Class7/cv7_rsomenot64.log
              target:	rsomenot64/2
   symmetry_breaking:	False
           probfoil1:	False
================= FINAL THEORY =================
rsomenot64(A,B) :- some64(C,A), no64(B,C)
rsomenot64(A,B) :- somenot64(B,C), somenot64(C,A)
rsomenot64(A,B) :- somenot64(C,B), some64(A,C)
==================== SCORES ====================
            Accuracy:	 0.90350877193
           Precision:	 1.0
              Recall:	 0.266666666667
================== STATISTICS ==================
    Rule evaluations:	50912
          Total time:	627.3107s
