================ SETTINGS ================
               files:	['./Data/Ragni/Class7/cv7_train_69.pl']
             verbose:	3
                   l:	None
                   p:	0.8
           beam_size:	100
                seed:	None
                 log:	./Logs/Ragni/Class7/cv7_rsome69.log
              target:	rsome69/2
   symmetry_breaking:	False
           probfoil1:	False
================= FINAL THEORY =================
rsome69(A,B) :- all69(C,B), somenot69(C,A)
==================== SCORES ====================
            Accuracy:	 0.926229508197
           Precision:	 1.0
              Recall:	 0.1
================== STATISTICS ==================
    Rule evaluations:	30223
          Total time:	596.4112s
