================ SETTINGS ================
               files:	['./Data/Ragni/Class7/cv7_train_91.pl']
             verbose:	3
                   l:	None
                   p:	0.8
           beam_size:	100
                seed:	None
                 log:	./Logs/Ragni/Class7/cv7_rsome91.log
              target:	rsome91/2
   symmetry_breaking:	False
           probfoil1:	False
================= FINAL THEORY =================
rsome91(A,B) :- all91(B,C), some91(A,C)
==================== SCORES ====================
            Accuracy:	 0.913461538462
           Precision:	 0.5
              Recall:	 0.111111111111
================== STATISTICS ==================
    Rule evaluations:	30605
          Total time:	624.9886s
