================ SETTINGS ================
               files:	['./Data/Ragni/Class7/cv7_train_49.pl']
             verbose:	3
                   l:	7
                   p:	0.8
           beam_size:	100
                seed:	None
                 log:	./Logs/Ragni/Class7/cv7_rsome49.log
              target:	rsome49/2
   symmetry_breaking:	False
           probfoil1:	False
================= FINAL THEORY =================
rsome49(A,B) :- somenot49(A,C), all49(C,B)
==================== SCORES ====================
            Accuracy:	 0.946428571429
           Precision:	 1.0
              Recall:	 0.142857142857
================== STATISTICS ==================
    Rule evaluations:	22972
          Total time:	204.3845s
