================ SETTINGS ================
               files:	['./Data/Ragni/Class7/cv7_train_129.pl']
             verbose:	3
                   l:	None
                   p:	0.8
           beam_size:	100
                seed:	None
                 log:	./Logs/Ragni/Class7/cv7_rno129.log
              target:	rno129/2
   symmetry_breaking:	False
           probfoil1:	False
================= FINAL THEORY =================
rno129(A,B) :- all129(B,C), all129(C,A)
==================== SCORES ====================
            Accuracy:	 0.975
           Precision:	 0.5
              Recall:	 0.333333333333
================== STATISTICS ==================
    Rule evaluations:	33039
          Total time:	400.5584s
