================ SETTINGS ================
               files:	['./Data/Ragni/Class7/cv7_train_138.pl']
             verbose:	3
                   l:	None
                   p:	0.8
           beam_size:	100
                seed:	None
                 log:	./Logs/Ragni/Class7/cv7_rsomenot138.log
              target:	rsomenot138/2
   symmetry_breaking:	False
           probfoil1:	False
================= FINAL THEORY =================
rsomenot138(A,B) :- all138(C,A), \+all138(C,B), \+all138(B,C), \+some138(B,C), \+no138(C,B), \+no138(B,C), \+some138(C,B)
rsomenot138(A,B) :- some138(C,B), no138(C,A)
==================== SCORES ====================
            Accuracy:	 0.932203389831
           Precision:	 1.0
              Recall:	 0.384615384615
================== STATISTICS ==================
    Rule evaluations:	37325
          Total time:	1716.0605s
