================ SETTINGS ================
               files:	['./Data/Ragni/Class7/cv7_train_50.pl']
             verbose:	3
                   l:	7
                   p:	0.8
           beam_size:	100
                seed:	None
                 log:	./Logs/Ragni/Class7/cv7_rsome50.log
              target:	rsome50/2
   symmetry_breaking:	False
           probfoil1:	False
================= FINAL THEORY =================
rsome50(A,B) :- no50(C,A), some50(C,B)
rsome50(A,B) :- all50(B,C), somenot50(A,C)
==================== SCORES ====================
            Accuracy:	 0.881355932203
           Precision:	 1.0
              Recall:	 0.125
================== STATISTICS ==================
    Rule evaluations:	61952
          Total time:	665.6172s
