================ SETTINGS ================
               files:	['./Data/Ragni/Class7/cv7_train_17.pl']
             verbose:	3
                   l:	None
                   p:	0.8
           beam_size:	100
                seed:	None
                 log:	./Logs/Ragni/Class7/cv7_rnvc17.log
              target:	rnvc17/2
   symmetry_breaking:	False
           probfoil1:	False
================= FINAL THEORY =================
rnvc17(A,B) :- somenot17(A,C), \+all17(C,B), \+no17(B,C)
rnvc17(A,B) :- somenot17(C,A), \+no17(C,B), \+somenot17(B,C)
rnvc17(A,B) :- no17(A,C), \+all17(C,B), \+all17(B,C), \+some17(B,C)
rnvc17(A,B) :- no17(C,A), \+all17(C,B), \+all17(B,C), \+some17(B,C)
rnvc17(A,B) :- some17(C,A), \+all17(C,B), \+all17(B,C), \+some17(B,C)
rnvc17(A,B) :- some17(A,C), \+all17(C,B), \+some17(C,B), \+no17(B,C), \+somenot17(C,B), \+somenot17(B,C)
==================== SCORES ====================
            Accuracy:	 0.98275862069
           Precision:	 1.0
              Recall:	 0.964285714286
================== STATISTICS ==================
    Rule evaluations:	13487
          Total time:	225.7439s
