================ SETTINGS ================
               files:	['./Data/Ragni/Class7/cv7_train_95.pl']
             verbose:	3
                   l:	None
                   p:	0.8
           beam_size:	100
                seed:	None
                 log:	./Logs/Ragni/Class7/cv7_rnvc95.log
              target:	rnvc95/2
   symmetry_breaking:	False
           probfoil1:	False
================= FINAL THEORY =================
rnvc95(A,B) :- somenot95(B,C)
rnvc95(A,B) :- no95(A,C), \+all95(B,C)
rnvc95(A,B) :- some95(C,B), \+all95(A,C), \+no95(C,A)
rnvc95(A,B) :- no95(C,A), \+all95(B,C), \+some95(C,B)
rnvc95(A,B) :- some95(B,C), \+some95(C,A), \+somenot95(C,A)
rnvc95(A,B) :- no95(C,B), \+all95(A,C), \+all95(C,A), \+some95(A,C)
rnvc95(A,B) :- no95(B,C), \+some95(A,C), \+somenot95(A,C)
==================== SCORES ====================
            Accuracy:	 0.943396226415
           Precision:	 1.0
              Recall:	 0.9
================== STATISTICS ==================
    Rule evaluations:	10352
          Total time:	952.4805s
