================ SETTINGS ================
               files:	['./Data/Ragni/Class7/cv7_train_22.pl']
             verbose:	3
                   l:	None
                   p:	0.8
           beam_size:	100
                seed:	None
                 log:	./Logs/Ragni/Class7/cv7_rsomenot22.log
              target:	rsomenot22/2
   symmetry_breaking:	False
           probfoil1:	False
================= FINAL THEORY =================
rsomenot22(A,B) :- all22(C,A), some22(C,B)
==================== SCORES ====================
            Accuracy:	 0.901960784314
           Precision:	 0.5
              Recall:	 0.1
================== STATISTICS ==================
    Rule evaluations:	30243
          Total time:	474.2719s
