================ SETTINGS ================
               files:	['./Data/Ragni/Class7/cv7_train_43.pl']
             verbose:	3
                   l:	7
                   p:	0.8
           beam_size:	100
                seed:	None
                 log:	./Logs/Ragni/Class7/cv7_rall43.log
              target:	rall43/2
   symmetry_breaking:	False
           probfoil1:	False
================= FINAL THEORY =================
rall43(A,B) :- all43(A,C), \+some43(B,C), \+somenot43(C,B), \+some43(C,B), \+somenot43(B,C)
==================== SCORES ====================
            Accuracy:	 0.896551724138
           Precision:	 0.5
              Recall:	 0.333333333333
================== STATISTICS ==================
    Rule evaluations:	37545
          Total time:	233.1060s
