================ SETTINGS ================
               files:	['./Data/Ragni/Class7/cv7_train_17.pl']
             verbose:	3
                   l:	None
                   p:	0.8
           beam_size:	100
                seed:	None
                 log:	./Logs/Ragni/Class7/cv7_rsome17.log
              target:	rsome17/2
   symmetry_breaking:	False
           probfoil1:	False
================= FINAL THEORY =================
rsome17(A,B) :- somenot17(C,A), all17(B,C)
==================== SCORES ====================
            Accuracy:	 0.887931034483
           Precision:	 1.0
              Recall:	 0.0714285714286
================== STATISTICS ==================
    Rule evaluations:	32702
          Total time:	637.1494s
