================ SETTINGS ================
               files:	['./Data/Ragni/Class7/cv7_train_129.pl']
             verbose:	3
                   l:	None
                   p:	0.8
           beam_size:	100
                seed:	None
                 log:	./Logs/Ragni/Class7/cv7_rsomenot129.log
              target:	rsomenot129/2
   symmetry_breaking:	False
           probfoil1:	False
================= FINAL THEORY =================
rsomenot129(A,B) :- somenot129(C,B), all129(C,A)
rsomenot129(A,B) :- somenot129(A,C), all129(C,B)
==================== SCORES ====================
            Accuracy:	 0.925
           Precision:	 1.0
              Recall:	 0.25
================== STATISTICS ==================
    Rule evaluations:	31994
          Total time:	879.8320s
