================ SETTINGS ================
               files:	['./Data/Ragni/Class7/cv7_train_88.pl']
             verbose:	3
                   l:	None
                   p:	0.8
           beam_size:	100
                seed:	None
                 log:	./Logs/Ragni/Class7/cv7_rno88.log
              target:	rno88/2
   symmetry_breaking:	False
           probfoil1:	False
================= FINAL THEORY =================
rno88(A,B) :- no88(C,B), all88(A,C)
==================== SCORES ====================
            Accuracy:	 0.946428571429
           Precision:	 0.5
              Recall:	 0.166666666667
================== STATISTICS ==================
    Rule evaluations:	26223
          Total time:	348.3991s
