================ SETTINGS ================
               files:	['./Data/Ragni/Class7/cv7_train_132.pl']
             verbose:	3
                   l:	None
                   p:	0.8
           beam_size:	100
                seed:	None
                 log:	./Logs/Ragni/Class7/cv7_rsomenot132.log
              target:	rsomenot132/2
   symmetry_breaking:	False
           probfoil1:	False
================= FINAL THEORY =================
rsomenot132(A,B) :- somenot132(C,B), \+some132(A,C), \+some132(C,A), \+no132(C,A), \+somenot132(C,A), \+all132(A,C), \+no132(A,C)
rsomenot132(A,B) :- no132(A,C), somenot132(B,C)
==================== SCORES ====================
            Accuracy:	 0.875
           Precision:	 1.0
              Recall:	 0.176470588235
================== STATISTICS ==================
    Rule evaluations:	50016
          Total time:	1790.7747s
