================ SETTINGS ================
               files:	['./Data/Ragni/Class7/cv7_train_11.pl']
             verbose:	3
                   l:	None
                   p:	0.8
           beam_size:	100
                seed:	None
                 log:	./Logs/Ragni/Class7/cv7_rsome11.log
              target:	rsome11/2
   symmetry_breaking:	False
           probfoil1:	False
================= FINAL THEORY =================
rsome11(A,B) :- all11(B,C), no11(A,C)
rsome11(A,B) :- somenot11(C,A), no11(C,B)
rsome11(A,B) :- some11(A,C), all11(C,B)
==================== SCORES ====================
            Accuracy:	 0.858490566038
           Precision:	 1.0
              Recall:	 0.166666666667
================== STATISTICS ==================
    Rule evaluations:	91284
          Total time:	5300.0127s
