================ SETTINGS ================
               files:	['./Data/Ragni/Class7/cv7_train_128.pl']
             verbose:	3
                   l:	None
                   p:	0.8
           beam_size:	100
                seed:	None
                 log:	./Logs/Ragni/Class7/cv7_rnvc128.log
              target:	rnvc128/2
   symmetry_breaking:	False
           probfoil1:	False
================= FINAL THEORY =================
rnvc128(A,B) :- somenot128(A,C), \+all128(C,B)
rnvc128(A,B) :- some128(C,A), \+all128(C,B), \+no128(C,B)
rnvc128(A,B) :- no128(C,A), \+all128(B,C), \+some128(B,C)
rnvc128(A,B) :- somenot128(C,A), \+all128(C,B), \+all128(B,C)
rnvc128(A,B) :- no128(A,C), \+some128(B,C)
rnvc128(A,B) :- some128(A,C), \+all128(C,B), \+all128(B,C), \+no128(C,B), \+no128(B,C)
rnvc128(A,B) :- all128(A,C), \+all128(C,B), \+some128(C,B), \+no128(C,B), \+no128(B,C)
==================== SCORES ====================
            Accuracy:	 0.981481481481
           Precision:	 1.0
              Recall:	 0.96875
================== STATISTICS ==================
    Rule evaluations:	8252
          Total time:	168.8891s
