================ SETTINGS ================
               files:	['./Data/Ragni/Class7/cv7_train_39.pl']
             verbose:	3
                   l:	None
                   p:	0.8
           beam_size:	100
                seed:	None
                 log:	./Logs/Ragni/Class7/cv7_rsomenot39.log
              target:	rsomenot39/2
   symmetry_breaking:	False
           probfoil1:	False
================= FINAL THEORY =================
rsomenot39(A,B) :- some39(C,A), all39(C,B)
==================== SCORES ====================
            Accuracy:	 0.948275862069
           Precision:	 0.5
              Recall:	 0.166666666667
================== STATISTICS ==================
    Rule evaluations:	26708
          Total time:	497.6888s
