================ SETTINGS ================
               files:	['./Data/Ragni/Class7/cv7_train_51.pl']
             verbose:	3
                   l:	7
                   p:	0.8
           beam_size:	100
                seed:	None
                 log:	./Logs/Ragni/Class7/cv7_rsomenot51.log
              target:	rsomenot51/2
   symmetry_breaking:	False
           probfoil1:	False
================= FINAL THEORY =================
rsomenot51(A,B) :- somenot51(C,B), no51(A,C)
rsomenot51(A,B) :- all51(C,B), somenot51(A,C)
==================== SCORES ====================
            Accuracy:	 0.836363636364
           Precision:	 1.0
              Recall:	 0.1
================== STATISTICS ==================
    Rule evaluations:	68390
          Total time:	690.6345s
