================ SETTINGS ================
               files:	['./Data/Ragni/Class7/cv7_train_128.pl']
             verbose:	3
                   l:	None
                   p:	0.8
           beam_size:	100
                seed:	None
                 log:	./Logs/Ragni/Class7/cv7_rsome128.log
              target:	rsome128/2
   symmetry_breaking:	False
           probfoil1:	False
================= FINAL THEORY =================
rsome128(A,B) :- all128(B,C), some128(A,C)
==================== SCORES ====================
            Accuracy:	 0.925925925926
           Precision:	 1.0
              Recall:	 0.111111111111
================== STATISTICS ==================
    Rule evaluations:	30274
          Total time:	525.2830s
