================ SETTINGS ================
               files:	['./Data/Ragni/Class7/cv7_train_78.pl']
             verbose:	3
                   l:	None
                   p:	0.8
           beam_size:	100
                seed:	None
                 log:	./Logs/Ragni/Class7/cv7_rno78.log
              target:	rno78/2
   symmetry_breaking:	False
           probfoil1:	False
================= FINAL THEORY =================
rno78(A,B) :- no78(A,C), all78(C,B)
==================== SCORES ====================
            Accuracy:	 0.962264150943
           Precision:	 0.5
              Recall:	 0.25
================== STATISTICS ==================
    Rule evaluations:	22618
          Total time:	222.4546s
