================ SETTINGS ================
               files:	['./Data/Ragni/Class7/cv7_train_22.pl']
             verbose:	3
                   l:	None
                   p:	0.8
           beam_size:	100
                seed:	None
                 log:	./Logs/Ragni/Class7/cv7_rsome22.log
              target:	rsome22/2
   symmetry_breaking:	False
           probfoil1:	False
================= FINAL THEORY =================
rsome22(A,B) :- somenot22(C,B), \+all22(C,A), \+no22(C,A), \+somenot22(C,A), \+no22(A,C), \+some22(A,C)
rsome22(A,B) :- some22(A,C), no22(B,C)
rsome22(A,B) :- some22(C,A), some22(B,C)
==================== SCORES ====================
            Accuracy:	 0.921568627451
           Precision:	 1.0
              Recall:	 0.333333333333
================== STATISTICS ==================
    Rule evaluations:	66243
          Total time:	2374.1090s
