================ SETTINGS ================
               files:	['./Data/Ragni/Class7/cv7_train_15.pl']
             verbose:	3
                   l:	None
                   p:	0.8
           beam_size:	100
                seed:	None
                 log:	./Logs/Ragni/Class7/cv7_rsome15.log
              target:	rsome15/2
   symmetry_breaking:	False
           probfoil1:	False
================= FINAL THEORY =================
rsome15(A,B) :- no15(A,C), \+some15(C,B), \+some15(B,C), \+somenot15(C,B), \+somenot15(B,C), \+all15(B,C), \+no15(B,C)
rsome15(A,B) :- some15(A,C), all15(B,C)
==================== SCORES ====================
            Accuracy:	 0.824561403509
           Precision:	 1.0
              Recall:	 0.230769230769
================== STATISTICS ==================
    Rule evaluations:	72636
          Total time:	1857.3233s
