================ SETTINGS ================
               files:	['./Data/Ragni/Class7/cv7_train_58.pl']
             verbose:	3
                   l:	None
                   p:	0.8
           beam_size:	100
                seed:	None
                 log:	./Logs/Ragni/Class7/cv7_rnvc58.log
              target:	rnvc58/2
   symmetry_breaking:	False
           probfoil1:	False
================= FINAL THEORY =================
rnvc58(A,B) :- some58(C,B), \+all58(A,C), \+all58(C,A), \+some58(A,C), \+no58(A,C), \+no58(C,A), \+somenot58(A,C)
rnvc58(A,B) :- all58(B,C), all58(A,C)
rnvc58(A,B) :- all58(C,B), all58(C,A)
rnvc58(A,B) :- no58(B,C), no58(A,C)
rnvc58(A,B) :- some58(A,C), some58(B,C)
rnvc58(A,B) :- no58(C,A), no58(C,B)
==================== SCORES ====================
            Accuracy:	 1.0
           Precision:	 1.0
              Recall:	 1.0
================== STATISTICS ==================
    Rule evaluations:	5276
          Total time:	518.6995s
