================ SETTINGS ================
               files:	['./Data/Ragni/Class7/cv7_train_56.pl']
             verbose:	3
                   l:	7
                   p:	0.8
           beam_size:	100
                seed:	None
                 log:	./Logs/Ragni/Class7/cv7_rall56.log
              target:	rall56/2
   symmetry_breaking:	False
           probfoil1:	False
================= FINAL THEORY =================
rall56(A,B) :- all56(B,C), no56(C,A)
==================== SCORES ====================
            Accuracy:	 0.906779661017
           Precision:	 1.0
              Recall:	 0.0833333333333
================== STATISTICS ==================
    Rule evaluations:	45481
          Total time:	378.0732s
