================ SETTINGS ================
               files:	['./Data/Ragni/Class7/cv7_train_12.pl']
             verbose:	3
                   l:	None
                   p:	0.8
           beam_size:	100
                seed:	None
                 log:	./Logs/Ragni/Class7/cv7_rsome12.log
              target:	rsome12/2
   symmetry_breaking:	False
           probfoil1:	False
================= FINAL THEORY =================
rsome12(A,B) :- some12(B,C), \+all12(A,C), \+all12(C,A), \+some12(C,A), \+no12(A,C), \+no12(C,A), \+some12(A,C)
==================== SCORES ====================
            Accuracy:	 0.881355932203
           Precision:	 1.0
              Recall:	 0.125
================== STATISTICS ==================
    Rule evaluations:	70843
          Total time:	4373.4346s
