================ SETTINGS ================
               files:	['./Data/Ragni/Class7/cv7_train_46.pl']
             verbose:	3
                   l:	7
                   p:	0.8
           beam_size:	100
                seed:	None
                 log:	./Logs/Ragni/Class7/cv7_rsomenot46.log
              target:	rsomenot46/2
   symmetry_breaking:	False
           probfoil1:	False
================= FINAL THEORY =================
rsomenot46(A,B) :- some46(C,A), some46(B,C)
rsomenot46(A,B) :- somenot46(B,C), all46(A,C)
==================== SCORES ====================
            Accuracy:	 0.830508474576
           Precision:	 1.0
              Recall:	 0.0909090909091
================== STATISTICS ==================
    Rule evaluations:	62922
          Total time:	698.6974s
