================ SETTINGS ================
               files:	['./Data/Ragni/Class7/cv7_train_94.pl']
             verbose:	3
                   l:	None
                   p:	0.8
           beam_size:	100
                seed:	None
                 log:	./Logs/Ragni/Class7/cv7_rnvc94.log
              target:	rnvc94/2
   symmetry_breaking:	False
           probfoil1:	False
================= FINAL THEORY =================
rnvc94(A,B) :- all94(C,B), \+all94(C,A), \+some94(A,C), \+some94(C,A), \+somenot94(A,C), \+somenot94(C,A)
rnvc94(A,B) :- somenot94(C,B), \+all94(A,C), \+all94(C,A), \+no94(A,C), \+no94(C,A), \+somenot94(A,C), \+somenot94(C,A)
==================== SCORES ====================
            Accuracy:	 1.0
           Precision:	 1.0
              Recall:	 1.0
================== STATISTICS ==================
    Rule evaluations:	5364
          Total time:	824.7899s
