================ SETTINGS ================
               files:	['./Data/Ragni/Class7/cv7_train_127.pl']
             verbose:	3
                   l:	None
                   p:	0.8
           beam_size:	100
                seed:	None
                 log:	./Logs/Ragni/Class7/cv7_rsome127.log
              target:	rsome127/2
   symmetry_breaking:	False
           probfoil1:	False
================= FINAL THEORY =================
rsome127(A,B) :- somenot127(A,C), \+no127(C,B), \+all127(C,B), \+some127(C,B), \+some127(B,C), \+somenot127(C,B)
rsome127(A,B) :- somenot127(C,A), some127(C,B)
rsome127(A,B) :- all127(C,B), all127(A,C)
rsome127(A,B) :- no127(A,C), no127(C,B)
==================== SCORES ====================
            Accuracy:	 0.625
           Precision:	 1.0
              Recall:	 0.166666666667
================== STATISTICS ==================
    Rule evaluations:	97166
          Total time:	5182.5393s
