================ SETTINGS ================
               files:	['./Data/Ragni/Class7/cv7_train_14.pl']
             verbose:	3
                   l:	None
                   p:	0.8
           beam_size:	100
                seed:	None
                 log:	./Logs/Ragni/Class7/cv7_rsome14.log
              target:	rsome14/2
   symmetry_breaking:	False
           probfoil1:	False
================= FINAL THEORY =================
rsome14(A,B) :- somenot14(C,A), some14(B,C)
rsome14(A,B) :- somenot14(A,C), \+no14(C,B), \+no14(B,C), \+some14(B,C), \+all14(B,C), \+some14(C,B), \+somenot14(B,C)
rsome14(A,B) :- some14(A,C), all14(B,C)
==================== SCORES ====================
            Accuracy:	 0.818181818182
           Precision:	 1.0
              Recall:	 0.2
================== STATISTICS ==================
    Rule evaluations:	94566
          Total time:	2807.8380s
