================ SETTINGS ================
               files:	['./Data/Ragni/Class7/cv7_train_30.pl']
             verbose:	3
                   l:	7
                   p:	0.8
           beam_size:	100
                seed:	None
                 log:	./Logs/Ragni/Class7/cv7_rno30.log
              target:	rno30/2
   symmetry_breaking:	False
           probfoil1:	False
================= FINAL THEORY =================
rno30(A,B) :- no30(C,B), all30(A,C)
==================== SCORES ====================
            Accuracy:	 0.958333333333
           Precision:	 0.5
              Recall:	 0.2
================== STATISTICS ==================
    Rule evaluations:	24654
          Total time:	158.0609s
