================ SETTINGS ================
               files:	['./Data/Ragni/Class7/cv7_train_114.pl']
             verbose:	3
                   l:	None
                   p:	0.8
           beam_size:	100
                seed:	None
                 log:	./Logs/Ragni/Class7/cv7_rno114.log
              target:	rno114/2
   symmetry_breaking:	False
           probfoil1:	False
================= FINAL THEORY =================
rno114(A,B) :- all114(C,A), all114(B,C)
==================== SCORES ====================
            Accuracy:	 0.982142857143
           Precision:	 1.0
              Recall:	 0.333333333333
================== STATISTICS ==================
    Rule evaluations:	31774
          Total time:	387.6658s
