================ SETTINGS ================
               files:	['./Data/Ragni/Class7/cv7_train_61.pl']
             verbose:	3
                   l:	7
                   p:	0.8
           beam_size:	100
                seed:	None
                 log:	./Logs/Ragni/Class7/cv7_rsomenot61.log
              target:	rsomenot61/2
   symmetry_breaking:	False
           probfoil1:	False
================= FINAL THEORY =================
rsomenot61(A,B) :- no61(B,C), \+all61(C,A), \+no61(C,A), \+all61(A,C), \+some61(A,C)
rsomenot61(A,B) :- some61(A,C), somenot61(C,B)
==================== SCORES ====================
            Accuracy:	 0.877192982456
           Precision:	 1.0
              Recall:	 0.363636363636
================== STATISTICS ==================
    Rule evaluations:	35540
          Total time:	377.8455s
