================ SETTINGS ================
               files:	['./Data/Ragni/Class7/cv7_train_76.pl']
             verbose:	3
                   l:	None
                   p:	0.8
           beam_size:	100
                seed:	None
                 log:	./Logs/Ragni/Class7/cv7_rall76.log
              target:	rall76/2
   symmetry_breaking:	False
           probfoil1:	False
================= FINAL THEORY =================
rall76(A,B) :- all76(A,C), all76(C,B)
==================== SCORES ====================
            Accuracy:	 0.958333333333
           Precision:	 0.5
              Recall:	 0.2
================== STATISTICS ==================
    Rule evaluations:	24261
          Total time:	352.4847s
