================ SETTINGS ================
               files:	['./Data/Ragni/Class7/cv7_train_23.pl']
             verbose:	3
                   l:	None
                   p:	0.8
           beam_size:	100
                seed:	None
                 log:	./Logs/Ragni/Class7/cv7_rno23.log
              target:	rno23/2
   symmetry_breaking:	False
           probfoil1:	False
================= FINAL THEORY =================
rno23(A,B) :- no23(C,B), all23(A,C)
==================== SCORES ====================
            Accuracy:	 0.944444444444
           Precision:	 0.5
              Recall:	 0.166666666667
================== STATISTICS ==================
    Rule evaluations:	26127
          Total time:	459.3832s
