================ SETTINGS ================
               files:	['./Data/Ragni/Class7/cv7_train_136.pl']
             verbose:	3
                   l:	None
                   p:	0.8
           beam_size:	100
                seed:	None
                 log:	./Logs/Ragni/Class7/cv7_rno136.log
              target:	rno136/2
   symmetry_breaking:	False
           probfoil1:	False
================= FINAL THEORY =================
rno136(A,B) :- all136(B,C), all136(C,A)
==================== SCORES ====================
            Accuracy:	 0.956140350877
           Precision:	 0.5
              Recall:	 0.2
================== STATISTICS ==================
    Rule evaluations:	24620
          Total time:	527.0214s
