================ SETTINGS ================
               files:	['./Data/Ragni/Class7/cv7_train_21.pl']
             verbose:	3
                   l:	None
                   p:	0.8
           beam_size:	100
                seed:	None
                 log:	./Logs/Ragni/Class7/cv7_rsomenot21.log
              target:	rsomenot21/2
   symmetry_breaking:	False
           probfoil1:	False
================= FINAL THEORY =================
rsomenot21(A,B) :- all21(A,C), somenot21(C,B)
==================== SCORES ====================
            Accuracy:	 0.928571428571
           Precision:	 0.5
              Recall:	 0.125
================== STATISTICS ==================
    Rule evaluations:	29242
          Total time:	446.2629s
