================ SETTINGS ================
               files:	['./Data/Ragni/Class7/cv7_train_51.pl']
             verbose:	3
                   l:	7
                   p:	0.8
           beam_size:	100
                seed:	None
                 log:	./Logs/Ragni/Class7/cv7_rsome51.log
              target:	rsome51/2
   symmetry_breaking:	False
           probfoil1:	False
================= FINAL THEORY =================
rsome51(A,B) :- somenot51(A,C), \+some51(C,B), \+somenot51(C,B), \+somenot51(B,C), \+all51(C,B), \+no51(B,C)
rsome51(A,B) :- somenot51(C,A), all51(C,B)
==================== SCORES ====================
            Accuracy:	 0.872727272727
           Precision:	 1.0
              Recall:	 0.222222222222
================== STATISTICS ==================
    Rule evaluations:	59714
          Total time:	626.1136s
