================ SETTINGS ================
               files:	['./Data/Ragni/Class7/cv7_train_110.pl']
             verbose:	3
                   l:	None
                   p:	0.8
           beam_size:	100
                seed:	None
                 log:	./Logs/Ragni/Class7/cv7_rall110.log
              target:	rall110/2
   symmetry_breaking:	False
           probfoil1:	False
================= FINAL THEORY =================
rall110(A,B) :- no110(B,C), some110(A,C)
==================== SCORES ====================
            Accuracy:	 0.964285714286
           Precision:	 1.0
              Recall:	 0.2
================== STATISTICS ==================
    Rule evaluations:	14622
          Total time:	197.5862s
