================ SETTINGS ================
               files:	['./Data/Ragni/Class7/cv7_train_77.pl']
             verbose:	3
                   l:	None
                   p:	0.8
           beam_size:	100
                seed:	None
                 log:	./Logs/Ragni/Class7/cv7_rall77.log
              target:	rall77/2
   symmetry_breaking:	False
           probfoil1:	False
================= FINAL THEORY =================
rall77(A,B) :- no77(C,A), all77(C,B)
==================== SCORES ====================
            Accuracy:	 0.959016393443
           Precision:	 0.5
              Recall:	 0.2
================== STATISTICS ==================
    Rule evaluations:	24810
          Total time:	306.6805s
