================ SETTINGS ================
               files:	['./Data/Ragni/Class7/cv7_train_76.pl']
             verbose:	3
                   l:	None
                   p:	0.8
           beam_size:	100
                seed:	None
                 log:	./Logs/Ragni/Class7/cv7_rsomenot76.log
              target:	rsomenot76/2
   symmetry_breaking:	False
           probfoil1:	False
================= FINAL THEORY =================
rsomenot76(A,B) :- some76(B,C), some76(C,A)
==================== SCORES ====================
            Accuracy:	 0.866666666667
           Precision:	 1.0
              Recall:	 0.0588235294118
================== STATISTICS ==================
    Rule evaluations:	64915
          Total time:	1021.9908s
