================ SETTINGS ================
               files:	['./Data/Ragni/Class7/cv7_train_83.pl']
             verbose:	3
                   l:	None
                   p:	0.8
           beam_size:	100
                seed:	None
                 log:	./Logs/Ragni/Class7/cv7_rsome83.log
              target:	rsome83/2
   symmetry_breaking:	False
           probfoil1:	False
================= FINAL THEORY =================
rsome83(A,B) :- somenot83(A,C), all83(B,C)
rsome83(A,B) :- somenot83(B,C), no83(C,A)
==================== SCORES ====================
            Accuracy:	 0.919642857143
           Precision:	 1.0
              Recall:	 0.181818181818
================== STATISTICS ==================
    Rule evaluations:	43396
          Total time:	1694.6456s
