================ SETTINGS ================
               files:	['./Data/Ragni/Class7/cv7_train_19.pl']
             verbose:	3
                   l:	None
                   p:	0.8
           beam_size:	100
                seed:	None
                 log:	./Logs/Ragni/Class7/cv7_rall19.log
              target:	rall19/2
   symmetry_breaking:	False
           probfoil1:	False
================= FINAL THEORY =================
rall19(A,B) :- all19(C,A), no19(C,B)
rall19(A,B) :- no19(B,C), no19(C,A)
==================== SCORES ====================
            Accuracy:	 0.949152542373
           Precision:	 1.0
              Recall:	 0.25
================== STATISTICS ==================
    Rule evaluations:	41418
          Total time:	1287.6275s
