================ SETTINGS ================
               files:	['./Data/Ragni/Class7/cv7_train_26.pl']
             verbose:	3
                   l:	None
                   p:	0.8
           beam_size:	100
                seed:	None
                 log:	./Logs/Ragni/Class7/cv7_rsome26.log
              target:	rsome26/2
   symmetry_breaking:	False
           probfoil1:	False
================= FINAL THEORY =================
rsome26(A,B) :- all26(C,B), some26(A,C)
==================== SCORES ====================
            Accuracy:	 0.921052631579
           Precision:	 1.0
              Recall:	 0.1
================== STATISTICS ==================
    Rule evaluations:	30439
          Total time:	789.6592s
