================ SETTINGS ================
               files:	['./Data/Ragni/Class7/cv7_train_33.pl']
             verbose:	3
                   l:	None
                   p:	0.8
           beam_size:	100
                seed:	None
                 log:	./Logs/Ragni/Class7/cv7_rall33.log
              target:	rall33/2
   symmetry_breaking:	False
           probfoil1:	False
================= FINAL THEORY =================
rall33(A,B) :- all33(C,B), all33(A,C)
==================== SCORES ====================
            Accuracy:	 0.948275862069
           Precision:	 0.5
              Recall:	 0.166666666667
================== STATISTICS ==================
    Rule evaluations:	24554
          Total time:	370.0282s
