================ SETTINGS ================
               files:	['./Data/Ragni/Class7/cv7_train_79.pl']
             verbose:	3
                   l:	None
                   p:	0.8
           beam_size:	100
                seed:	None
                 log:	./Logs/Ragni/Class7/cv7_rall79.log
              target:	rall79/2
   symmetry_breaking:	False
           probfoil1:	False
================= FINAL THEORY =================
rall79(A,B) :- all79(C,B), all79(A,C)
==================== SCORES ====================
            Accuracy:	 0.950819672131
           Precision:	 0.5
              Recall:	 0.166666666667
================== STATISTICS ==================
    Rule evaluations:	26565
          Total time:	558.1733s
