================ SETTINGS ================
               files:	['./Data/Ragni/Class7/cv7_train_58.pl']
             verbose:	3
                   l:	None
                   p:	0.8
           beam_size:	100
                seed:	None
                 log:	./Logs/Ragni/Class7/cv7_rno58.log
              target:	rno58/2
   symmetry_breaking:	False
           probfoil1:	False
================= FINAL THEORY =================
rno58(A,B) :- all58(C,A), no58(C,B)
==================== SCORES ====================
            Accuracy:	 0.918181818182
           Precision:	 0.5
              Recall:	 0.111111111111
================== STATISTICS ==================
    Rule evaluations:	30341
          Total time:	2512.5606s
