================ SETTINGS ================
               files:	['./Data/Ragni/Class7/cv7_train_10.pl']
             verbose:	3
                   l:	None
                   p:	0.8
           beam_size:	100
                seed:	None
                 log:	./Logs/Ragni/Class7/cv7_rsome10.log
              target:	rsome10/2
   symmetry_breaking:	False
           probfoil1:	False
================= FINAL THEORY =================
rsome10(A,B) :- some10(C,A), all10(C,B)
==================== SCORES ====================
            Accuracy:	 0.910714285714
           Precision:	 1.0
              Recall:	 0.0909090909091
================== STATISTICS ==================
    Rule evaluations:	30022
          Total time:	3285.7200s
