================ SETTINGS ================
               files:	['./Data/Ragni/Class7/cv7_train_124.pl']
             verbose:	3
                   l:	None
                   p:	0.8
           beam_size:	100
                seed:	None
                 log:	./Logs/Ragni/Class7/cv7_rno124.log
              target:	rno124/2
   symmetry_breaking:	False
           probfoil1:	False
================= FINAL THEORY =================
rno124(A,B) :- no124(A,C), all124(B,C)
==================== SCORES ====================
            Accuracy:	 0.973214285714
           Precision:	 0.5
              Recall:	 0.333333333333
================== STATISTICS ==================
    Rule evaluations:	33214
          Total time:	355.4781s
