================ SETTINGS ================
               files:	['./Data/Ragni/Class7/cv7_train_88.pl']
             verbose:	3
                   l:	7
                   p:	0.8
           beam_size:	100
                seed:	None
                 log:	./Logs/Ragni/Class7/cv7_rsomenot88.log
              target:	rsomenot88/2
   symmetry_breaking:	False
           probfoil1:	False
================= FINAL THEORY =================
rsomenot88(A,B) :- somenot88(C,B), no88(C,A)
rsomenot88(A,B) :- some88(C,A), all88(B,C)
==================== SCORES ====================
            Accuracy:	 0.892857142857
           Precision:	 1.0
              Recall:	 0.142857142857
================== STATISTICS ==================
    Rule evaluations:	56392
          Total time:	572.1158s
