================ SETTINGS ================
               files:	['./Data/Ragni/Class7/cv7_train_99.pl']
             verbose:	3
                   l:	None
                   p:	0.8
           beam_size:	100
                seed:	None
                 log:	./Logs/Ragni/Class7/cv7_rsome99.log
              target:	rsome99/2
   symmetry_breaking:	False
           probfoil1:	False
================= FINAL THEORY =================
rsome99(A,B) :- no99(C,A), all99(C,B)
==================== SCORES ====================
            Accuracy:	 0.918032786885
           Precision:	 0.5
              Recall:	 0.1
================== STATISTICS ==================
    Rule evaluations:	31651
          Total time:	323.2219s
