================ SETTINGS ================
               files:	['./Data/Ragni/Class7/cv7_train_69.pl']
             verbose:	3
                   l:	None
                   p:	0.8
           beam_size:	100
                seed:	None
                 log:	./Logs/Ragni/Class7/cv7_rno69.log
              target:	rno69/2
   symmetry_breaking:	False
           probfoil1:	False
================= FINAL THEORY =================
rno69(A,B) :- all69(C,A), all69(B,C)
==================== SCORES ====================
            Accuracy:	 0.983606557377
           Precision:	 1.0
              Recall:	 0.333333333333
================== STATISTICS ==================
    Rule evaluations:	29705
          Total time:	341.5987s
