================ SETTINGS ================
               files:	['./Data/Ragni/Class7/cv7_train_42.pl']
             verbose:	3
                   l:	7
                   p:	0.8
           beam_size:	100
                seed:	None
                 log:	./Logs/Ragni/Class7/cv7_rsome42.log
              target:	rsome42/2
   symmetry_breaking:	False
           probfoil1:	False
================= FINAL THEORY =================
rsome42(A,B) :- some42(C,B), all42(C,A)
rsome42(A,B) :- all42(B,C), somenot42(C,A)
==================== SCORES ====================
            Accuracy:	 0.938596491228
           Precision:	 1.0
              Recall:	 0.222222222222
================== STATISTICS ==================
    Rule evaluations:	36303
          Total time:	420.6231s
