================ SETTINGS ================
               files:	['./Data/Ragni/Class7/cv7_train_48.pl']
             verbose:	3
                   l:	7
                   p:	0.8
           beam_size:	100
                seed:	None
                 log:	./Logs/Ragni/Class7/cv7_rall48.log
              target:	rall48/2
   symmetry_breaking:	False
           probfoil1:	False
================= FINAL THEORY =================
rall48(A,B) :- no48(C,A), \+no48(C,B), \+somenot48(B,C), \+somenot48(C,B)
==================== SCORES ====================
            Accuracy:	 0.885964912281
           Precision:	 0.5
              Recall:	 0.384615384615
================== STATISTICS ==================
    Rule evaluations:	44654
          Total time:	266.1410s
