================ SETTINGS ================
               files:	['./Data/Ragni/Class7/cv7_train_119.pl']
             verbose:	3
                   l:	None
                   p:	0.8
           beam_size:	100
                seed:	None
                 log:	./Logs/Ragni/Class7/cv7_rsome119.log
              target:	rsome119/2
   symmetry_breaking:	False
           probfoil1:	False
================= FINAL THEORY =================
rsome119(A,B) :- some119(C,B), \+no119(C,A), \+all119(A,C), \+some119(A,C), \+some119(C,A), \+no119(A,C), \+somenot119(C,A)
==================== SCORES ====================
            Accuracy:	 0.808333333333
           Precision:	 1.0
              Recall:	 0.115384615385
================== STATISTICS ==================
    Rule evaluations:	66925
          Total time:	1112.6136s
