================ SETTINGS ================
               files:	['./Data/Ragni/Class7/cv7_train_55.pl']
             verbose:	3
                   l:	None
                   p:	0.8
           beam_size:	100
                seed:	None
                 log:	./Logs/Ragni/Class7/cv7_rsomenot55.log
              target:	rsomenot55/2
   symmetry_breaking:	False
           probfoil1:	False
================= FINAL THEORY =================
rsomenot55(A,B) :- somenot55(A,C), \+some55(B,C), \+somenot55(B,C), \+some55(C,B), \+no55(C,B), \+all55(B,C), \+somenot55(C,B)
rsomenot55(A,B) :- somenot55(C,B), all55(A,C)
==================== SCORES ====================
            Accuracy:	 0.9
           Precision:	 1.0
              Recall:	 0.214285714286
================== STATISTICS ==================
    Rule evaluations:	48842
          Total time:	5433.2087s
