================ SETTINGS ================
               files:	['./Data/Ragni/Class7/cv7_train_14.pl']
             verbose:	3
                   l:	None
                   p:	0.8
           beam_size:	100
                seed:	None
                 log:	./Logs/Ragni/Class7/cv7_rsomenot14.log
              target:	rsomenot14/2
   symmetry_breaking:	False
           probfoil1:	False
================= FINAL THEORY =================
rsomenot14(A,B) :- some14(A,C), somenot14(B,C)
==================== SCORES ====================
            Accuracy:	 0.954545454545
           Precision:	 1.0
              Recall:	 0.166666666667
================== STATISTICS ==================
    Rule evaluations:	16917
          Total time:	494.9551s
