================ SETTINGS ================
               files:	['./Data/Ragni/Class7/cv7_train_112.pl']
             verbose:	3
                   l:	None
                   p:	0.8
           beam_size:	100
                seed:	None
                 log:	./Logs/Ragni/Class7/cv7_rsomenot112.log
              target:	rsomenot112/2
   symmetry_breaking:	False
           probfoil1:	False
================= FINAL THEORY =================
rsomenot112(A,B) :- some112(C,A), \+some112(B,C), \+no112(C,B), \+no112(B,C), \+somenot112(C,B), \+some112(C,B), \+somenot112(B,C)
rsomenot112(A,B) :- somenot112(A,C), all112(C,B)
rsomenot112(A,B) :- some112(B,C), no112(C,A)
==================== SCORES ====================
            Accuracy:	 0.857142857143
           Precision:	 1.0
              Recall:	 0.2
================== STATISTICS ==================
    Rule evaluations:	71517
          Total time:	1722.9141s
