================ SETTINGS ================
               files:	['./Data/Ragni/Class7/cv7_train_51.pl']
             verbose:	3
                   l:	None
                   p:	0.8
           beam_size:	100
                seed:	None
                 log:	./Logs/Ragni/Class7/cv7_rno51.log
              target:	rno51/2
   symmetry_breaking:	False
           probfoil1:	False
================= FINAL THEORY =================
rno51(A,B) :- all51(A,C), no51(C,B)
==================== SCORES ====================
            Accuracy:	 0.981818181818
           Precision:	 1.0
              Recall:	 0.333333333333
================== STATISTICS ==================
    Rule evaluations:	24488
          Total time:	335.4086s
