================ SETTINGS ================
               files:	['./Data/Ragni/Class7/cv7_train_126.pl']
             verbose:	3
                   l:	None
                   p:	0.8
           beam_size:	100
                seed:	None
                 log:	./Logs/Ragni/Class7/cv7_rsome126.log
              target:	rsome126/2
   symmetry_breaking:	False
           probfoil1:	False
================= FINAL THEORY =================
rsome126(A,B) :- some126(B,C), no126(A,C)
==================== SCORES ====================
            Accuracy:	 0.971153846154
           Precision:	 1.0
              Recall:	 0.25
================== STATISTICS ==================
    Rule evaluations:	16291
          Total time:	251.6641s
