================ SETTINGS ================
               files:	['./Data/Ragni/Class7/cv7_train_71.pl']
             verbose:	3
                   l:	None
                   p:	0.8
           beam_size:	100
                seed:	None
                 log:	./Logs/Ragni/Class7/cv7_rsomenot71.log
              target:	rsomenot71/2
   symmetry_breaking:	False
           probfoil1:	False
================= FINAL THEORY =================
rsomenot71(A,B) :- all71(B,C), somenot71(A,C)
rsomenot71(A,B) :- no71(A,C), somenot71(B,C)
==================== SCORES ====================
            Accuracy:	 0.940677966102
           Precision:	 1.0
              Recall:	 0.3
================== STATISTICS ==================
    Rule evaluations:	32448
          Total time:	705.5584s
