================ SETTINGS ================
               files:	['./Data/Ragni/Class7/cv7_train_60.pl']
             verbose:	3
                   l:	7
                   p:	0.8
           beam_size:	100
                seed:	None
                 log:	./Logs/Ragni/Class7/cv7_rsomenot60.log
              target:	rsomenot60/2
   symmetry_breaking:	False
           probfoil1:	False
================= FINAL THEORY =================
rsomenot60(A,B) :- somenot60(C,B), \+no60(A,C), \+no60(C,A), \+somenot60(A,C), \+somenot60(C,A), \+all60(C,A)
rsomenot60(A,B) :- some60(C,A), some60(B,C)
rsomenot60(A,B) :- all60(C,A), somenot60(B,C)
==================== SCORES ====================
            Accuracy:	 0.928571428571
           Precision:	 0.833333333333
              Recall:	 0.416666666667
================== STATISTICS ==================
    Rule evaluations:	46415
          Total time:	592.0398s
