================ SETTINGS ================
               files:	['./Data/Ragni/Class7/cv7_train_108.pl']
             verbose:	3
                   l:	None
                   p:	0.8
           beam_size:	100
                seed:	None
                 log:	./Logs/Ragni/Class7/cv7_rsome108.log
              target:	rsome108/2
   symmetry_breaking:	False
           probfoil1:	False
================= FINAL THEORY =================
rsome108(A,B) :- some108(C,A), \+some108(B,C), \+no108(C,B), \+no108(B,C), \+somenot108(B,C), \+somenot108(C,B)
rsome108(A,B) :- somenot108(C,A), all108(B,C)
==================== SCORES ====================
            Accuracy:	 0.910714285714
           Precision:	 1.0
              Recall:	 0.230769230769
================== STATISTICS ==================
    Rule evaluations:	43577
          Total time:	947.8847s
