================ SETTINGS ================
               files:	['./Data/Ragni/Class7/cv7_train_71.pl']
             verbose:	3
                   l:	None
                   p:	0.8
           beam_size:	100
                seed:	None
                 log:	./Logs/Ragni/Class7/cv7_rno71.log
              target:	rno71/2
   symmetry_breaking:	False
           probfoil1:	False
================= FINAL THEORY =================
rno71(A,B) :- somenot71(C,B), all71(A,C)
==================== SCORES ====================
            Accuracy:	 0.974576271186
           Precision:	 1.0
              Recall:	 0.25
================== STATISTICS ==================
    Rule evaluations:	14740
          Total time:	189.9153s
