================ SETTINGS ================
               files:	['./Data/Ragni/Class7/cv7_train_49.pl']
             verbose:	3
                   l:	7
                   p:	0.8
           beam_size:	100
                seed:	None
                 log:	./Logs/Ragni/Class7/cv7_rall49.log
              target:	rall49/2
   symmetry_breaking:	False
           probfoil1:	False
================= FINAL THEORY =================
rall49(A,B) :- no49(A,C), somenot49(C,B)
rall49(A,B) :- all49(C,A), all49(B,C)
==================== SCORES ====================
            Accuracy:	 0.946428571429
           Precision:	 1.0
              Recall:	 0.25
================== STATISTICS ==================
    Rule evaluations:	29273
          Total time:	314.3348s
