================ SETTINGS ================
               files:	['./Data/Ragni/Class7/cv7_train_42.pl']
             verbose:	3
                   l:	None
                   p:	0.8
           beam_size:	100
                seed:	None
                 log:	./Logs/Ragni/Class7/cv7_rsomenot42.log
              target:	rsomenot42/2
   symmetry_breaking:	False
           probfoil1:	False
================= FINAL THEORY =================
rsomenot42(A,B) :- all42(C,A), \+all42(C,B), \+no42(B,C), \+all42(B,C), \+some42(C,B), \+no42(C,B), \+somenot42(B,C)
==================== SCORES ====================
            Accuracy:	 0.90350877193
           Precision:	 1.0
              Recall:	 0.153846153846
================== STATISTICS ==================
    Rule evaluations:	31313
          Total time:	1735.1570s
