================ SETTINGS ================
               files:	['./Data/Ragni/Class7/cv7_train_116.pl']
             verbose:	3
                   l:	None
                   p:	0.8
           beam_size:	100
                seed:	None
                 log:	./Logs/Ragni/Class7/cv7_rall116.log
              target:	rall116/2
   symmetry_breaking:	False
           probfoil1:	False
================= FINAL THEORY =================
rall116(A,B) :- all116(B,C), no116(A,C)
==================== SCORES ====================
            Accuracy:	 0.922413793103
           Precision:	 1.0
              Recall:	 0.1
================== STATISTICS ==================
    Rule evaluations:	31534
          Total time:	638.8295s
