================ SETTINGS ================
               files:	['./Data/Ragni/Class7/cv7_train_117.pl']
             verbose:	3
                   l:	None
                   p:	0.8
           beam_size:	100
                seed:	None
                 log:	./Logs/Ragni/Class7/cv7_rall117.log
              target:	rall117/2
   symmetry_breaking:	False
           probfoil1:	False
================= FINAL THEORY =================
rall117(A,B) :- all117(A,C), all117(C,B)
==================== SCORES ====================
            Accuracy:	 0.946428571429
           Precision:	 0.5
              Recall:	 0.166666666667
================== STATISTICS ==================
    Rule evaluations:	26305
          Total time:	341.5208s
