================ SETTINGS ================
               files:	['./Data/Ragni/Class7/cv7_train_68.pl']
             verbose:	3
                   l:	None
                   p:	0.8
           beam_size:	100
                seed:	None
                 log:	./Logs/Ragni/Class7/cv7_rno68.log
              target:	rno68/2
   symmetry_breaking:	False
           probfoil1:	False
================= FINAL THEORY =================
rno68(A,B) :- no68(C,B), all68(A,C)
==================== SCORES ====================
            Accuracy:	 0.991803278689
           Precision:	 0.5
              Recall:	 1.0
================== STATISTICS ==================
    Rule evaluations:	13525
          Total time:	144.5687s
