================ SETTINGS ================
               files:	['./Data/Ragni/Class7/cv7_train_3.pl']
             verbose:	3
                   l:	None
                   p:	0.8
           beam_size:	100
                seed:	None
                 log:	./Logs/Ragni/Class7/cv7_rno3.log
              target:	rno3/2
   symmetry_breaking:	False
           probfoil1:	False
================= FINAL THEORY =================
rno3(A,B) :- all3(B,C), somenot3(C,A)
==================== SCORES ====================
            Accuracy:	 0.958333333333
           Precision:	 1.0
              Recall:	 0.166666666667
================== STATISTICS ==================
    Rule evaluations:	20304
          Total time:	368.7303s
