================ SETTINGS ================
               files:	['./Data/Ragni/Class7/cv7_train_45.pl']
             verbose:	3
                   l:	7
                   p:	0.8
           beam_size:	100
                seed:	None
                 log:	./Logs/Ragni/Class7/cv7_rsome45.log
              target:	rsome45/2
   symmetry_breaking:	False
           probfoil1:	False
================= FINAL THEORY =================
rsome45(A,B) :- no45(A,C), some45(B,C)
==================== SCORES ====================
            Accuracy:	 0.922413793103
           Precision:	 0.5
              Recall:	 0.111111111111
================== STATISTICS ==================
    Rule evaluations:	29970
          Total time:	192.7196s
