================ SETTINGS ================
               files:	['./Data/Ragni/Class7/cv7_train_135.pl']
             verbose:	3
                   l:	None
                   p:	0.8
           beam_size:	100
                seed:	None
                 log:	./Logs/Ragni/Class7/cv7_rsome135.log
              target:	rsome135/2
   symmetry_breaking:	False
           probfoil1:	False
================= FINAL THEORY =================
rsome135(A,B) :- some135(C,B), somenot135(A,C)
==================== SCORES ====================
            Accuracy:	 0.932203389831
           Precision:	 1.0
              Recall:	 0.2
================== STATISTICS ==================
    Rule evaluations:	21754
          Total time:	608.0567s
