================ SETTINGS ================
               files:	['./Data/Ragni/Class7/cv7_train_67.pl']
             verbose:	3
                   l:	None
                   p:	0.8
           beam_size:	100
                seed:	None
                 log:	./Logs/Ragni/Class7/cv7_rsome67.log
              target:	rsome67/2
   symmetry_breaking:	False
           probfoil1:	False
================= FINAL THEORY =================
rsome67(A,B) :- all67(C,B), some67(A,C)
==================== SCORES ====================
            Accuracy:	 0.949152542373
           Precision:	 0.5
              Recall:	 0.166666666667
================== STATISTICS ==================
    Rule evaluations:	26575
          Total time:	290.5899s
