================ SETTINGS ================
               files:	['./Data/Ragni/Class7/cv7_train_125.pl']
             verbose:	3
                   l:	None
                   p:	0.8
           beam_size:	100
                seed:	None
                 log:	./Logs/Ragni/Class7/cv7_rno125.log
              target:	rno125/2
   symmetry_breaking:	False
           probfoil1:	False
================= FINAL THEORY =================
rno125(A,B) :- all125(C,B), no125(A,C)
==================== SCORES ====================
            Accuracy:	 0.981818181818
           Precision:	 1.0
              Recall:	 0.333333333333
================== STATISTICS ==================
    Rule evaluations:	28238
          Total time:	320.4134s
