================ SETTINGS ================
               files:	['./Data/Ragni/Class7/cv7_train_96.pl']
             verbose:	3
                   l:	7
                   p:	0.8
           beam_size:	100
                seed:	None
                 log:	./Logs/Ragni/Class7/cv7_rsome96.log
              target:	rsome96/2
   symmetry_breaking:	False
           probfoil1:	False
================= FINAL THEORY =================
rsome96(A,B) :- some96(A,C), somenot96(C,B)
rsome96(A,B) :- somenot96(A,C), somenot96(C,B)
==================== SCORES ====================
            Accuracy:	 0.918181818182
           Precision:	 1.0
              Recall:	 0.181818181818
================== STATISTICS ==================
    Rule evaluations:	43923
          Total time:	479.4981s
