================ SETTINGS ================
               files:	['./Data/Ragni/Class7/cv7_train_49.pl']
             verbose:	3
                   l:	7
                   p:	0.8
           beam_size:	100
                seed:	None
                 log:	./Logs/Ragni/Class7/cv7_rnvc49.log
              target:	rnvc49/2
   symmetry_breaking:	False
           probfoil1:	False
================= FINAL THEORY =================
rnvc49(A,B) :- somenot49(B,C), \+all49(C,A), \+some49(C,A), \+no49(A,C), \+no49(C,A), \+somenot49(C,A)
rnvc49(A,B) :- some49(B,C), \+all49(A,C), \+all49(C,A), \+some49(C,A), \+no49(C,A), \+somenot49(A,C)
rnvc49(A,B) :- some49(C,B), \+all49(A,C), \+all49(C,A), \+no49(A,C), \+no49(C,A), \+somenot49(A,C)
rnvc49(A,B) :- all49(A,C), all49(B,C)
rnvc49(A,B) :- somenot49(C,A), somenot49(C,B)
rnvc49(A,B) :- no49(B,C), all49(C,A)
rnvc49(A,B) :- no49(C,B), no49(C,A)
==================== SCORES ====================
            Accuracy:	 1.0
           Precision:	 1.0
              Recall:	 1.0
================== STATISTICS ==================
    Rule evaluations:	13894
          Total time:	128.0045s
